(relay)    7    13    378.8    1    374    119    1
(advertise)    0    379.0    13    1
(relay)    1    4    1004.61    2    1000.04    122    1
(advertise)    0    1004.81    4    2
(relay)    1    29    1026.43    1    1009.04    123    1
(advertise)    0    1027.63    29    1
(relay)    7    7    1182.04    1    1181.07    127    1
(advertise)    0    1182.24    7    1
(relay)    7    14    1230.05    1    1210.09    126    1
(advertise)    0    1230.25    14    1
(relay)    7    28    1253.47    1    1211.09    124    1
(advertise)    0    1254.47    28    1
(relay)    7    23    1276.28    1    1217.09    123    1
(advertise)    0    1276.68    23    1
(relay)    7    11    1326.89    1    1321.13    123    1
(advertise)    0    1327.09    11    1
(relay)    7    5    1350.5    1    1303.12    121    1
(advertise)    0    1351.9    5    1
(relay)    7    48    1370.72    1    1280.1    114    1
(relay)    1    19    1373.32    1    1320.14    121    2
(advertise)    0    1374.72    48    1
(advertise)    0    1396.93    19    1
(relay)    7    41    1417.74    1    1305.13    115    1
(advertise)    0    1420.14    41    1
(relay)    1    16    1440.56    1    1426.2    124    1
(advertise)    0    1441.96    16    1
(relay)    7    35    1461.97    1    1374.16    123    1
(relay)    1    31    1462.97    1    1327.56    115    2
(advertise)    0    1464.37    35    1
(advertise)    0    1485.98    31    1
(relay)    7    37    1514.0    1    1351.36    121    1
(advertise)    0    1514.2    37    1
(relay)    7    27    1559.21    1    1307.13    117    1
(advertise)    0    1559.41    27    1
(relay)    1    10    1582.62    1    1520.06    124    1
(advertise)    0    1583.02    10    1
(relay)    7    45    1608.23    1    1402.2    119    1
(advertise)    0    1609.03    45    1
(relay)    1    2    1633.25    1    1611.11    126    1
(advertise)    0    1633.45    2    1
(relay)    1    17    1654.66    1    1605.11    123    1
(advertise)    0    1655.66    17    1
(relay)    7    43    1656.87    1    1498.03    121    1
(generate)    0    1661.07    [24]    1
(advertise)    0    1677.89    43    1
(relay)    1    34    1719.5    1    1512.06    118    1
(advertise)    0    1719.7    34    1
(relay)    1    1    1738.31    1    1738.16    127    1
(advertise)    0    1741.91    1    1
(relay)    1    20    1766.73    2    1700    120    1
(advertise)    0    1767.13    20    2
(relay)    7    44    1790.14    1    1662.14    120    1
(advertise)    0    1790.74    44    1
(relay)    7    36    1811.35    1    1721.15    122    1
(advertise)    0    1812.35    36    1
(relay)    7    32    1865.96    1    1815.03    120    1
(advertise)    0    1866.16    32    1
(relay)    7    38    1891.38    1    1810.02    118    1
(advertise)    0    1891.78    38    1
(relay)    7    8    1912.19    1    1907.07    126    1
(advertise)    0    1912.99    8    1
(relay)    7    15    1934.2    1    1932.08    125    1
(advertise)    0    1934.6    15    1
(relay)    1    21    1981.42    1    1904.07    119    1
(advertise)    0    1981.62    21    1
(relay)    7    22    2002.23    1    1954.29    124    1
(relay)    1    9    2002.63    1    1998.13    125    2
(advertise)    0    2003.43    22    1
(advertise)    0    2025.84    9    1
(relay)    1    39    2068.66    1    1913.09    119    1
(advertise)    0    2068.86    39    1
(relay)    1    29    2090.27    2    2009.13    123    1
(advertise)    0    2091.47    29    2
(relay)    1    4    2111.28    3    2000.15    122    1
(advertise)    0    2112.48    4    3
(relay)    7    30    2114.09    1    1965.11    122    1
(advertise)    0    2136.69    30    1
(relay)    1    12    2157.91    2    2040.16    120    1
(advertise)    0    2159.11    12    2
(relay)    1    6    2179.32    1    1961.0    118    1
(advertise)    0    2180.32    6    1
(relay)    1    7    2200.33    2    2181.21    125    1
(advertise)    0    2203.33    7    2
(relay)    7    14    2211.15    2    2210.25    126    1
(advertise)    0    2224.75    14    2
(relay)    1    3    2247.36    2    2195.25    123    1
(advertise)    0    2247.96    3    2
(relay)    1    23    2267.77    2    2217.25    123    1
(advertise)    0    2269.77    23    2
(relay)    1    28    2288.79    2    2211.25    122    1
(advertise)    0    2291.79    28    2
(relay)    1    25    2310.8    2    2207.06    121    1
(advertise)    0    2313.8    25    2
(relay)    7    31    2340.41    2    2327.74    121    1
(advertise)    0    2340.61    31    2
(relay)    1    5    2384.02    2    2303.29    123    1
(advertise)    0    2384.22    5    2
(relay)    1    11    2406.64    2    2321.32    123    1
(advertise)    0    2408.24    11    2
(relay)    1    19    2432.05    2    2320.32    121    1
(advertise)    0    2432.45    19    2
(relay)    1    16    2469.66    2    2426.38    124    1
(advertise)    0    2469.86    16    2
(relay)    1    27    2493.48    2    2307.29    119    1
(advertise)    0    2493.88    27    2
(relay)    1    35    2516.49    2    2374.33    119    1
(advertise)    0    2517.09    35    2
(relay)    1    33    2538.9    2    2377.35    119    1
(advertise)    0    2539.1    33    2
(relay)    7    48    2540.91    2    2280.29    116    1
(advertise)    0    2560.71    48    2
(relay)    7    41    2563.53    2    2305.32    117    1
(advertise)    0    2583.13    41    2
(relay)    1    10    2605.94    2    2520.24    124    1
(advertise)    0    2606.14    10    2
(relay)    1    2    2628.15    2    2611.27    126    1
(advertise)    0    2629.55    2    2
(relay)    1    17    2650.17    2    2605.28    123    1
(advertise)    0    2650.97    17    2
(generate)    0    2661.18    [24]    2
(relay)    7    45    2674.59    2    2402.38    117    1
(advertise)    0    2674.79    45    2
(relay)    1    1    2738.41    2    2738.31    127    1
(advertise)    0    2738.61    1    2
(relay)    7    34    2761.82    2    2512.23    118    1
(advertise)    0    2762.02    34    2
(relay)    1    44    2785.63    2    2662.31    118    1
(advertise)    0    2786.03    44    2
(relay)    1    20    2807.84    3    2700    120    1
(advertise)    0    2808.04    20    3
(relay)    1    36    2832.26    2    2721.35    118    1
(advertise)    0    2832.66    36    2
(relay)    1    32    2857.87    2    2815.21    120    1
(advertise)    0    2858.27    32    2
(relay)    7    38    2872.08    2    2810.2    120    1
(advertise)    0    2879.28    38    2
(relay)    1    46    2902.9    2    2774.2    116    1
(advertise)    0    2903.5    46    2
(relay)    1    8    2925.51    2    2907.23    126    1
(advertise)    0    2925.91    8    2
(relay)    1    18    2947.12    2    2886.45    122    1
(advertise)    0    2949.12    18    2
(relay)    7    21    2964.14    2    2904.25    125    1
(relay)    1    15    2970.14    2    2932.27    125    2
(advertise)    0    2972.34    21    2
(advertise)    0    2993.55    15    2
(relay)    1    26    3012.16    2    2827.21    118    1
(advertise)    0    3014.76    26    2
(relay)    1    9    3034.77    2    2998.3    125    1
(advertise)    0    3038.17    9    2
(relay)    7    22    3052.19    2    2954.48    124    1
(advertise)    0    3060.19    22    2
(relay)    1    47    3080.2    2    2866.25    117    1
(advertise)    0    3082.4    47    2
(relay)    7    29    3094.21    3    3009.32    123    1
(relay)    1    4    3101.81    4    3000.29    122    2
(advertise)    0    3104.61    29    3
(advertise)    0    3125.83    4    4
(relay)    7    40    3139.04    2    2893.27    116    1
(relay)    1    6    3146.04    2    2961.01    122    2
(advertise)    0    3149.24    40    2
(relay)    1    30    3167.25    2    2966.3    122    2
(advertise)    0    3170.45    6    2
(relay)    7    7    3181.47    3    3181.37    127    2
(advertise)    0    3193.67    30    2
(relay)    1    12    3211.48    3    3040.34    122    2
(advertise)    0    3214.68    7    3
(relay)    7    39    3230.89    2    2913.28    117    2
(advertise)    0    3238.69    12    3
(advertise)    0    3261.7    39    2
(relay)    1    14    3275.12    3    3211.23    124    1
(advertise)    0    3283.72    14    3
(relay)    1    3    3298.73    3    3195.43    123    1
(relay)    7    28    3299.13    3    3211.43    124    2
(advertise)    0    3306.73    3    3
(advertise)    0    3327.94    28    3
(relay)    1    23    3342.56    3    3217.43    123    1
(advertise)    0    3349.96    23    3
(relay)    1    25    3363.57    3    3207.23    117    1
(advertise)    0    3371.17    25    3
(relay)    1    37    3384.98    3    3351.71    121    1
(advertise)    0    3392.78    37    3
(relay)    1    11    3407.4    3    3321.49    123    1
(relay)    7    35    3412.8    3    3374.53    121    2
(advertise)    0    3415.0    11    3
(advertise)    0    3438.61    35    3
(relay)    1    19    3450.82    3    3320.51    121    1
(advertise)    0    3460.62    19    3
(relay)    1    42    3474.23    3    3352.51    120    1
(advertise)    0    3482.63    42    3
(relay)    1    16    3495.65    3    3426.55    124    1
(advertise)    0    3504.85    16    3
(relay)    1    48    3518.26    3    3280.66    116    1
(relay)    7    31    3525.06    3    3327.93    119    2
(advertise)    0    3526.06    48    3
(advertise)    0    3549.47    31    3
(relay)    1    10    3564.09    3    3520.42    124    1
(relay)    7    27    3569.29    3    3307.46    117    2
(advertise)    0    3572.09    10    3
(relay)    1    5    3585.1    3    3303.45    119    2
(advertise)    0    3595.1    27    3
(relay)    1    13    3607.51    4    3374    121    2
(advertise)    0    3617.51    5    3
(relay)    7    45    3635.93    3    3402.56    119    2
(advertise)    0    3640.73    13    4
(relay)    1    2    3650.54    3    3611.46    126    2
(generate)    0    3661.34    [24]    3
(advertise)    0    3663.75    45    3
(relay)    7    43    3679.56    3    3498.4    119    2
(advertise)    0    3686.96    2    3
(relay)    1    33    3694.78    3    3377.54    119    2
(advertise)    0    3709.58    43    3
(advertise)    0    3731.79    33    3
(relay)    1    1    3738.6    3    3738.51    127    1
(relay)    7    41    3747.0    3    3305.5    115    2
(advertise)    0    3753.2    1    3
(relay)    1    17    3760.02    3    3605.47    123    2
(advertise)    0    3775.62    41    3
(advertise)    0    3798.03    17    3
(relay)    1    34    3813.04    3    3512.4    118    1
(advertise)    0    3821.24    34    3
(relay)    1    44    3836.26    3    3662.49    120    1
(advertise)    0    3842.86    44    3
(relay)    1    36    3876.47    3    3721.55    122    1
(advertise)    0    3876.67    36    3
(relay)    1    20    3898.08    4    3700    120    1
(advertise)    0    3899.08    20    4
(relay)    1    8    3919.89    3    3907.42    126    1
(advertise)    0    3920.89    8    3
(relay)    1    38    3941.31    3    3810.39    120    1
(relay)    7    21    3943.31    3    3904.42    125    2
(advertise)    0    3944.51    38    3
(relay)    1    26    3963.12    3    3827.4    120    2
(advertise)    0    3966.52    21    3
(relay)    1    15    3984.13    3    3932.45    125    2
(advertise)    0    3987.93    26    3
(advertise)    0    4010.55    15    3
(relay)    1    18    4030.16    3    3886.62    122    1
(advertise)    0    4032.36    18    3
(relay)    7    46    4037.37    3    3774.37    118    1
(relay)    1    9    4051.77    3    3998.49    125    2
(advertise)    0    4053.77    46    3
(advertise)    0    4076.99    9    3
(relay)    1    6    4096.0    3    3961.03    120    1
(advertise)    0    4098.4    6    3
(relay)    7    32    4101.81    3    3815.41    120    1
(advertise)    0    4119.41    32    3
(relay)    7    22    4125.02    3    3955.68    124    1
(advertise)    0    4142.82    22    3
(relay)    7    29    4169.24    4    4009.52    123    1
(advertise)    0    4169.64    29    4
(relay)    7    7    4181.65    4    4181.57    127    1
(relay)    1    40    4186.25    3    3893.45    118    2
(advertise)    0    4190.85    7    4
(relay)    1    30    4209.46    3    3966.49    122    2
(advertise)    0    4214.46    40    3
(heartbeat)    24    1    4025.2    0    4233.68    127    0
(advertise)    0    4236.48    30    3
(relay)    7    4    4255.29    5    4000.49    122    2
(advertise)    0    4260.49    24    1
(relay)    7    39    4277.5    3    3913.46    119    2
(advertise)    0    4281.5    4    5
(relay)    1    3    4296.52    4    4195.62    3    2
(relay)    7    47    4300.92    3    3866.44    115    3
(advertise)    0    4305.72    39    3
(relay)    1    14    4319.73    4    4211.42    3    3
(advertise)    0    4327.73    3    4
(advertise)    0    4349.74    47    3
(relay)    7    28    4353.15    4    4211.63    3    2
(advertise)    0    4372.75    14    4
(relay)    7    12    4376.57    4    4040.54    122    2
(advertise)    0    4396.37    28    4
(advertise)    0    4420.78    12    4
(relay)    7    35    4423.79    4    4374.71    3    1
(relay)    1    5    4428.39    4    4303.63    3    2
(advertise)    0    4443.39    35    4
(advertise)    0    4464.81    5    4
(relay)    7    42    4468.22    4    4352.7    1    1
(relay)    1    11    4470.62    4    4321.67    1    1
(relay)    1    16    4502.82    4    4426.74    1    1
(relay)    7    43    4534.02    4    4498.6    1    1
(relay)    1    10    4566.62    4    4520.59    1    1
(relay)    1    2    4613.22    4    4611.56    5    1
(advertise)    0    4613.42    2    4
(generate)    0    4661.43    [24]    4
(relay)    1    20    4705.05    5    4700    120    1
(advertise)    0    4705.45    20    5
(relay)    7    36    4733.66    4    4721.64    1    1
(relay)    1    1    4739.06    4    4738.6    7    1
(advertise)    0    4739.26    1    4
(relay)    7    21    4905.07    4    4904.47    3    1
(advertise)    0    4905.27    21    4
(relay)    1    8    4927.68    4    4907.45    5    1
(advertise)    0    4928.08    8    4
(relay)    1    15    4950.3    4    4932.61    3    1
(advertise)    0    4950.5    15    4
(relay)    1    22    4972.71    4    4955.71    1    1
(relay)    1    6    4993.71    4    4961.12    3    1
(advertise)    0    4993.91    6    4
(relay)    7    29    5012.92    5    5009.66    1    1
(relay)    1    9    5016.72    4    4998.61    3    1
(advertise)    0    5017.12    9    4
(relay)    1    4    5039.34    6    5001.69    3    1
(advertise)    0    5040.14    4    6
(relay)    1    12    5061.15    5    5040.56    3    1
(advertise)    0    5063.15    12    5
(relay)    7    7    5181.76    5    5181.57    7    1
(advertise)    0    5181.96    7    5
(relay)    7    3    5208.38    5    5195.8    1    1
(relay)    7    14    5230.38    5    5211.53    5    1
(advertise)    0    5230.58    14    5
(relay)    1    5    5309.19    5    5303.76    3    1
(advertise)    0    5309.39    5    5
(relay)    1    11    5332.8    5    5321.71    1    1
(relay)    7    42    5377.6    5    5353.73    3    1
(advertise)    0    5377.8    42    5
(relay)    7    13    5399.21    6    5374    119    1
(advertise)    0    5401.21    13    6
(relay)    7    35    5424.43    5    5375.65    1    1
(relay)    1    16    5445.23    5    5426.93    1    1
(relay)    1    10    5527.23    5    5520.64    1    1
(relay)    1    2    5612.03    5    5611.57    5    1
(advertise)    0    5612.23    2    5
(generate)    0    5661.44    [24]    5
(relay)    7    36    5723.65    5    5721.67    1    1
(relay)    1    1    5739.25    5    5738.67    7    1
(advertise)    0    5739.45    1    5
(relay)    7    21    5905.27    5    5904.54    3    1
(advertise)    0    5905.47    21    5
(relay)    7    8    5926.88    5    5907.53    5    1
(advertise)    0    5928.88    8    5
(relay)    7    15    5949.69    5    5932.61    3    1
(advertise)    0    5950.89    15    5
(relay)    1    22    5972.11    5    5955.77    1    1
(relay)    1    6    5996.31    5    5961.13    3    1
(advertise)    0    5996.51    6    5
(relay)    1    9    6018.72    5    5998.79    3    1
(advertise)    0    6020.32    9    5
(relay)    1    4    6041.33    7    6002.31    3    1
(advertise)    0    6041.73    4    7
(relay)    1    12    6063.34    6    6040.59    3    1
(advertise)    0    6063.74    12    6
(relay)    7    7    6182.16    6    6181.67    7    1
(advertise)    0    6182.36    7    6
(relay)    1    3    6207.37    6    6195.86    3    1
(advertise)    0    6208.57    3    6
(relay)    7    14    6232.38    6    6211.55    5    1
(advertise)    0    6232.58    14    6
(relay)    1    5    6309.2    6    6303.84    3    1
(advertise)    0    6309.4    5    6
(relay)    1    11    6331.41    6    6321.86    1    1
(relay)    7    42    6378.81    6    6353.91    3    1
(advertise)    0    6379.01    42    6
(relay)    1    13    6403.22    7    6374    121    1
(advertise)    0    6403.62    13    7
(relay)    1    16    6428.44    6    6427.09    1    1
(relay)    1    43    6505.24    6    6498.76    1    1
(relay)    1    10    6525.84    6    6520.66    1    1
(relay)    1    2    6612.04    6    6611.59    5    1
(advertise)    0    6612.24    2    6
(generate)    0    6661.45    [24]    6
(relay)    1    20    6703.26    7    6700    120    1
(advertise)    0    6703.46    20    7
(relay)    7    36    6733.67    6    6721.75    1    1
(relay)    1    1    6739.27    6    6738.76    7    1
(advertise)    0    6739.47    1    6
(relay)    7    21    6905.89    6    6904.65    3    1
(advertise)    0    6906.09    21    6
(relay)    1    8    6928.5    6    6907.59    5    1
(advertise)    0    6930.1    8    6
(relay)    1    15    6949.91    6    6932.63    3    1
(advertise)    0    6951.31    15    6
(relay)    1    22    6970.33    6    6955.84    1    1
(relay)    1    6    6993.13    6    6961.14    3    1
(advertise)    0    6993.33    6    6
(relay)    7    29    7016.34    7    7009.69    1    1
(relay)    1    9    7016.54    6    6998.79    3    1
(advertise)    0    7017.54    9    6
(relay)    1    4    7039.35    8    7002.33    3    1
(advertise)    0    7042.35    4    8
(relay)    1    12    7059.37    7    7040.65    3    1
(advertise)    0    7064.37    12    7
(relay)    7    7    7182.38    7    7181.77    7    1
(advertise)    0    7182.58    7    7
(relay)    1    3    7209.39    7    7195.94    3    1
(advertise)    0    7209.59    3    7
(relay)    7    14    7233.2    7    7211.57    5    1
(advertise)    0    7235.2    14    7
(relay)    1    5    7309.42    7    7303.94    3    1
(advertise)    0    7309.62    5    7
(relay)    1    11    7331.43    7    7322.0    1    1
(relay)    7    42    7379.23    7    7354.11    3    1
(advertise)    0    7379.43    42    7
(relay)    1    13    7402.84    8    7374    121    1
(advertise)    0    7403.04    13    8
(relay)    7    35    7404.66    7    7376.07    3    1
(advertise)    0    7425.66    35    7
(relay)    7    16    7428.07    7    7427.09    1    1
(relay)    7    43    7503.47    7    7498.83    1    1
(relay)    1    10    7521.87    7    7520.73    1    1
(relay)    1    2    7612.07    7    7611.61    5    1
(advertise)    0    7612.27    2    7
(generate)    0    7661.48    [24]    7
(relay)    1    20    7702.1    8    7700    120    1
(advertise)    0    7702.3    20    8
(relay)    7    36    7736.91    7    7721.81    1    1
(relay)    1    1    7739.31    7    7738.85    7    1
(advertise)    0    7739.51    1    7
(relay)    7    21    7906.52    7    7904.74    3    1
(advertise)    0    7906.72    21    7
(relay)    7    8    7927.93    7    7907.86    5    1
(advertise)    0    7929.33    8    7
(relay)    7    15    7951.95    7    7932.66    3    1
(advertise)    0    7952.75    15    7
(relay)    7    22    7972.96    7    7955.91    1    1
(relay)    7    9    8000.96    7    7998.83    3    1
(advertise)    0    8001.16    9    7
(relay)    1    4    8025.17    9    8002.36    3    1
(advertise)    0    8025.77    4    9
(relay)    1    29    8047.79    8    8009.72    1    1
(relay)    7    12    8069.79    8    8040.7    3    1
(advertise)    0    8069.99    12    8
(heartbeat)    24    2    8025.21    0    8093.2    6    6
(advertise)    0    8093.6    24    2
(relay)    7    7    8182.41    8    8181.88    7    1
(advertise)    0    8182.61    7    8
(relay)    1    3    8208.43    8    8196.05    3    1
(advertise)    0    8208.63    3    8
(relay)    1    14    8231.44    8    8211.62    3    1
(advertise)    0    8231.64    14    8
(relay)    7    28    8252.05    8    8211.83    1    1
(relay)    1    5    8314.25    8    8304.03    1    1
(relay)    7    11    8337.25    8    8322.19    1    1
(relay)    7    42    8379.85    8    8354.36    3    1
(advertise)    0    8380.05    42    8
(relay)    7    35    8404.86    8    8376.21    3    1
(advertise)    0    8405.06    35    8
(relay)    1    16    8449.48    8    8427.28    1    1
(relay)    7    43    8502.48    8    8498.95    1    1
(relay)    1    10    8521.88    8    8520.82    1    1
(relay)    1    2    8612.08    8    8611.65    5    1
(advertise)    0    8612.28    2    8
(generate)    0    8661.49    [24]    8
(relay)    1    20    8702.7    9    8700    120    1
(advertise)    0    8702.9    20    9
(relay)    7    36    8730.12    8    8721.92    1    1
(relay)    1    1    8739.52    8    8738.95    7    1
(advertise)    0    8739.72    1    8
(relay)    7    21    8906.73    8    8904.85    3    1
(advertise)    0    8906.93    21    8
(relay)    1    8    8909.54    8    8908.15    5    1
(advertise)    0    8928.14    8    8
(relay)    1    15    8937.96    8    8933.63    3    1
(advertise)    0    8951.16    15    8
(relay)    1    22    8959.97    8    8956.0    1    1
(relay)    1    6    8981.57    8    8961.19    3    1
(advertise)    0    8981.77    6    8
(relay)    1    9    9003.18    8    8999.02    3    1
(advertise)    0    9004.38    9    8
(relay)    1    4    9027.19    10    9002.38    3    1
(advertise)    0    9027.59    4    10
(relay)    1    12    9050.41    9    9040.77    1    1
(relay)    7    29    9060.81    9    9009.74    1    1
(relay)    7    7    9182.61    9    9181.98    7    1
(advertise)    0    9182.81    7    9
(relay)    1    3    9210.22    9    9196.11    3    1
(advertise)    0    9210.42    3    9
(relay)    7    14    9233.63    9    9211.67    5    1
(advertise)    0    9234.43    14    9
(relay)    7    28    9255.85    9    9211.87    1    1
(relay)    1    5    9307.25    9    9304.13    3    1
(advertise)    0    9307.45    5    9
(relay)    1    11    9330.46    9    9322.34    1    1
(relay)    7    42    9382.66    9    9355.56    3    1
(advertise)    0    9382.86    42    9
(relay)    1    16    9445.87    9    9427.42    1    1
(relay)    1    43    9501.07    9    9499.22    1    1
(relay)    1    10    9522.67    9    9520.84    1    1
(relay)    1    2    9612.47    9    9611.67    5    1
(advertise)    0    9612.67    2    9
(generate)    0    9661.69    [24]    9
(relay)    1    20    9703.7    10    9700    120    1
(advertise)    0    9703.9    20    10
(relay)    1    1    9740.11    9    9739.02    7    1
(advertise)    0    9740.31    1    9
(relay)    7    21    9907.13    9    9904.94    3    1
(advertise)    0    9907.33    21    9
(relay)    7    8    9928.54    9    9909.02    5    1
(advertise)    0    9929.34    8    9
(relay)    7    15    9948.95    9    9934.05    3    1
(advertise)    0    9951.55    15    9
(relay)    7    22    9971.56    9    9956.03    1    1
(relay)    1    6    9998.16    9    9961.33    3    1
(advertise)    0    9998.36    6    9
(relay)    1    9    10020.58    9    9999.2    3    1
(advertise)    0    10022.58    9    9
(relay)    1    4    10041.39    11    10002.56    3    1
(advertise)    0    10045.39    4    11
(relay)    1    12    10063.4    10    10040.85    1    1
(relay)    7    29    10067.8    10    10009.92    1    1
(relay)    7    7    10182.6    10    10182.07    7    1
(advertise)    0    10182.8    7    10
(relay)    1    3    10210.02    10    10196.18    1    1
(relay)    7    14    10230.62    10    10211.86    5    1
(advertise)    0    10230.82    14    10
(relay)    7    28    10254.03    10    10212.06    3    1
(advertise)    0    10254.43    28    10
(relay)    1    5    10306.24    10    10304.2    1    1
(relay)    7    11    10330.44    10    10322.47    1    1
(relay)    1    13    10384.04    11    10374    121    1
(advertise)    0    10384.24    13    11
(relay)    7    35    10428.66    10    10377.36    3    1
(advertise)    0    10428.86    35    10
(relay)    7    43    10501.07    10    10499.28    1    1
(relay)    1    10    10523.27    10    10520.9    1    1
(relay)    1    2    10613.07    10    10611.7    5    1
(advertise)    0    10613.27    2    10
(generate)    0    10661.88    [24]    10
(relay)    7    36    10728.09    10    10721.98    1    1
(relay)    1    1    10740.09    10    10739.08    7    1
(advertise)    0    10740.29    1    10
(relay)    7    21    10908.11    10    10905.01    3    1
(advertise)    0    10908.31    21    10
(relay)    7    8    10930.52    10    10909.48    5    1
(advertise)    0    10930.72    8    10
(relay)    7    15    10952.53    10    10934.2    3    1
(advertise)    0    10952.93    15    10
(relay)    7    22    10975.75    10    10956.08    1    1
(relay)    7    6    10997.35    10    10961.34    1    1
(relay)    1    9    11020.15    10    10999.35    3    1
(advertise)    0    11020.35    9    10
(relay)    7    4    11041.56    12    11002.73    1    1
(relay)    7    29    11063.36    11    11010.09    1    1
(relay)    1    12    11064.16    11    11040.87    1    1
(relay)    7    7    11183.16    11    11182.15    7    1
(advertise)    0    11183.36    7    11
(relay)    1    3    11208.57    11    11196.24    3    1
(advertise)    0    11208.77    3    11
(relay)    7    14    11231.39    11    11211.88    5    1
(advertise)    0    11231.59    14    11
(relay)    7    5    11306.6    11    11304.21    1    1
(relay)    1    11    11330.0    11    11322.59    1    1
(relay)    1    42    11380.8    11    11356.49    1    1
(relay)    7    35    11404.2    11    11378.28    1    1
(relay)    7    16    11430.8    11    11427.7    1    1
(relay)    7    43    11502.2    11    11499.37    1    1
(relay)    1    10    11524.2    11    11520.92    1    1
(relay)    1    2    11613.0    11    11611.71    5    1
(advertise)    0    11613.2    2    11
(generate)    0    11662.01    [24]    11
(relay)    1    20    11705.62    12    11700    120    1
(advertise)    0    11705.82    20    12
(relay)    1    1    11740.24    11    11739.14    7    1
(advertise)    0    11740.44    1    11
(relay)    7    21    11908.25    11    11905.08    3    1
(advertise)    0    11908.45    21    11
(relay)    1    8    11911.86    11    11909.73    5    1
(advertise)    0    11932.46    8    11
(relay)    7    15    11952.68    11    11935.57    3    1
(advertise)    0    11954.48    15    11
(relay)    7    22    11976.89    11    11956.13    1    1
(relay)    1    6    11977.89    11    11961.35    3    1
(advertise)    0    11978.09    6    11
(relay)    7    9    12020.9    11    11999.48    1    1
(relay)    7    29    12042.9    12    12010.1    1    1
(relay)    1    4    12044.7    13    12002.74    3    1
(advertise)    0    12044.9    4    13
(relay)    1    12    12067.52    12    12040.91    1    1
(heartbeat)    24    3    12025.23    0    12087.12    6    10
(advertise)    0    12087.32    24    3
(relay)    7    7    12183.33    12    12182.25    7    1
(advertise)    0    12183.53    7    12
(relay)    7    3    12209.14    12    12196.3    1    1
(relay)    7    14    12230.54    12    12211.91    5    1
(advertise)    0    12230.74    14    12
(relay)    1    5    12306.35    12    12304.28    3    1
(advertise)    0    12306.55    5    12
(relay)    1    11    12331.97    12    12322.72    1    1
(relay)    7    16    12431.17    12    12427.84    1    1
(relay)    7    43    12503.57    12    12499.46    1    1
(relay)    1    10    12525.57    12    12520.99    1    1
(relay)    1    2    12613.57    12    12611.74    5    1
(advertise)    0    12613.77    2    12
(generate)    0    12662.18    [24]    12
(relay)    1    20    12708.19    13    12700    120    1
(advertise)    0    12708.39    20    13
(relay)    1    36    12731.61    12    12722.15    1    1
(relay)    1    1    12739.41    12    12739.23    7    1
(advertise)    0    12739.61    1    12
(relay)    7    15    12953.02    12    12935.74    3    1
(advertise)    0    12953.22    15    12
(relay)    7    22    12974.83    12    12956.17    1    1
(relay)    1    6    12999.63    12    12961.36    3    1
(advertise)    0    12999.83    6    12
(relay)    7    4    13043.25    14    13003.94    1    1
(relay)    7    9    13065.85    12    12999.6    1    1
(relay)    1    12    13069.05    13    13040.95    1    1
(relay)    1    29    13091.85    13    13010.25    1    1
(relay)    7    7    13183.25    13    13182.32    7    1
(advertise)    0    13183.45    7    13
(relay)    1    3    13206.26    13    13196.37    3    1
(advertise)    0    13207.26    3    13
(relay)    7    14    13231.87    13    13211.91    5    1
(advertise)    0    13232.07    14    13
(relay)    1    5    13307.28    13    13304.33    3    1
(advertise)    0    13307.48    5    13
(relay)    1    11    13331.3    13    13322.88    1    1
(relay)    1    13    13377.1    14    13374    121    1
(advertise)    0    13377.3    13    14
(relay)    7    42    13403.91    13    13357.87    3    1
(advertise)    0    13404.11    42    13
(relay)    1    16    13432.92    13    13427.96    1    1
(relay)    7    43    13505.32    13    13499.56    1    1
(relay)    1    10    13529.92    13    13521.05    1    1
(relay)    1    2    13614.12    13    13611.78    5    1
(advertise)    0    13614.32    2    13
(generate)    0    13662.34    [24]    13
(relay)    1    20    13707.75    14    13700    120    1
(advertise)    0    13707.95    20    14
(relay)    1    1    13739.36    13    13739.32    7    1
(advertise)    0    13739.56    1    13
(relay)    7    21    13907.18    13    13905.23    3    1
(advertise)    0    13907.38    21    13
(relay)    7    15    13951.39    13    13935.91    3    1
(advertise)    0    13951.59    15    13
(relay)    7    22    13974.6    13    13956.43    1    1
(relay)    1    6    13996.6    13    13961.38    3    1
(advertise)    0    13996.8    6    13
(relay)    1    9    14017.61    13    13999.76    3    1
(advertise)    0    14018.41    9    13
(relay)    1    29    14040.43    14    14010.42    1    1
(relay)    1    4    14064.83    15    14003.95    3    1
(advertise)    0    14065.03    4    15
(relay)    1    12    14087.24    14    14040.98    1    1
(relay)    7    7    14182.44    14    14182.41    7    1
(advertise)    0    14182.64    7    14
(relay)    1    3    14208.25    14    14196.43    3    1
(advertise)    0    14208.65    3    14
(relay)    7    14    14233.07    14    14212.11    5    1
(advertise)    0    14233.67    14    14
(relay)    1    5    14307.68    14    14304.43    3    1
(advertise)    0    14307.88    5    14
(relay)    1    11    14332.49    14    14323.03    1    1
(relay)    7    42    14380.09    14    14357.87    3    1
(advertise)    0    14380.29    42    14
(relay)    1    16    14432.71    14    14428.1    1    1
(relay)    7    43    14505.11    14    14499.65    1    1
(relay)    1    10    14528.31    14    14521.09    1    1
(relay)    1    2    14613.91    14    14611.8    5    1
(advertise)    0    14614.11    2    14
(generate)    0    14662.52    [24]    14
(relay)    1    20    14707.53    15    14700    120    1
(advertise)    0    14707.73    20    15
(relay)    1    36    14730.74    14    14722.28    1    1
(relay)    1    1    14739.54    14    14739.42    7    1
(advertise)    0    14739.74    1    14
(relay)    7    21    14906.16    14    14905.3    3    1
(advertise)    0    14906.36    21    14
(relay)    1    8    14910.37    14    14909.95    5    1
(advertise)    0    14929.77    8    14
(relay)    1    15    14937.98    14    14936.07    3    1
(advertise)    0    14951.58    15    14
(relay)    1    22    14962.8    14    14956.47    1    1
(relay)    1    6    14984.0    14    14961.49    3    1
(advertise)    0    14984.2    6    14
(relay)    1    9    15007.01    14    14999.93    3    1
(advertise)    0    15007.21    9    14
(relay)    1    4    15029.02    16    15003.96    3    1
(advertise)    0    15030.42    4    16
(relay)    1    12    15051.44    15    15041.03    1    1
(relay)    7    29    15061.04    15    15010.61    1    1
(relay)    7    7    15182.64    15    15182.48    7    1
(advertise)    0    15182.84    7    15
(relay)    1    3    15206.65    15    15196.48    3    1
(advertise)    0    15206.85    3    15
(relay)    7    14    15230.46    15    15212.12    5    1
(advertise)    0    15230.66    14    15
(relay)    1    5    15308.87    15    15304.5    3    1
(advertise)    0    15309.07    5    15
(relay)    1    11    15334.09    15    15323.2    1    1
(relay)    7    42    15379.89    15    15358.06    3    1
(advertise)    0    15380.09    42    15
(relay)    7    35    15405.3    15    15379.2    3    1
(advertise)    0    15405.5    35    15
(relay)    1    16    15442.51    15    15428.22    1    1
(relay)    7    43    15506.91    15    15499.72    1    1
(relay)    7    10    15529.11    15    15521.15    1    1
(relay)    1    2    15613.51    15    15611.82    5    1
(advertise)    0    15613.71    2    15
(generate)    0    15662.53    [24]    15
(relay)    7    36    15723.94    15    15722.33    1    1
(relay)    1    1    15739.94    15    15739.48    7    1
(advertise)    0    15740.14    1    15
(relay)    7    21    15905.95    15    15905.37    3    1
(advertise)    0    15906.15    21    15
(relay)    7    8    15928.37    15    15910.01    5    1
(advertise)    0    15930.37    8    15
(relay)    7    15    15949.98    15    15936.22    3    1
(advertise)    0    15953.58    15    15
(relay)    7    22    15971.79    15    15956.53    1    1
(relay)    1    6    15993.79    15    15961.51    3    1
(advertise)    0    15993.99    6    15
(relay)    1    9    16016.6    15    16000.09    3    1
(advertise)    0    16017.2    9    15
(relay)    1    4    16038.82    17    16004.14    3    1
(advertise)    0    16040.02    4    17
(relay)    1    12    16060.83    16    16041.08    1    1
(relay)    7    29    16061.63    16    16010.78    1    1
(heartbeat)    24    4    16025.24    0    16083.03    6    16
(advertise)    0    16083.23    24    4
(relay)    7    7    16182.64    16    16182.58    7    1
(advertise)    0    16182.84    7    16
(relay)    1    3    16209.86    16    16196.54    3    1
(advertise)    0    16210.06    3    16
(relay)    7    14    16234.27    16    16212.12    5    1
(advertise)    0    16234.47    14    16
(relay)    7    28    16255.88    16    16212.5    3    1
(advertise)    0    16256.48    28    16
(relay)    1    5    16310.1    16    16304.59    3    1
(advertise)    0    16310.3    5    16
(relay)    1    11    16334.71    16    16323.36    1    1
(relay)    1    13    16379.31    17    16374    121    1
(advertise)    0    16379.51    13    17
(relay)    1    42    16403.52    16    16358.23    1    1
(relay)    7    35    16404.12    16    16379.29    3    1
(advertise)    0    16405.52    35    16
(relay)    1    16    16449.13    16    16428.38    1    1
(relay)    7    43    16508.13    16    16499.82    1    1
(relay)    1    10    16522.33    16    16521.21    1    1
(relay)    1    2    16612.33    16    16611.85    5    1
(advertise)    0    16612.53    2    16
(generate)    0    16662.55    [24]    16
(relay)    1    20    16703.36    17    16700    120    1
(advertise)    0    16703.56    20    17
(relay)    7    36    16734.57    16    16722.44    1    1
(relay)    1    1    16740.17    16    16739.6    7    1
(advertise)    0    16740.37    1    16
(relay)    7    21    16906.19    16    16905.47    3    1
(advertise)    0    16906.39    21    16
(relay)    7    8    16927.6    16    16910.1    5    1
(advertise)    0    16927.8    8    16
(relay)    7    15    16951.01    16    16936.23    3    1
(advertise)    0    16951.21    15    16
(relay)    7    22    16977.23    16    16956.61    1    1
(relay)    1    6    16978.23    16    16961.52    3    1
(advertise)    0    16978.43    6    16
(relay)    1    9    17002.84    16    17000.46    3    1
(advertise)    0    17003.04    9    16
(relay)    1    4    17027.25    18    17004.15    3    1
(advertise)    0    17027.45    4    18
(relay)    1    12    17053.26    17    17041.14    1    1
(relay)    7    7    17183.26    17    17182.69    7    1
(advertise)    0    17183.46    7    17
(relay)    1    3    17209.48    17    17196.6    3    1
(advertise)    0    17209.68    3    17
(relay)    7    14    17232.69    17    17212.16    5    1
(advertise)    0    17233.49    14    17
(relay)    1    5    17309.9    17    17304.66    3    1
(advertise)    0    17310.1    5    17
(relay)    1    11    17332.32    17    17323.5    1    1
(relay)    7    42    17381.72    17    17358.25    3    1
(advertise)    0    17381.92    42    17
(relay)    1    13    17404.93    18    17374    121    1
(advertise)    0    17405.33    13    18
(relay)    7    35    17406.54    17    17379.41    3    1
(advertise)    0    17427.94    35    17
(relay)    1    16    17473.76    17    17428.47    1    1
(relay)    7    43    17506.36    17    17499.95    1    1
(relay)    7    10    17527.76    17    17521.24    1    1
(relay)    1    2    17612.36    17    17611.88    5    1
(advertise)    0    17612.56    2    17
(generate)    0    17662.57    [24]    17
(relay)    7    36    17737.98    17    17722.53    1    1
(relay)    1    1    17740.18    17    17739.67    7    1
(advertise)    0    17740.38    1    17
(relay)    7    21    17907.59    17    17905.55    3    1
(advertise)    0    17907.79    21    17
(relay)    1    8    17930.61    17    17910.15    5    1
(advertise)    0    17931.21    8    17
(relay)    1    15    17952.62    17    17936.38    3    1
(advertise)    0    17953.62    15    17
(relay)    1    22    17973.23    17    17957.87    1    1
(relay)    1    6    17996.03    17    17961.53    3    1
(advertise)    0    17996.23    6    17
(relay)    1    9    18017.85    17    18000.61    3    1
(advertise)    0    18019.85    9    17
(relay)    1    4    18039.86    19    18004.37    3    1
(advertise)    0    18041.86    4    19
(relay)    7    29    18043.27    18    18010.98    1    1
(relay)    1    12    18083.87    18    18041.18    1    1
(relay)    7    7    18183.27    18    18182.79    7    1
(advertise)    0    18183.47    7    18
(relay)    1    3    18208.49    18    18196.67    3    1
(advertise)    0    18208.89    3    18
(relay)    7    14    18214.5    18    18212.18    5    1
(advertise)    0    18231.1    14    18
(relay)    1    5    18308.71    18    18304.73    3    1
(advertise)    0    18308.91    5    18
(relay)    1    11    18330.72    18    18323.65    1    1
(relay)    7    42    18381.92    18    18358.27    3    1
(advertise)    0    18382.12    42    18
(relay)    7    13    18403.54    19    18374    121    1
(advertise)    0    18403.74    13    19
(relay)    7    16    18448.55    18    18428.6    1    1
(relay)    1    10    18523.95    18    18521.29    1    1
(relay)    1    2    18612.15    18    18611.91    5    1
(advertise)    0    18612.35    2    18
(generate)    0    18662.76    [24]    18
(relay)    1    20    18702.38    19    18700    120    1
(advertise)    0    18702.58    20    19
(relay)    7    36    18728.19    18    18722.56    1    1
(relay)    1    1    18740.79    18    18739.77    7    1
(advertise)    0    18740.99    1    18
(relay)    7    21    18907.8    18    18905.61    3    1
(advertise)    0    18908.0    21    18
(relay)    1    8    18911.62    18    18910.2    5    1
(advertise)    0    18930.02    8    18
(relay)    1    15    18940.03    18    18936.54    3    1
(advertise)    0    18951.23    15    18
(relay)    1    6    18968.64    18    18961.55    3    1
(advertise)    0    18973.24    6    18
(relay)    1    22    18992.45    18    18958.12    1    1
(relay)    1    9    19014.65    18    19000.77    3    1
(advertise)    0    19014.85    9    18
(relay)    1    4    19035.87    20    19004.38    3    1
(advertise)    0    19036.67    4    20
(relay)    1    12    19056.48    19    19041.26    1    1
(relay)    7    7    19183.48    19    19182.84    7    1
(advertise)    0    19183.68    7    19
(relay)    1    3    19210.49    19    19196.74    3    1
(advertise)    0    19210.69    3    19
(relay)    7    14    19233.31    19    19212.37    5    1
(advertise)    0    19233.91    14    19
(relay)    7    28    19258.32    19    19212.56    1    1
(relay)    1    5    19307.72    19    19304.82    3    1
(advertise)    0    19307.92    5    19
(relay)    1    11    19330.13    19    19323.8    1    1
(relay)    7    42    19384.13    19    19358.29    3    1
(advertise)    0    19384.33    42    19
(relay)    7    35    19405.15    19    19379.61    3    1
(advertise)    0    19405.55    35    19
(relay)    1    16    19446.96    19    19428.75    1    1
(relay)    7    43    19502.16    19    19500.14    1    1
(relay)    1    10    19523.96    19    19521.32    1    1
(relay)    1    2    19613.16    19    19611.92    5    1
(advertise)    0    19613.36    2    19
(generate)    0    19662.77    [24]    19
(relay)    1    20    19704.38    20    19700    120    1
(advertise)    0    19704.58    20    20
(relay)    7    36    19733.6    19    19722.62    1    1
(relay)    1    1    19740.8    19    19739.87    7    1
(advertise)    0    19741.0    1    19
(relay)    7    21    19907.81    19    19905.67    3    1
(advertise)    0    19908.01    21    19
(relay)    7    8    19930.22    19    19910.28    5    1
(advertise)    0    19930.82    8    19
(relay)    7    15    19951.04    19    19936.73    3    1
(advertise)    0    19952.24    15    19
(relay)    7    22    19973.45    19    19958.18    1    1
(relay)    1    6    19999.65    19    19961.68    3    1
(advertise)    0    19999.85    6    19
(relay)    1    9    20022.86    19    20000.95    3    1
(advertise)    0    20023.26    9    19
(relay)    1    4    20045.28    21    20005.59    1    1
(heartbeat)    24    5    20025.25    0    20066.88    6    16
(advertise)    0    20067.08    24    5
(relay)    1    12    20089.09    20    20041.29    1    1
(relay)    7    7    20183.89    20    20182.95    7    1
(advertise)    0    20184.09    7    20
(relay)    1    3    20211.5    20    20196.81    3    1
(advertise)    0    20211.7    3    20
(relay)    7    14    20232.51    20    20212.4    5    1
(advertise)    0    20234.91    14    20
(relay)    7    28    20254.93    20    20212.6    3    1
(advertise)    0    20255.93    28    20
(relay)    1    5    20307.14    20    20304.92    1    1
(relay)    1    11    20331.74    20    20323.82    1    1
(relay)    7    42    20382.54    20    20358.48    3    1
(advertise)    0    20382.74    42    20
(relay)    7    13    20403.95    21    20374    121    1
(advertise)    0    20405.15    13    21
(relay)    7    35    20430.17    20    20379.71    1    1
(relay)    1    16    20448.77    20    20428.9    1    1
(relay)    1    10    20525.77    20    20521.39    1    1
(relay)    1    2    20613.37    20    20611.96    5    1
(advertise)    0    20613.57    2    20
(generate)    0    20662.78    [24]    20
(relay)    7    36    20729.19    20    20722.68    1    1
(relay)    1    1    20740.99    20    20739.98    7    1
(advertise)    0    20741.19    1    20
(relay)    7    21    20909.21    20    20905.74    3    1
(advertise)    0    20909.41    21    20
(relay)    7    8    20931.02    20    20910.56    5    1
(advertise)    0    20931.82    8    20
(relay)    7    15    20953.63    20    20936.89    3    1
(advertise)    0    20953.83    15    20
(relay)    7    22    20976.64    20    20958.23    1    1
(relay)    1    6    21000.24    20    20961.69    3    1
(advertise)    0    21000.44    6    20
(relay)    7    29    21016.46    21    21011.29    1    1
(relay)    1    9    21020.86    20    21000.95    3    1
(advertise)    0    21022.66    9    20
(relay)    1    4    21042.67    22    21005.6    3    1
(advertise)    0    21043.87    4    22
(relay)    1    12    21064.48    21    21041.35    1    1
(relay)    7    7    21184.08    21    21183.04    7    1
(advertise)    0    21184.28    7    21
(relay)    1    3    21209.1    21    21196.87    3    1
(advertise)    0    21209.5    3    21
(relay)    7    14    21231.11    21    21212.4    5    1
(advertise)    0    21232.91    14    21
(relay)    1    5    21306.72    21    21304.99    3    1
(advertise)    0    21306.92    5    21
(relay)    1    11    21332.74    21    21324.0    1    1
(relay)    7    42    21382.74    21    21358.67    1    1
(relay)    1    13    21401.94    22    21374    121    1
(advertise)    0    21402.14    13    22
(relay)    7    35    21428.75    21    21379.78    3    1
(advertise)    0    21428.95    35    21
(relay)    1    16    21452.96    21    21429.05    1    1
(relay)    7    43    21504.16    21    21500.32    1    1
(relay)    1    10    21526.96    21    21521.43    1    1
(relay)    1    2    21613.36    21    21611.99    5    1
(advertise)    0    21613.56    2    21
(generate)    0    21662.97    [24]    21
(relay)    1    20    21705.99    22    21700    120    1
(advertise)    0    21706.19    20    22
(relay)    7    36    21733.4    21    21722.73    1    1
(relay)    1    1    21740.2    21    21740.08    7    1
(advertise)    0    21740.4    1    21
(relay)    7    21    21909.01    21    21905.81    3    1
(advertise)    0    21909.21    21    21
(relay)    1    8    21912.83    21    21910.64    5    1
(advertise)    0    21931.23    8    21
(relay)    1    15    21937.84    21    21937.06    3    1
(advertise)    0    21952.84    15    21
(relay)    1    22    21963.45    21    21958.27    1    1
(relay)    1    6    21989.65    21    21961.7    3    1
(advertise)    0    21989.85    6    21
(relay)    1    9    22012.07    21    22001.1    3    1
(advertise)    0    22013.47    9    21
(relay)    1    4    22033.08    23    22005.79    3    1
(advertise)    0    22035.88    4    23
(relay)    1    12    22056.09    22    22041.4    1    1
(relay)    7    29    22057.29    22    22011.45    1    1
(relay)    7    7    22184.09    22    22183.15    7    1
(advertise)    0    22184.29    7    22
(relay)    1    3    22209.1    22    22196.95    3    1
(advertise)    0    22209.3    3    22
(relay)    7    14    22231.32    22    22212.41    5    1
(advertise)    0    22232.12    14    22
(relay)    7    28    22256.13    22    22212.8    3    1
(advertise)    0    22256.53    28    22
(relay)    1    5    22307.34    22    22305.06    3    1
(advertise)    0    22307.54    5    22
(relay)    7    11    22331.56    22    22324.11    1    1
(relay)    7    42    22401.56    22    22358.86    3    1
(advertise)    0    22401.76    42    22
(relay)    7    16    22432.77    22    22429.19    1    1
(relay)    7    43    22504.57    22    22500.4    1    1
(relay)    1    10    22527.77    22    22521.62    1    1
(relay)    1    2    22614.37    22    22612.02    5    1
(advertise)    0    22614.57    2    22
(generate)    0    22662.98    [24]    22
(relay)    1    20    22707.6    23    22700    120    1
(advertise)    0    22707.8    20    23
(relay)    1    1    22740.21    22    22740.15    7    1
(advertise)    0    22740.41    1    22
(relay)    1    8    22930.42    22    22910.73    5    1
(advertise)    0    22930.62    8    22
(relay)    7    15    22952.83    22    22937.24    3    1
(advertise)    0    22953.23    15    22
(relay)    1    6    22999.05    22    22961.72    3    1
(advertise)    0    22999.25    6    22
(relay)    1    9    23019.46    22    23001.27    3    1
(relay)    7    29    23022.06    23    23011.47    1    2
(advertise)    0    23022.66    9    22
(relay)    1    4    23042.27    24    23005.82    3    1
(advertise)    0    23044.27    4    24
(relay)    7    7    23183.29    23    23183.25    7    1
(advertise)    0    23183.49    7    23
(relay)    1    3    23207.1    23    23197.02    3    1
(advertise)    0    23207.5    3    23
(relay)    7    14    23230.11    23    23212.43    5    1
(advertise)    0    23230.31    14    23
(relay)    7    28    23254.13    23    23212.81    1    1
(relay)    1    5    23308.33    23    23305.12    3    1
(advertise)    0    23308.53    5    23
(relay)    1    11    23332.54    23    23324.28    1    1
(relay)    1    13    23377.14    24    23374    121    1
(advertise)    0    23377.34    13    24
(relay)    1    16    23433.75    23    23429.34    1    1
(relay)    1    43    23505.95    23    23500.51    1    1
(relay)    1    10    23528.95    23    23521.7    1    1
(relay)    1    2    23614.15    23    23612.04    5    1
(advertise)    0    23614.35    2    23
(generate)    0    23663.16    [24]    23
(relay)    7    20    23708.78    24    23700    120    1
(advertise)    0    23708.98    20    24
(relay)    7    36    23732.99    23    23722.86    1    1
(relay)    1    1    23740.39    23    23740.26    7    1
(advertise)    0    23740.59    1    23
(relay)    7    21    23906.8    23    23905.98    3    1
(advertise)    0    23907.0    21    23
(relay)    1    8    23911.22    23    23910.83    5    1
(advertise)    0    23929.02    8    23
(relay)    1    15    23939.83    23    23937.4    3    1
(advertise)    0    23951.63    15    23
(relay)    1    22    23964.64    23    23958.37    1    1
(relay)    1    6    23986.64    23    23961.73    3    1
(advertise)    0    23986.84    6    23
(relay)    1    9    24008.26    23    24001.44    3    1
(advertise)    0    24008.86    9    23
(relay)    1    29    24029.87    24    24011.66    1    1
(relay)    1    4    24052.47    25    24006.02    3    1
(advertise)    0    24052.67    4    25
(heartbeat)    24    6    24025.27    0    24086.08    6    16
(advertise)    0    24086.28    24    6
(relay)    7    7    24183.49    24    24183.37    9    1
(advertise)    0    24183.69    7    24
(relay)    1    3    24208.71    24    24197.11    3    1
(advertise)    0    24209.11    3    24
(relay)    7    14    24234.32    24    24212.47    9    1
(advertise)    0    24235.12    14    24
(relay)    1    5    24309.33    24    24305.22    3    1
(advertise)    0    24309.53    5    24
(relay)    1    11    24335.35    24    24324.29    1    1
(relay)    1    35    24406.95    24    24381.29    1    1
(relay)    7    16    24434.15    24    24429.49    1    1
(relay)    7    43    24507.35    24    24500.6    1    1
(relay)    7    10    24532.35    24    24521.76    1    1
(relay)    1    2    24614.35    24    24612.07    5    1
(advertise)    0    24614.55    2    24
(generate)    0    24663.36    [24]    24
(relay)    7    20    24708.37    25    24700    120    1
(advertise)    0    24708.57    20    25
(relay)    7    36    24731.79    24    24722.92    1    1
(relay)    1    1    24740.39    24    24740.34    7    1
(advertise)    0    24740.59    1    24
(relay)    7    21    24906.8    24    24906.06    7    1
(advertise)    0    24907.0    21    24
(relay)    1    8    24929.41    24    24910.89    5    1
(advertise)    0    24931.01    8    24
(relay)    1    15    24950.62    24    24937.59    5    1
(advertise)    0    24954.02    15    24
(relay)    1    22    24973.04    24    24958.43    3    1
(advertise)    0    24976.44    22    24
(relay)    7    9    25002.25    24    25001.59    3    1
(advertise)    0    25002.45    9    24
(relay)    1    4    25025.86    26    25006.05    3    1
(advertise)    0    25026.46    4    26
(relay)    7    29    25050.28    25    25011.66    1    1
(relay)    1    12    25073.48    25    25041.51    1    1
(relay)    7    7    25183.48    25    25183.45    9    1
(advertise)    0    25183.68    7    25
(relay)    1    3    25208.29    25    25197.18    3    1
(advertise)    0    25208.69    3    25
(relay)    7    14    25230.9    25    25212.66    9    1
(advertise)    0    25231.1    14    25
(relay)    7    28    25261.92    25    25213.01    1    1
(relay)    1    5    25310.12    25    25305.31    3    1
(advertise)    0    25310.32    5    25
(relay)    1    11    25335.33    25    25324.43    1    1
(relay)    7    35    25384.93    25    25381.35    3    1
(advertise)    0    25385.13    35    25
(relay)    1    13    25407.54    26    25374    121    1
(advertise)    0    25409.34    13    26
(relay)    1    16    25432.55    25    25430.2    1    1
(relay)    7    43    25508.35    25    25500.71    1    1
(relay)    1    10    25529.55    25    25521.82    1    1
(relay)    1    2    25612.55    25    25612.12    5    1
(advertise)    0    25612.75    2    25
(generate)    0    25663.37    [24]    25
(relay)    7    36    25724.78    25    25722.99    1    1
(relay)    1    1    25740.98    25    25740.42    7    1
(advertise)    0    25741.18    1    25
(relay)    7    21    25906.79    25    25906.12    7    1
(advertise)    0    25906.99    21    25
(relay)    1    8    25911.41    25    25910.95    5    1
(advertise)    0    25929.41    8    25
(relay)    7    15    25953.22    25    25937.71    5    1
(advertise)    0    25953.42    15    25
(relay)    7    22    25974.03    25    25958.46    3    1
(advertise)    0    25975.03    22    25
(relay)    7    9    26003.45    25    26001.76    3    1
(advertise)    0    26003.65    9    25
(relay)    1    6    26026.46    25    25962.06    3    1
(advertise)    0    26027.06    6    25
(relay)    7    29    26049.07    26    26011.85    1    1
(relay)    1    4    26065.67    27    26006.07    3    1
(advertise)    0    26065.87    4    27
(relay)    7    7    26184.08    26    26183.55    9    1
(advertise)    0    26184.28    7    26
(relay)    1    3    26208.5    26    26197.27    3    1
(advertise)    0    26208.9    3    26
(relay)    7    14    26231.31    26    26212.67    9    1
(advertise)    0    26232.71    14    26
(relay)    7    28    26259.92    26    26213.2    1    1
(relay)    1    5    26310.72    26    26305.4    3    1
(advertise)    0    26310.92    5    26
(relay)    1    11    26333.54    26    26325.03    1    1
(relay)    7    42    26382.14    26    26359.14    3    1
(advertise)    0    26382.34    42    26
(relay)    1    13    26395.95    27    26374    121    1
(advertise)    0    26403.75    13    27
(relay)    1    35    26426.96    26    26381.44    1    1
(relay)    1    43    26508.36    26    26500.82    1    1
(relay)    1    10    26529.36    26    26521.89    1    1
(relay)    1    2    26612.56    26    26612.16    5    1
(advertise)    0    26612.76    2    26
(generate)    0    26663.38    [24]    26
(relay)    7    20    26704.59    27    26700    120    1
(advertise)    0    26704.79    20    27
(relay)    7    36    26738.6    26    26723.1    1    1
(relay)    1    1    26741.0    26    26740.51    7    1
(advertise)    0    26741.2    1    26
(relay)    7    21    26907.21    26    26906.22    7    1
(advertise)    0    26907.41    21    26
(relay)    7    8    26928.43    26    26911.02    5    1
(advertise)    0    26930.43    8    26
(relay)    7    15    26952.84    26    26938.53    5    1
(advertise)    0    26953.84    15    26
(relay)    7    22    26973.05    26    26958.55    3    1
(advertise)    0    26974.85    22    26
(relay)    1    9    27003.67    26    27001.94    3    1
(advertise)    0    27003.87    9    26
(relay)    1    4    27030.68    28    27006.11    3    1
(advertise)    0    27030.88    4    28
(relay)    7    29    27045.49    27    27011.87    1    1
(relay)    1    12    27056.69    27    27041.88    1    1
(relay)    7    7    27184.09    27    27183.63    9    1
(advertise)    0    27184.29    7    27
(relay)    1    3    27210.51    27    27197.36    3    1
(advertise)    0    27210.71    3    27
(relay)    7    14    27233.12    27    27212.72    9    1
(advertise)    0    27234.32    14    27
(relay)    7    28    27261.13    27    27213.23    1    1
(relay)    1    5    27310.93    27    27305.49    3    1
(advertise)    0    27311.13    5    27
(relay)    1    11    27333.34    27    27325.19    1    1
(relay)    7    42    27382.94    27    27359.19    3    1
(advertise)    0    27383.14    42    27
(relay)    7    35    27407.16    27    27381.54    3    1
(advertise)    0    27407.36    35    27
(relay)    7    13    27430.57    28    27374    119    1
(advertise)    0    27430.77    13    28
(relay)    7    16    27470.38    27    27430.52    1    1
(relay)    1    10    27522.98    27    27521.97    1    1
(relay)    1    2    27612.58    27    27612.22    5    1
(advertise)    0    27612.78    2    27
(generate)    0    27663.4    [24]    27
(relay)    1    20    27702.01    28    27700    120    1
(advertise)    0    27702.21    20    28
(relay)    7    36    27737.62    27    27723.19    1    1
(relay)    1    1    27741.02    27    27740.57    7    1
(advertise)    0    27741.22    1    27
(relay)    7    21    27908.44    27    27906.3    7    1
(advertise)    0    27908.64    21    27
(relay)    1    8    27912.25    27    27911.07    5    1
(advertise)    0    27932.25    8    27
(relay)    1    15    27941.86    27    27938.53    5    1
(advertise)    0    27954.86    15    27
(relay)    1    22    27962.67    27    27958.62    3    1
(advertise)    0    27977.07    22    27
(relay)    1    6    27989.49    27    27962.08    3    1
(advertise)    0    27999.69    6    27
(relay)    1    9    28011.9    27    28002.1    3    1
(advertise)    0    28021.9    9    27
(relay)    1    4    28034.11    29    28006.16    3    1
(advertise)    0    28045.31    4    29
(relay)    1    12    28058.33    28    28041.97    1    1
(relay)    7    29    28060.53    28    28012.05    1    1
(heartbeat)    24    7    28025.28    0    28083.73    6    16
(advertise)    0    28083.93    24    7
(relay)    7    7    28184.34    28    28183.74    9    1
(advertise)    0    28184.54    7    28
(relay)    1    3    28211.95    28    28197.48    3    1
(advertise)    0    28212.75    3    28
(relay)    7    14    28233.77    28    28212.75    7    1
(advertise)    0    28236.37    14    28
(relay)    7    28    28256.98    28    28213.27    7    1
(advertise)    0    28258.38    28    28
(relay)    1    5    28310.39    28    28305.63    3    1
(advertise)    0    28310.59    5    28
(relay)    1    11    28331.8    28    28325.21    1    1
(relay)    7    42    28384.2    28    28359.23    5    1
(advertise)    0    28384.4    42    28
(relay)    7    35    28407.42    28    28381.66    5    1
(advertise)    0    28407.82    35    28
(relay)    1    43    28504.03    28    28501.07    3    1
(advertise)    0    28504.23    43    28
(relay)    1    2    28613.24    28    28612.3    5    1
(advertise)    0    28613.44    2    28
(generate)    0    28663.46    [24]    28
(relay)    1    20    28703.27    29    28700    120    1
(advertise)    0    28703.47    20    29
(relay)    7    36    28732.48    28    28723.28    5    1
(advertise)    0    28732.68    36    28
(relay)    1    1    28741.7    28    28740.68    7    1
(advertise)    0    28757.1    1    28
(relay)    7    21    28908.51    28    28906.4    9    1
(advertise)    0    28908.71    21    28
(relay)    7    8    28930.72    28    28911.17    5    1
(advertise)    0    28930.92    8    28
(relay)    7    15    28951.93    28    28938.72    11    1
(advertise)    0    28953.33    15    28
(relay)    7    22    28972.95    28    28959.09    9    1
(advertise)    0    28974.35    22    28
(relay)    1    9    29004.76    28    29002.1    3    1
(advertise)    0    29004.96    9    28
(relay)    7    6    29030.77    28    28962.1    1    1
(relay)    1    4    29052.37    30    29006.23    3    1
(advertise)    0    29052.57    4    30
(relay)    7    29    29053.79    29    29012.06    7    1
(advertise)    0    29074.39    29    29
(relay)    7    7    29184.8    29    29183.84    9    1
(advertise)    0    29185.0    7    29
(relay)    1    3    29211.21    29    29197.64    3    1
(advertise)    0    29211.61    3    29
(relay)    7    28    29262.83    29    29213.29    5    1
(advertise)    0    29263.03    28    29
(relay)    1    5    29308.24    29    29305.77    3    1
(advertise)    0    29308.44    5    29
(relay)    1    11    29332.45    29    29325.24    1    1
(relay)    7    42    29384.25    29    29359.25    5    1
(advertise)    0    29384.45    42    29
(relay)    7    35    29404.86    29    29381.75    7    1
(advertise)    0    29407.06    35    29
(relay)    7    43    29503.28    29    29501.19    3    1
(advertise)    0    29503.48    43    29
(relay)    7    10    29528.69    29    29522.2    1    1
(relay)    1    2    29613.69    29    29612.41    5    1
(advertise)    0    29613.89    2    29
(generate)    0    29663.5    [24]    29
(relay)    1    20    29703.72    30    29700    120    1
(advertise)    0    29703.92    20    30
(relay)    7    36    29731.93    29    29723.36    5    1
(advertise)    0    29732.13    36    29
(relay)    1    1    29741.74    29    29740.8    7    1
(advertise)    0    29754.54    1    29
(relay)    7    21    29909.16    29    29906.49    9    1
(advertise)    0    29909.36    21    29
(relay)    7    8    29931.17    29    29911.25    5    1
(advertise)    0    29931.57    8    29
(relay)    7    15    29951.58    29    29938.73    11    1
(advertise)    0    29954.18    15    29
(relay)    7    22    29974.79    29    29959.17    9    1
(advertise)    0    29975.19    22    29
