(relay)    0    13    379.0    1    374    118    1
(advertise)    1    379.2    13    1
(relay)    2    20    706.61    1    700    121    1
(advertise)    1    706.81    20    1
(relay)    8    4    1003.43    2    1000.04    123    1
(advertise)    1    1003.63    4    2
(relay)    8    29    1025.84    1    1009.04    124    1
(advertise)    1    1026.24    29    1
(relay)    8    12    1053.65    1    1040.05    123    1
(advertise)    1    1053.85    12    1
(relay)    0    7    1182.27    1    1181.07    126    1
(advertise)    1    1182.67    7    1
(relay)    8    3    1206.48    1    1195.08    124    1
(advertise)    1    1206.68    3    1
(relay)    8    14    1230.49    1    1210.09    125    1
(advertise)    1    1230.69    14    1
(relay)    8    28    1254.9    1    1211.09    123    1
(advertise)    1    1255.1    28    1
(relay)    0    23    1276.72    1    1217.09    122    1
(advertise)    1    1277.72    23    1
(relay)    0    11    1327.73    1    1321.13    122    1
(advertise)    1    1327.93    11    1
(relay)    2    5    1348.14    1    1303.12    122    1
(advertise)    1    1349.94    5    1
(relay)    2    19    1369.76    1    1320.14    122    1
(relay)    8    48    1371.76    1    1280.1    115    2
(advertise)    1    1373.16    19    1
(advertise)    1    1395.57    48    1
(relay)    2    41    1415.58    1    1305.13    116    1
(advertise)    1    1418.38    41    1
(relay)    8    16    1438.8    1    1426.2    125    1
(advertise)    1    1439.6    16    1
(relay)    8    31    1461.21    1    1327.56    116    1
(advertise)    1    1462.81    31    1
(relay)    0    35    1464.42    1    1374.16    122    1
(advertise)    1    1484.02    35    1
(relay)    0    37    1515.23    1    1351.36    120    1
(advertise)    1    1515.43    37    1
(relay)    2    33    1526.65    1    1377.18    120    1
(advertise)    1    1536.65    33    1
(relay)    0    27    1559.46    1    1307.13    116    1
(advertise)    1    1559.86    27    1
(relay)    2    10    1569.07    1    1520.06    125    1
(advertise)    1    1582.07    10    1
(relay)    0    45    1610.09    1    1402.2    118    1
(advertise)    1    1610.29    45    1
(relay)    2    2    1612.1    1    1611.11    127    1
(advertise)    1    1632.3    2    1
(relay)    2    17    1636.51    1    1605.11    124    1
(advertise)    1    1654.51    17    1
(relay)    0    0    1661.13    1    1661.07    127    1
(advertise)    1    1676.13    0    1
(relay)    0    43    1678.54    1    1498.03    120    1
(advertise)    1    1697.54    43    1
(relay)    2    34    1698.75    1    1512.06    119    1
(advertise)    1    1718.55    34    1
(generate)    1    1738.16    [24]    1
(relay)    2    20    1765.98    2    1700    121    1
(advertise)    1    1766.18    20    2
(relay)    2    44    1788.99    1    1662.14    119    1
(advertise)    1    1789.59    44    1
(relay)    8    36    1792.6    1    1721.15    123    1
(advertise)    1    1812.0    36    1
(relay)    8    26    1840.22    1    1827.04    121    1
(advertise)    1    1840.42    26    1
(relay)    0    32    1866.63    1    1815.03    119    1
(advertise)    1    1867.23    32    1
(relay)    2    38    1889.64    1    1810.02    119    1
(advertise)    1    1891.04    38    1
(relay)    8    8    1907.26    1    1907.07    127    1
(advertise)    1    1912.26    8    1
(relay)    8    15    1933.07    1    1932.08    126    1
(advertise)    1    1934.87    15    1
(relay)    8    40    1958.08    1    1893.08    119    1
(advertise)    1    1958.48    40    1
(relay)    2    21    1980.29    1    1904.07    120    1
(advertise)    1    1980.49    21    1
(relay)    2    9    2001.71    1    1998.13    126    1
(advertise)    1    2002.51    9    1
(relay)    0    22    2003.72    1    1954.29    123    1
(advertise)    1    2025.12    22    1
(relay)    2    39    2067.53    1    1913.09    120    1
(advertise)    1    2067.73    39    1
(relay)    8    29    2071.55    2    2009.13    124    1
(advertise)    1    2090.15    29    2
(relay)    8    4    2094.76    3    2000.15    123    1
(advertise)    1    2111.16    4    3
(relay)    8    30    2117.57    1    1965.11    123    1
(advertise)    1    2134.57    30    1
(relay)    8    12    2139.79    2    2040.16    121    1
(advertise)    1    2156.99    12    2
(relay)    8    6    2161.2    1    1961.0    119    1
(advertise)    1    2179.2    6    1
(relay)    8    7    2181.81    2    2181.21    126    1
(advertise)    1    2200.21    7    2
(relay)    8    14    2212.22    2    2210.25    125    1
(advertise)    1    2224.02    14    2
(relay)    8    3    2238.24    2    2195.25    124    1
(advertise)    1    2246.44    3    2
(relay)    8    23    2261.05    2    2217.25    124    1
(advertise)    1    2267.65    23    2
(relay)    8    28    2282.06    2    2211.25    123    1
(advertise)    1    2288.66    28    2
(relay)    2    25    2293.68    2    2207.06    122    1
(advertise)    1    2310.28    25    2
(relay)    8    31    2339.89    2    2327.74    122    1
(advertise)    1    2340.09    31    2
(relay)    8    37    2361.5    2    2351.53    122    1
(advertise)    1    2362.5    37    2
(relay)    2    5    2381.12    2    2303.29    124    1
(advertise)    1    2383.92    5    2
(relay)    2    11    2404.53    2    2321.32    124    1
(advertise)    1    2406.13    11    2
(relay)    8    19    2430.94    2    2320.32    122    1
(advertise)    1    2431.14    19    2
(relay)    2    16    2469.35    2    2426.38    125    1
(advertise)    1    2469.55    16    2
(relay)    2    27    2491.57    2    2307.29    120    1
(advertise)    1    2492.97    27    2
(relay)    2    35    2515.38    2    2374.33    120    1
(advertise)    1    2515.58    35    2
(relay)    2    33    2537.39    2    2377.35    120    1
(advertise)    1    2538.79    33    2
(relay)    8    42    2540.01    2    2352.32    119    1
(relay)    2    48    2560.01    2    2280.29    117    2
(advertise)    1    2561.61    42    2
(relay)    2    10    2583.42    2    2520.24    125    2
(advertise)    1    2583.62    48    2
(advertise)    1    2605.03    10    2
(relay)    2    2    2612.24    2    2611.27    127    1
(advertise)    1    2628.04    2    2
(relay)    2    17    2649.86    2    2605.28    124    1
(advertise)    1    2650.06    17    2
(relay)    0    0    2661.67    2    2661.18    127    1
(advertise)    1    2672.47    0    2
(relay)    0    45    2675.28    2    2402.38    116    1
(relay)    2    43    2694.48    2    2498.21    120    2
(advertise)    1    2695.48    45    2
(advertise)    1    2717.3    43    2
(generate)    1    2738.31    [24]    2
(relay)    0    34    2762.52    2    2512.23    117    1
(advertise)    1    2762.72    34    2
(relay)    2    44    2766.14    2    2662.31    119    1
(advertise)    1    2784.54    44    2
(relay)    2    20    2788.55    3    2700    121    1
(advertise)    1    2806.75    20    3
(relay)    2    36    2831.96    2    2721.35    119    1
(advertise)    1    2832.16    36    2
(relay)    2    32    2857.17    2    2815.21    121    1
(advertise)    1    2857.37    32    2
(relay)    8    38    2875.19    2    2810.2    121    1
(advertise)    1    2879.99    38    2
(relay)    2    46    2881.2    2    2774.2    117    1
(advertise)    1    2902.8    46    2
(relay)    8    8    2907.41    2    2907.23    127    1
(relay)    2    18    2923.81    2    2886.45    123    2
(advertise)    1    2925.41    8    2
(relay)    8    15    2940.03    2    2932.27    126    2
(advertise)    1    2946.63    18    2
(advertise)    1    2969.04    15    2
(relay)    0    21    2973.25    2    2904.25    124    1
(relay)    8    26    2986.45    2    2827.21    119    2
(advertise)    1    2990.45    21    2
(advertise)    1    3012.07    26    2
(relay)    2    9    3014.48    2    2998.3    126    1
(relay)    8    22    3029.08    2    2954.48    125    2
(advertise)    1    3034.28    9    2
(relay)    2    47    3036.89    2    2866.25    118    2
(advertise)    1    3057.69    22    2
(advertise)    1    3080.1    47    2
(relay)    2    4    3082.92    4    3000.29    123    1
(relay)    8    29    3094.52    3    3009.32    124    2
(advertise)    1    3101.72    4    4
(relay)    2    6    3105.53    2    2961.01    123    2
(advertise)    1    3122.73    29    3
(relay)    2    30    3127.34    2    2966.3    123    2
(advertise)    1    3144.94    6    2
(relay)    0    40    3150.16    2    2893.27    115    2
(advertise)    1    3166.16    30    2
(advertise)    1    3188.37    40    2
(relay)    2    12    3191.38    3    3040.34    123    1
(relay)    8    39    3208.18    2    2913.28    118    2
(advertise)    1    3210.98    12    3
(relay)    0    7    3215.2    3    3181.37    126    2
(advertise)    1    3233.0    39    2
(advertise)    1    3254.01    7    3
(relay)    8    14    3273.02    3    3211.23    125    1
(advertise)    1    3275.02    14    3
(relay)    8    3    3294.83    3    3195.43    124    1
(advertise)    1    3298.23    3    3
(relay)    8    28    3317.05    3    3211.43    123    1
(advertise)    1    3320.45    28    3
(relay)    8    23    3339.46    3    3217.43    124    1
(advertise)    1    3341.46    23    3
(relay)    8    25    3361.07    3    3207.23    118    1
(advertise)    1    3363.47    25    3
(relay)    8    37    3382.89    3    3351.71    122    1
(advertise)    1    3384.49    37    3
(relay)    2    11    3390.5    3    3321.49    124    1
(relay)    8    35    3404.9    3    3374.53    122    2
(advertise)    1    3406.9    11    3
(advertise)    1    3428.91    35    3
(relay)    8    19    3448.73    3    3320.51    122    1
(advertise)    1    3450.73    19    3
(relay)    8    42    3472.94    3    3352.51    121    1
(advertise)    1    3473.74    42    3
(relay)    8    16    3494.95    3    3426.55    125    1
(advertise)    1    3495.15    16    3
(relay)    8    48    3516.96    3    3280.66    117    1
(advertise)    1    3517.16    48    3
(relay)    8    31    3538.18    3    3327.93    118    1
(advertise)    1    3540.58    31    3
(relay)    2    10    3545.79    3    3520.42    125    1
(relay)    8    5    3562.79    3    3303.45    120    2
(advertise)    1    3563.59    10    3
(advertise)    1    3584.6    5    3
(relay)    2    13    3590.62    4    3374    122    1
(relay)    0    27    3596.02    3    3307.46    116    2
(advertise)    1    3606.42    13    4
(relay)    2    2    3612.43    3    3611.46    127    2
(advertise)    1    3628.43    27    3
(advertise)    1    3650.04    2    3
(relay)    8    45    3654.06    3    3402.56    120    1
(relay)    2    33    3657.86    3    3377.54    120    2
(relay)    0    0    3661.86    3    3661.34    127    3
(advertise)    1    3672.66    45    3
(advertise)    1    3693.87    33    3
(relay)    8    43    3698.08    3    3498.4    120    2
(relay)    2    17    3703.28    3    3605.47    124    3
(advertise)    1    3714.88    0    3
(advertise)    1    3737.29    43    3
(generate)    1    3738.51    [24]    3
(advertise)    1    3759.52    17    3
(relay)    0    41    3776.53    3    3305.5    114    1
(advertise)    1    3782.33    41    3
(relay)    2    34    3812.75    3    3512.4    119    1
(advertise)    1    3812.95    34    3
(relay)    8    44    3830.36    3    3662.49    121    1
(advertise)    1    3835.76    44    3
(relay)    8    36    3875.17    3    3721.55    123    1
(advertise)    1    3875.37    36    3
(relay)    8    20    3897.39    4    3700    121    1
(advertise)    1    3897.99    20    4
(relay)    8    8    3907.6    3    3907.42    127    1
(relay)    8    38    3918.6    3    3810.39    121    2
(relay)    2    26    3919.4    3    3827.4    121    3
(advertise)    1    3919.8    8    3
(advertise)    1    3940.81    38    3
(advertise)    1    3962.02    26    3
(relay)    8    15    3963.24    3    3932.45    126    1
(relay)    0    21    3967.44    3    3904.42    124    2
(advertise)    1    3984.04    15    3
(relay)    2    18    3986.65    3    3886.62    123    2
(advertise)    1    4007.85    21    3
(relay)    8    9    4028.46    3    3998.49    126    2
(advertise)    1    4029.66    18    3
(relay)    2    46    4032.48    3    3774.37    117    2
(advertise)    1    4050.68    9    3
(advertise)    1    4072.89    46    3
(relay)    8    6    4076.1    3    3961.03    121    1
(advertise)    1    4095.9    6    3
(relay)    8    29    4098.32    4    4009.52    124    1
(advertise)    1    4118.92    29    4
(relay)    0    32    4120.13    3    3815.41    119    1
(advertise)    1    4140.53    32    3
(relay)    0    22    4143.74    3    3955.68    123    1
(relay)    8    40    4144.14    3    3893.45    119    2
(advertise)    1    4163.74    22    3
(advertise)    1    4186.15    40    3
(relay)    8    30    4189.77    3    3966.49    123    1
(relay)    0    7    4190.97    4    4181.57    126    2
(advertise)    1    4208.97    30    3
(heartbeat)    24    1    4025.2    1    4211.38    127    0
(advertise)    1    4231.18    7    4
(relay)    8    4    4234.39    5    4000.49    123    2
(advertise)    1    4252.19    24    1
(advertise)    1    4274.21    4    5
(relay)    2    3    4275.62    4    4195.62    4    1
(relay)    8    14    4278.42    4    4211.42    4    2
(advertise)    1    4296.02    3    4
(relay)    8    47    4301.23    3    3866.44    116    2
(relay)    0    39    4306.23    3    3913.46    118    3
(advertise)    1    4318.63    14    4
(advertise)    1    4340.05    47    3
(relay)    8    12    4345.46    4    4040.54    123    2
(advertise)    1    4361.06    39    3
(advertise)    1    4383.27    12    4
(relay)    8    28    4390.88    4    4211.63    2    1
(advertise)    1    4405.48    28    4
(relay)    2    5    4407.9    4    4303.63    4    1
(relay)    8    35    4424.9    4    4374.71    2    2
(advertise)    1    4427.3    5    4
(relay)    2    11    4430.91    4    4321.67    2    2
(advertise)    1    4448.31    35    4
(advertise)    1    4470.12    11    4
(relay)    8    16    4501.54    4    4426.74    2    1
(advertise)    1    4501.74    16    4
(relay)    2    10    4565.95    4    4520.59    2    1
(advertise)    1    4566.15    10    4
(relay)    2    2    4611.76    4    4611.56    6    1
(advertise)    1    4612.16    2    4
(relay)    0    0    4661.98    4    4661.43    8    1
(advertise)    1    4662.18    0    4
(relay)    2    20    4704.59    5    4700    121    1
(advertise)    1    4704.79    20    5
(generate)    1    4738.6    [24]    4
(relay)    0    21    4905.41    4    4904.47    2    1
(advertise)    1    4905.61    21    4
(relay)    8    8    4907.63    4    4907.45    6    1
(advertise)    1    4927.23    8    4
(relay)    8    15    4934.24    4    4932.61    4    1
(advertise)    1    4949.24    15    4
(relay)    8    22    4961.85    4    4955.71    2    1
(advertise)    1    4971.65    22    4
(relay)    2    6    4976.87    4    4961.12    4    1
(advertise)    1    4993.67    6    4
(relay)    2    9    4999.08    4    4998.61    4    1
(advertise)    1    5016.08    9    4
(relay)    2    4    5023.69    6    5001.69    4    1
(advertise)    1    5038.29    4    6
(relay)    2    12    5048.71    5    5040.56    4    1
(advertise)    1    5060.11    12    5
(relay)    0    7    5182.12    5    5181.57    6    1
(advertise)    1    5182.32    7    5
(relay)    2    3    5206.73    5    5195.8    4    1
(advertise)    1    5207.93    3    5
(relay)    2    5    5307.94    5    5303.76    4    1
(advertise)    1    5308.14    5    5
(relay)    2    11    5330.36    5    5321.71    2    1
(advertise)    1    5331.76    11    5
(relay)    2    13    5376.97    6    5374    122    1
(advertise)    1    5377.17    13    6
(relay)    0    42    5378.38    5    5353.73    2    1
(advertise)    1    5399.98    42    5
(relay)    8    35    5423.2    5    5375.65    2    1
(advertise)    1    5423.8    35    5
(relay)    8    16    5443.61    5    5426.93    2    1
(advertise)    1    5445.01    16    5
(relay)    8    43    5505.62    5    5498.69    2    1
(advertise)    1    5505.82    43    5
(relay)    2    10    5522.24    5    5520.64    2    1
(advertise)    1    5527.04    10    5
(relay)    2    2    5611.65    5    5611.57    6    1
(advertise)    1    5611.85    2    5
(relay)    0    0    5662.06    5    5661.44    8    1
(advertise)    1    5662.26    0    5
(generate)    1    5738.67    [24]    5
(relay)    0    21    5905.49    5    5904.54    2    1
(advertise)    1    5905.69    21    5
(relay)    8    8    5908.1    5    5907.53    6    1
(advertise)    1    5926.9    8    5
(relay)    8    15    5934.31    5    5932.61    4    1
(advertise)    1    5949.31    15    5
(relay)    8    22    5971.33    5    5955.77    2    1
(advertise)    1    5971.93    22    5
(relay)    2    6    5975.54    5    5961.13    4    1
(advertise)    1    5996.14    6    5
(relay)    2    9    5999.75    5    5998.79    4    1
(advertise)    1    6018.15    9    5
(relay)    2    4    6024.97    7    6002.31    4    1
(advertise)    1    6040.37    4    7
(relay)    2    12    6062.98    6    6040.59    4    1
(advertise)    1    6063.18    12    6
(relay)    2    7    6183.39    6    6181.67    4    1
(advertise)    1    6183.59    7    6
(relay)    2    3    6205.6    6    6195.86    4    1
(advertise)    1    6206.8    3    6
(relay)    0    14    6233.62    6    6211.55    4    1
(advertise)    1    6233.82    14    6
(relay)    2    5    6308.03    6    6303.84    4    1
(advertise)    1    6308.23    5    6
(relay)    2    11    6331.04    6    6321.86    2    1
(advertise)    1    6331.24    11    6
(relay)    0    42    6379.66    6    6353.91    2    1
(advertise)    1    6379.86    42    6
(relay)    2    13    6399.87    7    6374    122    1
(advertise)    1    6402.27    13    7
(relay)    8    16    6427.88    6    6427.09    2    1
(advertise)    1    6428.28    16    6
(relay)    8    43    6503.9    6    6498.76    2    1
(advertise)    1    6504.1    43    6
(relay)    2    10    6522.31    6    6520.66    2    1
(advertise)    1    6525.71    10    6
(relay)    2    2    6611.72    6    6611.59    6    1
(advertise)    1    6611.92    2    6
(relay)    0    0    6662.53    6    6661.45    8    1
(advertise)    1    6662.73    0    6
(relay)    2    20    6702.95    7    6700    121    1
(advertise)    1    6703.15    20    7
(generate)    1    6738.76    [24]    6
(relay)    0    21    6906.77    6    6904.65    2    1
(advertise)    1    6906.97    21    6
(relay)    8    8    6908.19    6    6907.59    6    1
(advertise)    1    6927.99    8    6
(relay)    8    15    6934.8    6    6932.63    4    1
(advertise)    1    6949.0    15    6
(relay)    8    22    6958.41    6    6955.84    2    1
(advertise)    1    6970.21    22    6
(relay)    2    6    6975.23    6    6961.14    4    1
(advertise)    1    6993.03    6    6
(relay)    2    9    6999.84    6    6998.79    4    1
(advertise)    1    7016.04    9    6
(relay)    2    4    7024.45    8    7002.33    4    1
(advertise)    1    7038.25    4    8
(relay)    2    12    7048.86    7    7040.65    4    1
(advertise)    1    7059.26    12    7
(relay)    0    7    7183.28    7    7181.77    6    1
(advertise)    1    7183.48    7    7
(relay)    2    3    7206.09    7    7195.94    4    1
(advertise)    1    7208.29    3    7
(relay)    8    14    7231.1    7    7211.57    4    1
(advertise)    1    7232.7    14    7
(relay)    2    5    7308.12    7    7303.94    4    1
(advertise)    1    7308.32    5    7
(relay)    8    11    7330.73    7    7322.0    2    1
(advertise)    1    7331.33    11    7
(relay)    0    42    7379.94    7    7354.11    2    1
(advertise)    1    7380.14    42    7
(relay)    2    13    7399.16    8    7374    122    1
(advertise)    1    7401.76    13    8
(relay)    8    35    7424.17    7    7376.07    2    1
(advertise)    1    7424.97    35    7
(relay)    8    16    7446.98    7    7427.09    2    1
(advertise)    1    7447.38    16    7
(relay)    2    10    7521.59    7    7520.73    2    1
(advertise)    1    7521.79    10    7
(relay)    2    2    7611.81    7    7611.61    6    1
(advertise)    1    7612.01    2    7
(relay)    0    0    7662.42    7    7661.48    8    1
(advertise)    1    7662.62    0    7
(relay)    2    20    7701.83    8    7700    121    1
(advertise)    1    7702.03    20    8
(generate)    1    7738.85    [24]    7
(relay)    0    21    7907.46    7    7904.74    2    1
(advertise)    1    7907.66    21    7
(relay)    0    8    7930.27    7    7907.86    4    1
(advertise)    1    7930.67    8    7
(relay)    8    15    7934.89    7    7932.66    4    1
(advertise)    1    7952.29    15    7
(relay)    8    22    7957.9    7    7955.91    2    1
(advertise)    1    7973.3    22    7
(relay)    2    9    7999.71    7    7998.83    4    1
(advertise)    1    8000.11    9    7
(relay)    2    4    8023.92    9    8002.36    4    1
(advertise)    1    8024.12    4    9
(relay)    8    29    8025.74    8    8009.72    2    1
(advertise)    1    8046.74    29    8
(relay)    2    12    8061.55    8    8040.7    4    1
(advertise)    1    8070.35    12    8
(heartbeat)    24    2    8025.21    1    8085.16    5    5
(advertise)    1    8093.36    24    2
(relay)    2    7    8184.78    8    8181.88    4    1
(advertise)    1    8184.98    7    8
(relay)    2    3    8206.39    8    8196.05    4    1
(advertise)    1    8207.39    3    8
(relay)    8    14    8230.8    8    8211.62    4    1
(advertise)    1    8231.4    14    8
(relay)    2    5    8313.02    8    8304.03    2    1
(advertise)    1    8313.22    5    8
(relay)    2    11    8334.63    8    8322.19    2    1
(advertise)    1    8337.43    11    8
(relay)    0    42    8381.04    8    8354.36    2    1
(advertise)    1    8381.24    42    8
(relay)    2    13    8401.45    9    8374    122    1
(advertise)    1    8404.05    13    9
(relay)    0    35    8405.27    8    8376.21    2    1
(advertise)    1    8426.47    35    8
(relay)    8    16    8428.48    8    8427.28    2    1
(advertise)    1    8448.88    16    8
(relay)    2    10    8521.49    8    8520.82    2    1
(advertise)    1    8521.69    10    8
(relay)    2    2    8611.71    8    8611.65    6    1
(advertise)    1    8611.91    2    8
(relay)    0    0    8662.52    8    8661.49    8    1
(advertise)    1    8662.72    0    8
(relay)    2    20    8702.33    9    8700    121    1
(advertise)    1    8702.53    20    9
(generate)    1    8738.95    [24]    8
(relay)    8    8    8908.76    8    8908.15    6    1
(advertise)    1    8908.96    8    8
(relay)    8    15    8936.17    8    8933.63    4    1
(advertise)    1    8936.97    15    8
(relay)    8    22    8957.38    8    8956.0    2    1
(advertise)    1    8959.78    22    8
(relay)    2    6    8964.2    8    8961.19    4    1
(advertise)    1    8981.4    6    8
(relay)    2    9    9000.21    8    8999.02    4    1
(advertise)    1    9002.61    9    8
(relay)    2    4    9022.82    10    9002.38    4    1
(advertise)    1    9026.22    4    10
(relay)    2    12    9049.24    9    9040.77    2    1
(relay)    8    29    9049.64    9    9009.74    2    2
(advertise)    1    9050.24    12    9
(advertise)    1    9071.65    29    9
(relay)    0    7    9183.26    9    9181.98    6    1
(advertise)    1    9183.46    7    9
(relay)    2    3    9207.88    9    9196.11    4    1
(advertise)    1    9209.28    3    9
(relay)    8    14    9233.09    9    9211.67    4    1
(advertise)    1    9233.29    14    9
(relay)    8    28    9255.7    9    9211.87    2    1
(advertise)    1    9256.3    28    9
(relay)    2    5    9306.11    9    9304.13    4    1
(advertise)    1    9306.31    5    9
(relay)    2    11    9329.73    9    9322.34    2    1
(advertise)    1    9330.33    11    9
(relay)    2    16    9445.14    9    9427.42    2    1
(advertise)    1    9445.34    16    9
(relay)    8    43    9500.75    9    9499.22    2    1
(advertise)    1    9500.95    43    9
(relay)    2    10    9522.37    9    9520.84    2    1
(advertise)    1    9522.57    10    9
(relay)    2    2    9612.18    9    9611.67    6    1
(advertise)    1    9612.38    2    9
(relay)    0    0    9662.79    9    9661.69    8    1
(advertise)    1    9662.99    0    9
(relay)    2    20    9703.41    10    9700    121    1
(advertise)    1    9703.61    20    10
(generate)    1    9739.02    [24]    9
(relay)    0    21    9908.43    9    9904.94    2    1
(advertise)    1    9908.63    21    9
(relay)    8    8    9910.05    9    9909.02    6    1
(advertise)    1    9931.05    8    9
(relay)    0    15    9951.66    9    9934.05    2    1
(advertise)    1    9954.06    15    9
(relay)    8    22    9956.67    9    9956.03    2    1
(advertise)    1    9976.27    22    9
(relay)    2    6    9977.68    9    9961.33    4    1
(advertise)    1    9997.68    6    9
(relay)    2    9    10001.5    9    9999.2    4    1
(advertise)    1    10019.5    9    9
(relay)    2    4    10025.51    11    10002.56    4    1
(advertise)    1    10041.31    4    11
(relay)    2    12    10048.12    10    10040.85    2    1
(advertise)    1    10063.32    12    10
(relay)    0    7    10183.74    10    10182.07    6    1
(advertise)    1    10183.94    7    10
(relay)    8    3    10208.15    10    10196.18    2    1
(advertise)    1    10208.95    3    10
(relay)    0    14    10230.96    10    10211.86    4    1
(advertise)    1    10231.16    14    10
(relay)    0    28    10254.98    10    10212.06    2    1
(advertise)    1    10255.18    28    10
(relay)    8    5    10305.99    10    10304.2    2    1
(advertise)    1    10306.19    5    10
(relay)    8    11    10329.4    10    10322.47    2    1
(advertise)    1    10330.6    11    10
(relay)    2    13    10382.81    11    10374    122    1
(advertise)    1    10383.01    13    11
(relay)    2    10    10522.43    10    10520.9    2    1
(advertise)    1    10522.63    10    10
(relay)    2    2    10612.24    10    10611.7    6    1
(advertise)    1    10612.44    2    10
(relay)    0    0    10662.05    10    10661.88    8    1
(advertise)    1    10662.25    0    10
(relay)    8    36    10727.87    10    10721.98    2    1
(advertise)    1    10728.07    36    10
(generate)    1    10739.08    [24]    10
(relay)    0    21    10909.49    10    10905.01    2    1
(advertise)    1    10909.69    21    10
(relay)    0    8    10930.91    10    10909.48    4    1
(advertise)    1    10931.71    8    10
(relay)    8    15    10934.92    10    10934.2    4    1
(advertise)    1    10954.32    15    10
(relay)    8    22    10960.93    10    10956.08    2    1
(advertise)    1    10975.33    22    10
(relay)    2    6    10980.74    10    10961.34    2    1
(advertise)    1    10996.74    6    10
(relay)    2    9    11002.36    10    10999.35    4    1
(advertise)    1    11018.96    9    10
(relay)    2    4    11026.97    12    11002.73    4    1
(advertise)    1    11041.57    4    12
(relay)    2    12    11049.38    11    11040.87    2    1
(relay)    8    29    11051.58    11    11010.09    2    2
(advertise)    1    11063.58    12    11
(advertise)    1    11086.0    29    11
(relay)    2    7    11186.41    11    11182.15    4    1
(advertise)    1    11186.61    7    11
(relay)    2    3    11207.82    11    11196.24    4    1
(advertise)    1    11208.42    3    11
(relay)    0    14    11232.24    11    11211.88    4    1
(advertise)    1    11232.44    14    11
(relay)    8    5    11306.05    11    11304.21    2    1
(advertise)    1    11306.25    5    11
(relay)    2    11    11329.26    11    11322.59    2    1
(advertise)    1    11329.46    11    11
(relay)    8    42    11379.67    11    11356.49    2    1
(advertise)    1    11379.87    42    11
(relay)    2    10    11523.49    11    11520.92    2    1
(advertise)    1    11523.69    10    11
(relay)    2    2    11612.3    11    11611.71    6    1
(advertise)    1    11612.5    2    11
(relay)    0    0    11662.11    11    11662.01    8    1
(advertise)    1    11662.31    0    11
(relay)    2    20    11704.93    12    11700    121    1
(advertise)    1    11705.13    20    12
(generate)    1    11739.14    [24]    11
(relay)    8    8    11910.75    11    11909.73    6    1
(advertise)    1    11910.95    8    11
(relay)    8    15    11953.97    11    11935.57    2    1
(advertise)    1    11954.17    15    11
(relay)    2    6    11964.58    11    11961.35    4    1
(relay)    8    22    11974.98    11    11956.13    2    2
(advertise)    1    11977.38    6    11
(advertise)    1    11999.39    22    11
(relay)    2    9    12003.4    11    11999.48    2    1
(advertise)    1    12021.6    9    11
(relay)    2    4    12024.42    13    12002.74    4    1
(advertise)    1    12044.62    4    13
(relay)    2    12    12050.03    12    12040.91    2    1
(advertise)    1    12067.03    12    12
(heartbeat)    24    3    12025.23    1    12073.64    5    9
(advertise)    1    12088.24    24    3
(relay)    0    7    12184.66    12    12182.25    6    1
(advertise)    1    12184.86    7    12
(relay)    8    3    12208.87    12    12196.3    2    1
(advertise)    1    12209.27    3    12
(relay)    0    14    12231.28    12    12211.91    4    1
(advertise)    1    12233.88    14    12
(relay)    2    5    12306.1    12    12304.28    4    1
(advertise)    1    12306.3    5    12
(relay)    8    11    12330.51    12    12322.72    2    1
(advertise)    1    12331.51    11    12
(relay)    8    13    12377.32    13    12374    122    1
(advertise)    1    12377.52    13    13
(relay)    2    16    12430.53    12    12427.84    2    1
(advertise)    1    12430.73    16    12
(relay)    8    43    12503.35    12    12499.46    2    1
(advertise)    1    12503.55    43    12
(relay)    2    10    12523.96    12    12520.99    2    1
(advertise)    1    12524.96    10    12
(relay)    2    2    12612.77    12    12611.74    6    1
(advertise)    1    12612.97    2    12
(relay)    0    0    12662.19    12    12662.18    8    1
(advertise)    1    12662.39    0    12
(relay)    2    20    12707.0    13    12700    121    1
(advertise)    1    12707.2    20    13
(relay)    8    36    12730.41    12    12722.15    2    1
(advertise)    1    12730.61    36    12
(generate)    1    12739.23    [24]    12
(relay)    8    21    12907.24    12    12905.16    2    1
(advertise)    1    12907.44    21    12
(relay)    8    8    12909.85    12    12909.81    6    1
(advertise)    1    12930.45    8    12
(relay)    8    15    12936.46    12    12935.74    4    1
(advertise)    1    12952.66    15    12
(relay)    8    22    12960.48    12    12956.17    2    1
(advertise)    1    12976.08    22    12
(relay)    2    6    12981.89    12    12961.36    4    1
(advertise)    1    12998.69    6    12
(relay)    2    9    13001.9    12    12999.6    4    1
(advertise)    1    13021.7    9    12
(relay)    2    4    13024.12    14    13003.94    4    1
(advertise)    1    13045.12    4    14
(relay)    2    12    13052.53    13    13040.95    2    1
(advertise)    1    13068.13    12    13
(relay)    8    29    13071.14    13    13010.25    2    1
(advertise)    1    13090.74    29    13
(relay)    8    7    13182.76    13    13182.32    6    1
(advertise)    1    13182.96    7    13
(relay)    2    3    13205.97    13    13196.37    4    1
(advertise)    1    13206.17    3    13
(relay)    8    14    13231.58    13    13211.91    4    1
(advertise)    1    13231.98    14    13
(relay)    2    5    13306.59    13    13304.33    4    1
(advertise)    1    13306.79    5    13
(relay)    2    11    13330.61    13    13322.88    2    1
(advertise)    1    13330.81    11    13
(relay)    2    13    13376.82    14    13374    122    1
(advertise)    1    13377.02    13    14
(relay)    0    42    13404.63    13    13357.87    2    1
(advertise)    1    13404.83    42    13
(relay)    2    16    13431.25    13    13427.96    2    1
(advertise)    1    13431.85    16    13
(relay)    8    43    13506.26    13    13499.56    2    1
(advertise)    1    13506.46    43    13
(relay)    2    10    13524.07    13    13521.05    2    1
(advertise)    1    13528.87    10    13
(relay)    2    2    13612.89    13    13611.78    6    1
(advertise)    1    13613.09    2    13
(relay)    0    0    13662.9    13    13662.34    8    1
(advertise)    1    13663.1    0    13
(relay)    2    20    13706.51    14    13700    121    1
(advertise)    1    13706.71    20    14
(generate)    1    13739.32    [24]    13
(relay)    8    21    13907.74    13    13905.23    2    1
(advertise)    1    13907.94    21    13
(relay)    8    8    13909.95    13    13909.9    6    1
(advertise)    1    13929.95    8    13
(relay)    8    15    13937.36    13    13935.91    4    1
(advertise)    1    13952.76    15    13
(relay)    8    22    13972.78    13    13956.43    2    1
(advertise)    1    13974.98    22    13
(relay)    2    6    13980.19    13    13961.38    4    1
(advertise)    1    13996.59    6    13
(relay)    8    9    14000.2    13    13999.76    4    1
(advertise)    1    14017.6    9    13
(relay)    8    29    14025.42    14    14010.42    2    1
(relay)    2    4    14026.42    15    14003.95    4    2
(advertise)    1    14039.82    29    14
(relay)    2    12    14052.03    14    14040.98    2    2
(advertise)    1    14063.83    4    15
(advertise)    1    14087.04    12    14
(relay)    0    7    14182.65    14    14182.41    6    1
(advertise)    1    14182.85    7    14
(relay)    2    3    14207.07    14    14196.43    4    1
(advertise)    1    14207.67    3    14
(relay)    8    14    14233.48    14    14212.11    4    1
(advertise)    1    14233.68    14    14
(relay)    2    5    14306.89    14    14304.43    4    1
(advertise)    1    14307.09    5    14
(relay)    2    11    14330.91    14    14323.03    2    1
(advertise)    1    14331.51    11    14
(relay)    0    42    14380.32    14    14357.87    2    1
(advertise)    1    14380.52    42    14
(relay)    2    16    14431.53    14    14428.1    2    1
(advertise)    1    14431.73    16    14
(relay)    8    43    14506.15    14    14499.65    2    1
(advertise)    1    14506.35    43    14
(relay)    2    10    14523.96    14    14521.09    2    1
(advertise)    1    14527.36    10    14
(relay)    2    2    14612.77    14    14611.8    6    1
(advertise)    1    14612.97    2    14
(relay)    0    0    14662.98    14    14662.52    8    1
(advertise)    1    14663.18    0    14
(relay)    2    20    14706.4    15    14700    121    1
(advertise)    1    14706.6    20    15
(relay)    8    36    14730.21    14    14722.28    2    1
(advertise)    1    14730.61    36    14
(generate)    1    14739.42    [24]    14
(relay)    8    8    14910.04    14    14909.95    6    1
(advertise)    1    14910.24    8    14
(relay)    8    15    14937.25    14    14936.07    4    1
(advertise)    1    14937.45    15    14
(relay)    8    22    14960.86    14    14956.47    2    1
(advertise)    1    14961.86    22    14
(relay)    2    6    14966.28    14    14961.49    4    1
(advertise)    1    14983.08    6    14
(relay)    2    9    15000.49    14    14999.93    4    1
(advertise)    1    15006.89    9    14
(relay)    2    4    15024.7    16    15003.96    4    1
(advertise)    1    15028.5    4    16
(relay)    2    12    15049.71    15    15041.03    2    1
(advertise)    1    15050.51    12    15
(relay)    2    7    15183.73    15    15182.48    4    1
(advertise)    1    15183.93    7    15
(relay)    2    3    15205.94    15    15196.48    4    1
(advertise)    1    15206.14    3    15
(relay)    8    14    15229.75    15    15212.12    4    1
(advertise)    1    15230.75    14    15
(relay)    2    5    15308.17    15    15304.5    4    1
(advertise)    1    15308.37    5    15
(relay)    2    11    15332.18    15    15323.2    2    1
(advertise)    1    15333.18    11    15
(relay)    8    42    15380.39    15    15358.06    2    1
(advertise)    1    15380.59    42    15
(relay)    0    35    15406.61    15    15379.2    2    1
(advertise)    1    15407.01    35    15
(relay)    8    16    15442.02    15    15428.22    2    1
(advertise)    1    15442.22    16    15
(relay)    8    43    15506.63    15    15499.72    2    1
(advertise)    1    15506.83    43    15
(relay)    2    10    15522.64    15    15521.15    2    1
(advertise)    1    15529.24    10    15
(relay)    2    2    15612.06    15    15611.82    6    1
(advertise)    1    15612.46    2    15
(relay)    0    0    15663.07    15    15662.53    8    1
(advertise)    1    15663.27    0    15
(generate)    1    15739.48    [24]    15
(relay)    8    21    15906.5    15    15905.37    2    1
(advertise)    1    15906.7    21    15
(relay)    8    8    15910.11    15    15910.01    6    1
(advertise)    1    15929.31    8    15
(relay)    8    15    15937.52    15    15936.22    4    1
(advertise)    1    15950.32    15    15
(relay)    8    22    15961.34    15    15956.53    2    1
(advertise)    1    15971.34    22    15
(relay)    2    6    15977.15    15    15961.51    4    1
(advertise)    1    15993.75    6    15
(relay)    2    9    16000.56    15    16000.09    4    1
(advertise)    1    16015.96    9    15
(relay)    2    4    16025.77    17    16004.14    4    1
(advertise)    1    16037.77    4    17
(relay)    2    12    16050.19    16    16041.08    2    1
(advertise)    1    16059.79    12    16
(heartbeat)    24    4    16025.24    1    16082.8    5    9
(advertise)    1    16083.0    24    4
(relay)    0    7    16183.41    16    16182.58    6    1
(advertise)    1    16183.61    7    16
(relay)    2    3    16209.03    16    16196.54    4    1
(advertise)    1    16209.23    3    16
(relay)    8    14    16234.84    16    16212.12    4    1
(advertise)    1    16235.64    14    16
(relay)    8    28    16255.45    16    16212.5    2    1
(advertise)    1    16256.65    28    16
(relay)    2    5    16308.87    16    16304.59    4    1
(advertise)    1    16309.07    5    16
(relay)    8    11    16333.48    16    16323.36    2    1
(advertise)    1    16333.68    11    16
(relay)    2    13    16378.49    17    16374    122    1
(advertise)    1    16378.69    13    17
(relay)    8    42    16402.3    16    16358.23    2    1
(advertise)    1    16402.5    42    16
(relay)    0    35    16406.52    16    16379.29    2    1
(advertise)    1    16425.92    35    16
(relay)    8    16    16447.13    16    16428.38    2    1
(advertise)    1    16449.13    16    16
(relay)    8    10    16521.94    16    16521.21    2    1
(advertise)    1    16522.14    10    16
(relay)    2    2    16611.96    16    16611.85    6    1
(advertise)    1    16612.16    2    16
(relay)    0    0    16663.57    16    16662.55    8    1
(advertise)    1    16663.77    0    16
(relay)    8    20    16702.98    17    16700    121    1
(advertise)    1    16703.18    20    17
(generate)    1    16739.6    [24]    16
(relay)    0    21    16907.01    16    16905.47    2    1
(advertise)    1    16907.21    21    16
(relay)    8    8    16910.62    16    16910.1    6    1
(advertise)    1    16929.22    8    16
(relay)    8    15    16938.43    16    16936.23    4    1
(advertise)    1    16951.43    15    16
(relay)    2    6    16977.85    16    16961.52    4    1
(advertise)    1    16978.05    6    16
(relay)    2    9    17001.86    16    17000.46    4    1
(advertise)    1    17002.26    9    16
(relay)    2    4    17023.47    18    17004.15    4    1
(advertise)    1    17026.67    4    18
(relay)    2    12    17052.09    17    17041.14    2    1
(advertise)    1    17052.29    12    17
(relay)    8    7    17183.9    17    17182.69    6    1
(advertise)    1    17184.1    7    17
(relay)    2    3    17208.31    17    17196.6    4    1
(advertise)    1    17208.51    3    17
(relay)    0    14    17233.53    17    17212.16    4    1
(advertise)    1    17234.53    14    17
(relay)    2    5    17308.74    17    17304.66    4    1
(advertise)    1    17308.94    5    17
(relay)    2    11    17331.95    17    17323.5    2    1
(advertise)    1    17332.15    11    17
(relay)    0    42    17382.56    17    17358.25    2    1
(advertise)    1    17382.76    42    17
(relay)    2    13    17383.98    18    17374    122    1
(advertise)    1    17403.98    13    18
(relay)    8    35    17426.99    17    17379.41    2    1
(advertise)    1    17427.99    35    17
(relay)    8    16    17472.8    17    17428.47    2    1
(advertise)    1    17473.0    16    17
(relay)    2    2    17612.02    17    17611.88    6    1
(advertise)    1    17612.22    2    17
(relay)    0    0    17663.63    17    17662.57    8    1
(advertise)    1    17663.83    0    17
(relay)    8    20    17701.84    18    17700    121    1
(advertise)    1    17702.04    20    18
(relay)    8    36    17738.06    17    17722.53    2    1
(advertise)    1    17738.26    36    17
(generate)    1    17739.67    [24]    17
(relay)    0    21    17908.28    17    17905.55    2    1
(advertise)    1    17908.48    21    17
(relay)    8    8    17910.69    17    17910.15    6    1
(advertise)    1    17929.69    8    17
(relay)    8    15    17938.51    17    17936.38    4    1
(advertise)    1    17951.71    15    17
(relay)    8    22    17960.32    17    17957.87    2    1
(advertise)    1    17973.12    22    17
(relay)    2    6    17978.93    17    17961.53    4    1
(advertise)    1    17995.53    6    17
(relay)    2    9    18002.35    17    18000.61    4    1
(advertise)    1    18017.35    9    17
(relay)    2    4    18025.36    19    18004.37    4    1
(relay)    8    29    18033.16    18    18010.98    2    2
(advertise)    1    18038.76    4    19
(relay)    2    12    18051.77    18    18041.18    2    2
(advertise)    1    18060.97    29    18
(advertise)    1    18083.39    12    18
(relay)    0    7    18184.0    18    18182.79    6    1
(advertise)    1    18184.2    7    18
(relay)    2    3    18207.01    18    18196.67    4    1
(advertise)    1    18207.41    3    18
(relay)    8    14    18230.02    18    18212.18    4    1
(advertise)    1    18230.22    14    18
(relay)    2    5    18307.44    18    18304.73    4    1
(advertise)    1    18307.64    5    18
(relay)    2    11    18329.85    18    18323.65    2    1
(advertise)    1    18330.65    11    18
(relay)    0    42    18383.06    18    18358.27    2    1
(advertise)    1    18383.26    42    18
(relay)    2    13    18399.28    19    18374    122    1
(advertise)    1    18405.28    13    19
(relay)    8    43    18502.69    18    18500.05    2    1
(advertise)    1    18502.89    43    18
(relay)    2    10    18522.3    18    18521.29    2    1
(advertise)    1    18523.9    10    18
(relay)    2    2    18611.92    18    18611.91    6    1
(advertise)    1    18612.12    2    18
(relay)    0    0    18663.73    18    18662.76    8    1
(advertise)    1    18663.93    0    18
(relay)    2    20    18702.14    19    18700    121    1
(advertise)    1    18702.34    20    19
(relay)    8    36    18727.15    18    18722.56    2    1
(advertise)    1    18727.35    36    18
(generate)    1    18739.77    [24]    18
(relay)    8    8    18910.78    18    18910.2    6    1
(advertise)    1    18910.98    8    18
(relay)    8    15    18938.79    18    18936.54    4    1
(advertise)    1    18938.99    15    18
(relay)    2    6    18968.41    18    18961.55    4    1
(advertise)    1    18968.61    6    18
(relay)    8    22    18991.42    18    18958.12    2    1
(advertise)    1    18991.82    22    18
(relay)    2    9    19002.23    18    19000.77    4    1
(advertise)    1    19013.63    9    18
(relay)    2    4    19024.85    20    19004.38    4    1
(advertise)    1    19034.85    4    20
(relay)    2    12    19052.86    19    19041.26    2    1
(advertise)    1    19056.46    12    19
(relay)    0    7    19184.27    19    19182.84    6    1
(advertise)    1    19184.47    7    19
(relay)    2    3    19208.28    19    19196.74    4    1
(advertise)    1    19209.48    3    19
(relay)    0    14    19234.1    19    19212.37    4    1
(advertise)    1    19234.7    14    19
(relay)    8    28    19257.71    19    19212.56    2    1
(advertise)    1    19257.91    28    19
(relay)    2    5    19306.52    19    19304.82    4    1
(advertise)    1    19306.72    5    19
(relay)    2    11    19329.14    19    19323.8    2    1
(advertise)    1    19329.94    11    19
(relay)    8    42    19385.55    19    19358.29    2    1
(advertise)    1    19385.75    42    19
(relay)    0    35    19405.56    19    19379.61    2    1
(advertise)    1    19408.56    35    19
(relay)    8    16    19446.18    19    19428.75    2    1
(advertise)    1    19446.38    16    19
(relay)    8    43    19502.19    19    19500.14    2    1
(advertise)    1    19502.39    43    19
(relay)    2    10    19522.8    19    19521.32    2    1
(advertise)    1    19523.4    10    19
(relay)    2    2    19612.41    19    19611.92    6    1
(advertise)    1    19612.61    2    19
(relay)    0    0    19663.83    19    19662.77    8    1
(advertise)    1    19664.03    0    19
(relay)    2    20    19703.64    20    19700    121    1
(advertise)    1    19703.84    20    20
(relay)    8    36    19732.65    19    19722.62    2    1
(advertise)    1    19732.85    36    19
(generate)    1    19739.87    [24]    19
(relay)    0    21    19909.08    19    19905.67    2    1
(advertise)    1    19909.28    21    19
(relay)    8    8    19911.29    19    19910.28    6    1
(advertise)    1    19931.09    8    19
(relay)    8    15    19937.11    19    19936.73    4    1
(advertise)    1    19953.71    15    19
(relay)    8    22    19959.12    19    19958.18    2    1
(advertise)    1    19975.32    22    19
(relay)    2    6    19979.93    19    19961.68    4    1
(advertise)    1    19998.73    6    19
(relay)    2    9    20002.74    19    20000.95    4    1
(advertise)    1    20021.94    9    19
(relay)    8    4    20042.96    21    20005.59    2    1
(advertise)    1    20045.16    4    21
(heartbeat)    24    5    20025.25    1    20048.37    5    9
(advertise)    1    20066.37    24    5
(relay)    2    12    20071.38    20    20041.29    2    1
(advertise)    1    20088.58    12    20
(relay)    2    7    20186.6    20    20182.95    4    1
(advertise)    1    20186.8    7    20
(relay)    2    3    20210.41    20    20196.81    4    1
(advertise)    1    20211.21    3    20
(relay)    2    14    20233.02    20    20212.4    2    1
(advertise)    1    20234.02    14    20
(relay)    0    28    20256.64    20    20212.6    2    1
(advertise)    1    20257.04    28    20
(relay)    8    5    20306.85    20    20304.92    2    1
(advertise)    1    20307.05    5    20
(relay)    2    11    20329.86    20    20323.82    2    1
(advertise)    1    20331.26    11    20
(relay)    0    42    20383.67    20    20358.48    2    1
(advertise)    1    20383.87    42    20
(relay)    8    13    20402.89    21    20374    122    1
(advertise)    1    20406.09    13    21
(relay)    2    16    20448.1    20    20428.9    2    1
(advertise)    1    20448.3    16    20
(relay)    8    43    20502.31    20    20500.26    2    1
(advertise)    1    20502.51    43    20
(relay)    2    10    20523.53    20    20521.39    2    1
(advertise)    1    20525.13    10    20
(relay)    2    2    20612.54    20    20611.96    6    1
(advertise)    1    20612.74    2    20
(relay)    0    0    20662.95    20    20662.78    8    1
(advertise)    1    20663.15    0    20
(relay)    8    36    20728.77    20    20722.68    2    1
(advertise)    1    20728.97    36    20
(generate)    1    20739.98    [24]    20
(relay)    0    21    20910.59    20    20905.74    2    1
(advertise)    1    20910.79    21    20
(relay)    0    8    20932.0    20    20910.56    4    1
(advertise)    1    20932.8    8    20
(relay)    8    15    20937.42    20    20936.89    4    1
(advertise)    1    20954.22    15    20
(relay)    8    22    20960.83    20    20958.23    2    1
(advertise)    1    20976.63    22    20
(relay)    2    6    20982.84    20    20961.69    4    1
(advertise)    1    20999.24    6    20
(relay)    2    9    21005.26    20    21000.95    4    1
(advertise)    1    21020.86    9    20
(relay)    2    4    21028.67    22    21005.6    4    1
(advertise)    1    21042.67    4    22
(relay)    2    12    21051.48    21    21041.35    2    1
(advertise)    1    21063.88    12    21
(relay)    0    7    21185.5    21    21183.04    6    1
(advertise)    1    21185.7    7    21
(relay)    2    3    21208.71    21    21196.87    4    1
(advertise)    1    21208.91    3    21
(relay)    8    14    21231.72    21    21212.4    4    1
(advertise)    1    21234.12    14    21
(relay)    2    5    21306.33    21    21304.99    4    1
(advertise)    1    21306.53    5    21
(relay)    2    11    21331.75    21    21324.0    2    1
(advertise)    1    21332.15    11    21
(relay)    2    13    21401.56    22    21374    122    1
(advertise)    1    21401.76    13    22
(relay)    8    35    21429.77    21    21379.78    2    1
(advertise)    1    21429.97    35    21
(relay)    2    16    21450.59    21    21429.05    2    1
(advertise)    1    21451.99    16    21
(relay)    8    43    21504.2    21    21500.32    2    1
(advertise)    1    21504.4    43    21
(relay)    2    10    21524.01    21    21521.43    2    1
(advertise)    1    21526.41    10    21
(relay)    2    2    21612.63    21    21611.99    6    1
(advertise)    1    21612.83    2    21
(relay)    0    0    21663.04    21    21662.97    8    1
(advertise)    1    21663.24    0    21
(relay)    8    20    21705.25    22    21700    121    1
(advertise)    1    21705.45    20    22
(relay)    8    36    21733.26    21    21722.73    2    1
(advertise)    1    21733.46    36    21
(generate)    1    21740.08    [24]    21
(relay)    8    8    21911.69    21    21910.64    6    1
(advertise)    1    21911.89    8    21
(relay)    8    15    21937.5    21    21937.06    4    1
(advertise)    1    21937.7    15    21
(relay)    8    22    21962.52    21    21958.27    2    1
(advertise)    1    21962.92    22    21
(relay)    2    6    21985.13    21    21961.7    4    1
(advertise)    1    21988.73    6    21
(relay)    2    9    22007.34    21    22001.1    4    1
(advertise)    1    22011.94    9    21
(relay)    2    4    22027.36    23    22005.79    4    1
(advertise)    1    22032.96    4    23
(relay)    2    12    22053.77    22    22041.4    2    1
(advertise)    1    22055.57    12    22
(relay)    2    3    22208.78    22    22196.95    4    1
(advertise)    1    22208.98    3    22
(relay)    8    14    22232.19    22    22212.41    4    1
(advertise)    1    22234.59    14    22
(relay)    8    28    22257.41    22    22212.8    2    1
(advertise)    1    22258.61    28    22
(relay)    2    5    22307.02    22    22305.06    4    1
(advertise)    1    22307.22    5    22
(relay)    8    11    22330.63    22    22324.11    2    1
(advertise)    1    22331.23    11    22
(relay)    8    13    22378.05    23    22374    120    1
(advertise)    1    22378.25    13    23
(relay)    0    42    22402.26    22    22358.86    2    1
(advertise)    1    22402.66    42    22
(relay)    2    16    22431.67    22    22429.19    2    1
(advertise)    1    22431.87    16    22
(relay)    8    43    22504.29    22    22500.4    2    1
(advertise)    1    22504.49    43    22
(relay)    2    10    22524.1    22    22521.62    2    1
(advertise)    1    22526.7    10    22
(relay)    2    2    22613.11    22    22612.02    6    1
(advertise)    1    22613.31    2    22
(relay)    0    0    22663.12    22    22662.98    8    1
(advertise)    1    22663.32    0    22
(relay)    2    20    22706.34    23    22700    121    1
(advertise)    1    22706.54    20    23
(generate)    1    22740.15    [24]    22
(relay)    8    21    22907.96    22    22905.89    2    1
(advertise)    1    22908.16    21    22
(relay)    8    8    22910.78    22    22910.73    6    1
(advertise)    1    22930.38    8    22
(relay)    8    15    22937.99    22    22937.24    4    1
(advertise)    1    22952.59    15    22
(relay)    8    22    22961.0    22    22958.32    2    1
(advertise)    1    22975.6    22    22
(relay)    2    6    22981.22    22    22961.72    4    1
(advertise)    1    22998.02    6    22
(relay)    2    9    23002.83    22    23001.27    4    1
(advertise)    1    23019.43    9    22
(relay)    2    4    23026.44    24    23005.82    4    1
(advertise)    1    23041.64    4    24
(relay)    2    12    23049.45    23    23041.42    2    1
(advertise)    1    23064.25    12    23
(relay)    8    7    23183.87    23    23183.25    6    1
(advertise)    1    23184.07    7    23
(relay)    2    3    23206.48    23    23197.02    4    1
(advertise)    1    23207.08    3    23
(relay)    8    14    23231.09    23    23212.43    4    1
(advertise)    1    23231.49    14    23
(relay)    8    28    23255.31    23    23212.81    2    1
(advertise)    1    23256.11    28    23
(relay)    2    5    23307.52    23    23305.12    4    1
(advertise)    1    23307.72    5    23
(relay)    2    11    23331.33    23    23324.28    2    1
(advertise)    1    23331.53    11    23
(relay)    2    13    23376.75    24    23374    122    1
(advertise)    1    23376.95    13    24
(relay)    8    42    23406.56    23    23359.04    2    1
(advertise)    1    23406.76    42    23
(relay)    2    16    23431.77    23    23429.34    2    1
(advertise)    1    23432.77    16    23
(relay)    8    43    23505.18    23    23500.51    2    1
(advertise)    1    23505.38    43    23
(relay)    2    10    23524.6    23    23521.7    2    1
(advertise)    1    23528.0    10    23
(relay)    2    2    23613.01    23    23612.04    6    1
(advertise)    1    23613.21    2    23
(relay)    0    0    23663.62    23    23663.16    8    1
(advertise)    1    23663.82    0    23
(relay)    2    20    23707.84    24    23700    121    1
(advertise)    1    23708.04    20    24
(relay)    8    36    23732.45    23    23722.86    2    1
(advertise)    1    23733.05    36    23
(generate)    1    23740.26    [24]    23
(relay)    8    8    23910.88    23    23910.83    6    1
(advertise)    1    23911.08    8    23
(relay)    8    15    23938.89    23    23937.4    4    1
(advertise)    1    23939.29    15    23
(relay)    8    22    23963.3    23    23958.37    2    1
(advertise)    1    23963.7    22    23
(relay)    2    6    23966.91    23    23961.73    4    1
(advertise)    1    23985.71    6    23
(relay)    8    9    24001.73    23    24001.44    4    1
(advertise)    1    24008.13    9    23
(relay)    8    29    24023.74    24    24011.66    2    1
(relay)    2    4    24024.54    25    24006.02    4    2
(advertise)    1    24029.34    29    24
(advertise)    1    24051.55    4    25
(heartbeat)    24    6    24025.27    1    24092.77    5    9
(advertise)    1    24092.97    24    6
(relay)    2    7    24185.58    24    24183.37    2    1
(advertise)    1    24185.78    7    24
(relay)    2    3    24207.99    24    24197.11    4    1
(advertise)    1    24208.19    3    24
(relay)    8    14    24234.21    24    24212.47    8    1
(advertise)    1    24234.81    14    24
(relay)    2    5    24308.62    24    24305.22    4    1
(advertise)    1    24308.82    5    24
(relay)    2    11    24334.03    24    24324.29    2    1
(advertise)    1    24334.43    11    24
(relay)    8    35    24406.24    24    24381.29    2    1
(advertise)    1    24406.44    35    24
(relay)    2    16    24433.06    24    24429.49    2    1
(advertise)    1    24433.46    16    24
(relay)    8    43    24507.07    24    24500.6    2    1
(advertise)    1    24507.27    43    24
(relay)    2    10    24525.28    24    24521.76    2    1
(advertise)    1    24529.68    10    24
(relay)    2    2    24613.1    24    24612.07    6    1
(advertise)    1    24613.3    2    24
(relay)    0    0    24663.91    24    24663.36    8    1
(advertise)    1    24664.11    0    24
(relay)    2    20    24707.32    25    24700    121    1
(advertise)    1    24707.52    20    25
(generate)    1    24740.34    [24]    24
(relay)    8    21    24907.35    24    24906.06    6    1
(advertise)    1    24907.55    21    24
(relay)    8    8    24910.96    24    24910.89    6    1
(advertise)    1    24928.76    8    24
(relay)    8    15    24938.77    24    24937.59    6    1
(advertise)    1    24949.97    15    24
(relay)    8    22    24962.19    24    24958.43    4    1
(advertise)    1    24971.99    22    24
(relay)    0    9    25002.6    24    25001.59    2    1
(advertise)    1    25002.8    9    24
(relay)    2    4    25025.01    26    25006.05    4    1
(advertise)    1    25025.21    4    26
(relay)    8    29    25050.63    25    25011.66    2    1
(advertise)    1    25051.23    29    25
(relay)    2    12    25053.24    25    25041.51    2    1
(advertise)    1    25073.44    12    25
(relay)    8    7    25184.05    25    25183.45    8    1
(advertise)    1    25184.25    7    25
(relay)    2    3    25206.47    25    25197.18    4    1
(advertise)    1    25207.67    3    25
(relay)    0    14    25232.28    25    25212.66    8    1
(advertise)    1    25232.68    14    25
(relay)    2    5    25309.29    25    25305.31    4    1
(advertise)    1    25309.49    5    25
(relay)    2    11    25332.7    25    25324.43    2    1
(advertise)    1    25334.3    11    25
(relay)    8    35    25385.12    25    25381.35    2    1
(advertise)    1    25385.32    35    25
(relay)    2    13    25396.93    26    25374    122    1
(advertise)    1    25406.53    13    26
(relay)    8    16    25431.94    25    25430.2    2    1
(advertise)    1    25432.54    16    25
(relay)    8    43    25507.56    25    25500.71    2    1
(advertise)    1    25507.76    43    25
(relay)    2    10    25523.37    25    25521.82    2    1
(advertise)    1    25529.37    10    25
(relay)    2    2    25612.18    25    25612.12    6    1
(advertise)    1    25612.38    2    25
(relay)    0    0    25664.0    25    25663.37    8    1
(advertise)    1    25664.2    0    25
(relay)    8    36    25724.61    25    25722.99    2    1
(advertise)    1    25724.81    36    25
(generate)    1    25740.42    [24]    25
(relay)    8    8    25911.03    25    25910.95    6    1
(advertise)    1    25911.23    8    25
(relay)    2    21    25934.25    25    25906.12    4    1
(advertise)    1    25936.25    21    25
(relay)    8    15    25939.46    25    25937.71    6    1
(advertise)    1    25957.86    15    25
(relay)    0    22    25975.07    25    25958.46    2    1
(advertise)    1    25979.67    22    25
(relay)    2    9    26002.09    25    26001.76    4    1
(advertise)    1    26003.09    9    25
(relay)    2    6    26024.1    25    25962.06    4    1
(advertise)    1    26025.9    6    25
(relay)    2    4    26065.31    27    26006.07    4    1
(advertise)    1    26065.51    4    27
(relay)    8    7    26184.73    26    26183.55    8    1
(advertise)    1    26184.93    7    26
(relay)    2    3    26206.54    26    26197.27    4    1
(advertise)    1    26207.94    3    26
(relay)    8    14    26232.75    26    26212.67    8    1
(advertise)    1    26232.95    14    26
(relay)    2    28    26277.16    26    26213.2    2    1
(advertise)    1    26277.36    28    26
(relay)    2    5    26309.58    26    26305.4    4    1
(advertise)    1    26309.78    5    26
(relay)    2    11    26332.59    26    26325.03    2    1
(advertise)    1    26333.39    11    26
(relay)    2    13    26394.8    27    26374    122    1
(advertise)    1    26395.0    13    27
(relay)    8    35    26426.62    26    26381.44    2    1
(advertise)    1    26426.82    35    26
(relay)    8    16    26466.63    26    26430.37    2    1
(advertise)    1    26466.83    16    26
(relay)    8    43    26507.04    26    26500.82    2    1
(advertise)    1    26507.24    43    26
(relay)    2    10    26523.46    26    26521.89    2    1
(advertise)    1    26529.26    10    26
(relay)    2    2    26612.27    26    26612.16    6    1
(advertise)    1    26612.47    2    26
(relay)    0    0    26664.48    26    26663.38    8    1
(advertise)    1    26664.68    0    26
(relay)    0    20    26704.89    27    26700    119    1
(advertise)    1    26705.09    20    27
(generate)    1    26740.51    [24]    26
(relay)    2    21    26908.52    26    26906.22    4    1
(advertise)    1    26908.72    21    26
(relay)    8    8    26911.53    26    26911.02    6    1
(advertise)    1    26931.53    8    26
(relay)    8    15    26940.75    26    26938.53    6    1
(advertise)    1    26953.35    15    26
(relay)    8    22    26962.56    26    26958.55    4    1
(advertise)    1    26976.36    22    26
(relay)    2    9    27002.97    26    27001.94    4    1
(advertise)    1    27003.17    9    26
(relay)    2    4    27029.39    28    27006.11    4    1
(advertise)    1    27029.59    4    28
(relay)    2    12    27056.4    27    27041.88    2    1
(advertise)    1    27056.6    12    27
(relay)    2    7    27185.41    27    27183.63    6    1
(advertise)    1    27185.61    7    27
(relay)    2    3    27208.02    27    27197.36    4    1
(advertise)    1    27209.42    3    27
(relay)    8    14    27234.04    27    27212.72    8    1
(advertise)    1    27234.64    14    27
(relay)    2    28    27278.25    27    27213.23    2    1
(advertise)    1    27278.45    28    27
(relay)    2    5    27309.66    27    27305.49    4    1
(advertise)    1    27309.86    5    27
(relay)    2    11    27332.68    27    27325.19    2    1
(advertise)    1    27333.28    11    27
(relay)    2    13    27407.09    28    27374    122    1
(advertise)    1    27407.29    13    28
(relay)    0    35    27408.5    27    27381.54    2    1
(advertise)    1    27431.5    35    27
(relay)    2    10    27522.72    27    27521.97    2    1
(advertise)    1    27522.92    10    27
(relay)    2    2    27612.33    27    27612.22    6    1
(advertise)    1    27612.53    2    27
(relay)    0    0    27664.34    27    27663.4    8    1
(advertise)    1    27664.54    0    27
(relay)    2    20    27701.75    28    27700    121    1
(advertise)    1    27701.95    20    28
(generate)    1    27740.57    [24]    27
(relay)    8    8    27911.58    27    27911.07    6    1
(advertise)    1    27911.78    8    27
(relay)    8    15    27940.59    27    27938.53    6    1
(advertise)    1    27940.79    15    27
(relay)    8    22    27961.81    27    27958.62    4    1
(advertise)    1    27962.61    22    27
(relay)    2    6    27988.62    27    27962.08    4    1
(advertise)    1    27989.02    6    27
(relay)    2    9    28009.83    27    28002.1    4    1
(advertise)    1    28011.43    9    27
(relay)    2    4    28031.85    29    28006.16    4    1
(advertise)    1    28033.05    4    29
(relay)    2    12    28058.06    28    28041.97    2    1
(advertise)    1    28058.26    12    28
(heartbeat)    24    7    28025.28    1    28098.87    5    17
(advertise)    1    28099.07    24    7
(relay)    2    7    28186.68    28    28183.74    6    1
(advertise)    1    28186.88    7    28
(relay)    2    3    28210.1    28    28197.48    4    1
(advertise)    1    28210.9    3    28
(relay)    8    14    28232.51    28    28212.75    8    1
(advertise)    1    28234.11    14    28
(relay)    8    28    28255.52    28    28213.27    8    1
(advertise)    1    28257.32    28    28
(relay)    2    5    28309.14    28    28305.63    4    1
(advertise)    1    28309.34    5    28
(relay)    2    11    28331.35    28    28325.21    2    1
(advertise)    1    28331.75    11    28
(relay)    2    42    28402.76    28    28359.23    2    1
(advertise)    1    28402.96    42    28
(relay)    8    35    28407.58    28    28381.66    4    1
(advertise)    1    28424.98    35    28
(relay)    8    16    28452.19    28    28430.71    2    1
(advertise)    1    28452.39    16    28
(relay)    8    43    28503.6    28    28501.07    4    1
(advertise)    1    28503.8    43    28
(relay)    8    10    28529.01    28    28522.1    2    1
(advertise)    1    28529.21    10    28
(relay)    2    2    28612.43    28    28612.3    6    1
(advertise)    1    28612.63    2    28
(relay)    0    0    28664.44    28    28663.46    8    1
(advertise)    1    28664.64    0    28
(relay)    2    20    28702.45    29    28700    121    1
(advertise)    1    28702.65    20    29
(relay)    0    36    28733.27    28    28723.28    4    1
(advertise)    1    28733.47    36    28
(generate)    1    28740.68    [24]    28
(relay)    8    21    28909.49    28    28906.4    8    1
(advertise)    1    28909.69    21    28
(relay)    8    8    28911.71    28    28911.17    6    1
(advertise)    1    28932.11    8    28
(relay)    8    15    28940.92    28    28938.72    12    1
(advertise)    1    28953.12    15    28
(relay)    8    22    28961.33    28    28959.09    10    1
(advertise)    1    28975.13    22    28
(relay)    2    9    29003.54    28    29002.1    4    1
(advertise)    1    29003.74    9    28
(relay)    8    6    29029.36    28    28962.1    2    1
(advertise)    1    29029.56    6    28
(relay)    2    4    29051.97    30    29006.23    4    1
(advertise)    1    29052.37    4    30
(relay)    2    12    29073.58    29    29042.06    2    1
(advertise)    1    29074.38    12    29
(relay)    8    29    29101.4    29    29012.06    4    1
(advertise)    1    29102.0    29    29
(relay)    2    7    29187.41    29    29183.84    6    1
(advertise)    1    29187.61    7    29
(relay)    2    3    29209.82    29    29197.64    4    1
(advertise)    1    29210.22    3    29
(relay)    8    14    29237.04    29    29212.78    6    1
(advertise)    1    29237.24    14    29
(relay)    2    28    29280.25    29    29213.29    2    1
(advertise)    1    29280.45    28    29
(relay)    2    5    29307.86    29    29305.77    4    1
(advertise)    1    29308.06    5    29
(relay)    2    11    29331.67    29    29325.24    2    1
(advertise)    1    29332.27    11    29
(relay)    8    42    29385.69    29    29359.25    4    1
(advertise)    1    29385.89    42    29
(relay)    8    35    29405.9    29    29381.75    6    1
(advertise)    1    29408.3    35    29
(relay)    8    16    29475.91    29    29430.87    2    1
(advertise)    1    29476.11    16    29
(relay)    8    43    29502.93    29    29501.19    4    1
(advertise)    1    29503.33    43    29
(relay)    8    10    29527.94    29    29522.2    2    1
(advertise)    1    29528.34    10    29
(relay)    2    2    29612.95    29    29612.41    6    1
(advertise)    1    29613.15    2    29
(relay)    0    0    29664.57    29    29663.5    8    1
(advertise)    1    29664.77    0    29
(relay)    2    20    29702.98    30    29700    121    1
(advertise)    1    29703.18    20    30
(relay)    8    36    29730.79    29    29723.36    6    1
(advertise)    1    29731.19    36    29
(generate)    1    29740.8    [24]    29
(relay)    8    21    29910.22    29    29906.49    8    1
(advertise)    1    29910.42    21    29
(relay)    8    8    29912.43    29    29911.25    6    1
(advertise)    1    29932.83    8    29
(relay)    8    15    29939.24    29    29938.73    12    1
(advertise)    1    29955.44    15    29
(relay)    8    22    29962.06    29    29959.17    10    1
(advertise)    1    29977.46    22    29
