(generate)    13    374    [24]    1
(generate)    13    1374    [24]    2
(generate)    13    2374    [24]    3
(generate)    13    3374    [24]    4
(main)    11    1    1321.13    13    4094.41
(main)    11    2    2321.32    13    4172.23
(main)    11    3    3321.49    13    4421.25
(main)    11    4    4321.67    13    4535.46
(generate)    13    4374    [24]    5
(generate)    13    5374    [24]    6
(generate)    13    6374    [24]    7
(generate)    13    7374    [24]    8
(generate)    13    8374    [24]    9
(main)    11    5    5321.71    13    8875.9
(main)    11    6    6321.86    13    8969.72
(main)    11    7    7322.0    13    9234.74
(main)    11    8    8322.19    13    9350.96
(main)    11    9    9322.34    13    9753.21
(generate)    13    9374    [24]    10
(generate)    13    10374    [24]    11
(generate)    13    11374    [24]    12
(generate)    13    12374    [24]    13
(generate)    13    13374    [24]    14
(main)    11    10    10322.47    13    14165.85
(main)    11    11    11322.59    13    14344.67
(main)    11    12    12322.72    13    14439.49
(main)    11    13    13322.88    13    14693.31
(main)    11    14    14323.03    13    14824.53
(generate)    13    14374    [24]    15
(generate)    13    15374    [24]    16
(generate)    13    16374    [24]    17
(generate)    13    17374    [24]    18
(generate)    13    18374    [24]    19
(main)    11    15    15323.2    13    19096.15
(main)    11    16    16323.36    13    19184.76
(main)    11    17    17323.5    13    19358.59
(main)    11    18    18323.65    13    19608.42
(main)    11    19    19323.8    13    19881.64
(generate)    13    19374    [24]    20
(generate)    13    20374    [24]    21
(generate)    13    21374    [24]    22
(generate)    13    22374    [24]    23
(generate)    13    23374    [24]    24
(main)    11    20    20323.82    13    24122.07
(main)    11    21    21324.0    13    24226.68
(main)    11    22    22324.11    13    24485.72
(main)    11    23    23324.28    13    24613.53
(main)    11    24    24324.29    13    24773.15
(generate)    13    24374    [24]    25
(generate)    13    25374    [24]    26
(generate)    13    26374    [24]    27
(generate)    13    27374    [24]    28
(generate)    13    28374    [24]    29
(main)    11    26    26325.03    13    29026.17
(main)    11    27    27325.19    13    29149.79
(main)    11    28    28325.21    13    29495.42
(main)    11    29    29325.24    13    29680.85
(generate)    13    29374    [24]    30
