(relay)    15    13    378.0    1    374    121    1
(advertise)    14    378.2    13    1
(relay)    15    20    706.21    1    700    122    1
(advertise)    14    706.41    20    1
(relay)    15    4    1004.03    2    1000.04    122    1
(advertise)    14    1004.23    4    2
(relay)    15    29    1025.44    1    1009.04    125    1
(advertise)    14    1026.24    29    1
(relay)    15    12    1054.05    1    1040.05    122    1
(advertise)    14    1054.65    12    1
(relay)    7    7    1182.07    1    1181.07    127    1
(advertise)    14    1182.27    7    1
(relay)    7    3    1206.68    1    1195.08    123    1
(advertise)    14    1206.88    3    1
(generate)    14    1210.09    [24]    1
(relay)    21    28    1250.9    1    1211.09    126    1
(advertise)    14    1251.1    28    1
(relay)    21    23    1273.72    1    1217.09    125    1
(advertise)    14    1274.72    23    1
(relay)    21    11    1328.93    1    1321.13    121    1
(advertise)    14    1329.13    11    1
(relay)    15    48    1353.94    1    1280.1    116    1
(advertise)    14    1354.34    48    1
(relay)    21    5    1374.36    1    1303.12    119    1
(advertise)    14    1375.56    5    1
(relay)    7    19    1394.97    1    1320.14    121    1
(advertise)    14    1399.37    19    1
(relay)    7    41    1417.78    1    1305.13    115    1
(relay)    21    35    1417.98    1    1374.16    125    2
(advertise)    14    1422.38    41    1
(relay)    21    31    1439.8    1    1327.56    117    2
(relay)    7    16    1441.2    1    1426.2    124    3
(advertise)    14    1444.6    35    1
(advertise)    14    1466.41    31    1
(advertise)    14    1489.62    16    1
(relay)    21    37    1508.63    1    1351.36    123    1
(relay)    15    13    1511.03    2    1374    121    2
(advertise)    14    1512.63    37    1
(relay)    21    27    1531.65    1    1307.13    119    2
(advertise)    14    1535.65    13    2
(relay)    7    33    1537.66    1    1377.18    119    2
(relay)    21    45    1554.46    1    1402.2    121    3
(advertise)    14    1557.46    27    1
(advertise)    14    1579.27    33    1
(relay)    7    10    1583.89    1    1520.06    122    2
(relay)    21    43    1597.89    1    1498.03    123    3
(advertise)    14    1601.49    45    1
(advertise)    14    1624.1    10    1
(relay)    7    2    1636.11    1    1611.11    124    2
(relay)    15    17    1645.91    1    1605.11    125    3
(advertise)    14    1646.91    43    1
(advertise)    14    1668.33    2    1
(advertise)    14    1689.74    17    1
(relay)    7    0    1702.15    1    1661.07    126    1
(relay)    21    34    1709.35    1    1512.06    118    2
(advertise)    14    1710.75    0    1
(advertise)    14    1734.36    34    1
(relay)    7    1    1744.98    1    1738.16    125    1
(relay)    21    44    1752.98    1    1662.14    122    2
(relay)    15    20    1754.98    2    1700    122    3
(advertise)    14    1755.38    1    1
(relay)    21    36    1775.39    1    1721.15    124    3
(advertise)    14    1777.99    44    1
(advertise)    14    1799.2    20    2
(advertise)    14    1821.82    36    1
(relay)    7    26    1840.43    1    1827.04    120    1
(advertise)    14    1843.43    26    1
(relay)    15    32    1866.64    1    1815.03    122    1
(advertise)    14    1866.84    32    1
(relay)    15    38    1890.86    1    1810.02    120    1
(advertise)    14    1891.06    38    1
(relay)    21    21    1905.07    1    1904.07    127    1
(advertise)    14    1913.07    21    1
(relay)    15    15    1932.28    1    1932.08    127    1
(relay)    15    18    1933.48    1    1886.28    122    2
(advertise)    14    1934.08    15    1
(relay)    21    22    1956.09    1    1954.29    126    2
(advertise)    14    1956.29    18    1
(advertise)    14    1978.91    22    1
(relay)    21    8    1998.72    1    1907.07    122    1
(advertise)    14    2001.72    8    1
(relay)    15    40    2003.93    1    1893.08    120    1
(relay)    21    39    2019.93    1    1913.09    121    2
(advertise)    14    2024.93    40    1
(advertise)    14    2046.95    39    1
(relay)    21    29    2064.16    2    2009.13    125    1
(advertise)    14    2069.56    29    2
(relay)    21    30    2086.77    1    1965.11    124    1
(advertise)    14    2091.97    30    1
(relay)    21    9    2107.39    1    1998.13    123    1
(relay)    15    4    2112.99    3    2000.15    122    2
(advertise)    14    2114.19    9    1
(relay)    15    6    2135.4    1    1961.0    120    2
(advertise)    14    2137.2    4    3
(relay)    15    12    2157.81    2    2040.16    120    2
(advertise)    14    2158.21    6    1
(advertise)    14    2180.82    12    2
(relay)    7    7    2182.24    2    2181.21    127    1
(advertise)    14    2202.84    7    2
(generate)    14    2210.25    [24]    2
(relay)    15    23    2237.06    2    2217.25    125    1
(advertise)    14    2237.26    23    2
(relay)    21    28    2241.88    2    2211.25    126    1
(relay)    7    3    2249.88    2    2195.25    121    2
(advertise)    14    2258.28    28    2
(advertise)    14    2281.29    3    2
(relay)    15    25    2300.9    2    2207.06    123    1
(advertise)    14    2302.3    25    2
(relay)    21    31    2338.12    2    2327.74    123    1
(advertise)    14    2338.32    31    2
(relay)    21    37    2361.53    2    2351.53    123    1
(advertise)    14    2361.73    37    2
(relay)    21    35    2383.74    2    2374.33    125    1
(relay)    15    11    2384.34    2    2321.32    123    2
(relay)    7    5    2384.74    2    2303.29    121    3
(advertise)    14    2384.94    35    2
(advertise)    14    2407.15    11    2
(advertise)    14    2429.37    5    2
(relay)    7    19    2432.58    2    2320.32    121    1
(advertise)    14    2450.38    19    2
(relay)    7    16    2469.99    2    2426.38    122    1
(advertise)    14    2472.79    16    2
(relay)    15    42    2494.61    2    2352.32    120    1
(advertise)    14    2495.01    42    2
(relay)    15    27    2516.22    2    2307.29    121    1
(advertise)    14    2516.42    27    2
(relay)    15    48    2538.63    2    2280.29    118    1
(advertise)    14    2539.23    48    2
(relay)    15    41    2559.84    2    2305.32    119    1
(advertise)    14    2562.44    41    2
(relay)    15    10    2583.06    2    2520.24    124    1
(advertise)    14    2583.46    10    2
(relay)    15    33    2604.07    2    2377.35    117    1
(advertise)    14    2605.47    33    2
(relay)    15    45    2627.68    2    2402.38    119    1
(advertise)    14    2628.88    45    2
(relay)    15    17    2648.5    2    2605.28    125    1
(advertise)    14    2650.3    17    2
(relay)    7    2    2651.91    2    2611.27    124    1
(relay)    15    43    2669.71    2    2498.21    121    2
(advertise)    14    2672.31    2    2
(relay)    21    34    2674.52    2    2512.23    120    2
(advertise)    14    2696.92    43    2
(advertise)    14    2718.14    34    2
(relay)    15    44    2738.75    2    2662.31    122    1
(advertise)    14    2740.15    44    2
(relay)    15    0    2760.76    2    2661.18    124    1
(advertise)    14    2762.56    0    2
(relay)    21    36    2763.77    2    2721.35    124    1
(advertise)    14    2783.97    36    2
(relay)    7    1    2785.39    2    2738.31    125    1
(relay)    21    20    2787.19    3    2700    120    2
(advertise)    14    2806.19    1    2
(advertise)    14    2828.8    20    3
(relay)    15    38    2854.81    2    2810.2    122    1
(advertise)    14    2855.01    38    2
(relay)    21    46    2879.03    2    2774.2    120    1
(advertise)    14    2879.23    46    2
(relay)    7    32    2895.24    2    2815.21    118    1
(advertise)    14    2900.44    32    2
(relay)    21    21    2905.25    2    2904.25    127    1
(relay)    15    8    2922.85    2    2907.23    126    2
(advertise)    14    2923.05    21    2
(relay)    15    15    2932.27    2    2932.27    127    2
(advertise)    14    2945.07    8    2
(relay)    15    26    2947.48    2    2827.21    120    2
(advertise)    14    2966.88    15    2
(relay)    15    22    2971.09    2    2954.48    126    2
(advertise)    14    2988.89    26    2
(relay)    15    18    2992.9    2    2886.45    122    2
(advertise)    14    3010.5    22    2
(advertise)    14    3033.72    18    2
(relay)    15    29    3037.53    3    3009.32    125    1
(relay)    21    47    3040.53    2    2866.25    119    2
(advertise)    14    3055.33    29    3
(relay)    15    9    3059.54    2    2998.3    125    2
(advertise)    14    3076.74    47    2
(relay)    21    40    3088.16    2    2893.27    118    2
(advertise)    14    3099.16    9    2
(relay)    15    30    3102.97    2    2966.3    124    2
(advertise)    14    3121.17    40    2
(relay)    15    4    3126.18    4    3000.29    122    2
(advertise)    14    3144.18    30    2
(relay)    15    39    3147.2    2    2913.28    119    2
(advertise)    14    3166.4    4    4
(advertise)    14    3187.61    39    2
(relay)    15    6    3192.02    2    2961.01    120    1
(advertise)    14    3210.02    6    2
(generate)    14    3211.23    [24]    3
(relay)    15    7    3235.65    3    3181.37    125    1
(advertise)    14    3236.05    7    3
(relay)    15    12    3258.46    3    3040.34    122    1
(advertise)    14    3259.06    12    3
(relay)    21    28    3267.47    3    3211.43    126    1
(advertise)    14    3280.27    28    3
(relay)    15    23    3303.29    3    3217.43    125    1
(advertise)    14    3305.29    23    3
(relay)    7    3    3321.5    3    3195.43    123    1
(advertise)    14    3327.1    3    3
(relay)    21    25    3356.51    3    3207.23    121    1
(advertise)    14    3356.71    25    3
(relay)    15    37    3379.13    3    3351.71    123    1
(advertise)    14    3379.73    37    3
(relay)    15    35    3402.54    3    3374.53    123    1
(advertise)    14    3402.74    35    3
(relay)    15    19    3424.75    3    3320.51    123    1
(advertise)    14    3425.55    19    3
(relay)    7    11    3435.36    3    3321.49    121    1
(relay)    21    42    3446.16    3    3352.51    124    2
(advertise)    14    3446.76    11    3
(advertise)    14    3469.78    42    3
(relay)    15    16    3490.39    3    3426.55    126    1
(advertise)    14    3491.99    16    3
(relay)    21    31    3511.8    3    3327.93    121    1
(advertise)    14    3513.4    31    3
(relay)    15    48    3516.02    3    3280.66    118    1
(advertise)    14    3537.02    48    3
(relay)    21    27    3556.03    3    3307.46    119    1
(advertise)    14    3558.03    27    3
(relay)    15    5    3559.64    3    3303.45    121    1
(advertise)    14    3579.84    5    3
(relay)    21    45    3600.26    3    3402.56    121    1
(advertise)    14    3600.86    45    3
(relay)    7    10    3614.87    3    3520.42    122    1
(advertise)    14    3622.67    10    3
(relay)    21    43    3645.28    3    3498.4    121    1
(advertise)    14    3645.48    43    3
(relay)    7    13    3656.89    4    3374    119    1
(advertise)    14    3667.09    13    4
(relay)    21    41    3688.71    3    3305.5    117    1
(advertise)    14    3689.51    41    3
(relay)    7    0    3703.32    3    3661.34    126    1
(advertise)    14    3711.12    0    3
(relay)    15    17    3718.53    3    3605.47    125    1
(relay)    7    2    3723.53    3    3611.46    124    2
(relay)    21    34    3731.73    3    3512.4    120    3
(advertise)    14    3734.93    17    3
(relay)    15    33    3739.75    3    3377.54    121    3
(advertise)    14    3756.55    2    3
(advertise)    14    3778.76    34    3
(relay)    21    44    3798.57    3    3662.49    122    2
(advertise)    14    3801.17    33    3
(relay)    7    1    3812.79    3    3738.51    125    2
(advertise)    14    3823.19    44    3
(advertise)    14    3846.6    1    3
(relay)    21    36    3865.61    3    3721.55    124    1
(advertise)    14    3867.81    36    3
(relay)    15    20    3893.22    4    3700    122    1
(advertise)    14    3893.62    20    4
(relay)    21    21    3904.44    3    3904.42    127    1
(relay)    21    38    3909.64    3    3810.39    122    2
(advertise)    14    3915.84    21    3
(relay)    7    8    3921.85    3    3907.42    126    2
(relay)    15    15    3932.45    3    3932.45    127    3
(advertise)    14    3938.85    38    3
(relay)    21    46    3954.46    3    3774.37    120    3
(relay)    15    26    3960.06    3    3827.4    122    4
(advertise)    14    3960.86    8    3
(relay)    21    32    3977.48    3    3815.41    122    4
(advertise)    14    3983.08    15    3
(relay)    21    22    3999.09    3    3955.68    126    4
(advertise)    14    4004.89    46    3
(advertise)    14    4026.3    26    3
(advertise)    14    4048.32    32    3
(relay)    15    18    4050.33    3    3886.62    122    2
(advertise)    14    4070.13    22    3
(relay)    7    9    4081.54    3    3998.49    125    2
(relay)    21    29    4089.54    4    4009.52    125    3
(advertise)    14    4093.14    18    3
(relay)    21    30    4110.95    3    3966.49    124    3
(advertise)    14    4115.15    9    3
(advertise)    14    4136.77    29    4
(relay)    7    6    4147.58    3    3961.03    120    2
(advertise)    14    4158.78    30    3
(relay)    15    40    4160.99    3    3893.45    118    2
(heartbeat)    24    1    4025.2    14    4177.39    127    0
(advertise)    14    4179.79    6    3
(relay)    7    7    4181.61    4    4181.57    127    3
(relay)    21    39    4199.61    3    3913.46    121    4
(advertise)    14    4202.21    40    3
(generate)    14    4211.42    [24]    4
(advertise)    14    4225.43    24    1
(relay)    15    47    4235.65    3    3866.44    117    3
(advertise)    14    4248.25    7    4
(relay)    7    4    4256.26    5    4000.49    122    3
(advertise)    14    4270.26    39    3
(relay)    21    28    4291.67    4    4211.63    5    3
(advertise)    14    4293.27    47    3
(advertise)    14    4315.88    4    5
(relay)    7    3    4329.9    4    4195.62    1    2
(advertise)    14    4337.1    28    4
(relay)    15    23    4342.91    4    4217.62    1    1
(relay)    15    12    4363.91    4    4040.54    122    1
(advertise)    14    4364.11    12    4
(relay)    21    35    4404.12    4    4374.71    5    1
(advertise)    14    4404.32    35    4
(relay)    21    37    4426.94    4    4351.72    1    1
(relay)    15    19    4432.54    4    4320.71    1    1
(relay)    7    5    4445.74    4    4303.63    1    1
(relay)    21    42    4448.54    4    4352.7    3    1
(advertise)    14    4448.74    42    4
(relay)    7    11    4490.75    4    4321.67    1    1
(relay)    15    16    4499.95    4    4426.74    3    1
(advertise)    14    4500.15    16    4
(relay)    21    43    4524.76    4    4498.6    3    1
(advertise)    14    4525.16    43    4
(relay)    7    10    4567.18    4    4520.59    1    1
(relay)    15    27    4586.78    4    4307.63    1    1
(relay)    7    2    4614.58    4    4611.56    3    1
(advertise)    14    4614.78    2    4
(relay)    15    17    4651.59    4    4605.67    1    1
(relay)    7    0    4662.79    4    4661.43    7    1
(advertise)    14    4662.99    0    4
(relay)    21    44    4690.8    4    4662.61    1    1
(relay)    7    20    4707.2    5    4700    118    1
(advertise)    14    4707.4    20    5
(relay)    21    36    4733.01    4    4721.64    3    1
(advertise)    14    4733.21    36    4
(relay)    7    1    4755.43    4    4738.6    5    1
(advertise)    14    4755.63    1    4
(relay)    15    26    4867.64    4    4827.44    1    1
(relay)    15    18    4891.04    4    4886.73    1    1
(relay)    21    21    4904.64    4    4904.47    5    1
(advertise)    14    4904.84    21    4
(relay)    7    8    4928.65    4    4907.45    5    1
(advertise)    14    4929.05    8    4
(relay)    15    15    4933.07    4    4932.61    5    1
(advertise)    14    4950.27    15    4
(relay)    15    22    4960.68    4    4955.71    3    1
(advertise)    14    4971.68    22    4
(relay)    15    6    4994.29    4    4961.12    1    1
(relay)    21    29    5011.29    5    5009.66    3    1
(advertise)    14    5011.49    29    5
(relay)    15    9    5018.91    4    4998.61    3    1
(advertise)    14    5032.71    9    4
(relay)    21    30    5035.72    4    4966.6    1    1
(relay)    7    4    5057.52    6    5001.69    1    1
(relay)    7    12    5079.32    5    5040.56    1    1
(relay)    7    7    5181.72    5    5181.57    7    1
(advertise)    14    5181.92    7    5
(relay)    7    3    5208.33    5    5195.8    1    1
(generate)    14    5211.53    [24]    5
(relay)    21    23    5240.54    5    5217.82    1    1
(relay)    21    28    5263.34    5    5211.73    1    1
(relay)    15    5    5310.54    5    5303.76    1    1
(relay)    15    11    5333.74    5    5321.71    1    1
(relay)    21    37    5352.94    5    5351.77    1    1
(relay)    21    42    5376.14    5    5353.73    5    1
(advertise)    14    5376.34    42    5
(relay)    7    13    5398.76    6    5374    119    1
(advertise)    14    5399.76    13    6
(relay)    15    35    5422.77    5    5375.65    3    1
(advertise)    14    5424.57    35    5
(relay)    15    16    5443.18    5    5426.93    3    1
(advertise)    14    5446.18    16    5
(relay)    7    43    5506.8    5    5498.69    1    1
(relay)    15    10    5528.0    5    5520.64    1    1
(relay)    15    17    5607.4    5    5605.77    1    1
(relay)    7    2    5613.4    5    5611.57    3    1
(advertise)    14    5613.6    2    5
(relay)    7    0    5662.61    5    5661.44    7    1
(advertise)    14    5662.81    0    5
(relay)    21    44    5688.82    5    5662.65    1    1
(relay)    21    36    5723.02    5    5721.67    3    1
(advertise)    14    5723.22    36    5
(relay)    15    1    5745.44    5    5738.67    5    1
(advertise)    14    5746.44    1    5
(relay)    15    26    5831.45    5    5827.46    1    1
(relay)    15    18    5904.05    5    5886.87    1    1
(relay)    21    21    5904.65    5    5904.54    5    1
(advertise)    14    5904.85    21    5
(relay)    7    8    5926.86    5    5907.53    5    1
(advertise)    14    5929.06    8    5
(relay)    15    15    5933.07    5    5932.61    5    1
(advertise)    14    5950.67    15    5
(relay)    15    22    5971.89    5    5955.77    3    1
(advertise)    14    5973.09    22    5
(relay)    15    6    5997.7    5    5961.13    1    1
(relay)    21    29    6011.5    6    6009.66    3    1
(advertise)    14    6011.7    29    6
(relay)    15    9    6019.71    5    5998.79    3    1
(advertise)    14    6032.71    9    5
(relay)    21    30    6058.13    5    5966.76    1    1
(relay)    15    4    6064.73    7    6002.31    1    1
(relay)    7    12    6066.73    6    6040.59    3    1
(advertise)    14    6066.93    12    6
(relay)    7    7    6181.74    6    6181.67    7    1
(advertise)    14    6181.94    7    6
(relay)    7    3    6209.35    6    6195.86    1    1
(generate)    14    6211.55    [24]    6
(relay)    21    23    6237.17    6    6217.89    1    1
(relay)    21    28    6258.17    6    6211.77    1    1
(relay)    7    5    6311.17    6    6303.84    1    1
(relay)    15    19    6332.77    6    6320.89    1    1
(relay)    21    37    6353.57    6    6351.93    1    1
(relay)    15    11    6355.17    6    6321.86    1    1
(relay)    21    42    6377.37    6    6353.91    5    1
(advertise)    14    6377.57    42    6
(relay)    21    35    6400.38    6    6375.96    5    1
(advertise)    14    6401.18    35    6
(relay)    15    13    6424.59    7    6374    121    1
(advertise)    14    6425.99    13    7
(relay)    7    16    6446.4    6    6427.09    1    1
(relay)    15    43    6502.6    6    6498.76    3    1
(advertise)    14    6502.8    43    6
(relay)    15    10    6527.22    6    6520.66    1    1
(relay)    15    17    6607.42    6    6605.84    1    1
(relay)    15    2    6628.62    6    6611.59    3    1
(advertise)    14    6628.82    2    6
(relay)    7    0    6662.83    6    6661.45    7    1
(advertise)    14    6663.03    0    6
(relay)    15    44    6688.84    6    6662.68    1    1
(relay)    7    20    6703.64    7    6700    118    1
(advertise)    14    6704.04    20    7
(relay)    21    36    6732.06    6    6721.75    3    1
(advertise)    14    6732.26    36    6
(relay)    15    1    6756.47    6    6738.76    5    1
(advertise)    14    6757.27    1    6
(relay)    15    26    6832.68    6    6827.5    1    1
(relay)    15    18    6888.48    6    6887.01    1    1
(relay)    21    21    6904.68    6    6904.65    5    1
(advertise)    14    6904.88    21    6
(relay)    7    8    6928.7    6    6907.59    5    1
(advertise)    14    6929.3    8    6
(relay)    15    15    6933.11    6    6932.63    5    1
(advertise)    14    6950.71    15    6
(relay)    15    22    6957.52    6    6955.84    3    1
(advertise)    14    6971.92    22    6
(relay)    7    6    6994.33    6    6961.14    1    1
(relay)    21    29    7011.73    7    7009.69    3    1
(advertise)    14    7011.93    29    7
(relay)    7    9    7038.75    6    6998.79    3    1
(advertise)    14    7039.15    9    6
(relay)    7    4    7059.96    8    7002.33    1    1
(relay)    15    30    7062.96    6    6966.9    1    1
(relay)    7    12    7080.36    7    7040.65    1    1
(relay)    7    7    7181.96    7    7181.77    7    1
(advertise)    14    7182.16    7    7
(generate)    14    7211.57    [24]    7
(relay)    21    23    7236.59    7    7218.01    1    1
(relay)    21    28    7265.39    7    7211.8    1    1
(relay)    7    11    7334.39    7    7322.0    1    1
(relay)    21    37    7353.79    7    7351.95    1    1
(relay)    15    27    7357.59    7    7307.88    1    1
(relay)    21    42    7377.59    7    7354.11    5    1
(advertise)    14    7377.79    42    7
(relay)    21    35    7401.0    7    7376.07    5    1
(advertise)    14    7401.8    35    7
(relay)    15    16    7427.61    7    7427.09    3    1
(advertise)    14    7427.81    16    7
(relay)    15    13    7448.63    8    7374    121    1
(advertise)    14    7449.83    13    8
(relay)    15    43    7501.84    7    7498.83    3    1
(advertise)    14    7502.04    43    7
(relay)    15    10    7528.45    7    7520.73    1    1
(relay)    7    2    7612.85    7    7611.61    3    1
(advertise)    14    7613.05    2    7
(relay)    7    0    7663.26    7    7661.48    7    1
(advertise)    14    7663.46    0    7
(relay)    15    44    7687.88    7    7662.86    1    1
(relay)    7    20    7702.68    8    7700    118    1
(advertise)    14    7702.88    20    8
(relay)    21    36    7735.29    7    7721.81    3    1
(advertise)    14    7735.49    36    7
(relay)    7    1    7758.7    7    7738.85    5    1
(advertise)    14    7758.9    1    7
(relay)    15    26    7833.12    7    7827.54    1    1
(relay)    15    18    7889.52    7    7887.13    1    1
(relay)    21    21    7904.92    7    7904.74    5    1
(advertise)    14    7905.12    21    7
(relay)    7    8    7927.93    7    7907.86    5    1
(advertise)    14    7928.53    8    7
(relay)    15    15    7933.14    7    7932.66    5    1
(advertise)    14    7952.14    15    7
(relay)    15    22    7957.36    7    7955.91    3    1
(advertise)    14    7975.16    22    7
(relay)    21    9    8018.37    7    7998.83    1    1
(relay)    15    29    8023.97    8    8009.72    3    1
(advertise)    14    8024.17    29    8
(relay)    15    30    8047.38    7    7966.93    1    1
(relay)    7    4    8048.98    9    8002.36    1    1
(relay)    7    12    8069.78    8    8040.7    3    1
(advertise)    14    8069.98    12    8
(heartbeat)    24    2    8025.21    14    8083.79    4    4
(advertise)    14    8092.99    24    2
(relay)    7    7    8182.41    8    8181.88    7    1
(advertise)    14    8182.61    7    8
(relay)    7    3    8210.22    8    8196.05    1    1
(generate)    14    8211.62    [24]    8
(relay)    21    28    8235.83    8    8211.83    3    1
(advertise)    14    8236.03    28    8
(relay)    15    23    8278.65    8    8218.14    1    1
(relay)    7    5    8314.85    8    8304.03    1    1
(relay)    7    11    8337.25    8    8322.19    1    1
(relay)    21    37    8354.25    8    8352.0    1    1
(relay)    21    42    8378.45    8    8354.36    5    1
(advertise)    14    8378.65    42    8
(relay)    21    35    8400.86    8    8376.21    5    1
(advertise)    14    8402.06    35    8
(relay)    15    16    8428.27    8    8427.28    3    1
(advertise)    14    8428.47    16    8
(relay)    15    13    8450.89    9    8374    121    1
(advertise)    14    8451.29    13    9
(relay)    21    43    8501.9    8    8498.95    3    1
(advertise)    14    8502.1    43    8
(relay)    15    10    8523.11    8    8520.82    1    1
(relay)    15    17    8607.71    8    8605.99    1    1
(relay)    7    2    8612.71    8    8611.65    3    1
(advertise)    14    8612.91    2    8
(relay)    7    0    8663.72    8    8661.49    7    1
(advertise)    14    8663.92    0    8
(relay)    21    44    8687.54    8    8662.91    1    1
(relay)    7    20    8703.34    9    8700    120    1
(advertise)    14    8703.54    20    9
(relay)    15    36    8728.55    8    8721.92    3    1
(advertise)    14    8728.75    36    8
(relay)    15    1    8752.16    8    8738.95    5    1
(advertise)    14    8752.76    1    8
(relay)    21    21    8905.38    8    8904.85    5    1
(advertise)    14    8905.58    21    8
(relay)    7    8    8929.99    8    8908.15    5    1
(advertise)    14    8930.79    8    8
(relay)    15    15    8934.6    8    8933.63    5    1
(advertise)    14    8952.8    15    8
(relay)    15    22    8957.62    8    8956.0    3    1
(advertise)    14    8974.22    22    8
(relay)    15    6    8981.63    8    8961.19    1    1
(relay)    21    30    9004.03    8    8967.08    1    1
(relay)    7    9    9016.23    8    8999.02    3    1
(advertise)    14    9016.43    9    8
(relay)    21    29    9026.64    9    9009.74    3    1
(advertise)    14    9038.44    29    9
(relay)    7    4    9039.85    10    9002.38    1    1
(relay)    15    12    9100.45    9    9040.77    1    1
(relay)    7    7    9182.45    9    9181.98    7    1
(advertise)    14    9182.65    7    9
(relay)    15    3    9209.47    9    9196.11    1    1
(generate)    14    9211.67    [24]    9
(relay)    21    23    9236.08    9    9218.23    1    1
(relay)    15    28    9254.08    9    9211.87    3    1
(advertise)    14    9254.28    28    9
(relay)    15    5    9307.89    9    9304.13    1    1
(relay)    7    11    9330.89    9    9322.34    1    1
(relay)    21    37    9355.69    9    9352.16    1    1
(relay)    15    19    9377.89    9    9321.34    1    1
(relay)    21    42    9380.29    9    9355.56    5    1
(advertise)    14    9380.49    42    9
(relay)    21    35    9405.51    9    9377.28    1    1
(relay)    7    16    9446.51    9    9427.42    1    1
(relay)    15    43    9500.51    9    9499.22    3    1
(advertise)    14    9500.71    43    9
(relay)    7    10    9523.72    9    9520.84    1    1
(relay)    15    17    9607.72    9    9606.05    1    1
(relay)    7    2    9613.52    9    9611.67    3    1
(advertise)    14    9613.72    2    9
(relay)    7    0    9663.93    9    9661.69    7    1
(advertise)    14    9664.13    0    9
(relay)    15    44    9685.95    9    9662.93    1    1
(relay)    7    20    9704.75    10    9700    118    1
(advertise)    14    9704.95    20    10
(relay)    15    36    9731.76    9    9721.94    1    1
(relay)    7    1    9742.36    9    9739.02    5    1
(advertise)    14    9742.56    1    9
(relay)    15    18    9890.57    9    9887.4    1    1
(relay)    21    21    9905.57    9    9904.94    5    1
(advertise)    14    9905.77    21    9
(relay)    7    8    9928.59    9    9909.02    5    1
(advertise)    14    9929.19    8    9
(relay)    15    15    9935.0    9    9934.05    5    1
(advertise)    14    9952.4    15    9
(relay)    15    22    9956.41    9    9956.03    3    1
(advertise)    14    9974.41    22    9
(relay)    7    6    9998.82    9    9961.33    1    1
(relay)    15    30    10006.02    9    9967.22    1    1
(relay)    7    9    10023.82    9    9999.2    3    1
(advertise)    14    10024.02    9    9
(relay)    21    29    10028.64    10    10009.92    3    1
(relay)    7    4    10045.44    11    10002.56    1    2
(advertise)    14    10046.44    29    10
(relay)    7    12    10090.45    10    10040.85    1    1
(relay)    7    7    10182.65    10    10182.07    7    1
(advertise)    14    10182.85    7    10
(relay)    15    3    10209.66    10    10196.18    1    1
(generate)    14    10211.86    [24]    10
(relay)    21    28    10233.88    10    10212.06    5    1
(advertise)    14    10234.08    28    10
(relay)    15    23    10255.29    10    10218.37    1    1
(relay)    7    5    10307.29    10    10304.2    1    1
(relay)    15    11    10329.69    10    10322.47    1    1
(relay)    21    37    10356.49    10    10352.36    1    1
(relay)    21    42    10381.89    10    10356.15    5    1
(advertise)    14    10382.09    42    10
(relay)    21    35    10402.5    10    10377.36    5    1
(advertise)    14    10403.7    35    10
(relay)    7    13    10405.12    11    10374    119    1
(advertise)    14    10426.92    13    11
(relay)    21    43    10500.53    10    10499.28    3    1
(advertise)    14    10500.73    43    10
(relay)    15    10    10549.14    10    10520.9    1    1
(relay)    15    17    10607.54    10    10606.08    1    1
(relay)    7    2    10614.74    10    10611.7    3    1
(advertise)    14    10614.94    2    10
(relay)    7    0    10664.15    10    10661.88    7    1
(advertise)    14    10664.35    0    10
(relay)    15    44    10687.77    10    10662.97    1    1
(relay)    21    36    10725.57    10    10721.98    3    1
(advertise)    14    10725.77    36    10
(relay)    7    1    10748.98    10    10739.08    5    1
(advertise)    14    10749.78    1    10
(relay)    15    18    10891.79    10    10887.51    1    1
(relay)    21    21    10905.59    10    10905.01    5    1
(advertise)    14    10905.79    21    10
(relay)    7    8    10930.41    10    10909.48    5    1
(advertise)    14    10930.81    8    10
(relay)    15    15    10935.22    10    10934.2    5    1
(advertise)    14    10952.62    15    10
(relay)    15    22    10959.63    10    10956.08    3    1
(advertise)    14    10974.63    22    10
(relay)    15    6    10983.25    10    10961.34    1    1
(relay)    15    9    11005.45    10    10999.35    3    1
(advertise)    14    11005.65    9    10
(relay)    7    4    11041.66    12    11002.73    1    1
(relay)    15    29    11050.46    11    11010.09    3    1
(advertise)    14    11050.66    29    11
(relay)    21    30    11052.87    10    10967.37    1    1
(relay)    7    7    11183.07    11    11182.15    7    1
(advertise)    14    11183.27    7    11
(relay)    15    3    11209.88    11    11196.24    1    1
(generate)    14    11211.88    [24]    11
(relay)    21    23    11236.3    11    11218.42    1    1
(relay)    21    28    11259.9    11    11212.07    1    1
(relay)    15    5    11306.3    11    11304.21    1    1
(relay)    15    11    11332.3    11    11322.59    1    1
(relay)    21    37    11356.9    11    11352.51    1    1
(relay)    21    42    11379.9    11    11356.49    5    1
(advertise)    14    11380.1    42    11
(relay)    21    35    11402.91    11    11378.28    3    1
(advertise)    14    11403.71    35    11
(relay)    15    16    11429.72    11    11427.7    3    1
(advertise)    14    11429.92    16    11
(relay)    21    43    11501.54    11    11499.37    3    1
(advertise)    14    11501.74    43    11
(relay)    15    10    11526.15    11    11520.92    1    1
(relay)    15    17    11608.15    11    11606.12    1    1
(relay)    7    2    11614.35    11    11611.71    3    1
(advertise)    14    11614.55    2    11
(relay)    7    0    11662.36    11    11662.01    7    1
(advertise)    14    11662.56    0    11
(relay)    15    20    11705.58    12    11700    122    1
(advertise)    14    11705.78    20    12
(relay)    15    36    11731.59    11    11722.06    1    1
(relay)    7    1    11741.79    11    11739.14    5    1
(advertise)    14    11741.99    1    11
(relay)    15    18    11891.6    11    11887.62    1    1
(relay)    21    21    11906.0    11    11905.08    5    1
(advertise)    14    11906.2    21    11
(relay)    7    8    11929.61    11    11909.73    5    1
(advertise)    14    11930.21    8    11
(relay)    15    15    11935.63    11    11935.57    5    1
(advertise)    14    11952.03    15    11
(relay)    15    22    11958.04    11    11956.13    3    1
(advertise)    14    11975.24    22    11
(relay)    15    6    11984.05    11    11961.35    1    1
(relay)    15    9    12007.45    11    11999.48    3    1
(advertise)    14    12007.65    9    11
(relay)    15    30    12029.47    11    11967.53    1    1
(relay)    21    29    12030.67    12    12010.1    3    1
(advertise)    14    12031.87    29    12
(heartbeat)    24    3    12025.23    14    12053.08    4    8
(advertise)    14    12053.48    24    3
(relay)    7    4    12064.49    13    12002.74    1    1
(relay)    7    12    12109.29    12    12040.91    1    1
(relay)    7    7    12183.29    12    12182.25    7    1
(advertise)    14    12183.49    7    12
(relay)    15    3    12208.91    12    12196.3    1    1
(generate)    14    12211.91    [24]    12
(relay)    21    23    12237.12    12    12218.52    1    1
(relay)    7    5    12306.92    12    12304.28    1    1
(relay)    15    11    12332.12    12    12322.72    1    1
(relay)    21    37    12358.52    12    12352.68    1    1
(relay)    7    13    12378.52    13    12374    121    1
(advertise)    14    12378.72    13    13
(relay)    15    42    12403.53    12    12357.68    1    1
(relay)    15    16    12429.53    12    12427.84    3    1
(advertise)    14    12429.73    16    12
(relay)    21    43    12501.94    12    12499.46    3    1
(advertise)    14    12502.14    43    12
(relay)    15    10    12528.36    12    12520.99    1    1
(relay)    15    17    12608.96    12    12606.13    1    1
(relay)    7    2    12615.16    12    12611.74    3    1
(advertise)    14    12615.36    2    12
(relay)    7    0    12662.57    12    12662.18    7    1
(advertise)    14    12662.77    0    12
(relay)    15    20    12706.18    13    12700    122    1
(advertise)    14    12706.38    20    13
(relay)    15    36    12731.0    12    12722.15    3    1
(advertise)    14    12732.4    36    12
(relay)    7    1    12752.81    12    12739.23    5    1
(advertise)    14    12753.41    1    12
(relay)    21    21    12906.22    12    12905.16    5    1
(advertise)    14    12906.42    21    12
(relay)    15    8    12927.04    12    12909.81    5    1
(advertise)    14    12929.04    8    12
(relay)    15    15    12935.85    12    12935.74    5    1
(advertise)    14    12951.25    15    12
(relay)    15    22    12957.46    12    12956.17    3    1
(advertise)    14    12972.26    22    12
(relay)    15    30    12996.47    12    12967.66    1    1
(relay)    7    6    13001.27    12    12961.36    1    1
(relay)    21    29    13019.27    13    13010.25    3    1
(advertise)    14    13019.47    29    13
(relay)    15    9    13041.09    12    12999.6    3    1
(advertise)    14    13041.49    9    12
(relay)    7    4    13043.3    14    13003.94    1    1
(relay)    7    7    13183.3    13    13182.32    7    1
(advertise)    14    13183.5    7    13
(relay)    7    3    13207.51    13    13196.37    1    1
(generate)    14    13211.91    [24]    13
(relay)    21    23    13237.13    13    13218.53    1    1
(relay)    21    28    13260.33    13    13212.27    1    1
(relay)    15    5    13308.33    13    13304.33    1    1
(relay)    15    11    13333.73    13    13322.88    1    1
(relay)    15    37    13367.93    13    13352.86    1    1
(relay)    7    13    13377.53    14    13374    121    1
(advertise)    14    13377.73    13    14
(relay)    21    42    13401.34    13    13357.87    5    1
(advertise)    14    13402.54    42    13
(relay)    7    16    13433.15    13    13427.96    1    1
(relay)    21    35    13435.15    13    13379.03    1    1
(relay)    21    43    13503.95    13    13499.56    3    1
(advertise)    14    13504.15    43    13
(relay)    7    10    13531.57    13    13521.05    1    1
(relay)    15    17    13609.17    13    13606.21    1    1
(relay)    7    2    13616.57    13    13611.78    3    1
(advertise)    14    13616.77    2    13
(relay)    7    0    13662.78    13    13662.34    7    1
(advertise)    14    13662.98    0    13
(relay)    15    20    13705.59    14    13700    122    1
(advertise)    14    13705.79    20    14
(relay)    15    36    13731.0    13    13722.22    1    1
(relay)    7    1    13740.2    13    13739.32    5    1
(advertise)    14    13740.4    1    13
(relay)    15    18    13905.42    13    13887.9    1    1
(relay)    21    21    13906.22    13    13905.23    5    1
(advertise)    14    13906.42    21    13
(relay)    7    8    13930.03    13    13909.9    5    1
(advertise)    14    13930.43    8    13
(relay)    15    15    13936.04    13    13935.91    5    1
(advertise)    14    13951.44    15    13
(relay)    15    22    13971.46    13    13956.43    3    1
(advertise)    14    13975.26    22    13
(relay)    7    6    13998.07    13    13961.38    1    1
(relay)    15    9    14000.67    13    13999.76    3    1
(advertise)    14    14001.27    9    13
(relay)    21    29    14024.08    14    14010.42    3    1
(advertise)    14    14024.28    29    14
(relay)    21    30    14047.5    13    13967.81    1    1
(relay)    7    4    14065.7    15    14003.95    1    1
(relay)    7    7    14182.5    14    14182.41    7    1
(advertise)    14    14182.7    7    14
(generate)    14    14212.11    [24]    14
(relay)    21    28    14236.92    14    14212.28    1    1
(relay)    21    23    14259.12    14    14218.6    1    1
(relay)    15    11    14335.52    14    14323.03    1    1
(relay)    21    37    14356.72    14    14353.02    1    1
(relay)    21    42    14379.52    14    14357.87    5    1
(advertise)    14    14379.72    42    14
(relay)    21    35    14404.73    14    14379.13    1    1
(relay)    15    16    14430.93    14    14428.1    3    1
(advertise)    14    14431.13    16    14
(relay)    21    43    14503.55    14    14499.65    3    1
(advertise)    14    14503.75    43    14
(relay)    15    10    14528.56    14    14521.09    1    1
(relay)    15    17    14609.96    14    14606.53    1    1
(relay)    7    2    14616.36    14    14611.8    3    1
(advertise)    14    14616.56    2    14
(relay)    7    0    14663.97    14    14662.52    7    1
(advertise)    14    14664.17    0    14
(relay)    15    20    14705.99    15    14700    120    1
(advertise)    14    14706.19    20    15
(relay)    21    36    14729.2    14    14722.28    3    1
(advertise)    14    14729.8    36    14
(relay)    7    1    14752.81    14    14739.42    5    1
(advertise)    14    14753.81    1    14
(relay)    15    18    14889.83    14    14888.05    1    1
(relay)    21    21    14905.43    14    14905.3    5    1
(advertise)    14    14905.63    21    14
(relay)    7    8    14928.44    14    14909.95    5    1
(advertise)    14    14928.84    8    14
(relay)    15    15    14936.65    14    14936.07    5    1
(advertise)    14    14952.05    15    14
(relay)    15    22    14958.46    14    14956.47    3    1
(advertise)    14    14973.26    22    14
(relay)    15    6    14985.08    14    14961.49    1    1
(relay)    15    9    15006.28    14    14999.93    3    1
(advertise)    14    15006.48    9    14
(relay)    21    29    15028.69    15    15010.61    3    1
(advertise)    14    15029.29    29    15
(relay)    7    4    15037.5    16    15003.96    1    1
(relay)    21    30    15055.1    14    14968.53    1    1
(relay)    7    7    15182.5    15    15182.48    7    1
(advertise)    14    15182.7    7    15
(relay)    7    3    15208.32    15    15196.48    1    1
(generate)    14    15212.12    [24]    15
(relay)    21    23    15237.53    15    15218.68    1    1
(relay)    15    28    15259.13    15    15212.48    1    1
(relay)    7    5    15310.53    15    15304.5    1    1
(relay)    7    11    15336.13    15    15323.2    1    1
(relay)    21    37    15356.13    15    15353.21    1    1
(relay)    21    42    15378.33    15    15358.06    5    1
(advertise)    14    15378.53    42    15
(relay)    21    35    15402.94    15    15379.2    5    1
(advertise)    14    15403.74    35    15
(relay)    7    16    15442.36    15    15428.22    1    1
(relay)    21    43    15504.56    15    15499.72    3    1
(advertise)    14    15504.76    43    15
(relay)    15    10    15529.77    15    15521.15    1    1
(relay)    15    17    15608.17    15    15606.62    1    1
(relay)    7    2    15614.97    15    15611.82    3    1
(advertise)    14    15615.17    2    15
(relay)    7    0    15663.78    15    15662.53    7    1
(advertise)    14    15663.98    0    15
(relay)    21    44    15690.59    15    15663.14    1    1
(relay)    21    36    15723.39    15    15722.33    3    1
(advertise)    14    15723.59    36    15
(relay)    15    1    15746.81    15    15739.48    5    1
(advertise)    14    15747.01    1    15
(relay)    15    18    15890.02    15    15888.16    1    1
(relay)    21    21    15905.42    15    15905.37    5    1
(advertise)    14    15905.62    21    15
(relay)    7    8    15928.43    15    15910.01    5    1
(advertise)    14    15928.63    8    15
(relay)    15    15    15936.85    15    15936.22    5    1
(advertise)    14    15949.85    15    15
(relay)    15    22    15959.46    15    15956.53    3    1
(advertise)    14    15972.46    22    15
(relay)    15    6    15994.27    15    15961.51    1    1
(relay)    21    30    15997.07    15    15968.63    1    1
(relay)    7    9    16017.27    15    16000.09    3    1
(advertise)    14    16017.47    9    15
(relay)    7    4    16039.49    17    16004.14    1    1
(relay)    21    29    16044.29    16    16010.78    3    1
(advertise)    14    16044.69    29    16
(heartbeat)    24    4    16025.24    14    16084.5    4    14
(advertise)    14    16084.7    24    4
(relay)    7    7    16182.71    16    16182.58    7    1
(advertise)    14    16182.91    7    16
(relay)    7    3    16210.92    16    16196.54    1    1
(generate)    14    16212.12    [24]    16
(relay)    21    28    16236.14    16    16212.5    5    1
(advertise)    14    16236.34    28    16
(relay)    21    23    16258.35    16    16218.72    1    1
(relay)    15    11    16334.75    16    16323.36    1    1
(relay)    21    37    16354.55    16    16353.38    1    1
(relay)    15    19    16356.55    16    16322.44    1    1
(relay)    21    42    16378.75    16    16358.23    5    1
(advertise)    14    16378.95    42    16
(relay)    21    35    16400.76    16    16379.29    5    1
(advertise)    14    16401.96    35    16
(relay)    21    13    16427.58    17    16374    117    1
(advertise)    14    16427.78    13    17
(relay)    15    16    16445.59    16    16428.38    3    1
(advertise)    14    16449.59    16    16
(relay)    21    43    16505.8    16    16499.82    3    1
(advertise)    14    16506.0    43    16
(relay)    15    10    16529.02    16    16521.21    1    1
(relay)    15    17    16608.42    16    16606.67    1    1
(relay)    15    2    16629.42    16    16611.85    3    1
(advertise)    14    16629.62    2    16
(relay)    7    0    16663.83    16    16662.55    7    1
(advertise)    14    16664.03    0    16
(relay)    15    20    16702.64    17    16700    122    1
(advertise)    14    16702.84    20    17
(relay)    21    36    16733.05    16    16722.44    3    1
(advertise)    14    16733.25    36    16
(relay)    15    1    16755.67    16    16739.6    5    1
(advertise)    14    16756.27    1    16
(relay)    15    18    16889.28    16    16888.28    1    1
(relay)    21    21    16905.48    16    16905.47    5    1
(advertise)    14    16905.68    21    16
(relay)    7    8    16927.49    16    16910.1    5    1
(advertise)    14    16927.69    8    16
(relay)    15    15    16936.71    16    16936.23    5    1
(advertise)    14    16950.71    15    16
(relay)    21    22    16974.72    16    16956.61    3    1
(advertise)    14    16976.52    22    16
(relay)    7    6    16999.13    16    16961.52    1    1
(relay)    21    30    17000.13    16    16968.82    1    1
(relay)    7    9    17021.53    16    17000.46    3    1
(advertise)    14    17021.73    9    16
(relay)    7    4    17043.15    18    17004.15    1    1
(relay)    7    7    17183.35    17    17182.69    7    1
(advertise)    14    17183.55    7    17
(generate)    14    17212.16    [24]    17
(relay)    21    23    17239.37    17    17218.82    1    1
(relay)    15    19    17354.97    17    17322.57    1    1
(relay)    15    37    17377.37    17    17353.41    1    1
(relay)    21    42    17380.17    17    17358.25    5    1
(advertise)    14    17380.37    42    17
(relay)    21    35    17403.38    17    17379.41    5    1
(advertise)    14    17403.78    35    17
(relay)    7    13    17427.2    18    17374    119    1
(advertise)    14    17427.4    13    18
(relay)    7    16    17473.61    17    17428.47    1    1
(relay)    21    43    17504.01    17    17499.95    3    1
(advertise)    14    17504.21    43    17
(relay)    7    10    17527.62    17    17521.24    1    1
(relay)    15    17    17607.42    17    17606.69    1    1
(relay)    7    2    17613.22    17    17611.88    3    1
(advertise)    14    17613.42    2    17
(relay)    7    0    17664.84    17    17662.57    7    1
(advertise)    14    17665.04    0    17
(relay)    21    44    17689.85    17    17663.21    1    1
(relay)    21    20    17713.05    18    17700    114    1
(advertise)    14    17713.25    20    18
(relay)    21    36    17736.46    17    17722.53    3    1
(advertise)    14    17736.66    36    17
(relay)    7    1    17760.68    17    17739.67    5    1
(advertise)    14    17760.88    1    17
(relay)    15    18    17890.89    17    17888.42    1    1
(relay)    21    21    17906.09    17    17905.55    5    1
(advertise)    14    17906.29    21    17
(relay)    7    8    17930.7    17    17910.15    5    1
(advertise)    14    17931.3    8    17
(relay)    15    15    17937.31    17    17936.38    5    1
(advertise)    14    17953.71    15    17
(relay)    15    22    17960.73    17    17957.87    3    1
(advertise)    14    17976.33    22    17
(relay)    15    6    17982.94    17    17961.53    1    1
(relay)    15    9    18005.74    17    18000.61    3    1
(advertise)    14    18005.94    9    17
(relay)    21    29    18029.95    18    18010.98    3    1
(advertise)    14    18030.15    29    18
(relay)    21    30    18051.97    17    17968.99    1    1
(relay)    7    4    18064.57    19    18004.37    1    1
(relay)    7    7    18183.37    18    18182.79    7    1
(advertise)    14    18183.57    7    18
(relay)    15    3    18211.18    18    18196.67    1    1
(generate)    14    18212.18    [24]    18
(relay)    21    23    18236.59    18    18218.92    1    1
(relay)    15    5    18310.19    18    18304.73    1    1
(relay)    15    11    18332.79    18    18323.65    1    1
(relay)    21    37    18356.19    18    18353.6    1    1
(relay)    21    42    18379.39    18    18358.27    5    1
(advertise)    14    18379.59    42    18
(relay)    15    19    18381.61    18    18322.57    1    1
(relay)    7    13    18403.41    19    18374    121    1
(advertise)    14    18403.81    13    19
(relay)    15    16    18447.22    18    18428.6    3    1
(advertise)    14    18447.42    16    18
(relay)    7    43    18503.03    18    18500.05    1    1
(relay)    15    10    18527.43    18    18521.29    1    1
(relay)    15    17    18608.03    18    18606.78    1    1
(relay)    7    2    18612.83    18    18611.91    3    1
(advertise)    14    18613.03    2    18
(relay)    7    0    18664.84    18    18662.76    7    1
(advertise)    14    18665.04    0    18
(relay)    15    20    18702.86    19    18700    122    1
(advertise)    14    18703.06    20    19
(relay)    15    36    18726.47    18    18722.56    3    1
(advertise)    14    18727.27    36    18
(relay)    7    1    18749.88    18    18739.77    5    1
(advertise)    14    18751.08    1    18
(relay)    15    18    18905.7    18    18888.59    1    1
(relay)    21    21    18906.1    18    18905.61    5    1
(advertise)    14    18906.3    21    18
(relay)    7    8    18929.31    18    18910.2    5    1
(advertise)    14    18930.91    8    18
(relay)    15    15    18937.52    18    18936.54    5    1
(advertise)    14    18954.12    15    18
(relay)    7    6    18971.54    18    18961.55    1    1
(relay)    15    22    18973.14    18    18958.12    3    1
(advertise)    14    18978.14    22    18
(relay)    21    30    19001.75    18    18969.07    1    1
(relay)    7    9    19016.55    18    19000.77    3    1
(advertise)    14    19016.75    9    18
(relay)    7    4    19040.56    20    19004.38    1    1
(relay)    15    29    19089.56    19    19011.11    1    1
(relay)    7    7    19183.36    19    19182.84    7    1
(advertise)    14    19183.56    7    19
(relay)    15    3    19211.97    19    19196.74    1    1
(generate)    14    19212.37    [24]    19
(relay)    21    23    19236.79    19    19218.94    1    1
(relay)    15    28    19256.79    19    19212.56    3    1
(advertise)    14    19256.99    28    19
(relay)    15    5    19308.6    19    19304.82    1    1
(relay)    15    11    19330.4    19    19323.8    1    1
(relay)    21    37    19357.2    19    19353.77    1    1
(relay)    15    19    19359.6    19    19322.72    1    1
(relay)    21    42    19381.8    19    19358.29    5    1
(advertise)    14    19382.0    42    19
(relay)    21    35    19403.21    19    19379.61    5    1
(advertise)    14    19403.41    35    19
(relay)    15    16    19445.43    19    19428.75    3    1
(advertise)    14    19445.63    16    19
(relay)    15    43    19501.64    19    19500.14    3    1
(advertise)    14    19501.84    43    19
(relay)    15    10    19527.05    19    19521.32    1    1
(relay)    15    17    19608.45    19    19606.87    1    1
(relay)    7    2    19614.25    19    19611.92    3    1
(advertise)    14    19614.45    2    19
(relay)    7    0    19665.07    19    19662.77    7    1
(advertise)    14    19665.27    0    19
(relay)    15    20    19704.08    20    19700    122    1
(advertise)    14    19704.28    20    20
(relay)    15    36    19730.89    19    19722.62    3    1
(advertise)    14    19731.29    36    19
(relay)    15    1    19755.3    19    19739.87    5    1
(advertise)    14    19755.7    1    19
(relay)    21    21    19906.32    19    19905.67    5    1
(advertise)    14    19906.52    21    19
(relay)    7    8    19930.33    19    19910.28    5    1
(advertise)    14    19930.73    8    19
(relay)    15    15    19937.74    19    19936.73    5    1
(advertise)    14    19953.14    15    19
(relay)    7    22    19973.36    19    19958.18    1    1
(relay)    7    6    20001.96    19    19961.68    1    1
(relay)    21    29    20014.56    20    20011.11    3    1
(advertise)    14    20014.76    29    20
(relay)    21    30    20034.77    19    19969.25    1    1
(relay)    7    9    20043.57    19    20000.95    1    1
(heartbeat)    24    5    20025.25    14    20058.37    4    14
(advertise)    14    20058.57    24    5
(relay)    7    4    20066.18    21    20005.59    1    1
(relay)    7    7    20183.98    20    20182.95    7    1
(advertise)    14    20184.18    7    20
(relay)    7    3    20212.2    20    20196.81    1    1
(generate)    14    20212.4    [24]    20
(relay)    21    28    20237.01    20    20212.6    5    1
(advertise)    14    20237.21    28    20
(relay)    21    23    20259.22    20    20219.03    1    1
(relay)    7    5    20307.22    20    20304.92    1    1
(relay)    15    11    20331.42    20    20323.82    1    1
(relay)    21    37    20357.82    20    20353.78    1    1
(relay)    21    42    20380.22    20    20358.48    5    1
(advertise)    14    20380.42    42    20
(relay)    7    13    20404.03    21    20374    121    1
(relay)    21    35    20404.63    20    20379.71    3    2
(advertise)    14    20404.83    13    21
(advertise)    14    20428.65    35    20
(relay)    7    16    20452.06    20    20428.9    1    1
(relay)    15    43    20502.26    20    20500.26    3    1
(advertise)    14    20502.46    43    20
(relay)    15    10    20529.47    20    20521.39    1    1
(relay)    15    17    20609.07    20    20606.98    1    1
(relay)    7    2    20615.07    20    20611.96    3    1
(advertise)    14    20615.27    2    20
(relay)    15    0    20666.09    20    20662.78    1    1
(relay)    21    44    20666.69    20    20663.33    1    1
(relay)    21    36    20726.69    20    20722.68    3    1
(advertise)    14    20726.89    36    20
(relay)    7    1    20750.3    20    20739.98    5    1
(advertise)    14    20750.5    1    20
(relay)    15    18    20892.51    20    20888.91    1    1
(relay)    21    21    20906.71    20    20905.74    5    1
(advertise)    14    20906.91    21    20
(relay)    7    8    20931.93    20    20910.56    5    1
(advertise)    14    20932.13    8    20
(relay)    15    15    20936.94    20    20936.89    5    1
(advertise)    14    20953.94    15    20
(relay)    15    22    20959.55    20    20958.23    3    1
(advertise)    14    20974.95    22    20
(relay)    15    6    21002.56    20    20961.69    1    1
(relay)    21    29    21013.96    21    21011.29    3    1
(advertise)    14    21014.16    29    21
(relay)    21    30    21036.58    20    20969.4    1    1
(relay)    7    9    21039.18    20    21000.95    3    1
(advertise)    14    21039.98    9    20
(relay)    7    4    21061.19    22    21005.6    1    1
(relay)    7    7    21183.99    21    21183.04    7    1
(advertise)    14    21184.19    7    21
(relay)    7    3    21209.6    21    21196.87    1    1
(generate)    14    21212.4    [24]    21
(relay)    21    23    21235.62    21    21219.08    1    1
(relay)    7    5    21307.22    21    21304.99    1    1
(relay)    7    11    21333.42    21    21324.0    1    1
(relay)    21    37    21358.82    21    21353.93    1    1
(relay)    15    42    21382.22    21    21358.67    3    1
(advertise)    14    21382.42    42    21
(relay)    21    35    21403.43    21    21379.78    5    1
(advertise)    14    21404.03    35    21
(relay)    21    16    21452.64    21    21429.05    1    1
(relay)    21    43    21502.64    21    21500.32    3    1
(advertise)    14    21502.84    43    21
(relay)    7    10    21527.66    21    21521.43    1    1
(relay)    21    13    21537.86    22    21374    115    1
(advertise)    14    21538.06    13    22
(relay)    15    17    21608.87    21    21607.04    1    1
(relay)    15    2    21630.87    21    21611.99    3    1
(advertise)    14    21631.07    2    21
(relay)    7    0    21663.28    21    21662.97    7    1
(advertise)    14    21663.48    0    21
(relay)    15    20    21705.89    22    21700    122    1
(advertise)    14    21706.09    20    22
(relay)    21    36    21730.91    21    21722.73    3    1
(advertise)    14    21731.31    36    21
(relay)    7    1    21753.72    21    21740.08    5    1
(advertise)    14    21754.72    1    21
(relay)    15    18    21893.33    21    21889.07    1    1
(relay)    21    21    21906.73    21    21905.81    5    1
(advertise)    14    21906.93    21    21
(relay)    7    8    21930.35    21    21910.64    5    1
(advertise)    14    21930.95    8    21
(relay)    15    15    21937.16    21    21937.06    5    1
(advertise)    14    21953.36    15    21
(relay)    15    22    21961.57    21    21958.27    3    1
(advertise)    14    21975.97    22    21
(relay)    15    6    21992.19    21    21961.7    1    1
(relay)    21    29    22013.39    22    22011.45    3    1
(advertise)    14    22013.59    29    22
(relay)    7    4    22034.8    23    22005.79    1    1
(relay)    21    9    22036.6    21    22001.1    1    1
(relay)    15    30    22081.4    21    21969.53    1    1
(relay)    7    12    22081.8    22    22041.4    1    1
(relay)    7    7    22184.2    22    22183.15    7    1
(advertise)    14    22184.4    7    22
(relay)    15    3    22208.21    22    22196.95    1    1
(generate)    14    22212.41    [24]    22
(relay)    21    28    22235.42    22    22212.8    5    1
(advertise)    14    22235.62    28    22
(relay)    15    23    22253.44    22    22219.13    1    1
(relay)    7    5    22307.84    22    22305.06    1    1
(relay)    21    37    22359.84    22    22354.11    1    1
(relay)    15    13    22377.84    23    22374    121    1
(advertise)    14    22378.04    13    23
(relay)    21    42    22382.05    22    22358.86    5    1
(advertise)    14    22400.45    42    22
(relay)    15    16    22431.06    22    22429.19    3    1
(advertise)    14    22431.26    16    22
(relay)    21    43    22503.08    22    22500.4    3    1
(advertise)    14    22503.28    43    22
(relay)    15    17    22610.09    22    22607.04    1    1
(relay)    7    2    22616.09    22    22612.02    3    1
(advertise)    14    22616.29    2    22
(relay)    7    0    22663.5    22    22662.98    7    1
(advertise)    14    22663.7    0    22
(relay)    15    44    22687.92    22    22663.39    1    1
(relay)    21    20    22708.12    23    22700    120    1
(advertise)    14    22708.32    20    23
(relay)    21    36    22730.93    22    22722.77    1    1
(relay)    15    1    22740.93    22    22740.15    5    1
(advertise)    14    22741.13    1    22
(relay)    21    21    22906.94    22    22905.89    5    1
(advertise)    14    22907.14    21    22
(relay)    15    8    22928.55    22    22910.73    5    1
(advertise)    14    22930.95    8    22
(relay)    15    15    22937.37    22    22937.24    5    1
(advertise)    14    22952.17    15    22
(relay)    15    22    22959.58    22    22958.32    3    1
(advertise)    14    22974.58    22    22
(relay)    15    30    22996.99    22    22969.7    1    1
(relay)    7    6    23000.79    22    22961.72    1    1
(relay)    21    29    23019.79    23    23011.47    3    1
(advertise)    14    23019.99    29    23
(relay)    7    9    23043.61    22    23001.27    3    1
(advertise)    14    23044.41    9    22
(relay)    7    4    23064.82    24    23005.82    1    1
(relay)    7    7    23184.22    23    23183.25    7    1
(advertise)    14    23184.42    7    23
(relay)    7    3    23208.03    23    23197.02    1    1
(generate)    14    23212.43    [24]    23
(relay)    15    28    23235.25    23    23212.81    3    1
(advertise)    14    23235.45    28    23
(relay)    21    23    23257.06    23    23219.22    1    1
(relay)    7    5    23309.26    23    23305.12    1    1
(relay)    7    11    23333.86    23    23324.28    1    1
(relay)    21    37    23359.06    23    23354.11    1    1
(relay)    7    13    23378.06    24    23374    121    1
(advertise)    14    23378.26    13    24
(relay)    15    42    23405.87    23    23359.04    3    1
(advertise)    14    23406.07    42    23
(relay)    15    35    23429.68    23    23379.98    1    1
(relay)    7    16    23433.88    23    23429.34    1    1
(relay)    15    43    23504.68    23    23500.51    3    1
(advertise)    14    23504.88    43    23
(relay)    15    10    23530.3    23    23521.7    1    1
(relay)    15    17    23610.7    23    23607.11    1    1
(relay)    15    2    23631.7    23    23612.04    3    1
(advertise)    14    23631.9    2    23
(relay)    7    0    23663.51    23    23663.16    7    1
(advertise)    14    23663.71    0    23
(relay)    21    44    23687.32    23    23663.4    1    1
(relay)    7    20    23708.92    24    23700    120    1
(advertise)    14    23709.12    20    24
(relay)    21    36    23732.14    23    23722.86    3    1
(advertise)    14    23732.54    36    23
(relay)    7    1    23756.35    23    23740.26    5    1
(advertise)    14    23756.75    1    23
(relay)    15    18    23894.16    23    23889.35    1    1
(relay)    21    21    23906.16    23    23905.98    5    1
(advertise)    14    23906.36    21    23
(relay)    7    8    23928.78    23    23910.83    5    1
(advertise)    14    23930.38    8    23
(relay)    15    15    23937.99    23    23937.4    5    1
(advertise)    14    23951.99    15    23
(relay)    15    22    23960.8    23    23958.37    3    1
(advertise)    14    23973.0    22    23
(relay)    7    6    23996.01    23    23961.73    1    1
(relay)    15    29    24012.81    24    24011.66    3    1
(advertise)    14    24013.01    29    24
(relay)    7    9    24019.23    23    24001.44    3    1
(advertise)    14    24035.03    9    23
(relay)    21    30    24037.24    23    23969.85    1    1
(relay)    7    4    24064.84    25    24006.02    1    1
(heartbeat)    24    6    24025.27    14    24081.44    4    14
(advertise)    14    24081.64    24    6
(relay)    7    7    24183.45    24    24183.37    9    1
(advertise)    14    24183.65    7    24
(relay)    15    3    24209.07    24    24197.11    1    1
(generate)    14    24212.47    [24]    24
(relay)    21    23    24238.48    24    24219.33    1    1
(relay)    15    19    24336.48    24    24323.4    1    1
(relay)    7    11    24337.48    24    24324.29    1    1
(relay)    21    37    24357.48    24    24354.29    1    1
(relay)    15    35    24405.48    24    24381.29    3    1
(advertise)    14    24405.68    35    24
(relay)    15    16    24432.29    24    24429.49    3    1
(advertise)    14    24432.49    16    24
(relay)    21    43    24504.91    24    24500.6    3    1
(advertise)    14    24505.11    43    24
(relay)    15    10    24531.52    24    24521.76    1    1
(relay)    15    17    24610.52    24    24607.19    1    1
(relay)    7    2    24616.72    24    24612.07    3    1
(advertise)    14    24616.92    2    24
(relay)    7    0    24664.73    24    24663.36    7    1
(advertise)    14    24664.93    0    24
(relay)    15    20    24705.94    25    24700    122    1
(advertise)    14    24706.14    20    25
(relay)    21    36    24730.56    24    24722.92    3    1
(advertise)    14    24730.96    36    24
(relay)    15    1    24752.97    24    24740.34    5    1
(advertise)    14    24754.97    1    24
(relay)    15    18    24891.58    24    24889.52    1    1
(relay)    21    21    24906.18    24    24906.06    9    1
(advertise)    14    24906.38    21    24
(relay)    7    8    24931.4    24    24910.89    5    1
(advertise)    14    24931.6    8    24
(relay)    15    15    24938.21    24    24937.59    7    1
(advertise)    14    24953.61    15    24
(relay)    15    22    24961.02    24    24958.43    5    1
(advertise)    14    24974.82    22    24
(relay)    21    9    25003.64    24    25001.59    1    1
(relay)    21    29    25025.64    25    25011.66    3    1
(advertise)    14    25025.84    29    25
(relay)    7    4    25027.25    26    25006.05    1    1
(relay)    21    30    25049.85    24    24970.02    1    1
(relay)    7    7    25183.45    25    25183.45    9    1
(advertise)    14    25183.65    7    25
(relay)    7    3    25209.26    25    25197.18    1    1
(generate)    14    25212.66    [24]    25
(relay)    21    23    25239.27    25    25219.4    1    1
(relay)    21    28    25261.47    25    25213.01    3    1
(advertise)    14    25261.67    28    25
(relay)    7    5    25311.69    25    25305.31    1    1
(relay)    15    11    25336.49    25    25324.43    1    1
(relay)    21    35    25383.29    25    25381.35    5    1
(advertise)    14    25383.49    35    25
(relay)    15    37    25409.5    25    25354.29    1    1
(relay)    7    13    25410.5    26    25374    119    1
(advertise)    14    25410.7    13    26
(relay)    7    16    25435.31    25    25430.2    1    1
(relay)    21    43    25505.91    25    25500.71    3    1
(advertise)    14    25506.11    43    25
(relay)    7    10    25530.13    25    25521.82    1    1
(relay)    15    2    25614.13    25    25612.12    3    1
(advertise)    14    25614.33    2    25
(relay)    7    0    25664.74    25    25663.37    7    1
(advertise)    14    25664.94    0    25
(relay)    15    44    25688.75    25    25663.52    1    1
(relay)    21    36    25724.15    25    25722.99    3    1
(advertise)    14    25724.35    36    25
(relay)    7    1    25747.17    25    25740.42    5    1
(advertise)    14    25748.37    1    25
(relay)    15    18    25905.58    25    25889.63    1    1
(relay)    21    21    25906.18    25    25906.12    9    1
(advertise)    14    25906.38    21    25
(relay)    7    8    25929.19    25    25910.95    5    1
(advertise)    14    25930.99    8    25
(relay)    15    15    25938.2    25    25937.71    7    1
(advertise)    14    25952.0    15    25
(relay)    15    22    25972.42    25    25958.46    5    1
(advertise)    14    25973.82    22    25
(relay)    7    9    26003.03    25    26001.76    3    1
(advertise)    14    26003.23    9    25
(relay)    7    6    26026.64    25    25962.06    1    1
(relay)    21    29    26027.84    26    26011.85    3    1
(advertise)    14    26028.24    29    26
(relay)    7    4    26069.86    27    26006.07    1    1
(relay)    7    7    26183.66    26    26183.55    9    1
(advertise)    14    26183.86    7    26
(relay)    7    3    26209.67    26    26197.27    1    1
(generate)    14    26212.67    [24]    26
(relay)    21    23    26238.88    26    26219.47    1    1
(relay)    21    28    26259.28    26    26213.2    3    1
(advertise)    14    26259.48    28    26
(relay)    7    5    26312.7    26    26305.4    1    1
(relay)    7    11    26334.9    26    26325.03    1    1
(relay)    21    37    26356.1    26    26354.43    1    1
(relay)    21    42    26380.7    26    26359.14    5    1
(advertise)    14    26380.9    42    26
(relay)    21    35    26405.51    26    26381.44    5    1
(advertise)    14    26405.91    35    26
(relay)    15    13    26443.72    27    26374    119    1
(advertise)    14    26443.92    13    27
(relay)    15    16    26465.93    26    26430.37    3    1
(advertise)    14    26466.33    16    26
(relay)    15    43    26505.95    26    26500.82    3    1
(advertise)    14    26506.15    43    26
(relay)    15    10    26531.36    26    26521.89    1    1
(relay)    15    17    26608.36    26    26607.51    1    1
(relay)    15    2    26629.36    26    26612.16    3    1
(advertise)    14    26629.56    2    26
(relay)    7    0    26664.57    26    26663.38    7    1
(advertise)    14    26664.77    0    26
(relay)    15    44    26690.79    26    26663.59    1    1
(relay)    7    20    26704.59    27    26700    120    1
(advertise)    14    26704.79    20    27
(relay)    21    36    26737.2    26    26723.1    3    1
(advertise)    14    26737.4    36    26
(relay)    15    1    26759.81    26    26740.51    5    1
(advertise)    14    26760.41    1    26
(relay)    15    18    26890.63    26    26889.81    1    1
(relay)    21    21    26906.23    26    26906.22    9    1
(advertise)    14    26906.43    21    26
(relay)    7    8    26928.44    26    26911.02    5    1
(advertise)    14    26928.84    8    26
(relay)    15    15    26939.45    26    26938.53    7    1
(advertise)    14    26952.05    15    26
(relay)    15    22    26961.46    26    26958.55    5    1
(advertise)    14    26975.46    22    26
(relay)    15    30    26999.88    26    26970.29    1    1
(relay)    7    9    27003.88    26    27001.94    3    1
(advertise)    14    27004.08    9    26
(relay)    21    29    27043.09    27    27011.87    3    1
(advertise)    14    27043.29    29    27
(relay)    15    4    27065.9    28    27006.11    1    1
(relay)    7    7    27184.1    27    27183.63    9    1
(advertise)    14    27184.3    7    27
(generate)    14    27212.72    [24]    27
(relay)    21    23    27237.73    27    27219.54    1    1
(relay)    21    28    27260.53    27    27213.23    3    1
(advertise)    14    27260.73    28    27
(relay)    7    5    27312.94    27    27305.49    1    1
(relay)    7    11    27334.94    27    27325.19    1    1
(relay)    21    37    27356.74    27    27354.6    1    1
(relay)    21    42    27380.94    27    27359.19    5    1
(advertise)    14    27381.14    42    27
(relay)    21    35    27403.96    27    27381.54    5    1
(advertise)    14    27404.96    35    27
(relay)    15    19    27422.97    27    27323.92    1    1
(relay)    7    13    27430.57    28    27374    119    1
(advertise)    14    27430.77    13    28
(relay)    7    16    27470.38    27    27430.52    1    1
(relay)    15    43    27511.18    27    27500.95    1    1
(relay)    15    10    27536.98    27    27521.97    1    1
(relay)    15    17    27608.38    27    27607.59    1    1
(relay)    15    2    27629.78    27    27612.22    3    1
(advertise)    14    27629.98    2    27
(relay)    7    0    27665.59    27    27663.4    7    1
(advertise)    14    27665.79    0    27
(relay)    15    44    27688.41    27    27663.65    1    1
(relay)    15    20    27710.01    28    27700    122    1
(advertise)    14    27710.21    20    28
(relay)    21    36    27736.02    27    27723.19    3    1
(advertise)    14    27736.22    36    27
(relay)    7    1    27759.23    27    27740.57    5    1
(advertise)    14    27759.83    1    27
(relay)    15    18    27891.85    27    27889.93    1    1
(relay)    21    21    27906.85    27    27906.3    9    1
(advertise)    14    27907.05    21    27
(relay)    7    8    27929.86    27    27911.07    5    1
(advertise)    14    27930.06    8    27
(relay)    15    15    27939.47    27    27938.53    7    1
(advertise)    14    27951.67    15    27
(relay)    15    22    27959.09    27    27958.62    5    1
(advertise)    14    27973.29    22    27
(relay)    15    6    27991.1    27    27962.08    1    1
(relay)    21    30    28003.3    27    27970.48    1    1
(relay)    7    9    28017.5    27    28002.1    3    1
(advertise)    14    28017.7    9    27
(relay)    7    4    28039.11    29    28006.16    1    1
(relay)    21    29    28047.71    28    28012.05    3    1
(advertise)    14    28047.91    29    28
(heartbeat)    24    7    28025.28    14    28068.92    8    14
(advertise)    14    28070.72    24    7
(relay)    7    7    28184.34    28    28183.74    9    1
(advertise)    14    28184.54    7    28
(generate)    14    28212.75    [24]    28
(relay)    21    28    28235.96    28    28213.27    9    1
(advertise)    14    28236.16    28    28
(relay)    15    23    28257.58    28    28219.66    1    1
(relay)    15    5    28312.18    28    28305.63    1    1
(relay)    21    37    28357.18    28    28354.61    1    1
(relay)    21    42    28381.78    28    28359.23    7    1
(advertise)    14    28381.98    42    28
(relay)    21    35    28405.19    28    28381.66    7    1
(advertise)    14    28405.39    35    28
(relay)    21    45    28428.6    28    28407.18    1    1
(relay)    15    16    28451.6    28    28430.71    3    1
(advertise)    14    28451.8    16    28
(relay)    15    43    28503.22    28    28501.07    5    1
(advertise)    14    28503.42    43    28
(relay)    7    10    28529.83    28    28522.1    1    1
(relay)    15    17    28608.23    28    28607.7    1    1
(relay)    7    2    28613.83    28    28612.3    3    1
(advertise)    14    28614.03    2    28
(relay)    7    0    28665.64    28    28663.46    7    1
(advertise)    14    28665.84    0    28
(relay)    15    44    28688.45    28    28663.76    1    1
(relay)    7    20    28703.05    29    28700    120    1
(advertise)    14    28703.25    20    29
(relay)    21    36    28730.87    28    28723.28    7    1
(advertise)    14    28731.07    36    28
(relay)    21    1    28758.88    28    28740.68    3    1
(advertise)    14    28759.08    1    28
(relay)    15    18    28892.69    28    28889.94    1    1
(relay)    21    21    28906.89    28    28906.4    11    1
(advertise)    14    28907.09    21    28
(relay)    7    8    28930.71    28    28911.17    5    1
(advertise)    14    28931.51    8    28
(relay)    15    15    28939.72    28    28938.72    13    1
(advertise)    14    28953.52    15    28
(relay)    15    22    28959.93    28    28959.09    11    1
(advertise)    14    28974.53    22    28
(relay)    7    9    29004.95    28    29002.1    3    1
(advertise)    14    29005.15    9    28
(relay)    21    29    29048.16    29    29012.06    9    1
(advertise)    14    29048.36    29    29
(relay)    15    30    29053.97    28    28970.67    1    1
(relay)    7    4    29076.17    30    29006.23    1    1
(relay)    7    7    29184.37    29    29183.84    9    1
(advertise)    14    29184.57    7    29
(generate)    14    29212.78    [24]    29
(relay)    7    3    29214.0    29    29197.64    1    1
(relay)    21    23    29236.2    29    29219.72    1    1
(relay)    21    28    29261.0    29    29213.29    7    1
(advertise)    14    29261.2    28    29
(relay)    15    11    29333.21    29    29325.24    1    1
(relay)    21    37    29358.61    29    29354.62    1    1
(relay)    21    42    29382.01    29    29359.25    7    1
(advertise)    14    29382.21    42    29
(relay)    21    35    29403.42    29    29381.75    9    1
(advertise)    14    29404.42    35    29
(relay)    21    45    29427.64    29    29407.33    1    1
(relay)    15    19    29429.04    29    29324.05    1    1
(relay)    21    16    29474.04    29    29430.87    1    1
(relay)    15    43    29502.44    29    29501.19    5    1
(advertise)    14    29502.64    43    29
(relay)    7    10    29528.65    29    29522.2    1    1
(relay)    15    17    29609.25    29    29607.79    1    1
(relay)    7    2    29615.05    29    29612.41    3    1
(advertise)    14    29615.25    2    29
(relay)    7    0    29665.86    29    29663.5    7    1
(advertise)    14    29666.06    0    29
(relay)    15    20    29703.28    30    29700    122    1
(advertise)    14    29703.48    20    30
(relay)    21    36    29728.89    29    29723.36    7    1
(advertise)    14    29729.49    36    29
(relay)    15    1    29754.3    29    29740.8    5    1
(advertise)    14    29754.7    1    29
(relay)    15    18    29892.91    29    29890.13    1    1
(relay)    21    21    29907.11    29    29906.49    11    1
(advertise)    14    29907.31    21    29
(relay)    7    8    29931.13    29    29911.25    5    1
(advertise)    14    29931.33    8    29
(relay)    15    15    29939.74    29    29938.73    13    1
(advertise)    14    29953.34    15    29
(relay)    15    22    29959.55    29    29959.17    11    1
(advertise)    14    29975.15    22    29
