(relay)    12    13    375.2    1    374    126    1
(advertise)    19    375.4    13    1
(relay)    20    20    701.01    1    700    127    1
(advertise)    19    701.21    20    1
(relay)    26    4    1004.23    2    1000.04    123    1
(advertise)    19    1004.43    4    2
(relay)    12    29    1028.44    1    1009.04    120    1
(advertise)    19    1028.64    29    1
(relay)    12    12    1040.65    1    1040.05    127    1
(advertise)    19    1051.25    12    1
(relay)    18    7    1184.07    1    1181.07    122    1
(advertise)    19    1184.27    7    1
(relay)    18    25    1207.08    1    1206.08    126    1
(advertise)    19    1207.68    25    1
(relay)    18    3    1231.29    1    1195.08    124    1
(advertise)    19    1231.69    3    1
(relay)    18    14    1256.7    1    1210.09    119    1
(advertise)    19    1256.9    14    1
(relay)    26    23    1258.52    1    1217.09    122    1
(advertise)    19    1279.72    23    1
(relay)    18    28    1303.13    1    1211.09    119    1
(advertise)    19    1304.13    28    1
(generate)    19    1320.14    [24]    1
(relay)    12    5    1325.36    1    1303.12    126    1
(advertise)    19    1326.16    5    1
(relay)    18    11    1348.17    1    1321.13    126    1
(advertise)    19    1348.77    11    1
(relay)    26    41    1368.38    1    1305.13    124    1
(advertise)    19    1371.78    41    1
(relay)    12    13    1413.4    2    1374    126    1
(advertise)    19    1413.6    13    2
(relay)    18    48    1415.81    1    1280.1    111    1
(advertise)    19    1437.21    48    1
(relay)    26    33    1457.42    1    1377.18    126    1
(relay)    18    16    1457.62    1    1426.2    125    2
(advertise)    19    1459.82    33    1
(advertise)    19    1481.63    16    1
(relay)    26    37    1503.05    1    1351.36    122    1
(advertise)    19    1504.45    37    1
(relay)    18    27    1525.06    1    1307.13    118    1
(advertise)    19    1526.66    27    1
(relay)    12    31    1528.67    1    1327.56    114    1
(advertise)    19    1548.07    31    1
(relay)    12    10    1552.89    1    1520.06    125    1
(relay)    18    45    1567.49    1    1402.2    122    2
(advertise)    19    1569.49    10    1
(relay)    26    34    1571.1    1    1512.06    125    2
(advertise)    19    1590.5    45    1
(advertise)    19    1612.11    34    1
(relay)    18    35    1635.13    1    1374.16    116    1
(advertise)    19    1636.13    35    1
(relay)    18    17    1656.14    1    1605.11    126    1
(advertise)    19    1658.14    17    1
(relay)    26    43    1661.55    1    1498.03    120    1
(advertise)    19    1680.75    43    1
(relay)    20    20    1700.96    2    1700    127    1
(relay)    18    2    1701.56    1    1611.11    123    2
(advertise)    19    1701.96    20    2
(advertise)    19    1724.18    2    1
(relay)    18    0    1745.39    1    1661.07    121    1
(advertise)    19    1747.19    0    1
(relay)    18    44    1769.6    1    1662.14    121    1
(advertise)    19    1770.8    44    1
(relay)    18    1    1791.62    1    1738.16    122    1
(advertise)    19    1792.82    1    1
(relay)    26    36    1795.43    1    1721.15    121    1
(advertise)    19    1815.43    36    1
(relay)    26    26    1827.24    1    1827.04    127    1
(advertise)    19    1837.44    26    1
(relay)    18    32    1861.46    1    1815.03    125    1
(advertise)    19    1861.86    32    1
(relay)    26    38    1867.27    1    1810.02    123    1
(advertise)    19    1884.07    38    1
(relay)    18    18    1887.28    1    1886.28    127    1
(advertise)    19    1906.88    18    1
(relay)    26    40    1929.89    1    1893.08    125    1
(advertise)    19    1930.29    40    1
(relay)    18    8    1954.51    1    1907.07    123    1
(advertise)    19    1954.71    8    1
(relay)    18    21    1976.72    1    1904.07    122    1
(advertise)    19    1977.72    21    1
(relay)    12    6    2002.13    1    1961.0    123    1
(advertise)    19    2002.33    6    1
(relay)    18    9    2024.95    1    1998.13    124    1
(relay)    12    4    2026.35    3    2000.15    125    2
(advertise)    19    2027.15    9    1
(relay)    12    12    2040.76    2    2040.16    127    2
(relay)    18    22    2047.36    1    1954.29    123    3
(advertise)    19    2049.56    4    3
(relay)    26    30    2051.97    1    1965.11    123    3
(advertise)    19    2070.57    12    2
(advertise)    19    2093.99    22    1
(relay)    18    39    2112.4    1    1913.09    120    2
(advertise)    19    2117.0    30    1
(relay)    26    15    2138.21    1    1932.08    118    2
(advertise)    19    2139.41    39    1
(advertise)    19    2161.82    15    1
(relay)    12    29    2163.04    2    2009.13    120    1
(advertise)    19    2182.84    29    2
(relay)    18    7    2205.65    2    2181.21    122    1
(advertise)    19    2206.05    7    2
(relay)    12    25    2230.46    2    2207.06    124    1
(advertise)    19    2232.06    25    2
(relay)    18    14    2249.28    2    2210.25    123    1
(advertise)    19    2253.08    14    2
(relay)    18    3    2271.29    2    2195.25    124    1
(relay)    26    23    2272.89    2    2217.25    122    2
(advertise)    19    2276.29    3    2
(advertise)    19    2299.1    23    2
(relay)    12    5    2318.12    2    2303.29    126    1
(relay)    18    28    2318.92    2    2211.25    119    2
(relay)    26    27    2319.32    2    2307.29    126    3
(generate)    19    2320.32    [24]    2
(advertise)    19    2321.53    5    2
(advertise)    19    2343.54    28    2
(relay)    12    11    2361.15    2    2321.32    126    2
(advertise)    19    2364.55    27    2
(advertise)    19    2385.57    11    2
(relay)    12    13    2406.78    3    2374    126    1
(advertise)    19    2407.98    13    3
(relay)    18    31    2409.19    2    2327.74    122    1
(advertise)    19    2429.39    31    2
(relay)    26    33    2432.01    2    2377.35    126    1
(advertise)    19    2450.41    33    2
(relay)    26    48    2452.42    2    2280.29    123    1
(relay)    18    37    2452.82    2    2351.53    120    2
(advertise)    19    2472.82    48    2
(relay)    18    41    2475.03    2    2305.32    122    2
(advertise)    19    2495.23    37    2
(advertise)    19    2516.44    41    2
(relay)    26    34    2519.26    2    2512.23    125    1
(relay)    18    16    2519.86    2    2426.38    125    2
(advertise)    19    2539.46    34    2
(advertise)    19    2561.47    16    2
(relay)    18    42    2564.68    2    2352.32    119    1
(advertise)    19    2582.68    42    2
(relay)    26    35    2606.1    2    2374.33    118    1
(advertise)    19    2606.5    35    2
(relay)    18    17    2629.31    2    2605.28    126    1
(advertise)    19    2629.51    17    2
(relay)    18    45    2673.72    2    2402.38    116    1
(advertise)    19    2673.92    45    2
(relay)    26    43    2679.94    2    2498.21    120    1
(advertise)    19    2695.94    43    2
(relay)    20    20    2700.95    3    2700    127    1
(advertise)    19    2717.35    20    3
(relay)    12    2    2720.36    2    2611.27    123    1
(relay)    26    44    2725.36    2    2662.31    121    2
(advertise)    19    2738.36    2    2
(relay)    26    10    2748.97    2    2520.24    117    2
(advertise)    19    2759.97    44    2
(advertise)    19    2781.59    10    2
(relay)    18    1    2786.6    2    2738.31    122    1
(advertise)    19    2803.4    1    2
(relay)    18    36    2808.01    2    2721.35    121    1
(relay)    26    46    2816.41    2    2774.2    123    2
(advertise)    19    2825.41    36    2
(relay)    26    26    2827.23    2    2827.21    127    2
(relay)    18    0    2829.23    2    2661.18    121    3
(advertise)    19    2846.83    46    2
(relay)    18    32    2852.84    2    2815.21    125    3
(advertise)    19    2869.24    26    2
(relay)    18    18    2887.45    2    2886.45    127    3
(advertise)    19    2890.65    0    2
(advertise)    19    2912.47    32    2
(relay)    26    38    2915.08    2    2810.2    123    2
(advertise)    19    2934.28    18    2
(relay)    26    47    2937.69    2    2866.25    124    2
(advertise)    19    2957.09    38    2
(advertise)    19    2978.1    47    2
(relay)    26    39    2981.12    2    2913.28    124    1
(relay)    12    8    2985.12    2    2907.23    123    2
(advertise)    19    3000.12    39    2
(relay)    26    40    3002.53    2    2893.27    125    2
(relay)    18    15    3003.33    2    2932.27    122    3
(advertise)    19    3021.53    8    2
(relay)    12    6    3028.14    2    2961.01    125    3
(relay)    12    12    3040.94    3    3040.34    127    4
(advertise)    19    3044.14    40    2
(relay)    18    4    3048.36    4    3000.29    125    4
(relay)    26    21    3055.96    2    2904.25    118    5
(advertise)    19    3066.36    15    2
(advertise)    19    3088.17    6    2
(advertise)    19    3110.58    12    3
(advertise)    19    3132.8    4    4
(relay)    12    9    3138.61    2    2998.3    124    2
(relay)    26    30    3144.81    2    2966.3    117    3
(advertise)    19    3155.41    21    2
(advertise)    19    3176.42    9    2
(relay)    18    22    3178.23    2    2954.48    123    2
(advertise)    19    3198.43    30    2
(relay)    26    29    3211.85    3    3009.32    122    2
(advertise)    19    3220.65    22    2
(advertise)    19    3242.46    29    3
(relay)    26    25    3255.87    3    3207.23    126    1
(relay)    12    3    3257.27    3    3195.43    124    2
(advertise)    19    3264.07    25    3
(relay)    26    28    3283.49    3    3211.43    119    2
(advertise)    19    3285.09    3    3
(relay)    12    14    3302.5    3    3211.23    121    2
(advertise)    19    3307.1    28    3
(generate)    19    3320.51    [24]    3
(relay)    12    5    3323.93    3    3303.45    126    2
(relay)    26    27    3328.13    3    3307.46    126    3
(advertise)    19    3328.33    14    3
(advertise)    19    3349.94    5    3
(advertise)    19    3371.75    27    3
(relay)    18    11    3380.56    3    3321.49    126    1
(advertise)    19    3393.16    11    3
(relay)    18    23    3402.58    3    3217.43    124    1
(relay)    12    7    3409.58    3    3181.37    120    2
(advertise)    19    3415.38    23    3
(advertise)    19    3437.79    7    3
(relay)    26    33    3457.2    3    3377.54    126    1
(advertise)    19    3461.0    33    3
(relay)    12    13    3477.02    4    3374    126    1
(advertise)    19    3482.02    13    4
(relay)    18    31    3491.63    3    3327.93    124    1
(relay)    12    37    3501.43    3    3351.71    116    2
(advertise)    19    3503.83    31    3
(advertise)    19    3525.44    37    3
(relay)    18    16    3535.66    3    3426.55    125    1
(advertise)    19    3547.46    16    3
(relay)    26    34    3570.87    3    3512.4    125    1
(advertise)    19    3571.27    34    3
(relay)    18    41    3581.48    3    3305.5    122    1
(advertise)    19    3593.28    41    3
(relay)    18    48    3603.89    3    3280.66    117    1
(relay)    12    10    3610.49    3    3520.42    123    2
(advertise)    19    3615.89    48    3
(relay)    18    35    3625.51    3    3374.53    118    2
(advertise)    19    3637.31    10    3
(advertise)    19    3659.32    35    3
(relay)    18    42    3671.33    3    3352.51    119    1
(advertise)    19    3681.53    42    3
(relay)    20    20    3700.95    4    3700    127    1
(advertise)    19    3702.95    20    4
(relay)    18    17    3716.56    3    3605.47    126    1
(advertise)    19    3725.76    17    3
(relay)    18    45    3742.17    3    3402.56    120    1
(advertise)    19    3747.57    45    3
(relay)    12    2    3770.39    3    3611.46    123    1
(advertise)    19    3770.59    2    3
(relay)    18    43    3809.0    3    3498.4    120    1
(advertise)    19    3809.2    43    3
(relay)    12    0    3813.01    3    3661.34    121    1
(relay)    26    44    3815.41    3    3662.49    121    2
(relay)    26    26    3828.01    3    3827.4    127    3
(advertise)    19    3830.41    0    3
(advertise)    19    3852.02    44    3
(relay)    26    46    3860.64    3    3774.37    123    2
(advertise)    19    3873.44    26    3
(advertise)    19    3895.45    46    3
(relay)    18    1    3898.66    3    3738.51    122    1
(relay)    26    36    3902.46    3    3721.55    121    2
(advertise)    19    3916.86    1    3
(advertise)    19    3938.88    36    3
(relay)    12    18    3946.69    3    3886.62    125    1
(relay)    26    40    3946.89    3    3893.45    125    2
(advertise)    19    3960.69    18    3
(relay)    18    38    3966.1    3    3810.39    119    2
(advertise)    19    3981.9    40    3
(relay)    12    6    3989.32    3    3961.03    125    2
(advertise)    19    4003.12    38    3
(relay)    18    8    4009.53    3    3907.42    123    2
(relay)    26    47    4012.53    3    3866.44    122    3
(advertise)    19    4024.13    6    3
(relay)    18    39    4032.34    3    3913.46    124    3
(relay)    12    12    4041.54    4    4040.54    127    4
(advertise)    19    4046.74    8    3
(advertise)    19    4069.75    47    3
(heartbeat)    24    1    4025.2    19    4076.57    127    0
(relay)    26    30    4079.77    3    3966.49    123    4
(relay)    12    4    4080.37    5    4000.49    125    5
(advertise)    19    4090.77    39    3
(advertise)    19    4112.18    12    4
(advertise)    19    4133.19    24    1
(relay)    18    15    4142.01    3    3932.45    122    3
(advertise)    19    4155.21    30    3
(relay)    18    9    4164.22    3    3998.49    124    3
(relay)    26    22    4172.22    3    3955.68    121    4
(advertise)    19    4178.42    4    5
(advertise)    19    4199.63    15    3
(relay)    12    21    4215.65    3    3904.42    118    3
(advertise)    19    4221.25    9    3
(advertise)    19    4242.66    22    3
(relay)    18    25    4252.87    4    4207.42    2    2
(advertise)    19    4266.07    21    3
(relay)    12    29    4285.28    4    4009.52    118    2
(advertise)    19    4287.68    25    4
(relay)    18    3    4302.5    4    4195.62    2    2
(advertise)    19    4308.9    29    4
(relay)    26    27    4310.31    4    4307.63    6    2
(generate)    19    4320.71    [24]    4
(advertise)    19    4330.52    3    4
(relay)    12    5    4332.54    4    4303.63    6    2
(relay)    18    14    4348.14    4    4211.42    2    3
(advertise)    19    4353.34    27    4
(advertise)    19    4375.35    5    4
(relay)    12    11    4378.76    4    4321.67    4    2
(advertise)    19    4396.76    14    4
(relay)    26    33    4399.18    4    4377.72    4    2
(advertise)    19    4417.98    11    4
(relay)    26    41    4420.39    4    4305.7    4    2
(relay)    12    32    4423.99    3    3815.41    115    3
(advertise)    19    4440.39    33    4
(relay)    12    7    4446.4    4    4181.57    120    3
(advertise)    19    4461.6    41    4
(advertise)    19    4482.61    32    3
(advertise)    19    4505.63    7    4
(relay)    18    48    4506.84    4    4280.82    2    1
(advertise)    19    4528.24    48    4
(relay)    26    34    4530.85    4    4512.59    4    1
(relay)    18    16    4549.05    4    4426.74    2    2
(advertise)    19    4549.65    34    4
(advertise)    19    4570.87    16    4
(relay)    18    10    4594.08    4    4520.59    2    1
(advertise)    19    4594.48    10    4
(relay)    18    17    4615.09    4    4605.67    2    1
(advertise)    19    4615.49    17    4
(relay)    12    2    4630.71    4    4611.56    2    1
(advertise)    19    4638.31    2    4
(relay)    12    0    4667.52    4    4661.43    2    1
(advertise)    19    4667.72    0    4
(relay)    20    20    4700.13    5    4700    127    1
(advertise)    19    4700.33    20    5
(relay)    12    1    4741.14    4    4738.6    2    1
(advertise)    19    4741.34    1    4
(relay)    18    46    4817.56    4    4774.48    2    1
(advertise)    19    4817.76    46    4
(relay)    26    26    4827.97    4    4827.44    6    1
(relay)    26    32    4839.17    4    4815.54    2    2
(advertise)    19    4840.17    26    4
(advertise)    19    4861.18    32    4
(relay)    18    18    4887.0    4    4886.73    4    1
(advertise)    19    4887.2    18    4
(relay)    26    40    4929.81    4    4893.52    4    1
(advertise)    19    4930.01    40    4
(relay)    26    39    4953.22    4    4913.64    2    1
(advertise)    19    4954.02    39    4
(relay)    12    6    4975.44    4    4961.12    6    1
(advertise)    19    4976.64    6    4
(relay)    18    9    5021.85    4    4998.61    2    1
(advertise)    19    5022.05    9    4
(relay)    12    12    5041.66    5    5040.56    8    1
(advertise)    19    5043.66    12    5
(relay)    18    4    5085.07    6    5001.69    2    1
(advertise)    19    5085.27    4    6
(relay)    12    7    5184.49    5    5181.57    2    1
(advertise)    19    5184.69    7    5
(relay)    18    3    5208.3    5    5195.8    2    1
(advertise)    19    5208.5    3    5
(relay)    26    48    5284.11    5    5280.87    2    1
(advertise)    19    5284.31    48    5
(relay)    12    5    5305.53    5    5303.76    6    1
(advertise)    19    5306.73    5    5
(generate)    19    5320.74    [24]    5
(relay)    12    11    5348.35    5    5321.71    4    1
(advertise)    19    5348.55    11    5
(relay)    12    13    5374.77    6    5374    126    1
(advertise)    19    5375.37    13    6
(relay)    26    33    5398.78    5    5378.38    4    1
(advertise)    19    5399.98    33    5
(relay)    18    16    5443.79    5    5426.93    2    1
(advertise)    19    5443.99    16    5
(relay)    26    34    5515.4    5    5512.77    4    1
(advertise)    19    5515.6    34    5
(relay)    18    10    5541.42    5    5520.64    2    1
(advertise)    19    5541.62    10    5
(relay)    18    17    5607.03    5    5605.77    2    1
(advertise)    19    5607.23    17    5
(relay)    12    2    5629.84    5    5611.57    2    1
(advertise)    19    5630.24    2    5
(relay)    12    0    5667.26    5    5661.44    2    1
(advertise)    19    5667.46    0    5
(relay)    18    1    5742.67    5    5738.67    2    1
(advertise)    19    5742.87    1    5
(relay)    26    26    5828.08    5    5827.46    6    1
(advertise)    19    5828.28    26    5
(relay)    26    32    5834.7    5    5815.67    2    1
(advertise)    19    5850.1    32    5
(relay)    26    47    5878.91    5    5866.55    4    1
(advertise)    19    5879.11    47    5
(relay)    18    18    5886.92    5    5886.87    4    1
(relay)    26    40    5901.72    5    5893.55    4    2
(advertise)    19    5902.72    18    5
(advertise)    19    5925.73    40    5
(relay)    26    39    5947.15    5    5913.79    2    1
(advertise)    19    5948.15    39    5
(relay)    18    15    5971.96    5    5932.61    2    1
(advertise)    19    5972.36    15    5
(relay)    18    6    5994.57    5    5961.13    2    1
(advertise)    19    5995.37    6    5
(relay)    18    9    6018.99    5    5998.79    2    1
(advertise)    19    6019.59    9    5
(relay)    12    4    6024.6    7    6002.31    4    1
(relay)    12    12    6041.8    6    6040.59    8    2
(advertise)    19    6042.6    4    7
(advertise)    19    6064.41    12    6
(relay)    18    7    6184.83    6    6181.67    2    1
(advertise)    19    6185.03    7    6
(relay)    12    3    6208.84    6    6195.86    2    1
(advertise)    19    6209.04    3    6
(relay)    18    14    6257.25    6    6211.55    2    1
(advertise)    19    6257.45    14    6
(relay)    26    48    6283.86    6    6281.05    4    1
(advertise)    19    6284.26    48    6
(relay)    18    5    6308.08    6    6303.84    4    1
(advertise)    19    6308.48    5    6
(relay)    26    41    6309.89    6    6305.86    4    1
(generate)    19    6320.89    [24]    6
(advertise)    19    6330.5    41    6
(relay)    12    11    6350.52    6    6321.86    4    1
(advertise)    19    6353.52    11    6
(relay)    26    33    6379.73    6    6378.5    4    1
(advertise)    19    6379.93    33    6
(relay)    12    13    6395.54    7    6374    126    1
(advertise)    19    6401.34    13    7
(relay)    26    34    6515.36    6    6512.94    4    1
(advertise)    19    6515.56    34    6
(relay)    12    10    6540.37    6    6520.66    2    1
(advertise)    19    6540.77    10    6
(relay)    18    17    6607.18    6    6605.84    2    1
(advertise)    19    6607.38    17    6
(relay)    12    2    6630.39    6    6611.59    2    1
(advertise)    19    6630.79    2    6
(relay)    18    0    6668.61    6    6661.45    2    1
(advertise)    19    6668.81    0    6
(relay)    20    20    6700.02    7    6700    127    1
(advertise)    19    6700.22    20    7
(relay)    18    1    6743.83    6    6738.76    2    1
(advertise)    19    6744.03    1    6
(relay)    26    46    6777.85    6    6774.72    2    1
(advertise)    19    6778.05    46    6
(relay)    26    26    6828.06    6    6827.5    6    1
(advertise)    19    6828.26    26    6
(relay)    26    32    6834.27    6    6815.79    2    1
(advertise)    19    6849.27    32    6
(relay)    26    47    6879.89    6    6866.61    2    1
(advertise)    19    6880.09    47    6
(relay)    18    18    6887.1    6    6887.01    4    1
(relay)    26    40    6901.7    6    6893.6    4    2
(advertise)    19    6902.1    18    6
(relay)    26    39    6924.91    6    6913.95    2    2
(advertise)    19    6925.11    40    6
(advertise)    19    6947.12    39    6
(relay)    12    6    6971.94    6    6961.14    4    1
(advertise)    19    6972.54    6    6
(relay)    12    9    7001.35    6    6998.79    2    1
(advertise)    19    7001.55    9    6
(relay)    12    4    7024.96    8    7002.33    4    1
(advertise)    19    7026.16    4    8
(relay)    12    12    7041.58    7    7040.65    8    1
(advertise)    19    7048.58    12    7
(relay)    26    25    7209.39    7    7207.65    2    1
(advertise)    19    7209.59    25    7
(relay)    26    48    7284.8    7    7281.2    4    1
(advertise)    19    7285.0    48    7
(relay)    12    5    7309.02    7    7303.94    6    1
(advertise)    19    7309.42    5    7
(generate)    19    7321.03    [24]    7
(relay)    26    41    7330.44    7    7305.89    4    1
(relay)    18    27    7332.24    7    7307.88    4    2
(advertise)    19    7332.44    41    7
(advertise)    19    7353.65    27    7
(relay)    12    13    7376.07    8    7374    126    1
(relay)    18    11    7376.47    7    7322.0    4    2
(advertise)    19    7378.27    13    8
(advertise)    19    7399.68    11    7
(relay)    18    33    7447.09    7    7378.65    2    1
(advertise)    19    7447.29    33    7
(relay)    26    34    7515.51    7    7513.12    4    1
(advertise)    19    7515.71    34    7
(relay)    18    10    7540.92    7    7520.73    2    1
(advertise)    19    7541.12    10    7
(relay)    18    2    7629.73    7    7611.61    2    1
(advertise)    19    7629.93    2    7
(relay)    12    0    7669.15    7    7661.48    2    1
(advertise)    19    7669.35    0    7
(relay)    20    20    7700.16    8    7700    127    1
(advertise)    19    7700.36    20    8
(relay)    18    1    7744.57    7    7738.85    2    1
(advertise)    19    7744.77    1    7
(relay)    26    46    7777.58    7    7774.77    2    1
(advertise)    19    7777.78    46    7
(relay)    26    26    7828.0    7    7827.54    6    1
(advertise)    19    7828.2    26    7
(relay)    26    32    7835.21    7    7815.92    2    1
(advertise)    19    7849.61    32    7
(relay)    18    18    7887.22    7    7887.13    4    1
(advertise)    19    7887.42    18    7
(relay)    26    40    7924.44    7    7893.63    4    1
(advertise)    19    7924.64    40    7
(relay)    18    8    7950.05    7    7907.86    2    1
(advertise)    19    7950.45    8    7
(relay)    12    6    7973.66    7    7961.16    6    1
(advertise)    19    7975.26    6    7
(relay)    12    12    8040.88    8    8040.7    8    1
(advertise)    19    8041.08    12    8
(heartbeat)    24    2    8025.21    19    8064.29    3    3
(advertise)    19    8064.49    24    2
(relay)    26    4    8085.9    9    8002.36    2    1
(advertise)    19    8087.1    4    9
(relay)    18    7    8186.11    8    8181.88    2    1
(advertise)    19    8186.31    7    8
(relay)    12    3    8209.93    8    8196.05    2    1
(advertise)    19    8210.93    3    8
(relay)    18    14    8257.14    8    8211.62    2    1
(advertise)    19    8257.34    14    8
(relay)    26    48    8285.15    8    8281.23    4    1
(advertise)    19    8285.35    48    8
(relay)    12    5    8309.77    8    8304.03    6    1
(advertise)    19    8309.97    5    8
(generate)    19    8321.18    [24]    8
(relay)    26    27    8331.39    8    8307.94    4    1
(advertise)    19    8332.99    27    8
(relay)    12    11    8353.81    8    8322.19    4    1
(advertise)    19    8355.61    11    8
(relay)    12    13    8398.02    9    8374    126    1
(advertise)    19    8398.22    13    9
(relay)    26    33    8400.43    8    8378.84    4    1
(advertise)    19    8421.63    33    8
(relay)    26    34    8514.84    8    8513.13    4    1
(advertise)    19    8515.04    34    8
(relay)    18    10    8539.86    8    8520.82    2    1
(advertise)    19    8540.06    10    8
(relay)    18    17    8606.47    8    8605.99    2    1
(advertise)    19    8606.67    17    8
(relay)    12    2    8632.68    8    8611.65    2    1
(advertise)    19    8632.88    2    8
(relay)    18    0    8668.3    8    8661.49    2    1
(advertise)    19    8668.5    0    8
(relay)    20    20    8700.11    9    8700    127    1
(advertise)    19    8700.31    20    9
(relay)    12    1    8744.52    8    8738.95    2    1
(advertise)    19    8744.72    1    8
(relay)    26    46    8776.94    8    8774.83    2    1
(advertise)    19    8777.14    46    8
(relay)    26    26    8828.55    8    8827.6    4    1
(advertise)    19    8828.75    26    8
(relay)    26    32    8836.76    8    8816.11    2    1
(advertise)    19    8850.76    32    8
(relay)    26    47    8878.77    8    8866.75    4    1
(advertise)    19    8878.97    47    8
(relay)    18    18    8887.79    8    8887.28    4    1
(advertise)    19    8901.59    18    8
(relay)    26    39    8923.4    8    8914.16    2    1
(advertise)    19    8924.6    39    8
(relay)    18    40    8925.81    8    8893.64    2    1
(advertise)    19    8947.41    40    8
(relay)    12    6    8961.83    8    8961.19    6    1
(advertise)    19    8968.63    6    8
(relay)    18    15    8989.44    8    8933.63    2    1
(advertise)    19    8990.44    15    8
(relay)    12    4    9004.85    10    9002.38    4    1
(advertise)    19    9011.65    4    10
(relay)    12    12    9040.87    9    9040.77    6    1
(advertise)    19    9041.07    12    9
(relay)    18    9    9065.28    8    8999.02    2    1
(advertise)    19    9065.48    9    8
(relay)    18    7    9187.49    9    9181.98    2    1
(advertise)    19    9187.69    7    9
(relay)    12    3    9210.9    9    9196.11    2    1
(advertise)    19    9211.5    3    9
(relay)    26    48    9286.12    9    9281.39    4    1
(advertise)    19    9286.32    48    9
(relay)    18    5    9308.53    9    9304.13    2    1
(relay)    26    41    9308.93    9    9306.02    4    2
(advertise)    19    9309.93    5    9
(generate)    19    9321.34    [24]    9
(advertise)    19    9331.36    41    9
(relay)    12    11    9352.57    9    9322.34    4    1
(advertise)    19    9354.37    11    9
(relay)    26    33    9381.58    9    9379.02    4    1
(advertise)    19    9381.78    33    9
(relay)    18    16    9444.6    9    9427.42    2    1
(advertise)    19    9444.8    16    9
(relay)    26    34    9514.61    9    9513.3    4    1
(advertise)    19    9514.81    34    9
(relay)    18    10    9536.82    9    9520.84    2    1
(advertise)    19    9537.02    10    9
(relay)    18    17    9606.83    9    9606.05    2    1
(advertise)    19    9607.03    17    9
(relay)    12    2    9632.45    9    9611.67    2    1
(advertise)    19    9632.85    2    9
(relay)    18    0    9665.66    9    9661.69    2    1
(advertise)    19    9665.86    0    9
(relay)    20    20    9700.47    10    9700    127    1
(advertise)    19    9700.67    20    10
(relay)    12    1    9745.49    9    9739.02    2    1
(advertise)    19    9745.69    1    9
(relay)    26    46    9776.5    9    9774.85    2    1
(advertise)    19    9776.7    46    9
(relay)    26    26    9828.71    9    9827.61    4    1
(advertise)    19    9828.91    26    9
(relay)    26    32    9838.53    9    9816.18    2    1
(advertise)    19    9850.13    32    9
(relay)    26    47    9881.34    9    9866.79    4    1
(advertise)    19    9881.54    47    9
(relay)    18    18    9887.95    9    9887.4    4    1
(advertise)    19    9903.75    18    9
(relay)    26    39    9928.57    9    9914.3    2    1
(advertise)    19    9929.17    39    9
(relay)    18    8    9932.38    9    9909.02    2    1
(advertise)    19    9951.98    8    9
(relay)    12    6    9962.19    9    9961.33    6    1
(advertise)    19    9974.79    6    9
(relay)    12    9    10003.4    9    9999.2    2    1
(advertise)    19    10003.6    9    9
(relay)    18    4    10026.42    11    10002.56    2    1
(advertise)    19    10028.02    4    11
(relay)    12    12    10041.03    10    10040.85    6    1
(advertise)    19    10049.03    12    10
(relay)    18    7    10188.04    10    10182.07    2    1
(advertise)    19    10188.24    7    10
(relay)    26    25    10209.06    10    10207.76    2    1
(advertise)    19    10210.06    25    10
(relay)    18    14    10254.87    10    10211.86    2    1
(advertise)    19    10255.07    14    10
(relay)    26    48    10286.68    10    10281.53    4    1
(advertise)    19    10286.88    48    10
(relay)    12    5    10309.7    10    10304.2    6    1
(advertise)    19    10309.9    5    10
(generate)    19    10321.51    [24]    10
(relay)    18    11    10352.72    10    10322.47    4    1
(advertise)    19    10352.92    11    10
(relay)    12    13    10379.53    11    10374    126    1
(advertise)    19    10379.93    13    11
(relay)    26    33    10381.35    10    10379.16    4    1
(advertise)    19    10403.95    33    10
(relay)    26    34    10514.56    10    10513.32    4    1
(advertise)    19    10514.76    34    10
(relay)    18    10    10538.17    10    10520.9    2    1
(advertise)    19    10538.97    10    10
(relay)    18    17    10606.99    10    10606.08    2    1
(advertise)    19    10607.19    17    10
(relay)    12    2    10633.4    10    10611.7    2    1
(advertise)    19    10633.8    2    10
(relay)    18    0    10664.81    10    10661.88    2    1
(advertise)    19    10665.01    0    10
(relay)    18    1    10743.83    10    10739.08    2    1
(advertise)    19    10744.03    1    10
(relay)    26    26    10828.64    10    10827.62    4    1
(advertise)    19    10828.84    26    10
(relay)    26    32    10836.05    10    10816.32    2    1
(advertise)    19    10851.25    32    10
(relay)    26    47    10880.26    10    10866.84    2    1
(advertise)    19    10880.46    47    10
(relay)    18    18    10888.08    10    10887.51    4    1
(advertise)    19    10901.48    18    10
(relay)    18    40    10926.69    10    10893.74    2    1
(advertise)    19    10927.09    40    10
(relay)    18    8    10949.3    10    10909.48    2    1
(relay)    26    39    10949.5    10    10914.45    2    2
(advertise)    19    10950.1    8    10
(relay)    12    6    10962.52    10    10961.34    6    2
(advertise)    19    10973.12    39    10
(advertise)    19    10994.93    6    10
(relay)    18    9    11004.54    10    10999.35    2    1
(advertise)    19    11016.54    9    10
(relay)    12    4    11026.96    12    11002.73    4    1
(advertise)    19    11037.56    4    12
(relay)    12    12    11040.97    11    11040.87    6    1
(advertise)    19    11058.57    12    11
(relay)    18    7    11188.58    11    11182.15    2    1
(advertise)    19    11188.78    7    11
(relay)    26    25    11208.99    11    11207.81    2    1
(advertise)    19    11209.99    25    11
(relay)    26    48    11286.61    11    11281.68    4    1
(advertise)    19    11286.81    48    11
(relay)    26    41    11308.62    11    11306.16    4    1
(relay)    12    5    11309.62    11    11304.21    6    2
(advertise)    19    11310.62    41    11
(generate)    19    11321.63    [24]    11
(relay)    26    27    11330.45    11    11308.05    4    2
(advertise)    19    11333.65    5    11
(advertise)    19    11354.66    27    11
(relay)    18    11    11379.07    11    11322.59    4    1
(advertise)    19    11379.47    11    11
(relay)    26    33    11420.89    11    11379.51    2    1
(advertise)    19    11421.09    33    11
(relay)    26    34    11514.9    11    11513.52    4    1
(advertise)    19    11515.1    34    11
(relay)    18    10    11540.91    11    11520.92    2    1
(advertise)    19    11541.11    10    11
(relay)    18    17    11607.52    11    11606.12    2    1
(advertise)    19    11607.72    17    11
(relay)    18    2    11632.14    11    11611.71    2    1
(advertise)    19    11632.74    2    11
(relay)    18    0    11664.35    11    11662.01    2    1
(advertise)    19    11664.55    0    11
(relay)    20    20    11700.56    12    11700    127    1
(advertise)    19    11700.76    20    12
(relay)    12    1    11742.58    11    11739.14    2    1
(advertise)    19    11742.78    1    11
(relay)    26    46    11777.19    11    11775.07    2    1
(advertise)    19    11777.39    46    11
(relay)    26    32    11819.8    11    11816.46    2    1
(advertise)    19    11820.0    32    11
(relay)    26    26    11827.82    11    11827.69    4    1
(advertise)    19    11841.82    26    11
(relay)    18    18    11888.63    11    11887.62    4    1
(advertise)    19    11888.83    18    11
(relay)    18    39    11919.04    11    11914.62    2    1
(advertise)    19    11919.24    39    11
(relay)    26    40    11941.85    11    11893.8    2    1
(advertise)    19    11942.85    40    11
(relay)    12    6    11963.47    11    11961.35    6    1
(advertise)    19    11964.87    6    11
(relay)    12    9    12004.48    11    11999.48    2    1
(advertise)    19    12004.68    9    11
(relay)    12    4    12026.09    13    12002.74    2    1
(advertise)    19    12027.69    4    13
(relay)    12    12    12041.51    12    12040.91    6    1
(heartbeat)    24    3    12025.23    19    12048.91    3    3
(advertise)    19    12049.91    12    12
(advertise)    19    12071.52    24    3
(relay)    12    3    12198.33    12    12196.3    2    1
(advertise)    19    12198.53    3    12
(relay)    26    25    12208.35    12    12207.83    2    1
(advertise)    19    12220.55    25    12
(relay)    26    48    12285.96    12    12281.86    4    1
(advertise)    19    12286.16    48    12
(relay)    12    5    12309.57    12    12304.28    6    1
(advertise)    19    12309.97    5    12
(generate)    19    12321.78    [24]    12
(relay)    18    41    12333.0    12    12306.27    2    1
(advertise)    19    12333.4    41    12
(relay)    12    11    12353.41    12    12322.72    4    1
(advertise)    19    12355.81    11    12
(relay)    12    13    12375.42    13    12374    126    1
(advertise)    19    12377.42    13    13
(relay)    26    33    12403.64    12    12379.65    4    1
(advertise)    19    12403.84    33    12
(relay)    26    34    12515.65    12    12513.71    4    1
(advertise)    19    12515.85    34    12
(relay)    18    10    12538.86    12    12520.99    2    1
(advertise)    19    12539.26    10    12
(relay)    18    17    12607.88    12    12606.13    2    1
(advertise)    19    12608.08    17    12
(relay)    12    0    12664.69    12    12662.18    2    1
(advertise)    19    12664.89    0    12
(relay)    20    20    12701.1    13    12700    127    1
(advertise)    19    12701.3    20    13
(relay)    18    1    12753.71    12    12739.23    2    1
(advertise)    19    12753.91    1    12
(relay)    26    46    12778.93    12    12775.07    2    1
(advertise)    19    12779.13    46    12
(relay)    26    26    12827.74    12    12827.73    4    1
(advertise)    19    12827.94    26    12
(relay)    26    32    12835.95    12    12816.6    2    1
(advertise)    19    12849.15    32    12
(relay)    26    47    12881.77    12    12866.97    4    1
(advertise)    19    12881.97    47    12
(relay)    18    18    12888.78    12    12887.75    4    1
(advertise)    19    12904.58    18    12
(relay)    18    40    12925.39    12    12893.87    2    1
(advertise)    19    12927.59    40    12
(relay)    12    6    12963.41    12    12961.36    6    1
(advertise)    19    12963.61    6    12
(relay)    18    8    12970.42    12    12909.81    2    1
(advertise)    19    12984.82    8    12
(relay)    12    4    13026.43    14    13003.94    4    1
(advertise)    19    13026.63    4    14
(relay)    12    12    13041.44    13    13040.95    6    1
(advertise)    19    13047.64    12    13
(relay)    18    9    13072.66    12    12999.6    2    1
(advertise)    19    13072.86    9    12
(relay)    18    7    13184.87    13    13182.32    2    1
(advertise)    19    13185.07    7    13
(relay)    12    3    13197.88    13    13196.37    2    1
(advertise)    19    13207.68    3    13
(relay)    26    25    13208.9    13    13207.88    2    1
(advertise)    19    13228.9    25    13
(relay)    18    14    13255.91    13    13211.91    2    1
(advertise)    19    13256.11    14    13
(relay)    26    48    13284.72    13    13282.03    2    1
(advertise)    19    13284.92    48    13
(relay)    12    5    13305.14    13    13304.33    6    1
(advertise)    19    13306.54    5    13
(generate)    19    13321.95    [24]    13
(relay)    12    11    13349.56    13    13322.88    4    1
(advertise)    19    13349.76    11    13
(relay)    26    27    13372.77    13    13308.13    2    1
(advertise)    19    13374.17    27    13
(relay)    18    13    13397.39    14    13374    124    1
(advertise)    19    13397.59    13    14
(relay)    26    33    13416.6    13    13380.01    4    1
(advertise)    19    13419.0    33    13
(relay)    26    34    13516.21    13    13513.72    4    1
(advertise)    19    13516.41    34    13
(relay)    18    10    13541.83    13    13521.05    2    1
(advertise)    19    13542.03    10    13
(relay)    18    17    13608.04    13    13606.21    2    1
(advertise)    19    13608.24    17    13
(relay)    12    2    13633.45    13    13611.78    2    1
(advertise)    19    13633.85    2    13
(relay)    12    0    13666.07    13    13662.34    2    1
(advertise)    19    13666.27    0    13
(relay)    20    20    13701.08    14    13700    127    1
(advertise)    19    13701.28    20    14
(relay)    18    46    13781.09    13    13775.11    2    1
(advertise)    19    13781.29    46    13
(relay)    26    26    13827.9    13    13827.79    4    1
(advertise)    19    13828.1    26    13
(relay)    26    32    13834.52    13    13816.71    2    1
(advertise)    19    13850.52    32    13
(relay)    26    47    13879.93    13    13867.06    4    1
(advertise)    19    13880.13    47    13
(relay)    18    18    13888.94    13    13887.9    4    1
(relay)    26    40    13901.14    13    13893.92    4    2
(advertise)    19    13902.54    18    13
(advertise)    19    13924.56    40    13
(relay)    26    39    13948.77    13    13914.98    2    1
(advertise)    19    13948.97    39    13
(relay)    12    6    13973.18    13    13961.38    6    1
(advertise)    19    13973.58    6    13
(relay)    18    15    13998.6    13    13935.91    2    1
(advertise)    19    13998.8    15    13
(relay)    18    9    14023.61    13    13999.76    2    1
(advertise)    19    14023.81    9    13
(relay)    12    4    14026.62    15    14003.95    4    1
(relay)    12    12    14041.62    14    14040.98    6    2
(advertise)    19    14045.62    4    15
(advertise)    19    14067.63    12    14
(relay)    18    3    14207.85    14    14196.43    2    1
(advertise)    19    14208.05    3    14
(relay)    26    25    14209.66    14    14208.74    2    1
(advertise)    19    14230.06    25    14
(relay)    26    48    14283.87    14    14282.2    4    1
(advertise)    19    14284.07    48    14
(relay)    12    5    14306.89    14    14304.43    6    1
(relay)    18    14    14307.09    14    14212.11    2    2
(advertise)    19    14307.89    5    14
(generate)    19    14322.1    [24]    14
(advertise)    19    14329.11    14    14
(relay)    26    41    14331.93    14    14306.42    4    1
(relay)    12    11    14350.53    14    14323.03    4    2
(advertise)    19    14351.13    41    14
(relay)    26    27    14354.14    14    14309.39    4    2
(advertise)    19    14372.14    11    14
(advertise)    19    14394.55    27    14
(relay)    26    33    14420.96    14    14380.19    4    1
(advertise)    19    14421.16    33    14
(relay)    26    34    14516.58    14    14513.73    4    1
(advertise)    19    14516.78    34    14
(relay)    12    10    14539.79    14    14521.09    2    1
(advertise)    19    14541.59    10    14
(relay)    18    17    14608.8    14    14606.53    2    1
(advertise)    19    14609.0    17    14
(relay)    18    2    14631.82    14    14611.8    2    1
(advertise)    19    14632.02    2    14
(relay)    18    0    14666.83    14    14662.52    2    1
(advertise)    19    14667.03    0    14
(relay)    20    20    14701.04    15    14700    127    1
(advertise)    19    14701.24    20    15
(relay)    12    1    14741.66    14    14739.42    2    1
(advertise)    19    14741.86    1    14
(relay)    26    46    14779.87    14    14775.3    2    1
(advertise)    19    14780.07    46    14
(relay)    26    32    14817.68    14    14816.81    2    1
(advertise)    19    14817.88    32    14
(relay)    26    26    14827.89    14    14827.86    4    1
(advertise)    19    14841.49    26    14
(relay)    18    18    14889.11    14    14888.05    4    1
(advertise)    19    14889.31    18    14
(relay)    26    40    14914.12    14    14893.92    2    1
(advertise)    19    14914.52    40    14
(relay)    18    15    14939.33    14    14936.07    2    1
(advertise)    19    14940.33    15    14
(relay)    18    39    14962.95    14    14915.13    2    1
(advertise)    19    14963.15    39    14
(relay)    12    6    14964.36    14    14961.49    6    1
(advertise)    19    14984.76    6    14
(relay)    18    9    15009.17    14    14999.93    2    1
(advertise)    19    15009.37    9    14
(relay)    12    4    15024.39    16    15003.96    4    1
(advertise)    19    15031.39    4    16
(relay)    12    12    15041.6    15    15041.03    6    1
(advertise)    19    15053.4    12    15
(relay)    18    7    15184.01    15    15182.48    2    1
(advertise)    19    15184.21    7    15
(relay)    18    3    15209.62    15    15196.48    2    1
(advertise)    19    15209.82    3    15
(relay)    18    14    15233.04    15    15212.12    2    1
(advertise)    19    15233.44    14    15
(relay)    26    48    15284.45    15    15282.38    4    1
(advertise)    19    15284.65    48    15
(relay)    12    5    15307.46    15    15304.5    6    1
(advertise)    19    15307.86    5    15
(generate)    19    15322.28    [24]    15
(relay)    26    27    15330.49    15    15309.4    4    1
(advertise)    19    15331.49    27    15
(relay)    12    11    15350.7    15    15323.2    4    1
(relay)    26    41    15351.9    15    15306.49    2    2
(advertise)    19    15354.3    11    15
(advertise)    19    15376.32    41    15
(relay)    26    33    15416.33    15    15380.37    4    1
(advertise)    19    15416.53    33    15
(relay)    26    34    15517.34    15    15513.91    4    1
(advertise)    19    15517.54    34    15
(relay)    18    10    15539.75    15    15521.15    2    1
(advertise)    19    15540.55    10    15
(relay)    18    17    15608.97    15    15606.62    2    1
(advertise)    19    15609.17    17    15
(relay)    12    2    15631.18    15    15611.82    2    1
(advertise)    19    15631.38    2    15
(relay)    12    0    15667.99    15    15662.53    2    1
(advertise)    19    15668.19    0    15
(relay)    12    1    15743.01    15    15739.48    2    1
(advertise)    19    15743.21    1    15
(relay)    18    46    15781.22    15    15775.31    2    1
(advertise)    19    15781.42    46    15
(relay)    26    26    15828.63    15    15828.05    4    1
(advertise)    19    15828.83    26    15
(relay)    26    32    15835.45    15    15816.92    2    1
(advertise)    19    15851.05    32    15
(relay)    26    47    15883.66    15    15867.14    4    1
(advertise)    19    15883.86    47    15
(relay)    18    18    15888.27    15    15888.16    4    1
(advertise)    19    15906.27    18    15
(relay)    18    40    15927.28    15    15893.96    2    1
(advertise)    19    15928.08    40    15
(relay)    18    39    15948.7    15    15915.31    2    1
(advertise)    19    15952.1    39    15
(relay)    12    6    15964.91    15    15961.51    6    1
(relay)    18    8    15971.71    15    15910.01    2    2
(advertise)    19    15973.51    6    15
(advertise)    19    15995.52    8    15
(relay)    12    4    16024.74    17    16004.14    4    1
(advertise)    19    16024.94    4    17
(relay)    12    12    16042.15    16    16041.08    6    1
(advertise)    19    16047.75    12    16
(heartbeat)    24    4    16025.24    19    16071.76    3    3
(advertise)    19    16071.96    24    4
(relay)    12    7    16185.98    16    16182.58    2    1
(advertise)    19    16186.18    7    16
(relay)    12    3    16208.99    16    16196.54    2    1
(relay)    26    25    16210.19    16    16208.85    2    2
(advertise)    19    16210.99    3    16
(advertise)    19    16232.0    25    16
(relay)    26    48    16284.81    16    16282.57    4    1
(advertise)    19    16285.01    48    16
(relay)    12    5    16308.83    16    16304.59    6    1
(advertise)    19    16310.23    5    16
(generate)    19    16322.44    [24]    16
(relay)    12    11    16350.85    16    16323.36    4    1
(advertise)    19    16351.05    11    16
(relay)    12    13    16375.27    17    16374    126    1
(advertise)    19    16375.67    13    17
(relay)    26    33    16400.28    16    16380.53    4    1
(advertise)    19    16400.48    33    16
(relay)    26    34    16516.49    16    16514.1    4    1
(advertise)    19    16516.69    34    16
(relay)    12    10    16539.91    16    16521.21    2    1
(advertise)    19    16540.71    10    16
(relay)    18    17    16607.92    16    16606.67    2    1
(advertise)    19    16608.12    17    16
(relay)    18    0    16669.33    16    16662.55    2    1
(advertise)    19    16669.53    0    16
(relay)    20    20    16700.14    17    16700    127    1
(advertise)    19    16700.34    20    17
(relay)    26    46    16780.36    16    16775.36    2    1
(advertise)    19    16780.56    46    16
(relay)    26    26    16828.57    16    16828.11    4    1
(advertise)    19    16828.77    26    16
(relay)    26    32    16835.58    16    16817.06    2    1
(advertise)    19    16850.78    32    16
(relay)    26    47    16880.0    16    16867.21    2    1
(advertise)    19    16880.2    47    16
(relay)    18    18    16888.41    16    16888.28    4    1
(relay)    26    40    16902.41    16    16894.01    4    2
(advertise)    19    16902.61    18    16
(advertise)    19    16924.22    40    16
(relay)    12    6    16971.44    16    16961.52    6    1
(advertise)    19    16971.64    6    16
(relay)    18    15    16993.25    16    16936.23    2    1
(advertise)    19    16994.25    15    16
(relay)    12    4    17005.66    18    17004.15    4    1
(relay)    18    9    17017.06    16    17000.46    2    2
(advertise)    19    17017.26    4    18
(advertise)    19    17040.47    9    16
(relay)    12    12    17042.09    17    17041.14    6    1
(advertise)    19    17063.69    12    17
(relay)    12    7    17186.9    17    17182.69    2    1
(advertise)    19    17187.1    7    17
(relay)    18    3    17210.31    17    17196.6    2    1
(advertise)    19    17210.71    3    17
(relay)    18    14    17255.73    17    17212.16    2    1
(advertise)    19    17255.93    14    17
(relay)    26    48    17285.74    17    17282.72    4    1
(advertise)    19    17285.94    48    17
(relay)    12    5    17310.15    17    17304.66    6    1
(advertise)    19    17310.95    5    17
(generate)    19    17322.57    [24]    17
(relay)    18    11    17352.78    17    17323.5    4    1
(advertise)    19    17352.98    11    17
(relay)    18    41    17375.39    17    17306.61    2    1
(advertise)    19    17376.19    41    17
(relay)    26    27    17378.6    17    17309.79    2    1
(relay)    12    13    17379.6    18    17374    126    2
(advertise)    19    17397.6    27    17
(advertise)    19    17420.42    13    18
(relay)    26    33    17424.23    17    17380.7    4    1
(advertise)    19    17441.43    33    17
(relay)    18    16    17467.04    17    17428.47    2    1
(advertise)    19    17467.24    16    17
(relay)    26    34    17516.86    17    17514.3    4    1
(advertise)    19    17517.06    34    17
(relay)    18    10    17540.87    17    17521.24    2    1
(advertise)    19    17541.27    10    17
(relay)    18    17    17607.08    17    17606.69    2    1
(advertise)    19    17607.28    17    17
(relay)    18    2    17632.3    17    17611.88    2    1
(advertise)    19    17632.7    2    17
(relay)    18    0    17670.11    17    17662.57    2    1
(advertise)    19    17670.31    0    17
(relay)    20    20    17700.12    18    17700    127    1
(advertise)    19    17700.32    20    18
(relay)    18    1    17744.93    17    17739.67    2    1
(advertise)    19    17745.13    1    17
(relay)    26    46    17778.35    17    17775.37    2    1
(advertise)    19    17778.55    46    17
(relay)    26    32    17818.16    17    17817.13    2    1
(advertise)    19    17818.36    32    17
(relay)    26    26    17828.77    17    17828.19    4    1
(advertise)    19    17839.77    26    17
(relay)    26    47    17880.19    17    17867.27    4    1
(advertise)    19    17880.39    47    17
(relay)    18    18    17888.6    17    17888.42    4    1
(advertise)    19    17904.2    18    17
(relay)    18    40    17924.21    17    17894.05    2    1
(advertise)    19    17925.21    40    17
(relay)    26    39    17947.83    17    17915.63    2    1
(advertise)    19    17948.63    39    17
(relay)    12    6    17971.64    17    17961.53    4    1
(advertise)    19    17972.04    6    17
(relay)    18    15    17996.05    17    17936.38    2    1
(advertise)    19    17997.05    15    17
(relay)    18    9    18021.06    17    18000.61    2    1
(advertise)    19    18021.86    9    17
(relay)    12    4    18027.88    19    18004.37    4    1
(relay)    12    12    18042.28    18    18041.18    6    2
(advertise)    19    18045.68    4    19
(advertise)    19    18067.49    12    18
(relay)    12    7    18187.5    18    18182.79    2    1
(advertise)    19    18187.7    7    18
(relay)    12    3    18210.52    18    18196.67    2    1
(advertise)    19    18211.12    3    18
(relay)    18    25    18234.93    18    18208.93    2    1
(advertise)    19    18235.33    25    18
(relay)    26    48    18287.34    18    18282.88    4    1
(advertise)    19    18287.54    48    18
(relay)    12    5    18310.16    18    18304.73    6    1
(advertise)    19    18310.56    5    18
(relay)    26    41    18311.97    18    18306.67    4    1
(generate)    19    18322.57    [24]    18
(relay)    12    11    18330.78    18    18323.65    4    2
(advertise)    19    18331.78    41    18
(advertise)    19    18354.79    11    18
(relay)    26    33    18383.21    18    18380.86    4    1
(advertise)    19    18383.41    33    18
(relay)    12    13    18396.22    19    18374    126    1
(advertise)    19    18405.42    13    19
(relay)    26    34    18516.03    18    18514.47    4    1
(advertise)    19    18516.23    34    18
(relay)    18    10    18538.65    18    18521.29    2    1
(advertise)    19    18539.65    10    18
(relay)    18    17    18607.26    18    18606.78    2    1
(advertise)    19    18607.46    17    18
(relay)    12    2    18631.47    18    18611.91    2    1
(advertise)    19    18631.87    2    18
(relay)    20    20    18700.09    19    18700    127    1
(advertise)    19    18700.29    20    19
(relay)    18    1    18745.9    18    18739.77    2    1
(advertise)    19    18746.1    1    18
(relay)    26    46    18777.71    18    18775.39    2    1
(advertise)    19    18777.91    46    18
(relay)    26    32    18819.52    18    18817.24    2    1
(advertise)    19    18819.72    32    18
(relay)    26    26    18829.34    18    18828.23    4    1
(advertise)    19    18841.94    26    18
(relay)    26    47    18879.95    18    18867.31    2    1
(advertise)    19    18880.15    47    18
(relay)    18    18    18889.16    18    18888.59    4    1
(advertise)    19    18902.16    18    18
(relay)    18    40    18928.18    18    18894.07    2    1
(advertise)    19    18928.78    40    18
(relay)    18    39    18948.99    18    18915.78    2    1
(advertise)    19    18954.79    39    18
(relay)    12    6    18962.4    18    18961.55    6    1
(relay)    18    15    18973.4    18    18936.54    2    2
(advertise)    19    18976.2    6    18
(advertise)    19    18998.42    15    18
(relay)    12    4    19006.43    20    19004.38    4    1
(advertise)    19    19020.43    4    20
(relay)    12    9    19030.24    18    19000.77    2    1
(relay)    12    12    19041.44    19    19041.26    6    2
(advertise)    19    19042.44    9    18
(advertise)    19    19065.05    12    19
(relay)    12    7    19189.07    19    19182.84    2    1
(advertise)    19    19189.27    7    19
(relay)    26    25    19211.08    19    19208.97    2    1
(advertise)    19    19211.48    25    19
(relay)    26    48    19287.29    19    19283.03    4    1
(advertise)    19    19287.49    48    19
(relay)    26    41    19310.71    19    19306.73    4    1
(relay)    12    5    19311.31    19    19304.82    6    2
(advertise)    19    19311.51    41    19
(generate)    19    19322.72    [24]    19
(relay)    26    27    19331.93    19    19310.87    4    2
(advertise)    19    19333.13    5    19
(advertise)    19    19354.95    27    19
(relay)    12    11    19377.76    19    19323.8    4    1
(advertise)    19    19377.96    11    19
(relay)    26    33    19418.57    19    19380.97    4    1
(advertise)    19    19418.77    33    19
(relay)    26    34    19515.38    19    19514.66    4    1
(advertise)    19    19515.58    34    19
(relay)    18    10    19541.6    19    19521.32    2    1
(advertise)    19    19541.8    10    19
(relay)    18    17    19607.41    19    19606.87    2    1
(advertise)    19    19607.61    17    19
(relay)    18    2    19631.82    19    19611.92    2    1
(advertise)    19    19632.22    2    19
(relay)    18    0    19667.24    19    19662.77    2    1
(advertise)    19    19667.44    0    19
(relay)    20    20    19700.65    20    19700    127    1
(advertise)    19    19700.85    20    20
(relay)    18    1    19745.26    19    19739.87    2    1
(advertise)    19    19745.46    1    19
(relay)    26    46    19776.48    19    19775.42    2    1
(advertise)    19    19776.68    46    19
(relay)    26    26    19829.29    19    19828.27    4    1
(advertise)    19    19829.49    26    19
(relay)    26    32    19838.1    19    19817.39    2    1
(advertise)    19    19851.3    32    19
(relay)    26    47    19881.31    19    19867.37    4    1
(advertise)    19    19881.51    47    19
(relay)    18    18    19889.33    19    19888.75    4    1
(relay)    26    40    19904.13    19    19894.13    4    2
(advertise)    19    19906.13    18    19
(advertise)    19    19927.34    40    19
(relay)    26    39    19946.55    19    19915.94    2    1
(advertise)    19    19949.15    39    19
(relay)    12    6    19976.37    19    19961.68    6    1
(advertise)    19    19976.57    6    19
(relay)    18    15    19998.58    19    19936.73    2    1
(advertise)    19    19998.98    15    19
(heartbeat)    24    5    20025.25    19    20028.79    3    7
(advertise)    19    20028.99    24    5
(relay)    12    12    20041.41    20    20041.29    6    1
(relay)    18    9    20048.81    19    20000.95    2    2
(advertise)    19    20051.21    12    20
(relay)    12    4    20061.82    21    20005.59    4    2
(advertise)    19    20073.62    9    19
(advertise)    19    20096.83    4    21
(relay)    18    7    20189.04    20    20182.95    2    1
(advertise)    19    20189.24    7    20
(relay)    26    25    20210.26    20    20209.07    2    1
(advertise)    19    20211.86    25    20
(relay)    18    3    20233.27    20    20196.81    2    1
(advertise)    19    20235.47    3    20
(relay)    26    48    20288.48    20    20283.22    4    1
(advertise)    19    20288.68    48    20
(relay)    26    41    20310.9    20    20306.85    4    1
(advertise)    19    20311.1    41    20
(relay)    12    5    20313.31    20    20304.92    6    1
(generate)    19    20322.91    [24]    20
(advertise)    19    20332.12    5    20
(relay)    26    27    20355.14    20    20311.52    2    1
(advertise)    19    20355.74    27    20
(relay)    12    11    20378.15    20    20323.82    4    1
(advertise)    19    20379.55    11    20
(relay)    12    13    20399.76    21    20374    126    1
(advertise)    19    20401.96    13    21
(relay)    26    33    20423.17    20    20381.16    4    1
(advertise)    19    20424.17    33    20
(relay)    26    34    20515.79    20    20514.68    4    1
(advertise)    19    20515.99    34    20
(relay)    18    10    20541.8    20    20521.39    2    1
(advertise)    19    20542.0    10    20
(relay)    18    17    20607.81    20    20606.98    2    1
(advertise)    19    20608.01    17    20
(relay)    12    2    20633.43    20    20611.96    2    1
(advertise)    19    20634.03    2    20
(relay)    12    0    20666.24    20    20662.78    2    1
(advertise)    19    20666.44    0    20
(relay)    12    1    20745.25    20    20739.98    2    1
(advertise)    19    20745.45    1    20
(relay)    26    26    20829.27    20    20828.35    4    1
(advertise)    19    20829.47    26    20
(relay)    18    18    20889.48    20    20888.91    4    1
(advertise)    19    20889.68    18    20
(relay)    26    40    20927.89    20    20894.21    4    1
(advertise)    19    20928.09    40    20
(relay)    18    39    20952.9    20    20916.13    2    1
(advertise)    19    20953.1    39    20
(relay)    12    6    20962.72    20    20961.69    6    1
(advertise)    19    20975.92    6    20
(relay)    18    15    20999.53    20    20936.89    2    1
(advertise)    19    20999.93    15    20
(relay)    12    4    21026.54    22    21005.6    4    1
(advertise)    19    21026.74    4    22
(relay)    12    12    21041.36    21    21041.35    6    1
(advertise)    19    21050.16    12    21
(relay)    18    9    21085.77    20    21000.95    2    1
(advertise)    19    21085.97    9    20
(relay)    18    7    21189.78    21    21183.04    2    1
(advertise)    19    21189.98    7    21
(relay)    26    25    21210.6    21    21209.14    2    1
(relay)    18    3    21211.0    21    21196.87    2    2
(advertise)    19    21211.2    25    21
(advertise)    19    21232.81    3    21
(relay)    26    48    21288.22    21    21283.37    4    1
(advertise)    19    21288.42    48    21
(relay)    26    41    21309.23    21    21306.94    4    1
(advertise)    19    21311.43    41    21
(generate)    19    21323.05    [24]    21
(relay)    26    27    21331.66    21    21311.64    4    1
(advertise)    19    21333.66    27    21
(relay)    26    5    21355.47    21    21304.99    2    1
(advertise)    19    21355.87    5    21
(relay)    12    11    21379.89    21    21324.0    4    1
(advertise)    19    21380.89    11    21
(relay)    12    13    21399.9    22    21374    126    1
(advertise)    19    21403.1    13    22
(relay)    26    33    21421.51    21    21381.34    4    1
(advertise)    19    21426.31    33    21
(relay)    26    34    21516.53    21    21514.87    4    1
(advertise)    19    21516.73    34    21
(relay)    18    10    21543.34    21    21521.43    2    1
(advertise)    19    21543.54    10    21
(relay)    18    17    21608.35    21    21607.04    2    1
(advertise)    19    21608.55    17    21
(relay)    18    2    21634.36    21    21611.99    2    1
(advertise)    19    21634.56    2    21
(relay)    12    0    21664.98    21    21662.97    2    1
(advertise)    19    21665.18    0    21
(relay)    20    20    21700.59    22    21700    127    1
(advertise)    19    21700.79    20    22
(relay)    12    1    21743.2    21    21740.08    2    1
(advertise)    19    21743.4    1    21
(relay)    26    46    21778.22    21    21775.52    2    1
(advertise)    19    21778.42    46    21
(relay)    26    32    21821.23    21    21817.68    2    1
(advertise)    19    21821.43    32    21
(relay)    26    26    21829.44    21    21828.4    4    1
(advertise)    19    21845.44    26    21
(relay)    18    18    21889.66    21    21889.07    4    1
(advertise)    19    21889.86    18    21
(relay)    26    40    21916.07    21    21894.29    4    1
(advertise)    19    21916.27    40    21
(relay)    18    39    21950.68    21    21916.13    2    1
(advertise)    19    21950.88    39    21
(relay)    12    6    21963.69    21    21961.7    6    1
(advertise)    19    21972.49    6    21
(relay)    12    4    22008.91    23    22005.79    4    1
(advertise)    19    22009.11    4    23
(relay)    12    9    22030.32    21    22001.1    2    1
(advertise)    19    22031.92    9    21
(relay)    12    12    22041.53    22    22041.4    6    1
(advertise)    19    22054.73    12    22
(relay)    18    7    22187.55    22    22183.15    2    1
(advertise)    19    22187.75    7    22
(relay)    18    3    22208.16    22    22196.95    2    1
(advertise)    19    22208.96    3    22
(relay)    18    25    22230.77    22    22209.24    2    1
(advertise)    19    22230.97    25    22
(relay)    26    48    22286.59    22    22283.55    4    1
(advertise)    19    22286.79    48    22
(relay)    12    5    22305.6    22    22305.06    6    1
(advertise)    19    22308.0    5    22
(generate)    19    22323.21    [24]    22
(relay)    18    11    22352.22    22    22324.11    4    1
(advertise)    19    22352.42    11    22
(relay)    12    13    22376.44    23    22374    126    1
(advertise)    19    22376.64    13    23
(relay)    26    33    22404.25    22    22381.52    2    1
(advertise)    19    22404.45    33    22
(relay)    26    34    22516.86    22    22514.87    4    1
(advertise)    19    22517.06    34    22
(relay)    18    10    22540.48    22    22521.62    2    1
(advertise)    19    22541.08    10    22
(relay)    18    17    22608.49    22    22607.04    2    1
(advertise)    19    22608.69    17    22
(relay)    18    2    22632.9    22    22612.02    2    1
(advertise)    19    22633.1    2    22
(relay)    20    20    22700.52    23    22700    127    1
(advertise)    19    22700.72    20    23
(relay)    12    1    22742.53    22    22740.15    2    1
(advertise)    19    22742.73    1    22
(relay)    26    46    22778.74    22    22775.55    2    1
(advertise)    19    22778.94    46    22
(relay)    26    26    22828.75    22    22828.6    4    1
(advertise)    19    22828.95    26    22
(relay)    26    32    22837.57    22    22817.81    2    1
(advertise)    19    22850.17    32    22
(relay)    26    47    22882.38    22    22867.63    4    1
(advertise)    19    22882.58    47    22
(relay)    18    18    22890.19    22    22889.19    4    1
(relay)    26    40    22905.39    22    22894.35    4    2
(advertise)    19    22905.79    18    22
(relay)    26    39    22925.81    22    22916.32    2    2
(advertise)    19    22928.61    40    22
(advertise)    19    22950.42    39    22
(relay)    18    8    22952.63    22    22910.73    2    1
(advertise)    19    22971.63    8    22
(relay)    18    15    22976.65    22    22937.24    2    1
(relay)    12    6    22979.45    22    22961.72    6    2
(advertise)    19    22993.65    15    22
(advertise)    19    23015.06    6    22
(relay)    18    9    23020.47    22    23001.27    2    1
(relay)    12    4    23025.27    24    23005.82    4    2
(advertise)    19    23038.27    9    22
(relay)    12    12    23041.88    23    23041.42    6    2
(advertise)    19    23061.28    4    24
(advertise)    19    23082.3    12    23
(relay)    18    7    23185.71    23    23183.25    2    1
(advertise)    19    23185.91    7    23
(relay)    12    3    23198.52    23    23197.02    2    1
(advertise)    19    23208.32    3    23
(relay)    26    25    23210.94    23    23210.5    2    1
(advertise)    19    23229.34    25    23
(relay)    18    14    23253.55    23    23212.43    2    1
(advertise)    19    23254.15    14    23
(relay)    26    48    23284.96    23    23283.72    4    1
(advertise)    19    23285.16    48    23
(relay)    12    5    23308.18    23    23305.12    6    1
(advertise)    19    23309.18    5    23
(generate)    19    23323.39    [24]    23
(relay)    26    27    23331.0    23    23311.73    4    1
(advertise)    19    23331.4    27    23
(relay)    12    11    23355.01    23    23324.28    4    1
(advertise)    19    23355.41    11    23
(relay)    12    13    23375.43    24    23374    126    1
(advertise)    19    23377.43    13    24
(relay)    26    33    23418.04    23    23381.52    4    1
(advertise)    19    23418.24    33    23
(relay)    18    16    23432.65    23    23429.34    2    1
(advertise)    19    23439.85    16    23
(relay)    26    34    23517.47    23    23514.88    4    1
(advertise)    19    23517.67    34    23
(relay)    12    10    23543.08    23    23521.7    2    1
(advertise)    19    23543.48    10    23
(relay)    18    17    23608.89    23    23607.11    2    1
(advertise)    19    23609.09    17    23
(relay)    18    2    23633.91    23    23612.04    2    1
(advertise)    19    23634.51    2    23
(relay)    18    0    23666.92    23    23663.16    2    1
(advertise)    19    23667.12    0    23
(relay)    20    20    23700.93    24    23700    127    1
(advertise)    19    23701.13    20    24
(relay)    18    1    23741.74    23    23740.26    2    1
(advertise)    19    23741.94    1    23
(relay)    26    46    23780.36    23    23775.6    2    1
(advertise)    19    23780.56    46    23
(relay)    26    26    23828.77    23    23828.64    4    1
(advertise)    19    23828.97    26    23
(relay)    26    32    23836.18    23    23817.93    2    1
(advertise)    19    23849.98    32    23
(relay)    26    47    23885.6    23    23867.71    4    1
(advertise)    19    23885.8    47    23
(relay)    18    18    23890.41    23    23889.35    4    1
(advertise)    19    23907.81    18    23
(relay)    18    40    23929.42    23    23894.39    2    1
(advertise)    19    23929.82    40    23
(relay)    18    39    23952.24    23    23916.48    2    1
(advertise)    19    23952.84    39    23
(relay)    12    6    23963.85    23    23961.73    6    1
(relay)    18    15    23974.45    23    23937.4    2    2
(advertise)    19    23975.45    6    23
(advertise)    19    23998.26    15    23
(relay)    12    4    24024.87    25    24006.02    4    1
(advertise)    19    24025.27    4    25
(relay)    12    12    24042.09    24    24041.45    6    1
(advertise)    19    24047.89    12    24
(relay)    18    9    24071.1    23    24001.44    2    1
(advertise)    19    24071.5    9    23
(heartbeat)    24    6    24025.27    19    24092.91    3    7
(advertise)    19    24093.91    24    6
(relay)    18    7    24185.13    24    24183.37    4    1
(advertise)    19    24185.33    7    24
(relay)    18    3    24209.14    24    24197.11    2    1
(advertise)    19    24209.74    3    24
(relay)    26    25    24211.35    24    24210.57    2    1
(advertise)    19    24231.95    25    24
(relay)    12    14    24240.37    24    24212.47    2    1
(advertise)    19    24252.97    14    24
(relay)    26    48    24285.18    24    24283.92    4    1
(advertise)    19    24285.38    48    24
(relay)    12    5    24307.19    24    24305.22    6    1
(advertise)    19    24308.19    5    24
(generate)    19    24323.4    [24]    24
(relay)    26    27    24333.22    24    24311.81    4    1
(advertise)    19    24333.62    27    24
(relay)    12    11    24351.63    24    24324.29    4    1
(advertise)    19    24354.83    11    24
(relay)    26    33    24400.84    24    24381.55    4    1
(advertise)    19    24401.04    33    24
(relay)    26    34    24518.06    24    24515.08    4    1
(advertise)    19    24518.26    34    24
(relay)    18    10    24542.67    24    24521.76    2    1
(advertise)    19    24542.87    10    24
(relay)    18    17    24609.48    24    24607.19    2    1
(advertise)    19    24609.68    17    24
(relay)    18    2    24631.7    24    24612.07    2    1
(advertise)    19    24632.1    2    24
(relay)    12    0    24667.31    24    24663.36    2    1
(advertise)    19    24667.51    0    24
(relay)    20    20    24700.92    25    24700    127    1
(advertise)    19    24701.12    20    25
(relay)    18    1    24742.53    24    24740.34    2    1
(advertise)    19    24742.73    1    24
(relay)    26    46    24780.35    24    24775.66    2    1
(advertise)    19    24780.55    46    24
(relay)    26    26    24828.76    24    24828.73    4    1
(advertise)    19    24828.96    26    24
(relay)    18    18    24890.57    24    24889.52    4    1
(advertise)    19    24890.77    18    24
(relay)    26    40    24917.19    24    24894.46    2    1
(advertise)    19    24917.59    40    24
(relay)    18    8    24938.4    24    24910.89    2    1
(advertise)    19    24939.8    8    24
(relay)    18    39    24961.21    24    24916.66    2    1
(advertise)    19    24962.81    39    24
(relay)    12    4    25026.83    26    25006.05    4    1
(advertise)    19    25027.03    4    26
(relay)    12    12    25042.04    25    25041.51    6    1
(advertise)    19    25048.84    12    25
(relay)    18    7    25184.85    25    25183.45    4    1
(advertise)    19    25185.05    7    25
(relay)    12    3    25208.66    25    25197.18    2    1
(advertise)    19    25209.26    3    25
(relay)    26    25    25211.88    25    25210.65    2    1
(advertise)    19    25230.28    25    25
(relay)    12    14    25238.29    25    25212.66    2    1
(relay)    26    28    25239.09    25    25213.01    2    2
(advertise)    19    25251.29    14    25
(advertise)    19    25272.9    28    25
(relay)    26    48    25285.72    25    25284.1    4    1
(advertise)    19    25295.92    48    25
(relay)    12    5    25306.53    25    25305.31    6    1
(relay)    26    41    25311.53    25    25307.24    4    2
(advertise)    19    25317.73    5    25
(generate)    19    25323.54    [24]    25
(advertise)    19    25338.96    41    25
(relay)    12    11    25350.17    25    25324.43    4    1
(advertise)    19    25362.37    11    25
(relay)    12    13    25393.78    26    25374    126    1
(advertise)    19    25393.98    13    26
(relay)    26    33    25400.99    25    25381.56    4    1
(advertise)    19    25415.39    33    25
(relay)    26    34    25518.81    25    25515.27    4    1
(advertise)    19    25519.01    34    25
(relay)    12    10    25543.42    25    25521.82    2    1
(advertise)    19    25543.62    10    25
(relay)    18    17    25609.63    25    25607.44    2    1
(advertise)    19    25609.83    17    25
(relay)    12    2    25631.85    25    25612.12    2    1
(advertise)    19    25632.25    2    25
(relay)    18    0    25668.86    25    25663.37    2    1
(advertise)    19    25669.06    0    25
(relay)    18    1    25743.87    25    25740.42    2    1
(advertise)    19    25744.07    1    25
(relay)    26    46    25780.49    25    25775.68    2    1
(advertise)    19    25780.69    46    25
(relay)    26    32    25819.5    25    25818.27    2    1
(advertise)    19    25819.7    32    25
(relay)    26    26    25829.31    25    25828.75    4    1
(advertise)    19    25842.11    26    25
(relay)    26    47    25881.72    25    25867.86    2    1
(advertise)    19    25881.92    47    25
(relay)    18    18    25889.74    25    25889.63    4    1
(advertise)    19    25903.54    18    25
(relay)    18    21    25929.35    25    25906.12    2    1
(advertise)    19    25930.15    21    25
(relay)    26    39    25946.76    25    25916.85    2    1
(advertise)    19    25952.16    39    25
(relay)    18    15    25954.78    25    25937.71    4    1
(advertise)    19    25974.18    15    25
(relay)    18    8    25977.39    25    25910.95    2    1
(advertise)    19    25995.39    8    25
(relay)    12    6    25997.8    25    25962.06    6    1
(advertise)    19    26016.8    6    25
(relay)    12    4    26020.82    27    26006.07    4    1
(advertise)    19    26038.02    4    27
(relay)    12    12    26042.83    26    26041.77    6    1
(advertise)    19    26061.03    12    26
(relay)    12    7    26186.64    26    26183.55    4    1
(advertise)    19    26186.84    7    26
(relay)    18    3    26209.65    26    26197.27    2    1
(advertise)    19    26210.65    3    26
(relay)    26    25    26212.67    26    26211.33    2    1
(advertise)    19    26231.87    25    26
(relay)    12    14    26239.28    26    26212.67    2    1
(relay)    18    28    26252.08    26    26213.2    2    2
(advertise)    19    26256.68    14    26
(advertise)    19    26277.89    28    26
(relay)    26    48    26288.11    26    26284.27    4    1
(advertise)    19    26299.51    48    26
(relay)    26    41    26311.72    26    26307.36    4    1
(advertise)    19    26320.72    41    26
(relay)    12    5    26322.33    26    26305.4    6    1
(generate)    19    26323.73    [24]    26
(advertise)    19    26342.35    5    26
(relay)    18    11    26365.76    26    26325.03    4    1
(advertise)    19    26366.56    11    26
(relay)    12    13    26390.37    27    26374    126    1
(advertise)    19    26390.77    13    27
(relay)    26    33    26400.58    26    26381.57    4    1
(advertise)    19    26412.18    33    26
(relay)    26    34    26518.6    26    26515.29    4    1
(advertise)    19    26518.8    34    26
(relay)    18    10    26542.81    26    26521.89    2    1
(advertise)    19    26544.01    10    26
(relay)    18    17    26609.82    26    26607.51    2    1
(advertise)    19    26610.02    17    26
(relay)    12    2    26630.84    26    26612.16    2    1
(advertise)    19    26632.04    2    26
(relay)    12    0    26669.65    26    26663.38    2    1
(advertise)    19    26669.85    0    26
(relay)    20    20    26701.06    27    26700    127    1
(advertise)    19    26701.26    20    27
(relay)    26    46    26780.08    26    26775.75    2    1
(advertise)    19    26780.28    46    26
(relay)    26    26    26829.29    26    26828.82    4    1
(advertise)    19    26829.49    26    26
(relay)    26    32    26835.7    26    26818.43    2    1
(advertise)    19    26850.5    32    26
(relay)    26    47    26880.51    26    26867.96    2    1
(advertise)    19    26880.71    47    26
(relay)    18    18    26889.93    26    26889.81    4    1
(relay)    26    40    26901.13    26    26894.59    4    2
(advertise)    19    26904.13    18    26
(relay)    18    21    26913.54    26    26906.22    4    2
(advertise)    19    26926.14    40    26
(relay)    26    39    26945.75    26    26916.9    2    2
(advertise)    19    26947.75    21    26
(relay)    18    15    26960.57    26    26938.53    4    2
(relay)    12    8    26961.37    26    26911.02    2    3
(advertise)    19    26970.17    39    26
(advertise)    19    26991.98    15    26
(relay)    12    4    27010.39    28    27006.11    4    2
(advertise)    19    27013.39    8    26
(relay)    18    9    27026.61    26    27001.94    2    2
(advertise)    19    27034.41    4    28
(relay)    12    12    27042.82    27    27041.88    6    2
(advertise)    19    27056.62    9    26
(advertise)    19    27078.63    12    27
(relay)    18    7    27187.24    27    27183.63    4    1
(advertise)    19    27187.44    7    27
(relay)    12    3    27210.66    27    27197.36    2    1
(advertise)    19    27210.86    3    27
(relay)    26    25    27213.47    27    27211.45    2    1
(advertise)    19    27232.87    25    27
(relay)    12    14    27239.08    27    27212.72    2    1
(advertise)    19    27254.88    14    27
(relay)    26    48    27287.5    27    27284.44    4    1
(advertise)    19    27287.7    48    27
(relay)    18    41    27315.31    27    27307.44    2    1
(advertise)    19    27315.51    41    27
(generate)    19    27323.92    [24]    27
(relay)    26    27    27333.34    27    27312.08    4    1
(relay)    18    5    27335.94    27    27305.49    4    2
(advertise)    19    27337.74    27    27
(relay)    12    11    27357.75    27    27325.19    4    2
(advertise)    19    27359.95    5    27
(advertise)    19    27381.36    11    27
(relay)    12    13    27403.37    28    27374    126    1
(advertise)    19    27404.77    13    28
(relay)    26    33    27422.99    27    27381.62    4    1
(advertise)    19    27426.39    33    27
(relay)    26    34    27517.2    27    27515.47    4    1
(advertise)    19    27517.4    34    27
(relay)    18    10    27539.01    27    27521.97    2    1
(advertise)    19    27539.21    10    27
(relay)    18    17    27608.03    27    27607.59    2    1
(advertise)    19    27608.23    17    27
(relay)    12    2    27631.44    27    27612.22    2    1
(advertise)    19    27632.04    2    27
(relay)    12    0    27670.45    27    27663.4    2    1
(advertise)    19    27670.65    0    27
(relay)    20    20    27700.07    28    27700    127    1
(advertise)    19    27700.27    20    28
(relay)    12    1    27745.68    27    27740.57    2    1
(advertise)    19    27745.88    1    27
(relay)    18    46    27780.89    27    27775.82    2    1
(advertise)    19    27781.09    46    27
(relay)    26    26    27829.5    27    27828.91    4    1
(advertise)    19    27829.7    26    27
(relay)    26    32    27837.32    27    27818.44    2    1
(advertise)    19    27851.52    32    27
(relay)    26    47    27880.13    27    27868.04    2    1
(advertise)    19    27880.33    47    27
(relay)    18    18    27889.94    27    27889.93    4    1
(relay)    26    40    27902.34    27    27894.63    4    2
(advertise)    19    27902.74    18    27
(relay)    18    21    27916.56    27    27906.3    2    2
(advertise)    19    27924.76    40    27
(relay)    26    39    27945.77    27    27916.95    2    2
(advertise)    19    27948.37    21    27
(relay)    18    8    27960.18    27    27911.07    2    2
(advertise)    19    27969.38    39    27
(relay)    18    22    27982.2    27    27958.62    2    2
(relay)    12    6    27983.0    27    27962.08    6    3
(advertise)    19    27990.6    8    27
(relay)    18    15    28005.41    27    27938.53    2    3
(relay)    12    4    28009.61    29    28006.16    4    4
(advertise)    19    28012.41    22    27
(advertise)    19    28035.42    6    27
(relay)    12    12    28043.03    28    28041.97    6    3
(advertise)    19    28056.83    15    27
(heartbeat)    24    7    28025.28    19    28060.25    3    21
(relay)    18    9    28072.65    27    28002.1    2    4
(advertise)    19    28080.85    4    29
(advertise)    19    28101.86    12    28
(advertise)    19    28124.27    24    7
(advertise)    19    28146.29    9    27
(relay)    12    7    28188.1    28    28183.74    4    1
(advertise)    19    28188.3    7    28
(relay)    18    3    28212.11    28    28197.48    2    1
(advertise)    19    28212.31    3    28
(relay)    26    25    28214.53    28    28211.55    2    1
(advertise)    19    28233.53    25    28
(relay)    12    14    28235.94    28    28212.75    2    1
(relay)    18    28    28255.54    28    28213.27    4    2
(advertise)    19    28255.74    14    28
(advertise)    19    28278.35    28    28
(relay)    26    48    28290.16    28    28284.61    2    1
(advertise)    19    28300.76    48    28
(relay)    12    5    28307.78    28    28305.63    6    1
(relay)    26    41    28312.98    28    28307.54    4    2
(advertise)    19    28322.38    5    28
(generate)    19    28323.99    [24]    28
(relay)    26    27    28334.4    28    28312.56    4    2
(advertise)    19    28344.4    41    28
(relay)    12    11    28351.82    28    28325.21    4    2
(advertise)    19    28367.62    27    28
(advertise)    19    28389.23    11    28
(relay)    26    33    28402.44    28    28381.8    4    1
(advertise)    19    28412.04    33    28
(relay)    26    42    28445.06    28    28359.23    2    1
(advertise)    19    28445.26    42    28
(relay)    18    35    28455.47    28    28381.66    2    1
(advertise)    19    28468.47    35    28
(relay)    26    45    28493.48    28    28407.18    2    1
(advertise)    19    28493.68    45    28
(relay)    26    43    28515.09    28    28501.07    2    1
(advertise)    19    28515.29    43    28
(relay)    18    10    28522.91    28    28522.1    2    1
(advertise)    19    28537.51    10    28
(relay)    18    17    28608.12    28    28607.7    2    1
(advertise)    19    28608.32    17    28
(relay)    18    2    28632.33    28    28612.3    2    1
(advertise)    19    28632.53    2    28
(relay)    18    0    28670.75    28    28663.46    2    1
(advertise)    19    28670.95    0    28
(relay)    20    20    28700.16    29    28700    127    1
(advertise)    19    28700.36    20    29
(relay)    26    36    28733.57    28    28723.28    2    1
(advertise)    19    28733.77    36    28
(relay)    18    1    28760.99    28    28740.68    2    1
(advertise)    19    28761.19    1    28
(relay)    26    46    28777.2    28    28775.88    2    1
(advertise)    19    28782.8    46    28
(relay)    26    26    28829.61    28    28829.07    4    1
(advertise)    19    28829.81    26    28
(relay)    18    18    28890.02    28    28889.94    4    1
(advertise)    19    28890.22    18    28
(relay)    26    40    28905.04    28    28894.74    4    1
(advertise)    19    28911.64    40    28
(relay)    26    39    28929.25    28    28916.99    2    1
(advertise)    19    28932.85    39    28
(relay)    18    21    28938.46    28    28906.4    6    1
(advertise)    19    28955.26    21    28
(relay)    18    8    28959.28    28    28911.17    2    1
(advertise)    19    28977.08    8    28
(relay)    12    6    28979.49    28    28962.1    6    1
(relay)    18    15    28981.49    28    28938.72    6    2
(advertise)    19    29000.29    6    28
(advertise)    19    29021.7    15    28
(relay)    12    4    29025.12    30    29006.23    4    1
(relay)    18    22    29025.52    28    28959.09    6    2
(relay)    12    12    29043.12    29    29042.06    6    3
(advertise)    19    29043.52    4    30
(relay)    12    9    29046.93    28    29002.1    2    3
(advertise)    19    29065.13    22    28
(advertise)    19    29088.34    12    29
(advertise)    19    29111.95    9    28
(relay)    18    29    29115.97    29    29012.06    4    1
(advertise)    19    29134.17    29    29
(relay)    18    7    29188.98    29    29183.84    4    1
(advertise)    19    29189.18    7    29
(relay)    18    3    29213.39    29    29197.64    2    1
(advertise)    19    29213.79    3    29
(relay)    26    14    29263.81    29    29212.78    2    1
(advertise)    19    29264.01    14    29
(relay)    26    48    29289.82    29    29284.67    4    1
(advertise)    19    29290.22    48    29
(relay)    26    41    29313.23    29    29307.71    4    1
(advertise)    19    29313.63    41    29
(generate)    19    29324.05    [24]    29
(relay)    26    27    29357.26    29    29312.7    2    1
(advertise)    19    29357.46    27    29
(relay)    12    11    29359.27    29    29325.24    4    1
(advertise)    19    29379.07    11    29
(relay)    18    5    29382.28    29    29305.77    2    1
(advertise)    19    29401.48    5    29
(relay)    26    33    29403.3    29    29382.64    4    1
(advertise)    19    29422.9    33    29
(relay)    18    35    29446.91    29    29381.75    2    1
(advertise)    19    29447.91    35    29
(relay)    26    45    29471.92    29    29407.33    2    1
(advertise)    19    29473.52    45    29
(relay)    18    16    29481.54    29    29430.87    2    1
(advertise)    19    29496.14    16    29
(relay)    26    34    29516.35    29    29515.61    4    1
(advertise)    19    29518.15    34    29
(relay)    18    10    29540.16    29    29522.2    2    1
(advertise)    19    29540.36    10    29
(relay)    18    17    29608.18    29    29607.79    2    1
(advertise)    19    29608.38    17    29
(relay)    18    2    29633.79    29    29612.41    2    1
(advertise)    19    29633.99    2    29
(relay)    12    0    29669.0    29    29663.5    2    1
(advertise)    19    29669.2    0    29
(relay)    20    20    29700.01    30    29700    127    1
(advertise)    19    29700.21    20    30
(relay)    12    36    29732.43    29    29723.36    2    1
(advertise)    19    29732.63    36    29
(relay)    18    1    29757.24    29    29740.8    2    1
(advertise)    19    29757.44    1    29
(relay)    26    46    29777.25    29    29775.97    2    1
(advertise)    19    29779.65    46    29
(relay)    26    32    29821.07    29    29818.74    2    1
(advertise)    19    29821.27    32    29
(relay)    26    26    29830.08    29    29829.16    4    1
(advertise)    19    29844.28    26    29
(relay)    18    18    29890.69    29    29890.13    4    1
(advertise)    19    29890.89    18    29
(relay)    18    21    29917.91    29    29906.49    4    1
(advertise)    19    29918.11    21    29
(relay)    18    8    29939.92    29    29911.25    2    1
(advertise)    19    29941.72    8    29
(relay)    18    15    29961.93    29    29938.73    8    1
(advertise)    19    29963.93    15    29
(relay)    18    40    29983.94    29    29894.85    2    1
(relay)    12    22    29985.54    29    29959.17    6    2
(advertise)    19    29985.74    40    29
