(relay)    3    13    377.2    1    374    123    1
(advertise)    2    377.4    13    1
(relay)    9    20    705.41    1    700    122    1
(advertise)    2    705.61    20    1
(relay)    3    4    1001.43    2    1000.04    126    1
(advertise)    2    1001.63    4    2
(relay)    1    29    1026.24    1    1009.04    123    1
(advertise)    2    1027.04    29    1
(relay)    1    12    1054.45    1    1040.05    122    1
(advertise)    2    1054.65    12    1
(relay)    9    7    1183.47    1    1181.07    125    1
(advertise)    2    1183.67    7    1
(relay)    3    3    1196.08    1    1195.08    127    1
(advertise)    2    1207.68    3    1
(relay)    1    14    1231.29    1    1210.09    124    1
(advertise)    2    1231.49    14    1
(relay)    9    25    1253.3    1    1206.08    123    1
(advertise)    2    1254.9    25    1
(relay)    1    23    1278.72    1    1217.09    121    1
(advertise)    2    1278.92    23    1
(relay)    9    28    1296.33    1    1211.09    122    1
(advertise)    2    1301.13    28    1
(relay)    9    11    1325.34    1    1321.13    125    1
(advertise)    2    1325.54    11    1
(relay)    9    5    1346.96    1    1303.12    123    1
(advertise)    2    1347.16    5    1
(relay)    9    19    1368.97    1    1320.14    123    1
(advertise)    2    1369.57    19    1
(relay)    9    48    1390.58    1    1280.1    114    1
(advertise)    2    1392.38    48    1
(relay)    3    41    1414.2    1    1305.13    117    1
(advertise)    2    1415.0    41    1
(relay)    3    13    1436.61    2    1374    123    1
(relay)    9    16    1437.21    1    1426.2    126    2
(advertise)    2    1438.81    13    2
(advertise)    2    1460.42    16    1
(relay)    1    31    1463.83    1    1327.56    115    1
(advertise)    2    1482.23    31    1
(relay)    1    35    1484.05    1    1374.16    121    1
(relay)    3    33    1503.25    1    1377.18    121    2
(advertise)    2    1503.65    35    1
(relay)    1    37    1516.06    1    1351.36    119    2
(advertise)    2    1525.66    33    1
(relay)    3    10    1546.47    1    1520.06    126    2
(advertise)    2    1546.67    37    1
(relay)    3    27    1567.29    1    1307.13    117    2
(advertise)    2    1568.89    10    1
(advertise)    2    1592.1    27    1
(relay)    1    45    1610.91    1    1402.2    117    1
(generate)    2    1611.11    [24]    1
(advertise)    2    1615.13    45    1
(relay)    3    17    1634.94    1    1605.11    125    1
(advertise)    2    1636.34    17    1
(relay)    1    0    1676.15    1    1661.07    126    1
(advertise)    2    1676.35    0    1
(relay)    3    34    1677.96    1    1512.06    120    1
(relay)    9    43    1681.56    1    1498.03    119    2
(advertise)    2    1697.56    34    1
(advertise)    2    1719.98    43    1
(relay)    1    1    1739.19    1    1738.16    127    1
(advertise)    2    1742.79    1    1
(relay)    9    20    1748.6    2    1700    122    1
(relay)    3    44    1764.0    1    1662.14    120    2
(advertise)    2    1765.4    20    2
(advertise)    2    1788.02    44    1
(relay)    1    36    1813.03    1    1721.15    122    1
(advertise)    2    1813.23    36    1
(relay)    9    26    1839.84    1    1827.04    122    1
(advertise)    2    1840.44    26    1
(relay)    9    32    1864.26    1    1815.03    122    1
(advertise)    2    1864.46    32    1
(relay)    9    38    1888.47    1    1810.02    120    1
(advertise)    2    1888.67    38    1
(relay)    9    8    1912.08    1    1907.07    126    1
(advertise)    2    1912.28    8    1
(relay)    3    40    1933.69    1    1893.08    120    1
(advertise)    2    1934.29    40    1
(relay)    9    21    1979.11    1    1904.07    121    1
(advertise)    2    1979.31    21    1
(relay)    9    9    1999.12    1    1998.13    127    1
(advertise)    2    2001.52    9    1
(relay)    9    22    2004.53    1    1954.29    124    1
(advertise)    2    2023.13    22    1
(relay)    3    4    2024.35    3    2000.15    126    1
(advertise)    2    2045.55    4    3
(relay)    9    39    2064.76    1    1913.09    121    1
(advertise)    2    2066.56    39    1
(relay)    3    12    2090.17    2    2040.16    124    1
(advertise)    2    2090.77    12    2
(relay)    9    29    2108.19    2    2009.13    123    1
(advertise)    2    2112.39    29    2
(relay)    1    30    2135.2    1    1965.11    122    1
(advertise)    2    2136.4    30    1
(relay)    1    6    2180.21    1    1961.0    118    1
(advertise)    2    2180.41    6    1
(relay)    3    15    2183.22    1    1932.08    117    1
(relay)    9    7    2183.82    2    2181.21    125    2
(relay)    3    3    2195.42    2    2195.25    127    3
(advertise)    2    2202.62    15    1
(relay)    9    14    2212.04    2    2210.25    124    3
(advertise)    2    2226.84    7    2
(relay)    3    25    2232.05    2    2207.06    123    3
(advertise)    2    2249.65    3    2
(relay)    9    23    2258.66    2    2217.25    125    3
(advertise)    2    2271.66    14    2
(relay)    1    28    2288.68    2    2211.25    122    3
(advertise)    2    2293.68    25    2
(advertise)    2    2314.69    23    2
(advertise)    2    2336.3    28    2
(relay)    9    31    2338.32    2    2327.74    123    1
(relay)    3    5    2338.92    2    2303.29    125    2
(advertise)    2    2358.32    31    2
(relay)    3    11    2361.73    2    2321.32    125    2
(relay)    9    37    2362.13    2    2351.53    123    3
(advertise)    2    2380.93    5    2
(advertise)    2    2403.94    11    2
(advertise)    2    2424.95    37    2
(relay)    9    19    2429.37    2    2320.32    123    1
(advertise)    2    2446.97    19    2
(relay)    9    16    2451.18    2    2426.38    126    1
(relay)    3    27    2451.58    2    2307.29    121    2
(advertise)    2    2469.18    16    2
(relay)    9    35    2472.99    2    2374.33    121    2
(advertise)    2    2490.99    27    2
(advertise)    2    2514.41    35    2
(relay)    3    33    2518.02    2    2377.35    121    1
(advertise)    2    2537.22    33    2
(relay)    9    48    2539.63    2    2280.29    118    1
(relay)    3    10    2541.43    2    2520.24    126    2
(advertise)    2    2559.83    48    2
(relay)    1    42    2561.64    2    2352.32    118    2
(advertise)    2    2582.84    10    2
(relay)    3    41    2586.46    2    2305.32    119    2
(advertise)    2    2605.46    42    2
(generate)    2    2611.27    [24]    2
(advertise)    2    2628.68    41    2
(relay)    3    17    2630.1    2    2605.28    125    1
(advertise)    2    2649.7    17    2
(relay)    3    34    2672.31    2    2512.23    120    1
(advertise)    2    2672.51    34    2
(relay)    9    43    2674.32    2    2498.21    121    1
(advertise)    2    2693.52    43    2
(relay)    1    45    2696.14    2    2402.38    115    1
(advertise)    2    2714.74    45    2
(relay)    1    1    2738.35    2    2738.31    127    1
(advertise)    2    2738.55    1    2
(relay)    3    44    2765.16    2    2662.31    120    1
(advertise)    2    2765.56    44    2
(relay)    3    20    2786.97    3    2700    122    1
(advertise)    2    2787.57    20    3
(relay)    9    0    2788.79    2    2661.18    124    1
(advertise)    2    2809.19    0    2
(relay)    3    36    2831.2    2    2721.35    120    1
(advertise)    2    2831.8    36    2
(relay)    3    32    2856.01    2    2815.21    122    1
(advertise)    2    2856.61    32    2
(relay)    3    46    2878.43    2    2774.2    118    1
(advertise)    2    2880.03    46    2
(relay)    3    38    2901.44    2    2810.2    118    1
(advertise)    2    2902.24    38    2
(relay)    3    18    2923.25    2    2886.45    124    1
(relay)    9    8    2923.45    2    2907.23    126    2
(advertise)    2    2923.65    18    2
(advertise)    2    2944.67    8    2
(relay)    9    15    2967.88    2    2932.27    125    1
(advertise)    2    2968.08    15    2
(relay)    9    26    2991.69    2    2827.21    122    1
(advertise)    2    2991.89    26    2
(relay)    9    9    2999.3    2    2998.3    127    1
(advertise)    2    3014.3    9    2
(relay)    9    47    3035.32    2    2866.25    119    1
(advertise)    2    3036.32    47    2
(relay)    9    22    3058.13    2    2954.48    124    1
(advertise)    2    3058.53    22    2
(relay)    9    4    3079.94    4    3000.29    124    1
(relay)    3    6    3080.34    2    2961.01    124    2
(advertise)    2    3082.74    4    4
(relay)    9    30    3102.16    2    2966.3    124    2
(advertise)    2    3105.36    6    2
(relay)    1    29    3122.77    3    3009.32    123    2
(relay)    3    21    3124.97    2    2904.25    121    3
(advertise)    2    3126.77    30    2
(relay)    3    12    3147.18    3    3040.34    124    3
(advertise)    2    3148.58    29    3
(relay)    3    39    3168.8    2    2913.28    119    3
(advertise)    2    3169.8    21    2
(relay)    1    40    3188.41    2    2893.27    114    3
(advertise)    2    3191.21    12    3
(relay)    3    3    3195.62    3    3195.43    127    3
(advertise)    2    3213.02    39    2
(relay)    9    7    3234.23    3    3181.37    125    3
(advertise)    2    3235.03    40    2
(advertise)    2    3256.65    3    3
(relay)    1    14    3275.06    3    3211.23    124    2
(advertise)    2    3279.06    7    3
(advertise)    2    3300.07    14    3
(relay)    9    28    3317.89    3    3211.43    122    1
(advertise)    2    3321.49    28    3
(relay)    9    23    3340.7    3    3217.43    123    1
(advertise)    2    3344.3    23    3
(relay)    9    25    3362.31    3    3207.23    117    1
(advertise)    2    3366.71    25    3
(relay)    3    11    3389.73    3    3321.49    125    1
(advertise)    2    3389.93    11    3
(relay)    3    37    3411.74    3    3351.71    119    1
(advertise)    2    3411.94    37    3
(relay)    1    35    3429.95    3    3374.53    121    1
(relay)    3    19    3434.55    3    3320.51    123    2
(advertise)    2    3435.55    35    3
(advertise)    2    3457.56    19    3
(relay)    1    42    3473.78    3    3352.51    120    1
(relay)    9    16    3474.18    3    3426.55    126    2
(advertise)    2    3479.78    42    3
(relay)    9    48    3497.79    3    3280.66    118    2
(advertise)    2    3501.19    16    3
(advertise)    2    3523.4    48    3
(relay)    3    10    3524.62    3    3520.42    126    1
(relay)    1    31    3541.62    3    3327.93    117    2
(advertise)    2    3545.62    10    3
(relay)    3    13    3566.43    4    3374    123    2
(advertise)    2    3567.23    31    3
(relay)    1    5    3585.24    3    3303.45    119    2
(advertise)    2    3589.64    13    4
(generate)    2    3611.46    [24]    3
(advertise)    2    3613.07    5    3
(relay)    1    27    3629.48    3    3307.46    115    1
(relay)    3    33    3634.48    3    3377.54    121    2
(advertise)    2    3635.08    27    3
(relay)    9    45    3652.89    3    3402.56    121    2
(advertise)    2    3657.29    33    3
(advertise)    2    3679.31    45    3
(relay)    9    17    3696.92    3    3605.47    125    1
(advertise)    2    3702.32    17    3
(relay)    1    0    3715.93    3    3661.34    126    1
(advertise)    2    3724.93    0    3
(relay)    1    43    3737.35    3    3498.4    119    1
(relay)    1    1    3738.55    3    3738.51    127    2
(relay)    9    41    3741.35    3    3305.5    119    3
(advertise)    2    3745.95    43    3
(advertise)    2    3768.56    1    3
(relay)    9    34    3787.57    3    3512.4    120    2
(advertise)    2    3791.37    41    3
(advertise)    2    3812.59    34    3
(relay)    3    20    3834.6    4    3700    122    1
(advertise)    2    3835.4    20    4
(relay)    3    44    3856.41    3    3662.49    120    1
(advertise)    2    3858.41    44    3
(relay)    1    36    3876.42    3    3721.55    122    1
(advertise)    2    3880.62    36    3
(relay)    9    26    3919.04    3    3827.4    122    1
(advertise)    2    3919.24    26    3
(relay)    1    38    3941.45    3    3810.39    120    1
(relay)    9    8    3942.05    3    3907.42    126    2
(advertise)    2    3942.45    38    3
(relay)    3    18    3949.06    3    3886.62    124    2
(advertise)    2    3965.26    8    3
(relay)    1    15    3985.08    3    3932.45    125    2
(advertise)    2    3986.48    18    3
(relay)    3    46    3994.09    3    3774.37    118    2
(relay)    9    9    3998.49    3    3998.49    127    3
(relay)    1    21    4007.89    3    3904.42    123    4
(advertise)    2    4008.29    15    3
(advertise)    2    4031.9    46    3
(relay)    3    6    4036.52    3    3961.03    124    3
(advertise)    2    4053.52    9    3
(relay)    3    4    4058.93    5    4000.49    126    3
(advertise)    2    4075.33    21    3
(advertise)    2    4096.74    6    3
(advertise)    2    4118.35    4    5
(relay)    1    29    4119.57    4    4009.52    123    1
(relay)    9    40    4120.17    3    3893.45    120    2
(advertise)    2    4142.17    29    4
(relay)    1    22    4164.78    3    3955.68    122    2
(advertise)    2    4165.18    40    3
(heartbeat)    24    1    4025.2    2    4168.59    127    0
(relay)    9    32    4184.59    3    3815.41    118    3
(advertise)    2    4186.39    22    3
(relay)    3    12    4190.21    4    4040.54    124    3
(relay)    3    3    4195.81    4    4195.62    5    4
(relay)    9    30    4207.61    3    3966.49    124    5
(advertise)    2    4209.41    24    1
(advertise)    2    4231.42    32    3
(relay)    3    39    4233.43    3    3913.46    121    4
(advertise)    2    4252.83    12    4
(relay)    9    47    4274.65    3    3866.44    117    4
(advertise)    2    4275.45    3    4
(advertise)    2    4297.66    30    3
(relay)    9    7    4318.27    4    4181.57    125    3
(advertise)    2    4318.87    39    3
(advertise)    2    4339.88    47    3
(relay)    9    14    4341.3    4    4211.42    3    2
(relay)    3    5    4352.3    4    4303.63    5    3
(advertise)    2    4363.1    7    4
(advertise)    2    4384.91    14    4
(relay)    3    11    4396.32    4    4321.67    3    2
(relay)    1    28    4406.12    4    4211.63    1    3
(advertise)    2    4406.92    5    4
(advertise)    2    4429.94    11    4
(relay)    3    19    4439.55    4    4320.71    1    1
(relay)    1    35    4448.35    4    4374.71    1    1
(relay)    3    27    4460.35    4    4307.63    1    1
(relay)    1    16    4502.35    4    4426.74    1    1
(relay)    9    10    4565.15    4    4520.59    3    1
(advertise)    2    4565.35    10    4
(relay)    9    42    4587.56    4    4352.7    1    1
(relay)    3    17    4607.96    4    4605.67    1    1
(generate)    2    4611.56    [24]    4
(relay)    1    0    4662.78    4    4661.43    7    1
(advertise)    2    4662.98    0    4
(relay)    3    20    4704.19    5    4700    122    1
(advertise)    2    4704.39    20    5
(relay)    1    1    4738.6    4    4738.6    7    1
(advertise)    2    4738.8    1    4
(relay)    9    36    4763.41    4    4721.64    1    1
(relay)    3    26    4844.81    4    4827.44    1    1
(relay)    3    18    4888.41    4    4886.73    1    1
(relay)    1    21    4905.61    4    4904.47    1    1
(relay)    1    8    4927.41    4    4907.45    5    1
(advertise)    2    4927.61    8    4
(relay)    1    15    4949.83    4    4932.61    3    1
(advertise)    2    4950.63    15    4
(relay)    1    22    4972.64    4    4955.71    1    1
(relay)    3    6    4976.64    4    4961.12    5    1
(advertise)    2    4976.84    6    4
(relay)    9    9    4998.65    4    4998.61    5    1
(advertise)    2    4999.05    9    4
(relay)    3    4    5022.47    6    5001.69    5    1
(advertise)    2    5023.07    4    6
(relay)    3    12    5047.28    5    5040.56    5    1
(advertise)    2    5047.68    12    5
(relay)    9    30    5072.09    4    4966.6    1    1
(relay)    1    7    5182.49    5    5181.57    5    1
(advertise)    2    5182.69    7    5
(relay)    3    3    5195.91    5    5195.8    5    1
(advertise)    2    5206.11    3    5
(relay)    9    23    5232.32    5    5217.82    1    1
(relay)    3    5    5306.72    5    5303.76    5    1
(advertise)    2    5306.92    5    5
(relay)    3    11    5328.13    5    5321.71    3    1
(advertise)    2    5329.33    11    5
(relay)    3    19    5351.14    5    5320.74    1    1
(relay)    3    13    5376.14    6    5374    123    1
(advertise)    2    5376.34    13    6
(relay)    9    37    5377.96    5    5351.77    1    1
(relay)    1    42    5400.56    5    5353.73    1    1
(relay)    1    35    5424.76    5    5375.65    1    1
(relay)    3    16    5444.16    5    5426.93    1    1
(relay)    9    43    5506.36    5    5498.69    1    1
(relay)    3    10    5521.96    5    5520.64    3    1
(advertise)    2    5522.16    10    5
(relay)    3    17    5607.57    5    5605.77    1    1
(generate)    2    5611.57    [24]    5
(relay)    1    0    5662.78    5    5661.44    7    1
(advertise)    2    5662.98    0    5
(relay)    9    36    5724.0    5    5721.67    1    1
(relay)    1    1    5738.8    5    5738.67    7    1
(advertise)    2    5739.0    1    5
(relay)    9    18    5903.01    5    5886.87    1    1
(relay)    1    21    5905.81    5    5904.54    1    1
(relay)    1    8    5927.41    5    5907.53    5    1
(advertise)    2    5927.61    8    5
(relay)    1    15    5949.82    5    5932.61    3    1
(advertise)    2    5950.02    15    5
(relay)    1    22    5972.84    5    5955.77    1    1
(relay)    3    6    5974.44    5    5961.13    5    1
(advertise)    2    5975.44    6    5
(relay)    9    9    5998.85    5    5998.79    5    1
(advertise)    2    5999.25    9    5
(relay)    3    4    6024.26    7    6002.31    5    1
(advertise)    2    6024.46    4    7
(relay)    3    12    6062.67    6    6040.59    5    1
(advertise)    2    6062.87    12    6
(relay)    9    29    6108.69    6    6009.66    1    1
(relay)    9    7    6182.69    6    6181.67    5    1
(advertise)    2    6182.89    7    6
(relay)    3    3    6196.5    6    6195.86    5    1
(advertise)    2    6205.1    3    6
(relay)    9    23    6233.71    6    6217.89    1    1
(relay)    1    14    6234.91    6    6211.55    3    1
(advertise)    2    6235.11    14    6
(relay)    3    5    6306.73    6    6303.84    5    1
(advertise)    2    6306.93    5    6
(relay)    3    11    6330.34    6    6321.86    3    1
(advertise)    2    6330.94    11    6
(relay)    3    19    6351.35    6    6320.89    1    1
(relay)    1    42    6380.35    6    6353.91    1    1
(relay)    3    13    6398.75    7    6374    123    1
(advertise)    2    6398.95    13    7
(relay)    9    16    6428.37    6    6427.09    3    1
(advertise)    2    6428.57    16    6
(relay)    9    35    6451.78    6    6375.96    1    1
(relay)    9    43    6504.18    6    6498.76    1    1
(relay)    3    10    6521.98    6    6520.66    3    1
(advertise)    2    6522.18    10    6
(relay)    3    17    6607.39    6    6605.84    1    1
(generate)    2    6611.59    [24]    6
(relay)    1    0    6663.2    6    6661.45    7    1
(advertise)    2    6663.4    0    6
(relay)    9    44    6689.62    6    6662.68    1    1
(relay)    3    20    6702.62    7    6700    122    1
(advertise)    2    6702.82    20    7
(relay)    9    36    6733.03    6    6721.75    1    1
(relay)    1    1    6739.23    6    6738.76    7    1
(advertise)    2    6739.43    1    6
(relay)    9    26    6832.24    6    6827.5    1    1
(relay)    3    18    6888.24    6    6887.01    1    1
(relay)    1    21    6907.04    6    6904.65    1    1
(relay)    1    8    6928.44    6    6907.59    5    1
(advertise)    2    6928.64    8    6
(relay)    1    15    6950.06    6    6932.63    3    1
(advertise)    2    6950.26    15    6
(relay)    1    22    6971.27    6    6955.84    1    1
(relay)    3    6    6973.87    6    6961.14    5    1
(advertise)    2    6975.07    6    6
(relay)    9    9    6998.88    6    6998.79    5    1
(advertise)    2    6999.28    9    6
(relay)    3    4    7023.3    8    7002.33    5    1
(advertise)    2    7023.5    4    8
(relay)    3    12    7045.91    7    7040.65    5    1
(advertise)    2    7047.91    12    7
(relay)    9    30    7091.12    6    6966.9    1    1
(relay)    9    7    7183.32    7    7181.77    5    1
(advertise)    2    7183.52    7    7
(relay)    3    3    7196.53    7    7195.94    5    1
(advertise)    2    7205.13    3    7
(relay)    9    23    7232.35    7    7218.01    1    1
(relay)    1    14    7233.75    7    7211.57    3    1
(advertise)    2    7233.95    14    7
(relay)    9    28    7275.76    7    7211.8    1    1
(relay)    3    5    7306.96    7    7303.94    5    1
(advertise)    2    7307.16    5    7
(relay)    3    11    7329.97    7    7322.0    3    1
(advertise)    2    7330.77    11    7
(relay)    3    19    7352.19    7    7321.03    1    1
(relay)    9    27    7375.39    7    7307.88    1    1
(relay)    1    42    7380.79    7    7354.11    1    1
(relay)    3    13    7397.99    8    7374    123    1
(advertise)    2    7398.19    13    8
(relay)    1    35    7426.0    7    7376.07    1    1
(relay)    9    37    7440.2    7    7351.95    1    1
(relay)    1    16    7447.4    7    7427.09    1    1
(relay)    9    43    7506.6    7    7498.83    1    1
(relay)    3    10    7521.2    7    7520.73    3    1
(advertise)    2    7521.4    10    7
(relay)    3    17    7607.41    7    7605.92    1    1
(generate)    2    7611.61    [24]    7
(relay)    1    0    7663.23    7    7661.48    7    1
(advertise)    2    7663.43    0    7
(relay)    9    44    7687.44    7    7662.86    1    1
(relay)    3    20    7701.44    8    7700    122    1
(advertise)    2    7701.64    20    8
(relay)    9    36    7738.85    7    7721.81    1    1
(relay)    1    1    7739.45    7    7738.85    7    1
(advertise)    2    7739.65    1    7
(relay)    9    26    7832.26    7    7827.54    1    1
(relay)    9    18    7888.46    7    7887.13    1    1
(relay)    1    21    7907.66    7    7904.74    1    1
(relay)    1    8    7931.26    7    7907.86    3    1
(advertise)    2    7931.46    8    7
(relay)    1    15    7953.28    7    7932.66    3    1
(advertise)    2    7953.88    15    7
(relay)    1    22    7973.49    7    7955.91    1    1
(relay)    9    9    7998.89    7    7998.83    5    1
(advertise)    2    7999.09    9    7
(relay)    9    6    8001.1    7    7961.16    1    1
(relay)    3    4    8022.7    9    8002.36    5    1
(advertise)    2    8022.9    4    9
(relay)    9    29    8046.92    8    8009.72    1    1
(relay)    3    12    8061.32    8    8040.7    5    1
(advertise)    2    8061.52    12    8
(heartbeat)    24    2    8025.21    2    8083.93    4    4
(advertise)    2    8084.53    24    2
(relay)    9    7    8183.94    8    8181.88    5    1
(advertise)    2    8184.14    7    8
(relay)    3    3    8196.56    8    8196.05    5    1
(advertise)    2    8205.36    3    8
(relay)    9    23    8232.17    8    8218.14    1    1
(relay)    1    14    8232.37    8    8211.62    3    1
(advertise)    2    8232.57    14    8
(relay)    9    28    8279.78    8    8211.83    1    1
(relay)    3    5    8311.78    8    8304.03    3    1
(advertise)    2    8311.98    5    8
(relay)    3    11    8333.59    8    8322.19    3    1
(advertise)    2    8334.59    11    8
(relay)    3    19    8355.81    8    8321.18    1    1
(relay)    1    42    8381.81    8    8354.36    1    1
(relay)    3    13    8400.21    9    8374    123    1
(advertise)    2    8400.41    13    9
(relay)    9    35    8426.22    8    8376.21    1    1
(relay)    9    16    8448.22    8    8427.28    3    1
(advertise)    2    8448.42    16    8
(relay)    9    10    8521.23    8    8520.82    3    1
(advertise)    2    8521.43    10    8
(relay)    9    17    8606.65    8    8605.99    1    1
(generate)    2    8611.65    [24]    8
(relay)    1    0    8663.26    8    8661.49    7    1
(advertise)    2    8663.46    0    8
(relay)    9    20    8702.07    9    8700    122    1
(advertise)    2    8702.27    20    9
(relay)    9    36    8728.09    8    8721.92    1    1
(relay)    1    1    8739.49    8    8738.95    7    1
(advertise)    2    8739.69    1    8
(relay)    9    18    8889.1    8    8887.28    1    1
(relay)    1    8    8909.5    8    8908.15    5    1
(advertise)    2    8909.7    8    8
(relay)    9    21    8913.51    8    8904.85    1    1
(relay)    1    15    8937.91    8    8933.63    3    1
(advertise)    2    8938.11    15    8
(relay)    1    22    8960.72    8    8956.0    1    1
(relay)    3    6    8963.92    8    8961.19    5    1
(advertise)    2    8964.12    6    8
(relay)    9    9    8999.54    8    8999.02    5    1
(advertise)    2    8999.74    9    8
(relay)    3    4    9004.15    10    9002.38    5    1
(advertise)    2    9021.75    4    10
(relay)    3    12    9048.96    9    9040.77    3    1
(advertise)    2    9049.16    12    9
(relay)    1    29    9071.78    9    9009.74    1    1
(relay)    1    7    9183.98    9    9181.98    5    1
(advertise)    2    9184.18    7    9
(relay)    3    3    9196.59    9    9196.11    5    1
(advertise)    2    9206.79    3    9
(relay)    9    23    9232.8    9    9218.23    1    1
(relay)    1    14    9234.2    9    9211.67    3    1
(advertise)    2    9234.4    14    9
(relay)    1    28    9256.42    9    9211.87    1    1
(relay)    3    5    9305.82    9    9304.13    5    1
(advertise)    2    9306.02    5    9
(relay)    3    11    9326.43    9    9322.34    3    1
(advertise)    2    9329.63    11    9
(relay)    3    19    9351.04    9    9321.34    1    1
(relay)    9    42    9402.24    9    9355.56    1    1
(relay)    9    37    9422.24    9    9352.16    1    1
(relay)    9    16    9444.44    9    9427.42    3    1
(advertise)    2    9444.64    16    9
(relay)    3    10    9521.65    9    9520.84    3    1
(advertise)    2    9521.85    10    9
(relay)    9    17    9606.67    9    9606.05    1    1
(generate)    2    9611.67    [24]    9
(relay)    1    0    9664.08    9    9661.69    7    1
(advertise)    2    9664.28    0    9
(relay)    9    44    9686.69    9    9662.93    1    1
(relay)    3    20    9702.69    10    9700    122    1
(advertise)    2    9702.89    20    10
(relay)    9    36    9731.71    9    9721.94    1    1
(relay)    1    1    9739.51    9    9739.02    7    1
(advertise)    2    9739.71    1    9
(relay)    3    18    9890.12    9    9887.4    1    1
(relay)    1    21    9909.32    9    9904.94    1    1
(relay)    9    8    9930.72    9    9909.02    5    1
(advertise)    2    9930.92    8    9
(relay)    9    15    9952.53    9    9934.05    3    1
(advertise)    2    9952.93    15    9
(relay)    9    22    9973.15    9    9956.03    1    1
(relay)    3    6    9975.95    9    9961.33    5    1
(advertise)    2    9977.15    6    9
(relay)    9    9    9999.76    9    9999.2    5    1
(advertise)    2    10000.56    9    9
(relay)    3    4    10024.17    11    10002.56    5    1
(advertise)    2    10024.57    4    11
(relay)    3    12    10047.79    10    10040.85    3    1
(advertise)    2    10047.99    12    10
(relay)    1    7    10184.4    10    10182.07    5    1
(advertise)    2    10184.6    7    10
(relay)    3    3    10197.21    10    10196.18    5    1
(advertise)    2    10208.61    3    10
(relay)    9    23    10230.62    10    10218.37    1    1
(relay)    1    14    10231.22    10    10211.86    3    1
(advertise)    2    10232.22    14    10
(relay)    1    28    10255.24    10    10212.06    1    1
(relay)    3    5    10305.84    10    10304.2    5    1
(advertise)    2    10306.04    5    10
(relay)    3    11    10327.85    10    10322.47    3    1
(advertise)    2    10329.05    11    10
(relay)    9    19    10350.66    10    10321.51    1    1
(relay)    3    13    10381.66    11    10374    123    1
(advertise)    2    10381.86    13    11
(relay)    9    42    10406.28    10    10356.15    1    1
(relay)    9    16    10428.48    10    10427.57    3    1
(advertise)    2    10428.68    16    10
(relay)    9    35    10451.09    10    10377.36    1    1
(relay)    9    43    10501.49    10    10499.28    1    1
(relay)    3    10    10521.69    10    10520.9    3    1
(advertise)    2    10521.89    10    10
(relay)    3    17    10607.7    10    10606.08    1    1
(generate)    2    10611.7    [24]    10
(relay)    1    0    10663.32    10    10661.88    7    1
(advertise)    2    10663.52    0    10
(relay)    9    36    10727.53    10    10721.98    1    1
(relay)    1    1    10740.13    10    10739.08    7    1
(advertise)    2    10740.33    1    10
(relay)    9    18    10890.14    10    10887.51    1    1
(relay)    1    21    10910.34    10    10905.01    1    1
(relay)    1    8    10932.74    10    10909.48    3    1
(advertise)    2    10932.94    8    10
(relay)    1    15    10954.35    10    10934.2    3    1
(advertise)    2    10956.55    15    10
(relay)    1    22    10975.37    10    10956.08    1    1
(relay)    9    6    10979.17    10    10961.34    3    1
(advertise)    2    10980.17    6    10
(relay)    9    9    10999.98    10    10999.35    5    1
(advertise)    2    11001.38    9    10
(relay)    3    4    11025.99    12    11002.73    5    1
(advertise)    2    11026.79    4    12
(relay)    3    12    11047.01    11    11040.87    3    1
(advertise)    2    11048.81    12    11
(relay)    9    30    11050.82    10    10967.37    1    1
(relay)    1    29    11086.62    11    11010.09    1    1
(relay)    9    7    11185.22    11    11182.15    5    1
(advertise)    2    11185.42    7    11
(relay)    3    3    11197.23    11    11196.24    5    1
(advertise)    2    11207.63    3    11
(relay)    1    14    11232.45    11    11211.88    3    1
(advertise)    2    11232.85    14    11
(relay)    9    28    11279.06    11    11212.07    1    1
(relay)    3    5    11305.86    11    11304.21    5    1
(advertise)    2    11306.06    5    11
(relay)    3    11    11328.07    11    11322.59    3    1
(advertise)    2    11328.67    11    11
(relay)    3    19    11357.68    11    11321.63    1    1
(relay)    1    42    11380.88    11    11356.49    1    1
(relay)    9    16    11429.08    11    11427.7    3    1
(advertise)    2    11429.28    16    11
(relay)    9    43    11501.9    11    11499.37    1    1
(relay)    3    10    11522.7    11    11520.92    3    1
(advertise)    2    11522.9    10    11
(relay)    3    17    11608.31    11    11606.12    1    1
(generate)    2    11611.71    [24]    11
(relay)    1    0    11663.32    11    11662.01    7    1
(advertise)    2    11663.52    0    11
(relay)    9    20    11704.14    12    11700    122    1
(advertise)    2    11704.34    20    12
(relay)    9    36    11733.35    11    11722.06    1    1
(relay)    1    1    11740.15    11    11739.14    7    1
(advertise)    2    11740.35    1    11
(relay)    9    18    11891.36    11    11887.62    1    1
(relay)    1    8    11911.96    11    11909.73    5    1
(advertise)    2    11912.16    8    11
(relay)    9    21    11913.78    11    11905.08    1    1
(relay)    1    15    11954.18    11    11935.57    1    1
(relay)    3    6    11963.78    11    11961.35    5    1
(advertise)    2    11963.98    6    11
(relay)    3    9    12002.19    11    11999.48    3    1
(advertise)    2    12002.39    9    11
(relay)    9    22    12004.8    11    11956.13    1    1
(relay)    3    4    12023.4    13    12002.74    5    1
(advertise)    2    12024.4    4    13
(relay)    3    12    12048.81    12    12040.91    3    1
(advertise)    2    12049.41    12    12
(heartbeat)    24    3    12025.23    2    12072.03    4    8
(advertise)    2    12072.63    24    3
(relay)    9    7    12185.64    12    12182.25    5    1
(advertise)    2    12185.84    7    12
(relay)    3    3    12197.25    12    12196.3    5    1
(advertise)    2    12209.25    3    12
(relay)    9    14    12231.67    12    12211.91    3    1
(advertise)    2    12233.27    14    12
(relay)    3    5    12305.88    12    12304.28    5    1
(advertise)    2    12306.08    5    12
(relay)    9    11    12329.29    12    12322.72    3    1
(advertise)    2    12330.49    11    12
(relay)    3    19    12353.91    12    12321.78    1    1
(relay)    3    13    12378.31    13    12374    123    1
(advertise)    2    12378.51    13    13
(relay)    9    42    12401.32    12    12357.68    1    1
(relay)    9    16    12429.32    12    12427.84    3    1
(advertise)    2    12429.52    16    12
(relay)    9    43    12503.13    12    12499.46    1    1
(relay)    3    10    12522.73    12    12520.99    3    1
(advertise)    2    12522.93    10    12
(relay)    9    17    12607.94    12    12606.13    1    1
(generate)    2    12611.74    [24]    12
(relay)    1    0    12662.56    12    12662.18    7    1
(advertise)    2    12662.76    0    12
(relay)    3    20    12705.77    13    12700    122    1
(advertise)    2    12705.97    20    13
(relay)    1    36    12731.58    12    12722.15    1    1
(relay)    1    1    12740.18    12    12739.23    7    1
(advertise)    2    12740.38    1    12
(relay)    3    18    12907.4    12    12887.75    1    1
(relay)    1    21    12908.4    12    12905.16    1    1
(relay)    1    8    12930.6    12    12909.81    5    1
(advertise)    2    12930.8    8    12
(relay)    1    15    12952.81    12    12935.74    3    1
(advertise)    2    12954.61    15    12
(relay)    1    22    12976.62    12    12956.17    1    1
(relay)    3    6    12979.62    12    12961.36    5    1
(advertise)    2    12980.82    6    12
(relay)    9    9    13000.64    12    12999.6    5    1
(advertise)    2    13001.84    9    12
(relay)    3    4    13023.85    14    13003.94    5    1
(advertise)    2    13024.05    4    14
(relay)    3    12    13051.46    13    13040.95    3    1
(advertise)    2    13052.06    12    13
(relay)    9    29    13074.47    13    13010.25    1    1
(relay)    1    7    13183.87    13    13182.32    5    1
(advertise)    2    13184.07    7    13
(relay)    3    3    13197.29    13    13196.37    5    1
(advertise)    2    13205.89    3    13
(relay)    1    14    13232.5    13    13211.91    3    1
(advertise)    2    13232.7    14    13
(relay)    9    28    13276.71    13    13212.27    1    1
(relay)    3    5    13305.91    13    13304.33    5    1
(advertise)    2    13306.11    5    13
(relay)    3    11    13329.33    13    13322.88    3    1
(advertise)    2    13329.53    11    13
(relay)    3    19    13351.74    13    13321.95    1    1
(relay)    3    13    13376.54    14    13374    123    1
(advertise)    2    13376.74    13    14
(relay)    1    42    13404.95    13    13357.87    1    1
(relay)    9    16    13429.95    13    13427.96    3    1
(advertise)    2    13430.15    16    13
(relay)    9    43    13506.37    13    13499.56    1    1
(relay)    3    10    13522.77    13    13521.05    3    1
(advertise)    2    13522.97    10    13
(relay)    3    17    13609.18    13    13606.21    1    1
(generate)    2    13611.78    [24]    13
(relay)    1    0    13663.19    13    13662.34    7    1
(advertise)    2    13663.39    0    13
(relay)    3    20    13705.2    14    13700    122    1
(advertise)    2    13705.4    20    14
(relay)    9    36    13731.82    13    13722.22    1    1
(relay)    1    1    13739.42    13    13739.32    7    1
(advertise)    2    13739.62    1    13
(relay)    9    18    13905.23    13    13887.9    1    1
(relay)    1    21    13909.03    13    13905.23    1    1
(relay)    1    8    13930.03    13    13909.9    5    1
(advertise)    2    13930.23    8    13
(relay)    1    15    13953.24    13    13935.91    3    1
(advertise)    2    13953.64    15    13
(relay)    1    22    13975.46    13    13956.43    1    1
(relay)    3    6    13979.06    13    13961.38    5    1
(advertise)    2    13979.26    6    13
(relay)    9    9    14000.87    13    13999.76    5    1
(advertise)    2    14001.47    9    13
(relay)    3    4    14025.68    15    14003.95    5    1
(advertise)    2    14025.88    4    15
(relay)    9    29    14035.7    14    14010.42    1    1
(relay)    3    12    14050.7    14    14040.98    3    1
(advertise)    2    14051.1    12    14
(relay)    9    30    14102.71    13    13967.81    1    1
(relay)    1    7    14183.91    14    14182.41    5    1
(advertise)    2    14184.11    7    14
(relay)    3    3    14196.52    14    14196.43    5    1
(advertise)    2    14206.52    3    14
(relay)    9    28    14230.13    14    14212.28    1    1
(relay)    1    14    14234.13    14    14212.11    3    1
(advertise)    2    14234.33    14    14
(relay)    9    23    14276.35    14    14218.6    1    1
(relay)    3    5    14306.15    14    14304.43    5    1
(advertise)    2    14306.35    5    14
(relay)    3    11    14328.96    14    14323.03    3    1
(advertise)    2    14329.96    11    14
(relay)    3    19    14351.97    14    14322.1    1    1
(relay)    1    42    14380.57    14    14357.87    1    1
(relay)    9    37    14404.97    14    14353.02    1    1
(relay)    9    16    14430.37    14    14428.1    3    1
(advertise)    2    14430.57    16    14
(relay)    1    43    14506.99    14    14499.65    1    1
(relay)    3    10    14522.79    14    14521.09    3    1
(advertise)    2    14522.99    10    14
(relay)    3    17    14610.0    14    14606.53    1    1
(generate)    2    14611.8    [24]    14
(relay)    1    0    14663.21    14    14662.52    7    1
(advertise)    2    14663.41    0    14
(relay)    9    20    14705.23    15    14700    122    1
(advertise)    2    14705.43    20    15
(relay)    9    36    14729.84    14    14722.28    1    1
(relay)    1    1    14739.44    14    14739.42    7    1
(advertise)    2    14739.64    1    14
(relay)    3    18    14890.05    14    14888.05    1    1
(relay)    1    8    14910.25    14    14909.95    5    1
(advertise)    2    14910.45    8    14
(relay)    9    21    14913.06    14    14905.3    1    1
(relay)    1    15    14937.46    14    14936.07    3    1
(advertise)    2    14937.66    15    14
(relay)    1    22    14962.48    14    14956.47    1    1
(relay)    3    6    14965.08    14    14961.49    5    1
(advertise)    2    14965.28    6    14
(relay)    9    9    15000.09    14    14999.93    5    1
(advertise)    2    15000.29    9    14
(relay)    3    4    15023.5    16    15003.96    5    1
(advertise)    2    15024.1    4    16
(relay)    3    12    15048.12    15    15041.03    3    1
(advertise)    2    15048.72    12    15
(relay)    9    30    15075.13    14    14968.53    1    1
(relay)    9    7    15183.33    15    15182.48    5    1
(advertise)    2    15183.53    7    15
(relay)    3    3    15196.54    15    15196.48    5    1
(advertise)    2    15205.34    3    15
(relay)    9    14    15230.36    15    15212.12    3    1
(advertise)    2    15230.56    14    15
(relay)    9    23    15253.37    15    15218.68    1    1
(relay)    3    5    15307.37    15    15304.5    5    1
(advertise)    2    15307.57    5    15
(relay)    3    11    15330.98    15    15323.2    3    1
(advertise)    2    15331.18    11    15
(relay)    3    19    15351.99    15    15322.28    1    1
(relay)    9    37    15376.79    15    15353.21    1    1
(relay)    1    42    15380.59    15    15358.06    1    1
(relay)    1    35    15407.59    15    15379.2    1    1
(relay)    9    16    15442.59    15    15428.22    3    1
(advertise)    2    15442.79    16    15
(relay)    9    43    15506.81    15    15499.72    1    1
(relay)    3    10    15522.41    15    15521.15    3    1
(advertise)    2    15522.61    10    15
(relay)    3    17    15609.02    15    15606.62    1    1
(generate)    2    15611.82    [24]    15
(relay)    1    0    15663.83    15    15662.53    7    1
(advertise)    2    15664.03    0    15
(relay)    9    36    15724.45    15    15722.33    1    1
(relay)    1    1    15739.65    15    15739.48    7    1
(advertise)    2    15739.85    1    15
(relay)    3    18    15890.06    15    15888.16    1    1
(relay)    9    21    15906.46    15    15905.37    1    1
(relay)    9    8    15928.26    15    15910.01    5    1
(advertise)    2    15928.46    8    15
(relay)    1    15    15951.07    15    15936.22    3    1
(advertise)    2    15952.87    15    15
(relay)    1    22    15972.29    15    15956.53    1    1
(relay)    3    6    15976.29    15    15961.51    5    1
(advertise)    2    15977.09    6    15
(relay)    9    9    16000.1    15    16000.09    5    1
(advertise)    2    16000.5    9    15
(relay)    3    4    16023.91    17    16004.14    5    1
(advertise)    2    16025.31    4    17
(relay)    3    12    16048.72    16    16041.08    3    1
(advertise)    2    16049.12    12    16
(relay)    9    29    16075.94    16    16010.78    1    1
(heartbeat)    24    4    16025.24    2    16082.54    4    8
(advertise)    2    16082.74    24    4
(relay)    3    7    16185.15    16    16182.58    3    1
(advertise)    2    16185.35    7    16
(relay)    3    3    16196.56    16    16196.54    5    1
(advertise)    2    16208.56    3    16
(relay)    9    23    16234.18    16    16218.72    1    1
(relay)    1    14    16236.58    16    16212.12    3    1
(advertise)    2    16236.78    14    16
(relay)    1    28    16257.59    16    16212.5    1    1
(relay)    3    5    16307.59    16    16304.59    5    1
(advertise)    2    16307.79    5    16
(relay)    3    11    16331.6    16    16323.36    3    1
(advertise)    2    16332.0    11    16
(relay)    3    19    16352.22    16    16322.44    1    1
(relay)    3    13    16377.82    17    16374    123    1
(advertise)    2    16378.02    13    17
(relay)    1    42    16403.03    16    16358.23    1    1
(relay)    9    35    16425.83    16    16379.29    1    1
(relay)    9    16    16448.63    16    16428.38    3    1
(advertise)    2    16448.83    16    16
(relay)    9    10    16522.64    16    16521.21    3    1
(advertise)    2    16522.84    10    16
(relay)    3    17    16608.25    16    16606.67    1    1
(generate)    2    16611.85    [24]    16
(relay)    1    0    16664.27    16    16662.55    7    1
(advertise)    2    16664.47    0    16
(relay)    3    20    16703.48    17    16700    122    1
(advertise)    2    16703.68    20    17
(relay)    1    1    16739.69    16    16739.6    7    1
(advertise)    2    16739.89    1    16
(relay)    9    18    16890.11    16    16888.28    1    1
(relay)    1    21    16907.31    16    16905.47    1    1
(relay)    1    8    16929.71    16    16910.1    5    1
(advertise)    2    16929.91    8    16
(relay)    1    15    16952.52    16    16936.23    3    1
(advertise)    2    16954.12    15    16
(relay)    3    6    16976.93    16    16961.52    5    1
(advertise)    2    16977.73    6    16
(relay)    9    9    17000.55    16    17000.46    5    1
(advertise)    2    17001.35    9    16
(relay)    3    4    17004.96    18    17004.15    5    1
(advertise)    2    17022.56    4    18
(relay)    9    30    17046.37    16    16968.82    1    1
(relay)    3    12    17050.97    17    17041.14    3    1
(advertise)    2    17051.17    12    17
(relay)    3    7    17185.78    17    17182.69    3    1
(advertise)    2    17185.98    7    17
(relay)    3    3    17197.2    17    17196.6    5    1
(advertise)    2    17207.4    3    17
(relay)    9    23    17234.61    17    17218.82    1    1
(relay)    1    14    17235.61    17    17212.16    3    1
(advertise)    2    17235.81    14    17
(relay)    3    5    17307.62    17    17304.66    5    1
(advertise)    2    17307.82    5    17
(relay)    3    11    17330.24    17    17323.5    3    1
(advertise)    2    17331.84    11    17
(relay)    3    19    17352.05    17    17322.57    1    1
(relay)    3    13    17382.65    18    17374    123    1
(advertise)    2    17382.85    13    18
(relay)    9    37    17405.66    17    17353.41    1    1
(relay)    1    35    17429.06    17    17379.41    1    1
(relay)    3    16    17468.26    17    17428.47    1    1
(relay)    9    10    17521.46    17    17521.24    3    1
(advertise)    2    17521.66    10    17
(relay)    3    17    17608.28    17    17606.69    1    1
(generate)    2    17611.88    [24]    17
(relay)    1    0    17664.29    17    17662.57    7    1
(advertise)    2    17664.49    0    17
(relay)    1    20    17702.1    18    17700    120    1
(advertise)    2    17702.3    20    18
(relay)    9    36    17738.11    17    17722.53    1    1
(relay)    1    1    17740.31    17    17739.67    7    1
(advertise)    2    17740.51    1    17
(relay)    9    18    17889.93    17    17888.42    1    1
(relay)    1    21    17908.53    17    17905.55    1    1
(relay)    1    8    17930.33    17    17910.15    5    1
(advertise)    2    17930.53    8    17
(relay)    1    15    17952.74    17    17936.38    3    1
(advertise)    2    17953.54    15    17
(relay)    1    22    17973.15    17    17957.87    1    1
(relay)    3    6    17978.55    17    17961.53    5    1
(advertise)    2    17978.75    6    17
(relay)    9    9    18000.77    17    18000.61    5    1
(advertise)    2    18001.77    9    17
(relay)    3    4    18023.78    19    18004.37    5    1
(advertise)    2    18024.38    4    19
(relay)    9    29    18034.39    18    18010.98    1    1
(relay)    3    12    18051.19    18    18041.18    3    1
(advertise)    2    18051.59    12    18
(relay)    9    30    18057.21    17    17968.99    1    1
(relay)    1    7    18184.81    18    18182.79    5    1
(advertise)    2    18185.01    7    18
(relay)    3    3    18197.22    18    18196.67    5    1
(advertise)    2    18206.02    3    18
(relay)    1    14    18231.23    18    18212.18    3    1
(advertise)    2    18231.83    14    18
(relay)    3    5    18306.24    18    18304.73    5    1
(advertise)    2    18306.44    5    18
(relay)    3    11    18329.06    18    18323.65    3    1
(advertise)    2    18329.66    11    18
(relay)    3    19    18357.47    18    18322.57    1    1
(relay)    1    42    18383.87    18    18358.27    1    1
(relay)    3    13    18398.07    19    18374    123    1
(advertise)    2    18398.27    13    19
(relay)    9    16    18447.08    18    18428.6    3    1
(advertise)    2    18447.28    16    18
(relay)    1    43    18503.9    18    18500.05    1    1
(relay)    3    10    18522.1    18    18521.29    3    1
(advertise)    2    18522.3    10    18
(relay)    9    17    18607.51    18    18606.78    1    1
(generate)    2    18611.91    [24]    18
(relay)    1    0    18664.92    18    18662.76    7    1
(advertise)    2    18665.12    0    18
(relay)    9    20    18701.94    19    18700    122    1
(advertise)    2    18702.14    20    19
(relay)    9    36    18727.75    18    18722.56    1    1
(relay)    1    1    18740.35    18    18739.77    7    1
(advertise)    2    18740.55    1    18
(relay)    1    8    18911.56    18    18910.2    5    1
(advertise)    2    18911.76    8    18
(relay)    9    21    18926.57    18    18905.61    1    1
(relay)    1    15    18939.97    18    18936.54    3    1
(advertise)    2    18940.17    15    18
(relay)    3    6    18968.19    18    18961.55    5    1
(advertise)    2    18968.39    6    18
(relay)    1    22    18992.4    18    18958.12    1    1
(relay)    9    9    19001.4    18    19000.77    5    1
(advertise)    2    19001.6    9    18
(relay)    3    4    19006.01    20    19004.38    5    1
(advertise)    2    19023.81    4    20
(relay)    3    12    19052.63    19    19041.26    3    1
(advertise)    2    19052.83    12    19
(relay)    9    30    19060.24    18    18969.07    1    1
(relay)    9    29    19089.64    19    19011.11    1    1
(relay)    1    7    19185.04    19    19182.84    5    1
(advertise)    2    19185.24    7    19
(relay)    3    3    19197.25    19    19196.74    5    1
(advertise)    2    19207.25    3    19
(relay)    9    23    19234.07    19    19218.94    1    1
(relay)    1    14    19234.87    19    19212.37    3    1
(advertise)    2    19235.07    14    19
(relay)    1    28    19258.08    19    19212.56    1    1
(relay)    3    5    19306.28    19    19304.82    5    1
(advertise)    2    19306.48    5    19
(relay)    3    11    19328.29    19    19323.8    3    1
(advertise)    2    19329.09    11    19
(relay)    9    19    19358.7    19    19322.72    1    1
(relay)    9    37    19383.7    19    19353.77    1    1
(relay)    1    42    19386.7    19    19358.29    1    1
(relay)    1    35    19409.5    19    19379.61    1    1
(relay)    1    16    19446.9    19    19428.75    1    1
(relay)    9    43    19502.3    19    19500.14    1    1
(relay)    3    10    19522.1    19    19521.32    3    1
(advertise)    2    19522.3    10    19
(relay)    3    17    19608.32    19    19606.87    1    1
(generate)    2    19611.92    [24]    19
(relay)    1    0    19665.13    19    19662.77    7    1
(advertise)    2    19665.33    0    19
(relay)    9    20    19702.94    20    19700    122    1
(advertise)    2    19703.14    20    20
(relay)    9    36    19732.56    19    19722.62    1    1
(relay)    1    1    19740.36    19    19739.87    7    1
(advertise)    2    19740.56    1    19
(relay)    9    18    19907.77    19    19888.75    1    1
(relay)    1    21    19909.77    19    19905.67    1    1
(relay)    1    8    19932.17    19    19910.28    5    1
(advertise)    2    19932.37    8    19
(relay)    1    15    19953.78    19    19936.73    3    1
(advertise)    2    19955.58    15    19
(relay)    1    22    19975.4    19    19958.18    1    1
(relay)    3    6    19979.2    19    19961.68    5    1
(advertise)    2    19979.4    6    19
(relay)    9    9    20001.41    19    20000.95    5    1
(advertise)    2    20001.81    9    19
(relay)    3    4    20025.62    21    20005.59    5    1
(advertise)    2    20026.02    4    21
(heartbeat)    24    5    20025.25    2    20046.23    4    8
(advertise)    2    20048.23    24    5
(relay)    9    30    20060.65    19    19969.25    1    1
(relay)    3    12    20067.65    20    20041.29    3    1
(advertise)    2    20070.85    12    20
(relay)    9    29    20106.06    20    20011.11    1    1
(relay)    9    7    20185.46    20    20182.95    5    1
(advertise)    2    20185.66    7    20
(relay)    3    3    20197.87    20    20196.81    5    1
(advertise)    2    20210.27    3    20
(relay)    9    14    20232.49    20    20212.4    3    1
(advertise)    2    20232.89    14    20
(relay)    1    28    20257.5    20    20212.6    1    1
(relay)    3    5    20306.7    20    20304.92    5    1
(advertise)    2    20306.9    5    20
(relay)    3    11    20328.91    20    20323.82    3    1
(advertise)    2    20329.31    11    20
(relay)    9    19    20360.13    20    20322.91    1    1
(relay)    9    37    20382.33    20    20353.78    1    1
(relay)    1    42    20384.93    20    20358.48    1    1
(relay)    9    13    20402.73    21    20374    123    1
(advertise)    2    20402.93    13    21
(relay)    9    16    20446.94    20    20428.9    3    1
(advertise)    2    20447.14    16    20
(relay)    9    35    20470.35    20    20379.71    1    1
(relay)    1    43    20502.55    20    20500.26    1    1
(relay)    3    10    20522.75    20    20521.39    3    1
(advertise)    2    20522.95    10    20
(relay)    3    17    20608.76    20    20606.98    1    1
(generate)    2    20611.96    [24]    20
(relay)    1    0    20664.18    20    20662.78    7    1
(advertise)    2    20664.38    0    20
(relay)    9    36    20728.79    20    20722.68    1    1
(relay)    1    1    20740.99    20    20739.98    7    1
(advertise)    2    20741.19    1    20
(relay)    9    18    20891.8    20    20888.91    1    1
(relay)    1    21    20911.4    20    20905.74    1    1
(relay)    1    8    20933.8    20    20910.56    3    1
(advertise)    2    20934.0    8    20
(relay)    1    15    20954.42    20    20936.89    3    1
(advertise)    2    20955.42    15    20
(relay)    1    22    20977.23    20    20958.23    1    1
(relay)    3    6    20982.03    20    20961.69    5    1
(advertise)    2    20982.23    6    20
(relay)    9    9    21001.44    20    21000.95    5    1
(advertise)    2    21004.24    9    20
(relay)    3    4    21028.46    22    21005.6    5    1
(advertise)    2    21028.66    4    22
(relay)    3    12    21050.47    21    21041.35    3    1
(advertise)    2    21050.87    12    21
(relay)    9    7    21186.48    21    21183.04    5    1
(advertise)    2    21186.68    7    21
(relay)    3    3    21197.89    21    21196.87    5    1
(advertise)    2    21208.69    3    21
(relay)    9    14    21231.91    21    21212.4    3    1
(advertise)    2    21232.31    14    21
(relay)    3    5    21306.12    21    21304.99    5    1
(advertise)    2    21306.32    5    21
(relay)    3    11    21330.73    21    21324.0    3    1
(advertise)    2    21331.13    11    21
(relay)    9    37    21359.15    21    21353.93    1    1
(relay)    3    19    21362.35    21    21323.05    1    1
(relay)    3    13    21401.35    22    21374    123    1
(advertise)    2    21401.55    13    22
(relay)    9    35    21427.36    21    21379.78    1    1
(relay)    9    16    21449.36    21    21429.05    3    1
(advertise)    2    21449.56    16    21
(relay)    9    43    21503.37    21    21500.32    1    1
(relay)    3    10    21523.17    21    21521.43    3    1
(advertise)    2    21523.37    10    21
(relay)    9    17    21608.99    21    21607.04    1    1
(generate)    2    21611.99    [24]    21
(relay)    1    0    21663.4    21    21662.97    7    1
(advertise)    2    21663.8    0    21
(relay)    9    20    21704.61    22    21700    122    1
(advertise)    2    21704.81    20    22
(relay)    9    36    21732.82    21    21722.73    1    1
(relay)    1    1    21741.02    21    21740.08    7    1
(advertise)    2    21741.22    1    21
(relay)    9    18    21892.84    21    21889.07    1    1
(relay)    1    8    21912.84    21    21910.64    5    1
(advertise)    2    21913.04    8    21
(relay)    9    21    21916.65    21    21905.81    1    1
(relay)    9    15    21960.25    21    21937.06    3    1
(advertise)    2    21960.45    15    21
(relay)    1    22    21963.06    21    21958.27    1    1
(relay)    3    6    21983.86    21    21961.7    5    1
(advertise)    2    21984.06    6    21
(relay)    9    9    22002.08    21    22001.1    5    1
(advertise)    2    22006.28    9    21
(relay)    3    4    22007.49    23    22005.79    5    1
(advertise)    2    22027.29    4    23
(relay)    9    30    22049.9    21    21969.53    1    1
(relay)    3    12    22053.1    22    22041.4    3    1
(advertise)    2    22053.3    12    22
(relay)    9    29    22096.52    22    22011.45    1    1
(relay)    9    7    22186.52    22    22183.15    5    1
(advertise)    2    22186.72    7    22
(relay)    3    3    22197.93    22    22196.95    5    1
(advertise)    2    22208.73    3    22
(relay)    9    23    22231.54    22    22219.13    1    1
(relay)    1    14    22235.14    22    22212.41    3    1
(advertise)    2    22235.34    14    22
(relay)    1    28    22259.15    22    22212.8    1    1
(relay)    3    5    22306.75    22    22305.06    5    1
(advertise)    2    22306.95    5    22
(relay)    9    11    22329.57    22    22324.11    3    1
(advertise)    2    22331.57    11    22
(relay)    3    19    22352.78    22    22323.21    1    1
(relay)    1    13    22379.38    23    22374    119    1
(advertise)    2    22379.58    13    23
(relay)    1    42    22402.79    22    22358.86    1    1
(relay)    9    16    22430.39    22    22429.19    3    1
(advertise)    2    22430.59    16    22
(relay)    1    43    22505.01    22    22500.4    1    1
(relay)    9    10    22522.81    22    22521.62    3    1
(advertise)    2    22523.01    10    22
(relay)    3    17    22610.02    22    22607.04    1    1
(generate)    2    22612.02    [24]    22
(relay)    1    0    22663.43    22    22662.98    7    1
(advertise)    2    22663.63    0    22
(relay)    9    44    22687.65    22    22663.39    1    1
(relay)    3    20    22705.05    23    22700    122    1
(advertise)    2    22705.25    20    23
(relay)    9    36    22733.06    22    22722.77    1    1
(relay)    1    1    22741.06    22    22740.15    7    1
(advertise)    2    22741.26    1    22
(relay)    3    18    22908.07    22    22889.19    1    1
(relay)    1    21    22909.27    22    22905.89    1    1
(relay)    9    8    22930.07    22    22910.73    5    1
(advertise)    2    22930.27    8    22
(relay)    3    15    22956.48    22    22937.24    1    1
(relay)    9    22    22974.68    22    22958.32    1    1
(relay)    3    6    22980.08    22    22961.72    5    1
(advertise)    2    22980.28    6    22
(relay)    9    9    23002.3    22    23001.27    5    1
(advertise)    2    23002.7    9    22
(relay)    9    30    23018.31    22    22969.7    1    1
(relay)    3    4    23026.11    24    23005.82    5    1
(advertise)    2    23026.31    4    24
(relay)    3    12    23048.52    23    23041.42    3    1
(advertise)    2    23048.92    12    23
(relay)    9    29    23085.54    23    23011.47    1    1
(relay)    1    7    23185.14    23    23183.25    5    1
(advertise)    2    23185.34    7    23
(relay)    3    3    23197.15    23    23197.02    5    1
(advertise)    2    23206.35    3    23
(relay)    9    14    23230.56    23    23212.43    3    1
(advertise)    2    23230.76    14    23
(relay)    9    23    23255.98    23    23219.22    1    1
(relay)    1    28    23257.18    23    23212.81    1    1
(relay)    3    5    23306.78    23    23305.12    5    1
(advertise)    2    23306.98    5    23
(relay)    3    11    23329.99    23    23324.28    3    1
(advertise)    2    23330.39    11    23
(relay)    3    19    23352.6    23    23323.39    1    1
(relay)    3    13    23376.4    24    23374    123    1
(advertise)    2    23376.6    13    24
(relay)    1    42    23407.21    23    23359.04    1    1
(relay)    9    16    23430.61    23    23429.34    3    1
(advertise)    2    23430.81    16    23
(relay)    9    35    23464.23    23    23379.98    1    1
(relay)    9    43    23506.23    23    23500.51    1    1
(relay)    3    10    23523.43    23    23521.7    3    1
(advertise)    2    23523.63    10    23
(relay)    9    17    23609.84    23    23607.11    1    1
(generate)    2    23612.04    [24]    23
(relay)    1    0    23663.85    23    23663.16    7    1
(advertise)    2    23664.05    0    23
(relay)    9    20    23706.47    24    23700    122    1
(advertise)    2    23706.67    20    24
(relay)    9    36    23733.68    23    23722.86    1    1
(relay)    1    1    23740.28    23    23740.26    7    1
(advertise)    2    23740.48    1    23
(relay)    9    18    23893.89    23    23889.35    1    1
(relay)    1    8    23912.09    23    23910.83    5    1
(advertise)    2    23912.29    8    23
(relay)    1    15    23939.31    23    23937.4    3    1
(advertise)    2    23939.51    15    23
(relay)    1    22    23964.32    23    23958.37    1    1
(relay)    3    6    23965.52    23    23961.73    5    1
(advertise)    2    23965.92    6    23
(relay)    9    9    24002.53    23    24001.44    5    1
(advertise)    2    24002.73    9    23
(relay)    3    4    24023.34    25    24006.02    5    1
(advertise)    2    24023.94    4    25
(relay)    1    29    24029.36    24    24011.66    1    1
(relay)    3    12    24050.36    24    24041.45    3    1
(advertise)    2    24050.76    12    24
(heartbeat)    24    6    24025.27    2    24092.37    4    8
(advertise)    2    24092.57    24    6
(relay)    3    7    24185.18    24    24183.37    3    1
(advertise)    2    24185.38    7    24
(relay)    3    3    24197.2    24    24197.11    5    1
(advertise)    2    24207.4    3    24
(relay)    9    23    24230.61    24    24219.33    1    1
(relay)    1    14    24235.41    24    24212.47    7    1
(advertise)    2    24235.61    14    24
(relay)    3    5    24307.82    24    24305.22    5    1
(advertise)    2    24308.02    5    24
(relay)    3    11    24332.44    24    24324.29    3    1
(advertise)    2    24333.04    11    24
(relay)    3    19    24355.65    24    24323.4    1    1
(relay)    9    37    24381.45    24    24354.29    1    1
(relay)    1    35    24407.05    24    24381.29    1    1
(relay)    9    16    24431.65    24    24429.49    3    1
(advertise)    2    24431.85    16    24
(relay)    9    43    24506.86    24    24500.6    1    1
(relay)    3    10    24524.06    24    24521.76    3    1
(advertise)    2    24524.26    10    24
(relay)    3    17    24610.67    24    24607.19    1    1
(generate)    2    24612.07    [24]    24
(relay)    1    0    24664.29    24    24663.36    7    1
(advertise)    2    24664.49    0    24
(relay)    9    20    24706.1    25    24700    122    1
(advertise)    2    24706.3    20    25
(relay)    1    1    24740.51    24    24740.34    7    1
(advertise)    2    24740.71    1    24
(relay)    3    18    24891.53    24    24889.52    1    1
(relay)    1    21    24907.73    24    24906.06    5    1
(advertise)    2    24907.93    21    24
(relay)    1    8    24928.94    24    24910.89    5    1
(advertise)    2    24929.94    8    24
(relay)    1    15    24950.55    24    24937.59    5    1
(advertise)    2    24952.15    15    24
(relay)    1    22    24972.97    24    24958.43    3    1
(advertise)    2    24973.37    22    24
(relay)    9    9    25001.78    24    25001.59    5    1
(advertise)    2    25001.98    9    24
(relay)    3    4    25023.99    26    25006.05    5    1
(advertise)    2    25024.39    4    26
(relay)    9    29    25050.8    25    25011.66    1    1
(relay)    3    12    25051.4    25    25041.51    3    1
(advertise)    2    25052.2    12    25
(relay)    9    7    25184.22    25    25183.45    7    1
(advertise)    2    25184.42    7    25
(relay)    3    3    25197.23    25    25197.18    5    1
(advertise)    2    25205.83    3    25
(relay)    9    23    25231.64    25    25219.4    1    1
(relay)    1    14    25233.24    25    25212.66    7    1
(advertise)    2    25233.44    14    25
(relay)    9    28    25279.26    25    25213.01    1    1
(relay)    3    5    25308.46    25    25305.31    5    1
(advertise)    2    25308.66    5    25
(relay)    3    11    25330.87    25    25324.43    3    1
(advertise)    2    25331.67    11    25
(relay)    3    19    25352.88    25    25323.54    1    1
(relay)    9    35    25385.08    25    25381.35    1    1
(relay)    3    13    25396.08    26    25374    123    1
(advertise)    2    25396.28    13    26
(relay)    9    16    25432.5    25    25430.2    3    1
(advertise)    2    25432.7    16    25
(relay)    9    43    25508.31    25    25500.71    1    1
(relay)    3    10    25523.11    25    25521.82    3    1
(advertise)    2    25523.31    10    25
(relay)    3    17    25609.12    25    25607.44    1    1
(generate)    2    25612.12    [24]    25
(relay)    1    0    25664.73    25    25663.37    7    1
(advertise)    2    25664.93    0    25
(relay)    9    44    25689.75    25    25663.52    1    1
(relay)    9    36    25724.75    25    25722.99    1    1
(relay)    1    1    25740.55    25    25740.42    7    1
(advertise)    2    25740.75    1    25
(relay)    1    8    25911.36    25    25910.95    5    1
(advertise)    2    25911.56    8    25
(relay)    9    21    25926.37    25    25906.12    5    1
(advertise)    2    25933.77    21    25
(relay)    1    15    25958.79    25    25937.71    5    1
(advertise)    2    25958.99    15    25
(relay)    1    22    25980.6    25    25958.46    1    1
(relay)    9    9    26001.8    25    26001.76    5    1
(advertise)    2    26002.0    9    25
(relay)    3    6    26020.01    25    25962.06    5    1
(advertise)    2    26023.61    6    25
(relay)    9    29    26063.23    26    26011.85    1    1
(relay)    3    4    26065.03    27    26006.07    5    1
(advertise)    2    26065.23    4    27
(relay)    3    12    26088.24    26    26041.77    1    1
(relay)    9    7    26184.64    26    26183.55    7    1
(advertise)    2    26184.84    7    26
(relay)    3    3    26197.85    26    26197.27    5    1
(advertise)    2    26206.05    3    26
(relay)    9    23    26233.26    26    26219.47    1    1
(relay)    1    14    26233.86    26    26212.67    7    1
(advertise)    2    26234.06    14    26
(relay)    9    28    26276.48    26    26213.2    3    1
(advertise)    2    26276.68    28    26
(relay)    3    5    26308.29    26    26305.4    5    1
(advertise)    2    26308.49    5    26
(relay)    3    11    26331.9    26    26325.03    3    1
(advertise)    2    26332.3    11    26
(relay)    3    19    26356.52    26    26323.73    1    1
(relay)    9    37    26377.92    26    26354.43    1    1
(relay)    3    13    26393.52    27    26374    123    1
(advertise)    2    26393.72    13    27
(relay)    9    42    26400.53    26    26359.14    1    1
(relay)    1    35    26427.73    26    26381.44    1    1
(relay)    9    16    26466.73    26    26430.37    3    1
(advertise)    2    26466.93    16    26
(relay)    9    43    26508.54    26    26500.82    1    1
(relay)    3    10    26523.14    26    26521.89    3    1
(advertise)    2    26523.34    10    26
(relay)    3    17    26609.16    26    26607.51    1    1
(generate)    2    26612.16    [24]    26
(relay)    1    0    26665.17    26    26663.38    7    1
(advertise)    2    26665.37    0    26
(relay)    3    20    26703.98    27    26700    122    1
(advertise)    2    26704.18    20    27
(relay)    9    36    26737.19    26    26723.1    1    1
(relay)    1    1    26740.99    26    26740.51    7    1
(advertise)    2    26741.19    1    26
(relay)    3    18    26890.81    26    26889.81    1    1
(relay)    9    21    26907.81    26    26906.22    5    1
(advertise)    2    26908.01    21    26
(relay)    9    8    26931.02    26    26911.02    5    1
(advertise)    2    26931.62    8    26
(relay)    9    15    26952.43    26    26938.53    5    1
(advertise)    2    26953.83    15    26
(relay)    9    22    26974.05    26    26958.55    3    1
(advertise)    2    26976.05    22    26
(relay)    9    9    27002.06    26    27001.94    5    1
(advertise)    2    27002.46    9    26
(relay)    9    29    27024.27    27    27011.87    1    1
(relay)    3    4    27028.27    28    27006.11    5    1
(advertise)    2    27028.47    4    28
(relay)    3    12    27056.09    27    27041.88    3    1
(advertise)    2    27056.29    12    27
(relay)    9    7    27184.7    27    27183.63    7    1
(advertise)    2    27184.9    7    27
(relay)    3    3    27197.91    27    27197.36    5    1
(advertise)    2    27207.11    3    27
(relay)    9    23    27233.92    27    27219.54    1    1
(relay)    1    14    27235.72    27    27212.72    7    1
(advertise)    2    27235.92    14    27
(relay)    9    28    27277.54    27    27213.23    3    1
(advertise)    2    27277.74    28    27
(relay)    3    5    27308.55    27    27305.49    5    1
(advertise)    2    27308.75    5    27
(relay)    3    11    27330.16    27    27325.19    3    1
(advertise)    2    27332.56    11    27
(relay)    3    19    27354.78    27    27323.92    1    1
(relay)    9    37    27380.18    27    27354.6    1    1
(relay)    9    42    27402.98    27    27359.19    1    1
(relay)    3    13    27405.98    28    27374    123    1
(advertise)    2    27406.18    13    28
(relay)    1    35    27431.59    27    27381.54    1    1
(relay)    9    16    27468.79    27    27430.52    3    1
(advertise)    2    27468.99    16    27
(relay)    9    43    27513.2    27    27500.95    1    1
(relay)    3    10    27522.4    27    27521.97    3    1
(advertise)    2    27522.6    10    27
(relay)    3    17    27609.22    27    27607.59    1    1
(generate)    2    27612.22    [24]    27
(relay)    1    0    27665.03    27    27663.4    7    1
(advertise)    2    27665.23    0    27
(relay)    3    20    27701.44    28    27700    122    1
(advertise)    2    27701.64    20    28
(relay)    9    36    27740.05    27    27723.19    1    1
(relay)    1    1    27741.05    27    27740.57    7    1
(advertise)    2    27741.25    1    27
(relay)    9    18    27891.07    27    27889.93    1    1
(relay)    1    8    27912.27    27    27911.07    5    1
(advertise)    2    27912.47    8    27
(relay)    1    15    27941.88    27    27938.53    5    1
(advertise)    2    27942.08    15    27
(relay)    1    22    27963.69    27    27958.62    3    1
(advertise)    2    27964.09    22    27
(relay)    3    6    27987.91    27    27962.08    5    1
(advertise)    2    27988.11    6    27
(relay)    9    9    28002.72    27    28002.1    5    1
(advertise)    2    28009.32    9    27
(relay)    3    4    28011.13    29    28006.16    5    1
(advertise)    2    28030.93    4    29
(relay)    9    29    28057.35    28    28012.05    1    1
(relay)    3    12    28057.75    28    28041.97    3    1
(advertise)    2    28057.95    12    28
(heartbeat)    24    7    28025.28    2    28098.16    4    16
(advertise)    2    28098.36    24    7
(relay)    9    7    28185.97    28    28183.74    7    1
(advertise)    2    28186.17    7    28
(relay)    3    3    28197.98    28    28197.48    5    1
(advertise)    2    28209.18    3    28
(relay)    9    14    28234.6    28    28212.75    7    1
(advertise)    2    28234.8    14    28
(relay)    9    28    28256.61    28    28213.27    7    1
(advertise)    2    28259.01    28    28
(relay)    9    23    28279.42    28    28219.66    1    1
(relay)    3    5    28308.02    28    28305.63    5    1
(advertise)    2    28308.22    5    28
(relay)    3    11    28330.64    28    28325.21    3    1
(advertise)    2    28331.24    11    28
(relay)    9    37    28357.05    28    28354.61    1    1
(relay)    3    19    28365.85    28    28323.99    1    1
(relay)    9    42    28401.65    28    28359.23    3    1
(advertise)    2    28401.85    42    28
(relay)    9    35    28423.86    28    28381.66    5    1
(advertise)    2    28426.06    35    28
(relay)    9    45    28445.88    28    28407.18    1    1
(relay)    1    16    28452.88    28    28430.71    1    1
(relay)    1    43    28504.88    28    28501.07    3    1
(advertise)    2    28505.08    43    28
(relay)    3    10    28527.29    28    28522.1    3    1
(advertise)    2    28529.09    10    28
(relay)    3    17    28608.3    28    28607.7    1    1
(generate)    2    28612.3    [24]    28
(relay)    1    0    28665.71    28    28663.46    7    1
(advertise)    2    28665.91    0    28
(relay)    3    20    28702.13    29    28700    122    1
(advertise)    2    28702.33    20    29
(relay)    1    36    28733.94    28    28723.28    3    1
(advertise)    2    28734.14    36    28
(relay)    1    1    28741.15    28    28740.68    7    1
(advertise)    2    28757.15    1    28
(relay)    9    18    28891.77    28    28889.94    1    1
(relay)    1    21    28910.17    28    28906.4    7    1
(advertise)    2    28910.37    21    28
(relay)    1    8    28933.18    28    28911.17    5    1
(advertise)    2    28933.38    8    28
(relay)    1    15    28954.19    28    28938.72    11    1
(advertise)    2    28954.79    15    28
(relay)    1    22    28975.21    28    28959.09    9    1
(advertise)    2    28976.41    22    28
(relay)    9    9    29002.62    28    29002.1    5    1
(advertise)    2    29003.02    9    28
(relay)    9    6    29028.03    28    28962.1    3    1
(advertise)    2    29028.83    6    28
(relay)    3    4    29047.84    30    29006.23    5    1
(relay)    9    30    29049.84    28    28970.67    1    2
(advertise)    2    29051.84    4    30
(relay)    3    12    29069.46    29    29042.06    3    1
(advertise)    2    29073.06    12    29
(relay)    1    29    29102.47    29    29012.06    3    1
(advertise)    2    29102.67    29    29
(relay)    9    7    29186.28    29    29183.84    7    1
(advertise)    2    29186.48    7    29
(relay)    3    3    29198.1    29    29197.64    5    1
(advertise)    2    29208.9    3    29
(relay)    9    23    29236.31    29    29219.72    1    1
(relay)    1    14    29237.31    29    29212.78    5    1
(advertise)    2    29237.51    14    29
(relay)    9    28    29279.12    29    29213.29    3    1
(advertise)    2    29279.32    28    29
(relay)    3    5    29307.54    29    29305.77    5    1
(advertise)    2    29307.74    5    29
(relay)    3    11    29330.95    29    29325.24    3    1
(advertise)    2    29331.55    11    29
(relay)    3    19    29354.16    29    29324.05    1    1
(relay)    9    42    29386.36    29    29359.25    3    1
(advertise)    2    29386.56    42    29
(relay)    9    35    29408.37    29    29381.75    5    1
(advertise)    2    29409.77    35    29
(relay)    9    45    29456.19    29    29407.33    1    1
(relay)    1    16    29477.19    29    29430.87    1    1
(relay)    1    43    29503.39    29    29501.19    3    1
(advertise)    2    29503.59    43    29
(relay)    9    10    29526.6    29    29522.2    3    1
(advertise)    2    29528.2    10    29
(relay)    9    17    29608.81    29    29607.79    1    1
(generate)    2    29612.41    [24]    29
(relay)    1    0    29665.83    29    29663.5    7    1
(advertise)    2    29666.03    0    29
(relay)    9    44    29688.04    29    29663.86    1    1
(relay)    3    20    29702.24    30    29700    122    1
(advertise)    2    29702.44    20    30
(relay)    1    36    29731.65    29    29723.36    5    1
(advertise)    2    29731.85    36    29
(relay)    1    1    29741.87    29    29740.8    7    1
(advertise)    2    29755.07    1    29
(relay)    9    18    29892.48    29    29890.13    1    1
(relay)    1    21    29910.88    29    29906.49    7    1
(advertise)    2    29911.08    21    29
(relay)    1    8    29933.89    29    29911.25    5    1
(advertise)    2    29935.89    8    29
(relay)    1    15    29955.5    29    29938.73    11    1
(advertise)    2    29959.1    15    29
(relay)    1    22    29977.52    29    29959.17    9    1
(advertise)    2    29981.12    22    29
