(generate)    20    700    [24]    1
(generate)    20    1700    [24]    2
(generate)    20    2700    [24]    3
(generate)    20    3700    [24]    4
(generate)    20    4700    [24]    5
(main)    25    1    1206.08    20    5548.21
(main)    25    2    2207.06    20    5585.63
(main)    25    3    3207.23    20    5744.24
(main)    25    4    4207.42    20    6060.08
(main)    25    5    5207.55    20    6153.69
(main)    25    6    6207.59    20    6417.52
(generate)    20    5700    [24]    6
(generate)    20    6700    [24]    7
(generate)    20    7700    [24]    8
(generate)    20    8700    [24]    9
(generate)    20    9700    [24]    10
(main)    25    7    7207.65    20    10790.16
(main)    25    8    8207.67    20    10888.97
(main)    25    9    9207.73    20    11033.58
(main)    25    10    10207.76    20    11136.8
(generate)    20    10700    [24]    11
(generate)    20    11700    [24]    12
(generate)    20    12700    [24]    13
(generate)    20    13700    [24]    14
(generate)    20    14700    [24]    15
(main)    25    11    11207.81    20    15371.42
(main)    25    12    12207.83    20    15448.43
(main)    25    13    13207.88    20    15612.25
(main)    25    14    14208.74    20    15707.86
(main)    25    15    15208.8    20    15823.27
(main)    25    16    16208.85    20    16291.93
(generate)    20    15700    [24]    16
(generate)    20    16700    [24]    17
(generate)    20    17700    [24]    18
(generate)    20    18700    [24]    19
(generate)    20    19700    [24]    20
(main)    25    17    17208.87    20    20589.16
(main)    25    18    18208.93    20    20700.18
(main)    25    19    19208.97    20    20928.2
(main)    25    20    20209.07    20    21023.82
(generate)    20    20700    [24]    21
(generate)    20    21700    [24]    22
(generate)    20    22700    [24]    23
(generate)    20    23700    [24]    24
(generate)    20    24700    [24]    25
(main)    25    22    22209.24    20    25470.27
(main)    25    23    23210.5    20    25603.48
(main)    25    24    24210.57    20    25816.91
(main)    25    25    25210.65    20    26043.33
(generate)    20    25700    [24]    26
(generate)    20    26700    [24]    27
(generate)    20    27700    [24]    28
(generate)    20    28700    [24]    29
(generate)    20    29700    [24]    30
