(relay)    19    13    376.4    1    374    125    1
(advertise)    26    376.6    13    1
(relay)    27    20    701.41    1    700    126    1
(advertise)    26    701.61    20    1
(relay)    25    4    1003.83    2    1000.04    124    1
(advertise)    26    1004.03    4    2
(relay)    19    29    1028.64    1    1009.04    119    1
(advertise)    26    1029.04    29    1
(relay)    19    12    1051.85    1    1040.05    126    1
(advertise)    26    1052.05    12    1
(relay)    19    7    1185.27    1    1181.07    121    1
(advertise)    26    1185.47    7    1
(relay)    25    25    1206.08    1    1206.08    127    1
(advertise)    26    1207.28    25    1
(relay)    25    3    1232.09    1    1195.08    123    1
(advertise)    26    1232.29    3    1
(relay)    33    23    1257.3    1    1217.09    123    1
(advertise)    26    1257.5    23    1
(relay)    25    14    1280.12    1    1210.09    118    1
(advertise)    26    1280.52    14    1
(relay)    27    28    1283.73    1    1211.09    120    1
(advertise)    26    1302.73    28    1
(relay)    27    27    1307.14    1    1307.13    127    1
(relay)    19    19    1320.74    1    1320.14    127    2
(relay)    33    41    1324.74    1    1305.13    125    3
(advertise)    26    1325.14    27    1
(relay)    19    5    1326.76    1    1303.12    125    3
(advertise)    26    1346.16    19    1
(relay)    19    11    1349.77    1    1321.13    125    3
(advertise)    26    1368.37    41    1
(relay)    33    48    1370.18    1    1280.1    124    3
(relay)    33    33    1378.18    1    1377.18    127    4
(advertise)    26    1390.18    5    1
(advertise)    26    1413.2    11    1
(relay)    33    31    1415.41    1    1327.56    125    3
(advertise)    26    1436.21    48    1
(advertise)    26    1457.22    33    1
(relay)    33    37    1460.63    1    1351.36    123    2
(relay)    25    13    1461.83    2    1374    123    3
(advertise)    26    1479.83    31    1
(relay)    19    16    1481.65    1    1426.2    124    3
(advertise)    26    1502.45    37    1
(advertise)    26    1523.66    13    2
(relay)    27    34    1526.07    1    1512.06    126    2
(advertise)    26    1546.27    16    1
(relay)    19    10    1569.49    1    1520.06    124    2
(advertise)    26    1570.49    34    1
(relay)    27    45    1571.7    1    1402.2    121    2
(advertise)    26    1593.3    10    1
(relay)    33    35    1595.31    1    1374.16    119    2
(advertise)    26    1617.71    45    1
(advertise)    26    1639.73    35    1
(relay)    33    43    1641.54    1    1498.03    121    1
(relay)    19    17    1658.14    1    1605.11    125    2
(advertise)    26    1660.94    43    1
(advertise)    26    1682.55    17    1
(relay)    19    20    1702.56    2    1700    126    1
(advertise)    26    1705.36    20    2
(relay)    25    2    1710.18    1    1611.11    122    1
(advertise)    26    1726.78    2    1
(relay)    27    44    1728.79    1    1662.14    120    1
(relay)    19    0    1747.19    1    1661.07    120    2
(advertise)    26    1747.79    44    1
(relay)    33    36    1753.2    1    1721.15    122    2
(advertise)    26    1771.8    0    1
(relay)    19    1    1793.42    1    1738.16    121    2
(advertise)    26    1794.42    36    1
(advertise)    26    1816.83    1    1
(relay)    33    32    1823.44    1    1815.03    126    1
(generate)    26    1827.04    [24]    1
(advertise)    26    1839.26    32    1
(relay)    33    38    1866.07    1    1810.02    124    1
(advertise)    26    1866.67    38    1
(relay)    19    18    1907.88    1    1886.28    126    1
(advertise)    26    1908.08    18    1
(relay)    33    40    1910.09    1    1893.08    126    1
(advertise)    26    1929.29    40    1
(relay)    19    8    1955.31    1    1907.07    122    1
(advertise)    26    1955.51    8    1
(relay)    19    21    1978.32    1    1904.07    121    1
(advertise)    26    1978.92    21    1
(relay)    19    6    2003.33    1    1961.0    122    1
(advertise)    26    2003.73    6    1
(relay)    25    9    2024.55    1    1998.13    123    1
(advertise)    26    2027.95    9    1
(relay)    25    30    2048.16    1    1965.11    124    1
(relay)    19    4    2050.16    3    2000.15    124    2
(advertise)    26    2050.96    30    1
(relay)    19    12    2071.57    2    2040.16    126    2
(relay)    25    22    2072.17    1    1954.29    122    3
(advertise)    26    2072.97    4    3
(advertise)    26    2093.99    12    2
(relay)    33    15    2105.4    1    1932.08    119    2
(advertise)    26    2115.0    22    1
(advertise)    26    2137.61    15    1
(relay)    19    39    2140.02    1    1913.09    119    1
(advertise)    26    2159.22    39    1
(relay)    33    29    2176.44    2    2009.13    121    1
(advertise)    26    2180.24    29    2
(relay)    25    7    2205.85    2    2181.21    121    1
(advertise)    26    2206.05    7    2
(relay)    25    25    2207.26    2    2207.06    127    1
(advertise)    26    2227.06    25    2
(relay)    25    14    2249.68    2    2210.25    122    1
(advertise)    26    2251.68    14    2
(relay)    25    23    2271.29    2    2217.25    123    1
(advertise)    26    2272.69    23    2
(relay)    19    3    2277.3    2    2195.25    123    1
(advertise)    26    2295.3    3    2
(relay)    27    27    2307.32    2    2307.29    127    1
(advertise)    26    2318.72    27    2
(relay)    25    28    2319.93    2    2211.25    118    1
(relay)    19    19    2320.93    2    2320.32    127    2
(relay)    19    5    2322.13    2    2303.29    125    3
(relay)    27    41    2323.93    2    2305.32    125    4
(advertise)    26    2341.93    28    2
(advertise)    26    2365.34    19    2
(relay)    33    33    2377.35    2    2377.35    127    3
(advertise)    26    2387.35    5    2
(advertise)    26    2408.37    41    2
(relay)    33    48    2414.38    2    2280.29    124    2
(relay)    19    31    2429.98    2    2327.74    121    3
(advertise)    26    2430.98    33    2
(advertise)    26    2452.39    48    2
(advertise)    26    2475.81    31    2
(relay)    33    37    2478.82    2    2351.53    123    1
(advertise)    26    2497.02    37    2
(relay)    33    34    2514.03    2    2512.23    126    1
(advertise)    26    2518.23    34    2
(relay)    33    45    2535.44    2    2402.38    123    1
(advertise)    26    2539.64    45    2
(relay)    25    16    2542.46    2    2426.38    124    1
(relay)    33    42    2557.46    2    2352.32    120    2
(advertise)    26    2561.46    16    2
(advertise)    26    2583.07    42    2
(relay)    33    35    2602.08    2    2374.33    119    1
(advertise)    26    2605.08    35    2
(relay)    19    17    2630.5    2    2605.28    125    1
(advertise)    26    2631.1    17    2
(relay)    33    11    2653.71    2    2321.32    117    1
(advertise)    26    2655.11    11    2
(relay)    33    43    2677.92    2    2498.21    121    1
(advertise)    26    2679.32    43    2
(relay)    27    20    2702.14    3    2700    126    1
(advertise)    26    2702.34    20    3
(relay)    33    44    2704.15    2    2662.31    122    1
(advertise)    26    2725.35    44    2
(relay)    33    10    2728.16    2    2520.24    118    1
(relay)    19    2    2738.36    2    2611.27    122    2
(advertise)    26    2748.36    10    2
(advertise)    26    2771.17    2    2
(relay)    25    1    2790.39    2    2738.31    121    1
(advertise)    26    2794.79    1    2
(relay)    33    46    2796.6    2    2774.2    124    1
(relay)    25    36    2812.6    2    2721.35    122    2
(advertise)    26    2816.4    46    2
(generate)    26    2827.21    [24]    2
(relay)    25    32    2834.23    2    2815.21    126    2
(advertise)    26    2838.83    36    2
(advertise)    26    2860.84    32    2
(relay)    19    0    2891.65    2    2661.18    120    1
(advertise)    26    2891.85    0    2
(relay)    33    38    2904.47    2    2810.2    124    1
(advertise)    26    2915.07    38    2
(relay)    33    47    2925.48    2    2866.25    125    1
(relay)    19    18    2934.28    2    2886.45    126    2
(advertise)    26    2937.08    47    2
(advertise)    26    2959.09    18    2
(relay)    25    39    2966.5    2    2913.28    125    1
(relay)    33    40    2970.7    2    2893.27    126    2
(advertise)    26    2980.1    39    2
(advertise)    26    3002.52    40    2
(relay)    19    8    3021.53    2    2907.23    122    1
(advertise)    26    3023.53    8    2
(relay)    25    21    3054.74    2    2904.25    119    1
(advertise)    26    3054.94    21    2
(relay)    19    15    3067.36    2    2932.27    121    1
(relay)    25    4    3076.96    4    3000.29    124    2
(advertise)    26    3077.76    15    2
(relay)    19    6    3089.17    2    2961.01    124    2
(advertise)    26    3098.97    4    4
(relay)    27    30    3104.78    2    2966.3    118    2
(relay)    19    12    3110.58    3    3040.34    126    3
(advertise)    26    3119.98    6    2
(advertise)    26    3143.8    30    2
(relay)    33    22    3150.01    2    2954.48    120    2
(advertise)    26    3166.41    12    3
(relay)    33    29    3172.42    3    3009.32    123    2
(relay)    19    9    3177.42    2    2998.3    123    3
(advertise)    26    3188.22    22    2
(relay)    25    25    3207.23    3    3207.23    127    3
(advertise)    26    3211.23    29    3
(advertise)    26    3233.65    9    2
(advertise)    26    3255.86    25    3
(relay)    33    28    3283.27    3    3211.43    120    1
(advertise)    26    3283.47    28    3
(relay)    19    3    3285.09    3    3195.43    123    1
(advertise)    26    3305.09    3    3
(relay)    27    27    3308.1    3    3307.46    127    1
(relay)    19    19    3321.1    3    3320.51    127    2
(advertise)    26    3327.1    27    3
(relay)    19    14    3328.91    3    3211.23    120    2
(advertise)    26    3348.11    19    3
(relay)    27    41    3349.73    3    3305.5    125    2
(relay)    19    5    3350.93    3    3303.45    125    3
(relay)    33    48    3351.93    3    3280.66    124    4
(advertise)    26    3372.53    14    3
(relay)    33    33    3377.54    3    3377.54    127    4
(advertise)    26    3393.54    41    3
(relay)    25    7    3397.55    3    3181.37    119    4
(advertise)    26    3414.75    5    3
(relay)    19    23    3415.96    3    3217.43    123    4
(advertise)    26    3435.76    48    3
(advertise)    26    3457.18    33    3
(advertise)    26    3480.59    7    3
(relay)    19    13    3482.2    4    3374    125    2
(advertise)    26    3502.4    23    3
(relay)    19    31    3504.42    3    3327.93    123    2
(relay)    27    34    3516.42    3    3512.4    126    3
(advertise)    26    3523.62    13    4
(relay)    19    37    3526.43    3    3351.71    115    3
(advertise)    26    3546.23    31    3
(relay)    19    16    3547.64    3    3426.55    124    3
(advertise)    26    3570.24    34    3
(advertise)    26    3591.46    37    3
(relay)    33    11    3598.87    3    3321.49    123    2
(relay)    27    45    3604.87    3    3402.56    121    3
(advertise)    26    3614.67    16    3
(advertise)    26    3637.08    11    3
(relay)    33    35    3641.49    3    3374.53    121    2
(advertise)    26    3659.09    45    3
(relay)    33    42    3664.11    3    3352.51    120    2
(advertise)    26    3680.71    35    3
(advertise)    26    3702.92    42    3
(relay)    19    20    3704.13    4    3700    126    1
(relay)    33    43    3725.13    3    3498.4    121    2
(advertise)    26    3725.73    20    4
(relay)    25    10    3732.95    3    3520.42    124    2
(advertise)    26    3747.35    43    3
(relay)    25    17    3756.96    3    3605.47    125    2
(relay)    33    44    3769.16    3    3662.49    122    3
(advertise)    26    3770.16    10    3
(advertise)    26    3792.97    17    3
(advertise)    26    3815.39    44    3
(generate)    26    3827.4    [24]    3
(relay)    19    0    3830.41    3    3661.34    120    1
(relay)    33    46    3835.61    3    3774.37    124    2
(advertise)    26    3837.61    0    3
(relay)    25    2    3843.62    3    3611.46    122    2
(advertise)    26    3859.62    46    3
(advertise)    26    3881.24    2    3
(relay)    25    36    3887.85    3    3721.55    122    1
(advertise)    26    3902.45    36    3
(relay)    19    1    3916.86    3    3738.51    121    1
(advertise)    26    3924.86    1    3
(relay)    33    40    3944.88    3    3893.45    126    1
(advertise)    26    3946.28    40    3
(relay)    19    18    3961.29    3    3886.62    124    1
(advertise)    26    3968.49    18    3
(relay)    25    38    3974.5    3    3810.39    124    1
(advertise)    26    3989.9    38    3
(relay)    27    47    4002.12    3    3866.44    123    1
(advertise)    26    4011.92    47    3
(relay)    25    39    4016.93    3    3913.46    125    1
(advertise)    26    4035.93    39    3
(relay)    25    8    4040.14    3    3907.42    122    1
(advertise)    26    4058.74    8    3
(relay)    33    30    4060.55    3    3966.49    124    1
(advertise)    26    4079.75    30    3
(relay)    25    6    4104.77    3    3961.03    122    1
(advertise)    26    4105.17    6    3
(relay)    19    12    4112.38    4    4040.54    126    1
(advertise)    26    4128.38    12    4
(heartbeat)    24    1    4025.2    26    4133.79    127    0
(advertise)    26    4150.79    24    1
(relay)    33    22    4154.01    3    3955.68    122    1
(advertise)    26    4172.21    22    3
(relay)    19    4    4178.62    5    4000.49    124    1
(advertise)    26    4194.42    4    5
(relay)    33    21    4196.23    3    3904.42    117    1
(relay)    19    15    4199.83    3    3932.45    121    2
(relay)    25    25    4208.03    4    4207.42    3    3
(advertise)    26    4216.23    21    3
(advertise)    26    4239.05    15    3
(relay)    25    9    4262.66    3    3998.49    123    2
(advertise)    26    4262.86    25    4
(advertise)    26    4285.07    9    3
(relay)    27    27    4308.28    4    4307.63    7    1
(advertise)    26    4309.28    27    4
(relay)    19    19    4321.3    4    4320.71    5    1
(relay)    33    48    4330.1    4    4280.82    5    2
(relay)    25    3    4330.3    4    4195.62    1    3
(advertise)    26    4332.1    19    4
(advertise)    26    4353.51    48    4
(relay)    19    5    4375.52    4    4303.63    5    1
(advertise)    26    4376.32    5    4
(relay)    33    33    4377.74    4    4377.72    5    1
(relay)    25    31    4396.14    4    4328.08    1    2
(relay)    19    14    4397.34    4    4211.42    1    3
(relay)    33    41    4397.94    4    4305.7    5    4
(advertise)    26    4398.14    33    4
(relay)    19    11    4418.95    4    4321.67    3    2
(advertise)    26    4419.35    41    4
(advertise)    26    4441.36    11    4
(relay)    19    32    4483.18    3    3815.41    114    1
(advertise)    26    4483.38    32    3
(relay)    33    28    4486.39    4    4211.63    1    1
(relay)    19    7    4506.59    4    4181.57    119    1
(advertise)    26    4506.79    7    4
(relay)    33    45    4510.4    4    4402.75    1    1
(relay)    27    34    4530.2    4    4512.59    5    1
(advertise)    26    4530.8    34    4
(relay)    33    37    4554.81    4    4351.72    1    1
(relay)    19    16    4571.41    4    4426.74    1    1
(relay)    19    10    4595.01    4    4520.59    1    1
(relay)    19    17    4616.41    4    4605.67    1    1
(relay)    19    2    4638.41    4    4611.56    1    1
(relay)    33    35    4642.41    4    4374.71    1    1
(relay)    33    42    4665.81    4    4352.7    1    1
(relay)    19    0    4668.21    4    4661.43    1    1
(relay)    33    43    4689.21    4    4498.6    1    1
(relay)    19    20    4701.41    5    4700    126    1
(advertise)    26    4701.61    20    5
(relay)    33    44    4712.03    4    4662.61    1    1
(relay)    19    1    4741.43    4    4738.6    1    1
(relay)    33    38    4811.43    4    4810.45    1    1
(relay)    25    46    4817.03    4    4774.48    3    1
(advertise)    26    4817.23    46    4
(generate)    26    4827.44    [24]    4
(relay)    33    32    4834.85    4    4815.54    3    1
(advertise)    26    4838.65    32    4
(relay)    27    47    4886.47    4    4866.53    3    1
(advertise)    26    4886.67    47    4
(relay)    19    18    4888.28    4    4886.73    3    1
(advertise)    26    4908.28    18    4
(relay)    33    40    4922.69    4    4893.52    5    1
(advertise)    26    4929.29    40    4
(relay)    25    39    4933.51    4    4913.64    3    1
(advertise)    26    4952.31    39    4
(relay)    19    6    4977.72    4    4961.12    5    1
(advertise)    26    4978.12    6    4
(relay)    33    30    4989.33    4    4966.6    1    1
(relay)    19    9    5022.53    4    4998.61    1    1
(relay)    19    12    5044.13    5    5040.56    7    1
(advertise)    26    5044.33    12    5
(relay)    25    7    5184.54    5    5181.57    1    1
(relay)    25    25    5208.14    5    5207.55    3    1
(advertise)    26    5208.34    25    5
(relay)    25    28    5234.96    5    5211.73    1    1
(relay)    25    48    5283.16    5    5280.87    3    1
(advertise)    26    5283.36    48    5
(relay)    19    5    5307.37    5    5303.76    5    1
(advertise)    26    5307.77    5    5
(relay)    19    19    5321.78    5    5320.74    5    1
(advertise)    26    5329.98    19    5
(relay)    19    11    5348.6    5    5321.71    3    1
(advertise)    26    5351.0    11    5
(relay)    25    41    5356.01    5    5305.81    1    1
(relay)    19    13    5375.41    6    5374    125    1
(advertise)    26    5375.81    13    6
(relay)    33    33    5379.02    5    5378.38    5    1
(advertise)    26    5397.82    33    5
(relay)    33    31    5401.04    5    5328.2    1    1
(relay)    19    16    5444.04    5    5426.93    1    1
(relay)    33    42    5446.04    5    5353.73    1    1
(relay)    25    45    5468.24    5    5402.9    1    1
(relay)    33    43    5506.44    5    5498.69    1    1
(relay)    27    34    5515.04    5    5512.77    5    1
(advertise)    26    5515.24    34    5
(relay)    19    10    5541.65    5    5520.64    1    1
(relay)    19    17    5608.25    5    5605.77    1    1
(relay)    19    2    5630.25    5    5611.57    1    1
(relay)    25    44    5667.45    5    5662.65    1    1
(relay)    19    0    5668.05    5    5661.44    1    1
(relay)    25    36    5723.45    5    5721.67    1    1
(relay)    19    1    5743.45    5    5738.67    1    1
(relay)    25    46    5779.25    5    5774.67    3    1
(advertise)    26    5779.45    46    5
(relay)    25    38    5811.66    5    5810.51    1    1
(generate)    26    5827.46    [24]    5
(relay)    33    32    5833.87    5    5815.67    3    1
(advertise)    26    5834.07    32    5
(relay)    33    47    5878.69    5    5866.55    5    1
(advertise)    26    5878.89    47    5
(relay)    33    40    5898.9    5    5893.55    5    1
(advertise)    26    5901.7    40    5
(relay)    19    18    5902.91    5    5886.87    3    1
(relay)    33    39    5920.31    5    5913.79    3    2
(advertise)    26    5923.71    18    5
(advertise)    26    5946.13    39    5
(relay)    19    15    5973.34    5    5932.61    1    1
(relay)    25    6    5995.34    5    5961.13    1    1
(relay)    33    29    6013.74    6    6009.66    1    1
(relay)    19    9    6020.14    5    5998.79    1    1
(relay)    19    4    6043.54    7    6002.31    3    1
(advertise)    26    6043.74    4    7
(relay)    19    12    6065.35    6    6040.59    7    1
(advertise)    26    6066.15    12    6
(relay)    25    7    6184.77    6    6181.67    1    1
(relay)    25    25    6208.17    6    6207.59    3    1
(advertise)    26    6208.37    25    6
(relay)    19    3    6209.58    6    6195.86    1    1
(relay)    27    48    6283.18    6    6281.05    5    1
(advertise)    26    6283.38    48    6
(relay)    33    41    6308.59    6    6305.86    5    1
(advertise)    26    6308.79    41    6
(relay)    19    19    6321.8    6    6320.89    5    1
(advertise)    26    6330.0    19    6
(relay)    33    31    6352.42    6    6328.22    1    1
(relay)    19    11    6353.62    6    6321.86    3    1
(advertise)    26    6353.82    11    6
(relay)    33    33    6379.03    6    6378.5    5    1
(advertise)    26    6379.23    33    6
(relay)    33    37    6399.04    6    6351.93    1    1
(relay)    19    13    6401.84    7    6374    125    1
(advertise)    26    6402.24    13    7
(relay)    33    42    6421.06    6    6353.91    1    1
(relay)    33    43    6513.06    6    6498.76    1    1
(relay)    27    34    6515.06    6    6512.94    5    1
(advertise)    26    6515.26    34    6
(relay)    19    10    6540.87    6    6520.66    1    1
(relay)    19    17    6608.47    6    6605.84    1    1
(relay)    19    2    6630.87    6    6611.59    1    1
(relay)    33    44    6668.07    6    6662.68    1    1
(relay)    19    0    6669.27    6    6661.45    1    1
(relay)    19    20    6701.27    7    6700    126    1
(advertise)    26    6701.47    20    7
(relay)    33    36    6727.68    6    6721.75    1    1
(relay)    19    1    6744.68    6    6738.76    1    1
(relay)    33    46    6777.48    6    6774.72    3    1
(advertise)    26    6777.68    46    6
(generate)    26    6827.5    [24]    6
(relay)    33    32    6833.51    6    6815.79    3    1
(advertise)    26    6833.71    32    6
(relay)    33    47    6879.52    6    6866.61    3    1
(advertise)    26    6879.72    47    6
(relay)    33    40    6900.33    6    6893.6    5    1
(advertise)    26    6901.13    40    6
(relay)    33    39    6923.35    6    6913.95    3    1
(advertise)    26    6924.35    39    6
(relay)    33    18    6944.76    6    6887.01    1    1
(relay)    19    6    6973.56    6    6961.14    3    1
(advertise)    26    6973.76    6    6
(relay)    19    9    7001.77    6    6998.79    1    1
(relay)    19    4    7026.77    8    7002.33    3    1
(advertise)    26    7026.97    4    8
(relay)    19    12    7049.59    7    7040.65    7    1
(advertise)    26    7050.19    12    7
(relay)    33    29    7052.2    7    7009.69    1    1
(relay)    25    7    7186.4    7    7181.77    1    1
(relay)    25    25    7208.2    7    7207.65    3    1
(advertise)    26    7208.4    25    7
(relay)    27    48    7284.01    7    7281.2    5    1
(advertise)    26    7284.21    48    7
(relay)    27    27    7308.83    7    7307.88    7    1
(advertise)    26    7309.23    27    7
(relay)    27    41    7310.64    7    7305.89    5    1
(relay)    19    19    7322.04    7    7321.03    5    2
(advertise)    26    7330.44    41    7
(advertise)    26    7351.65    19    7
(relay)    33    31    7354.86    7    7328.28    1    1
(relay)    25    11    7377.86    7    7322.0    3    1
(advertise)    26    7378.06    11    7
(relay)    33    33    7379.28    7    7378.65    5    1
(advertise)    26    7399.28    33    7
(relay)    25    13    7422.89    8    7374    123    1
(advertise)    26    7423.29    13    8
(relay)    33    45    7465.9    7    7403.92    1    1
(relay)    25    42    7468.1    7    7354.11    1    1
(relay)    33    43    7511.1    7    7498.83    1    1
(relay)    27    34    7515.3    7    7513.12    5    1
(advertise)    26    7515.5    34    7
(relay)    25    10    7540.92    7    7520.73    1    1
(relay)    25    2    7629.72    7    7611.61    1    1
(relay)    33    44    7669.52    7    7662.86    1    1
(relay)    19    0    7670.32    7    7661.48    1    1
(relay)    19    20    7700.52    8    7700    126    1
(advertise)    26    7700.72    20    8
(relay)    25    36    7734.93    7    7721.81    1    1
(relay)    19    1    7745.33    7    7738.85    1    1
(relay)    33    46    7777.33    7    7774.77    3    1
(advertise)    26    7777.53    46    7
(relay)    25    38    7812.54    7    7810.72    1    1
(generate)    26    7827.54    [24]    7
(relay)    33    32    7833.96    7    7815.92    3    1
(advertise)    26    7834.16    32    7
(relay)    25    47    7880.17    7    7866.67    1    1
(relay)    19    18    7887.57    7    7887.13    3    1
(advertise)    26    7887.77    18    7
(relay)    33    40    7923.18    7    7893.63    5    1
(advertise)    26    7923.38    40    7
(relay)    19    8    7951.39    7    7907.86    1    1
(relay)    33    30    7971.19    7    7966.93    1    1
(relay)    19    6    7975.39    7    7961.16    5    1
(advertise)    26    7975.59    6    7
(relay)    33    29    8023.01    8    8009.72    1    1
(relay)    19    12    8042.01    8    8040.7    7    1
(advertise)    26    8042.21    12    8
(heartbeat)    24    2    8025.21    26    8047.02    4    4
(advertise)    26    8064.22    24    2
(relay)    25    4    8068.03    9    8002.36    3    1
(advertise)    26    8085.43    4    9
(relay)    19    7    8186.85    8    8181.88    1    1
(relay)    25    25    8208.25    8    8207.67    3    1
(advertise)    26    8208.45    25    8
(relay)    19    3    8211.86    8    8196.05    1    1
(relay)    33    28    8233.66    8    8211.83    1    1
(relay)    27    48    8283.86    8    8281.23    5    1
(advertise)    26    8284.06    48    8
(relay)    33    41    8308.47    8    8305.98    5    1
(relay)    27    27    8308.87    8    8307.94    5    2
(advertise)    26    8309.07    41    8
(relay)    19    5    8311.09    8    8304.03    5    2
(relay)    19    19    8322.29    8    8321.18    5    3
(relay)    33    31    8330.69    8    8328.38    1    4
(advertise)    26    8331.29    27    8
(advertise)    26    8354.9    5    8
(advertise)    26    8376.91    19    8
(relay)    33    33    8379.32    8    8378.84    5    1
(advertise)    26    8399.32    33    8
(relay)    25    11    8420.54    8    8322.19    3    1
(advertise)    26    8420.74    11    8
(relay)    25    13    8441.35    9    8374    123    1
(advertise)    26    8441.95    13    9
(relay)    33    45    8445.96    8    8404.05    1    1
(relay)    25    42    8485.56    8    8354.36    1    1
(relay)    25    43    8512.36    8    8498.95    1    1
(relay)    27    34    8514.56    8    8513.13    5    1
(advertise)    26    8514.76    34    8
(relay)    19    10    8540.18    8    8520.82    1    1
(relay)    25    17    8606.98    8    8605.99    1    1
(relay)    19    2    8633.38    8    8611.65    1    1
(relay)    33    44    8668.58    8    8662.91    1    1
(relay)    19    0    8669.58    8    8661.49    1    1
(relay)    19    20    8700.58    9    8700    126    1
(advertise)    26    8700.78    20    9
(relay)    25    36    8727.19    8    8721.92    1    1
(relay)    19    1    8745.19    8    8738.95    1    1
(relay)    33    46    8776.59    8    8774.83    3    1
(advertise)    26    8776.79    46    8
(relay)    33    38    8813.6    8    8810.82    1    1
(generate)    26    8827.6    [24]    8
(relay)    33    32    8835.62    8    8816.11    3    1
(advertise)    26    8835.82    32    8
(relay)    33    47    8878.43    8    8866.75    5    1
(advertise)    26    8878.63    47    8
(relay)    33    40    8899.44    8    8893.64    5    1
(advertise)    26    8901.24    40    8
(relay)    33    39    8921.25    8    8914.16    3    1
(advertise)    26    8922.45    39    8
(relay)    33    18    8944.07    8    8887.28    1    1
(relay)    25    6    8968.07    8    8961.19    1    1
(relay)    19    4    9012.27    10    9002.38    3    1
(advertise)    26    9012.47    4    10
(relay)    19    12    9042.08    9    9040.77    5    1
(advertise)    26    9042.28    12    9
(relay)    19    9    9065.49    8    8999.02    1    1
(relay)    33    29    9066.29    9    9009.74    1    1
(relay)    25    7    9187.89    9    9181.98    1    1
(relay)    25    25    9208.69    9    9207.73    3    1
(advertise)    26    9208.89    25    9
(relay)    19    3    9212.51    9    9196.11    1    1
(relay)    33    48    9284.91    9    9281.39    5    1
(advertise)    26    9285.11    48    9
(relay)    33    41    9308.52    9    9306.02    5    1
(advertise)    26    9308.92    41    9
(relay)    19    5    9310.93    9    9304.13    1    1
(relay)    19    19    9322.33    9    9321.34    5    1
(advertise)    26    9331.73    19    9
(relay)    19    11    9354.95    9    9322.34    3    1
(advertise)    26    9355.95    11    9
(relay)    25    37    9377.76    9    9352.16    1    1
(relay)    33    33    9379.56    9    9379.02    5    1
(advertise)    26    9380.56    33    9
(relay)    33    42    9420.37    9    9355.56    1    1
(relay)    19    16    9445.37    9    9427.42    1    1
(relay)    33    45    9452.77    9    9404.55    1    1
(relay)    27    34    9513.77    9    9513.3    5    1
(advertise)    26    9513.97    34    9
(relay)    19    10    9537.58    9    9520.84    1    1
(relay)    25    17    9606.79    9    9606.05    1    1
(relay)    19    2    9633.39    9    9611.67    1    1
(relay)    19    0    9666.79    9    9661.69    1    1
(relay)    33    44    9667.59    9    9662.93    1    1
(relay)    27    20    9700.39    10    9700    126    1
(advertise)    26    9700.59    20    10
(relay)    33    36    9728.2    9    9721.94    1    1
(relay)    19    1    9746.6    9    9739.02    1    1
(relay)    33    46    9776.2    9    9774.85    3    1
(advertise)    26    9776.4    46    9
(relay)    33    38    9814.21    9    9810.9    1    1
(generate)    26    9827.61    [24]    9
(relay)    33    32    9837.22    9    9816.18    3    1
(advertise)    26    9837.42    32    9
(relay)    33    47    9880.64    9    9866.79    5    1
(advertise)    26    9880.84    47    9
(relay)    25    18    9903.05    9    9887.4    3    1
(advertise)    26    9904.25    18    9
(relay)    33    39    9926.66    9    9914.3    3    1
(advertise)    26    9927.46    39    9
(relay)    25    8    9952.08    9    9909.02    1    1
(relay)    19    6    9974.88    9    9961.33    5    1
(advertise)    26    9975.08    6    9
(relay)    33    30    9998.89    9    9967.22    1    1
(relay)    19    9    10004.09    9    9999.2    1    1
(relay)    19    4    10029.09    11    10002.56    1    1
(relay)    19    12    10049.09    10    10040.85    5    1
(advertise)    26    10049.29    12    10
(relay)    33    29    10073.9    10    10009.92    1    1
(relay)    25    7    10188.3    10    10182.07    1    1
(relay)    25    25    10208.7    10    10207.76    3    1
(advertise)    26    10208.9    25    10
(relay)    25    14    10255.52    10    10211.86    1    1
(relay)    27    48    10285.52    10    10281.53    5    1
(advertise)    26    10285.72    48    10
(relay)    27    27    10308.93    10    10307.97    5    1
(advertise)    26    10309.73    27    10
(relay)    19    5    10310.94    10    10304.2    5    1
(relay)    19    19    10321.54    10    10321.51    5    2
(advertise)    26    10332.14    5    10
(advertise)    26    10353.35    19    10
(relay)    33    37    10378.97    10    10352.36    1    1
(relay)    33    33    10380.17    10    10379.16    5    1
(advertise)    26    10380.37    33    10
(relay)    33    45    10425.58    10    10404.62    1    1
(relay)    25    42    10444.38    10    10356.15    1    1
(relay)    25    35    10467.58    10    10377.36    1    1
(relay)    27    13    10477.58    11    10374    111    1
(advertise)    26    10477.78    13    11
(relay)    27    34    10513.79    10    10513.32    5    1
(advertise)    26    10513.99    34    10
(relay)    33    43    10515.41    10    10499.28    1    1
(relay)    25    10    10538.81    10    10520.9    1    1
(relay)    25    17    10606.81    10    10606.08    1    1
(relay)    25    2    10634.21    10    10611.7    1    1
(relay)    19    0    10666.01    10    10661.88    1    1
(relay)    33    44    10667.21    10    10662.97    1    1
(relay)    25    36    10727.21    10    10721.98    1    1
(relay)    19    1    10745.01    10    10739.08    1    1
(relay)    25    46    10776.01    10    10775.05    3    1
(advertise)    26    10776.21    46    10
(relay)    33    38    10814.22    10    10810.93    1    1
(generate)    26    10827.62    [24]    10
(relay)    33    32    10835.83    10    10816.32    3    1
(advertise)    26    10836.03    32    10
(relay)    27    47    10879.45    10    10866.84    3    1
(advertise)    26    10879.65    47    10
(relay)    25    18    10901.66    10    10887.51    3    1
(advertise)    26    10903.46    18    10
(relay)    33    40    10904.67    10    10893.74    5    1
(relay)    33    39    10926.07    10    10914.45    3    2
(advertise)    26    10927.87    40    10
(advertise)    26    10949.48    39    10
(relay)    33    30    10971.1    10    10967.37    1    1
(relay)    19    6    10995.5    10    10961.34    5    1
(advertise)    26    10995.7    6    10
(relay)    19    9    11017.51    10    10999.35    1    1
(relay)    19    4    11037.71    12    11002.73    3    1
(advertise)    26    11037.91    4    12
(relay)    19    12    11058.72    11    11040.87    5    1
(advertise)    26    11059.12    12    11
(relay)    33    29    11060.94    11    11010.09    1    1
(relay)    25    25    11208.74    11    11207.81    3    1
(advertise)    26    11208.94    25    11
(relay)    25    28    11233.15    11    11212.07    1    1
(relay)    27    48    11286.35    11    11281.68    5    1
(advertise)    26    11286.55    48    11
(relay)    33    41    11306.96    11    11306.16    5    1
(relay)    27    27    11308.16    11    11308.05    5    2
(advertise)    26    11308.56    41    11
(relay)    19    19    11321.78    11    11321.63    5    2
(advertise)    26    11329.98    27    11
(relay)    19    5    11334.19    11    11304.21    5    2
(advertise)    26    11352.39    19    11
(relay)    25    31    11356.4    11    11328.52    1    2
(advertise)    26    11374.2    5    11
(relay)    19    11    11380.41    11    11322.59    3    1
(advertise)    26    11395.61    11    11
(relay)    27    33    11419.83    11    11379.51    3    1
(advertise)    26    11420.43    33    11
(relay)    33    37    11422.24    11    11352.51    1    1
(relay)    33    42    11444.24    11    11356.49    1    1
(relay)    33    45    11467.04    11    11404.71    1    1
(relay)    33    43    11503.04    11    11499.37    1    1
(relay)    27    34    11514.24    11    11513.52    5    1
(advertise)    26    11514.44    34    11
(relay)    19    10    11541.65    11    11520.92    1    1
(relay)    19    17    11608.45    11    11606.12    1    1
(relay)    25    2    11632.45    11    11611.71    1    1
(relay)    25    0    11664.45    11    11662.01    1    1
(relay)    33    44    11665.45    11    11662.99    1    1
(relay)    27    20    11700.85    12    11700    126    1
(advertise)    26    11701.05    20    12
(relay)    33    36    11732.67    11    11722.06    1    1
(relay)    19    1    11743.87    11    11739.14    1    1
(relay)    33    46    11776.47    11    11775.07    3    1
(advertise)    26    11776.67    46    11
(relay)    33    38    11815.68    11    11810.99    1    1
(relay)    25    32    11818.68    11    11816.46    3    1
(advertise)    26    11818.88    32    11
(generate)    26    11827.69    [24]    11
(relay)    25    47    11869.91    11    11866.9    1    1
(relay)    19    18    11889.31    11    11887.62    3    1
(advertise)    26    11889.51    18    11
(relay)    25    39    11918.52    11    11914.62    3    1
(advertise)    26    11918.72    39    11
(relay)    33    40    11923.73    11    11893.8    3    1
(advertise)    26    11941.73    40    11
(relay)    19    6    11965.34    11    11961.35    5    1
(advertise)    26    11965.74    6    11
(relay)    25    9    12005.36    11    11999.48    1    1
(heartbeat)    24    3    12025.23    26    12026.36    2    4
(advertise)    26    12026.56    24    3
(relay)    19    4    12027.77    13    12002.74    1    1
(relay)    19    12    12049.97    12    12040.91    5    1
(advertise)    26    12051.57    12    12
(relay)    25    7    12187.38    12    12182.25    1    1
(relay)    19    3    12199.58    12    12196.3    1    1
(relay)    25    25    12207.98    12    12207.83    3    1
(advertise)    26    12208.18    25    12
(relay)    27    48    12285.6    12    12281.86    5    1
(advertise)    26    12285.8    48    12
(relay)    33    41    12308.01    12    12306.27    5    1
(relay)    19    5    12310.01    12    12304.28    5    2
(advertise)    26    12310.41    41    12
(relay)    19    19    12321.82    12    12321.78    5    2
(relay)    33    31    12333.02    12    12328.62    1    3
(advertise)    26    12333.42    5    12
(advertise)    26    12355.84    19    12
(relay)    19    13    12378.45    13    12374    125    1
(advertise)    26    12379.45    13    13
(relay)    33    33    12380.66    12    12379.65    5    1
(relay)    25    37    12397.06    12    12352.68    1    2
(advertise)    26    12403.06    33    12
(relay)    25    11    12420.47    12    12322.72    3    1
(advertise)    26    12424.47    11    12
(relay)    33    45    12469.69    12    12405.01    1    1
(relay)    33    43    12503.69    12    12499.46    1    1
(relay)    27    34    12514.89    12    12513.71    5    1
(advertise)    26    12515.09    34    12
(relay)    19    10    12540.3    12    12520.99    1    1
(relay)    25    17    12608.1    12    12606.13    1    1
(relay)    25    44    12664.7    12    12663.04    1    1
(relay)    19    0    12665.1    12    12662.18    1    1
(relay)    27    20    12701.3    13    12700    126    1
(advertise)    26    12701.5    20    13
(relay)    33    36    12732.11    12    12722.15    1    1
(relay)    25    1    12753.91    12    12739.23    1    1
(relay)    33    46    12778.11    12    12775.07    3    1
(advertise)    26    12778.31    46    12
(relay)    33    38    12814.53    12    12811.08    1    1
(generate)    26    12827.73    [24]    12
(relay)    25    32    12835.74    12    12816.6    3    1
(advertise)    26    12835.94    32    12
(relay)    33    47    12880.55    12    12866.97    5    1
(advertise)    26    12880.75    47    12
(relay)    33    40    12902.97    12    12893.87    5    1
(advertise)    26    12903.77    40    12
(relay)    19    18    12905.58    12    12887.75    3    1
(relay)    33    39    12923.58    12    12914.8    3    2
(advertise)    26    12925.58    18    12
(advertise)    26    12947.39    39    12
(relay)    19    6    12964.2    12    12961.36    5    1
(relay)    25    8    12970.8    12    12909.81    1    2
(advertise)    26    12971.0    6    12
(relay)    33    30    12998.42    12    12967.66    1    1
(relay)    19    4    13026.82    14    13003.94    3    1
(advertise)    26    13027.02    4    14
(relay)    19    12    13048.23    13    13040.95    5    1
(advertise)    26    13048.43    12    13
(relay)    25    9    13073.24    12    12999.6    1    1
(relay)    19    7    13186.04    13    13182.32    1    1
(relay)    19    3    13207.84    13    13196.37    1    1
(relay)    25    25    13208.04    13    13207.88    3    1
(advertise)    26    13208.24    25    13
(relay)    27    48    13284.46    13    13282.03    3    1
(advertise)    26    13284.66    48    13
(relay)    19    5    13306.67    13    13304.33    5    1
(advertise)    26    13307.27    5    13
(relay)    25    41    13309.68    13    13306.34    3    1
(relay)    19    19    13322.48    13    13321.95    5    2
(advertise)    26    13329.28    41    13
(relay)    33    27    13331.9    13    13308.13    3    2
(relay)    25    31    13334.3    13    13328.68    1    3
(relay)    19    11    13350.7    13    13322.88    3    4
(advertise)    26    13351.5    19    13
(advertise)    26    13372.71    27    13
(relay)    33    33    13380.12    13    13380.01    5    2
(advertise)    26    13394.52    11    13
(relay)    25    37    13401.53    13    13352.86    1    2
(advertise)    26    13416.13    33    13
(relay)    33    42    13419.95    13    13357.87    1    1
(relay)    33    45    13442.35    13    13405.07    1    1
(relay)    25    13    13448.75    14    13374    123    1
(advertise)    26    13448.95    13    14
(relay)    33    43    13505.96    13    13499.56    1    1
(relay)    27    34    13514.96    13    13513.72    5    1
(advertise)    26    13515.16    34    13
(relay)    19    10    13542.97    13    13521.05    1    1
(relay)    25    17    13608.37    13    13606.21    1    1
(relay)    19    2    13634.77    13    13611.78    1    1
(relay)    19    0    13666.37    13    13662.34    1    1
(relay)    27    20    13701.37    14    13700    126    1
(advertise)    26    13701.57    20    14
(relay)    33    36    13732.79    13    13722.22    1    1
(relay)    25    1    13755.39    13    13739.32    1    1
(relay)    27    46    13779.39    13    13775.11    1    1
(relay)    33    38    13813.79    13    13811.16    1    1
(generate)    26    13827.79    [24]    13
(relay)    33    32    13834.2    13    13816.71    3    1
(advertise)    26    13834.4    32    13
(relay)    33    47    13878.81    13    13867.06    5    1
(advertise)    26    13879.01    47    13
(relay)    33    40    13900.63    13    13893.92    5    1
(advertise)    26    13901.03    40    13
(relay)    19    18    13903.64    13    13887.9    3    1
(relay)    33    39    13921.64    13    13914.98    3    2
(advertise)    26    13923.64    18    13
(advertise)    26    13948.25    39    13
(relay)    25    30    13971.26    13    13967.81    1    1
(relay)    19    6    13974.66    13    13961.38    5    1
(advertise)    26    13974.86    6    13
(relay)    19    15    13999.88    13    13935.91    1    1
(relay)    33    29    14019.88    14    14010.42    1    1
(relay)    19    9    14023.88    13    13999.76    1    1
(relay)    19    4    14046.08    15    14003.95    3    1
(advertise)    26    14046.28    4    15
(relay)    19    12    14068.69    14    14040.98    5    1
(advertise)    26    14069.29    12    14
(relay)    25    7    14185.3    14    14182.41    1    1
(relay)    25    3    14207.7    14    14196.43    1    1
(relay)    25    25    14208.9    14    14208.74    3    1
(advertise)    26    14209.1    25    14
(relay)    33    48    14283.52    14    14282.2    5    1
(advertise)    26    14283.72    48    14
(relay)    25    14    14307.73    14    14212.11    1    1
(relay)    19    5    14308.53    14    14304.43    5    1
(relay)    27    41    14308.73    14    14306.42    5    2
(advertise)    26    14308.93    5    14
(relay)    27    27    14310.14    14    14309.39    5    2
(relay)    19    19    14322.74    14    14322.1    5    3
(advertise)    26    14330.94    41    14
(advertise)    26    14353.96    27    14
(relay)    25    31    14371.77    14    14328.87    1    2
(relay)    19    11    14372.17    14    14323.03    3    3
(advertise)    26    14375.17    19    14
(relay)    33    33    14380.38    14    14380.19    5    2
(advertise)    26    14398.18    11    14
(advertise)    26    14419.99    33    14
(relay)    25    37    14438.41    14    14353.02    1    1
(relay)    33    42    14462.81    14    14357.87    1    1
(relay)    33    45    14484.81    14    14405.75    1    1
(relay)    33    43    14508.01    14    14499.65    1    1
(relay)    27    34    14515.41    14    14513.73    5    1
(advertise)    26    14515.61    34    14
(relay)    19    10    14542.62    14    14521.09    1    1
(relay)    19    2    14633.02    14    14611.8    1    1
(relay)    25    44    14666.22    14    14663.1    1    1
(relay)    19    0    14667.62    14    14662.52    1    1
(relay)    27    20    14701.62    15    14700    126    1
(advertise)    26    14701.82    20    15
(relay)    33    36    14729.83    14    14722.28    1    1
(relay)    19    1    14742.03    14    14739.42    1    1
(relay)    33    46    14778.63    14    14775.3    3    1
(advertise)    26    14778.83    46    14
(relay)    33    38    14814.05    14    14811.25    1    1
(relay)    25    32    14817.45    14    14816.81    3    1
(advertise)    26    14817.65    32    14
(generate)    26    14827.86    [24]    14
(relay)    25    47    14881.27    14    14867.09    1    1
(relay)    19    18    14890.27    14    14888.05    3    1
(advertise)    26    14890.47    18    14
(relay)    27    40    14913.89    14    14893.92    3    1
(advertise)    26    14914.09    40    14
(relay)    27    39    14936.7    14    14915.13    1    1
(relay)    19    15    14940.9    14    14936.07    1    1
(relay)    19    6    14985.7    14    14961.49    5    1
(advertise)    26    14985.9    6    14
(relay)    19    9    15009.51    14    14999.93    1    1
(relay)    19    4    15031.91    16    15003.96    3    1
(advertise)    26    15032.11    4    16
(relay)    19    12    15053.92    15    15041.03    5    1
(advertise)    26    15054.32    12    15
(relay)    25    25    15209.34    15    15208.8    3    1
(advertise)    26    15209.54    25    15
(relay)    25    14    15233.35    15    15212.12    1    1
(relay)    33    28    15235.15    15    15212.48    1    1
(relay)    33    48    15283.75    15    15282.38    5    1
(advertise)    26    15283.95    48    15
(relay)    19    5    15308.36    15    15304.5    5    1
(advertise)    26    15308.56    5    15
(relay)    27    27    15309.98    15    15309.4    5    1
(relay)    25    41    15310.38    15    15306.49    3    2
(relay)    19    19    15322.78    15    15322.28    5    3
(advertise)    26    15329.58    27    15
(advertise)    26    15351.79    41    15
(relay)    19    11    15355.4    15    15323.2    3    2
(advertise)    26    15373.0    19    15
(relay)    33    31    15377.02    15    15328.9    1    2
(relay)    33    33    15380.42    15    15380.37    5    3
(advertise)    26    15394.02    11    15
(advertise)    26    15415.23    33    15
(relay)    33    37    15444.04    15    15353.21    1    1
(relay)    33    45    15464.64    15    15405.84    1    1
(relay)    33    42    15487.24    15    15358.06    1    1
(relay)    33    35    15508.84    15    15379.2    1    1
(relay)    27    34    15516.04    15    15513.91    5    1
(advertise)    26    15516.24    34    15
(relay)    33    43    15530.65    15    15499.72    1    1
(relay)    19    10    15540.65    15    15521.15    1    1
(relay)    25    17    15610.05    15    15606.62    1    1
(relay)    19    2    15631.45    15    15611.82    1    1
(relay)    25    44    15667.45    15    15663.14    1    1
(relay)    19    0    15668.65    15    15662.53    1    1
(relay)    25    36    15723.85    15    15722.33    1    1
(relay)    19    1    15743.25    15    15739.48    1    1
(relay)    27    46    15782.05    15    15775.31    1    1
(generate)    26    15828.05    [24]    15
(relay)    25    32    15834.67    15    15816.92    3    1
(advertise)    26    15834.87    32    15
(relay)    33    47    15883.28    15    15867.14    5    1
(advertise)    26    15883.48    47    15
(relay)    33    40    15903.89    15    15893.96    5    1
(relay)    25    18    15904.09    15    15888.16    3    2
(advertise)    26    15906.29    40    15
(advertise)    26    15928.71    18    15
(relay)    25    39    15947.52    15    15915.31    3    1
(advertise)    26    15951.72    39    15
(relay)    25    8    15973.53    15    15910.01    1    1
(relay)    19    6    15974.53    15    15961.51    5    1
(advertise)    26    15975.13    6    15
(relay)    19    4    16025.55    17    16004.14    3    1
(advertise)    26    16025.75    4    17
(relay)    19    12    16048.96    16    16041.08    5    1
(heartbeat)    24    4    16025.24    26    16049.16    2    4
(advertise)    26    16049.36    12    16
(advertise)    26    16071.57    24    4
(relay)    19    7    16186.38    16    16182.58    1    1
(relay)    25    25    16209.38    16    16208.85    3    1
(advertise)    26    16209.58    25    16
(relay)    19    3    16211.6    16    16196.54    1    1
(relay)    27    48    16284.0    16    16282.57    5    1
(advertise)    26    16284.2    48    16
(relay)    25    5    16309.61    16    16304.59    3    1
(advertise)    26    16311.21    5    16
(relay)    19    19    16323.42    16    16322.44    5    1
(advertise)    26    16332.42    19    16
(relay)    19    11    16351.24    16    16323.36    3    1
(advertise)    26    16353.84    11    16
(relay)    19    13    16375.85    17    16374    125    1
(relay)    33    31    16377.25    16    16329.0    1    2
(advertise)    26    16377.65    13    17
(relay)    33    33    16381.06    16    16380.53    5    1
(advertise)    26    16399.26    33    16
(relay)    25    41    16400.68    16    16306.57    1    1
(relay)    33    37    16421.08    16    16353.38    1    1
(relay)    33    42    16463.28    16    16358.23    1    1
(relay)    25    35    16468.08    16    16379.29    1    1
(relay)    33    45    16487.88    16    16405.89    1    1
(relay)    27    34    16516.28    16    16514.1    5    1
(advertise)    26    16516.48    34    16
(relay)    19    10    16540.89    16    16521.21    1    1
(relay)    19    17    16609.09    16    16606.67    1    1
(relay)    33    44    16668.29    16    16663.16    1    1
(relay)    19    0    16670.09    16    16662.55    1    1
(relay)    19    20    16701.29    17    16700    126    1
(advertise)    26    16701.49    20    17
(relay)    33    36    16735.1    16    16722.44    1    1
(relay)    25    1    16760.1    16    16739.6    1    1
(relay)    33    46    16779.1    16    16775.36    3    1
(advertise)    26    16779.3    46    16
(relay)    25    38    16812.71    16    16811.42    1    1
(generate)    26    16828.11    [24]    16
(relay)    25    32    16834.93    16    16817.06    3    1
(advertise)    26    16835.13    32    16
(relay)    33    47    16879.74    16    16867.21    3    1
(advertise)    26    16879.94    47    16
(relay)    33    40    16900.15    16    16894.01    5    1
(advertise)    26    16902.35    40    16
(relay)    33    39    16924.57    16    16915.48    3    1
(advertise)    26    16924.97    39    16
(relay)    19    6    16972.58    16    16961.52    5    1
(advertise)    26    16972.78    6    16
(relay)    19    15    16994.39    16    16936.23    1    1
(relay)    33    30    16996.59    16    16968.82    1    1
(relay)    19    4    17017.99    18    17004.15    3    1
(advertise)    26    17018.19    4    18
(relay)    25    9    17040.41    16    17000.46    1    1
(relay)    19    12    17064.61    17    17041.14    5    1
(advertise)    26    17064.81    12    17
(relay)    19    7    17187.62    17    17182.69    1    1
(relay)    25    25    17209.42    17    17208.87    3    1
(advertise)    26    17209.62    25    17
(relay)    19    3    17211.23    17    17196.6    1    1
(relay)    27    48    17285.03    17    17282.72    5    1
(advertise)    26    17285.23    48    17
(relay)    27    41    17309.64    17    17306.61    5    1
(advertise)    26    17309.84    41    17
(relay)    25    5    17311.46    17    17304.66    3    1
(relay)    19    19    17323.66    17    17322.57    5    2
(relay)    33    27    17331.86    17    17309.79    3    3
(advertise)    26    17332.06    5    17
(relay)    19    11    17353.07    17    17323.5    3    3
(advertise)    26    17354.67    19    17
(relay)    33    31    17374.88    17    17329.08    1    3
(advertise)    26    17378.08    27    17
(relay)    33    33    17381.3    17    17380.7    5    3
(advertise)    26    17400.9    11    17
(relay)    33    37    17417.91    17    17353.41    1    2
(relay)    19    13    17421.51    18    17374    125    3
(advertise)    26    17424.11    33    17
(advertise)    26    17446.12    13    18
(relay)    19    16    17467.74    17    17428.47    1    1
(relay)    33    45    17484.94    17    17405.96    1    1
(relay)    33    43    17506.74    17    17499.95    1    1
(relay)    27    34    17516.54    17    17514.3    5    1
(advertise)    26    17516.74    34    17
(relay)    19    10    17541.35    17    17521.24    1    1
(relay)    25    17    17608.15    17    17606.69    1    1
(relay)    25    2    17632.55    17    17611.88    1    1
(relay)    25    44    17668.75    17    17663.21    1    1
(relay)    19    0    17671.35    17    17662.57    1    1
(relay)    19    20    17700.35    18    17700    126    1
(advertise)    26    17700.55    20    18
(relay)    33    46    17777.96    17    17775.37    3    1
(advertise)    26    17778.16    46    17
(relay)    33    38    17813.57    17    17811.49    1    1
(relay)    25    32    17817.37    17    17817.13    3    1
(advertise)    26    17817.57    32    17
(generate)    26    17828.19    [24]    17
(relay)    33    47    17879.8    17    17867.27    5    1
(advertise)    26    17880.0    47    17
(relay)    25    18    17900.81    17    17888.42    3    1
(advertise)    26    17901.21    18    17
(relay)    25    40    17923.43    17    17894.05    3    1
(advertise)    26    17925.03    40    17
(relay)    33    39    17946.24    17    17915.63    3    1
(advertise)    26    17946.84    39    17
(relay)    33    30    17969.85    17    17968.99    1    1
(relay)    19    6    17972.05    17    17961.53    3    1
(advertise)    26    17972.65    6    17
(relay)    19    15    17997.07    17    17936.38    1    1
(relay)    19    9    18022.47    17    18000.61    1    1
(relay)    33    29    18024.47    18    18010.98    1    1
(relay)    19    4    18046.67    19    18004.37    3    1
(advertise)    26    18046.87    4    19
(relay)    19    12    18067.68    18    18041.18    5    1
(advertise)    26    18068.48    12    18
(relay)    25    7    18188.09    18    18182.79    1    1
(relay)    25    25    18209.89    18    18208.93    3    1
(advertise)    26    18210.09    25    18
(relay)    25    3    18214.7    18    18196.67    1    1
(relay)    27    48    18286.1    18    18282.88    5    1
(advertise)    26    18286.3    48    18
(relay)    33    41    18309.92    18    18306.67    5    1
(advertise)    26    18310.92    41    18
(relay)    19    19    18323.53    18    18322.57    5    1
(relay)    33    31    18333.13    18    18329.33    1    2
(advertise)    26    18333.93    19    18
(relay)    19    11    18354.94    18    18323.65    3    1
(advertise)    26    18356.74    11    18
(relay)    33    37    18378.96    18    18353.6    1    1
(relay)    33    33    18381.36    18    18380.86    5    1
(advertise)    26    18382.16    33    18
(relay)    19    13    18406.37    19    18374    125    1
(advertise)    26    18406.57    13    19
(relay)    33    42    18429.58    18    18358.27    1    1
(relay)    25    45    18492.58    18    18406.06    1    1
(relay)    33    43    18513.58    18    18500.05    1    1
(relay)    27    34    18515.78    18    18514.47    5    1
(advertise)    26    18515.98    34    18
(relay)    19    10    18540.2    18    18521.29    1    1
(relay)    25    17    18607.4    18    18606.78    1    1
(relay)    25    2    18632.2    18    18611.91    1    1
(relay)    25    44    18670.2    18    18663.25    1    1
(relay)    27    20    18700.6    19    18700    126    1
(advertise)    26    18700.8    20    19
(relay)    25    36    18727.41    18    18722.56    1    1
(relay)    19    1    18746.61    18    18739.77    1    1
(relay)    33    46    18777.41    18    18775.39    3    1
(advertise)    26    18777.61    46    18
(relay)    33    38    18814.22    18    18811.59    1    1
(relay)    25    32    18818.62    18    18817.24    3    1
(advertise)    26    18818.82    32    18
(generate)    26    18828.23    [24]    18
(relay)    25    47    18879.65    18    18867.31    3    1
(advertise)    26    18879.85    47    18
(relay)    33    40    18901.46    18    18894.07    5    1
(advertise)    26    18902.26    40    18
(relay)    33    39    18924.07    18    18915.78    3    1
(advertise)    26    18927.27    39    18
(relay)    25    30    18970.29    18    18969.07    1    1
(relay)    19    6    18976.29    18    18961.55    5    1
(advertise)    26    18976.49    6    18
(relay)    25    15    18992.3    18    18936.54    1    1
(relay)    33    29    19018.9    19    19011.11    1    1
(relay)    19    4    19021.5    20    19004.38    3    1
(advertise)    26    19021.7    4    20
(relay)    19    9    19043.51    18    19000.77    1    1
(relay)    19    12    19065.11    19    19041.26    5    1
(advertise)    26    19065.31    12    19
(relay)    25    7    19189.53    19    19182.84    1    1
(relay)    25    25    19209.93    19    19208.97    3    1
(advertise)    26    19210.13    25    19
(relay)    25    3    19213.34    19    19196.74    1    1
(relay)    27    48    19286.14    19    19283.03    5    1
(advertise)    26    19286.34    48    19
(relay)    27    41    19309.75    19    19306.73    5    1
(advertise)    26    19310.55    41    19
(relay)    27    27    19311.96    19    19310.87    5    1
(relay)    19    19    19322.76    19    19322.72    5    2
(advertise)    26    19331.76    27    19
(relay)    19    5    19333.18    19    19304.82    5    2
(advertise)    26    19352.78    19    19
(advertise)    26    19374.19    5    19
(relay)    19    11    19378.6    19    19323.8    3    1
(relay)    33    33    19382.0    19    19380.97    5    2
(advertise)    26    19395.2    11    19
(relay)    25    37    19398.62    19    19353.77    1    2
(advertise)    26    19418.42    33    19
(relay)    33    42    19444.23    19    19358.29    1    1
(relay)    33    45    19467.43    19    19406.13    1    1
(relay)    33    35    19490.03    19    19379.61    1    1
(relay)    33    43    19510.83    19    19500.14    1    1
(relay)    27    34    19515.03    19    19514.66    5    1
(advertise)    26    19515.23    34    19
(relay)    19    10    19542.44    19    19521.32    1    1
(relay)    19    17    19607.64    19    19606.87    1    1
(relay)    19    2    19632.84    19    19611.92    1    1
(relay)    33    44    19667.64    19    19663.27    1    1
(relay)    19    0    19668.64    19    19662.77    1    1
(relay)    27    20    19700.44    20    19700    126    1
(advertise)    26    19700.64    20    20
(relay)    25    36    19735.46    19    19722.62    1    1
(relay)    19    1    19746.46    19    19739.87    1    1
(relay)    33    46    19776.26    19    19775.42    3    1
(advertise)    26    19776.46    46    19
(relay)    25    38    19814.67    19    19811.67    1    1
(generate)    26    19828.27    [24]    19
(relay)    25    32    19836.88    19    19817.39    3    1
(advertise)    26    19837.08    32    19
(relay)    33    47    19880.49    19    19867.37    5    1
(advertise)    26    19880.69    47    19
(relay)    33    40    19901.91    19    19894.13    5    1
(relay)    25    18    19903.31    19    19888.75    3    2
(advertise)    26    19903.51    40    19
(relay)    33    39    19924.92    19    19915.94    3    2
(advertise)    26    19925.32    18    19
(advertise)    26    19946.53    39    19
(relay)    19    6    19976.75    19    19961.68    5    1
(advertise)    26    19976.95    6    19
(relay)    19    15    19999.56    19    19936.73    1    1
(heartbeat)    24    5    20025.25    26    20027.36    2    6
(advertise)    26    20027.56    24    5
(relay)    25    9    20049.17    19    20000.95    1    1
(relay)    19    12    20051.37    20    20041.29    5    1
(relay)    33    29    20051.77    20    20011.11    1    2
(advertise)    26    20051.97    12    20
(relay)    19    4    20097.39    21    20005.59    3    1
(advertise)    26    20097.59    4    21
(relay)    25    7    20189.4    20    20182.95    1    1
(relay)    25    25    20210.0    20    20209.07    3    1
(advertise)    26    20210.2    25    20
(relay)    25    3    20233.61    20    20196.81    1    1
(relay)    27    48    20287.21    20    20283.22    5    1
(advertise)    26    20287.41    48    20
(relay)    33    41    20310.02    20    20306.85    5    1
(advertise)    26    20310.82    41    20
(relay)    19    19    20323.04    20    20322.91    5    1
(relay)    33    27    20331.84    20    20311.52    3    2
(relay)    19    5    20332.24    20    20304.92    5    3
(advertise)    26    20332.84    19    20
(advertise)    26    20354.65    27    20
(advertise)    26    20376.06    5    20
(relay)    19    11    20380.48    20    20323.82    3    1
(relay)    33    33    20382.08    20    20381.16    5    2
(advertise)    26    20400.08    11    20
(relay)    19    13    20402.09    21    20374    125    2
(relay)    33    37    20419.09    20    20353.78    1    3
(advertise)    26    20422.69    33    20
(advertise)    26    20446.3    13    21
(relay)    33    42    20463.72    20    20358.48    1    1
(relay)    33    45    20507.32    20    20406.23    1    1
(relay)    25    35    20511.52    20    20379.71    1    1
(relay)    27    34    20515.12    20    20514.68    5    1
(advertise)    26    20515.32    34    20
(relay)    19    10    20542.53    20    20521.39    1    1
(relay)    33    43    20600.73    20    20500.26    1    1
(relay)    19    17    20608.13    20    20606.98    1    1
(relay)    19    2    20634.53    20    20611.96    1    1
(relay)    33    44    20666.93    20    20663.33    1    1
(relay)    19    0    20667.53    20    20662.78    1    1
(relay)    33    36    20728.53    20    20722.68    1    1
(relay)    19    1    20746.53    20    20739.98    1    1
(relay)    25    46    20776.53    20    20775.47    3    1
(advertise)    26    20776.73    46    20
(relay)    33    38    20814.94    20    20811.74    1    1
(relay)    25    32    20818.94    20    20817.52    3    1
(advertise)    26    20819.14    32    20
(generate)    26    20828.35    [24]    20
(relay)    25    47    20881.17    20    20867.44    1    1
(relay)    19    18    20890.17    20    20888.91    3    1
(advertise)    26    20890.37    18    20
(relay)    33    40    20926.78    20    20894.21    5    1
(advertise)    26    20926.98    40    20
(relay)    27    39    20932.59    20    20916.13    1    1
(relay)    19    6    20976.39    20    20961.69    5    1
(advertise)    26    20976.59    6    20
(relay)    25    8    20977.81    20    20910.56    1    1
(relay)    25    15    21000.01    20    20936.89    1    1
(relay)    19    4    21027.81    22    21005.6    3    1
(advertise)    26    21028.01    4    22
(relay)    19    12    21050.22    21    21041.35    5    1
(advertise)    26    21051.02    12    21
(relay)    33    29    21077.43    21    21011.29    1    1
(relay)    19    9    21086.63    20    21000.95    1    1
(relay)    19    7    21191.03    21    21183.04    1    1
(relay)    25    25    21210.23    21    21209.14    3    1
(advertise)    26    21210.43    25    21
(relay)    25    3    21212.65    21    21196.87    1    1
(relay)    27    48    21287.05    21    21283.37    5    1
(advertise)    26    21287.25    48    21
(relay)    33    41    21308.06    21    21306.94    5    1
(advertise)    26    21309.06    41    21
(relay)    27    27    21311.87    21    21311.64    5    1
(relay)    25    5    21313.07    21    21304.99    3    2
(relay)    19    19    21323.07    21    21323.05    5    3
(advertise)    26    21331.07    27    21
(advertise)    26    21354.48    5    21
(advertise)    26    21376.5    19    21
(relay)    25    31    21380.51    21    21329.49    1    1
(relay)    19    11    21381.91    21    21324.0    3    1
(relay)    33    33    21382.31    21    21381.34    5    2
(relay)    33    37    21398.31    21    21353.93    1    3
(advertise)    26    21398.71    11    21
(relay)    19    13    21403.12    22    21374    125    3
(advertise)    26    21420.92    33    21
(relay)    33    42    21424.54    21    21358.67    1    2
(advertise)    26    21442.54    13    22
(relay)    33    45    21470.15    21    21406.28    1    1
(relay)    33    35    21490.75    21    21379.78    1    1
(relay)    27    34    21515.75    21    21514.87    5    1
(advertise)    26    21515.95    34    21
(relay)    19    10    21544.56    21    21521.43    1    1
(relay)    33    43    21557.56    21    21500.32    1    1
(relay)    19    17    21609.16    21    21607.04    1    1
(relay)    19    2    21635.56    21    21611.99    1    1
(relay)    33    44    21664.96    21    21663.34    1    1
(relay)    19    0    21665.36    21    21662.97    1    1
(relay)    27    20    21700.96    22    21700    126    1
(advertise)    26    21701.16    20    22
(relay)    33    36    21731.98    21    21722.73    1    1
(relay)    19    1    21744.38    21    21740.08    1    1
(relay)    33    46    21777.38    21    21775.52    3    1
(advertise)    26    21777.58    46    21
(relay)    25    38    21815.39    21    21811.77    1    1
(relay)    33    32    21819.99    21    21817.68    3    1
(advertise)    26    21820.19    32    21
(generate)    26    21828.4    [24]    21
(relay)    33    47    21870.81    21    21867.55    1    1
(relay)    19    18    21890.41    21    21889.07    3    1
(advertise)    26    21890.61    18    21
(relay)    33    40    21914.83    21    21894.29    5    1
(advertise)    26    21915.03    40    21
(relay)    27    39    21935.64    21    21916.13    1    1
(relay)    19    6    21973.04    21    21961.7    5    1
(advertise)    26    21973.24    6    21
(relay)    25    30    21999.45    21    21969.53    1    1
(relay)    19    4    22010.05    23    22005.79    3    1
(advertise)    26    22010.25    4    23
(relay)    19    9    22032.07    21    22001.1    1    1
(relay)    19    12    22055.27    22    22041.4    5    1
(advertise)    26    22055.47    12    22
(relay)    25    29    22088.68    22    22011.45    1    1
(relay)    19    7    22188.68    22    22183.15    1    1
(relay)    19    3    22209.08    22    22196.95    1    1
(relay)    25    25    22209.28    22    22209.24    3    1
(advertise)    26    22209.48    25    22
(relay)    33    48    22286.29    22    22283.55    5    1
(advertise)    26    22286.49    48    22
(relay)    19    5    22308.11    22    22305.06    5    1
(advertise)    26    22310.91    5    22
(relay)    19    19    22323.72    22    22323.21    5    1
(advertise)    26    22333.92    19    22
(relay)    33    27    22374.93    22    22311.7    1    1
(relay)    19    13    22377.73    23    22374    125    1
(advertise)    26    22377.93    13    23
(relay)    33    11    22395.74    22    22324.11    1    1
(relay)    25    33    22403.54    22    22381.52    3    1
(advertise)    26    22403.74    33    22
(relay)    25    37    22426.96    22    22354.11    1    1
(relay)    33    42    22440.16    22    22358.86    1    1
(relay)    25    45    22501.16    22    22406.39    1    1
(relay)    27    34    22516.16    22    22514.87    5    1
(advertise)    26    22516.36    34    22
(relay)    19    10    22542.17    22    22521.62    1    1
(relay)    33    43    22546.17    22    22500.4    1    1
(relay)    19    17    22609.37    22    22607.04    1    1
(relay)    25    2    22633.97    22    22612.02    1    1
(relay)    25    44    22665.17    22    22663.39    1    1
(relay)    19    20    22701.17    23    22700    126    1
(advertise)    26    22701.37    20    23
(relay)    33    36    22729.98    22    22722.77    1    1
(relay)    19    1    22742.78    22    22740.15    1    1
(relay)    25    46    22777.78    22    22775.55    3    1
(advertise)    26    22777.98    46    22
(relay)    33    38    22815.8    22    22811.85    1    1
(generate)    26    22828.6    [24]    22
(relay)    25    32    22837.21    22    22817.81    3    1
(advertise)    26    22837.41    32    22
(relay)    33    47    22881.62    22    22867.63    5    1
(advertise)    26    22881.82    47    22
(relay)    33    40    22903.04    22    22894.35    5    1
(advertise)    26    22904.44    40    22
(relay)    33    39    22924.25    22    22916.32    3    1
(advertise)    26    22925.65    39    22
(relay)    33    18    22947.46    22    22889.19    1    1
(relay)    25    8    22972.46    22    22910.73    1    1
(relay)    33    30    22993.06    22    22969.7    1    1
(relay)    19    15    22994.66    22    22937.24    1    1
(relay)    19    6    23015.06    22    22961.72    5    1
(advertise)    26    23015.26    6    22
(relay)    19    9    23038.27    22    23001.27    1    1
(relay)    19    4    23061.87    24    23005.82    3    1
(advertise)    26    23062.07    4    24
(relay)    19    12    23083.29    23    23041.42    5    1
(advertise)    26    23083.69    12    23
(relay)    33    29    23085.3    23    23011.47    1    1
(relay)    19    7    23186.9    23    23183.25    1    1
(relay)    19    3    23208.5    23    23197.02    1    1
(relay)    25    25    23210.7    23    23210.5    3    1
(advertise)    26    23210.9    25    23
(relay)    25    28    23235.71    23    23212.81    1    1
(relay)    19    14    23255.11    23    23212.43    1    1
(relay)    33    48    23284.71    23    23283.72    5    1
(advertise)    26    23284.91    48    23
(relay)    27    41    23308.73    23    23307.1    5    1
(advertise)    26    23308.93    41    23
(relay)    27    27    23311.74    23    23311.73    5    1
(relay)    19    19    23323.94    23    23323.39    5    2
(advertise)    26    23330.34    27    23
(advertise)    26    23351.95    19    23
(relay)    25    11    23355.97    23    23324.28    3    1
(advertise)    26    23374.17    11    23
(relay)    19    13    23377.58    24    23374    125    1
(relay)    33    33    23381.58    23    23381.52    5    2
(advertise)    26    23395.18    13    24
(relay)    33    42    23400.59    23    23359.04    1    2
(advertise)    26    23417.39    33    23
(relay)    33    37    23422.8    23    23354.11    1    1
(relay)    19    16    23440.8    23    23429.34    1    1
(relay)    33    45    23467.4    23    23406.49    1    1
(relay)    33    43    23507.0    23    23500.51    1    1
(relay)    27    34    23516.2    23    23514.88    5    1
(advertise)    26    23516.4    34    23
(relay)    25    10    23544.02    23    23521.7    1    1
(relay)    25    17    23609.22    23    23607.11    1    1
(relay)    33    44    23665.82    23    23663.4    1    1
(relay)    19    0    23667.22    23    23663.16    1    1
(relay)    27    20    23701.42    24    23700    126    1
(advertise)    26    23701.62    20    24
(relay)    33    36    23732.43    23    23722.86    1    1
(relay)    19    1    23742.03    23    23740.26    1    1
(relay)    25    46    23779.63    23    23775.6    3    1
(advertise)    26    23779.83    46    23
(relay)    33    38    23814.64    23    23811.92    1    1
(generate)    26    23828.64    [24]    23
(relay)    33    32    23835.86    23    23817.93    3    1
(advertise)    26    23836.06    32    23
(relay)    33    47    23884.47    23    23867.71    5    1
(advertise)    26    23884.67    47    23
(relay)    33    40    23907.28    23    23894.39    5    1
(advertise)    26    23907.68    40    23
(relay)    19    18    23908.9    23    23889.35    3    1
(relay)    33    39    23927.7    23    23916.48    3    2
(advertise)    26    23929.7    18    23
(advertise)    26    23952.11    39    23
(relay)    25    15    23976.12    23    23937.4    1    1
(relay)    19    6    23976.52    23    23961.73    5    1
(advertise)    26    23977.52    6    23
(relay)    25    30    24019.93    23    23969.85    1    1
(relay)    19    4    24025.33    25    24006.02    3    1
(advertise)    26    24025.53    4    25
(heartbeat)    24    6    24025.27    26    24042.15    2    6
(advertise)    26    24048.15    24    6
(relay)    33    29    24072.16    24    24011.66    1    1
(relay)    19    9    24072.56    23    24001.44    1    1
(relay)    25    12    24129.56    24    24041.45    3    1
(advertise)    26    24129.76    12    24
(relay)    19    7    24185.37    24    24183.37    3    1
(advertise)    26    24185.57    7    24
(relay)    25    3    24208.99    24    24197.11    1    1
(relay)    25    25    24210.59    24    24210.57    3    1
(advertise)    26    24210.79    25    24
(relay)    25    28    24236.8    24    24213.0    1    1
(relay)    19    14    24254.0    24    24212.47    1    1
(relay)    27    48    24284.8    24    24283.92    5    1
(advertise)    26    24285.0    48    24
(relay)    19    5    24308.81    24    24305.22    5    1
(advertise)    26    24309.21    5    24
(relay)    27    27    24312.43    24    24311.81    5    1
(relay)    19    19    24324.03    24    24323.4    5    2
(advertise)    26    24332.23    27    24
(advertise)    26    24354.44    19    24
(relay)    19    11    24355.85    24    24324.29    3    1
(relay)    33    37    24378.85    24    24354.29    1    2
(advertise)    26    24379.25    11    24
(relay)    33    33    24381.66    24    24381.55    5    1
(advertise)    26    24400.26    33    24
(relay)    33    42    24425.88    24    24359.06    1    1
(relay)    33    45    24447.68    24    24406.63    1    1
(relay)    25    35    24464.08    24    24381.29    1    1
(relay)    33    43    24506.88    24    24500.6    1    1
(relay)    27    34    24516.88    24    24515.08    5    1
(advertise)    26    24517.08    34    24
(relay)    25    10    24554.69    24    24521.76    1    1
(relay)    25    17    24610.09    24    24607.19    1    1
(relay)    19    2    24633.09    24    24612.07    1    1
(relay)    25    44    24666.49    24    24663.46    1    1
(relay)    19    0    24668.09    24    24663.36    1    1
(relay)    27    20    24701.69    25    24700    126    1
(advertise)    26    24701.89    20    25
(relay)    33    36    24732.5    24    24722.92    1    1
(relay)    19    1    24742.9    24    24740.34    1    1
(relay)    33    46    24779.1    24    24775.66    3    1
(advertise)    26    24779.3    46    24
(relay)    33    38    24813.72    24    24812.02    1    1
(relay)    25    32    24819.32    24    24818.1    3    1
(advertise)    26    24819.52    32    24
(generate)    26    24828.73    [24]    24
(relay)    25    47    24881.94    24    24867.8    1    1
(relay)    19    18    24891.74    24    24889.52    3    1
(advertise)    26    24891.94    18    24
(relay)    27    40    24915.76    24    24894.46    3    1
(advertise)    26    24917.16    40    24
(relay)    27    39    24937.57    24    24916.66    1    1
(relay)    19    8    24940.37    24    24910.89    1    1
(relay)    33    21    24970.57    24    24906.06    1    1
(relay)    19    4    25027.57    26    25006.05    3    1
(advertise)    26    25027.77    4    26
(relay)    25    29    25037.78    25    25011.66    1    1
(relay)    19    12    25049.38    25    25041.51    5    1
(advertise)    26    25051.18    12    25
(relay)    33    7    25186.39    25    25183.45    1    1
(relay)    19    3    25209.79    25    25197.18    1    1
(relay)    25    25    25211.19    25    25210.65    3    1
(advertise)    26    25211.39    25    25
(relay)    25    28    25237.41    25    25213.01    3    1
(advertise)    26    25238.01    28    25
(relay)    19    14    25252.22    25    25212.66    1    1
(relay)    27    48    25285.42    25    25284.1    5    1
(advertise)    26    25285.62    48    25
(relay)    27    41    25310.23    25    25307.24    5    1
(advertise)    26    25311.03    41    25
(relay)    19    5    25318.25    25    25305.31    5    1
(relay)    19    19    25324.65    25    25323.54    5    2
(advertise)    26    25332.05    5    25
(advertise)    26    25355.06    19    25
(relay)    19    11    25362.47    25    25324.43    3    1
(relay)    33    31    25377.07    25    25329.74    1    2
(advertise)    26    25377.27    11    25
(relay)    33    33    25381.69    25    25381.56    5    1
(relay)    19    13    25394.49    26    25374    125    2
(relay)    25    27    25399.69    25    25311.83    1    3
(advertise)    26    25400.49    33    25
(relay)    33    37    25422.7    25    25354.29    1    3
(advertise)    26    25423.1    13    26
(relay)    33    45    25445.71    25    25406.74    1    1
(relay)    25    35    25486.71    25    25381.35    1    1
(relay)    33    43    25512.51    25    25500.71    1    1
(relay)    27    34    25517.51    25    25515.27    5    1
(advertise)    26    25517.71    34    25
(relay)    19    10    25543.72    25    25521.82    1    1
(relay)    25    17    25610.72    25    25607.44    1    1
(relay)    19    2    25632.32    25    25612.12    1    1
(relay)    25    44    25667.72    25    25663.52    1    1
(relay)    19    0    25669.52    25    25663.37    1    1
(relay)    33    36    25724.92    25    25722.99    1    1
(relay)    25    1    25744.32    25    25740.42    1    1
(relay)    25    46    25779.32    25    25775.68    3    1
(advertise)    26    25779.52    46    25
(relay)    25    38    25814.14    25    25812.1    1    1
(relay)    33    32    25819.14    25    25818.27    3    1
(advertise)    26    25819.34    32    25
(generate)    26    25828.75    [24]    25
(relay)    33    47    25880.56    25    25867.86    3    1
(advertise)    26    25880.76    47    25
(relay)    33    40    25902.58    25    25894.49    5    1
(relay)    19    18    25903.58    25    25889.63    3    2
(advertise)    26    25903.78    40    25
(advertise)    26    25925.19    18    25
(relay)    25    39    25928.4    25    25916.85    3    1
(relay)    19    21    25930.8    25    25906.12    1    2
(advertise)    26    25946.2    39    25
(relay)    25    15    25971.62    25    25937.71    3    1
(advertise)    26    25972.02    15    25
(relay)    25    8    25992.43    25    25910.95    1    1
(relay)    19    6    26017.43    25    25962.06    5    1
(advertise)    26    26017.63    6    25
(relay)    19    4    26038.64    27    26006.07    3    1
(advertise)    26    26039.64    4    27
(relay)    19    12    26062.05    26    26041.77    5    1
(advertise)    26    26062.65    12    26
(relay)    25    9    26064.27    25    26001.76    1    1
(relay)    19    7    26187.07    26    26183.55    3    1
(advertise)    26    26187.27    7    26
(relay)    25    3    26210.68    26    26197.27    1    1
(relay)    25    25    26211.88    26    26211.33    3    1
(advertise)    26    26212.08    25    26
(relay)    33    28    26237.49    26    26213.2    1    1
(relay)    19    14    26256.69    26    26212.67    1    1
(relay)    27    48    26287.29    26    26284.27    5    1
(advertise)    26    26287.49    48    26
(relay)    33    41    26309.91    26    26307.36    5    1
(advertise)    26    26310.71    41    26
(relay)    19    19    26324.72    26    26323.73    5    1
(advertise)    26    26332.92    19    26
(relay)    19    5    26343.33    26    26305.4    5    1
(relay)    33    31    26354.73    26    26329.75    1    2
(advertise)    26    26355.93    5    26
(relay)    19    11    26366.75    26    26325.03    3    1
(advertise)    26    26378.15    11    26
(relay)    25    27    26381.36    26    26311.98    1    1
(relay)    33    33    26382.16    26    26381.57    5    1
(relay)    19    13    26391.36    27    26374    125    2
(advertise)    26    26399.56    33    26
(advertise)    26    26423.57    13    27
(relay)    33    42    26440.58    26    26359.14    1    1
(relay)    33    45    26482.98    26    26406.86    1    1
(relay)    33    43    26514.58    26    26500.82    1    1
(relay)    27    34    26517.38    26    26515.29    5    1
(advertise)    26    26517.58    34    26
(relay)    19    10    26544.2    26    26521.89    1    1
(relay)    19    17    26611.2    26    26607.51    1    1
(relay)    25    2    26631.6    26    26612.16    1    1
(relay)    33    44    26669.0    26    26663.59    1    1
(relay)    19    0    26670.4    26    26663.38    1    1
(relay)    33    20    26702.8    27    26700    124    1
(advertise)    26    26703.0    20    27
(relay)    33    36    26737.01    26    26723.1    1    1
(relay)    25    1    26758.81    26    26740.51    1    1
(relay)    33    46    26778.81    26    26775.75    3    1
(advertise)    26    26779.01    46    26
(relay)    25    38    26813.42    26    26812.23    1    1
(generate)    26    26828.82    [24]    26
(relay)    33    32    26835.04    26    26818.43    3    1
(advertise)    26    26835.24    32    26
(relay)    33    47    26879.25    26    26867.96    3    1
(advertise)    26    26879.45    47    26
(relay)    33    40    26900.26    26    26894.59    5    1
(advertise)    26    26901.06    40    26
(relay)    25    18    26902.68    26    26889.81    3    1
(relay)    33    39    26923.08    26    26916.9    3    2
(advertise)    26    26923.48    18    26
(advertise)    26    26944.69    39    26
(relay)    25    21    26947.5    26    26906.22    3    1
(advertise)    26    26966.7    21    26
(relay)    33    30    26988.11    26    26970.29    1    1
(relay)    25    15    26990.91    26    26938.53    3    1
(advertise)    26    26991.31    15    26
(relay)    19    8    27013.93    26    26911.02    1    1
(relay)    33    22    27030.73    26    26958.55    1    1
(relay)    19    4    27035.53    28    27006.11    3    1
(advertise)    26    27035.73    4    28
(relay)    25    9    27056.74    26    27001.94    1    1
(relay)    33    29    27074.94    27    27011.87    1    1
(relay)    19    12    27078.74    27    27041.88    5    1
(advertise)    26    27078.94    12    27
(relay)    25    7    27187.55    27    27183.63    3    1
(advertise)    26    27187.75    7    27
(relay)    19    3    27211.37    27    27197.36    1    1
(relay)    25    25    27211.97    27    27211.45    3    1
(advertise)    26    27212.37    25    27
(relay)    33    28    27239.18    27    27213.23    1    1
(relay)    19    14    27254.98    27    27212.72    1    1
(relay)    27    48    27286.78    27    27284.44    5    1
(advertise)    26    27286.98    48    27
(relay)    27    41    27311.19    27    27307.44    5    1
(advertise)    26    27311.59    41    27
(relay)    27    27    27313.01    27    27312.08    5    1
(relay)    19    19    27325.01    27    27323.92    5    2
(advertise)    26    27333.21    27    27
(advertise)    26    27355.22    19    27
(relay)    19    5    27360.03    27    27305.49    3    1
(advertise)    26    27377.03    5    27
(relay)    25    37    27378.64    27    27354.6    1    1
(relay)    19    11    27381.84    27    27325.19    3    1
(relay)    33    33    27382.24    27    27381.62    5    2
(advertise)    26    27399.04    11    27
(relay)    19    13    27405.86    28    27374    125    2
(advertise)    26    27422.86    33    27
(advertise)    26    27443.87    13    28
(relay)    33    42    27446.28    27    27359.19    1    1
(relay)    33    35    27467.88    27    27381.54    1    1
(relay)    33    45    27489.68    27    27407.0    1    1
(relay)    27    34    27516.88    27    27515.47    5    1
(advertise)    26    27517.08    34    27
(relay)    19    10    27539.3    27    27521.97    1    1
(relay)    33    43    27555.7    27    27500.95    1    1
(relay)    19    17    27608.3    27    27607.59    1    1
(relay)    19    2    27632.1    27    27612.22    1    1
(relay)    25    44    27669.3    27    27663.65    1    1
(relay)    19    0    27671.7    27    27663.4    1    1
(relay)    19    20    27700.3    28    27700    126    1
(advertise)    26    27700.5    20    28
(relay)    19    1    27746.51    27    27740.57    1    1
(relay)    33    46    27779.31    27    27775.82    1    1
(relay)    25    38    27814.11    27    27812.35    1    1
(generate)    26    27828.91    [24]    27
(relay)    25    32    27836.52    27    27818.44    3    1
(advertise)    26    27836.72    32    27
(relay)    27    47    27879.74    27    27868.04    3    1
(advertise)    26    27879.94    47    27
(relay)    33    40    27901.35    27    27894.63    5    1
(advertise)    26    27902.15    40    27
(relay)    25    18    27904.96    27    27889.93    3    1
(advertise)    26    27923.76    18    27
(relay)    33    39    27925.97    27    27916.95    3    1
(advertise)    26    27944.77    39    27
(relay)    33    21    27968.39    27    27906.3    1    1
(relay)    25    8    27990.59    27    27911.07    1    1
(relay)    25    22    28012.39    27    27958.62    1    1
(relay)    25    15    28034.39    27    27938.53    1    1
(relay)    19    6    28036.39    27    27962.08    5    1
(advertise)    26    28036.59    6    27
(heartbeat)    24    7    28025.28    26    28055.0    2    6
(advertise)    26    28060.2    24    7
(relay)    19    4    28081.01    29    28006.16    3    1
(advertise)    26    28084.01    4    29
(relay)    19    12    28102.43    28    28041.97    5    1
(advertise)    26    28106.83    12    28
(relay)    25    9    28123.04    27    28002.1    1    1
(relay)    25    7    28188.44    28    28183.74    3    1
(advertise)    26    28188.64    7    28
(relay)    25    25    28212.65    28    28211.55    3    1
(relay)    19    3    28213.25    28    28197.48    1    2
(advertise)    26    28213.45    25    28
(relay)    27    28    28223.47    28    28213.27    1    1
(relay)    19    14    28255.87    28    28212.75    1    1
(relay)    25    48    28289.47    28    28284.61    3    1
(advertise)    26    28289.67    48    28
(relay)    33    41    28310.48    28    28307.54    5    1
(advertise)    26    28311.88    41    28
(relay)    27    27    28313.69    28    28312.56    5    1
(relay)    19    5    28323.29    28    28305.63    5    2
(relay)    19    19    28325.09    28    28323.99    5    3
(advertise)    26    28334.29    27    28
(advertise)    26    28357.3    5    28
(advertise)    26    28380.32    19    28
(relay)    33    33    28382.33    28    28381.8    5    1
(relay)    19    11    28390.33    28    28325.21    3    2
(advertise)    26    28401.53    33    28
(relay)    33    42    28408.34    28    28359.23    3    2
(relay)    25    37    28422.14    28    28354.61    1    3
(advertise)    26    28422.74    11    28
(advertise)    26    28444.96    42    28
(relay)    33    35    28450.57    28    28381.66    3    1
(advertise)    26    28468.57    35    28
(relay)    33    45    28471.58    28    28407.18    3    1
(advertise)    26    28492.38    45    28
(relay)    33    43    28504.6    28    28501.07    3    1
(advertise)    26    28515.0    43    28
(relay)    33    34    28526.41    28    28515.55    5    1
(advertise)    26    28537.81    34    28
(relay)    25    10    28577.02    28    28522.1    1    1
(relay)    19    17    28608.42    28    28607.7    1    1
(relay)    19    2    28633.02    28    28612.3    1    1
(relay)    33    44    28669.22    28    28663.76    1    1
(relay)    25    0    28671.82    28    28663.46    1    1
(relay)    19    20    28700.42    29    28700    126    1
(advertise)    26    28700.62    20    29
(relay)    33    36    28732.83    28    28723.28    3    1
(advertise)    26    28733.03    36    28
(relay)    25    1    28762.05    28    28740.68    1    1
(relay)    33    46    28776.85    28    28775.88    3    1
(advertise)    26    28777.05    46    28
(relay)    33    38    28815.26    28    28812.49    1    1
(relay)    25    32    28819.46    28    28818.58    3    1
(advertise)    26    28819.66    32    28
(generate)    26    28829.07    [24]    28
(relay)    33    47    28882.69    28    28868.15    1    1
(relay)    33    40    28904.29    28    28894.74    5    1
(advertise)    26    28904.49    40    28
(relay)    33    39    28928.1    28    28916.99    3    1
(advertise)    26    28928.3    39    28
(relay)    33    21    28951.51    28    28906.4    1    1
(relay)    33    15    28971.71    28    28938.72    1    1
(relay)    19    8    28977.11    28    28911.17    1    1
(relay)    19    6    29000.91    28    28962.1    5    1
(advertise)    26    29001.11    6    28
(relay)    33    22    29029.93    28    28959.09    1    1
(relay)    19    4    29044.53    30    29006.23    3    1
(advertise)    26    29044.73    4    30
(relay)    27    29    29067.34    29    29012.06    1    1
(relay)    19    12    29088.94    29    29042.06    5    1
(advertise)    26    29089.14    12    29
(relay)    19    9    29112.95    28    29002.1    1    1
(relay)    25    7    29189.95    29    29183.84    3    1
(advertise)    26    29190.15    7    29
(relay)    25    25    29212.76    29    29211.84    3    1
(advertise)    26    29213.76    25    29
(relay)    19    3    29214.98    29    29197.64    1    1
(relay)    27    28    29222.38    29    29213.29    1    1
(relay)    25    14    29262.98    29    29212.78    3    1
(advertise)    26    29263.18    14    29
(relay)    27    48    29288.39    29    29284.67    5    1
(advertise)    26    29288.79    48    29
(relay)    33    41    29311.0    29    29307.71    5    1
(advertise)    26    29312.2    41    29
(relay)    19    19    29324.22    29    29324.05    5    1
(relay)    33    27    29333.42    29    29312.7    3    2
(relay)    25    31    29334.02    29    29329.96    1    3
(advertise)    26    29334.22    19    29
(advertise)    26    29356.63    27    29
(relay)    19    11    29380.04    29    29325.24    3    1
(advertise)    26    29380.24    11    29
(relay)    33    37    29382.46    29    29354.62    1    1
(relay)    33    33    29383.66    29    29382.64    5    1
(advertise)    26    29402.26    33    29
(relay)    33    42    29425.27    29    29359.25    1    1
(relay)    25    5    29441.27    29    29305.77    1    1
(relay)    33    35    29448.07    29    29381.75    3    1
(advertise)    26    29448.27    35    29
(relay)    33    45    29470.48    29    29407.33    3    1
(advertise)    26    29470.88    45    29
(relay)    27    34    29516.09    29    29515.61    5    1
(advertise)    26    29516.29    34    29
(relay)    19    10    29540.91    29    29522.2    1    1
(relay)    25    16    29553.11    29    29430.87    1    1
(relay)    19    17    29608.51    29    29607.79    1    1
(relay)    19    2    29634.51    29    29612.41    1    1
(relay)    33    44    29668.91    29    29663.86    1    1
(relay)    25    20    29700.91    30    29700    124    1
(advertise)    26    29701.11    20    30
(relay)    25    36    29729.92    29    29723.36    5    1
(advertise)    26    29730.12    36    29
(relay)    25    1    29758.73    29    29740.8    1    1
(relay)    33    46    29776.93    29    29775.97    3    1
(advertise)    26    29777.13    46    29
(relay)    33    38    29815.75    29    29812.63    1    1
(relay)    25    32    29820.15    29    29818.74    3    1
(advertise)    26    29820.35    32    29
(generate)    26    29829.16    [24]    29
(relay)    25    47    29878.57    29    29868.28    1    1
(relay)    19    18    29891.37    29    29890.13    3    1
(advertise)    26    29891.57    18    29
(relay)    19    21    29919.19    29    29906.49    3    1
(advertise)    26    29919.59    21    29
(relay)    33    40    29926.4    29    29894.85    5    1
(advertise)    26    29941.4    40    29
(relay)    19    8    29942.81    29    29911.25    1    1
(relay)    33    39    29946.61    29    29917.0    3    1
(advertise)    26    29963.81    39    29
(relay)    25    15    29988.42    29    29938.73    7    1
(advertise)    26    29988.62    15    29
