(relay)    26    13    377.6    1    374    124    1
(advertise)    27    377.8    13    1
(relay)    20    20    700.61    1    700    127    1
(advertise)    27    700.81    20    1
(relay)    34    4    1004.43    2    1000.04    121    1
(advertise)    27    1004.63    4    2
(relay)    26    29    1029.04    1    1009.04    118    1
(advertise)    27    1029.44    29    1
(relay)    26    12    1052.65    1    1040.05    125    1
(advertise)    27    1053.25    12    1
(relay)    26    7    1186.47    1    1181.07    120    1
(advertise)    27    1186.67    7    1
(relay)    26    25    1207.28    1    1206.08    126    1
(relay)    26    3    1232.88    1    1195.08    122    1
(advertise)    27    1233.08    3    1
(relay)    26    23    1258.09    1    1217.09    122    1
(advertise)    27    1258.89    23    1
(relay)    34    28    1280.9    1    1211.09    121    1
(relay)    26    14    1281.5    1    1210.09    117    2
(advertise)    27    1282.7    28    1
(advertise)    27    1304.92    14    1
(generate)    27    1307.13    [24]    1
(relay)    34    41    1323.74    1    1305.13    126    1
(advertise)    27    1327.14    41    1
(relay)    26    19    1346.76    1    1320.14    126    1
(advertise)    27    1350.16    19    1
(relay)    34    48    1369.17    1    1280.1    123    1
(advertise)    27    1372.37    48    1
(relay)    26    5    1390.18    1    1303.12    124    1
(advertise)    27    1394.78    5    1
(relay)    26    11    1413.8    1    1321.13    124    1
(relay)    34    33    1414.0    1    1377.18    126    2
(advertise)    27    1416.2    11    1
(advertise)    27    1439.61    33    1
(relay)    34    31    1458.82    1    1327.56    124    1
(advertise)    27    1462.02    31    1
(relay)    26    37    1503.03    1    1351.36    122    1
(advertise)    27    1503.23    37    1
(relay)    34    34    1512.65    1    1512.06    127    1
(relay)    26    13    1524.25    2    1374    122    2
(advertise)    27    1525.45    34    1
(relay)    34    45    1527.06    1    1402.2    122    2
(relay)    26    16    1547.26    1    1426.2    123    3
(advertise)    27    1548.06    13    2
(advertise)    27    1571.67    45    1
(advertise)    27    1592.69    16    1
(relay)    26    10    1593.9    1    1520.06    123    1
(relay)    34    35    1596.5    1    1374.16    118    2
(advertise)    27    1615.1    10    1
(advertise)    27    1638.11    35    1
(relay)    34    43    1641.53    1    1498.03    120    1
(advertise)    27    1660.13    43    1
(relay)    34    17    1676.54    1    1605.11    120    1
(advertise)    27    1683.94    17    1
(relay)    20    20    1700.55    2    1700    127    1
(advertise)    27    1705.75    20    2
(relay)    34    44    1707.76    1    1662.14    121    1
(advertise)    27    1727.76    44    1
(relay)    34    2    1730.78    1    1611.11    119    1
(advertise)    27    1749.18    2    1
(relay)    34    36    1753.99    1    1721.15    121    1
(advertise)    27    1771.99    36    1
(relay)    34    0    1776.8    1    1661.07    117    1
(advertise)    27    1794.6    0    1
(relay)    26    1    1817.82    1    1738.16    120    1
(advertise)    27    1819.22    1    1
(relay)    26    26    1828.03    1    1827.04    127    1
(relay)    26    32    1839.43    1    1815.03    125    2
(advertise)    27    1840.23    26    1
(advertise)    27    1861.24    32    1
(relay)    26    38    1867.26    1    1810.02    123    1
(advertise)    27    1883.06    38    1
(relay)    26    18    1909.07    1    1886.28    125    1
(advertise)    27    1909.47    18    1
(relay)    34    40    1913.08    1    1893.08    125    1
(advertise)    27    1931.48    40    1
(relay)    34    39    1955.09    1    1913.09    124    1
(advertise)    27    1955.69    39    1
(relay)    34    8    1977.31    1    1907.07    119    1
(advertise)    27    1977.51    8    1
(relay)    26    21    1979.52    1    1904.07    120    1
(advertise)    27    1999.32    21    1
(relay)    26    6    2004.73    1    1961.0    121    1
(advertise)    27    2020.33    6    1
(relay)    26    9    2027.95    1    1998.13    122    1
(advertise)    27    2043.95    9    1
(relay)    26    30    2051.56    1    1965.11    123    1
(advertise)    27    2065.36    30    1
(relay)    26    4    2073.97    3    2000.15    123    1
(advertise)    27    2086.57    4    3
(relay)    26    12    2094.99    2    2040.16    125    1
(advertise)    27    2107.59    12    2
(relay)    34    15    2109.0    1    1932.08    118    1
(relay)    26    22    2115.0    1    1954.29    121    2
(advertise)    27    2129.6    15    1
(advertise)    27    2153.01    22    1
(relay)    34    29    2176.62    2    2009.13    120    1
(advertise)    27    2177.22    29    2
(relay)    26    7    2206.24    2    2181.21    120    1
(advertise)    27    2206.44    7    2
(relay)    26    25    2227.65    2    2207.06    126    1
(relay)    26    14    2252.25    2    2210.25    121    1
(advertise)    27    2252.45    14    2
(relay)    26    23    2273.66    2    2217.25    122    1
(advertise)    27    2276.46    23    2
(relay)    26    3    2295.48    2    2195.25    122    1
(advertise)    27    2297.68    3    2
(generate)    27    2307.29    [24]    2
(relay)    34    41    2323.1    2    2305.32    126    1
(advertise)    27    2323.3    41    2
(relay)    26    28    2342.52    2    2211.25    117    1
(advertise)    27    2346.12    28    2
(relay)    26    19    2366.33    2    2320.32    126    1
(advertise)    27    2368.33    19    2
(relay)    26    5    2387.54    2    2303.29    124    1
(advertise)    27    2390.34    5    2
(relay)    26    33    2431.55    2    2377.35    126    1
(advertise)    27    2431.75    33    2
(relay)    26    48    2453.37    2    2280.29    123    1
(advertise)    27    2453.77    48    2
(relay)    26    31    2475.98    2    2327.74    120    1
(advertise)    27    2476.18    31    2
(relay)    26    37    2497.59    2    2351.53    122    1
(advertise)    27    2499.19    37    2
(relay)    34    34    2512.81    2    2512.23    127    1
(advertise)    27    2523.21    34    2
(relay)    34    45    2527.02    2    2402.38    122    1
(advertise)    27    2545.82    45    2
(relay)    34    42    2557.83    2    2352.32    119    1
(relay)    26    16    2561.63    2    2426.38    123    2
(advertise)    27    2567.43    42    2
(advertise)    27    2588.44    16    2
(relay)    34    35    2604.26    2    2374.33    118    1
(advertise)    27    2610.46    35    2
(relay)    26    17    2632.07    2    2605.28    124    1
(advertise)    27    2632.67    17    2
(relay)    34    11    2654.28    2    2321.32    116    1
(advertise)    27    2654.48    11    2
(relay)    34    43    2677.3    2    2498.21    120    1
(advertise)    27    2678.1    43    2
(relay)    20    20    2700.51    3    2700    127    1
(advertise)    27    2701.11    20    3
(relay)    26    44    2726.32    2    2662.31    121    1
(advertise)    27    2727.32    44    2
(relay)    34    10    2746.74    2    2520.24    117    1
(advertise)    27    2749.34    10    2
(relay)    26    2    2771.75    2    2611.27    121    1
(advertise)    27    2773.35    2    2
(relay)    26    1    2795.76    2    2738.31    120    1
(advertise)    27    2796.16    1    2
(relay)    34    46    2798.17    2    2774.2    123    1
(advertise)    27    2817.77    46    2
(relay)    34    36    2820.59    2    2721.35    121    1
(relay)    26    26    2827.39    2    2827.21    127    2
(advertise)    27    2839.99    36    2
(relay)    34    32    2841.8    2    2815.21    125    2
(advertise)    27    2862.0    26    2
(advertise)    27    2884.01    32    2
(relay)    26    0    2892.83    2    2661.18    119    1
(advertise)    27    2907.03    0    2
(relay)    34    47    2913.04    2    2866.25    124    1
(relay)    26    38    2915.24    2    2810.2    123    2
(advertise)    27    2930.04    47    2
(advertise)    27    2952.05    38    2
(relay)    26    18    2959.67    2    2886.45    125    1
(advertise)    27    2974.87    18    2
(relay)    34    40    2979.68    2    2893.27    125    1
(relay)    26    39    2981.08    2    2913.28    124    2
(advertise)    27    2996.08    40    2
(advertise)    27    3018.29    39    2
(relay)    26    8    3023.7    2    2907.23    121    1
(advertise)    27    3039.3    8    2
(relay)    26    21    3055.52    2    2904.25    118    1
(advertise)    27    3060.92    21    2
(relay)    26    15    3078.73    2    2932.27    120    1
(advertise)    27    3082.73    15    2
(relay)    34    30    3093.94    2    2966.3    119    1
(relay)    26    4    3099.14    4    3000.29    123    2
(advertise)    27    3104.74    30    2
(relay)    26    6    3120.16    2    2961.01    123    2
(advertise)    27    3126.16    4    4
(relay)    34    22    3137.57    2    2954.48    119    2
(advertise)    27    3148.17    6    2
(relay)    26    12    3167.38    3    3040.34    125    2
(advertise)    27    3169.98    22    2
(advertise)    27    3191.6    12    3
(relay)    34    29    3204.41    3    3009.32    122    1
(advertise)    27    3215.41    29    3
(relay)    26    9    3234.22    2    2998.3    122    1
(advertise)    27    3238.62    9    2
(relay)    26    25    3256.83    3    3207.23    126    1
(relay)    26    28    3283.63    3    3211.43    119    1
(advertise)    27    3283.83    28    3
(relay)    26    3    3305.25    3    3195.43    122    1
(advertise)    27    3305.65    3    3
(generate)    27    3307.46    [24]    3
(relay)    34    48    3319.27    3    3280.66    125    1
(advertise)    27    3326.67    48    3
(relay)    34    41    3342.69    3    3305.5    126    1
(advertise)    27    3348.69    41    3
(relay)    26    14    3372.7    3    3211.23    119    1
(advertise)    27    3372.9    14    3
(relay)    26    5    3415.31    3    3303.45    124    1
(advertise)    27    3415.51    5    3
(relay)    34    33    3428.13    3    3377.54    126    1
(advertise)    27    3436.53    33    3
(relay)    34    23    3471.54    3    3217.43    118    1
(advertise)    27    3471.74    23    3
(relay)    26    7    3480.75    3    3181.37    118    1
(advertise)    27    3493.95    7    3
(relay)    34    34    3512.96    3    3512.4    127    1
(advertise)    27    3515.36    34    3
(relay)    34    31    3518.18    3    3327.93    122    1
(relay)    26    13    3524.58    4    3374    124    2
(advertise)    27    3537.98    31    3
(relay)    34    37    3539.99    3    3351.71    122    2
(advertise)    27    3559.19    13    4
(advertise)    27    3581.2    37    3
(relay)    34    45    3585.62    3    3402.56    122    1
(advertise)    27    3603.82    45    3
(relay)    34    11    3607.23    3    3321.49    122    1
(relay)    26    16    3615.63    3    3426.55    123    2
(advertise)    27    3625.83    11    3
(relay)    34    42    3629.04    3    3352.51    119    2
(advertise)    27    3647.04    16    3
(relay)    34    35    3649.26    3    3374.53    120    2
(advertise)    27    3668.06    42    3
(advertise)    27    3689.67    35    3
(relay)    20    20    3701.08    4    3700    127    1
(relay)    34    19    3710.28    3    3320.51    116    2
(advertise)    27    3711.88    20    4
(advertise)    27    3733.69    19    3
(relay)    26    43    3747.51    3    3498.4    120    1
(advertise)    27    3756.91    43    3
(relay)    26    10    3770.72    3    3520.42    123    1
(relay)    34    44    3776.72    3    3662.49    121    2
(advertise)    27    3778.92    10    3
(relay)    26    17    3793.93    3    3605.47    124    2
(advertise)    27    3802.13    44    3
(advertise)    27    3824.35    17    3
(relay)    26    26    3827.56    3    3827.4    127    1
(relay)    26    0    3837.76    3    3661.34    119    2
(relay)    34    46    3841.36    3    3774.37    123    3
(advertise)    27    3847.56    26    3
(advertise)    27    3869.77    0    3
(relay)    26    2    3882.19    3    3611.46    121    2
(relay)    34    36    3884.39    3    3721.55    119    3
(advertise)    27    3891.79    46    3
(advertise)    27    3913.6    2    3
(relay)    26    1    3925.01    3    3738.51    120    2
(advertise)    27    3935.81    36    3
(relay)    26    40    3946.82    3    3893.45    125    2
(relay)    34    47    3950.42    3    3866.44    124    3
(advertise)    27    3958.42    1    3
(relay)    26    18    3969.04    3    3886.62    123    3
(advertise)    27    3980.24    40    3
(relay)    26    38    3990.85    3    3810.39    123    3
(advertise)    27    4002.05    47    3
(relay)    34    39    4013.86    3    3913.46    124    3
(advertise)    27    4024.26    18    3
(advertise)    27    4047.48    38    3
(relay)    26    8    4059.29    3    3907.42    121    2
(advertise)    27    4068.49    39    3
(relay)    26    30    4080.7    3    3966.49    123    2
(advertise)    27    4089.5    8    3
(relay)    26    6    4105.32    3    3961.03    121    2
(advertise)    27    4111.52    30    3
(relay)    26    12    4128.93    4    4040.54    125    2
(advertise)    27    4133.53    6    3
(heartbeat)    24    1    4025.2    27    4151.74    127    0
(advertise)    27    4155.34    12    4
(relay)    26    22    4173.15    3    3955.68    121    2
(advertise)    27    4177.15    24    1
(relay)    26    4    4194.57    5    4000.49    123    2
(advertise)    27    4198.17    22    3
(relay)    26    21    4216.78    3    3904.42    116    2
(advertise)    27    4221.38    4    5
(relay)    26    15    4239.59    3    3932.45    120    2
(advertise)    27    4242.59    21    3
(relay)    26    25    4263.81    4    4207.42    2    2
(advertise)    27    4264.01    15    3
(relay)    26    9    4285.22    3    3998.49    122    1
(advertise)    27    4285.82    9    3
(relay)    34    29    4289.23    4    4009.52    118    1
(generate)    27    4307.63    [24]    4
(advertise)    27    4309.25    29    4
(relay)    26    19    4333.06    4    4320.71    4    1
(advertise)    27    4334.06    19    4
(relay)    26    48    4354.47    4    4280.82    4    1
(advertise)    27    4357.87    48    4
(relay)    26    5    4376.48    4    4303.63    4    1
(advertise)    27    4379.88    5    4
(relay)    26    33    4398.7    4    4377.72    4    1
(advertise)    27    4401.9    33    4
(relay)    26    41    4419.91    4    4305.7    4    1
(advertise)    27    4423.51    41    4
(relay)    26    11    4442.32    4    4321.67    2    1
(advertise)    27    4445.52    11    4
(relay)    26    32    4483.94    3    3815.41    113    1
(advertise)    27    4484.14    32    3
(relay)    26    7    4507.35    4    4181.57    118    1
(advertise)    27    4507.95    7    4
(relay)    34    34    4513.56    4    4512.59    6    1
(advertise)    27    4529.16    34    4
(relay)    20    20    4700.98    5    4700    127    1
(advertise)    27    4701.18    20    5
(relay)    26    46    4817.39    4    4774.48    2    1
(advertise)    27    4817.59    46    4
(relay)    26    26    4827.6    4    4827.44    6    1
(relay)    34    32    4835.6    4    4815.54    2    2
(advertise)    27    4840.6    26    4
(advertise)    27    4861.81    32    4
(relay)    34    47    4884.83    4    4866.53    4    1
(advertise)    27    4885.43    47    4
(relay)    34    40    4906.04    4    4893.52    4    1
(advertise)    27    4908.24    40    4
(relay)    34    39    4929.25    4    4913.64    2    1
(advertise)    27    4930.05    39    4
(relay)    26    6    4979.07    4    4961.12    4    1
(advertise)    27    4979.27    6    4
(relay)    26    12    5044.88    5    5040.56    6    1
(advertise)    27    5045.08    12    5
(relay)    26    25    5208.89    5    5207.55    2    1
(relay)    34    48    5282.09    5    5280.87    6    1
(advertise)    27    5282.29    48    5
(generate)    27    5307.71    [24]    5
(relay)    26    19    5330.92    5    5320.74    4    1
(advertise)    27    5331.12    19    5
(relay)    26    11    5351.93    5    5321.71    2    1
(advertise)    27    5353.53    11    5
(relay)    26    13    5375.94    6    5374    124    1
(advertise)    27    5376.54    13    6
(relay)    26    33    5398.36    5    5378.38    4    1
(advertise)    27    5399.16    33    5
(relay)    34    34    5513.77    5    5512.77    6    1
(advertise)    27    5513.97    34    5
(relay)    26    46    5780.42    5    5774.67    2    1
(advertise)    27    5780.62    46    5
(relay)    26    26    5827.64    5    5827.46    6    1
(advertise)    27    5827.84    26    5
(relay)    26    32    5834.25    5    5815.67    2    1
(advertise)    27    5849.05    32    5
(relay)    34    47    5879.06    5    5866.55    4    1
(advertise)    27    5879.26    47    5
(relay)    34    40    5899.07    5    5893.55    4    1
(advertise)    27    5903.09    40    5
(relay)    34    39    5921.1    5    5913.79    2    1
(relay)    26    18    5923.9    5    5886.87    2    2
(advertise)    27    5925.1    39    5
(advertise)    27    5947.53    18    5
(relay)    26    4    6044.34    7    6002.31    2    1
(advertise)    27    6044.54    4    7
(relay)    26    12    6067.17    6    6040.59    6    1
(advertise)    27    6067.57    12    6
(relay)    26    25    6208.99    6    6207.59    2    1
(relay)    34    48    6282.39    6    6281.05    6    1
(advertise)    27    6282.59    48    6
(generate)    27    6307.82    [24]    6
(relay)    26    41    6309.43    6    6305.86    4    1
(advertise)    27    6309.83    41    6
(relay)    26    19    6331.04    6    6320.89    4    1
(advertise)    27    6332.84    19    6
(relay)    26    11    6353.86    6    6321.86    2    1
(advertise)    27    6354.86    11    6
(relay)    34    33    6380.07    6    6378.5    4    1
(advertise)    27    6380.27    33    6
(relay)    26    13    6402.88    7    6374    124    1
(advertise)    27    6404.28    13    7
(relay)    34    34    6513.91    6    6512.94    6    1
(advertise)    27    6514.11    34    6
(relay)    20    20    6700.93    7    6700    127    1
(advertise)    27    6701.13    20    7
(relay)    34    46    6778.55    6    6774.72    2    1
(advertise)    27    6778.75    46    6
(relay)    26    26    6827.56    6    6827.5    6    1
(advertise)    27    6827.76    26    6
(relay)    26    32    6834.17    6    6815.79    2    1
(advertise)    27    6851.37    32    6
(relay)    34    47    6878.99    6    6866.61    4    1
(advertise)    27    6879.19    47    6
(relay)    34    40    6900.6    6    6893.6    4    1
(advertise)    27    6902.2    40    6
(relay)    34    39    6924.01    6    6913.95    2    1
(advertise)    27    6924.41    39    6
(relay)    26    6    6974.83    6    6961.14    2    1
(advertise)    27    6975.03    6    6
(relay)    26    4    7027.44    8    7002.33    2    1
(advertise)    27    7027.64    4    8
(relay)    26    12    7051.25    7    7040.65    6    1
(advertise)    27    7051.65    12    7
(relay)    26    25    7208.86    7    7207.65    2    1
(relay)    34    48    7283.26    7    7281.2    6    1
(advertise)    27    7283.46    48    7
(relay)    34    41    7307.68    7    7305.89    6    1
(generate)    27    7307.88    [24]    7
(advertise)    27    7309.49    41    7
(relay)    26    19    7351.7    7    7321.03    4    1
(advertise)    27    7351.9    19    7
(relay)    26    11    7378.72    7    7322.0    2    1
(advertise)    27    7378.92    11    7
(relay)    34    33    7380.53    7    7378.65    4    1
(advertise)    27    7399.93    33    7
(relay)    26    13    7424.34    8    7374    122    1
(advertise)    27    7424.54    13    8
(relay)    34    34    7514.16    7    7513.12    6    1
(advertise)    27    7514.36    34    7
(relay)    20    20    7700.97    8    7700    127    1
(advertise)    27    7701.17    20    8
(relay)    34    46    7777.78    7    7774.77    2    1
(advertise)    27    7777.98    46    7
(relay)    26    26    7828.19    7    7827.54    6    1
(advertise)    27    7828.39    26    7
(relay)    26    32    7834.81    7    7815.92    2    1
(advertise)    27    7850.81    32    7
(relay)    34    47    7879.62    7    7866.67    4    1
(advertise)    27    7879.82    47    7
(relay)    26    18    7887.83    7    7887.13    2    1
(advertise)    27    7900.83    18    7
(relay)    34    40    7902.65    7    7893.63    4    1
(advertise)    27    7923.05    40    7
(relay)    34    39    7926.46    7    7914.14    2    1
(advertise)    27    7944.06    39    7
(relay)    26    6    7975.67    7    7961.16    4    1
(advertise)    27    7975.87    6    7
(relay)    26    12    8043.29    8    8040.7    6    1
(advertise)    27    8043.49    12    8
(heartbeat)    24    2    8025.21    27    8065.3    5    5
(advertise)    27    8065.7    24    2
(relay)    26    4    8085.51    9    8002.36    2    1
(advertise)    27    8088.31    4    9
(relay)    26    25    8208.92    8    8207.67    2    1
(relay)    34    48    8283.12    8    8281.23    6    1
(advertise)    27    8283.32    48    8
(generate)    27    8307.94    [24]    8
(relay)    34    41    8309.55    8    8305.98    6    1
(advertise)    27    8309.75    41    8
(relay)    26    5    8354.96    8    8304.03    4    1
(advertise)    27    8355.16    5    8
(relay)    26    19    8377.38    8    8321.18    4    1
(advertise)    27    8377.78    19    8
(relay)    26    33    8400.39    8    8378.84    4    1
(advertise)    27    8400.79    33    8
(relay)    26    11    8421.8    8    8322.19    2    1
(advertise)    27    8423.0    11    8
(relay)    26    13    8442.02    9    8374    122    1
(advertise)    27    8445.22    13    9
(relay)    34    34    8514.23    8    8513.13    6    1
(advertise)    27    8514.43    34    8
(relay)    20    20    8700.04    9    8700    127    1
(advertise)    27    8700.24    20    9
(relay)    34    46    8777.05    8    8774.83    2    1
(advertise)    27    8777.25    46    8
(relay)    26    26    8828.07    8    8827.6    4    1
(advertise)    27    8828.27    26    8
(relay)    26    32    8836.28    8    8816.11    2    1
(advertise)    27    8849.28    32    8
(relay)    34    40    8900.09    8    8893.64    4    1
(advertise)    27    8900.29    40    8
(relay)    26    39    8923.11    8    8914.16    2    1
(advertise)    27    8923.71    39    8
(relay)    26    4    9013.12    10    9002.38    2    1
(advertise)    27    9013.32    4    10
(relay)    26    12    9043.33    9    9040.77    4    1
(advertise)    27    9043.53    12    9
(relay)    26    25    9209.95    9    9207.73    2    1
(relay)    34    48    9283.95    9    9281.39    6    1
(advertise)    27    9284.15    48    9
(generate)    27    9307.96    [24]    9
(relay)    26    41    9309.97    9    9306.02    4    1
(advertise)    27    9310.57    41    9
(relay)    26    19    9331.78    9    9321.34    4    1
(advertise)    27    9331.98    19    9
(relay)    26    11    9356.0    9    9322.34    2    1
(advertise)    27    9356.2    11    9
(relay)    34    33    9380.81    9    9379.02    4    1
(advertise)    27    9381.21    33    9
(relay)    34    34    9513.42    9    9513.3    6    1
(advertise)    27    9513.62    34    9
(relay)    20    20    9700.04    10    9700    127    1
(advertise)    27    9700.24    20    10
(relay)    34    46    9777.25    9    9774.85    2    1
(advertise)    27    9777.45    46    9
(relay)    26    26    9828.26    9    9827.61    4    1
(advertise)    27    9828.46    26    9
(relay)    26    32    9838.08    9    9816.18    2    1
(advertise)    27    9849.68    32    9
(relay)    26    47    9880.89    9    9866.79    4    1
(advertise)    27    9881.09    47    9
(relay)    26    18    9904.9    9    9887.4    2    1
(advertise)    27    9905.5    18    9
(relay)    26    39    9928.12    9    9914.3    2    1
(advertise)    27    9928.32    39    9
(relay)    26    6    9975.13    9    9961.33    4    1
(advertise)    27    9975.33    6    9
(relay)    26    12    10049.54    10    10040.85    4    1
(advertise)    27    10049.94    12    10
(relay)    26    25    10209.95    10    10207.76    2    1
(relay)    34    48    10284.35    10    10281.53    6    1
(advertise)    27    10284.55    48    10
(generate)    27    10307.97    [24]    10
(relay)    26    5    10332.18    10    10304.2    4    1
(advertise)    27    10332.38    5    10
(relay)    34    19    10374.99    10    10321.51    2    1
(advertise)    27    10375.19    19    10
(relay)    26    33    10381.41    10    10379.16    4    1
(advertise)    27    10398.01    33    10
(relay)    34    13    10476.42    11    10374    112    1
(advertise)    27    10476.62    13    11
(relay)    34    34    10513.43    10    10513.32    6    1
(advertise)    27    10513.63    34    10
(relay)    26    46    10776.26    10    10775.05    2    1
(advertise)    27    10776.46    46    10
(relay)    26    26    10828.08    10    10827.62    4    1
(advertise)    27    10828.28    26    10
(relay)    26    32    10837.1    10    10816.32    2    1
(advertise)    27    10849.3    32    10
(relay)    34    47    10879.11    10    10866.84    4    1
(advertise)    27    10879.31    47    10
(relay)    34    40    10903.14    10    10893.74    4    1
(advertise)    27    10903.34    40    10
(relay)    34    39    10925.75    10    10914.45    2    1
(advertise)    27    10925.95    39    10
(relay)    26    6    10996.16    10    10961.34    4    1
(advertise)    27    10996.36    6    10
(relay)    26    4    11038.99    12    11002.73    2    1
(advertise)    27    11039.19    4    12
(relay)    26    12    11059.2    11    11040.87    4    1
(advertise)    27    11061.0    12    11
(relay)    26    25    11210.04    11    11207.81    2    1
(relay)    34    48    11285.24    11    11281.68    6    1
(advertise)    27    11285.44    48    11
(relay)    34    41    11307.65    11    11306.16    6    1
(generate)    27    11308.05    [24]    11
(advertise)    27    11309.27    41    11
(relay)    26    19    11352.88    11    11321.63    4    1
(advertise)    27    11353.08    19    11
(relay)    26    5    11375.29    11    11304.21    4    1
(advertise)    27    11375.89    5    11
(relay)    26    11    11396.71    11    11322.59    2    1
(advertise)    27    11397.71    11    11
(relay)    34    33    11400.52    11    11379.51    4    1
(advertise)    27    11419.72    33    11
(relay)    34    34    11513.53    11    11513.52    6    1
(advertise)    27    11513.73    34    11
(relay)    20    20    11700.14    12    11700    127    1
(advertise)    27    11700.34    20    12
(relay)    26    46    11776.76    11    11775.07    2    1
(advertise)    27    11776.96    46    11
(relay)    26    32    11819.37    11    11816.46    2    1
(advertise)    27    11819.57    32    11
(relay)    26    26    11828.78    11    11827.69    4    1
(advertise)    27    11843.38    26    11
(relay)    34    47    11880.8    11    11866.9    4    1
(advertise)    27    11881.0    47    11
(relay)    26    18    11890.01    11    11887.62    2    1
(advertise)    27    11903.41    18    11
(relay)    26    39    11919.82    11    11914.62    2    1
(advertise)    27    11925.22    39    11
(relay)    26    6    11965.84    11    11961.35    4    1
(advertise)    27    11966.04    6    11
(heartbeat)    24    3    12025.23    27    12027.65    3    5
(advertise)    27    12027.85    24    3
(relay)    26    12    12051.66    12    12040.91    4    1
(advertise)    27    12052.06    12    12
(relay)    26    25    12209.27    12    12207.83    2    1
(relay)    34    48    12284.47    12    12281.86    6    1
(advertise)    27    12284.67    48    12
(relay)    34    41    12307.69    12    12306.27    6    1
(generate)    27    12308.09    [24]    12
(advertise)    27    12309.3    41    12
(relay)    26    5    12333.91    12    12304.28    4    1
(advertise)    27    12334.31    5    12
(relay)    26    19    12356.33    12    12321.78    4    1
(advertise)    27    12357.13    19    12
(relay)    26    13    12380.54    13    12374    124    1
(advertise)    27    12380.74    13    13
(relay)    34    33    12382.55    12    12379.65    4    1
(advertise)    27    12402.55    33    12
(relay)    26    11    12424.97    12    12322.72    2    1
(advertise)    27    12426.77    11    12
(relay)    34    34    12514.18    12    12513.71    6    1
(advertise)    27    12514.38    34    12
(relay)    20    20    12700.59    13    12700    127    1
(advertise)    27    12700.79    20    13
(relay)    34    46    12778.2    12    12775.07    2    1
(advertise)    27    12778.4    46    12
(relay)    26    26    12828.82    12    12827.73    4    1
(advertise)    27    12829.02    26    12
(relay)    26    32    12837.03    12    12816.6    2    1
(advertise)    27    12850.43    32    12
(relay)    26    47    12881.24    12    12866.97    4    1
(advertise)    27    12881.44    47    12
(relay)    26    18    12926.66    12    12887.75    2    1
(advertise)    27    12926.86    18    12
(relay)    26    39    12947.47    12    12914.8    2    1
(advertise)    27    12948.67    39    12
(relay)    26    6    12971.48    12    12961.36    4    1
(advertise)    27    12972.68    6    12
(relay)    26    4    13027.1    14    13003.94    2    1
(advertise)    27    13027.3    4    14
(relay)    26    12    13048.51    13    13040.95    4    1
(advertise)    27    13049.71    12    13
(relay)    26    25    13208.32    13    13207.88    2    1
(relay)    34    48    13284.12    13    13282.03    4    1
(advertise)    27    13284.32    48    13
(generate)    27    13308.13    [24]    13
(relay)    26    41    13329.75    13    13306.34    2    1
(advertise)    27    13329.95    41    13
(relay)    26    19    13351.96    13    13321.95    4    1
(advertise)    27    13352.96    19    13
(relay)    34    33    13381.57    13    13380.01    4    1
(advertise)    27    13381.77    33    13
(relay)    26    11    13394.59    13    13322.88    2    1
(advertise)    27    13404.19    11    13
(relay)    26    13    13450.0    14    13374    122    1
(advertise)    27    13450.2    13    14
(relay)    34    34    13514.21    13    13513.72    6    1
(advertise)    27    13514.41    34    13
(relay)    20    20    13700.63    14    13700    127    1
(advertise)    27    13700.83    20    14
(relay)    34    46    13778.64    13    13775.11    2    1
(advertise)    27    13778.84    46    13
(relay)    26    26    13828.85    13    13827.79    4    1
(advertise)    27    13829.05    26    13
(relay)    26    32    13834.46    13    13816.71    2    1
(advertise)    27    13850.66    32    13
(relay)    26    47    13879.48    13    13867.06    4    1
(advertise)    27    13879.68    47    13
(relay)    26    40    13902.09    13    13893.92    4    1
(advertise)    27    13903.09    40    13
(relay)    26    18    13923.7    13    13887.9    2    1
(advertise)    27    13924.9    18    13
(relay)    26    39    13948.32    13    13914.98    2    1
(advertise)    27    13948.72    39    13
(relay)    26    6    13975.33    13    13961.38    4    1
(advertise)    27    13975.53    6    13
(relay)    26    4    14046.74    15    14003.95    2    1
(advertise)    27    14046.94    4    15
(relay)    26    12    14069.76    14    14040.98    4    1
(advertise)    27    14071.36    12    14
(relay)    26    25    14209.17    14    14208.74    2    1
(relay)    26    48    14283.77    14    14282.2    4    1
(advertise)    27    14283.97    48    14
(relay)    34    41    14307.38    14    14306.42    6    1
(advertise)    27    14308.18    41    14
(generate)    27    14309.39    [24]    14
(relay)    34    5    14352.41    14    14304.43    2    1
(advertise)    27    14352.61    5    14
(relay)    26    19    14375.22    14    14322.1    4    1
(advertise)    27    14375.42    19    14
(relay)    34    33    14397.43    14    14380.19    4    1
(advertise)    27    14398.23    33    14
(relay)    34    34    14514.25    14    14513.73    6    1
(advertise)    27    14514.45    34    14
(relay)    20    20    14700.46    15    14700    127    1
(advertise)    27    14700.66    20    15
(relay)    34    46    14779.27    14    14775.3    2    1
(advertise)    27    14779.47    46    14
(relay)    26    32    14818.69    14    14816.81    2    1
(advertise)    27    14818.89    32    14
(relay)    26    26    14827.9    14    14827.86    4    1
(advertise)    27    14841.3    26    14
(relay)    26    18    14891.51    14    14888.05    2    1
(advertise)    27    14891.71    18    14
(relay)    34    40    14903.72    14    14893.92    4    1
(advertise)    27    14913.72    40    14
(relay)    34    39    14925.94    14    14915.13    2    1
(advertise)    27    14936.14    39    14
(relay)    26    6    14986.95    14    14961.49    4    1
(advertise)    27    14987.15    6    14
(relay)    26    4    15032.16    16    15003.96    2    1
(advertise)    27    15032.36    4    16
(relay)    26    12    15054.98    15    15041.03    4    1
(advertise)    27    15056.18    12    15
(relay)    26    25    15209.59    15    15208.8    2    1
(relay)    34    48    15283.59    15    15282.38    6    1
(advertise)    27    15283.79    48    15
(generate)    27    15309.4    [24]    15
(relay)    34    5    15352.62    15    15304.5    2    1
(advertise)    27    15352.82    5    15
(relay)    26    19    15373.04    15    15322.28    4    1
(advertise)    27    15374.24    19    15
(relay)    26    11    15394.65    15    15323.2    2    1
(advertise)    27    15397.65    11    15
(relay)    26    33    15415.87    15    15380.37    4    1
(advertise)    27    15419.07    33    15
(relay)    34    34    15514.89    15    15513.91    6    1
(advertise)    27    15515.09    34    15
(relay)    34    46    15780.93    15    15775.31    2    1
(advertise)    27    15781.13    46    15
(relay)    26    26    15828.16    15    15828.05    4    1
(advertise)    27    15828.36    26    15
(relay)    26    32    15834.97    15    15816.92    2    1
(advertise)    27    15849.37    32    15
(relay)    34    47    15883.78    15    15867.14    4    1
(advertise)    27    15883.98    47    15
(relay)    26    18    15928.8    15    15888.16    2    1
(advertise)    27    15929.0    18    15
(relay)    26    39    15952.21    15    15915.31    2    1
(advertise)    27    15952.41    39    15
(relay)    26    6    15976.22    15    15961.51    4    1
(advertise)    27    15977.02    6    15
(relay)    26    4    16026.24    17    16004.14    2    1
(advertise)    27    16026.44    4    17
(heartbeat)    24    4    16025.24    27    16030.45    3    5
(advertise)    27    16047.65    24    4
(relay)    26    12    16049.86    16    16041.08    4    1
(advertise)    27    16068.88    12    16
(relay)    26    25    16210.1    16    16208.85    2    1
(relay)    34    48    16283.7    16    16282.57    6    1
(advertise)    27    16283.9    48    16
(generate)    27    16309.53    [24]    16
(relay)    26    5    16311.74    16    16304.59    2    1
(advertise)    27    16312.14    5    16
(relay)    26    19    16333.35    16    16322.44    4    1
(advertise)    27    16334.15    19    16
(relay)    26    11    16353.97    16    16323.36    2    1
(advertise)    27    16355.97    11    16
(relay)    26    13    16377.78    17    16374    124    1
(advertise)    27    16378.78    13    17
(relay)    26    33    16399.79    16    16380.53    4    1
(advertise)    27    16401.19    33    16
(relay)    34    34    16515.02    16    16514.1    6    1
(advertise)    27    16515.22    34    16
(relay)    20    20    16701.03    17    16700    127    1
(advertise)    27    16701.23    20    17
(relay)    26    46    16780.24    16    16775.36    2    1
(advertise)    27    16780.44    46    16
(relay)    26    26    16828.26    16    16828.11    4    1
(advertise)    27    16828.46    26    16
(relay)    26    32    16835.67    16    16817.06    2    1
(advertise)    27    16852.87    32    16
(relay)    34    47    16879.28    16    16867.21    4    1
(advertise)    27    16879.48    47    16
(relay)    34    40    16901.7    16    16894.01    4    1
(advertise)    27    16901.9    40    16
(relay)    34    39    16923.71    16    16915.48    2    1
(advertise)    27    16924.51    39    16
(relay)    26    6    16973.72    16    16961.52    4    1
(advertise)    27    16973.92    6    16
(relay)    26    4    17018.74    18    17004.15    2    1
(advertise)    27    17018.94    4    18
(relay)    26    12    17065.75    17    17041.14    4    1
(advertise)    27    17065.95    12    17
(relay)    26    25    17210.16    17    17208.87    2    1
(relay)    34    48    17284.36    17    17282.72    6    1
(advertise)    27    17284.56    48    17
(relay)    34    41    17308.37    17    17306.61    6    1
(advertise)    27    17308.57    41    17
(generate)    27    17309.79    [24]    17
(relay)    26    5    17333.0    17    17304.66    2    1
(advertise)    27    17334.2    5    17
(relay)    26    19    17354.81    17    17322.57    4    1
(advertise)    27    17356.41    19    17
(relay)    34    33    17383.03    17    17380.7    4    1
(advertise)    27    17383.23    33    17
(relay)    26    11    17401.44    17    17323.5    2    1
(advertise)    27    17405.24    11    17
(relay)    26    13    17446.25    18    17374    124    1
(advertise)    27    17446.45    13    18
(relay)    34    34    17515.27    17    17514.3    6    1
(advertise)    27    17515.47    34    17
(relay)    20    20    17701.08    18    17700    127    1
(advertise)    27    17701.28    20    18
(relay)    34    46    17778.29    17    17775.37    2    1
(advertise)    27    17778.49    46    17
(relay)    26    32    17817.7    17    17817.13    2    1
(advertise)    27    17817.9    32    17
(relay)    26    26    17828.72    17    17828.19    4    1
(advertise)    27    17839.12    26    17
(relay)    26    18    17901.33    17    17888.42    2    1
(advertise)    27    17901.53    18    17
(relay)    34    40    17904.14    17    17894.05    4    1
(advertise)    27    17923.14    40    17
(relay)    34    39    17926.56    17    17915.63    2    1
(advertise)    27    17946.16    39    17
(relay)    26    6    17973.57    17    17961.53    2    1
(advertise)    27    17973.77    6    17
(relay)    26    4    18047.78    19    18004.37    2    1
(advertise)    27    18047.98    4    19
(relay)    26    12    18068.6    18    18041.18    4    1
(advertise)    27    18069.8    12    18
(relay)    26    25    18210.61    18    18208.93    2    1
(relay)    34    48    18285.41    18    18282.88    6    1
(advertise)    27    18285.61    48    18
(relay)    34    41    18308.82    18    18306.67    6    1
(advertise)    27    18309.62    41    18
(generate)    27    18310.83    [24]    18
(relay)    26    19    18334.85    18    18322.57    4    1
(advertise)    27    18335.65    19    18
(relay)    26    11    18356.86    18    18323.65    2    1
(advertise)    27    18357.66    11    18
(relay)    26    33    18382.87    18    18380.86    4    1
(advertise)    27    18383.07    33    18
(relay)    26    13    18407.49    19    18374    124    1
(advertise)    27    18408.29    13    19
(relay)    34    34    18515.5    18    18514.47    6    1
(advertise)    27    18515.7    34    18
(relay)    20    20    18700.11    19    18700    127    1
(advertise)    27    18700.31    20    19
(relay)    34    46    18777.73    18    18775.39    2    1
(advertise)    27    18777.93    46    18
(relay)    26    32    18819.34    18    18817.24    2    1
(advertise)    27    18819.54    32    18
(relay)    26    26    18828.75    18    18828.23    4    1
(advertise)    27    18840.55    26    18
(relay)    26    47    18879.96    18    18867.31    2    1
(advertise)    27    18880.16    47    18
(relay)    34    40    18901.98    18    18894.07    4    1
(advertise)    27    18903.38    40    18
(relay)    34    39    18925.59    18    18915.78    2    1
(advertise)    27    18926.39    39    18
(relay)    26    6    18976.6    18    18961.55    4    1
(advertise)    27    18976.8    6    18
(relay)    26    4    19022.22    20    19004.38    2    1
(advertise)    27    19022.42    4    20
(relay)    26    12    19065.43    19    19041.26    4    1
(advertise)    27    19065.63    12    19
(relay)    26    25    19211.04    19    19208.97    2    1
(relay)    34    48    19285.44    19    19283.03    6    1
(advertise)    27    19285.64    48    19
(relay)    34    41    19308.06    19    19306.73    6    1
(advertise)    27    19308.66    41    19
(generate)    27    19310.87    [24]    19
(relay)    26    19    19352.88    19    19322.72    4    1
(advertise)    27    19353.08    19    19
(relay)    26    5    19374.69    19    19304.82    4    1
(advertise)    27    19374.89    5    19
(relay)    26    11    19396.31    19    19323.8    2    1
(advertise)    27    19397.31    11    19
(relay)    34    33    19400.32    19    19380.97    4    1
(advertise)    27    19419.92    33    19
(relay)    34    34    19514.73    19    19514.66    6    1
(advertise)    27    19514.93    34    19
(relay)    20    20    19700.15    20    19700    127    1
(advertise)    27    19700.35    20    20
(relay)    26    46    19777.56    19    19775.42    2    1
(advertise)    27    19777.76    46    19
(relay)    26    26    19828.77    19    19828.27    4    1
(advertise)    27    19828.97    26    19
(relay)    26    32    19837.59    19    19817.39    2    1
(advertise)    27    19851.79    32    19
(relay)    26    47    19880.8    19    19867.37    4    1
(advertise)    27    19881.0    47    19
(relay)    26    18    19925.81    19    19888.75    2    1
(advertise)    27    19926.01    18    19
(relay)    26    39    19947.62    19    19915.94    2    1
(advertise)    27    19948.82    39    19
(relay)    26    6    19977.04    19    19961.68    4    1
(advertise)    27    19977.24    6    19
(heartbeat)    24    5    20025.25    27    20028.45    3    7
(advertise)    27    20028.65    24    5
(relay)    26    12    20052.06    20    20041.29    4    1
(advertise)    27    20052.46    12    20
(relay)    26    4    20098.08    21    20005.59    2    1
(advertise)    27    20098.28    4    21
(relay)    26    25    20211.29    20    20209.07    2    1
(relay)    34    48    20286.09    20    20283.22    6    1
(advertise)    27    20286.29    48    20
(relay)    34    41    20309.5    20    20306.85    6    1
(advertise)    27    20310.3    41    20
(generate)    27    20311.52    [24]    20
(relay)    26    19    20332.93    20    20322.91    4    1
(advertise)    27    20333.73    19    20
(relay)    26    5    20376.54    20    20304.92    4    1
(advertise)    27    20376.74    5    20
(relay)    34    33    20400.55    20    20381.16    4    1
(relay)    26    11    20401.15    20    20323.82    2    2
(advertise)    27    20401.35    33    20
(advertise)    27    20422.57    11    20
(relay)    26    13    20446.78    21    20374    124    1
(advertise)    27    20447.18    13    21
(relay)    34    34    20514.81    20    20514.68    6    1
(advertise)    27    20515.01    34    20
(relay)    26    46    20776.85    20    20775.47    2    1
(advertise)    27    20777.05    46    20
(relay)    26    32    20819.67    20    20817.52    2    1
(advertise)    27    20819.87    32    20
(relay)    26    26    20828.88    20    20828.35    4    1
(advertise)    27    20843.88    26    20
(relay)    34    47    20883.1    20    20867.44    4    1
(advertise)    27    20883.3    47    20
(relay)    26    18    20890.91    20    20888.91    2    1
(advertise)    27    20907.51    18    20
(relay)    34    39    20929.54    20    20916.13    2    1
(advertise)    27    20931.54    39    20
(relay)    26    6    20976.75    20    20961.69    4    1
(advertise)    27    20976.95    6    20
(relay)    26    4    21028.98    22    21005.6    2    1
(advertise)    27    21029.18    4    22
(relay)    26    12    21051.19    21    21041.35    4    1
(advertise)    27    21052.19    12    21
(relay)    26    25    21211.41    21    21209.14    2    1
(relay)    34    48    21285.81    21    21283.37    6    1
(advertise)    27    21286.01    48    21
(relay)    34    41    21308.63    21    21306.94    6    1
(advertise)    27    21310.43    41    21
(generate)    27    21311.64    [24]    21
(relay)    26    5    21355.05    21    21304.99    2    1
(advertise)    27    21355.25    5    21
(relay)    26    19    21377.47    21    21323.05    4    1
(advertise)    27    21377.67    19    21
(relay)    26    11    21399.68    21    21324.0    2    1
(relay)    34    33    21400.48    21    21381.34    4    2
(advertise)    27    21401.08    11    21
(advertise)    27    21422.69    33    21
(relay)    26    13    21443.12    22    21374    124    1
(advertise)    27    21444.72    13    22
(relay)    34    34    21514.93    21    21514.87    6    1
(advertise)    27    21515.13    34    21
(relay)    20    20    21700.14    22    21700    127    1
(advertise)    27    21700.34    20    22
(relay)    34    46    21777.96    21    21775.52    2    1
(advertise)    27    21778.16    46    21
(relay)    34    32    21820.57    21    21817.68    2    1
(advertise)    27    21820.77    32    21
(relay)    26    26    21829.38    21    21828.4    4    1
(advertise)    27    21841.78    26    21
(relay)    26    18    21891.2    21    21889.07    2    1
(advertise)    27    21891.4    18    21
(relay)    34    40    21904.61    21    21894.29    4    1
(advertise)    27    21914.61    40    21
(relay)    34    39    21926.42    21    21916.13    2    1
(advertise)    27    21935.62    39    21
(relay)    26    6    21973.84    21    21961.7    4    1
(advertise)    27    21974.04    6    21
(relay)    26    4    22011.25    23    22005.79    2    1
(advertise)    27    22011.45    4    23
(relay)    26    12    22055.66    22    22041.4    4    1
(advertise)    27    22055.86    12    22
(relay)    26    25    22210.47    22    22209.24    2    1
(relay)    34    48    22286.27    22    22283.55    6    1
(advertise)    27    22286.47    48    22
(relay)    34    41    22307.89    22    22307.03    6    1
(advertise)    27    22308.49    41    22
(relay)    26    5    22311.1    22    22305.06    4    1
(generate)    27    22311.7    [24]    22
(advertise)    27    22330.91    5    22
(relay)    26    19    22334.53    22    22323.21    4    1
(advertise)    27    22354.33    19    22
(relay)    26    13    22378.94    23    22374    124    1
(advertise)    27    22379.74    13    23
(relay)    26    33    22403.75    22    22381.52    2    1
(advertise)    27    22404.15    33    22
(relay)    34    34    22515.37    22    22514.87    6    1
(advertise)    27    22515.57    34    22
(relay)    20    20    22700.58    23    22700    127    1
(advertise)    27    22700.78    20    23
(relay)    26    46    22777.99    22    22775.55    2    1
(advertise)    27    22778.19    46    22
(relay)    26    26    22829.6    22    22828.6    4    1
(advertise)    27    22829.8    26    22
(relay)    26    32    22838.42    22    22817.81    2    1
(advertise)    27    22852.62    32    22
(relay)    26    47    22882.43    22    22867.63    4    1
(advertise)    27    22882.63    47    22
(relay)    26    40    22905.44    22    22894.35    4    1
(advertise)    27    22905.64    40    22
(relay)    26    39    22926.66    22    22916.32    2    1
(advertise)    27    22926.86    39    22
(relay)    26    6    23016.27    22    22961.72    4    1
(advertise)    27    23016.47    6    22
(relay)    26    4    23062.68    24    23005.82    2    1
(advertise)    27    23062.88    4    24
(relay)    26    12    23084.7    23    23041.42    4    1
(advertise)    27    23086.3    12    23
(relay)    26    25    23210.91    23    23210.5    2    1
(relay)    34    48    23285.51    23    23283.72    6    1
(advertise)    27    23285.71    48    23
(relay)    34    41    23308.12    23    23307.1    6    1
(advertise)    27    23308.72    41    23
(generate)    27    23311.73    [24]    23
(relay)    26    19    23352.55    23    23323.39    4    1
(advertise)    27    23352.75    19    23
(relay)    26    11    23375.16    23    23324.28    2    1
(advertise)    27    23375.36    11    23
(relay)    26    13    23395.37    24    23374    124    1
(advertise)    27    23397.57    13    24
(relay)    26    33    23417.99    23    23381.52    4    1
(advertise)    27    23419.99    33    23
(relay)    34    34    23515.4    23    23514.88    6    1
(advertise)    27    23515.6    34    23
(relay)    20    20    23700.61    24    23700    127    1
(advertise)    27    23700.81    20    24
(relay)    34    46    23779.63    23    23775.6    2    1
(advertise)    27    23779.83    46    23
(relay)    26    26    23829.64    23    23828.64    4    1
(advertise)    27    23829.84    26    23
(relay)    26    32    23836.25    23    23817.93    2    1
(advertise)    27    23851.45    32    23
(relay)    34    47    23884.86    23    23867.71    4    1
(advertise)    27    23885.06    47    23
(relay)    34    40    23908.08    23    23894.39    4    1
(advertise)    27    23908.28    40    23
(relay)    26    18    23929.89    23    23889.35    2    1
(relay)    34    39    23930.29    23    23916.48    2    2
(advertise)    27    23931.29    18    23
(advertise)    27    23952.7    39    23
(relay)    26    6    23978.12    23    23961.73    4    1
(advertise)    27    23978.32    6    23
(relay)    26    4    24025.73    25    24006.02    2    1
(advertise)    27    24025.93    4    25
(heartbeat)    24    6    24025.27    27    24045.94    3    7
(advertise)    27    24048.94    24    6
(relay)    26    12    24129.96    24    24041.45    2    1
(advertise)    27    24130.16    12    24
(relay)    26    7    24186.57    24    24183.37    2    1
(advertise)    27    24186.77    7    24
(relay)    26    25    24210.98    24    24210.57    2    1
(relay)    34    48    24284.58    24    24283.92    6    1
(advertise)    27    24284.78    48    24
(relay)    34    41    24308.99    24    24307.17    6    1
(advertise)    27    24309.39    41    24
(generate)    27    24311.81    [24]    24
(relay)    26    19    24355.42    24    24323.4    4    1
(advertise)    27    24355.62    19    24
(relay)    26    11    24379.43    24    24324.29    2    1
(advertise)    27    24380.43    11    24
(relay)    34    33    24382.45    24    24381.55    4    1
(advertise)    27    24402.05    33    24
(relay)    34    34    24515.66    24    24515.08    6    1
(advertise)    27    24515.86    34    24
(relay)    20    20    24700.47    25    24700    127    1
(advertise)    27    24700.67    20    25
(relay)    34    46    24779.69    24    24775.66    2    1
(advertise)    27    24779.89    46    24
(relay)    26    32    24820.5    24    24818.1    2    1
(advertise)    27    24820.7    32    24
(relay)    26    26    24828.91    24    24828.73    4    1
(advertise)    27    24842.71    26    24
(relay)    26    18    24892.92    24    24889.52    2    1
(advertise)    27    24893.12    18    24
(relay)    34    40    24905.54    24    24894.46    4    1
(advertise)    27    24915.74    40    24
(relay)    34    39    24927.95    24    24916.66    2    1
(advertise)    27    24936.95    39    24
(relay)    26    4    25027.96    26    25006.05    2    1
(advertise)    27    25028.16    4    26
(relay)    26    12    25051.78    25    25041.51    4    1
(advertise)    27    25052.78    12    25
(relay)    26    25    25211.59    25    25210.65    2    1
(relay)    26    28    25238.59    25    25213.01    2    1
(advertise)    27    25238.79    28    25
(relay)    34    48    25285.2    25    25284.1    6    1
(advertise)    27    25285.4    48    25
(relay)    34    41    25309.42    25    25307.24    6    1
(advertise)    27    25309.62    41    25
(generate)    27    25311.83    [24]    25
(relay)    26    5    25332.64    25    25305.31    4    1
(advertise)    27    25333.44    5    25
(relay)    26    19    25356.05    25    25323.54    4    1
(advertise)    27    25356.25    19    25
(relay)    26    11    25377.47    25    25324.43    2    1
(advertise)    27    25379.47    11    25
(relay)    34    33    25396.88    25    25381.56    4    1
(advertise)    27    25400.88    33    25
(relay)    26    13    25423.69    26    25374    124    1
(advertise)    27    25424.29    13    26
(relay)    34    34    25516.32    25    25515.27    6    1
(advertise)    27    25516.52    34    25
(relay)    26    46    25780.16    25    25775.68    2    1
(advertise)    27    25780.36    46    25
(relay)    26    32    25819.38    25    25818.27    2    1
(advertise)    27    25819.58    32    25
(relay)    26    26    25828.8    25    25828.75    4    1
(advertise)    27    25842.0    26    25
(relay)    34    47    25880.81    25    25867.86    4    1
(advertise)    27    25881.01    47    25
(relay)    34    40    25904.22    25    25894.49    4    1
(advertise)    27    25905.02    40    25
(relay)    26    39    25946.84    25    25916.85    2    1
(advertise)    27    25947.04    39    25
(relay)    26    15    25973.05    25    25937.71    2    1
(advertise)    27    25973.25    15    25
(relay)    26    6    26017.66    25    25962.06    4    1
(advertise)    27    26017.86    6    25
(relay)    26    4    26040.28    27    26006.07    2    1
(advertise)    27    26040.48    4    27
(relay)    26    12    26063.7    26    26041.77    4    1
(advertise)    27    26064.3    12    26
(relay)    26    7    26187.33    26    26183.55    2    1
(advertise)    27    26187.53    7    26
(relay)    26    25    26212.54    26    26211.33    2    1
(relay)    34    14    26262.54    26    26212.67    2    1
(advertise)    27    26262.74    14    26
(relay)    34    48    26286.55    26    26284.27    6    1
(advertise)    27    26286.75    48    26
(relay)    34    41    26309.77    26    26307.36    6    1
(advertise)    27    26310.77    41    26
(generate)    27    26311.98    [24]    26
(relay)    26    19    26334.01    26    26323.73    4    1
(advertise)    27    26334.21    19    26
(relay)    26    5    26357.02    26    26305.4    4    1
(advertise)    27    26357.22    5    26
(relay)    26    11    26378.23    26    26325.03    2    1
(advertise)    27    26379.03    11    26
(relay)    34    33    26397.24    26    26381.57    4    1
(advertise)    27    26400.64    33    26
(relay)    26    13    26424.66    27    26374    124    1
(advertise)    27    26424.86    13    27
(relay)    34    34    26516.27    26    26515.29    6    1
(advertise)    27    26516.47    34    26
(relay)    20    20    26701.08    27    26700    127    1
(advertise)    27    26701.28    20    27
(relay)    34    46    26779.1    26    26775.75    2    1
(advertise)    27    26779.3    46    26
(relay)    26    26    26828.91    26    26828.82    4    1
(advertise)    27    26829.11    26    26
(relay)    26    32    26835.32    26    26818.43    2    1
(advertise)    27    26850.32    32    26
(relay)    34    47    26878.94    26    26867.96    4    1
(advertise)    27    26879.14    47    26
(relay)    34    40    26900.55    26    26894.59    4    1
(advertise)    27    26901.75    40    26
(relay)    34    39    26922.16    26    26916.9    2    1
(relay)    26    18    26923.56    26    26889.81    2    2
(advertise)    27    26923.76    39    26
(advertise)    27    26946.17    18    26
(relay)    26    21    26967.79    26    26906.22    2    1
(advertise)    27    26968.59    21    26
(relay)    26    15    26991.4    26    26938.53    2    1
(advertise)    27    26991.6    15    26
(relay)    26    4    27036.21    28    27006.11    2    1
(advertise)    27    27036.41    4    28
(relay)    26    12    27079.03    27    27041.88    4    1
(advertise)    27    27079.23    12    27
(relay)    26    7    27187.84    27    27183.63    2    1
(advertise)    27    27188.04    7    27
(relay)    26    25    27212.85    27    27211.45    2    1
(relay)    34    48    27286.05    27    27284.44    6    1
(advertise)    27    27286.25    48    27
(relay)    34    41    27309.07    27    27307.44    6    1
(advertise)    27    27310.27    41    27
(generate)    27    27312.08    [24]    27
(relay)    26    19    27355.29    27    27323.92    4    1
(advertise)    27    27355.49    19    27
(relay)    26    5    27377.1    27    27305.49    2    1
(advertise)    27    27378.7    5    27
(relay)    34    33    27383.72    27    27381.62    4    1
(relay)    26    11    27399.52    27    27325.19    2    2
(advertise)    27    27401.32    33    27
(advertise)    27    27423.53    11    27
(relay)    26    13    27443.94    28    27374    124    1
(advertise)    27    27446.74    13    28
(relay)    34    34    27516.56    27    27515.47    6    1
(advertise)    27    27516.76    34    27
(relay)    20    20    27700.97    28    27700    127    1
(advertise)    27    27701.17    20    28
(relay)    34    46    27779.18    27    27775.82    2    1
(advertise)    27    27779.38    46    27
(relay)    26    26    27829.0    27    27828.91    4    1
(advertise)    27    27829.2    26    27
(relay)    26    32    27837.21    27    27818.44    2    1
(advertise)    27    27851.21    32    27
(relay)    34    47    27879.42    27    27868.04    4    1
(advertise)    27    27879.62    47    27
(relay)    34    40    27900.43    27    27894.63    4    1
(advertise)    27    27902.23    40    27
(relay)    26    39    27945.25    27    27916.95    2    1
(advertise)    27    27945.45    39    27
(relay)    26    6    28037.06    27    27962.08    4    1
(advertise)    27    28037.26    6    27
(heartbeat)    24    7    28025.28    27    28056.87    3    7
(advertise)    27    28059.87    24    7
(relay)    26    4    28084.09    29    28006.16    2    1
(advertise)    27    28084.29    4    29
(relay)    26    12    28107.3    28    28041.97    4    1
(advertise)    27    28107.7    12    28
(relay)    26    7    28188.71    28    28183.74    2    1
(advertise)    27    28188.91    7    28
(relay)    26    25    28213.93    28    28211.55    2    1
(relay)    34    28    28222.33    28    28213.27    2    1
(advertise)    27    28222.53    28    28
(relay)    34    48    28287.14    28    28284.61    6    1
(advertise)    27    28287.34    48    28
(relay)    34    41    28310.95    28    28307.54    4    1
(advertise)    27    28311.35    41    28
(generate)    27    28312.56    [24]    28
(relay)    26    5    28357.38    28    28305.63    4    1
(advertise)    27    28357.58    5    28
(relay)    26    19    28380.79    28    28323.99    4    1
(advertise)    27    28380.99    19    28
(relay)    26    33    28402.6    28    28381.8    4    1
(advertise)    27    28404.0    33    28
(relay)    26    11    28423.82    28    28325.21    2    1
(advertise)    27    28426.02    11    28
(relay)    34    42    28427.43    28    28359.23    2    1
(advertise)    27    28447.03    42    28
(relay)    34    35    28451.64    28    28381.66    2    1
(advertise)    27    28470.24    35    28
(relay)    34    45    28473.06    28    28407.18    2    1
(advertise)    27    28493.06    45    28
(relay)    34    43    28504.87    28    28501.07    2    1
(advertise)    27    28514.67    43    28
(relay)    34    34    28516.48    28    28515.55    6    1
(advertise)    27    28537.68    34    28
(relay)    26    20    28700.69    29    28700    125    1
(advertise)    27    28701.09    20    29
(relay)    26    36    28733.51    28    28723.28    2    1
(advertise)    27    28733.71    36    28
(relay)    34    46    28777.92    28    28775.88    2    1
(advertise)    27    28778.12    46    28
(relay)    26    32    28819.73    28    28818.58    2    1
(advertise)    27    28819.93    32    28
(relay)    26    26    28829.55    28    28829.07    4    1
(advertise)    27    28840.95    26    28
(relay)    26    40    28904.56    28    28894.74    4    1
(advertise)    27    28904.76    40    28
(relay)    26    39    28928.77    28    28916.99    2    1
(advertise)    27    28928.97    39    28
(relay)    26    6    29001.59    28    28962.1    4    1
(advertise)    27    29001.79    6    28
(relay)    26    4    29045.8    30    29006.23    2    1
(advertise)    27    29046.0    4    30
(relay)    34    29    29051.41    29    29012.06    2    1
(advertise)    27    29067.21    29    29
(relay)    26    12    29089.22    29    29042.06    4    1
(advertise)    27    29090.02    12    29
(relay)    26    7    29190.64    29    29183.84    2    1
(advertise)    27    29190.84    7    29
(relay)    26    25    29214.85    29    29211.84    2    1
(relay)    34    28    29221.25    29    29213.29    2    1
(advertise)    27    29221.45    28    29
(relay)    26    14    29263.26    29    29212.78    2    1
(advertise)    27    29263.46    14    29
(relay)    34    48    29287.28    29    29284.67    6    1
(advertise)    27    29287.48    48    29
(relay)    34    41    29310.29    29    29307.71    6    1
(advertise)    27    29310.49    41    29
(generate)    27    29312.7    [24]    29
(relay)    26    19    29334.32    29    29324.05    4    1
(advertise)    27    29335.32    19    29
(relay)    26    11    29380.73    29    29325.24    2    1
(advertise)    27    29380.93    11    29
(relay)    34    33    29384.34    29    29382.64    4    1
(advertise)    27    29402.54    33    29
(relay)    34    42    29406.95    29    29359.25    2    1
(advertise)    27    29426.35    42    29
(relay)    34    35    29430.57    29    29381.75    2    1
(advertise)    27    29449.17    35    29
(relay)    34    45    29454.18    29    29407.33    2    1
(advertise)    27    29472.78    45    29
(relay)    34    34    29515.79    29    29515.61    6    1
(advertise)    27    29515.99    34    29
(relay)    20    20    29700.01    30    29700    127    1
(advertise)    27    29700.21    20    30
(relay)    26    36    29730.62    29    29723.36    4    1
(advertise)    27    29730.82    36    29
(relay)    34    46    29778.03    29    29775.97    2    1
(advertise)    27    29778.23    46    29
(relay)    26    32    29820.85    29    29818.74    2    1
(advertise)    27    29821.05    32    29
(relay)    26    26    29829.66    29    29829.16    4    1
(advertise)    27    29842.66    26    29
(relay)    34    47    29881.67    29    29868.28    4    1
(advertise)    27    29881.87    47    29
(relay)    26    18    29891.68    29    29890.13    2    1
(advertise)    27    29904.08    18    29
(relay)    34    40    29905.7    29    29894.85    4    1
(relay)    26    21    29920.1    29    29906.49    2    2
(relay)    34    39    29926.9    29    29917.0    2    3
(advertise)    27    29927.5    40    29
(advertise)    27    29948.51    21    29
(relay)    34    15    29970.72    29    29938.73    2    2
(advertise)    27    29970.92    39    29
(advertise)    27    29992.14    15    29
(relay)    34    22    29995.75    29    29959.17    2    1
