(relay)    33    13    377.0    1    374    123    1
(advertise)    34    377.2    13    1
(relay)    27    20    701.81    1    700    126    1
(advertise)    34    702.01    20    1
(relay)    33    4    1003.23    2    1000.04    122    1
(advertise)    34    1003.43    4    2
(relay)    33    29    1029.24    1    1009.04    123    1
(advertise)    34    1029.44    29    1
(relay)    27    12    1053.85    1    1040.05    124    1
(advertise)    34    1054.25    12    1
(relay)    27    7    1186.67    1    1181.07    119    1
(advertise)    34    1186.87    7    1
(relay)    33    25    1208.68    1    1206.08    125    1
(advertise)    34    1209.88    25    1
(relay)    27    3    1233.69    1    1195.08    121    1
(advertise)    34    1234.29    3    1
(relay)    33    23    1257.7    1    1217.09    123    1
(advertise)    34    1257.9    23    1
(relay)    33    28    1279.52    1    1211.09    122    1
(advertise)    34    1279.92    28    1
(relay)    33    14    1300.93    1    1210.09    116    1
(advertise)    34    1302.13    14    1
(relay)    41    41    1305.74    1    1305.13    127    1
(relay)    27    27    1307.74    1    1307.13    127    2
(advertise)    34    1323.14    41    1
(relay)    41    48    1329.16    1    1280.1    124    2
(advertise)    34    1345.56    27    1
(relay)    27    19    1351.17    1    1320.14    125    2
(advertise)    34    1368.17    48    1
(relay)    33    33    1377.18    1    1377.18    127    2
(advertise)    34    1390.58    19    1
(relay)    27    5    1395.4    1    1303.12    123    2
(advertise)    34    1413.4    33    1
(relay)    33    31    1415.41    1    1327.56    125    2
(relay)    27    11    1416.81    1    1321.13    123    3
(advertise)    34    1435.01    5    1
(advertise)    34    1457.82    31    1
(relay)    33    37    1459.63    1    1351.36    123    2
(advertise)    34    1481.23    11    1
(relay)    33    45    1503.25    1    1402.2    123    2
(advertise)    34    1505.05    37    1
(generate)    34    1512.06    [24]    1
(advertise)    34    1526.47    45    1
(relay)    27    13    1548.09    2    1374    121    1
(advertise)    34    1548.49    13    2
(relay)    33    16    1570.9    1    1426.2    122    1
(advertise)    34    1571.9    16    1
(relay)    33    35    1595.31    1    1374.16    119    1
(advertise)    34    1595.91    35    1
(relay)    27    10    1616.13    1    1520.06    122    1
(advertise)    34    1616.93    10    1
(relay)    41    43    1640.34    1    1498.03    121    1
(advertise)    34    1640.54    43    1
(relay)    33    17    1676.15    1    1605.11    121    1
(advertise)    34    1676.35    17    1
(relay)    33    44    1706.96    1    1662.14    122    1
(advertise)    34    1707.16    44    1
(relay)    33    2    1727.18    1    1611.11    120    1
(advertise)    34    1729.78    2    1
(relay)    33    36    1753.19    1    1721.15    122    1
(advertise)    34    1753.79    36    1
(relay)    33    0    1776.0    1    1661.07    118    1
(advertise)    34    1776.2    0    1
(relay)    33    20    1801.42    2    1700    120    1
(advertise)    34    1801.62    20    2
(relay)    27    1    1819.23    1    1738.16    119    1
(relay)    33    32    1822.43    1    1815.03    126    2
(relay)    41    38    1823.03    1    1810.02    124    3
(advertise)    34    1824.43    1    1
(relay)    27    26    1840.24    1    1827.04    126    3
(advertise)    34    1846.24    32    1
(advertise)    34    1869.06    38    1
(advertise)    34    1890.27    26    1
(relay)    33    40    1909.08    1    1893.08    126    1
(relay)    27    18    1909.48    1    1886.28    124    2
(advertise)    34    1912.08    40    1
(relay)    33    39    1930.09    1    1913.09    125    2
(advertise)    34    1933.29    18    1
(advertise)    34    1954.51    39    1
(relay)    33    8    1976.12    1    1907.07    120    1
(advertise)    34    1976.72    8    1
(relay)    33    21    1997.53    1    1904.07    119    1
(advertise)    34    1997.93    21    1
(relay)    33    6    2018.55    1    1961.0    120    1
(advertise)    34    2020.15    6    1
(relay)    33    9    2041.16    1    1998.13    121    1
(advertise)    34    2042.16    9    1
(relay)    33    30    2063.17    1    1965.11    124    1
(advertise)    34    2064.57    30    1
(relay)    27    4    2086.59    3    2000.15    122    1
(advertise)    34    2086.99    4    3
(relay)    33    15    2105.4    1    1932.08    119    1
(relay)    27    12    2107.6    2    2040.16    124    2
(advertise)    34    2109.0    15    1
(advertise)    34    2130.01    12    2
(relay)    33    22    2150.62    1    1954.29    120    1
(advertise)    34    2151.02    22    1
(relay)    33    29    2175.44    2    2009.13    121    1
(advertise)    34    2175.64    29    2
(relay)    27    7    2207.05    2    2181.21    119    1
(advertise)    34    2207.25    7    2
(relay)    33    25    2230.26    2    2207.06    125    1
(advertise)    34    2231.26    25    2
(relay)    27    14    2253.48    2    2210.25    120    1
(advertise)    34    2254.88    14    2
(relay)    27    23    2276.49    2    2217.25    121    1
(advertise)    34    2277.09    23    2
(relay)    27    3    2298.3    2    2195.25    121    1
(advertise)    34    2299.1    3    2
(relay)    41    41    2305.92    2    2305.32    127    1
(relay)    27    27    2307.92    2    2307.29    127    2
(relay)    41    48    2318.12    2    2280.29    126    3
(advertise)    34    2322.52    41    2
(advertise)    34    2344.53    27    2
(relay)    27    28    2347.14    2    2211.25    116    2
(advertise)    34    2367.34    48    2
(relay)    27    19    2368.55    2    2320.32    125    2
(relay)    33    33    2377.35    2    2377.35    127    3
(advertise)    34    2389.75    28    2
(relay)    27    5    2390.97    2    2303.29    123    3
(advertise)    34    2411.77    19    2
(advertise)    34    2432.78    33    2
(advertise)    34    2454.19    5    2
(relay)    41    31    2455.81    2    2327.74    123    1
(advertise)    34    2477.41    31    2
(relay)    33    37    2479.42    2    2351.53    123    1
(advertise)    34    2499.62    37    2
(generate)    34    2512.23    [24]    2
(relay)    41    45    2525.84    2    2402.38    123    1
(advertise)    34    2526.04    45    2
(relay)    33    42    2557.46    2    2352.32    120    1
(advertise)    34    2557.66    42    2
(relay)    33    16    2581.07    2    2426.38    122    1
(advertise)    34    2581.67    16    2
(relay)    41    35    2594.08    2    2374.33    119    1
(advertise)    34    2603.68    35    2
(relay)    33    17    2631.5    2    2605.28    123    1
(advertise)    34    2631.9    17    2
(relay)    33    11    2653.71    2    2321.32    117    1
(advertise)    34    2654.11    11    2
(relay)    41    43    2661.12    2    2498.21    121    1
(advertise)    34    2676.72    43    2
(relay)    27    20    2702.14    3    2700    126    1
(advertise)    34    2702.34    20    3
(relay)    33    44    2704.15    2    2662.31    122    1
(advertise)    34    2725.55    44    2
(relay)    33    10    2727.16    2    2520.24    118    1
(advertise)    34    2746.56    10    2
(relay)    33    2    2771.77    2    2611.27    120    1
(advertise)    34    2772.17    2    2
(relay)    33    46    2796.59    2    2774.2    124    1
(advertise)    34    2797.19    46    2
(relay)    33    36    2816.8    2    2721.35    122    1
(advertise)    34    2819.6    36    2
(relay)    33    32    2838.61    2    2815.21    126    1
(advertise)    34    2841.61    32    2
(relay)    33    1    2859.83    2    2738.31    119    1
(relay)    27    26    2862.63    2    2827.21    126    2
(advertise)    34    2864.83    1    2
(relay)    41    47    2885.24    2    2866.25    125    2
(advertise)    34    2888.64    26    2
(relay)    33    38    2903.45    2    2810.2    124    2
(relay)    27    0    2907.05    2    2661.18    118    3
(advertise)    34    2912.05    47    2
(relay)    41    40    2928.87    2    2893.27    126    3
(advertise)    34    2933.07    38    2
(advertise)    34    2956.68    0    2
(relay)    41    39    2975.09    2    2913.28    125    2
(relay)    27    18    2975.89    2    2886.45    124    3
(advertise)    34    2978.69    40    2
(advertise)    34    3001.7    39    2
(advertise)    34    3025.32    18    2
(relay)    33    8    3039.33    2    2907.23    120    1
(relay)    41    21    3041.93    2    2904.25    119    2
(advertise)    34    3048.13    8    2
(advertise)    34    3071.54    21    2
(relay)    41    30    3085.76    2    2966.3    120    1
(advertise)    34    3092.96    30    2
(relay)    33    15    3105.17    2    2932.27    119    1
(relay)    41    22    3107.97    2    2954.48    120    2
(advertise)    34    3114.17    15    2
(relay)    27    4    3126.78    4    3000.29    122    2
(advertise)    34    3136.98    22    2
(relay)    27    6    3149.2    2    2961.01    122    2
(advertise)    34    3160.2    4    4
(relay)    33    29    3171.41    3    3009.32    123    2
(advertise)    34    3182.41    6    2
(relay)    27    12    3191.62    3    3040.34    124    2
(advertise)    34    3204.22    29    3
(relay)    41    9    3217.23    2    2998.3    119    2
(advertise)    34    3226.03    12    3
(advertise)    34    3249.65    9    2
(relay)    33    25    3259.86    3    3207.23    125    1
(relay)    41    28    3264.86    3    3211.43    120    2
(advertise)    34    3272.66    25    3
(relay)    41    48    3285.87    3    3280.66    126    2
(advertise)    34    3296.67    28    3
(relay)    41    41    3306.09    3    3305.5    127    2
(relay)    27    3    3306.29    3    3195.43    121    3
(advertise)    34    3318.69    48    3
(relay)    33    14    3329.5    3    3211.23    120    3
(advertise)    34    3341.7    41    3
(advertise)    34    3362.91    3    3
(relay)    33    27    3373.73    3    3307.46    125    2
(relay)    33    33    3378.13    3    3377.54    127    3
(advertise)    34    3384.33    14    3
(advertise)    34    3406.14    27    3
(relay)    27    5    3416.55    3    3303.45    123    2
(advertise)    34    3427.55    33    3
(advertise)    34    3449.56    5    3
(relay)    33    23    3463.78    3    3217.43    119    1
(advertise)    34    3471.38    23    3
(relay)    33    7    3486.19    3    3181.37    117    1
(advertise)    34    3494.79    7    3
(relay)    33    31    3508.2    3    3327.93    123    1
(generate)    34    3512.4    [24]    3
(advertise)    34    3517.62    31    3
(relay)    33    37    3530.43    3    3351.71    123    1
(advertise)    34    3539.03    37    3
(relay)    27    13    3559.84    4    3374    123    1
(advertise)    34    3562.04    13    4
(relay)    41    45    3575.06    3    3402.56    123    1
(advertise)    34    3585.06    45    3
(relay)    33    11    3599.27    3    3321.49    123    1
(advertise)    34    3606.67    11    3
(relay)    41    42    3617.88    3    3352.51    120    1
(advertise)    34    3628.08    42    3
(relay)    33    35    3641.49    3    3374.53    121    1
(relay)    27    16    3647.09    3    3426.55    122    2
(advertise)    34    3649.09    35    3
(advertise)    34    3671.31    16    3
(relay)    41    19    3709.12    3    3320.51    117    1
(advertise)    34    3709.32    19    3
(relay)    27    20    3711.93    4    3700    126    1
(relay)    33    43    3725.13    3    3498.4    121    2
(advertise)    34    3732.53    20    4
(advertise)    34    3754.95    43    3
(relay)    33    44    3769.56    3    3662.49    122    1
(relay)    41    10    3774.76    3    3520.42    116    2
(advertise)    34    3776.16    44    3
(advertise)    34    3797.77    10    3
(relay)    33    17    3812.79    3    3605.47    123    1
(relay)    41    46    3816.79    3    3774.37    124    2
(advertise)    34    3819.99    17    3
(advertise)    34    3841.2    46    3
(relay)    27    26    3848.21    3    3827.4    126    1
(relay)    41    36    3860.61    3    3721.55    120    2
(advertise)    34    3862.41    26    3
(relay)    27    0    3870.82    3    3661.34    118    2
(advertise)    34    3883.42    36    3
(relay)    33    2    3900.84    3    3611.46    120    2
(relay)    41    47    3904.64    3    3866.44    125    3
(advertise)    34    3906.04    0    3
(relay)    41    40    3926.85    3    3893.45    126    3
(advertise)    34    3927.65    2    3
(advertise)    34    3949.86    47    3
(relay)    27    1    3959.48    3    3738.51    119    2
(advertise)    34    3971.48    40    3
(relay)    33    39    3989.29    3    3913.46    125    2
(advertise)    34    3992.69    1    3
(advertise)    34    4013.7    39    3
(relay)    27    18    4024.92    3    3886.62    122    1
(advertise)    34    4036.32    18    3
(relay)    27    38    4048.53    3    3810.39    122    1
(advertise)    34    4057.73    38    3
(relay)    33    30    4060.54    3    3966.49    124    1
(advertise)    34    4080.14    30    3
(relay)    27    8    4089.55    3    3907.42    120    1
(advertise)    34    4103.75    8    3
(relay)    33    6    4130.37    3    3961.03    120    1
(advertise)    34    4130.77    6    3
(relay)    33    22    4153.98    3    3955.68    122    1
(advertise)    34    4154.78    22    3
(relay)    27    12    4156.39    4    4040.54    124    1
(heartbeat)    24    1    4025.2    34    4173.99    127    0
(advertise)    34    4176.99    12    4
(relay)    41    21    4192.81    3    3904.42    117    2
(advertise)    34    4200.41    24    1
(advertise)    34    4222.02    21    3
(relay)    33    4    4242.63    5    4000.49    122    1
(advertise)    34    4244.03    4    5
(relay)    33    15    4263.65    3    3932.45    121    1
(advertise)    34    4265.45    15    3
(relay)    41    29    4281.66    4    4009.52    119    1
(relay)    33    25    4285.86    4    4207.42    1    2
(relay)    27    9    4286.46    3    3998.49    121    3
(advertise)    34    4289.06    29    4
(relay)    41    41    4306.27    4    4305.7    7    2
(relay)    27    27    4308.27    4    4307.63    7    3
(advertise)    34    4312.07    9    3
(relay)    41    48    4324.28    4    4280.82    7    3
(advertise)    34    4333.68    41    4
(relay)    27    19    4335.1    4    4320.71    3    3
(advertise)    34    4355.5    27    4
(advertise)    34    4377.71    48    4
(relay)    27    5    4380.52    4    4303.63    3    2
(relay)    41    33    4392.52    4    4377.72    3    3
(advertise)    34    4399.92    19    4
(relay)    33    31    4421.14    4    4328.08    1    3
(advertise)    34    4423.14    5    4
(advertise)    34    4445.15    33    4
(relay)    41    45    4459.16    4    4402.75    1    1
(relay)    41    37    4481.36    4    4351.72    1    1
(relay)    27    32    4484.76    3    3815.41    112    1
(advertise)    34    4484.96    32    3
(relay)    33    28    4486.38    4    4211.63    1    1
(relay)    41    42    4503.58    4    4352.7    1    1
(relay)    27    7    4508.98    4    4181.57    117    1
(advertise)    34    4509.18    7    4
(generate)    34    4512.59    [24]    4
(relay)    33    11    4532.2    4    4321.67    1    1
(relay)    41    35    4595.8    4    4374.71    1    1
(relay)    41    44    4667.6    4    4662.61    1    1
(relay)    33    43    4689.4    4    4498.6    1    1
(relay)    27    20    4701.2    5    4700    126    1
(advertise)    34    4701.4    20    5
(relay)    33    38    4811.61    4    4810.45    1    1
(relay)    27    46    4817.61    4    4774.48    1    1
(relay)    33    32    4835.21    4    4815.54    3    1
(advertise)    34    4835.41    32    4
(relay)    27    26    4841.23    4    4827.44    5    1
(advertise)    34    4858.23    26    4
(relay)    41    47    4883.44    4    4866.53    5    1
(advertise)    34    4883.84    47    4
(relay)    41    40    4905.45    4    4893.52    5    1
(advertise)    34    4905.85    40    4
(relay)    41    39    4926.87    4    4913.64    3    1
(advertise)    34    4929.07    39    4
(relay)    33    18    4947.08    4    4886.73    1    1
(relay)    27    6    4979.28    4    4961.12    3    1
(advertise)    34    4979.48    6    4
(relay)    33    30    4989.29    4    4966.6    1    1
(relay)    27    12    5046.09    5    5040.56    5    1
(advertise)    34    5046.29    12    5
(relay)    33    25    5210.31    5    5207.55    1    1
(relay)    33    28    5235.11    5    5211.73    1    1
(relay)    41    48    5281.71    5    5280.87    7    1
(advertise)    34    5281.91    48    5
(relay)    41    41    5306.72    5    5305.81    7    1
(advertise)    34    5307.72    41    5
(relay)    33    5    5330.53    5    5303.76    1    1
(relay)    27    19    5332.13    5    5320.74    3    1
(advertise)    34    5332.53    19    5
(relay)    27    11    5353.54    5    5321.71    1    1
(relay)    27    13    5377.14    6    5374    123    1
(advertise)    34    5377.34    13    6
(relay)    33    33    5378.96    5    5378.38    5    1
(advertise)    34    5398.36    33    5
(relay)    33    31    5401.37    5    5328.2    1    1
(relay)    41    42    5422.17    5    5353.73    1    1
(relay)    41    45    5443.57    5    5402.9    1    1
(relay)    33    43    5506.37    5    5498.69    1    1
(generate)    34    5512.77    [24]    5
(relay)    41    44    5667.98    5    5662.65    1    1
(relay)    41    36    5723.18    5    5721.67    1    1
(relay)    41    46    5779.38    5    5774.67    3    1
(advertise)    34    5779.58    46    5
(relay)    41    38    5811.4    5    5810.51    1    1
(relay)    27    26    5828.4    5    5827.46    5    1
(advertise)    34    5828.6    26    5
(relay)    33    32    5833.81    5    5815.67    3    1
(advertise)    34    5850.41    32    5
(relay)    33    47    5877.82    5    5866.55    5    1
(advertise)    34    5878.02    47    5
(relay)    33    40    5898.84    5    5893.55    5    1
(advertise)    34    5899.04    40    5
(relay)    33    39    5920.65    5    5913.79    3    1
(advertise)    34    5921.05    39    5
(relay)    33    18    5943.26    5    5886.87    1    1
(relay)    33    29    6013.66    6    6009.66    1    1
(relay)    27    4    6045.46    7    6002.31    1    1
(relay)    33    12    6067.06    6    6040.59    5    1
(advertise)    34    6067.26    12    6
(relay)    33    25    6210.67    6    6207.59    1    1
(relay)    41    48    6282.07    6    6281.05    7    1
(advertise)    34    6282.27    48    6
(relay)    41    41    6306.89    6    6305.86    7    1
(advertise)    34    6308.09    41    6
(relay)    33    19    6330.7    6    6320.89    3    1
(advertise)    34    6331.1    19    6
(relay)    33    31    6352.31    6    6328.22    1    1
(relay)    27    11    6354.91    6    6321.86    1    1
(relay)    33    33    6379.11    6    6378.5    5    1
(advertise)    34    6379.31    33    6
(relay)    33    37    6399.53    6    6351.93    1    1
(relay)    27    13    6405.33    7    6374    123    1
(advertise)    34    6405.53    13    7
(relay)    41    42    6406.74    6    6353.91    1    1
(relay)    33    43    6512.14    6    6498.76    1    1
(generate)    34    6512.94    [24]    6
(relay)    41    44    6667.95    6    6662.68    1    1
(relay)    27    20    6701.15    7    6700    126    1
(advertise)    34    6701.35    20    7
(relay)    41    36    6727.77    6    6721.75    1    1
(relay)    33    46    6777.37    6    6774.72    3    1
(advertise)    34    6777.57    46    6
(relay)    41    38    6811.98    6    6810.64    1    1
(relay)    27    26    6828.38    6    6827.5    5    1
(advertise)    34    6828.58    26    6
(relay)    33    32    6833.59    6    6815.79    3    1
(advertise)    34    6849.99    32    6
(relay)    41    47    6877.8    6    6866.61    5    1
(advertise)    34    6878.0    47    6
(relay)    41    40    6900.02    6    6893.6    5    1
(advertise)    34    6900.42    40    6
(relay)    41    39    6921.83    6    6913.95    3    1
(advertise)    34    6923.43    39    6
(relay)    33    18    6945.04    6    6887.01    1    1
(relay)    33    30    6972.84    6    6966.9    1    1
(relay)    27    6    6975.04    6    6961.14    1    1
(relay)    27    4    7028.64    8    7002.33    1    1
(relay)    33    29    7052.24    7    7009.69    1    1
(relay)    33    25    7210.64    7    7207.65    1    1
(relay)    41    48    7282.44    7    7281.2    7    1
(advertise)    34    7282.64    48    7
(relay)    41    41    7306.86    7    7305.89    7    1
(advertise)    34    7307.06    41    7
(relay)    27    27    7308.87    7    7307.88    7    1
(advertise)    34    7329.07    27    7
(relay)    27    19    7352.08    7    7321.03    3    1
(advertise)    34    7352.88    19    7
(relay)    33    31    7355.3    7    7328.28    1    1
(relay)    33    33    7379.3    7    7378.65    5    1
(relay)    27    11    7379.5    7    7322.0    1    2
(advertise)    34    7379.9    33    7
(relay)    27    13    7424.71    8    7374    121    1
(advertise)    34    7424.91    13    8
(relay)    41    45    7451.72    7    7403.92    1    1
(relay)    33    42    7489.92    7    7354.11    1    1
(relay)    41    43    7504.32    7    7498.83    1    1
(generate)    34    7513.12    [24]    7
(relay)    41    44    7668.73    7    7662.86    1    1
(relay)    33    20    7701.13    8    7700    124    1
(advertise)    34    7701.33    20    8
(relay)    41    36    7734.75    7    7721.81    1    1
(relay)    33    46    7776.55    7    7774.77    3    1
(advertise)    34    7776.75    46    7
(relay)    41    38    7812.16    7    7810.72    1    1
(relay)    27    26    7828.96    7    7827.54    5    1
(advertise)    34    7829.16    26    7
(relay)    33    32    7833.97    7    7815.92    3    1
(advertise)    34    7850.77    32    7
(relay)    41    47    7878.39    7    7866.67    5    1
(advertise)    34    7878.59    47    7
(relay)    27    18    7901.4    7    7887.13    1    1
(relay)    41    40    7901.8    7    7893.63    5    1
(advertise)    34    7902.6    40    7
(relay)    41    39    7924.01    7    7914.14    3    1
(advertise)    34    7925.81    39    7
(relay)    33    30    7971.23    7    7966.93    1    1
(relay)    27    6    7976.03    7    7961.16    3    1
(advertise)    34    7976.23    6    7
(relay)    33    29    8023.24    8    8009.72    1    1
(relay)    27    12    8044.44    8    8040.7    5    1
(advertise)    34    8044.64    12    8
(heartbeat)    24    2    8025.21    34    8065.85    4    4
(advertise)    34    8068.05    24    2
(relay)    27    4    8088.86    9    8002.36    1    1
(relay)    33    25    8210.66    8    8207.67    1    1
(relay)    33    28    8232.66    8    8211.83    1    1
(relay)    41    48    8282.46    8    8281.23    7    1
(advertise)    34    8282.66    48    8
(relay)    41    41    8307.08    8    8305.98    7    1
(advertise)    34    8308.48    41    8
(relay)    33    31    8330.49    8    8328.38    1    1
(relay)    33    5    8355.29    8    8304.03    1    1
(relay)    27    19    8378.69    8    8321.18    3    1
(advertise)    34    8378.89    19    8
(relay)    27    33    8401.9    8    8378.84    3    1
(advertise)    34    8402.3    33    8
(relay)    27    11    8423.12    8    8322.19    1    1
(relay)    41    45    8445.12    8    8404.05    1    1
(relay)    27    13    8445.72    9    8374    121    1
(advertise)    34    8445.92    13    9
(relay)    33    42    8492.93    8    8354.36    1    1
(relay)    41    43    8502.73    8    8498.95    1    1
(generate)    34    8513.13    [24]    8
(relay)    33    44    8668.54    8    8662.91    1    1
(relay)    27    20    8700.34    9    8700    126    1
(advertise)    34    8700.54    20    9
(relay)    33    36    8727.96    8    8721.92    1    1
(relay)    33    46    8775.76    8    8774.83    3    1
(advertise)    34    8775.96    46    8
(relay)    33    38    8813.77    8    8810.82    1    1
(relay)    27    26    8829.37    8    8827.6    3    1
(advertise)    34    8829.57    26    8
(relay)    33    32    8835.98    8    8816.11    3    1
(advertise)    34    8851.58    32    8
(relay)    33    47    8878.39    8    8866.75    5    1
(advertise)    34    8878.59    47    8
(relay)    33    40    8899.81    8    8893.64    5    1
(advertise)    34    8900.01    40    8
(relay)    33    39    8921.62    8    8914.16    3    1
(advertise)    34    8923.62    39    8
(relay)    33    18    8944.03    8    8887.28    1    1
(relay)    27    4    9014.23    10    9002.38    1    1
(relay)    33    12    9042.63    9    9040.77    3    1
(advertise)    34    9042.83    12    9
(relay)    33    29    9066.25    9    9009.74    1    1
(relay)    33    25    9210.25    9    9207.73    1    1
(relay)    41    48    9283.25    9    9281.39    7    1
(advertise)    34    9283.45    48    9
(relay)    41    41    9307.06    9    9306.02    7    1
(advertise)    34    9307.26    41    9
(relay)    33    31    9331.87    9    9328.42    1    1
(relay)    27    19    9332.27    9    9321.34    3    1
(advertise)    34    9332.47    19    9
(relay)    27    11    9356.69    9    9322.34    1    1
(relay)    33    37    9378.49    9    9352.16    1    1
(relay)    33    33    9380.09    9    9379.02    5    1
(advertise)    34    9380.29    33    9
(relay)    41    42    9405.9    9    9355.56    1    1
(relay)    41    45    9452.5    9    9404.55    1    1
(relay)    33    43    9501.9    9    9499.22    1    1
(generate)    34    9513.3    [24]    9
(relay)    33    44    9667.51    9    9662.93    1    1
(relay)    27    20    9700.71    10    9700    126    1
(advertise)    34    9700.91    20    10
(relay)    41    36    9727.93    9    9721.94    1    1
(relay)    41    46    9776.13    9    9774.85    3    1
(advertise)    34    9776.33    46    9
(relay)    41    38    9813.74    9    9810.9    1    1
(relay)    27    26    9829.54    9    9827.61    3    1
(advertise)    34    9829.74    26    9
(relay)    33    32    9837.15    9    9816.18    3    1
(advertise)    34    9851.75    32    9
(relay)    33    47    9881.16    9    9866.79    5    1
(advertise)    34    9881.36    47    9
(relay)    33    40    9905.18    9    9893.66    5    1
(advertise)    34    9905.58    40    9
(relay)    33    39    9926.59    9    9914.3    3    1
(advertise)    34    9928.19    39    9
(relay)    27    6    9975.8    9    9961.33    3    1
(advertise)    34    9976.0    6    9
(relay)    33    30    9999.22    9    9967.22    1    1
(relay)    27    12    10050.02    10    10040.85    3    1
(advertise)    34    10050.22    12    10
(relay)    33    29    10073.83    10    10009.92    1    1
(relay)    33    25    10208.63    10    10207.76    1    1
(relay)    41    48    10283.63    10    10281.53    7    1
(advertise)    34    10283.83    48    10
(relay)    41    41    10306.24    10    10306.08    7    1
(advertise)    34    10307.84    41    10
(relay)    33    27    10331.06    10    10307.97    3    1
(advertise)    34    10331.26    27    10
(relay)    27    5    10332.87    10    10304.2    3    1
(advertise)    34    10353.27    5    10
(relay)    33    19    10355.88    10    10321.51    3    1
(advertise)    34    10374.48    19    10
(relay)    41    37    10378.09    10    10352.36    1    1
(relay)    33    33    10380.09    10    10379.16    5    1
(advertise)    34    10395.49    33    10
(relay)    33    45    10426.11    10    10404.62    1    1
(relay)    33    42    10449.51    10    10356.15    1    1
(relay)    33    35    10470.91    10    10377.36    1    1
(relay)    41    13    10475.31    11    10374    113    1
(advertise)    34    10475.51    13    11
(generate)    34    10513.32    [24]    10
(relay)    33    43    10515.73    10    10499.28    1    1
(relay)    33    44    10666.53    10    10662.97    1    1
(relay)    41    36    10727.33    10    10721.98    1    1
(relay)    41    46    10776.13    10    10775.05    3    1
(advertise)    34    10776.33    46    10
(relay)    41    38    10814.35    10    10810.93    1    1
(relay)    27    26    10829.35    10    10827.62    3    1
(advertise)    34    10829.55    26    10
(relay)    33    32    10835.96    10    10816.32    3    1
(advertise)    34    10850.76    32    10
(relay)    41    47    10878.77    10    10866.84    5    1
(advertise)    34    10878.97    47    10
(relay)    41    40    10901.39    10    10893.74    5    1
(advertise)    34    10902.59    40    10
(relay)    41    39    10923.4    10    10914.45    3    1
(advertise)    34    10924.8    39    10
(relay)    33    30    10971.61    10    10967.37    1    1
(relay)    27    6    10997.41    10    10961.34    3    1
(advertise)    34    10997.61    6    10
(relay)    33    4    11038.62    12    11002.73    1    1
(relay)    33    29    11061.42    11    11010.09    1    1
(relay)    27    12    11061.62    11    11040.87    3    1
(advertise)    34    11061.82    12    11
(relay)    33    25    11208.44    11    11207.81    1    1
(relay)    33    28    11234.04    11    11212.07    1    1
(relay)    41    48    11284.04    11    11281.68    7    1
(advertise)    34    11284.24    48    11
(relay)    41    41    11306.25    11    11306.16    7    1
(advertise)    34    11306.65    41    11
(relay)    27    27    11308.06    11    11308.05    5    1
(advertise)    34    11328.46    27    11
(relay)    27    19    11354.08    11    11321.63    3    1
(advertise)    34    11354.68    19    11
(relay)    27    5    11376.89    11    11304.21    3    1
(advertise)    34    11378.29    5    11
(relay)    33    33    11379.7    11    11379.51    5    1
(relay)    27    11    11397.9    11    11322.59    1    2
(advertise)    34    11400.5    33    11
(relay)    41    37    11403.12    11    11352.51    1    1
(relay)    33    42    11444.52    11    11356.49    1    1
(relay)    33    45    11466.92    11    11404.71    1    1
(relay)    41    43    11503.12    11    11499.37    1    1
(generate)    34    11513.52    [24]    11
(relay)    41    44    11665.73    11    11662.99    1    1
(relay)    27    20    11700.93    12    11700    126    1
(advertise)    34    11701.13    20    12
(relay)    33    36    11732.54    11    11722.06    1    1
(relay)    41    46    11776.74    11    11775.07    3    1
(advertise)    34    11776.94    46    11
(relay)    41    38    11815.55    11    11810.99    1    1
(relay)    27    32    11820.55    11    11816.46    1    1
(relay)    27    26    11843.55    11    11827.69    3    1
(advertise)    34    11843.75    26    11
(relay)    41    47    11880.57    11    11866.9    5    1
(advertise)    34    11880.77    47    11
(relay)    41    40    11902.18    11    11893.8    5    1
(relay)    33    18    11902.78    11    11887.62    1    2
(advertise)    34    11902.98    40    11
(relay)    27    39    11925.39    11    11914.62    1    1
(relay)    27    6    11966.59    11    11961.35    3    1
(advertise)    34    11966.79    6    11
(heartbeat)    24    3    12025.23    34    12026.81    4    4
(advertise)    34    12027.01    24    3
(relay)    27    12    12052.62    12    12040.91    3    1
(advertise)    34    12053.02    12    12
(relay)    41    48    12283.23    12    12281.86    7    1
(advertise)    34    12283.43    48    12
(relay)    41    41    12306.45    12    12306.27    7    1
(advertise)    34    12307.65    41    12
(relay)    33    31    12333.06    12    12328.62    1    1
(relay)    27    5    12334.86    12    12304.28    3    1
(advertise)    34    12335.26    5    12
(relay)    27    19    12358.07    12    12321.78    3    1
(advertise)    34    12358.47    19    12
(relay)    41    37    12359.68    12    12352.68    1    1
(relay)    33    33    12379.68    12    12379.65    5    1
(relay)    27    13    12380.88    13    12374    123    2
(advertise)    34    12381.48    33    12
(advertise)    34    12403.9    13    13
(relay)    27    11    12427.31    12    12322.72    1    1
(relay)    41    45    12450.91    12    12405.01    1    1
(relay)    41    43    12503.11    12    12499.46    1    1
(generate)    34    12513.71    [24]    12
(relay)    41    44    12665.12    12    12663.04    1    1
(relay)    27    20    12701.72    13    12700    126    1
(advertise)    34    12701.92    20    13
(relay)    33    36    12731.34    12    12722.15    1    1
(relay)    41    46    12777.94    12    12775.07    3    1
(advertise)    34    12778.14    46    12
(relay)    33    38    12814.55    12    12811.08    1    1
(relay)    27    26    12829.15    12    12827.73    3    1
(advertise)    34    12829.35    26    12
(relay)    33    32    12835.96    12    12816.6    3    1
(advertise)    34    12850.76    32    12
(relay)    41    47    12880.78    12    12866.97    5    1
(advertise)    34    12880.98    47    12
(relay)    33    40    12902.99    12    12893.87    5    1
(advertise)    34    12903.79    40    12
(relay)    33    39    12923.6    12    12914.8    3    1
(advertise)    34    12925.8    39    12
(relay)    27    18    12927.01    12    12887.75    1    1
(relay)    33    6    12973.21    12    12961.36    3    1
(advertise)    34    12973.41    6    12
(relay)    33    30    12998.43    12    12967.66    1    1
(relay)    27    4    13027.43    14    13003.94    1    1
(relay)    27    12    13050.23    13    13040.95    3    1
(advertise)    34    13050.43    12    13
(relay)    33    25    13209.24    13    13207.88    1    1
(relay)    33    48    13282.84    13    13282.03    5    1
(advertise)    34    13283.04    48    13
(relay)    41    41    13306.85    13    13306.34    7    1
(advertise)    34    13307.25    41    13
(relay)    27    27    13308.67    13    13308.13    5    1
(advertise)    34    13328.67    27    13
(relay)    27    19    13354.08    13    13321.95    3    1
(advertise)    34    13354.28    19    13
(relay)    33    33    13380.09    13    13380.01    5    1
(advertise)    34    13380.49    33    13
(relay)    33    11    13398.11    13    13322.88    1    1
(relay)    33    42    13419.71    13    13357.87    1    1
(relay)    41    45    13429.51    13    13405.07    1    1
(relay)    27    13    13450.31    14    13374    121    1
(advertise)    34    13450.51    13    14
(relay)    41    43    13505.52    13    13499.56    1    1
(generate)    34    13513.72    [24]    13
(relay)    41    44    13665.53    13    13663.08    1    1
(relay)    27    20    13701.93    14    13700    126    1
(advertise)    34    13702.13    20    14
(relay)    33    36    13731.74    13    13722.22    1    1
(relay)    41    46    13777.94    13    13775.11    3    1
(advertise)    34    13778.14    46    13
(relay)    33    38    13812.76    13    13811.16    1    1
(relay)    27    26    13829.16    13    13827.79    3    1
(advertise)    34    13829.36    26    13
(relay)    33    32    13834.17    13    13816.71    3    1
(advertise)    34    13851.37    32    13
(relay)    33    47    13879.18    13    13867.06    5    1
(advertise)    34    13879.38    47    13
(relay)    41    40    13902.6    13    13893.92    5    1
(advertise)    34    13903.8    40    13
(relay)    33    39    13921.81    13    13914.98    3    1
(advertise)    34    13925.81    39    13
(relay)    33    18    13943.62    13    13887.9    1    1
(relay)    33    30    13972.02    13    13967.81    1    1
(relay)    27    6    13976.62    13    13961.38    3    1
(advertise)    34    13976.82    6    13
(relay)    33    29    14020.44    14    14010.42    1    1
(relay)    27    4    14047.44    15    14003.95    1    1
(relay)    27    12    14072.44    14    14040.98    3    1
(advertise)    34    14072.64    12    14
(relay)    33    25    14210.45    14    14208.74    1    1
(relay)    41    48    14282.45    14    14282.2    7    1
(advertise)    34    14282.65    48    14
(relay)    41    41    14307.06    14    14306.42    7    1
(advertise)    34    14307.26    41    14
(relay)    27    27    14309.87    14    14309.39    5    1
(advertise)    34    14328.67    27    14
(relay)    33    5    14331.29    14    14304.43    3    1
(advertise)    34    14351.49    5    14
(relay)    33    31    14375.3    14    14328.87    1    1
(relay)    27    19    14375.5    14    14322.1    3    1
(advertise)    34    14376.3    19    14
(relay)    33    33    14380.71    14    14380.19    5    1
(advertise)    34    14397.31    33    14
(relay)    41    42    14421.33    14    14357.87    1    1
(relay)    33    11    14440.93    14    14323.03    1    1
(relay)    41    45    14448.73    14    14405.75    1    1
(relay)    41    43    14506.53    14    14499.65    1    1
(generate)    34    14513.73    [24]    14
(relay)    41    44    14666.34    14    14663.1    1    1
(relay)    27    20    14701.74    15    14700    126    1
(advertise)    34    14701.94    20    15
(relay)    33    36    14729.75    14    14722.28    1    1
(relay)    41    46    14778.55    14    14775.3    3    1
(advertise)    34    14778.75    46    14
(relay)    33    38    14812.97    14    14811.25    1    1
(relay)    27    32    14818.97    14    14816.81    1    1
(relay)    27    26    14841.77    14    14827.86    3    1
(advertise)    34    14841.97    26    14
(relay)    33    47    14881.38    14    14867.09    1    1
(relay)    27    18    14891.78    14    14888.05    1    1
(relay)    41    40    14902.58    14    14893.92    5    1
(advertise)    34    14902.78    40    14
(relay)    41    39    14924.99    14    14915.13    3    1
(advertise)    34    14925.79    39    14
(relay)    33    6    14986.4    14    14961.49    3    1
(advertise)    34    14986.6    6    14
(relay)    27    4    15032.82    16    15003.96    1    1
(relay)    33    12    15056.62    15    15041.03    3    1
(advertise)    34    15056.82    12    15
(relay)    33    25    15211.03    15    15208.8    1    1
(relay)    33    28    15235.63    15    15212.48    1    1
(relay)    41    48    15283.23    15    15282.38    7    1
(advertise)    34    15283.43    48    15
(relay)    41    41    15307.04    15    15306.49    7    1
(advertise)    34    15308.64    41    15
(relay)    27    27    15309.86    15    15309.4    5    1
(advertise)    34    15329.66    27    15
(relay)    33    5    15332.67    15    15304.5    3    1
(advertise)    34    15351.67    5    15
(relay)    27    19    15374.88    15    15322.28    3    1
(advertise)    34    15375.08    19    15
(relay)    33    31    15377.5    15    15328.9    1    1
(relay)    33    33    15380.9    15    15380.37    5    1
(advertise)    34    15397.5    33    15
(relay)    33    11    15421.11    15    15323.2    1    1
(relay)    41    42    15422.11    15    15358.06    1    1
(relay)    41    45    15442.31    15    15405.84    1    1
(relay)    33    37    15443.11    15    15353.21    1    1
(relay)    41    35    15465.51    15    15379.2    1    1
(generate)    34    15513.91    [24]    15
(relay)    33    43    15529.72    15    15499.72    1    1
(relay)    41    44    15667.32    15    15663.14    1    1
(relay)    41    36    15724.12    15    15722.33    1    1
(relay)    33    46    15780.12    15    15775.31    3    1
(advertise)    34    15780.32    46    15
(relay)    41    38    15812.33    15    15811.31    1    1
(relay)    27    26    15828.93    15    15828.05    3    1
(advertise)    34    15829.13    26    15
(relay)    33    32    15837.75    15    15816.92    3    1
(advertise)    34    15850.95    32    15
(relay)    33    47    15882.56    15    15867.14    5    1
(advertise)    34    15882.76    47    15
(relay)    33    40    15903.97    15    15893.96    5    1
(advertise)    34    15906.37    40    15
(relay)    41    39    15928.19    15    15915.31    3    1
(relay)    33    18    15928.79    15    15888.16    1    2
(advertise)    34    15929.19    39    15
(relay)    33    6    15975.8    15    15961.51    3    1
(advertise)    34    15976.0    6    15
(relay)    27    4    16027.01    17    16004.14    1    1
(heartbeat)    24    4    16025.24    34    16029.61    4    4
(advertise)    34    16029.81    24    4
(relay)    27    12    16069.03    16    16041.08    3    1
(advertise)    34    16069.23    12    16
(relay)    41    48    16283.44    16    16282.57    7    1
(advertise)    34    16283.64    48    16
(relay)    27    25    16291.45    16    16208.85    2    1
(advertise)    34    16307.65    25    16
(relay)    27    5    16313.06    16    16304.59    1    1
(relay)    27    19    16334.26    16    16322.44    3    1
(advertise)    34    16334.46    19    16
(relay)    27    11    16356.08    16    16323.36    1    1
(relay)    41    37    16358.28    16    16353.38    1    1
(relay)    33    31    16377.28    16    16329.0    1    1
(relay)    27    13    16379.28    17    16374    123    1
(advertise)    34    16379.48    13    17
(relay)    27    33    16402.29    16    16380.53    3    1
(advertise)    34    16402.89    33    16
(relay)    41    45    16426.9    16    16405.89    1    1
(relay)    33    42    16463.7    16    16358.23    1    1
(relay)    33    35    16510.3    16    16379.29    1    1
(generate)    34    16514.1    [24]    16
(relay)    41    44    16668.32    16    16663.16    1    1
(relay)    27    20    16701.32    17    16700    126    1
(advertise)    34    16701.52    20    17
(relay)    41    36    16735.33    16    16722.44    1    1
(relay)    41    38    16813.13    16    16811.42    1    1
(relay)    27    26    16828.93    16    16828.11    3    1
(advertise)    34    16829.13    26    16
(relay)    33    32    16835.54    16    16817.06    3    1
(advertise)    34    16850.14    32    16
(relay)    41    47    16877.76    16    16867.21    5    1
(advertise)    34    16878.36    47    16
(relay)    33    40    16900.37    16    16894.01    5    1
(advertise)    34    16901.57    40    16
(relay)    41    39    16923.38    16    16915.48    3    1
(advertise)    34    16923.58    39    16
(relay)    33    6    16973.19    16    16961.52    3    1
(advertise)    34    16973.39    6    16
(relay)    33    30    16997.21    16    16968.82    1    1
(relay)    27    4    17019.41    18    17004.15    1    1
(relay)    33    12    17065.21    17    17041.14    3    1
(advertise)    34    17065.41    12    17
(relay)    33    25    17211.82    17    17208.87    1    1
(relay)    41    48    17284.02    17    17282.72    7    1
(advertise)    34    17284.22    48    17
(relay)    41    41    17307.63    17    17306.61    7    1
(advertise)    34    17307.83    41    17
(relay)    27    27    17310.85    17    17309.79    5    1
(advertise)    34    17329.85    27    17
(relay)    27    5    17334.26    17    17304.66    1    1
(relay)    27    19    17357.06    17    17322.57    3    1
(advertise)    34    17357.26    19    17
(relay)    33    31    17374.87    17    17329.08    1    1
(relay)    33    33    17381.67    17    17380.7    5    1
(relay)    41    37    17382.27    17    17353.41    1    2
(advertise)    34    17382.47    33    17
(relay)    27    11    17406.29    17    17323.5    1    1
(relay)    27    13    17447.09    18    17374    123    1
(advertise)    34    17447.29    13    18
(relay)    41    45    17472.9    17    17405.96    1    1
(relay)    41    43    17504.5    17    17499.95    1    1
(generate)    34    17514.3    [24]    17
(relay)    41    44    17668.71    17    17663.21    1    1
(relay)    33    20    17700.91    18    17700    124    1
(advertise)    34    17701.11    20    18
(relay)    33    46    17777.12    17    17775.37    3    1
(advertise)    34    17777.32    46    17
(relay)    41    38    17813.54    17    17811.49    1    1
(relay)    27    32    17818.54    17    17817.13    1    1
(relay)    27    26    17840.14    17    17828.19    3    1
(advertise)    34    17840.34    26    17
(relay)    33    47    17879.75    17    17867.27    5    1
(advertise)    34    17879.95    47    17
(relay)    27    18    17902.16    17    17888.42    1    1
(relay)    33    40    17902.36    17    17894.05    5    1
(advertise)    34    17903.96    40    17
(relay)    41    39    17925.78    17    17915.63    3    1
(advertise)    34    17925.98    39    17
(relay)    33    30    17969.79    17    17968.99    1    1
(relay)    27    6    17973.79    17    17961.53    1    1
(relay)    33    29    18024.99    18    18010.98    1    1
(relay)    33    4    18047.39    19    18004.37    1    1
(relay)    33    12    18069.39    18    18041.18    3    1
(advertise)    34    18069.59    12    18
(relay)    33    25    18212.2    18    18208.93    1    1
(relay)    41    48    18284.6    18    18282.88    7    1
(advertise)    34    18284.8    48    18
(relay)    41    41    18307.62    18    18306.67    7    1
(advertise)    34    18307.82    41    18
(relay)    33    31    18333.03    18    18329.33    1    1
(relay)    27    19    18335.83    18    18322.57    3    1
(advertise)    34    18336.03    19    18
(relay)    27    11    18358.24    18    18323.65    1    1
(relay)    33    37    18379.44    18    18353.6    1    1
(relay)    33    33    18381.84    18    18380.86    5    1
(advertise)    34    18382.04    33    18
(relay)    33    13    18407.05    19    18374    123    1
(advertise)    34    18407.45    13    19
(relay)    33    42    18429.67    18    18358.27    1    1
(relay)    41    45    18491.67    18    18406.06    1    1
(relay)    33    43    18513.67    18    18500.05    1    1
(generate)    34    18514.47    [24]    18
(relay)    41    44    18669.48    18    18663.25    1    1
(relay)    27    20    18700.48    19    18700    126    1
(advertise)    34    18700.68    20    19
(relay)    41    36    18728.09    18    18722.56    1    1
(relay)    33    46    18776.49    18    18775.39    3    1
(advertise)    34    18776.69    46    18
(relay)    27    32    18820.11    18    18817.24    1    1
(relay)    27    26    18841.51    18    18828.23    3    1
(advertise)    34    18841.71    26    18
(relay)    33    47    18879.92    18    18867.31    5    1
(advertise)    34    18880.12    47    18
(relay)    33    40    18901.33    18    18894.07    5    1
(advertise)    34    18901.93    40    18
(relay)    33    39    18924.35    18    18915.78    3    1
(advertise)    34    18924.95    39    18
(relay)    33    30    18970.76    18    18969.07    1    1
(relay)    27    6    18977.36    18    18961.55    3    1
(advertise)    34    18977.56    6    18
(relay)    33    29    19019.37    19    19011.11    1    1
(relay)    27    4    19023.37    20    19004.38    1    1
(relay)    27    12    19066.17    19    19041.26    3    1
(advertise)    34    19066.37    12    19
(relay)    41    48    19284.78    19    19283.03    7    1
(advertise)    34    19284.98    48    19
(relay)    41    41    19306.8    19    19306.73    7    1
(advertise)    34    19307.0    41    19
(relay)    27    27    19311.01    19    19310.87    5    1
(advertise)    34    19328.41    27    19
(relay)    27    19    19353.62    19    19322.72    3    1
(advertise)    34    19353.82    19    19
(relay)    27    5    19375.84    19    19304.82    3    1
(advertise)    34    19376.24    5    19
(relay)    33    33    19382.05    19    19380.97    5    1
(relay)    27    11    19397.45    19    19323.8    1    2
(advertise)    34    19399.25    33    19
(relay)    41    42    19443.26    19    19358.29    1    1
(relay)    41    45    19465.86    19    19406.13    1    1
(relay)    41    35    19487.46    19    19379.61    1    1
(relay)    41    43    19508.46    19    19500.14    1    1
(generate)    34    19514.66    [24]    19
(relay)    33    44    19666.68    19    19663.27    1    1
(relay)    27    20    19700.88    20    19700    126    1
(advertise)    34    19701.08    20    20
(relay)    41    36    19735.89    19    19722.62    1    1
(relay)    27    46    19777.89    19    19775.42    1    1
(relay)    41    38    19815.09    19    19811.67    1    1
(relay)    27    26    19829.89    19    19828.27    3    1
(advertise)    34    19830.09    26    19
(relay)    33    32    19838.5    19    19817.39    3    1
(advertise)    34    19852.3    32    19
(relay)    33    47    19880.91    19    19867.37    5    1
(advertise)    34    19881.31    47    19
(relay)    33    40    19901.93    19    19894.13    5    1
(advertise)    34    19903.53    40    19
(relay)    33    39    19924.94    19    19915.94    3    1
(advertise)    34    19925.74    39    19
(relay)    27    18    19926.95    19    19888.75    1    1
(relay)    27    6    19977.75    19    19961.68    3    1
(advertise)    34    19977.95    6    19
(heartbeat)    24    5    20025.25    34    20027.17    4    6
(advertise)    34    20027.37    24    5
(relay)    33    29    20051.78    20    20011.11    1    1
(relay)    27    12    20052.98    20    20041.29    3    1
(advertise)    34    20053.18    12    20
(relay)    27    4    20099.19    21    20005.59    1    1
(relay)    33    25    20209.79    20    20209.07    1    1
(relay)    41    48    20285.39    20    20283.22    7    1
(advertise)    34    20285.59    48    20
(relay)    41    41    20307.01    20    20306.85    7    1
(advertise)    34    20308.41    41    20
(relay)    27    27    20311.62    20    20311.52    5    1
(advertise)    34    20331.02    27    20
(relay)    27    19    20334.23    20    20322.91    3    1
(advertise)    34    20352.23    19    20
(relay)    33    31    20376.44    20    20329.44    1    1
(relay)    27    5    20377.84    20    20304.92    3    1
(advertise)    34    20378.04    5    20
(relay)    33    33    20382.26    20    20381.16    5    1
(advertise)    34    20399.46    33    20
(relay)    33    37    20419.47    20    20353.78    1    1
(relay)    27    11    20423.07    20    20323.82    1    1
(relay)    41    42    20424.67    20    20358.48    1    1
(relay)    41    45    20448.47    20    20406.23    1    1
(relay)    41    35    20471.67    20    20379.71    1    1
(relay)    33    13    20485.67    21    20374    123    1
(advertise)    34    20485.87    13    21
(generate)    34    20514.68    [24]    20
(relay)    41    43    20601.1    20    20500.26    1    1
(relay)    33    44    20665.9    20    20663.33    1    1
(relay)    41    36    20728.5    20    20722.68    1    1
(relay)    41    46    20776.9    20    20775.47    3    1
(advertise)    34    20777.1    46    20
(relay)    41    38    20814.91    20    20811.74    1    1
(relay)    27    32    20820.91    20    20817.52    1    1
(relay)    27    26    20843.91    20    20828.35    3    1
(advertise)    34    20844.11    26    20
(relay)    41    47    20882.72    20    20867.44    5    1
(advertise)    34    20882.92    47    20
(relay)    33    18    20905.54    20    20888.91    1    1
(relay)    41    40    20906.74    20    20894.21    5    1
(advertise)    34    20906.94    40    20
(relay)    41    39    20928.35    20    20916.13    3    1
(advertise)    34    20928.55    39    20
(relay)    27    6    20977.56    20    20961.69    3    1
(advertise)    34    20977.76    6    20
(relay)    33    4    21028.37    22    21005.6    1    1
(relay)    33    12    21052.97    21    21041.35    3    1
(advertise)    34    21053.17    12    21
(relay)    33    29    21077.79    21    21011.29    1    1
(relay)    33    25    21209.79    21    21209.14    1    1
(relay)    41    48    21284.59    21    21283.37    7    1
(advertise)    34    21284.79    48    21
(relay)    41    41    21307.0    21    21306.94    7    1
(advertise)    34    21307.6    41    21
(relay)    27    27    21311.81    21    21311.64    5    1
(advertise)    34    21330.81    27    21
(relay)    33    5    21332.03    21    21304.99    1    1
(relay)    33    19    21377.23    21    21323.05    3    1
(advertise)    34    21377.43    19    21
(relay)    33    33    21381.44    21    21381.34    5    1
(relay)    33    37    21398.24    21    21353.93    1    2
(advertise)    34    21399.44    33    21
(relay)    27    11    21401.25    21    21324.0    1    1
(relay)    33    42    21424.45    21    21358.67    1    1
(relay)    27    13    21445.65    22    21374    123    1
(advertise)    34    21445.85    13    22
(relay)    33    45    21469.27    21    21406.28    1    1
(relay)    33    35    21490.67    21    21379.78    1    1
(generate)    34    21514.87    [24]    21
(relay)    41    43    21539.88    21    21500.32    1    1
(relay)    33    44    21664.88    21    21663.34    1    1
(relay)    27    20    21700.88    22    21700    126    1
(advertise)    34    21701.08    20    22
(relay)    33    36    21731.89    21    21722.73    1    1
(relay)    41    46    21777.49    21    21775.52    3    1
(advertise)    34    21777.69    46    21
(relay)    41    38    21815.9    21    21811.77    1    1
(relay)    33    32    21819.9    21    21817.68    3    1
(advertise)    34    21820.1    32    21
(relay)    33    26    21841.12    21    21828.4    3    1
(advertise)    34    21841.72    26    21
(relay)    33    47    21871.33    21    21867.55    1    1
(relay)    27    18    21892.33    21    21889.07    1    1
(relay)    41    40    21903.93    21    21894.29    5    1
(advertise)    34    21904.13    40    21
(relay)    41    39    21924.14    21    21916.13    3    1
(advertise)    34    21925.34    39    21
(relay)    27    6    21974.96    21    21961.7    3    1
(advertise)    34    21975.16    6    21
(relay)    33    30    21999.57    21    21969.53    1    1
(relay)    27    4    22011.57    23    22005.79    1    1
(relay)    27    12    22056.37    22    22041.4    3    1
(advertise)    34    22056.57    12    22
(relay)    33    25    22210.18    22    22209.24    1    1
(relay)    41    48    22284.98    22    22283.55    7    1
(advertise)    34    22285.18    48    22
(relay)    41    41    22307.6    22    22307.03    7    1
(advertise)    34    22307.8    41    22
(relay)    27    27    22312.21    22    22311.7    5    1
(advertise)    34    22329.61    27    22
(relay)    27    5    22331.42    22    22305.06    3    1
(advertise)    34    22352.02    5    22
(relay)    27    19    22355.23    22    22323.21    3    1
(advertise)    34    22374.03    19    22
(relay)    27    13    22379.85    23    22374    123    1
(relay)    33    33    22381.65    22    22381.52    5    2
(advertise)    34    22395.65    13    23
(relay)    41    42    22398.66    22    22358.86    1    2
(advertise)    34    22417.06    33    22
(relay)    33    37    22460.67    22    22354.11    1    1
(relay)    33    45    22502.07    22    22406.39    1    1
(generate)    34    22514.87    [24]    22
(relay)    41    43    22538.29    22    22500.4    1    1
(relay)    41    44    22665.29    22    22663.39    1    1
(relay)    27    20    22701.69    23    22700    126    1
(advertise)    34    22701.89    20    23
(relay)    33    36    22729.1    22    22722.77    1    1
(relay)    41    46    22778.1    22    22775.55    3    1
(advertise)    34    22778.3    46    22
(relay)    33    38    22814.91    22    22811.85    1    1
(relay)    27    26    22829.91    22    22828.6    3    1
(advertise)    34    22830.11    26    22
(relay)    33    32    22837.73    22    22817.81    3    1
(advertise)    34    22852.53    32    22
(relay)    33    47    22882.14    22    22867.63    5    1
(advertise)    34    22882.34    47    22
(relay)    33    40    22903.15    22    22894.35    5    1
(advertise)    34    22904.55    40    22
(relay)    33    39    22924.16    22    22916.32    3    1
(advertise)    34    22925.76    39    22
(relay)    33    18    22947.98    22    22889.19    1    1
(relay)    33    30    22992.98    22    22969.7    1    1
(relay)    33    6    23015.78    22    22961.72    3    1
(advertise)    34    23015.98    6    22
(relay)    27    4    23063.79    24    23005.82    1    1
(relay)    33    29    23084.39    23    23011.47    1    1
(relay)    27    12    23086.39    23    23041.42    3    1
(advertise)    34    23086.59    12    23
(relay)    33    25    23212.2    23    23210.5    1    1
(relay)    33    28    23236.8    23    23212.81    1    1
(relay)    41    48    23284.2    23    23283.72    7    1
(advertise)    34    23284.4    48    23
(relay)    41    41    23307.62    23    23307.1    7    1
(advertise)    34    23308.02    41    23
(relay)    27    27    23312.23    23    23311.73    5    1
(advertise)    34    23330.23    27    23
(relay)    27    19    23353.84    23    23323.39    3    1
(advertise)    34    23354.04    19    23
(relay)    27    11    23375.46    23    23324.28    1    1
(relay)    27    13    23398.06    24    23374    123    1
(advertise)    34    23398.26    13    24
(relay)    33    42    23401.07    23    23359.04    1    1
(relay)    27    33    23421.07    23    23381.52    3    1
(advertise)    34    23421.27    33    23
(relay)    33    37    23423.28    23    23354.11    1    1
(relay)    41    45    23450.08    23    23406.49    1    1
(relay)    41    43    23507.08    23    23500.51    1    1
(generate)    34    23514.88    [24]    23
(relay)    41    44    23665.69    23    23663.4    1    1
(relay)    27    20    23701.89    24    23700    126    1
(advertise)    34    23702.09    20    24
(relay)    33    36    23731.51    23    23722.86    1    1
(relay)    41    46    23778.91    23    23775.6    3    1
(advertise)    34    23779.11    46    23
(relay)    33    38    23813.72    23    23811.92    1    1
(relay)    27    26    23829.92    23    23828.64    3    1
(advertise)    34    23830.12    26    23
(relay)    33    32    23836.13    23    23817.93    3    1
(advertise)    34    23851.53    32    23
(relay)    41    47    23884.15    23    23867.71    5    1
(advertise)    34    23884.35    47    23
(relay)    41    40    23905.36    23    23894.39    5    1
(advertise)    34    23907.16    40    23
(relay)    41    39    23927.97    23    23916.48    3    1
(advertise)    34    23930.17    39    23
(relay)    27    18    23931.79    23    23889.35    1    1
(relay)    27    6    23979.39    23    23961.73    3    1
(advertise)    34    23979.59    6    23
(relay)    33    30    24002.2    23    23969.85    1    1
(relay)    27    4    24026.4    25    24006.02    1    1
(heartbeat)    24    6    24025.27    34    24045.2    4    6
(advertise)    34    24045.4    24    6
(relay)    33    29    24072.21    24    24011.66    1    1
(relay)    27    12    24130.61    24    24041.45    1    1
(relay)    33    7    24186.01    24    24183.37    1    1
(relay)    33    25    24212.41    24    24210.57    1    1
(relay)    33    28    24237.61    24    24213.0    1    1
(relay)    33    14    24264.01    24    24212.47    1    1
(relay)    41    48    24284.21    24    24283.92    7    1
(advertise)    34    24284.41    48    24
(relay)    41    41    24307.82    24    24307.17    7    1
(advertise)    34    24308.82    41    24
(relay)    27    27    24312.44    24    24311.81    5    1
(advertise)    34    24331.04    27    24
(relay)    33    19    24355.45    24    24323.4    3    1
(advertise)    34    24355.65    19    24
(relay)    33    37    24379.26    24    24354.29    1    1
(relay)    27    11    24381.06    24    24324.29    1    1
(relay)    33    33    24382.06    24    24381.55    5    1
(advertise)    34    24382.26    33    24
(relay)    33    42    24425.88    24    24359.06    1    1
(relay)    33    45    24446.68    24    24406.63    1    1
(relay)    33    35    24470.08    24    24381.29    1    1
(relay)    33    43    24507.48    24    24500.6    1    1
(generate)    34    24515.08    [24]    24
(relay)    41    44    24667.09    24    24663.46    1    1
(relay)    27    20    24701.69    25    24700    126    1
(advertise)    34    24701.89    20    25
(relay)    33    36    24732.5    24    24722.92    1    1
(relay)    41    46    24778.9    24    24775.66    3    1
(advertise)    34    24779.1    46    24
(relay)    33    38    24813.72    24    24812.02    1    1
(relay)    27    32    24820.72    24    24818.1    1    1
(relay)    27    26    24843.32    24    24828.73    3    1
(advertise)    34    24843.52    26    24
(relay)    33    47    24882.53    24    24867.8    1    1
(relay)    27    18    24893.13    24    24889.52    1    1
(relay)    41    40    24904.33    24    24894.46    5    1
(advertise)    34    24904.53    40    24
(relay)    41    39    24927.34    24    24916.66    3    1
(advertise)    34    24927.94    39    24
(relay)    33    21    24970.55    24    24906.06    1    1
(relay)    33    22    25014.15    24    24958.43    1    1
(relay)    27    4    25028.75    26    25006.05    1    1
(relay)    27    12    25053.75    25    25041.51    3    1
(advertise)    34    25053.95    12    25
(relay)    33    29    25060.57    25    25011.66    1    1
(relay)    33    7    25186.37    25    25183.45    1    1
(relay)    33    25    25213.17    25    25210.65    1    1
(relay)    33    28    25238.57    25    25213.01    3    1
(advertise)    34    25238.77    28    25
(relay)    33    14    25263.78    25    25212.66    1    1
(relay)    41    48    25284.98    25    25284.1    7    1
(advertise)    34    25285.18    48    25
(relay)    41    41    25308.19    25    25307.24    7    1
(advertise)    34    25308.79    41    25
(relay)    27    27    25312.81    25    25311.83    5    1
(advertise)    34    25329.81    27    25
(relay)    27    5    25334.42    25    25305.31    3    1
(advertise)    34    25351.62    5    25
(relay)    27    19    25356.43    25    25323.54    3    1
(advertise)    34    25374.23    19    25
(relay)    33    31    25377.65    25    25329.74    1    1
(relay)    27    11    25380.05    25    25324.43    1    1
(relay)    33    33    25382.05    25    25381.56    5    1
(advertise)    34    25396.25    33    25
(relay)    41    45    25422.66    25    25406.74    1    1
(relay)    27    13    25425.26    26    25374    123    1
(advertise)    34    25425.46    13    26
(relay)    33    35    25490.67    25    25381.35    1    1
(relay)    41    43    25507.07    25    25500.71    1    1
(generate)    34    25515.27    [24]    25
(relay)    41    44    25668.48    25    25663.52    1    1
(relay)    41    36    25724.68    25    25722.99    1    1
(relay)    41    46    25779.88    25    25775.68    3    1
(advertise)    34    25780.08    46    25
(relay)    41    38    25813.1    25    25812.1    1    1
(relay)    33    32    25819.7    25    25818.27    3    1
(advertise)    34    25819.9    32    25
(relay)    33    26    25841.31    25    25828.75    3    1
(advertise)    34    25843.11    26    25
(relay)    41    47    25879.52    25    25867.86    5    1
(advertise)    34    25879.72    47    25
(relay)    41    40    25902.54    25    25894.49    5    1
(advertise)    34    25903.14    40    25
(relay)    41    39    25924.55    25    25916.85    3    1
(advertise)    34    25925.15    39    25
(relay)    41    21    25950.16    25    25906.12    1    1
(relay)    27    15    25973.36    25    25937.71    1    1
(relay)    27    6    26018.36    25    25962.06    3    1
(advertise)    34    26018.56    6    25
(relay)    27    4    26041.58    27    26006.07    1    1
(relay)    33    12    26063.98    26    26041.77    3    1
(advertise)    34    26064.18    12    26
(relay)    27    7    26187.99    26    26183.55    1    1
(relay)    33    25    26214.19    26    26211.33    1    1
(relay)    33    28    26237.39    26    26213.2    1    1
(relay)    33    14    26261.39    26    26212.67    3    1
(advertise)    34    26261.59    14    26
(relay)    41    48    26286.2    26    26284.27    7    1
(advertise)    34    26286.4    48    26
(relay)    41    41    26308.41    26    26307.36    7    1
(advertise)    34    26309.21    41    26
(relay)    27    27    26313.03    26    26311.98    5    1
(advertise)    34    26330.83    27    26
(relay)    27    19    26334.24    26    26323.73    3    1
(advertise)    34    26353.04    19    26
(relay)    33    31    26354.65    26    26329.75    1    1
(relay)    27    5    26357.25    26    26305.4    3    1
(advertise)    34    26375.25    5    26
(relay)    27    11    26379.67    26    26325.03    1    1
(relay)    33    33    26382.07    26    26381.57    5    1
(advertise)    34    26396.67    33    26
(relay)    41    42    26401.28    26    26359.14    1    1
(relay)    27    13    26424.88    27    26374    123    1
(advertise)    34    26425.08    13    27
(relay)    41    45    26473.29    26    26406.86    1    1
(relay)    33    43    26513.69    26    26500.82    1    1
(generate)    34    26515.29    [24]    26
(relay)    41    44    26668.91    26    26663.59    1    1
(relay)    27    20    26701.31    27    26700    126    1
(advertise)    34    26701.51    20    27
(relay)    41    36    26736.52    26    26723.1    1    1
(relay)    33    46    26777.92    26    26775.75    3    1
(advertise)    34    26778.12    46    26
(relay)    41    38    26813.73    26    26812.23    1    1
(relay)    27    26    26829.73    26    26828.82    3    1
(advertise)    34    26829.93    26    26
(relay)    27    32    26851.34    26    26818.43    1    1
(relay)    41    47    26877.74    26    26867.96    5    1
(advertise)    34    26877.94    47    26
(relay)    41    40    26900.16    26    26894.59    5    1
(advertise)    34    26900.36    40    26
(relay)    41    39    26921.17    26    26916.9    3    1
(advertise)    34    26921.97    39    26
(relay)    33    18    26945.98    26    26889.81    1    1
(relay)    41    21    26947.58    26    26906.22    1    1
(relay)    33    30    26988.58    26    26970.29    1    1
(relay)    27    15    26992.18    26    26938.53    1    1
(relay)    33    22    27031.18    26    26958.55    1    1
(relay)    27    4    27037.38    28    27006.11    1    1
(relay)    33    29    27074.98    27    27011.87    1    1
(relay)    27    12    27079.78    27    27041.88    3    1
(advertise)    34    27079.98    12    27
(relay)    33    7    27188.2    27    27183.63    1    1
(relay)    33    25    27215.0    27    27211.45    1    1
(relay)    33    28    27238.2    27    27213.23    1    1
(relay)    33    14    27263.0    27    27212.72    1    1
(relay)    41    48    27285.8    27    27284.44    7    1
(advertise)    34    27286.0    48    27
(relay)    41    41    27308.41    27    27307.44    7    1
(advertise)    34    27308.61    41    27
(relay)    27    27    27313.02    27    27312.08    5    1
(advertise)    34    27331.22    27    27
(relay)    27    19    27356.04    27    27323.92    3    1
(advertise)    34    27356.24    19    27
(relay)    27    5    27379.65    27    27305.49    1    1
(relay)    33    37    27381.25    27    27354.6    1    1
(relay)    33    33    27382.65    27    27381.62    5    1
(advertise)    34    27383.25    33    27
(relay)    41    42    27407.46    27    27359.19    1    1
(relay)    33    11    27423.46    27    27325.19    1    1
(relay)    41    45    27430.46    27    27407.0    1    1
(relay)    27    13    27447.26    28    27374    123    1
(advertise)    34    27447.46    13    28
(relay)    33    35    27468.27    27    27381.54    1    1
(generate)    34    27515.47    [24]    27
(relay)    33    43    27555.69    27    27500.95    1    1
(relay)    41    44    27669.29    27    27663.65    1    1
(relay)    33    20    27700.89    28    27700    124    1
(advertise)    34    27701.09    20    28
(relay)    41    46    27777.9    27    27775.82    3    1
(advertise)    34    27778.1    46    27
(relay)    41    38    27814.11    27    27812.35    1    1
(relay)    27    26    27830.11    27    27828.91    3    1
(advertise)    34    27830.31    26    27
(relay)    33    32    27838.13    27    27818.44    3    1
(advertise)    34    27852.73    32    27
(relay)    41    47    27878.14    27    27868.04    5    1
(advertise)    34    27878.34    47    27
(relay)    41    40    27899.95    27    27894.63    5    1
(advertise)    34    27900.35    40    27
(relay)    41    39    27923.37    27    27916.95    3    1
(advertise)    34    27923.77    39    27
(relay)    33    18    27947.38    27    27889.93    1    1
(relay)    41    21    27951.18    27    27906.3    1    1
(heartbeat)    24    7    28025.28    34    28055.58    4    6
(advertise)    34    28055.78    24    7
(relay)    27    4    28084.79    29    28006.16    1    1
(relay)    27    12    28108.79    28    28041.97    3    1
(advertise)    34    28108.99    12    28
(relay)    27    7    28190.0    28    28183.74    1    1
(relay)    33    25    28216.4    28    28211.55    1    1
(relay)    41    28    28221.2    28    28213.27    3    1
(advertise)    34    28221.4    28    28
(relay)    41    48    28286.42    28    28284.61    7    1
(advertise)    34    28286.62    48    28
(relay)    33    41    28309.63    28    28307.54    5    1
(advertise)    34    28310.03    41    28
(relay)    27    27    28312.64    28    28312.56    5    1
(advertise)    34    28331.84    27    28
(relay)    27    5    28358.06    28    28305.63    3    1
(advertise)    34    28358.46    5    28
(relay)    27    19    28382.07    28    28323.99    3    1
(advertise)    34    28383.87    19    28
(relay)    27    33    28404.08    28    28381.8    3    1
(advertise)    34    28404.88    33    28
(relay)    33    42    28407.5    28    28359.23    3    1
(relay)    27    11    28426.1    28    28325.21    1    2
(advertise)    34    28426.5    42    28
(relay)    33    35    28450.51    28    28381.66    3    1
(advertise)    34    28451.51    35    28
(relay)    33    45    28472.12    28    28407.18    3    1
(advertise)    34    28472.52    45    28
(relay)    33    43    28503.73    28    28501.07    3    1
(advertise)    34    28503.93    43    28
(generate)    34    28515.55    [24]    28
(relay)    41    44    28668.16    28    28663.76    1    1
(relay)    27    20    28701.56    29    28700    124    1
(advertise)    34    28701.76    20    29
(relay)    41    36    28732.97    28    28723.28    3    1
(advertise)    34    28733.17    36    28
(relay)    33    46    28776.79    28    28775.88    3    1
(advertise)    34    28776.99    46    28
(relay)    41    38    28815.6    28    28812.49    1    1
(relay)    27    32    28821.0    28    28818.58    1    1
(relay)    27    26    28842.0    28    28829.07    3    1
(advertise)    34    28842.2    26    28
(relay)    33    47    28883.21    28    28868.15    1    1
(relay)    33    40    28904.41    28    28894.74    5    1
(advertise)    34    28904.61    40    28
(relay)    33    39    28928.03    28    28916.99    3    1
(advertise)    34    28928.43    39    28
(relay)    41    21    28948.24    28    28906.4    1    1
(relay)    41    15    28970.24    28    28938.72    1    1
(relay)    27    6    29002.84    28    28962.1    3    1
(advertise)    34    29003.04    6    28
(relay)    33    22    29029.05    28    28959.09    1    1
(relay)    27    4    29046.05    30    29006.23    1    1
(relay)    41    29    29050.25    29    29012.06    3    1
(advertise)    34    29050.45    29    29
(relay)    27    12    29091.06    29    29042.06    3    1
(advertise)    34    29091.26    12    29
(relay)    27    7    29191.88    29    29183.84    1    1
(relay)    33    25    29213.68    29    29211.84    1    1
(relay)    41    28    29220.08    29    29213.29    3    1
(advertise)    34    29220.28    28    29
(relay)    33    14    29263.49    29    29212.78    3    1
(advertise)    34    29263.69    14    29
(relay)    41    48    29286.5    29    29284.67    7    1
(advertise)    34    29286.7    48    29
(relay)    41    41    29307.72    29    29307.71    7    1
(advertise)    34    29309.32    41    29
(relay)    27    27    29312.73    29    29312.7    5    1
(advertise)    34    29331.93    27    29
(relay)    27    19    29335.94    29    29324.05    3    1
(advertise)    34    29354.34    19    29
(relay)    27    11    29381.96    29    29325.24    1    1
(relay)    33    37    29382.36    29    29354.62    1    1
(relay)    33    33    29383.56    29    29382.64    5    1
(advertise)    34    29383.76    33    29
(relay)    41    42    29385.57    29    29359.25    3    1
(advertise)    34    29405.97    42    29
(relay)    41    35    29430.18    29    29381.75    3    1
(advertise)    34    29430.38    35    29
(relay)    41    45    29452.99    29    29407.33    3    1
(advertise)    34    29453.59    45    29
(generate)    34    29515.61    [24]    29
(relay)    33    44    29668.02    29    29663.86    1    1
(relay)    27    20    29700.82    30    29700    126    1
(advertise)    34    29701.02    20    30
(relay)    33    36    29731.23    29    29723.36    5    1
(advertise)    34    29731.43    36    29
(relay)    33    46    29776.85    29    29775.97    3    1
(advertise)    34    29777.05    46    29
(relay)    41    38    29815.86    29    29812.63    1    1
(relay)    27    32    29822.06    29    29818.74    1    1
(relay)    27    26    29842.66    29    29829.16    3    1
(advertise)    34    29842.86    26    29
(relay)    33    47    29881.27    29    29868.28    5    1
(advertise)    34    29881.47    47    29
(relay)    33    18    29903.89    29    29890.13    1    1
(relay)    41    40    29904.89    29    29894.85    5    1
(advertise)    34    29905.09    40    29
(relay)    41    39    29925.9    29    29917.0    3    1
(advertise)    34    29926.3    39    29
(relay)    27    21    29948.51    29    29906.49    1    1
(relay)    41    15    29970.51    29    29938.73    3    1
(advertise)    34    29970.71    15    29
(relay)    41    22    29994.72    29    29959.17    3    1
(advertise)    34    29995.12    22    29
