(relay)    28    13    378.8    1    374    118    1
(advertise)    35    379.0    13    1
(relay)    28    20    708.21    1    700    119    1
(advertise)    35    708.41    20    1
(relay)    28    4    1004.83    2    1000.04    119    1
(advertise)    35    1005.03    4    2
(relay)    36    29    1025.84    1    1009.04    126    1
(advertise)    35    1026.64    29    1
(relay)    36    12    1056.45    1    1040.05    119    1
(advertise)    35    1056.65    12    1
(relay)    28    7    1184.47    1    1181.07    122    1
(advertise)    35    1184.67    7    1
(relay)    28    3    1208.08    1    1195.08    120    1
(advertise)    35    1208.68    3    1
(relay)    28    28    1211.09    1    1211.09    127    1
(advertise)    35    1231.09    28    1
(relay)    36    23    1254.3    1    1217.09    124    1
(advertise)    35    1254.5    23    1
(relay)    36    14    1276.52    1    1210.09    123    1
(advertise)    35    1277.32    14    1
(relay)    36    48    1328.73    1    1280.1    121    1
(advertise)    35    1328.93    48    1
(relay)    36    31    1353.34    1    1327.56    124    1
(advertise)    35    1353.74    31    1
(generate)    35    1374.16    [24]    1
(relay)    28    5    1377.77    1    1303.12    118    1
(advertise)    35    1378.97    5    1
(relay)    36    41    1391.78    1    1305.13    120    1
(advertise)    35    1401.18    41    1
(relay)    28    19    1421.4    1    1320.14    118    1
(advertise)    35    1422.4    19    1
(relay)    36    27    1438.21    1    1307.13    120    1
(advertise)    35    1444.01    27    1
(relay)    36    37    1460.62    1    1351.36    124    1
(relay)    42    45    1464.02    1    1402.2    124    2
(advertise)    35    1466.62    37    1
(advertise)    35    1487.63    45    1
(relay)    28    16    1532.45    1    1426.2    123    1
(advertise)    35    1532.65    16    1
(relay)    36    43    1552.26    1    1498.03    126    1
(relay)    28    33    1554.46    1    1377.18    122    2
(advertise)    35    1554.66    43    1
(advertise)    35    1577.07    33    1
(relay)    28    13    1597.09    2    1374    118    1
(advertise)    35    1599.29    13    2
(relay)    28    11    1621.1    1    1321.13    116    1
(advertise)    35    1621.9    11    1
(relay)    28    10    1642.51    1    1520.06    121    1
(advertise)    35    1643.31    10    1
(relay)    36    34    1661.53    1    1512.06    121    1
(advertise)    35    1666.73    34    1
(relay)    36    44    1706.34    1    1662.14    125    1
(advertise)    35    1706.54    44    1
(relay)    36    36    1722.15    1    1721.15    127    1
(advertise)    35    1729.35    36    1
(relay)    36    2    1750.16    1    1611.11    121    1
(advertise)    35    1751.56    2    1
(relay)    36    0    1774.38    1    1661.07    117    1
(advertise)    35    1774.78    0    1
(relay)    36    20    1796.39    2    1700    119    1
(advertise)    35    1797.19    20    2
(relay)    36    1    1819.8    1    1738.16    120    1
(advertise)    35    1820.4    1    1
(relay)    36    38    1840.42    1    1810.02    125    1
(advertise)    35    1841.42    38    1
(relay)    36    26    1864.43    1    1827.04    119    1
(advertise)    35    1864.63    26    1
(relay)    28    32    1888.64    1    1815.03    119    1
(advertise)    35    1888.84    32    1
(relay)    28    21    1911.86    1    1904.07    126    1
(advertise)    35    1912.06    21    1
(relay)    28    47    1933.07    1    1866.07    120    1
(advertise)    35    1934.27    47    1
(relay)    36    39    1956.28    1    1913.09    124    1
(advertise)    35    1956.88    39    1
(relay)    36    22    1978.49    1    1954.29    125    1
(advertise)    35    1981.09    22    1
(relay)    36    30    2001.31    1    1965.11    125    1
(advertise)    35    2002.71    30    1
(relay)    42    40    2018.32    1    1893.08    121    1
(relay)    28    8    2023.52    1    1907.07    121    2
(advertise)    35    2023.92    40    1
(relay)    36    29    2043.73    2    2009.13    126    2
(advertise)    35    2048.33    8    1
(relay)    36    15    2066.75    1    1932.08    122    2
(advertise)    35    2069.75    29    2
(relay)    42    18    2087.16    1    1886.28    115    2
(advertise)    35    2092.76    15    1
(advertise)    35    2116.17    18    1
(relay)    36    9    2133.39    1    1998.13    122    1
(advertise)    35    2137.99    9    1
(relay)    36    6    2156.6    1    1961.0    117    1
(relay)    28    4    2157.6    3    2000.15    119    2
(advertise)    35    2162.0    6    1
(advertise)    35    2183.61    4    3
(relay)    36    12    2201.62    2    2040.16    117    1
(advertise)    35    2205.62    12    2
(relay)    28    28    2211.44    2    2211.25    127    1
(relay)    36    7    2224.24    2    2181.21    122    2
(advertise)    35    2227.64    28    2
(relay)    28    14    2248.25    2    2210.25    125    2
(advertise)    35    2248.85    7    2
(relay)    36    23    2267.46    2    2217.25    124    2
(advertise)    35    2270.66    14    2
(relay)    28    3    2291.48    2    2195.25    120    2
(advertise)    35    2291.68    23    2
(relay)    42    25    2306.69    2    2207.06    118    2
(advertise)    35    2314.09    3    2
(advertise)    35    2335.9    25    2
(relay)    28    31    2337.52    2    2327.74    124    1
(relay)    42    42    2353.32    2    2352.32    127    2
(advertise)    35    2357.32    31    2
(relay)    28    37    2359.93    2    2351.53    124    2
(generate)    35    2374.33    [24]    2
(advertise)    35    2379.94    42    2
(advertise)    35    2401.95    37    2
(relay)    28    19    2427.37    2    2320.32    120    1
(advertise)    35    2427.57    19    2
(relay)    36    48    2448.38    2    2280.29    121    1
(advertise)    35    2448.78    48    2
(relay)    28    11    2449.99    2    2321.32    120    1
(advertise)    35    2472.39    11    2
(relay)    28    5    2493.81    2    2303.29    118    1
(advertise)    35    2494.21    5    2
(relay)    42    43    2516.62    2    2498.21    126    1
(advertise)    35    2517.22    43    2
(relay)    28    41    2518.63    2    2305.32    120    1
(relay)    42    45    2538.63    2    2402.38    124    2
(advertise)    35    2539.83    41    2
(relay)    28    16    2543.04    2    2426.38    119    2
(relay)    42    27    2560.04    2    2307.29    118    3
(advertise)    35    2561.84    45    2
(advertise)    35    2583.86    16    2
(advertise)    35    2606.67    27    2
(relay)    28    10    2609.28    2    2520.24    121    1
(relay)    36    33    2627.28    2    2377.35    120    2
(advertise)    35    2627.68    10    2
(advertise)    35    2649.1    33    2
(relay)    28    34    2653.71    2    2512.23    121    1
(advertise)    35    2671.11    34    2
(relay)    28    17    2675.92    2    2605.28    122    1
(advertise)    35    2692.72    17    2
(relay)    42    44    2715.74    2    2662.31    125    1
(advertise)    35    2716.54    44    2
(relay)    28    2    2721.35    2    2611.27    119    1
(relay)    36    36    2722.35    2    2721.35    127    2
(advertise)    35    2739.75    2    2
(advertise)    35    2760.76    36    2
(relay)    42    20    2780.57    3    2700    117    1
(advertise)    35    2781.77    20    3
(relay)    28    1    2809.19    2    2738.31    120    1
(advertise)    35    2809.39    1    2
(relay)    36    38    2833.2    2    2810.2    123    1
(advertise)    35    2834.2    38    2
(relay)    36    46    2856.01    2    2774.2    123    1
(relay)    28    0    2857.21    2    2661.18    119    2
(advertise)    35    2857.81    46    2
(advertise)    35    2879.43    0    2
(relay)    36    32    2901.24    2    2815.21    123    1
(advertise)    35    2901.44    32    2
(relay)    28    21    2923.05    2    2904.25    126    1
(relay)    36    26    2923.85    2    2827.21    121    2
(advertise)    35    2925.85    21    2
(advertise)    35    2948.47    26    2
(relay)    36    47    2968.68    2    2866.25    122    1
(advertise)    35    2970.28    47    2
(relay)    28    18    2973.49    2    2886.45    119    1
(advertise)    35    2991.29    18    2
(relay)    36    40    3013.7    2    2893.27    121    1
(advertise)    35    3015.3    40    2
(relay)    28    22    3016.72    2    2954.48    125    1
(relay)    36    29    3035.52    3    3009.32    126    2
(advertise)    35    3037.32    22    2
(relay)    36    30    3056.53    2    2966.3    125    2
(advertise)    35    3058.33    29    3
(relay)    28    15    3063.54    2    2932.27    124    2
(advertise)    35    3080.54    30    2
(relay)    36    39    3099.96    2    2913.28    122    2
(advertise)    35    3102.76    15    2
(relay)    36    8    3121.57    2    2907.23    121    2
(advertise)    35    3126.17    39    2
(advertise)    35    3147.38    8    2
(relay)    36    9    3166.0    2    2998.3    122    1
(advertise)    35    3169.0    9    2
(relay)    36    4    3187.21    4    3000.29    119    1
(advertise)    35    3192.01    4    4
(relay)    36    6    3208.42    2    2961.01    117    1
(relay)    28    28    3211.62    3    3211.43    127    2
(advertise)    35    3214.42    6    2
(advertise)    35    3236.43    28    3
(relay)    28    14    3239.85    3    3211.23    123    1
(advertise)    35    3257.85    14    3
(relay)    28    23    3262.66    3    3217.43    124    1
(advertise)    35    3281.06    23    3
(relay)    28    7    3285.27    3    3181.37    122    1
(advertise)    35    3302.27    7    3
(relay)    28    25    3307.09    3    3207.23    122    1
(advertise)    35    3323.49    25    3
(relay)    36    12    3324.7    3    3040.34    119    1
(advertise)    35    3344.5    12    3
(relay)    28    3    3350.51    3    3195.43    120    1
(relay)    42    42    3353.51    3    3352.51    127    2
(advertise)    35    3367.71    3    3
(relay)    28    37    3373.13    3    3351.71    124    2
(generate)    35    3374.53    [24]    3
(advertise)    35    3390.14    42    3
(advertise)    35    3412.55    37    3
(relay)    28    19    3444.36    3    3320.51    120    1
(advertise)    35    3444.56    19    3
(relay)    36    31    3454.98    3    3327.93    124    1
(advertise)    35    3466.78    31    3
(relay)    36    48    3477.19    3    3280.66    121    1
(advertise)    35    3488.79    48    3
(relay)    28    27    3511.8    3    3307.46    120    1
(advertise)    35    3512.4    27    3
(relay)    42    43    3514.22    3    3498.4    126    1
(relay)    36    45    3522.22    3    3402.56    124    2
(relay)    28    11    3534.02    3    3321.49    118    3
(advertise)    35    3536.62    43    3
(relay)    28    16    3555.23    3    3426.55    123    3
(advertise)    35    3559.83    45    3
(relay)    42    41    3579.64    3    3305.5    118    3
(advertise)    35    3582.84    11    3
(advertise)    35    3605.46    16    3
(relay)    28    5    3623.47    3    3303.45    118    2
(advertise)    35    3627.47    41    3
(advertise)    35    3648.48    5    3
(relay)    28    33    3667.29    3    3377.54    120    1
(advertise)    35    3670.09    33    3
(relay)    28    34    3689.91    3    3512.4    121    1
(advertise)    35    3691.11    34    3
(relay)    36    44    3696.92    3    3662.49    125    1
(advertise)    35    3712.52    44    3
(relay)    36    36    3722.53    3    3721.55    127    1
(advertise)    35    3735.93    36    3
(relay)    36    13    3740.95    4    3374    116    1
(advertise)    35    3757.15    13    4
(relay)    36    10    3764.56    3    3520.42    119    1
(relay)    28    0    3778.96    3    3661.34    123    2
(advertise)    35    3781.56    10    3
(relay)    36    17    3798.57    3    3605.47    122    2
(advertise)    35    3804.17    0    3
(advertise)    35    3826.19    17    3
(relay)    36    38    3843.0    3    3810.39    125    1
(relay)    28    2    3843.4    3    3611.46    121    2
(advertise)    35    3847.4    38    3
(advertise)    35    3870.21    2    3
(relay)    42    46    3875.22    3    3774.37    123    1
(relay)    36    20    3886.02    4    3700    117    2
(advertise)    35    3892.42    46    3
(relay)    28    1    3910.64    3    3738.51    122    2
(advertise)    35    3913.44    20    4
(advertise)    35    3936.25    1    3
(relay)    36    32    3950.26    3    3815.41    123    1
(relay)    28    21    3955.26    3    3904.42    126    2
(advertise)    35    3959.06    32    3
(relay)    36    26    3973.08    3    3827.4    121    2
(advertise)    35    3981.28    21    3
(relay)    28    22    3999.29    3    3955.68    125    2
(advertise)    35    4003.69    26    3
(advertise)    35    4025.1    22    3
(relay)    36    30    4040.12    3    3966.49    125    1
(relay)    28    29    4044.72    4    4009.52    126    2
(advertise)    35    4046.32    30    3
(advertise)    35    4067.33    29    4
(relay)    36    39    4083.14    3    3913.46    124    1
(advertise)    35    4089.34    39    3
(relay)    36    40    4105.35    3    3893.45    123    1
(advertise)    35    4110.75    40    3
(relay)    36    15    4127.97    3    3932.45    124    1
(advertise)    35    4133.77    15    3
(relay)    36    8    4150.18    3    3907.42    123    1
(advertise)    35    4154.78    8    3
(relay)    36    47    4173.79    3    3866.44    122    1
(advertise)    35    4176.19    47    3
(relay)    36    18    4196.81    3    3886.62    119    1
(heartbeat)    24    1    4025.2    35    4197.61    127    0
(advertise)    35    4198.81    18    3
(relay)    28    28    4212.22    4    4211.63    6    2
(advertise)    35    4221.22    24    1
(relay)    28    6    4241.83    3    3961.03    117    2
(advertise)    35    4243.03    28    4
(advertise)    35    4265.65    6    3
(relay)    36    9    4284.86    3    3998.49    122    1
(relay)    28    14    4287.86    4    4211.42    4    2
(advertise)    35    4288.46    9    3
(advertise)    35    4310.67    14    4
(relay)    28    4    4329.48    5    4000.49    119    1
(advertise)    35    4332.28    4    5
(relay)    28    7    4351.3    4    4181.57    124    1
(relay)    42    42    4353.7    4    4352.7    8    2
(advertise)    35    4354.9    7    4
(generate)    35    4374.71    [24]    4
(advertise)    35    4376.32    42    4
(relay)    42    12    4385.94    4    4040.54    115    1
(advertise)    35    4399.34    12    4
(relay)    42    37    4431.55    4    4351.72    2    1
(advertise)    35    4431.75    37    4
(relay)    36    48    4464.16    4    4280.82    2    1
(advertise)    35    4464.36    48    4
(relay)    36    45    4497.78    4    4402.75    2    1
(advertise)    35    4497.98    45    4
(relay)    42    43    4520.59    4    4498.6    6    1
(advertise)    35    4520.99    43    4
(relay)    36    44    4664.6    4    4662.61    4    1
(advertise)    35    4664.8    44    4
(relay)    36    20    4707.41    5    4700    117    1
(advertise)    35    4707.61    20    5
(relay)    36    36    4721.83    4    4721.64    6    1
(advertise)    35    4729.43    36    4
(relay)    28    1    4759.04    4    4738.6    2    1
(advertise)    35    4759.24    1    4
(relay)    36    46    4780.45    4    4774.48    2    1
(advertise)    35    4781.65    46    4
(relay)    36    47    4873.47    4    4866.53    2    1
(advertise)    35    4873.67    47    4
(relay)    28    21    4904.88    4    4904.47    4    1
(advertise)    35    4905.08    21    4
(relay)    28    8    4931.29    4    4907.45    2    1
(advertise)    35    4931.89    8    4
(relay)    28    15    4956.11    4    4932.61    2    1
(advertise)    35    4956.31    15    4
(relay)    28    22    4977.72    4    4955.71    2    1
(advertise)    35    4978.32    22    4
(relay)    36    29    5009.93    5    5009.66    4    1
(advertise)    35    5010.13    29    5
(relay)    28    30    5034.34    4    4966.6    2    1
(advertise)    35    5034.74    30    4
(relay)    28    7    5182.96    5    5181.57    4    1
(advertise)    35    5183.16    7    5
(relay)    28    28    5212.37    5    5211.73    6    1
(advertise)    35    5212.57    28    5
(relay)    28    14    5214.18    5    5211.53    4    1
(advertise)    35    5234.58    14    5
(relay)    36    48    5283.2    5    5280.87    2    1
(advertise)    35    5283.4    48    5
(relay)    36    41    5311.61    5    5305.81    2    1
(advertise)    35    5311.81    41    5
(relay)    36    37    5352.02    5    5351.77    4    1
(advertise)    35    5352.22    37    5
(relay)    42    42    5353.84    5    5353.73    8    1
(advertise)    35    5374.44    42    5
(generate)    35    5375.65    [24]    5
(relay)    42    45    5425.46    5    5402.9    2    1
(advertise)    35    5425.66    45    5
(relay)    42    13    5446.67    6    5374    114    1
(advertise)    35    5448.07    13    6
(relay)    36    43    5500.89    5    5498.69    6    1
(advertise)    35    5501.09    43    5
(relay)    36    44    5664.9    5    5662.65    4    1
(advertise)    35    5665.1    44    5
(relay)    36    36    5721.71    5    5721.67    6    1
(advertise)    35    5721.91    36    5
(relay)    36    1    5749.73    5    5738.67    2    1
(advertise)    35    5749.93    1    5
(relay)    42    46    5779.74    5    5774.67    2    1
(advertise)    35    5779.94    46    5
(relay)    36    38    5811.15    5    5810.51    2    1
(advertise)    35    5811.35    38    5
(relay)    42    47    5883.97    5    5866.55    2    1
(advertise)    35    5884.17    47    5
(relay)    36    40    5905.58    5    5893.55    2    1
(advertise)    35    5906.58    40    5
(relay)    36    39    5929.39    5    5913.79    2    1
(advertise)    35    5930.39    39    5
(relay)    28    8    5931.6    5    5907.53    2    1
(advertise)    35    5952.4    8    5
(relay)    28    15    5955.22    5    5932.61    2    1
(advertise)    35    5974.42    15    5
(relay)    28    22    5977.83    5    5955.77    2    1
(relay)    36    30    5978.23    5    5966.76    2    2
(advertise)    35    5995.63    22    5
(relay)    36    29    6010.44    6    6009.66    4    2
(advertise)    35    6018.64    30    5
(advertise)    35    6040.46    29    6
(relay)    28    7    6183.07    6    6181.67    4    1
(advertise)    35    6183.27    7    6
(relay)    28    28    6212.28    6    6211.77    6    1
(advertise)    35    6212.48    28    6
(relay)    28    14    6214.1    6    6211.55    4    1
(advertise)    35    6235.9    14    6
(relay)    36    48    6285.31    6    6281.05    2    1
(advertise)    35    6285.51    48    6
(relay)    36    41    6311.52    6    6305.86    2    1
(advertise)    35    6311.72    41    6
(relay)    36    37    6352.33    6    6351.93    4    1
(advertise)    35    6352.53    37    6
(relay)    42    42    6353.95    6    6353.91    8    1
(advertise)    35    6374.75    42    6
(generate)    35    6375.96    [24]    6
(relay)    42    45    6425.37    6    6403.81    2    1
(advertise)    35    6425.57    45    6
(relay)    36    13    6451.79    7    6374    116    1
(advertise)    35    6451.99    13    7
(relay)    28    43    6502.4    6    6498.76    4    1
(advertise)    35    6502.6    43    6
(relay)    36    44    6664.61    6    6662.68    4    1
(advertise)    35    6664.81    44    6
(relay)    36    20    6704.43    7    6700    119    1
(advertise)    35    6704.63    20    7
(relay)    36    36    6721.84    6    6721.75    6    1
(advertise)    35    6726.64    36    6
(relay)    36    1    6759.65    6    6738.76    2    1
(advertise)    35    6759.85    1    6
(relay)    42    46    6783.66    6    6774.72    2    1
(advertise)    35    6785.06    46    6
(relay)    36    38    6811.68    6    6810.64    2    1
(advertise)    35    6811.88    38    6
(relay)    42    47    6882.49    6    6866.61    2    1
(advertise)    35    6882.69    47    6
(relay)    28    21    6905.5    6    6904.65    4    1
(advertise)    35    6905.9    21    6
(relay)    28    8    6931.92    6    6907.59    2    1
(advertise)    35    6932.12    8    6
(relay)    28    15    6954.73    6    6932.63    2    1
(advertise)    35    6955.13    15    6
(relay)    36    30    6975.54    6    6966.9    2    1
(advertise)    35    6977.34    30    6
(relay)    28    22    6978.76    6    6955.84    2    1
(advertise)    35    7000.76    22    6
(relay)    36    29    7011.17    7    7009.69    4    1
(advertise)    35    7021.77    29    7
(relay)    28    7    7184.18    7    7181.77    4    1
(advertise)    35    7184.38    7    7
(relay)    28    28    7212.39    7    7211.8    6    1
(advertise)    35    7212.59    28    7
(relay)    36    14    7256.81    7    7211.57    2    1
(advertise)    35    7257.01    14    7
(relay)    36    48    7286.42    7    7281.2    2    1
(advertise)    35    7286.62    48    7
(relay)    36    41    7313.23    7    7305.89    2    1
(advertise)    35    7313.43    41    7
(relay)    36    37    7352.45    7    7351.95    4    1
(advertise)    35    7352.65    37    7
(relay)    42    42    7354.26    7    7354.11    8    1
(advertise)    35    7374.66    42    7
(generate)    35    7376.07    [24]    7
(relay)    42    45    7424.29    7    7403.92    2    1
(advertise)    35    7424.69    45    7
(relay)    36    13    7451.1    8    7374    118    1
(advertise)    35    7451.7    13    8
(relay)    36    43    7500.91    7    7498.83    6    1
(advertise)    35    7501.11    43    7
(relay)    36    44    7664.92    7    7662.86    4    1
(advertise)    35    7665.12    44    7
(relay)    28    0    7666.94    7    7661.48    4    1
(advertise)    35    7686.34    0    7
(relay)    28    20    7710.35    8    7700    115    1
(advertise)    35    7710.75    20    8
(relay)    36    36    7721.96    7    7721.81    6    1
(advertise)    35    7732.96    36    7
(relay)    28    1    7762.38    7    7738.85    2    1
(advertise)    35    7762.58    1    7
(relay)    42    46    7785.99    7    7774.77    2    1
(advertise)    35    7786.39    46    7
(relay)    36    38    7813.2    7    7810.72    2    1
(advertise)    35    7813.4    38    7
(relay)    42    47    7883.62    7    7866.67    2    1
(advertise)    35    7883.82    47    7
(relay)    36    40    7905.23    7    7893.63    2    1
(relay)    28    21    7905.63    7    7904.74    4    2
(advertise)    35    7908.03    40    7
(relay)    36    39    7928.04    7    7914.14    2    2
(advertise)    35    7929.04    21    7
(relay)    28    8    7931.45    7    7907.86    2    2
(advertise)    35    7950.45    39    7
(relay)    28    22    7958.47    7    7955.91    2    2
(advertise)    35    7971.67    8    7
(advertise)    35    7993.08    22    7
(relay)    36    15    7995.69    7    7932.66    2    1
(advertise)    35    8015.29    15    7
(relay)    36    29    8017.11    8    8009.72    4    1
(advertise)    35    8037.11    29    8
(heartbeat)    24    2    8025.21    35    8045.72    5    5
(advertise)    35    8059.92    24    2
(relay)    28    7    8184.73    8    8181.88    4    1
(advertise)    35    8184.93    7    8
(relay)    28    28    8212.75    8    8211.83    6    1
(advertise)    35    8212.95    28    8
(relay)    28    14    8214.96    8    8211.62    4    1
(advertise)    35    8235.96    14    8
(relay)    36    48    8287.57    8    8281.23    2    1
(advertise)    35    8287.77    48    8
(relay)    36    37    8352.38    8    8352.0    4    1
(advertise)    35    8352.58    37    8
(relay)    42    42    8354.4    8    8354.36    8    1
(advertise)    35    8374.6    42    8
(generate)    35    8376.21    [24]    8
(relay)    42    45    8420.22    8    8404.05    2    1
(advertise)    35    8420.42    45    8
(relay)    28    13    8453.04    9    8374    118    1
(advertise)    35    8453.24    13    9
(relay)    42    43    8500.25    8    8498.95    6    1
(advertise)    35    8500.45    43    8
(relay)    42    44    8666.46    8    8662.91    4    1
(advertise)    35    8666.66    44    8
(relay)    36    20    8702.88    9    8700    119    1
(advertise)    35    8703.08    20    9
(relay)    36    36    8722.49    8    8721.92    6    1
(advertise)    35    8725.29    36    8
(relay)    36    1    8754.5    8    8738.95    2    1
(advertise)    35    8754.7    1    8
(relay)    36    46    8778.51    8    8774.83    2    1
(advertise)    35    8778.71    46    8
(relay)    36    38    8812.93    8    8810.82    2    1
(advertise)    35    8813.13    38    8
(relay)    28    21    8906.14    8    8904.85    4    1
(advertise)    35    8906.34    21    8
(relay)    28    8    8934.15    8    8908.15    2    1
(advertise)    35    8934.95    8    8
(relay)    28    15    8955.57    8    8933.63    2    1
(advertise)    35    8957.17    15    8
(relay)    36    30    8969.38    8    8967.08    2    1
(relay)    28    22    8978.58    8    8956.0    2    2
(advertise)    35    8979.98    30    8
(advertise)    35    9002.19    22    8
(relay)    36    29    9011.01    9    9009.74    4    1
(advertise)    35    9023.41    29    9
(relay)    28    7    9185.02    9    9181.98    4    1
(advertise)    35    9185.22    7    9
(relay)    28    28    9212.83    9    9211.87    6    1
(advertise)    35    9213.03    28    9
(relay)    36    48    9286.84    9    9281.39    2    1
(advertise)    35    9287.04    48    9
(relay)    36    37    9353.46    9    9352.16    4    1
(advertise)    35    9353.66    37    9
(relay)    42    42    9356.07    9    9355.56    8    1
(advertise)    35    9376.07    42    9
(generate)    35    9377.28    [24]    9
(relay)    42    45    9424.7    9    9404.55    2    1
(advertise)    35    9424.9    45    9
(relay)    28    43    9500.31    9    9499.22    4    1
(advertise)    35    9500.71    43    9
(relay)    28    0    9665.52    9    9661.69    2    1
(advertise)    35    9665.72    0    9
(relay)    36    20    9702.94    10    9700    119    1
(advertise)    35    9703.14    20    10
(relay)    36    36    9722.55    9    9721.94    6    1
(advertise)    35    9725.55    36    9
(relay)    28    1    9756.16    9    9739.02    2    1
(advertise)    35    9756.36    1    9
(relay)    42    46    9780.38    9    9774.85    2    1
(advertise)    35    9780.58    46    9
(relay)    36    38    9813.39    9    9810.9    2    1
(advertise)    35    9813.59    38    9
(relay)    36    47    9868.6    9    9866.79    2    1
(advertise)    35    9868.8    47    9
(relay)    28    21    9906.81    9    9904.94    4    1
(advertise)    35    9907.01    21    9
(relay)    28    8    9932.23    9    9909.02    2    1
(advertise)    35    9932.43    8    9
(relay)    28    15    9954.44    9    9934.05    2    1
(advertise)    35    9955.04    15    9
(relay)    28    22    9977.25    9    9956.03    2    1
(advertise)    35    9978.25    22    9
(relay)    36    30    9988.27    9    9967.22    2    1
(advertise)    35    10001.27    30    9
(relay)    28    29    10012.08    10    10009.92    4    1
(advertise)    35    10022.28    29    10
(relay)    28    7    10185.89    10    10182.07    4    1
(advertise)    35    10186.09    7    10
(relay)    28    28    10213.11    10    10212.06    6    1
(advertise)    35    10213.51    28    10
(relay)    42    48    10288.92    10    10281.53    2    1
(advertise)    35    10289.12    48    10
(relay)    36    37    10353.73    10    10352.36    4    1
(advertise)    35    10353.93    37    10
(relay)    42    42    10356.74    10    10356.15    8    1
(advertise)    35    10375.74    42    10
(generate)    35    10377.36    [24]    10
(relay)    36    45    10421.57    10    10404.62    2    1
(advertise)    35    10421.77    45    10
(relay)    28    13    10429.18    11    10374    116    1
(advertise)    35    10444.38    13    11
(relay)    36    43    10499.6    10    10499.28    6    1
(advertise)    35    10499.8    43    10
(relay)    28    0    10664.81    10    10661.88    2    1
(advertise)    35    10665.01    0    10
(relay)    28    44    10686.62    10    10662.97    2    1
(advertise)    35    10688.22    44    10
(relay)    36    36    10722.44    10    10721.98    6    1
(advertise)    35    10722.64    36    10
(relay)    28    1    10752.65    10    10739.08    2    1
(advertise)    35    10752.85    1    10
(relay)    36    46    10776.66    10    10775.05    2    1
(advertise)    35    10776.86    46    10
(relay)    36    38    10813.27    10    10810.93    2    1
(advertise)    35    10813.47    38    10
(relay)    36    47    10869.29    10    10866.84    2    1
(advertise)    35    10869.49    47    10
(relay)    28    21    10906.7    10    10905.01    4    1
(advertise)    35    10906.9    21    10
(relay)    28    8    10932.51    10    10909.48    2    1
(advertise)    35    10932.71    8    10
(relay)    36    39    10945.13    10    10914.45    2    1
(relay)    28    15    10954.33    10    10934.2    2    2
(advertise)    35    10954.73    39    10
(relay)    36    30    10969.54    10    10967.37    2    2
(relay)    28    22    10976.54    10    10956.08    2    3
(advertise)    35    10979.14    15    10
(advertise)    35    11000.15    30    10
(relay)    28    29    11012.17    11    11010.09    4    2
(advertise)    35    11022.37    22    10
(advertise)    35    11044.18    29    11
(relay)    28    7    11186.59    11    11182.15    4    1
(advertise)    35    11186.79    7    11
(relay)    28    28    11212.2    11    11212.07    6    1
(advertise)    35    11212.4    28    11
(relay)    36    14    11237.02    11    11211.88    2    1
(advertise)    35    11237.62    14    11
(relay)    36    48    11289.23    11    11281.68    2    1
(advertise)    35    11289.43    48    11
(relay)    36    41    11312.64    11    11306.16    2    1
(advertise)    35    11313.24    41    11
(relay)    36    37    11353.66    11    11352.51    4    1
(advertise)    35    11353.86    37    11
(relay)    42    42    11357.07    11    11356.49    8    1
(advertise)    35    11377.07    42    11
(generate)    35    11378.28    [24]    11
(relay)    42    45    11425.1    11    11404.71    2    1
(advertise)    35    11425.3    45    11
(relay)    36    43    11499.71    11    11499.37    6    1
(advertise)    35    11499.91    43    11
(relay)    28    0    11663.32    11    11662.01    4    1
(advertise)    35    11663.52    0    11
(relay)    36    20    11706.73    12    11700    119    1
(advertise)    35    11706.93    20    12
(relay)    36    36    11723.15    11    11722.06    6    1
(advertise)    35    11729.35    36    11
(relay)    36    1    11752.56    11    11739.14    2    1
(advertise)    35    11752.76    1    11
(relay)    36    46    11777.17    11    11775.07    2    1
(advertise)    35    11777.37    46    11
(relay)    36    38    11814.59    11    11810.99    2    1
(advertise)    35    11814.79    38    11
(relay)    36    47    11869.4    11    11866.9    2    1
(advertise)    35    11869.6    47    11
(relay)    28    21    11907.21    11    11905.08    4    1
(advertise)    35    11907.41    21    11
(relay)    36    39    11933.03    11    11914.62    2    1
(advertise)    35    11933.43    39    11
(relay)    28    15    11953.64    11    11935.57    2    1
(advertise)    35    11955.64    15    11
(relay)    36    30    11969.65    11    11967.53    2    1
(advertise)    35    11977.05    30    11
(relay)    28    22    11979.26    11    11956.13    2    1
(advertise)    35    12000.86    22    11
(relay)    28    29    12011.48    12    12010.1    4    1
(advertise)    35    12023.08    29    12
(heartbeat)    24    3    12025.23    35    12044.89    5    5
(advertise)    35    12046.29    24    3
(relay)    28    7    12185.7    12    12182.25    2    1
(advertise)    35    12185.9    7    12
(relay)    28    28    12212.12    12    12212.09    6    1
(advertise)    35    12212.32    28    12
(relay)    36    41    12309.93    12    12306.27    2    1
(advertise)    35    12310.13    41    12
(relay)    36    37    12354.94    12    12352.68    4    1
(advertise)    35    12355.14    37    12
(relay)    42    42    12358.76    12    12357.68    8    1
(advertise)    35    12376.96    42    12
(generate)    35    12378.37    [24]    12
(relay)    28    13    12401.18    13    12374    118    1
(advertise)    35    12401.38    13    13
(relay)    36    45    12427.79    12    12405.01    2    1
(advertise)    35    12427.99    45    12
(relay)    36    43    12499.81    12    12499.46    6    1
(advertise)    35    12500.01    43    12
(relay)    28    0    12663.42    12    12662.18    4    1
(advertise)    35    12663.62    0    12
(relay)    36    20    12707.23    13    12700    119    1
(advertise)    35    12707.43    20    13
(relay)    36    36    12723.25    12    12722.15    6    1
(advertise)    35    12728.85    36    12
(relay)    28    1    12754.66    12    12739.23    2    1
(advertise)    35    12754.86    1    12
(relay)    36    38    12814.47    12    12811.08    2    1
(advertise)    35    12814.67    38    12
(relay)    36    47    12870.89    12    12866.97    2    1
(advertise)    35    12871.09    47    12
(relay)    28    21    12907.3    12    12905.16    2    1
(advertise)    35    12907.5    21    12
(relay)    36    22    12975.31    12    12956.17    2    1
(advertise)    35    12975.51    22    12
(relay)    28    30    12998.72    12    12967.66    2    1
(advertise)    35    12999.12    30    12
(relay)    28    29    13020.14    13    13010.25    4    1
(advertise)    35    13020.54    29    13
(relay)    36    7    13185.95    13    13182.32    2    1
(advertise)    35    13186.15    7    13
(relay)    28    28    13212.36    13    13212.27    6    1
(advertise)    35    13212.76    28    13
(relay)    36    48    13284.78    13    13282.03    2    1
(advertise)    35    13284.98    48    13
(relay)    36    41    13310.99    13    13306.34    2    1
(advertise)    35    13311.79    41    13
(relay)    36    37    13355.2    13    13352.86    4    1
(advertise)    35    13355.4    37    13
(relay)    42    42    13358.82    13    13357.87    8    1
(advertise)    35    13377.82    42    13
(generate)    35    13379.03    [24]    13
(relay)    28    13    13410.64    14    13374    118    1
(advertise)    35    13410.84    13    14
(relay)    36    45    13447.45    13    13405.07    2    1
(advertise)    35    13447.65    45    13
(relay)    28    43    13503.07    13    13499.56    4    1
(advertise)    35    13503.27    43    13
(relay)    36    44    13663.68    13    13663.08    4    1
(advertise)    35    13663.88    44    13
(relay)    36    20    13708.89    14    13700    119    1
(advertise)    35    13709.09    20    14
(relay)    36    36    13723.31    13    13722.22    6    1
(advertise)    35    13732.51    36    13
(relay)    28    1    13754.92    13    13739.32    2    1
(advertise)    35    13756.32    1    13
(relay)    36    46    13780.53    13    13775.11    2    1
(advertise)    35    13780.73    46    13
(relay)    36    38    13813.75    13    13811.16    2    1
(advertise)    35    13813.95    38    13
(relay)    36    47    13871.56    13    13867.06    2    1
(advertise)    35    13871.76    47    13
(relay)    28    21    13906.57    13    13905.23    4    1
(advertise)    35    13906.77    21    13
(relay)    28    8    13931.98    13    13909.9    2    1
(advertise)    35    13932.18    8    13
(relay)    28    15    13955.6    13    13935.91    2    1
(advertise)    35    13956.4    15    13
(relay)    36    30    13970.81    13    13967.81    2    1
(advertise)    35    13979.01    30    13
(relay)    36    22    13996.22    13    13956.43    2    1
(advertise)    35    14000.22    22    13
(relay)    28    29    14010.84    14    14010.42    4    1
(advertise)    35    14022.84    29    14
(relay)    28    28    14212.45    14    14212.28    6    1
(advertise)    35    14212.65    28    14
(relay)    28    14    14214.26    14    14212.11    4    1
(advertise)    35    14234.06    14    14
(relay)    36    48    14284.28    14    14282.2    2    1
(advertise)    35    14284.48    48    14
(relay)    36    41    14311.29    14    14306.42    2    1
(advertise)    35    14311.89    41    14
(relay)    36    37    14355.1    14    14353.02    4    1
(advertise)    35    14355.3    37    14
(relay)    42    42    14358.91    14    14357.87    8    1
(advertise)    35    14377.71    42    14
(generate)    35    14379.13    [24]    14
(relay)    36    45    14427.74    14    14405.75    2    1
(advertise)    35    14427.94    45    14
(relay)    36    43    14500.95    14    14499.65    6    1
(advertise)    35    14501.15    43    14
(relay)    36    44    14664.97    14    14663.1    4    1
(advertise)    35    14665.17    44    14
(relay)    36    20    14706.98    15    14700    119    1
(advertise)    35    14707.18    20    15
(relay)    36    36    14723.19    14    14722.28    6    1
(advertise)    35    14731.59    36    14
(relay)    36    46    14779.41    14    14775.3    2    1
(advertise)    35    14779.61    46    14
(relay)    36    38    14813.62    14    14811.25    2    1
(advertise)    35    14813.82    38    14
(relay)    36    47    14872.23    14    14867.09    2    1
(advertise)    35    14872.43    47    14
(relay)    28    21    14905.64    14    14905.3    4    1
(advertise)    35    14905.84    21    14
(relay)    28    8    14930.46    14    14909.95    2    1
(advertise)    35    14930.86    8    14
(relay)    28    15    14955.07    14    14936.07    2    1
(advertise)    35    14955.87    15    14
(relay)    28    22    14976.88    14    14956.47    2    1
(advertise)    35    14977.28    22    14
(relay)    36    30    14991.9    14    14968.53    2    1
(advertise)    35    14999.7    30    14
(relay)    28    29    15011.51    15    15010.61    4    1
(advertise)    35    15021.31    29    15
(relay)    28    7    15183.32    15    15182.48    4    1
(advertise)    35    15183.52    7    15
(relay)    28    28    15212.94    15    15212.48    6    1
(advertise)    35    15213.14    28    15
(relay)    36    14    15238.95    15    15212.12    2    1
(advertise)    35    15239.15    14    15
(relay)    36    48    15284.76    15    15282.38    2    1
(advertise)    35    15284.96    48    15
(relay)    36    41    15312.17    15    15306.49    2    1
(advertise)    35    15312.37    41    15
(relay)    42    42    15358.19    15    15358.06    8    1
(advertise)    35    15358.39    42    15
(generate)    35    15379.2    [24]    15
(relay)    36    43    15501.01    15    15499.72    6    1
(advertise)    35    15501.21    43    15
(relay)    42    44    15665.23    15    15663.14    4    1
(advertise)    35    15665.43    44    15
(relay)    36    36    15722.44    15    15722.33    6    1
(advertise)    35    15722.64    36    15
(relay)    28    1    15749.25    15    15739.48    2    1
(advertise)    35    15749.45    1    15
(relay)    36    46    15780.47    15    15775.31    2    1
(advertise)    35    15780.67    46    15
(relay)    36    38    15812.08    15    15811.31    2    1
(advertise)    35    15812.28    38    15
(relay)    36    47    15873.69    15    15867.14    2    1
(advertise)    35    15873.89    47    15
(relay)    28    21    15905.7    15    15905.37    4    1
(advertise)    35    15905.9    21    15
(relay)    28    8    15930.92    15    15910.01    2    1
(advertise)    35    15931.12    8    15
(relay)    36    39    15941.53    15    15915.31    2    1
(advertise)    35    15952.13    39    15
(relay)    28    15    15953.94    15    15936.22    2    1
(advertise)    35    15974.34    15    15
(relay)    28    22    15975.76    15    15956.53    2    1
(relay)    28    30    15997.36    15    15968.63    2    2
(advertise)    35    15997.56    22    15
(relay)    28    29    16018.77    16    16010.78    4    2
(advertise)    35    16020.17    30    15
(advertise)    35    16043.18    29    16
(heartbeat)    24    4    16025.24    35    16085.4    5    11
(advertise)    35    16085.6    24    4
(relay)    28    7    16184.21    16    16182.58    4    1
(advertise)    35    16184.41    7    16
(relay)    28    28    16213.02    16    16212.5    6    1
(advertise)    35    16213.22    28    16
(relay)    36    48    16285.83    16    16282.57    2    1
(advertise)    35    16286.03    48    16
(relay)    36    41    16313.25    16    16306.57    2    1
(advertise)    35    16313.45    41    16
(relay)    36    37    16353.86    16    16353.38    4    1
(advertise)    35    16354.06    37    16
(relay)    42    42    16358.27    16    16358.23    8    1
(advertise)    35    16375.47    42    16
(generate)    35    16379.29    [24]    16
(relay)    42    45    16425.1    16    16405.89    2    1
(advertise)    35    16425.3    45    16
(relay)    28    13    16427.91    17    16374    116    1
(advertise)    35    16446.71    13    17
(relay)    36    43    16501.93    16    16499.82    6    1
(advertise)    35    16502.13    43    16
(relay)    36    44    16665.14    16    16663.16    4    1
(advertise)    35    16665.34    44    16
(relay)    28    0    16666.55    16    16662.55    4    1
(advertise)    35    16687.35    0    16
(relay)    28    20    16704.76    17    16700    119    1
(advertise)    35    16709.36    20    17
(relay)    36    36    16722.58    16    16722.44    6    1
(advertise)    35    16730.58    36    16
(relay)    28    1    16759.59    16    16739.6    2    1
(advertise)    35    16759.79    1    16
(relay)    42    46    16779.8    16    16775.36    2    1
(advertise)    35    16783.4    46    16
(relay)    36    38    16812.62    16    16811.42    2    1
(advertise)    35    16812.82    38    16
(relay)    36    47    16872.63    16    16867.21    2    1
(advertise)    35    16872.83    47    16
(relay)    28    21    16906.24    16    16905.47    4    1
(advertise)    35    16906.44    21    16
(relay)    28    8    16930.46    16    16910.1    2    1
(advertise)    35    16930.66    8    16
(relay)    28    15    16954.47    16    16936.23    2    1
(advertise)    35    16954.67    15    16
(relay)    36    22    16977.48    16    16956.61    2    1
(advertise)    35    16977.88    22    16
(relay)    36    30    16998.89    16    16968.82    2    1
(advertise)    35    17000.09    30    16
(relay)    36    29    17021.31    17    17010.81    4    1
(advertise)    35    17021.91    29    17
(relay)    28    7    17185.12    17    17182.69    4    1
(advertise)    35    17185.32    7    17
(relay)    28    28    17213.13    17    17212.52    6    1
(advertise)    35    17213.53    28    17
(relay)    28    14    17215.15    17    17212.16    4    1
(advertise)    35    17235.15    14    17
(relay)    36    48    17287.76    17    17282.72    2    1
(advertise)    35    17287.96    48    17
(relay)    36    41    17314.77    17    17306.61    2    1
(advertise)    35    17315.37    41    17
(relay)    36    37    17353.79    17    17353.41    4    1
(advertise)    35    17353.99    37    17
(relay)    42    42    17358.4    17    17358.25    8    1
(advertise)    35    17377.0    42    17
(generate)    35    17379.41    [24]    17
(relay)    42    45    17426.62    17    17405.96    2    1
(advertise)    35    17426.82    45    17
(relay)    28    13    17428.24    18    17374    116    1
(advertise)    35    17449.64    13    18
(relay)    42    43    17501.25    17    17499.95    6    1
(advertise)    35    17501.45    43    17
(relay)    36    44    17665.26    17    17663.21    4    1
(advertise)    35    17665.46    44    17
(relay)    28    20    17712.28    18    17700    115    1
(advertise)    35    17712.48    20    18
(relay)    36    36    17722.69    17    17722.53    6    1
(advertise)    35    17733.69    36    17
(relay)    28    1    17764.3    17    17739.67    2    1
(advertise)    35    17764.5    1    17
(relay)    36    38    17812.72    17    17811.49    2    1
(advertise)    35    17812.92    38    17
(relay)    28    21    17906.33    17    17905.55    4    1
(advertise)    35    17906.53    21    17
(relay)    28    8    17934.14    17    17910.15    2    1
(advertise)    35    17934.34    8    17
(relay)    28    15    17956.75    17    17936.38    2    1
(advertise)    35    17958.15    15    17
(relay)    36    30    17969.97    17    17968.99    2    1
(relay)    28    22    17978.97    17    17957.87    2    2
(advertise)    35    17980.17    30    17
(advertise)    35    18001.38    22    17
(relay)    28    29    18012.59    18    18010.98    4    1
(advertise)    35    18023.79    29    18
(relay)    28    7    18185.41    18    18182.79    4    1
(advertise)    35    18185.61    7    18
(relay)    28    28    18213.62    18    18212.54    6    1
(advertise)    35    18213.82    28    18
(relay)    28    14    18215.83    18    18212.18    4    1
(advertise)    35    18237.43    14    18
(relay)    36    48    18288.45    18    18282.88    2    1
(advertise)    35    18288.65    48    18
(relay)    36    37    18354.06    18    18353.6    4    1
(advertise)    35    18354.26    37    18
(relay)    42    42    18358.27    18    18358.27    8    1
(advertise)    35    18375.47    42    18
(generate)    35    18379.48    [24]    18
(relay)    42    45    18425.5    18    18406.06    2    1
(advertise)    35    18425.7    45    18
(relay)    42    13    18447.91    19    18374    114    1
(advertise)    35    18448.71    13    19
(relay)    42    43    18501.32    18    18500.05    6    1
(advertise)    35    18501.52    43    18
(relay)    42    44    18666.74    18    18663.25    4    1
(advertise)    35    18666.94    44    18
(relay)    28    0    18668.35    18    18662.76    4    1
(advertise)    35    18689.15    0    18
(relay)    36    20    18702.56    19    18700    119    1
(advertise)    35    18712.36    20    19
(relay)    36    36    18723.18    18    18722.56    6    1
(advertise)    35    18736.98    36    18
(relay)    28    1    18754.39    18    18739.77    2    1
(advertise)    35    18758.99    1    18
(relay)    36    46    18778.8    18    18775.39    2    1
(advertise)    35    18781.8    46    18
(relay)    36    38    18813.81    18    18811.59    2    1
(advertise)    35    18814.01    38    18
(relay)    42    47    18870.63    18    18867.31    2    1
(advertise)    35    18870.83    47    18
(relay)    28    21    18906.84    18    18905.61    4    1
(advertise)    35    18907.04    21    18
(relay)    28    8    18934.25    18    18910.2    2    1
(advertise)    35    18934.45    8    18
(relay)    36    39    18944.67    18    18915.78    2    1
(relay)    28    15    18956.27    18    18936.54    2    2
(advertise)    35    18957.27    39    18
(relay)    36    30    18970.48    18    18969.07    2    2
(advertise)    35    18978.88    15    18
(advertise)    35    19001.09    30    18
(relay)    36    29    19012.31    19    19011.11    4    1
(advertise)    35    19023.31    29    19
(relay)    28    7    19186.12    19    19182.84    4    1
(advertise)    35    19186.32    7    19
(relay)    28    28    19213.53    19    19212.56    6    1
(advertise)    35    19214.13    28    19
(relay)    36    14    19261.34    19    19212.37    2    1
(advertise)    35    19261.54    14    19
(relay)    42    48    19289.76    19    19283.03    2    1
(advertise)    35    19289.96    48    19
(relay)    36    41    19313.17    19    19306.73    2    1
(advertise)    35    19314.37    41    19
(relay)    36    37    19354.98    19    19353.77    4    1
(advertise)    35    19355.18    37    19
(relay)    42    42    19358.8    19    19358.29    8    1
(advertise)    35    19377.6    42    19
(generate)    35    19379.61    [24]    19
(relay)    36    45    19427.82    19    19406.13    2    1
(advertise)    35    19428.02    45    19
(relay)    28    43    19501.24    19    19500.14    4    1
(advertise)    35    19501.64    43    19
(relay)    36    44    19665.85    19    19663.27    4    1
(advertise)    35    19666.05    44    19
(relay)    36    0    19688.66    19    19662.77    2    1
(advertise)    35    19689.06    0    19
(relay)    28    20    19705.87    20    19700    119    1
(advertise)    35    19710.67    20    20
(relay)    36    36    19723.09    19    19722.62    6    1
(advertise)    35    19731.69    36    19
(relay)    28    1    19756.3    19    19739.87    2    1
(advertise)    35    19756.9    1    19
(relay)    36    46    19779.51    19    19775.42    2    1
(advertise)    35    19779.91    46    19
(relay)    36    38    19814.13    19    19811.67    2    1
(advertise)    35    19814.33    38    19
(relay)    36    47    19868.74    19    19867.37    2    1
(advertise)    35    19868.94    47    19
(relay)    36    40    19897.75    19    19894.13    2    1
(advertise)    35    19897.95    40    19
(relay)    28    21    19907.37    19    19905.67    4    1
(advertise)    35    19918.97    21    19
(relay)    28    8    19933.18    19    19910.28    2    1
(advertise)    35    19941.98    8    19
(relay)    28    22    19958.99    19    19958.18    2    1
(advertise)    35    19964.19    22    19
(relay)    36    30    19987.2    19    19969.25    2    1
(advertise)    35    19987.4    30    19
(relay)    28    29    20013.62    20    20011.11    4    1
(advertise)    35    20013.82    29    20
(heartbeat)    24    5    20025.25    35    20041.83    5    11
(advertise)    35    20042.03    24    5
(relay)    28    7    20187.04    20    20182.95    4    1
(advertise)    35    20187.24    7    20
(relay)    28    28    20213.66    20    20212.6    6    1
(advertise)    35    20213.86    28    20
(relay)    42    48    20290.87    20    20283.22    2    1
(advertise)    35    20291.07    48    20
(relay)    36    37    20355.08    20    20353.78    4    1
(advertise)    35    20355.28    37    20
(relay)    42    42    20359.1    20    20358.48    8    1
(advertise)    35    20376.5    42    20
(generate)    35    20379.71    [24]    20
(relay)    28    13    20428.52    21    20374    118    1
(advertise)    35    20428.72    13    21
(relay)    36    43    20500.93    20    20500.26    6    1
(advertise)    35    20501.13    43    20
(relay)    42    44    20665.75    20    20663.33    4    1
(advertise)    35    20665.95    44    20
(relay)    36    36    20723.16    20    20722.68    6    1
(advertise)    35    20723.36    36    20
(relay)    28    1    20752.37    20    20739.98    2    1
(advertise)    35    20752.57    1    20
(relay)    36    46    20777.19    20    20775.47    2    1
(advertise)    35    20777.59    46    20
(relay)    36    38    20814.2    20    20811.74    2    1
(advertise)    35    20814.4    38    20
(relay)    36    47    20870.21    20    20867.44    2    1
(advertise)    35    20870.41    47    20
(relay)    28    21    20907.43    20    20905.74    4    1
(advertise)    35    20907.63    21    20
(relay)    28    8    20933.64    20    20910.56    2    1
(advertise)    35    20933.84    8    20
(relay)    36    39    20942.85    20    20916.13    2    1
(advertise)    35    20955.85    39    20
(relay)    28    15    20958.06    20    20936.89    2    1
(relay)    36    30    20970.86    20    20969.4    2    2
(advertise)    35    20977.26    15    20
(relay)    28    22    20983.28    20    20958.23    2    2
(advertise)    35    20999.08    30    20
(relay)    28    29    21012.49    21    21011.29    4    2
(advertise)    35    21020.89    22    20
(advertise)    35    21041.9    29    21
(relay)    28    7    21187.52    21    21183.04    4    1
(advertise)    35    21187.72    7    21
(relay)    36    14    21213.73    21    21212.4    2    1
(advertise)    35    21213.93    14    21
(relay)    36    48    21288.74    21    21283.37    2    1
(advertise)    35    21288.94    48    21
(relay)    36    37    21355.16    21    21353.93    4    1
(advertise)    35    21355.36    37    21
(relay)    42    42    21359.17    21    21358.67    8    1
(advertise)    35    21376.97    42    21
(generate)    35    21379.78    [24]    21
(relay)    42    45    21425.39    21    21406.28    2    1
(advertise)    35    21425.59    45    21
(relay)    36    43    21500.81    21    21500.32    6    1
(advertise)    35    21501.01    43    21
(relay)    36    13    21534.22    22    21374    118    1
(advertise)    35    21534.42    13    22
(relay)    36    44    21664.03    21    21663.34    4    1
(advertise)    35    21664.23    44    21
(relay)    36    20    21706.65    22    21700    119    1
(advertise)    35    21706.85    20    22
(relay)    36    36    21723.26    21    21722.73    6    1
(advertise)    35    21728.06    36    21
(relay)    36    1    21755.67    21    21740.08    2    1
(advertise)    35    21755.87    1    21
(relay)    36    46    21777.69    21    21775.52    2    1
(advertise)    35    21777.89    46    21
(relay)    36    38    21815.1    21    21811.77    2    1
(advertise)    35    21815.3    38    21
(relay)    36    47    21870.11    21    21867.55    2    1
(advertise)    35    21870.31    47    21
(relay)    28    21    21907.92    21    21905.81    4    1
(advertise)    35    21908.12    21    21
(relay)    28    8    21932.54    21    21910.64    2    1
(advertise)    35    21932.74    8    21
(relay)    28    15    21954.95    21    21937.06    2    1
(advertise)    35    21955.75    15    21
(relay)    28    22    21977.56    21    21958.27    2    1
(advertise)    35    21978.56    22    21
(relay)    36    30    21989.78    21    21969.53    2    1
(advertise)    35    22001.38    30    21
(relay)    28    29    22012.79    22    22011.45    4    1
(advertise)    35    22023.19    29    22
(relay)    28    7    22186.6    22    22183.15    2    1
(advertise)    35    22186.8    7    22
(relay)    28    28    22212.82    22    22212.8    6    1
(advertise)    35    22213.02    28    22
(relay)    36    14    22258.63    22    22212.41    2    1
(advertise)    35    22258.83    14    22
(relay)    42    48    22288.24    22    22283.55    2    1
(advertise)    35    22288.44    48    22
(relay)    36    37    22356.25    22    22354.11    4    1
(advertise)    35    22356.45    37    22
(relay)    42    42    22359.87    22    22358.86    8    1
(advertise)    35    22378.67    42    22
(generate)    35    22379.88    [24]    22
(relay)    36    45    22450.09    22    22406.39    2    1
(advertise)    35    22450.29    45    22
(relay)    42    13    22452.31    23    22374    116    1
(advertise)    35    22471.91    13    23
(relay)    36    43    22500.92    22    22500.4    6    1
(advertise)    35    22501.12    43    22
(relay)    42    44    22664.33    22    22663.39    4    1
(advertise)    35    22664.53    44    22
(relay)    36    20    22707.35    23    22700    119    1
(advertise)    35    22707.55    20    23
(relay)    36    36    22723.76    22    22722.77    6    1
(advertise)    35    22730.56    36    22
(relay)    36    1    22750.57    22    22740.15    2    1
(advertise)    35    22752.97    1    22
(relay)    36    46    22779.38    22    22775.55    2    1
(advertise)    35    22779.58    46    22
(relay)    36    38    22815.2    22    22811.85    2    1
(advertise)    35    22815.4    38    22
(relay)    36    47    22872.01    22    22867.63    2    1
(advertise)    35    22872.21    47    22
(relay)    28    21    22907.22    22    22905.89    4    1
(advertise)    35    22907.42    21    22
(relay)    28    8    22929.84    22    22910.73    2    1
(advertise)    35    22930.44    8    22
(relay)    28    15    22953.85    22    22937.24    2    1
(advertise)    35    22954.45    15    22
(relay)    28    22    22976.66    22    22958.32    2    1
(advertise)    35    22977.26    22    22
(relay)    36    30    23001.88    22    22969.7    2    1
(advertise)    35    23002.68    30    22
(relay)    28    29    23012.89    23    23011.47    4    1
(advertise)    35    23023.89    29    23
(relay)    28    7    23185.7    23    23183.25    2    1
(advertise)    35    23185.9    7    23
(relay)    28    28    23212.91    23    23212.81    6    1
(advertise)    35    23213.11    28    23
(relay)    36    48    23287.13    23    23283.72    2    1
(advertise)    35    23287.33    48    23
(relay)    36    41    23311.74    23    23307.1    2    1
(advertise)    35    23312.54    41    23
(relay)    36    37    23356.35    23    23354.11    4    1
(advertise)    35    23356.55    37    23
(relay)    42    42    23359.97    23    23359.04    8    1
(advertise)    35    23378.37    42    23
(relay)    28    13    23379.78    24    23374    118    1
(generate)    35    23379.98    [24]    23
(advertise)    35    23400.99    13    24
(relay)    42    45    23445.01    23    23406.49    2    1
(advertise)    35    23445.21    45    23
(relay)    42    43    23502.02    23    23500.51    6    1
(advertise)    35    23502.22    43    23
(relay)    36    44    23664.23    23    23663.4    4    1
(advertise)    35    23664.43    44    23
(relay)    42    20    23709.24    24    23700    117    1
(advertise)    35    23709.44    20    24
(relay)    36    36    23723.86    23    23722.86    6    1
(advertise)    35    23731.46    36    23
(relay)    28    1    23758.47    23    23740.26    2    1
(advertise)    35    23758.67    1    23
(relay)    36    46    23779.68    23    23775.6    2    1
(advertise)    35    23781.08    46    23
(relay)    36    38    23814.5    23    23811.92    2    1
(advertise)    35    23814.7    38    23
(relay)    36    47    23872.71    23    23867.71    2    1
(advertise)    35    23872.91    47    23
(relay)    28    21    23907.32    23    23905.98    4    1
(advertise)    35    23907.52    21    23
(relay)    28    8    23932.34    23    23910.83    2    1
(advertise)    35    23933.54    8    23
(relay)    28    15    23954.55    23    23937.4    2    1
(advertise)    35    23954.95    15    23
(relay)    28    22    23976.36    23    23958.37    2    1
(advertise)    35    23977.36    22    23
(relay)    36    30    23988.77    23    23969.85    2    1
(advertise)    35    23998.37    30    23
(relay)    36    29    24012.19    24    24011.66    4    1
(advertise)    35    24019.39    29    24
(heartbeat)    24    6    24025.27    35    24047.8    5    11
(advertise)    35    24048.4    24    6
(relay)    28    7    24185.21    24    24183.37    6    1
(advertise)    35    24185.41    7    24
(relay)    28    28    24213.03    24    24213.0    8    1
(advertise)    35    24213.43    28    24
(relay)    28    14    24260.64    24    24212.47    4    1
(advertise)    35    24260.84    14    24
(relay)    36    48    24287.45    24    24283.92    2    1
(advertise)    35    24287.65    48    24
(relay)    36    37    24356.47    24    24354.29    4    1
(advertise)    35    24356.67    37    24
(relay)    42    42    24360.08    24    24359.06    8    1
(advertise)    35    24380.08    42    24
(generate)    35    24381.29    [24]    24
(relay)    36    43    24501.9    24    24500.6    6    1
(advertise)    35    24502.1    43    24
(relay)    28    0    24666.32    24    24663.36    4    1
(advertise)    35    24666.52    0    24
(relay)    28    20    24707.73    25    24700    119    1
(advertise)    35    24707.93    20    25
(relay)    36    36    24723.94    24    24722.92    6    1
(advertise)    35    24728.94    36    24
(relay)    36    1    24754.76    24    24740.34    2    1
(advertise)    35    24754.96    1    24
(relay)    42    46    24780.77    24    24775.66    2    1
(advertise)    35    24781.17    46    24
(relay)    36    38    24814.58    24    24812.02    2    1
(advertise)    35    24814.78    38    24
(relay)    42    47    24873.6    24    24867.8    2    1
(advertise)    35    24873.8    47    24
(relay)    28    21    24907.41    24    24906.06    8    1
(advertise)    35    24907.61    21    24
(relay)    28    8    24933.02    24    24910.89    2    1
(advertise)    35    24933.22    8    24
(relay)    28    15    24958.03    24    24937.59    4    1
(advertise)    35    24958.23    15    24
(relay)    28    22    24981.85    24    24958.43    4    1
(advertise)    35    24982.85    22    24
(relay)    36    30    25005.86    24    24970.02    2    1
(advertise)    35    25006.46    30    24
(relay)    28    29    25012.47    25    25011.66    4    1
(advertise)    35    25028.47    29    25
(relay)    28    7    25184.89    25    25183.45    6    1
(advertise)    35    25185.09    7    25
(relay)    28    28    25213.5    25    25213.01    8    1
(advertise)    35    25213.7    28    25
(relay)    28    14    25215.31    25    25212.66    8    1
(advertise)    35    25235.91    14    25
(relay)    36    48    25287.93    25    25284.1    2    1
(advertise)    35    25288.13    48    25
(relay)    36    41    25314.34    25    25307.24    2    1
(advertise)    35    25314.54    41    25
(generate)    35    25381.35    [24]    25
(relay)    28    13    25413.56    26    25374    116    1
(advertise)    35    25413.76    13    26
(relay)    36    43    25502.18    25    25500.71    6    1
(advertise)    35    25502.38    43    25
(relay)    42    44    25665.79    25    25663.52    4    1
(advertise)    35    25665.99    44    25
(relay)    28    0    25667.6    25    25663.37    4    1
(advertise)    35    25687.4    0    25
(relay)    36    36    25723.02    25    25722.99    6    1
(advertise)    35    25723.22    36    25
(relay)    28    1    25750.43    25    25740.42    2    1
(advertise)    35    25750.63    1    25
(relay)    36    38    25812.64    25    25812.1    2    1
(advertise)    35    25812.84    38    25
(relay)    28    21    25907.06    25    25906.12    8    1
(advertise)    35    25907.26    21    25
(relay)    28    8    25933.87    25    25910.95    2    1
(advertise)    35    25934.47    8    25
(relay)    36    39    25943.48    25    25916.85    2    1
(relay)    28    15    25956.68    25    25937.71    4    2
(advertise)    35    25957.08    39    25
(advertise)    35    25978.49    15    25
(relay)    28    22    25980.51    25    25958.46    4    1
(advertise)    35    26000.71    22    25
(relay)    28    30    26002.92    25    25970.13    2    1
(advertise)    35    26021.72    30    25
(relay)    28    29    26025.33    26    26011.85    4    1
(advertise)    35    26043.13    29    26
(relay)    28    7    26185.55    26    26183.55    6    1
(advertise)    35    26185.75    7    26
(relay)    28    28    26213.76    26    26213.2    8    1
(advertise)    35    26214.16    28    26
(relay)    36    14    26260.97    26    26212.67    4    1
(advertise)    35    26261.17    14    26
(relay)    36    48    26288.79    26    26284.27    2    1
(advertise)    35    26289.19    48    26
(relay)    36    41    26314.2    26    26307.36    2    1
(advertise)    35    26315.0    41    26
(relay)    36    37    26354.81    26    26354.43    4    1
(advertise)    35    26355.01    37    26
(relay)    42    42    26359.22    26    26359.14    8    1
(advertise)    35    26378.22    42    26
(generate)    35    26381.44    [24]    26
(relay)    42    45    26423.65    26    26406.86    2    1
(advertise)    35    26423.85    45    26
(relay)    28    13    26444.86    27    26374    118    1
(advertise)    35    26445.06    13    27
(relay)    28    43    26504.48    26    26500.82    4    1
(advertise)    35    26504.68    43    26
(relay)    36    44    26665.89    26    26663.59    4    1
(advertise)    35    26666.09    44    26
(relay)    28    0    26667.7    26    26663.38    4    1
(advertise)    35    26687.7    0    26
(relay)    36    20    26712.72    27    26700    117    1
(advertise)    35    26713.12    20    27
(relay)    36    36    26723.13    26    26723.1    6    1
(advertise)    35    26734.13    36    26
(relay)    42    46    26786.54    26    26775.75    2    1
(advertise)    35    26786.74    46    26
(relay)    36    38    26813.55    26    26812.23    2    1
(advertise)    35    26813.75    38    26
(relay)    36    47    26873.17    26    26867.96    2    1
(advertise)    35    26873.37    47    26
(relay)    28    21    26906.98    26    26906.22    8    1
(advertise)    35    26907.18    21    26
(relay)    28    8    26931.59    26    26911.02    2    1
(advertise)    35    26931.99    8    26
(relay)    28    15    26955.21    26    26938.53    4    1
(advertise)    35    26956.01    15    26
(relay)    28    22    26978.22    26    26958.55    4    1
(advertise)    35    26978.62    22    26
(relay)    36    30    27003.03    26    26970.29    2    1
(advertise)    35    27003.23    30    26
(relay)    28    29    27013.65    27    27011.87    4    1
(advertise)    35    27026.65    29    27
(relay)    28    7    27185.86    27    27183.63    6    1
(advertise)    35    27186.06    7    27
(relay)    28    28    27213.87    27    27213.23    8    1
(advertise)    35    27214.07    28    27
(relay)    28    14    27215.68    27    27212.72    8    1
(advertise)    35    27235.48    14    27
(relay)    36    48    27290.3    27    27284.44    2    1
(advertise)    35    27290.5    48    27
(relay)    36    37    27354.91    27    27354.6    4    1
(advertise)    35    27355.11    37    27
(relay)    42    42    27359.32    27    27359.19    8    1
(advertise)    35    27378.12    42    27
(generate)    35    27381.54    [24]    27
(relay)    42    45    27425.55    27    27407.0    2    1
(advertise)    35    27425.75    45    27
(relay)    28    13    27431.36    28    27374    116    1
(advertise)    35    27448.16    13    28
(relay)    42    43    27502.18    27    27500.95    6    1
(advertise)    35    27502.38    43    27
(relay)    36    44    27665.79    27    27663.65    4    1
(advertise)    35    27665.99    44    27
(relay)    36    20    27704.0    28    27700    117    1
(advertise)    35    27704.2    20    28
(relay)    36    36    27723.21    27    27723.19    6    1
(advertise)    35    27726.01    36    27
(relay)    28    1    27763.63    27    27740.57    2    1
(advertise)    35    27763.83    1    27
(relay)    36    46    27786.64    27    27775.82    2    1
(advertise)    35    27787.24    46    27
(relay)    36    38    27813.85    27    27812.35    2    1
(advertise)    35    27814.25    38    27
(relay)    42    47    27872.27    27    27868.04    2    1
(advertise)    35    27872.47    47    27
(relay)    28    21    27907.08    27    27906.3    8    1
(advertise)    35    27907.28    21    27
(relay)    28    8    27933.29    27    27911.07    2    1
(advertise)    35    27933.49    8    27
(relay)    36    39    27946.11    27    27916.95    2    1
(advertise)    35    27954.51    39    27
(relay)    28    15    27956.12    27    27938.53    4    1
(relay)    28    22    27977.72    27    27958.62    4    2
(advertise)    35    27978.12    15    27
(advertise)    35    28000.53    22    27
(relay)    28    30    28002.74    27    27970.48    2    1
(advertise)    35    28022.14    30    27
(relay)    28    29    28023.96    28    28012.05    4    1
(advertise)    35    28043.56    29    28
(heartbeat)    24    7    28025.28    35    28062.77    5    11
(advertise)    35    28064.77    24    7
(relay)    28    7    28186.98    28    28183.74    6    1
(advertise)    35    28187.18    7    28
(relay)    28    28    28214.2    28    28213.27    12    1
(advertise)    35    28214.4    28    28
(relay)    36    14    28261.41    28    28212.75    4    1
(advertise)    35    28261.61    14    28
(relay)    42    48    28291.42    28    28284.61    2    1
(advertise)    35    28291.62    48    28
(relay)    36    37    28355.04    28    28354.61    4    1
(advertise)    35    28355.24    37    28
(relay)    42    42    28359.25    28    28359.23    10    1
(advertise)    35    28377.25    42    28
(generate)    35    28381.66    [24]    28
(relay)    42    45    28426.87    28    28407.18    4    1
(advertise)    35    28427.07    45    28
(relay)    42    43    28502.49    28    28501.07    8    1
(advertise)    35    28502.69    43    28
(relay)    28    44    28668.1    28    28663.76    2    1
(advertise)    35    28668.3    44    28
(relay)    36    20    28703.91    29    28700    117    1
(advertise)    35    28704.11    20    29
(relay)    36    36    28723.93    28    28723.28    10    1
(advertise)    35    28728.33    36    28
(relay)    28    1    28758.94    28    28740.68    2    1
(advertise)    35    28759.14    1    28
(relay)    42    46    28781.95    28    28775.88    2    1
(advertise)    35    28782.35    46    28
(relay)    36    38    28814.57    28    28812.49    2    1
(advertise)    35    28814.77    38    28
(relay)    36    47    28871.78    28    28868.15    2    1
(advertise)    35    28871.98    47    28
(relay)    28    21    28908.19    28    28906.4    10    1
(advertise)    35    28908.39    21    28
(relay)    28    8    28935.2    28    28911.17    2    1
(advertise)    35    28935.6    8    28
(relay)    28    15    28957.62    28    28938.72    10    1
(advertise)    35    28959.02    15    28
(relay)    28    22    28978.43    28    28959.09    10    1
(advertise)    35    28981.03    22    28
(relay)    36    30    29004.84    28    28970.67    2    1
(advertise)    35    29006.04    30    28
(relay)    28    29    29013.86    29    29012.06    10    1
(advertise)    35    29027.06    29    29
(relay)    28    7    29187.47    29    29183.84    6    1
(advertise)    35    29187.67    7    29
(relay)    28    28    29214.28    29    29213.29    12    1
(advertise)    35    29214.48    28    29
(relay)    28    14    29262.9    29    29212.78    4    1
(advertise)    35    29263.1    14    29
(relay)    36    48    29291.71    29    29284.67    2    1
(advertise)    35    29292.11    48    29
(relay)    36    37    29355.92    29    29354.62    4    1
(advertise)    35    29356.12    37    29
(relay)    42    42    29359.73    29    29359.25    10    1
(advertise)    35    29377.33    42    29
(generate)    35    29381.75    [24]    29
(relay)    36    45    29425.16    29    29407.33    4    1
(advertise)    35    29425.36    45    29
(relay)    28    43    29503.17    29    29501.19    6    1
(advertise)    35    29503.37    43    29
(relay)    28    0    29667.79    29    29663.5    4    1
(advertise)    35    29667.99    0    29
(relay)    28    20    29703.4    30    29700    119    1
(advertise)    35    29703.6    20    30
(relay)    36    36    29724.01    29    29723.36    10    1
(advertise)    35    29726.81    36    29
(relay)    28    1    29755.23    29    29740.8    2    1
(advertise)    35    29755.43    1    29
(relay)    36    46    29778.44    29    29775.97    2    1
(advertise)    35    29778.64    46    29
(relay)    36    38    29815.25    29    29812.63    2    1
(advertise)    35    29815.45    38    29
(relay)    36    47    29869.86    29    29868.28    2    1
(advertise)    35    29870.06    47    29
(relay)    28    21    29908.28    29    29906.49    10    1
(advertise)    35    29908.48    21    29
(relay)    28    8    29934.49    29    29911.25    2    1
(advertise)    35    29934.89    8    29
(relay)    36    15    29956.9    29    29938.73    10    1
(advertise)    35    29958.1    15    29
(relay)    28    22    29978.92    29    29959.17    10    1
(advertise)    35    29980.32    22    29
