(relay)    29    13    378.4    1    374    119    1
(advertise)    36    378.6    13    1
(relay)    35    20    709.01    1    700    118    1
(advertise)    36    709.21    20    1
(relay)    29    4    1004.43    2    1000.04    120    1
(advertise)    36    1004.63    4    2
(relay)    29    29    1010.04    1    1009.04    127    1
(advertise)    36    1025.64    29    1
(relay)    29    12    1055.65    1    1040.05    120    1
(advertise)    36    1055.85    12    1
(relay)    29    7    1184.27    1    1181.07    123    1
(advertise)    36    1184.47    7    1
(relay)    29    3    1208.28    1    1195.08    121    1
(advertise)    36    1209.68    3    1
(relay)    35    28    1231.69    1    1211.09    126    1
(relay)    37    23    1232.49    1    1217.09    125    2
(advertise)    36    1232.69    28    1
(advertise)    36    1253.7    23    1
(relay)    29    14    1275.12    1    1210.09    124    1
(advertise)    36    1275.52    14    1
(relay)    37    48    1327.93    1    1280.1    122    1
(advertise)    36    1328.13    48    1
(relay)    37    31    1351.14    1    1327.56    125    1
(advertise)    36    1352.14    31    1
(relay)    37    41    1391.56    1    1305.13    121    1
(advertise)    36    1391.76    41    1
(relay)    29    5    1396.57    1    1303.12    119    1
(relay)    37    27    1413.37    1    1307.13    121    2
(advertise)    36    1414.57    5    1
(relay)    29    37    1418.38    1    1351.36    125    2
(relay)    35    19    1422.98    1    1320.14    117    3
(advertise)    36    1437.58    27    1
(advertise)    36    1459.6    37    1
(relay)    29    35    1463.21    1    1374.16    125    2
(relay)    43    45    1463.61    1    1402.2    125    3
(advertise)    36    1482.81    19    1
(relay)    43    43    1498.22    1    1498.03    127    3
(relay)    37    33    1501.42    1    1377.18    123    4
(advertise)    36    1505.42    35    1
(advertise)    36    1528.63    45    1
(relay)    35    16    1533.65    1    1426.2    122    3
(advertise)    36    1551.25    43    1
(relay)    29    13    1573.06    2    1374    119    3
(advertise)    36    1574.46    33    1
(relay)    43    11    1594.07    1    1321.13    117    3
(advertise)    36    1596.67    16    1
(advertise)    36    1618.29    13    2
(relay)    37    34    1637.5    1    1512.06    122    2
(advertise)    36    1640.1    11    1
(relay)    29    10    1642.11    1    1520.06    122    2
(advertise)    36    1661.51    34    1
(relay)    37    44    1681.33    1    1662.14    126    2
(advertise)    36    1682.73    10    1
(relay)    37    17    1703.34    1    1605.11    121    2
(advertise)    36    1705.74    44    1
(relay)    29    2    1706.95    1    1611.11    122    2
(generate)    36    1721.15    [24]    1
(advertise)    36    1728.56    17    1
(advertise)    36    1749.98    2    1
(relay)    37    0    1773.19    1    1661.07    118    1
(advertise)    36    1773.79    0    1
(relay)    29    20    1795.0    2    1700    120    1
(advertise)    36    1795.8    20    2
(relay)    29    1    1818.42    1    1738.16    121    1
(advertise)    36    1818.82    1    1
(relay)    37    38    1820.03    1    1810.02    126    1
(advertise)    36    1840.23    38    1
(relay)    37    26    1863.24    1    1827.04    120    1
(advertise)    36    1863.84    26    1
(relay)    35    32    1889.46    1    1815.03    118    1
(advertise)    36    1890.06    32    1
(relay)    37    47    1910.27    1    1866.07    123    1
(advertise)    36    1911.27    47    1
(relay)    35    21    1913.08    1    1904.07    125    1
(relay)    37    39    1931.48    1    1913.09    125    2
(advertise)    36    1934.28    21    1
(advertise)    36    1955.69    39    1
(relay)    29    22    1957.31    1    1954.29    126    1
(relay)    37    30    1976.91    1    1965.11    126    2
(advertise)    36    1977.91    22    1
(relay)    43    40    1995.12    1    1893.08    122    2
(advertise)    36    2000.32    30    1
(relay)    29    29    2010.13    2    2009.13    127    2
(relay)    37    15    2020.93    1    1932.08    123    3
(advertise)    36    2021.53    40    1
(advertise)    36    2043.15    29    2
(relay)    35    8    2048.96    1    1907.07    120    2
(relay)    43    18    2062.96    1    1886.28    116    3
(advertise)    36    2066.16    15    1
(advertise)    36    2089.37    8    1
(advertise)    36    2110.39    18    1
(relay)    29    9    2111.8    1    1998.13    123    1
(relay)    37    6    2130.0    1    1961.0    118    2
(advertise)    36    2132.8    9    1
(advertise)    36    2156.01    6    1
(relay)    37    4    2176.22    3    2000.15    118    1
(relay)    29    12    2177.42    2    2040.16    118    2
(advertise)    36    2179.82    4    3
(relay)    29    7    2201.04    2    2181.21    123    2
(advertise)    36    2201.44    12    2
(advertise)    36    2223.65    7    2
(relay)    29    28    2225.06    2    2211.25    126    1
(relay)    37    23    2244.06    2    2217.25    125    2
(advertise)    36    2244.86    28    2
(relay)    29    14    2247.28    2    2210.25    124    2
(advertise)    36    2266.48    23    2
(relay)    43    25    2282.49    2    2207.06    119    2
(advertise)    36    2287.69    14    2
(relay)    29    3    2289.5    2    2195.25    121    2
(advertise)    36    2310.5    25    2
(advertise)    36    2334.32    3    2
(relay)    29    31    2336.33    2    2327.74    125    1
(relay)    37    37    2352.53    2    2351.53    127    2
(advertise)    36    2357.13    31    2
(relay)    43    42    2369.94    2    2352.32    126    2
(relay)    35    35    2374.34    2    2374.33    127    3
(advertise)    36    2380.54    37    2
(advertise)    36    2402.15    42    2
(relay)    37    48    2404.57    2    2280.29    122    2
(relay)    29    19    2424.77    2    2320.32    121    3
(advertise)    36    2426.17    35    2
(relay)    29    11    2446.78    2    2321.32    121    3
(advertise)    36    2447.38    48    2
(advertise)    36    2471.19    19    2
(relay)    29    5    2491.41    2    2303.29    119    2
(advertise)    36    2494.21    11    2
(relay)    43    43    2498.82    2    2498.21    127    2
(relay)    43    45    2500.02    2    2402.38    125    3
(relay)    29    41    2515.22    2    2305.32    121    4
(advertise)    36    2516.42    5    2
(relay)    37    27    2517.63    2    2307.29    119    4
(advertise)    36    2538.43    43    2
(advertise)    36    2560.44    45    2
(advertise)    36    2583.46    41    2
(relay)    43    33    2589.07    2    2377.35    121    2
(advertise)    36    2605.27    27    2
(relay)    29    10    2609.28    2    2520.24    122    2
(advertise)    36    2626.28    33    2
(relay)    43    16    2635.5    2    2426.38    116    2
(relay)    37    34    2644.3    2    2512.23    122    3
(advertise)    36    2648.9    10    2
(advertise)    36    2671.51    16    2
(relay)    43    44    2679.32    2    2662.31    126    2
(relay)    35    17    2693.32    2    2605.28    121    3
(advertise)    36    2693.72    34    2
(advertise)    36    2715.94    44    2
(relay)    29    2    2717.15    2    2611.27    120    2
(generate)    36    2721.35    [24]    2
(advertise)    36    2737.16    17    2
(relay)    43    20    2750.97    3    2700    118    2
(advertise)    36    2759.17    2    2
(advertise)    36    2781.19    20    3
(relay)    29    1    2809.0    2    2738.31    121    1
(advertise)    36    2809.2    1    2
(relay)    29    38    2832.21    2    2810.2    124    1
(advertise)    36    2833.01    38    2
(relay)    37    46    2843.23    2    2774.2    124    1
(relay)    29    0    2854.23    2    2661.18    120    2
(advertise)    36    2855.43    46    2
(advertise)    36    2878.04    0    2
(relay)    29    32    2898.05    2    2815.21    124    1
(advertise)    36    2900.25    32    2
(relay)    29    26    2922.27    2    2827.21    122    1
(advertise)    36    2923.67    26    2
(relay)    35    21    2925.88    2    2904.25    125    1
(advertise)    36    2945.08    21    2
(relay)    43    47    2954.49    2    2866.25    123    1
(advertise)    36    2968.09    47    2
(relay)    29    18    2969.5    2    2886.45    120    1
(advertise)    36    2990.9    18    2
(relay)    43    40    2999.32    2    2893.27    122    1
(relay)    29    29    3009.32    3    3009.32    127    2
(advertise)    36    3013.52    40    2
(advertise)    36    3034.93    29    3
(relay)    29    30    3037.34    2    2966.3    126    1
(relay)    35    22    3037.94    2    2954.48    124    2
(relay)    43    39    3043.74    2    2913.28    123    3
(advertise)    36    3055.94    30    2
(advertise)    36    3078.36    22    2
(advertise)    36    3099.77    39    2
(relay)    29    8    3102.58    2    2907.23    122    1
(relay)    35    15    3102.98    2    2932.27    123    2
(advertise)    36    3121.38    8    2
(advertise)    36    3143.4    15    2
(relay)    29    9    3149.41    2    2998.3    123    1
(advertise)    36    3165.01    9    2
(relay)    29    4    3172.62    4    3000.29    120    1
(advertise)    36    3187.02    4    4
(relay)    29    6    3193.63    2    2961.01    118    1
(advertise)    36    3208.23    6    2
(relay)    29    28    3216.65    3    3211.43    126    1
(advertise)    36    3232.45    28    3
(relay)    29    14    3238.66    3    3211.23    124    1
(advertise)    36    3255.86    14    3
(relay)    29    23    3261.47    3    3217.43    125    1
(advertise)    36    3279.67    23    3
(relay)    29    7    3282.29    3    3181.37    123    1
(relay)    37    12    3289.09    3    3040.34    120    2
(advertise)    36    3303.09    7    3
(relay)    29    25    3304.9    3    3207.23    123    2
(advertise)    36    3324.1    12    3
(advertise)    36    3345.11    25    3
(relay)    29    3    3348.73    3    3195.43    121    1
(relay)    37    37    3352.73    3    3351.71    127    2
(advertise)    36    3367.73    3    3
(relay)    35    35    3374.54    3    3374.53    127    2
(relay)    43    42    3375.94    3    3352.51    126    3
(advertise)    36    3389.34    37    3
(relay)    37    31    3399.15    3    3327.93    125    3
(advertise)    36    3410.55    35    3
(relay)    37    48    3421.76    3    3280.66    122    3
(advertise)    36    3433.56    42    3
(relay)    29    19    3443.98    3    3320.51    121    3
(advertise)    36    3454.98    31    3
(advertise)    36    3477.19    48    3
(advertise)    36    3499.0    19    3
(relay)    43    45    3509.62    3    3402.56    125    1
(relay)    29    27    3510.42    3    3307.46    121    2
(advertise)    36    3521.22    45    3
(relay)    29    11    3533.63    3    3321.49    119    2
(relay)    35    43    3537.63    3    3498.4    125    3
(advertise)    36    3542.83    27    3
(relay)    37    41    3555.44    3    3305.5    121    3
(advertise)    36    3565.04    11    3
(relay)    29    16    3577.26    3    3426.55    124    3
(advertise)    36    3586.26    43    3
(relay)    29    5    3598.87    3    3303.45    119    3
(advertise)    36    3607.87    41    3
(advertise)    36    3629.28    16    3
(relay)    37    33    3645.89    3    3377.54    123    2
(advertise)    36    3651.29    5    3
(relay)    43    44    3672.31    3    3662.49    126    2
(advertise)    36    3673.31    33    3
(relay)    29    34    3686.72    3    3512.4    122    2
(advertise)    36    3695.92    44    3
(relay)    29    13    3709.53    4    3374    117    2
(advertise)    36    3718.53    34    3
(generate)    36    3721.55    [24]    3
(advertise)    36    3740.76    13    4
(relay)    29    10    3753.57    3    3520.42    120    1
(advertise)    36    3763.97    10    3
(relay)    29    17    3797.39    3    3605.47    123    1
(advertise)    36    3797.59    17    3
(relay)    35    0    3805.2    3    3661.34    122    1
(advertise)    36    3820.4    0    3
(relay)    37    38    3822.61    3    3810.39    126    1
(relay)    29    2    3840.61    3    3611.46    122    2
(advertise)    36    3842.81    38    3
(relay)    37    20    3845.42    4    3700    118    2
(relay)    43    46    3852.42    3    3774.37    124    3
(advertise)    36    3864.02    2    3
(advertise)    36    3885.04    20    4
(relay)    29    1    3907.25    3    3738.51    123    2
(advertise)    36    3907.45    46    3
(relay)    37    32    3911.66    3    3815.41    124    2
(advertise)    36    3928.66    1    3
(advertise)    36    3949.68    32    3
(relay)    37    26    3958.29    3    3827.4    122    1
(advertise)    36    3972.09    26    3
(relay)    29    21    3975.3    3    3904.42    125    1
(advertise)    36    3995.1    21    3
(relay)    29    22    3996.72    3    3955.68    126    1
(relay)    37    30    4002.12    3    3966.49    126    2
(relay)    29    29    4009.52    4    4009.52    127    3
(advertise)    36    4017.12    22    3
(relay)    37    39    4023.13    3    3913.46    125    3
(advertise)    36    4039.53    30    3
(relay)    37    40    4045.34    3    3893.45    124    3
(advertise)    36    4060.74    29    4
(relay)    29    15    4063.15    3    3932.45    125    3
(advertise)    36    4082.15    39    3
(relay)    29    8    4084.57    3    3907.42    124    3
(advertise)    36    4105.17    40    3
(advertise)    36    4127.38    15    3
(relay)    37    47    4132.19    3    3866.44    123    2
(advertise)    36    4149.19    8    3
(relay)    29    18    4151.21    3    3886.62    120    2
(heartbeat)    24    1    4025.2    36    4172.61    127    0
(advertise)    36    4172.81    47    3
(advertise)    36    4196.62    18    3
(relay)    29    6    4217.83    3    3961.03    118    2
(advertise)    36    4219.23    24    1
(relay)    29    28    4239.45    4    4211.63    5    2
(advertise)    36    4241.05    6    3
(relay)    37    9    4242.86    3    3998.49    123    2
(advertise)    36    4263.66    28    4
(relay)    29    23    4281.27    4    4217.62    1    2
(advertise)    36    4284.67    9    3
(relay)    29    14    4304.88    4    4211.42    3    1
(relay)    37    4    4307.68    5    4000.49    120    2
(advertise)    36    4308.08    14    4
(advertise)    36    4329.1    4    5
(relay)    29    7    4352.31    4    4181.57    123    1
(relay)    37    37    4352.71    4    4351.72    5    2
(advertise)    36    4353.31    7    4
(relay)    43    12    4361.32    4    4040.54    116    2
(relay)    35    35    4374.72    4    4374.71    7    3
(advertise)    36    4374.92    37    4
(relay)    35    42    4376.34    4    4352.7    7    3
(relay)    37    31    4394.34    4    4328.08    1    4
(advertise)    36    4396.74    12    4
(advertise)    36    4420.15    35    4
(relay)    37    48    4439.36    4    4280.82    3    3
(advertise)    36    4441.36    42    4
(relay)    43    41    4452.38    4    4305.7    1    2
(advertise)    36    4463.98    48    4
(relay)    43    45    4496.99    4    4402.75    3    1
(advertise)    36    4497.19    45    4
(relay)    43    43    4499.2    4    4498.6    7    1
(relay)    29    16    4520.4    4    4426.74    1    2
(advertise)    36    4521.0    43    4
(relay)    37    27    4527.01    4    4307.63    1    1
(relay)    29    33    4585.01    4    4377.72    1    1
(relay)    37    44    4663.81    4    4662.61    5    1
(advertise)    36    4664.01    44    4
(relay)    37    20    4706.23    5    4700    118    1
(advertise)    36    4706.43    20    5
(generate)    36    4721.64    [24]    4
(relay)    29    1    4760.05    4    4738.6    1    1
(relay)    37    0    4778.05    4    4661.43    1    1
(relay)    43    46    4779.05    4    4774.48    3    1
(advertise)    36    4779.25    46    4
(relay)    43    38    4811.87    4    4810.45    1    1
(relay)    37    32    4845.87    4    4815.54    1    1
(relay)    37    26    4869.47    4    4827.44    1    1
(relay)    43    47    4872.07    4    4866.53    3    1
(advertise)    36    4872.27    47    4
(relay)    35    21    4905.28    4    4904.47    3    1
(advertise)    36    4905.48    21    4
(relay)    37    40    4912.29    4    4893.52    1    1
(relay)    43    39    4920.09    4    4913.64    1    1
(relay)    35    8    4932.49    4    4907.45    1    1
(relay)    35    15    4957.29    4    4932.61    1    1
(relay)    35    22    4979.29    4    4955.71    1    1
(relay)    37    30    4984.49    4    4966.6    3    1
(advertise)    36    4984.69    30    4
(relay)    29    29    5009.71    5    5009.66    5    1
(advertise)    36    5009.91    29    5
(relay)    29    9    5050.92    4    4998.61    1    1
(relay)    37    12    5071.52    5    5040.56    1    1
(relay)    35    7    5183.32    5    5181.57    3    1
(advertise)    36    5183.52    7    5
(relay)    35    28    5213.13    5    5211.73    5    1
(advertise)    36    5213.33    28    5
(relay)    35    14    5235.54    5    5211.53    3    1
(advertise)    36    5236.54    14    5
(relay)    29    23    5237.96    5    5217.82    1    1
(relay)    37    48    5282.96    5    5280.87    3    1
(advertise)    36    5283.16    48    5
(relay)    37    41    5310.57    5    5305.81    3    1
(advertise)    36    5310.97    41    5
(relay)    37    31    5334.18    5    5328.2    1    1
(relay)    37    37    5351.78    5    5351.77    5    1
(advertise)    36    5351.98    37    5
(relay)    35    42    5374.6    5    5353.73    7    1
(advertise)    36    5375.6    42    5
(relay)    43    35    5400.21    5    5375.65    5    1
(advertise)    36    5400.41    35    5
(relay)    37    33    5401.82    5    5378.38    1    1
(relay)    43    45    5425.02    5    5402.9    3    1
(advertise)    36    5426.02    45    5
(relay)    43    13    5446.44    6    5374    115    1
(advertise)    36    5449.44    13    6
(relay)    43    43    5499.65    5    5498.69    7    1
(advertise)    36    5499.85    43    5
(relay)    43    44    5664.06    5    5662.65    5    1
(advertise)    36    5664.26    44    5
(generate)    36    5721.67    [24]    5
(relay)    29    1    5748.89    5    5738.67    3    1
(advertise)    36    5749.09    1    5
(relay)    43    46    5778.3    5    5774.67    3    1
(advertise)    36    5778.5    46    5
(relay)    37    38    5810.91    5    5810.51    3    1
(advertise)    36    5811.11    38    5
(relay)    37    32    5834.33    5    5815.67    1    1
(relay)    37    26    5858.93    5    5827.46    1    1
(relay)    29    47    5883.33    5    5866.55    1    1
(relay)    37    40    5905.13    5    5893.55    3    1
(advertise)    36    5905.33    40    5
(relay)    37    39    5928.54    5    5913.79    3    1
(advertise)    36    5928.74    39    5
(relay)    35    8    5953.35    5    5907.53    1    1
(relay)    37    21    5955.75    5    5904.54    1    1
(relay)    35    15    5975.35    5    5932.61    1    1
(relay)    37    30    5976.95    5    5966.76    3    1
(advertise)    36    5977.15    30    5
(relay)    35    22    5995.77    5    5955.77    1    1
(relay)    29    29    6009.77    6    6009.66    5    1
(advertise)    36    6009.97    29    6
(relay)    29    9    6065.38    5    5998.79    1    1
(relay)    29    12    6087.38    6    6040.59    1    1
(relay)    35    7    6183.38    6    6181.67    3    1
(advertise)    36    6183.58    7    6
(relay)    35    28    6212.99    6    6211.77    5    1
(advertise)    36    6213.19    28    6
(relay)    29    23    6236.2    6    6217.89    1    1
(relay)    35    14    6236.8    6    6211.55    3    1
(advertise)    36    6237.2    14    6
(relay)    37    48    6284.62    6    6281.05    3    1
(advertise)    36    6284.82    48    6
(relay)    37    41    6310.23    6    6305.86    3    1
(advertise)    36    6310.43    41    6
(relay)    37    31    6331.64    6    6328.22    1    1
(relay)    37    37    6352.04    6    6351.93    5    1
(advertise)    36    6352.24    37    6
(relay)    35    42    6375.26    6    6353.91    7    1
(advertise)    36    6375.46    42    6
(relay)    43    35    6398.07    6    6375.96    5    1
(advertise)    36    6400.27    35    6
(relay)    43    45    6425.08    6    6403.81    3    1
(advertise)    36    6425.68    45    6
(relay)    37    33    6448.1    6    6378.5    1    1
(relay)    43    13    6451.5    7    6374    117    1
(advertise)    36    6451.7    13    7
(relay)    29    16    6470.51    6    6427.09    1    1
(relay)    43    43    6499.71    6    6498.76    7    1
(advertise)    36    6499.91    43    6
(relay)    37    34    6537.52    6    6512.94    1    1
(relay)    29    2    6630.12    6    6611.59    1    1
(relay)    43    44    6663.92    6    6662.68    5    1
(advertise)    36    6664.12    44    6
(relay)    29    20    6703.93    7    6700    120    1
(advertise)    36    6704.33    20    7
(generate)    36    6721.75    [24]    6
(relay)    29    1    6758.96    6    6738.76    3    1
(advertise)    36    6759.16    1    6
(relay)    29    46    6782.97    6    6774.72    1    1
(relay)    37    38    6811.37    6    6810.64    3    1
(advertise)    36    6811.57    38    6
(relay)    37    32    6835.19    6    6815.79    1    1
(relay)    37    26    6860.19    6    6827.5    1    1
(relay)    43    47    6883.19    6    6866.61    3    1
(advertise)    36    6883.39    47    6
(relay)    37    40    6904.4    6    6893.6    1    1
(relay)    35    21    6906.0    6    6904.65    3    1
(advertise)    36    6907.2    21    6
(relay)    35    8    6932.61    6    6907.59    1    1
(relay)    37    39    6953.81    6    6913.95    1    1
(relay)    35    15    6956.21    6    6932.63    1    1
(relay)    37    30    6975.01    6    6966.9    3    1
(advertise)    36    6975.41    30    6
(relay)    35    22    7000.83    6    6955.84    1    1
(relay)    29    29    7010.23    7    7009.69    5    1
(advertise)    36    7010.43    29    7
(relay)    29    9    7112.04    6    6998.79    1    1
(relay)    37    7    7185.44    7    7181.77    1    1
(relay)    35    28    7213.24    7    7211.8    5    1
(advertise)    36    7213.44    28    7
(relay)    29    23    7235.25    7    7218.01    1    1
(relay)    29    14    7256.45    7    7211.57    3    1
(advertise)    36    7256.65    14    7
(relay)    37    48    7285.66    7    7281.2    3    1
(advertise)    36    7285.86    48    7
(relay)    37    41    7312.08    7    7305.89    3    1
(advertise)    36    7312.28    41    7
(relay)    37    31    7334.49    7    7328.28    1    1
(relay)    37    37    7352.09    7    7351.95    5    1
(advertise)    36    7352.29    37    7
(relay)    43    42    7375.1    7    7354.11    7    1
(advertise)    36    7376.1    42    7
(relay)    43    35    7399.92    7    7376.07    5    1
(advertise)    36    7400.12    35    7
(relay)    43    45    7424.73    7    7403.92    3    1
(advertise)    36    7425.13    45    7
(relay)    29    13    7450.54    8    7374    119    1
(advertise)    36    7450.94    13    8
(relay)    37    16    7490.56    7    7427.09    1    1
(relay)    43    43    7499.76    7    7498.83    7    1
(advertise)    36    7499.96    43    7
(relay)    29    33    7531.57    7    7378.65    1    1
(relay)    29    2    7630.77    7    7611.61    1    1
(relay)    43    44    7664.17    7    7662.86    5    1
(advertise)    36    7664.37    44    7
(relay)    35    0    7687.38    7    7661.48    3    1
(advertise)    36    7687.58    0    7
(relay)    37    20    7710.59    8    7700    118    1
(advertise)    36    7710.99    20    8
(generate)    36    7721.81    [24]    7
(relay)    29    1    7761.42    7    7738.85    3    1
(advertise)    36    7761.62    1    7
(relay)    43    46    7785.63    7    7774.77    3    1
(advertise)    36    7786.03    46    7
(relay)    37    38    7811.85    7    7810.72    3    1
(advertise)    36    7813.05    38    7
(relay)    29    32    7837.06    7    7815.92    1    1
(relay)    37    26    7860.46    7    7827.54    1    1
(relay)    37    47    7883.46    7    7866.67    3    1
(advertise)    36    7883.66    47    7
(relay)    37    40    7904.67    7    7893.63    3    1
(advertise)    36    7905.07    40    7
(relay)    37    39    7927.29    7    7914.14    3    1
(advertise)    36    7927.49    39    7
(relay)    29    21    7929.3    7    7904.74    3    1
(advertise)    36    7948.5    21    7
(relay)    37    30    7971.31    7    7966.93    3    1
(advertise)    36    7971.51    30    7
(relay)    29    8    7972.72    7    7907.86    1    1
(relay)    35    22    7993.12    7    7955.91    1    1
(relay)    29    15    7995.12    7    7932.66    3    1
(advertise)    36    7995.52    15    7
(relay)    29    29    8010.34    8    8009.72    5    1
(advertise)    36    8016.54    29    8
(heartbeat)    24    2    8025.21    36    8044.55    4    4
(advertise)    36    8044.75    24    2
(relay)    29    9    8060.36    7    7998.83    1    1
(relay)    37    12    8089.76    8    8040.7    1    1
(relay)    35    7    8185.56    8    8181.88    3    1
(advertise)    36    8185.76    7    8
(relay)    29    28    8213.18    8    8211.83    5    1
(advertise)    36    8213.38    28    8
(relay)    29    14    8234.19    8    8211.62    3    1
(advertise)    36    8235.19    14    8
(relay)    37    23    8254.0    8    8218.14    1    1
(relay)    43    48    8286.8    8    8281.23    3    1
(advertise)    36    8287.0    48    8
(relay)    43    41    8313.42    8    8305.98    1    1
(relay)    37    31    8344.02    8    8328.38    1    1
(relay)    37    37    8352.02    8    8352.0    5    1
(advertise)    36    8352.22    37    8
(relay)    43    42    8375.03    8    8354.36    7    1
(advertise)    36    8375.83    42    8
(relay)    43    35    8396.84    8    8376.21    5    1
(advertise)    36    8397.84    35    8
(relay)    43    45    8420.05    8    8404.05    3    1
(advertise)    36    8421.45    45    8
(relay)    37    33    8446.27    8    8378.84    1    1
(relay)    35    13    8453.87    9    8374    117    1
(advertise)    36    8454.07    13    9
(relay)    29    16    8462.88    8    8427.28    1    1
(relay)    43    43    8499.88    8    8498.95    7    1
(advertise)    36    8500.08    43    8
(relay)    29    44    8666.49    8    8662.91    3    1
(advertise)    36    8666.69    44    8
(relay)    37    20    8702.51    9    8700    120    1
(advertise)    36    8702.71    20    9
(generate)    36    8721.92    [24]    8
(relay)    29    1    8753.33    8    8738.95    3    1
(advertise)    36    8753.53    1    8
(relay)    37    46    8777.35    8    8774.83    3    1
(advertise)    36    8777.55    46    8
(relay)    37    38    8812.16    8    8810.82    3    1
(advertise)    36    8812.36    38    8
(relay)    37    32    8836.17    8    8816.11    1    1
(relay)    29    47    8870.37    8    8866.75    1    1
(relay)    43    40    8896.57    8    8893.64    1    1
(relay)    35    21    8906.97    8    8904.85    3    1
(advertise)    36    8907.17    21    8
(relay)    29    8    8934.78    8    8908.15    1    1
(relay)    43    39    8942.38    8    8914.16    1    1
(relay)    35    15    8958.18    8    8933.63    1    1
(relay)    37    30    8968.98    8    8967.08    3    1
(advertise)    36    8969.18    30    8
(relay)    35    22    9002.8    8    8956.0    1    1
(relay)    29    29    9010.2    9    9009.74    5    1
(advertise)    36    9010.4    29    9
(relay)    35    7    9185.81    9    9181.98    3    1
(advertise)    36    9186.01    7    9
(relay)    29    28    9213.62    9    9211.87    5    1
(advertise)    36    9213.82    28    9
(relay)    29    23    9236.44    9    9218.23    1    1
(relay)    37    48    9286.04    9    9281.39    3    1
(advertise)    36    9286.24    48    9
(relay)    37    41    9311.25    9    9306.02    1    1
(relay)    37    31    9333.85    9    9328.42    1    1
(relay)    37    37    9352.65    9    9352.16    5    1
(advertise)    36    9352.85    37    9
(relay)    35    42    9376.66    9    9355.56    7    1
(advertise)    36    9376.86    42    9
(relay)    43    35    9401.68    9    9377.28    5    1
(advertise)    36    9402.08    35    9
(relay)    43    45    9423.89    9    9404.55    3    1
(advertise)    36    9426.09    45    9
(relay)    29    16    9465.3    9    9427.42    1    1
(relay)    43    43    9499.3    9    9499.22    7    1
(advertise)    36    9499.7    43    9
(relay)    37    34    9527.51    9    9513.3    1    1
(relay)    37    2    9634.12    9    9611.67    1    1
(relay)    37    44    9664.52    9    9662.93    5    1
(advertise)    36    9664.72    44    9
(relay)    35    0    9666.73    9    9661.69    1    1
(relay)    37    20    9702.73    10    9700    120    1
(advertise)    36    9702.93    20    10
(generate)    36    9721.94    [24]    9
(relay)    29    1    9755.75    9    9739.02    3    1
(advertise)    36    9755.95    1    9
(relay)    37    46    9779.57    9    9774.85    3    1
(advertise)    36    9780.97    46    9
(relay)    37    38    9812.58    9    9810.9    3    1
(advertise)    36    9812.78    38    9
(relay)    29    32    9837.19    9    9816.18    1    1
(relay)    37    47    9868.39    9    9866.79    3    1
(advertise)    36    9868.59    47    9
(relay)    43    40    9897.81    9    9893.66    1    1
(relay)    35    21    9907.61    9    9904.94    3    1
(advertise)    36    9907.81    21    9
(relay)    35    8    9933.42    9    9909.02    1    1
(relay)    43    39    9942.42    9    9914.3    1    1
(relay)    35    15    9955.22    9    9934.05    1    1
(relay)    35    22    9978.42    9    9956.03    1    1
(relay)    37    30    9987.42    9    9967.22    3    1
(advertise)    36    9987.62    30    9
(relay)    29    29    10010.83    10    10009.92    5    1
(advertise)    36    10011.23    29    10
(relay)    29    9    10050.85    9    9999.2    1    1
(relay)    35    7    10186.65    10    10182.07    3    1
(advertise)    36    10186.85    7    10
(relay)    29    28    10213.66    10    10212.06    5    1
(advertise)    36    10214.06    28    10
(relay)    29    23    10236.27    10    10218.37    1    1
(relay)    29    14    10259.47    10    10211.86    1    1
(relay)    37    48    10288.07    10    10281.53    3    1
(advertise)    36    10288.27    48    10
(relay)    37    41    10309.68    10    10306.08    1    1
(relay)    29    31    10329.48    10    10328.45    1    1
(relay)    37    37    10352.88    10    10352.36    5    1
(advertise)    36    10353.08    37    10
(relay)    43    42    10376.3    10    10356.15    7    1
(advertise)    36    10376.5    42    10
(relay)    35    35    10378.31    10    10377.36    7    1
(advertise)    36    10398.11    35    10
(relay)    43    45    10420.92    10    10404.62    3    1
(advertise)    36    10421.52    45    10
(relay)    35    13    10444.94    11    10374    115    1
(advertise)    36    10446.54    13    11
(relay)    29    16    10471.15    10    10427.57    1    1
(relay)    43    43    10499.35    10    10499.28    7    1
(advertise)    36    10499.55    43    10
(relay)    37    2    10634.96    10    10611.7    1    1
(relay)    37    44    10664.16    10    10662.97    5    1
(advertise)    36    10664.36    44    10
(relay)    35    0    10665.98    10    10661.88    1    1
(generate)    36    10721.98    [24]    10
(relay)    29    1    10752.39    10    10739.08    3    1
(advertise)    36    10752.59    1    10
(relay)    37    46    10776.4    10    10775.05    3    1
(advertise)    36    10776.6    46    10
(relay)    37    38    10812.61    10    10810.93    3    1
(advertise)    36    10812.81    38    10
(relay)    29    32    10837.43    10    10816.32    1    1
(relay)    43    47    10869.03    10    10866.84    3    1
(advertise)    36    10869.23    47    10
(relay)    35    21    10907.44    10    10905.01    3    1
(advertise)    36    10907.64    21    10
(relay)    29    8    10933.05    10    10909.48    1    1
(relay)    37    39    10944.85    10    10914.45    3    1
(advertise)    36    10945.05    39    10
(relay)    37    30    10968.87    10    10967.37    3    1
(advertise)    36    10969.47    30    10
(relay)    29    15    10977.08    10    10934.2    3    1
(advertise)    36    10992.48    15    10
(relay)    29    22    10998.09    10    10956.08    3    1
(relay)    29    29    11011.09    11    11010.09    5    2
(advertise)    36    11014.69    22    10
(advertise)    36    11036.71    29    11
(relay)    29    9    11042.72    10    10999.35    1    1
(relay)    35    7    11187.72    11    11182.15    3    1
(advertise)    36    11187.92    7    11
(relay)    35    28    11212.53    11    11212.07    5    1
(advertise)    36    11212.93    28    11
(relay)    29    14    11236.34    11    11211.88    3    1
(relay)    37    23    11236.54    11    11218.42    1    2
(advertise)    36    11236.94    14    11
(relay)    37    48    11287.96    11    11281.68    3    1
(advertise)    36    11288.16    48    11
(relay)    37    41    11311.17    11    11306.16    3    1
(advertise)    36    11312.57    41    11
(relay)    37    31    11334.18    11    11328.52    1    1
(relay)    37    37    11352.98    11    11352.51    5    1
(advertise)    36    11353.18    37    11
(relay)    35    42    11378.0    11    11356.49    7    1
(advertise)    36    11378.2    42    11
(relay)    35    35    11379.41    11    11378.28    7    1
(advertise)    36    11400.61    35    11
(relay)    35    45    11425.82    11    11404.71    1    1
(relay)    29    16    11449.22    11    11427.7    1    1
(relay)    37    33    11474.42    11    11379.51    1    1
(relay)    43    43    11499.42    11    11499.37    7    1
(advertise)    36    11499.62    43    11
(relay)    29    34    11557.84    11    11513.52    1    1
(relay)    29    2    11633.04    11    11611.71    1    1
(relay)    37    44    11663.24    11    11662.99    5    1
(advertise)    36    11663.44    44    11
(relay)    37    20    11706.05    12    11700    120    1
(advertise)    36    11706.25    20    12
(generate)    36    11722.06    [24]    11
(relay)    29    1    11752.27    11    11739.14    3    1
(advertise)    36    11752.47    1    11
(relay)    37    46    11776.69    11    11775.07    3    1
(advertise)    36    11777.09    46    11
(relay)    37    38    11813.3    11    11810.99    3    1
(advertise)    36    11813.5    38    11
(relay)    37    32    11836.51    11    11816.46    1    1
(relay)    43    47    11869.11    11    11866.9    3    1
(advertise)    36    11869.31    47    11
(relay)    43    40    11899.33    11    11893.8    1    1
(relay)    29    21    11907.53    11    11905.08    3    1
(advertise)    36    11907.73    21    11
(relay)    29    8    11931.14    11    11909.73    1    1
(relay)    37    39    11932.74    11    11914.62    3    1
(advertise)    36    11932.94    39    11
(relay)    35    15    11955.75    11    11935.57    1    1
(relay)    37    30    11968.95    11    11967.53    3    1
(advertise)    36    11969.15    30    11
(relay)    29    22    11997.57    11    11956.13    3    1
(advertise)    36    11998.17    22    11
(relay)    29    29    12011.18    12    12010.1    5    1
(advertise)    36    12020.38    29    12
(relay)    29    9    12040.79    11    11999.48    1    1
(heartbeat)    24    3    12025.23    36    12044.59    4    4
(advertise)    36    12044.79    24    3
(relay)    29    7    12185.4    12    12182.25    3    1
(advertise)    36    12185.6    7    12
(relay)    35    28    12212.42    12    12212.09    5    1
(advertise)    36    12212.62    28    12
(relay)    29    23    12235.83    12    12218.52    1    1
(relay)    37    48    12285.23    12    12281.86    3    1
(advertise)    36    12285.43    48    12
(relay)    37    41    12309.44    12    12306.27    3    1
(advertise)    36    12309.84    41    12
(relay)    37    31    12332.46    12    12328.62    1    1
(relay)    37    37    12353.66    12    12352.68    5    1
(advertise)    36    12353.86    37    12
(relay)    35    42    12377.87    12    12357.68    7    1
(advertise)    36    12378.67    42    12
(relay)    35    13    12401.48    13    12374    117    1
(advertise)    36    12402.88    13    13
(relay)    37    33    12404.5    12    12379.65    1    1
(relay)    43    45    12427.1    12    12405.01    3    1
(advertise)    36    12427.3    45    12
(relay)    29    16    12454.71    12    12427.84    1    1
(relay)    43    43    12499.51    12    12499.46    7    1
(advertise)    36    12499.71    43    12
(relay)    37    34    12528.72    12    12513.71    1    1
(relay)    43    44    12663.32    12    12663.04    5    1
(advertise)    36    12663.52    44    12
(relay)    37    20    12706.53    13    12700    120    1
(advertise)    36    12706.73    20    13
(generate)    36    12722.15    [24]    12
(relay)    37    1    12755.56    12    12739.23    1    1
(relay)    37    46    12777.96    12    12775.07    3    1
(advertise)    36    12778.16    46    12
(relay)    37    38    12813.17    12    12811.08    3    1
(advertise)    36    12813.37    38    12
(relay)    37    32    12835.39    12    12816.6    1    1
(relay)    37    47    12870.19    12    12866.97    3    1
(advertise)    36    12870.39    47    12
(relay)    37    40    12900.8    12    12893.87    1    1
(relay)    29    21    12906.8    12    12905.16    3    1
(advertise)    36    12907.0    21    12
(relay)    29    39    12929.61    12    12914.8    1    1
(relay)    29    15    12952.61    12    12935.74    3    1
(advertise)    36    12952.81    15    12
(relay)    29    22    12973.63    12    12956.17    3    1
(advertise)    36    12974.83    22    12
(relay)    29    30    12995.64    12    12967.66    3    1
(advertise)    36    12997.84    30    12
(relay)    29    29    13011.45    13    13010.25    5    1
(advertise)    36    13021.45    29    13
(relay)    29    9    13034.26    12    12999.6    1    1
(relay)    29    7    13184.66    13    13182.32    3    1
(advertise)    36    13184.86    7    13
(relay)    35    28    13212.88    13    13212.27    5    1
(advertise)    36    13213.08    28    13
(relay)    37    23    13237.09    13    13218.53    1    1
(relay)    37    14    13259.49    13    13211.91    1    1
(relay)    43    48    13284.49    13    13282.03    3    1
(advertise)    36    13284.69    48    13
(relay)    37    41    13310.3    13    13306.34    3    1
(advertise)    36    13310.9    41    13
(relay)    37    31    13332.52    13    13328.68    1    1
(relay)    37    37    13353.92    13    13352.86    5    1
(advertise)    36    13354.12    37    13
(relay)    43    42    13377.73    13    13357.87    7    1
(advertise)    36    13378.13    42    13
(relay)    43    35    13400.74    13    13379.03    5    1
(advertise)    36    13400.94    35    13
(relay)    29    13    13410.16    14    13374    117    1
(advertise)    36    13422.36    13    14
(relay)    37    45    13445.97    13    13405.07    3    1
(advertise)    36    13446.37    45    13
(relay)    37    33    13467.58    13    13380.01    1    1
(relay)    29    16    13476.78    13    13427.96    1    1
(relay)    43    43    13500.18    13    13499.56    7    1
(advertise)    36    13500.38    43    13
(relay)    43    44    13663.39    13    13663.08    5    1
(advertise)    36    13663.59    44    13
(relay)    37    20    13707.61    14    13700    120    1
(advertise)    36    13707.81    20    14
(generate)    36    13722.22    [24]    13
(relay)    29    1    13754.83    13    13739.32    3    1
(advertise)    36    13755.03    1    13
(relay)    43    46    13779.65    13    13775.11    3    1
(advertise)    36    13780.05    46    13
(relay)    37    38    13812.46    13    13811.16    3    1
(advertise)    36    13812.66    38    13
(relay)    37    32    13834.87    13    13816.71    1    1
(relay)    43    47    13870.87    13    13867.06    3    1
(advertise)    36    13871.07    47    13
(relay)    37    40    13898.69    13    13893.92    1    1
(relay)    35    21    13907.69    13    13905.23    3    1
(advertise)    36    13907.89    21    13
(relay)    29    39    13930.5    13    13914.98    1    1
(relay)    35    8    13932.3    13    13909.9    1    1
(relay)    35    15    13956.9    13    13935.91    1    1
(relay)    37    30    13970.1    13    13967.81    3    1
(advertise)    36    13970.3    30    13
(relay)    29    22    13995.11    13    13956.43    3    1
(advertise)    36    13995.31    22    13
(relay)    29    29    14010.52    14    14010.42    5    1
(advertise)    36    14016.92    29    14
(relay)    29    9    14037.74    13    13999.76    1    1
(relay)    35    28    14213.14    14    14212.28    5    1
(advertise)    36    14213.34    28    14
(relay)    35    14    14234.55    14    14212.11    3    1
(advertise)    36    14238.15    14    14
(relay)    29    23    14262.76    14    14218.6    1    1
(relay)    37    48    14283.96    14    14282.2    3    1
(advertise)    36    14284.16    48    14
(relay)    37    41    14310.58    14    14306.42    3    1
(advertise)    36    14310.78    41    14
(relay)    37    31    14333.39    14    14328.87    1    1
(relay)    37    37    14353.99    14    14353.02    5    1
(advertise)    36    14354.19    37    14
(relay)    43    42    14376.6    14    14357.87    7    1
(advertise)    36    14378.4    42    14
(relay)    43    35    14399.02    14    14379.13    5    1
(advertise)    36    14399.82    35    14
(relay)    37    33    14423.63    14    14380.19    1    1
(relay)    43    45    14426.63    14    14405.75    3    1
(advertise)    36    14426.83    45    14
(relay)    29    16    14468.64    14    14428.1    1    1
(relay)    43    43    14500.24    14    14499.65    7    1
(advertise)    36    14500.44    43    14
(relay)    37    34    14534.45    14    14513.73    1    1
(relay)    29    2    14634.05    14    14611.8    1    1
(relay)    43    44    14664.05    14    14663.1    5    1
(advertise)    36    14664.25    44    14
(relay)    29    20    14705.87    15    14700    120    1
(advertise)    36    14706.07    20    15
(generate)    36    14722.28    [24]    14
(relay)    29    1    14755.29    14    14739.42    1    1
(relay)    37    46    14778.69    14    14775.3    3    1
(advertise)    36    14778.89    46    14
(relay)    37    38    14812.51    14    14811.25    3    1
(advertise)    36    14812.71    38    14
(relay)    29    32    14835.52    14    14816.81    1    1
(relay)    37    47    14871.52    14    14867.09    3    1
(advertise)    36    14871.72    47    14
(relay)    37    40    14898.93    14    14893.92    1    1
(relay)    35    21    14905.93    14    14905.3    3    1
(advertise)    36    14906.13    21    14
(relay)    35    8    14930.95    14    14909.95    1    1
(relay)    37    39    14940.35    14    14915.13    1    1
(relay)    35    15    14956.35    14    14936.07    1    1
(relay)    37    30    14990.75    14    14968.53    3    1
(advertise)    36    14990.95    30    14
(relay)    29    22    14998.96    14    14956.47    3    1
(relay)    29    29    15010.76    15    15010.61    5    2
(advertise)    36    15013.16    22    14
(advertise)    36    15036.37    29    15
(relay)    29    9    15043.18    14    14999.93    1    1
(relay)    35    7    15183.58    15    15182.48    3    1
(advertise)    36    15183.78    7    15
(relay)    35    28    15213.6    15    15212.48    5    1
(advertise)    36    15213.8    28    15
(relay)    29    14    15237.61    15    15212.12    3    1
(advertise)    36    15238.01    14    15
(relay)    29    23    15259.82    15    15218.68    1    1
(relay)    37    48    15284.42    15    15282.38    3    1
(advertise)    36    15284.62    48    15
(relay)    37    41    15310.64    15    15306.49    3    1
(advertise)    36    15311.64    41    15
(relay)    37    31    15332.45    15    15328.9    1    1
(relay)    43    37    15354.85    15    15353.21    3    1
(advertise)    36    15355.05    37    15
(relay)    35    42    15358.46    15    15358.06    7    1
(advertise)    36    15377.46    42    15
(relay)    35    35    15379.48    15    15379.2    7    1
(advertise)    36    15399.68    35    15
(relay)    43    45    15423.69    15    15405.84    3    1
(advertise)    36    15423.89    45    15
(relay)    37    33    15448.1    15    15380.37    1    1
(relay)    29    16    15449.1    15    15428.22    1    1
(relay)    43    43    15500.3    15    15499.72    7    1
(advertise)    36    15500.5    43    15
(relay)    29    2    15630.11    15    15611.82    1    1
(relay)    35    44    15665.91    15    15663.14    3    1
(advertise)    36    15666.11    44    15
(generate)    36    15722.33    [24]    15
(relay)    35    1    15749.94    15    15739.48    1    1
(relay)    37    46    15779.34    15    15775.31    3    1
(advertise)    36    15779.54    46    15
(relay)    37    38    15811.75    15    15811.31    3    1
(advertise)    36    15811.95    38    15
(relay)    37    32    15834.57    15    15816.92    1    1
(relay)    37    47    15872.57    15    15867.14    3    1
(advertise)    36    15872.77    47    15
(relay)    35    21    15905.98    15    15905.37    3    1
(advertise)    36    15906.18    21    15
(relay)    29    8    15931.39    15    15910.01    1    1
(relay)    37    39    15940.79    15    15915.31    3    1
(advertise)    36    15940.99    39    15
(relay)    29    15    15953.41    15    15936.22    3    1
(advertise)    36    15962.21    15    15
(relay)    29    22    15975.02    15    15956.53    3    1
(advertise)    36    15984.22    22    15
(relay)    29    30    15995.63    15    15968.63    3    1
(advertise)    36    16007.63    30    15
(relay)    29    29    16010.84    16    16010.78    5    1
(advertise)    36    16029.64    29    16
(relay)    29    9    16044.26    15    16000.09    1    1
(heartbeat)    24    4    16025.24    36    16085.66    4    10
(advertise)    36    16085.86    24    4
(relay)    35    7    16184.47    16    16182.58    3    1
(advertise)    36    16184.67    7    16
(relay)    35    28    16213.68    16    16212.5    5    1
(advertise)    36    16213.88    28    16
(relay)    29    23    16238.5    16    16218.72    1    1
(relay)    37    14    16260.5    16    16212.12    1    1
(relay)    37    48    16285.1    16    16282.57    3    1
(advertise)    36    16285.3    48    16
(relay)    37    41    16312.31    16    16306.57    3    1
(advertise)    36    16312.71    41    16
(relay)    37    31    16336.52    16    16329.0    1    1
(relay)    37    37    16353.52    16    16353.38    5    1
(advertise)    36    16353.72    37    16
(relay)    35    42    16375.54    16    16358.23    7    1
(advertise)    36    16377.94    42    16
(relay)    35    35    16379.75    16    16379.29    7    1
(advertise)    36    16399.75    35    16
(relay)    43    45    16424.76    16    16405.89    3    1
(advertise)    36    16424.96    45    16
(relay)    29    13    16446.37    17    16374    115    1
(advertise)    36    16447.37    13    17
(relay)    29    33    16471.39    16    16380.53    1    1
(relay)    43    43    16500.79    16    16499.82    7    1
(advertise)    36    16500.99    43    16
(relay)    29    16    16527.4    16    16428.38    1    1
(relay)    37    34    16548.8    16    16514.1    1    1
(relay)    29    2    16631.0    16    16611.85    1    1
(relay)    43    44    16664.4    16    16663.16    5    1
(advertise)    36    16664.6    44    16
(relay)    35    0    16688.41    16    16662.55    3    1
(advertise)    36    16688.61    0    16
(relay)    35    20    16709.43    17    16700    118    1
(advertise)    36    16710.83    20    17
(generate)    36    16722.44    [24]    16
(relay)    37    1    16758.85    16    16739.6    1    1
(relay)    43    46    16779.05    16    16775.36    3    1
(advertise)    36    16779.25    46    16
(relay)    37    38    16812.27    16    16811.42    3    1
(advertise)    36    16812.47    38    16
(relay)    37    32    16835.68    16    16817.06    1    1
(relay)    37    47    16871.28    16    16867.21    3    1
(advertise)    36    16871.48    47    16
(relay)    37    40    16895.89    16    16894.01    1    1
(relay)    35    21    16906.49    16    16905.47    3    1
(advertise)    36    16906.69    21    16
(relay)    35    8    16931.3    16    16910.1    1    1
(relay)    37    39    16940.5    16    16915.48    1    1
(relay)    29    15    16954.5    16    16936.23    3    1
(advertise)    36    16954.7    15    16
(relay)    29    22    16976.52    16    16956.61    3    1
(advertise)    36    16977.32    22    16
(relay)    37    30    16984.53    16    16968.82    3    1
(advertise)    36    16998.73    30    16
(relay)    29    29    17011.34    17    17010.81    5    1
(advertise)    36    17020.74    29    17
(relay)    29    9    17034.36    16    17000.46    1    1
(relay)    35    7    17185.36    17    17182.69    3    1
(advertise)    36    17185.56    7    17
(relay)    35    28    17214.17    17    17212.52    5    1
(advertise)    36    17214.37    28    17
(relay)    35    14    17236.18    17    17212.16    3    1
(advertise)    36    17237.38    14    17
(relay)    37    23    17239.4    17    17218.82    1    1
(relay)    37    48    17287.0    17    17282.72    3    1
(advertise)    36    17287.2    48    17
(relay)    37    41    17313.01    17    17306.61    3    1
(advertise)    36    17313.81    41    17
(relay)    37    31    17334.42    17    17329.08    1    1
(relay)    37    37    17353.42    17    17353.41    5    1
(advertise)    36    17353.62    37    17
(relay)    43    42    17375.83    17    17358.25    7    1
(advertise)    36    17377.63    42    17
(relay)    35    35    17380.05    17    17379.41    7    1
(advertise)    36    17401.05    35    17
(relay)    37    33    17425.86    17    17380.7    1    1
(relay)    43    45    17426.26    17    17405.96    3    1
(advertise)    36    17426.66    45    17
(relay)    35    13    17449.67    18    17374    115    1
(advertise)    36    17449.87    13    18
(relay)    37    16    17496.29    17    17428.47    1    1
(relay)    43    43    17500.89    17    17499.95    7    1
(advertise)    36    17501.09    43    17
(relay)    29    2    17631.9    17    17611.88    1    1
(relay)    43    44    17664.5    17    17663.21    5    1
(advertise)    36    17664.7    44    17
(relay)    29    0    17690.71    17    17662.57    1    1
(relay)    43    20    17703.51    18    17700    118    1
(advertise)    36    17703.71    20    18
(generate)    36    17722.53    [24]    17
(relay)    37    46    17777.34    17    17775.37    3    1
(advertise)    36    17777.54    46    17
(relay)    37    38    17812.35    17    17811.49    3    1
(advertise)    36    17812.55    38    17
(relay)    37    32    17836.56    17    17817.13    1    1
(relay)    37    47    17870.36    17    17867.27    3    1
(advertise)    36    17870.56    47    17
(relay)    37    40    17897.58    17    17894.05    1    1
(relay)    35    21    17906.58    17    17905.55    3    1
(advertise)    36    17906.78    21    17
(relay)    29    39    17930.79    17    17915.63    1    1
(relay)    35    8    17934.99    17    17910.15    1    1
(relay)    35    15    17959.19    17    17936.38    1    1
(relay)    37    30    17969.59    17    17968.99    3    1
(advertise)    36    17969.79    30    17
(relay)    29    22    17997.2    17    17957.87    3    1
(advertise)    36    17997.6    22    17
(relay)    29    29    18011.62    18    18010.98    5    1
(advertise)    36    18019.22    29    18
(relay)    29    9    18043.63    17    18000.61    1    1
(relay)    37    28    18217.43    18    18212.54    3    1
(advertise)    36    18217.63    28    18
(relay)    29    14    18236.84    18    18212.18    3    1
(advertise)    36    18240.24    14    18
(relay)    37    48    18287.66    18    18282.88    3    1
(advertise)    36    18287.86    48    18
(relay)    37    41    18312.27    18    18306.67    1    1
(relay)    37    31    18335.07    18    18329.33    1    1
(relay)    37    37    18353.67    18    18353.6    5    1
(advertise)    36    18353.87    37    18
(relay)    35    42    18376.08    18    18358.27    7    1
(advertise)    36    18376.88    42    18
(relay)    35    35    18380.09    18    18379.48    7    1
(advertise)    36    18397.89    35    18
(relay)    37    33    18423.51    18    18380.86    1    1
(relay)    43    45    18425.31    18    18406.06    3    1
(advertise)    36    18425.51    45    18
(relay)    43    13    18447.32    19    18374    115    1
(advertise)    36    18448.32    13    19
(relay)    29    16    18472.73    18    18428.6    1    1
(relay)    43    43    18501.13    18    18500.05    7    1
(advertise)    36    18501.33    43    18
(relay)    37    34    18537.95    18    18514.47    1    1
(relay)    43    0    18691.15    18    18662.76    1    1
(relay)    37    20    18702.35    19    18700    120    1
(advertise)    36    18702.55    20    19
(generate)    36    18722.56    [24]    18
(relay)    29    1    18753.97    18    18739.77    3    1
(advertise)    36    18754.17    1    18
(relay)    37    46    18777.39    18    18775.39    3    1
(advertise)    36    18777.79    46    18
(relay)    37    38    18813.0    18    18811.59    3    1
(advertise)    36    18813.2    38    18
(relay)    37    32    18836.01    18    18817.24    1    1
(relay)    37    47    18869.61    18    18867.31    3    1
(advertise)    36    18870.01    47    18
(relay)    37    21    18919.22    18    18905.61    1    1
(relay)    37    39    18943.42    18    18915.78    3    1
(advertise)    36    18943.62    39    18
(relay)    37    30    18970.24    18    18969.07    3    1
(advertise)    36    18970.44    30    18
(relay)    35    15    18979.05    18    18936.54    1    1
(relay)    29    29    19011.65    19    19011.11    5    1
(advertise)    36    19011.85    29    19
(relay)    29    22    19035.06    18    18958.12    1    1
(relay)    29    9    19056.26    18    19000.77    1    1
(relay)    35    7    19186.86    19    19182.84    3    1
(advertise)    36    19187.06    7    19
(relay)    29    28    19213.88    19    19212.56    5    1
(advertise)    36    19214.08    28    19
(relay)    29    14    19260.69    19    19212.37    3    1
(advertise)    36    19260.89    14    19
(relay)    29    48    19290.5    19    19283.03    1    1
(relay)    37    41    19311.9    19    19306.73    3    1
(advertise)    36    19312.1    41    19
(relay)    37    31    19334.52    19    19329.39    1    1
(relay)    37    37    19354.32    19    19353.77    5    1
(advertise)    36    19354.52    37    19
(relay)    35    42    19378.13    19    19358.29    7    1
(advertise)    36    19378.93    42    19
(relay)    35    35    19380.74    19    19379.61    7    1
(advertise)    36    19400.94    35    19
(relay)    43    45    19427.35    19    19406.13    3    1
(advertise)    36    19427.75    45    19
(relay)    29    16    19450.37    19    19428.75    1    1
(relay)    43    43    19500.17    19    19500.14    7    1
(advertise)    36    19500.57    43    19
(relay)    29    34    19538.38    19    19514.66    1    1
(relay)    37    44    19664.58    19    19663.27    5    1
(advertise)    36    19664.78    44    19
(relay)    29    0    19665.99    19    19662.77    3    1
(advertise)    36    19688.59    0    19
(relay)    29    20    19705.21    20    19700    120    1
(advertise)    36    19712.21    20    20
(generate)    36    19722.62    [24]    19
(relay)    29    1    19756.03    19    19739.87    3    1
(advertise)    36    19756.23    1    19
(relay)    37    46    19777.85    19    19775.42    3    1
(advertise)    36    19779.45    46    19
(relay)    37    38    19813.46    19    19811.67    3    1
(advertise)    36    19813.66    38    19
(relay)    37    32    19837.87    19    19817.39    1    1
(relay)    37    47    19868.47    19    19867.37    3    1
(advertise)    36    19868.67    47    19
(relay)    37    40    19897.08    19    19894.13    3    1
(advertise)    36    19897.28    40    19
(relay)    37    21    19918.5    19    19905.67    1    1
(relay)    37    39    19941.1    19    19915.94    3    1
(advertise)    36    19941.3    39    19
(relay)    35    8    19943.11    19    19910.28    1    1
(relay)    35    22    19964.31    19    19958.18    1    1
(relay)    37    30    19986.51    19    19969.25    3    1
(advertise)    36    19986.71    30    19
(relay)    37    15    20008.52    19    19936.73    1    1
(relay)    29    29    20012.12    20    20011.11    5    1
(advertise)    36    20012.72    29    20
(heartbeat)    24    5    20025.25    36    20040.34    4    12
(advertise)    36    20040.74    24    5
(relay)    29    9    20073.35    19    20000.95    1    1
(relay)    35    7    20187.75    20    20182.95    3    1
(advertise)    36    20187.95    7    20
(relay)    35    28    20214.96    20    20212.6    5    1
(advertise)    36    20215.36    28    20
(relay)    29    23    20236.98    20    20219.03    1    1
(relay)    43    48    20289.38    20    20283.22    3    1
(advertise)    36    20289.58    48    20
(relay)    37    41    20310.99    20    20306.85    1    1
(relay)    29    31    20330.79    20    20329.44    1    1
(relay)    37    37    20354.39    20    20353.78    5    1
(advertise)    36    20354.59    37    20
(relay)    43    42    20377.4    20    20358.48    7    1
(advertise)    36    20378.0    42    20
(relay)    35    35    20380.81    20    20379.71    7    1
(advertise)    36    20399.81    35    20
(relay)    37    45    20423.63    20    20406.23    3    1
(advertise)    36    20423.83    45    20
(relay)    35    13    20428.84    21    20374    117    1
(advertise)    36    20444.84    13    21
(relay)    37    33    20469.25    20    20381.16    1    1
(relay)    29    16    20471.65    20    20428.9    1    1
(relay)    43    43    20500.45    20    20500.26    7    1
(advertise)    36    20500.65    43    20
(relay)    37    34    20579.67    20    20514.68    1    1
(relay)    37    44    20664.67    20    20663.33    5    1
(advertise)    36    20664.87    44    20
(generate)    36    20722.68    [24]    20
(relay)    29    1    20752.69    20    20739.98    1    1
(relay)    37    46    20776.89    20    20775.47    3    1
(advertise)    36    20777.09    46    20
(relay)    37    38    20813.51    20    20811.74    3    1
(advertise)    36    20813.71    38    20
(relay)    37    32    20837.72    20    20817.52    1    1
(relay)    37    47    20869.92    20    20867.44    3    1
(advertise)    36    20870.12    47    20
(relay)    35    21    20908.13    20    20905.74    3    1
(advertise)    36    20908.33    21    20
(relay)    29    8    20933.94    20    20910.56    1    1
(relay)    37    39    20941.54    20    20916.13    3    1
(advertise)    36    20941.74    39    20
(relay)    37    30    20970.56    20    20969.4    3    1
(advertise)    36    20970.76    30    20
(relay)    35    15    20977.77    20    20936.89    1    1
(relay)    29    22    21000.77    20    20958.23    3    1
(advertise)    36    21000.97    22    20
(relay)    29    29    21012.38    21    21011.29    5    1
(advertise)    36    21024.38    29    21
(relay)    43    7    21191.0    21    21183.04    1    1
(relay)    29    14    21213.4    21    21212.4    3    1
(advertise)    36    21213.6    14    21
(relay)    29    23    21235.81    21    21219.08    1    1
(relay)    37    48    21287.61    21    21283.37    3    1
(advertise)    36    21287.81    48    21
(relay)    29    31    21330.42    21    21329.49    1    1
(relay)    37    37    21354.42    21    21353.93    5    1
(advertise)    36    21354.62    37    21
(relay)    35    42    21378.04    21    21358.67    7    1
(advertise)    36    21378.64    42    21
(relay)    35    35    21380.85    21    21379.78    7    1
(advertise)    36    21400.85    35    21
(relay)    43    45    21424.66    21    21406.28    3    1
(advertise)    36    21425.06    45    21
(relay)    37    16    21451.87    21    21429.05    1    1
(relay)    43    43    21500.47    21    21500.32    7    1
(advertise)    36    21500.67    43    21
(relay)    37    13    21533.49    22    21374    119    1
(advertise)    36    21533.69    13    22
(relay)    29    2    21633.3    21    21611.99    1    1
(relay)    37    44    21663.7    21    21663.34    5    1
(advertise)    36    21663.9    44    21
(relay)    37    20    21705.91    22    21700    120    1
(advertise)    36    21706.11    20    22
(generate)    36    21722.73    [24]    21
(relay)    29    1    21755.34    21    21740.08    3    1
(advertise)    36    21755.54    1    21
(relay)    43    46    21777.35    21    21775.52    3    1
(advertise)    36    21777.55    46    21
(relay)    37    38    21813.97    21    21811.77    3    1
(advertise)    36    21814.17    38    21
(relay)    37    32    21837.58    21    21817.68    1    1
(relay)    37    47    21869.78    21    21867.55    3    1
(advertise)    36    21869.98    47    21
(relay)    37    40    21899.99    21    21894.29    1    1
(relay)    35    21    21909.19    21    21905.81    3    1
(advertise)    36    21909.39    21    21
(relay)    43    39    21923.2    21    21916.13    1    1
(relay)    35    8    21932.8    21    21910.64    1    1
(relay)    35    15    21955.8    21    21937.06    1    1
(relay)    35    22    21979.2    21    21958.27    1    1
(relay)    37    30    21989.0    21    21969.53    3    1
(advertise)    36    21989.2    30    21
(relay)    29    29    22012.42    22    22011.45    5    1
(advertise)    36    22012.62    29    22
(relay)    29    9    22041.23    21    22001.1    1    1
(relay)    29    7    22186.23    22    22183.15    3    1
(advertise)    36    22186.43    7    22
(relay)    35    28    22213.04    22    22212.8    5    1
(advertise)    36    22213.24    28    22
(relay)    29    23    22236.06    22    22219.13    1    1
(relay)    29    14    22257.86    22    22212.41    3    1
(advertise)    36    22258.06    14    22
(relay)    29    48    22289.67    22    22283.55    1    1
(relay)    43    41    22311.87    22    22307.03    1    1
(relay)    37    31    22335.87    22    22329.55    1    1
(relay)    37    37    22355.07    22    22354.11    5    1
(advertise)    36    22355.27    37    22
(relay)    43    42    22378.68    22    22358.86    7    1
(advertise)    36    22379.08    42    22
(relay)    35    35    22380.9    22    22379.88    7    1
(relay)    29    13    22381.3    23    22374    119    2
(advertise)    36    22402.5    35    22
(relay)    43    45    22424.71    22    22406.39    3    2
(advertise)    36    22425.31    13    23
(advertise)    36    22449.12    45    22
(relay)    37    33    22490.93    22    22381.52    1    1
(relay)    43    43    22500.53    22    22500.4    7    1
(advertise)    36    22500.73    43    22
(relay)    37    34    22546.75    22    22514.87    1    1
(relay)    37    2    22635.75    22    22612.02    1    1
(relay)    35    44    22664.55    22    22663.39    3    1
(advertise)    36    22664.75    44    22
(relay)    29    20    22706.56    23    22700    120    1
(advertise)    36    22706.76    20    23
(generate)    36    22722.77    [24]    22
(relay)    29    1    22750.19    22    22740.15    3    1
(advertise)    36    22750.39    1    22
(relay)    37    46    22778.6    22    22775.55    3    1
(advertise)    36    22778.8    46    22
(relay)    37    38    22814.01    22    22811.85    3    1
(advertise)    36    22814.21    38    22
(relay)    37    32    22835.43    22    22817.81    1    1
(relay)    37    47    22871.23    22    22867.63    3    1
(advertise)    36    22871.43    47    22
(relay)    29    21    22907.44    22    22905.89    3    1
(advertise)    36    22907.64    21    22
(relay)    35    8    22930.45    22    22910.73    1    1
(relay)    43    39    22944.05    22    22916.32    1    1
(relay)    29    15    22954.65    22    22937.24    3    1
(advertise)    36    22954.85    15    22
(relay)    29    22    22976.66    22    22958.32    3    1
(advertise)    36    22978.06    22    22
(relay)    37    30    22996.88    22    22969.7    3    1
(advertise)    36    23000.88    30    22
(relay)    29    29    23012.49    23    23011.47    5    1
(advertise)    36    23021.89    29    23
(relay)    29    9    23063.9    22    23001.27    1    1
(relay)    29    7    23185.5    23    23183.25    3    1
(advertise)    36    23185.7    7    23
(relay)    35    28    23213.12    23    23212.81    5    1
(advertise)    36    23213.32    28    23
(relay)    37    23    23237.73    23    23219.22    1    1
(relay)    29    14    23262.33    23    23212.43    1    1
(relay)    37    48    23286.73    23    23283.72    3    1
(advertise)    36    23286.93    48    23
(relay)    37    41    23311.34    23    23307.1    3    1
(advertise)    36    23311.54    41    23
(relay)    37    31    23335.16    23    23329.65    1    1
(relay)    37    37    23355.16    23    23354.11    5    1
(advertise)    36    23355.36    37    23
(relay)    43    42    23376.77    23    23359.04    7    1
(advertise)    36    23377.77    42    23
(relay)    35    35    23379.98    23    23379.98    7    1
(advertise)    36    23399.38    35    23
(relay)    35    13    23400.99    24    23374    117    1
(advertise)    36    23421.19    13    24
(relay)    43    45    23444.81    23    23406.49    3    1
(advertise)    36    23445.01    45    23
(relay)    29    16    23470.42    23    23429.34    1    1
(relay)    43    43    23501.02    23    23500.51    7    1
(advertise)    36    23501.22    43    23
(relay)    29    33    23524.03    23    23381.52    1    1
(relay)    29    2    23632.43    23    23612.04    1    1
(relay)    43    44    23663.83    23    23663.4    5    1
(advertise)    36    23664.03    44    23
(relay)    29    20    23707.45    24    23700    120    1
(advertise)    36    23707.65    20    24
(generate)    36    23722.86    [24]    23
(relay)    35    1    23758.67    23    23740.26    1    1
(relay)    43    46    23778.87    23    23775.6    3    1
(advertise)    36    23779.07    46    23
(relay)    37    38    23813.29    23    23811.92    3    1
(advertise)    36    23813.49    38    23
(relay)    37    32    23835.9    23    23817.93    1    1
(relay)    43    47    23871.9    23    23867.71    3    1
(advertise)    36    23872.1    47    23
(relay)    37    40    23899.11    23    23894.39    1    1
(relay)    35    21    23908.51    23    23905.98    3    1
(advertise)    36    23908.71    21    23
(relay)    29    39    23931.12    23    23916.48    1    1
(relay)    35    8    23933.72    23    23910.83    1    1
(relay)    35    15    23955.52    23    23937.4    1    1
(relay)    35    22    23978.32    23    23958.37    1    1
(relay)    37    30    23987.52    23    23969.85    3    1
(advertise)    36    23987.72    30    23
(relay)    29    29    24011.74    24    24011.66    5    1
(advertise)    36    24012.14    29    24
(heartbeat)    24    6    24025.27    36    24046.95    4    12
(advertise)    36    24047.15    24    6
(relay)    29    9    24072.76    23    24001.44    1    1
(relay)    29    7    24184.56    24    24183.37    5    1
(advertise)    36    24184.76    7    24
(relay)    35    28    24213.98    24    24213.0    7    1
(advertise)    36    24214.18    28    24
(relay)    29    23    24238.19    24    24219.33    1    1
(relay)    29    14    24260.39    24    24212.47    5    1
(advertise)    36    24260.59    14    24
(relay)    37    48    24285.6    24    24283.92    3    1
(advertise)    36    24287.4    48    24
(relay)    29    31    24332.22    24    24329.72    1    1
(relay)    37    37    24355.22    24    24354.29    5    1
(advertise)    36    24355.42    37    24
(relay)    43    42    24379.03    24    24359.06    7    1
(advertise)    36    24379.83    42    24
(relay)    35    35    24381.44    24    24381.29    7    1
(advertise)    36    24402.04    35    24
(relay)    43    45    24426.45    24    24406.63    3    1
(advertise)    36    24426.65    45    24
(relay)    37    33    24450.87    24    24381.55    1    1
(relay)    29    16    24452.07    24    24429.49    1    1
(relay)    43    43    24501.07    24    24500.6    7    1
(advertise)    36    24501.27    43    24
(relay)    37    34    24532.28    24    24515.08    1    1
(relay)    29    2    24634.08    24    24612.07    1    1
(relay)    43    44    24664.28    24    24663.46    5    1
(advertise)    36    24664.48    44    24
(relay)    35    0    24667.09    24    24663.36    3    1
(advertise)    36    24686.89    0    24
(relay)    35    20    24708.91    25    24700    118    1
(advertise)    36    24710.71    20    25
(generate)    36    24722.92    [24]    24
(relay)    29    1    24754.53    24    24740.34    3    1
(advertise)    36    24754.73    1    24
(relay)    37    46    24779.15    24    24775.66    3    1
(advertise)    36    24780.75    46    24
(relay)    37    38    24813.36    24    24812.02    3    1
(advertise)    36    24813.56    38    24
(relay)    37    32    24836.37    24    24818.1    1    1
(relay)    29    47    24874.17    24    24867.8    1    1
(relay)    37    40    24898.97    24    24894.46    1    1
(relay)    35    21    24907.77    24    24906.06    7    1
(advertise)    36    24907.97    21    24
(relay)    43    39    24921.98    24    24916.66    1    1
(relay)    35    8    24933.38    24    24910.89    1    1
(relay)    35    15    24958.78    24    24937.59    3    1
(advertise)    36    24958.98    15    24
(relay)    35    22    24983.8    24    24958.43    3    1
(advertise)    36    24984.6    22    24
(relay)    37    30    24988.21    24    24970.02    3    1
(advertise)    36    25005.81    30    24
(relay)    29    29    25011.82    25    25011.66    5    1
(advertise)    36    25028.22    29    25
(relay)    29    9    25043.84    24    25001.59    1    1
(relay)    35    7    25185.24    25    25183.45    5    1
(advertise)    36    25185.44    7    25
(relay)    35    28    25214.25    25    25213.01    7    1
(advertise)    36    25214.45    28    25
(relay)    35    14    25236.86    25    25212.66    7    1
(advertise)    36    25238.06    14    25
(relay)    37    48    25287.68    25    25284.1    3    1
(advertise)    36    25287.88    48    25
(relay)    37    41    25313.09    25    25307.24    3    1
(advertise)    36    25313.69    41    25
(relay)    37    31    25335.5    25    25329.74    1    1
(relay)    43    37    25355.9    25    25354.29    3    1
(advertise)    36    25356.1    37    25
(relay)    35    35    25381.51    25    25381.35    7    1
(advertise)    36    25381.71    35    25
(relay)    43    45    25409.33    25    25406.74    3    1
(advertise)    36    25409.93    45    25
(relay)    35    13    25414.34    26    25374    115    1
(advertise)    36    25432.74    13    26
(relay)    29    16    25456.55    25    25430.2    1    1
(relay)    43    43    25501.35    25    25500.71    7    1
(advertise)    36    25501.55    43    25
(relay)    29    2    25614.77    25    25612.12    1    1
(relay)    35    44    25666.57    25    25663.52    3    1
(advertise)    36    25666.77    44    25
(relay)    35    0    25688.38    25    25663.37    3    1
(advertise)    36    25688.98    0    25
(generate)    36    25722.99    [24]    25
(relay)    35    1    25751.21    25    25740.42    1    1
(relay)    43    46    25779.01    25    25775.68    3    1
(advertise)    36    25779.21    46    25
(relay)    37    38    25812.42    25    25812.1    3    1
(advertise)    36    25812.62    38    25
(relay)    37    32    25836.03    25    25818.27    1    1
(relay)    43    47    25871.83    25    25867.86    3    1
(advertise)    36    25872.03    47    25
(relay)    37    40    25897.44    25    25894.49    1    1
(relay)    35    21    25907.44    25    25906.12    7    1
(advertise)    36    25907.64    21    25
(relay)    29    8    25934.26    25    25910.95    1    1
(relay)    37    39    25942.66    25    25916.85    3    1
(advertise)    36    25942.86    39    25
(relay)    29    15    25957.87    25    25937.71    5    1
(advertise)    36    25965.27    15    25
(relay)    29    22    25980.08    25    25958.46    5    1
(advertise)    36    25987.28    22    25
(relay)    29    30    26001.9    25    25970.13    3    1
(advertise)    36    26010.1    30    25
(relay)    29    29    26011.91    26    26011.85    5    1
(advertise)    36    26032.11    29    26
(relay)    29    9    26048.12    25    26001.76    1    1
(relay)    35    7    26185.92    26    26183.55    5    1
(advertise)    36    26186.12    7    26
(relay)    35    28    26214.74    26    26213.2    7    1
(advertise)    36    26214.94    28    26
(relay)    29    23    26238.95    26    26219.47    1    1
(relay)    29    14    26260.75    26    26212.67    5    1
(advertise)    36    26260.95    14    26
(relay)    37    48    26288.56    26    26284.27    3    1
(advertise)    36    26288.76    48    26
(relay)    37    41    26313.37    26    26307.36    3    1
(advertise)    36    26313.57    41    26
(relay)    37    31    26336.59    26    26329.75    1    1
(relay)    37    37    26354.59    26    26354.43    5    1
(advertise)    36    26354.79    37    26
(relay)    43    42    26376.8    26    26359.14    7    1
(advertise)    36    26377.2    42    26
(relay)    35    35    26382.01    26    26381.44    7    1
(advertise)    36    26399.81    35    26
(relay)    37    45    26423.43    26    26406.86    3    1
(advertise)    36    26424.43    45    26
(relay)    35    13    26445.24    27    26374    117    1
(advertise)    36    26445.44    13    27
(relay)    29    16    26470.05    26    26430.37    1    1
(relay)    43    43    26501.85    26    26500.82    7    1
(advertise)    36    26502.05    43    26
(relay)    37    34    26538.27    26    26515.29    1    1
(relay)    29    2    26631.07    26    26612.16    1    1
(relay)    43    44    26665.07    26    26663.59    5    1
(advertise)    36    26665.27    44    26
(relay)    35    0    26688.68    26    26663.38    3    1
(advertise)    36    26689.28    0    26
(relay)    37    20    26711.89    27    26700    118    1
(advertise)    36    26712.69    20    27
(generate)    36    26723.1    [24]    26
(relay)    29    1    26762.52    26    26740.51    3    1
(advertise)    36    26762.72    1    26
(relay)    37    46    26785.53    26    26775.75    3    1
(advertise)    36    26786.33    46    26
(relay)    37    38    26813.14    26    26812.23    3    1
(advertise)    36    26813.54    38    26
(relay)    37    32    26836.96    26    26818.43    1    1
(relay)    37    47    26871.96    26    26867.96    3    1
(advertise)    36    26872.16    47    26
(relay)    43    40    26898.37    26    26894.59    1    1
(relay)    35    21    26907.37    26    26906.22    7    1
(advertise)    36    26907.57    21    26
(relay)    35    8    26932.58    26    26911.02    1    1
(relay)    37    39    26955.98    26    26916.9    1    1
(relay)    35    15    26956.98    26    26938.53    3    1
(advertise)    36    26957.18    15    26
(relay)    35    22    26978.8    26    26958.55    3    1
(advertise)    36    26980.8    22    26
(relay)    37    30    26998.81    26    26970.29    3    1
(advertise)    36    27003.01    30    26
(relay)    29    29    27012.42    27    27011.87    5    1
(advertise)    36    27024.02    29    27
(relay)    35    7    27186.63    27    27183.63    5    1
(advertise)    36    27186.83    7    27
(relay)    35    28    27214.65    27    27213.23    7    1
(advertise)    36    27214.85    28    27
(relay)    35    14    27236.46    27    27212.72    7    1
(advertise)    36    27237.06    14    27
(relay)    37    48    27289.47    27    27284.44    3    1
(advertise)    36    27289.67    48    27
(relay)    43    41    27314.89    27    27307.44    1    1
(relay)    29    31    27338.89    27    27329.8    1    1
(relay)    37    37    27354.69    27    27354.6    5    1
(advertise)    36    27354.89    37    27
(relay)    43    42    27377.9    27    27359.19    7    1
(advertise)    36    27378.3    42    27
(relay)    35    35    27382.11    27    27381.54    7    1
(advertise)    36    27399.71    35    27
(relay)    37    45    27424.93    27    27407.0    3    1
(advertise)    36    27425.13    45    27
(relay)    37    33    27447.14    27    27381.62    1    1
(relay)    35    13    27448.34    28    27374    115    1
(advertise)    36    27448.74    13    28
(relay)    29    16    27491.55    27    27430.52    1    1
(relay)    43    43    27501.95    27    27500.95    7    1
(advertise)    36    27502.15    43    27
(relay)    29    34    27565.16    27    27515.47    1    1
(relay)    29    2    27630.76    27    27612.22    1    1
(relay)    43    44    27664.96    27    27663.65    5    1
(advertise)    36    27665.16    44    27
(relay)    29    0    27692.78    27    27663.4    1    1
(relay)    43    20    27703.78    28    27700    118    1
(advertise)    36    27703.98    20    28
(generate)    36    27723.19    [24]    27
(relay)    29    1    27763.4    27    27740.57    3    1
(advertise)    36    27763.6    1    27
(relay)    37    46    27777.82    27    27775.82    3    1
(advertise)    36    27785.62    46    27
(relay)    37    38    27813.23    27    27812.35    3    1
(advertise)    36    27813.83    38    27
(relay)    29    32    27838.24    27    27818.44    1    1
(relay)    37    47    27871.24    27    27868.04    3    1
(advertise)    36    27871.44    47    27
(relay)    43    40    27898.26    27    27894.63    1    1
(relay)    35    21    27907.86    27    27906.3    7    1
(advertise)    36    27908.06    21    27
(relay)    35    8    27934.07    27    27911.07    1    1
(relay)    37    39    27944.87    27    27916.95    3    1
(advertise)    36    27945.07    39    27
(relay)    29    15    27956.48    27    27938.53    5    1
(advertise)    36    27967.28    15    27
(relay)    29    22    27977.29    27    27958.62    5    1
(advertise)    36    27988.69    22    27
(relay)    29    30    28001.71    27    27970.48    3    1
(advertise)    36    28010.91    30    27
(relay)    29    29    28012.52    28    28012.05    5    1
(advertise)    36    28033.72    29    28
(relay)    29    9    28053.73    27    28002.1    1    1
(heartbeat)    24    7    28025.28    36    28062.53    4    12
(advertise)    36    28062.73    24    7
(relay)    35    7    28187.75    28    28183.74    5    1
(advertise)    36    28187.95    7    28
(relay)    35    28    28215.36    28    28213.27    11    1
(advertise)    36    28215.56    28    28
(relay)    29    23    28238.97    28    28219.66    1    1
(relay)    29    14    28261.17    28    28212.75    5    1
(advertise)    36    28261.37    14    28
(relay)    43    41    28313.79    28    28307.54    1    1
(relay)    29    31    28331.39    28    28329.88    1    1
(relay)    37    37    28354.79    28    28354.61    5    1
(advertise)    36    28354.99    37    28
(relay)    35    42    28377.8    28    28359.23    9    1
(advertise)    36    28379.2    42    28
(relay)    35    35    28382.21    28    28381.66    11    1
(advertise)    36    28401.01    35    28
(relay)    37    45    28426.42    28    28407.18    5    1
(advertise)    36    28427.02    45    28
(relay)    37    16    28451.24    28    28430.71    1    1
(relay)    37    33    28473.04    28    28381.8    1    1
(relay)    43    43    28502.04    28    28501.07    9    1
(advertise)    36    28502.24    43    28
(relay)    37    34    28558.65    28    28515.55    1    1
(relay)    37    2    28632.85    28    28612.3    1    1
(relay)    43    44    28665.45    28    28663.76    5    1
(advertise)    36    28665.65    44    28
(relay)    43    20    28703.66    29    28700    118    1
(advertise)    36    28703.86    20    29
(generate)    36    28723.28    [24]    28
(relay)    29    1    28758.89    28    28740.68    3    1
(advertise)    36    28759.09    1    28
(relay)    43    46    28781.7    28    28775.88    3    1
(advertise)    36    28782.5    46    28
(relay)    37    38    28813.72    28    28812.49    3    1
(advertise)    36    28813.92    38    28
(relay)    29    32    28838.33    28    28818.58    1    1
(relay)    37    47    28870.53    28    28868.15    3    1
(advertise)    36    28870.73    47    28
(relay)    37    40    28898.54    28    28894.74    1    1
(relay)    35    21    28908.94    28    28906.4    9    1
(advertise)    36    28909.14    21    28
(relay)    35    8    28936.55    28    28911.17    1    1
(relay)    43    39    28943.55    28    28916.99    1    1
(relay)    35    15    28959.15    28    28938.72    9    1
(advertise)    36    28959.35    15    28
(relay)    35    22    28981.17    28    28959.09    9    1
(advertise)    36    28981.37    22    28
(relay)    37    30    28988.58    28    28970.67    3    1
(advertise)    36    29004.38    30    28
(relay)    29    29    29012.59    29    29012.06    11    1
(advertise)    36    29026.79    29    29
(relay)    29    9    29047.81    28    29002.1    1    1
(relay)    43    7    29190.01    29    29183.84    3    1
(advertise)    36    29190.21    7    29
(relay)    29    28    29214.82    29    29213.29    11    1
(advertise)    36    29215.02    28    29
(relay)    29    23    29236.03    29    29219.72    1    1
(relay)    35    14    29263.63    29    29212.78    3    1
(advertise)    36    29263.83    14    29
(relay)    37    48    29291.05    29    29284.67    3    1
(advertise)    36    29291.25    48    29
(relay)    37    41    29314.06    29    29307.71    1    1
(relay)    29    31    29331.06    29    29329.96    1    1
(relay)    37    37    29355.26    29    29354.62    5    1
(advertise)    36    29355.46    37    29
(relay)    35    42    29378.27    29    29359.25    9    1
(advertise)    36    29378.67    42    29
(relay)    35    35    29382.68    29    29381.75    11    1
(advertise)    36    29399.68    35    29
(relay)    43    45    29424.7    29    29407.33    5    1
(advertise)    36    29425.1    45    29
(relay)    37    33    29449.51    29    29382.64    1    1
(relay)    29    16    29473.71    29    29430.87    1    1
(relay)    43    43    29501.31    29    29501.19    9    1
(advertise)    36    29501.51    43    29
(relay)    37    34    29523.72    29    29515.61    1    1
(relay)    29    2    29635.32    29    29612.41    1    1
(relay)    37    44    29665.12    29    29663.86    5    1
(advertise)    36    29665.32    44    29
(relay)    29    0    29667.74    29    29663.5    3    1
(advertise)    36    29687.34    0    29
(relay)    29    20    29702.75    30    29700    120    1
(advertise)    36    29710.35    20    30
(generate)    36    29723.36    [24]    29
(relay)    29    1    29754.78    29    29740.8    3    1
(advertise)    36    29754.98    1    29
(relay)    37    46    29776.99    29    29775.97    3    1
(advertise)    36    29778.39    46    29
(relay)    37    38    29814.4    29    29812.63    3    1
(advertise)    36    29814.6    38    29
(relay)    37    32    29838.21    29    29818.74    1    1
(relay)    37    47    29869.61    29    29868.28    3    1
(advertise)    36    29869.81    47    29
(relay)    43    40    29899.63    29    29894.85    1    1
(relay)    35    21    29909.03    29    29906.49    9    1
(advertise)    36    29909.23    21    29
(relay)    29    8    29934.64    29    29911.25    1    1
(relay)    37    39    29942.64    29    29917.0    1    1
(relay)    29    15    29956.64    29    29938.73    11    1
(advertise)    36    29956.84    15    29
(relay)    29    22    29978.45    29    29959.17    11    1
(advertise)    36    29979.85    22    29
(relay)    37    30    29990.27    29    29970.84    3    1
