(relay)    44    13    380.4    1    374    116    1
(advertise)    37    380.6    13    1
(relay)    30    20    706.21    1    700    121    1
(advertise)    37    706.41    20    1
(relay)    44    4    1006.23    2    1000.04    117    1
(advertise)    37    1006.43    4    2
(relay)    36    29    1025.64    1    1009.04    126    1
(advertise)    37    1027.44    29    1
(relay)    30    12    1054.85    1    1040.05    121    1
(advertise)    37    1055.25    12    1
(relay)    44    7    1186.07    1    1181.07    120    1
(advertise)    37    1186.27    7    1
(relay)    30    3    1207.88    1    1195.08    122    1
(advertise)    37    1208.88    3    1
(relay)    30    23    1230.49    1    1217.09    126    1
(advertise)    37    1231.89    23    1
(relay)    30    28    1252.1    1    1211.09    125    1
(advertise)    37    1254.1    28    1
(relay)    36    14    1275.52    1    1210.09    123    1
(advertise)    37    1276.52    14    1
(relay)    38    48    1327.13    1    1280.1    123    1
(advertise)    37    1327.33    48    1
(relay)    38    31    1348.94    1    1327.56    126    1
(advertise)    37    1350.14    31    1
(generate)    37    1351.36    [24]    1
(relay)    38    41    1391.17    1    1305.13    122    1
(advertise)    37    1391.37    41    1
(relay)    38    27    1412.18    1    1307.13    122    1
(advertise)    37    1412.78    27    1
(relay)    36    5    1415.2    1    1303.12    118    1
(relay)    30    19    1417.8    1    1320.14    120    2
(advertise)    37    1434.2    5    1
(relay)    44    45    1438.21    1    1402.2    126    2
(advertise)    37    1456.81    19    1
(advertise)    37    1479.62    45    1
(relay)    38    33    1499.63    1    1377.18    124    1
(advertise)    37    1500.83    33    1
(relay)    36    35    1506.05    1    1374.16    124    1
(relay)    30    16    1507.65    1    1426.2    125    2
(advertise)    37    1524.05    35    1
(advertise)    37    1547.66    16    1
(relay)    36    43    1551.27    1    1498.03    126    1
(advertise)    37    1569.87    43    1
(relay)    30    13    1573.69    2    1374    120    1
(relay)    38    11    1590.09    1    1321.13    120    2
(advertise)    37    1591.49    13    2
(advertise)    37    1613.7    11    1
(relay)    38    34    1632.11    1    1512.06    123    1
(advertise)    37    1636.51    34    1
(relay)    38    10    1658.73    1    1520.06    119    1
(advertise)    37    1658.93    10    1
(relay)    44    44    1662.74    1    1662.14    127    1
(relay)    38    17    1680.14    1    1605.11    122    2
(advertise)    37    1680.74    44    1
(advertise)    37    1702.75    17    1
(relay)    30    2    1708.56    1    1611.11    123    1
(relay)    36    36    1721.16    1    1721.15    127    2
(advertise)    37    1725.96    2    1
(advertise)    37    1749.18    36    1
(relay)    30    0    1752.59    1    1661.07    119    1
(advertise)    37    1772.59    0    1
(relay)    36    20    1796.8    2    1700    119    1
(advertise)    37    1798.0    20    2
(relay)    38    38    1811.02    1    1810.02    127    1
(relay)    36    1    1818.82    1    1738.16    120    2
(advertise)    37    1819.02    38    1
(advertise)    37    1840.63    1    1
(relay)    30    26    1842.44    1    1827.04    121    1
(relay)    38    32    1862.44    1    1815.03    125    2
(advertise)    37    1862.64    26    1
(advertise)    37    1884.86    32    1
(relay)    38    47    1909.07    1    1866.07    124    1
(advertise)    37    1909.27    47    1
(relay)    38    39    1930.08    1    1913.09    126    1
(advertise)    37    1931.28    39    1
(relay)    30    21    1932.49    1    1904.07    124    1
(advertise)    37    1954.09    21    1
(relay)    30    30    1966.11    1    1965.11    127    1
(relay)    44    40    1975.71    1    1893.08    123    2
(advertise)    37    1976.31    30    1
(relay)    30    15    1977.72    1    1932.08    124    2
(relay)    36    22    1978.92    1    1954.29    125    3
(advertise)    37    1998.32    40    1
(relay)    44    18    2017.73    1    1886.28    117    3
(advertise)    37    2020.73    15    1
(advertise)    37    2042.35    22    1
(relay)    36    29    2043.76    2    2009.13    126    2
(advertise)    37    2063.36    18    1
(relay)    44    8    2084.97    1    1907.07    115    2
(advertise)    37    2085.17    29    2
(advertise)    37    2108.19    8    1
(relay)    38    6    2111.0    1    1961.0    119    1
(relay)    30    9    2112.2    1    1998.13    122    2
(advertise)    37    2129.8    6    1
(advertise)    37    2153.01    9    1
(relay)    30    4    2158.62    3    2000.15    119    1
(advertise)    37    2175.22    4    3
(relay)    30    12    2179.24    2    2040.16    117    1
(advertise)    37    2198.04    12    2
(relay)    44    7    2221.85    2    2181.21    114    1
(advertise)    37    2222.25    7    2
(relay)    30    23    2224.86    2    2217.25    126    1
(advertise)    37    2243.46    23    2
(relay)    36    28    2245.88    2    2211.25    125    1
(relay)    44    25    2246.28    2    2207.06    120    2
(relay)    30    14    2247.08    2    2210.25    123    3
(advertise)    37    2264.68    28    2
(advertise)    37    2286.29    25    2
(relay)    30    3    2290.5    2    2195.25    122    2
(advertise)    37    2308.7    14    2
(advertise)    37    2330.72    3    2
(relay)    30    31    2335.53    2    2327.74    126    1
(generate)    37    2351.53    [24]    2
(advertise)    37    2352.74    31    2
(relay)    30    35    2381.75    2    2374.33    124    1
(advertise)    37    2381.95    35    2
(relay)    44    48    2400.57    2    2280.29    123    1
(relay)    36    42    2402.77    2    2352.32    125    2
(advertise)    37    2403.97    48    2
(relay)    30    19    2405.58    2    2320.32    122    2
(advertise)    37    2427.38    42    2
(advertise)    37    2449.39    19    2
(relay)    44    45    2464.21    2    2402.38    126    1
(advertise)    37    2471.41    45    2
(relay)    30    5    2473.02    2    2303.29    120    1
(relay)    44    27    2488.42    2    2307.29    120    2
(advertise)    37    2494.22    5    2
(relay)    30    41    2495.63    2    2305.32    122    2
(advertise)    37    2517.03    27    2
(relay)    36    43    2538.64    2    2498.21    126    2
(advertise)    37    2539.24    41    2
(relay)    30    33    2559.66    2    2377.35    124    2
(advertise)    37    2562.06    43    2
(advertise)    37    2583.07    33    2
(relay)    44    11    2622.48    2    2321.32    118    1
(advertise)    37    2622.68    11    2
(relay)    30    34    2624.9    2    2512.23    123    1
(advertise)    37    2644.1    34    2
(relay)    30    10    2646.71    2    2520.24    121    1
(relay)    44    44    2662.91    2    2662.31    127    2
(advertise)    37    2666.11    10    2
(relay)    38    16    2671.92    2    2426.38    121    2
(advertise)    37    2687.32    44    2
(relay)    30    17    2694.54    2    2605.28    124    2
(advertise)    37    2710.34    16    2
(relay)    36    36    2721.35    2    2721.35    127    2
(advertise)    37    2732.15    17    2
(relay)    30    2    2737.56    2    2611.27    119    2
(relay)    44    20    2751.16    3    2700    119    3
(advertise)    37    2755.36    36    2
(advertise)    37    2776.97    2    2
(advertise)    37    2797.99    20    3
(relay)    38    38    2810.4    2    2810.2    127    1
(relay)    44    46    2819.2    2    2774.2    125    2
(advertise)    37    2822.0    38    2
(advertise)    37    2843.21    46    2
(relay)    38    1    2850.03    2    2738.31    118    1
(relay)    30    0    2853.03    2    2661.18    121    2
(advertise)    37    2864.63    1    2
(relay)    38    32    2872.04    2    2815.21    125    2
(advertise)    37    2888.04    0    2
(advertise)    37    2911.05    32    2
(relay)    38    26    2915.67    2    2827.21    123    1
(relay)    44    47    2929.87    2    2866.25    124    2
(advertise)    37    2932.67    26    2
(relay)    30    18    2944.08    2    2886.45    121    2
(relay)    36    21    2945.68    2    2904.25    124    3
(advertise)    37    2954.68    47    2
(relay)    38    39    2961.69    2    2913.28    126    3
(relay)    30    30    2967.29    2    2966.3    127    4
(relay)    44    40    2973.89    2    2893.27    123    5
(advertise)    37    2975.69    18    2
(advertise)    37    2998.5    21    2
(relay)    30    22    3010.32    2    2954.48    125    4
(advertise)    37    3021.32    39    2
(relay)    30    15    3032.13    2    2932.27    124    4
(relay)    36    29    3035.53    3    3009.32    126    5
(advertise)    37    3044.13    30    2
(advertise)    37    3067.34    40    2
(relay)    38    8    3078.16    2    2907.23    117    4
(advertise)    37    3089.56    22    2
(advertise)    37    3112.17    15    2
(advertise)    37    3133.18    29    3
(relay)    30    9    3141.8    2    2998.3    124    2
(advertise)    37    3155.2    8    2
(relay)    38    4    3169.81    4    3000.29    119    2
(advertise)    37    3177.41    9    2
(relay)    30    6    3194.62    2    2961.01    117    2
(advertise)    37    3200.02    4    4
(relay)    30    28    3218.43    3    3211.43    125    2
(advertise)    37    3221.03    6    2
(relay)    30    14    3240.85    3    3211.23    123    2
(advertise)    37    3244.25    28    3
(relay)    30    12    3261.26    3    3040.34    121    2
(advertise)    37    3267.46    14    3
(relay)    36    23    3279.67    3    3217.43    124    2
(advertise)    37    3289.07    12    3
(relay)    36    7    3303.69    3    3181.37    122    2
(relay)    38    25    3305.49    3    3207.23    124    3
(advertise)    37    3310.09    23    3
(advertise)    37    3331.3    7    3
(relay)    30    3    3350.31    3    3195.43    122    2
(generate)    37    3351.71    [24]    3
(advertise)    37    3353.33    25    3
(relay)    38    31    3373.14    3    3327.93    126    2
(advertise)    37    3376.34    3    3
(relay)    38    48    3395.35    3    3280.66    123    2
(advertise)    37    3398.55    31    3
(relay)    36    35    3411.56    3    3374.53    126    2
(advertise)    37    3421.16    48    3
(relay)    44    42    3424.98    3    3352.51    125    2
(advertise)    37    3444.78    35    3
(relay)    30    19    3461.39    3    3320.51    122    2
(relay)    38    45    3462.99    3    3402.56    126    3
(advertise)    37    3467.79    42    3
(relay)    30    27    3483.0    3    3307.46    122    3
(relay)    38    41    3485.8    3    3305.5    122    4
(advertise)    37    3490.2    19    3
(advertise)    37    3511.42    45    3
(advertise)    37    3533.23    27    3
(advertise)    37    3555.24    41    3
(relay)    36    11    3565.66    3    3321.49    118    1
(relay)    30    5    3573.66    3    3303.45    120    2
(advertise)    37    3577.46    11    3
(relay)    36    43    3587.27    3    3498.4    124    2
(relay)    38    33    3595.47    3    3377.54    124    3
(advertise)    37    3600.47    5    3
(advertise)    37    3622.48    43    3
(relay)    36    16    3629.29    3    3426.55    123    2
(advertise)    37    3645.69    33    3
(relay)    30    34    3660.91    3    3512.4    123    2
(relay)    44    44    3663.11    3    3662.49    127    3
(advertise)    37    3667.71    16    3
(advertise)    37    3690.72    34    3
(relay)    38    13    3704.13    4    3374    120    2
(relay)    30    10    3705.13    3    3520.42    121    3
(advertise)    37    3712.73    44    3
(relay)    36    36    3721.75    3    3721.55    127    3
(advertise)    37    3735.75    13    4
(relay)    30    17    3749.76    3    3605.47    124    3
(advertise)    37    3756.96    10    3
(advertise)    37    3778.97    36    3
(advertise)    37    3801.39    17    3
(relay)    38    38    3810.4    3    3810.39    127    1
(relay)    30    20    3817.8    4    3700    119    2
(relay)    36    0    3820.4    3    3661.34    121    3
(advertise)    37    3822.6    38    3
(relay)    44    46    3832.01    3    3774.37    125    3
(advertise)    37    3844.81    20    4
(relay)    38    32    3859.62    3    3815.41    125    3
(relay)    36    2    3865.02    3    3611.46    121    4
(advertise)    37    3866.42    0    3
(advertise)    37    3889.64    46    3
(advertise)    37    3911.65    32    3
(relay)    38    26    3927.66    3    3827.4    123    2
(relay)    36    1    3929.26    3    3738.51    122    3
(advertise)    37    3936.66    2    3
(advertise)    37    3957.68    26    3
(relay)    30    30    3967.49    3    3966.49    127    2
(relay)    38    39    3972.49    3    3913.46    126    3
(advertise)    37    3980.09    1    3
(relay)    38    40    3993.7    3    3893.45    125    3
(relay)    30    21    3993.9    3    3904.42    124    4
(advertise)    37    4002.1    30    3
(relay)    30    22    4015.52    3    3955.68    125    4
(advertise)    37    4023.12    39    3
(relay)    30    29    4038.93    4    4009.52    126    4
(relay)    38    47    4039.33    3    3866.44    124    5
(advertise)    37    4044.73    40    3
(advertise)    37    4066.74    21    3
(relay)    38    18    4084.95    3    3886.62    117    4
(advertise)    37    4088.75    22    3
(relay)    30    15    4104.97    3    3932.45    124    4
(advertise)    37    4109.97    29    4
(heartbeat)    24    1    4025.2    37    4127.18    127    0
(advertise)    37    4131.58    47    3
(relay)    36    8    4150.19    3    3907.42    123    4
(advertise)    37    4153.19    18    3
(advertise)    37    4176.01    15    3
(advertise)    37    4198.42    24    1
(relay)    30    9    4215.23    3    3998.49    124    2
(advertise)    37    4219.43    8    3
(relay)    30    6    4237.45    3    3961.03    117    2
(advertise)    37    4241.85    9    3
(relay)    30    23    4260.86    4    4217.62    2    2
(advertise)    37    4263.46    6    3
(relay)    38    4    4266.87    5    4000.49    121    2
(relay)    30    28    4283.27    4    4211.63    4    3
(advertise)    37    4285.67    23    4
(advertise)    37    4307.08    4    5
(relay)    36    14    4309.1    4    4211.42    2    2
(relay)    38    12    4312.9    4    4040.54    119    3
(advertise)    37    4328.3    28    4
(relay)    38    31    4335.31    4    4328.08    2    3
(advertise)    37    4350.31    14    4
(generate)    37    4351.72    [24]    4
(relay)    36    7    4353.34    4    4181.57    122    3
(relay)    38    48    4356.54    4    4280.82    4    4
(advertise)    37    4371.54    12    4
(relay)    44    42    4388.15    4    4352.7    6    4
(advertise)    37    4393.75    31    4
(relay)    38    41    4403.96    4    4305.7    4    4
(advertise)    37    4416.76    7    4
(relay)    36    35    4421.18    4    4374.71    6    4
(relay)    38    27    4425.58    4    4307.63    2    5
(relay)    44    45    4430.78    4    4402.75    4    6
(advertise)    37    4438.38    48    4
(advertise)    37    4461.39    42    4
(advertise)    37    4482.8    41    4
(advertise)    37    4504.21    35    4
(relay)    36    43    4521.03    4    4498.6    6    3
(advertise)    37    4526.03    27    4
(relay)    30    16    4533.44    4    4426.74    2    3
(advertise)    37    4548.44    45    4
(relay)    30    33    4556.05    4    4377.72    2    3
(advertise)    37    4570.45    43    4
(advertise)    37    4593.07    16    4
(advertise)    37    4614.48    33    4
(relay)    44    44    4663.09    4    4662.61    6    1
(advertise)    37    4663.29    44    4
(relay)    44    20    4705.11    5    4700    119    1
(advertise)    37    4705.31    20    5
(relay)    36    36    4721.72    4    4721.64    6    1
(advertise)    37    4727.92    36    4
(relay)    30    0    4776.93    4    4661.43    2    1
(advertise)    37    4777.13    0    4
(relay)    36    46    4780.34    4    4774.48    2    1
(advertise)    37    4799.14    46    4
(relay)    38    38    4810.56    4    4810.45    4    1
(advertise)    37    4822.16    38    4
(relay)    38    32    4832.97    4    4815.54    2    1
(advertise)    37    4845.37    32    4
(relay)    30    26    4864.58    4    4827.44    2    1
(advertise)    37    4868.38    26    4
(relay)    38    47    4870.4    4    4866.53    4    1
(advertise)    37    4890.6    47    4
(relay)    44    40    4895.81    4    4893.52    2    1
(relay)    36    21    4905.61    4    4904.47    2    2
(advertise)    37    4912.21    40    4
(relay)    44    39    4918.42    4    4913.64    2    2
(advertise)    37    4935.42    21    4
(advertise)    37    4958.44    39    4
(relay)    30    30    4967.65    4    4966.6    4    1
(advertise)    37    4983.45    30    4
(relay)    30    22    5005.06    4    4955.71    2    1
(advertise)    37    5006.86    22    4
(relay)    36    29    5010.47    5    5009.66    4    1
(advertise)    37    5028.87    29    5
(relay)    30    12    5070.29    5    5040.56    2    1
(advertise)    37    5070.49    12    5
(relay)    36    28    5214.3    5    5211.73    4    1
(advertise)    37    5214.5    28    5
(relay)    30    23    5236.31    5    5217.82    2    1
(advertise)    37    5237.11    23    5
(relay)    38    48    5282.73    5    5280.87    4    1
(advertise)    37    5282.93    48    5
(relay)    38    41    5309.74    5    5305.81    4    1
(advertise)    37    5309.94    41    5
(relay)    38    31    5330.75    5    5328.2    2    1
(advertise)    37    5333.15    31    5
(generate)    37    5351.77    [24]    5
(relay)    36    42    5376.18    5    5353.73    6    1
(advertise)    37    5376.38    42    5
(relay)    30    33    5400.79    5    5378.38    2    1
(advertise)    37    5401.19    33    5
(relay)    30    35    5422.0    5    5375.65    4    1
(advertise)    37    5422.6    35    5
(relay)    38    45    5424.42    5    5402.9    4    1
(relay)    30    13    5443.22    6    5374    116    2
(advertise)    37    5445.42    45    5
(advertise)    37    5468.23    13    6
(relay)    38    43    5502.84    5    5498.69    4    1
(advertise)    37    5503.04    43    5
(relay)    44    44    5663.66    5    5662.65    6    1
(advertise)    37    5663.86    44    5
(relay)    36    36    5721.87    5    5721.67    6    1
(advertise)    37    5722.07    36    5
(relay)    30    1    5748.88    5    5738.67    2    1
(advertise)    37    5749.08    1    5
(relay)    44    46    5777.1    5    5774.67    4    1
(advertise)    37    5777.7    46    5
(relay)    38    38    5810.71    5    5810.51    4    1
(advertise)    37    5810.91    38    5
(relay)    38    32    5832.92    5    5815.67    2    1
(advertise)    37    5833.72    32    5
(relay)    30    26    5858.13    5    5827.46    2    1
(advertise)    37    5858.33    26    5
(relay)    38    47    5880.55    5    5866.55    4    1
(advertise)    37    5882.55    47    5
(relay)    38    40    5902.36    5    5893.55    4    1
(advertise)    37    5904.96    40    5
(relay)    38    39    5924.97    5    5913.79    4    1
(advertise)    37    5927.97    39    5
(relay)    30    21    5954.39    5    5904.54    2    1
(advertise)    37    5954.79    21    5
(relay)    30    30    5966.8    5    5966.76    4    1
(advertise)    37    5976.0    30    5
(relay)    44    29    6012.01    6    6009.66    2    1
(advertise)    37    6012.21    29    6
(relay)    30    22    6033.23    5    5955.77    2    1
(advertise)    37    6035.63    22    5
(relay)    36    7    6184.04    6    6181.67    2    1
(advertise)    37    6184.24    7    6
(relay)    36    28    6214.25    6    6211.77    4    1
(advertise)    37    6214.45    28    6
(relay)    30    23    6235.06    6    6217.89    2    1
(advertise)    37    6236.46    23    6
(relay)    30    14    6257.08    6    6211.55    2    1
(advertise)    37    6257.68    14    6
(relay)    38    48    6283.89    6    6281.05    4    1
(advertise)    37    6284.09    48    6
(relay)    38    41    6309.5    6    6305.86    4    1
(advertise)    37    6309.7    41    6
(relay)    38    31    6330.32    6    6328.22    2    1
(advertise)    37    6330.72    31    6
(generate)    37    6351.93    [24]    6
(relay)    36    42    6375.94    6    6353.91    6    1
(advertise)    37    6376.14    42    6
(relay)    36    35    6401.36    6    6375.96    4    1
(advertise)    37    6401.76    35    6
(relay)    44    45    6422.77    6    6403.81    4    1
(relay)    38    33    6424.17    6    6378.5    2    2
(advertise)    37    6424.97    45    6
(advertise)    37    6447.98    33    6
(relay)    44    13    6451.39    7    6374    118    1
(advertise)    37    6469.19    13    7
(relay)    44    43    6500.01    6    6498.76    6    1
(advertise)    37    6500.21    43    6
(relay)    38    34    6537.22    6    6512.94    2    1
(advertise)    37    6537.42    34    6
(relay)    44    44    6663.63    6    6662.68    6    1
(advertise)    37    6663.83    44    6
(relay)    44    20    6704.25    7    6700    119    1
(advertise)    37    6704.45    20    7
(relay)    36    36    6722.26    6    6721.75    6    1
(advertise)    37    6725.46    36    6
(relay)    30    1    6759.07    6    6738.76    2    1
(advertise)    37    6759.27    1    6
(relay)    44    46    6776.29    6    6774.72    4    1
(advertise)    37    6781.69    46    6
(relay)    38    38    6811.1    6    6810.64    4    1
(advertise)    37    6811.3    38    6
(relay)    38    32    6833.71    6    6815.79    2    1
(advertise)    37    6834.71    32    6
(relay)    38    26    6858.72    6    6827.5    2    1
(advertise)    37    6859.12    26    6
(relay)    44    47    6881.74    6    6866.61    4    1
(advertise)    37    6881.94    47    6
(relay)    30    40    6903.75    6    6893.6    2    1
(advertise)    37    6904.35    40    6
(relay)    36    21    6907.76    6    6904.65    2    1
(advertise)    37    6926.96    21    6
(relay)    30    39    6952.18    6    6913.95    2    1
(advertise)    37    6952.78    39    6
(relay)    30    30    6966.99    6    6966.9    4    1
(relay)    30    15    6973.99    6    6932.63    2    2
(advertise)    37    6974.79    30    6
(advertise)    37    6996.4    15    6
(relay)    30    22    6999.42    6    6955.84    2    1
(relay)    36    29    7011.02    7    7009.69    4    2
(advertise)    37    7018.02    22    6
(advertise)    37    7040.23    29    7
(relay)    30    9    7111.44    6    6998.79    2    1
(advertise)    37    7111.64    9    6
(relay)    30    7    7185.05    7    7181.77    2    1
(advertise)    37    7185.25    7    7
(relay)    36    28    7214.47    7    7211.8    4    1
(advertise)    37    7214.67    28    7
(relay)    30    23    7236.48    7    7218.01    2    1
(advertise)    37    7236.68    23    7
(relay)    36    14    7257.29    7    7211.57    2    1
(advertise)    37    7258.49    14    7
(relay)    38    48    7284.71    7    7281.2    4    1
(advertise)    37    7285.11    48    7
(relay)    38    41    7310.92    7    7305.89    4    1
(advertise)    37    7311.12    41    7
(relay)    38    31    7331.53    7    7328.28    2    1
(advertise)    37    7333.53    31    7
(generate)    37    7351.95    [24]    7
(relay)    44    42    7376.96    7    7354.11    6    1
(advertise)    37    7377.16    42    7
(relay)    36    35    7401.17    7    7376.07    4    1
(advertise)    37    7401.37    35    7
(relay)    44    45    7423.58    7    7403.92    4    1
(advertise)    37    7423.98    45    7
(relay)    36    13    7451.4    8    7374    118    1
(advertise)    37    7451.6    13    8
(relay)    30    16    7489.41    7    7427.09    2    1
(advertise)    37    7489.61    16    7
(relay)    44    43    7499.22    7    7498.83    6    1
(advertise)    37    7511.82    43    7
(relay)    38    33    7523.84    7    7378.65    2    1
(advertise)    37    7533.24    33    7
(relay)    30    2    7630.25    7    7611.61    2    1
(advertise)    37    7630.45    2    7
(relay)    44    44    7663.86    7    7662.86    6    1
(advertise)    37    7664.06    44    7
(relay)    36    0    7687.68    7    7661.48    2    1
(advertise)    37    7688.08    0    7
(relay)    38    20    7703.29    8    7700    119    1
(advertise)    37    7710.49    20    8
(relay)    36    36    7722.3    7    7721.81    6    1
(advertise)    37    7731.7    36    7
(relay)    36    1    7762.71    7    7738.85    2    1
(advertise)    37    7762.91    1    7
(relay)    44    46    7775.33    7    7774.77    4    1
(advertise)    37    7785.73    46    7
(relay)    38    38    7811.34    7    7810.72    4    1
(advertise)    37    7811.74    38    7
(relay)    38    32    7834.35    7    7815.92    2    1
(advertise)    37    7836.75    32    7
(relay)    38    26    7858.57    7    7827.54    2    1
(advertise)    37    7859.37    26    7
(relay)    44    47    7882.98    7    7866.67    4    1
(advertise)    37    7883.18    47    7
(relay)    38    40    7903.19    7    7893.63    4    1
(advertise)    37    7904.59    40    7
(relay)    38    39    7924.61    7    7914.14    4    1
(advertise)    37    7926.81    39    7
(relay)    30    21    7947.42    7    7904.74    2    1
(advertise)    37    7948.62    21    7
(relay)    30    30    7967.03    7    7966.93    4    1
(advertise)    37    7971.23    30    7
(relay)    30    15    7995.84    7    7932.66    2    1
(advertise)    37    7996.64    15    7
(relay)    36    29    8017.46    8    8009.72    4    1
(advertise)    37    8019.46    29    8
(heartbeat)    24    2    8025.21    37    8042.27    3    3
(relay)    30    22    8042.67    7    7955.91    2    2
(advertise)    37    8043.47    24    2
(advertise)    37    8066.08    22    7
(relay)    30    12    8088.7    8    8040.7    2    1
(advertise)    37    8089.3    12    8
(relay)    36    7    8186.31    8    8181.88    2    1
(advertise)    37    8186.51    7    8
(relay)    38    28    8232.32    8    8211.83    2    1
(advertise)    37    8232.52    28    8
(relay)    30    23    8234.94    8    8218.14    2    1
(relay)    36    14    8235.34    8    8211.62    2    2
(advertise)    37    8253.94    23    8
(advertise)    37    8275.55    14    8
(relay)    38    48    8285.16    8    8281.23    4    1
(advertise)    37    8299.36    48    8
(relay)    38    41    8309.97    8    8305.98    4    1
(advertise)    37    8322.37    41    8
(relay)    38    31    8332.19    8    8328.38    2    1
(advertise)    37    8343.99    31    8
(generate)    37    8352.0    [24]    8
(relay)    36    42    8376.81    8    8354.36    6    1
(advertise)    37    8377.01    42    8
(relay)    36    35    8398.03    8    8376.21    4    1
(advertise)    37    8399.43    35    8
(relay)    44    45    8419.84    8    8404.05    4    1
(advertise)    37    8422.44    45    8
(relay)    38    33    8444.65    8    8378.84    2    1
(advertise)    37    8446.25    33    8
(relay)    36    13    8454.67    9    8374    116    1
(advertise)    37    8468.27    13    9
(relay)    44    43    8499.48    8    8498.95    6    1
(advertise)    37    8499.68    43    8
(relay)    44    44    8663.89    8    8662.91    6    1
(advertise)    37    8664.09    44    8
(relay)    30    20    8702.3    9    8700    121    1
(advertise)    37    8702.5    20    9
(relay)    36    36    8722.52    8    8721.92    6    1
(advertise)    37    8723.52    36    8
(relay)    30    1    8753.53    8    8738.95    2    1
(advertise)    37    8753.73    1    8
(relay)    44    46    8775.74    8    8774.83    4    1
(advertise)    37    8776.34    46    8
(relay)    38    38    8811.36    8    8810.82    4    1
(advertise)    37    8811.56    38    8
(relay)    38    32    8834.77    8    8816.11    2    1
(advertise)    37    8835.57    32    8
(relay)    44    47    8868.58    8    8866.75    4    1
(advertise)    37    8868.78    47    8
(relay)    38    40    8896.2    8    8893.64    2    1
(advertise)    37    8896.8    40    8
(relay)    30    21    8907.61    8    8904.85    2    1
(relay)    38    39    8918.81    8    8914.16    4    2
(advertise)    37    8920.01    21    8
(advertise)    37    8942.42    39    8
(relay)    30    30    8967.23    8    8967.08    4    1
(advertise)    37    8968.83    30    8
(relay)    30    15    8979.05    8    8933.63    2    1
(advertise)    37    8990.85    15    8
(relay)    30    22    9001.06    8    8956.0    2    1
(relay)    36    29    9011.46    9    9009.74    4    2
(advertise)    37    9012.26    22    8
(advertise)    37    9036.07    29    9
(relay)    30    7    9187.29    9    9181.98    2    1
(advertise)    37    9187.49    7    9
(relay)    36    28    9213.9    9    9211.87    4    1
(advertise)    37    9214.5    28    9
(relay)    30    23    9236.91    9    9218.23    2    1
(advertise)    37    9237.51    23    9
(relay)    38    48    9285.33    9    9281.39    4    1
(advertise)    37    9285.53    48    9
(relay)    44    41    9309.54    9    9306.02    2    1
(advertise)    37    9310.34    41    9
(relay)    38    31    9332.75    9    9328.42    2    1
(advertise)    37    9333.75    31    9
(generate)    37    9352.16    [24]    9
(relay)    36    42    9377.78    9    9355.56    6    1
(advertise)    37    9377.98    42    9
(relay)    44    35    9401.59    9    9377.28    4    1
(advertise)    37    9402.39    35    9
(relay)    44    45    9423.2    9    9404.55    4    1
(advertise)    37    9425.4    45    9
(relay)    44    43    9499.62    9    9499.22    6    1
(advertise)    37    9499.82    43    9
(relay)    38    34    9527.23    9    9513.3    2    1
(advertise)    37    9527.43    34    9
(relay)    30    2    9633.44    9    9611.67    2    1
(advertise)    37    9633.64    2    9
(relay)    44    44    9663.06    9    9662.93    6    1
(advertise)    37    9663.46    44    9
(relay)    38    20    9702.47    10    9700    121    1
(advertise)    37    9702.67    20    10
(relay)    36    36    9722.88    9    9721.94    6    1
(advertise)    37    9724.08    36    9
(relay)    30    1    9755.9    9    9739.02    2    1
(advertise)    37    9756.1    1    9
(relay)    44    46    9775.71    9    9774.85    4    1
(advertise)    37    9779.51    46    9
(relay)    38    38    9811.92    9    9810.9    4    1
(advertise)    37    9812.12    38    9
(relay)    38    32    9834.73    9    9816.18    2    1
(advertise)    37    9836.33    32    9
(relay)    38    47    9868.15    9    9866.79    4    1
(advertise)    37    9868.35    47    9
(relay)    44    40    9897.36    9    9893.66    2    1
(advertise)    37    9897.56    40    9
(relay)    36    21    9908.77    9    9904.94    2    1
(advertise)    37    9919.17    21    9
(relay)    44    39    9922.99    9    9914.3    2    1
(relay)    30    8    9936.19    9    9909.02    2    2
(advertise)    37    9941.59    39    9
(advertise)    37    9963.8    8    9
(relay)    30    30    9967.81    9    9967.22    4    1
(relay)    30    15    9981.81    9    9934.05    2    2
(advertise)    37    9986.81    30    9
(relay)    30    22    10005.23    9    9956.03    2    2
(advertise)    37    10009.23    15    9
(relay)    36    29    10012.24    10    10009.92    4    2
(advertise)    37    10031.04    22    9
(advertise)    37    10054.25    29    10
(relay)    36    7    10187.86    10    10182.07    2    1
(advertise)    37    10188.06    7    10
(relay)    36    28    10214.08    10    10212.06    4    1
(advertise)    37    10214.48    28    10
(relay)    30    23    10236.89    10    10218.37    2    1
(advertise)    37    10238.29    23    10
(relay)    30    14    10258.1    10    10211.86    2    1
(advertise)    37    10262.9    14    10
(relay)    44    48    10286.72    10    10281.53    4    1
(advertise)    37    10286.92    48    10
(relay)    44    41    10308.93    10    10306.08    2    1
(advertise)    37    10309.53    41    10
(relay)    38    31    10329.54    10    10328.45    2    1
(advertise)    37    10331.74    31    10
(generate)    37    10352.36    [24]    10
(relay)    36    35    10398.17    10    10377.36    6    1
(advertise)    37    10398.37    35    10
(relay)    44    45    10420.98    10    10404.62    4    1
(advertise)    37    10421.78    45    10
(relay)    38    33    10445.99    10    10379.16    2    1
(relay)    30    13    10446.39    11    10374    120    2
(advertise)    37    10446.79    33    10
(advertise)    37    10468.41    13    11
(relay)    36    43    10499.62    10    10499.28    6    1
(advertise)    37    10499.82    43    10
(relay)    30    2    10634.23    10    10611.7    2    1
(advertise)    37    10634.43    2    10
(relay)    44    44    10663.05    10    10662.97    6    1
(advertise)    37    10663.25    44    10
(relay)    36    36    10723.06    10    10721.98    6    1
(advertise)    37    10723.26    36    10
(relay)    36    1    10752.87    10    10739.08    2    1
(advertise)    37    10753.07    1    10
(relay)    38    46    10776.09    10    10775.05    4    1
(advertise)    37    10776.29    46    10
(relay)    38    38    10811.9    10    10810.93    4    1
(advertise)    37    10812.1    38    10
(relay)    38    47    10868.51    10    10866.84    4    1
(advertise)    37    10868.71    47    10
(relay)    38    40    10898.32    10    10893.74    2    1
(advertise)    37    10898.52    40    10
(relay)    36    21    10908.74    10    10905.01    2    1
(relay)    38    39    10919.74    10    10914.45    4    2
(advertise)    37    10920.54    21    10
(advertise)    37    10944.75    39    10
(relay)    30    30    10967.96    10    10967.37    4    1
(advertise)    37    10968.76    30    10
(relay)    30    15    10977.78    10    10934.2    2    1
(advertise)    37    10990.98    15    10
(relay)    30    22    11000.79    10    10956.08    2    1
(advertise)    37    11012.59    22    10
(relay)    30    29    11023.4    11    11010.09    4    1
(advertise)    37    11035.0    29    11
(relay)    36    7    11189.02    11    11182.15    2    1
(advertise)    37    11189.22    7    11
(relay)    36    28    11213.03    11    11212.07    4    1
(advertise)    37    11213.83    28    11
(relay)    30    23    11235.44    11    11218.42    2    1
(advertise)    37    11236.44    23    11
(relay)    36    14    11237.65    11    11211.88    2    1
(advertise)    37    11258.65    14    11
(relay)    38    48    11286.67    11    11281.68    4    1
(advertise)    37    11286.87    48    11
(relay)    38    41    11310.08    11    11306.16    4    1
(advertise)    37    11311.08    41    11
(relay)    38    31    11332.89    11    11328.52    2    1
(advertise)    37    11333.69    31    11
(generate)    37    11352.51    [24]    11
(relay)    44    42    11377.52    11    11356.49    6    1
(advertise)    37    11377.72    42    11
(relay)    44    35    11399.53    11    11378.28    4    1
(advertise)    37    11400.13    35    11
(relay)    44    45    11423.55    11    11404.71    4    1
(advertise)    37    11423.75    45    11
(relay)    30    16    11449.36    11    11427.7    2    1
(advertise)    37    11450.16    16    11
(relay)    38    33    11469.77    11    11379.51    2    1
(advertise)    37    11473.37    33    11
(relay)    36    43    11500.18    11    11499.37    6    1
(advertise)    37    11500.58    43    11
(relay)    30    34    11556.4    11    11513.52    2    1
(advertise)    37    11556.6    34    11
(relay)    30    2    11632.01    11    11611.71    2    1
(advertise)    37    11632.21    2    11
(relay)    44    44    11663.02    11    11662.99    6    1
(advertise)    37    11663.22    44    11
(relay)    38    20    11705.24    12    11700    121    1
(advertise)    37    11705.44    20    12
(relay)    36    36    11723.05    11    11722.06    6    1
(advertise)    37    11727.65    36    11
(relay)    36    1    11752.66    11    11739.14    2    1
(advertise)    37    11753.26    1    11
(relay)    38    46    11776.08    11    11775.07    4    1
(advertise)    37    11776.68    46    11
(relay)    38    38    11812.09    11    11810.99    4    1
(advertise)    37    11812.29    38    11
(relay)    38    32    11834.5    11    11816.46    2    1
(advertise)    37    11835.5    32    11
(relay)    38    47    11868.91    11    11866.9    4    1
(advertise)    37    11869.11    47    11
(relay)    36    21    11908.93    11    11905.08    2    1
(advertise)    37    11909.13    21    11
(relay)    38    39    11920.14    11    11914.62    4    1
(advertise)    37    11932.54    39    11
(relay)    30    30    11968.15    11    11967.53    4    1
(advertise)    37    11968.35    30    11
(relay)    30    22    11998.77    11    11956.13    2    1
(advertise)    37    11998.97    22    11
(relay)    30    29    12019.18    12    12010.1    4    1
(advertise)    37    12019.98    29    12
(heartbeat)    24    3    12025.23    37    12044.19    3    3
(advertise)    37    12044.39    24    3
(relay)    36    28    12213.21    12    12212.09    4    1
(advertise)    37    12213.41    28    12
(relay)    30    23    12234.82    12    12218.52    2    1
(advertise)    37    12236.02    23    12
(relay)    30    14    12259.63    12    12211.91    2    1
(advertise)    37    12260.03    14    12
(relay)    44    48    12284.04    12    12281.86    4    1
(advertise)    37    12284.24    48    12
(relay)    38    41    12309.06    12    12306.27    4    1
(advertise)    37    12309.26    41    12
(relay)    38    31    12331.07    12    12328.62    2    1
(advertise)    37    12331.87    31    12
(generate)    37    12352.68    [24]    12
(relay)    36    42    12378.7    12    12357.68    6    1
(advertise)    37    12378.9    42    12
(relay)    38    33    12403.31    12    12379.65    2    1
(advertise)    37    12404.31    33    12
(relay)    44    45    12426.12    12    12405.01    4    1
(advertise)    37    12427.12    45    12
(relay)    38    13    12449.54    13    12374    118    1
(advertise)    37    12450.74    13    13
(relay)    36    43    12500.35    12    12499.46    6    1
(advertise)    37    12500.55    43    12
(relay)    38    34    12527.76    12    12513.71    2    1
(advertise)    37    12528.16    34    12
(relay)    44    44    12663.57    12    12663.04    6    1
(advertise)    37    12663.77    44    12
(relay)    38    20    12705.79    13    12700    121    1
(advertise)    37    12705.99    20    13
(relay)    30    36    12729.2    12    12722.15    4    1
(advertise)    37    12730.4    36    12
(relay)    30    1    12754.81    12    12739.23    2    1
(advertise)    37    12755.41    1    12
(relay)    44    46    12777.23    12    12775.07    4    1
(advertise)    37    12777.43    46    12
(relay)    38    38    12812.04    12    12811.08    4    1
(advertise)    37    12812.24    38    12
(relay)    38    32    12835.05    12    12816.6    2    1
(advertise)    37    12835.25    32    12
(relay)    38    47    12869.47    12    12866.97    4    1
(advertise)    37    12869.67    47    12
(relay)    44    40    12899.28    12    12893.87    2    1
(advertise)    37    12899.68    40    12
(relay)    38    39    12920.29    12    12914.8    4    1
(advertise)    37    12920.89    39    12
(relay)    30    15    12952.7    12    12935.74    2    1
(advertise)    37    12952.9    15    12
(relay)    30    30    12968.72    12    12967.66    4    1
(advertise)    37    12974.72    30    12
(relay)    36    22    12975.93    12    12956.17    2    1
(advertise)    37    12997.13    22    12
(relay)    30    29    13011.54    13    13010.25    4    1
(advertise)    37    13020.14    29    13
(relay)    30    9    13033.96    12    12999.6    2    1
(advertise)    37    13042.36    9    12
(relay)    30    7    13185.17    13    13182.32    2    1
(advertise)    37    13185.37    7    13
(relay)    36    28    13213.58    13    13212.27    4    1
(advertise)    37    13213.78    28    13
(relay)    30    23    13236.0    13    13218.53    2    1
(advertise)    37    13236.6    23    13
(relay)    30    14    13258.01    13    13211.91    2    1
(advertise)    37    13258.41    14    13
(relay)    36    48    13284.82    13    13282.03    2    1
(advertise)    37    13285.02    48    13
(relay)    38    41    13309.23    13    13306.34    4    1
(advertise)    37    13310.23    41    13
(relay)    38    31    13331.05    13    13328.68    2    1
(advertise)    37    13332.05    31    13
(generate)    37    13352.86    [24]    13
(relay)    44    42    13378.07    13    13357.87    6    1
(advertise)    37    13378.27    42    13
(relay)    36    35    13401.49    13    13379.03    4    1
(advertise)    37    13401.69    35    13
(relay)    30    13    13410.7    14    13374    120    1
(advertise)    37    13423.9    13    14
(relay)    38    45    13426.31    13    13405.07    4    1
(advertise)    37    13444.91    45    13
(relay)    38    33    13446.73    13    13380.01    2    1
(relay)    30    16    13455.13    13    13427.96    2    2
(advertise)    37    13467.53    33    13
(advertise)    37    13489.54    16    13
(relay)    36    43    13500.95    13    13499.56    6    1
(advertise)    37    13512.55    43    13
(relay)    44    44    13663.56    13    13663.08    6    1
(advertise)    37    13663.76    44    13
(relay)    38    20    13706.38    14    13700    121    1
(advertise)    37    13706.58    20    14
(relay)    36    36    13722.39    13    13722.22    6    1
(advertise)    37    13728.79    36    13
(relay)    30    1    13755.4    13    13739.32    2    1
(advertise)    37    13755.8    1    13
(relay)    44    46    13778.22    13    13775.11    4    1
(advertise)    37    13779.22    46    13
(relay)    38    38    13811.23    13    13811.16    4    1
(advertise)    37    13811.43    38    13
(relay)    38    32    13833.64    13    13816.71    2    1
(advertise)    37    13834.84    32    13
(relay)    38    47    13870.26    13    13867.06    4    1
(advertise)    37    13870.46    47    13
(relay)    44    40    13897.27    13    13893.92    2    1
(advertise)    37    13897.67    40    13
(relay)    36    21    13908.08    13    13905.23    2    1
(advertise)    37    13918.68    21    13
(relay)    44    39    13920.69    13    13914.98    2    1
(advertise)    37    13941.49    39    13
(relay)    30    30    13968.91    13    13967.81    4    1
(advertise)    37    13969.51    30    13
(relay)    30    29    14017.12    14    14010.42    4    1
(advertise)    37    14017.32    29    14
(relay)    30    7    14184.93    14    14182.41    2    1
(advertise)    37    14185.13    7    14
(relay)    30    28    14214.15    14    14212.28    4    1
(advertise)    37    14214.35    28    14
(relay)    30    23    14236.36    14    14218.6    2    1
(advertise)    37    14237.96    23    14
(relay)    36    14    14239.17    14    14212.11    2    1
(advertise)    37    14259.97    14    14
(relay)    38    48    14283.39    14    14282.2    4    1
(advertise)    37    14283.79    48    14
(relay)    38    41    14309.4    14    14306.42    4    1
(advertise)    37    14310.0    41    14
(relay)    38    31    14331.21    14    14328.87    2    1
(advertise)    37    14332.41    31    14
(generate)    37    14353.02    [24]    14
(relay)    36    42    14379.04    14    14357.87    6    1
(advertise)    37    14379.24    42    14
(relay)    36    35    14400.45    14    14379.13    4    1
(advertise)    37    14400.65    35    14
(relay)    30    33    14401.86    14    14380.19    2    1
(advertise)    37    14422.66    33    14
(relay)    44    45    14425.48    14    14405.75    4    1
(advertise)    37    14445.68    45    14
(relay)    36    43    14501.49    14    14499.65    6    1
(advertise)    37    14501.69    43    14
(relay)    38    34    14533.3    14    14513.73    2    1
(advertise)    37    14533.5    34    14
(relay)    30    2    14633.92    14    14611.8    2    1
(advertise)    37    14634.12    2    14
(relay)    44    44    14663.73    14    14663.1    6    1
(advertise)    37    14664.13    44    14
(relay)    30    20    14705.54    15    14700    121    1
(advertise)    37    14705.74    20    15
(relay)    36    36    14722.35    14    14722.28    6    1
(advertise)    37    14729.15    36    14
(relay)    30    1    14754.57    14    14739.42    2    1
(advertise)    37    14754.97    1    14
(relay)    38    46    14777.78    14    14775.3    4    1
(advertise)    37    14778.18    46    14
(relay)    38    38    14811.39    14    14811.25    4    1
(advertise)    37    14811.59    38    14
(relay)    38    32    14834.61    14    14816.81    2    1
(advertise)    37    14836.81    32    14
(relay)    38    47    14870.82    14    14867.09    4    1
(advertise)    37    14871.02    47    14
(relay)    44    40    14897.63    14    14893.92    2    1
(advertise)    37    14897.83    40    14
(relay)    36    21    14906.25    14    14905.3    2    1
(advertise)    37    14918.85    21    14
(relay)    44    39    14920.66    14    14915.13    2    1
(advertise)    37    14939.86    39    14
(relay)    30    15    14968.27    14    14936.07    2    1
(advertise)    37    14968.47    15    14
(relay)    30    30    14969.68    14    14968.53    4    1
(advertise)    37    14989.68    30    14
(relay)    30    22    14999.3    14    14956.47    2    1
(advertise)    37    15011.5    22    14
(relay)    30    29    15021.71    15    15010.61    4    1
(advertise)    37    15032.51    29    15
(relay)    36    7    15183.92    15    15182.48    2    1
(advertise)    37    15184.12    7    15
(relay)    36    28    15214.34    15    15212.48    4    1
(advertise)    37    15214.54    28    15
(relay)    30    23    15237.35    15    15218.68    2    1
(advertise)    37    15237.75    23    15
(relay)    36    14    15238.96    15    15212.12    2    1
(advertise)    37    15258.96    14    15
(relay)    38    48    15284.18    15    15282.38    4    1
(advertise)    37    15284.38    48    15
(relay)    38    41    15309.59    15    15306.49    4    1
(advertise)    37    15309.99    41    15
(relay)    30    31    15331.0    15    15328.9    2    1
(advertise)    37    15331.4    31    15
(generate)    37    15353.21    [24]    15
(relay)    36    42    15378.03    15    15358.06    6    1
(advertise)    37    15378.23    42    15
(relay)    36    35    15400.64    15    15379.2    6    1
(advertise)    37    15401.04    35    15
(relay)    44    45    15422.45    15    15405.84    4    1
(advertise)    37    15424.25    45    15
(relay)    38    33    15446.67    15    15380.37    2    1
(advertise)    37    15448.07    33    15
(relay)    36    43    15501.48    15    15499.72    6    1
(advertise)    37    15501.68    43    15
(relay)    44    44    15663.69    15    15663.14    6    1
(advertise)    37    15663.89    44    15
(relay)    30    0    15690.11    15    15662.53    2    1
(advertise)    37    15690.51    0    15
(relay)    36    36    15722.52    15    15722.33    6    1
(advertise)    37    15722.72    36    15
(relay)    30    1    15750.53    15    15739.48    2    1
(advertise)    37    15750.73    1    15
(relay)    38    46    15778.14    15    15775.31    4    1
(advertise)    37    15778.34    46    15
(relay)    38    38    15811.36    15    15811.31    4    1
(advertise)    37    15811.56    38    15
(relay)    30    32    15833.77    15    15816.92    2    1
(advertise)    37    15833.97    32    15
(relay)    38    47    15871.38    15    15867.14    4    1
(advertise)    37    15871.58    47    15
(relay)    44    40    15896.6    15    15893.96    2    1
(advertise)    37    15897.0    40    15
(relay)    36    21    15906.81    15    15905.37    2    1
(advertise)    37    15918.01    21    15
(relay)    38    39    15919.22    15    15915.31    4    1
(advertise)    37    15940.22    39    15
(relay)    36    15    15963.24    15    15936.22    2    1
(advertise)    37    15963.84    15    15
(relay)    30    30    15968.65    15    15968.63    4    1
(relay)    36    22    15984.25    15    15956.53    2    2
(advertise)    37    15985.65    30    15
(advertise)    37    16007.06    22    15
(relay)    30    29    16011.87    16    16010.78    4    1
(advertise)    37    16029.07    29    16
(heartbeat)    24    4    16025.24    37    16085.89    3    9
(advertise)    37    16086.09    24    4
(relay)    36    28    16214.9    16    16212.5    4    1
(advertise)    37    16215.1    28    16
(relay)    30    23    16237.11    16    16218.72    2    1
(advertise)    37    16237.71    23    16
(relay)    30    14    16259.93    16    16212.12    2    1
(advertise)    37    16260.33    14    16
(relay)    38    48    16284.74    16    16282.57    4    1
(advertise)    37    16284.94    48    16
(relay)    38    41    16311.55    16    16306.57    4    1
(advertise)    37    16311.75    41    16
(relay)    38    31    16332.17    16    16329.0    2    1
(advertise)    37    16335.37    31    16
(generate)    37    16353.38    [24]    16
(relay)    44    42    16377.59    16    16358.23    6    1
(advertise)    37    16377.79    42    16
(relay)    44    35    16402.4    16    16379.29    4    1
(advertise)    37    16402.8    35    16
(relay)    44    45    16422.62    16    16405.89    4    1
(advertise)    37    16425.42    45    16
(relay)    36    13    16447.83    17    16374    114    1
(advertise)    37    16449.43    13    17
(relay)    38    33    16465.04    16    16380.53    2    1
(advertise)    37    16472.64    33    16
(relay)    36    43    16502.06    16    16499.82    6    1
(advertise)    37    16502.46    43    16
(relay)    30    16    16526.87    16    16428.38    2    1
(advertise)    37    16527.47    16    16
(relay)    38    34    16531.68    16    16514.1    2    1
(advertise)    37    16548.68    34    16
(relay)    44    44    16664.1    16    16663.16    6    1
(advertise)    37    16664.3    44    16
(relay)    30    0    16688.11    16    16662.55    2    1
(advertise)    37    16688.31    0    16
(relay)    44    20    16704.92    17    16700    119    1
(advertise)    37    16710.52    20    17
(relay)    36    36    16722.93    16    16722.44    6    1
(advertise)    37    16732.93    36    16
(relay)    30    1    16757.75    16    16739.6    2    1
(advertise)    37    16758.15    1    16
(relay)    38    46    16778.16    16    16775.36    4    1
(advertise)    37    16779.16    46    16
(relay)    38    38    16811.97    16    16811.42    4    1
(advertise)    37    16812.17    38    16
(relay)    38    32    16834.39    16    16817.06    2    1
(advertise)    37    16835.19    32    16
(relay)    44    47    16870.0    16    16867.21    4    1
(advertise)    37    16870.2    47    16
(relay)    38    40    16895.61    16    16894.01    2    1
(advertise)    37    16895.81    40    16
(relay)    36    21    16907.23    16    16905.47    2    1
(advertise)    37    16917.63    21    16
(relay)    44    39    16920.84    16    16915.48    2    1
(advertise)    37    16940.04    39    16
(relay)    36    15    16955.65    16    16936.23    2    1
(advertise)    37    16963.45    15    16
(relay)    30    30    16968.86    16    16968.82    4    1
(relay)    30    22    16976.86    16    16956.61    2    2
(advertise)    37    16984.46    30    16
(advertise)    37    17006.28    22    16
(relay)    30    29    17012.29    17    17010.81    4    1
(advertise)    37    17029.69    29    17
(relay)    30    9    17033.7    16    17000.46    2    1
(advertise)    37    17050.9    9    16
(relay)    36    7    17186.12    17    17182.69    2    1
(advertise)    37    17186.32    7    17
(relay)    36    28    17215.33    17    17212.52    4    1
(advertise)    37    17215.53    28    17
(relay)    30    23    17236.34    17    17218.82    2    1
(relay)    36    14    17237.54    17    17212.16    2    2
(advertise)    37    17238.34    23    17
(advertise)    37    17259.36    14    17
(relay)    38    48    17286.17    17    17282.72    4    1
(advertise)    37    17286.37    48    17
(relay)    38    41    17311.78    17    17306.61    4    1
(advertise)    37    17311.98    41    17
(relay)    38    31    17332.59    17    17329.08    2    1
(advertise)    37    17333.39    31    17
(generate)    37    17353.41    [24]    17
(relay)    44    42    17378.42    17    17358.25    6    1
(advertise)    37    17378.62    42    17
(relay)    44    35    17401.23    17    17379.41    4    1
(advertise)    37    17402.63    35    17
(relay)    38    33    17405.25    17    17380.7    2    1
(relay)    44    45    17424.25    17    17405.96    4    2
(advertise)    37    17424.85    33    17
(advertise)    37    17446.06    45    17
(relay)    36    13    17450.47    18    17374    114    1
(advertise)    37    17468.27    13    18
(relay)    30    16    17495.09    17    17428.47    2    1
(advertise)    37    17495.29    16    17
(relay)    44    43    17500.3    17    17499.95    6    1
(advertise)    37    17517.7    43    17
(relay)    30    2    17631.31    17    17611.88    2    1
(advertise)    37    17631.51    2    17
(relay)    44    44    17664.12    17    17663.21    6    1
(advertise)    37    17664.32    44    17
(relay)    30    0    17690.34    17    17662.57    2    1
(advertise)    37    17690.74    0    17
(relay)    38    20    17701.75    18    17700    121    1
(advertise)    37    17713.15    20    18
(relay)    36    36    17723.16    17    17722.53    6    1
(advertise)    37    17736.76    36    17
(relay)    44    46    17776.18    17    17775.37    4    1
(advertise)    37    17776.38    46    17
(relay)    38    38    17811.99    17    17811.49    4    1
(advertise)    37    17812.19    38    17
(relay)    38    32    17835.6    17    17817.13    2    1
(advertise)    37    17836.0    32    17
(relay)    44    47    17869.22    17    17867.27    4    1
(advertise)    37    17869.42    47    17
(relay)    38    40    17897.23    17    17894.05    2    1
(advertise)    37    17897.43    40    17
(relay)    36    21    17907.24    17    17905.55    2    1
(relay)    38    39    17919.64    17    17915.63    4    2
(advertise)    37    17919.84    21    17
(advertise)    37    17942.05    39    17
(relay)    30    30    17969.07    17    17968.99    4    1
(advertise)    37    17969.47    30    17
(relay)    30    22    17997.88    17    17957.87    2    1
(advertise)    37    17998.48    22    17
(relay)    36    29    18020.29    18    18010.98    4    1
(advertise)    37    18020.89    29    18
(relay)    30    7    18186.91    18    18182.79    2    1
(advertise)    37    18187.11    7    18
(relay)    30    28    18216.12    18    18212.54    4    1
(advertise)    37    18216.32    28    18
(relay)    30    23    18236.73    18    18218.92    2    1
(advertise)    37    18237.93    23    18
(relay)    36    14    18240.35    18    18212.18    2    1
(advertise)    37    18259.95    14    18
(relay)    38    48    18286.96    18    18282.88    4    1
(advertise)    37    18287.16    48    18
(relay)    44    41    18310.97    18    18306.67    2    1
(advertise)    37    18311.17    41    18
(relay)    38    31    18333.98    18    18329.33    2    1
(advertise)    37    18334.98    31    18
(generate)    37    18353.6    [24]    18
(relay)    36    42    18377.81    18    18358.27    6    1
(advertise)    37    18378.01    42    18
(relay)    44    35    18401.82    18    18379.48    4    1
(advertise)    37    18402.02    35    18
(relay)    38    33    18403.64    18    18380.86    2    1
(advertise)    37    18423.44    33    18
(relay)    44    45    18425.05    18    18406.06    4    1
(advertise)    37    18444.65    45    18
(relay)    30    13    18446.66    19    18374    118    1
(advertise)    37    18468.66    13    19
(relay)    44    43    18500.48    18    18500.05    6    1
(advertise)    37    18500.68    43    18
(relay)    38    34    18537.69    18    18514.47    2    1
(advertise)    37    18537.89    34    18
(relay)    30    2    18633.3    18    18611.91    2    1
(advertise)    37    18633.5    2    18
(relay)    44    44    18664.31    18    18663.25    6    1
(advertise)    37    18664.51    44    18
(relay)    30    20    18702.13    19    18700    121    1
(advertise)    37    18702.33    20    19
(relay)    36    36    18723.14    18    18722.56    6    1
(advertise)    37    18723.94    36    18
(relay)    44    46    18776.15    18    18775.39    4    1
(advertise)    37    18776.35    46    18
(relay)    38    38    18812.17    18    18811.59    4    1
(advertise)    37    18812.37    38    18
(relay)    38    32    18834.98    18    18817.24    2    1
(advertise)    37    18835.38    32    18
(relay)    44    47    18869.19    18    18867.31    4    1
(advertise)    37    18869.39    47    18
(relay)    38    40    18896.81    18    18894.07    2    1
(advertise)    37    18897.21    40    18
(relay)    30    21    18908.42    18    18905.61    2    1
(advertise)    37    18918.62    21    18
(relay)    38    39    18920.23    18    18915.78    4    1
(advertise)    37    18942.43    39    18
(relay)    30    30    18969.64    18    18969.07    4    1
(advertise)    37    18970.04    30    18
(relay)    44    29    19014.86    19    19011.11    2    1
(advertise)    37    19015.06    29    19
(relay)    30    22    19034.07    18    18958.12    2    1
(advertise)    37    19037.47    22    18
(relay)    30    7    19188.28    19    19182.84    2    1
(advertise)    37    19188.48    7    19
(relay)    36    28    19214.1    19    19212.56    4    1
(advertise)    37    19214.3    28    19
(relay)    30    23    19235.51    19    19218.94    2    1
(advertise)    37    19236.51    23    19
(relay)    30    14    19261.12    19    19212.37    2    1
(advertise)    37    19261.32    14    19
(relay)    38    48    19287.94    19    19283.03    4    1
(advertise)    37    19288.14    48    19
(relay)    38    41    19310.75    19    19306.73    4    1
(advertise)    37    19310.95    41    19
(relay)    38    31    19332.96    19    19329.39    2    1
(advertise)    37    19334.36    31    19
(generate)    37    19353.77    [24]    19
(relay)    36    42    19379.99    19    19358.29    6    1
(advertise)    37    19380.19    42    19
(relay)    36    35    19401.0    19    19379.61    6    1
(advertise)    37    19404.0    35    19
(relay)    44    45    19427.61    19    19406.13    4    1
(advertise)    37    19428.01    45    19
(relay)    36    43    19500.83    19    19500.14    6    1
(advertise)    37    19501.03    43    19
(relay)    30    2    19632.24    19    19611.92    2    1
(advertise)    37    19632.44    2    19
(relay)    44    44    19663.45    19    19663.27    6    1
(advertise)    37    19663.65    44    19
(relay)    30    0    19686.87    19    19662.77    2    1
(advertise)    37    19687.87    0    19
(relay)    38    20    19703.28    20    19700    121    1
(advertise)    37    19710.28    20    20
(relay)    36    36    19723.69    19    19722.62    6    1
(advertise)    37    19731.29    36    19
(relay)    36    1    19756.3    19    19739.87    2    1
(advertise)    37    19756.7    1    19
(relay)    38    46    19775.92    19    19775.42    4    1
(advertise)    37    19777.72    46    19
(relay)    38    38    19812.73    19    19811.67    4    1
(advertise)    37    19812.93    38    19
(relay)    38    32    19836.74    19    19817.39    2    1
(advertise)    37    19836.94    32    19
(relay)    38    47    19868.16    19    19867.37    4    1
(advertise)    37    19868.36    47    19
(relay)    38    40    19896.37    19    19894.13    4    1
(advertise)    37    19896.57    40    19
(relay)    30    21    19909.58    19    19905.67    2    1
(advertise)    37    19917.98    21    19
(relay)    38    39    19919.4    19    19915.94    4    1
(relay)    30    8    19933.6    19    19910.28    2    2
(advertise)    37    19940.0    39    19
(advertise)    37    19962.81    8    19
(relay)    30    30    19969.82    19    19969.25    4    1
(relay)    30    15    19978.62    19    19936.73    2    2
(advertise)    37    19986.02    30    19
(relay)    30    22    20000.03    19    19958.18    2    2
(advertise)    37    20008.03    15    19
(relay)    36    29    20013.65    20    20011.11    4    2
(heartbeat)    24    5    20025.25    37    20029.45    3    13
(advertise)    37    20030.25    22    19
(advertise)    37    20052.06    29    20
(advertise)    37    20073.87    24    5
(relay)    30    7    20188.49    20    20182.95    2    1
(advertise)    37    20188.69    7    20
(relay)    36    28    20215.5    20    20212.6    4    1
(advertise)    37    20215.7    28    20
(relay)    30    23    20240.31    20    20219.03    2    1
(advertise)    37    20240.71    23    20
(relay)    30    14    20263.73    20    20212.4    2    1
(advertise)    37    20264.13    14    20
(relay)    44    48    20288.14    20    20283.22    4    1
(advertise)    37    20288.74    48    20
(relay)    44    41    20310.75    20    20306.85    2    1
(advertise)    37    20310.95    41    20
(relay)    30    31    20330.36    20    20329.44    2    1
(advertise)    37    20334.16    31    20
(generate)    37    20353.78    [24]    20
(relay)    36    42    20378.99    20    20358.48    6    1
(advertise)    37    20379.19    42    20
(relay)    36    35    20400.0    20    20379.71    6    1
(advertise)    37    20400.2    35    20
(relay)    44    45    20423.22    20    20406.23    4    1
(advertise)    37    20423.42    45    20
(relay)    36    13    20445.83    21    20374    116    1
(advertise)    37    20446.03    13    21
(relay)    38    33    20447.44    20    20381.16    2    1
(advertise)    37    20468.24    33    20
(relay)    30    16    20471.06    20    20428.9    2    1
(advertise)    37    20490.26    16    20
(relay)    36    43    20501.27    20    20500.26    6    1
(advertise)    37    20512.27    43    20
(relay)    38    34    20578.48    20    20514.68    2    1
(advertise)    37    20578.68    34    20
(relay)    44    44    20663.49    20    20663.33    6    1
(advertise)    37    20663.69    44    20
(relay)    36    36    20723.71    20    20722.68    6    1
(advertise)    37    20723.91    36    20
(relay)    38    46    20776.52    20    20775.47    4    1
(advertise)    37    20776.72    46    20
(relay)    38    38    20812.73    20    20811.74    4    1
(advertise)    37    20812.93    38    20
(relay)    38    32    20836.55    20    20817.52    2    1
(advertise)    37    20836.75    32    20
(relay)    38    47    20869.56    20    20867.44    4    1
(advertise)    37    20869.76    47    20
(relay)    38    40    20898.77    20    20894.21    2    1
(advertise)    37    20898.97    40    20
(relay)    36    21    20909.39    20    20905.74    2    1
(advertise)    37    20920.19    21    20
(relay)    38    39    20921.4    20    20916.13    4    1
(advertise)    37    20941.4    39    20
(relay)    30    30    20970.01    20    20969.4    4    1
(advertise)    37    20970.41    30    20
(relay)    30    15    20979.62    20    20936.89    2    1
(advertise)    37    20993.42    15    20
(relay)    36    22    21002.04    20    20958.23    2    1
(advertise)    37    21015.44    22    20
(relay)    36    29    21024.45    21    21011.29    4    1
(advertise)    37    21037.25    29    21
(relay)    36    14    21213.66    21    21212.4    2    1
(advertise)    37    21213.86    14    21
(relay)    30    23    21237.08    21    21219.08    2    1
(advertise)    37    21237.28    23    21
(relay)    44    48    21286.49    21    21283.37    4    1
(advertise)    37    21286.69    48    21
(relay)    44    41    21309.7    21    21306.94    2    1
(advertise)    37    21309.9    41    21
(relay)    38    31    21330.52    21    21329.49    2    1
(advertise)    37    21332.52    31    21
(generate)    37    21353.93    [24]    21
(relay)    44    42    21378.14    21    21358.67    6    1
(advertise)    37    21378.34    42    21
(relay)    36    35    21400.95    21    21379.78    6    1
(advertise)    37    21401.35    35    21
(relay)    44    45    21423.57    21    21406.28    4    1
(advertise)    37    21424.37    45    21
(relay)    30    16    21451.18    21    21429.05    2    1
(advertise)    37    21451.38    16    21
(relay)    36    43    21501.19    21    21500.32    6    1
(advertise)    37    21501.39    43    21
(relay)    38    13    21532.81    22    21374    120    1
(advertise)    37    21533.01    13    22
(relay)    44    44    21663.42    21    21663.34    6    1
(advertise)    37    21663.62    44    21
(relay)    38    20    21705.23    22    21700    121    1
(advertise)    37    21705.43    20    22
(relay)    36    36    21723.65    21    21722.73    6    1
(advertise)    37    21727.85    36    21
(relay)    36    1    21755.66    21    21740.08    2    1
(advertise)    37    21755.86    1    21
(relay)    38    46    21776.67    21    21775.52    4    1
(advertise)    37    21778.27    46    21
(relay)    38    38    21812.68    21    21811.77    4    1
(advertise)    37    21812.88    38    21
(relay)    38    32    21835.7    21    21817.68    2    1
(advertise)    37    21836.5    32    21
(relay)    38    47    21869.31    21    21867.55    4    1
(advertise)    37    21869.51    47    21
(relay)    38    40    21899.32    21    21894.29    2    1
(advertise)    37    21899.52    40    21
(relay)    36    21    21910.34    21    21905.81    2    1
(relay)    38    39    21919.74    21    21916.13    4    2
(advertise)    37    21922.34    21    21
(advertise)    37    21943.35    39    21
(relay)    30    15    21965.36    21    21937.06    2    1
(advertise)    37    21965.96    15    21
(relay)    30    30    21970.18    21    21969.53    4    1
(advertise)    37    21988.38    30    21
(relay)    30    22    21998.99    21    21958.27    2    1
(advertise)    37    22009.99    22    21
(relay)    36    29    22012.8    22    22011.45    4    1
(advertise)    37    22031.0    29    22
(relay)    30    7    22186.81    22    22183.15    2    1
(advertise)    37    22187.01    7    22
(relay)    36    28    22213.83    22    22212.8    4    1
(advertise)    37    22214.63    28    22
(relay)    30    23    22236.64    22    22219.13    2    1
(advertise)    37    22238.24    23    22
(relay)    36    14    22259.05    22    22212.41    2    1
(advertise)    37    22260.25    14    22
(relay)    44    48    22285.87    22    22283.55    4    1
(advertise)    37    22286.87    48    22
(relay)    38    41    22311.28    22    22307.03    4    1
(advertise)    37    22311.88    41    22
(relay)    38    31    22334.29    22    22329.55    2    1
(advertise)    37    22335.29    31    22
(generate)    37    22354.11    [24]    22
(relay)    44    42    22378.32    22    22358.86    6    1
(advertise)    37    22378.52    42    22
(relay)    44    35    22400.73    22    22379.88    4    1
(advertise)    37    22400.93    35    22
(relay)    38    45    22423.94    22    22406.39    4    1
(relay)    30    13    22424.94    23    22374    120    2
(advertise)    37    22425.14    45    22
(advertise)    37    22448.56    13    23
(relay)    38    33    22490.57    22    22381.52    2    1
(advertise)    37    22490.77    33    22
(relay)    36    43    22501.38    22    22500.4    6    1
(advertise)    37    22512.98    43    22
(relay)    30    34    22545.6    22    22514.87    2    1
(advertise)    37    22545.8    34    22
(relay)    30    2    22634.21    22    22612.02    2    1
(advertise)    37    22634.61    2    22
(relay)    44    44    22663.42    22    22663.39    6    1
(advertise)    37    22663.62    44    22
(relay)    36    36    22723.84    22    22722.77    6    1
(advertise)    37    22724.04    36    22
(relay)    36    1    22750.45    22    22740.15    2    1
(advertise)    37    22750.85    1    22
(relay)    38    46    22777.86    22    22775.55    4    1
(advertise)    37    22778.06    46    22
(relay)    38    38    22812.87    22    22811.85    4    1
(advertise)    37    22813.07    38    22
(relay)    38    32    22834.89    22    22817.81    2    1
(advertise)    37    22835.29    32    22
(relay)    38    47    22870.5    22    22867.63    4    1
(advertise)    37    22870.7    47    22
(relay)    44    40    22899.11    22    22894.35    2    1
(advertise)    37    22899.31    40    22
(relay)    38    39    22920.93    22    22916.32    4    1
(advertise)    37    22922.33    39    22
(relay)    30    8    22952.74    22    22910.73    2    1
(advertise)    37    22952.94    8    22
(relay)    36    15    22955.35    22    22937.24    2    1
(relay)    30    30    22970.75    22    22969.7    4    2
(advertise)    37    22974.35    15    22
(relay)    36    22    22979.17    22    22958.32    2    2
(advertise)    37    22995.97    30    22
(relay)    30    29    23016.38    23    23011.47    4    2
(advertise)    37    23017.98    22    22
(advertise)    37    23041.99    29    23
(relay)    30    9    23063.2    22    23001.27    2    1
(advertise)    37    23064.0    9    22
(relay)    30    7    23186.02    23    23183.25    2    1
(advertise)    37    23186.22    7    23
(relay)    36    28    23213.83    23    23212.81    4    1
(advertise)    37    23214.03    28    23
(relay)    30    23    23236.44    23    23219.22    2    1
(advertise)    37    23237.24    23    23
(relay)    30    14    23260.06    23    23212.43    2    1
(advertise)    37    23261.06    14    23
(relay)    44    48    23286.47    23    23283.72    4    1
(advertise)    37    23286.67    48    23
(relay)    38    41    23311.08    23    23307.1    4    1
(advertise)    37    23311.28    41    23
(relay)    38    31    23334.5    23    23329.65    2    1
(advertise)    37    23334.7    31    23
(generate)    37    23354.11    [24]    23
(relay)    38    42    23380.12    23    23359.04    4    1
(advertise)    37    23380.32    42    23
(relay)    36    35    23399.93    23    23379.98    6    1
(advertise)    37    23401.53    35    23
(relay)    30    13    23402.75    24    23374    116    1
(advertise)    37    23423.55    13    24
(relay)    38    45    23426.16    23    23406.49    4    1
(advertise)    37    23445.56    45    23
(relay)    36    43    23501.77    23    23500.51    6    1
(advertise)    37    23501.97    43    23
(relay)    30    33    23505.39    23    23381.52    2    1
(advertise)    37    23524.19    33    23
(relay)    44    44    23664.0    23    23663.4    6    1
(advertise)    37    23664.2    44    23
(relay)    38    20    23706.61    24    23700    121    1
(advertise)    37    23706.81    20    24
(relay)    36    36    23723.03    23    23722.86    6    1
(advertise)    37    23728.23    36    23
(relay)    44    46    23778.64    23    23775.6    4    1
(advertise)    37    23778.84    46    23
(relay)    38    38    23812.05    23    23811.92    4    1
(advertise)    37    23812.25    38    23
(relay)    38    32    23835.06    23    23817.93    2    1
(advertise)    37    23835.86    32    23
(relay)    38    47    23870.88    23    23867.71    4    1
(advertise)    37    23871.08    47    23
(relay)    44    40    23897.69    23    23894.39    2    1
(advertise)    37    23898.09    40    23
(relay)    36    21    23908.9    23    23905.98    2    1
(advertise)    37    23919.1    21    23
(relay)    44    39    23920.32    23    23916.48    2    1
(advertise)    37    23940.52    39    23
(relay)    30    15    23961.73    23    23937.4    2    1
(advertise)    37    23963.53    15    23
(relay)    30    30    23970.94    23    23969.85    4    1
(relay)    30    22    23985.14    23    23958.37    2    2
(advertise)    37    23986.54    30    23
(advertise)    37    24009.16    22    23
(relay)    30    29    24011.97    24    24011.66    4    1
(advertise)    37    24031.17    29    24
(heartbeat)    24    6    24025.27    37    24044.38    3    13
(relay)    30    9    24048.78    23    24001.44    2    2
(advertise)    37    24053.38    24    6
(advertise)    37    24075.79    9    23
(relay)    36    7    24184.81    24    24183.37    4    1
(advertise)    37    24185.01    7    24
(relay)    30    28    24214.42    24    24213.0    6    1
(advertise)    37    24214.62    28    24
(relay)    30    23    24237.83    24    24219.33    2    1
(advertise)    37    24238.63    23    24
(relay)    30    14    24258.45    24    24212.47    6    1
(advertise)    37    24260.85    14    24
(relay)    38    48    24285.26    24    24283.92    4    1
(advertise)    37    24285.46    48    24
(relay)    44    41    24311.87    24    24307.17    2    1
(advertise)    37    24312.07    41    24
(generate)    37    24354.29    [24]    24
(relay)    36    42    24380.3    24    24359.06    6    1
(advertise)    37    24380.5    42    24
(relay)    44    35    24402.31    24    24381.29    4    1
(advertise)    37    24403.51    35    24
(relay)    44    45    24425.32    24    24406.63    4    1
(advertise)    37    24425.92    45    24
(relay)    38    33    24448.94    24    24381.55    2    1
(advertise)    37    24449.94    33    24
(relay)    36    43    24502.35    24    24500.6    6    1
(advertise)    37    24502.55    43    24
(relay)    38    34    24531.16    24    24515.08    2    1
(advertise)    37    24531.36    34    24
(relay)    30    2    24633.98    24    24612.07    2    1
(advertise)    37    24634.18    2    24
(relay)    44    44    24663.99    24    24663.46    6    1
(advertise)    37    24664.19    44    24
(relay)    36    0    24687.8    24    24663.36    2    1
(advertise)    37    24688.8    0    24
(relay)    30    20    24707.02    25    24700    121    1
(advertise)    37    24711.02    20    25
(relay)    36    36    24723.03    24    24722.92    6    1
(advertise)    37    24733.43    36    24
(relay)    30    1    24754.64    24    24740.34    2    1
(advertise)    37    24755.64    1    24
(relay)    38    46    24778.25    24    24775.66    4    1
(advertise)    37    24778.65    46    24
(relay)    38    38    24812.07    24    24812.02    4    1
(advertise)    37    24812.27    38    24
(relay)    38    32    24836.08    24    24818.1    2    1
(advertise)    37    24836.28    32    24
(relay)    38    47    24871.49    24    24867.8    4    1
(advertise)    37    24871.69    47    24
(relay)    44    40    24897.51    24    24894.46    2    1
(advertise)    37    24897.91    40    24
(relay)    36    21    24908.12    24    24906.06    6    1
(relay)    38    39    24919.72    24    24916.66    4    2
(advertise)    37    24919.92    21    24
(advertise)    37    24942.93    39    24
(relay)    36    15    24959.95    24    24937.59    2    1
(advertise)    37    24963.95    15    24
(relay)    30    30    24970.96    24    24970.02    4    1
(relay)    36    22    24984.76    24    24958.43    2    2
(advertise)    37    24987.16    30    24
(advertise)    37    25009.77    22    24
(relay)    30    29    25022.38    25    25011.66    4    1
(advertise)    37    25030.78    29    25
(relay)    30    7    25185.4    25    25183.45    4    1
(advertise)    37    25185.6    7    25
(relay)    36    28    25215.01    25    25213.01    6    1
(advertise)    37    25215.21    28    25
(relay)    30    23    25238.62    25    25219.4    2    1
(advertise)    37    25238.82    23    25
(relay)    30    14    25259.84    25    25212.66    6    1
(advertise)    37    25260.24    14    25
(relay)    38    48    25287.25    25    25284.1    4    1
(advertise)    37    25287.65    48    25
(relay)    38    41    25311.66    25    25307.24    4    1
(advertise)    37    25312.46    41    25
(relay)    38    31    25334.08    25    25329.74    2    1
(advertise)    37    25334.48    31    25
(generate)    37    25354.29    [24]    25
(relay)    36    35    25382.3    25    25381.35    6    1
(advertise)    37    25382.5    35    25
(relay)    44    45    25408.91    25    25406.74    4    1
(advertise)    37    25409.11    45    25
(relay)    36    13    25432.93    26    25374    114    1
(advertise)    37    25433.93    13    26
(relay)    36    43    25502.54    25    25500.71    6    1
(advertise)    37    25502.74    43    25
(relay)    44    44    25664.15    25    25663.52    6    1
(advertise)    37    25664.35    44    25
(relay)    36    0    25689.97    25    25663.37    2    1
(advertise)    37    25690.57    0    25
(relay)    36    36    25723.18    25    25722.99    6    1
(advertise)    37    25723.38    36    25
(relay)    44    46    25778.19    25    25775.68    4    1
(advertise)    37    25778.39    46    25
(relay)    38    38    25812.21    25    25812.1    4    1
(advertise)    37    25812.41    38    25
(relay)    38    32    25835.02    25    25818.27    2    1
(advertise)    37    25835.42    32    25
(relay)    44    47    25871.03    25    25867.86    4    1
(advertise)    37    25871.23    47    25
(relay)    38    40    25897.04    25    25894.49    2    1
(advertise)    37    25897.44    40    25
(relay)    36    21    25907.66    25    25906.12    6    1
(advertise)    37    25918.86    21    25
(relay)    38    39    25920.67    25    25916.85    4    1
(advertise)    37    25942.07    39    25
(relay)    36    15    25966.28    25    25937.71    4    1
(advertise)    37    25966.48    15    25
(relay)    30    30    25970.3    25    25970.13    4    1
(relay)    36    22    25987.3    25    25958.46    4    2
(advertise)    37    25987.9    30    25
(advertise)    37    26010.91    22    25
(relay)    30    29    26013.32    26    26011.85    4    1
(advertise)    37    26033.32    29    26
(relay)    36    7    26186.74    26    26183.55    4    1
(advertise)    37    26186.94    7    26
(relay)    36    28    26215.95    26    26213.2    6    1
(advertise)    37    26216.15    28    26
(relay)    30    23    26237.36    26    26219.47    2    1
(advertise)    37    26238.96    23    26
(relay)    30    14    26260.17    26    26212.67    6    1
(advertise)    37    26260.97    14    26
(relay)    38    48    26287.79    26    26284.27    4    1
(advertise)    37    26287.99    48    26
(relay)    38    41    26312.6    26    26307.36    4    1
(advertise)    37    26312.8    41    26
(relay)    38    31    26333.41    26    26329.75    2    1
(advertise)    37    26335.61    31    26
(generate)    37    26354.43    [24]    26
(relay)    44    42    26378.04    26    26359.14    6    1
(advertise)    37    26378.24    42    26
(relay)    44    35    26400.65    26    26381.44    4    1
(advertise)    37    26400.85    35    26
(relay)    38    45    26409.07    26    26406.86    4    1
(advertise)    37    26422.27    45    26
(relay)    36    13    26445.48    27    26374    116    1
(advertise)    37    26446.88    13    27
(relay)    44    43    26502.09    26    26500.82    6    1
(advertise)    37    26502.29    43    26
(relay)    30    34    26537.9    26    26515.29    2    1
(advertise)    37    26538.1    34    26
(relay)    44    44    26664.52    26    26663.59    6    1
(advertise)    37    26664.72    44    26
(relay)    36    0    26689.33    26    26663.38    2    1
(advertise)    37    26689.73    0    26
(relay)    44    20    26704.34    27    26700    119    1
(advertise)    37    26711.74    20    27
(relay)    36    36    26723.76    26    26723.1    6    1
(advertise)    37    26734.36    36    26
(relay)    30    1    26762.97    26    26740.51    2    1
(advertise)    37    26763.17    1    26
(relay)    44    46    26778.18    26    26775.75    4    1
(advertise)    37    26784.58    46    26
(relay)    38    38    26812.8    26    26812.23    4    1
(advertise)    37    26813.0    38    26
(relay)    38    32    26835.21    26    26818.43    2    1
(advertise)    37    26836.41    32    26
(relay)    44    47    26870.82    26    26867.96    4    1
(advertise)    37    26871.02    47    26
(relay)    38    40    26897.83    26    26894.59    2    1
(advertise)    37    26898.03    40    26
(relay)    36    21    26908.25    26    26906.22    6    1
(advertise)    37    26919.85    21    26
(relay)    30    39    26954.86    26    26916.9    2    1
(advertise)    37    26955.06    39    26
(relay)    36    15    26958.27    26    26938.53    2    1
(relay)    30    30    26970.47    26    26970.29    4    2
(advertise)    37    26977.47    15    26
(relay)    36    22    26980.89    26    26958.55    2    2
(advertise)    37    26998.69    30    26
(advertise)    37    27021.1    22    26
(relay)    36    29    27025.11    27    27011.87    4    1
(advertise)    37    27043.31    29    27
(relay)    30    7    27186.53    27    27183.63    4    1
(advertise)    37    27186.73    7    27
(relay)    36    28    27215.94    27    27213.23    6    1
(advertise)    37    27216.14    28    27
(relay)    36    14    27237.35    27    27212.72    6    1
(advertise)    37    27237.95    14    27
(relay)    38    48    27288.76    27    27284.44    4    1
(advertise)    37    27288.96    48    27
(relay)    38    41    27313.38    27    27307.44    4    1
(advertise)    37    27314.18    41    27
(relay)    38    31    27333.59    27    27329.8    2    1
(advertise)    37    27339.19    31    27
(generate)    37    27354.6    [24]    27
(relay)    36    42    27378.82    27    27359.19    6    1
(advertise)    37    27379.02    42    27
(relay)    36    35    27400.63    27    27381.54    6    1
(advertise)    37    27400.83    35    27
(relay)    44    45    27423.24    27    27407.0    4    1
(advertise)    37    27423.84    45    27
(relay)    38    33    27446.86    27    27381.62    2    1
(advertise)    37    27447.06    33    27
(relay)    36    13    27449.27    28    27374    114    1
(advertise)    37    27468.47    13    28
(relay)    44    43    27501.28    27    27500.95    6    1
(advertise)    37    27501.48    43    27
(relay)    44    44    27664.69    27    27663.65    6    1
(advertise)    37    27664.89    44    27
(relay)    30    0    27692.51    27    27663.4    2    1
(advertise)    37    27692.91    0    27
(relay)    44    20    27702.72    28    27700    119    1
(advertise)    37    27714.32    20    28
(relay)    36    36    27723.73    27    27723.19    6    1
(advertise)    37    27735.53    36    27
(relay)    44    46    27776.55    27    27775.82    4    1
(advertise)    37    27776.75    46    27
(relay)    38    38    27812.96    27    27812.35    4    1
(advertise)    37    27813.16    38    27
(relay)    30    32    27837.57    27    27818.44    2    1
(advertise)    37    27837.97    32    27
(relay)    44    47    27869.99    27    27868.04    4    1
(advertise)    37    27870.19    47    27
(relay)    38    40    27898.2    27    27894.63    2    1
(advertise)    37    27898.4    40    27
(relay)    36    21    27908.61    27    27906.3    6    1
(relay)    38    39    27920.01    27    27916.95    4    2
(advertise)    37    27920.41    21    27
(advertise)    37    27943.82    39    27
(relay)    30    15    27966.24    27    27938.53    4    1
(advertise)    37    27967.04    15    27
(relay)    30    30    27970.65    27    27970.48    4    1
(relay)    30    22    27988.45    27    27958.62    4    2
(advertise)    37    27988.65    30    27
(advertise)    37    28009.66    22    27
(relay)    30    29    28014.28    28    28012.05    4    1
(advertise)    37    28032.08    29    28
(relay)    30    9    28052.49    27    28002.1    2    1
(advertise)    37    28053.09    9    27
(heartbeat)    24    7    28025.28    37    28060.7    3    13
(advertise)    37    28075.1    24    7
(relay)    30    7    28188.32    28    28183.74    4    1
(advertise)    37    28188.52    7    28
(relay)    36    28    28216.53    28    28213.27    10    1
(advertise)    37    28216.93    28    28
(relay)    30    23    28240.54    28    28219.66    2    1
(advertise)    37    28241.14    23    28
(relay)    36    14    28261.95    28    28212.75    4    1
(advertise)    37    28262.55    14    28
(relay)    38    48    28288.97    28    28284.61    4    1
(advertise)    37    28289.57    48    28
(relay)    44    41    28311.78    28    28307.54    2    1
(advertise)    37    28313.58    41    28
(relay)    30    31    28331.19    28    28329.88    2    1
(advertise)    37    28334.79    31    28
(generate)    37    28354.61    [24]    28
(relay)    36    42    28380.22    28    28359.23    8    1
(advertise)    37    28380.42    42    28
(relay)    44    35    28403.03    28    28381.66    8    1
(advertise)    37    28403.23    35    28
(relay)    44    45    28425.25    28    28407.18    6    1
(advertise)    37    28426.25    45    28
(relay)    30    16    28450.26    28    28430.71    2    1
(advertise)    37    28450.66    16    28
(relay)    38    33    28471.47    28    28381.8    2    1
(advertise)    37    28472.47    33    28
(relay)    44    43    28501.48    28    28501.07    8    1
(advertise)    37    28501.68    43    28
(relay)    30    34    28557.7    28    28515.55    2    1
(advertise)    37    28557.9    34    28
(relay)    30    2    28631.91    28    28612.3    2    1
(advertise)    37    28632.11    2    28
(relay)    44    44    28664.72    28    28663.76    6    1
(advertise)    37    28664.92    44    28
(relay)    30    0    28690.94    28    28663.46    2    1
(advertise)    37    28691.34    0    28
(relay)    38    20    28702.55    29    28700    121    1
(advertise)    37    28712.95    20    29
(relay)    36    36    28723.76    28    28723.28    10    1
(advertise)    37    28733.96    36    28
(relay)    36    1    28760.18    28    28740.68    2    1
(advertise)    37    28760.58    1    28
(relay)    44    46    28776.79    28    28775.88    4    1
(advertise)    37    28783.79    46    28
(relay)    38    38    28813.0    28    28812.49    4    1
(advertise)    37    28813.2    38    28
(relay)    38    47    28870.21    28    28868.15    4    1
(advertise)    37    28870.41    47    28
(relay)    38    40    28897.43    28    28894.74    2    1
(advertise)    37    28897.83    40    28
(relay)    36    21    28909.64    28    28906.4    8    1
(relay)    38    39    28920.04    28    28916.99    4    2
(advertise)    37    28921.24    21    28
(advertise)    37    28943.85    39    28
(relay)    36    15    28959.47    28    28938.72    8    1
(advertise)    37    28966.07    15    28
(relay)    30    30    28970.68    28    28970.67    4    1
(relay)    36    22    28981.88    28    28959.09    8    2
(advertise)    37    28988.08    30    28
(advertise)    37    29010.09    22    28
(relay)    36    29    29027.71    29    29012.06    10    1
(advertise)    37    29033.31    29    29
(relay)    30    9    29056.52    28    29002.1    2    1
(advertise)    37    29056.92    9    28
(relay)    30    7    29189.53    29    29183.84    4    1
(advertise)    37    29189.73    7    29
(relay)    30    28    29214.94    29    29213.29    10    1
(advertise)    37    29215.54    28    29
(relay)    30    23    29237.96    29    29219.72    2    1
(advertise)    37    29238.96    23    29
(relay)    30    14    29261.57    29    29212.78    6    1
(advertise)    37    29261.97    14    29
(relay)    38    48    29289.78    29    29284.67    4    1
(advertise)    37    29289.98    48    29
(relay)    38    41    29312.8    29    29307.71    2    1
(advertise)    37    29313.0    41    29
(relay)    30    31    29330.21    29    29329.96    2    1
(advertise)    37    29334.21    31    29
(generate)    37    29354.62    [24]    29
(relay)    36    42    29379.64    29    29359.25    8    1
(advertise)    37    29379.84    42    29
(relay)    36    35    29399.85    29    29381.75    10    1
(advertise)    37    29400.85    35    29
(relay)    44    45    29424.46    29    29407.33    6    1
(advertise)    37    29424.86    45    29
(relay)    38    33    29448.47    29    29382.64    2    1
(advertise)    37    29448.87    33    29
(relay)    30    16    29472.49    29    29430.87    2    1
(advertise)    37    29473.89    16    29
(relay)    36    43    29501.7    29    29501.19    8    1
(advertise)    37    29502.1    43    29
(relay)    38    34    29517.51    29    29515.61    2    1
(advertise)    37    29523.71    34    29
(relay)    30    2    29634.73    29    29612.41    2    1
(advertise)    37    29634.93    2    29
(relay)    44    44    29663.94    29    29663.86    6    1
(advertise)    37    29664.14    44    29
(relay)    36    0    29687.35    29    29663.5    2    1
(advertise)    37    29687.95    0    29
(relay)    44    20    29703.97    30    29700    119    1
(advertise)    37    29708.97    20    30
(relay)    36    36    29724.38    29    29723.36    10    1
(advertise)    37    29730.98    36    29
(relay)    38    46    29776.59    29    29775.97    4    1
(advertise)    37    29776.79    46    29
(relay)    38    38    29813.6    29    29812.63    4    1
(advertise)    37    29813.8    38    29
(relay)    38    32    29836.82    29    29818.74    2    1
(advertise)    37    29837.22    32    29
(relay)    38    47    29869.23    29    29868.28    4    1
(advertise)    37    29869.43    47    29
(relay)    38    40    29899.04    29    29894.85    2    1
(advertise)    37    29899.24    40    29
(relay)    36    21    29910.26    29    29906.49    8    1
(advertise)    37    29920.66    21    29
(relay)    44    39    29922.67    29    29917.0    2    1
(advertise)    37    29941.67    39    29
(relay)    44    15    29966.48    29    29938.73    8    1
(advertise)    37    29966.68    15    29
(relay)    30    30    29971.3    29    29970.84    4    1
(relay)    30    22    29979.9    29    29959.17    10    2
(advertise)    37    29989.7    30    29
