(relay)    32    13    378.4    1    374    122    1
(advertise)    39    378.6    13    1
(relay)    32    20    704.21    1    700    123    1
(advertise)    39    704.41    20    1
(relay)    32    4    1004.03    2    1000.04    123    1
(advertise)    39    1004.23    4    2
(relay)    32    29    1028.44    1    1009.04    124    1
(advertise)    39    1028.84    29    1
(relay)    32    12    1054.45    1    1040.05    123    1
(advertise)    39    1054.65    12    1
(relay)    32    7    1186.47    1    1181.07    120    1
(advertise)    39    1186.67    7    1
(relay)    32    25    1207.08    1    1206.08    126    1
(advertise)    39    1208.08    25    1
(relay)    38    3    1233.29    1    1195.08    120    1
(advertise)    39    1233.69    3    1
(relay)    38    23    1254.9    1    1217.09    124    1
(advertise)    39    1256.7    23    1
(relay)    38    28    1277.32    1    1211.09    121    1
(advertise)    39    1279.52    28    1
(relay)    38    14    1298.13    1    1210.09    121    1
(advertise)    39    1302.53    14    1
(relay)    46    48    1325.34    1    1280.1    125    1
(relay)    32    41    1325.54    1    1305.13    124    2
(advertise)    39    1325.94    48    1
(advertise)    39    1348.76    41    1
(relay)    38    37    1370.37    1    1351.36    126    1
(advertise)    39    1371.17    37    1
(relay)    32    27    1392.58    1    1307.13    124    1
(advertise)    39    1393.58    27    1
(relay)    32    19    1414.2    1    1320.14    124    1
(advertise)    39    1415.6    19    1
(relay)    40    33    1417.21    1    1377.18    126    1
(relay)    38    45    1434.81    1    1402.2    126    2
(advertise)    39    1438.41    33    1
(advertise)    39    1460.02    45    1
(relay)    38    5    1477.03    1    1303.12    112    1
(advertise)    39    1482.23    5    1
(relay)    40    31    1504.85    1    1327.56    122    1
(advertise)    39    1506.25    31    1
(relay)    38    16    1521.86    1    1426.2    123    1
(relay)    40    11    1526.66    1    1321.13    122    2
(advertise)    39    1527.26    16    1
(relay)    38    35    1544.27    1    1374.16    122    2
(relay)    40    34    1548.67    1    1512.06    125    3
(advertise)    39    1550.27    11    1
(relay)    38    43    1564.69    1    1498.03    124    3
(advertise)    39    1571.29    35    1
(advertise)    39    1593.1    34    1
(relay)    40    13    1595.11    2    1374    120    2
(advertise)    39    1614.91    43    1
(advertise)    39    1635.93    13    2
(relay)    32    10    1653.14    1    1520.06    121    1
(advertise)    39    1657.74    10    1
(relay)    32    17    1675.35    1    1605.11    122    1
(advertise)    39    1679.55    17    1
(relay)    38    44    1703.16    1    1662.14    125    1
(advertise)    39    1703.36    44    1
(relay)    32    2    1728.38    1    1611.11    121    1
(advertise)    39    1728.78    2    1
(relay)    38    36    1751.79    1    1721.15    125    1
(advertise)    39    1751.99    36    1
(relay)    38    0    1773.6    1    1661.07    117    1
(advertise)    39    1774.0    0    1
(relay)    32    20    1776.82    2    1700    123    1
(advertise)    39    1797.02    20    2
(relay)    38    38    1811.03    1    1810.02    127    1
(relay)    32    32    1816.03    1    1815.03    127    2
(advertise)    39    1819.03    38    1
(relay)    38    1    1840.84    1    1738.16    118    2
(advertise)    39    1842.04    32    1
(advertise)    39    1864.06    1    1
(relay)    32    26    1867.47    1    1827.04    125    1
(advertise)    39    1885.27    26    1
(relay)    40    47    1886.48    1    1866.07    126    1
(relay)    40    40    1894.08    1    1893.08    127    2
(advertise)    39    1907.68    47    1
(generate)    39    1913.09    [24]    1
(advertise)    39    1930.11    40    1
(relay)    40    18    1953.72    1    1886.28    121    1
(advertise)    39    1954.12    18    1
(relay)    40    8    1977.33    1    1907.07    119    1
(advertise)    39    1977.53    8    1
(relay)    40    21    2000.15    1    1904.07    118    1
(relay)    38    30    2000.55    1    1965.11    125    2
(advertise)    39    2000.75    21    1
(advertise)    39    2023.16    30    1
(relay)    38    15    2045.17    1    1932.08    122    1
(advertise)    39    2047.17    15    1
(relay)    32    6    2064.39    1    1961.0    121    1
(relay)    46    22    2065.39    1    1954.29    121    2
(relay)    40    9    2066.39    1    1998.13    120    3
(advertise)    39    2069.39    6    1
(advertise)    39    2090.4    22    1
(relay)    40    4    2108.41    3    2000.15    121    2
(advertise)    39    2111.61    9    1
(advertise)    39    2133.02    4    3
(relay)    38    29    2134.44    2    2009.13    124    1
(relay)    40    12    2154.64    2    2040.16    123    2
(advertise)    39    2156.64    29    2
(advertise)    39    2178.45    12    2
(relay)    40    7    2207.06    2    2181.21    118    1
(advertise)    39    2207.26    7    2
(relay)    40    25    2231.08    2    2207.06    124    1
(advertise)    39    2231.48    25    2
(relay)    40    14    2256.69    2    2210.25    119    1
(advertise)    39    2257.29    14    2
(relay)    32    23    2261.3    2    2217.25    124    1
(advertise)    39    2278.9    23    2
(relay)    40    3    2300.92    2    2195.25    120    1
(advertise)    39    2301.52    3    2
(relay)    38    28    2314.73    2    2211.25    123    1
(advertise)    39    2323.53    28    2
(relay)    40    41    2325.94    2    2305.32    126    1
(relay)    46    48    2328.74    2    2280.29    125    2
(advertise)    39    2345.54    41    2
(relay)    38    31    2360.55    2    2327.74    126    2
(advertise)    39    2367.15    48    2
(relay)    40    27    2369.77    2    2307.29    124    2
(relay)    32    19    2373.17    2    2320.32    124    3
(advertise)    39    2388.77    31    2
(relay)    38    37    2404.78    2    2351.53    126    3
(advertise)    39    2411.38    27    2
(relay)    40    33    2414.39    2    2377.35    126    3
(advertise)    39    2432.39    19    2
(relay)    46    45    2440.01    2    2402.38    126    3
(advertise)    39    2454.81    37    2
(advertise)    39    2478.42    33    2
(relay)    32    5    2488.23    2    2303.29    122    2
(advertise)    39    2499.83    45    2
(relay)    38    35    2518.84    2    2374.33    122    2
(advertise)    39    2522.04    5    2
(relay)    46    42    2525.86    2    2352.32    123    2
(advertise)    39    2543.06    35    2
(relay)    40    34    2546.67    2    2512.23    125    2
(advertise)    39    2565.47    42    2
(advertise)    39    2587.88    34    2
(relay)    32    16    2598.9    2    2426.38    123    1
(relay)    38    43    2606.9    2    2498.21    124    2
(advertise)    39    2610.9    16    2
(relay)    38    11    2628.91    2    2321.32    118    2
(advertise)    39    2632.71    43    2
(relay)    40    17    2637.52    2    2605.28    122    2
(advertise)    39    2653.72    11    2
(advertise)    39    2676.74    17    2
(relay)    46    44    2680.95    2    2662.31    125    1
(relay)    38    10    2693.75    2    2520.24    119    2
(advertise)    39    2697.95    44    2
(advertise)    39    2720.96    10    2
(relay)    40    20    2748.17    3    2700    123    1
(advertise)    39    2748.37    20    3
(relay)    32    2    2755.39    2    2611.27    121    1
(advertise)    39    2770.99    2    2
(relay)    46    46    2774.8    2    2774.2    127    1
(relay)    38    36    2782.6    2    2721.35    125    2
(advertise)    39    2793.4    46    2
(relay)    38    38    2811.21    2    2810.2    127    2
(advertise)    39    2816.21    36    2
(relay)    32    1    2821.23    2    2738.31    120    2
(relay)    40    32    2839.23    2    2815.21    125    3
(advertise)    39    2839.43    38    2
(advertise)    39    2860.84    1    2
(advertise)    39    2883.25    32    2
(relay)    32    26    2887.87    2    2827.21    125    1
(relay)    40    40    2894.27    2    2893.27    127    2
(advertise)    39    2905.27    26    2
(relay)    32    0    2908.28    2    2661.18    119    2
(generate)    39    2913.28    [24]    2
(advertise)    39    2927.89    40    2
(relay)    38    47    2938.7    2    2866.25    124    2
(advertise)    39    2949.3    0    2
(advertise)    39    2971.52    47    2
(relay)    32    18    2999.33    2    2886.45    125    1
(advertise)    39    2999.53    18    2
(relay)    38    21    3025.54    2    2904.25    122    1
(advertise)    39    3026.14    21    2
(relay)    38    30    3047.56    2    2966.3    125    1
(advertise)    39    3048.16    30    2
(relay)    38    8    3078.97    2    2907.23    117    1
(advertise)    39    3079.17    8    2
(relay)    38    22    3100.98    2    2954.48    123    1
(advertise)    39    3101.38    22    2
(relay)    32    29    3106.0    3    3009.32    124    1
(advertise)    39    3123.6    29    3
(relay)    32    15    3129.61    2    2932.27    118    1
(advertise)    39    3145.61    15    2
(relay)    40    4    3146.82    4    3000.29    121    1
(advertise)    39    3167.82    4    4
(relay)    38    9    3192.63    2    2998.3    122    1
(advertise)    39    3192.83    9    2
(relay)    32    6    3196.85    2    2961.01    121    1
(advertise)    39    3215.65    6    2
(relay)    38    28    3239.06    3    3211.43    123    1
(advertise)    39    3239.86    28    3
(relay)    40    12    3242.07    3    3040.34    121    1
(relay)    32    25    3242.67    3    3207.23    126    2
(relay)    38    14    3260.47    3    3211.23    121    3
(advertise)    39    3261.27    12    3
(advertise)    39    3284.29    25    3
(advertise)    39    3306.5    14    3
(relay)    40    48    3307.71    3    3280.66    125    1
(relay)    38    23    3327.11    3    3217.43    122    2
(advertise)    39    3329.11    48    3
(relay)    32    3    3331.33    3    3195.43    120    2
(advertise)    39    3350.33    23    3
(relay)    32    7    3352.34    3    3181.37    120    2
(advertise)    39    3372.14    3    3
(relay)    38    31    3373.35    3    3327.93    126    2
(relay)    46    41    3375.75    3    3305.5    124    3
(advertise)    39    3393.55    7    3
(relay)    40    27    3394.96    3    3307.46    124    3
(advertise)    39    3414.76    31    3
(relay)    38    37    3416.78    3    3351.71    126    3
(advertise)    39    3436.98    41    3
(relay)    40    33    3441.19    3    3377.54    126    3
(relay)    46    45    3443.19    3    3402.56    126    4
(advertise)    39    3458.59    27    3
(advertise)    39    3479.6    37    3
(advertise)    39    3501.02    33    3
(relay)    40    5    3506.63    3    3303.45    120    2
(relay)    46    42    3510.63    3    3352.51    123    3
(advertise)    39    3523.23    45    3
(relay)    38    35    3528.64    3    3374.53    124    3
(advertise)    39    3546.84    5    3
(advertise)    39    3567.86    42    3
(relay)    38    19    3572.47    3    3320.51    120    2
(relay)    40    34    3575.27    3    3512.4    125    3
(advertise)    39    3590.87    35    3
(advertise)    39    3612.48    19    3
(relay)    40    13    3619.29    4    3374    122    2
(advertise)    39    3635.69    34    3
(relay)    38    11    3638.91    3    3321.49    116    2
(advertise)    39    3659.11    13    4
(relay)    38    43    3660.52    3    3498.4    124    2
(advertise)    39    3681.52    11    3
(relay)    32    16    3702.53    3    3426.55    123    2
(advertise)    39    3703.33    43    3
(advertise)    39    3724.75    16    3
(relay)    32    10    3745.96    3    3520.42    119    1
(advertise)    39    3746.36    10    3
(relay)    38    44    3747.77    3    3662.49    125    1
(relay)    40    20    3749.17    4    3700    123    2
(advertise)    39    3769.37    44    3
(relay)    46    46    3774.99    3    3774.37    127    2
(relay)    32    17    3790.19    3    3605.47    124    3
(advertise)    39    3792.19    20    4
(relay)    38    38    3810.4    3    3810.39    127    3
(advertise)    39    3813.4    46    3
(relay)    32    32    3815.61    3    3815.41    127    3
(relay)    46    36    3820.81    3    3721.55    123    4
(advertise)    39    3836.41    17    3
(relay)    32    2    3858.22    3    3611.46    121    4
(advertise)    39    3859.42    38    3
(relay)    32    26    3880.24    3    3827.4    125    4
(advertise)    39    3881.84    32    3
(relay)    40    40    3894.45    3    3893.45    127    4
(advertise)    39    3902.85    36    3
(relay)    46    47    3906.06    3    3866.44    126    4
(generate)    39    3913.46    [24]    3
(advertise)    39    3924.68    2    3
(advertise)    39    3945.69    26    3
(relay)    40    0    3947.5    3    3661.34    117    3
(advertise)    39    3966.9    40    3
(advertise)    39    3988.72    47    3
(advertise)    39    4009.73    0    3
(relay)    32    1    4011.74    3    3738.51    120    1
(advertise)    39    4033.54    1    3
(relay)    40    18    4056.75    3    3886.62    119    1
(advertise)    39    4057.35    18    3
(relay)    38    30    4061.97    3    3966.49    125    1
(advertise)    39    4079.37    30    3
(relay)    32    8    4101.38    3    3907.42    121    1
(advertise)    39    4101.98    8    3
(relay)    38    22    4107.59    3    3955.68    123    1
(advertise)    39    4123.99    22    3
(relay)    46    21    4127.61    3    3904.42    120    1
(advertise)    39    4145.41    21    3
(heartbeat)    24    1    4025.2    39    4147.02    127    0
(relay)    40    6    4148.62    3    3961.03    119    2
(advertise)    39    4167.62    24    1
(advertise)    39    4189.23    6    3
(relay)    32    4    4191.25    5    4000.49    123    1
(relay)    46    29    4193.85    4    4009.52    122    2
(advertise)    39    4212.25    4    5
(relay)    38    15    4221.46    3    3932.45    122    2
(advertise)    39    4235.26    29    4
(relay)    40    12    4239.07    4    4040.54    121    2
(relay)    32    25    4257.07    4    4207.42    2    3
(advertise)    39    4257.27    15    3
(advertise)    39    4278.68    12    4
(relay)    38    9    4288.1    3    3998.49    122    2
(advertise)    39    4300.1    25    4
(relay)    40    48    4303.11    4    4280.82    6    2
(advertise)    39    4322.11    9    3
(relay)    40    41    4325.72    4    4305.7    6    2
(relay)    38    31    4335.32    4    4328.08    2    3
(advertise)    39    4346.12    48    4
(relay)    40    27    4368.14    4    4307.63    4    3
(advertise)    39    4368.74    41    4
(relay)    38    37    4379.95    4    4351.72    4    3
(advertise)    39    4390.75    31    4
(advertise)    39    4412.56    27    4
(relay)    32    28    4414.38    4    4211.63    2    2
(relay)    40    45    4431.18    4    4402.75    2    3
(advertise)    39    4434.98    37    4
(relay)    46    33    4437.79    4    4377.72    2    3
(relay)    38    7    4448.99    4    4181.57    120    4
(advertise)    39    4457.39    28    4
(relay)    46    42    4459.2    4    4352.7    4    4
(relay)    40    5    4476.2    4    4303.63    2    5
(advertise)    39    4480.4    45    4
(advertise)    39    4501.41    33    4
(relay)    38    35    4506.03    4    4374.71    4    4
(advertise)    39    4525.03    7    4
(relay)    32    11    4544.24    4    4321.67    2    4
(relay)    40    34    4548.44    4    4512.59    4    5
(advertise)    39    4549.44    42    4
(advertise)    39    4570.85    5    4
(advertise)    39    4592.87    35    4
(advertise)    39    4615.68    11    4
(advertise)    39    4637.89    34    4
(relay)    32    43    4663.11    4    4498.6    2    1
(advertise)    39    4663.51    43    4
(relay)    46    44    4664.72    4    4662.61    4    1
(advertise)    39    4685.72    44    4
(relay)    40    20    4704.93    5    4700    123    1
(advertise)    39    4707.73    20    5
(relay)    46    36    4729.14    4    4721.64    2    1
(advertise)    39    4730.54    36    4
(relay)    46    46    4775.56    4    4774.48    6    1
(advertise)    39    4775.76    46    4
(relay)    38    38    4810.57    4    4810.45    4    1
(advertise)    39    4810.77    38    4
(relay)    32    32    4815.58    4    4815.54    4    1
(advertise)    39    4835.18    32    4
(relay)    40    26    4860.8    4    4827.44    2    1
(advertise)    39    4861.0    26    4
(relay)    46    47    4868.21    4    4866.53    6    1
(advertise)    39    4883.21    47    4
(relay)    40    40    4893.62    4    4893.52    6    1
(advertise)    39    4906.02    40    4
(generate)    39    4913.64    [24]    4
(relay)    32    30    4974.05    4    4966.6    2    1
(advertise)    39    4974.25    30    4
(relay)    32    6    4999.86    4    4961.12    2    1
(advertise)    39    5000.26    6    4
(relay)    32    29    5046.27    5    5009.66    2    1
(advertise)    39    5046.47    29    5
(relay)    40    12    5047.69    5    5040.56    4    1
(advertise)    39    5067.69    12    5
(relay)    32    25    5208.9    5    5207.55    2    1
(advertise)    39    5209.1    25    5
(relay)    38    28    5215.91    5    5211.73    2    1
(advertise)    39    5232.11    28    5
(relay)    40    48    5281.73    5    5280.87    6    1
(advertise)    39    5281.93    48    5
(relay)    40    41    5307.34    5    5305.81    6    1
(advertise)    39    5307.94    41    5
(relay)    32    5    5310.35    5    5303.76    2    1
(advertise)    39    5329.35    5    5
(relay)    38    31    5330.77    5    5328.2    2    1
(advertise)    39    5351.57    31    5
(relay)    46    37    5355.18    5    5351.77    2    1
(advertise)    39    5373.58    37    5
(relay)    38    42    5377.39    5    5353.73    4    1
(relay)    40    13    5378.99    6    5374    120    2
(relay)    32    33    5379.99    5    5378.38    4    3
(advertise)    39    5395.79    42    5
(relay)    46    45    5404.2    5    5402.9    4    3
(advertise)    39    5418.8    13    6
(advertise)    39    5440.22    33    5
(relay)    32    35    5446.03    5    5375.65    2    2
(advertise)    39    5461.43    45    5
(advertise)    39    5483.64    35    5
(relay)    38    43    5503.06    5    5498.69    4    1
(advertise)    39    5506.46    43    5
(relay)    32    34    5528.27    5    5512.77    4    1
(advertise)    39    5528.87    34    5
(relay)    32    44    5666.88    5    5662.65    2    1
(advertise)    39    5667.08    44    5
(relay)    38    36    5722.3    5    5721.67    4    1
(advertise)    39    5722.5    36    5
(relay)    46    46    5775.71    5    5774.67    6    1
(advertise)    39    5775.91    46    5
(relay)    38    38    5810.52    5    5810.51    4    1
(advertise)    39    5810.72    38    5
(relay)    32    32    5815.73    5    5815.67    4    1
(advertise)    39    5832.73    32    5
(relay)    32    26    5856.55    5    5827.46    4    1
(advertise)    39    5857.55    26    5
(relay)    46    47    5868.76    5    5866.55    6    1
(advertise)    39    5878.56    47    5
(relay)    40    40    5893.57    5    5893.55    6    1
(advertise)    39    5900.77    40    5
(generate)    39    5913.79    [24]    5
(relay)    32    18    5924.4    5    5886.87    2    1
(advertise)    39    5924.6    18    5
(relay)    38    30    5977.21    5    5966.76    2    1
(advertise)    39    5977.41    30    5
(relay)    38    29    6012.63    6    6009.66    2    1
(advertise)    39    6012.83    29    6
(relay)    46    12    6068.84    6    6040.59    2    1
(advertise)    39    6069.04    12    6
(relay)    32    25    6209.25    6    6207.59    2    1
(advertise)    39    6209.45    25    6
(relay)    38    28    6215.86    6    6211.77    2    1
(advertise)    39    6231.06    28    6
(relay)    38    48    6283.88    6    6281.05    4    1
(advertise)    39    6284.08    48    6
(relay)    40    41    6307.09    6    6305.86    6    1
(advertise)    39    6307.29    41    6
(relay)    38    31    6331.3    6    6328.22    2    1
(advertise)    39    6331.5    31    6
(relay)    40    19    6333.12    6    6320.89    2    1
(relay)    38    37    6353.72    6    6351.93    4    2
(advertise)    39    6354.52    19    6
(advertise)    39    6375.53    37    6
(relay)    38    42    6378.14    6    6353.91    4    1
(relay)    40    33    6379.74    6    6378.5    4    2
(advertise)    39    6397.34    42    6
(relay)    38    35    6403.56    6    6375.96    2    2
(advertise)    39    6420.16    33    6
(relay)    40    13    6442.57    7    6374    122    2
(advertise)    39    6444.37    35    6
(relay)    38    45    6446.78    6    6403.81    2    2
(advertise)    39    6466.98    13    7
(advertise)    39    6489.39    45    6
(relay)    46    43    6502.41    6    6498.76    4    1
(advertise)    39    6511.41    43    6
(relay)    32    34    6535.02    6    6512.94    4    1
(advertise)    39    6535.22    34    6
(relay)    46    44    6665.23    6    6662.68    4    1
(advertise)    39    6665.43    44    6
(relay)    38    20    6703.65    7    6700    121    1
(advertise)    39    6703.85    20    7
(relay)    38    36    6726.26    6    6721.75    4    1
(advertise)    39    6726.46    36    6
(relay)    46    46    6775.67    6    6774.72    6    1
(advertise)    39    6775.87    46    6
(relay)    38    38    6810.69    6    6810.64    4    1
(advertise)    39    6810.89    38    6
(relay)    32    32    6815.9    6    6815.79    4    1
(advertise)    39    6832.9    32    6
(relay)    32    26    6856.31    6    6827.5    4    1
(advertise)    39    6856.71    26    6
(relay)    40    47    6880.32    6    6866.61    6    1
(advertise)    39    6880.72    47    6
(relay)    40    40    6893.74    6    6893.6    6    1
(advertise)    39    6902.74    40    6
(generate)    39    6913.95    [24]    6
(relay)    32    18    6926.16    6    6887.01    2    1
(advertise)    39    6926.36    18    6
(relay)    32    30    6972.58    6    6966.9    2    1
(advertise)    39    6972.78    30    6
(relay)    32    4    7028.39    8    7002.33    2    1
(advertise)    39    7028.59    4    8
(relay)    32    29    7051.4    7    7009.69    2    1
(advertise)    39    7051.8    29    7
(relay)    32    25    7209.42    7    7207.65    2    1
(advertise)    39    7209.62    25    7
(relay)    38    28    7216.43    7    7211.8    2    1
(advertise)    39    7231.83    28    7
(relay)    40    48    7283.24    7    7281.2    6    1
(advertise)    39    7283.44    48    7
(relay)    40    41    7308.05    7    7305.89    6    1
(advertise)    39    7309.25    41    7
(relay)    40    27    7330.07    7    7307.88    4    1
(advertise)    39    7330.27    27    7
(relay)    38    31    7331.48    7    7328.28    2    1
(advertise)    39    7353.48    31    7
(relay)    46    37    7379.69    7    7351.95    2    1
(advertise)    39    7380.09    37    7
(relay)    32    19    7400.31    7    7321.03    2    1
(relay)    46    42    7402.11    7    7354.11    4    2
(relay)    38    35    7403.71    7    7376.07    2    3
(advertise)    39    7405.11    19    7
(relay)    32    11    7421.92    7    7322.0    2    3
(relay)    46    45    7422.32    7    7403.92    4    4
(relay)    40    13    7426.52    8    7374    118    5
(advertise)    39    7427.12    42    7
(advertise)    39    7448.13    35    7
(advertise)    39    7469.15    11    7
(advertise)    39    7491.36    45    7
(relay)    38    43    7502.77    7    7498.83    4    2
(advertise)    39    7513.37    13    8
(relay)    32    34    7516.18    7    7513.12    2    2
(relay)    38    33    7523.78    7    7378.65    2    3
(advertise)    39    7536.38    43    7
(advertise)    39    7557.4    34    7
(advertise)    39    7580.41    33    7
(relay)    38    44    7665.62    7    7662.86    4    1
(advertise)    39    7665.82    44    7
(relay)    40    20    7701.64    8    7700    123    1
(advertise)    39    7701.84    20    8
(relay)    38    36    7732.65    7    7721.81    4    1
(advertise)    39    7732.85    36    7
(relay)    46    46    7775.86    7    7774.77    6    1
(advertise)    39    7776.06    46    7
(relay)    38    38    7810.88    7    7810.72    4    1
(advertise)    39    7811.08    38    7
(relay)    32    32    7816.49    7    7815.92    4    1
(advertise)    39    7834.49    32    7
(relay)    32    26    7856.9    7    7827.54    4    1
(advertise)    39    7857.3    26    7
(relay)    40    47    7879.11    7    7866.67    6    1
(advertise)    39    7880.91    47    7
(relay)    40    40    7893.73    7    7893.63    6    1
(advertise)    39    7902.33    40    7
(generate)    39    7914.14    [24]    7
(relay)    32    30    7970.75    7    7966.93    2    1
(advertise)    39    7970.95    30    7
(relay)    32    6    7996.77    7    7961.16    2    1
(advertise)    39    7996.97    6    7
(relay)    38    29    8020.18    8    8009.72    2    1
(advertise)    39    8020.38    29    8
(heartbeat)    24    2    8025.21    39    8043.19    3    3
(advertise)    39    8043.79    24    2
(relay)    40    12    8066.21    8    8040.7    2    1
(advertise)    39    8066.41    12    8
(relay)    32    4    8089.82    9    8002.36    2    1
(advertise)    39    8090.42    4    9
(relay)    32    25    8209.83    8    8207.67    2    1
(advertise)    39    8210.03    25    8
(relay)    32    28    8232.64    8    8211.83    2    1
(advertise)    39    8233.04    28    8
(relay)    40    48    8283.26    8    8281.23    6    1
(advertise)    39    8283.46    48    8
(relay)    40    41    8308.07    8    8305.98    6    1
(advertise)    39    8308.67    41    8
(relay)    32    31    8330.08    8    8328.38    2    1
(advertise)    39    8332.88    31    8
(relay)    32    5    8353.7    8    8304.03    2    1
(advertise)    39    8355.3    5    8
(relay)    32    27    8377.71    8    8307.94    2    1
(advertise)    39    8378.11    27    8
(relay)    38    42    8379.32    8    8354.36    4    1
(relay)    40    33    8380.12    8    8378.84    4    2
(advertise)    39    8401.12    42    8
(relay)    46    35    8404.94    8    8376.21    2    2
(relay)    32    19    8421.34    8    8321.18    2    3
(relay)    38    45    8422.74    8    8404.05    4    4
(advertise)    39    8423.34    33    8
(advertise)    39    8444.35    35    8
(advertise)    39    8465.56    19    8
(relay)    32    11    8467.57    8    8322.19    2    2
(relay)    40    13    8467.97    9    8374    118    3
(advertise)    39    8487.77    45    8
(relay)    46    43    8501.99    8    8498.95    4    3
(advertise)    39    8509.79    11    8
(relay)    40    34    8525.2    8    8513.13    4    3
(advertise)    39    8532.4    13    9
(advertise)    39    8553.61    43    8
(advertise)    39    8575.63    34    8
(relay)    46    44    8665.84    8    8662.91    4    1
(advertise)    39    8666.04    44    8
(relay)    40    20    8701.25    9    8700    123    1
(advertise)    39    8701.45    20    9
(relay)    46    36    8726.27    8    8721.92    2    1
(advertise)    39    8726.47    36    8
(relay)    40    46    8775.68    8    8774.83    4    1
(advertise)    39    8776.08    46    8
(relay)    38    38    8811.29    8    8810.82    4    1
(advertise)    39    8811.49    38    8
(relay)    32    32    8816.7    8    8816.11    4    1
(advertise)    39    8833.1    32    8
(relay)    32    26    8858.52    8    8827.6    2    1
(advertise)    39    8858.92    26    8
(relay)    40    47    8867.13    8    8866.75    6    1
(advertise)    39    8881.13    47    8
(relay)    40    40    8893.74    8    8893.64    6    1
(advertise)    39    8902.94    40    8
(generate)    39    8914.16    [24]    8
(relay)    32    18    8922.57    8    8887.28    2    1
(advertise)    39    8924.77    18    8
(relay)    38    30    8969.18    8    8967.08    2    1
(advertise)    39    8969.38    30    8
(relay)    32    12    9043.8    9    9040.77    2    1
(advertise)    39    9044.0    12    9
(relay)    32    29    9065.41    9    9009.74    2    1
(advertise)    39    9066.61    29    9
(relay)    32    25    9210.02    9    9207.73    2    1
(advertise)    39    9210.22    25    9
(relay)    38    28    9216.63    9    9211.87    2    1
(advertise)    39    9232.23    28    9
(relay)    40    48    9283.45    9    9281.39    6    1
(advertise)    39    9283.65    48    9
(relay)    40    41    9308.46    9    9306.02    6    1
(advertise)    39    9308.66    41    9
(relay)    32    31    9329.67    9    9328.42    2    1
(advertise)    39    9332.07    31    9
(relay)    38    37    9354.69    9    9352.16    4    1
(advertise)    39    9356.69    37    9
(relay)    38    42    9380.5    9    9355.56    4    1
(advertise)    39    9380.9    42    9
(relay)    38    33    9404.11    9    9379.02    2    1
(advertise)    39    9404.71    33    9
(relay)    38    35    9424.53    9    9377.28    2    1
(advertise)    39    9427.93    35    9
(relay)    38    45    9447.94    9    9404.55    4    1
(advertise)    39    9450.34    45    9
(relay)    46    43    9501.15    9    9499.22    4    1
(advertise)    39    9501.35    43    9
(relay)    40    34    9524.96    9    9513.3    4    1
(advertise)    39    9526.16    34    9
(relay)    38    44    9665.58    9    9662.93    4    1
(advertise)    39    9665.78    44    9
(relay)    40    20    9701.39    10    9700    123    1
(advertise)    39    9701.59    20    10
(relay)    38    36    9725.6    9    9721.94    4    1
(advertise)    39    9725.8    36    9
(relay)    46    46    9775.02    9    9774.85    6    1
(advertise)    39    9775.22    46    9
(relay)    38    38    9811.43    9    9810.9    4    1
(advertise)    39    9811.63    38    9
(relay)    32    32    9816.64    9    9816.18    4    1
(advertise)    39    9833.04    32    9
(relay)    32    26    9858.46    9    9827.61    2    1
(advertise)    39    9858.66    26    9
(relay)    40    47    9867.07    9    9866.79    6    1
(advertise)    39    9882.07    47    9
(relay)    40    40    9894.28    9    9893.66    6    1
(relay)    32    18    9904.08    9    9887.4    2    2
(advertise)    39    9905.48    40    9
(generate)    39    9914.3    [24]    9
(advertise)    39    9927.31    18    9
(relay)    38    30    9986.72    9    9967.22    2    1
(advertise)    39    9986.92    30    9
(relay)    32    29    10072.93    10    10009.92    2    1
(advertise)    39    10073.13    29    10
(relay)    32    25    10209.15    10    10207.76    2    1
(advertise)    39    10209.35    25    10
(relay)    38    28    10216.76    10    10212.06    2    1
(advertise)    39    10230.36    28    10
(relay)    46    48    10284.37    10    10281.53    6    1
(advertise)    39    10284.57    48    10
(relay)    46    41    10308.19    10    10306.08    4    1
(advertise)    39    10308.59    41    10
(relay)    38    31    10329.0    10    10328.45    2    1
(advertise)    39    10330.6    31    10
(relay)    38    37    10354.21    10    10352.36    4    1
(advertise)    39    10354.81    37    10
(relay)    32    11    10377.03    10    10322.47    2    1
(advertise)    39    10377.83    11    10
(relay)    40    19    10379.44    10    10321.51    2    1
(relay)    40    33    10400.04    10    10379.16    4    2
(advertise)    39    10401.04    19    10
(relay)    38    42    10421.65    10    10356.15    2    2
(advertise)    39    10423.05    33    10
(relay)    40    45    10424.86    10    10404.62    2    2
(advertise)    39    10446.06    42    10
(relay)    32    35    10466.08    10    10377.36    2    2
(advertise)    39    10467.08    45    10
(relay)    38    13    10470.69    11    10374    118    2
(advertise)    39    10489.09    35    10
(relay)    38    43    10500.1    10    10499.28    4    2
(advertise)    39    10510.5    13    11
(relay)    32    34    10515.52    10    10513.32    2    2
(advertise)    39    10531.52    43    10
(advertise)    39    10553.33    34    10
(relay)    46    44    10665.34    10    10662.97    4    1
(advertise)    39    10665.54    44    10
(relay)    38    36    10724.76    10    10721.98    4    1
(advertise)    39    10724.96    36    10
(relay)    46    46    10775.17    10    10775.05    6    1
(advertise)    39    10775.37    46    10
(relay)    38    38    10811.58    10    10810.93    4    1
(advertise)    39    10811.78    38    10
(relay)    32    32    10816.79    10    10816.32    4    1
(advertise)    39    10834.59    32    10
(relay)    32    26    10856.21    10    10827.62    2    1
(advertise)    39    10857.01    26    10
(relay)    46    47    10867.22    10    10866.84    6    1
(advertise)    39    10878.82    47    10
(relay)    40    40    10894.23    10    10893.74    6    1
(advertise)    39    10900.43    40    10
(generate)    39    10914.45    [24]    10
(relay)    38    30    10969.46    10    10967.37    2    1
(advertise)    39    10969.66    30    10
(relay)    40    6    10999.07    10    10961.34    2    1
(advertise)    39    10999.27    6    10
(relay)    32    29    11058.89    11    11010.09    2    1
(advertise)    39    11059.09    29    11
(relay)    32    12    11083.9    11    11040.87    2    1
(advertise)    39    11084.3    12    11
(relay)    32    25    11208.11    11    11207.81    2    1
(advertise)    39    11208.31    25    11
(relay)    38    28    11215.12    11    11212.07    2    1
(advertise)    39    11232.72    28    11
(relay)    40    48    11285.14    11    11281.68    6    1
(advertise)    39    11285.34    48    11
(relay)    40    41    11308.15    11    11306.16    6    1
(advertise)    39    11308.35    41    11
(relay)    32    31    11331.36    11    11328.52    2    1
(advertise)    39    11332.56    31    11
(relay)    32    27    11352.38    11    11308.05    2    1
(advertise)    39    11354.98    27    11
(relay)    38    37    11356.19    11    11352.51    4    1
(relay)    32    19    11374.79    11    11321.63    2    2
(advertise)    39    11377.99    37    11
(relay)    38    42    11379.8    11    11356.49    4    2
(advertise)    39    11399.6    19    11
(relay)    38    35    11401.02    11    11378.28    2    2
(relay)    40    33    11404.22    11    11379.51    4    3
(relay)    32    5    11417.62    11    11304.21    2    4
(advertise)    39    11422.42    42    11
(relay)    38    45    11424.43    11    11404.71    4    4
(advertise)    39    11444.43    35    11
(advertise)    39    11468.44    33    11
(advertise)    39    11490.65    5    11
(relay)    38    43    11501.07    11    11499.37    4    2
(advertise)    39    11513.47    45    11
(relay)    32    34    11526.48    11    11513.52    4    2
(advertise)    39    11536.68    43    11
(advertise)    39    11559.09    34    11
(relay)    38    44    11664.51    11    11662.99    4    1
(advertise)    39    11664.71    44    11
(relay)    32    20    11703.12    12    11700    123    1
(advertise)    39    11703.32    20    12
(relay)    38    36    11729.93    11    11722.06    4    1
(advertise)    39    11730.13    36    11
(relay)    46    46    11775.15    11    11775.07    6    1
(advertise)    39    11775.35    46    11
(relay)    38    38    11811.96    11    11810.99    4    1
(advertise)    39    11812.16    38    11
(relay)    32    32    11817.37    11    11816.46    4    1
(advertise)    39    11833.77    32    11
(relay)    32    26    11840.58    11    11827.69    2    1
(advertise)    39    11856.38    26    11
(relay)    40    47    11867.2    11    11866.9    6    1
(advertise)    39    11877.4    47    11
(relay)    32    18    11894.21    11    11887.62    2    1
(relay)    46    40    11896.21    11    11893.8    4    2
(advertise)    39    11901.61    18    11
(generate)    39    11914.62    [24]    11
(advertise)    39    11923.64    40    11
(relay)    32    6    11967.65    11    11961.35    2    1
(advertise)    39    11967.85    6    11
(relay)    38    30    11969.66    11    11967.53    2    1
(advertise)    39    11989.66    30    11
(relay)    38    29    12021.28    12    12010.1    2    1
(advertise)    39    12021.48    29    12
(heartbeat)    24    3    12025.23    39    12027.09    3    3
(advertise)    39    12044.69    24    3
(relay)    32    12    12053.5    12    12040.91    2    1
(advertise)    39    12066.7    12    12
(relay)    32    25    12208.31    12    12207.83    2    1
(advertise)    39    12208.51    25    12
(relay)    38    28    12213.73    12    12212.09    2    1
(advertise)    39    12230.53    28    12
(relay)    46    48    12284.34    12    12281.86    6    1
(advertise)    39    12284.54    48    12
(relay)    40    41    12306.75    12    12306.27    6    1
(advertise)    39    12307.55    41    12
(relay)    38    31    12331.17    12    12328.62    2    1
(advertise)    39    12331.37    31    12
(relay)    38    37    12354.38    12    12352.68    4    1
(advertise)    39    12356.18    37    12
(relay)    32    19    12378.79    12    12321.78    2    1
(advertise)    39    12379.59    19    12
(relay)    40    33    12401.61    12    12379.65    4    1
(advertise)    39    12402.21    33    12
(relay)    40    13    12424.22    13    12374    122    1
(relay)    46    45    12424.62    12    12405.01    4    2
(advertise)    39    12425.82    13    13
(relay)    32    11    12446.43    12    12322.72    2    2
(advertise)    39    12449.43    45    12
(advertise)    39    12472.24    11    12
(relay)    38    43    12501.46    12    12499.46    4    1
(advertise)    39    12501.66    43    12
(relay)    40    34    12525.87    12    12513.71    4    1
(advertise)    39    12526.07    34    12
(relay)    32    44    12664.48    12    12663.04    2    1
(advertise)    39    12664.68    44    12
(relay)    40    20    12703.9    13    12700    123    1
(advertise)    39    12704.1    20    13
(relay)    32    36    12731.71    12    12722.15    2    1
(advertise)    39    12731.91    36    12
(relay)    46    46    12775.72    12    12775.07    6    1
(advertise)    39    12775.92    46    12
(relay)    38    38    12812.14    12    12811.08    4    1
(advertise)    39    12812.34    38    12
(relay)    32    32    12817.55    12    12816.6    4    1
(advertise)    39    12833.75    32    12
(relay)    40    26    12857.56    12    12827.73    2    1
(advertise)    39    12857.76    26    12
(relay)    46    47    12867.77    12    12866.97    6    1
(advertise)    39    12878.77    47    12
(relay)    40    40    12894.79    12    12893.87    6    1
(advertise)    39    12900.59    40    12
(generate)    39    12914.8    [24]    12
(relay)    40    6    12973.61    12    12961.36    2    1
(advertise)    39    12973.81    6    12
(relay)    38    30    12976.03    12    12967.66    2    1
(advertise)    39    12994.83    30    12
(relay)    38    29    13020.44    13    13010.25    2    1
(advertise)    39    13020.84    29    13
(relay)    32    12    13050.65    13    13040.95    2    1
(advertise)    39    13050.85    12    13
(relay)    32    25    13208.27    13    13207.88    2    1
(advertise)    39    13208.47    25    13
(relay)    38    28    13214.28    13    13212.27    2    1
(advertise)    39    13231.68    28    13
(relay)    40    48    13282.69    13    13282.03    6    1
(advertise)    39    13282.89    48    13
(relay)    40    41    13307.5    13    13306.34    6    1
(advertise)    39    13307.9    41    13
(relay)    38    31    13330.52    13    13328.68    2    1
(relay)    40    27    13331.12    13    13308.13    2    2
(advertise)    39    13331.52    31    13
(advertise)    39    13352.73    27    13
(relay)    38    37    13355.14    13    13352.86    4    1
(advertise)    39    13375.74    37    13
(relay)    38    42    13379.56    13    13357.87    4    1
(relay)    40    33    13380.56    13    13380.01    4    2
(relay)    32    19    13398.36    13    13321.95    2    3
(advertise)    39    13398.96    42    13
(relay)    38    35    13402.57    13    13379.03    2    3
(advertise)    39    13419.97    33    13
(relay)    46    45    13425.58    13    13405.07    4    3
(advertise)    39    13443.18    19    13
(relay)    40    13    13454.8    14    13374    118    3
(advertise)    39    13465.4    35    13
(advertise)    39    13487.81    45    13
(relay)    38    43    13503.22    13    13499.56    4    2
(advertise)    39    13511.22    13    14
(relay)    32    34    13517.63    13    13513.72    2    2
(advertise)    39    13532.63    43    13
(advertise)    39    13554.65    34    13
(relay)    38    44    13664.26    13    13663.08    4    1
(advertise)    39    13664.46    44    13
(relay)    32    20    13704.47    14    13700    123    1
(advertise)    39    13704.67    20    14
(relay)    32    36    13731.49    13    13722.22    2    1
(advertise)    39    13731.89    36    13
(relay)    46    46    13775.7    13    13775.11    6    1
(advertise)    39    13775.9    46    13
(relay)    38    38    13812.11    13    13811.16    4    1
(advertise)    39    13812.31    38    13
(relay)    32    32    13817.73    13    13816.71    4    1
(advertise)    39    13835.13    32    13
(relay)    32    26    13858.14    13    13827.79    2    1
(advertise)    39    13858.54    26    13
(relay)    46    47    13868.35    13    13867.06    6    1
(advertise)    39    13881.75    47    13
(relay)    40    40    13894.96    13    13893.92    6    1
(advertise)    39    13905.96    40    13
(generate)    39    13914.98    [24]    13
(relay)    38    30    13969.79    13    13967.81    2    1
(advertise)    39    13969.99    30    13
(relay)    32    6    13994.4    13    13961.38    2    1
(advertise)    39    13995.4    6    13
(relay)    38    29    14017.82    14    14010.42    2    1
(advertise)    39    14019.02    29    14
(relay)    32    25    14209.43    14    14208.74    2    1
(advertise)    39    14209.63    25    14
(relay)    38    28    14215.24    14    14212.28    2    1
(advertise)    39    14231.04    28    14
(relay)    46    48    14282.86    14    14282.2    6    1
(advertise)    39    14283.06    48    14
(relay)    40    41    14307.87    14    14306.42    6    1
(advertise)    39    14308.07    41    14
(relay)    38    31    14330.88    14    14328.87    2    1
(advertise)    39    14331.28    31    14
(relay)    40    27    14332.49    14    14309.39    2    1
(advertise)    39    14354.29    27    14
(relay)    38    37    14355.91    14    14353.02    4    1
(advertise)    39    14375.51    37    14
(relay)    46    42    14379.72    14    14357.87    4    1
(relay)    40    33    14380.72    14    14380.19    4    2
(advertise)    39    14398.32    42    14
(relay)    46    35    14405.73    14    14379.13    2    2
(advertise)    39    14421.33    33    14
(relay)    32    19    14422.55    14    14322.1    2    2
(relay)    46    45    14428.15    14    14405.75    4    3
(advertise)    39    14445.15    35    14
(advertise)    39    14467.56    19    14
(advertise)    39    14488.77    45    14
(relay)    38    43    14502.99    14    14499.65    4    1
(advertise)    39    14510.19    43    14
(relay)    40    34    14529.4    14    14513.73    4    1
(advertise)    39    14532.0    34    14
(relay)    46    44    14664.61    14    14663.1    4    1
(advertise)    39    14664.81    44    14
(relay)    40    20    14704.22    15    14700    123    1
(advertise)    39    14704.42    20    15
(relay)    32    36    14729.44    14    14722.28    2    1
(advertise)    39    14729.64    36    14
(relay)    46    46    14775.85    14    14775.3    6    1
(advertise)    39    14776.05    46    14
(relay)    38    38    14812.26    14    14811.25    4    1
(advertise)    39    14812.46    38    14
(relay)    32    32    14816.88    14    14816.81    4    1
(advertise)    39    14835.68    32    14
(relay)    32    26    14839.49    14    14827.86    2    1
(advertise)    39    14857.29    26    14
(relay)    46    47    14868.5    14    14867.09    6    1
(advertise)    39    14878.7    47    14
(relay)    40    40    14894.92    14    14893.92    6    1
(advertise)    39    14901.92    40    14
(relay)    32    18    14903.33    14    14888.05    2    1
(generate)    39    14915.13    [24]    14
(advertise)    39    14924.94    18    14
(relay)    32    6    14987.55    14    14961.49    2    1
(advertise)    39    14987.75    6    14
(relay)    38    30    14991.97    14    14968.53    2    1
(advertise)    39    15011.37    30    14
(relay)    38    29    15033.98    15    15010.61    2    1
(advertise)    39    15034.38    29    15
(relay)    32    12    15057.59    15    15041.03    2    1
(advertise)    39    15057.99    12    15
(relay)    32    25    15210.01    15    15208.8    2    1
(advertise)    39    15210.21    25    15
(relay)    38    28    15215.82    15    15212.48    2    1
(advertise)    39    15232.02    28    15
(relay)    40    48    15283.03    15    15282.38    6    1
(advertise)    39    15283.23    48    15
(relay)    40    41    15307.65    15    15306.49    6    1
(advertise)    39    15307.85    41    15
(relay)    32    31    15331.26    15    15328.9    2    1
(advertise)    39    15331.46    31    15
(relay)    40    27    15333.27    15    15309.4    2    1
(relay)    32    5    15353.67    15    15304.5    2    2
(advertise)    39    15353.87    27    15
(relay)    38    37    15355.08    15    15353.21    4    2
(advertise)    39    15375.08    5    15
(relay)    38    42    15379.7    15    15358.06    4    2
(relay)    40    33    15381.3    15    15380.37    4    3
(advertise)    39    15397.1    37    15
(relay)    38    35    15402.31    15    15379.2    4    3
(advertise)    39    15418.11    42    15
(relay)    32    19    15419.52    15    15322.28    2    3
(relay)    38    45    15426.52    15    15405.84    4    4
(advertise)    39    15440.12    33    15
(advertise)    39    15462.14    35    15
(advertise)    39    15485.15    19    15
(relay)    38    43    15502.96    15    15499.72    4    2
(advertise)    39    15506.16    45    15
(advertise)    39    15527.18    43    15
(relay)    46    34    15530.79    15    15513.91    2    1
(advertise)    39    15550.19    34    15
(relay)    46    44    15665.2    15    15663.14    4    1
(advertise)    39    15665.4    44    15
(relay)    38    36    15723.21    15    15722.33    4    1
(advertise)    39    15723.41    36    15
(relay)    46    46    15776.23    15    15775.31    6    1
(advertise)    39    15776.43    46    15
(relay)    38    38    15811.44    15    15811.31    4    1
(advertise)    39    15811.64    38    15
(relay)    32    32    15817.05    15    15816.92    4    1
(advertise)    39    15833.65    32    15
(relay)    32    26    15858.07    15    15828.05    2    1
(advertise)    39    15858.47    26    15
(relay)    46    47    15868.88    15    15867.14    6    1
(advertise)    39    15881.28    47    15
(relay)    40    40    15894.89    15    15893.96    6    1
(advertise)    39    15904.49    40    15
(generate)    39    15915.31    [24]    15
(relay)    32    6    15976.92    15    15961.51    2    1
(advertise)    39    15977.12    6    15
(relay)    38    30    15986.93    15    15968.63    2    1
(advertise)    39    15999.13    30    15
(heartbeat)    24    4    16025.24    39    16027.34    3    5
(advertise)    39    16027.54    24    4
(relay)    38    29    16051.56    16    16010.78    2    1
(advertise)    39    16051.76    29    16
(relay)    32    12    16069.97    16    16041.08    2    1
(advertise)    39    16074.37    12    16
(relay)    32    25    16210.18    16    16208.85    2    1
(advertise)    39    16210.38    25    16
(relay)    38    28    16216.4    16    16212.5    2    1
(advertise)    39    16232.4    28    16
(relay)    46    48    16283.81    16    16282.57    6    1
(advertise)    39    16284.01    48    16
(relay)    40    41    16308.82    16    16306.57    6    1
(advertise)    39    16309.82    41    16
(relay)    38    31    16333.04    16    16329.0    2    1
(advertise)    39    16333.64    31    16
(relay)    38    37    16354.65    16    16353.38    4    1
(advertise)    39    16355.05    37    16
(relay)    32    19    16356.46    16    16322.44    2    1
(advertise)    39    16376.46    19    16
(relay)    46    42    16378.87    16    16358.23    4    1
(advertise)    39    16398.87    42    16
(relay)    40    33    16401.89    16    16380.53    4    1
(relay)    46    45    16407.69    16    16405.89    4    2
(advertise)    39    16421.09    33    16
(relay)    38    35    16423.3    16    16379.29    2    2
(advertise)    39    16443.3    45    16
(relay)    40    13    16446.11    17    16374    122    2
(advertise)    39    16464.91    35    16
(advertise)    39    16486.33    13    17
(relay)    46    43    16506.14    16    16499.82    2    1
(advertise)    39    16507.34    43    16
(relay)    40    34    16517.55    16    16514.1    4    1
(advertise)    39    16529.35    34    16
(relay)    38    44    16665.57    16    16663.16    4    1
(advertise)    39    16665.77    44    16
(relay)    40    20    16703.98    17    16700    123    1
(advertise)    39    16704.18    20    17
(relay)    38    36    16733.39    16    16722.44    4    1
(advertise)    39    16733.59    36    16
(relay)    46    46    16776.4    16    16775.36    6    1
(advertise)    39    16776.6    46    16
(relay)    38    38    16811.62    16    16811.42    4    1
(advertise)    39    16811.82    38    16
(relay)    32    32    16817.23    16    16817.06    4    1
(advertise)    39    16833.03    32    16
(relay)    32    26    16858.84    16    16828.11    2    1
(advertise)    39    16859.44    26    16
(relay)    46    47    16869.46    16    16867.21    6    1
(advertise)    39    16881.86    47    16
(relay)    40    40    16894.07    16    16894.01    6    1
(advertise)    39    16903.27    40    16
(generate)    39    16915.48    [24]    16
(relay)    40    6    16974.5    16    16961.52    2    1
(advertise)    39    16974.7    6    16
(relay)    38    30    16984.71    16    16968.82    2    1
(advertise)    39    16996.71    30    16
(relay)    38    29    17031.12    17    17010.81    2    1
(advertise)    39    17031.32    29    17
(relay)    32    25    17210.73    17    17208.87    2    1
(advertise)    39    17210.93    25    17
(relay)    38    28    17217.35    17    17212.52    2    1
(advertise)    39    17231.95    28    17
(relay)    40    48    17284.56    17    17282.72    6    1
(advertise)    39    17284.76    48    17
(relay)    40    41    17309.17    17    17306.61    6    1
(advertise)    39    17309.37    41    17
(relay)    40    27    17332.99    17    17309.79    2    1
(advertise)    39    17333.39    27    17
(relay)    32    31    17335.4    17    17329.08    2    1
(relay)    38    37    17355.0    17    17353.41    4    2
(advertise)    39    17356.2    31    17
(advertise)    39    17378.81    37    17
(relay)    40    33    17402.63    17    17380.7    4    1
(advertise)    39    17402.83    33    17
(relay)    46    35    17405.04    17    17379.41    2    1
(advertise)    39    17424.24    35    17
(relay)    32    11    17425.45    17    17323.5    2    1
(relay)    46    45    17426.25    17    17405.96    4    2
(advertise)    39    17446.25    11    17
(relay)    40    13    17448.06    18    17374    120    2
(advertise)    39    17467.66    45    17
(advertise)    39    17491.08    13    18
(relay)    46    43    17503.89    17    17499.95    4    1
(advertise)    39    17512.09    43    17
(relay)    32    34    17527.7    17    17514.3    2    1
(advertise)    39    17535.3    34    17
(relay)    38    44    17665.52    17    17663.21    4    1
(advertise)    39    17665.72    44    17
(relay)    32    20    17701.13    18    17700    123    1
(advertise)    39    17701.33    20    18
(relay)    38    36    17726.74    17    17722.53    2    1
(advertise)    39    17726.94    36    17
(relay)    46    46    17776.36    17    17775.37    6    1
(advertise)    39    17776.56    46    17
(relay)    38    38    17811.57    17    17811.49    4    1
(advertise)    39    17811.77    38    17
(relay)    32    32    17817.18    17    17817.13    4    1
(advertise)    39    17833.78    32    17
(relay)    32    26    17841.79    17    17828.19    2    1
(advertise)    39    17854.79    26    17
(relay)    38    47    17871.01    17    17867.27    4    1
(advertise)    39    17876.61    47    17
(relay)    40    40    17894.22    17    17894.05    6    1
(advertise)    39    17898.02    40    17
(generate)    39    17915.63    [24]    17
(relay)    32    30    17969.45    17    17968.99    2    1
(advertise)    39    17969.65    30    17
(relay)    38    29    18022.06    18    18010.98    2    1
(advertise)    39    18022.26    29    18
(relay)    32    12    18069.67    18    18041.18    2    1
(advertise)    39    18069.87    12    18
(relay)    32    25    18211.09    18    18208.93    2    1
(advertise)    39    18211.29    25    18
(relay)    38    28    18218.5    18    18212.54    2    1
(advertise)    39    18232.9    28    18
(relay)    40    48    18285.11    18    18282.88    6    1
(advertise)    39    18285.31    48    18
(relay)    40    41    18308.92    18    18306.67    6    1
(advertise)    39    18309.72    41    18
(relay)    32    31    18332.74    18    18329.33    2    1
(advertise)    39    18332.94    31    18
(relay)    32    37    18355.15    18    18353.6    2    1
(advertise)    39    18355.75    37    18
(relay)    32    19    18378.76    18    18322.57    2    1
(advertise)    39    18379.96    19    18
(relay)    32    33    18401.18    18    18380.86    4    1
(advertise)    39    18401.38    33    18
(relay)    46    35    18407.79    18    18379.48    2    1
(relay)    40    13    18409.39    19    18374    122    2
(relay)    32    42    18421.19    18    18358.27    2    3
(advertise)    39    18423.39    35    18
(advertise)    39    18444.8    13    19
(relay)    38    45    18446.02    18    18406.06    4    2
(advertise)    39    18467.82    42    18
(advertise)    39    18489.23    45    18
(relay)    46    43    18512.24    18    18500.05    4    1
(advertise)    39    18512.44    43    18
(relay)    32    34    18536.05    18    18514.47    4    1
(advertise)    39    18536.85    34    18
(relay)    46    44    18666.67    18    18663.25    4    1
(advertise)    39    18666.87    44    18
(relay)    32    20    18701.08    19    18700    123    1
(advertise)    39    18701.28    20    19
(relay)    38    36    18725.29    18    18722.56    4    1
(advertise)    39    18725.49    36    18
(relay)    46    46    18776.31    18    18775.39    6    1
(advertise)    39    18776.51    46    18
(relay)    38    38    18812.12    18    18811.59    4    1
(advertise)    39    18812.32    38    18
(relay)    32    32    18817.73    18    18817.24    4    1
(advertise)    39    18833.33    32    18
(relay)    32    26    18841.35    18    18828.23    2    1
(advertise)    39    18856.75    26    18
(relay)    46    47    18868.56    18    18867.31    6    1
(advertise)    39    18878.96    47    18
(relay)    40    40    18894.17    18    18894.07    6    1
(advertise)    39    18901.97    40    18
(generate)    39    18915.78    [24]    18
(relay)    32    30    18970.2    18    18969.07    2    1
(advertise)    39    18970.4    30    18
(relay)    32    6    18994.41    18    18961.55    2    1
(advertise)    39    18996.01    6    18
(relay)    38    29    19017.22    19    19011.11    2    1
(advertise)    39    19018.02    29    19
(relay)    40    12    19066.84    19    19041.26    2    1
(advertise)    39    19067.04    12    19
(relay)    32    25    19211.25    19    19208.97    2    1
(advertise)    39    19211.45    25    19
(relay)    38    28    19216.46    19    19212.56    2    1
(advertise)    39    19233.46    28    19
(relay)    38    48    19287.48    19    19283.03    4    1
(advertise)    39    19287.68    48    19
(relay)    40    41    19308.89    19    19306.73    6    1
(advertise)    39    19309.29    41    19
(relay)    40    27    19330.5    19    19310.87    2    1
(advertise)    39    19330.7    27    19
(relay)    38    37    19355.91    19    19353.77    4    1
(advertise)    39    19356.31    37    19
(relay)    32    19    19379.93    19    19322.72    2    1
(advertise)    39    19381.13    19    19
(relay)    40    33    19383.14    19    19380.97    4    1
(relay)    38    42    19383.54    19    19358.29    4    2
(relay)    32    5    19402.54    19    19304.82    2    3
(advertise)    39    19404.34    33    19
(relay)    38    35    19406.15    19    19379.61    4    3
(advertise)    39    19426.15    42    19
(relay)    38    45    19427.37    19    19406.13    4    3
(advertise)    39    19448.17    5    19
(advertise)    39    19469.98    35    19
(advertise)    39    19491.39    45    19
(relay)    38    43    19501.01    19    19500.14    4    1
(advertise)    39    19514.61    43    19
(relay)    40    34    19530.82    19    19514.66    4    1
(advertise)    39    19537.22    34    19
(relay)    38    44    19665.83    19    19663.27    4    1
(advertise)    39    19666.03    44    19
(relay)    32    20    19702.04    20    19700    123    1
(advertise)    39    19702.24    20    20
(relay)    38    36    19732.66    19    19722.62    4    1
(advertise)    39    19732.86    36    19
(relay)    46    46    19775.47    19    19775.42    6    1
(advertise)    39    19775.67    46    19
(relay)    38    38    19812.28    19    19811.67    4    1
(advertise)    39    19812.48    38    19
(relay)    32    32    19817.9    19    19817.39    4    1
(advertise)    39    19834.5    32    19
(relay)    46    47    19867.71    19    19867.37    6    1
(advertise)    39    19867.91    47    19
(relay)    40    40    19894.72    19    19894.13    6    1
(advertise)    39    19895.12    40    19
(generate)    39    19915.94    [24]    19
(relay)    32    6    19978.15    19    19961.68    2    1
(advertise)    39    19978.35    6    19
(relay)    38    30    19987.36    19    19969.25    2    1
(advertise)    39    20001.16    30    19
(heartbeat)    24    5    20025.25    39    20027.77    3    5
(advertise)    39    20028.17    24    5
(relay)    32    29    20050.99    20    20011.11    2    1
(advertise)    39    20051.59    29    20
(relay)    32    25    20210.4    20    20209.07    2    1
(advertise)    39    20210.6    25    20
(relay)    38    28    20218.01    20    20212.6    2    1
(advertise)    39    20231.81    28    20
(relay)    46    48    20286.63    20    20283.22    6    1
(advertise)    39    20286.83    48    20
(relay)    46    41    20309.64    20    20306.85    4    1
(advertise)    39    20311.24    41    20
(relay)    38    31    20333.85    20    20329.44    2    1
(advertise)    39    20335.05    31    20
(relay)    40    27    20336.47    20    20311.52    2    1
(relay)    38    37    20355.87    20    20353.78    4    2
(advertise)    39    20356.07    27    20
(relay)    40    19    20360.28    20    20322.91    2    2
(advertise)    39    20377.48    37    20
(relay)    38    42    20381.69    20    20358.48    4    2
(relay)    40    33    20383.49    20    20381.16    4    3
(advertise)    39    20400.69    19    20
(relay)    38    35    20402.7    20    20379.71    4    3
(relay)    32    5    20421.3    20    20304.92    2    4
(advertise)    39    20421.7    42    20
(relay)    38    45    20424.52    20    20406.23    4    4
(advertise)    39    20445.12    33    20
(relay)    32    11    20464.93    20    20323.82    2    4
(advertise)    39    20467.13    35    20
(advertise)    39    20489.14    5    20
(relay)    40    13    20491.76    21    20374    122    3
(advertise)    39    20511.16    45    20
(relay)    40    34    20515.77    20    20514.68    4    3
(relay)    38    43    20516.17    20    20500.26    4    4
(advertise)    39    20533.57    11    20
(advertise)    39    20555.58    13    21
(advertise)    39    20577.0    34    20
(advertise)    39    20600.01    43    20
(relay)    46    44    20665.82    20    20663.33    4    1
(advertise)    39    20666.02    44    20
(relay)    38    36    20725.23    20    20722.68    4    1
(advertise)    39    20725.43    36    20
(relay)    46    46    20775.65    20    20775.47    6    1
(advertise)    39    20775.85    46    20
(relay)    38    38    20812.26    20    20811.74    4    1
(advertise)    39    20812.46    38    20
(relay)    32    32    20818.07    20    20817.52    4    1
(advertise)    39    20836.47    32    20
(relay)    32    26    20841.09    20    20828.35    2    1
(advertise)    39    20859.49    26    20
(relay)    40    47    20867.9    20    20867.44    6    1
(advertise)    39    20880.9    47    20
(relay)    40    40    20894.71    20    20894.21    6    1
(advertise)    39    20901.91    40    20
(relay)    32    18    20904.93    20    20888.91    2    1
(generate)    39    20916.13    [24]    20
(advertise)    39    20923.54    18    20
(relay)    38    30    20971.75    20    20969.4    2    1
(advertise)    39    20971.95    30    20
(relay)    40    6    20978.76    20    20961.69    2    1
(advertise)    39    20995.76    6    20
(relay)    40    12    21052.78    21    21041.35    2    1
(advertise)    39    21052.98    12    21
(relay)    32    29    21076.19    21    21011.29    2    1
(advertise)    39    21076.59    29    21
(relay)    32    25    21210.4    21    21209.14    2    1
(advertise)    39    21210.6    25    21
(relay)    40    48    21285.82    21    21283.37    6    1
(advertise)    39    21286.02    48    21
(relay)    46    41    21307.83    21    21306.94    4    1
(advertise)    39    21308.63    41    21
(relay)    38    31    21329.84    21    21329.49    2    1
(relay)    32    5    21330.44    21    21304.99    2    2
(advertise)    39    21331.04    31    21
(relay)    40    27    21332.86    21    21311.64    2    2
(advertise)    39    21354.06    5    21
(relay)    38    37    21355.67    21    21353.93    4    2
(advertise)    39    21376.07    27    21
(relay)    40    19    21379.28    21    21323.05    2    2
(relay)    38    42    21380.68    21    21358.67    4    3
(advertise)    39    21399.28    37    21
(relay)    40    33    21401.29    21    21381.34    4    3
(relay)    38    35    21401.89    21    21379.78    4    4
(advertise)    39    21420.69    19    21
(relay)    46    45    21425.11    21    21406.28    4    4
(advertise)    39    21443.11    42    21
(relay)    40    13    21447.32    22    21374    122    4
(advertise)    39    21465.72    33    21
(advertise)    39    21487.13    35    21
(relay)    38    43    21501.75    21    21500.32    4    3
(relay)    32    11    21506.55    21    21324.0    2    4
(advertise)    39    21509.15    45    21
(relay)    40    34    21516.96    21    21514.87    4    4
(advertise)    39    21530.96    13    22
(advertise)    39    21551.97    43    21
(advertise)    39    21573.99    11    21
(advertise)    39    21596.4    34    21
(relay)    38    44    21664.21    21    21663.34    4    1
(advertise)    39    21664.41    44    21
(relay)    40    20    21703.22    22    21700    123    1
(advertise)    39    21703.42    20    22
(relay)    38    36    21730.44    21    21722.73    4    1
(advertise)    39    21730.84    36    21
(relay)    46    46    21775.65    21    21775.52    6    1
(advertise)    39    21775.85    46    21
(relay)    38    38    21812.26    21    21811.77    4    1
(advertise)    39    21812.46    38    21
(relay)    32    32    21818.68    21    21817.68    4    1
(advertise)    39    21834.48    32    21
(relay)    32    26    21842.29    21    21828.4    2    1
(advertise)    39    21856.09    26    21
(relay)    46    47    21867.9    21    21867.55    6    1
(advertise)    39    21878.1    47    21
(relay)    40    40    21894.92    21    21894.29    6    1
(advertise)    39    21901.32    40    21
(generate)    39    21916.13    [24]    21
(relay)    32    6    21975.34    21    21961.7    2    1
(advertise)    39    21975.54    6    21
(relay)    38    30    21988.75    21    21969.53    2    1
(advertise)    39    21997.95    30    21
(relay)    32    29    22056.37    22    22011.45    2    1
(advertise)    39    22056.57    29    22
(relay)    32    12    22078.58    22    22041.4    2    1
(advertise)    39    22078.78    12    22
(relay)    32    25    22209.59    22    22209.24    2    1
(advertise)    39    22209.79    25    22
(relay)    38    28    22215.01    22    22212.8    2    1
(advertise)    39    22231.41    28    22
(relay)    32    48    22286.62    22    22283.55    4    1
(advertise)    39    22286.82    48    22
(relay)    40    41    22308.43    22    22307.03    6    1
(advertise)    39    22309.83    41    22
(relay)    40    5    22332.25    22    22305.06    2    1
(advertise)    39    22332.45    5    22
(relay)    38    31    22333.86    22    22329.55    2    1
(advertise)    39    22354.26    31    22
(relay)    40    27    22355.87    22    22311.7    2    1
(relay)    32    11    22356.27    22    22324.11    2    2
(relay)    38    37    22357.87    22    22354.11    4    3
(advertise)    39    22376.67    27    22
(relay)    46    42    22380.88    22    22358.86    4    3
(relay)    32    13    22381.48    23    22374    122    4
(advertise)    39    22397.88    11    22
(relay)    38    35    22401.5    22    22379.88    2    4
(relay)    32    33    22402.3    22    22381.52    4    5
(advertise)    39    22419.9    37    22
(relay)    38    45    22423.51    22    22406.39    4    5
(advertise)    39    22441.31    42    22
(advertise)    39    22464.32    13    23
(advertise)    39    22486.34    35    22
(advertise)    39    22507.35    33    22
(relay)    46    43    22514.56    22    22500.4    4    2
(relay)    32    34    22525.16    22    22514.87    4    3
(advertise)    39    22531.16    45    22
(advertise)    39    22552.58    43    22
(advertise)    39    22575.39    34    22
(relay)    46    44    22664.0    22    22663.39    4    1
(advertise)    39    22664.2    44    22
(relay)    32    20    22703.61    23    22700    123    1
(advertise)    39    22703.81    20    23
(relay)    38    36    22727.23    22    22722.77    4    1
(advertise)    39    22729.43    36    22
(relay)    46    46    22776.04    22    22775.55    6    1
(advertise)    39    22776.24    46    22
(relay)    38    38    22812.85    22    22811.85    4    1
(advertise)    39    22813.05    38    22
(relay)    32    32    22818.87    22    22817.81    4    1
(advertise)    39    22834.87    32    22
(relay)    32    26    22860.28    22    22828.6    2    1
(advertise)    39    22861.48    26    22
(relay)    38    47    22870.49    22    22867.63    4    1
(advertise)    39    22882.49    47    22
(relay)    40    40    22895.31    22    22894.35    6    1
(advertise)    39    22905.51    40    22
(generate)    39    22916.32    [24]    22
(relay)    32    18    22926.33    22    22889.19    2    1
(advertise)    39    22927.33    18    22
(relay)    32    6    23016.34    22    22961.72    2    1
(advertise)    39    23016.54    6    22
(relay)    32    29    23079.56    23    23011.47    2    1
(advertise)    39    23079.76    29    23
(relay)    32    25    23211.37    23    23210.5    2    1
(advertise)    39    23211.57    25    23
(relay)    38    28    23214.38    23    23212.81    2    1
(advertise)    39    23232.98    28    23
(relay)    46    48    23285.4    23    23283.72    6    1
(advertise)    39    23285.6    48    23
(relay)    40    41    23308.01    23    23307.1    6    1
(advertise)    39    23308.61    41    23
(relay)    32    31    23331.02    23    23329.65    2    1
(advertise)    39    23332.22    31    23
(relay)    32    19    23352.44    23    23323.39    2    1
(advertise)    39    23353.84    19    23
(relay)    38    37    23356.45    23    23354.11    4    1
(relay)    32    11    23374.05    23    23324.28    2    2
(advertise)    39    23375.45    37    23
(relay)    46    42    23379.46    23    23359.04    4    2
(advertise)    39    23397.86    11    23
(relay)    46    35    23402.67    23    23379.98    2    2
(relay)    40    13    23405.47    24    23374    120    3
(advertise)    39    23419.07    42    23
(relay)    46    45    23424.09    23    23406.49    4    3
(relay)    32    33    23441.29    23    23381.52    4    4
(advertise)    39    23442.69    35    23
(advertise)    39    23463.7    13    24
(advertise)    39    23485.11    45    23
(relay)    38    43    23503.13    23    23500.51    4    2
(advertise)    39    23507.33    33    23
(relay)    32    34    23518.94    23    23514.88    2    2
(advertise)    39    23529.34    43    23
(advertise)    39    23552.35    34    23
(relay)    46    44    23664.37    23    23663.4    4    1
(advertise)    39    23664.57    44    23
(relay)    32    20    23703.98    24    23700    123    1
(advertise)    39    23704.18    20    24
(relay)    38    36    23731.59    23    23722.86    4    1
(advertise)    39    23731.79    36    23
(relay)    46    46    23776.2    23    23775.6    6    1
(advertise)    39    23776.4    46    23
(relay)    38    38    23813.02    23    23811.92    4    1
(advertise)    39    23813.22    38    23
(relay)    32    32    23819.03    23    23817.93    4    1
(advertise)    39    23834.63    32    23
(relay)    32    26    23859.24    23    23828.64    2    1
(advertise)    39    23859.44    26    23
(relay)    46    47    23869.06    23    23867.71    6    1
(advertise)    39    23881.86    47    23
(relay)    40    40    23895.47    23    23894.39    6    1
(advertise)    39    23903.07    40    23
(generate)    39    23916.48    [24]    23
(relay)    38    30    23986.1    23    23969.85    2    1
(advertise)    39    23986.3    30    23
(heartbeat)    24    6    24025.27    39    24042.91    3    5
(advertise)    39    24043.11    24    6
(relay)    32    29    24066.32    24    24011.66    2    1
(advertise)    39    24067.12    29    24
(relay)    32    12    24130.13    24    24041.45    2    1
(advertise)    39    24130.33    12    24
(relay)    32    25    24211.35    24    24210.57    2    1
(advertise)    39    24211.55    25    24
(relay)    38    28    24215.96    24    24213.0    4    1
(advertise)    39    24233.56    28    24
(relay)    38    14    24262.97    24    24212.47    4    1
(advertise)    39    24263.17    14    24
(relay)    40    48    24284.59    24    24283.92    6    1
(advertise)    39    24284.79    48    24
(relay)    40    41    24309.4    24    24307.17    6    1
(advertise)    39    24310.0    41    24
(relay)    38    31    24331.01    24    24329.72    2    1
(advertise)    39    24331.21    31    24
(relay)    40    27    24333.83    24    24311.81    2    1
(advertise)    39    24352.23    27    24
(relay)    38    37    24356.64    24    24354.29    4    1
(relay)    40    19    24358.04    24    24323.4    2    2
(advertise)    39    24373.44    37    24
(relay)    38    42    24381.85    24    24359.06    4    2
(advertise)    39    24396.05    19    24
(relay)    32    33    24401.46    24    24381.55    4    2
(relay)    46    35    24404.26    24    24381.29    2    3
(advertise)    39    24418.06    42    24
(relay)    46    45    24425.48    24    24406.63    4    3
(advertise)    39    24441.28    33    24
(advertise)    39    24462.29    35    24
(advertise)    39    24484.9    45    24
(relay)    38    43    24503.92    24    24500.6    4    1
(advertise)    39    24507.32    43    24
(relay)    32    34    24529.73    24    24515.08    4    1
(advertise)    39    24530.13    34    24
(relay)    46    44    24664.74    24    24663.46    4    1
(advertise)    39    24664.94    44    24
(relay)    40    20    24705.36    25    24700    123    1
(advertise)    39    24705.56    20    25
(relay)    32    36    24732.17    24    24722.92    2    1
(advertise)    39    24732.57    36    24
(relay)    46    46    24776.18    24    24775.66    6    1
(advertise)    39    24776.38    46    24
(relay)    38    38    24812.99    24    24812.02    4    1
(advertise)    39    24813.19    38    24
(relay)    32    32    24818.21    24    24818.1    4    1
(advertise)    39    24836.01    32    24
(relay)    32    26    24841.82    24    24828.73    2    1
(advertise)    39    24858.82    26    24
(relay)    46    47    24869.03    24    24867.8    6    1
(advertise)    39    24882.83    47    24
(relay)    40    40    24895.45    24    24894.46    6    1
(relay)    32    18    24903.25    24    24889.52    2    2
(advertise)    39    24904.05    40    24
(generate)    39    24916.66    [24]    24
(advertise)    39    24926.07    18    24
(relay)    38    21    24947.49    24    24906.06    2    1
(advertise)    39    24949.09    21    24
(relay)    38    30    24989.3    24    24970.02    2    1
(advertise)    39    24989.5    30    24
(relay)    32    22    25012.91    24    24958.43    2    1
(advertise)    39    25013.11    22    24
(relay)    38    29    25032.12    25    25011.66    2    1
(advertise)    39    25035.52    29    25
(relay)    32    12    25062.34    25    25041.51    2    1
(advertise)    39    25062.74    12    25
(relay)    32    7    25185.55    25    25183.45    2    1
(advertise)    39    25185.75    7    25
(relay)    32    25    25211.96    25    25210.65    2    1
(advertise)    39    25212.16    25    25
(relay)    38    28    25216.58    25    25213.01    4    1
(advertise)    39    25234.58    28    25
(relay)    38    14    25262.39    25    25212.66    4    1
(advertise)    39    25262.79    14    25
(relay)    40    48    25284.8    25    25284.1    6    1
(advertise)    39    25285.8    48    25
(relay)    40    41    25309.22    25    25307.24    6    1
(advertise)    39    25309.62    41    25
(relay)    40    27    25334.23    25    25311.83    2    1
(advertise)    39    25334.83    27    25
(relay)    40    5    25355.84    25    25305.31    2    1
(advertise)    39    25356.24    5    25
(relay)    40    33    25382.45    25    25381.56    4    1
(advertise)    39    25383.25    33    25
(relay)    32    37    25402.67    25    25354.29    2    1
(advertise)    39    25404.47    37    25
(relay)    46    45    25408.08    25    25406.74    4    1
(advertise)    39    25425.68    45    25
(relay)    40    13    25437.49    26    25374    108    1
(advertise)    39    25448.29    13    26
(relay)    32    35    25470.31    25    25381.35    2    1
(advertise)    39    25471.71    35    25
(relay)    38    43    25503.92    25    25500.71    4    1
(advertise)    39    25504.12    43    25
(relay)    40    34    25529.93    25    25515.27    2    1
(advertise)    39    25530.33    34    25
(relay)    32    44    25666.95    25    25663.52    2    1
(advertise)    39    25667.15    44    25
(relay)    38    36    25723.76    25    25722.99    4    1
(advertise)    39    25723.96    36    25
(relay)    46    46    25776.17    25    25775.68    6    1
(advertise)    39    25776.37    46    25
(relay)    38    38    25812.18    25    25812.1    4    1
(advertise)    39    25812.38    38    25
(relay)    32    32    25818.4    25    25818.27    4    1
(advertise)    39    25834.4    32    25
(relay)    32    26    25842.01    25    25828.75    2    1
(advertise)    39    25856.61    26    25
(relay)    46    47    25869.62    25    25867.86    6    1
(advertise)    39    25878.02    47    25
(relay)    40    40    25895.44    25    25894.49    6    1
(advertise)    39    25901.24    40    25
(relay)    32    18    25905.65    25    25889.63    2    1
(generate)    39    25916.85    [24]    25
(advertise)    39    25924.26    18    25
(relay)    38    21    25942.88    25    25906.12    4    1
(advertise)    39    25946.88    21    25
(relay)    38    15    25968.89    25    25937.71    2    1
(advertise)    39    25969.29    15    25
(relay)    38    30    25988.9    25    25970.13    2    1
(advertise)    39    25992.1    30    25
(relay)    38    22    26012.31    25    25958.46    2    1
(advertise)    39    26013.71    22    25
(relay)    32    6    26019.33    25    25962.06    2    1
(advertise)    39    26034.73    6    25
(relay)    38    29    26036.34    26    26011.85    2    1
(advertise)    39    26056.54    29    26
(relay)    40    12    26065.95    26    26041.77    2    1
(advertise)    39    26078.55    12    26
(relay)    38    7    26187.17    26    26183.55    2    1
(advertise)    39    26187.37    7    26
(relay)    32    25    26212.78    26    26211.33    2    1
(advertise)    39    26212.98    25    26
(relay)    38    28    26217.39    26    26213.2    4    1
(advertise)    39    26234.79    28    26
(relay)    32    14    26260.81    26    26212.67    4    1
(advertise)    39    26261.01    14    26
(relay)    46    48    26285.82    26    26284.27    6    1
(advertise)    39    26287.42    48    26
(relay)    40    41    26308.83    26    26307.36    6    1
(advertise)    39    26310.63    41    26
(relay)    38    31    26334.24    26    26329.75    2    1
(advertise)    39    26334.64    31    26
(relay)    32    27    26355.46    26    26311.98    2    1
(advertise)    39    26357.26    27    26
(relay)    46    42    26378.47    26    26359.14    4    1
(relay)    32    5    26379.67    26    26305.4    2    2
(advertise)    39    26380.27    42    26
(relay)    40    33    26402.48    26    26381.57    4    2
(relay)    46    35    26402.88    26    26381.44    2    3
(advertise)    39    26403.68    5    26
(relay)    38    45    26409.1    26    26406.86    4    3
(advertise)    39    26425.7    33    26
(relay)    32    11    26442.71    26    26325.03    2    3
(relay)    40    13    26445.11    27    26374    120    4
(advertise)    39    26448.11    35    26
(advertise)    39    26471.12    45    26
(advertise)    39    26493.74    11    26
(relay)    46    43    26504.55    26    26500.82    4    2
(advertise)    39    26514.95    13    27
(relay)    40    34    26518.76    26    26515.29    4    2
(advertise)    39    26537.56    43    26
(advertise)    39    26560.17    34    26
(relay)    46    44    26666.19    26    26663.59    4    1
(advertise)    39    26666.39    44    26
(relay)    46    20    26704.8    27    26700    121    1
(advertise)    39    26705.0    20    27
(relay)    38    36    26734.61    26    26723.1    4    1
(advertise)    39    26734.81    36    26
(relay)    46    46    26776.83    26    26775.75    6    1
(advertise)    39    26777.03    46    26
(relay)    38    38    26812.24    26    26812.23    4    1
(advertise)    39    26812.44    38    26
(relay)    32    32    26818.45    26    26818.43    4    1
(advertise)    39    26833.85    32    26
(relay)    32    26    26858.67    26    26828.82    2    1
(advertise)    39    26858.87    26    26
(relay)    46    47    26870.28    26    26867.96    6    1
(advertise)    39    26880.88    47    26
(relay)    40    40    26894.69    26    26894.59    6    1
(advertise)    39    26901.89    40    26
(generate)    39    26916.9    [24]    26
(relay)    38    21    26944.12    26    26906.22    4    1
(advertise)    39    26944.32    21    26
(relay)    32    30    26975.93    26    26970.29    2    1
(advertise)    39    26976.13    30    26
(relay)    32    15    26997.94    26    26938.53    2    1
(advertise)    39    26998.34    15    26
(relay)    32    22    27020.56    26    26958.55    2    1
(advertise)    39    27021.56    22    26
(relay)    32    29    27042.97    27    27011.87    2    1
(advertise)    39    27045.97    29    27
(relay)    32    12    27096.98    27    27041.88    2    1
(advertise)    39    27097.18    12    27
(relay)    38    7    27186.6    27    27183.63    2    1
(advertise)    39    27186.8    7    27
(relay)    32    25    27213.41    27    27211.45    2    1
(advertise)    39    27213.61    25    27
(relay)    38    28    27217.42    27    27213.23    4    1
(advertise)    39    27237.02    28    27
(relay)    38    14    27241.23    27    27212.72    4    1
(advertise)    39    27259.63    14    27
(relay)    40    48    27286.65    27    27284.44    6    1
(advertise)    39    27287.25    48    27
(relay)    40    41    27310.86    27    27307.44    6    1
(advertise)    39    27311.26    41    27
(relay)    40    27    27334.07    27    27312.08    2    1
(advertise)    39    27334.27    27    27
(relay)    32    31    27336.09    27    27329.8    2    1
(advertise)    39    27355.29    31    27
(relay)    32    37    27358.1    27    27354.6    2    1
(advertise)    39    27376.5    37    27
(relay)    38    42    27380.51    27    27359.19    4    1
(relay)    32    19    27381.91    27    27323.92    2    2
(relay)    40    33    27383.11    27    27381.62    4    3
(advertise)    39    27397.51    42    27
(relay)    38    35    27403.33    27    27381.54    4    3
(advertise)    39    27418.93    19    27
(relay)    38    45    27425.34    27    27407.0    4    3
(advertise)    39    27441.14    33    27
(relay)    32    11    27448.55    27    27325.19    2    3
(relay)    40    13    27452.35    28    27374    120    4
(advertise)    39    27463.55    35    27
(advertise)    39    27485.76    45    27
(relay)    38    43    27503.78    27    27500.95    4    3
(advertise)    39    27507.58    11    27
(relay)    40    34    27518.19    27    27515.47    4    3
(advertise)    39    27528.79    13    28
(advertise)    39    27551.4    43    27
(advertise)    39    27574.02    34    27
(relay)    46    44    27666.23    27    27663.65    4    1
(advertise)    39    27666.43    44    27
(relay)    46    20    27701.64    28    27700    121    1
(advertise)    39    27701.84    20    28
(relay)    46    36    27728.46    27    27723.19    2    1
(advertise)    39    27728.66    36    27
(relay)    46    46    27776.87    27    27775.82    6    1
(advertise)    39    27777.07    46    27
(relay)    38    38    27812.48    27    27812.35    4    1
(advertise)    39    27812.68    38    27
(relay)    32    32    27818.49    27    27818.44    4    1
(advertise)    39    27834.89    32    27
(relay)    32    26    27860.51    27    27828.91    2    1
(advertise)    39    27861.31    26    27
(relay)    38    47    27871.72    27    27868.04    4    1
(advertise)    39    27883.72    47    27
(relay)    40    40    27894.73    27    27894.63    6    1
(advertise)    39    27904.93    40    27
(generate)    39    27916.95    [24]    27
(relay)    32    18    27924.56    27    27889.93    2    1
(advertise)    39    27926.76    18    27
(relay)    38    21    27942.57    27    27906.3    4    1
(advertise)    39    27948.57    21    27
(relay)    38    15    27969.19    27    27938.53    2    1
(advertise)    39    27970.59    15    27
(relay)    38    30    27992.8    27    27970.48    2    1
(advertise)    39    27993.6    30    27
(relay)    38    22    28014.61    27    27958.62    2    1
(advertise)    39    28016.41    22    27
(relay)    38    29    28036.42    28    28012.05    2    1
(advertise)    39    28038.02    29    28
(heartbeat)    24    7    28025.28    39    28056.04    3    5
(advertise)    39    28060.04    24    7
(relay)    40    12    28109.45    28    28041.97    2    1
(advertise)    39    28109.65    12    28
(relay)    32    7    28189.26    28    28183.74    2    1
(advertise)    39    28189.46    7    28
(relay)    32    25    28214.48    28    28211.55    2    1
(advertise)    39    28214.68    25    28
(relay)    38    28    28219.09    28    28213.27    8    1
(advertise)    39    28236.69    28    28
(relay)    38    14    28263.1    28    28212.75    2    1
(advertise)    39    28263.5    14    28
(relay)    40    48    28286.72    28    28284.61    6    1
(advertise)    39    28286.92    48    28
(relay)    40    41    28310.13    28    28307.54    6    1
(advertise)    39    28311.53    41    28
(relay)    40    27    28332.54    28    28312.56    2    1
(relay)    32    31    28332.94    28    28329.88    2    2
(advertise)    39    28333.94    27    28
(advertise)    39    28354.95    31    28
(relay)    38    37    28357.77    28    28354.61    4    1
(relay)    40    5    28358.97    28    28305.63    2    2
(advertise)    39    28376.97    37    28
(relay)    38    42    28381.98    28    28359.23    6    2
(advertise)    39    28398.18    5    28
(relay)    38    35    28406.39    28    28381.66    6    2
(relay)    46    45    28409.39    28    28407.18    6    3
(relay)    32    33    28419.39    28    28381.8    4    4
(advertise)    39    28420.39    42    28
(advertise)    39    28443.61    35    28
(advertise)    39    28465.82    45    28
(advertise)    39    28487.03    33    28
(relay)    46    43    28503.85    28    28501.07    6    1
(advertise)    39    28509.45    43    28
(relay)    40    34    28526.66    28    28515.55    4    1
(advertise)    39    28530.66    34    28
(relay)    38    44    28667.07    28    28663.76    4    1
(advertise)    39    28667.27    44    28
(relay)    40    20    28701.88    29    28700    123    1
(advertise)    39    28702.08    20    29
(relay)    38    36    28730.1    28    28723.28    6    1
(advertise)    39    28730.3    36    28
(relay)    46    46    28776.91    28    28775.88    6    1
(advertise)    39    28777.11    46    28
(relay)    38    38    28813.12    28    28812.49    4    1
(advertise)    39    28813.32    38    28
(relay)    32    32    28819.14    28    28818.58    4    1
(advertise)    39    28836.54    32    28
(relay)    32    26    28844.15    28    28829.07    2    1
(advertise)    39    28859.55    26    28
(relay)    46    47    28870.36    28    28868.15    6    1
(advertise)    39    28881.56    47    28
(relay)    40    40    28894.78    28    28894.74    6    1
(advertise)    39    28903.18    40    28
(relay)    32    18    28904.99    28    28889.94    2    1
(generate)    39    28916.99    [24]    28
(advertise)    39    28925.0    18    28
(relay)    38    21    28942.81    28    28906.4    6    1
(advertise)    39    28946.61    21    28
(relay)    38    15    28966.63    28    28938.72    6    1
(advertise)    39    28969.03    15    28
(relay)    38    30    28989.44    28    28970.67    2    1
(advertise)    39    28992.04    30    28
(relay)    40    6    29003.45    28    28962.1    2    1
(relay)    38    22    29012.65    28    28959.09    6    2
(advertise)    39    29015.05    6    28
(relay)    38    29    29036.87    29    29012.06    8    2
(advertise)    39    29037.47    22    28
(advertise)    39    29060.88    29    29
(relay)    32    12    29099.89    29    29042.06    2    1
(advertise)    39    29100.09    12    29
(relay)    38    7    29190.51    29    29183.84    2    1
(advertise)    39    29190.71    7    29
(relay)    32    25    29214.12    29    29211.84    2    1
(advertise)    39    29215.12    25    29
(relay)    38    28    29218.13    29    29213.29    8    1
(advertise)    39    29238.53    28    29
(relay)    40    48    29287.74    29    29284.67    6    1
(advertise)    39    29287.94    48    29
(relay)    46    41    29311.56    29    29307.71    4    1
(advertise)    39    29311.96    41    29
(relay)    40    27    29332.77    29    29312.7    2    1
(advertise)    39    29333.17    27    29
(relay)    38    31    29334.78    29    29329.96    2    1
(advertise)    39    29355.78    31    29
(relay)    38    37    29357.2    29    29354.62    4    1
(advertise)    39    29377.2    37    29
(relay)    38    42    29381.21    29    29359.25    6    1
(relay)    40    33    29384.81    29    29382.64    4    2
(advertise)    39    29398.21    42    29
(relay)    38    35    29404.82    29    29381.75    8    2
(advertise)    39    29420.22    33    29
(relay)    32    11    29423.24    29    29325.24    2    2
(relay)    38    45    29426.24    29    29407.33    6    3
(advertise)    39    29442.24    35    29
(advertise)    39    29463.25    11    29
(advertise)    39    29485.26    45    29
(relay)    40    34    29516.47    29    29515.61    4    1
(advertise)    39    29516.67    34    29
(relay)    38    44    29666.29    29    29663.86    4    1
(advertise)    39    29666.49    44    29
(relay)    32    20    29701.7    30    29700    123    1
(advertise)    39    29701.9    20    30
(relay)    38    36    29729.31    29    29723.36    6    1
(advertise)    39    29729.51    36    29
(relay)    46    46    29776.13    29    29775.97    6    1
(advertise)    39    29776.33    46    29
(relay)    38    38    29813.14    29    29812.63    4    1
(advertise)    39    29813.34    38    29
(relay)    32    32    29819.35    29    29818.74    4    1
(advertise)    39    29834.55    32    29
(relay)    32    26    29843.97    29    29829.16    2    1
(advertise)    39    29856.57    26    29
(relay)    38    47    29869.18    29    29868.28    4    1
(advertise)    39    29877.78    47    29
(relay)    40    40    29895.39    29    29894.85    6    1
(advertise)    39    29899.79    40    29
(generate)    39    29917.0    [24]    29
(relay)    32    18    29924.42    29    29890.13    2    1
(advertise)    39    29925.42    18    29
(relay)    38    21    29942.83    29    29906.49    6    1
(advertise)    39    29947.43    21    29
(relay)    46    15    29968.24    29    29938.73    6    1
(advertise)    39    29968.64    15    29
(relay)    46    22    29991.06    29    29959.17    6    1
(advertise)    39    29992.66    22    29
