(relay)    43    13    380.0    1    374    117    1
(advertise)    44    380.2    13    1
(relay)    43    20    711.01    1    700    116    1
(advertise)    44    711.21    20    1
(relay)    43    4    1005.83    2    1000.04    118    1
(advertise)    44    1006.03    4    2
(relay)    43    29    1027.44    1    1009.04    125    1
(advertise)    44    1027.84    29    1
(relay)    37    12    1056.25    1    1040.05    120    1
(advertise)    44    1056.65    12    1
(relay)    43    7    1185.67    1    1181.07    121    1
(advertise)    44    1185.87    7    1
(relay)    37    3    1209.48    1    1195.08    121    1
(advertise)    44    1209.68    3    1
(relay)    37    23    1232.49    1    1217.09    125    1
(advertise)    44    1232.69    23    1
(relay)    43    28    1234.3    1    1211.09    124    1
(advertise)    44    1253.9    28    1
(relay)    37    14    1276.52    1    1210.09    122    1
(advertise)    44    1276.72    14    1
(relay)    45    48    1326.53    1    1280.1    124    1
(advertise)    44    1326.73    48    1
(relay)    45    31    1350.14    1    1327.56    125    1
(advertise)    44    1350.34    31    1
(relay)    37    37    1352.36    1    1351.36    127    1
(relay)    45    41    1370.36    1    1305.13    123    2
(advertise)    44    1372.76    37    1
(advertise)    44    1393.77    41    1
(relay)    43    5    1397.98    1    1303.12    115    1
(relay)    45    45    1402.78    1    1402.2    127    2
(relay)    37    27    1413.38    1    1307.13    121    3
(advertise)    44    1415.98    5    1
(advertise)    44    1437.2    45    1
(relay)    43    19    1442.41    1    1320.14    115    2
(advertise)    44    1459.21    27    1
(advertise)    44    1481.02    19    1
(relay)    45    33    1485.03    1    1377.18    123    1
(relay)    43    43    1498.63    1    1498.03    127    2
(advertise)    44    1502.03    33    1
(relay)    45    16    1523.45    1    1426.2    122    2
(advertise)    44    1524.05    43    1
(relay)    43    35    1530.06    1    1374.16    123    2
(advertise)    44    1546.66    16    1
(advertise)    44    1569.07    35    1
(relay)    45    11    1588.49    1    1321.13    119    1
(relay)    37    13    1592.09    2    1374    119    2
(advertise)    44    1592.69    11    1
(advertise)    44    1614.1    13    2
(relay)    45    34    1634.91    1    1512.06    122    1
(advertise)    44    1637.31    34    1
(relay)    37    10    1659.53    1    1520.06    118    1
(advertise)    44    1660.93    10    1
(generate)    44    1662.14    [24]    1
(relay)    37    17    1703.75    1    1605.11    121    1
(advertise)    44    1703.95    17    1
(relay)    37    2    1725.96    1    1611.11    122    1
(advertise)    44    1726.96    2    1
(relay)    43    36    1749.38    1    1721.15    126    1
(advertise)    44    1750.38    36    1
(relay)    37    0    1773.19    1    1661.07    118    1
(advertise)    44    1774.59    0    1
(relay)    37    20    1799.0    2    1700    118    1
(advertise)    44    1799.2    20    2
(relay)    37    38    1819.02    1    1810.02    126    1
(advertise)    44    1821.42    38    1
(relay)    43    1    1838.23    1    1738.16    119    1
(advertise)    44    1845.83    1    1
(relay)    37    26    1863.24    1    1827.04    120    1
(relay)    45    32    1867.84    1    1815.03    124    2
(advertise)    44    1868.24    26    1
(advertise)    44    1889.66    32    1
(relay)    37    47    1909.27    1    1866.07    123    1
(advertise)    44    1910.67    47    1
(relay)    37    39    1931.88    1    1913.09    125    1
(advertise)    44    1932.68    39    1
(relay)    43    21    1949.89    1    1904.07    123    1
(advertise)    44    1953.69    21    1
(relay)    45    40    1955.91    1    1893.08    124    1
(advertise)    44    1974.71    40    1
(relay)    37    30    1977.32    1    1965.11    126    1
(relay)    45    18    1978.12    1    1886.28    118    2
(advertise)    44    1996.12    30    1
(relay)    43    22    2016.73    1    1954.29    124    2
(advertise)    44    2017.53    18    1
(relay)    37    15    2021.35    1    1932.08    123    2
(relay)    45    8    2021.55    1    1907.07    116    3
(advertise)    44    2038.95    22    1
(advertise)    44    2062.16    15    1
(advertise)    44    2084.77    8    1
(relay)    45    6    2109.79    1    1961.0    116    1
(advertise)    44    2110.39    6    1
(relay)    45    9    2130.8    1    1998.13    117    1
(advertise)    44    2133.6    9    1
(relay)    45    29    2153.61    2    2009.13    123    1
(advertise)    44    2155.21    29    2
(relay)    45    4    2173.82    3    2000.15    118    1
(advertise)    44    2177.42    4    3
(relay)    45    12    2196.24    2    2040.16    120    1
(advertise)    44    2199.84    12    2
(relay)    45    7    2220.05    2    2181.21    115    1
(advertise)    44    2221.25    7    2
(relay)    45    25    2244.06    2    2207.06    121    1
(relay)    37    23    2244.46    2    2217.25    125    2
(advertise)    44    2245.26    25    2
(relay)    43    28    2261.28    2    2211.25    124    2
(relay)    45    14    2267.08    2    2210.25    116    3
(advertise)    44    2268.08    23    2
(advertise)    44    2289.69    28    2
(advertise)    44    2311.7    14    2
(relay)    37    3    2331.72    2    2195.25    121    1
(advertise)    44    2332.72    3    2
(relay)    37    37    2351.53    2    2351.53    127    1
(relay)    37    31    2352.93    2    2327.74    125    2
(advertise)    44    2354.13    37    2
(relay)    45    48    2355.94    2    2280.29    124    2
(relay)    43    42    2368.94    2    2352.32    126    3
(advertise)    44    2377.54    31    2
(relay)    37    35    2382.55    2    2374.33    123    3
(advertise)    44    2399.95    48    2
(relay)    45    45    2402.97    2    2402.38    127    3
(advertise)    44    2421.17    42    2
(advertise)    44    2442.78    35    2
(relay)    45    27    2445.19    2    2307.29    121    2
(relay)    37    19    2449.39    2    2320.32    121    3
(advertise)    44    2464.19    45    2
(advertise)    44    2487.81    27    2
(relay)    37    5    2494.82    2    2303.29    119    2
(relay)    43    43    2499.22    2    2498.21    127    3
(advertise)    44    2511.62    19    2
(relay)    45    33    2532.43    2    2377.35    123    3
(advertise)    44    2533.43    5    2
(relay)    37    41    2539.24    2    2305.32    121    3
(relay)    43    11    2543.44    2    2321.32    119    4
(advertise)    44    2554.44    43    2
(advertise)    44    2577.46    33    2
(advertise)    44    2599.67    41    2
(advertise)    44    2621.48    11    2
(relay)    43    16    2634.7    2    2426.38    116    1
(relay)    37    34    2644.1    2    2512.23    122    2
(advertise)    44    2644.5    16    2
(relay)    43    10    2656.51    2    2520.24    120    2
(generate)    44    2662.31    [24]    2
(advertise)    44    2665.52    34    2
(advertise)    44    2687.54    10    2
(relay)    45    17    2711.15    2    2605.28    119    1
(advertise)    44    2711.55    17    2
(relay)    45    20    2750.36    3    2700    120    1
(advertise)    44    2750.56    20    3
(relay)    37    36    2755.97    2    2721.35    126    1
(advertise)    44    2771.97    36    2
(relay)    45    2    2773.79    2    2611.27    118    1
(advertise)    44    2795.59    2    2
(relay)    45    46    2818.0    2    2774.2    126    1
(advertise)    44    2819.0    46    2
(relay)    37    38    2822.01    2    2810.2    126    1
(advertise)    44    2840.01    38    2
(relay)    45    1    2862.43    2    2738.31    117    1
(advertise)    44    2863.03    1    2
(relay)    45    32    2883.84    2    2815.21    124    1
(advertise)    44    2885.24    32    2
(relay)    43    0    2887.65    2    2661.18    118    1
(relay)    45    47    2905.85    2    2866.25    125    2
(advertise)    44    2907.05    0    2
(advertise)    44    2929.27    47    2
(relay)    43    26    2931.48    2    2827.21    120    1
(advertise)    44    2950.68    26    2
(relay)    45    40    2972.09    2    2893.27    124    1
(advertise)    44    2972.89    40    2
(relay)    37    18    2976.7    2    2886.45    120    1
(relay)    45    39    2992.7    2    2913.28    125    2
(advertise)    44    2997.1    18    2
(relay)    37    21    2998.72    2    2904.25    123    2
(advertise)    44    3019.52    39    2
(advertise)    44    3040.53    21    2
(relay)    37    30    3045.14    2    2966.3    126    1
(advertise)    44    3063.54    30    2
(relay)    43    29    3065.96    3    3009.32    125    1
(relay)    45    8    3079.96    2    2907.23    116    2
(advertise)    44    3085.16    29    3
(relay)    37    22    3089.57    2    2954.48    124    2
(advertise)    44    3108.97    8    2
(relay)    37    15    3112.78    2    2932.27    123    2
(advertise)    44    3132.18    22    2
(advertise)    44    3155.2    15    2
(relay)    45    4    3172.01    4    3000.29    118    1
(relay)    43    9    3175.41    2    2998.3    121    2
(advertise)    44    3178.21    4    4
(advertise)    44    3201.42    9    2
(relay)    45    6    3218.23    2    2961.01    118    1
(advertise)    44    3223.63    6    2
(relay)    45    28    3241.45    3    3211.43    122    1
(advertise)    44    3247.85    28    3
(relay)    45    14    3263.46    3    3211.23    120    1
(advertise)    44    3270.06    14    3
(relay)    45    12    3286.87    3    3040.34    118    1
(relay)    43    23    3289.27    3    3217.43    123    2
(advertise)    44    3292.07    12    3
(relay)    45    25    3308.69    3    3207.23    123    2
(advertise)    44    3313.09    23    3
(relay)    37    7    3332.3    3    3181.37    121    2
(advertise)    44    3334.3    25    3
(relay)    37    37    3351.71    3    3351.71    127    2
(advertise)    44    3357.31    7    3
(relay)    45    31    3376.33    3    3327.93    125    2
(relay)    43    42    3376.53    3    3352.51    126    3
(relay)    37    3    3376.93    3    3195.43    121    4
(advertise)    44    3380.33    37    3
(advertise)    44    3402.14    31    3
(relay)    45    45    3403.55    3    3402.56    127    3
(relay)    45    48    3421.55    3    3280.66    122    4
(advertise)    44    3423.95    42    3
(relay)    43    35    3441.76    3    3374.53    125    4
(advertise)    44    3448.16    3    3
(advertise)    44    3471.98    45    3
(relay)    43    19    3488.19    3    3320.51    117    3
(relay)    45    41    3490.79    3    3305.5    121    4
(advertise)    44    3493.19    48    3
(relay)    43    43    3499.4    3    3498.4    127    4
(relay)    45    27    3511.8    3    3307.46    121    5
(advertise)    44    3516.2    35    3
(advertise)    44    3540.22    19    3
(advertise)    44    3562.63    41    3
(advertise)    44    3586.64    43    3
(relay)    43    11    3597.86    3    3321.49    117    2
(relay)    37    5    3601.46    3    3303.45    119    3
(advertise)    44    3607.86    27    3
(relay)    43    16    3626.27    3    3426.55    120    3
(advertise)    44    3630.07    11    3
(relay)    37    33    3646.28    3    3377.54    123    3
(advertise)    44    3653.68    5    3
(generate)    44    3662.49    [24]    3
(advertise)    44    3676.51    16    3
(relay)    45    13    3686.72    4    3374    117    2
(relay)    37    34    3691.72    3    3512.4    122    3
(advertise)    44    3699.12    33    3
(advertise)    44    3721.33    13    4
(relay)    43    36    3735.95    3    3721.55    126    2
(advertise)    44    3742.75    34    3
(relay)    37    10    3757.96    3    3520.42    120    2
(advertise)    44    3765.16    36    3
(advertise)    44    3787.17    10    3
(relay)    37    17    3801.39    3    3605.47    123    1
(advertise)    44    3809.39    17    3
(relay)    45    46    3813.4    3    3774.37    126    1
(relay)    37    38    3823.2    3    3810.39    126    2
(relay)    43    0    3829.6    3    3661.34    120    3
(advertise)    44    3831.4    46    3
(relay)    37    20    3845.41    4    3700    118    3
(advertise)    44    3853.41    38    3
(advertise)    44    3876.42    0    3
(relay)    43    2    3896.24    3    3611.46    120    2
(advertise)    44    3897.44    20    4
(relay)    37    32    3912.25    3    3815.41    124    2
(advertise)    44    3919.05    2    3
(advertise)    44    3941.06    32    3
(relay)    45    26    3950.28    3    3827.4    122    1
(advertise)    44    3962.08    26    3
(relay)    37    1    3980.09    3    3738.51    121    1
(advertise)    44    3983.49    1    3
(relay)    45    39    3994.5    3    3913.46    125    1
(relay)    37    30    4002.7    3    3966.49    126    2
(advertise)    44    4005.7    39    3
(relay)    43    21    4008.52    3    3904.42    123    2
(advertise)    44    4027.32    30    3
(relay)    45    40    4039.13    3    3893.45    124    2
(advertise)    44    4049.33    21    3
(relay)    43    22    4051.94    3    3955.68    124    2
(advertise)    44    4072.54    40    3
(advertise)    44    4094.75    22    3
(relay)    43    29    4096.17    4    4009.52    125    1
(relay)    45    18    4103.37    3    3886.62    116    2
(advertise)    44    4117.17    29    4
(relay)    37    47    4132.58    3    3866.44    123    2
(advertise)    44    4138.98    18    3
(relay)    43    15    4140.19    3    3932.45    123    2
(advertise)    44    4160.59    47    3
(relay)    45    8    4167.61    3    3907.42    118    2
(advertise)    44    4181.61    15    3
(heartbeat)    24    1    4025.2    44    4192.22    127    0
(advertise)    44    4203.22    8    3
(advertise)    44    4224.23    24    1
(relay)    37    9    4241.85    3    3998.49    123    1
(advertise)    44    4245.45    9    3
(relay)    43    6    4252.26    3    3961.03    116    1
(advertise)    44    4267.66    6    3
(relay)    37    23    4286.27    4    4217.62    1    1
(relay)    43    28    4296.87    4    4211.63    3    1
(advertise)    44    4297.07    28    4
(relay)    45    4    4301.48    5    4000.49    120    1
(advertise)    44    4318.88    4    5
(relay)    45    12    4344.1    4    4040.54    118    1
(advertise)    44    4344.5    12    4
(relay)    37    14    4350.31    4    4211.42    1    1
(relay)    37    37    4351.91    4    4351.72    5    1
(advertise)    44    4366.31    37    4
(relay)    43    42    4384.32    4    4352.7    7    1
(advertise)    44    4387.52    42    4
(relay)    45    41    4390.94    4    4305.7    3    1
(relay)    37    31    4394.74    4    4328.08    1    2
(relay)    45    45    4403.74    4    4402.75    5    3
(relay)    43    7    4408.54    4    4181.57    121    4
(advertise)    44    4408.74    41    4
(relay)    45    48    4412.95    4    4280.82    3    3
(advertise)    44    4430.75    45    4
(advertise)    44    4454.56    7    4
(relay)    43    35    4475.98    4    4374.71    5    2
(advertise)    44    4476.18    48    4
(relay)    45    27    4478.19    4    4307.63    1    2
(advertise)    44    4498.19    35    4
(relay)    45    34    4569.8    4    4512.59    1    1
(relay)    37    43    4571.4    4    4498.6    5    1
(advertise)    44    4571.6    43    4
(relay)    37    16    4594.01    4    4426.74    1    1
(relay)    37    33    4614.61    4    4377.72    1    1
(generate)    44    4662.61    [24]    4
(relay)    45    20    4704.83    5    4700    120    1
(advertise)    44    4705.03    20    5
(relay)    43    36    4728.24    4    4721.64    5    1
(advertise)    44    4728.44    36    4
(relay)    45    46    4776.65    4    4774.48    5    1
(advertise)    44    4776.85    46    4
(relay)    37    0    4778.07    4    4661.43    1    1
(relay)    45    38    4811.27    4    4810.45    3    1
(advertise)    44    4811.47    38    4
(relay)    45    32    4834.28    4    4815.54    1    1
(relay)    45    47    4869.68    4    4866.53    5    1
(advertise)    44    4869.88    47    4
(relay)    45    40    4895.49    4    4893.52    3    1
(advertise)    44    4895.69    40    4
(relay)    45    39    4917.71    4    4913.64    3    1
(advertise)    44    4917.91    39    4
(relay)    37    21    4936.52    4    4904.47    1    1
(relay)    45    30    4974.32    4    4966.6    1    1
(relay)    37    22    5007.32    4    4955.71    1    1
(relay)    43    29    5010.92    5    5009.66    3    1
(advertise)    44    5011.12    29    5
(relay)    45    12    5050.93    5    5040.56    1    1
(relay)    43    7    5184.33    5    5181.57    1    1
(relay)    43    28    5215.13    5    5211.73    3    1
(advertise)    44    5215.33    28    5
(relay)    37    23    5237.14    5    5217.82    1    1
(relay)    43    14    5237.94    5    5211.53    1    1
(relay)    45    48    5283.14    5    5280.87    5    1
(advertise)    44    5283.34    48    5
(relay)    45    41    5311.16    5    5305.81    3    1
(advertise)    44    5311.36    41    5
(relay)    45    31    5331.77    5    5328.2    1    1
(relay)    37    37    5351.77    5    5351.77    5    1
(advertise)    44    5351.97    37    5
(relay)    37    42    5376.98    5    5353.73    5    1
(advertise)    44    5377.38    42    5
(relay)    43    35    5400.6    5    5375.65    5    1
(advertise)    44    5401.0    35    5
(relay)    37    33    5402.21    5    5378.38    1    1
(relay)    45    45    5403.81    5    5402.9    5    1
(advertise)    44    5422.61    45    5
(relay)    45    13    5425.62    6    5374    117    1
(advertise)    44    5445.82    13    6
(relay)    43    43    5499.64    5    5498.69    7    1
(advertise)    44    5499.84    43    5
(relay)    45    34    5530.45    5    5512.77    1    1
(generate)    44    5662.65    [24]    5
(relay)    43    36    5722.46    5    5721.67    5    1
(advertise)    44    5722.66    36    5
(relay)    37    1    5750.07    5    5738.67    1    1
(relay)    45    46    5775.87    5    5774.67    5    1
(advertise)    44    5776.07    46    5
(relay)    45    38    5811.29    5    5810.51    3    1
(advertise)    44    5811.49    38    5
(relay)    45    32    5833.7    5    5815.67    1    1
(relay)    37    26    5859.3    5    5827.46    1    1
(relay)    45    47    5881.3    5    5866.55    5    1
(advertise)    44    5881.5    47    5
(relay)    37    40    5905.51    5    5893.55    3    1
(advertise)    44    5905.91    40    5
(relay)    45    39    5928.73    5    5913.79    3    1
(advertise)    44    5929.13    39    5
(relay)    37    21    5954.94    5    5904.54    1    1
(relay)    37    30    5976.14    5    5966.76    3    1
(advertise)    44    5976.34    30    5
(relay)    43    29    6011.35    6    6009.66    3    1
(advertise)    44    6011.55    29    6
(relay)    37    22    6036.57    5    5955.77    1    1
(relay)    45    12    6069.17    6    6040.59    1    1
(relay)    43    7    6184.37    6    6181.67    1    1
(relay)    43    28    6214.97    6    6211.77    3    1
(advertise)    44    6215.17    28    6
(relay)    37    23    6236.58    6    6217.89    1    1
(relay)    43    14    6238.38    6    6211.55    1    1
(relay)    45    48    6283.58    6    6281.05    5    1
(advertise)    44    6283.78    48    6
(relay)    45    41    6310.59    6    6305.86    3    1
(advertise)    44    6310.79    41    6
(relay)    37    31    6330.8    6    6328.22    1    1
(relay)    37    37    6352.4    6    6351.93    5    1
(advertise)    44    6352.6    37    6
(relay)    43    42    6375.62    6    6353.91    7    1
(advertise)    44    6377.62    42    6
(relay)    43    35    6398.43    6    6375.96    5    1
(advertise)    44    6401.03    35    6
(relay)    45    45    6404.84    6    6403.81    5    1
(advertise)    44    6422.64    45    6
(relay)    45    33    6426.06    6    6378.5    1    1
(relay)    45    13    6450.66    7    6374    119    1
(advertise)    44    6450.86    13    7
(relay)    43    43    6498.87    6    6498.76    7    1
(advertise)    44    6499.07    43    6
(relay)    45    34    6536.48    6    6512.94    1    1
(generate)    44    6662.68    [24]    6
(relay)    45    20    6703.9    7    6700    120    1
(advertise)    44    6704.1    20    7
(relay)    37    36    6726.11    6    6721.75    5    1
(advertise)    44    6727.11    36    6
(relay)    37    1    6760.32    6    6738.76    1    1
(relay)    45    46    6775.92    6    6774.72    5    1
(advertise)    44    6776.12    46    6
(relay)    43    38    6812.33    6    6810.64    1    1
(relay)    45    32    6834.93    6    6815.79    1    1
(relay)    37    26    6859.13    6    6827.5    1    1
(relay)    45    47    6881.53    6    6866.61    5    1
(advertise)    44    6881.73    47    6
(relay)    37    40    6904.95    6    6893.6    1    1
(relay)    43    21    6907.35    6    6904.65    1    1
(relay)    37    39    6952.95    6    6913.95    1    1
(relay)    45    30    6973.75    6    6966.9    1    1
(relay)    37    15    6996.95    6    6932.63    1    1
(relay)    43    29    7012.15    7    7009.69    3    1
(advertise)    44    7012.35    29    7
(relay)    37    22    7018.96    6    6955.84    1    1
(relay)    37    9    7112.56    6    6998.79    1    1
(relay)    37    7    7185.76    7    7181.77    1    1
(relay)    45    28    7217.56    7    7211.8    1    1
(relay)    37    23    7236.76    7    7218.01    1    1
(relay)    43    14    7257.56    7    7211.57    1    1
(relay)    45    48    7284.56    7    7281.2    5    1
(advertise)    44    7284.76    48    7
(relay)    37    41    7311.17    7    7305.89    3    1
(advertise)    44    7311.37    41    7
(relay)    37    31    7333.59    7    7328.28    1    1
(relay)    37    37    7352.59    7    7351.95    5    1
(advertise)    44    7352.79    37    7
(relay)    45    27    7356.6    7    7307.88    1    1
(relay)    43    42    7375.6    7    7354.11    7    1
(advertise)    44    7376.0    42    7
(relay)    43    35    7400.01    7    7376.07    5    1
(advertise)    44    7400.41    35    7
(relay)    45    45    7404.03    7    7403.92    5    1
(advertise)    44    7423.43    45    7
(relay)    43    13    7451.84    8    7374    117    1
(advertise)    44    7452.04    13    8
(relay)    37    16    7490.65    7    7427.09    1    1
(relay)    43    43    7498.85    7    7498.83    7    1
(advertise)    44    7499.05    43    7
(relay)    37    33    7533.86    7    7378.65    1    1
(relay)    45    34    7548.26    7    7513.12    1    1
(relay)    37    2    7631.06    7    7611.61    1    1
(generate)    44    7662.86    [24]    7
(relay)    43    0    7687.88    7    7661.48    1    1
(relay)    45    20    7703.48    8    7700    120    1
(advertise)    44    7703.68    20    8
(relay)    37    36    7732.29    7    7721.81    5    1
(advertise)    44    7732.49    36    7
(relay)    45    46    7775.1    7    7774.77    5    1
(advertise)    44    7775.3    46    7
(relay)    45    38    7811.92    7    7810.72    3    1
(advertise)    44    7812.12    38    7
(relay)    45    32    7835.53    7    7815.92    1    1
(relay)    37    26    7859.53    7    7827.54    1    1
(relay)    45    47    7882.73    7    7866.67    5    1
(advertise)    44    7882.93    47    7
(relay)    45    40    7904.34    7    7893.63    3    1
(advertise)    44    7905.94    40    7
(relay)    45    39    7926.96    7    7914.14    3    1
(advertise)    44    7927.56    39    7
(relay)    37    21    7948.77    7    7904.74    1    1
(relay)    37    30    7971.37    7    7966.93    3    1
(advertise)    44    7971.57    30    7
(relay)    43    15    7996.38    7    7932.66    1    1
(relay)    43    29    8019.18    8    8009.72    3    1
(advertise)    44    8019.38    29    8
(heartbeat)    24    2    8025.21    44    8043.59    4    4
(advertise)    44    8044.59    24    2
(relay)    37    22    8066.61    7    7955.91    1    1
(relay)    37    12    8089.81    8    8040.7    1    1
(relay)    37    7    8187.61    8    8181.88    1    1
(relay)    43    14    8236.81    8    8211.62    1    1
(relay)    37    23    8254.41    8    8218.14    1    1
(relay)    45    48    8285.21    8    8281.23    5    1
(advertise)    44    8285.41    48    8
(relay)    45    41    8310.82    8    8305.98    3    1
(advertise)    44    8311.22    41    8
(relay)    45    31    8333.03    8    8328.38    1    1
(relay)    37    37    8352.63    8    8352.0    5    1
(advertise)    44    8352.83    37    8
(relay)    43    42    8375.45    8    8354.36    7    1
(advertise)    44    8376.45    42    8
(relay)    43    35    8396.06    8    8376.21    5    1
(advertise)    44    8397.66    35    8
(relay)    45    45    8404.07    8    8404.05    5    1
(advertise)    44    8419.67    45    8
(relay)    45    33    8445.49    8    8378.84    1    1
(relay)    37    13    8469.29    9    8374    115    1
(advertise)    44    8469.49    13    9
(relay)    43    43    8499.1    8    8498.95    7    1
(advertise)    44    8499.3    43    8
(relay)    45    34    8527.91    8    8513.13    1    1
(generate)    44    8662.91    [24]    8
(relay)    45    20    8702.72    9    8700    120    1
(advertise)    44    8702.92    20    9
(relay)    37    36    8724.14    8    8721.92    5    1
(advertise)    44    8724.54    36    8
(relay)    37    1    8754.75    8    8738.95    1    1
(relay)    45    46    8775.35    8    8774.83    5    1
(advertise)    44    8775.55    46    8
(relay)    43    38    8813.56    8    8810.82    1    1
(relay)    45    47    8868.36    8    8866.75    5    1
(advertise)    44    8868.56    47    8
(relay)    45    40    8895.98    8    8893.64    3    1
(advertise)    44    8896.18    40    8
(relay)    45    39    8920.39    8    8914.16    3    1
(advertise)    44    8920.59    39    8
(relay)    37    30    8969.4    8    8967.08    3    1
(advertise)    44    8969.6    30    8
(relay)    37    15    8991.42    8    8933.63    1    1
(relay)    43    29    9012.02    9    9009.74    3    1
(advertise)    44    9012.22    29    9
(relay)    37    22    9013.43    8    8956.0    1    1
(relay)    43    7    9187.63    9    9181.98    1    1
(relay)    43    28    9214.83    9    9211.87    3    1
(advertise)    44    9215.03    28    9
(relay)    37    23    9238.04    9    9218.23    1    1
(relay)    45    48    9285.44    9    9281.39    5    1
(advertise)    44    9285.64    48    9
(relay)    45    41    9309.05    9    9306.02    3    1
(advertise)    44    9309.45    41    9
(relay)    45    31    9333.07    9    9328.42    1    1
(relay)    37    37    9352.67    9    9352.16    5    1
(advertise)    44    9352.87    37    9
(relay)    43    42    9378.68    9    9355.56    5    1
(advertise)    44    9379.08    42    9
(relay)    43    35    9400.69    9    9377.28    5    1
(advertise)    44    9401.49    35    9
(relay)    45    45    9404.71    9    9404.55    5    1
(advertise)    44    9422.71    45    9
(relay)    43    43    9499.32    9    9499.22    7    1
(advertise)    44    9499.52    43    9
(relay)    45    34    9527.53    9    9513.3    1    1
(relay)    37    2    9634.73    9    9611.67    1    1
(generate)    44    9662.93    [24]    9
(relay)    37    20    9703.15    10    9700    120    1
(advertise)    44    9703.35    20    10
(relay)    37    36    9725.16    9    9721.94    5    1
(advertise)    44    9725.96    36    9
(relay)    37    1    9756.17    9    9739.02    1    1
(relay)    45    46    9775.37    9    9774.85    5    1
(advertise)    44    9775.57    46    9
(relay)    45    38    9812.59    9    9810.9    3    1
(advertise)    44    9812.79    38    9
(relay)    45    32    9836.0    9    9816.18    1    1
(relay)    45    47    9868.4    9    9866.79    5    1
(advertise)    44    9868.6    47    9
(relay)    45    40    9896.41    9    9893.66    3    1
(advertise)    44    9896.61    40    9
(relay)    43    21    9919.82    9    9904.94    1    1
(relay)    45    39    9920.82    9    9914.3    3    1
(advertise)    44    9922.02    39    9
(relay)    37    8    9964.44    9    9909.02    1    1
(relay)    45    30    9987.64    9    9967.22    1    1
(relay)    37    15    10010.24    9    9934.05    1    1
(relay)    43    29    10013.44    10    10009.92    3    1
(advertise)    44    10013.64    29    10
(relay)    37    22    10031.05    9    9956.03    1    1
(relay)    43    7    10188.65    10    10182.07    1    1
(relay)    37    28    10214.65    10    10212.06    3    1
(advertise)    44    10214.85    28    10
(relay)    37    23    10238.86    10    10218.37    1    1
(relay)    37    14    10263.86    10    10211.86    1    1
(relay)    45    48    10285.46    10    10281.53    5    1
(advertise)    44    10285.66    48    10
(relay)    45    41    10308.68    10    10306.08    3    1
(advertise)    44    10308.88    41    10
(relay)    45    31    10330.69    10    10328.45    1    1
(relay)    37    37    10353.29    10    10352.36    5    1
(advertise)    44    10353.49    37    10
(relay)    43    42    10376.3    10    10356.15    7    1
(advertise)    44    10376.5    42    10
(relay)    43    35    10396.32    10    10377.36    5    1
(advertise)    44    10399.12    35    10
(relay)    45    45    10404.73    10    10404.62    5    1
(advertise)    44    10420.33    45    10
(relay)    37    33    10447.74    10    10379.16    1    1
(relay)    37    13    10468.54    11    10374    119    1
(advertise)    44    10468.74    13    11
(relay)    43    43    10499.75    10    10499.28    7    1
(advertise)    44    10499.95    43    10
(relay)    45    34    10526.17    10    10513.32    1    1
(relay)    37    2    10635.37    10    10611.7    1    1
(generate)    44    10662.97    [24]    10
(relay)    43    36    10723.78    10    10721.98    5    1
(advertise)    44    10723.98    36    10
(relay)    37    1    10753.19    10    10739.08    1    1
(relay)    45    46    10775.79    10    10775.05    5    1
(advertise)    44    10775.99    46    10
(relay)    37    38    10813.01    10    10810.93    3    1
(advertise)    44    10813.21    38    10
(relay)    45    32    10838.62    10    10816.32    1    1
(relay)    45    47    10868.22    10    10866.84    5    1
(advertise)    44    10868.42    47    10
(relay)    45    40    10897.63    10    10893.74    3    1
(advertise)    44    10897.83    40    10
(relay)    45    39    10920.85    10    10914.45    3    1
(advertise)    44    10921.25    39    10
(relay)    37    30    10969.26    10    10967.37    3    1
(advertise)    44    10969.46    30    10
(relay)    37    15    10992.07    10    10934.2    1    1
(relay)    37    22    11012.67    10    10956.08    1    1
(relay)    37    29    11035.07    11    11010.09    3    1
(advertise)    44    11035.27    29    11
(relay)    43    7    11189.08    11    11182.15    1    1
(relay)    37    28    11213.88    11    11212.07    3    1
(advertise)    44    11214.08    28    11
(relay)    37    23    11236.9    11    11218.42    1    1
(relay)    43    14    11238.1    11    11211.88    1    1
(relay)    37    48    11286.9    11    11281.68    3    1
(advertise)    44    11287.1    48    11
(relay)    45    41    11309.91    11    11306.16    3    1
(advertise)    44    11310.71    41    11
(relay)    45    31    11333.92    11    11328.52    1    1
(relay)    37    37    11353.52    11    11352.51    5    1
(advertise)    44    11353.72    37    11
(relay)    43    42    11377.14    11    11356.49    7    1
(advertise)    44    11377.34    42    11
(relay)    43    35    11398.95    11    11378.28    5    1
(advertise)    44    11399.35    35    11
(relay)    45    45    11405.16    11    11404.71    5    1
(advertise)    44    11422.96    45    11
(relay)    37    16    11451.18    11    11427.7    1    1
(relay)    45    33    11469.98    11    11379.51    1    1
(relay)    43    43    11499.98    11    11499.37    7    1
(advertise)    44    11500.18    43    11
(relay)    45    34    11530.79    11    11513.52    1    1
(relay)    37    2    11633.19    11    11611.71    1    1
(generate)    44    11662.99    [24]    11
(relay)    45    20    11705.8    12    11700    120    1
(advertise)    44    11706.0    20    12
(relay)    43    36    11729.41    11    11722.06    5    1
(advertise)    44    11730.01    36    11
(relay)    37    1    11753.43    11    11739.14    1    1
(relay)    45    46    11776.43    11    11775.07    5    1
(advertise)    44    11776.63    46    11
(relay)    37    38    11813.44    11    11810.99    3    1
(advertise)    44    11813.64    38    11
(relay)    37    32    11835.65    11    11816.46    1    1
(relay)    45    47    11868.65    11    11866.9    5    1
(advertise)    44    11868.85    47    11
(relay)    45    40    11897.87    11    11893.8    3    1
(advertise)    44    11898.07    40    11
(relay)    37    21    11909.28    11    11905.08    1    1
(relay)    45    39    11918.88    11    11914.62    3    1
(advertise)    44    11922.28    39    11
(relay)    37    30    11969.29    11    11967.53    3    1
(advertise)    44    11969.49    30    11
(relay)    37    22    11999.11    11    11956.13    1    1
(relay)    37    29    12020.11    12    12010.1    3    1
(advertise)    44    12020.31    29    12
(heartbeat)    24    3    12025.23    44    12043.92    4    4
(advertise)    44    12044.32    24    3
(relay)    43    7    12186.93    12    12182.25    1    1
(relay)    37    28    12213.93    12    12212.09    3    1
(advertise)    44    12214.13    28    12
(relay)    37    23    12236.54    12    12218.52    1    1
(relay)    37    14    12260.94    12    12211.91    1    1
(relay)    45    48    12283.74    12    12281.86    5    1
(advertise)    44    12283.94    48    12
(relay)    37    41    12309.76    12    12306.27    3    1
(advertise)    44    12309.96    41    12
(relay)    37    31    12332.97    12    12328.62    1    1
(relay)    37    37    12353.77    12    12352.68    5    1
(advertise)    44    12353.97    37    12
(relay)    43    42    12377.38    12    12357.68    7    1
(advertise)    44    12379.18    42    12
(relay)    43    13    12403.2    13    12374    115    1
(advertise)    44    12404.0    13    13
(relay)    45    45    12405.61    12    12405.01    5    1
(advertise)    44    12425.21    45    12
(relay)    43    43    12500.02    12    12499.46    7    1
(advertise)    44    12500.22    43    12
(relay)    45    34    12529.04    12    12513.71    1    1
(generate)    44    12663.04    [24]    12
(relay)    37    20    12707.05    13    12700    120    1
(advertise)    44    12707.25    20    13
(relay)    37    36    12730.46    12    12722.15    3    1
(advertise)    44    12730.86    36    12
(relay)    37    1    12755.87    12    12739.23    1    1
(relay)    45    46    12776.47    12    12775.07    5    1
(advertise)    44    12776.67    46    12
(relay)    37    38    12812.29    12    12811.08    3    1
(advertise)    44    12812.49    38    12
(relay)    37    32    12835.3    12    12816.6    1    1
(relay)    45    47    12869.1    12    12866.97    5    1
(advertise)    44    12869.3    47    12
(relay)    45    40    12898.11    12    12893.87    3    1
(advertise)    44    12898.31    40    12
(relay)    45    39    12920.33    12    12914.8    3    1
(advertise)    44    12920.73    39    12
(relay)    43    21    12922.34    12    12905.16    1    1
(relay)    37    15    12953.54    12    12935.74    1    1
(relay)    37    30    12975.74    12    12967.66    3    1
(advertise)    44    12975.94    30    12
(relay)    37    22    12997.15    12    12956.17    1    1
(relay)    37    29    13020.75    13    13010.25    3    1
(advertise)    44    13020.95    29    13
(relay)    37    9    13042.97    12    12999.6    1    1
(relay)    37    7    13185.57    13    13182.32    1    1
(relay)    43    28    13213.97    13    13212.27    3    1
(advertise)    44    13214.17    28    13
(relay)    37    23    13237.58    13    13218.53    1    1
(relay)    37    14    13259.38    13    13211.91    1    1
(relay)    45    48    13283.98    13    13282.03    5    1
(advertise)    44    13284.18    48    13
(relay)    37    41    13310.79    13    13306.34    3    1
(advertise)    44    13310.99    41    13
(relay)    37    31    13333.0    13    13328.68    1    1
(relay)    37    37    13353.0    13    13352.86    5    1
(advertise)    44    13353.2    37    13
(relay)    43    42    13377.82    13    13357.87    7    1
(advertise)    44    13378.02    42    13
(relay)    43    35    13401.23    13    13379.03    5    1
(advertise)    44    13401.83    35    13
(relay)    45    45    13405.64    13    13405.07    5    1
(advertise)    44    13423.24    45    13
(relay)    37    13    13424.86    14    13374    119    1
(advertise)    44    13445.26    13    14
(relay)    37    33    13467.67    13    13380.01    1    1
(relay)    37    16    13490.07    13    13427.96    1    1
(relay)    43    43    13500.67    13    13499.56    7    1
(advertise)    44    13500.87    43    13
(relay)    45    34    13532.08    13    13513.72    1    1
(generate)    44    13663.08    [24]    13
(relay)    37    36    13728.9    13    13722.22    5    1
(advertise)    44    13729.1    36    13
(relay)    43    1    13755.91    13    13739.32    1    1
(relay)    45    46    13776.91    13    13775.11    5    1
(advertise)    44    13777.11    46    13
(relay)    37    38    13811.72    13    13811.16    3    1
(advertise)    44    13811.92    38    13
(relay)    45    32    13834.73    13    13816.71    1    1
(relay)    45    47    13869.33    13    13867.06    5    1
(advertise)    44    13869.53    47    13
(relay)    45    40    13896.95    13    13893.92    3    1
(advertise)    44    13897.15    40    13
(relay)    37    21    13918.76    13    13905.23    1    1
(relay)    45    39    13920.36    13    13914.98    3    1
(advertise)    44    13920.56    39    13
(relay)    37    30    13970.57    13    13967.81    3    1
(advertise)    44    13970.77    30    13
(relay)    43    22    13996.79    13    13956.43    1    1
(relay)    37    29    14017.79    14    14010.42    3    1
(advertise)    44    14017.99    29    14
(relay)    37    7    14185.2    14    14182.41    1    1
(relay)    43    28    14214.0    14    14212.28    3    1
(advertise)    44    14214.2    28    14
(relay)    43    14    14237.41    14    14212.11    1    1
(relay)    37    23    14239.01    14    14218.6    1    1
(relay)    45    48    14283.61    14    14282.2    5    1
(advertise)    44    14283.81    48    14
(relay)    45    41    14310.23    14    14306.42    3    1
(advertise)    44    14310.63    41    14
(relay)    45    31    14333.24    14    14328.87    1    1
(relay)    37    37    14353.04    14    14353.02    5    1
(advertise)    44    14353.24    37    14
(relay)    43    42    14377.05    14    14357.87    7    1
(advertise)    44    14379.05    42    14
(relay)    43    35    14399.06    14    14379.13    5    1
(advertise)    44    14401.66    35    14
(relay)    45    45    14406.68    14    14405.75    5    1
(relay)    37    33    14423.68    14    14380.19    1    2
(advertise)    44    14424.48    45    14
(relay)    43    43    14500.69    14    14499.65    7    1
(advertise)    44    14500.89    43    14
(relay)    37    34    14533.7    14    14513.73    1    1
(relay)    37    2    14634.3    14    14611.8    1    1
(generate)    44    14663.1    [24]    14
(relay)    37    20    14705.92    15    14700    120    1
(advertise)    44    14706.12    20    15
(relay)    37    36    14729.33    14    14722.28    5    1
(advertise)    44    14730.73    36    14
(relay)    37    1    14755.54    14    14739.42    1    1
(relay)    45    46    14777.54    14    14775.3    5    1
(advertise)    44    14777.74    46    14
(relay)    45    38    14811.56    14    14811.25    3    1
(advertise)    44    14811.76    38    14
(relay)    45    32    14835.97    14    14816.81    1    1
(relay)    45    47    14870.17    14    14867.09    5    1
(advertise)    44    14870.37    47    14
(relay)    45    40    14896.78    14    14893.92    3    1
(advertise)    44    14897.58    40    14
(relay)    37    21    14919.39    14    14905.3    1    1
(relay)    45    39    14919.79    14    14915.13    3    1
(advertise)    44    14920.19    39    14
(relay)    37    15    14969.41    14    14936.07    1    1
(relay)    37    30    14989.81    14    14968.53    3    1
(advertise)    44    14990.01    30    14
(relay)    37    22    15012.02    14    14956.47    1    1
(relay)    37    29    15033.42    15    15010.61    3    1
(advertise)    44    15033.62    29    15
(relay)    37    7    15184.63    15    15182.48    1    1
(relay)    37    28    15215.63    15    15212.48    3    1
(advertise)    44    15215.83    28    15
(relay)    37    23    15238.85    15    15218.68    1    1
(relay)    43    14    15240.25    15    15212.12    1    1
(relay)    45    48    15284.65    15    15282.38    5    1
(advertise)    44    15284.85    48    15
(relay)    45    41    15310.66    15    15306.49    3    1
(advertise)    44    15310.86    41    15
(relay)    37    31    15331.47    15    15328.9    1    1
(relay)    37    37    15353.27    15    15353.21    5    1
(advertise)    44    15353.47    37    15
(relay)    43    42    15377.49    15    15358.06    7    1
(advertise)    44    15377.69    42    15
(relay)    43    35    15400.3    15    15379.2    5    1
(advertise)    44    15400.5    35    15
(relay)    45    45    15406.91    15    15405.84    5    1
(advertise)    44    15421.51    45    15
(relay)    37    33    15448.12    15    15380.37    1    1
(relay)    43    43    15500.72    15    15499.72    7    1
(advertise)    44    15500.92    43    15
(relay)    45    34    15530.34    15    15513.91    1    1
(generate)    44    15663.14    [24]    15
(relay)    37    0    15690.55    15    15662.53    1    1
(relay)    43    36    15723.15    15    15722.33    5    1
(advertise)    44    15723.35    36    15
(relay)    37    1    15751.76    15    15739.48    1    1
(relay)    45    46    15777.56    15    15775.31    5    1
(advertise)    44    15777.76    46    15
(relay)    45    38    15811.98    15    15811.31    3    1
(advertise)    44    15812.18    38    15
(relay)    37    32    15834.59    15    15816.92    1    1
(relay)    37    47    15871.59    15    15867.14    3    1
(advertise)    44    15871.79    47    15
(relay)    45    40    15896.2    15    15893.96    3    1
(advertise)    44    15896.4    40    15
(relay)    37    21    15918.62    15    15905.37    1    1
(relay)    45    39    15919.82    15    15915.31    3    1
(advertise)    44    15920.62    39    15
(relay)    43    15    15963.63    15    15936.22    1    1
(relay)    45    30    15987.03    15    15968.63    1    1
(relay)    37    22    16007.63    15    15956.53    1    1
(relay)    37    29    16030.03    16    16010.78    3    1
(advertise)    44    16030.23    29    16
(relay)    43    7    16185.44    16    16182.58    1    1
(relay)    43    28    16215.64    16    16212.5    3    1
(advertise)    44    16215.84    28    16
(relay)    37    23    16237.85    16    16218.72    1    1
(relay)    37    14    16260.85    16    16212.12    1    1
(relay)    45    48    16285.25    16    16282.57    5    1
(advertise)    44    16285.45    48    16
(relay)    45    41    16312.27    16    16306.57    3    1
(advertise)    44    16312.47    41    16
(relay)    45    31    16334.68    16    16329.0    1    1
(relay)    37    37    16353.88    16    16353.38    5    1
(advertise)    44    16354.08    37    16
(relay)    43    42    16376.29    16    16358.23    7    1
(advertise)    44    16377.09    42    16
(relay)    43    35    16398.71    16    16379.29    5    1
(advertise)    44    16401.31    35    16
(relay)    45    45    16406.92    16    16405.89    5    1
(advertise)    44    16422.52    45    16
(relay)    45    33    16428.93    16    16380.53    1    1
(relay)    43    13    16447.93    17    16374    113    1
(advertise)    44    16448.13    13    17
(relay)    37    43    16502.55    16    16499.82    5    1
(advertise)    44    16502.75    43    16
(relay)    37    16    16527.56    16    16428.38    1    1
(relay)    45    34    16530.16    16    16514.1    1    1
(generate)    44    16663.16    [24]    16
(relay)    37    0    16688.37    16    16662.55    1    1
(relay)    45    20    16704.57    17    16700    120    1
(advertise)    44    16704.77    20    17
(relay)    37    36    16733.58    16    16722.44    5    1
(advertise)    44    16733.98    36    16
(relay)    37    1    16759.2    16    16739.6    1    1
(relay)    45    46    16776.6    16    16775.36    5    1
(advertise)    44    16776.8    46    16
(relay)    45    38    16812.41    16    16811.42    3    1
(advertise)    44    16812.61    38    16
(relay)    37    32    16836.22    16    16817.06    1    1
(relay)    45    47    16869.62    16    16867.21    5    1
(advertise)    44    16869.82    47    16
(relay)    45    40    16895.84    16    16894.01    3    1
(advertise)    44    16896.24    40    16
(relay)    37    21    16918.25    16    16905.47    1    1
(relay)    45    39    16919.05    16    16915.48    3    1
(advertise)    44    16920.25    39    16
(relay)    43    15    16963.26    16    16936.23    1    1
(relay)    37    30    16985.06    16    16968.82    3    1
(advertise)    44    16985.26    30    16
(relay)    37    22    17006.88    16    16956.61    1    1
(relay)    43    29    17029.08    17    17010.81    3    1
(advertise)    44    17029.28    29    17
(relay)    37    9    17051.09    16    17000.46    1    1
(relay)    43    7    17186.29    17    17182.69    1    1
(relay)    43    28    17216.09    17    17212.52    3    1
(advertise)    44    17216.29    28    17
(relay)    43    14    17237.7    17    17212.16    1    1
(relay)    37    23    17238.5    17    17218.82    1    1
(relay)    45    48    17285.9    17    17282.72    5    1
(advertise)    44    17286.1    48    17
(relay)    45    41    17311.51    17    17306.61    3    1
(advertise)    44    17312.11    41    17
(relay)    37    31    17333.53    17    17329.08    1    1
(relay)    37    37    17353.93    17    17353.41    5    1
(advertise)    44    17354.13    37    17
(relay)    43    42    17376.34    17    17358.25    7    1
(advertise)    44    17377.34    42    17
(relay)    43    35    17398.95    17    17379.41    5    1
(advertise)    44    17400.15    35    17
(relay)    45    45    17405.97    17    17405.96    5    1
(advertise)    44    17424.17    45    17
(relay)    45    33    17425.78    17    17380.7    1    1
(relay)    43    13    17450.78    18    17374    113    1
(advertise)    44    17450.98    13    18
(relay)    37    16    17495.39    17    17428.47    1    1
(relay)    43    43    17499.99    17    17499.95    7    1
(advertise)    44    17500.19    43    17
(relay)    45    34    17529.01    17    17514.3    1    1
(relay)    37    2    17632.01    17    17611.88    1    1
(generate)    44    17663.21    [24]    17
(relay)    37    0    17690.82    17    17662.57    1    1
(relay)    45    20    17702.82    18    17700    120    1
(advertise)    44    17703.02    20    18
(relay)    43    36    17725.23    17    17722.53    5    1
(advertise)    44    17725.63    36    17
(relay)    45    46    17775.84    17    17775.37    5    1
(advertise)    44    17776.04    46    17
(relay)    37    38    17812.66    17    17811.49    3    1
(advertise)    44    17812.86    38    17
(relay)    37    32    17837.07    17    17817.13    1    1
(relay)    45    47    17868.87    17    17867.27    5    1
(advertise)    44    17869.07    47    17
(relay)    45    40    17897.08    17    17894.05    3    1
(advertise)    44    17897.28    40    17
(relay)    45    39    17919.1    17    17915.63    3    1
(advertise)    44    17920.1    39    17
(relay)    43    21    17923.31    17    17905.55    1    1
(relay)    37    30    17969.51    17    17968.99    3    1
(advertise)    44    17969.71    30    17
(relay)    43    22    17998.52    17    17957.87    1    1
(relay)    37    29    18021.92    18    18010.98    3    1
(advertise)    44    18022.12    29    18
(relay)    43    28    18216.14    18    18212.54    3    1
(advertise)    44    18216.34    28    18
(relay)    37    23    18237.95    18    18218.92    1    1
(relay)    43    14    18240.75    18    18212.18    1    1
(relay)    45    48    18286.95    18    18282.88    5    1
(advertise)    44    18287.15    48    18
(relay)    45    41    18310.76    18    18306.67    3    1
(advertise)    44    18310.96    41    18
(relay)    37    37    18354.17    18    18353.6    5    1
(advertise)    44    18354.37    37    18
(relay)    43    42    18378.19    18    18358.27    7    1
(advertise)    44    18378.79    42    18
(relay)    43    35    18399.4    18    18379.48    5    1
(advertise)    44    18401.8    35    18
(relay)    45    45    18406.21    18    18406.06    5    1
(relay)    37    33    18424.01    18    18380.86    1    2
(advertise)    44    18425.01    45    18
(relay)    45    13    18432.03    19    18374    117    1
(advertise)    44    18446.63    13    19
(relay)    43    43    18500.24    18    18500.05    7    1
(advertise)    44    18500.44    43    18
(relay)    37    34    18538.45    18    18514.47    1    1
(relay)    37    2    18634.45    18    18611.91    1    1
(generate)    44    18663.25    [24]    18
(relay)    43    0    18691.27    18    18662.76    1    1
(relay)    45    20    18702.47    19    18700    120    1
(advertise)    44    18702.67    20    19
(relay)    37    36    18724.88    18    18722.56    5    1
(advertise)    44    18726.08    36    18
(relay)    43    1    18757.89    18    18739.77    1    1
(relay)    45    46    18775.89    18    18775.39    5    1
(advertise)    44    18776.09    46    18
(relay)    43    38    18814.9    18    18811.59    1    1
(relay)    37    32    18836.3    18    18817.24    1    1
(relay)    45    47    18868.9    18    18867.31    5    1
(advertise)    44    18869.1    47    18
(relay)    45    40    18896.52    18    18894.07    3    1
(advertise)    44    18896.72    40    18
(relay)    37    21    18919.53    18    18905.61    1    1
(relay)    45    39    18920.93    18    18915.78    3    1
(advertise)    44    18921.53    39    18
(relay)    37    30    18970.54    18    18969.07    3    1
(advertise)    44    18970.74    30    18
(relay)    43    29    19013.56    19    19011.11    3    1
(advertise)    44    19013.76    29    19
(relay)    37    22    19037.57    18    18958.12    1    1
(relay)    43    7    19188.77    19    19182.84    1    1
(relay)    37    28    19214.37    19    19212.56    3    1
(advertise)    44    19214.57    28    19
(relay)    37    23    19236.98    19    19218.94    1    1
(relay)    43    14    19262.18    19    19212.37    1    1
(relay)    45    48    19286.98    19    19283.03    5    1
(advertise)    44    19287.18    48    19
(relay)    45    41    19310.0    19    19306.73    3    1
(advertise)    44    19310.4    41    19
(relay)    45    31    19333.61    19    19329.39    1    1
(relay)    37    37    19354.81    19    19353.77    5    1
(advertise)    44    19355.01    37    19
(relay)    43    42    19380.42    19    19358.29    7    1
(advertise)    44    19380.82    42    19
(relay)    43    35    19402.43    19    19379.61    5    1
(advertise)    44    19403.43    35    19
(relay)    45    45    19406.25    19    19406.13    5    1
(relay)    45    33    19426.05    19    19380.97    1    2
(advertise)    44    19427.05    45    19
(relay)    43    43    19500.26    19    19500.14    7    1
(advertise)    44    19500.46    43    19
(relay)    45    34    19538.87    19    19514.66    1    1
(relay)    37    2    19633.47    19    19611.92    1    1
(generate)    44    19663.27    [24]    19
(relay)    37    0    19688.49    19    19662.77    1    1
(relay)    37    20    19710.89    20    19700    120    1
(advertise)    44    19711.09    20    20
(relay)    37    36    19732.3    19    19722.62    5    1
(advertise)    44    19734.3    36    19
(relay)    37    1    19756.71    19    19739.87    1    1
(relay)    45    46    19776.11    19    19775.42    5    1
(advertise)    44    19776.31    46    19
(relay)    45    38    19813.53    19    19811.67    3    1
(advertise)    44    19813.73    38    19
(relay)    45    32    19836.94    19    19817.39    1    1
(relay)    45    47    19868.34    19    19867.37    5    1
(advertise)    44    19868.54    47    19
(relay)    37    40    19897.55    19    19894.13    3    1
(advertise)    44    19897.75    40    19
(relay)    37    21    19918.96    19    19905.67    1    1
(relay)    37    39    19940.16    19    19915.94    3    1
(advertise)    44    19940.36    39    19
(relay)    37    8    19963.38    19    19910.28    1    1
(relay)    37    30    19986.98    19    19969.25    3    1
(advertise)    44    19987.18    30    19
(relay)    37    15    20008.99    19    19936.73    1    1
(relay)    43    29    20013.59    20    20011.11    3    1
(advertise)    44    20013.99    29    20
(relay)    37    22    20030.4    19    19958.18    1    1
(heartbeat)    24    5    20025.25    44    20038.4    4    8
(advertise)    44    20039.0    24    5
(relay)    37    7    20189.62    20    20182.95    1    1
(relay)    43    28    20215.62    20    20212.6    3    1
(advertise)    44    20215.82    28    20
(relay)    37    23    20241.23    20    20219.03    1    1
(relay)    37    14    20265.23    20    20212.4    1    1
(relay)    45    48    20287.03    20    20283.22    5    1
(advertise)    44    20287.23    48    20
(relay)    45    41    20310.04    20    20306.85    3    1
(advertise)    44    20310.64    41    20
(relay)    37    31    20334.66    20    20329.44    1    1
(relay)    37    37    20354.86    20    20353.78    5    1
(advertise)    44    20355.06    37    20
(relay)    43    42    20376.47    20    20358.48    7    1
(advertise)    44    20378.67    42    20
(relay)    43    35    20398.68    20    20379.71    5    1
(advertise)    44    20401.28    35    20
(relay)    45    45    20406.69    20    20406.23    5    1
(advertise)    44    20422.69    45    20
(relay)    43    13    20446.91    21    20374    115    1
(advertise)    44    20447.11    13    21
(relay)    45    33    20448.72    20    20381.16    1    1
(relay)    37    16    20490.32    20    20428.9    1    1
(relay)    43    43    20500.72    20    20500.26    7    1
(advertise)    44    20500.92    43    20
(generate)    44    20663.33    [24]    20
(relay)    43    36    20724.55    20    20722.68    5    1
(advertise)    44    20724.75    36    20
(relay)    45    46    20776.36    20    20775.47    5    1
(advertise)    44    20776.56    46    20
(relay)    43    38    20815.57    20    20811.74    1    1
(relay)    37    32    20836.77    20    20817.52    1    1
(relay)    45    47    20869.37    20    20867.44    5    1
(advertise)    44    20869.57    47    20
(relay)    45    40    20897.99    20    20894.21    3    1
(advertise)    44    20898.19    40    20
(relay)    45    39    20919.6    20    20916.13    3    1
(advertise)    44    20920.0    39    20
(relay)    43    21    20922.01    20    20905.74    1    1
(relay)    37    30    20971.01    20    20969.4    3    1
(advertise)    44    20971.21    30    20
(relay)    37    15    20994.42    20    20936.89    1    1
(relay)    37    22    21015.62    20    20958.23    1    1
(relay)    43    29    21025.82    21    21011.29    3    1
(advertise)    44    21026.02    29    21
(relay)    43    7    21190.04    21    21183.04    1    1
(relay)    37    14    21214.44    21    21212.4    1    1
(relay)    37    23    21237.84    21    21219.08    1    1
(relay)    45    48    21286.24    21    21283.37    5    1
(advertise)    44    21286.44    48    21
(relay)    45    41    21309.25    21    21306.94    3    1
(advertise)    44    21309.65    41    21
(relay)    45    31    21331.46    21    21329.49    1    1
(relay)    37    37    21354.86    21    21353.93    5    1
(advertise)    44    21355.06    37    21
(relay)    43    42    21377.68    21    21358.67    7    1
(advertise)    44    21378.08    42    21
(relay)    43    35    21401.09    21    21379.78    5    1
(advertise)    44    21401.89    35    21
(relay)    45    45    21406.9    21    21406.28    5    1
(advertise)    44    21423.1    45    21
(relay)    45    33    21447.72    21    21381.34    1    1
(relay)    37    16    21452.32    21    21429.05    1    1
(relay)    43    43    21500.92    21    21500.32    7    1
(advertise)    44    21501.12    43    21
(relay)    37    13    21533.93    22    21374    119    1
(advertise)    44    21534.13    13    22
(relay)    45    34    21557.74    21    21514.87    1    1
(generate)    44    21663.34    [24]    21
(relay)    45    20    21705.75    22    21700    120    1
(advertise)    44    21705.95    20    22
(relay)    37    36    21727.97    21    21722.73    5    1
(advertise)    44    21728.77    36    21
(relay)    37    1    21756.38    21    21740.08    1    1
(relay)    45    46    21776.78    21    21775.52    5    1
(advertise)    44    21776.98    46    21
(relay)    37    38    21812.99    21    21811.77    3    1
(advertise)    44    21813.19    38    21
(relay)    45    32    21836.21    21    21817.68    1    1
(relay)    45    47    21869.01    21    21867.55    5    1
(advertise)    44    21869.21    47    21
(relay)    45    40    21898.62    21    21894.29    3    1
(advertise)    44    21898.82    40    21
(relay)    45    39    21920.23    21    21916.13    3    1
(advertise)    44    21920.63    39    21
(relay)    37    15    21967.05    21    21937.06    1    1
(relay)    37    30    21989.45    21    21969.53    3    1
(advertise)    44    21989.65    30    21
(relay)    37    22    22010.06    21    21958.27    1    1
(relay)    43    29    22014.06    22    22011.45    3    1
(advertise)    44    22014.46    29    22
(relay)    37    7    22187.07    22    22183.15    1    1
(relay)    43    28    22214.47    22    22212.8    3    1
(advertise)    44    22214.67    28    22
(relay)    37    23    22239.28    22    22219.13    1    1
(relay)    43    14    22259.88    22    22212.41    1    1
(relay)    45    48    22285.48    22    22283.55    5    1
(advertise)    44    22285.68    48    22
(relay)    45    41    22310.5    22    22307.03    3    1
(advertise)    44    22311.3    41    22
(relay)    45    31    22335.11    22    22329.55    1    1
(relay)    37    37    22354.11    22    22354.11    5    1
(advertise)    44    22354.31    37    22
(relay)    43    42    22377.92    22    22358.86    7    1
(advertise)    44    22378.12    42    22
(relay)    43    35    22399.94    22    22379.88    5    1
(advertise)    44    22400.14    35    22
(relay)    45    45    22406.95    22    22406.39    5    1
(advertise)    44    22423.15    45    22
(relay)    37    13    22448.56    23    22374    119    1
(advertise)    44    22448.76    13    23
(relay)    43    43    22500.98    22    22500.4    7    1
(advertise)    44    22501.18    43    22
(relay)    45    34    22541.19    22    22514.87    1    1
(relay)    37    2    22634.79    22    22612.02    1    1
(generate)    44    22663.39    [24]    22
(relay)    45    20    22706.6    23    22700    120    1
(advertise)    44    22706.8    20    23
(relay)    37    36    22724.21    22    22722.77    5    1
(advertise)    44    22728.61    36    22
(relay)    43    1    22751.23    22    22740.15    1    1
(relay)    45    46    22777.23    22    22775.55    5    1
(advertise)    44    22777.43    46    22
(relay)    43    38    22815.64    22    22811.85    1    1
(relay)    37    32    22835.84    22    22817.81    1    1
(relay)    45    47    22870.04    22    22867.63    5    1
(advertise)    44    22870.24    47    22
(relay)    45    40    22897.85    22    22894.35    3    1
(advertise)    44    22898.05    40    22
(relay)    43    21    22921.47    22    22905.89    1    1
(relay)    37    39    22922.47    22    22916.32    3    1
(advertise)    44    22922.67    39    22
(relay)    37    8    22953.48    22    22910.73    1    1
(relay)    43    15    22968.48    22    22937.24    1    1
(relay)    43    22    22988.68    22    22958.32    1    1
(relay)    45    30    22992.88    22    22969.7    1    1
(relay)    43    29    23033.08    23    23011.47    3    1
(advertise)    44    23033.28    29    23
(relay)    37    9    23065.09    22    23001.27    1    1
(relay)    37    7    23186.29    23    23183.25    1    1
(relay)    45    28    23215.49    23    23212.81    1    1
(relay)    37    23    23238.29    23    23219.22    1    1
(relay)    37    14    23261.09    23    23212.43    1    1
(relay)    45    48    23286.09    23    23283.72    5    1
(advertise)    44    23286.29    48    23
(relay)    45    41    23311.11    23    23307.1    3    1
(advertise)    44    23312.11    41    23
(relay)    37    31    23335.72    23    23329.65    1    1
(relay)    37    37    23354.12    23    23354.11    5    1
(advertise)    44    23354.32    37    23
(relay)    43    42    23377.13    23    23359.04    7    1
(advertise)    44    23377.73    42    23
(relay)    43    35    23399.94    23    23379.98    5    1
(advertise)    44    23400.74    35    23
(relay)    45    45    23407.56    23    23406.49    5    1
(relay)    43    13    23422.56    24    23374    115    2
(advertise)    44    23423.36    45    23
(advertise)    44    23445.37    13    24
(relay)    43    43    23501.58    23    23500.51    7    1
(advertise)    44    23501.78    43    23
(relay)    37    33    23524.2    23    23381.52    1    1
(relay)    45    34    23551.4    23    23514.88    1    1
(generate)    44    23663.4    [24]    23
(relay)    45    20    23706.21    24    23700    120    1
(advertise)    44    23706.41    20    24
(relay)    37    36    23728.42    23    23722.86    5    1
(advertise)    44    23729.62    36    23
(relay)    45    46    23777.44    23    23775.6    5    1
(advertise)    44    23777.64    46    23
(relay)    45    38    23812.25    23    23811.92    3    1
(advertise)    44    23812.45    38    23
(relay)    45    32    23836.26    23    23817.93    1    1
(relay)    45    47    23870.26    23    23867.71    5    1
(advertise)    44    23870.46    47    23
(relay)    45    40    23897.07    23    23894.39    3    1
(advertise)    44    23897.67    40    23
(relay)    45    39    23919.49    23    23916.48    3    1
(relay)    37    21    23919.69    23    23905.98    1    2
(advertise)    44    23920.29    39    23
(relay)    37    15    23964.5    23    23937.4    1    1
(relay)    45    30    23986.5    23    23969.85    1    1
(relay)    37    22    24009.7    23    23958.37    1    1
(relay)    43    29    24013.3    24    24011.66    3    1
(advertise)    44    24013.5    29    24
(heartbeat)    24    6    24025.27    44    24045.51    4    8
(advertise)    44    24045.71    24    6
(relay)    37    9    24075.93    23    24001.44    1    1
(relay)    37    7    24185.53    24    24183.37    3    1
(advertise)    44    24185.73    7    24
(relay)    37    28    24215.54    24    24213.0    5    1
(advertise)    44    24215.74    28    24
(relay)    37    23    24239.55    24    24219.33    1    1
(relay)    37    14    24260.95    24    24212.47    5    1
(advertise)    44    24261.15    14    24
(relay)    37    48    24285.97    24    24283.92    3    1
(advertise)    44    24286.37    48    24
(relay)    45    41    24310.98    24    24307.17    3    1
(advertise)    44    24311.38    41    24
(relay)    45    31    24333.39    24    24329.72    1    1
(relay)    37    37    24354.39    24    24354.29    5    1
(advertise)    44    24354.59    37    24
(relay)    43    42    24379.6    24    24359.06    7    1
(advertise)    44    24380.4    42    24
(relay)    43    35    24401.42    24    24381.29    5    1
(advertise)    44    24401.82    35    24
(relay)    45    45    24407.63    24    24406.63    5    1
(advertise)    44    24424.23    45    24
(relay)    45    33    24447.24    24    24381.55    1    1
(relay)    43    43    24501.64    24    24500.6    7    1
(advertise)    44    24501.84    43    24
(relay)    37    34    24531.46    24    24515.08    1    1
(relay)    37    2    24634.26    24    24612.07    1    1
(generate)    44    24663.46    [24]    24
(relay)    43    0    24688.07    24    24663.36    1    1
(relay)    45    20    24706.27    25    24700    120    1
(advertise)    44    24706.47    20    25
(relay)    43    36    24732.68    24    24722.92    5    1
(advertise)    44    24732.88    36    24
(relay)    43    1    24756.3    24    24740.34    1    1
(relay)    45    46    24777.9    24    24775.66    5    1
(advertise)    44    24778.1    46    24
(relay)    37    38    24812.31    24    24812.02    3    1
(advertise)    44    24812.51    38    24
(relay)    37    32    24836.92    24    24818.1    1    1
(relay)    45    47    24870.72    24    24867.8    5    1
(advertise)    44    24870.92    47    24
(relay)    45    40    24896.53    24    24894.46    3    1
(advertise)    44    24897.33    40    24
(relay)    45    39    24919.55    24    24916.66    3    1
(advertise)    44    24919.75    39    24
(relay)    45    21    24948.56    24    24906.06    1    1
(relay)    43    15    24960.76    24    24937.59    1    1
(relay)    43    22    24984.56    24    24958.43    1    1
(relay)    37    30    24987.16    24    24970.02    3    1
(advertise)    44    24987.36    30    24
(relay)    43    29    25031.57    25    25011.66    3    1
(advertise)    44    25031.77    29    25
(relay)    37    7    25186.19    25    25183.45    3    1
(advertise)    44    25186.39    7    25
(relay)    37    28    25216.2    25    25213.01    5    1
(advertise)    44    25216.4    28    25
(relay)    37    14    25260.41    25    25212.66    5    1
(advertise)    44    25260.61    14    25
(relay)    45    48    25288.43    25    25284.1    5    1
(advertise)    44    25288.63    48    25
(relay)    45    41    25312.64    25    25307.24    3    1
(advertise)    44    25313.04    41    25
(relay)    45    31    25334.25    25    25329.74    1    1
(relay)    37    37    25354.45    25    25354.29    5    1
(advertise)    44    25354.65    37    25
(relay)    45    35    25384.46    25    25381.35    3    1
(advertise)    44    25384.66    35    25
(relay)    45    45    25407.68    25    25406.74    5    1
(advertise)    44    25407.88    45    25
(relay)    43    13    25433.09    26    25374    113    1
(advertise)    44    25433.29    13    26
(relay)    43    43    25501.7    25    25500.71    7    1
(advertise)    44    25501.9    43    25
(relay)    45    34    25530.52    25    25515.27    1    1
(generate)    44    25663.52    [24]    25
(relay)    43    0    25689.73    25    25663.37    1    1
(relay)    37    36    25724.13    25    25722.99    5    1
(advertise)    44    25724.33    36    25
(relay)    45    46    25776.94    25    25775.68    5    1
(advertise)    44    25777.14    46    25
(relay)    43    38    25813.56    25    25812.1    1    1
(relay)    37    32    25836.36    25    25818.27    1    1
(relay)    45    47    25869.76    25    25867.86    5    1
(advertise)    44    25869.96    47    25
(relay)    45    40    25897.17    25    25894.49    3    1
(advertise)    44    25897.37    40    25
(relay)    37    21    25919.38    25    25906.12    5    1
(advertise)    44    25919.78    21    25
(relay)    37    39    25942.99    25    25916.85    3    1
(advertise)    44    25943.19    39    25
(relay)    45    15    25969.61    25    25937.71    1    1
(relay)    37    30    25988.41    25    25970.13    3    1
(advertise)    44    25988.61    30    25
(relay)    37    22    26011.42    25    25958.46    3    1
(advertise)    44    26012.02    22    25
(relay)    37    29    26034.23    26    26011.85    3    1
(advertise)    44    26034.43    29    26
(relay)    43    7    26187.05    26    26183.55    3    1
(advertise)    44    26187.25    7    26
(relay)    43    28    26216.66    26    26213.2    5    1
(advertise)    44    26216.86    28    26
(relay)    37    23    26239.07    26    26219.47    1    1
(relay)    37    14    26261.47    26    26212.67    5    1
(advertise)    44    26261.67    14    26
(relay)    45    48    26287.69    26    26284.27    5    1
(advertise)    44    26288.29    48    26
(relay)    45    41    26313.7    26    26307.36    3    1
(advertise)    44    26314.3    41    26
(relay)    45    31    26334.91    26    26329.75    1    1
(relay)    37    37    26354.91    26    26354.43    5    1
(advertise)    44    26355.11    37    26
(relay)    43    42    26377.12    26    26359.14    7    1
(advertise)    44    26377.32    42    26
(relay)    43    35    26398.74    26    26381.44    5    1
(advertise)    44    26399.74    35    26
(relay)    45    45    26406.95    26    26406.86    5    1
(advertise)    44    26420.75    45    26
(relay)    45    33    26424.56    26    26381.57    1    1
(relay)    43    13    26446.56    27    26374    115    1
(advertise)    44    26446.76    13    27
(relay)    43    43    26500.98    26    26500.82    7    1
(advertise)    44    26501.18    43    26
(relay)    45    34    26526.79    26    26515.29    1    1
(generate)    44    26663.59    [24]    26
(relay)    37    0    26690.0    26    26663.38    1    1
(relay)    45    20    26704.0    27    26700    120    1
(advertise)    44    26704.2    20    27
(relay)    37    36    26734.82    26    26723.1    5    1
(advertise)    44    26735.02    36    26
(relay)    37    1    26764.23    26    26740.51    1    1
(relay)    45    46    26777.03    26    26775.75    5    1
(advertise)    44    26777.23    46    26
(relay)    45    38    26813.44    26    26812.23    3    1
(advertise)    44    26813.64    38    26
(relay)    45    47    26870.45    26    26867.96    5    1
(advertise)    44    26870.65    47    26
(relay)    45    40    26897.67    26    26894.59    3    1
(advertise)    44    26897.87    40    26
(relay)    43    21    26920.28    26    26906.22    5    1
(advertise)    44    26921.08    21    26
(relay)    37    39    26955.09    26    26916.9    1    1
(relay)    43    15    26958.49    26    26938.53    1    1
(relay)    45    30    26976.09    26    26970.29    1    1
(relay)    43    22    26982.49    26    26958.55    1    1
(relay)    43    29    27026.49    27    27011.87    3    1
(advertise)    44    27026.69    29    27
(relay)    37    7    27187.71    27    27183.63    3    1
(advertise)    44    27187.91    7    27
(relay)    37    28    27216.32    27    27213.23    5    1
(advertise)    44    27216.72    28    27
(relay)    37    14    27238.13    27    27212.72    5    1
(advertise)    44    27238.73    14    27
(relay)    45    48    27288.15    27    27284.44    5    1
(advertise)    44    27288.35    48    27
(relay)    45    41    27312.76    27    27307.44    3    1
(advertise)    44    27313.16    41    27
(relay)    45    31    27336.97    27    27329.8    1    1
(relay)    37    37    27355.17    27    27354.6    5    1
(advertise)    44    27355.37    37    27
(relay)    43    42    27378.38    27    27359.19    7    1
(advertise)    44    27379.18    42    27
(relay)    43    35    27398.6    27    27381.54    5    1
(advertise)    44    27401.2    35    27
(relay)    45    45    27407.01    27    27407.0    5    1
(advertise)    44    27423.21    45    27
(relay)    43    13    27449.82    28    27374    113    1
(advertise)    44    27450.02    13    28
(relay)    43    43    27501.04    27    27500.95    7    1
(advertise)    44    27501.24    43    27
(relay)    45    34    27565.65    27    27515.47    1    1
(generate)    44    27663.65    [24]    27
(relay)    37    0    27693.06    27    27663.4    1    1
(relay)    45    20    27702.46    28    27700    120    1
(advertise)    44    27702.66    20    28
(relay)    43    36    27726.28    27    27723.19    5    1
(advertise)    44    27726.88    36    27
(relay)    43    1    27764.49    27    27740.57    1    1
(relay)    45    46    27776.29    27    27775.82    5    1
(advertise)    44    27776.49    46    27
(relay)    37    38    27813.9    27    27812.35    3    1
(advertise)    44    27814.1    38    27
(relay)    45    32    27838.11    27    27818.44    1    1
(relay)    45    47    27869.71    27    27868.04    5    1
(advertise)    44    27869.91    47    27
(relay)    45    40    27897.73    27    27894.63    3    1
(advertise)    44    27897.93    40    27
(relay)    37    21    27921.34    27    27906.3    5    1
(advertise)    44    27921.54    21    27
(relay)    37    39    27943.95    27    27916.95    3    1
(advertise)    44    27944.55    39    27
(relay)    37    15    27967.57    27    27938.53    3    1
(advertise)    44    27968.17    15    27
(relay)    37    30    27989.18    27    27970.48    3    1
(relay)    43    22    27991.18    27    27958.62    3    2
(advertise)    44    27991.98    30    27
(advertise)    44    28013.59    22    27
(relay)    37    29    28032.21    28    28012.05    3    1
(advertise)    44    28035.61    29    28
(relay)    37    9    28053.22    27    28002.1    1    1
(heartbeat)    24    7    28025.28    44    28060.62    4    8
(advertise)    44    28061.02    24    7
(relay)    37    7    28189.43    28    28183.74    3    1
(advertise)    44    28189.63    7    28
(relay)    43    28    28216.64    28    28213.27    9    1
(advertise)    44    28216.84    28    28
(relay)    37    23    28241.66    28    28219.66    1    1
(relay)    43    14    28262.06    28    28212.75    3    1
(advertise)    44    28262.26    14    28
(relay)    45    48    28288.67    28    28284.61    5    1
(advertise)    44    28288.87    48    28
(relay)    45    41    28311.08    28    28307.54    3    1
(advertise)    44    28311.68    41    28
(relay)    37    31    28335.3    28    28329.88    1    1
(relay)    37    37    28355.1    28    28354.61    5    1
(advertise)    44    28355.3    37    28
(relay)    43    42    28379.51    28    28359.23    9    1
(advertise)    44    28379.71    42    28
(relay)    43    35    28400.72    28    28381.66    9    1
(advertise)    44    28402.92    35    28
(relay)    45    45    28407.34    28    28407.18    7    1
(advertise)    44    28425.14    45    28
(relay)    37    16    28451.75    28    28430.71    1    1
(relay)    45    33    28472.55    28    28381.8    1    1
(relay)    43    43    28501.15    28    28501.07    9    1
(advertise)    44    28501.35    43    28
(relay)    45    34    28529.36    28    28515.55    1    1
(relay)    37    2    28633.16    28    28612.3    1    1
(generate)    44    28663.76    [24]    28
(relay)    37    0    28691.97    28    28663.46    1    1
(relay)    45    20    28702.97    29    28700    120    1
(advertise)    44    28703.17    20    29
(relay)    43    36    28725.79    28    28723.28    9    1
(advertise)    44    28727.99    36    28
(relay)    43    1    28760.4    28    28740.68    1    1
(relay)    45    46    28776.4    28    28775.88    5    1
(advertise)    44    28776.6    46    28
(relay)    45    38    28814.41    28    28812.49    3    1
(advertise)    44    28814.61    38    28
(relay)    45    32    28838.63    28    28818.58    1    1
(relay)    45    47    28870.23    28    28868.15    5    1
(advertise)    44    28870.43    47    28
(relay)    45    40    28897.24    28    28894.74    3    1
(advertise)    44    28897.44    40    28
(relay)    43    21    28920.25    28    28906.4    7    1
(advertise)    44    28920.45    21    28
(relay)    45    39    28921.67    28    28916.99    3    1
(advertise)    44    28941.47    39    28
(relay)    37    15    28966.68    28    28938.72    7    1
(advertise)    44    28966.88    15    28
(relay)    37    30    28989.09    28    28970.67    3    1
(advertise)    44    28989.89    30    28
(relay)    43    22    28991.9    28    28959.09    7    1
(advertise)    44    29010.9    22    28
(relay)    37    29    29033.32    29    29012.06    9    1
(advertise)    44    29034.12    29    29
(relay)    37    9    29057.53    28    29002.1    1    1
(relay)    43    7    29190.53    29    29183.84    3    1
(advertise)    44    29190.73    7    29
(relay)    37    28    29215.74    29    29213.29    9    1
(advertise)    44    29215.94    28    29
(relay)    37    23    29239.56    29    29219.72    1    1
(relay)    37    14    29262.96    29    29212.78    5    1
(advertise)    44    29263.16    14    29
(relay)    37    48    29290.17    29    29284.67    3    1
(advertise)    44    29290.77    48    29
(relay)    45    41    29311.38    29    29307.71    3    1
(advertise)    44    29313.18    41    29
(relay)    37    31    29334.8    29    29329.96    1    1
(relay)    37    37    29355.6    29    29354.62    5    1
(advertise)    44    29355.8    37    29
(relay)    43    42    29379.01    29    29359.25    9    1
(advertise)    44    29379.21    42    29
(relay)    37    35    29401.02    29    29381.75    9    1
(advertise)    44    29401.22    35    29
(relay)    45    45    29407.43    29    29407.33    7    1
(advertise)    44    29423.83    45    29
(relay)    37    33    29450.05    29    29382.64    1    1
(relay)    37    16    29474.05    29    29430.87    1    1
(relay)    43    43    29501.65    29    29501.19    9    1
(advertise)    44    29501.85    43    29
(relay)    37    34    29524.26    29    29515.61    1    1
(relay)    37    2    29635.86    29    29612.41    1    1
(generate)    44    29663.86    [24]    29
(relay)    37    0    29688.47    29    29663.5    1    1
(relay)    45    20    29703.27    30    29700    120    1
(advertise)    44    29703.47    20    30
(relay)    45    36    29730.89    29    29723.36    5    1
(advertise)    44    29731.29    36    29
(relay)    43    1    29756.3    29    29740.8    1    1
(relay)    45    46    29776.7    29    29775.97    5    1
(advertise)    44    29776.9    46    29
(relay)    45    38    29814.51    29    29812.63    3    1
(advertise)    44    29814.71    38    29
(relay)    45    32    29837.53    29    29818.74    1    1
(relay)    45    47    29869.33    29    29868.28    5    1
(advertise)    44    29869.53    47    29
(relay)    45    40    29898.54    29    29894.85    3    1
(advertise)    44    29898.74    40    29
(relay)    45    39    29920.55    29    29917.0    3    1
(relay)    37    21    29920.95    29    29906.49    7    2
(advertise)    44    29921.75    39    29
(advertise)    44    29943.96    21    29
(relay)    43    15    29958.58    29    29938.73    9    1
(advertise)    44    29965.98    15    29
(relay)    43    22    29981.39    29    29959.17    9    1
(advertise)    44    29988.39    22    29
(relay)    37    30    29990.8    29    29970.84    3    1
