(relay)    46    13    379.8    1    374    120    1
(advertise)    45    380.0    13    1
(relay)    46    20    706.21    1    700    121    1
(advertise)    45    706.41    20    1
(relay)    46    4    1005.63    2    1000.04    121    1
(advertise)    45    1005.83    4    2
(relay)    44    29    1027.84    1    1009.04    124    1
(advertise)    45    1030.04    29    1
(relay)    44    12    1057.25    1    1040.05    119    1
(advertise)    45    1057.45    12    1
(relay)    44    7    1185.87    1    1181.07    120    1
(advertise)    45    1186.07    7    1
(relay)    46    25    1208.68    1    1206.08    124    1
(advertise)    45    1209.08    25    1
(relay)    46    3    1235.29    1    1195.08    118    1
(advertise)    45    1235.69    3    1
(relay)    44    28    1255.1    1    1211.09    123    1
(advertise)    45    1257.7    28    1
(relay)    46    23    1259.52    1    1217.09    122    1
(relay)    44    14    1276.72    1    1210.09    121    2
(advertise)    45    1279.72    23    1
(advertise)    45    1301.93    14    1
(relay)    46    48    1325.34    1    1280.1    125    1
(advertise)    45    1325.54    48    1
(relay)    38    31    1348.96    1    1327.56    126    1
(advertise)    45    1349.16    31    1
(relay)    46    41    1350.37    1    1305.13    124    1
(relay)    38    37    1369.37    1    1351.36    126    2
(advertise)    45    1370.17    41    1
(relay)    46    27    1372.58    1    1307.13    122    2
(advertise)    45    1391.38    37    1
(generate)    45    1402.2    [24]    1
(advertise)    45    1413.41    27    1
(relay)    44    5    1416.62    1    1303.12    114    1
(relay)    46    19    1417.62    1    1320.14    120    2
(advertise)    45    1436.62    5    1
(advertise)    45    1459.23    19    1
(relay)    46    33    1484.25    1    1377.18    124    1
(advertise)    45    1484.45    33    1
(relay)    38    16    1522.26    1    1426.2    123    1
(advertise)    45    1522.46    16    1
(relay)    44    43    1525.07    1    1498.03    126    1
(relay)    38    35    1543.27    1    1374.16    122    2
(advertise)    45    1544.67    43    1
(relay)    46    11    1553.09    1    1321.13    120    2
(advertise)    45    1565.89    35    1
(advertise)    45    1587.9    11    1
(relay)    38    13    1611.71    2    1374    118    1
(advertise)    45    1612.31    13    2
(relay)    46    34    1619.73    1    1512.06    123    1
(advertise)    45    1634.73    34    1
(relay)    38    10    1658.54    1    1520.06    119    1
(advertise)    45    1659.34    10    1
(relay)    44    44    1662.15    1    1662.14    127    1
(relay)    38    17    1680.15    1    1605.11    122    2
(advertise)    45    1680.55    44    1
(advertise)    45    1704.56    17    1
(relay)    44    2    1726.98    1    1611.11    121    1
(advertise)    45    1727.58    2    1
(relay)    44    36    1750.39    1    1721.15    125    1
(advertise)    45    1750.59    36    1
(relay)    38    0    1773.6    1    1661.07    117    1
(advertise)    45    1774.2    0    1
(relay)    38    20    1798.02    2    1700    121    1
(advertise)    45    1798.42    20    2
(relay)    38    38    1811.03    1    1810.02    127    1
(advertise)    45    1821.23    38    1
(relay)    38    1    1840.84    1    1738.16    118    1
(relay)    46    32    1843.24    1    1815.03    125    2
(advertise)    45    1844.44    1    1
(advertise)    45    1866.86    32    1
(relay)    44    26    1868.87    1    1827.04    119    1
(relay)    46    47    1888.67    1    1866.07    126    2
(advertise)    45    1890.47    26    1
(advertise)    45    1911.88    47    1
(relay)    38    39    1929.89    1    1913.09    126    1
(relay)    46    40    1931.89    1    1893.08    125    2
(advertise)    45    1932.89    39    1
(advertise)    45    1954.91    40    1
(relay)    46    18    1976.72    1    1886.28    119    1
(advertise)    45    1977.12    18    1
(relay)    44    30    1996.13    1    1965.11    125    1
(relay)    46    8    1996.93    1    1907.07    117    2
(advertise)    45    1998.73    30    1
(advertise)    45    2020.95    8    1
(relay)    44    22    2039.56    1    1954.29    123    1
(relay)    46    21    2041.56    1    1904.07    116    2
(advertise)    45    2042.96    22    1
(relay)    38    15    2045.17    1    1932.08    122    2
(advertise)    45    2064.77    21    1
(advertise)    45    2085.79    15    1
(relay)    46    6    2108.0    1    1961.0    117    1
(advertise)    45    2109.2    6    1
(relay)    46    9    2129.81    1    1998.13    118    1
(advertise)    45    2130.21    9    1
(relay)    38    29    2134.42    2    2009.13    124    1
(relay)    46    4    2151.42    3    2000.15    119    2
(advertise)    45    2152.62    29    2
(advertise)    45    2173.64    4    3
(relay)    46    12    2195.25    2    2040.16    121    1
(advertise)    45    2195.65    12    2
(relay)    46    7    2219.06    2    2181.21    116    1
(advertise)    45    2219.46    7    2
(relay)    46    25    2241.88    2    2207.06    122    1
(advertise)    45    2243.08    25    2
(relay)    46    14    2262.89    2    2210.25    117    1
(advertise)    45    2266.89    14    2
(relay)    44    23    2268.1    2    2217.25    124    1
(advertise)    45    2289.7    23    2
(relay)    46    3    2305.32    2    2195.25    118    1
(advertise)    45    2311.72    3    2
(relay)    38    28    2314.73    2    2211.25    123    1
(relay)    46    48    2329.13    2    2280.29    125    2
(advertise)    45    2334.73    28    2
(advertise)    45    2355.94    48    2
(relay)    38    31    2359.55    2    2327.74    126    1
(relay)    46    41    2372.95    2    2305.32    124    2
(advertise)    45    2378.35    31    2
(advertise)    45    2399.77    41    2
(generate)    45    2402.38    [24]    2
(relay)    38    37    2404.79    2    2351.53    126    1
(relay)    46    27    2418.39    2    2307.29    122    2
(relay)    44    42    2422.19    2    2352.32    125    3
(advertise)    45    2422.99    37    2
(relay)    44    35    2443.81    2    2374.33    122    3
(advertise)    45    2445.01    27    2
(relay)    38    19    2448.62    2    2320.32    122    3
(advertise)    45    2466.82    42    2
(advertise)    45    2489.23    35    2
(relay)    46    33    2504.04    2    2377.35    124    2
(advertise)    45    2511.24    19    2
(advertise)    45    2532.26    33    2
(relay)    44    5    2534.47    2    2303.29    118    1
(relay)    44    43    2554.47    2    2498.21    126    2
(advertise)    45    2555.87    5    2
(advertise)    45    2577.68    43    2
(relay)    46    34    2591.7    2    2512.23    123    1
(advertise)    45    2598.7    34    2
(relay)    44    11    2622.51    2    2321.32    118    1
(advertise)    45    2622.91    11    2
(relay)    46    16    2635.32    2    2426.38    121    1
(advertise)    45    2645.12    16    2
(relay)    44    44    2662.94    2    2662.31    127    1
(advertise)    45    2667.14    44    2
(relay)    44    10    2688.55    2    2520.24    119    1
(advertise)    45    2688.95    10    2
(relay)    46    17    2703.16    2    2605.28    120    1
(advertise)    45    2710.96    17    2
(relay)    46    20    2749.57    3    2700    121    1
(advertise)    45    2749.77    20    3
(relay)    46    2    2772.39    2    2611.27    119    1
(relay)    44    36    2772.59    2    2721.35    125    2
(advertise)    45    2772.79    2    2
(relay)    46    46    2774.8    2    2774.2    127    2
(advertise)    45    2796.8    36    2
(relay)    38    38    2810.21    2    2810.2    127    2
(advertise)    45    2817.81    46    2
(advertise)    45    2840.23    38    2
(relay)    38    1    2850.04    2    2738.31    118    1
(advertise)    45    2861.44    1    2
(relay)    38    32    2872.05    2    2815.21    125    1
(advertise)    45    2882.85    32    2
(relay)    46    47    2886.87    2    2866.25    126    1
(relay)    38    0    2894.47    2    2661.18    119    2
(advertise)    45    2905.67    47    2
(relay)    38    26    2915.48    2    2827.21    123    2
(advertise)    45    2927.48    0    2
(relay)    46    40    2931.89    2    2893.27    125    2
(advertise)    45    2949.89    26    2
(relay)    38    39    2961.7    2    2913.28    126    2
(advertise)    45    2971.1    40    2
(advertise)    45    2992.52    39    2
(relay)    44    18    2997.13    2    2886.45    119    1
(advertise)    45    3014.33    18    2
(relay)    38    21    3026.14    2    2904.25    122    1
(advertise)    45    3035.34    21    2
(relay)    38    30    3047.96    2    2966.3    125    1
(advertise)    45    3057.76    30    2
(relay)    38    8    3077.97    2    2907.23    117    1
(advertise)    45    3079.77    8    2
(relay)    44    29    3085.18    3    3009.32    124    1
(relay)    38    22    3100.98    2    2954.48    123    2
(advertise)    45    3102.38    29    3
(advertise)    45    3125.4    22    2
(relay)    38    15    3145.01    2    2932.27    122    1
(advertise)    45    3149.41    15    2
(relay)    38    4    3169.62    4    3000.29    119    1
(advertise)    45    3171.82    4    4
(relay)    38    9    3192.63    2    2998.3    122    1
(advertise)    45    3194.23    9    2
(relay)    38    6    3217.05    2    2961.01    119    1
(advertise)    45    3217.25    6    2
(relay)    38    28    3239.06    3    3211.43    123    1
(advertise)    45    3240.46    28    3
(relay)    38    14    3259.47    3    3211.23    121    1
(advertise)    45    3263.27    14    3
(relay)    46    12    3264.49    3    3040.34    119    1
(relay)    46    25    3285.69    3    3207.23    124    2
(advertise)    45    3286.29    12    3
(advertise)    45    3307.7    25    3
(relay)    44    23    3313.71    3    3217.43    122    1
(advertise)    45    3329.91    23    3
(relay)    38    7    3350.33    3    3181.37    120    1
(advertise)    45    3351.93    7    3
(relay)    38    31    3373.14    3    3327.93    126    1
(advertise)    45    3375.74    31    3
(relay)    44    37    3380.95    3    3351.71    126    1
(relay)    38    48    3395.35    3    3280.66    123    2
(advertise)    45    3399.15    37    3
(generate)    45    3402.56    [24]    3
(advertise)    45    3420.38    48    3
(relay)    44    42    3424.99    3    3352.51    125    1
(relay)    38    3    3439.19    3    3195.43    118    2
(advertise)    45    3444.99    42    3
(advertise)    45    3468.4    3    3
(relay)    38    41    3485.82    3    3305.5    122    1
(relay)    46    27    3489.22    3    3307.46    122    2
(advertise)    45    3489.82    41    3
(advertise)    45    3510.83    27    3
(relay)    44    35    3517.24    3    3374.53    124    1
(advertise)    45    3532.04    35    3
(relay)    44    19    3540.26    3    3320.51    116    1
(relay)    46    33    3554.46    3    3377.54    124    2
(advertise)    45    3556.06    19    3
(advertise)    45    3577.47    33    3
(relay)    44    43    3587.28    3    3498.4    126    1
(advertise)    45    3598.88    43    3
(relay)    46    5    3600.09    3    3303.45    118    1
(advertise)    45    3620.49    5    3
(relay)    44    11    3630.11    3    3321.49    116    1
(advertise)    45    3641.91    11    3
(relay)    46    34    3643.32    3    3512.4    123    1
(advertise)    45    3662.92    34    3
(relay)    46    13    3666.93    4    3374    118    1
(relay)    44    16    3677.13    3    3426.55    119    2
(advertise)    45    3685.73    13    4
(advertise)    45    3707.75    16    3
(relay)    38    44    3748.36    3    3662.49    125    1
(advertise)    45    3748.56    44    3
(relay)    46    10    3754.57    3    3520.42    117    1
(relay)    44    36    3765.77    3    3721.55    125    2
(advertise)    45    3769.77    10    3
(relay)    46    46    3775.39    3    3774.37    127    2
(advertise)    45    3791.39    36    3
(relay)    38    17    3793.2    3    3605.47    122    2
(relay)    38    38    3810.4    3    3810.39    127    3
(advertise)    45    3813.4    46    3
(relay)    38    20    3835.41    4    3700    121    3
(advertise)    45    3836.41    17    3
(advertise)    45    3859.62    38    3
(relay)    44    0    3877.44    3    3661.34    119    2
(relay)    38    2    3882.24    3    3611.46    119    3
(advertise)    45    3883.64    20    4
(advertise)    45    3905.65    0    3
(relay)    38    26    3927.66    3    3827.4    123    2
(advertise)    45    3928.26    2    3
(relay)    44    32    3941.68    3    3815.41    123    2
(advertise)    45    3949.28    26    3
(advertise)    45    3972.29    32    3
(relay)    46    39    3973.7    3    3913.46    126    1
(relay)    44    1    3983.5    3    3738.51    120    2
(relay)    38    40    3993.7    3    3893.45    125    3
(advertise)    45    3994.5    39    3
(advertise)    45    4016.52    1    3
(relay)    44    30    4027.93    3    3966.49    125    2
(advertise)    45    4038.13    40    3
(relay)    44    21    4050.34    3    3904.42    122    2
(advertise)    45    4059.14    30    3
(advertise)    45    4081.15    21    3
(relay)    46    18    4082.97    3    3886.62    117    1
(relay)    44    22    4094.77    3    3955.68    123    2
(advertise)    45    4102.77    18    3
(relay)    44    29    4117.78    4    4009.52    124    2
(advertise)    45    4124.98    22    3
(advertise)    45    4145.99    29    4
(relay)    46    8    4149.21    3    3907.42    119    1
(heartbeat)    24    1    4025.2    45    4153.01    127    0
(relay)    44    47    4160.61    3    3866.44    122    3
(advertise)    45    4167.61    8    3
(relay)    44    15    4181.62    3    3932.45    122    3
(advertise)    45    4191.62    24    1
(advertise)    45    4213.63    47    3
(relay)    46    6    4217.05    3    3961.03    117    2
(advertise)    45    4235.85    15    3
(relay)    44    9    4246.46    3    3998.49    122    2
(advertise)    45    4257.06    6    3
(relay)    46    4    4261.47    5    4000.49    121    2
(advertise)    45    4278.27    9    3
(relay)    44    28    4297.68    4    4211.63    2    2
(advertise)    45    4300.48    4    5
(relay)    46    12    4305.3    4    4040.54    119    2
(advertise)    45    4321.9    28    4
(relay)    38    31    4335.31    4    4328.08    2    2
(advertise)    45    4343.91    12    4
(relay)    46    41    4347.52    4    4305.7    4    2
(relay)    38    48    4356.52    4    4280.82    4    3
(relay)    44    37    4366.32    4    4351.72    4    4
(advertise)    45    4366.52    31    4
(relay)    44    42    4388.14    4    4352.7    6    4
(advertise)    45    4389.94    41    4
(relay)    46    27    4391.75    4    4307.63    2    4
(generate)    45    4402.75    [24]    4
(advertise)    45    4411.96    48    4
(advertise)    45    4434.98    37    4
(relay)    46    33    4436.79    4    4377.72    2    3
(relay)    38    7    4448.99    4    4181.57    120    4
(advertise)    45    4455.99    42    4
(advertise)    45    4477.6    27    4
(advertise)    45    4498.61    33    4
(relay)    38    35    4506.03    4    4374.71    4    2
(advertise)    45    4521.83    7    4
(advertise)    45    4543.84    35    4
(relay)    46    34    4567.85    4    4512.59    2    1
(advertise)    45    4568.85    34    4
(relay)    38    43    4571.67    4    4498.6    4    1
(advertise)    45    4591.87    43    4
(relay)    44    44    4663.08    4    4662.61    6    1
(advertise)    45    4663.28    44    4
(relay)    46    20    4704.49    5    4700    121    1
(advertise)    45    4704.69    20    5
(relay)    44    36    4728.51    4    4721.64    4    1
(advertise)    45    4728.71    36    4
(relay)    46    46    4775.52    4    4774.48    6    1
(advertise)    45    4775.72    46    4
(relay)    38    38    4810.53    4    4810.45    4    1
(advertise)    45    4810.73    38    4
(relay)    38    32    4832.94    4    4815.54    2    1
(advertise)    45    4833.74    32    4
(relay)    46    47    4868.36    4    4866.53    6    1
(advertise)    45    4868.56    47    4
(relay)    46    40    4895.17    4    4893.52    4    1
(advertise)    45    4895.37    40    4
(relay)    46    39    4916.58    4    4913.64    4    1
(advertise)    45    4917.18    39    4
(relay)    38    30    4974.0    4    4966.6    2    1
(advertise)    45    4974.2    30    4
(relay)    44    29    5011.61    5    5009.66    2    1
(advertise)    45    5011.81    29    5
(relay)    46    12    5049.82    5    5040.56    2    1
(advertise)    45    5050.02    12    5
(relay)    46    48    5282.44    5    5280.87    6    1
(advertise)    45    5282.64    48    5
(relay)    38    41    5309.85    5    5305.81    4    1
(advertise)    45    5310.05    41    5
(relay)    38    31    5330.86    5    5328.2    2    1
(advertise)    45    5331.66    31    5
(relay)    44    37    5352.07    5    5351.77    4    1
(advertise)    45    5354.87    37    5
(relay)    38    42    5377.29    5    5353.73    4    1
(advertise)    45    5377.89    42    5
(generate)    45    5402.9    [24]    5
(relay)    46    13    5425.31    6    5374    118    1
(advertise)    45    5425.51    13    6
(relay)    38    35    5469.93    5    5375.65    2    1
(advertise)    45    5470.13    35    5
(relay)    44    43    5500.94    5    5498.69    6    1
(advertise)    45    5501.14    43    5
(relay)    46    34    5530.15    5    5512.77    2    1
(advertise)    45    5530.35    34    5
(relay)    44    44    5663.17    5    5662.65    6    1
(advertise)    45    5663.37    44    5
(relay)    38    36    5722.38    5    5721.67    4    1
(advertise)    45    5722.58    36    5
(relay)    46    46    5775.59    5    5774.67    6    1
(advertise)    45    5775.79    46    5
(relay)    38    38    5810.6    5    5810.51    4    1
(advertise)    45    5810.8    38    5
(relay)    38    32    5832.82    5    5815.67    2    1
(advertise)    45    5833.22    32    5
(relay)    38    26    5858.63    5    5827.46    2    1
(advertise)    45    5858.83    26    5
(relay)    46    47    5868.64    5    5866.55    6    1
(advertise)    45    5881.24    47    5
(relay)    46    40    5901.26    5    5893.55    4    1
(advertise)    45    5905.66    40    5
(relay)    46    39    5923.07    5    5913.79    4    1
(advertise)    45    5927.67    39    5
(relay)    44    30    5976.48    5    5966.76    2    1
(advertise)    45    5976.68    30    5
(relay)    44    29    6012.1    6    6009.66    2    1
(advertise)    45    6012.3    29    6
(relay)    46    12    6068.91    6    6040.59    2    1
(advertise)    45    6069.11    12    6
(relay)    44    28    6216.12    6    6211.77    2    1
(advertise)    45    6216.32    28    6
(relay)    46    48    6282.73    6    6281.05    6    1
(advertise)    45    6282.93    48    6
(relay)    46    41    6309.35    6    6305.86    4    1
(advertise)    45    6309.55    41    6
(relay)    38    31    6330.36    6    6328.22    2    1
(advertise)    45    6332.36    31    6
(relay)    44    37    6352.77    6    6351.93    4    1
(advertise)    45    6354.37    37    6
(relay)    38    42    6377.99    6    6353.91    4    1
(advertise)    45    6379.39    42    6
(relay)    44    35    6402.0    6    6375.96    4    1
(advertise)    45    6402.6    35    6
(generate)    45    6403.81    [24]    6
(relay)    38    33    6424.23    6    6378.5    2    1
(advertise)    45    6426.03    33    6
(relay)    46    13    6449.44    7    6374    120    1
(advertise)    45    6450.04    13    7
(relay)    44    43    6500.05    6    6498.76    6    1
(advertise)    45    6500.25    43    6
(relay)    46    34    6535.66    6    6512.94    2    1
(advertise)    45    6535.86    34    6
(relay)    44    44    6663.68    6    6662.68    6    1
(advertise)    45    6663.88    44    6
(relay)    38    20    6703.69    7    6700    121    1
(advertise)    45    6703.89    20    7
(relay)    38    36    6726.7    6    6721.75    4    1
(advertise)    45    6727.1    36    6
(relay)    46    46    6775.72    6    6774.72    6    1
(advertise)    45    6775.92    46    6
(relay)    38    38    6811.13    6    6810.64    4    1
(advertise)    45    6811.33    38    6
(relay)    38    32    6833.74    6    6815.79    2    1
(advertise)    45    6833.94    32    6
(relay)    46    26    6858.96    6    6827.5    2    1
(advertise)    45    6859.76    26    6
(relay)    46    47    6879.17    6    6866.61    6    1
(advertise)    45    6881.37    47    6
(relay)    46    40    6902.18    6    6893.6    4    1
(advertise)    45    6905.38    40    6
(relay)    46    39    6924.59    6    6913.95    4    1
(advertise)    45    6926.99    39    6
(relay)    38    30    6973.41    6    6966.9    2    1
(advertise)    45    6973.61    30    6
(relay)    44    29    7012.82    7    7009.69    2    1
(advertise)    45    7013.02    29    7
(relay)    38    28    7216.43    7    7211.8    2    1
(advertise)    45    7216.63    28    7
(relay)    46    48    7283.45    7    7281.2    6    1
(advertise)    45    7283.65    48    7
(relay)    44    41    7312.46    7    7305.89    2    1
(advertise)    45    7312.66    41    7
(relay)    38    31    7331.47    7    7328.28    2    1
(relay)    46    27    7331.67    7    7307.88    2    2
(advertise)    45    7334.87    31    7
(relay)    44    37    7353.29    7    7351.95    4    2
(advertise)    45    7356.09    27    7
(relay)    44    42    7376.5    7    7354.11    6    2
(advertise)    45    7378.3    37    7
(advertise)    45    7399.51    42    7
(relay)    44    35    7401.32    7    7376.07    4    1
(generate)    45    7403.92    [24]    7
(advertise)    45    7420.74    35    7
(relay)    44    43    7500.15    7    7498.83    6    1
(advertise)    45    7500.35    43    7
(relay)    46    13    7522.96    8    7374    116    1
(advertise)    45    7523.56    13    8
(relay)    46    34    7546.98    7    7513.12    2    1
(advertise)    45    7547.78    34    7
(relay)    44    44    7663.79    7    7662.86    6    1
(advertise)    45    7663.99    44    7
(relay)    46    20    7702.8    8    7700    121    1
(advertise)    45    7703.0    20    8
(relay)    38    36    7732.62    7    7721.81    4    1
(advertise)    45    7732.82    36    7
(relay)    46    46    7774.83    7    7774.77    6    1
(advertise)    45    7775.03    46    7
(relay)    38    38    7811.24    7    7810.72    4    1
(advertise)    45    7811.44    38    7
(relay)    38    32    7834.25    7    7815.92    2    1
(advertise)    45    7834.45    32    7
(relay)    38    26    7859.47    7    7827.54    2    1
(advertise)    45    7859.67    26    7
(relay)    46    47    7882.08    7    7866.67    6    1
(advertise)    45    7882.68    47    7
(relay)    38    40    7903.09    7    7893.63    4    1
(advertise)    45    7903.69    40    7
(relay)    38    39    7924.51    7    7914.14    4    1
(advertise)    45    7925.91    39    7
(relay)    38    30    7971.52    7    7966.93    2    1
(advertise)    45    7971.72    30    7
(relay)    44    29    8020.33    8    8009.72    2    1
(advertise)    45    8020.53    29    8
(heartbeat)    24    2    8025.21    45    8044.75    3    3
(advertise)    45    8044.95    24    2
(relay)    38    28    8232.36    8    8211.83    2    1
(advertise)    45    8232.56    28    8
(relay)    46    48    8283.97    8    8281.23    6    1
(advertise)    45    8284.17    48    8
(relay)    46    41    8310.58    8    8305.98    4    1
(advertise)    45    8310.78    41    8
(relay)    38    31    8332.2    8    8328.38    2    1
(advertise)    45    8333.0    31    8
(relay)    44    37    8353.41    8    8352.0    4    1
(advertise)    45    8355.21    37    8
(relay)    44    42    8377.42    8    8354.36    6    1
(advertise)    45    8377.62    42    8
(relay)    44    35    8398.64    8    8376.21    4    1
(advertise)    45    8401.44    35    8
(generate)    45    8404.05    [24]    8
(relay)    38    33    8444.66    8    8378.84    2    1
(advertise)    45    8444.86    33    8
(relay)    38    13    8469.88    9    8374    114    1
(advertise)    45    8470.88    13    9
(relay)    44    43    8499.49    8    8498.95    6    1
(advertise)    45    8499.69    43    8
(relay)    46    34    8527.1    8    8513.13    2    1
(advertise)    45    8527.3    34    8
(relay)    44    44    8663.91    8    8662.91    6    1
(advertise)    45    8664.11    44    8
(relay)    46    20    8701.93    9    8700    121    1
(advertise)    45    8702.13    20    9
(relay)    44    36    8725.14    8    8721.92    4    1
(advertise)    45    8725.34    36    8
(relay)    46    46    8774.95    8    8774.83    6    1
(advertise)    45    8775.15    46    8
(relay)    38    38    8811.37    8    8810.82    4    1
(advertise)    45    8811.57    38    8
(relay)    38    32    8834.78    8    8816.11    2    1
(advertise)    45    8835.58    32    8
(relay)    46    47    8867.99    8    8866.75    6    1
(advertise)    45    8868.19    47    8
(relay)    46    40    8895.21    8    8893.64    4    1
(advertise)    45    8895.41    40    8
(relay)    46    39    8917.42    8    8914.16    4    1
(advertise)    45    8919.42    39    8
(relay)    38    30    8969.23    8    8967.08    2    1
(advertise)    45    8969.43    30    8
(relay)    44    29    9013.24    9    9009.74    2    1
(advertise)    45    9013.44    29    9
(relay)    44    28    9215.06    9    9211.87    2    1
(advertise)    45    9215.26    28    9
(relay)    46    48    9284.27    9    9281.39    6    1
(advertise)    45    9284.47    48    9
(relay)    46    41    9307.88    9    9306.02    4    1
(advertise)    45    9308.88    41    9
(relay)    38    31    9332.3    9    9328.42    2    1
(advertise)    45    9332.5    31    9
(relay)    44    37    9353.51    9    9352.16    4    1
(advertise)    45    9355.51    37    9
(relay)    44    42    9380.12    9    9355.56    4    1
(advertise)    45    9380.32    42    9
(relay)    44    35    9401.54    9    9377.28    4    1
(advertise)    45    9403.34    35    9
(generate)    45    9404.55    [24]    9
(relay)    44    43    9499.56    9    9499.22    6    1
(advertise)    45    9499.76    43    9
(relay)    46    34    9526.77    9    9513.3    2    1
(advertise)    45    9526.97    34    9
(relay)    38    44    9664.79    9    9662.93    4    1
(advertise)    45    9664.99    44    9
(relay)    38    20    9702.6    10    9700    121    1
(advertise)    45    9702.8    20    10
(relay)    38    36    9726.01    9    9721.94    4    1
(advertise)    45    9726.81    36    9
(relay)    46    46    9775.03    9    9774.85    6    1
(advertise)    45    9775.23    46    9
(relay)    38    38    9811.44    9    9810.9    4    1
(advertise)    45    9811.64    38    9
(relay)    38    32    9834.65    9    9816.18    2    1
(advertise)    45    9835.05    32    9
(relay)    46    47    9867.67    9    9866.79    6    1
(advertise)    45    9867.87    47    9
(relay)    46    40    9895.28    9    9893.66    4    1
(advertise)    45    9895.88    40    9
(relay)    46    39    9917.49    9    9914.3    4    1
(advertise)    45    9919.89    39    9
(relay)    38    30    9986.71    9    9967.22    2    1
(advertise)    45    9986.91    30    9
(relay)    44    29    10014.72    10    10009.92    2    1
(advertise)    45    10014.92    29    10
(relay)    44    28    10214.93    10    10212.06    2    1
(advertise)    45    10215.13    28    10
(relay)    46    48    10284.34    10    10281.53    6    1
(advertise)    45    10284.54    48    10
(relay)    46    41    10308.16    10    10306.08    4    1
(advertise)    45    10308.56    41    10
(relay)    38    31    10329.37    10    10328.45    2    1
(advertise)    45    10330.17    31    10
(relay)    44    37    10353.98    10    10352.36    4    1
(advertise)    45    10354.18    37    10
(relay)    44    42    10377.6    10    10356.15    6    1
(advertise)    45    10377.8    42    10
(relay)    44    35    10399.21    10    10377.36    4    1
(advertise)    45    10400.01    35    10
(generate)    45    10404.62    [24]    10
(relay)    38    33    10446.04    10    10379.16    2    1
(advertise)    45    10446.24    33    10
(relay)    44    13    10469.85    11    10374    118    1
(advertise)    45    10470.45    13    11
(relay)    44    43    10500.06    10    10499.28    6    1
(advertise)    45    10500.26    43    10
(relay)    46    34    10525.27    10    10513.32    2    1
(advertise)    45    10525.67    34    10
(relay)    44    44    10663.09    10    10662.97    6    1
(advertise)    45    10663.29    44    10
(relay)    44    36    10724.9    10    10721.98    4    1
(advertise)    45    10725.1    36    10
(relay)    46    46    10775.11    10    10775.05    6    1
(advertise)    45    10775.31    46    10
(relay)    38    38    10811.93    10    10810.93    4    1
(advertise)    45    10812.13    38    10
(relay)    38    32    10835.94    10    10816.32    2    1
(advertise)    45    10838.54    32    10
(relay)    46    47    10867.55    10    10866.84    6    1
(advertise)    45    10867.75    47    10
(relay)    46    40    10896.17    10    10893.74    4    1
(advertise)    45    10896.57    40    10
(relay)    38    39    10919.98    10    10914.45    4    1
(advertise)    45    10920.58    39    10
(relay)    38    30    10969.59    10    10967.37    2    1
(advertise)    45    10969.79    30    10
(relay)    44    29    11035.4    11    11010.09    2    1
(advertise)    45    11035.6    29    11
(relay)    44    28    11214.22    11    11212.07    2    1
(advertise)    45    11214.42    28    11
(relay)    46    48    11286.83    11    11281.68    4    1
(advertise)    45    11287.03    48    11
(relay)    46    41    11308.64    11    11306.16    4    1
(advertise)    45    11309.44    41    11
(relay)    38    31    11332.86    11    11328.52    2    1
(advertise)    45    11333.46    31    11
(relay)    44    37    11354.67    11    11352.51    4    1
(advertise)    45    11355.07    37    11
(relay)    38    42    11378.88    11    11356.49    4    1
(advertise)    45    11379.48    42    11
(relay)    44    35    11399.5    11    11378.28    4    1
(advertise)    45    11401.5    35    11
(generate)    45    11404.71    [24]    11
(relay)    38    33    11469.72    11    11379.51    2    1
(advertise)    45    11469.92    33    11
(relay)    44    43    11500.73    11    11499.37    6    1
(advertise)    45    11500.93    43    11
(relay)    46    34    11529.35    11    11513.52    2    1
(advertise)    45    11529.75    34    11
(relay)    44    44    11663.16    11    11662.99    6    1
(advertise)    45    11663.36    44    11
(relay)    46    20    11704.57    12    11700    121    1
(advertise)    45    11704.77    20    12
(relay)    38    36    11729.99    11    11722.06    4    1
(advertise)    45    11730.19    36    11
(relay)    46    46    11775.6    11    11775.07    6    1
(advertise)    45    11775.8    46    11
(relay)    38    38    11812.01    11    11810.99    4    1
(advertise)    45    11812.21    38    11
(relay)    38    32    11834.43    11    11816.46    2    1
(advertise)    45    11836.43    32    11
(relay)    46    47    11867.84    11    11866.9    6    1
(advertise)    45    11868.04    47    11
(relay)    46    40    11896.65    11    11893.8    4    1
(advertise)    45    11896.85    40    11
(relay)    46    39    11918.06    11    11914.62    4    1
(advertise)    45    11918.86    39    11
(relay)    38    30    11969.68    11    11967.53    2    1
(advertise)    45    11969.88    30    11
(relay)    44    29    12020.49    12    12010.1    2    1
(advertise)    45    12020.69    29    12
(heartbeat)    24    3    12025.23    45    12028.1    3    5
(advertise)    45    12043.3    24    3
(relay)    38    28    12213.72    12    12212.09    2    1
(advertise)    45    12213.92    28    12
(relay)    46    48    12283.53    12    12281.86    6    1
(advertise)    45    12283.73    48    12
(relay)    44    41    12310.54    12    12306.27    2    1
(advertise)    45    12310.94    41    12
(relay)    38    31    12331.16    12    12328.62    2    1
(advertise)    45    12332.96    31    12
(relay)    38    37    12354.37    12    12352.68    4    1
(advertise)    45    12355.37    37    12
(relay)    44    42    12379.38    12    12357.68    6    1
(advertise)    45    12379.58    42    12
(relay)    46    33    12403.19    12    12379.65    2    1
(advertise)    45    12403.79    33    12
(generate)    45    12405.01    [24]    12
(relay)    46    13    12446.82    13    12374    120    1
(advertise)    45    12447.02    13    13
(relay)    44    43    12500.83    12    12499.46    6    1
(advertise)    45    12501.03    43    12
(relay)    38    34    12527.85    12    12513.71    2    1
(advertise)    45    12528.05    34    12
(relay)    44    44    12663.06    12    12663.04    6    1
(advertise)    45    12663.26    44    12
(relay)    46    20    12706.07    13    12700    121    1
(advertise)    45    12706.27    20    13
(relay)    44    36    12730.89    12    12722.15    2    1
(advertise)    45    12731.09    36    12
(relay)    46    46    12775.7    12    12775.07    6    1
(advertise)    45    12775.9    46    12
(relay)    38    38    12812.11    12    12811.08    4    1
(advertise)    45    12812.31    38    12
(relay)    46    47    12867.92    12    12866.97    6    1
(advertise)    45    12868.12    47    12
(relay)    46    40    12896.74    12    12893.87    4    1
(advertise)    45    12897.14    40    12
(relay)    46    39    12917.15    12    12914.8    4    1
(advertise)    45    12920.15    39    12
(relay)    38    30    12976.56    12    12967.66    2    1
(advertise)    45    12976.76    30    12
(relay)    38    29    13020.38    13    13010.25    2    1
(advertise)    45    13020.58    29    13
(relay)    46    48    13283.59    13    13282.03    6    1
(advertise)    45    13283.79    48    13
(relay)    38    41    13309.2    13    13306.34    4    1
(advertise)    45    13310.4    41    13
(relay)    38    31    13331.02    13    13328.68    2    1
(advertise)    45    13332.42    31    13
(relay)    44    37    13354.23    13    13352.86    4    1
(advertise)    45    13354.63    37    13
(relay)    44    42    13378.04    13    13357.87    6    1
(advertise)    45    13378.64    42    13
(relay)    44    35    13402.45    13    13379.03    4    1
(advertise)    45    13402.65    35    13
(generate)    45    13405.07    [24]    13
(relay)    44    13    13446.28    14    13374    118    1
(advertise)    45    13446.48    13    14
(relay)    44    43    13501.49    13    13499.56    6    1
(advertise)    45    13501.69    43    13
(relay)    46    34    13531.71    13    13513.72    2    1
(advertise)    45    13531.91    34    13
(relay)    44    44    13663.72    13    13663.08    6    1
(advertise)    45    13663.92    44    13
(relay)    38    20    13706.33    14    13700    121    1
(advertise)    45    13706.53    20    14
(relay)    44    36    13729.15    13    13722.22    4    1
(advertise)    45    13730.35    36    13
(relay)    46    46    13775.76    13    13775.11    6    1
(advertise)    45    13775.96    46    13
(relay)    38    38    13811.17    13    13811.16    4    1
(advertise)    45    13811.37    38    13
(relay)    38    32    13833.58    13    13816.71    2    1
(advertise)    45    13834.18    32    13
(relay)    46    47    13868.2    13    13867.06    6    1
(advertise)    45    13868.4    47    13
(relay)    46    40    13896.61    13    13893.92    4    1
(advertise)    45    13896.81    40    13
(relay)    46    39    13918.82    13    13914.98    4    1
(advertise)    45    13919.82    39    13
(relay)    38    30    13970.24    13    13967.81    2    1
(advertise)    45    13970.44    30    13
(relay)    38    29    14017.65    14    14010.42    2    1
(advertise)    45    14017.85    29    14
(relay)    44    28    14214.66    14    14212.28    2    1
(advertise)    45    14214.86    28    14
(relay)    46    48    14282.88    14    14282.2    6    1
(advertise)    45    14283.08    48    14
(relay)    46    41    14308.89    14    14306.42    4    1
(advertise)    45    14309.29    41    14
(relay)    38    31    14331.3    14    14328.87    2    1
(advertise)    45    14332.3    31    14
(relay)    44    37    14353.31    14    14353.02    4    1
(advertise)    45    14355.31    37    14
(relay)    44    42    14379.13    14    14357.87    6    1
(advertise)    45    14379.33    42    14
(relay)    44    35    14402.14    14    14379.13    4    1
(relay)    38    33    14402.54    14    14380.19    2    2
(advertise)    45    14404.54    35    14
(generate)    45    14405.75    [24]    14
(advertise)    45    14426.57    33    14
(relay)    44    43    14501.98    14    14499.65    6    1
(advertise)    45    14502.18    43    14
(relay)    38    34    14533.19    14    14513.73    2    1
(advertise)    45    14533.39    34    14
(relay)    44    44    14663.61    14    14663.1    6    1
(advertise)    45    14663.81    44    14
(relay)    38    20    14706.62    15    14700    121    1
(advertise)    45    14706.82    20    15
(relay)    38    36    14730.23    14    14722.28    2    1
(advertise)    45    14730.63    36    14
(relay)    46    46    14776.24    14    14775.3    6    1
(advertise)    45    14776.44    46    14
(relay)    38    38    14811.26    14    14811.25    4    1
(advertise)    45    14811.46    38    14
(relay)    38    32    14834.67    14    14816.81    2    1
(advertise)    45    14835.47    32    14
(relay)    46    47    14868.88    14    14867.09    6    1
(advertise)    45    14869.08    47    14
(relay)    46    40    14896.3    14    14893.92    4    1
(advertise)    45    14896.7    40    14
(relay)    46    39    14918.91    14    14915.13    4    1
(advertise)    45    14919.31    39    14
(relay)    44    30    14990.12    14    14968.53    2    1
(advertise)    45    14990.32    30    14
(relay)    38    29    15033.94    15    15010.61    2    1
(advertise)    45    15034.14    29    15
(relay)    38    28    15215.95    15    15212.48    2    1
(advertise)    45    15216.15    28    15
(relay)    46    48    15283.96    15    15282.38    6    1
(advertise)    45    15284.16    48    15
(relay)    38    41    15309.17    15    15306.49    4    1
(advertise)    45    15309.57    41    15
(relay)    38    31    15332.19    15    15328.9    2    1
(advertise)    45    15332.39    31    15
(relay)    44    37    15353.6    15    15353.21    4    1
(advertise)    45    15355.4    37    15
(relay)    44    42    15378.21    15    15358.06    6    1
(advertise)    45    15378.41    42    15
(relay)    44    35    15401.43    15    15379.2    4    1
(advertise)    45    15403.43    35    15
(generate)    45    15405.84    [24]    15
(relay)    44    43    15501.85    15    15499.72    6    1
(advertise)    45    15502.05    43    15
(relay)    46    34    15530.07    15    15513.91    2    1
(advertise)    45    15530.27    34    15
(relay)    44    44    15663.68    15    15663.14    6    1
(advertise)    45    15663.88    44    15
(relay)    38    36    15723.09    15    15722.33    4    1
(advertise)    45    15723.29    36    15
(relay)    46    46    15776.3    15    15775.31    6    1
(advertise)    45    15776.5    46    15
(relay)    38    38    15811.32    15    15811.31    4    1
(advertise)    45    15811.52    38    15
(relay)    38    32    15833.93    15    15816.92    2    1
(advertise)    45    15834.33    32    15
(relay)    46    47    15868.94    15    15867.14    6    1
(advertise)    45    15869.14    47    15
(relay)    46    40    15895.96    15    15893.96    4    1
(advertise)    45    15896.16    40    15
(relay)    46    39    15917.57    15    15915.31    4    1
(advertise)    45    15919.17    39    15
(relay)    38    30    15986.78    15    15968.63    2    1
(advertise)    45    15986.98    30    15
(relay)    44    29    16030.8    16    16010.78    2    1
(advertise)    45    16031.0    29    16
(relay)    46    48    16284.41    16    16282.57    6    1
(advertise)    45    16284.61    48    16
(relay)    46    41    16311.02    16    16306.57    4    1
(advertise)    45    16311.22    41    16
(relay)    38    31    16332.23    16    16329.0    2    1
(advertise)    45    16334.63    31    16
(relay)    44    37    16354.25    16    16353.38    4    1
(advertise)    45    16355.65    37    16
(relay)    44    42    16377.66    16    16358.23    6    1
(advertise)    45    16377.86    42    16
(relay)    44    35    16402.27    16    16379.29    4    1
(advertise)    45    16402.67    35    16
(generate)    45    16405.89    [24]    16
(relay)    46    33    16428.7    16    16380.53    2    1
(advertise)    45    16428.9    33    16
(relay)    44    13    16448.31    17    16374    112    1
(advertise)    45    16452.11    13    17
(relay)    44    43    16503.73    16    16499.82    4    1
(advertise)    45    16503.93    43    16
(relay)    46    34    16529.94    16    16514.1    2    1
(advertise)    45    16530.14    34    16
(relay)    44    44    16664.15    16    16663.16    6    1
(advertise)    45    16664.35    44    16
(relay)    46    20    16704.36    17    16700    121    1
(advertise)    45    16704.56    20    17
(relay)    38    36    16733.78    16    16722.44    4    1
(advertise)    45    16733.98    36    16
(relay)    46    46    16776.39    16    16775.36    6    1
(advertise)    45    16776.59    46    16
(relay)    38    38    16811.6    16    16811.42    4    1
(advertise)    45    16811.8    38    16
(relay)    46    47    16869.42    16    16867.21    6    1
(advertise)    45    16869.62    47    16
(relay)    46    40    16894.63    16    16894.01    4    1
(advertise)    45    16895.23    40    16
(relay)    46    39    16918.04    16    16915.48    4    1
(advertise)    45    16918.44    39    16
(relay)    38    30    16984.86    16    16968.82    2    1
(advertise)    45    16985.06    30    16
(relay)    44    29    17030.27    17    17010.81    2    1
(advertise)    45    17030.47    29    17
(relay)    46    48    17284.68    17    17282.72    6    1
(advertise)    45    17284.88    48    17
(relay)    46    41    17311.09    17    17306.61    4    1
(advertise)    45    17311.29    41    17
(relay)    38    31    17332.71    17    17329.08    2    1
(advertise)    45    17334.11    31    17
(relay)    44    37    17354.72    17    17353.41    4    1
(advertise)    45    17356.12    37    17
(relay)    44    42    17377.93    17    17358.25    6    1
(advertise)    45    17378.73    42    17
(relay)    44    35    17401.15    17    17379.41    4    1
(advertise)    45    17402.55    35    17
(relay)    38    33    17405.36    17    17380.7    2    1
(generate)    45    17405.96    [24]    17
(advertise)    45    17425.57    33    17
(relay)    46    13    17450.99    18    17374    118    1
(advertise)    45    17451.39    13    18
(relay)    44    43    17501.2    17    17499.95    6    1
(advertise)    45    17501.4    43    17
(relay)    46    34    17528.21    17    17514.3    2    1
(advertise)    45    17528.41    34    17
(relay)    44    44    17664.22    17    17663.21    6    1
(advertise)    45    17664.42    44    17
(relay)    46    20    17702.04    18    17700    121    1
(advertise)    45    17702.24    20    18
(relay)    44    36    17726.25    17    17722.53    4    1
(advertise)    45    17726.45    36    17
(relay)    46    46    17775.46    17    17775.37    6    1
(advertise)    45    17775.66    46    17
(relay)    38    38    17812.08    17    17811.49    4    1
(advertise)    45    17812.28    38    17
(relay)    38    32    17835.49    17    17817.13    2    1
(advertise)    45    17836.49    32    17
(relay)    46    47    17868.5    17    17867.27    6    1
(advertise)    45    17868.7    47    17
(relay)    46    40    17895.72    17    17894.05    4    1
(advertise)    45    17896.52    40    17
(relay)    46    39    17917.53    17    17915.63    4    1
(advertise)    45    17918.13    39    17
(relay)    44    30    17969.74    17    17968.99    2    1
(advertise)    45    17969.94    30    17
(relay)    38    29    18022.55    18    18010.98    2    1
(advertise)    45    18022.75    29    18
(relay)    44    28    18217.37    18    18212.54    2    1
(advertise)    45    18217.57    28    18
(relay)    46    48    18285.78    18    18282.88    6    1
(advertise)    45    18285.98    48    18
(relay)    46    41    18310.39    18    18306.67    4    1
(advertise)    45    18310.59    41    18
(relay)    38    31    18334.01    18    18329.33    2    1
(advertise)    45    18335.01    31    18
(relay)    44    37    18355.02    18    18353.6    4    1
(advertise)    45    18357.42    37    18
(relay)    44    42    18379.83    18    18358.27    6    1
(advertise)    45    18380.63    42    18
(relay)    44    35    18402.85    18    18379.48    4    1
(advertise)    45    18403.45    35    18
(generate)    45    18406.06    [24]    18
(relay)    46    13    18430.87    19    18374    118    1
(advertise)    45    18431.47    13    19
(relay)    44    43    18500.48    18    18500.05    6    1
(advertise)    45    18500.68    43    18
(relay)    44    44    18664.3    18    18663.25    6    1
(advertise)    45    18664.5    44    18
(relay)    46    20    18701.71    19    18700    121    1
(advertise)    45    18701.91    20    19
(relay)    38    36    18725.32    18    18722.56    4    1
(advertise)    45    18726.32    36    18
(relay)    46    46    18775.54    18    18775.39    6    1
(advertise)    45    18775.74    46    18
(relay)    38    38    18812.15    18    18811.59    4    1
(advertise)    45    18812.35    38    18
(relay)    38    32    18834.96    18    18817.24    2    1
(advertise)    45    18835.96    32    18
(relay)    46    47    18868.58    18    18867.31    6    1
(advertise)    45    18868.78    47    18
(relay)    46    40    18895.79    18    18894.07    4    1
(advertise)    45    18895.99    40    18
(relay)    46    39    18919.6    18    18915.78    4    1
(advertise)    45    18919.8    39    18
(relay)    38    30    18970.01    18    18969.07    2    1
(advertise)    45    18970.21    30    18
(relay)    44    29    19014.83    19    19011.11    2    1
(advertise)    45    19015.03    29    19
(relay)    44    28    19214.84    19    19212.56    2    1
(advertise)    45    19215.24    28    19
(relay)    46    48    19285.85    19    19283.03    6    1
(advertise)    45    19286.05    48    19
(relay)    46    41    19309.47    19    19306.73    4    1
(advertise)    45    19309.87    41    19
(relay)    38    31    19332.48    19    19329.39    2    1
(advertise)    45    19333.08    31    19
(relay)    44    37    19355.49    19    19353.77    4    1
(advertise)    45    19356.49    37    19
(relay)    44    42    19381.91    19    19358.29    6    1
(advertise)    45    19382.31    42    19
(relay)    44    35    19403.52    19    19379.61    4    1
(advertise)    45    19404.32    35    19
(relay)    46    33    19405.53    19    19380.97    2    1
(generate)    45    19406.13    [24]    19
(advertise)    45    19425.54    33    19
(relay)    44    43    19500.56    19    19500.14    6    1
(advertise)    45    19500.76    43    19
(relay)    38    34    19537.57    19    19514.66    2    1
(advertise)    45    19537.77    34    19
(relay)    44    44    19664.18    19    19663.27    6    1
(advertise)    45    19664.38    44    19
(relay)    44    20    19711.6    20    19700    119    1
(advertise)    45    19711.8    20    20
(relay)    38    36    19733.01    19    19722.62    4    1
(advertise)    45    19733.61    36    19
(relay)    46    46    19775.42    19    19775.42    6    1
(advertise)    45    19775.62    46    19
(relay)    38    38    19812.24    19    19811.67    4    1
(advertise)    45    19812.44    38    19
(relay)    38    32    19836.65    19    19817.39    2    1
(advertise)    45    19836.85    32    19
(relay)    46    47    19867.66    19    19867.37    6    1
(advertise)    45    19867.86    47    19
(relay)    44    40    19898.27    19    19894.13    2    1
(advertise)    45    19898.47    40    19
(relay)    46    39    19918.69    19    19915.94    4    1
(advertise)    45    19921.69    39    19
(relay)    38    30    19987.3    19    19969.25    2    1
(advertise)    45    19987.5    30    19
(relay)    44    29    20014.91    20    20011.11    2    1
(advertise)    45    20015.31    29    20
(heartbeat)    24    5    20025.25    45    20029.33    3    7
(advertise)    45    20038.33    24    5
(relay)    44    28    20215.94    20    20212.6    2    1
(advertise)    45    20216.14    28    20
(relay)    46    48    20286.75    20    20283.22    6    1
(advertise)    45    20286.95    48    20
(relay)    46    41    20309.57    20    20306.85    4    1
(advertise)    45    20309.97    41    20
(relay)    38    31    20334.38    20    20329.44    2    1
(advertise)    45    20334.78    31    20
(relay)    44    37    20355.59    20    20353.78    4    1
(advertise)    45    20356.79    37    20
(relay)    44    42    20379.6    20    20358.48    6    1
(advertise)    45    20380.0    42    20
(relay)    44    35    20401.42    20    20379.71    4    1
(advertise)    45    20401.82    35    20
(generate)    45    20406.23    [24]    20
(relay)    38    33    20447.44    20    20381.16    2    1
(advertise)    45    20447.64    33    20
(relay)    46    13    20493.26    21    20374    120    1
(advertise)    45    20493.46    13    21
(relay)    44    43    20501.07    20    20500.26    6    1
(advertise)    45    20518.07    43    20
(relay)    38    34    20578.48    20    20514.68    2    1
(advertise)    45    20578.68    34    20
(relay)    44    44    20663.5    20    20663.33    6    1
(advertise)    45    20663.7    44    20
(relay)    46    36    20727.31    20    20722.68    2    1
(advertise)    45    20727.51    36    20
(relay)    46    46    20775.52    20    20775.47    6    1
(advertise)    45    20775.72    46    20
(relay)    38    38    20812.73    20    20811.74    4    1
(advertise)    45    20812.93    38    20
(relay)    46    32    20838.55    20    20817.52    2    1
(advertise)    45    20838.75    32    20
(relay)    46    47    20868.56    20    20867.44    6    1
(advertise)    45    20868.76    47    20
(relay)    46    40    20896.77    20    20894.21    4    1
(advertise)    45    20896.97    40    20
(relay)    46    39    20919.19    20    20916.13    4    1
(advertise)    45    20919.59    39    20
(relay)    44    29    21026.2    21    21011.29    2    1
(advertise)    45    21026.4    29    21
(relay)    46    48    21286.01    21    21283.37    6    1
(advertise)    45    21286.21    48    21
(relay)    46    41    21307.83    21    21306.94    4    1
(advertise)    45    21308.63    41    21
(relay)    38    31    21330.44    21    21329.49    2    1
(advertise)    45    21330.84    31    21
(relay)    44    42    21378.25    21    21358.67    6    1
(advertise)    45    21378.65    42    21
(relay)    46    37    21403.26    21    21353.93    2    1
(advertise)    45    21403.86    37    21
(generate)    45    21406.28    [24]    21
(relay)    46    33    21446.49    21    21381.34    2    1
(advertise)    45    21446.69    33    21
(relay)    46    35    21487.5    21    21379.78    2    1
(advertise)    45    21487.7    35    21
(relay)    44    43    21501.72    21    21500.32    6    1
(advertise)    45    21510.52    43    21
(relay)    38    13    21532.73    22    21374    120    1
(advertise)    45    21534.33    13    22
(relay)    46    34    21556.94    21    21514.87    2    1
(advertise)    45    21557.54    34    21
(relay)    44    44    21663.36    21    21663.34    6    1
(advertise)    45    21663.56    44    21
(relay)    46    20    21704.57    22    21700    121    1
(advertise)    45    21704.77    20    22
(relay)    44    36    21729.78    21    21722.73    4    1
(advertise)    45    21730.38    36    21
(relay)    46    46    21775.99    21    21775.52    6    1
(advertise)    45    21776.19    46    21
(relay)    38    38    21812.81    21    21811.77    4    1
(advertise)    45    21813.01    38    21
(relay)    38    32    21835.62    21    21817.68    2    1
(advertise)    45    21836.02    32    21
(relay)    46    47    21868.23    21    21867.55    6    1
(advertise)    45    21868.43    47    21
(relay)    46    40    21897.45    21    21894.29    4    1
(advertise)    45    21897.65    40    21
(relay)    46    39    21919.46    21    21916.13    4    1
(advertise)    45    21920.06    39    21
(relay)    38    30    21989.27    21    21969.53    2    1
(advertise)    45    21989.47    30    21
(relay)    44    29    22014.49    22    22011.45    2    1
(advertise)    45    22015.09    29    22
(relay)    44    28    22214.7    22    22212.8    2    1
(advertise)    45    22214.9    28    22
(relay)    46    48    22285.11    22    22283.55    6    1
(advertise)    45    22285.31    48    22
(relay)    46    41    22309.52    22    22307.03    4    1
(advertise)    45    22309.92    41    22
(relay)    38    31    22333.94    22    22329.55    2    1
(advertise)    45    22334.14    31    22
(relay)    44    37    22355.35    22    22354.11    4    1
(advertise)    45    22356.15    37    22
(relay)    44    42    22378.16    22    22358.86    6    1
(advertise)    45    22378.56    42    22
(relay)    44    35    22400.78    22    22379.88    4    1
(advertise)    45    22403.58    35    22
(generate)    45    22406.39    [24]    22
(relay)    44    13    22449.8    23    22374    118    1
(advertise)    45    22450.0    13    23
(relay)    38    33    22490.62    22    22381.52    2    1
(advertise)    45    22490.82    33    22
(relay)    44    43    22501.83    22    22500.4    6    1
(advertise)    45    22513.23    43    22
(relay)    46    34    22540.84    22    22514.87    2    1
(advertise)    45    22541.04    34    22
(relay)    44    44    22663.45    22    22663.39    6    1
(advertise)    45    22663.65    44    22
(relay)    46    20    22705.47    23    22700    121    1
(advertise)    45    22705.67    20    23
(relay)    38    36    22727.28    22    22722.77    4    1
(advertise)    45    22728.08    36    22
(relay)    46    46    22776.09    22    22775.55    6    1
(advertise)    45    22776.29    46    22
(relay)    38    38    22812.91    22    22811.85    4    1
(advertise)    45    22813.11    38    22
(relay)    38    32    22834.92    22    22817.81    2    1
(advertise)    45    22835.92    32    22
(relay)    46    47    22868.93    22    22867.63    6    1
(advertise)    45    22869.13    47    22
(relay)    46    40    22897.55    22    22894.35    4    1
(advertise)    45    22897.75    40    22
(relay)    46    39    22917.76    22    22916.32    4    1
(advertise)    45    22922.56    39    22
(relay)    38    30    22992.57    22    22969.7    2    1
(advertise)    45    22992.77    30    22
(relay)    44    29    23033.78    23    23011.47    2    1
(advertise)    45    23033.98    29    23
(relay)    38    28    23214.8    23    23212.81    2    1
(advertise)    45    23215.0    28    23
(relay)    46    48    23285.41    23    23283.72    6    1
(advertise)    45    23285.61    48    23
(relay)    46    41    23310.42    23    23307.1    4    1
(advertise)    45    23310.62    41    23
(relay)    38    31    23334.64    23    23329.65    2    1
(advertise)    45    23335.24    31    23
(relay)    44    37    23355.25    23    23354.11    4    1
(advertise)    45    23356.85    37    23
(relay)    44    42    23377.86    23    23359.04    6    1
(advertise)    45    23378.86    42    23
(relay)    44    35    23401.28    23    23379.98    4    1
(advertise)    45    23402.28    35    23
(generate)    45    23406.49    [24]    23
(relay)    44    13    23446.3    24    23374    114    1
(advertise)    45    23446.5    13    24
(relay)    44    43    23502.31    23    23500.51    6    1
(advertise)    45    23502.51    43    23
(relay)    38    33    23525.33    23    23381.52    2    1
(advertise)    45    23526.33    33    23
(relay)    46    34    23551.14    23    23514.88    2    1
(advertise)    45    23551.34    34    23
(relay)    44    44    23663.95    23    23663.4    6    1
(advertise)    45    23664.15    44    23
(relay)    46    20    23705.97    24    23700    121    1
(advertise)    45    23706.17    20    24
(relay)    44    36    23729.78    23    23722.86    4    1
(advertise)    45    23730.58    36    23
(relay)    46    46    23776.19    23    23775.6    6    1
(advertise)    45    23776.39    46    23
(relay)    38    38    23812.01    23    23811.92    4    1
(advertise)    45    23812.21    38    23
(relay)    38    32    23835.02    23    23817.93    2    1
(advertise)    45    23835.62    32    23
(relay)    46    47    23869.03    23    23867.71    6    1
(advertise)    45    23869.23    47    23
(relay)    46    40    23896.84    23    23894.39    4    1
(advertise)    45    23897.04    40    23
(relay)    46    39    23918.06    23    23916.48    4    1
(advertise)    45    23918.86    39    23
(relay)    38    30    23986.27    23    23969.85    2    1
(advertise)    45    23986.47    30    23
(relay)    44    29    24013.68    24    24011.66    2    1
(advertise)    45    24014.08    29    24
(heartbeat)    24    6    24025.27    45    24044.3    3    7
(advertise)    45    24044.5    24    6
(relay)    38    7    24185.31    24    24183.37    2    1
(advertise)    45    24185.51    7    24
(relay)    38    28    24215.92    24    24213.0    4    1
(advertise)    45    24216.12    28    24
(relay)    44    14    24261.34    24    24212.47    4    1
(advertise)    45    24261.54    14    24
(relay)    46    48    24284.95    24    24283.92    6    1
(advertise)    45    24285.75    48    24
(relay)    46    41    24309.76    24    24307.17    4    1
(advertise)    45    24309.96    41    24
(relay)    38    31    24331.37    24    24329.72    2    1
(advertise)    45    24332.37    31    24
(relay)    44    37    24354.79    24    24354.29    4    1
(advertise)    45    24354.99    37    24
(relay)    44    42    24381.0    24    24359.06    6    1
(advertise)    45    24381.2    42    24
(relay)    44    35    24402.41    24    24381.29    4    1
(advertise)    45    24402.61    35    24
(generate)    45    24406.63    [24]    24
(relay)    46    33    24447.04    24    24381.55    2    1
(advertise)    45    24447.24    33    24
(relay)    44    43    24502.85    24    24500.6    6    1
(advertise)    45    24503.05    43    24
(relay)    38    34    24531.27    24    24515.08    2    1
(advertise)    45    24531.47    34    24
(relay)    44    44    24664.08    24    24663.46    6    1
(advertise)    45    24664.28    44    24
(relay)    46    20    24705.89    25    24700    121    1
(advertise)    45    24706.09    20    25
(relay)    38    36    24732.5    24    24722.92    2    1
(advertise)    45    24732.9    36    24
(relay)    46    46    24776.72    24    24775.66    6    1
(advertise)    45    24776.92    46    24
(relay)    38    38    24812.13    24    24812.02    4    1
(advertise)    45    24812.33    38    24
(relay)    38    32    24835.94    24    24818.1    2    1
(advertise)    45    24836.74    32    24
(relay)    46    47    24869.56    24    24867.8    6    1
(advertise)    45    24869.76    47    24
(relay)    46    40    24896.17    24    24894.46    4    1
(advertise)    45    24896.37    40    24
(relay)    46    39    24917.18    24    24916.66    4    1
(advertise)    45    24918.98    39    24
(relay)    38    21    24947.4    24    24906.06    2    1
(advertise)    45    24947.6    21    24
(relay)    44    30    24987.41    24    24970.02    2    1
(advertise)    45    24987.61    30    24
(relay)    38    29    25032.02    25    25011.66    2    1
(advertise)    45    25032.22    29    25
(relay)    38    7    25186.03    25    25183.45    2    1
(advertise)    45    25186.23    7    25
(relay)    38    28    25216.45    25    25213.01    4    1
(advertise)    45    25216.65    28    25
(relay)    44    14    25260.66    25    25212.66    4    1
(advertise)    45    25260.86    14    25
(relay)    46    48    25287.07    25    25284.1    6    1
(advertise)    45    25287.67    48    25
(relay)    38    41    25311.49    25    25307.24    4    1
(advertise)    45    25311.69    41    25
(relay)    38    31    25333.9    25    25329.74    2    1
(advertise)    45    25334.1    31    25
(relay)    44    37    25354.71    25    25354.29    4    1
(advertise)    45    25356.11    37    25
(relay)    38    35    25383.73    25    25381.35    4    1
(advertise)    45    25383.93    35    25
(generate)    45    25406.74    [24]    25
(relay)    44    13    25433.35    26    25374    112    1
(advertise)    45    25433.55    13    26
(relay)    44    43    25502.96    25    25500.71    6    1
(advertise)    45    25503.16    43    25
(relay)    46    34    25530.18    25    25515.27    2    1
(advertise)    45    25530.38    34    25
(relay)    44    44    25663.99    25    25663.52    6    1
(advertise)    45    25664.19    44    25
(relay)    38    36    25723.8    25    25722.99    4    1
(advertise)    45    25724.0    36    25
(relay)    46    46    25776.62    25    25775.68    6    1
(advertise)    45    25776.82    46    25
(relay)    38    38    25812.23    25    25812.1    4    1
(advertise)    45    25812.43    38    25
(relay)    38    32    25835.04    25    25818.27    2    1
(advertise)    45    25836.84    32    25
(relay)    46    47    25869.46    25    25867.86    6    1
(advertise)    45    25869.66    47    25
(relay)    46    40    25896.47    25    25894.49    4    1
(advertise)    45    25896.67    40    25
(relay)    44    21    25920.28    25    25906.12    4    1
(advertise)    45    25920.68    21    25
(relay)    44    39    25944.29    25    25916.85    2    1
(advertise)    45    25944.89    39    25
(relay)    38    15    25968.71    25    25937.71    2    1
(advertise)    45    25969.51    15    25
(relay)    44    30    25988.72    25    25970.13    2    1
(advertise)    45    25991.92    30    25
(relay)    44    22    26012.53    25    25958.46    2    1
(advertise)    45    26014.93    22    25
(relay)    44    29    26035.35    26    26011.85    2    1
(advertise)    45    26036.95    29    26
(relay)    38    7    26187.56    26    26183.55    2    1
(advertise)    45    26187.76    7    26
(relay)    46    28    26236.97    26    26213.2    2    1
(advertise)    45    26237.17    28    26
(relay)    38    14    26260.99    26    26212.67    4    1
(advertise)    45    26261.19    14    26
(relay)    46    48    26286.4    26    26284.27    6    1
(advertise)    45    26286.6    48    26
(relay)    46    41    26311.61    26    26307.36    4    1
(advertise)    45    26312.61    41    26
(relay)    38    31    26333.42    26    26329.75    2    1
(advertise)    45    26334.82    31    26
(relay)    44    42    26377.84    26    26359.14    6    1
(advertise)    45    26378.04    42    26
(relay)    44    35    26400.65    26    26381.44    4    1
(advertise)    45    26400.85    35    26
(generate)    45    26406.86    [24]    26
(relay)    46    33    26424.28    26    26381.57    2    1
(advertise)    45    26424.48    33    26
(relay)    44    13    26446.89    27    26374    114    1
(advertise)    45    26447.89    13    27
(relay)    44    43    26502.1    26    26500.82    6    1
(advertise)    45    26502.3    43    26
(relay)    46    34    26524.52    26    26515.29    2    1
(advertise)    45    26526.32    34    26
(relay)    44    44    26664.53    26    26663.59    6    1
(advertise)    45    26664.73    44    26
(relay)    46    20    26703.74    27    26700    121    1
(advertise)    45    26703.94    20    27
(relay)    38    36    26735.15    26    26723.1    4    1
(advertise)    45    26735.35    36    26
(relay)    46    46    26776.77    26    26775.75    6    1
(advertise)    45    26776.97    46    26
(relay)    38    38    26812.78    26    26812.23    4    1
(advertise)    45    26812.98    38    26
(relay)    38    32    26835.19    26    26818.43    2    1
(advertise)    45    26836.39    32    26
(relay)    46    47    26870.21    26    26867.96    6    1
(advertise)    45    26870.41    47    26
(relay)    46    40    26895.62    26    26894.59    4    1
(advertise)    45    26897.02    40    26
(relay)    46    39    26919.83    26    26916.9    4    1
(advertise)    45    26920.03    39    26
(relay)    38    21    26944.45    26    26906.22    4    1
(advertise)    45    26944.85    21    26
(relay)    38    30    26975.86    26    26970.29    2    1
(advertise)    45    26976.06    30    26
(relay)    44    29    27027.67    27    27011.87    2    1
(advertise)    45    27027.87    29    27
(relay)    38    7    27187.08    27    27183.63    2    1
(advertise)    45    27187.28    7    27
(relay)    44    28    27217.7    27    27213.23    4    1
(advertise)    45    27217.9    28    27
(relay)    44    14    27238.91    27    27212.72    4    1
(advertise)    45    27239.31    14    27
(relay)    46    48    27286.92    27    27284.44    6    1
(advertise)    45    27287.12    48    27
(relay)    46    41    27312.54    27    27307.44    4    1
(advertise)    45    27312.74    41    27
(relay)    38    31    27333.75    27    27329.8    2    1
(advertise)    45    27336.35    31    27
(relay)    44    37    27355.96    27    27354.6    4    1
(advertise)    45    27358.76    37    27
(relay)    44    42    27379.78    27    27359.19    6    1
(advertise)    45    27380.78    42    27
(relay)    44    35    27402.19    27    27381.54    4    1
(advertise)    45    27402.99    35    27
(generate)    45    27407.0    [24]    27
(relay)    38    33    27446.81    27    27381.62    2    1
(advertise)    45    27447.01    33    27
(relay)    44    13    27450.63    28    27374    112    1
(advertise)    45    27468.63    13    28
(relay)    38    43    27502.84    27    27500.95    4    1
(advertise)    45    27503.04    43    27
(relay)    38    34    27564.45    27    27515.47    2    1
(advertise)    45    27564.65    34    27
(relay)    44    44    27664.67    27    27663.65    6    1
(advertise)    45    27664.87    44    27
(relay)    46    20    27701.68    28    27700    121    1
(advertise)    45    27701.88    20    28
(relay)    44    36    27727.49    27    27723.19    4    1
(advertise)    45    27728.09    36    27
(relay)    46    46    27775.91    27    27775.82    6    1
(advertise)    45    27776.11    46    27
(relay)    38    38    27812.92    27    27812.35    4    1
(advertise)    45    27813.12    38    27
(relay)    46    32    27836.93    27    27818.44    2    1
(advertise)    45    27837.13    32    27
(relay)    46    47    27869.34    27    27868.04    6    1
(advertise)    45    27869.54    47    27
(relay)    46    40    27896.16    27    27894.63    4    1
(advertise)    45    27897.16    40    27
(relay)    46    39    27918.57    27    27916.95    4    1
(advertise)    45    27920.97    39    27
(relay)    44    21    27922.58    27    27906.3    4    1
(advertise)    45    27943.18    21    27
(relay)    44    15    27968.2    27    27938.53    2    1
(advertise)    45    27968.8    15    27
(relay)    44    30    27992.61    27    27970.48    2    1
(advertise)    45    27992.81    30    27
(relay)    44    22    28014.62    27    27958.62    2    1
(advertise)    45    28014.82    22    27
(relay)    38    29    28036.44    28    28012.05    2    1
(advertise)    45    28038.44    29    28
(heartbeat)    24    7    28025.28    45    28057.45    3    7
(advertise)    45    28060.05    24    7
(relay)    38    7    28190.06    28    28183.74    2    1
(advertise)    45    28190.26    7    28
(relay)    44    28    28217.87    28    28213.27    8    1
(advertise)    45    28218.07    28    28
(relay)    44    14    28262.89    28    28212.75    2    1
(advertise)    45    28263.09    14    28
(relay)    46    48    28287.5    28    28284.61    6    1
(advertise)    45    28287.7    48    28
(relay)    46    41    28310.71    28    28307.54    4    1
(advertise)    45    28310.91    41    28
(relay)    38    31    28335.53    28    28329.88    2    1
(advertise)    45    28336.93    31    28
(relay)    44    37    28355.94    28    28354.61    4    1
(advertise)    45    28359.94    37    28
(relay)    44    42    28380.75    28    28359.23    8    1
(advertise)    45    28381.15    42    28
(relay)    44    35    28402.97    28    28381.66    8    1
(advertise)    45    28403.17    35    28
(generate)    45    28407.18    [24]    28
(relay)    38    33    28471.39    28    28381.8    2    1
(advertise)    45    28471.59    33    28
(relay)    44    43    28501.4    28    28501.07    8    1
(advertise)    45    28501.6    43    28
(relay)    46    34    28528.62    28    28515.55    2    1
(advertise)    45    28528.82    34    28
(relay)    44    44    28664.83    28    28663.76    6    1
(advertise)    45    28665.03    44    28
(relay)    38    20    28702.24    29    28700    121    1
(advertise)    45    28702.44    20    29
(relay)    44    36    28728.46    28    28723.28    8    1
(advertise)    45    28728.66    36    28
(relay)    46    46    28776.07    28    28775.88    6    1
(advertise)    45    28776.27    46    28
(relay)    38    38    28813.08    28    28812.49    4    1
(advertise)    45    28813.28    38    28
(relay)    38    32    28837.3    28    28818.58    2    1
(advertise)    45    28838.5    32    28
(relay)    46    47    28869.51    28    28868.15    6    1
(advertise)    45    28869.71    47    28
(relay)    46    40    28896.52    28    28894.74    4    1
(advertise)    45    28896.72    40    28
(relay)    46    39    28919.73    28    28916.99    4    1
(advertise)    45    28920.73    39    28
(relay)    38    21    28942.75    28    28906.4    6    1
(advertise)    45    28943.55    21    28
(relay)    38    15    28966.76    28    28938.72    6    1
(advertise)    45    28966.96    15    28
(relay)    38    30    28989.97    28    28970.67    2    1
(advertise)    45    28990.17    30    28
(relay)    44    22    29011.99    28    28959.09    6    1
(advertise)    45    29012.59    22    28
(relay)    38    29    29036.0    29    29012.06    8    1
(advertise)    45    29036.6    29    29
(relay)    38    7    29191.01    29    29183.84    2    1
(advertise)    45    29191.21    7    29
(relay)    44    28    29216.03    29    29213.29    8    1
(advertise)    45    29216.83    28    29
(relay)    38    14    29262.64    29    29212.78    4    1
(advertise)    45    29262.84    14    29
(relay)    38    48    29290.05    29    29284.67    4    1
(advertise)    45    29290.25    48    29
(relay)    46    41    29310.66    29    29307.71    4    1
(advertise)    45    29311.26    41    29
(relay)    38    31    29335.28    29    29329.96    2    1
(advertise)    45    29336.28    31    29
(relay)    44    37    29356.29    29    29354.62    4    1
(advertise)    45    29359.09    37    29
(relay)    44    42    29380.3    29    29359.25    8    1
(advertise)    45    29380.9    42    29
(relay)    44    35    29401.32    29    29381.75    8    1
(advertise)    45    29402.92    35    29
(generate)    45    29407.33    [24]    29
(relay)    38    33    29448.54    29    29382.64    2    1
(advertise)    45    29448.74    33    29
(relay)    44    43    29501.96    29    29501.19    8    1
(advertise)    45    29502.16    43    29
(relay)    38    44    29665.57    29    29663.86    4    1
(advertise)    45    29665.77    44    29
(relay)    38    20    29702.58    30    29700    121    1
(advertise)    45    29702.78    20    30
(relay)    38    36    29729.59    29    29723.36    6    1
(advertise)    45    29729.79    36    29
(relay)    46    46    29776.01    29    29775.97    6    1
(advertise)    45    29776.21    46    29
(relay)    38    38    29813.22    29    29812.63    4    1
(advertise)    45    29813.42    38    29
(relay)    38    32    29837.03    29    29818.74    2    1
(advertise)    45    29837.23    32    29
(relay)    46    47    29868.65    29    29868.28    6    1
(advertise)    45    29868.85    47    29
(relay)    46    40    29897.06    29    29894.85    4    1
(advertise)    45    29897.46    40    29
(relay)    46    39    29919.67    29    29917.0    4    1
(advertise)    45    29920.47    39    29
(relay)    38    21    29942.09    29    29906.49    6    1
(advertise)    45    29942.29    21    29
(relay)    44    15    29966.5    29    29938.73    8    1
(advertise)    45    29966.7    15    29
(relay)    44    22    29988.91    29    29959.17    8    1
(advertise)    45    29989.51    22    29
