(generate)    6    1961.0    [24]    1
(generate)    6    2961.01    [24]    2
(generate)    6    3961.03    [24]    3
(heartbeat)    24    1    4025.2    6    4239.26    127    0
(generate)    6    4961.12    [24]    4
(generate)    6    5961.13    [24]    5
(generate)    6    6961.14    [24]    6
(generate)    6    7961.16    [24]    7
(heartbeat)    24    2    8025.21    6    8084.37    6    6
(generate)    6    8961.19    [24]    8
(generate)    6    9961.33    [24]    9
(generate)    6    10961.34    [24]    10
(generate)    6    11961.35    [24]    11
(heartbeat)    24    3    12025.23    6    12071.16    6    6
(generate)    6    12961.36    [24]    12
(generate)    6    13961.38    [24]    13
(generate)    6    14961.49    [24]    14
(generate)    6    15961.51    [24]    15
(heartbeat)    24    4    16025.24    6    16084.52    6    6
(generate)    6    16961.52    [24]    16
(generate)    6    17961.53    [24]    17
(generate)    6    18961.55    [24]    18
(generate)    6    19961.68    [24]    19
(heartbeat)    24    5    20025.25    6    20032.49    6    6
(generate)    6    20961.69    [24]    20
(generate)    6    21961.7    [24]    21
(generate)    6    22961.72    [24]    22
(generate)    6    23961.73    [24]    23
(heartbeat)    24    6    24025.27    6    24093.54    6    6
(generate)    6    24961.85    [24]    24
(generate)    6    25962.06    [24]    25
(generate)    6    26962.07    [24]    26
(generate)    6    27962.08    [24]    27
(heartbeat)    24    7    28025.28    6    28098.1    6    20
(generate)    6    28962.1    [24]    28
(generate)    6    29962.2    [24]    29
