(main)    10    1    1037.0    7    1037.4
(advertise)    7    1037.6    10    1
(main)    40    1    1067.01    7    1073.61
(advertise)    7    1073.81    40    1
(main)    12    1    1082.03    7    1094.43
(advertise)    7    1095.23    12    1
(main)    29    1    1100.04    7    1114.44
(advertise)    7    1116.84    29    1
(main)    1    1    1118.05    7    1118.85
(advertise)    7    1139.25    1    1
(main)    33    1    1151.07    7    1167.07
(advertise)    7    1167.47    33    1
(main)    22    1    1150.07    7    1187.48
(advertise)    7    1188.68    22    1
(main)    39    1    1171.08    7    1208.49
(advertise)    7    1210.29    39    1
(main)    44    1    1166.07    7    1229.9
(advertise)    7    1233.5    44    1
(main)    20    1    1184.08    7    1252.52
(advertise)    7    1255.12    20    1
(main)    11    1    1174.08    7    1275.33
(advertise)    7    1277.53    11    1
(main)    45    1    1285.13    7    1286.14
(main)    26    1    1252.12    7    1296.54
(advertise)    7    1298.74    45    1
(main)    48    1    1258.13    7    1319.76
(advertise)    7    1320.56    26    1
(advertise)    7    1342.37    48    1
(main)    5    1    1218.1    7    1363.78
(advertise)    7    1363.98    5    1
(main)    13    1    1303.16    7    1367.6
(main)    38    1    1304.14    7    1384.4
(advertise)    7    1386.4    13    1
(main)    0    1    1346.18    7    1405.41
(advertise)    7    1410.41    38    1
(main)    23    1    1367.18    7    1428.42
(advertise)    7    1431.62    0    1
(main)    17    1    1299.16    7    1451.63
(advertise)    7    1453.43    23    1
(main)    9    1    1403.01    7    1472.05
(advertise)    7    1476.05    17    1
(main)    37    1    1486.06    7    1486.06
(main)    25    1    1425.02    7    1493.06
(advertise)    7    1498.26    9    1
(advertise)    7    1520.27    37    1
(main)    46    1    1438.03    7    1525.69
(advertise)    7    1542.69    25    1
(main)    32    1    1463.05    7    1550.1
(advertise)    7    1564.7    46    1
(main)    2    1    1503.07    7    1572.11
(advertise)    7    1587.71    32    1
(main)    21    1    1530.09    7    1594.73
(advertise)    7    1610.13    2    1
(main)    34    1    1492.06    7    1616.54
(advertise)    7    1632.14    21    1
(main)    4    1    1629.14    7    1639.75
(advertise)    7    1654.55    34    1
(main)    14    1    1584.11    7    1660.36
(advertise)    7    1676.56    4    1
(main)    19    1    1562.1    7    1683.38
(advertise)    7    1697.58    14    1
(main)    30    1    1610.13    7    1704.59
(advertise)    7    1719.39    19    1
(main)    15    1    1607.13    7    1726.8
(advertise)    7    1740.6    30    1
(main)    42    1    1603.11    7    1747.82
(main)    8    1    1652.56    7    1759.82
(advertise)    7    1762.02    15    1
(advertise)    7    1783.03    42    1
(main)    16    1    1738.0    7    1792.04
(advertise)    7    1805.44    8    1
(main)    3    1    1807.06    7    1808.06
(advertise)    7    1826.66    16    1
(main)    43    1    1622.14    7    1834.47
(main)    47    1    1653.16    7    1847.07
(advertise)    7    1847.67    3    1
(advertise)    7    1869.08    43    1
(main)    36    1    1762.02    7    1871.89
(advertise)    7    1891.09    47    1
(main)    35    1    1751.02    7    1893.91
(advertise)    7    1914.51    36    1
(main)    41    1    1839.07    7    1916.92
(generate)    7    1922.12    [7, 16, 43, 42]    1
(advertise)    7    1935.93    35    1
(main)    28    1    1761.02    7    1937.35
(advertise)    7    1959.15    41    1
(main)    27    1    1941.12    7    1966.56
(advertise)    7    1980.76    28    1
(main)    18    1    1908.09    7    1989.97
(advertise)    7    2001.97    27    1
(advertise)    7    2023.19    18    1
(main)    24    1    1953.33    7    2032.4
(advertise)    7    2045.2    24    1
(main)    6    2    2067.21    7    2081.41
(advertise)    7    2081.61    6    2
(main)    10    2    2037.19    7    2102.82
(main)    31    1    1995.16    7    2104.62
(advertise)    7    2104.82    10    2
(main)    12    2    2083.01    7    2124.64
(advertise)    7    2126.24    31    1
(main)    1    2    2118.21    7    2127.85
(main)    29    2    2100.22    7    2147.25
(advertise)    7    2147.65    12    2
(advertise)    7    2168.66    1    2
(main)    40    2    2067.2    7    2170.28
(advertise)    7    2190.08    29    2
(advertise)    7    2211.09    40    2
(main)    33    2    2151.66    7    2213.9
(advertise)    7    2232.3    33    2
(main)    39    2    2171.26    7    2235.52
(advertise)    7    2254.72    39    2
(main)    22    2    2150.26    7    2259.33
(advertise)    7    2275.93    22    2
(main)    20    2    2184.28    7    2278.94
(main)    45    2    2285.3    7    2285.34
(main)    44    2    2166.26    7    2300.14
(advertise)    7    2300.34    20    2
(main)    11    2    2174.26    7    2322.95
(advertise)    7    2323.35    45    2
(main)    13    2    2303.35    7    2344.77
(advertise)    7    2346.37    44    2
(main)    48    2    2258.32    7    2351.18
(advertise)    7    2367.78    11    2
(advertise)    7    2389.39    13    2
(main)    26    2    2252.32    7    2412.81
(advertise)    7    2414.41    48    2
(main)    38    2    2304.34    7    2417.22
(advertise)    7    2436.62    26    2
(main)    5    2    2218.3    7    2455.43
(advertise)    7    2458.43    38    2
(main)    0    2    2346.38    7    2476.84
(advertise)    7    2479.64    5    2
(main)    37    2    2486.26    7    2486.46
(main)    17    2    2299.34    7    2499.86
(advertise)    7    2501.26    0    2
(main)    23    2    2367.37    7    2522.67
(advertise)    7    2523.67    37    2
(advertise)    7    2545.88    17    2
(main)    25    2    2425.22    7    2566.3
(main)    9    2    2403.21    7    2566.9
(advertise)    7    2567.1    23    2
(main)    46    2    2438.22    7    2588.71
(advertise)    7    2588.91    25    2
(main)    2    2    2503.27    7    2610.32
(advertise)    7    2610.92    9    2
(advertise)    7    2632.94    46    2
(main)    32    2    2463.24    7    2653.75
(main)    4    2    2629.34    7    2654.15
(advertise)    7    2655.95    2    2
(main)    21    2    2530.28    7    2677.16
(advertise)    7    2678.36    32    2
(main)    19    2    2562.27    7    2699.17
(advertise)    7    2700.37    4    2
(advertise)    7    2722.39    21    2
(main)    34    2    2492.26    7    2743.8
(advertise)    7    2744.2    19    2
(main)    14    2    2584.12    7    2745.81
(main)    8    2    2652.75    7    2767.21
(advertise)    7    2768.01    34    2
(main)    15    2    2607.31    7    2789.03
(advertise)    7    2790.03    14    2
(main)    3    2    2807.24    7    2808.24
(main)    30    2    2610.52    7    2810.44
(advertise)    7    2812.84    8    2
(main)    16    2    2738.19    7    2830.65
(advertise)    7    2835.65    15    2
(advertise)    7    2857.87    3    2
(main)    42    2    2603.31    7    2873.88
(advertise)    7    2879.48    30    2
(main)    36    2    2762.83    7    2896.09
(advertise)    7    2901.29    16    2
(main)    35    2    2751.21    7    2917.9
(generate)    7    2922.3    [7, 16, 43, 42]    2
(advertise)    7    2923.52    42    2
(main)    43    2    2622.34    7    2938.93
(advertise)    7    2945.93    36    2
(main)    47    2    2653.36    7    2960.74
(advertise)    7    2968.34    35    2
(advertise)    7    2989.56    43    2
(main)    41    2    2839.25    7    2992.77
(advertise)    7    3011.77    47    2
(main)    28    2    2761.21    7    3027.38
(advertise)    7    3034.18    41    2
(main)    27    2    2941.32    7    3050.0
(advertise)    7    3056.8    28    2
(main)    18    2    2908.28    7    3073.41
(advertise)    7    3078.61    27    2
(main)    24    2    2953.52    7    3094.82
(advertise)    7    3100.62    18    2
(main)    31    2    2995.36    7    3117.83
(advertise)    7    3122.63    24    2
(main)    10    3    3037.38    7    3139.45
(advertise)    7    3144.85    31    2
(main)    1    3    3118.41    7    3146.86
(main)    40    3    3067.21    7    3162.26
(advertise)    7    3166.86    10    3
(advertise)    7    3188.07    1    3
(main)    29    3    3100.42    7    3205.09
(advertise)    7    3209.29    40    3
(main)    6    3    3067.41    7    3227.3
(advertise)    7    3230.9    29    3
(main)    33    3    3151.86    7    3249.71
(advertise)    7    3252.31    6    3
(advertise)    7    3273.33    33    3
(main)    12    3    3083.21    7    3281.14
(main)    45    3    3285.49    7    3285.54
(advertise)    7    3294.34    12    3
(main)    22    3    3150.46    7    3302.35
(main)    39    3    3171.46    7    3316.55
(advertise)    7    3317.35    45    3
(advertise)    7    3338.36    22    3
(main)    13    3    3303.55    7    3340.98
(advertise)    7    3362.98    39    3
(main)    20    3    3184.47    7    3382.19
(advertise)    7    3386.99    13    3
(main)    48    3    3258.51    7    3390.4
(advertise)    7    3408.6    20    3
(main)    11    3    3174.27    7    3428.42
(advertise)    7    3429.82    48    3
(main)    44    3    3166.46    7    3449.83
(advertise)    7    3453.03    11    3
(main)    26    3    3252.51    7    3471.04
(advertise)    7    3475.84    44    3
(main)    37    3    3486.46    7    3487.06
(main)    38    3    3304.54    7    3493.46
(advertise)    7    3499.06    26    3
(main)    0    3    3346.58    7    3514.67
(advertise)    7    3521.87    37    3
(main)    5    3    3218.5    7    3537.28
(advertise)    7    3544.48    38    3
(main)    25    3    3425.42    7    3545.69
(main)    23    3    3367.38    7    3557.69
(advertise)    7    3565.49    0    3
(main)    17    3    3300.15    7    3581.51
(advertise)    7    3588.71    5    3
(main)    46    3    3438.23    7    3604.12
(advertise)    7    3609.92    25    3
(main)    2    3    3503.47    7    3626.73
(advertise)    7    3634.33    23    3
(advertise)    7    3657.35    17    3
(main)    30    3    3610.53    7    3671.56
(advertise)    7    3678.56    46    3
(main)    32    3    3463.43    7    3693.57
(advertise)    7    3701.17    2    3
(main)    4    3    3630.35    7    3716.79
(advertise)    7    3722.39    30    3
(main)    9    3    3403.4    7    3723.6
(advertise)    7    3744.8    32    3
(main)    21    3    3530.48    7    3760.21
(advertise)    7    3766.81    4    3
(main)    19    3    3562.47    7    3783.82
(advertise)    7    3787.82    9    3
(main)    8    3    3652.95    7    3806.84
(main)    3    3    3807.44    7    3808.44
(advertise)    7    3809.84    21    3
(main)    34    3    3492.46    7    3828.25
(advertise)    7    3832.05    19    3
(advertise)    7    3855.86    8    3
(main)    16    3    3739.4    7    3872.08
(advertise)    7    3877.68    3    3
(main)    35    3    3751.41    7    3894.49
(advertise)    7    3899.89    34    3
(main)    15    3    3607.51    7    3916.7
(generate)    7    3922.5    [7, 16, 43, 42]    3
(advertise)    7    3923.72    16    3
(main)    42    3    3603.32    7    3940.33
(advertise)    7    3945.93    35    3
(main)    47    3    3653.56    7    3961.54
(advertise)    7    3968.74    15    3
(main)    43    3    3622.53    7    3984.55
(advertise)    7    3990.95    42    3
(advertise)    7    4013.97    47    3
(main)    41    3    3839.26    7    4027.98
(advertise)    7    4036.38    43    3
(main)    36    3    3763.02    7    4049.99
(advertise)    7    4057.39    41    3
(main)    28    3    3761.41    7    4072.41
(advertise)    7    4079.41    36    3
(main)    27    3    3941.52    7    4093.62
(advertise)    7    4102.42    28    3
(main)    31    3    3995.55    7    4116.63
(advertise)    7    4123.83    27    3
(main)    18    3    3908.48    7    4138.85
(main)    10    4    4037.39    7    4144.25
(advertise)    7    4146.05    31    3
(main)    1    4    4118.42    7    4162.86
(heartbeat)    16    1    4055.99    7    4166.66    127    0
(advertise)    7    4167.66    18    3
(advertise)    7    4189.67    10    4
(main)    24    3    3953.72    7    4205.28
(advertise)    7    4212.48    1    4
(main)    12    4    4083.61    7    4229.5
(advertise)    7    4233.7    16    1
(main)    29    4    4100.61    7    4252.11
(advertise)    7    4256.91    24    3
(advertise)    7    4279.52    12    4
(main)    45    4    4285.68    7    4285.74
(main)    33    4    4152.06    7    4293.74
(advertise)    7    4301.14    29    4
(main)    39    4    4171.47    7    4317.75
(advertise)    7    4325.75    45    4
(main)    22    4    4150.66    7    4338.36
(advertise)    7    4347.76    33    4
(main)    13    4    4303.75    7    4361.18
(advertise)    7    4369.78    13    4
(main)    48    4    4258.52    7    4383.99
(main)    11    4    4174.47    7    4408.79
(advertise)    7    4408.99    11    4
(main)    20    4    4184.67    7    4451.0
(advertise)    7    4451.2    20    4
(main)    26    4    4252.71    7    4473.21
(advertise)    7    4473.81    26    4
(main)    37    4    4486.65    7    4487.23
(main)    5    4    4218.7    7    4495.63
(advertise)    7    4497.63    37    4
(main)    25    4    4425.43    7    4523.64
(main)    17    4    4300.35    7    4544.04
(advertise)    7    4544.24    17    4
(main)    23    4    4367.56    7    4565.45
(main)    2    4    4503.67    7    4586.85
(advertise)    7    4587.05    2    4
(main)    32    4    4463.44    7    4609.27
(advertise)    7    4610.67    32    4
(main)    14    4    4584.52    7    4631.88
(main)    4    4    4630.53    7    4634.28
(advertise)    7    4634.68    14    4
(main)    30    4    4610.73    7    4673.29
(advertise)    7    4673.49    30    4
(main)    34    4    4492.65    7    4676.31
(advertise)    7    4696.11    34    4
(main)    8    4    4653.14    7    4718.12
(advertise)    7    4718.92    8    4
(main)    42    4    4604.08    7    4741.33
(advertise)    7    4742.33    42    4
(main)    43    4    4622.69    7    4767.54
(advertise)    7    4767.74    43    4
(main)    9    4    4403.6    7    4786.56
(main)    19    4    4562.64    7    4790.36
(main)    35    4    4751.58    7    4810.76
(advertise)    7    4810.96    35    4
(main)    3    4    4807.64    7    4832.57
(advertise)    7    4833.17    3    4
(main)    16    4    4739.41    7    4854.58
(advertise)    7    4854.98    16    4
(main)    28    4    4761.53    7    4877.6
(advertise)    7    4877.8    28    4
(main)    36    4    4763.22    7    4899.01
(main)    15    4    4607.71    7    4919.21
(main)    47    4    4653.73    7    4922.41
(advertise)    7    4922.61    47    4
(generate)    7    4923.82    [7, 16, 43, 42]    4
(main)    41    4    4839.46    7    4966.04
(main)    31    4    4995.69    7    4996.64
(advertise)    7    4996.84    31    4
(main)    10    5    5037.53    7    5040.05
(advertise)    7    5040.25    10    5
(main)    24    4    4953.89    7    5078.06
(advertise)    7    5078.26    24    4
(main)    12    5    5083.75    7    5101.47
(advertise)    7    5101.87    12    5
(main)    1    5    5118.46    7    5120.29
(advertise)    7    5124.89    1    5
(main)    29    5    5100.75    7    5142.3
(main)    33    5    5152.26    7    5168.3
(advertise)    7    5168.5    33    5
(main)    11    5    5174.5    7    5223.71
(advertise)    7    5223.91    11    5
(main)    20    5    5184.73    7    5245.93
(advertise)    7    5246.93    20    5
(main)    45    5    5285.78    7    5285.94
(advertise)    7    5286.14    45    5
(main)    5    5    5218.89    7    5290.95
(main)    13    5    5303.95    7    5336.95
(advertise)    7    5337.15    13    5
(main)    48    5    5258.72    7    5345.57
(main)    26    5    5252.79    7    5358.37
(advertise)    7    5359.37    26    5
(main)    17    5    5300.35    7    5403.78
(advertise)    7    5403.98    17    5
(main)    0    5    5346.91    7    5427.19
(advertise)    7    5427.39    0    5
(main)    38    5    5304.83    7    5447.8
(main)    23    5    5367.67    7    5469.0
(main)    37    5    5486.79    7    5487.4
(advertise)    7    5487.6    37    5
(main)    32    5    5463.62    7    5491.62
(advertise)    7    5509.62    32    5
(main)    2    5    5503.67    7    5513.23
(advertise)    7    5532.03    2    5
(main)    25    5    5425.63    7    5534.24
(main)    34    5    5492.83    7    5556.44
(advertise)    7    5556.84    34    5
(main)    14    5    5584.61    7    5587.26
(advertise)    7    5587.46    14    5
(main)    30    5    5610.81    7    5612.27
(advertise)    7    5612.47    30    5
(main)    4    5    5631.54    7    5633.68
(main)    46    5    5438.63    7    5634.68
(advertise)    7    5636.48    4    5
(main)    42    5    5604.26    7    5657.9
(advertise)    7    5658.1    42    5
(main)    8    5    5653.34    7    5679.31
(advertise)    7    5680.31    8    5
(main)    43    5    5622.88    7    5713.72
(advertise)    7    5713.92    43    5
(main)    47    5    5653.76    7    5738.13
(advertise)    7    5738.53    47    5
(main)    19    5    5562.65    7    5760.35
(main)    35    5    5751.72    7    5781.75
(advertise)    7    5781.95    35    5
(main)    28    5    5761.7    7    5803.36
(advertise)    7    5804.36    28    5
(main)    3    5    5807.82    7    5807.97
(advertise)    7    5826.97    3    5
(main)    16    5    5739.61    7    5846.39
(advertise)    7    5848.19    16    5
(generate)    7    5924.0    [7, 16, 43, 42]    5
(main)    41    5    5839.66    7    5965.01
(main)    31    5    5995.7    7    6052.01
(main)    10    6    6037.57    7    6061.41
(advertise)    7    6061.61    10    6
(main)    12    6    6083.81    7    6102.23
(advertise)    7    6102.43    12    6
(main)    1    6    6118.59    7    6120.44
(advertise)    7    6123.84    1    6
(main)    29    6    6100.79    7    6126.25
(main)    22    6    6151.14    7    6153.85
(advertise)    7    6154.05    22    6
(main)    39    6    6171.65    7    6175.46
(main)    20    6    6184.89    7    6200.46
(advertise)    7    6200.66    20    6
(main)    5    6    6219.0    7    6226.08
(advertise)    7    6226.48    5    6
(main)    26    6    6252.79    7    6253.89
(advertise)    7    6254.29    26    6
(main)    45    6    6285.86    7    6286.5
(advertise)    7    6286.7    45    6
(main)    13    6    6304.15    7    6309.12
(advertise)    7    6309.52    13    6
(main)    48    6    6258.88    7    6312.73
(main)    17    6    6300.5    7    6336.13
(advertise)    7    6336.53    17    6
(main)    0    6    6346.92    7    6374.94
(advertise)    7    6375.14    0    6
(main)    9    6    6403.81    7    6410.76
(main)    23    6    6367.7    7    6432.56
(main)    46    6    6438.81    7    6465.56
(main)    37    6    6486.85    7    6487.36
(advertise)    7    6487.56    37    6
(main)    2    6    6503.82    7    6511.97
(advertise)    7    6512.57    2    6
(main)    34    6    6492.98    7    6533.78
(advertise)    7    6534.78    34    6
(main)    19    6    6562.83    7    6580.99
(main)    14    6    6584.63    7    6603.19
(advertise)    7    6603.39    14    6
(main)    42    6    6604.37    7    6646.01
(main)    4    6    6631.73    7    6646.21
(main)    15    6    6608.03    7    6691.01
(main)    43    6    6623.01    7    6692.61
(main)    8    6    6653.5    7    6712.01
(main)    16    6    6739.75    7    6742.61
(advertise)    7    6742.81    16    6
(main)    47    6    6653.9    7    6757.62
(advertise)    7    6765.62    47    6
(main)    35    6    6751.82    7    6802.03
(advertise)    7    6802.23    35    6
(main)    3    6    6807.89    7    6808.05
(main)    28    6    6761.79    7    6823.85
(advertise)    7    6825.25    3    6
(advertise)    7    6846.86    28    6
(main)    41    6    6839.82    7    6855.27
(generate)    7    6924.07    [7, 16, 43, 42]    6
(main)    24    6    6954.07    7    6981.09
(main)    31    6    6995.85    7    6997.49
(advertise)    7    6997.69    31    6
(main)    12    7    7083.9    7    7085.3
(advertise)    7    7085.5    12    7
(main)    29    7    7100.85    7    7107.31
(advertise)    7    7107.51    29    7
(main)    1    7    7118.78    7    7120.52
(advertise)    7    7130.32    1    7
(main)    33    7    7152.63    7    7154.94
(advertise)    7    7155.14    33    7
(main)    39    7    7171.8    7    7182.35
(main)    11    7    7174.99    7    7222.95
(advertise)    7    7223.15    11    7
(main)    20    7    7185.04    7    7245.56
(advertise)    7    7245.96    20    7
(main)    48    7    7258.97    7    7273.78
(main)    45    7    7286.08    7    7286.58
(advertise)    7    7286.78    45    7
(main)    5    7    7219.07    7    7336.59
(advertise)    7    7336.79    5    7
(main)    13    7    7304.28    7    7357.0
(advertise)    7    7357.8    13    7
(main)    17    7    7300.6    7    7381.02
(main)    38    7    7304.88    7    7402.62
(main)    0    7    7346.97    7    7425.02
(advertise)    7    7425.22    0    7
(main)    9    7    7403.89    7    7445.23
(main)    32    7    7464.01    7    7468.03
(advertise)    7    7468.23    32    7
(main)    37    7    7486.94    7    7487.44
(advertise)    7    7489.24    37    7
(main)    25    7    7425.89    7    7490.65
(main)    2    7    7504.0    7    7517.85
(advertise)    7    7518.05    2    7
(main)    46    7    7438.9    7    7539.27
(main)    34    7    7493.15    7    7560.67
(advertise)    7    7560.87    34    7
(main)    14    7    7584.72    7    7588.28
(advertise)    7    7588.68    14    7
(main)    30    7    7610.88    7    7611.29
(advertise)    7    7612.09    30    7
(main)    19    7    7563.01    7    7632.31
(main)    4    7    7631.87    7    7651.31
(main)    42    7    7604.55    7    7656.31
(advertise)    7    7656.51    42    7
(main)    8    7    7653.65    7    7678.12
(advertise)    7    7679.12    8    7
(main)    15    7    7608.16    7    7721.53
(main)    47    7    7653.93    7    7744.33
(advertise)    7    7744.53    47    7
(main)    16    7    7739.93    7    7763.35
(main)    35    7    7751.98    7    7765.95
(advertise)    7    7766.75    16    7
(advertise)    7    7789.56    35    7
(main)    3    7    7807.98    7    7808.17
(main)    28    7    7761.98    7    7808.77
(advertise)    7    7810.77    3    7
(main)    36    7    7763.5    7    7830.38
(advertise)    7    7831.78    28    7
(main)    41    7    7839.99    7    7896.4
(generate)    7    7924.2    [7, 16, 43, 42]    7
(main)    24    7    7954.07    7    7975.21
(advertise)    7    7975.41    24    7
(main)    31    7    7995.86    7    7998.82
(advertise)    7    7999.62    31    7
(main)    10    8    8037.63    7    8041.24
(advertise)    7    8041.44    10    8
(heartbeat)    16    2    8084.71    7    8091.85    3    3
(advertise)    7    8092.05    16    2
(main)    12    8    8084.02    7    8113.86
(advertise)    7    8115.46    12    8
(main)    1    8    8118.91    7    8120.68
(advertise)    7    8136.88    1    8
(main)    29    8    8100.93    7    8138.09
(advertise)    7    8159.29    29    8
(main)    33    8    8152.81    7    8161.9
(main)    22    8    8151.29    7    8180.7
(advertise)    7    8181.7    22    8
(main)    39    8    8171.99    7    8202.71
(main)    11    8    8175.14    7    8231.31
(main)    26    8    8252.96    7    8274.31
(advertise)    7    8274.51    26    8
(main)    45    8    8286.11    7    8286.73
(main)    48    8    8259.12    7    8295.53
(advertise)    7    8296.73    45    8
(advertise)    7    8318.94    48    8
(main)    13    8    8304.45    7    8339.75
(advertise)    7    8340.15    13    8
(main)    17    8    8300.75    7    8362.17
(main)    0    8    8347.02    7    8385.77
(main)    25    8    8426.04    7    8447.77
(main)    32    8    8464.01    7    8469.77
(advertise)    7    8469.97    32    8
(main)    37    8    8487.04    7    8487.98
(advertise)    7    8492.38    37    8
(main)    2    8    8504.19    7    8511.39
(advertise)    7    8513.39    2    8
(main)    46    8    8439.06    7    8532.81
(main)    34    8    8493.31    7    8555.61
(main)    19    8    8563.21    7    8585.61
(main)    14    8    8584.8    7    8606.41
(advertise)    7    8606.61    14    8
(main)    42    8    8604.71    7    8627.82
(main)    4    8    8632.05    7    8651.82
(main)    30    8    8610.95    7    8652.22
(advertise)    7    8652.42    30    8
(main)    15    8    8608.32    7    8675.23
(main)    47    8    8653.93    7    8717.23
(main)    16    8    8740.1    7    8743.83
(advertise)    7    8744.03    16    8
(main)    8    8    8653.82    7    8764.84
(main)    35    8    8752.16    7    8784.84
(advertise)    7    8785.04    35    8
(main)    28    8    8762.14    7    8806.26
(main)    3    8    8808.06    7    8808.26
(advertise)    7    8808.46    3    8
(generate)    7    8924.27    [7, 16, 43, 42]    8
(main)    10    9    9037.67    7    9039.48
(main)    12    9    9084.12    7    9092.28
(main)    29    9    9100.99    7    9115.88
(advertise)    7    9116.08    29    9
(main)    1    9    9119.0    7    9120.3
(advertise)    7    9138.1    1    9
(main)    33    9    9153.92    7    9159.71
(main)    22    9    9151.38    7    9182.11
(main)    39    9    9172.18    7    9203.51
(main)    11    9    9175.28    7    9224.91
(advertise)    7    9225.11    11    9
(main)    20    9    9185.37    7    9245.52
(main)    48    9    9259.14    7    9261.12
(main)    45    9    9286.25    7    9286.72
(advertise)    7    9286.92    45    9
(main)    26    9    9252.96    7    9289.14
(advertise)    7    9307.94    26    9
(main)    13    9    9304.6    7    9332.55
(advertise)    7    9332.95    13    9
(main)    5    9    9219.67    7    9353.56
(main)    0    9    9347.04    7    9374.96
(main)    23    9    9367.95    7    9400.96
(main)    38    9    9304.92    7    9401.56
(main)    9    9    9404.03    7    9421.36
(main)    46    9    9439.18    7    9443.76
(main)    37    9    9487.11    7    9488.16
(advertise)    7    9488.36    37    9
(main)    2    9    9504.36    7    9512.37
(advertise)    7    9512.97    2    9
(main)    34    9    9493.47    7    9537.19
(main)    14    9    9584.81    7    9586.59
(advertise)    7    9586.79    14    9
(main)    42    9    9604.87    7    9610.4
(main)    30    9    9610.99    7    9632.6
(advertise)    7    9632.8    30    9
(main)    4    9    9632.1    7    9634.81
(main)    43    9    9623.5    7    9656.21
(main)    8    9    9653.89    7    9678.61
(main)    47    9    9653.95    7    9700.41
(main)    16    9    9740.28    7    9743.21
(advertise)    7    9743.41    16    9
(main)    36    9    9763.77    7    9765.83
(main)    35    9    9752.22    7    9791.43
(advertise)    7    9791.63    35    9
(main)    3    9    9808.13    7    9808.64
(advertise)    7    9813.64    3    9
(generate)    7    9924.45    [7, 16, 43, 42]    9
(main)    24    9    9954.39    7    9972.47
(main)    31    9    9995.88    7    9999.67
(advertise)    7    9999.87    31    9
(main)    10    10    10037.71    7    10039.68
(main)    29    10    10100.99    7    10110.48
(advertise)    7    10110.68    29    10
(main)    1    10    10119.05    7    10120.29
(advertise)    7    10132.69    1    10
(main)    22    10    10151.46    7    10184.31
(main)    39    10    10172.3    7    10204.51
(main)    11    10    10175.4    7    10239.91
(main)    48    10    10259.21    7    10269.71
(advertise)    7    10269.91    48    10
(main)    45    10    10286.4    7    10287.32
(advertise)    7    10291.52    45    10
(main)    13    10    10304.7    7    10317.93
(advertise)    7    10318.13    13    10
(main)    5    10    10220.57    7    10336.94
(main)    26    10    10253.16    7    10339.34
(advertise)    7    10340.34    26    10
(main)    17    10    10301.0    7    10361.76
(main)    38    10    10305.03    7    10405.76
(main)    25    10    10426.28    7    10428.36
(main)    9    10    10404.09    7    10451.76
(main)    32    10    10464.38    7    10475.16
(advertise)    7    10475.36    32    10
(main)    37    10    10487.3    7    10488.37
(main)    46    10    10439.3    7    10496.57
(advertise)    7    10498.17    37    10
(main)    2    10    10504.52    7    10519.58
(advertise)    7    10520.98    2    10
(main)    34    10    10493.64    7    10559.0
(main)    14    10    10584.81    7    10585.8
(advertise)    7    10586.2    14    10
(main)    42    10    10605.04    7    10611.21
(main)    15    10    10608.48    7    10633.01
(main)    4    10    10632.22    7    10649.21
(main)    8    10    10653.97    7    10657.41
(main)    16    10    10740.42    7    10744.21
(advertise)    7    10744.41    16    10
(main)    36    10    10763.89    7    10766.82
(main)    35    10    10752.32    7    10787.42
(advertise)    7    10787.62    35    10
(main)    3    10    10808.32    7    10808.84
(advertise)    7    10809.44    3    10
(main)    41    10    10840.52    7    10852.45
(generate)    7    10924.65    [7, 16, 43, 42]    10
(main)    24    10    10954.46    7    10973.26
(main)    31    10    10996.05    7    10999.66
(advertise)    7    10999.86    31    10
(main)    10    11    11037.9    7    11038.47
(advertise)    7    11038.67    10    11
(main)    12    11    11084.25    7    11095.29
(main)    29    11    11101.03    7    11118.29
(advertise)    7    11118.49    29    11
(main)    1    11    11119.12    7    11120.5
(advertise)    7    11139.9    1    11
(main)    22    11    11151.52    7    11184.31
(main)    39    11    11172.46    7    11205.91
(main)    20    11    11185.65    7    11243.91
(main)    11    11    11175.53    7    11257.31
(main)    48    11    11259.29    7    11281.31
(main)    45    11    11286.54    7    11287.51
(advertise)    7    11287.71    45    11
(main)    5    11    11220.66    7    11309.53
(main)    13    11    11304.8    7    11331.13
(advertise)    7    11331.33    13    11
(main)    26    11    11253.32    7    11374.54
(advertise)    7    11374.74    26    11
(main)    17    11    11301.12    7    11402.55
(advertise)    7    11402.75    17    11
(main)    0    11    11347.51    7    11426.57
(main)    25    11    11426.36    7    11458.17
(main)    32    11    11464.56    7    11479.17
(advertise)    7    11479.37    32    11
(main)    37    11    11487.33    7    11487.38
(advertise)    7    11502.18    37    11
(main)    2    11    11504.67    7    11522.39
(advertise)    7    11524.99    2    11
(main)    34    11    11493.79    7    11544.4
(main)    14    11    11584.87    7    11585.6
(advertise)    7    11585.8    14    11
(main)    42    11    11605.15    7    11611.22
(main)    30    11    11611.49    7    11634.42
(advertise)    7    11634.62    30    11
(main)    19    11    11563.55    7    11656.83
(main)    4    11    11632.28    7    11660.03
(main)    43    11    11623.75    7    11698.83
(main)    15    11    11608.52    7    11722.03
(main)    8    11    11654.13    7    11744.43
(main)    16    11    11740.54    7    11754.43
(advertise)    7    11754.63    16    11
(main)    47    11    11655.51    7    11765.84
(advertise)    7    11777.84    47    11
(main)    3    11    11808.38    7    11808.86
(advertise)    7    11809.06    3    11
(main)    35    11    11752.45    7    11810.27
(advertise)    7    11830.27    35    11
(main)    36    11    11763.98    7    11831.48
(main)    28    11    11762.59    7    11852.48
(generate)    7    11924.68    [7, 16, 43, 42]    11
(main)    24    11    11954.53    7    11981.1
(main)    31    11    11996.08    7    12001.7
(advertise)    7    12001.9    31    11
(main)    10    12    12037.97    7    12038.51
(advertise)    7    12038.71    10    12
(heartbeat)    16    3    12085.53    7    12089.12    3    3
(advertise)    7    12089.32    16    3
(main)    1    12    12119.19    7    12119.53
(advertise)    7    12119.73    1    12
(main)    29    12    12101.1    7    12141.55
(advertise)    7    12141.95    29    12
(main)    33    12    12154.32    7    12164.16
(main)    39    12    12172.65    7    12186.96
(main)    22    12    12151.61    7    12207.56
(main)    11    12    12175.68    7    12228.76
(main)    20    12    12185.8    7    12250.16
(main)    48    12    12259.41    7    12268.16
(main)    45    12    12286.72    7    12287.76
(advertise)    7    12287.96    45    12
(main)    5    12    12220.76    7    12297.17
(main)    13    12    12304.96    7    12320.17
(advertise)    7    12320.37    13    12
(main)    26    12    12253.35    7    12365.59
(advertise)    7    12365.79    26    12
(main)    38    12    12305.31    7    12387.6
(main)    17    12    12301.29    7    12410.8
(main)    23    12    12368.36    7    12433.0
(main)    0    12    12347.56    7    12454.6
(main)    9    12    12404.23    7    12475.6
(main)    37    12    12487.44    7    12487.6
(advertise)    7    12487.8    37    12
(main)    25    12    12426.49    7    12496.01
(main)    32    12    12464.61    7    12517.81
(advertise)    7    12518.01    32    12
(main)    46    12    12439.41    7    12540.23
(main)    2    12    12504.86    7    12561.63
(advertise)    7    12561.83    2    12
(main)    34    12    12493.98    7    12582.04
(main)    19    12    12563.72    7    12604.64
(main)    14    12    12584.91    7    12627.44
(advertise)    7    12627.64    14    12
(main)    4    12    12632.4    7    12635.05
(main)    30    12    12611.55    7    12649.45
(advertise)    7    12650.25    30    12
(main)    15    12    12608.62    7    12691.26
(main)    8    12    12654.26    7    12713.26
(main)    47    12    12655.57    7    12737.26
(advertise)    7    12737.46    47    12
(main)    16    12    12740.72    7    12758.88
(advertise)    7    12760.28    16    12
(main)    35    12    12752.58    7    12780.89
(advertise)    7    12782.69    35    12
(main)    36    12    12764.13    7    12802.5
(main)    3    12    12808.5    7    12809.5
(advertise)    7    12809.7    3    12
(generate)    7    12924.72    [7, 16, 43, 42]    12
(main)    24    12    12954.63    7    12981.13
(main)    31    12    12996.1    7    13003.33
(advertise)    7    13003.53    31    12
(main)    10    13    13038.0    7    13038.74
(advertise)    7    13038.94    10    13
(main)    12    13    13084.44    7    13093.36
(main)    29    13    13101.13    7    13114.36
(advertise)    7    13114.56    29    13
(main)    1    13    13119.29    7    13120.17
(advertise)    7    13137.97    1    13
(main)    22    13    13151.71    7    13161.38
(main)    33    13    13154.41    7    13185.58
(main)    20    13    13185.95    7    13220.98
(main)    11    13    13175.82    7    13252.78
(main)    48    13    13259.54    7    13275.58
(advertise)    7    13275.78    48    13
(main)    45    13    13286.88    7    13286.99
(main)    26    13    13253.54    7    13296.99
(advertise)    7    13298.39    45    13
(advertise)    7    13320.21    26    13
(main)    13    13    13305.14    7    13341.42
(advertise)    7    13342.02    13    13
(main)    5    13    13220.85    7    13363.83
(main)    0    13    13347.58    7    13388.23
(main)    32    13    13464.62    7    13466.43
(advertise)    7    13466.83    32    13
(main)    37    13    13487.48    7    13487.65
(main)    25    13    13426.64    7    13488.25
(advertise)    7    13490.05    37    13
(main)    46    13    13439.52    7    13511.66
(main)    2    13    13505.01    7    13534.66
(advertise)    7    13534.86    2    13
(main)    14    13    13584.92    7    13586.27
(advertise)    7    13586.47    14    13
(main)    4    13    13632.53    7    13635.09
(main)    30    13    13611.58    7    13656.69
(advertise)    7    13656.89    30    13
(main)    47    13    13655.73    7    13700.1
(main)    16    13    13740.88    7    13741.7
(advertise)    7    13741.9    16    13
(main)    36    13    13764.26    7    13766.51
(main)    35    13    13752.67    7    13788.31
(main)    28    13    13762.89    7    13791.91
(main)    3    13    13808.5    7    13809.51
(advertise)    7    13809.71    3    13
(main)    41    13    13841.84    7    13843.12
(generate)    7    13924.72    [7, 16, 43, 42]    13
(main)    24    13    13954.74    7    13972.54
(main)    31    13    13996.25    7    13998.34
(advertise)    7    13998.54    31    13
(main)    10    14    14038.01    7    14039.55
(advertise)    7    14039.75    10    14
(main)    12    14    14084.44    7    14093.56
(main)    29    14    14101.16    7    14115.96
(advertise)    7    14116.16    29    14
(main)    1    14    14119.35    7    14120.38
(advertise)    7    14138.18    1    14
(main)    22    14    14151.81    7    14161.19
(main)    33    14    14154.56    7    14183.59
(main)    39    14    14172.98    7    14204.19
(main)    11    14    14175.93    7    14242.79
(advertise)    7    14242.99    11    14
(main)    20    14    14186.1    7    14265.2
(main)    48    14    14259.56    7    14267.8
(main)    45    14    14287.01    7    14287.2
(advertise)    7    14287.4    45    14
(main)    13    14    14305.15    7    14308.42
(advertise)    7    14308.82    13    14
(main)    5    14    14220.91    7    14329.43
(main)    26    14    14253.69    7    14352.03
(advertise)    7    14352.23    26    14
(main)    38    14    14305.6    7    14373.44
(main)    0    14    14347.6    7    14394.44
(main)    17    14    14301.52    7    14396.44
(advertise)    7    14396.64    17    14
(main)    25    14    14426.75    7    14430.05
(main)    32    14    14464.77    7    14465.65
(advertise)    7    14465.85    32    14
(main)    46    14    14439.63    7    14487.67
(main)    37    14    14488.72    7    14489.47
(advertise)    7    14490.27    37    14
(main)    2    14    14505.15    7    14512.68
(advertise)    7    14513.08    2    14
(main)    34    14    14494.29    7    14535.69
(main)    14    14    14584.94    7    14587.29
(advertise)    7    14587.49    14    14
(main)    30    14    14611.59    7    14613.71
(advertise)    7    14613.91    30    14
(main)    4    14    14632.61    7    14636.12
(advertise)    7    14636.92    4    14
(main)    15    14    14608.74    7    14656.53
(main)    8    14    14655.08    7    14681.13
(main)    47    14    14655.91    7    14707.93
(advertise)    7    14708.13    47    14
(main)    16    14    14741.04    7    14741.55
(advertise)    7    14741.75    16    14
(main)    35    14    14752.77    7    14765.56
(advertise)    7    14766.16    35    14
(main)    36    14    14765.18    7    14790.37
(main)    3    14    14808.57    7    14809.57
(advertise)    7    14809.77    3    14
(generate)    7    14924.78    [7, 16, 43, 42]    14
(main)    24    14    14954.8    7    14972.8
(main)    31    14    14996.27    7    14998.4
(advertise)    7    14998.6    31    14
(main)    10    15    15038.08    7    15040.21
(advertise)    7    15040.41    10    15
(main)    12    15    15084.56    7    15092.22
(main)    29    15    15101.21    7    15113.82
(advertise)    7    15114.02    29    15
(main)    1    15    15119.47    7    15120.64
(advertise)    7    15136.84    1    15
(main)    22    15    15151.88    7    15159.65
(main)    33    15    15154.65    7    15182.05
(main)    39    15    15173.16    7    15203.05
(main)    20    15    15186.26    7    15231.05
(main)    11    15    15176.68    7    15255.05
(advertise)    7    15255.25    11    15
(main)    48    15    15259.61    7    15278.66
(main)    45    15    15287.18    7    15287.26
(advertise)    7    15287.46    45    15
(main)    26    15    15253.71    7    15310.68
(advertise)    7    15311.28    26    15
(main)    13    15    15305.27    7    15332.69
(advertise)    7    15333.49    13    15
(main)    5    15    15221.01    7    15355.5
(main)    0    15    15347.65    7    15375.7
(main)    17    15    15301.66    7    15398.7
(main)    38    15    15305.67    7    15421.3
(main)    23    15    15368.78    7    15442.3
(main)    25    15    15426.88    7    15464.1
(main)    32    15    15464.77    7    15486.7
(advertise)    7    15486.9    32    15
(main)    37    15    15488.76    7    15489.31
(advertise)    7    15508.31    37    15
(main)    2    15    15505.31    7    15515.73
(advertise)    7    15530.53    2    15
(main)    34    15    15494.48    7    15539.34
(main)    46    15    15439.7    7    15560.34
(main)    14    15    15584.97    7    15587.74
(advertise)    7    15587.94    14    15
(main)    19    15    15564.13    7    15610.15
(main)    30    15    15611.63    7    15631.35
(advertise)    7    15631.55    30    15
(main)    4    15    15632.73    7    15653.77
(advertise)    7    15654.57    4    15
(main)    43    15    15624.39    7    15677.18
(main)    15    15    15608.81    7    15700.18
(main)    8    15    15655.18    7    15720.18
(main)    47    15    15656.14    7    15741.98
(advertise)    7    15742.18    47    15
(main)    16    15    15741.21    7    15765.39
(advertise)    7    15765.99    16    15
(main)    36    15    15765.29    7    15787.01
(main)    3    15    15808.65    7    15809.81
(main)    35    15    15752.87    7    15814.81
(advertise)    7    15815.01    35    15
(main)    28    15    15763.21    7    15831.02
(main)    41    15    15842.14    7    15859.22
(generate)    7    15924.82    [7, 16, 43, 42]    15
(main)    31    15    15996.46    7    15997.23
(advertise)    7    15997.43    31    15
(main)    10    16    16038.12    7    16040.04
(advertise)    7    16040.24    10    16
(heartbeat)    16    4    16085.59    7    16086.46    3    3
(advertise)    7    16086.66    16    4
(main)    12    16    16084.68    7    16108.07
(main)    1    16    16119.55    7    16121.27
(advertise)    7    16121.47    1    16
(main)    29    16    16101.39    7    16152.88
(advertise)    7    16153.08    29    16
(main)    33    16    16155.57    7    16173.5
(main)    26    16    16253.71    7    16285.9
(main)    45    16    16287.33    7    16287.5
(advertise)    7    16287.7    45    16
(main)    48    16    16259.64    7    16310.51
(main)    13    16    16305.39    7    16353.91
(advertise)    7    16354.11    13    16
(main)    17    16    16301.79    7    16377.52
(advertise)    7    16377.92    17    16
(main)    0    16    16347.65    7    16400.74
(main)    32    16    16464.95    7    16466.34
(main)    37    16    16488.81    7    16489.34
(advertise)    7    16489.54    37    16
(main)    46    16    16439.82    7    16512.35
(main)    2    16    16505.47    7    16551.55
(advertise)    7    16551.75    2    16
(main)    14    16    16585.16    7    16587.36
(advertise)    7    16587.56    14    16
(main)    19    16    16564.26    7    16608.97
(main)    30    16    16611.81    7    16629.97
(advertise)    7    16630.17    30    16
(main)    4    16    16632.82    7    16652.79
(advertise)    7    16654.39    4    16
(main)    15    16    16608.98    7    16675.6
(main)    8    16    16655.32    7    16709.8
(main)    47    16    16656.32    7    16731.0
(main)    16    16    16741.38    7    16754.0
(advertise)    7    16754.2    16    16
(main)    35    16    16752.97    7    16776.81
(advertise)    7    16777.21    35    16
(main)    36    16    16765.41    7    16799.23
(main)    3    16    16808.67    7    16808.83
(advertise)    7    16809.03    3    16
(main)    41    16    16842.31    7    16844.64
(generate)    7    16924.84    [7, 16, 43, 42]    16
(main)    24    16    16954.94    7    16970.65
(main)    10    17    17038.17    7    17040.65
(advertise)    7    17040.85    10    17
(main)    29    17    17101.55    7    17109.07
(advertise)    7    17109.27    29    17
(main)    1    17    17119.62    7    17121.48
(advertise)    7    17130.88    1    17
(main)    33    17    17155.68    7    17158.69
(main)    39    17    17173.55    7    17180.09
(main)    48    17    17259.8    7    17260.69
(advertise)    7    17260.89    48    17
(main)    45    17    17287.46    7    17288.1
(advertise)    7    17288.5    45    17
(main)    13    17    17305.49    7    17311.92
(advertise)    7    17312.32    13    17
(main)    26    17    17253.87    7    17333.73
(main)    38    17    17305.9    7    17354.73
(main)    23    17    17369.0    7    17383.13
(main)    0    17    17347.68    7    17406.93
(main)    25    17    17427.16    7    17429.73
(main)    46    17    17439.88    7    17453.33
(main)    32    17    17465.14    7    17475.33
(main)    37    17    17488.81    7    17489.33
(advertise)    7    17489.53    37    17
(main)    2    17    17505.57    7    17513.34
(advertise)    7    17514.54    2    17
(main)    19    17    17564.38    7    17568.96
(main)    14    17    17585.35    7    17590.96
(advertise)    7    17591.16    14    17
(main)    30    17    17612.0    7    17613.97
(advertise)    7    17614.17    30    17
(main)    15    17    17609.17    7    17635.78
(main)    4    17    17632.91    7    17636.98
(main)    8    17    17655.62    7    17680.78
(main)    16    17    17741.54    7    17744.38
(advertise)    7    17744.58    16    17
(main)    35    17    17753.09    7    17768.6
(advertise)    7    17769.6    35    17
(main)    36    17    17765.57    7    17789.81
(main)    3    17    17808.84    7    17809.01
(advertise)    7    17809.21    3    17
(main)    41    17    17842.5    7    17845.02
(generate)    7    17925.02    [7, 16, 43, 42]    17
(main)    10    18    18038.17    7    18041.43
(advertise)    7    18041.63    10    18
(main)    29    18    18101.74    7    18120.45
(advertise)    7    18120.65    29    18
(main)    1    18    18119.67    7    18122.06
(advertise)    7    18143.06    1    18
(main)    39    18    18173.67    7    18174.87
(main)    33    18    18155.81    7    18197.27
(main)    11    18    18177.07    7    18223.87
(main)    48    18    18259.98    7    18261.47
(advertise)    7    18261.67    48    18
(main)    45    18    18287.59    7    18288.09
(advertise)    7    18288.89    45    18
(main)    26    18    18254.06    7    18313.3
(main)    13    18    18305.59    7    18333.5
(advertise)    7    18333.7    13    18
(main)    23    18    18369.07    7    18375.71
(main)    17    18    18302.04    7    18397.91
(main)    0    18    18347.7    7    18420.51
(main)    25    18    18427.26    7    18442.71
(main)    46    18    18439.95    7    18465.11
(main)    32    18    18465.15    7    18486.91
(main)    37    18    18489.0    7    18489.91
(advertise)    7    18490.11    37    18
(main)    2    18    18505.71    7    18531.53
(advertise)    7    18531.73    2    18
(main)    19    18    18564.5    7    18568.94
(main)    14    18    18585.36    7    18591.34
(advertise)    7    18591.54    14    18
(main)    30    18    18612.03    7    18612.75
(advertise)    7    18613.75    30    18
(main)    4    18    18632.92    7    18634.56
(advertise)    7    18635.56    4    18
(main)    15    18    18609.37    7    18655.58
(main)    8    18    18655.69    7    18701.58
(main)    16    18    18741.73    7    18744.38
(advertise)    7    18744.58    16    18
(main)    36    18    18765.59    7    18768.99
(main)    35    18    18753.24    7    18794.79
(main)    3    18    18809.03    7    18809.19
(advertise)    7    18809.39    3    18
(generate)    7    18925.2    [7, 16, 43, 42]    18
(main)    31    18    18996.84    7    18999.22
(main)    10    19    19038.22    7    19040.62
(main)    29    19    19101.79    7    19109.02
(advertise)    7    19109.22    29    19
(main)    1    19    19119.76    7    19121.03
(advertise)    7    19130.63    1    19
(main)    33    19    19155.89    7    19156.84
(main)    26    19    19254.07    7    19263.44
(main)    48    19    19260.09    7    19270.44
(main)    45    19    19287.72    7    19288.24
(advertise)    7    19288.44    45    19
(main)    13    19    19305.69    7    19328.86
(main)    38    19    19307.23    7    19356.26
(main)    0    19    19347.88    7    19379.06
(main)    23    19    19369.12    7    19400.46
(main)    25    19    19427.45    7    19428.26
(main)    46    19    19440.14    7    19452.66
(main)    32    19    19465.16    7    19474.46
(main)    37    19    19489.16    7    19490.26
(advertise)    7    19490.46    37    19
(main)    2    19    19505.88    7    19513.47
(advertise)    7    19513.67    2    19
(main)    19    19    19564.63    7    19569.48
(main)    14    19    19585.39    7    19592.08
(advertise)    7    19592.48    14    19
(main)    30    19    19612.22    7    19614.29
(advertise)    7    19614.89    30    19
(main)    4    19    19632.98    7    19637.91
(advertise)    7    19638.11    4    19
(main)    15    19    19609.41    7    19659.72
(main)    8    19    19655.78    7    19682.52
(main)    16    19    19741.87    7    19744.72
(advertise)    7    19744.92    16    19
(main)    36    19    19765.66    7    19767.73
(main)    35    19    19753.36    7    19789.53
(advertise)    7    19789.73    35    19
(main)    3    19    19809.2    7    19809.75
(advertise)    7    19811.75    3    19
(main)    41    19    19842.75    7    19845.96
(generate)    7    19925.36    [7, 16, 43, 42]    19
(main)    31    19    19996.86    7    20001.97
(main)    10    20    20038.41    7    20040.37
(heartbeat)    16    5    20085.68    7    20095.17    3    3
(advertise)    7    20095.37    16    5
(main)    1    20    20119.87    7    20121.39
(advertise)    7    20121.99    1    20
(main)    29    20    20101.98    7    20145.6
(advertise)    7    20146.4    29    20
(main)    33    20    20155.97    7    20168.01
(main)    39    20    20173.97    7    20190.41
(main)    26    20    20254.07    7    20266.41
(main)    48    20    20260.24    7    20274.01
(main)    13    20    20305.83    7    20309.81
(advertise)    7    20310.01    13    20
(main)    38    20    20307.3    7    20332.02
(main)    0    20    20347.89    7    20357.82
(main)    23    20    20369.19    7    20381.82
(main)    25    20    20427.55    7    20428.62
(main)    46    20    20440.22    7    20452.02
(main)    32    20    20465.33    7    20474.82
(main)    37    20    20489.35    7    20490.42
(advertise)    7    20490.62    37    20
(main)    2    20    20506.01    7    20514.64
(advertise)    7    20515.64    2    20
(main)    19    20    20564.76    7    20570.25
(main)    14    20    20585.42    7    20592.05
(advertise)    7    20592.25    14    20
(main)    30    20    20612.41    7    20614.66
(advertise)    7    20615.06    30    20
(main)    4    20    20633.03    7    20636.88
(advertise)    7    20638.68    4    20
(main)    16    20    20741.88    7    20745.49
(advertise)    7    20745.69    16    20
(main)    35    20    20753.48    7    20767.7
(main)    36    20    20765.76    7    20789.5
(main)    3    20    20809.36    7    20809.9
(advertise)    7    20810.1    3    20
(main)    41    20    20842.94    7    20844.72
(generate)    7    20925.52    [7, 16, 43, 42]    20
(main)    24    20    20955.34    7    20966.13
(main)    31    20    20996.88    7    20999.93
(main)    10    21    21038.42    7    21039.33
(main)    29    21    21101.98    7    21105.33
(advertise)    7    21105.53    29    21
(main)    1    21    21119.97    7    21121.34
(advertise)    7    21127.54    1    21
(main)    39    21    21174.13    7    21183.95
(main)    11    21    21177.44    7    21240.35
(main)    48    21    21260.42    7    21262.95
(advertise)    7    21263.15    48    21
(main)    45    21    21287.98    7    21288.97
(advertise)    7    21289.17    45    21
(main)    13    21    21305.92    7    21312.38
(advertise)    7    21313.18    13    21
(main)    38    21    21307.35    7    21377.59
(main)    0    21    21347.9    7    21398.79
(main)    23    21    21369.25    7    21422.19
(main)    25    21    21427.63    7    21444.19
(main)    46    21    21440.3    7    21465.99
(main)    37    21    21489.49    7    21489.59
(advertise)    7    21489.79    37    21
(main)    2    21    21506.18    7    21515.81
(advertise)    7    21516.01    2    21
(main)    14    21    21585.61    7    21586.62
(advertise)    7    21586.82    14    21
(main)    30    21    21612.59    7    21613.83
(advertise)    7    21614.23    30    21
(main)    15    21    21609.47    7    21636.65
(main)    4    21    21633.07    7    21638.65
(main)    8    21    21656.19    7    21678.45
(main)    16    21    21742.07    7    21744.85
(advertise)    7    21745.05    16    21
(main)    35    21    21754.83    7    21781.86
(advertise)    7    21782.06    35    21
(main)    3    21    21809.51    7    21810.07
(advertise)    7    21810.27    3    21
(generate)    7    21925.68    [7, 16, 43, 42]    21
(main)    24    21    21955.37    7    21981.9
(main)    31    21    21996.91    7    22004.9
(main)    10    22    22038.46    7    22039.3
(advertise)    7    22039.5    10    22
(main)    29    22    22102.03    7    22118.51
(advertise)    7    22118.71    29    22
(main)    1    22    22120.03    7    22120.72
(advertise)    7    22140.12    1    22
(main)    39    22    22174.2    7    22176.94
(main)    33    22    22156.23    7    22197.94
(main)    48    22    22260.57    7    22263.74
(advertise)    7    22263.94    48    22
(main)    45    22    22288.11    7    22289.15
(advertise)    7    22289.55    45    22
(main)    13    22    22306.01    7    22312.76
(advertise)    7    22312.96    13    22
(main)    26    22    22254.09    7    22335.58
(main)    17    22    22302.6    7    22356.98
(main)    0    22    22347.92    7    22396.98
(main)    23    22    22369.35    7    22419.18
(main)    25    22    22427.71    7    22441.18
(main)    46    22    22440.33    7    22462.78
(main)    32    22    22465.37    7    22482.98
(main)    37    22    22489.65    7    22489.78
(advertise)    7    22489.98    37    22
(main)    2    22    22506.34    7    22515.19
(advertise)    7    22515.39    2    22
(main)    19    22    22565.0    7    22566.8
(main)    14    22    22585.67    7    22588.2
(advertise)    7    22588.4    14    22
(main)    30    22    22612.63    7    22614.01
(advertise)    7    22614.21    30    22
(main)    4    22    22633.13    7    22635.43
(advertise)    7    22635.63    4    22
(main)    16    22    22742.27    7    22746.24
(advertise)    7    22746.44    16    22
(main)    35    22    22754.96    7    22767.45
(advertise)    7    22768.05    35    22
(main)    36    22    22765.91    7    22789.07
(main)    3    22    22809.69    7    22810.67
(advertise)    7    22810.87    3    22
(main)    41    22    22843.16    7    22844.88
(generate)    7    22925.88    [7, 16, 43, 42]    22
(main)    10    23    23038.5    7    23039.29
(advertise)    7    23039.49    10    23
(main)    29    23    23102.05    7    23103.71
(advertise)    7    23103.91    29    23
(main)    1    23    23120.06    7    23120.92
(advertise)    7    23126.32    1    23
(main)    33    23    23156.35    7    23177.93
(main)    39    23    23174.35    7    23199.93
(main)    48    23    23260.57    7    23268.73
(advertise)    7    23268.93    48    23
(main)    45    23    23288.23    7    23288.34
(advertise)    7    23291.94    45    23
(main)    13    23    23306.32    7    23314.56
(advertise)    7    23315.56    13    23
(main)    0    23    23348.97    7    23379.57
(main)    23    23    23369.41    7    23400.97
(main)    25    23    23427.79    7    23430.77
(main)    46    23    23440.39    7    23454.77
(main)    32    23    23465.54    7    23476.17
(main)    37    23    23489.79    7    23489.97
(advertise)    7    23490.17    37    23
(main)    2    23    23506.52    7    23545.38
(advertise)    7    23545.58    2    23
(main)    19    23    23565.12    7    23579.2
(main)    14    23    23585.68    7    23601.0
(advertise)    7    23601.2    14    23
(main)    30    23    23612.67    7    23623.41
(advertise)    7    23624.61    30    23
(main)    15    23    23609.72    7    23645.22
(main)    4    23    23633.17    7    23649.02
(main)    8    23    23656.49    7    23714.62
(main)    16    23    23742.41    7    23743.02
(advertise)    7    23743.22    16    23
(main)    35    23    23755.09    7    23766.44
(advertise)    7    23766.84    35    23
(main)    3    23    23809.83    7    23810.85
(advertise)    7    23811.05    3    23
(main)    41    23    23843.27    7    23844.06
(generate)    7    23926.06    [7, 16, 43, 42]    23
(main)    24    23    23955.54    7    23980.27
(main)    10    24    24038.54    7    24039.67
(advertise)    7    24039.87    10    24
(heartbeat)    16    6    24085.8    7    24087.29    3    4
(advertise)    7    24087.49    16    6
(main)    29    24    24102.08    7    24118.7
(advertise)    7    24118.9    29    24
(main)    1    24    24120.1    7    24120.91
(advertise)    7    24140.91    1    24
(main)    33    24    24156.49    7    24165.13
(main)    48    24    24260.74    7    24264.73
(main)    45    24    24288.39    7    24288.53
(advertise)    7    24288.73    45    24
(main)    13    24    24306.43    7    24313.34
(advertise)    7    24314.34    13    24
(main)    0    24    24349.0    7    24384.75
(main)    23    24    24369.47    7    24407.55
(main)    25    24    24427.83    7    24438.55
(main)    46    24    24440.43    7    24459.75
(main)    32    24    24465.71    7    24480.95
(main)    37    24    24489.93    7    24490.55
(advertise)    7    24490.75    37    24
(main)    2    24    24506.67    7    24544.37
(advertise)    7    24544.57    2    24
(main)    19    24    24565.25    7    24569.38
(main)    14    24    24585.75    7    24591.58
(advertise)    7    24591.78    14    24
(main)    30    24    24612.87    7    24615.39
(advertise)    7    24616.39    30    24
(main)    4    24    24633.21    7    24636.0
(advertise)    7    24637.6    4    24
(main)    8    24    24656.66    7    24660.42
(main)    47    24    24657.14    7    24700.62
(main)    16    24    24742.59    7    24744.02
(advertise)    7    24744.22    16    24
(main)    3    24    24809.91    7    24810.83
(advertise)    7    24811.03    3    24
(main)    41    24    24843.38    7    24844.84
(generate)    7    24926.24    [7, 16, 43, 42]    24
(main)    24    24    24955.62    7    24978.06
(main)    31    24    24997.39    7    24999.26
(main)    29    25    25102.09    7    25102.86
(advertise)    7    25103.06    29    25
(main)    1    25    25120.14    7    25121.87
(advertise)    7    25125.67    1    25
(main)    33    25    25156.6    7    25159.88
(main)    39    25    25174.55    7    25181.68
(main)    48    25    25260.9    7    25262.88
(advertise)    7    25263.08    48    25
(main)    26    25    25254.61    7    25287.9
(main)    45    25    25288.52    7    25288.7
(advertise)    7    25288.9    45    25
(main)    13    25    25306.58    7    25333.31
(advertise)    7    25333.51    13    25
(main)    0    25    25349.19    7    25392.92
(main)    32    25    25465.86    7    25466.72
(main)    46    25    25440.46    7    25489.32
(main)    37    25    25491.08    7    25491.72
(advertise)    7    25491.92    37    25
(main)    2    25    25506.81    7    25517.53
(advertise)    7    25517.93    2    25
(main)    14    25    25585.77    7    25587.75
(advertise)    7    25587.95    14    25
(main)    19    25    25565.37    7    25611.76
(main)    30    25    25612.89    7    25615.76
(advertise)    7    25615.96    30    25
(main)    4    25    25633.25    7    25635.77
(advertise)    7    25639.17    4    25
(main)    15    25    25609.93    7    25656.19
(main)    8    25    25656.76    7    25680.99
(main)    16    25    25742.69    7    25743.79
(advertise)    7    25743.99    16    25
(main)    35    25    25755.33    7    25767.8
(advertise)    7    25768.0    35    25
(main)    3    25    25810.06    7    25810.21
(advertise)    7    25810.41    3    25
(generate)    7    25926.43    [7, 16, 43, 42]    25
(main)    24    25    25955.66    7    25981.04
(main)    31    25    25997.56    7    26002.44
(main)    10    26    26038.63    7    26040.64
(advertise)    7    26040.84    10    26
(main)    29    26    26102.12    7    26109.05
(advertise)    7    26109.25    29    26
(main)    1    26    26120.19    7    26122.06
(advertise)    7    26130.26    1    26
(main)    33    26    26156.79    7    26159.48
(main)    39    26    26174.65    7    26179.48
(main)    48    26    26261.03    7    26261.88
(advertise)    7    26262.08    48    26
(main)    45    26    26288.65    7    26289.29
(advertise)    7    26290.09    45    26
(main)    13    26    26306.65    7    26311.9
(advertise)    7    26312.1    13    26
(main)    38    26    26308.04    7    26348.72
(main)    0    26    26349.2    7    26379.92
(main)    23    26    26369.57    7    26401.12
(main)    25    26    26427.98    7    26429.52
(main)    46    26    26440.65    7    26451.92
(main)    32    26    26466.02    7    26473.92
(main)    37    26    26491.23    7    26491.72
(advertise)    7    26491.92    37    26
(main)    2    26    26506.97    7    26518.53
(advertise)    7    26518.93    2    26
(main)    19    26    26565.46    7    26568.94
(main)    14    26    26585.78    7    26590.94
(advertise)    7    26591.14    14    26
(main)    30    26    26614.08    7    26615.36
(advertise)    7    26615.96    30    26
(main)    4    26    26634.4    7    26635.57
(advertise)    7    26637.77    4    26
(main)    15    26    26610.1    7    26657.98
(main)    8    26    26656.93    7    26681.78
(main)    16    26    26742.86    7    26744.58
(advertise)    7    26744.78    16    26
(main)    36    26    26766.23    7    26769.59
(main)    35    26    26755.47    7    26790.59
(main)    3    26    26810.23    7    26810.39
(advertise)    7    26810.59    3    26
(generate)    7    26926.61    [7, 16, 43, 42]    26
(main)    24    26    26955.72    7    26975.82
(advertise)    7    26976.02    24    26
(main)    31    26    26997.75    7    26999.23
(main)    10    27    27038.67    7    27041.03
(advertise)    7    27041.23    10    27
(main)    29    27    27102.14    7    27109.65
(advertise)    7    27109.85    29    27
(main)    1    27    27120.26    7    27122.06
(advertise)    7    27131.26    1    27
(main)    33    27    27156.92    7    27157.67
(main)    39    27    27174.81    7    27182.07
(main)    48    27    27261.18    7    27267.67
(main)    45    27    27288.78    7    27289.27
(advertise)    7    27289.47    45    27
(main)    26    27    27254.93    7    27290.69
(main)    13    27    27306.72    7    27313.09
(advertise)    7    27313.89    13    27
(main)    38    27    27308.08    7    27356.7
(main)    23    27    27369.64    7    27379.3
(main)    0    27    27350.44    7    27401.3
(main)    25    27    27428.1    7    27428.7
(main)    46    27    27440.69    7    27452.1
(main)    32    27    27466.2    7    27474.5
(main)    37    27    27491.41    7    27492.5
(advertise)    7    27492.7    37    27
(main)    2    27    27507.11    7    27514.71
(advertise)    7    27515.11    2    27
(main)    19    27    27565.57    7    27586.32
(main)    14    27    27585.79    7    27606.92
(advertise)    7    27607.12    14    27
(main)    30    27    27614.08    7    27628.74
(advertise)    7    27628.94    30    27
(main)    15    27    27610.1    7    27651.35
(main)    4    27    27634.44    7    27653.15
(advertise)    7    27653.95    4    27
(main)    47    27    27658.02    7    27697.96
(main)    16    27    27743.05    7    27744.96
(advertise)    7    27745.16    16    27
(main)    36    27    27766.31    7    27770.38
(main)    35    27    27755.54    7    27791.98
(advertise)    7    27792.18    35    27
(main)    3    27    27810.38    7    27810.39
(advertise)    7    27814.99    3    27
(generate)    7    27926.8    [7, 16, 43, 42]    27
(main)    10    28    28038.86    7    28042.42
(advertise)    7    28042.62    10    28
(heartbeat)    16    7    28085.81    7    28087.43    3    4
(advertise)    7    28087.63    16    7
(main)    1    28    28120.31    7    28121.64
(advertise)    7    28121.84    1    28
(main)    29    28    28102.29    7    28144.85
(advertise)    7    28145.45    29    28
(main)    39    28    28174.91    7    28175.87
(main)    48    28    28261.37    7    28262.47
(advertise)    7    28262.67    48    28
(main)    45    28    28288.92    7    28289.48
(advertise)    7    28290.08    45    28
(main)    13    28    28306.77    7    28313.69
(advertise)    7    28314.49    13    28
(main)    38    28    28308.17    7    28349.51
(main)    26    28    28254.94    7    28372.11
(main)    23    28    28369.7    7    28395.31
(main)    0    28    28350.63    7    28417.11
(main)    25    28    28428.18    7    28440.51
(main)    46    28    28440.69    7    28462.11
(main)    32    28    28466.21    7    28483.51
(main)    37    28    28491.56    7    28492.51
(advertise)    7    28492.71    37    28
(main)    2    28    28507.23    7    28515.12
(advertise)    7    28515.72    2    28
(main)    19    28    28565.7    7    28583.93
(main)    14    28    28585.79    7    28604.73
(advertise)    7    28604.93    14    28
(main)    30    28    28614.26    7    28625.75
(advertise)    7    28626.75    30    28
(main)    15    28    28610.11    7    28649.96
(main)    4    28    28634.46    7    28651.16
(advertise)    7    28651.36    4    28
(main)    8    28    28657.16    7    28692.77
(main)    16    28    28743.21    7    28745.97
(advertise)    7    28746.17    16    28
(main)    35    28    28755.63    7    28771.78
(main)    36    28    28766.43    7    28772.18
(advertise)    7    28772.78    35    28
(main)    3    28    28810.53    7    28811.0
(advertise)    7    28811.2    3    28
(main)    41    28    28843.84    7    28846.81
(generate)    7    28926.81    [7, 16, 43, 42]    28
(main)    10    29    29038.9    7    29041.62
(advertise)    7    29041.82    10    29
(main)    29    29    29102.32    7    29104.44
(advertise)    7    29104.64    29    29
(main)    1    29    29120.38    7    29121.65
(advertise)    7    29127.45    1    29
(main)    33    29    29157.12    7    29158.06
(main)    39    29    29175.0    7    29180.46
(main)    48    29    29261.53    7    29263.26
(advertise)    7    29263.46    48    29
(main)    45    29    29289.06    7    29290.08
(advertise)    7    29290.48    45    29
(main)    13    29    29306.84    7    29313.89
(advertise)    7    29314.49    13    29
(main)    26    29    29255.13    7    29335.5
(main)    23    29    29369.73    7    29374.3
(main)    0    29    29351.88    7    29398.7
(main)    25    29    29428.25    7    29440.5
(main)    46    29    29440.75    7    29463.1
(main)    32    29    29466.22    7    29484.7
(main)    37    29    29491.71    7    29492.7
(advertise)    7    29492.9    37    29
(main)    2    29    29507.33    7    29541.91
(advertise)    7    29542.11    2    29
(main)    14    29    29585.98    7    29587.53
(advertise)    7    29587.73    14    29
(main)    30    29    29614.26    7    29614.74
(advertise)    7    29614.94    30    29
(main)    4    29    29634.51    7    29636.55
(advertise)    7    29638.15    4    29
(main)    15    29    29610.31    7    29662.57
(main)    8    29    29657.24    7    29684.17
(main)    47    29    29658.2    7    29705.97
(main)    16    29    29743.37    7    29746.37
(advertise)    7    29746.57    16    29
(main)    36    29    29766.5    7    29768.58
(main)    35    29    29755.71    7    29790.58
(main)    3    29    29810.71    7    29811.18
(advertise)    7    29811.38    3    29
(main)    41    29    29844.0    7    29847.59
(generate)    7    29926.99    [7, 16, 43, 42]    29
