(relay)    18    10    1038.6    1    1037.0    123    1
(advertise)    9    1038.8    10    1
(relay)    5    40    1071.81    1    1067.01    123    1
(advertise)    9    1072.01    40    1
(relay)    11    12    1094.83    1    1082.03    125    1
(advertise)    9    1096.23    12    1
(relay)    28    29    1113.44    1    1100.04    124    1
(advertise)    9    1118.24    29    1
(relay)    17    1    1144.65    1    1118.05    120    1
(advertise)    9    1144.85    1    1
(relay)    17    22    1165.67    1    1150.07    126    1
(advertise)    9    1167.07    22    1
(relay)    11    11    1175.08    1    1174.08    127    1
(relay)    17    44    1187.08    1    1166.07    125    2
(advertise)    9    1189.08    11    1
(advertise)    9    1210.49    44    1
(relay)    11    20    1212.1    1    1184.08    126    1
(relay)    5    5    1218.1    1    1218.1    127    2
(advertise)    9    1232.9    20    1
(relay)    18    33    1234.92    1    1151.07    123    2
(advertise)    9    1255.72    5    1
(advertise)    9    1278.93    33    1
(relay)    5    26    1284.14    1    1252.12    125    1
(relay)    17    17    1299.34    1    1299.16    127    2
(relay)    11    39    1299.94    1    1171.08    122    3
(advertise)    9    1301.14    26    1
(advertise)    9    1322.16    17    1
(relay)    17    48    1344.57    1    1258.13    122    2
(advertise)    9    1345.17    39    1
(advertise)    9    1366.38    48    1
(relay)    18    13    1369.2    1    1303.16    123    1
(relay)    18    38    1389.6    1    1304.14    121    2
(advertise)    9    1389.8    13    1
(relay)    17    0    1391.01    1    1346.18    125    2
(generate)    9    1403.01    [7, 16, 43, 42]    1
(advertise)    9    1411.82    38    1
(advertise)    9    1435.03    0    1
(relay)    18    23    1458.45    1    1367.18    123    1
(advertise)    9    1458.85    23    1
(relay)    18    25    1479.86    1    1425.02    124    1
(relay)    17    32    1480.26    1    1463.05    125    2
(advertise)    9    1480.46    25    1
(relay)    17    34    1501.67    1    1492.06    126    2
(advertise)    9    1502.67    32    1
(advertise)    9    1524.09    34    1
(relay)    18    46    1528.7    1    1438.03    124    1
(advertise)    9    1546.1    46    1
(relay)    17    21    1569.51    1    1530.09    124    1
(advertise)    9    1569.71    21    1
(relay)    28    2    1585.13    1    1503.07    124    1
(advertise)    9    1591.93    2    1
(relay)    18    37    1594.74    1    1486.06    122    1
(relay)    42    42    1603.74    1    1603.11    127    2
(advertise)    9    1613.14    37    1
(advertise)    9    1635.15    42    1
(relay)    42    43    1654.96    1    1622.14    126    1
(advertise)    9    1658.16    43    1
(relay)    18    19    1661.18    1    1562.1    122    1
(relay)    42    14    1676.78    1    1584.11    124    2
(advertise)    9    1680.58    19    1
(relay)    17    47    1682.19    1    1653.16    126    2
(advertise)    9    1702.59    14    1
(relay)    18    15    1706.8    1    1607.13    123    2
(advertise)    9    1723.8    47    1
(relay)    42    30    1742.82    1    1610.13    124    2
(advertise)    9    1745.02    15    1
(relay)    28    28    1761.03    1    1761.02    127    2
(advertise)    9    1767.03    30    1
(relay)    18    4    1774.64    1    1629.14    123    2
(relay)    42    8    1786.04    1    1652.56    124    3
(advertise)    9    1789.44    28    1
(advertise)    9    1810.46    4    1
(advertise)    9    1832.47    8    1
(relay)    18    16    1842.08    1    1738.0    124    1
(advertise)    9    1853.88    16    1
(relay)    42    35    1855.29    1    1751.02    123    1
(advertise)    9    1876.49    35    1
(relay)    18    36    1888.11    1    1762.02    123    1
(advertise)    9    1898.91    36    1
(relay)    18    18    1909.12    1    1908.09    127    1
(advertise)    9    1919.92    18    1
(relay)    28    3    1922.53    1    1807.06    123    1
(advertise)    9    1942.53    3    1
(relay)    28    41    1966.75    1    1839.07    124    1
(advertise)    9    1967.55    41    1
(relay)    18    27    1977.56    1    1941.12    125    1
(advertise)    9    1989.16    27    1
(relay)    18    24    2010.17    1    1953.33    122    1
(advertise)    9    2010.37    24    1
(relay)    11    31    2018.99    1    1995.16    126    1
(advertise)    9    2031.39    31    1
(relay)    42    7    2032.8    1    1922.12    120    1
(advertise)    9    2054.2    7    1
(relay)    28    10    2077.41    2    2037.19    125    1
(advertise)    9    2078.01    10    2
(relay)    28    12    2100.42    2    2083.01    126    1
(advertise)    9    2102.02    12    2
(relay)    28    6    2120.84    2    2067.21    123    1
(advertise)    9    2124.84    6    2
(relay)    5    29    2146.85    2    2100.22    123    1
(advertise)    9    2147.85    29    2
(relay)    28    22    2166.46    2    2150.26    126    1
(advertise)    9    2171.26    22    2
(relay)    11    11    2175.28    2    2174.26    127    1
(relay)    28    40    2188.68    2    2067.2    123    2
(advertise)    9    2194.68    11    2
(advertise)    9    2215.69    40    2
(relay)    5    5    2218.3    2    2218.3    127    1
(relay)    11    44    2221.1    2    2166.26    125    2
(relay)    28    20    2232.5    2    2184.28    126    3
(advertise)    9    2239.3    5    2
(advertise)    9    2260.72    44    2
(relay)    18    1    2277.93    2    2118.21    122    2
(relay)    28    33    2278.33    2    2151.66    125    3
(advertise)    9    2282.13    20    2
(relay)    17    17    2299.34    2    2299.34    127    3
(advertise)    9    2304.34    1    2
(relay)    11    26    2309.75    2    2252.32    126    3
(advertise)    9    2326.15    33    2
(advertise)    9    2347.57    17    2
(relay)    11    39    2354.38    2    2171.26    124    2
(advertise)    9    2368.58    26    2
(advertise)    9    2391.59    39    2
(relay)    5    48    2393.41    2    2258.32    122    1
(relay)    11    0    2397.01    2    2346.38    125    2
(generate)    9    2403.21    [7, 16, 43, 42]    2
(advertise)    9    2413.62    48    2
(relay)    28    13    2430.03    2    2303.35    124    2
(advertise)    9    2437.63    0    2
(advertise)    9    2459.04    13    2
(relay)    17    38    2479.06    2    2304.34    123    1
(advertise)    9    2482.06    38    2
(relay)    17    34    2501.67    2    2492.26    126    1
(advertise)    9    2505.27    34    2
(relay)    11    32    2506.88    2    2463.24    126    1
(advertise)    9    2526.68    32    2
(relay)    17    45    2546.7    2    2285.3    121    1
(advertise)    9    2548.7    45    2
(relay)    17    25    2568.11    2    2425.22    123    1
(advertise)    9    2570.11    25    2
(relay)    17    23    2590.12    2    2367.37    121    1
(advertise)    9    2591.12    23    2
(relay)    42    42    2603.94    2    2603.31    127    1
(advertise)    9    2613.14    42    2
(relay)    42    2    2633.15    2    2503.27    124    1
(advertise)    9    2634.35    2    2
(relay)    42    21    2653.96    2    2530.28    125    1
(advertise)    9    2657.36    21    2
(relay)    5    43    2661.97    2    2622.34    126    1
(advertise)    9    2681.17    43    2
(relay)    28    46    2695.19    2    2438.22    124    1
(relay)    42    37    2697.99    2    2486.26    122    2
(relay)    17    47    2701.39    2    2653.36    126    3
(advertise)    9    2702.59    46    2
(advertise)    9    2724.4    37    2
(advertise)    9    2748.01    47    2
(relay)    28    28    2761.23    2    2761.21    127    1
(relay)    42    14    2764.03    2    2584.12    124    2
(advertise)    9    2769.63    28    2
(relay)    42    8    2786.64    2    2652.75    125    2
(relay)    11    19    2792.44    2    2562.27    122    3
(advertise)    9    2793.64    14    2
(relay)    17    30    2810.25    2    2610.52    124    3
(advertise)    9    2816.05    8    2
(advertise)    9    2838.47    19    2
(advertise)    9    2859.88    30    2
(relay)    28    15    2870.29    2    2607.31    122    1
(advertise)    9    2880.89    15    2
(relay)    28    16    2891.9    2    2738.19    125    1
(advertise)    9    2903.7    16    2
(relay)    18    18    2909.32    2    2908.28    127    1
(relay)    28    4    2914.72    2    2629.34    122    2
(relay)    42    35    2918.32    2    2751.21    124    3
(advertise)    9    2926.32    18    2
(advertise)    9    2947.53    4    2
(relay)    28    36    2959.34    2    2762.83    124    2
(advertise)    9    2968.54    35    2
(advertise)    9    2991.76    36    2
(relay)    28    41    3002.37    2    2839.25    124    1
(advertise)    9    3013.97    41    2
(relay)    28    31    3022.38    2    2995.36    126    1
(relay)    17    27    3032.58    2    2941.32    124    2
(advertise)    9    3035.38    31    2
(advertise)    9    3057.4    27    2
(relay)    28    3    3068.21    2    2807.24    123    1
(advertise)    9    3079.21    3    2
(relay)    28    24    3090.82    2    2953.52    122    1
(relay)    42    10    3096.02    3    3037.38    125    2
(advertise)    9    3101.22    24    2
(relay)    42    12    3118.03    3    3083.21    126    2
(advertise)    9    3124.43    10    3
(advertise)    9    3146.05    12    3
(relay)    18    40    3147.46    3    3067.21    124    1
(relay)    28    7    3155.06    2    2922.3    122    2
(advertise)    9    3168.26    40    3
(relay)    11    11    3175.27    3    3174.27    127    2
(relay)    28    22    3178.67    3    3150.46    126    3
(advertise)    9    3189.27    7    2
(advertise)    9    3211.89    11    3
(relay)    5    5    3219.1    3    3218.5    127    2
(relay)    11    20    3229.9    3    3184.47    126    3
(advertise)    9    3234.3    22    3
(relay)    11    6    3251.51    3    3067.41    124    3
(advertise)    9    3256.11    5    3
(advertise)    9    3277.33    20    3
(relay)    11    26    3296.94    3    3252.51    126    2
(advertise)    9    3299.34    6    3
(relay)    5    29    3305.35    3    3100.42    123    2
(relay)    28    33    3311.15    3    3151.86    125    3
(advertise)    9    3321.55    26    3
(relay)    11    1    3343.36    3    3118.41    123    3
(advertise)    9    3343.76    29    3
(relay)    18    39    3346.98    3    3171.46    124    3
(advertise)    9    3366.18    33    3
(relay)    5    17    3371.79    3    3300.15    126    3
(advertise)    9    3389.19    1    3
(generate)    9    3403.4    [7, 16, 43, 42]    3
(advertise)    9    3410.82    39    3
(relay)    11    44    3432.63    3    3166.46    123    2
(advertise)    9    3433.03    17    3
(advertise)    9    3454.64    44    3
(relay)    11    0    3475.46    3    3346.58    125    1
(advertise)    9    3477.86    0    3
(relay)    28    13    3488.87    3    3303.55    124    1
(relay)    17    48    3499.47    3    3258.51    123    2
(advertise)    9    3499.67    13    3
(relay)    11    32    3518.88    3    3463.43    126    2
(advertise)    9    3522.48    48    3
(relay)    5    34    3527.09    3    3492.46    126    2
(advertise)    9    3544.09    32    3
(advertise)    9    3565.51    34    3
(relay)    18    38    3568.52    3    3304.54    123    1
(advertise)    9    3587.12    38    3
(relay)    42    42    3603.93    3    3603.32    127    1
(relay)    11    25    3609.93    3    3425.42    124    2
(advertise)    9    3610.33    42    3
(relay)    11    21    3631.55    3    3530.48    125    2
(advertise)    9    3631.75    25    3
(relay)    28    45    3643.36    3    3285.49    121    2
(advertise)    9    3653.96    21    3
(advertise)    9    3676.17    45    3
(relay)    5    43    3681.39    3    3622.53    126    1
(relay)    42    23    3689.19    3    3367.38    123    2
(advertise)    9    3699.59    43    3
(relay)    11    2    3718.6    3    3503.47    124    2
(relay)    17    47    3720.4    3    3653.56    126    3
(advertise)    9    3721.2    23    3
(advertise)    9    3743.81    2    3
(relay)    18    37    3745.22    3    3486.46    122    2
(advertise)    9    3765.02    47    3
(relay)    18    15    3767.44    3    3607.51    123    2
(relay)    42    46    3776.64    3    3438.23    123    3
(advertise)    9    3787.84    37    3
(advertise)    9    3809.25    15    3
(relay)    42    8    3818.26    3    3652.95    125    2
(relay)    17    30    3827.46    3    3610.53    124    3
(advertise)    9    3831.86    46    3
(relay)    17    4    3849.28    3    3630.35    124    3
(advertise)    9    3852.88    8    3
(advertise)    9    3875.49    30    3
(relay)    18    19    3877.7    3    3562.47    122    2
(advertise)    9    3897.7    4    3
(relay)    18    18    3908.52    3    3908.48    127    2
(relay)    17    16    3915.12    3    3739.4    124    3
(advertise)    9    3920.32    19    3
(relay)    42    28    3929.33    3    3761.41    125    3
(advertise)    9    3943.33    18    3
(advertise)    9    3967.34    16    3
(relay)    42    35    3973.95    3    3751.41    123    2
(advertise)    9    3990.95    28    3
(relay)    42    36    3995.37    3    3763.02    124    2
(advertise)    9    4014.57    35    3
(relay)    11    41    4031.98    3    3839.26    124    2
(advertise)    9    4035.58    36    3
(advertise)    9    4057.19    41    3
(relay)    42    31    4062.61    3    3995.55    126    1
(relay)    18    27    4075.81    3    3941.52    125    2
(advertise)    9    4079.41    31    3
(advertise)    9    4101.42    27    3
(relay)    42    3    4106.63    3    3807.44    123    1
(advertise)    9    4123.23    3    3
(relay)    42    12    4130.85    4    4083.61    125    1
(heartbeat)    16    1    4055.99    9    4142.05    127    0
(advertise)    9    4146.05    12    4
(relay)    42    10    4153.86    4    4037.39    124    2
(advertise)    9    4168.26    16    1
(relay)    11    11    4175.47    4    4174.47    7    2
(relay)    28    22    4178.87    4    4150.66    4    3
(relay)    18    44    4186.67    4    4166.47    3    4
(advertise)    9    4189.47    10    4
(relay)    42    24    4197.88    3    3953.72    122    4
(relay)    28    7    4201.08    3    3922.5    122    5
(advertise)    9    4210.68    11    4
(relay)    5    5    4219.3    4    4218.7    7    5
(advertise)    9    4232.5    22    4
(advertise)    9    4254.31    44    4
(relay)    11    20    4257.12    4    4184.67    126    4
(advertise)    9    4275.32    24    3
(advertise)    9    4296.34    7    3
(relay)    42    33    4309.35    4    4152.06    2    3
(advertise)    9    4318.15    5    4
(relay)    17    29    4320.16    4    4100.61    124    3
(advertise)    9    4339.56    20    4
(advertise)    9    4361.58    33    4
(relay)    5    17    4363.19    4    4300.35    6    2
(relay)    11    26    4363.59    4    4252.71    5    3
(advertise)    9    4385.19    29    4
(generate)    9    4403.6    [7, 16, 43, 42]    4
(advertise)    9    4406.61    17    4
(advertise)    9    4428.23    26    4
(relay)    11    1    4432.44    4    4118.42    121    1
(advertise)    9    4450.24    1    4
(relay)    17    0    4459.65    4    4346.78    1    1
(relay)    17    32    4483.25    4    4463.44    3    1
(advertise)    9    4483.45    32    4
(relay)    17    34    4506.47    4    4492.65    126    1
(advertise)    9    4507.07    34    4
(relay)    42    2    4603.88    4    4503.67    2    1
(advertise)    9    4604.08    2    4
(relay)    18    21    4623.09    4    4530.68    1    1
(relay)    42    43    4625.69    4    4622.69    7    1
(advertise)    9    4626.29    43    4
(relay)    11    42    4647.71    4    4604.08    5    1
(advertise)    9    4647.91    42    4
(relay)    42    46    4650.12    4    4438.43    1    1
(relay)    11    47    4670.32    4    4653.73    5    1
(advertise)    9    4672.12    47    4
(relay)    11    14    4691.93    4    4584.52    1    1
(relay)    11    30    4716.93    4    4610.73    1    1
(relay)    17    8    4718.33    4    4653.14    1    1
(relay)    28    28    4762.13    4    4761.53    7    1
(advertise)    9    4762.33    28    4
(relay)    42    35    4786.74    4    4751.58    3    1
(advertise)    9    4786.94    35    4
(relay)    11    16    4808.96    4    4739.41    125    1
(advertise)    9    4809.16    16    4
(relay)    18    18    4908.57    4    4908.54    5    1
(advertise)    9    4908.77    18    4
(relay)    18    27    4955.78    4    4941.53    1    1
(relay)    17    31    4996.78    4    4995.69    3    1
(advertise)    9    4996.98    31    4
(relay)    11    10    5039.8    5    5037.53    3    1
(advertise)    9    5040.0    10    5
(relay)    17    29    5108.81    5    5100.75    1    1
(relay)    18    12    5113.61    5    5083.75    2    1
(advertise)    9    5113.81    12    5
(relay)    17    22    5153.22    5    5151.03    4    1
(advertise)    9    5153.42    22    5
(relay)    11    11    5174.64    5    5174.5    7    1
(relay)    17    44    5175.84    5    5166.64    2    2
(advertise)    9    5176.44    11    5
(advertise)    9    5198.45    44    5
(relay)    18    20    5201.06    5    5184.73    6    1
(relay)    5    5    5219.46    5    5218.89    7    2
(advertise)    9    5221.06    20    5
(advertise)    9    5242.87    5    5
(relay)    11    26    5254.09    5    5252.79    5    1
(advertise)    9    5265.89    26    5
(relay)    17    17    5300.9    5    5300.35    7    1
(advertise)    9    5301.1    17    5
(relay)    28    0    5348.91    5    5346.91    2    1
(advertise)    9    5349.11    0    5
(generate)    9    5403.73    [7, 16, 43, 42]    5
(relay)    17    32    5464.74    5    5463.62    4    1
(advertise)    9    5464.94    32    5
(relay)    18    34    5509.35    5    5492.83    124    1
(advertise)    9    5509.55    34    5
(relay)    18    46    5531.37    5    5438.63    1    1
(relay)    11    2    5536.17    5    5503.67    2    1
(advertise)    9    5536.37    2    5
(relay)    18    21    5552.58    5    5530.88    1    1
(relay)    42    14    5603.58    5    5584.61    1    1
(relay)    42    42    5605.18    5    5604.26    7    1
(advertise)    9    5605.38    42    5
(relay)    42    43    5625.19    5    5622.88    7    1
(advertise)    9    5627.39    43    5
(relay)    11    47    5670.0    5    5653.76    5    1
(advertise)    9    5670.2    47    5
(relay)    28    8    5677.22    5    5653.34    2    1
(advertise)    9    5692.42    8    5
(relay)    18    15    5736.03    5    5607.87    1    1
(relay)    17    35    5754.63    5    5751.72    3    1
(advertise)    9    5754.83    35    5
(relay)    28    28    5762.24    5    5761.7    7    1
(advertise)    9    5777.24    28    5
(relay)    28    16    5781.06    5    5739.61    124    1
(advertise)    9    5798.26    16    5
(relay)    18    18    5908.67    5    5908.64    5    1
(advertise)    9    5908.87    18    5
(relay)    11    27    5944.08    5    5941.71    1    1
(relay)    11    31    5996.08    5    5995.7    5    1
(advertise)    9    5996.28    31    5
(relay)    5    10    6040.7    6    6037.57    2    1
(advertise)    9    6040.9    10    6
(relay)    28    12    6084.31    6    6083.81    4    1
(advertise)    9    6084.51    12    6
(relay)    11    29    6108.32    6    6100.79    1    1
(relay)    28    22    6152.32    6    6151.14    4    1
(advertise)    9    6152.52    22    6
(relay)    28    44    6172.53    6    6166.67    2    1
(advertise)    9    6173.93    44    6
(relay)    42    20    6194.15    6    6184.89    7    1
(advertise)    9    6197.15    20    6
(relay)    5    5    6219.56    6    6219.0    7    1
(advertise)    9    6221.36    5    6
(relay)    28    26    6253.97    6    6252.79    5    1
(advertise)    9    6254.17    26    6
(relay)    17    17    6300.99    6    6300.5    7    1
(advertise)    9    6301.19    17    6
(relay)    5    0    6347.6    6    6346.92    3    1
(advertise)    9    6347.8    0    6
(generate)    9    6403.81    [7, 16, 43, 42]    6
(relay)    18    46    6463.83    6    6438.81    1    1
(relay)    18    34    6497.43    6    6492.98    124    1
(advertise)    9    6497.63    34    6
(relay)    18    21    6532.24    6    6531.0    1    1
(relay)    28    14    6589.04    6    6584.63    1    1
(relay)    42    42    6605.44    6    6604.37    7    1
(advertise)    9    6605.64    42    6
(relay)    42    43    6623.85    6    6623.01    7    1
(advertise)    9    6626.65    43    6
(relay)    18    15    6652.66    6    6608.03    1    1
(relay)    28    47    6655.06    6    6653.9    5    1
(advertise)    9    6655.26    47    6
(relay)    11    8    6679.28    6    6653.5    1    1
(relay)    42    16    6742.08    6    6739.75    125    1
(advertise)    9    6742.28    16    6
(relay)    28    28    6762.29    6    6761.79    7    1
(advertise)    9    6765.09    28    6
(relay)    28    35    6786.3    6    6751.82    3    1
(advertise)    9    6787.1    35    6
(relay)    18    18    6908.92    6    6908.72    5    1
(advertise)    9    6909.12    18    6
(relay)    28    24    6968.33    6    6954.07    1    1
(relay)    11    31    6996.13    6    6995.85    5    1
(advertise)    9    6996.33    31    6
(relay)    11    10    7040.94    7    7037.6    3    1
(advertise)    9    7041.14    10    7
(relay)    18    12    7085.56    7    7083.9    2    1
(advertise)    9    7085.76    12    7
(relay)    42    29    7109.57    7    7100.85    1    1
(relay)    18    22    7153.57    7    7151.17    3    1
(advertise)    9    7153.77    22    7
(relay)    28    44    7172.78    7    7166.85    2    1
(relay)    11    11    7175.18    7    7174.99    7    2
(advertise)    9    7176.78    44    7
(relay)    17    20    7197.39    7    7185.04    7    2
(advertise)    9    7199.99    11    7
(relay)    42    33    7216.61    7    7152.63    2    2
(relay)    5    5    7220.01    7    7219.07    7    3
(advertise)    9    7221.61    20    7
(advertise)    9    7244.62    33    7
(relay)    11    26    7253.23    7    7252.95    5    2
(advertise)    9    7266.63    5    7
(advertise)    9    7289.65    26    7
(relay)    17    17    7301.06    7    7300.6    7    1
(advertise)    9    7313.86    17    7
(relay)    17    0    7347.47    7    7346.97    3    1
(advertise)    9    7347.67    0    7
(generate)    9    7403.89    [7, 16, 43, 42]    7
(relay)    28    32    7465.5    7    7464.01    5    1
(advertise)    9    7465.7    32    7
(relay)    42    34    7494.51    7    7493.15    126    1
(advertise)    9    7494.71    34    7
(relay)    11    2    7534.72    7    7504.0    2    1
(advertise)    9    7534.92    2    7
(relay)    17    46    7557.54    7    7438.9    1    1
(relay)    42    21    7579.94    7    7531.12    1    1
(relay)    42    14    7601.54    7    7584.72    1    1
(relay)    42    42    7605.54    7    7604.55    7    1
(advertise)    9    7605.74    42    7
(relay)    42    30    7625.95    7    7610.88    1    1
(relay)    5    43    7626.75    7    7623.17    7    1
(advertise)    9    7628.15    43    7
(relay)    5    47    7655.96    7    7653.93    4    1
(advertise)    9    7656.16    47    7
(relay)    42    8    7692.58    7    7653.65    2    1
(advertise)    9    7692.78    8    7
(relay)    18    15    7712.19    7    7608.16    1    1
(relay)    42    16    7755.99    7    7739.93    125    1
(advertise)    9    7756.19    16    7
(relay)    28    28    7763.0    7    7761.98    7    1
(advertise)    9    7779.0    28    7
(relay)    18    18    7909.02    7    7908.85    5    1
(advertise)    9    7909.22    18    7
(relay)    18    27    7945.43    7    7941.96    1    1
(relay)    28    31    7996.63    7    7995.86    5    1
(advertise)    9    7996.83    31    7
(relay)    11    10    8040.24    8    8037.63    3    1
(advertise)    9    8040.44    10    8
(relay)    28    12    8085.05    8    8084.02    4    1
(advertise)    9    8085.25    12    8
(heartbeat)    16    2    8084.71    9    8115.87    4    4
(advertise)    9    8116.07    16    2
(relay)    42    44    8172.68    8    8166.9    2    1
(advertise)    9    8172.88    44    8
(relay)    11    11    8175.29    8    8175.14    6    1
(advertise)    9    8193.89    11    8
(relay)    11    20    8196.11    8    8185.21    4    1
(advertise)    9    8216.51    20    8
(relay)    5    5    8220.12    8    8219.17    6    1
(advertise)    9    8237.52    5    8
(relay)    42    26    8259.13    8    8252.96    5    1
(advertise)    9    8260.13    26    8
(relay)    17    17    8301.75    8    8300.75    6    1
(advertise)    9    8301.95    17    8
(relay)    11    0    8347.76    8    8347.02    2    1
(advertise)    9    8347.96    0    8
(generate)    9    8403.97    [7, 16, 43, 42]    8
(relay)    11    32    8465.38    8    8464.01    4    1
(advertise)    9    8465.58    32    8
(relay)    17    34    8495.8    8    8493.31    4    1
(advertise)    9    8496.0    34    8
(relay)    18    21    8549.21    8    8531.3    1    1
(relay)    5    2    8555.61    8    8504.19    1    1
(relay)    18    46    8573.01    8    8439.06    1    1
(relay)    17    14    8588.81    8    8584.8    1    1
(relay)    42    42    8604.81    8    8604.71    5    1
(advertise)    9    8605.01    42    8
(relay)    42    43    8624.22    8    8623.32    4    1
(advertise)    9    8628.02    43    8
(relay)    42    30    8655.24    8    8610.95    1    1
(relay)    11    47    8656.04    8    8653.93    5    1
(advertise)    9    8656.44    47    8
(relay)    42    8    8698.45    8    8653.82    1    1
(relay)    18    16    8743.65    8    8740.1    124    1
(advertise)    9    8743.85    16    8
(relay)    28    28    8763.06    8    8762.14    5    1
(advertise)    9    8766.46    28    8
(relay)    28    35    8786.68    8    8752.16    2    1
(advertise)    9    8787.48    35    8
(relay)    18    18    8909.49    8    8908.95    5    1
(advertise)    9    8909.69    18    8
(relay)    28    27    8943.7    8    8942.12    1    1
(relay)    42    31    8997.5    8    8995.87    5    1
(advertise)    9    8997.7    31    8
(relay)    28    10    9039.11    9    9037.67    2    1
(advertise)    9    9039.31    10    9
(relay)    28    12    9085.33    9    9084.12    3    1
(advertise)    9    9085.53    12    9
(relay)    42    22    9152.14    9    9151.38    4    1
(advertise)    9    9152.34    22    9
(relay)    17    44    9173.15    9    9166.91    2    1
(advertise)    9    9174.35    44    9
(relay)    11    11    9175.77    9    9175.28    6    1
(advertise)    9    9195.97    11    9
(relay)    11    20    9197.18    9    9185.37    4    1
(relay)    42    33    9217.18    9    9153.92    1    2
(advertise)    9    9218.18    20    9
(relay)    5    5    9220.59    9    9219.67    6    1
(advertise)    9    9240.39    5    9
(relay)    11    26    9253.41    9    9252.96    5    1
(advertise)    9    9262.81    26    9
(relay)    17    17    9301.82    9    9300.88    6    1
(advertise)    9    9302.02    17    9
(generate)    9    9404.03    [7, 16, 43, 42]    9
(relay)    18    32    9470.24    9    9464.2    2    1
(advertise)    9    9470.44    32    9
(relay)    17    34    9494.66    9    9493.47    4    1
(advertise)    9    9496.46    34    9
(relay)    42    21    9540.67    9    9531.41    1    1
(relay)    11    2    9562.67    9    9504.36    2    1
(advertise)    9    9562.87    2    9
(relay)    17    14    9586.88    9    9584.81    1    1
(relay)    42    42    9604.88    9    9604.87    5    1
(advertise)    9    9605.08    42    9
(relay)    42    43    9624.9    9    9623.5    4    1
(advertise)    9    9627.5    43    9
(relay)    42    30    9650.71    9    9610.99    1    1
(relay)    17    47    9656.31    9    9653.95    5    1
(advertise)    9    9656.51    47    9
(relay)    42    8    9694.32    9    9653.89    1    1
(relay)    11    16    9743.72    9    9740.28    125    1
(advertise)    9    9743.92    16    9
(relay)    28    28    9763.34    9    9762.31    5    1
(advertise)    9    9766.14    28    9
(relay)    28    35    9785.95    9    9752.22    2    1
(advertise)    9    9787.35    35    9
(relay)    18    18    9909.56    9    9909.01    5    1
(advertise)    9    9909.76    18    9
(relay)    42    27    9944.18    9    9942.21    1    1
(relay)    11    31    9997.38    9    9995.88    5    1
(advertise)    9    9997.58    31    9
(relay)    5    10    10040.39    10    10037.71    1    1
(relay)    18    12    10087.39    10    10084.17    1    1
(relay)    42    29    10109.59    10    10100.99    1    1
(relay)    5    22    10152.19    10    10151.46    3    1
(advertise)    9    10152.39    22    10
(relay)    17    44    10173.6    10    10166.92    2    1
(advertise)    9    10174.2    44    10
(relay)    11    11    10176.01    10    10175.4    6    1
(advertise)    9    10197.21    11    10
(relay)    28    20    10219.43    10    10185.52    4    1
(advertise)    9    10219.63    20    10
(relay)    5    5    10221.64    10    10220.57    6    1
(advertise)    9    10241.04    5    10
(relay)    11    26    10254.45    10    10253.16    5    1
(advertise)    9    10263.65    26    10
(relay)    17    17    10302.07    10    10301.0    6    1
(advertise)    9    10302.27    17    10
(relay)    5    0    10349.48    10    10347.49    2    1
(advertise)    9    10349.68    0    10
(generate)    9    10404.09    [7, 16, 43, 42]    10
(relay)    18    46    10486.51    10    10439.3    1    1
(relay)    5    34    10493.91    10    10493.64    4    1
(advertise)    9    10494.11    34    10
(relay)    18    32    10531.12    10    10464.38    1    1
(relay)    42    21    10535.72    10    10531.49    1    1
(relay)    28    2    10557.32    10    10504.52    2    1
(advertise)    9    10557.52    2    10
(relay)    17    14    10585.73    10    10584.81    1    1
(relay)    42    42    10605.13    10    10605.04    5    1
(advertise)    9    10605.33    42    10
(relay)    42    43    10625.34    10    10623.64    4    1
(advertise)    9    10627.94    43    10
(relay)    42    47    10655.56    10    10654.12    5    1
(advertise)    9    10655.96    47    10
(relay)    42    16    10742.97    10    10740.42    125    1
(advertise)    9    10743.17    16    10
(relay)    28    28    10762.58    10    10762.44    5    1
(advertise)    9    10765.58    28    10
(relay)    5    35    10787.8    10    10752.32    1    1
(relay)    18    18    10909.6    10    10909.09    5    1
(advertise)    9    10909.8    18    10
(relay)    11    31    10997.41    10    10996.05    5    1
(advertise)    9    10997.61    31    10
(relay)    17    10    11038.62    11    11037.9    2    1
(advertise)    9    11038.82    10    11
(relay)    18    12    11094.24    11    11084.25    1    1
(relay)    28    29    11114.84    11    11101.03    1    1
(relay)    42    22    11152.64    11    11151.52    4    1
(advertise)    9    11152.84    22    11
(relay)    28    44    11173.85    11    11167.11    2    1
(advertise)    9    11174.45    44    11
(relay)    11    11    11176.06    11    11175.53    6    1
(relay)    42    20    11196.06    11    11185.65    4    2
(advertise)    9    11196.66    11    11
(advertise)    9    11217.67    20    11
(relay)    5    5    11220.69    11    11220.66    6    1
(advertise)    9    11239.89    5    11
(relay)    11    26    11254.7    11    11253.32    5    1
(advertise)    9    11263.1    26    11
(relay)    18    17    11302.51    11    11301.12    3    1
(advertise)    9    11302.71    17    11
(relay)    28    0    11349.93    11    11347.51    2    1
(advertise)    9    11350.13    0    11
(generate)    9    11404.14    [7, 16, 43, 42]    11
(relay)    11    32    11466.75    11    11464.56    4    1
(advertise)    9    11466.95    32    11
(relay)    42    34    11494.77    11    11493.79    4    1
(advertise)    9    11494.97    34    11
(relay)    17    2    11558.78    11    11504.67    1    1
(relay)    17    14    11586.18    11    11584.87    1    1
(relay)    42    42    11605.78    11    11605.15    5    1
(advertise)    9    11605.98    42    11
(relay)    42    43    11625.59    11    11623.75    4    1
(advertise)    9    11627.79    43    11
(relay)    5    47    11657.2    11    11655.51    4    1
(advertise)    9    11657.4    47    11
(relay)    17    16    11746.02    11    11740.54    124    1
(advertise)    9    11746.22    16    11
(relay)    28    28    11762.63    11    11762.59    5    1
(advertise)    9    11768.23    28    11
(relay)    28    35    11788.64    11    11752.45    2    1
(advertise)    9    11790.24    35    11
(relay)    18    18    11910.26    11    11909.17    5    1
(advertise)    9    11910.46    18    11
(relay)    42    24    11969.87    11    11954.53    1    1
(relay)    17    31    11999.47    11    11996.08    4    1
(advertise)    9    11999.67    31    11
(relay)    17    10    12038.68    12    12037.97    2    1
(advertise)    9    12038.88    10    12
(relay)    42    12    12086.7    12    12084.36    3    1
(advertise)    9    12086.9    12    12
(heartbeat)    16    3    12085.53    9    12108.71    4    4
(advertise)    9    12109.51    16    3
(relay)    11    29    12138.52    12    12101.1    1    1
(relay)    18    22    12154.12    12    12151.61    3    1
(advertise)    9    12154.32    22    12
(relay)    18    44    12175.93    12    12167.13    3    1
(advertise)    9    12176.33    44    12
(relay)    5    11    12179.75    12    12175.68    5    1
(relay)    18    20    12197.15    12    12185.8    3    2
(advertise)    9    12197.55    11    12
(advertise)    9    12220.16    20    12
(relay)    11    5    12225.97    12    12220.76    5    1
(advertise)    9    12242.37    5    12
(relay)    11    26    12254.59    12    12253.35    5    1
(advertise)    9    12264.39    26    12
(relay)    17    17    12301.4    12    12301.29    6    1
(advertise)    9    12301.6    17    12
(relay)    11    0    12349.41    12    12347.56    2    1
(advertise)    9    12349.61    0    12
(generate)    9    12404.23    [7, 16, 43, 42]    12
(relay)    42    32    12466.04    12    12464.61    4    1
(advertise)    9    12466.24    32    12
(relay)    5    34    12494.25    12    12493.98    4    1
(advertise)    9    12494.45    34    12
(relay)    18    46    12516.66    12    12439.41    1    1
(relay)    5    2    12539.46    12    12504.86    2    1
(advertise)    9    12539.66    2    12
(relay)    18    21    12550.48    12    12531.65    1    1
(relay)    11    14    12586.68    12    12584.91    1    1
(relay)    42    42    12605.88    12    12605.34    5    1
(advertise)    9    12606.08    42    12
(relay)    42    43    12626.09    12    12623.93    4    1
(advertise)    9    12627.49    43    12
(relay)    18    15    12654.3    12    12608.62    1    1
(relay)    17    47    12656.1    12    12655.57    5    1
(advertise)    9    12656.3    47    12
(relay)    18    16    12743.12    12    12740.72    123    1
(advertise)    9    12743.32    16    12
(relay)    28    28    12762.93    12    12762.75    5    1
(advertise)    9    12765.33    28    12
(relay)    28    35    12790.34    12    12752.58    1    1
(relay)    18    18    12910.34    12    12909.27    5    1
(advertise)    9    12910.54    18    12
(relay)    11    31    12998.36    12    12996.1    5    1
(advertise)    9    12998.56    31    12
(relay)    11    10    13038.57    13    13038.0    2    1
(advertise)    9    13038.77    10    13
(relay)    42    12    13085.58    13    13084.44    3    1
(advertise)    9    13085.78    12    13
(relay)    28    29    13112.79    13    13101.13    1    1
(relay)    17    22    13153.19    13    13151.71    4    1
(advertise)    9    13153.39    22    13
(relay)    11    44    13174.61    13    13167.13    2    1
(advertise)    9    13175.01    44    13
(relay)    28    33    13195.22    13    13154.41    1    1
(relay)    11    20    13196.22    13    13185.95    4    1
(advertise)    9    13198.82    20    13
(relay)    17    11    13218.63    13    13175.82    4    1
(advertise)    9    13220.43    11    13
(relay)    11    5    13221.65    13    13220.85    5    1
(advertise)    9    13242.45    5    13
(relay)    11    26    13255.66    13    13253.54    5    1
(advertise)    9    13263.86    26    13
(relay)    17    17    13301.47    13    13301.41    6    1
(advertise)    9    13301.67    17    13
(relay)    28    0    13367.89    13    13347.58    1    1
(generate)    9    13404.29    [7, 16, 43, 42]    13
(relay)    18    46    13456.7    13    13439.52    1    1
(relay)    18    32    13479.3    13    13464.62    2    1
(advertise)    9    13479.5    32    13
(relay)    18    34    13501.71    13    13494.14    2    1
(advertise)    9    13502.51    34    13
(relay)    28    2    13520.12    13    13505.01    1    1
(relay)    18    21    13535.12    13    13531.76    1    1
(relay)    17    14    13587.72    13    13584.92    1    1
(relay)    42    42    13605.92    13    13605.47    5    1
(advertise)    9    13606.12    42    13
(relay)    42    43    13625.34    13    13624.07    4    1
(advertise)    9    13627.14    43    13
(relay)    42    30    13652.15    13    13611.58    1    1
(relay)    11    47    13656.15    13    13655.73    5    1
(advertise)    9    13656.35    47    13
(relay)    28    16    13741.56    13    13740.88    125    1
(advertise)    9    13741.76    16    13
(relay)    28    28    13763.38    13    13762.89    5    1
(advertise)    9    13765.58    28    13
(relay)    11    35    13785.59    13    13752.67    1    1
(relay)    18    18    13910.39    13    13909.33    5    1
(advertise)    9    13910.59    18    13
(relay)    18    27    13944.4    13    13942.53    1    1
(relay)    11    31    13998.4    13    13996.25    5    1
(advertise)    9    13998.6    31    13
(relay)    17    10    14040.22    14    14038.01    2    1
(advertise)    9    14040.42    10    14
(relay)    5    12    14086.83    14    14084.44    2    1
(advertise)    9    14087.03    12    14
(relay)    17    29    14114.84    14    14101.16    1    1
(relay)    11    22    14153.44    14    14151.81    4    1
(advertise)    9    14153.64    22    14
(relay)    11    44    14174.45    14    14167.31    2    1
(advertise)    9    14175.25    44    14
(relay)    11    11    14176.87    14    14175.93    6    1
(relay)    11    20    14195.07    14    14186.1    4    2
(advertise)    9    14197.67    11    14
(advertise)    9    14220.28    20    14
(relay)    5    5    14221.49    14    14220.91    6    1
(relay)    28    33    14239.89    14    14154.56    1    2
(advertise)    9    14242.89    5    14
(relay)    11    26    14255.91    14    14253.69    5    1
(advertise)    9    14264.31    26    14
(relay)    17    17    14301.52    14    14301.52    6    1
(advertise)    9    14301.72    17    14
(relay)    11    0    14349.93    14    14347.6    2    1
(advertise)    9    14350.13    0    14
(generate)    9    14404.35    [7, 16, 43, 42]    14
(relay)    28    32    14465.36    14    14464.77    4    1
(advertise)    9    14465.56    32    14
(relay)    42    34    14496.17    14    14494.29    4    1
(advertise)    9    14496.37    34    14
(relay)    18    46    14519.98    14    14439.63    1    1
(relay)    5    2    14520.18    14    14505.15    2    1
(advertise)    9    14520.58    2    14
(relay)    18    21    14542.4    14    14531.84    1    1
(relay)    11    14    14587.6    14    14584.94    1    1
(relay)    42    42    14606.6    14    14605.59    5    1
(advertise)    9    14606.8    42    14
(relay)    42    43    14625.61    14    14624.2    4    1
(advertise)    9    14628.81    43    14
(relay)    18    15    14653.02    14    14608.74    1    1
(relay)    17    47    14676.02    14    14655.91    5    1
(advertise)    9    14676.22    47    14
(relay)    28    30    14679.04    14    14611.59    1    1
(relay)    28    8    14723.24    14    14655.08    1    1
(relay)    11    16    14742.04    14    14741.04    125    1
(advertise)    9    14742.24    16    14
(relay)    28    28    14763.65    14    14763.04    5    1
(advertise)    9    14764.05    28    14
(relay)    28    35    14788.06    14    14752.77    2    1
(advertise)    9    14788.46    35    14
(relay)    18    18    14909.48    14    14909.42    5    1
(advertise)    9    14909.68    18    14
(relay)    42    27    14945.29    14    14942.82    1    1
(relay)    17    24    14970.29    14    14954.8    1    1
(relay)    11    31    14996.89    14    14996.27    5    1
(advertise)    9    14997.09    31    14
(relay)    17    10    15040.1    15    15038.08    2    1
(advertise)    9    15040.3    10    15
(relay)    11    12    15085.51    15    15084.56    2    1
(advertise)    9    15085.71    12    15
(relay)    42    29    15108.53    15    15101.21    1    1
(relay)    42    22    15153.33    15    15151.88    4    1
(advertise)    9    15153.53    22    15
(relay)    17    44    15174.34    15    15167.31    2    1
(advertise)    9    15176.94    44    15
(relay)    42    11    15195.55    15    15176.68    5    1
(relay)    17    20    15196.35    15    15186.26    4    2
(advertise)    9    15199.75    11    15
(relay)    42    33    15218.17    15    15154.65    1    2
(relay)    5    5    15221.57    15    15221.01    6    3
(advertise)    9    15222.57    20    15
(advertise)    9    15245.38    5    15
(relay)    11    26    15255.99    15    15253.71    5    1
(advertise)    9    15267.39    26    15
(relay)    17    17    15302.21    15    15301.66    6    1
(advertise)    9    15302.41    17    15
(generate)    9    15404.42    [7, 16, 43, 42]    15
(relay)    11    32    15465.23    15    15464.77    4    1
(advertise)    9    15465.43    32    15
(relay)    17    46    15491.84    15    15439.7    1    1
(relay)    5    34    15495.84    15    15494.48    4    1
(advertise)    9    15496.04    34    15
(relay)    5    2    15522.06    15    15505.31    2    1
(advertise)    9    15522.26    2    15
(relay)    18    21    15536.87    15    15531.95    1    1
(relay)    11    14    15588.67    15    15584.97    1    1
(relay)    42    42    15606.87    15    15605.78    5    1
(advertise)    9    15607.07    42    15
(relay)    42    43    15624.88    15    15624.39    4    1
(advertise)    9    15629.88    43    15
(relay)    17    47    15657.5    15    15656.14    5    1
(advertise)    9    15657.7    47    15
(relay)    11    16    15743.31    15    15741.21    123    1
(advertise)    9    15743.51    16    15
(relay)    28    28    15763.72    15    15763.21    5    1
(advertise)    9    15764.52    28    15
(relay)    17    35    15821.74    15    15752.87    1    1
(relay)    18    18    15909.54    15    15909.49    5    1
(advertise)    9    15909.74    18    15
(relay)    17    27    15945.35    15    15942.96    1    1
(relay)    17    31    15997.15    15    15996.46    4    1
(advertise)    9    15997.35    31    15
(relay)    11    10    16040.16    16    16038.12    2    1
(advertise)    9    16040.36    10    16
(relay)    28    12    16084.97    16    16084.68    3    1
(advertise)    9    16085.17    12    16
(heartbeat)    16    4    16085.59    9    16107.99    4    5
(advertise)    9    16108.79    16    4
(relay)    17    22    16154.2    16    16151.99    3    1
(advertise)    9    16154.4    22    16
(relay)    17    44    16174.41    16    16167.33    2    1
(advertise)    9    16177.01    44    16
(relay)    28    20    16197.03    16    16186.43    3    1
(advertise)    9    16198.43    20    16
(relay)    5    5    16221.64    16    16221.1    5    1
(advertise)    9    16221.84    5    16
(relay)    11    26    16255.05    16    16253.71    3    1
(advertise)    9    16255.25    26    16
(relay)    17    17    16302.27    16    16301.79    6    1
(advertise)    9    16302.47    17    16
(relay)    17    0    16348.28    16    16347.65    2    1
(advertise)    9    16348.48    0    16
(generate)    9    16404.49    [7, 16, 43, 42]    16
(relay)    11    32    16465.3    16    16464.95    3    1
(advertise)    9    16465.5    32    16
(relay)    11    34    16495.92    16    16494.64    3    1
(advertise)    9    16496.12    34    16
(relay)    18    21    16532.53    16    16532.06    1    1
(relay)    28    2    16554.33    16    16505.47    2    1
(advertise)    9    16554.53    2    16
(relay)    5    14    16589.54    16    16585.16    1    1
(relay)    42    42    16606.94    16    16605.92    4    1
(advertise)    9    16607.14    42    16
(relay)    42    43    16625.36    16    16624.53    3    1
(advertise)    9    16629.16    43    16
(relay)    18    15    16652.17    16    16608.98    1    1
(relay)    42    47    16658.17    16    16656.32    3    1
(advertise)    9    16658.37    47    16
(relay)    42    16    16743.98    16    16741.38    125    1
(advertise)    9    16744.18    16    16
(relay)    28    28    16764.0    16    16763.34    4    1
(advertise)    9    16765.4    28    16
(relay)    28    35    16788.81    16    16752.97    1    1
(relay)    18    18    16909.61    16    16909.56    5    1
(advertise)    9    16909.81    18    16
(relay)    18    27    16946.22    16    16943.1    1    1
(relay)    11    31    16996.82    16    16996.46    3    1
(advertise)    9    16997.02    31    16
(relay)    11    10    17041.23    17    17038.17    2    1
(advertise)    9    17041.43    10    17
(relay)    42    12    17085.45    17    17084.78    2    1
(advertise)    9    17085.65    12    17
(relay)    11    29    17109.66    17    17101.55    1    1
(relay)    42    22    17153.46    17    17152.03    3    1
(advertise)    9    17153.66    22    17
(relay)    42    44    17173.87    17    17167.44    2    1
(relay)    11    11    17177.07    17    17176.92    5    2
(advertise)    9    17177.27    44    17
(relay)    42    33    17196.29    17    17155.68    1    2
(relay)    18    20    17198.89    17    17186.57    2    3
(advertise)    9    17199.29    11    17
(relay)    5    5    17222.3    17    17221.2    5    2
(advertise)    9    17223.5    20    17
(advertise)    9    17244.51    5    17
(relay)    11    26    17254.33    17    17253.87    3    1
(advertise)    9    17266.73    26    17
(relay)    17    17    17302.54    17    17301.92    6    1
(advertise)    9    17302.74    17    17
(relay)    28    0    17348.15    17    17347.68    2    1
(advertise)    9    17348.35    0    17
(generate)    9    17404.56    [7, 16, 43, 42]    17
(relay)    11    32    17466.38    17    17465.14    3    1
(advertise)    9    17466.58    32    17
(relay)    42    34    17495.99    17    17494.8    3    1
(advertise)    9    17496.19    34    17
(relay)    18    46    17497.6    17    17439.88    1    1
(relay)    17    2    17535.2    17    17505.57    2    1
(advertise)    9    17535.4    2    17
(relay)    18    21    17541.22    17    17532.19    1    1
(relay)    42    14    17588.62    17    17585.35    1    1
(relay)    42    42    17607.02    17    17606.04    4    1
(advertise)    9    17607.22    42    17
(relay)    42    43    17625.63    17    17624.66    3    1
(advertise)    9    17629.43    43    17
(relay)    11    15    17653.64    17    17609.17    1    1
(relay)    17    30    17674.44    17    17612.0    1    1
(relay)    5    47    17679.64    17    17656.49    1    1
(relay)    42    8    17718.44    17    17655.62    1    1
(relay)    11    16    17743.84    17    17741.54    125    1
(advertise)    9    17744.04    16    17
(relay)    28    28    17764.46    17    17763.51    4    1
(advertise)    9    17765.06    28    17
(relay)    28    35    17788.27    17    17753.09    2    1
(advertise)    9    17788.47    35    17
(relay)    18    18    17910.08    17    17909.61    5    1
(advertise)    9    17910.28    18    17
(relay)    42    27    17945.69    17    17943.17    1    1
(relay)    11    31    17997.09    17    17996.65    3    1
(advertise)    9    17997.29    31    17
(relay)    42    10    18039.51    18    18038.17    2    1
(advertise)    9    18039.71    10    18
(relay)    17    12    18086.32    18    18084.83    1    1
(relay)    28    29    18117.92    18    18101.74    1    1
(relay)    18    22    18152.92    18    18152.12    2    1
(advertise)    9    18153.12    22    18
(relay)    5    44    18168.33    18    18167.63    2    1
(advertise)    9    18174.13    44    18
(relay)    11    11    18177.15    18    18177.07    5    1
(advertise)    9    18195.55    11    18
(relay)    5    20    18213.96    18    18186.72    3    1
(advertise)    9    18218.16    20    18
(relay)    5    5    18222.17    18    18221.26    5    1
(advertise)    9    18239.37    5    18
(relay)    11    26    18254.39    18    18254.06    3    1
(advertise)    9    18261.59    26    18
(relay)    17    17    18303.0    18    18302.04    6    1
(advertise)    9    18303.2    17    18
(relay)    11    0    18348.21    18    18347.7    2    1
(advertise)    9    18348.41    0    18
(generate)    9    18404.62    [7, 16, 43, 42]    18
(relay)    11    32    18466.44    18    18465.15    3    1
(advertise)    9    18466.64    32    18
(relay)    28    34    18496.25    18    18494.98    3    1
(advertise)    9    18496.45    34    18
(relay)    28    2    18518.06    18    18505.71    2    1
(advertise)    9    18518.66    2    18
(relay)    11    46    18559.08    18    18439.95    1    1
(relay)    18    21    18560.28    18    18532.28    1    1
(relay)    28    14    18587.88    18    18585.36    1    1
(relay)    42    42    18606.28    18    18606.23    4    1
(advertise)    9    18606.48    42    18
(relay)    18    15    18631.29    18    18609.37    1    1
(relay)    42    43    18633.29    18    18624.81    2    1
(advertise)    9    18633.49    43    18
(relay)    28    47    18658.5    18    18656.51    3    1
(advertise)    9    18659.5    47    18
(relay)    11    16    18744.32    18    18741.73    125    1
(advertise)    9    18744.52    16    18
(relay)    28    28    18764.73    18    18763.65    4    1
(advertise)    9    18765.53    28    18
(relay)    28    35    18788.94    18    18753.24    2    1
(advertise)    9    18789.74    35    18
(relay)    18    18    18910.15    18    18909.66    5    1
(advertise)    9    18910.35    18    18
(relay)    18    27    18945.77    18    18943.25    1    1
(relay)    28    31    18998.37    18    18996.84    3    1
(advertise)    9    18998.57    31    18
(relay)    17    10    19040.78    19    19038.22    1    1
(relay)    28    12    19086.18    19    19084.93    2    1
(advertise)    9    19086.38    12    19
(relay)    17    29    19110.99    19    19101.79    1    1
(relay)    17    44    19174.19    19    19167.82    2    1
(advertise)    9    19174.39    44    19
(relay)    11    11    19177.81    19    19177.19    5    1
(advertise)    9    19195.81    11    19
(relay)    18    20    19197.22    19    19186.88    2    1
(advertise)    9    19218.82    20    19
(relay)    5    5    19222.43    19    19221.34    5    1
(advertise)    9    19240.83    5    19
(relay)    11    26    19254.45    19    19254.07    3    1
(advertise)    9    19263.05    26    19
(relay)    17    17    19303.26    19    19302.16    6    1
(advertise)    9    19303.46    17    19
(relay)    11    0    19348.47    19    19347.88    2    1
(advertise)    9    19348.67    0    19
(generate)    9    19404.68    [7, 16, 43, 42]    19
(relay)    11    32    19466.5    19    19465.16    3    1
(advertise)    9    19466.7    32    19
(relay)    42    34    19496.71    19    19495.15    3    1
(advertise)    9    19496.91    34    19
(relay)    18    21    19534.92    19    19532.38    1    1
(relay)    42    2    19538.52    19    19505.88    2    1
(advertise)    9    19538.72    2    19
(relay)    42    42    19606.54    19    19606.35    4    1
(advertise)    9    19606.74    42    19
(relay)    42    43    19626.75    19    19624.93    3    1
(advertise)    9    19628.15    43    19
(relay)    42    30    19655.56    19    19612.22    1    1
(relay)    42    47    19676.76    19    19656.7    3    1
(advertise)    9    19676.96    47    19
(relay)    28    8    19697.58    19    19655.78    1    1
(relay)    5    16    19745.98    19    19741.87    124    1
(advertise)    9    19746.18    16    19
(relay)    28    28    19764.79    19    19763.78    4    1
(advertise)    9    19768.79    28    19
(relay)    11    35    19788.8    19    19753.36    2    1
(advertise)    9    19789.8    35    19
(relay)    18    18    19910.21    19    19909.68    5    1
(advertise)    9    19910.41    18    19
(relay)    18    27    19945.63    19    19943.32    1    1
(relay)    17    24    19969.23    19    19955.26    1    1
(relay)    11    31    19998.23    19    19996.86    3    1
(advertise)    9    19998.43    31    19
(relay)    42    10    20039.84    20    20038.41    2    1
(advertise)    9    20040.04    10    20
(relay)    42    12    20086.65    20    20084.99    2    1
(advertise)    9    20086.85    12    20
(relay)    42    29    20110.07    20    20101.98    1    1
(heartbeat)    16    5    20085.68    9    20117.47    3    5
(advertise)    9    20117.67    16    5
(relay)    18    22    20153.48    20    20152.26    2    1
(advertise)    9    20153.68    22    20
(relay)    18    44    20176.09    20    20167.82    3    1
(advertise)    9    20176.29    44    20
(relay)    18    20    20199.51    20    20187.06    2    1
(relay)    28    33    20199.91    20    20155.97    1    2
(advertise)    9    20200.51    20    20
(relay)    5    5    20221.52    20    20221.44    5    1
(advertise)    9    20222.72    5    20
(relay)    11    26    20255.33    20    20254.07    3    1
(advertise)    9    20255.53    26    20
(relay)    17    17    20303.34    20    20302.29    6    1
(advertise)    9    20303.54    17    20
(generate)    9    20404.76    [7, 16, 43, 42]    20
(relay)    17    32    20468.17    20    20465.33    2    1
(advertise)    9    20468.37    32    20
(relay)    18    46    20469.58    20    20440.22    1    1
(relay)    11    34    20495.78    20    20495.34    3    1
(advertise)    9    20495.98    34    20
(relay)    18    21    20534.4    20    20532.47    1    1
(relay)    11    2    20557.6    20    20506.01    2    1
(advertise)    9    20557.8    2    20
(relay)    17    14    20586.21    20    20585.42    1    1
(relay)    42    42    20606.41    20    20606.35    4    1
(advertise)    9    20606.61    42    20
(relay)    42    43    20626.82    20    20625.11    3    1
(advertise)    9    20629.02    43    20
(relay)    18    15    20652.24    20    20609.45    1    1
(relay)    42    30    20653.44    20    20612.41    1    1
(relay)    28    47    20658.04    20    20656.73    3    1
(advertise)    9    20658.24    47    20
(relay)    11    16    20745.25    20    20741.88    125    1
(advertise)    9    20745.45    16    20
(relay)    28    28    20764.06    20    20763.95    4    1
(advertise)    9    20767.46    28    20
(relay)    42    35    20788.67    20    20753.48    2    1
(advertise)    9    20790.27    35    20
(relay)    18    18    20910.29    20    20909.75    5    1
(advertise)    9    20910.49    18    20
(relay)    11    31    20998.1    20    20996.88    3    1
(advertise)    9    20998.3    31    20
(relay)    28    10    21039.91    21    21038.42    1    1
(relay)    28    12    21086.71    21    21085.04    2    1
(advertise)    9    21086.91    12    21
(relay)    5    22    21153.93    21    21152.33    2    1
(advertise)    9    21154.13    22    21
(relay)    11    44    21175.14    21    21168.0    2    1
(advertise)    9    21176.14    44    21
(relay)    11    11    21177.95    21    21177.44    5    1
(advertise)    9    21197.95    11    21
(relay)    17    20    21218.17    21    21187.23    3    1
(advertise)    9    21219.17    20    21
(relay)    42    33    21221.18    21    21156.07    1    1
(relay)    5    5    21221.58    21    21221.52    5    1
(advertise)    9    21241.38    5    21
(relay)    11    26    21255.39    21    21254.07    3    1
(advertise)    9    21262.79    26    21
(relay)    17    17    21302.6    21    21302.43    6    1
(advertise)    9    21303.0    17    21
(relay)    11    0    21349.82    21    21347.9    2    1
(advertise)    9    21350.02    0    21
(generate)    9    21404.83    [7, 16, 43, 42]    21
(relay)    42    32    21466.64    21    21465.35    3    1
(advertise)    9    21466.84    32    21
(relay)    42    34    21496.46    21    21495.53    3    1
(advertise)    9    21496.66    34    21
(relay)    18    46    21534.67    21    21440.3    1    1
(relay)    11    2    21537.67    21    21506.18    2    1
(advertise)    9    21537.87    2    21
(relay)    17    14    21586.48    21    21585.61    1    1
(relay)    11    21    21590.88    21    21532.6    1    1
(relay)    42    42    21607.08    21    21606.5    4    1
(advertise)    9    21607.28    42    21
(relay)    5    43    21631.3    21    21625.26    3    1
(advertise)    9    21631.7    43    21
(relay)    42    30    21653.91    21    21612.59    1    1
(relay)    18    15    21655.11    21    21609.47    1    1
(relay)    42    47    21674.51    21    21656.74    3    1
(advertise)    9    21674.71    47    21
(relay)    18    16    21751.72    21    21742.07    124    1
(advertise)    9    21751.92    16    21
(relay)    28    28    21764.13    21    21764.1    4    1
(advertise)    9    21774.93    28    21
(relay)    28    35    21795.75    21    21754.83    2    1
(advertise)    9    21795.95    35    21
(relay)    18    18    21910.76    21    21909.81    5    1
(advertise)    9    21910.96    18    21
(relay)    42    27    21945.17    21    21943.8    1    1
(relay)    18    24    21981.17    21    21955.37    1    1
(relay)    42    31    22002.77    21    21996.91    3    1
(advertise)    9    22002.97    31    21
(relay)    17    10    22039.19    22    22038.46    2    1
(advertise)    9    22039.39    10    22
(relay)    42    12    22087.2    22    22085.13    2    1
(advertise)    9    22087.4    12    22
(relay)    5    29    22117.81    22    22102.03    1    1
(relay)    42    22    22154.21    22    22152.43    3    1
(advertise)    9    22154.41    22    22
(relay)    28    44    22176.03    22    22168.04    2    1
(advertise)    9    22177.43    44    22
(relay)    11    11    22178.64    22    22177.58    5    1
(relay)    11    20    22199.04    22    22187.4    3    2
(advertise)    9    22200.04    11    22
(relay)    5    5    22221.65    22    22221.63    5    2
(advertise)    9    22222.25    20    22
(advertise)    9    22246.06    5    22
(relay)    11    26    22255.28    22    22254.09    3    1
(advertise)    9    22268.28    26    22
(relay)    17    17    22302.69    22    22302.6    6    1
(advertise)    9    22302.89    17    22
(relay)    11    0    22349.9    22    22347.92    2    1
(advertise)    9    22350.1    0    22
(generate)    9    22404.92    [7, 16, 43, 42]    22
(relay)    42    32    22466.53    22    22465.37    3    1
(advertise)    9    22466.73    32    22
(relay)    11    34    22496.34    22    22495.7    3    1
(advertise)    9    22496.54    34    22
(relay)    18    46    22535.16    22    22440.33    1    1
(relay)    42    2    22538.96    22    22506.34    1    1
(relay)    28    14    22588.56    22    22585.67    1    1
(relay)    42    42    22607.16    22    22606.62    4    1
(advertise)    9    22607.36    42    22
(relay)    42    43    22627.57    22    22625.41    3    1
(advertise)    9    22628.37    43    22
(relay)    11    47    22657.58    22    22656.77    3    1
(advertise)    9    22657.78    47    22
(relay)    28    8    22678.19    22    22656.37    1    1
(relay)    11    15    22698.19    22    22609.66    1    1
(relay)    18    16    22743.79    22    22742.27    124    1
(advertise)    9    22743.99    16    22
(relay)    28    28    22764.41    22    22764.25    4    1
(advertise)    9    22765.61    28    22
(relay)    28    35    22787.62    22    22754.96    2    1
(advertise)    9    22787.82    35    22
(relay)    18    18    22910.83    22    22909.87    5    1
(advertise)    9    22911.03    18    22
(relay)    11    27    22944.85    22    22943.94    1    1
(relay)    42    31    22998.45    22    22997.09    3    1
(advertise)    9    22998.65    31    22
(relay)    11    10    23039.06    23    23038.5    2    1
(advertise)    9    23039.26    10    23
(relay)    42    12    23086.47    23    23085.17    2    1
(advertise)    9    23086.67    12    23
(relay)    17    29    23108.49    23    23102.05    1    1
(relay)    17    22    23153.69    23    23152.48    3    1
(advertise)    9    23153.89    22    23
(relay)    11    44    23176.1    23    23168.23    2    1
(advertise)    9    23176.9    44    23
(relay)    11    11    23178.71    23    23177.72    5    1
(relay)    11    20    23197.11    23    23187.52    3    2
(advertise)    9    23198.11    11    23
(advertise)    9    23219.32    20    23
(relay)    5    5    23222.94    23    23222.93    5    1
(advertise)    9    23240.34    5    23
(relay)    11    26    23256.55    23    23254.26    3    1
(advertise)    9    23261.75    26    23
(relay)    17    17    23302.76    23    23302.71    6    1
(advertise)    9    23302.96    17    23
(relay)    5    0    23352.38    23    23348.97    2    1
(advertise)    9    23352.58    0    23
(generate)    9    23404.99    [7, 16, 43, 42]    23
(relay)    5    32    23466.4    23    23465.54    2    1
(advertise)    9    23466.6    32    23
(relay)    18    46    23494.22    23    23440.39    1    1
(relay)    28    34    23497.42    23    23495.85    3    1
(advertise)    9    23497.62    34    23
(relay)    42    2    23521.83    23    23506.52    2    1
(advertise)    9    23522.23    2    23
(relay)    18    21    23559.64    23    23532.9    1    1
(relay)    42    42    23607.24    23    23606.75    4    1
(advertise)    9    23607.44    42    23
(relay)    42    43    23627.05    23    23625.56    3    1
(advertise)    9    23632.45    43    23
(relay)    11    30    23654.47    23    23612.67    1    1
(relay)    17    47    23677.67    23    23656.96    3    1
(advertise)    9    23677.87    47    23
(relay)    42    8    23697.88    23    23656.49    1    1
(relay)    18    16    23743.48    23    23742.41    124    1
(advertise)    9    23743.68    16    23
(relay)    28    28    23764.89    23    23764.39    4    1
(advertise)    9    23765.69    28    23
(relay)    28    35    23768.31    23    23755.09    2    1
(advertise)    9    23786.91    35    23
(relay)    18    18    23910.92    23    23909.93    5    1
(advertise)    9    23911.12    18    23
(relay)    28    27    23946.33    23    23944.04    1    1
(relay)    42    31    23998.53    23    23997.25    3    1
(advertise)    9    23998.73    31    23
(relay)    42    10    24039.95    24    24038.54    2    1
(advertise)    9    24040.15    10    24
(heartbeat)    16    6    24085.8    9    24107.56    3    5
(advertise)    9    24107.76    16    6
(relay)    42    29    24131.17    24    24102.08    1    1
(relay)    28    22    24155.17    24    24152.58    2    1
(advertise)    9    24155.37    22    24
(relay)    28    44    24176.38    24    24168.25    2    1
(advertise)    9    24177.98    44    24
(relay)    5    20    24197.2    24    24187.7    3    1
(relay)    28    11    24197.6    24    24177.85    3    2
(advertise)    9    24199.6    20    24
(advertise)    9    24222.61    11    24
(relay)    17    5    24244.42    24    24223.04    4    1
(advertise)    9    24244.82    5    24
(relay)    5    26    24266.84    24    24254.44    2    1
(advertise)    9    24267.84    26    24
(relay)    17    17    24302.85    24    24302.83    4    1
(advertise)    9    24303.05    17    24
(relay)    42    0    24350.66    24    24349.0    2    1
(advertise)    9    24350.86    0    24
(generate)    9    24405.08    [7, 16, 43, 42]    24
(relay)    28    32    24466.29    24    24465.71    3    1
(advertise)    9    24466.49    32    24
(relay)    42    34    24497.9    24    24496.01    3    1
(advertise)    9    24498.1    34    24
(relay)    11    2    24522.71    24    24506.67    2    1
(advertise)    9    24523.11    2    24
(relay)    18    21    24544.93    24    24532.99    1    1
(relay)    28    14    24588.73    24    24585.75    1    1
(relay)    42    42    24607.93    24    24606.9    4    1
(advertise)    9    24608.13    42    24
(relay)    42    43    24626.94    24    24625.7    3    1
(advertise)    9    24630.14    43    24
(relay)    17    30    24653.75    24    24612.87    1    1
(relay)    5    47    24676.35    24    24657.14    2    1
(advertise)    9    24676.55    47    24
(relay)    18    16    24744.37    24    24742.59    124    1
(advertise)    9    24744.57    16    24
(relay)    28    28    24765.18    24    24764.53    4    1
(advertise)    9    24765.58    28    24
(relay)    11    35    24789.99    24    24755.25    2    1
(advertise)    9    24790.99    35    24
(relay)    18    18    24910.01    24    24909.99    5    1
(advertise)    9    24910.21    18    24
(relay)    18    27    24946.42    24    24944.16    1    1
(relay)    42    31    24997.62    24    24997.39    3    1
(advertise)    9    24997.82    31    24
(relay)    28    10    25040.63    25    25038.61    2    1
(advertise)    9    25040.83    10    25
(relay)    11    12    25094.44    25    25085.37    1    1
(relay)    42    29    25117.44    25    25102.09    1    1
(relay)    18    22    25156.04    25    25152.72    1    1
(relay)    18    44    25176.84    25    25168.25    3    1
(advertise)    9    25177.04    44    25
(relay)    17    20    25197.46    25    25187.84    3    1
(advertise)    9    25198.86    20    25
(relay)    17    11    25218.87    25    25177.93    1    1
(relay)    5    5    25223.67    25    25223.11    5    1
(advertise)    9    25224.27    5    25
(relay)    28    26    25255.88    25    25254.61    3    1
(advertise)    9    25256.08    26    25
(relay)    17    17    25303.5    25    25302.94    4    1
(advertise)    9    25303.7    17    25
(relay)    5    0    25350.71    25    25349.19    2    1
(advertise)    9    25350.91    0    25
(generate)    9    25405.12    [7, 16, 43, 42]    25
(relay)    11    32    25466.34    25    25465.86    3    1
(advertise)    9    25466.54    32    25
(relay)    18    46    25489.75    25    25440.46    1    1
(relay)    11    34    25497.35    25    25496.14    3    1
(advertise)    9    25497.55    34    25
(relay)    28    2    25535.96    25    25506.81    2    1
(advertise)    9    25536.16    2    25
(relay)    42    42    25607.97    25    25607.03    4    1
(advertise)    9    25608.17    42    25
(relay)    42    43    25626.19    25    25625.8    3    1
(advertise)    9    25630.19    43    25
(relay)    42    15    25647.8    25    25609.93    1    1
(relay)    42    30    25673.2    25    25612.89    1    1
(relay)    5    47    25692.0    25    25657.28    2    1
(advertise)    9    25692.2    47    25
(relay)    11    16    25744.01    25    25742.69    125    1
(advertise)    9    25744.21    16    25
(relay)    28    28    25765.23    25    25764.65    4    1
(advertise)    9    25765.43    28    25
(relay)    28    35    25790.44    25    25755.33    2    1
(advertise)    9    25790.84    35    25
(relay)    18    18    25910.05    25    25910.04    5    1
(advertise)    9    25910.25    18    25
(relay)    17    27    25946.47    25    25944.25    1    1
(relay)    11    31    25997.87    25    25997.56    3    1
(advertise)    9    25998.07    31    25
(relay)    17    10    26040.88    26    26038.63    2    1
(advertise)    9    26041.08    10    26
(relay)    28    12    26085.89    26    26085.44    2    1
(advertise)    9    26086.09    12    26
(relay)    17    29    26108.9    26    26102.12    1    1
(relay)    28    22    26154.1    26    26152.85    2    1
(advertise)    9    26154.3    22    26
(relay)    18    44    26168.72    26    26168.44    3    1
(advertise)    9    26175.52    44    26
(relay)    11    11    26178.13    26    26178.11    4    1
(relay)    18    20    26190.73    26    26188.02    2    2
(relay)    28    33    26198.13    26    26156.79    1    3
(advertise)    9    26199.93    11    26
(advertise)    9    26221.14    20    26
(relay)    5    5    26223.76    26    26223.17    5    1
(advertise)    9    26243.96    5    26
(relay)    11    26    26255.97    26    26254.76    3    1
(advertise)    9    26266.17    26    26
(relay)    17    17    26303.58    26    26303.1    4    1
(advertise)    9    26303.78    17    26
(relay)    28    0    26350.4    26    26349.2    1    1
(generate)    9    26405.2    [7, 16, 43, 42]    26
(relay)    11    32    26467.01    26    26466.02    3    1
(advertise)    9    26467.21    32    26
(relay)    11    34    26498.02    26    26496.3    3    1
(advertise)    9    26498.22    34    26
(relay)    42    2    26521.83    26    26506.97    2    1
(advertise)    9    26522.03    2    26
(relay)    18    46    26544.45    26    26440.65    1    1
(relay)    18    21    26568.25    26    26533.2    1    1
(relay)    42    42    26608.25    26    26607.19    4    1
(advertise)    9    26608.45    42    26
(relay)    42    43    26626.26    26    26625.95    3    1
(advertise)    9    26629.86    43    26
(relay)    18    15    26653.87    26    26610.1    1    1
(relay)    17    47    26659.07    26    26657.84    3    1
(advertise)    9    26659.27    47    26
(relay)    18    16    26745.69    26    26742.86    124    1
(advertise)    9    26745.89    16    26
(relay)    28    28    26765.3    26    26764.79    4    1
(advertise)    9    26767.1    28    26
(relay)    28    35    26789.91    26    26755.47    2    1
(advertise)    9    26790.11    35    26
(relay)    18    18    26910.13    26    26910.09    5    1
(advertise)    9    26910.33    18    26
(relay)    11    27    26947.14    26    26944.33    1    1
(relay)    28    24    26971.74    26    26955.72    1    1
(relay)    11    31    26998.14    26    26997.75    3    1
(advertise)    9    26998.34    31    26
(relay)    11    10    27041.75    27    27038.67    2    1
(advertise)    9    27041.95    10    27
(relay)    11    12    27086.16    27    27085.54    1    1
(relay)    11    29    27132.96    27    27102.14    1    1
(relay)    18    22    27154.56    27    27152.96    1    1
(relay)    28    44    27175.36    27    27168.63    2    1
(advertise)    9    27175.56    44    27
(relay)    11    11    27178.38    27    27178.25    4    1
(advertise)    9    27196.98    11    27
(relay)    18    20    27198.39    27    27188.18    2    1
(advertise)    9    27220.59    20    27
(relay)    5    5    27224.2    27    27223.26    5    1
(advertise)    9    27242.4    5    27
(relay)    11    26    27255.42    27    27254.93    3    1
(advertise)    9    27265.02    26    27
(relay)    17    17    27303.83    27    27303.23    4    1
(advertise)    9    27304.03    17    27
(relay)    5    0    27351.24    27    27350.44    2    1
(advertise)    9    27351.44    0    27
(generate)    9    27405.26    [7, 16, 43, 42]    27
(relay)    17    32    27467.87    27    27466.2    2    1
(advertise)    9    27468.07    32    27
(relay)    18    46    27513.68    27    27440.69    1    1
(relay)    18    34    27535.68    27    27496.48    1    1
(relay)    28    2    27544.08    27    27507.11    2    1
(advertise)    9    27544.28    2    27
(relay)    18    21    27560.29    27    27533.34    1    1
(relay)    5    14    27590.29    27    27585.79    1    1
(relay)    42    42    27607.49    27    27607.33    4    1
(advertise)    9    27607.69    42    27
(relay)    42    43    27627.11    27    27626.13    3    1
(advertise)    9    27628.91    43    27
(relay)    18    47    27661.32    27    27658.02    1    1
(relay)    28    28    27765.92    27    27764.94    4    1
(advertise)    9    27766.12    28    27
(relay)    11    35    27791.13    27    27755.54    2    1
(advertise)    9    27791.53    35    27
(relay)    18    18    27910.75    27    27910.15    5    1
(advertise)    9    27910.95    18    27
(relay)    18    24    27969.56    27    27955.74    1    1
(relay)    11    31    27998.76    27    27997.75    3    1
(advertise)    9    27998.96    31    27
(relay)    42    10    28040.37    28    28038.86    2    1
(advertise)    9    28040.57    10    28
(relay)    17    12    28086.19    28    28085.63    1    1
(relay)    28    29    28110.39    28    28102.29    1    1
(heartbeat)    16    7    28085.81    9    28117.79    3    5
(advertise)    9    28117.99    16    7
(relay)    17    22    28153.4    28    28153.08    2    1
(advertise)    9    28153.6    22    28
(relay)    18    44    28169.01    28    28168.64    3    1
(advertise)    9    28174.81    44    28
(relay)    18    20    28191.62    28    28188.36    2    1
(advertise)    9    28197.02    20    28
(relay)    5    11    28199.24    28    28178.38    3    1
(advertise)    9    28218.04    11    28
(relay)    5    5    28224.45    28    28223.34    5    1
(advertise)    9    28240.85    5    28
(relay)    11    26    28255.26    28    28254.94    3    1
(advertise)    9    28263.46    26    28
(relay)    17    17    28304.48    28    28303.38    4    1
(advertise)    9    28304.68    17    28
(relay)    42    0    28351.89    28    28350.63    2    1
(advertise)    9    28352.09    0    28
(generate)    9    28405.3    [7, 16, 43, 42]    28
(relay)    11    32    28467.52    28    28466.21    3    1
(advertise)    9    28467.72    32    28
(relay)    42    46    28494.13    28    28440.69    1    1
(relay)    28    34    28497.93    28    28496.66    3    1
(advertise)    9    28498.13    34    28
(relay)    42    21    28540.54    28    28533.44    1    1
(relay)    11    2    28561.74    28    28507.23    2    1
(advertise)    9    28561.94    2    28
(relay)    28    14    28587.75    28    28585.79    1    1
(relay)    42    42    28607.55    28    28607.49    4    1
(advertise)    9    28607.75    42    28
(relay)    42    43    28627.57    28    28626.28    3    1
(advertise)    9    28630.77    43    28
(relay)    17    15    28655.58    28    28610.11    1    1
(relay)    11    47    28678.18    28    28658.02    3    1
(advertise)    9    28678.38    47    28
(relay)    28    16    28745.59    28    28743.21    125    1
(advertise)    9    28745.79    16    28
(relay)    28    28    28766.21    28    28765.1    4    1
(advertise)    9    28768.01    28    28
(relay)    28    35    28791.22    28    28755.63    2    1
(advertise)    9    28791.42    35    28
(relay)    18    18    28910.83    28    28910.22    5    1
(advertise)    9    28911.03    18    28
(relay)    18    27    28948.05    28    28944.61    1    1
(relay)    17    31    28999.45    28    28997.75    2    1
(advertise)    9    28999.65    31    28
(relay)    42    10    29040.46    29    29038.9    3    1
(advertise)    9    29040.66    10    29
(relay)    28    12    29086.87    29    29085.71    2    1
(advertise)    9    29087.07    12    29
(relay)    42    29    29130.48    29    29102.32    1    1
(relay)    18    22    29153.88    29    29153.14    1    1
(relay)    17    44    29175.48    29    29168.81    2    1
(advertise)    9    29175.68    44    29
(relay)    11    11    29179.1    29    29178.55    4    1
(advertise)    9    29197.1    11    29
(relay)    11    20    29199.11    29    29188.51    3    1
(advertise)    9    29218.11    20    29
(relay)    5    5    29224.52    29    29223.43    5    1
(advertise)    9    29239.72    5    29
(relay)    11    26    29255.54    29    29255.13    3    1
(advertise)    9    29261.54    26    29
(relay)    17    17    29304.55    29    29303.51    4    1
(advertise)    9    29304.75    17    29
(relay)    5    0    29354.56    29    29351.88    1    1
(generate)    9    29405.36    [7, 16, 43, 42]    29
(relay)    11    32    29467.58    29    29466.22    3    1
(advertise)    9    29467.78    32    29
(relay)    42    34    29498.39    29    29496.79    3    1
(advertise)    9    29498.59    34    29
(relay)    11    2    29522.0    29    29507.33    2    1
(advertise)    9    29523.0    2    29
(relay)    18    46    29545.01    29    29440.75    1    1
(relay)    42    21    29587.61    29    29533.59    1    1
(relay)    42    42    29607.81    29    29607.62    4    1
(advertise)    9    29608.01    42    29
(relay)    42    14    29610.03    29    29585.98    1    1
(relay)    5    43    29629.43    29    29626.4    3    1
(advertise)    9    29630.23    43    29
(relay)    42    30    29655.84    29    29614.26    1    1
(relay)    11    47    29660.64    29    29658.2    3    1
(advertise)    9    29660.84    47    29
(relay)    42    8    29697.85    29    29657.24    1    1
(relay)    42    16    29746.45    29    29743.37    125    1
(advertise)    9    29746.65    16    29
(relay)    28    28    29766.27    29    29765.23    4    1
(advertise)    9    29769.07    28    29
(relay)    28    35    29792.88    29    29755.71    1    1
(relay)    18    18    29910.88    29    29910.28    5    1
(advertise)    9    29911.08    18    29
(relay)    18    27    29946.49    29    29944.73    1    1
(relay)    11    24    29969.29    29    29955.83    1    1
(relay)    11    31    29999.09    29    29997.76    3    1
(advertise)    9    29999.29    31    29
