0   28793.400000069687   298.20000000000044   906.527999999945    0.8719999303684745
1   29108.800000070834   213.0000000000052   647.5199999999675    0.6799999291943095
2   28945.60000007024   256.05000000000683   778.5439999999561    0.8059999297984177
3   28806.600000069735   289.50000000000176   880.0799999999473    0.8199999303178629
4   28637.000000069118   333.89999999999503   1015.0559999999356    1.0439999309528503
5   29105.00000007082   217.50000000000537   660.8959999999663    0.6039999292079301
6   28624.00000006907   335.09999999999485   1019.0079999999352    0.8919999309982813
7   29262.400000071393   175.50000000000378   533.5199999999774    0.579999928624602
8   28537.000000068754   355.1999999999918   1079.8079999999509    0.9919999313024164
9   29141.600000070954   205.3500000000049   624.4159999999695    0.6339999290721607
10   28756.800000069554   303.29999999999967   922.0319999999437    0.8679999305022648
11   28992.20000007041   244.8000000000064   744.1919999999591    0.8079999296242022
12   28636.600000069117   331.79999999999535   1008.6719999999361    0.9279999309510458
13   28589.200000068944   346.19999999999317   1052.447999999943    1.151999931120372
14   28780.00000006964   298.80000000000035   908.3519999999448    0.8479999304181547
15   29206.80000007119   193.50000000000446   588.2399999999726    0.45999992883298546
16   28454.400000068454   381.29999999998785   1159.1519999999737    1.1479999315852183
17   28998.00000007043   242.40000000000632   736.8959999999597    0.7039999296030146
18   29145.000000070966   205.80000000000493   625.6319999999694    0.5679999290587148
19   29482.600000072194   126.00000000000192   383.0399999999904    0.3599999278121686
20   28928.400000070178   258.60000000000645   786.1439999999554    0.8559999298595358
21   28565.200000068857   350.99999999999244   1066.7359999999471    1.0639999312043074
22   28632.800000069103   335.69999999999476   1020.5279999999351    0.9719999309672858
23   29050.20000007062   233.70000000000599   710.447999999962    0.6519999294141599
24   29116.20000007086   218.1000000000054   663.0239999999661    0.6759999291680288
25   28601.000000068987   344.99999999999335   1049.103999999942    0.8959999310791318
26   28869.000000069962   277.5000000000036   843.5999999999505    0.8999999300831405
27   28580.400000068912   349.7999999999926   1063.6959999999463    1.1039999311506108
28   28974.400000070345   251.70000000000667   765.1679999999573    0.7319999296887545
29   28768.000000069595   297.3000000000006   903.7919999999452    0.9079999304594821
30   28780.60000006964   295.9500000000008   899.5359999999456    0.9139999304134108
31   28861.800000069936   280.8000000000031   853.6319999999496    0.7679999301108182
32   28870.80000006997   278.1000000000035   845.4239999999503    0.6759999300775235
33   28522.6000000687   358.4999999999913   1089.8399999999538    1.0599999313526496
34   28925.80000007017   262.50000000000585   797.9999999999544    0.6999999298714101
35   29020.800000070514   234.75000000000603   713.7919999999617    0.6579999295172456
36   28573.200000068886   346.19999999999317   1052.447999999943    1.1519999311785796
37   28816.40000006977   288.30000000000194   876.4319999999476    0.867999930280348
38   29053.400000070633   231.90000000000592   704.9759999999625    0.7239999293997244
39   28481.800000068553   370.79999999998944   1127.2319999999645    1.1679999314947054
40   28515.400000068676   361.49999999999085   1098.9599999999564    1.1399999313798617
41   28468.800000068506   371.5499999999893   1129.6639999999652    0.9859999315413006
42   28974.200000070345   253.50000000000674   770.6399999999568    0.659999929692276
43   28952.000000070264   252.3000000000067   766.9919999999571    0.7079999297711765
44   28843.60000006987   285.00000000000244   866.7039999999485    0.6959999301798234
45   29436.600000072027   137.40000000000234   417.6959999999874    0.30399992798265885
46   28652.200000069173   327.89999999999594   996.8159999999372    1.0839999308955157
47   28844.400000069872   279.9000000000032   850.8959999999498    0.8039999301763601
48   28783.00000006965   295.8000000000008   899.2319999999456    0.9679999304062221
