(relay)    8    41    1028.0    1    1025.0    118    1
(advertise)    1    1028.2    41    1
(relay)    0    28    1066.21    1    1062.01    123    1
(advertise)    1    1066.41    28    1
(relay)    2    3    1091.43    1    1089.21    126    1
(relay)    8    18    1091.63    1    1069.03    123    2
(advertise)    1    1092.03    3    1
(advertise)    1    1114.04    18    1
(relay)    8    4    1135.25    1    1111.04    123    1
(advertise)    1    1136.05    4    1
(relay)    8    7    1158.07    1    1153.07    126    1
(advertise)    1    1158.47    7    1
(relay)    2    2    1164.68    1    1164.05    127    1
(advertise)    1    1180.48    2    1
(relay)    8    16    1204.29    1    1177.08    125    1
(advertise)    1    1204.89    16    1
(relay)    2    19    1225.9    1    1149.07    122    1
(advertise)    1    1226.1    19    1
(relay)    8    35    1269.32    1    1161.07    122    1
(advertise)    1    1269.52    35    1
(relay)    0    26    1291.73    1    1166.08    119    1
(advertise)    1    1292.13    26    1
(relay)    8    17    1312.74    1    1292.14    124    1
(advertise)    1    1313.14    17    1
(relay)    8    23    1336.16    1    1297.16    124    1
(advertise)    1    1337.36    23    1
(relay)    2    9    1358.57    1    1337.18    126    1
(advertise)    1    1359.37    9    1
(relay)    8    45    1379.78    1    1255.13    120    1
(advertise)    1    1380.58    45    1
(relay)    8    47    1399.8    1    1244.12    112    1
(advertise)    1    1401.6    47    1
(relay)    0    36    1406.01    1    1294.14    121    1
(advertise)    1    1425.01    36    1
(relay)    8    30    1443.82    1    1393.01    123    1
(advertise)    1    1446.02    30    1
(relay)    8    31    1465.23    1    1315.16    122    1
(advertise)    1    1467.03    31    1
(relay)    8    39    1485.25    1    1373.2    120    1
(advertise)    1    1489.05    39    1
(relay)    8    43    1508.46    1    1378.2    120    1
(advertise)    1    1511.66    43    1
(relay)    8    44    1530.67    1    1425.02    121    1
(advertise)    1    1533.67    44    1
(relay)    8    38    1552.89    1    1440.03    121    1
(advertise)    1    1556.89    38    1
(relay)    8    21    1575.1    1    1535.09    122    1
(advertise)    1    1579.3    21    1
(relay)    8    11    1596.71    1    1568.11    124    1
(relay)    2    34    1601.71    1    1483.06    117    2
(advertise)    1    1601.91    11    1
(relay)    8    8    1614.73    1    1614.11    127    2
(relay)    8    42    1619.13    1    1489.05    119    3
(advertise)    1    1623.13    34    1
(advertise)    1    1645.34    8    1
(relay)    8    25    1663.35    1    1533.09    120    2
(advertise)    1    1667.55    42    1
(generate)    1    1680.16    [24]    1
(advertise)    1    1690.18    25    1
(relay)    8    32    1706.99    1    1496.07    119    1
(advertise)    1    1713.19    32    1
(relay)    8    29    1749.2    1    1653.15    122    1
(advertise)    1    1749.4    29    1
(relay)    2    5    1754.42    1    1645.15    124    1
(advertise)    1    1771.02    5    1
(relay)    8    14    1772.23    1    1724.0    125    1
(advertise)    1    1793.83    14    1
(relay)    8    13    1795.44    1    1594.13    122    1
(advertise)    1    1816.24    13    1
(relay)    0    0    1830.06    1    1829.04    127    1
(advertise)    1    1839.26    0    1
(relay)    2    10    1842.87    1    1750.02    125    1
(advertise)    1    1860.27    10    1
(relay)    2    6    1864.88    1    1665.14    121    1
(advertise)    1    1882.28    6    1
(relay)    8    46    1884.29    1    1738.0    119    1
(advertise)    1    1903.29    46    1
(relay)    2    20    1910.51    1    1769.02    121    1
(advertise)    1    1924.31    20    1
(relay)    8    15    1927.92    1    1895.11    126    1
(advertise)    1    1946.72    15    1
(relay)    8    12    1950.53    1    1809.04    123    1
(advertise)    1    1969.53    12    1
(relay)    8    37    1995.95    1    1843.07    122    1
(advertise)    1    1996.15    37    1
(relay)    8    22    2016.76    1    1896.11    125    1
(advertise)    1    2020.36    22    1
(relay)    8    27    2037.77    1    1808.06    120    1
(advertise)    1    2042.17    27    1
(relay)    8    40    2059.59    1    1870.29    119    1
(advertise)    1    2063.19    40    1
(relay)    8    18    2082.0    2    2069.2    123    1
(advertise)    1    2085.6    18    2
(relay)    2    3    2107.21    2    2089.4    126    1
(advertise)    1    2108.01    3    2
(relay)    8    48    2125.42    1    1955.11    117    1
(advertise)    1    2129.22    48    1
(relay)    8    28    2148.24    2    2062.2    123    1
(advertise)    1    2150.44    28    2
(relay)    2    2    2165.25    2    2164.24    127    1
(relay)    8    4    2170.45    2    2111.22    123    2
(advertise)    1    2173.45    2    2
(relay)    0    7    2180.06    2    2153.24    126    2
(advertise)    1    2194.86    4    2
(relay)    2    16    2214.68    2    2177.28    125    2
(advertise)    1    2216.68    7    2
(advertise)    1    2238.49    16    2
(relay)    0    41    2247.3    2    2025.17    116    1
(relay)    2    19    2258.5    2    2149.25    122    2
(advertise)    1    2259.7    41    2
(relay)    2    33    2280.72    2    2071.6    120    2
(advertise)    1    2281.92    19    2
(relay)    0    35    2292.93    2    2161.25    122    2
(advertise)    1    2303.93    33    2
(relay)    2    26    2317.94    2    2166.26    121    2
(advertise)    1    2327.94    35    2
(advertise)    1    2350.15    26    2
(relay)    2    9    2364.17    2    2337.37    126    1
(advertise)    1    2371.77    9    2
(relay)    2    17    2385.18    2    2292.34    124    1
(advertise)    1    2393.78    17    2
(relay)    0    36    2402.99    2    2294.74    121    1
(relay)    2    23    2408.39    2    2297.34    124    2
(advertise)    1    2415.59    36    2
(relay)    2    47    2430.61    2    2244.32    118    2
(advertise)    1    2437.81    23    2
(advertise)    1    2459.62    47    2
(relay)    2    31    2473.03    2    2315.35    122    1
(advertise)    1    2481.43    31    2
(relay)    2    30    2496.44    2    2393.81    123    1
(advertise)    1    2502.44    30    2
(relay)    0    45    2512.86    2    2255.92    118    1
(advertise)    1    2523.46    45    2
(relay)    8    43    2547.27    2    2378.37    120    1
(advertise)    1    2547.47    43    2
(relay)    8    39    2567.68    2    2373.39    120    1
(advertise)    1    2569.48    39    2
(relay)    8    21    2589.5    2    2535.27    124    1
(advertise)    1    2590.5    21    2
(relay)    2    25    2593.91    2    2533.28    122    1
(advertise)    1    2611.91    25    2
(relay)    8    8    2615.32    2    2614.31    127    1
(relay)    8    38    2633.72    2    2440.23    121    2
(advertise)    1    2634.12    8    2
(relay)    8    34    2655.74    2    2483.24    119    2
(advertise)    1    2655.94    38    2
(relay)    8    44    2677.75    2    2425.21    121    2
(advertise)    1    2678.75    34    2
(generate)    1    2680.36    [24]    2
(advertise)    1    2701.77    44    2
(relay)    8    32    2721.99    2    2496.26    121    1
(advertise)    1    2725.39    32    2
(relay)    8    29    2743.6    2    2653.35    122    1
(advertise)    1    2748.4    29    2
(relay)    2    5    2750.41    2    2645.34    124    1
(relay)    8    13    2768.21    2    2594.31    122    2
(advertise)    1    2769.41    5    2
(advertise)    1    2790.43    13    2
(relay)    8    14    2811.04    2    2724.2    125    1
(advertise)    1    2813.64    14    2
(relay)    2    42    2818.45    2    2489.22    119    1
(relay)    0    0    2829.25    2    2829.2    127    2
(advertise)    1    2837.45    42    2
(relay)    8    11    2857.47    2    2568.31    120    2
(advertise)    1    2858.87    0    2
(advertise)    1    2881.48    11    2
(relay)    2    6    2882.69    2    2665.32    123    1
(relay)    8    15    2901.69    2    2895.3    126    2
(advertise)    1    2904.69    6    2
(advertise)    1    2927.9    15    2
(relay)    8    22    2946.32    2    2896.29    125    1
(relay)    2    12    2947.12    2    2809.23    123    2
(advertise)    1    2949.12    22    2
(relay)    8    46    2967.93    2    2738.2    119    2
(advertise)    1    2970.33    12    2
(relay)    8    10    2990.14    2    2750.21    123    2
(advertise)    1    2993.54    46    2
(advertise)    1    3016.56    10    2
(relay)    8    37    3038.57    2    2843.47    122    1
(advertise)    1    3039.37    37    2
(relay)    2    20    3056.78    2    2769.21    121    1
(advertise)    1    3061.18    20    2
(relay)    8    40    3085.2    2    2870.48    119    1
(advertise)    1    3085.4    40    2
(relay)    2    27    3101.81    2    2808.24    120    1
(advertise)    1    3108.41    27    2
(relay)    8    28    3128.82    3    3062.4    123    1
(advertise)    1    3130.02    28    3
(relay)    2    3    3146.43    3    3089.6    126    1
(advertise)    1    3151.03    3    3
(relay)    2    2    3165.45    3    3164.42    127    1
(advertise)    1    3172.05    2    3
(relay)    8    7    3173.86    3    3153.43    126    1
(relay)    2    4    3189.66    3    3111.42    125    2
(advertise)    1    3195.06    7    3
(relay)    8    18    3197.47    3    3069.4    123    2
(relay)    0    48    3199.07    2    2955.29    115    3
(advertise)    1    3217.87    4    3
(advertise)    1    3239.09    18    3
(advertise)    1    3260.1    48    2
(relay)    8    16    3267.91    3    3177.46    125    1
(relay)    2    41    3280.51    3    3025.37    118    2
(advertise)    1    3281.91    16    3
(advertise)    1    3304.53    41    3
(relay)    2    19    3325.34    3    3149.45    122    1
(advertise)    1    3325.74    19    3
(relay)    8    33    3331.55    3    3071.8    120    1
(advertise)    1    3347.35    33    3
(relay)    2    26    3368.96    3    3167.66    121    1
(advertise)    1    3369.36    26    3
(relay)    8    9    3377.78    3    3337.56    126    1
(advertise)    1    3391.58    9    3
(relay)    8    35    3401.19    3    3161.45    120    1
(advertise)    1    3412.99    35    3
(relay)    2    17    3415.2    3    3292.53    124    1
(advertise)    1    3435.8    17    3
(relay)    2    23    3459.22    3    3297.53    122    1
(advertise)    1    3459.42    23    3
(relay)    0    36    3470.43    3    3294.93    121    1
(advertise)    1    3480.63    36    3
(relay)    8    47    3510.64    3    3244.49    116    1
(advertise)    1    3510.84    47    3
(relay)    0    31    3514.86    3    3315.55    120    1
(advertise)    1    3533.66    31    3
(relay)    2    45    3548.87    3    3256.1    114    1
(advertise)    1    3556.87    45    3
(relay)    0    21    3558.08    3    3535.47    124    1
(relay)    2    30    3570.68    3    3394.0    123    2
(advertise)    1    3579.88    21    3
(advertise)    1    3601.49    30    3
(relay)    2    25    3614.11    3    3533.48    122    1
(relay)    8    8    3615.51    3    3614.49    127    2
(relay)    8    43    3620.31    3    3378.56    120    3
(advertise)    1    3624.91    25    3
(relay)    8    38    3642.52    3    3440.43    121    3
(advertise)    1    3646.72    8    3
(relay)    2    11    3656.93    3    3568.51    124    3
(advertise)    1    3668.53    43    3
(generate)    1    3680.55    [24]    3
(advertise)    1    3690.96    38    3
(relay)    8    39    3710.17    3    3373.59    118    2
(advertise)    1    3711.97    11    3
(advertise)    1    3733.39    39    3
(relay)    0    44    3735.2    3    3425.22    119    1
(advertise)    1    3756.0    44    3
(relay)    2    5    3768.01    3    3645.35    124    1
(advertise)    1    3778.41    5    3
(relay)    8    32    3799.22    3    3496.46    121    1
(advertise)    1    3799.42    32    3
(relay)    2    13    3810.64    3    3594.51    122    1
(relay)    8    29    3820.44    3    3653.55    124    2
(advertise)    1    3820.84    13    3
(relay)    0    14    3827.25    3    3725.0    125    2
(relay)    0    0    3829.45    3    3829.4    127    3
(advertise)    1    3843.05    29    3
(relay)    2    34    3856.26    3    3483.44    119    3
(advertise)    1    3864.46    14    3
(relay)    2    10    3878.08    3    3750.41    125    3
(advertise)    1    3885.68    0    3
(advertise)    1    3906.69    34    3
(advertise)    1    3928.7    10    3
(relay)    2    6    3944.52    3    3665.51    123    1
(advertise)    1    3950.52    6    3
(relay)    8    15    3952.53    3    3895.49    126    1
(relay)    0    42    3964.73    3    3489.42    119    2
(advertise)    1    3972.53    15    3
(relay)    2    12    3987.14    3    3809.42    123    2
(advertise)    1    3993.54    42    3
(relay)    8    22    3995.35    3    3896.49    125    2
(advertise)    1    4017.35    12    3
(relay)    8    46    4038.57    3    3738.4    119    2
(advertise)    1    4039.17    22    3
(advertise)    1    4060.38    46    3
(relay)    8    37    4062.99    3    3843.66    122    1
(relay)    2    27    4080.59    3    3808.44    120    2
(advertise)    1    4083.79    37    3
(relay)    8    40    4105.41    3    3870.68    119    2
(advertise)    1    4105.81    27    3
(advertise)    1    4126.82    40    3
(relay)    8    20    4128.03    3    3769.22    121    1
(advertise)    1    4149.43    20    3
(relay)    2    2    4165.65    4    4164.62    127    1
(relay)    2    3    4171.25    4    4089.81    126    2
(advertise)    1    4171.65    2    4
(relay)    0    7    4174.06    4    4153.63    126    2
(relay)    2    18    4191.26    4    4069.59    123    3
(advertise)    1    4193.46    3    4
(relay)    0    28    4195.27    4    4062.59    123    3
(advertise)    1    4216.67    7    4
(relay)    8    16    4237.28    4    4177.66    125    3
(advertise)    1    4238.08    18    4
(relay)    2    4    4256.3    4    4111.62    123    3
(advertise)    1    4262.5    28    4
(relay)    2    33    4277.31    4    4071.98    120    3
(advertise)    1    4283.51    16    4
(relay)    8    41    4302.12    4    4025.57    118    3
(advertise)    1    4304.52    4    4
(relay)    2    19    4322.74    4    4149.65    122    3
(relay)    8    35    4327.34    4    4161.63    122    4
(advertise)    1    4327.54    33    4
(advertise)    1    4349.75    41    4
(advertise)    1    4371.96    19    4
(relay)    2    9    4388.78    4    4337.75    126    2
(advertise)    1    4394.38    35    4
(relay)    2    48    4411.59    3    3955.48    115    2
(advertise)    1    4416.19    9    4
(advertise)    1    4438.2    48    3
(relay)    0    23    4457.01    4    4297.54    122    1
(relay)    2    17    4457.61    4    4292.72    124    2
(advertise)    1    4459.41    23    4
(relay)    2    26    4480.63    4    4167.86    121    2
(advertise)    1    4480.83    17    4
(advertise)    1    4502.04    26    4
(relay)    2    47    4524.65    4    4244.68    118    1
(advertise)    1    4525.65    47    4
(relay)    2    31    4545.87    4    4315.95    120    1
(advertise)    1    4547.87    31    4
(relay)    0    36    4549.08    4    4295.12    121    1
(advertise)    1    4570.08    36    4
(relay)    0    45    4592.49    4    4256.11    118    1
(advertise)    1    4593.09    45    4
(relay)    2    11    4615.11    4    4568.69    124    1
(advertise)    1    4615.51    11    4
(relay)    0    8    4639.12    4    4614.69    125    1
(advertise)    1    4640.12    8    4
(relay)    8    21    4661.13    4    4535.67    124    1
(relay)    2    25    4661.33    4    4533.68    122    2
(advertise)    1    4663.53    21    4
(generate)    1    4680.74    [24]    4
(advertise)    1    4685.76    25    4
(relay)    0    43    4707.77    4    4378.76    120    1
(advertise)    1    4708.37    43    4
(relay)    2    39    4726.18    4    4373.79    120    1
(advertise)    1    4729.78    39    4
(relay)    8    44    4750.8    4    4425.41    121    1
(advertise)    1    4752.0    44    4
(relay)    2    38    4793.01    4    4440.61    121    1
(advertise)    1    4793.21    38    4
(relay)    0    14    4796.22    4    4725.18    125    1
(relay)    2    13    4814.02    4    4594.69    122    2
(advertise)    1    4814.42    14    4
(relay)    0    0    4829.64    4    4829.57    127    2
(advertise)    1    4835.84    13    4
(relay)    0    42    4838.65    4    4489.61    121    2
(relay)    2    10    4857.25    4    4750.61    125    3
(advertise)    1    4858.05    0    4
(advertise)    1    4879.06    42    4
(relay)    2    34    4881.87    4    4483.64    119    2
(relay)    0    29    4888.47    4    4653.56    122    3
(advertise)    1    4903.07    10    4
(advertise)    1    4925.69    34    4
(advertise)    1    4947.7    29    4
(relay)    8    32    4973.31    4    4496.65    121    1
(advertise)    1    4973.51    32    4
(relay)    8    15    4993.53    4    4895.69    4    1
(advertise)    1    4996.33    15    4
(relay)    8    5    5014.94    4    4645.52    122    1
(heartbeat)    24    1    4677.2    1    5016.54    127    0
(advertise)    1    5017.54    5    4
(advertise)    1    5041.55    24    1
(relay)    8    46    5059.57    4    4738.6    119    1
(advertise)    1    5062.97    46    4
(relay)    8    6    5079.78    4    4665.71    119    1
(advertise)    1    5084.58    6    4
(relay)    8    20    5100.99    4    4769.41    121    1
(advertise)    1    5106.19    20    4
(relay)    8    12    5152.2    4    4809.62    121    1
(advertise)    1    5152.4    12    4
(relay)    2    3    5154.42    5    5089.99    6    1
(relay)    2    2    5165.82    5    5164.82    8    2
(relay)    8    7    5173.02    5    5153.83    6    3
(advertise)    1    5173.62    3    5
(relay)    2    4    5175.63    5    5113.02    4    3
(advertise)    1    5194.63    2    5
(relay)    8    28    5196.44    5    5063.39    2    3
(advertise)    1    5216.44    7    5
(relay)    2    19    5220.26    5    5149.84    2    3
(advertise)    1    5239.66    4    5
(advertise)    1    5260.67    28    5
(relay)    8    16    5265.48    5    5177.86    2    2
(advertise)    1    5282.48    19    5
(relay)    0    35    5305.3    5    5161.83    2    2
(advertise)    1    5307.5    16    5
(relay)    2    17    5315.11    5    5292.91    2    2
(advertise)    1    5330.11    35    5
(relay)    2    9    5339.32    5    5337.95    6    2
(advertise)    1    5354.52    17    5
(advertise)    1    5376.53    9    5
(relay)    0    42    5511.15    5    5489.71    2    1
(advertise)    1    5511.35    42    5
(relay)    8    21    5537.16    5    5535.85    2    1
(advertise)    1    5537.36    21    5
(relay)    2    11    5572.57    5    5568.88    2    1
(advertise)    1    5572.77    11    5
(relay)    2    13    5600.99    5    5594.83    2    1
(advertise)    1    5601.19    13    5
(relay)    8    8    5615.8    5    5614.77    6    1
(advertise)    1    5622.2    8    5
(relay)    2    5    5649.41    5    5645.63    4    1
(advertise)    1    5649.61    5    5
(relay)    2    6    5673.43    5    5665.75    4    1
(advertise)    1    5673.63    6    5
(generate)    1    5680.84    [24]    5
(relay)    8    14    5738.45    5    5725.25    4    1
(advertise)    1    5738.65    14    5
(relay)    2    10    5763.06    5    5750.65    4    1
(advertise)    1    5763.46    10    5
(relay)    2    12    5813.08    5    5809.69    4    1
(advertise)    1    5813.28    12    5
(relay)    0    0    5829.89    5    5829.75    8    1
(advertise)    1    5837.69    0    5
(relay)    8    15    5896.1    5    5895.85    4    1
(advertise)    1    5896.3    15    5
(relay)    8    22    5918.12    5    5897.34    2    1
(advertise)    1    5918.32    22    5
(relay)    8    28    6065.73    6    6063.5    2    1
(advertise)    1    6065.93    28    6
(relay)    2    3    6090.94    6    6090.12    6    1
(advertise)    1    6091.14    3    6
(relay)    2    4    6116.16    6    6113.09    4    1
(advertise)    1    6116.76    4    6
(relay)    2    19    6153.17    6    6149.89    2    1
(advertise)    1    6153.37    19    6
(relay)    8    7    6155.38    6    6154.01    6    1
(relay)    2    2    6164.98    6    6164.89    8    2
(advertise)    1    6174.38    7    6
(relay)    8    16    6179.19    6    6177.9    2    2
(advertise)    1    6196.19    2    6
(advertise)    1    6217.41    16    6
(relay)    8    35    6225.82    6    6162.01    2    1
(advertise)    1    6239.22    35    6
(relay)    8    17    6296.03    6    6293.09    2    1
(advertise)    1    6296.23    17    6
(relay)    2    9    6339.45    6    6338.03    6    1
(advertise)    1    6339.65    9    6
(relay)    0    42    6497.66    6    6489.89    2    1
(advertise)    1    6497.86    42    6
(relay)    0    21    6537.47    6    6535.96    2    1
(advertise)    1    6537.67    21    6
(relay)    8    11    6571.69    6    6569.07    2    1
(advertise)    1    6571.89    11    6
(relay)    2    13    6599.1    6    6594.94    2    1
(advertise)    1    6599.3    13    6
(relay)    8    8    6614.91    6    6614.85    6    1
(advertise)    1    6622.31    8    6
(relay)    2    5    6649.52    6    6645.7    4    1
(advertise)    1    6649.72    5    6
(relay)    2    6    6672.74    6    6665.76    4    1
(advertise)    1    6673.54    6    6
(generate)    1    6680.95    [24]    6
(relay)    8    14    6739.16    6    6725.31    4    1
(advertise)    1    6739.36    14    6
(relay)    2    10    6763.18    6    6750.71    4    1
(advertise)    1    6763.58    10    6
(relay)    8    12    6812.59    6    6809.74    4    1
(advertise)    1    6812.79    12    6
(relay)    0    0    6830.4    6    6829.76    8    1
(advertise)    1    6835.8    0    6
(relay)    8    15    6896.42    6    6896.04    4    1
(advertise)    1    6896.62    15    6
(relay)    8    22    6918.63    6    6898.05    2    1
(advertise)    1    6919.03    22    6
(relay)    8    28    7065.84    7    7063.54    2    1
(advertise)    1    7066.04    28    7
(relay)    2    3    7091.05    7    7090.16    6    1
(advertise)    1    7091.25    3    7
(relay)    2    4    7116.47    7    7113.11    4    1
(advertise)    1    7116.87    4    7
(relay)    2    19    7153.28    7    7149.89    2    1
(advertise)    1    7153.48    19    7
(relay)    2    2    7165.09    7    7164.92    8    1
(relay)    2    7    7175.69    7    7154.11    2    2
(advertise)    1    7178.09    2    7
(advertise)    1    7199.51    7    7
(relay)    0    35    7203.72    7    7162.12    2    1
(relay)    2    16    7219.92    7    7178.05    2    2
(advertise)    1    7220.72    35    7
(advertise)    1    7243.13    16    7
(relay)    8    17    7296.15    7    7293.19    2    1
(advertise)    1    7296.35    17    7
(relay)    8    9    7338.56    7    7338.19    6    1
(advertise)    1    7338.76    9    7
(relay)    0    42    7498.57    7    7490.09    2    1
(advertise)    1    7498.77    42    7
(relay)    0    21    7537.38    7    7536.1    2    1
(advertise)    1    7537.58    21    7
(relay)    8    11    7572.8    7    7569.22    2    1
(advertise)    1    7573.0    11    7
(relay)    2    13    7599.41    7    7595.02    2    1
(advertise)    1    7600.61    13    7
(relay)    8    8    7615.02    7    7614.93    6    1
(advertise)    1    7621.82    8    7
(relay)    2    5    7649.24    7    7645.77    4    1
(advertise)    1    7649.84    5    7
(relay)    2    6    7673.65    7    7665.94    4    1
(advertise)    1    7673.85    6    7
(generate)    1    7681.06    [24]    7
(relay)    8    14    7740.08    7    7725.36    4    1
(advertise)    1    7740.28    14    7
(relay)    2    10    7765.09    7    7750.77    4    1
(advertise)    1    7765.29    10    7
(relay)    2    12    7813.7    7    7809.8    4    1
(advertise)    1    7813.9    12    7
(relay)    0    0    7830.31    7    7829.76    8    1
(advertise)    1    7835.91    0    7
(relay)    8    15    7896.53    7    7896.2    4    1
(advertise)    1    7896.73    15    7
(relay)    8    22    7918.54    7    7898.13    2    1
(advertise)    1    7919.34    22    7
(relay)    8    28    8064.75    8    8063.58    2    1
(advertise)    1    8064.95    28    8
(relay)    2    3    8091.37    8    8090.24    6    1
(advertise)    1    8091.57    3    8
(relay)    2    4    8116.18    8    8113.13    4    1
(advertise)    1    8116.78    4    8
(relay)    2    19    8151.79    8    8149.89    2    1
(advertise)    1    8151.99    19    8
(relay)    2    2    8165.01    8    8164.95    8    1
(advertise)    1    8174.61    2    8
(relay)    8    16    8202.22    8    8178.41    2    1
(advertise)    1    8202.42    16    8
(relay)    8    17    8296.83    8    8293.26    2    1
(advertise)    1    8297.03    17    8
(relay)    2    9    8338.64    8    8338.37    6    1
(advertise)    1    8338.84    9    8
(relay)    8    42    8496.66    8    8490.27    2    1
(advertise)    1    8496.86    42    8
(relay)    0    21    8538.27    8    8536.24    2    1
(advertise)    1    8538.47    21    8
(relay)    2    13    8599.28    8    8595.14    2    1
(advertise)    1    8599.48    13    8
(relay)    8    8    8615.1    8    8615.01    6    1
(advertise)    1    8622.5    8    8
(relay)    2    5    8649.51    8    8645.84    4    1
(advertise)    1    8649.71    5    8
(relay)    2    6    8674.72    8    8665.96    2    1
(advertise)    1    8675.32    6    8
(generate)    1    8681.14    [24]    8
(heartbeat)    24    2    8677.21    1    8721.75    7    7
(advertise)    1    8721.95    24    2
(relay)    2    10    8754.36    8    8750.86    4    1
(advertise)    1    8754.56    10    8
(relay)    0    14    8778.97    8    8725.43    4    1
(advertise)    1    8779.57    14    8
(relay)    2    12    8826.39    8    8809.86    4    1
(advertise)    1    8826.59    12    8
(relay)    0    0    8830.4    8    8829.78    8    1
(advertise)    1    8848.6    0    8
(relay)    8    15    8897.01    8    8896.22    4    1
(advertise)    1    8897.21    15    8
(relay)    8    22    8919.43    8    8898.23    2    1
(advertise)    1    8919.63    22    8
(relay)    0    28    9065.44    9    9063.63    2    1
(advertise)    1    9065.64    28    9
(relay)    2    3    9091.65    9    9090.32    6    1
(advertise)    1    9091.85    3    9
(relay)    2    4    9116.47    9    9113.17    4    1
(advertise)    1    9116.87    4    9
(relay)    2    7    9155.68    9    9154.34    4    1
(advertise)    1    9155.88    7    9
(relay)    2    2    9165.09    9    9164.98    8    1
(advertise)    1    9177.29    2    9
(relay)    2    16    9202.1    9    9178.6    2    1
(advertise)    1    9202.3    16    9
(relay)    8    17    9298.12    9    9293.36    2    1
(advertise)    1    9298.32    17    9
(relay)    8    9    9338.73    9    9338.37    6    1
(advertise)    1    9338.93    9    9
(relay)    8    42    9499.34    9    9490.29    2    1
(advertise)    1    9499.54    42    9
(relay)    0    21    9538.96    9    9536.34    2    1
(advertise)    1    9539.16    21    9
(relay)    8    11    9574.37    9    9569.57    2    1
(advertise)    1    9574.57    11    9
(relay)    2    13    9597.38    9    9595.27    2    1
(advertise)    1    9597.98    13    9
(relay)    8    8    9615.2    9    9615.11    6    1
(advertise)    1    9621.0    8    9
(relay)    2    5    9650.01    9    9645.96    4    1
(advertise)    1    9650.21    5    9
(relay)    2    6    9674.42    9    9666.15    4    1
(advertise)    1    9674.62    6    9
(generate)    1    9681.24    [24]    9
(relay)    8    14    9744.05    9    9725.45    4    1
(advertise)    1    9744.25    14    9
(relay)    8    10    9767.86    9    9750.89    4    1
(advertise)    1    9768.06    10    9
(relay)    8    12    9814.87    9    9809.94    4    1
(advertise)    1    9815.07    12    9
(relay)    0    0    9830.29    9    9829.79    8    1
(advertise)    1    9836.09    0    9
(relay)    8    15    9897.5    9    9896.23    4    1
(advertise)    1    9897.7    15    9
(relay)    8    22    9919.51    9    9898.31    2    1
(advertise)    1    9919.91    22    9
(relay)    0    28    10066.33    10    10063.65    2    1
(advertise)    1    10066.53    28    10
(relay)    2    3    10092.14    10    10090.36    6    1
(advertise)    1    10092.34    3    10
(relay)    2    4    10116.15    10    10113.2    4    1
(advertise)    1    10117.95    4    10
(relay)    0    7    10154.77    10    10154.44    6    1
(advertise)    1    10154.97    7    10
(relay)    2    2    10165.78    10    10165.18    8    1
(advertise)    1    10178.18    2    10
(relay)    0    35    10201.19    10    10162.4    2    1
(advertise)    1    10201.99    35    10
(relay)    2    16    10223.2    10    10178.77    2    1
(advertise)    1    10224.6    16    10
(relay)    2    17    10296.42    10    10293.43    2    1
(advertise)    1    10296.62    17    10
(relay)    2    9    10339.23    10    10338.54    6    1
(advertise)    1    10339.43    9    10
(relay)    8    36    10361.04    10    10295.66    2    1
(advertise)    1    10362.44    36    10
(relay)    8    42    10493.26    10    10490.47    2    1
(advertise)    1    10493.46    42    10
(relay)    8    21    10539.67    10    10536.45    2    1
(advertise)    1    10539.87    21    10
(relay)    8    13    10597.68    10    10595.39    2    1
(advertise)    1    10597.88    13    10
(relay)    8    8    10615.7    10    10615.19    6    1
(advertise)    1    10620.9    8    10
(relay)    2    5    10650.91    10    10646.06    4    1
(advertise)    1    10651.11    5    10
(relay)    8    6    10673.12    10    10666.35    2    1
(advertise)    1    10674.12    6    10
(generate)    1    10681.33    [24]    10
(relay)    8    29    10716.15    10    10653.95    2    1
(advertise)    1    10716.35    29    10
(relay)    0    14    10728.36    10    10725.5    4    1
(advertise)    1    10739.36    14    10
(relay)    2    10    10764.57    10    10750.93    4    1
(advertise)    1    10764.97    10    10
(relay)    0    12    10816.59    10    10810.02    2    1
(advertise)    1    10816.79    12    10
(relay)    0    0    10830.8    10    10829.81    8    1
(advertise)    1    10839.0    0    10
(relay)    8    15    10897.61    10    10896.41    4    1
(advertise)    1    10897.81    15    10
(relay)    8    22    10920.63    10    10898.79    2    1
(advertise)    1    10922.43    22    10
(relay)    8    28    11067.04    11    11063.67    2    1
(advertise)    1    11067.24    28    11
(relay)    2    3    11092.05    11    11090.38    6    1
(advertise)    1    11092.25    3    11
(relay)    2    4    11115.66    11    11113.21    4    1
(advertise)    1    11116.06    4    11
(relay)    8    7    11156.08    11    11154.54    6    1
(advertise)    1    11156.28    7    11
(relay)    2    2    11165.69    11    11165.2    8    1
(advertise)    1    11177.69    2    11
(relay)    8    16    11202.9    11    11178.92    2    1
(advertise)    1    11203.7    16    11
(relay)    8    35    11225.72    11    11162.46    2    1
(advertise)    1    11225.92    35    11
(relay)    2    17    11295.33    11    11293.55    2    1
(advertise)    1    11295.53    17    11
(relay)    0    9    11343.74    11    11338.71    4    1
(advertise)    1    11343.94    9    11
(relay)    8    42    11494.36    11    11490.67    2    1
(advertise)    1    11494.56    42    11
(relay)    8    21    11540.57    11    11536.56    2    1
(advertise)    1    11540.77    21    11
(relay)    2    11    11572.58    11    11569.9    2    1
(advertise)    1    11572.78    11    11
(relay)    8    13    11598.99    11    11595.47    2    1
(advertise)    1    11599.19    13    11
(relay)    8    8    11615.81    11    11615.3    6    1
(advertise)    1    11620.41    8    11
(relay)    2    5    11649.22    11    11646.14    4    1
(advertise)    1    11649.42    5    11
(relay)    2    6    11671.23    11    11666.53    4    1
(advertise)    1    11671.43    6    11
(generate)    1    11681.45    [24]    11
(relay)    0    14    11742.46    11    11725.56    4    1
(advertise)    1    11742.66    14    11
(relay)    2    10    11752.67    11    11750.95    4    1
(advertise)    1    11764.67    10    11
(relay)    2    12    11815.29    11    11810.09    4    1
(advertise)    1    11815.49    12    11
(relay)    0    0    11830.9    11    11829.84    8    1
(advertise)    1    11838.1    0    11
(relay)    8    15    11898.31    11    11896.59    4    1
(advertise)    1    11898.51    15    11
(relay)    8    22    11920.12    11    11898.91    2    1
(advertise)    1    11921.32    22    11
(relay)    8    28    12067.34    12    12063.7    2    1
(advertise)    1    12067.54    28    12
(relay)    2    3    12092.55    12    12090.4    6    1
(advertise)    1    12092.75    3    12
(relay)    2    4    12114.36    12    12113.23    4    1
(advertise)    1    12114.56    4    12
(relay)    2    2    12165.98    12    12165.39    8    1
(advertise)    1    12166.18    2    12
(relay)    2    7    12178.99    12    12154.68    4    1
(advertise)    1    12188.39    7    12
(relay)    8    16    12204.0    12    12179.07    2    1
(advertise)    1    12210.4    16    12
(relay)    8    17    12294.62    12    12293.61    2    1
(advertise)    1    12294.82    17    12
(relay)    8    9    12340.23    12    12338.85    6    1
(advertise)    1    12340.43    9    12
(relay)    0    42    12493.44    12    12490.82    2    1
(advertise)    1    12493.64    42    12
(relay)    8    21    12541.25    12    12536.68    2    1
(advertise)    1    12541.45    21    12
(relay)    8    11    12570.87    12    12570.07    2    1
(advertise)    1    12571.47    11    12
(relay)    8    13    12601.08    12    12595.57    2    1
(advertise)    1    12601.28    13    12
(relay)    8    8    12615.89    12    12615.36    6    1
(advertise)    1    12622.49    8    12
(relay)    2    5    12650.11    12    12646.22    4    1
(advertise)    1    12650.31    5    12
(relay)    2    6    12671.32    12    12666.54    4    1
(advertise)    1    12671.72    6    12
(generate)    1    12681.53    [24]    12
(heartbeat)    24    3    12677.23    1    12717.95    7    11
(advertise)    1    12718.15    24    3
(relay)    8    14    12740.36    12    12725.62    4    1
(advertise)    1    12740.96    14    12
(relay)    2    10    12764.57    12    12750.99    4    1
(advertise)    1    12765.77    10    12
(relay)    2    12    12815.38    12    12810.19    2    1
(advertise)    1    12815.58    12    12
(relay)    0    0    12830.8    12    12829.84    8    1
(advertise)    1    12837.6    0    12
(relay)    8    15    12898.81    12    12896.75    4    1
(advertise)    1    12899.01    15    12
(relay)    8    22    12920.22    12    12899.21    2    1
(advertise)    1    12921.02    22    12
(relay)    0    28    13067.64    13    13063.72    2    1
(advertise)    1    13067.84    28    13
(relay)    2    3    13091.85    13    13090.47    6    1
(advertise)    1    13092.25    3    13
(relay)    2    4    13114.26    13    13113.25    4    1
(advertise)    1    13114.46    4    13
(relay)    0    7    13156.08    13    13154.77    6    1
(advertise)    1    13156.28    7    13
(relay)    2    2    13166.49    13    13165.43    6    1
(advertise)    1    13177.29    2    13
(relay)    8    35    13200.9    13    13162.71    2    1
(advertise)    1    13201.3    35    13
(relay)    2    16    13205.91    13    13179.22    2    1
(advertise)    1    13222.31    16    13
(relay)    0    9    13342.93    13    13338.86    2    1
(advertise)    1    13343.13    9    13
(relay)    8    42    13495.14    13    13490.83    2    1
(advertise)    1    13495.34    42    13
(relay)    8    11    13571.35    13    13570.23    2    1
(advertise)    1    13571.55    11    13
(relay)    8    13    13600.77    13    13595.7    2    1
(advertise)    1    13600.97    13    13
(relay)    8    8    13616.38    13    13615.44    6    1
(advertise)    1    13622.18    8    13
(relay)    2    5    13648.59    13    13646.3    4    1
(advertise)    1    13648.79    5    13
(relay)    2    6    13671.81    13    13666.73    4    1
(advertise)    1    13672.21    6    13
(generate)    1    13681.62    [24]    13
(relay)    8    29    13696.83    13    13654.19    2    1
(advertise)    1    13697.23    29    13
(relay)    8    14    13742.64    13    13725.64    4    1
(advertise)    1    13742.84    14    13
(relay)    8    10    13764.46    13    13751.05    4    1
(advertise)    1    13765.06    10    13
(relay)    2    12    13817.27    13    13810.28    2    1
(advertise)    1    13817.47    12    13
(relay)    0    0    13829.88    13    13829.86    8    1
(advertise)    1    13838.48    0    13
(relay)    8    15    13899.1    13    13896.92    4    1
(advertise)    1    13899.3    15    13
(relay)    8    22    13921.51    13    13899.28    2    1
(advertise)    1    13921.71    22    13
(relay)    8    28    14069.32    14    14063.72    2    1
(advertise)    1    14069.52    28    14
(relay)    2    3    14091.74    14    14090.52    6    1
(advertise)    1    14092.74    3    14
(relay)    2    4    14114.95    14    14113.26    4    1
(advertise)    1    14115.35    4    14
(relay)    8    7    14156.96    14    14154.87    6    1
(advertise)    1    14157.16    7    14
(relay)    2    2    14166.37    14    14165.45    6    1
(advertise)    1    14178.17    2    14
(relay)    0    9    14343.79    14    14339.01    2    1
(advertise)    1    14343.99    9    14
(relay)    8    42    14502.6    14    14490.84    2    1
(advertise)    1    14502.8    42    14
(relay)    8    21    14538.61    14    14536.85    2    1
(advertise)    1    14538.81    21    14
(relay)    2    13    14602.03    14    14595.81    2    1
(advertise)    1    14602.23    13    14
(relay)    8    8    14616.44    14    14615.51    6    1
(advertise)    1    14624.84    8    14
(relay)    8    5    14649.45    14    14646.4    2    1
(advertise)    1    14650.05    5    14
(relay)    2    6    14672.67    14    14666.93    4    1
(advertise)    1    14673.07    6    14
(generate)    1    14681.68    [24]    14
(relay)    0    14    14739.09    14    14725.69    4    1
(advertise)    1    14739.29    14    14
(relay)    8    10    14763.3    14    14751.11    4    1
(advertise)    1    14763.5    10    14
(relay)    2    12    14815.12    14    14810.37    2    1
(advertise)    1    14815.32    12    14
(relay)    0    0    14830.13    14    14830.03    8    1
(advertise)    1    14837.33    0    14
(relay)    8    15    14898.34    14    14897.07    4    1
(advertise)    1    14898.54    15    14
(relay)    8    22    14919.56    14    14899.37    2    1
(advertise)    1    14920.96    22    14
(relay)    8    28    15068.57    15    15063.91    2    1
(advertise)    1    15068.77    28    15
(relay)    2    3    15090.98    15    15090.58    6    1
(advertise)    1    15091.78    3    15
(relay)    2    4    15116.2    15    15113.27    4    1
(advertise)    1    15116.4    4    15
(relay)    0    7    15157.01    15    15154.98    6    1
(advertise)    1    15157.21    7    15
(relay)    2    2    15166.42    15    15165.47    6    1
(advertise)    1    15179.42    2    15
(relay)    2    9    15340.43    15    15339.2    4    1
(advertise)    1    15340.63    9    15
(relay)    0    42    15496.45    15    15491.03    2    1
(advertise)    1    15496.65    42    15
(relay)    0    21    15538.26    15    15536.95    2    1
(advertise)    1    15538.46    21    15
(relay)    8    11    15573.27    15    15570.6    2    1
(advertise)    1    15573.47    11    15
(relay)    2    13    15602.89    15    15595.87    2    1
(advertise)    1    15603.09    13    15
(relay)    8    8    15616.7    15    15615.74    6    1
(advertise)    1    15627.5    8    15
(relay)    2    5    15649.71    15    15646.45    4    1
(advertise)    1    15651.71    5    15
(relay)    2    6    15673.73    15    15667.12    4    1
(advertise)    1    15674.53    6    15
(generate)    1    15681.74    [24]    15
(relay)    8    14    15739.15    15    15725.71    4    1
(advertise)    1    15739.35    14    15
(relay)    8    10    15762.36    15    15751.16    4    1
(advertise)    1    15762.96    10    15
(relay)    2    12    15811.78    15    15810.38    2    1
(advertise)    1    15811.98    12    15
(relay)    0    0    15830.39    15    15830.22    8    1
(advertise)    1    15833.79    0    15
(relay)    8    15    15897.6    15    15897.07    4    1
(advertise)    1    15897.8    15    15
(relay)    8    22    15919.62    15    15899.44    2    1
(advertise)    1    15920.42    22    15
(relay)    8    28    16067.23    16    16064.1    2    1
(advertise)    1    16067.43    28    16
(relay)    2    3    16091.44    16    16090.65    6    1
(advertise)    1    16091.64    3    16
(relay)    2    4    16115.46    16    16113.28    4    1
(advertise)    1    16116.06    4    16
(relay)    2    2    16165.67    16    16165.65    6    1
(advertise)    1    16165.87    2    16
(relay)    2    7    16178.88    16    16155.08    4    1
(advertise)    1    16187.28    7    16
(relay)    8    16    16202.29    16    16180.29    2    1
(advertise)    1    16209.09    16    16
(relay)    8    35    16228.51    16    16162.93    2    1
(advertise)    1    16232.31    35    16
(relay)    8    9    16340.92    16    16339.35    4    1
(advertise)    1    16341.12    9    16
(relay)    0    42    16499.53    16    16491.2    2    1
(advertise)    1    16499.73    42    16
(relay)    0    21    16538.35    16    16537.05    2    1
(advertise)    1    16538.55    21    16
(relay)    8    11    16573.76    16    16570.76    2    1
(advertise)    1    16573.96    11    16
(relay)    2    13    16601.37    16    16595.97    2    1
(advertise)    1    16601.57    13    16
(relay)    8    8    16615.99    16    16615.8    6    1
(advertise)    1    16623.99    8    16
(relay)    2    5    16649.0    16    16646.49    4    1
(advertise)    1    16649.2    5    16
(relay)    2    6    16673.21    16    16667.32    4    1
(advertise)    1    16673.41    6    16
(generate)    1    16681.82    [24]    16
(heartbeat)    24    4    16677.24    1    16721.44    5    11
(advertise)    1    16721.64    24    4
(relay)    0    14    16746.65    16    16725.76    4    1
(advertise)    1    16746.85    14    16
(relay)    8    10    16771.86    16    16751.25    2    1
(advertise)    1    16772.26    10    16
(relay)    0    0    16830.88    16    16830.41    8    1
(advertise)    1    16831.08    0    16
(relay)    2    12    16857.89    16    16810.43    2    1
(advertise)    1    16858.09    12    16
(relay)    8    15    16897.7    16    16897.23    4    1
(advertise)    1    16897.9    15    16
(relay)    8    22    16921.32    16    16899.53    2    1
(advertise)    1    16921.72    22    16
(relay)    8    28    17065.73    17    17064.12    2    1
(advertise)    1    17065.93    28    17
(relay)    2    3    17091.54    17    17090.73    6    1
(advertise)    1    17091.74    3    17
(relay)    2    4    17116.55    17    17113.3    4    1
(advertise)    1    17116.75    4    17
(relay)    2    7    17156.37    17    17155.16    4    1
(advertise)    1    17156.57    7    17
(relay)    2    2    17165.78    17    17165.68    6    1
(advertise)    1    17177.98    2    17
(relay)    8    16    17200.59    17    17180.41    2    1
(advertise)    1    17200.79    16    17
(relay)    2    9    17340.21    17    17339.51    4    1
(advertise)    1    17340.41    9    17
(relay)    0    42    17499.62    17    17491.38    2    1
(advertise)    1    17499.82    42    17
(relay)    0    21    17538.63    17    17537.14    2    1
(advertise)    1    17538.83    21    17
(relay)    2    11    17574.45    17    17570.76    2    1
(advertise)    1    17574.65    11    17
(relay)    2    13    17600.26    17    17596.05    2    1
(advertise)    1    17600.66    13    17
(relay)    8    8    17615.87    17    17615.85    6    1
(advertise)    1    17623.87    8    17
(relay)    2    5    17650.28    17    17646.59    4    1
(advertise)    1    17650.68    5    17
(generate)    1    17681.9    [24]    17
(relay)    8    6    17705.51    17    17667.51    2    1
(advertise)    1    17705.71    6    17
(relay)    0    14    17742.12    17    17725.78    4    1
(advertise)    1    17742.32    14    17
(relay)    2    10    17754.34    17    17751.29    2    1
(advertise)    1    17764.54    10    17
(relay)    8    12    17812.95    17    17810.46    2    1
(advertise)    1    17813.15    12    17
(relay)    0    0    17831.16    17    17830.59    8    1
(advertise)    1    17834.76    0    17
(relay)    8    15    17897.78    17    17897.42    4    1
(advertise)    1    17897.98    15    17
(relay)    8    22    17919.59    17    17899.59    2    1
(advertise)    1    17919.99    22    17
(relay)    8    28    18065.4    18    18064.14    2    1
(advertise)    1    18065.6    28    18
(relay)    2    3    18092.01    18    18090.79    6    1
(advertise)    1    18092.21    3    18
(relay)    2    4    18116.83    18    18113.3    4    1
(advertise)    1    18117.23    4    18
(relay)    8    7    18155.64    18    18155.27    6    1
(advertise)    1    18155.84    7    18
(relay)    2    2    18166.05    18    18165.88    6    1
(advertise)    1    18177.25    2    18
(relay)    8    9    18340.07    18    18339.68    4    1
(advertise)    1    18340.27    9    18
(relay)    8    42    18498.08    18    18491.39    2    1
(advertise)    1    18498.28    42    18
(relay)    0    21    18539.69    18    18537.2    2    1
(advertise)    1    18539.89    21    18
(relay)    2    13    18599.71    18    18596.13    2    1
(advertise)    1    18599.91    13    18
(relay)    8    8    18616.12    18    18615.92    6    1
(advertise)    1    18622.32    8    18
(relay)    2    5    18650.53    18    18646.72    4    1
(advertise)    1    18650.73    5    18
(relay)    2    6    18675.74    18    18667.67    2    1
(advertise)    1    18675.94    6    18
(relay)    8    29    18677.76    18    18654.71    2    1
(generate)    1    18681.96    [24]    18
(advertise)    1    18697.97    29    18
(relay)    2    14    18745.38    18    18725.97    2    1
(advertise)    1    18745.58    14    18
(relay)    2    10    18768.6    18    18751.35    2    1
(advertise)    1    18770.0    10    18
(relay)    0    0    18831.41    18    18830.77    8    1
(advertise)    1    18831.61    0    18
(relay)    2    12    18855.62    18    18810.52    2    1
(advertise)    1    18856.42    12    18
(relay)    8    15    18899.04    18    18897.61    4    1
(advertise)    1    18899.24    15    18
(relay)    8    22    18920.45    18    18899.62    2    1
(advertise)    1    18921.65    22    18
(relay)    0    28    19066.06    19    19064.34    2    1
(advertise)    1    19066.26    28    19
(relay)    2    3    19092.67    19    19090.83    6    1
(advertise)    1    19093.47    3    19
(relay)    2    4    19117.09    19    19113.31    4    1
(advertise)    1    19117.69    4    19
(relay)    2    2    19165.9    19    19165.89    6    1
(advertise)    1    19166.1    2    19
(relay)    2    7    19176.91    19    19155.35    4    1
(advertise)    1    19188.91    7    19
(relay)    8    16    19204.33    19    19182.26    2    1
(advertise)    1    19212.53    16    19
(relay)    8    9    19340.34    19    19339.83    4    1
(advertise)    1    19340.54    9    19
(relay)    8    42    19496.15    19    19491.57    2    1
(advertise)    1    19496.35    42    19
(relay)    0    21    19540.17    19    19537.26    2    1
(advertise)    1    19540.37    21    19
(relay)    2    11    19574.38    19    19570.77    2    1
(advertise)    1    19574.58    11    19
(relay)    2    13    19598.59    19    19596.21    2    1
(advertise)    1    19598.79    13    19
(relay)    8    8    19616.0    19    19616.0    6    1
(advertise)    1    19621.2    8    19
(relay)    2    5    19651.02    19    19646.8    4    1
(advertise)    1    19651.22    5    19
(relay)    2    6    19673.63    19    19667.87    4    1
(advertise)    1    19674.63    6    19
(generate)    1    19682.04    [24]    19
(relay)    8    14    19744.86    19    19725.99    4    1
(advertise)    1    19745.06    14    19
(relay)    8    10    19767.87    19    19751.43    2    1
(advertise)    1    19768.07    10    19
(relay)    2    12    19815.68    19    19810.6    2    1
(advertise)    1    19815.88    12    19
(relay)    0    0    19831.9    19    19830.96    8    1
(advertise)    1    19838.1    0    19
(relay)    8    15    19899.11    19    19897.75    4    1
(advertise)    1    19899.31    15    19
(relay)    8    22    19922.32    19    19899.67    2    1
(advertise)    1    19922.52    22    19
(relay)    0    28    20066.53    20    20064.36    2    1
(advertise)    1    20066.73    28    20
(relay)    2    3    20092.55    20    20090.88    6    1
(advertise)    1    20092.75    3    20
(relay)    2    4    20115.76    20    20113.32    4    1
(advertise)    1    20116.16    4    20
(relay)    8    7    20156.17    20    20155.45    6    1
(advertise)    1    20156.37    7    20
(relay)    2    2    20166.39    20    20165.91    6    1
(advertise)    1    20177.39    2    20
(relay)    2    16    20203.0    20    20183.19    2    1
(advertise)    1    20203.2    16    20
(relay)    0    35    20204.61    20    20163.3    2    1
(advertise)    1    20225.21    35    20
(relay)    8    36    20318.83    20    20296.3    2    1
(advertise)    1    20319.03    36    20
(relay)    2    9    20341.24    20    20340.02    4    1
(advertise)    1    20342.24    9    20
(relay)    8    42    20493.45    20    20491.76    2    1
(advertise)    1    20493.65    42    20
(relay)    0    21    20540.66    20    20537.35    2    1
(advertise)    1    20540.86    21    20
(relay)    2    11    20573.68    20    20570.96    2    1
(advertise)    1    20573.88    11    20
(relay)    8    13    20599.29    20    20596.3    2    1
(advertise)    1    20599.49    13    20
(relay)    8    8    20616.7    20    20616.06    6    1
(advertise)    1    20622.9    8    20
(relay)    2    5    20651.52    20    20646.86    4    1
(advertise)    1    20651.72    5    20
(relay)    2    6    20671.73    20    20668.01    4    1
(advertise)    1    20673.73    6    20
(generate)    1    20682.14    [24]    20
(heartbeat)    24    5    20677.25    1    20722.56    5    11
(advertise)    1    20722.76    24    5
(relay)    0    14    20748.37    20    20726.04    4    1
(advertise)    1    20748.77    14    20
(relay)    2    10    20771.98    20    20751.49    2    1
(advertise)    1    20772.18    10    20
(relay)    2    12    20815.59    20    20810.67    2    1
(advertise)    1    20815.79    12    20
(relay)    0    0    20832.01    20    20830.98    8    1
(advertise)    1    20837.81    0    20
(relay)    8    15    20899.22    20    20897.94    4    1
(advertise)    1    20899.42    15    20
(relay)    8    22    20921.63    20    20900.36    2    1
(advertise)    1    20921.83    22    20
(relay)    8    28    21067.85    21    21064.37    2    1
(advertise)    1    21068.05    28    21
(relay)    2    3    21093.26    21    21090.95    6    1
(advertise)    1    21093.66    3    21
(relay)    2    4    21115.07    21    21113.33    4    1
(advertise)    1    21115.87    4    21
(relay)    8    7    21156.69    21    21155.55    6    1
(advertise)    1    21156.89    7    21
(relay)    2    2    21166.5    21    21165.94    6    1
(advertise)    1    21177.9    2    21
(relay)    2    16    21205.71    21    21183.78    2    1
(advertise)    1    21205.91    16    21
(relay)    0    9    21343.12    21    21340.02    2    1
(advertise)    1    21343.32    9    21
(relay)    8    43    21425.34    21    21381.56    2    1
(advertise)    1    21425.54    43    21
(relay)    8    42    21493.95    21    21491.76    2    1
(advertise)    1    21494.15    42    21
(relay)    8    21    21541.56    21    21537.44    2    1
(advertise)    1    21541.76    21    21
(relay)    8    11    21572.98    21    21571.14    2    1
(advertise)    1    21573.18    11    21
(relay)    2    13    21599.79    21    21596.4    2    1
(advertise)    1    21600.39    13    21
(relay)    8    8    21616.6    21    21616.13    6    1
(advertise)    1    21622.0    8    21
(relay)    2    5    21650.62    21    21646.95    4    1
(advertise)    1    21650.82    5    21
(relay)    2    6    21671.43    21    21668.19    4    1
(advertise)    1    21674.43    6    21
(generate)    1    21682.24    [24]    21
(relay)    8    29    21696.25    21    21654.87    2    1
(advertise)    1    21696.65    29    21
(relay)    0    14    21729.67    21    21726.06    4    1
(advertise)    1    21729.87    14    21
(relay)    2    10    21755.88    21    21751.52    2    1
(advertise)    1    21756.68    10    21
(relay)    8    12    21816.49    21    21810.74    2    1
(advertise)    1    21816.69    12    21
(relay)    0    0    21832.11    21    21831.17    8    1
(advertise)    1    21839.71    0    21
(relay)    8    15    21900.32    21    21898.12    4    1
(advertise)    1    21900.52    15    21
(relay)    8    22    21921.53    21    21900.6    2    1
(advertise)    1    21923.13    22    21
(relay)    8    28    22067.95    22    22064.38    2    1
(advertise)    1    22068.15    28    22
(relay)    2    3    22093.36    22    22091.0    6    1
(advertise)    1    22093.56    3    22
(relay)    2    4    22114.37    22    22113.35    4    1
(advertise)    1    22116.77    4    22
(relay)    8    7    22156.78    22    22155.63    6    1
(advertise)    1    22156.98    7    22
(relay)    2    2    22166.6    22    22166.14    6    1
(advertise)    1    22178.6    2    22
(relay)    2    16    22203.41    22    22183.95    2    1
(advertise)    1    22203.61    16    22
(relay)    0    35    22205.22    22    22163.5    2    1
(advertise)    1    22224.82    35    22
(relay)    8    9    22342.04    22    22340.78    4    1
(advertise)    1    22342.24    9    22
(relay)    0    42    22494.25    22    22491.95    2    1
(advertise)    1    22494.45    42    22
(relay)    0    21    22542.26    22    22537.52    2    1
(advertise)    1    22542.46    21    22
(relay)    2    13    22600.48    22    22596.48    2    1
(advertise)    1    22600.68    13    22
(relay)    8    8    22616.69    22    22616.22    6    1
(advertise)    1    22622.09    8    22
(relay)    2    5    22650.3    22    22647.05    4    1
(advertise)    1    22650.7    5    22
(relay)    8    29    22673.31    22    22654.87    2    1
(relay)    2    6    22673.71    22    22668.36    4    2
(advertise)    1    22674.11    29    22
(generate)    1    22682.33    [24]    22
(advertise)    1    22695.94    6    22
(relay)    2    14    22739.95    22    22726.08    2    1
(advertise)    1    22740.15    14    22
(relay)    8    10    22762.37    22    22751.57    2    1
(advertise)    1    22764.97    10    22
(relay)    2    12    22815.98    22    22810.83    2    1
(advertise)    1    22816.18    12    22
(relay)    0    0    22831.39    22    22831.37    8    1
(advertise)    1    22840.59    0    22
(relay)    8    15    22900.41    22    22898.12    4    1
(advertise)    1    22900.61    15    22
(relay)    8    22    22921.22    22    22900.66    2    1
(advertise)    1    22923.22    22    22
(relay)    8    28    23069.23    23    23064.4    2    1
(advertise)    1    23069.43    28    23
(relay)    2    3    23092.24    23    23091.06    6    1
(advertise)    1    23092.84    3    23
(relay)    2    4    23114.46    23    23113.37    4    1
(advertise)    1    23115.46    4    23
(relay)    8    7    23157.47    23    23155.73    6    1
(advertise)    1    23157.67    7    23
(relay)    2    2    23167.08    23    23166.16    6    1
(advertise)    1    23179.48    2    23
(relay)    2    16    23202.1    23    23184.07    2    1
(advertise)    1    23202.5    16    23
(relay)    2    9    23343.11    23    23340.93    4    1
(advertise)    1    23343.31    9    23
(relay)    8    42    23496.52    23    23491.95    2    1
(advertise)    1    23496.72    42    23
(relay)    8    21    23541.14    23    23537.6    2    1
(advertise)    1    23541.34    21    23
(relay)    8    11    23572.35    23    23571.48    2    1
(advertise)    1    23572.55    11    23
(relay)    8    13    23601.56    23    23596.58    2    1
(advertise)    1    23601.76    13    23
(relay)    8    8    23617.37    23    23616.3    6    1
(advertise)    1    23627.37    8    23
(relay)    8    5    23649.39    23    23647.15    2    1
(advertise)    1    23649.59    5    23
(relay)    2    6    23674.4    23    23668.52    4    1
(advertise)    1    23674.6    6    23
(generate)    1    23682.41    [24]    23
(relay)    2    14    23739.83    23    23726.1    2    1
(advertise)    1    23740.03    14    23
(relay)    8    10    23762.84    23    23751.63    2    1
(advertise)    1    23763.44    10    23
(relay)    2    12    23814.45    23    23810.91    2    1
(advertise)    1    23814.65    12    23
(relay)    0    0    23831.67    23    23831.55    8    1
(advertise)    1    23839.07    0    23
(relay)    8    15    23900.68    23    23898.3    4    1
(advertise)    1    23900.88    15    23
(relay)    0    28    24070.29    24    24064.4    2    1
(advertise)    1    24070.49    28    24
(relay)    2    3    24091.7    24    24091.13    6    1
(advertise)    1    24092.5    3    24
(relay)    2    4    24115.52    24    24113.38    4    1
(advertise)    1    24115.72    4    24
(relay)    0    7    24157.93    24    24155.82    6    1
(advertise)    1    24158.13    7    24
(relay)    2    2    24167.14    24    24166.17    6    1
(advertise)    1    24179.14    2    24
(relay)    8    16    24201.56    24    24184.18    2    1
(advertise)    1    24201.96    16    24
(relay)    8    35    24223.17    24    24163.69    2    1
(advertise)    1    24223.97    35    24
(relay)    2    9    24343.58    24    24341.1    4    1
(advertise)    1    24343.78    9    24
(relay)    8    42    24497.2    24    24491.96    2    1
(advertise)    1    24497.4    42    24
(relay)    8    21    24539.61    24    24537.67    2    1
(advertise)    1    24539.81    21    24
(relay)    8    11    24574.02    24    24571.49    2    1
(advertise)    1    24574.22    11    24
(relay)    8    13    24603.03    24    24596.67    2    1
(advertise)    1    24603.23    13    24
(relay)    8    8    24617.45    24    24616.35    6    1
(advertise)    1    24625.85    8    24
(relay)    8    5    24649.86    24    24647.21    2    1
(advertise)    1    24650.46    5    24
(relay)    2    6    24674.27    24    24668.7    4    1
(advertise)    1    24674.67    6    24
(generate)    1    24682.49    [24]    24
(heartbeat)    24    6    24677.27    1    24721.1    5    11
(advertise)    1    24721.5    24    6
(relay)    8    14    24744.51    24    24726.14    4    1
(advertise)    1    24744.71    14    24
(relay)    2    10    24768.73    24    24751.7    2    1
(advertise)    1    24769.53    10    24
(relay)    2    12    24820.54    24    24810.96    2    1
(advertise)    1    24820.74    12    24
(relay)    0    0    24831.75    24    24831.73    8    1
(advertise)    1    24842.55    0    24
(relay)    8    15    24899.76    24    24898.46    4    1
(advertise)    1    24899.96    15    24
(relay)    8    22    24920.38    24    24900.77    2    1
(advertise)    1    24922.78    22    24
(relay)    8    28    25068.39    25    25064.43    2    1
(advertise)    1    25068.59    28    25
(relay)    2    3    25091.6    25    25091.21    6    1
(advertise)    1    25092.2    3    25
(relay)    2    4    25116.02    25    25113.61    4    1
(advertise)    1    25116.62    4    25
(relay)    8    7    25158.03    25    25155.94    6    1
(advertise)    1    25158.23    7    25
(relay)    2    2    25167.24    25    25166.2    6    1
(advertise)    1    25179.24    2    25
(relay)    8    16    25203.06    25    25184.33    2    1
(advertise)    1    25203.26    16    25
(relay)    8    45    25277.07    25    25257.92    2    1
(advertise)    1    25277.27    45    25
(relay)    2    9    25342.68    25    25341.26    4    1
(advertise)    1    25342.88    9    25
(relay)    0    42    25497.69    25    25492.0    2    1
(advertise)    1    25497.89    42    25
(relay)    0    21    25539.11    25    25537.78    2    1
(advertise)    1    25539.31    21    25
(relay)    2    13    25603.52    25    25596.75    2    1
(advertise)    1    25603.72    13    25
(relay)    8    8    25617.53    25    25616.43    6    1
(advertise)    1    25627.73    8    25
(relay)    2    6    25675.55    25    25668.89    4    1
(advertise)    1    25675.75    6    25
(generate)    1    25682.56    [24]    25
(relay)    8    12    25813.57    25    25811.0    2    1
(advertise)    1    25813.77    12    25
(relay)    0    0    25832.39    25    25831.9    8    1
(advertise)    1    25835.79    0    25
(relay)    8    15    25898.8    25    25898.5    4    1
(advertise)    1    25899.0    15    25
(relay)    8    22    25921.01    25    25900.82    2    1
(advertise)    1    25921.41    22    25
(relay)    8    28    26067.62    26    26064.47    2    1
(advertise)    1    26067.82    28    26
(relay)    2    3    26092.04    26    26091.28    6    1
(advertise)    1    26092.24    3    26
(relay)    2    4    26115.65    26    26113.81    4    1
(advertise)    1    26116.65    4    26
(relay)    0    7    26158.46    26    26156.05    6    1
(advertise)    1    26158.66    7    26
(relay)    2    2    26166.48    26    26166.38    6    1
(advertise)    1    26180.68    2    26
(relay)    2    16    26204.09    26    26184.51    2    1
(advertise)    1    26204.69    16    26
(relay)    8    42    26499.9    26    26492.18    2    1
(advertise)    1    26500.1    42    26
(relay)    8    21    26538.92    26    26537.87    2    1
(advertise)    1    26539.12    21    26
(relay)    8    11    26574.33    26    26571.51    2    1
(advertise)    1    26574.53    11    26
(relay)    2    13    26600.94    26    26596.83    2    1
(advertise)    1    26601.14    13    26
(relay)    8    8    26616.55    26    26616.48    6    1
(advertise)    1    26625.35    8    26
(relay)    2    5    26650.57    26    26647.37    4    1
(advertise)    1    26650.97    5    26
(relay)    2    6    26676.18    26    26669.09    4    1
(advertise)    1    26676.58    6    26
(relay)    8    29    26677.99    26    26654.94    2    1
(generate)    1    26682.59    [24]    26
(advertise)    1    26698.41    29    26
(relay)    0    14    26743.02    26    26726.21    4    1
(advertise)    1    26743.22    14    26
(relay)    2    10    26768.03    26    26751.81    2    1
(advertise)    1    26768.23    10    26
(relay)    2    12    26815.05    26    26811.06    2    1
(advertise)    1    26815.25    12    26
(relay)    0    0    26832.66    26    26832.07    8    1
(advertise)    1    26837.46    0    26
(relay)    8    15    26899.07    26    26898.68    4    1
(advertise)    1    26899.27    15    26
(relay)    8    22    26921.68    26    26900.89    2    1
(advertise)    1    26922.28    22    26
(relay)    0    28    27065.7    27    27064.51    2    1
(advertise)    1    27065.9    28    27
(relay)    2    3    27092.31    27    27091.35    6    1
(advertise)    1    27092.91    3    27
(relay)    2    4    27117.12    27    27113.83    4    1
(advertise)    1    27117.32    4    27
(relay)    2    7    27157.14    27    27156.15    4    1
(advertise)    1    27157.34    7    27
(relay)    2    2    27166.55    27    27166.4    6    1
(advertise)    1    27179.15    2    27
(relay)    2    16    27203.36    27    27184.62    2    1
(advertise)    1    27203.56    16    27
(relay)    8    9    27342.18    27    27341.6    4    1
(advertise)    1    27342.38    9    27
(relay)    0    42    27503.59    27    27492.2    2    1
(advertise)    1    27503.79    42    27
(relay)    0    21    27539.2    27    27537.95    2    1
(advertise)    1    27539.4    21    27
(relay)    2    11    27575.61    27    27571.53    2    1
(advertise)    1    27575.81    11    27
(relay)    2    13    27602.03    27    27596.9    2    1
(advertise)    1    27602.23    13    27
(relay)    8    8    27616.64    27    27616.57    6    1
(advertise)    1    27624.04    8    27
(relay)    2    5    27651.65    27    27647.43    4    1
(advertise)    1    27651.85    5    27
(relay)    8    29    27673.87    27    27654.94    2    1
(relay)    2    6    27676.07    27    27669.24    4    2
(advertise)    1    27676.27    29    27
(generate)    1    27682.68    [24]    27
(advertise)    1    27697.69    6    27
(relay)    0    14    27741.31    27    27726.23    4    1
(advertise)    1    27741.51    14    27
(relay)    2    10    27765.72    27    27751.87    2    1
(advertise)    1    27766.12    10    27
(relay)    2    12    27814.13    27    27811.08    2    1
(advertise)    1    27814.33    12    27
(relay)    0    0    27832.74    27    27832.26    8    1
(advertise)    1    27835.74    0    27
(relay)    8    15    27899.76    27    27898.86    4    1
(advertise)    1    27899.96    15    27
(relay)    8    22    27921.97    27    27900.95    2    1
(advertise)    1    27923.57    22    27
(relay)    8    28    28065.58    28    28064.54    2    1
(advertise)    1    28065.78    28    28
(relay)    2    3    28092.8    28    28091.41    6    1
(advertise)    1    28093.0    3    28
(relay)    2    4    28117.21    28    28113.85    4    1
(advertise)    1    28117.61    4    28
(relay)    2    7    28157.22    28    28156.28    4    1
(advertise)    1    28157.42    7    28
(relay)    2    2    28166.44    28    28166.42    6    1
(advertise)    1    28178.44    2    28
(relay)    2    16    28204.65    28    28184.8    2    1
(advertise)    1    28204.85    16    28
(relay)    8    35    28226.66    28    28164.13    2    1
(advertise)    1    28227.06    35    28
(relay)    8    45    28274.67    28    28258.12    2    1
(advertise)    1    28274.87    45    28
(relay)    8    9    28342.09    28    28341.77    4    1
(advertise)    1    28342.29    9    28
(relay)    8    43    28426.5    28    28382.15    2    1
(advertise)    1    28426.7    43    28
(relay)    8    42    28498.91    28    28492.22    2    1
(advertise)    1    28499.11    42    28
(relay)    8    21    28540.73    28    28538.04    2    1
(advertise)    1    28540.93    21    28
(relay)    2    11    28576.14    28    28571.53    2    1
(advertise)    1    28576.34    11    28
(relay)    8    8    28616.75    28    28616.69    6    1
(advertise)    1    28616.95    8    28
(relay)    2    5    28651.37    28    28647.53    4    1
(advertise)    1    28651.57    5    28
(relay)    2    6    28674.98    28    28669.44    4    1
(advertise)    1    28675.58    6    28
(generate)    1    28682.79    [24]    28
(heartbeat)    24    7    28677.28    1    28719.0    5    11
(advertise)    1    28719.2    24    7
(relay)    8    14    28747.22    28    28726.25    4    1
(advertise)    1    28747.42    14    28
(relay)    2    10    28773.63    28    28751.94    2    1
(advertise)    1    28774.23    10    28
(relay)    2    12    28815.04    28    28811.39    2    1
(advertise)    1    28815.24    12    28
(relay)    0    0    28832.86    28    28832.27    8    1
(advertise)    1    28836.26    0    28
(relay)    8    15    28900.07    28    28898.89    4    1
(advertise)    1    28900.27    15    28
(relay)    8    22    28921.08    28    28901.06    2    1
(advertise)    1    28922.48    22    28
(relay)    8    28    29065.9    29    29064.6    2    1
(advertise)    1    29066.1    28    29
(relay)    2    3    29093.11    29    29091.48    6    1
(advertise)    1    29093.31    3    29
(relay)    2    4    29117.32    29    29113.88    4    1
(advertise)    1    29117.72    4    29
(relay)    2    7    29157.93    29    29156.39    4    1
(advertise)    1    29158.13    7    29
(relay)    2    2    29166.55    29    29166.46    6    1
(advertise)    1    29180.15    2    29
(relay)    2    16    29203.36    29    29184.95    2    1
(advertise)    1    29203.76    16    29
(relay)    0    9    29344.17    29    29341.92    2    1
(advertise)    1    29344.37    9    29
(relay)    8    43    29426.99    29    29382.25    2    1
(advertise)    1    29427.19    43    29
(relay)    8    21    29540.8    29    29538.14    2    1
(advertise)    1    29541.0    21    29
(relay)    2    11    29575.21    29    29571.55    2    1
(advertise)    1    29575.41    11    29
(relay)    8    13    29599.83    29    29597.12    2    1
(advertise)    1    29600.23    13    29
(relay)    8    8    29616.84    29    29616.75    6    1
(advertise)    1    29623.24    8    29
(relay)    2    5    29652.45    29    29647.63    4    1
(advertise)    1    29652.65    5    29
(relay)    2    6    29676.06    29    29669.62    4    1
(advertise)    1    29676.26    6    29
(generate)    1    29682.88    [24]    29
(relay)    0    14    29729.29    29    29726.28    4    1
(advertise)    1    29729.49    14    29
(relay)    2    10    29754.9    29    29751.99    2    1
(advertise)    1    29755.5    10    29
(relay)    2    12    29817.12    29    29811.45    2    1
(advertise)    1    29817.32    12    29
(relay)    0    0    29833.53    29    29832.43    8    1
(advertise)    1    29839.33    0    29
(relay)    8    15    29900.34    29    29899.06    4    1
(advertise)    1    29900.54    15    29
(relay)    8    22    29923.36    29    29901.53    2    1
(advertise)    1    29924.16    22    29
