(relay)    17    41    1027.0    1    1025.0    121    1
(advertise)    10    1027.2    41    1
(relay)    11    28    1068.61    1    1062.01    120    1
(advertise)    10    1068.81    28    1
(relay)    17    18    1088.63    1    1069.03    126    1
(advertise)    10    1090.83    18    1
(relay)    9    3    1111.64    1    1089.21    125    1
(relay)    17    4    1112.04    1    1111.04    124    2
(advertise)    10    1112.84    3    1
(advertise)    10    1135.85    4    1
(relay)    3    33    1160.07    1    1071.01    119    1
(advertise)    10    1160.87    33    1
(relay)    11    19    1180.28    1    1149.07    125    1
(relay)    9    2    1180.88    1    1164.05    126    2
(relay)    17    16    1181.48    1    1177.08    126    3
(advertise)    10    1183.08    19    1
(relay)    11    26    1201.29    1    1166.08    124    3
(advertise)    10    1204.49    2    1
(relay)    9    7    1223.7    1    1153.07    123    3
(advertise)    10    1227.5    16    1
(advertise)    10    1248.72    26    1
(advertise)    10    1270.93    7    1
(relay)    17    17    1292.14    1    1292.14    127    1
(advertise)    10    1293.74    17    1
(relay)    3    35    1295.16    1    1161.07    119    1
(advertise)    10    1315.16    35    1
(relay)    17    23    1316.77    1    1297.16    125    1
(advertise)    10    1337.37    23    1
(relay)    17    45    1340.38    1    1255.13    121    1
(relay)    11    47    1341.58    1    1244.12    115    2
(advertise)    10    1359.78    45    1
(relay)    17    9    1364.8    1    1337.18    125    2
(advertise)    10    1380.8    47    1
(advertise)    10    1403.21    9    1
(relay)    9    36    1406.22    1    1294.14    120    1
(advertise)    10    1426.62    36    1
(relay)    9    30    1428.83    1    1393.01    124    1
(advertise)    10    1448.63    30    1
(relay)    9    31    1452.25    1    1315.16    123    1
(relay)    17    39    1453.85    1    1373.2    123    2
(advertise)    10    1471.65    31    1
(advertise)    10    1494.66    39    1
(relay)    9    43    1496.47    1    1378.2    121    1
(advertise)    10    1516.27    43    1
(relay)    9    44    1523.09    1    1425.02    122    1
(advertise)    10    1538.89    44    1
(relay)    17    38    1546.1    1    1440.03    120    1
(advertise)    10    1560.1    38    1
(relay)    11    11    1568.31    1    1568.11    127    1
(advertise)    10    1581.31    11    1
(relay)    3    34    1584.13    1    1483.06    118    1
(advertise)    10    1602.33    34    1
(relay)    3    21    1605.94    1    1535.09    121    1
(relay)    11    25    1611.74    1    1533.09    125    2
(advertise)    10    1625.54    21    1
(relay)    9    8    1638.75    1    1614.11    126    2
(advertise)    10    1646.75    25    1
(relay)    11    32    1654.96    1    1496.07    120    2
(advertise)    10    1668.36    8    1
(relay)    9    42    1681.78    1    1489.05    118    2
(advertise)    10    1690.98    32    1
(relay)    11    13    1699.59    1    1594.13    125    2
(advertise)    10    1712.39    42    1
(relay)    9    1    1726.4    1    1680.16    125    2
(advertise)    10    1733.8    13    1
(relay)    3    5    1742.22    1    1645.15    125    2
(relay)    9    29    1748.82    1    1653.15    123    3
(generate)    10    1750.02    [24]    1
(advertise)    10    1755.43    1    1
(relay)    11    6    1764.84    1    1665.14    124    3
(advertise)    10    1777.44    5    1
(advertise)    10    1799.26    29    1
(relay)    9    14    1815.27    1    1724.0    124    2
(advertise)    10    1822.27    6    1
(advertise)    10    1844.08    14    1
(relay)    11    12    1851.69    1    1809.04    126    1
(advertise)    10    1865.29    12    1
(relay)    17    46    1871.71    1    1738.0    118    1
(relay)    3    20    1873.31    1    1769.02    122    2
(advertise)    10    1888.31    46    1
(relay)    9    0    1901.32    1    1829.04    124    2
(advertise)    10    1910.52    20    1
(advertise)    10    1932.53    0    1
(relay)    17    37    1936.55    1    1843.07    123    1
(advertise)    10    1954.15    37    1
(relay)    9    15    1966.36    1    1895.11    125    1
(advertise)    10    1975.76    15    1
(relay)    11    27    1985.97    1    1808.06    123    1
(advertise)    10    1999.17    27    1
(relay)    11    40    2028.39    1    1870.29    122    1
(advertise)    10    2028.59    40    1
(relay)    17    22    2047.8    1    1896.11    124    1
(advertise)    10    2049.8    22    1
(relay)    11    18    2073.01    2    2069.2    126    1
(advertise)    10    2073.81    18    2
(relay)    3    3    2090.42    2    2089.4    127    1
(relay)    17    48    2092.42    1    1955.11    120    2
(advertise)    10    2095.42    3    2
(advertise)    10    2116.64    48    1
(relay)    11    4    2118.05    2    2111.22    126    1
(advertise)    10    2138.85    4    2
(relay)    11    41    2141.46    2    2025.17    121    1
(advertise)    10    2160.66    41    2
(relay)    9    28    2162.28    2    2062.2    122    1
(advertise)    10    2183.28    28    2
(relay)    11    19    2186.29    2    2149.25    125    1
(relay)    3    2    2189.69    2    2164.24    126    2
(relay)    9    16    2203.89    2    2177.28    126    3
(advertise)    10    2204.69    19    2
(relay)    17    33    2221.1    2    2071.6    123    3
(advertise)    10    2229.3    2    2
(relay)    9    7    2249.72    2    2153.24    125    3
(advertise)    10    2251.32    16    2
(advertise)    10    2273.13    33    2
(relay)    17    26    2285.94    2    2166.26    124    2
(relay)    17    17    2292.54    2    2292.34    127    3
(advertise)    10    2295.34    7    2
(advertise)    10    2318.35    26    2
(relay)    9    9    2337.97    2    2337.37    127    2
(advertise)    10    2340.77    17    2
(relay)    17    35    2360.58    2    2161.25    119    2
(advertise)    10    2363.18    9    2
(relay)    17    47    2380.99    2    2244.32    121    2
(relay)    9    23    2384.59    2    2297.34    125    3
(advertise)    10    2385.79    35    2
(advertise)    10    2407.21    47    2
(relay)    17    31    2427.82    2    2315.35    123    2
(advertise)    10    2428.42    23    2
(relay)    11    45    2433.03    2    2255.92    121    2
(advertise)    10    2451.03    31    2
(relay)    9    30    2452.25    2    2393.81    124    2
(relay)    9    36    2473.04    2    2294.74    118    3
(advertise)    10    2474.04    45    2
(advertise)    10    2496.06    30    2
(relay)    11    39    2498.67    2    2373.39    123    2
(advertise)    10    2517.07    36    2
(advertise)    10    2538.08    39    2
(relay)    9    43    2547.5    2    2378.37    119    1
(relay)    17    25    2559.9    2    2533.28    125    2
(advertise)    10    2560.1    43    2
(advertise)    10    2581.11    25    2
(relay)    17    34    2582.72    2    2483.24    122    1
(advertise)    10    2604.32    34    2
(relay)    9    38    2612.34    2    2440.23    122    1
(advertise)    10    2625.34    38    2
(relay)    9    21    2634.35    2    2535.27    123    1
(advertise)    10    2646.95    21    2
(relay)    11    13    2675.96    2    2594.31    125    1
(advertise)    10    2676.16    13    2
(relay)    9    8    2677.57    2    2614.31    126    1
(relay)    17    44    2690.97    2    2425.21    122    2
(relay)    11    5    2697.37    2    2645.34    125    3
(advertise)    10    2697.97    8    2
(relay)    17    32    2714.79    2    2496.26    122    3
(advertise)    10    2719.79    44    2
(advertise)    10    2742.8    5    2
(relay)    3    11    2748.41    2    2568.31    123    2
(generate)    10    2750.21    [24]    2
(relay)    9    1    2763.23    2    2680.36    125    3
(advertise)    10    2764.03    32    2
(relay)    17    42    2781.64    2    2489.22    120    3
(advertise)    10    2785.84    11    2
(relay)    11    6    2808.45    2    2665.32    124    3
(advertise)    10    2808.65    1    2
(relay)    9    29    2829.07    2    2653.35    121    3
(advertise)    10    2830.27    42    2
(advertise)    10    2852.28    6    2
(relay)    11    12    2872.69    2    2809.23    126    2
(advertise)    10    2873.29    29    2
(relay)    9    14    2875.7    2    2724.2    124    2
(advertise)    10    2895.5    12    2
(relay)    9    0    2918.32    2    2829.2    124    2
(advertise)    10    2918.92    14    2
(relay)    11    46    2935.93    2    2738.2    122    2
(advertise)    10    2940.53    0    2
(relay)    9    15    2962.14    2    2895.3    125    2
(advertise)    10    2964.74    46    2
(advertise)    10    2985.96    15    2
(relay)    3    20    2990.97    2    2769.21    122    1
(relay)    11    27    3003.57    2    2808.24    123    2
(relay)    9    22    3005.57    2    2896.29    124    3
(advertise)    10    3009.17    20    2
(advertise)    10    3030.58    27    2
(relay)    11    40    3050.0    2    2870.48    120    2
(advertise)    10    3052.6    22    2
(relay)    17    37    3068.41    2    2843.47    121    2
(advertise)    10    3075.21    40    2
(relay)    3    3    3090.62    3    3089.6    127    2
(relay)    11    18    3094.22    3    3069.4    126    3
(advertise)    10    3097.22    37    2
(advertise)    10    3118.43    3    3
(advertise)    10    3141.05    18    3
(relay)    3    4    3144.86    3    3111.42    126    1
(relay)    9    28    3161.26    3    3062.4    122    2
(advertise)    10    3162.26    4    3
(relay)    17    48    3175.87    2    2955.29    120    2
(advertise)    10    3185.07    28    3
(relay)    3    2    3187.89    3    3164.42    126    2
(relay)    11    41    3202.09    3    3025.37    121    3
(advertise)    10    3207.69    48    2
(advertise)    10    3229.7    2    3
(relay)    17    19    3240.51    3    3149.45    125    2
(relay)    11    33    3245.51    3    3071.8    123    3
(relay)    9    7    3249.31    3    3153.43    125    4
(advertise)    10    3252.31    41    3
(relay)    9    16    3271.13    3    3177.46    126    4
(advertise)    10    3274.33    19    3
(relay)    17    17    3292.54    3    3292.53    127    4
(advertise)    10    3297.34    33    3
(relay)    11    26    3310.95    3    3167.66    124    4
(advertise)    10    3318.75    7    3
(relay)    9    9    3338.56    3    3337.56    127    4
(advertise)    10    3340.16    16    3
(advertise)    10    3361.98    17    3
(relay)    17    23    3372.59    3    3297.53    125    3
(advertise)    10    3383.99    26    3
(relay)    11    47    3396.2    3    3244.49    119    3
(advertise)    10    3405.2    9    3
(relay)    11    35    3419.62    3    3161.45    119    3
(advertise)    10    3430.02    23    3
(advertise)    10    3451.03    47    3
(relay)    17    31    3470.44    3    3315.55    123    2
(advertise)    10    3472.04    35    3
(relay)    9    36    3491.06    3    3294.93    120    2
(advertise)    10    3494.06    31    3
(relay)    11    45    3514.87    3    3256.1    117    2
(advertise)    10    3515.87    36    3
(advertise)    10    3536.88    45    3
(relay)    9    30    3559.89    3    3394.0    124    1
(advertise)    10    3560.09    30    3
(relay)    11    11    3568.71    3    3568.51    127    1
(relay)    11    39    3581.31    3    3373.59    121    2
(advertise)    10    3581.51    11    3
(relay)    3    25    3583.32    3    3533.48    123    2
(relay)    9    38    3583.52    3    3440.43    122    3
(advertise)    10    3603.52    39    3
(advertise)    10    3624.53    25    3
(relay)    3    21    3627.15    3    3535.47    121    2
(relay)    9    43    3628.35    3    3378.56    119    3
(advertise)    10    3646.15    38    3
(advertise)    10    3668.16    21    3
(advertise)    10    3689.57    43    3
(relay)    3    5    3691.99    3    3645.35    125    1
(relay)    17    32    3694.79    3    3496.46    124    2
(advertise)    10    3711.99    5    3
(relay)    9    8    3717.8    3    3614.49    126    2
(advertise)    10    3733.6    32    3
(relay)    17    34    3739.21    3    3483.44    122    2
(generate)    10    3750.41    [24]    3
(advertise)    10    3754.62    8    3
(relay)    3    13    3757.04    3    3594.51    123    2
(relay)    9    1    3762.04    3    3680.55    125    3
(advertise)    10    3775.64    34    3
(advertise)    10    3798.45    13    3
(advertise)    10    3820.66    1    3
(relay)    9    44    3826.28    3    3425.22    118    1
(advertise)    10    3844.48    44    3
(relay)    17    29    3846.09    3    3653.55    123    1
(relay)    11    6    3846.69    3    3665.51    124    2
(advertise)    10    3867.49    29    3
(advertise)    10    3888.9    6    3
(relay)    11    12    3891.52    3    3809.42    126    1
(advertise)    10    3910.32    12    3
(relay)    9    14    3912.73    3    3725.0    124    1
(advertise)    10    3932.13    14    3
(relay)    17    46    3935.74    3    3738.4    122    1
(advertise)    10    3955.14    46    3
(relay)    9    42    3959.15    3    3489.42    120    1
(advertise)    10    3976.15    42    3
(relay)    11    20    3981.37    3    3769.22    124    1
(advertise)    10    3997.37    20    3
(relay)    3    27    3999.18    3    3808.44    121    1
(relay)    9    15    4002.38    3    3895.49    125    2
(advertise)    10    4019.78    27    3
(relay)    3    0    4021.99    3    3829.4    124    2
(relay)    17    37    4023.79    3    3843.66    123    3
(advertise)    10    4041.39    15    3
(advertise)    10    4063.61    0    3
(advertise)    10    4084.62    37    3
(relay)    3    3    4089.83    4    4089.81    127    1
(relay)    17    22    4091.63    3    3896.49    124    2
(advertise)    10    4106.03    3    4
(advertise)    10    4128.85    22    3
(relay)    11    18    4137.86    4    4069.59    126    1
(advertise)    10    4150.66    18    4
(relay)    9    40    4159.07    3    3870.68    118    1
(advertise)    10    4171.87    40    3
(relay)    11    4    4203.48    4    4111.62    126    1
(advertise)    10    4203.68    4    4
(relay)    17    33    4223.3    4    4071.98    123    1
(advertise)    10    4226.1    33    4
(relay)    9    28    4249.11    4    4062.59    122    1
(advertise)    10    4249.91    28    4
(relay)    3    19    4266.72    4    4149.65    123    1
(relay)    11    2    4269.52    4    4164.62    124    2
(relay)    9    16    4271.52    4    4177.66    126    3
(advertise)    10    4273.32    19    4
(relay)    3    7    4288.14    4    4153.63    123    3
(relay)    11    41    4291.74    4    4025.57    121    4
(relay)    17    17    4292.74    4    4292.72    127    5
(advertise)    10    4294.94    2    4
(advertise)    10    4315.95    16    4
(advertise)    10    4337.96    7    4
(relay)    11    26    4357.18    4    4167.86    124    3
(advertise)    10    4359.18    41    4
(relay)    3    48    4374.19    3    3955.48    116    3
(advertise)    10    4380.39    17    4
(advertise)    10    4402.4    26    4
(relay)    9    35    4407.01    4    4161.63    121    2
(relay)    3    9    4417.81    4    4337.75    125    3
(advertise)    10    4425.41    48    3
(advertise)    10    4446.63    35    4
(advertise)    10    4467.64    9    4
(relay)    9    23    4473.45    4    4297.54    125    1
(relay)    3    47    4490.45    4    4244.68    119    2
(advertise)    10    4491.45    23    4
(advertise)    10    4513.67    47    4
(relay)    17    31    4536.08    4    4315.95    123    1
(advertise)    10    4536.28    31    4
(relay)    17    30    4558.09    4    4394.2    124    1
(relay)    3    45    4558.49    4    4256.11    117    2
(advertise)    10    4558.69    30    4
(relay)    11    11    4568.71    4    4568.69    127    2
(advertise)    10    4581.11    45    4
(relay)    17    25    4582.32    4    4533.68    125    2
(advertise)    10    4605.12    11    4
(relay)    9    36    4608.53    4    4295.12    120    2
(advertise)    10    4626.53    25    4
(relay)    11    39    4645.14    4    4373.79    123    2
(advertise)    10    4648.94    36    4
(relay)    9    8    4651.36    4    4614.69    126    2
(relay)    11    13    4668.56    4    4594.69    125    3
(advertise)    10    4670.16    39    4
(relay)    17    21    4677.97    4    4535.67    123    3
(advertise)    10    4691.17    8    4
(relay)    17    34    4700.58    4    4483.64    122    3
(advertise)    10    4712.38    13    4
(relay)    11    32    4732.4    4    4496.65    124    3
(advertise)    10    4735.2    21    4
(relay)    9    38    4737.21    4    4440.61    122    3
(generate)    10    4750.61    [24]    4
(relay)    11    5    4754.42    4    4645.52    125    4
(advertise)    10    4757.42    34    4
(relay)    9    1    4760.04    4    4680.74    125    4
(advertise)    10    4778.84    32    4
(advertise)    10    4800.05    38    4
(relay)    9    43    4803.86    4    4378.76    119    3
(advertise)    10    4823.06    5    4
(heartbeat)    24    1    4677.2    10    4839.67    127    0
(advertise)    10    4846.07    1    4
(advertise)    10    4867.69    43    4
(relay)    17    44    4878.3    4    4425.41    120    2
(advertise)    10    4891.7    24    1
(relay)    11    12    4907.51    4    4809.62    126    2
(relay)    9    29    4914.71    4    4653.56    123    3
(advertise)    10    4915.11    44    4
(relay)    17    6    4935.13    4    4665.71    122    3
(advertise)    10    4936.73    12    4
(relay)    11    20    4950.34    4    4769.41    124    3
(relay)    3    0    4956.74    4    4829.57    124    4
(advertise)    10    4957.74    29    4
(relay)    9    14    4960.75    4    4725.18    124    4
(advertise)    10    4979.95    6    4
(relay)    9    42    4983.57    4    4489.61    120    4
(advertise)    10    5002.17    20    4
(advertise)    10    5024.18    0    4
(relay)    17    15    5045.79    4    4895.69    3    3
(advertise)    10    5047.59    14    4
(relay)    11    46    5061.2    4    4738.6    122    3
(advertise)    10    5068.6    42    4
(relay)    11    27    5082.22    4    4808.45    1    3
(relay)    3    3    5090.02    5    5089.99    7    4
(advertise)    10    5091.62    15    4
(advertise)    10    5113.83    46    4
(relay)    17    22    5115.04    4    4896.5    1    2
(relay)    17    18    5136.24    5    5069.8    3    3
(advertise)    10    5136.64    3    5
(relay)    3    4    5138.06    5    5113.02    5    2
(relay)    17    37    5157.66    4    4843.86    1    3
(advertise)    10    5159.06    18    5
(relay)    3    2    5180.87    5    5164.82    7    3
(advertise)    10    5181.07    4    5
(advertise)    10    5203.08    2    5
(relay)    17    40    5225.3    4    4870.87    1    1
(relay)    3    7    5248.1    5    5153.83    3    1
(advertise)    10    5248.3    7    5
(relay)    11    19    5259.71    5    5149.84    3    1
(advertise)    10    5269.71    19    5
(relay)    17    16    5288.72    5    5177.86    3    1
(advertise)    10    5290.92    16    5
(relay)    17    17    5293.53    5    5292.91    5    1
(relay)    11    33    5303.13    5    5072.18    1    2
(advertise)    10    5312.13    17    5
(relay)    9    28    5321.35    5    5063.39    1    1
(relay)    11    41    5324.75    5    5025.77    1    1
(relay)    9    9    5338.95    5    5337.95    7    1
(advertise)    10    5339.15    9    5
(relay)    11    26    5347.36    5    5168.06    1    1
(relay)    9    35    5365.96    5    5161.83    1    1
(relay)    3    47    5406.96    5    5244.88    1    1
(relay)    9    23    5412.76    5    5297.73    1    1
(relay)    11    48    5414.36    4    4955.67    1    1
(relay)    9    36    5436.36    5    5295.32    1    1
(relay)    9    30    5480.56    5    5394.4    1    1
(relay)    11    34    5488.36    5    5483.75    1    1
(relay)    11    32    5513.76    5    5496.85    1    1
(relay)    9    42    5526.96    5    5489.71    1    1
(relay)    11    25    5536.96    5    5533.88    1    1
(relay)    9    21    5549.16    5    5535.85    1    1
(relay)    11    11    5569.36    5    5568.88    5    1
(advertise)    10    5569.56    11    5
(relay)    11    13    5597.77    5    5594.83    5    1
(advertise)    10    5598.17    13    5
(relay)    9    8    5622.39    5    5614.77    5    1
(advertise)    10    5622.59    8    5
(relay)    11    5    5647.8    5    5645.63    5    1
(advertise)    10    5648.2    5    5
(relay)    3    6    5671.41    5    5665.75    5    1
(advertise)    10    5672.01    6    5
(relay)    3    1    5696.63    5    5680.84    7    1
(advertise)    10    5697.23    1    5
(relay)    9    14    5740.64    5    5725.25    3    1
(advertise)    10    5740.84    14    5
(relay)    17    29    5746.85    5    5653.74    1    1
(generate)    10    5750.65    [24]    5
(relay)    11    46    5789.46    5    5738.63    1    1
(relay)    3    20    5790.26    5    5769.48    1    1
(relay)    3    12    5812.46    5    5809.69    5    1
(advertise)    10    5812.66    12    5
(relay)    9    0    5837.68    5    5829.75    5    1
(advertise)    10    5837.88    0    5
(relay)    11    27    5876.29    5    5808.53    1    1
(relay)    9    15    5896.69    5    5895.85    3    1
(advertise)    10    5896.89    15    5
(relay)    9    22    5920.5    5    5897.34    1    1
(relay)    9    37    5944.3    5    5844.05    1    1
(relay)    11    48    5964.5    5    5955.81    1    1
(relay)    11    41    6031.3    6    6025.96    1    1
(relay)    17    28    6066.5    6    6063.5    1    1
(relay)    11    18    6071.1    6    6069.82    3    1
(advertise)    10    6071.3    18    6
(relay)    3    3    6090.32    6    6090.12    7    1
(advertise)    10    6094.72    3    6
(relay)    3    4    6114.93    6    6113.09    5    1
(advertise)    10    6116.73    4    6
(relay)    11    19    6152.34    6    6149.89    5    1
(advertise)    10    6152.54    19    6
(relay)    11    26    6174.16    6    6168.25    1    1
(relay)    9    7    6174.36    6    6154.01    5    1
(advertise)    10    6174.76    7    6
(relay)    9    2    6195.97    6    6164.89    7    1
(advertise)    10    6197.97    2    6
(relay)    9    16    6217.78    6    6177.9    3    1
(advertise)    10    6221.98    16    6
(relay)    9    35    6240.99    6    6162.01    1    1
(relay)    11    47    6262.79    6    6245.03    1    1
(relay)    17    17    6293.59    6    6293.09    5    1
(advertise)    10    6293.79    17    6
(relay)    17    23    6317.21    6    6297.91    1    1
(relay)    9    9    6339.01    6    6338.03    7    1
(advertise)    10    6339.21    9    6
(relay)    17    30    6398.42    6    6394.44    1    1
(relay)    17    39    6437.82    6    6374.07    1    1
(relay)    17    44    6466.82    6    6425.61    1    1
(relay)    11    34    6489.02    6    6483.76    1    1
(relay)    9    42    6498.82    6    6489.89    1    1
(relay)    17    25    6534.62    6    6534.04    1    1
(relay)    9    21    6537.82    6    6535.96    1    1
(relay)    11    11    6569.62    6    6569.07    5    1
(advertise)    10    6569.82    11    6
(relay)    11    13    6597.63    6    6594.94    5    1
(advertise)    10    6597.83    13    6
(relay)    9    8    6621.65    6    6614.85    5    1
(advertise)    10    6622.45    8    6
(relay)    11    5    6647.66    6    6645.7    5    1
(advertise)    10    6647.86    5    6
(relay)    3    6    6670.87    6    6665.76    5    1
(advertise)    10    6671.07    6    6
(relay)    17    29    6698.09    6    6653.78    1    1
(relay)    17    1    6720.69    6    6680.95    5    1
(advertise)    10    6720.89    1    6
(relay)    9    14    6739.9    6    6725.31    3    1
(advertise)    10    6742.9    14    6
(generate)    10    6750.71    [24]    6
(relay)    11    12    6811.52    6    6809.74    7    1
(advertise)    10    6811.72    12    6
(relay)    11    27    6834.54    6    6808.62    1    1
(relay)    9    0    6837.94    6    6829.76    5    1
(advertise)    10    6838.54    0    6
(relay)    17    15    6896.75    6    6896.04    3    1
(advertise)    10    6896.95    15    6
(relay)    17    22    6918.76    6    6898.05    1    1
(relay)    11    48    6962.76    6    6955.83    1    1
(relay)    11    18    7070.36    7    7069.95    3    1
(advertise)    10    7070.56    18    7
(relay)    3    3    7090.18    7    7090.16    7    1
(advertise)    10    7091.78    3    7
(relay)    11    4    7114.59    7    7113.11    5    1
(advertise)    10    7114.99    4    7
(relay)    17    33    7131.4    7    7072.42    1    1
(relay)    11    19    7151.4    7    7149.89    5    1
(advertise)    10    7151.6    19    7
(relay)    11    26    7173.82    7    7168.35    1    1
(relay)    3    2    7174.02    7    7164.92    7    1
(relay)    9    7    7174.82    7    7154.11    3    2
(advertise)    10    7176.62    2    7
(advertise)    10    7198.63    7    7
(relay)    9    16    7218.84    7    7178.05    3    1
(advertise)    10    7220.04    16    7
(relay)    9    35    7241.85    7    7162.12    1    1
(relay)    11    47    7259.25    7    7245.15    1    1
(relay)    17    17    7293.65    7    7293.19    5    1
(advertise)    10    7293.85    17    7
(relay)    17    23    7318.47    7    7298.0    1    1
(relay)    9    9    7338.27    7    7338.19    7    1
(advertise)    10    7338.47    9    7
(relay)    9    42    7499.48    7    7490.09    1    1
(relay)    9    21    7538.28    7    7536.1    1    1
(relay)    11    11    7569.68    7    7569.22    5    1
(advertise)    10    7569.88    11    7
(relay)    11    13    7597.49    7    7595.02    5    1
(advertise)    10    7597.89    13    7
(relay)    9    8    7619.71    7    7614.93    5    1
(advertise)    10    7620.11    8    7
(relay)    11    5    7648.72    7    7645.77    5    1
(advertise)    10    7648.92    5    7
(relay)    11    6    7671.53    7    7665.94    5    1
(advertise)    10    7671.73    6    7
(relay)    17    29    7673.75    7    7653.84    1    1
(relay)    3    1    7697.15    7    7681.06    7    1
(advertise)    10    7697.55    1    7
(relay)    9    14    7741.16    7    7725.36    3    1
(advertise)    10    7741.36    14    7
(generate)    10    7750.77    [24]    7
(relay)    11    20    7789.58    7    7769.62    3    1
(advertise)    10    7789.78    20    7
(relay)    11    12    7811.0    7    7809.8    7    1
(advertise)    10    7812.0    12    7
(relay)    11    27    7833.41    7    7808.73    1    1
(relay)    9    0    7839.41    7    7829.76    5    1
(advertise)    10    7840.01    0    7
(relay)    9    15    7897.62    7    7896.2    3    1
(advertise)    10    7897.82    15    7
(relay)    9    22    7919.44    7    7898.13    1    1
(relay)    17    48    7960.64    7    7956.02    1    1
(relay)    17    41    8034.44    8    8026.13    1    1
(relay)    9    28    8065.44    8    8063.58    1    1
(relay)    11    18    8070.44    8    8070.1    3    1
(advertise)    10    8070.64    18    8
(relay)    3    3    8090.25    8    8090.24    7    1
(advertise)    10    8093.85    3    8
(relay)    3    4    8114.86    8    8113.13    5    1
(advertise)    10    8116.26    4    8
(relay)    11    19    8150.68    8    8149.89    5    1
(advertise)    10    8151.08    19    8
(relay)    3    2    8172.69    8    8164.95    7    1
(advertise)    10    8173.69    2    8
(relay)    17    7    8199.5    8    8154.21    3    1
(advertise)    10    8199.7    7    8
(relay)    17    16    8221.11    8    8178.41    3    1
(advertise)    10    8222.11    16    8
(relay)    17    35    8243.73    8    8162.22    1    1
(relay)    11    47    8247.93    8    8245.24    3    1
(advertise)    10    8248.13    47    8
(relay)    17    17    8293.74    8    8293.26    5    1
(advertise)    10    8293.94    17    8
(relay)    9    9    8338.55    8    8338.37    7    1
(advertise)    10    8338.75    9    8
(relay)    17    39    8410.17    8    8374.25    1    1
(relay)    9    30    8429.17    8    8394.63    1    1
(relay)    9    44    8460.77    8    8425.64    1    1
(relay)    11    34    8489.97    8    8483.8    1    1
(relay)    9    42    8497.77    8    8490.27    1    1
(relay)    11    32    8525.77    8    8497.2    1    1
(relay)    9    21    8538.77    8    8536.24    1    1
(relay)    11    25    8547.97    8    8534.29    1    1
(relay)    11    11    8569.97    8    8569.4    5    1
(advertise)    10    8570.17    11    8
(relay)    11    13    8596.98    8    8595.14    5    1
(advertise)    10    8597.18    13    8
(relay)    9    8    8620.59    8    8615.01    5    1
(advertise)    10    8621.19    8    8
(relay)    11    5    8648.21    8    8645.84    5    1
(advertise)    10    8648.61    5    8
(relay)    11    6    8671.22    8    8665.96    5    1
(advertise)    10    8671.62    6    8
(relay)    9    1    8695.23    8    8681.14    7    1
(advertise)    10    8695.43    1    8
(relay)    9    29    8716.24    8    8653.86    1    1
(heartbeat)    24    2    8677.21    10    8719.44    4    4
(advertise)    10    8719.84    24    2
(generate)    10    8750.86    [24]    8
(relay)    3    14    8781.27    8    8725.43    1    1
(relay)    11    20    8789.47    8    8769.71    3    1
(advertise)    10    8789.67    20    8
(relay)    11    12    8811.68    8    8809.86    7    1
(advertise)    10    8812.08    12    8
(relay)    11    27    8835.1    8    8808.87    1    1
(relay)    9    0    8852.3    8    8829.78    5    1
(advertise)    10    8852.5    0    8
(relay)    3    15    8898.91    8    8896.22    1    1
(relay)    9    22    8922.11    8    8898.23    1    1
(relay)    11    48    8959.31    8    8956.02    1    1
(relay)    11    41    9033.31    9    9026.2    1    1
(relay)    11    18    9070.71    9    9070.26    3    1
(advertise)    10    9070.91    18    9
(relay)    3    3    9090.92    9    9090.32    7    1
(advertise)    10    9093.12    3    9
(relay)    3    4    9115.34    9    9113.17    5    1
(advertise)    10    9116.34    4    9
(relay)    11    33    9138.35    9    9072.93    1    1
(relay)    3    7    9156.35    9    9154.34    3    1
(advertise)    10    9156.55    7    9
(relay)    11    19    9161.16    9    9150.08    3    1
(advertise)    10    9177.56    19    9
(relay)    3    2    9178.77    9    9164.98    7    1
(advertise)    10    9200.37    2    9
(relay)    3    16    9202.99    9    9178.6    1    1
(relay)    17    26    9244.19    9    9168.62    1    1
(relay)    9    35    9245.99    9    9162.33    1    1
(relay)    11    47    9251.19    9    9245.36    1    1
(relay)    17    17    9294.39    9    9293.36    5    1
(advertise)    10    9294.59    17    9
(relay)    9    23    9319.2    9    9298.21    1    1
(relay)    9    9    9338.4    9    9338.37    7    1
(advertise)    10    9338.6    9    9
(relay)    9    36    9361.21    9    9295.6    1    1
(relay)    11    39    9379.61    9    9374.28    1    1
(relay)    11    34    9490.21    9    9483.82    1    1
(relay)    17    42    9499.61    9    9490.29    1    1
(relay)    11    32    9516.01    9    9497.24    1    1
(relay)    11    25    9538.81    9    9534.4    1    1
(relay)    11    11    9570.61    9    9569.57    5    1
(advertise)    10    9570.81    11    9
(relay)    11    13    9596.43    9    9595.27    5    1
(advertise)    10    9596.83    13    9
(relay)    9    8    9619.44    9    9615.11    5    1
(advertise)    10    9619.64    8    9
(relay)    11    5    9648.65    9    9645.96    5    1
(advertise)    10    9648.85    5    9
(relay)    11    6    9672.47    9    9666.15    5    1
(advertise)    10    9672.87    6    9
(relay)    9    29    9675.08    9    9653.91    1    1
(relay)    3    1    9697.48    9    9681.24    7    1
(advertise)    10    9698.08    1    9
(relay)    11    46    9745.89    9    9738.91    1    1
(relay)    3    14    9747.49    9    9725.45    1    1
(generate)    10    9750.89    [24]    9
(relay)    17    20    9788.91    9    9769.8    3    1
(advertise)    10    9789.11    20    9
(relay)    11    12    9811.72    9    9809.94    7    1
(advertise)    10    9812.52    12    9
(relay)    11    27    9836.13    9    9808.99    1    1
(relay)    3    0    9839.73    9    9829.79    5    1
(advertise)    10    9839.93    0    9
(relay)    17    40    9884.14    9    9871.25    1    1
(relay)    9    15    9898.14    9    9896.23    3    1
(advertise)    10    9898.34    15    9
(relay)    9    22    9921.16    9    9898.31    1    1
(relay)    17    41    10031.76    10    10026.29    1    1
(relay)    17    28    10067.16    10    10063.65    1    1
(relay)    11    18    10071.36    10    10070.44    3    1
(advertise)    10    10071.56    18    10
(relay)    3    3    10090.97    10    10090.36    7    1
(advertise)    10    10092.77    3    10
(relay)    3    4    10114.78    10    10113.2    5    1
(advertise)    10    10115.18    4    10
(relay)    11    19    10151.0    10    10150.26    3    1
(advertise)    10    10151.2    19    10
(relay)    11    26    10173.81    10    10168.73    1    1
(relay)    3    2    10174.41    10    10165.18    7    1
(advertise)    10    10175.81    2    10
(relay)    9    7    10178.02    10    10154.44    1    1
(relay)    3    16    10223.62    10    10178.77    1    1
(relay)    9    35    10244.82    10    10162.4    1    1
(relay)    11    47    10250.02    10    10245.43    1    1
(relay)    17    17    10294.42    10    10293.43    5    1
(advertise)    10    10294.62    17    10
(relay)    17    23    10317.84    10    10298.31    1    1
(relay)    9    9    10338.64    10    10338.54    7    1
(advertise)    10    10338.84    9    10
(relay)    9    36    10342.85    10    10295.66    1    1
(relay)    9    30    10437.05    10    10394.96    1    1
(relay)    9    44    10460.45    10    10425.65    1    1
(relay)    11    34    10487.45    10    10484.01    1    1
(relay)    9    42    10493.65    10    10490.47    1    1
(relay)    11    32    10508.85    10    10497.43    1    1
(relay)    11    25    10536.45    10    10534.47    1    1
(relay)    9    21    10540.85    10    10536.45    1    1
(relay)    11    11    10570.65    10    10569.74    5    1
(advertise)    10    10570.85    11    10
(relay)    11    13    10596.46    10    10595.39    5    1
(advertise)    10    10596.86    13    10
(relay)    9    8    10619.87    10    10615.19    5    1
(advertise)    10    10620.07    8    10
(relay)    11    5    10648.89    10    10646.06    5    1
(advertise)    10    10649.09    5    10
(relay)    11    6    10669.9    10    10666.35    5    1
(advertise)    10    10671.5    6    10
(relay)    3    1    10695.31    10    10681.33    7    1
(advertise)    10    10696.51    1    10
(relay)    17    29    10712.33    10    10653.95    1    1
(relay)    3    14    10742.73    10    10725.5    1    1
(relay)    11    46    10744.93    10    10739.11    1    1
(generate)    10    10750.93    [24]    10
(relay)    11    20    10787.54    10    10769.83    1    1
(relay)    11    12    10811.54    10    10810.02    7    1
(advertise)    10    10811.74    12    10
(relay)    11    27    10835.55    10    10809.09    1    1
(relay)    3    0    10840.95    10    10829.81    5    1
(advertise)    10    10841.15    0    10
(relay)    9    37    10864.17    10    10844.34    1    1
(relay)    9    15    10898.77    10    10896.41    3    1
(advertise)    10    10898.97    15    10
(relay)    9    22    10921.78    10    10898.79    1    1
(relay)    11    48    10959.38    10    10956.39    1    1
(relay)    17    41    11029.98    11    11026.37    1    1
(relay)    17    28    11067.98    11    11063.67    1    1
(relay)    11    18    11071.98    11    11070.55    3    1
(advertise)    10    11072.18    18    11
(relay)    3    3    11090.99    11    11090.38    7    1
(advertise)    10    11094.39    3    11
(relay)    11    33    11119.2    11    11073.8    1    1
(relay)    9    4    11134.4    11    11113.21    3    1
(advertise)    10    11134.6    4    11
(relay)    3    19    11152.82    11    11150.41    1    1
(relay)    9    7    11157.82    11    11154.54    5    1
(advertise)    10    11158.02    7    11
(relay)    9    2    11179.63    11    11165.2    7    1
(advertise)    10    11181.23    2    11
(relay)    11    26    11208.04    11    11168.87    1    1
(relay)    9    35    11227.24    11    11162.46    1    1
(relay)    11    47    11259.44    11    11245.53    1    1
(relay)    17    17    11294.64    11    11293.55    5    1
(advertise)    10    11294.84    17    11
(relay)    17    23    11317.86    11    11298.35    1    1
(relay)    9    9    11339.26    11    11338.71    7    1
(advertise)    10    11339.46    9    11
(relay)    17    30    11396.87    11    11395.1    1    1
(relay)    11    34    11486.27    11    11484.21    1    1
(relay)    17    42    11494.67    11    11490.67    1    1
(relay)    9    21    11541.27    11    11536.56    1    1
(relay)    11    11    11570.87    11    11569.9    5    1
(advertise)    10    11571.07    11    11
(relay)    11    13    11597.08    11    11595.47    5    1
(advertise)    10    11597.28    13    11
(relay)    9    8    11620.7    11    11615.3    5    1
(advertise)    10    11621.7    8    11
(relay)    3    5    11648.91    11    11646.14    5    1
(advertise)    10    11649.11    5    11
(relay)    3    6    11670.32    11    11666.53    5    1
(advertise)    10    11672.12    6    11
(relay)    3    1    11692.93    11    11681.45    7    1
(advertise)    10    11696.13    1    11
(relay)    11    46    11744.35    11    11739.11    1    1
(generate)    10    11750.95    [24]    11
(relay)    3    20    11778.36    11    11769.88    1    1
(relay)    11    12    11812.16    11    11810.09    7    1
(advertise)    10    11812.36    12    11
(relay)    11    27    11834.97    11    11809.42    1    1
(relay)    3    0    11839.97    11    11829.84    5    1
(advertise)    10    11840.17    0    11
(relay)    17    37    11863.99    11    11844.53    1    1
(relay)    17    15    11899.59    11    11896.59    3    1
(advertise)    10    11899.79    15    11
(relay)    9    22    11921.4    11    11898.91    1    1
(relay)    11    41    12028.8    12    12026.41    1    1
(relay)    17    28    12068.2    12    12063.7    1    1
(relay)    11    18    12072.0    12    12070.68    3    1
(advertise)    10    12072.2    18    12
(relay)    3    3    12091.41    12    12090.4    7    1
(advertise)    10    12093.41    3    12
(relay)    11    4    12116.83    12    12113.23    5    1
(advertise)    10    12117.03    4    12
(relay)    17    33    12135.64    12    12073.82    1    1
(relay)    11    19    12152.84    12    12150.41    3    1
(advertise)    10    12153.04    19    12
(relay)    3    2    12175.85    12    12165.39    7    1
(relay)    11    26    12176.45    12    12169.0    1    2
(advertise)    10    12176.85    2    12
(relay)    3    7    12198.46    12    12154.68    3    1
(advertise)    10    12200.06    7    12
(relay)    9    16    12223.08    12    12179.07    3    1
(advertise)    10    12223.48    16    12
(relay)    3    17    12294.89    12    12293.61    1    1
(relay)    17    23    12315.49    12    12298.41    1    1
(relay)    9    9    12339.49    12    12338.85    7    1
(advertise)    10    12339.69    9    12
(relay)    11    34    12486.3    12    12484.23    1    1
(relay)    9    42    12512.1    12    12490.82    1    1
(relay)    11    32    12513.5    12    12497.8    1    1
(relay)    11    25    12538.5    12    12534.63    1    1
(relay)    9    21    12541.9    12    12536.68    1    1
(relay)    11    11    12570.1    12    12570.07    5    1
(advertise)    10    12570.3    11    12
(relay)    11    13    12598.52    12    12595.57    5    1
(advertise)    10    12598.72    13    12
(relay)    9    8    12621.53    12    12615.36    5    1
(advertise)    10    12622.33    8    12
(relay)    11    5    12648.34    12    12646.22    5    1
(advertise)    10    12648.94    5    12
(relay)    11    6    12669.56    12    12666.54    5    1
(advertise)    10    12671.16    6    12
(heartbeat)    24    3    12677.23    10    12695.97    4    8
(advertise)    10    12696.17    24    3
(relay)    3    1    12697.58    12    12681.53    7    1
(advertise)    10    12717.18    1    12
(relay)    3    14    12742.59    12    12725.62    1    1
(generate)    10    12750.99    [24]    12
(relay)    11    20    12778.01    12    12769.99    3    1
(advertise)    10    12778.21    20    12
(relay)    11    12    12812.42    12    12810.19    5    1
(advertise)    10    12812.62    12    12
(relay)    11    27    12834.83    12    12809.54    1    1
(relay)    3    0    12839.43    12    12829.84    5    1
(advertise)    10    12839.63    0    12
(relay)    9    37    12876.25    12    12844.56    1    1
(relay)    9    15    12900.45    12    12896.75    3    1
(advertise)    10    12900.65    15    12
(relay)    17    22    12935.06    12    12899.21    1    1
(relay)    17    48    12962.46    12    12956.77    1    1
(relay)    11    41    13028.66    13    13026.48    1    1
(relay)    11    18    13072.66    13    13070.8    3    1
(advertise)    10    13072.86    18    13
(relay)    3    3    13091.47    13    13090.47    7    1
(advertise)    10    13096.47    3    13
(relay)    3    4    13113.49    13    13113.25    5    1
(advertise)    10    13120.49    4    13
(relay)    17    33    13133.7    13    13073.9    1    1
(relay)    3    19    13155.5    13    13150.58    1    1
(relay)    9    7    13161.5    13    13154.77    5    1
(advertise)    10    13161.7    7    13
(relay)    9    2    13183.51    13    13165.43    5    1
(advertise)    10    13184.31    2    13
(relay)    9    16    13205.12    13    13179.22    3    1
(advertise)    10    13206.72    16    13
(relay)    9    35    13228.74    13    13162.71    1    1
(relay)    17    26    13265.74    13    13169.12    1    1
(relay)    11    47    13269.54    13    13245.73    1    1
(relay)    17    17    13293.74    13    13293.71    3    1
(advertise)    10    13293.94    17    13
(relay)    9    23    13317.15    13    13298.5    1    1
(relay)    9    9    13339.35    13    13338.86    5    1
(advertise)    10    13339.55    9    13
(relay)    17    36    13341.16    13    13295.89    1    1
(relay)    9    42    13495.56    13    13490.83    1    1
(relay)    9    21    13541.96    13    13536.75    1    1
(relay)    11    11    13570.36    13    13570.23    5    1
(advertise)    10    13570.56    11    13
(relay)    11    13    13598.38    13    13595.7    5    1
(advertise)    10    13598.78    13    13
(relay)    9    8    13623.79    13    13615.44    5    1
(advertise)    10    13624.39    8    13
(relay)    9    5    13649.0    13    13646.3    3    1
(advertise)    10    13649.4    5    13
(relay)    11    6    13670.82    13    13666.73    5    1
(advertise)    10    13671.42    6    13
(relay)    3    1    13696.63    13    13681.62    5    1
(advertise)    10    13696.83    1    13
(relay)    9    29    13719.84    13    13654.19    1    1
(relay)    9    14    13742.44    13    13725.64    3    1
(advertise)    10    13742.64    14    13
(generate)    10    13751.05    [24]    13
(relay)    11    20    13791.07    13    13770.02    3    1
(advertise)    10    13791.27    20    13
(relay)    11    12    13814.08    13    13810.28    5    1
(advertise)    10    13815.48    12    13
(relay)    11    27    13836.69    13    13809.63    1    1
(relay)    3    0    13840.09    13    13829.86    5    1
(advertise)    10    13840.49    0    13
(relay)    11    40    13890.11    13    13871.45    1    1
(relay)    3    15    13900.91    13    13896.92    1    1
(relay)    9    22    13921.91    13    13899.28    1    1
(relay)    11    48    13963.11    13    13956.95    1    1
(relay)    9    28    14070.51    14    14063.72    1    1
(relay)    11    18    14073.31    14    14070.96    3    1
(advertise)    10    14073.51    18    14
(relay)    3    3    14091.52    14    14090.52    7    1
(advertise)    10    14095.12    3    14
(relay)    3    4    14113.93    14    14113.26    5    1
(advertise)    10    14118.33    4    14
(relay)    17    33    14136.35    14    14074.09    1    1
(relay)    9    7    14159.95    14    14154.87    5    1
(advertise)    10    14160.15    7    14
(relay)    9    2    14183.36    14    14165.45    5    1
(advertise)    10    14184.16    2    14
(relay)    17    19    14201.57    14    14150.77    3    1
(relay)    9    16    14205.57    14    14179.35    3    2
(advertise)    10    14207.37    19    14
(relay)    11    26    14228.78    14    14169.21    1    2
(advertise)    10    14229.38    16    14
(relay)    9    35    14249.6    14    14162.81    1    1
(relay)    11    47    14272.0    14    14245.8    1    1
(relay)    17    17    14293.8    14    14293.78    3    1
(advertise)    10    14294.0    17    14
(relay)    9    23    14316.41    14    14298.58    1    1
(relay)    9    9    14340.01    14    14339.01    5    1
(advertise)    10    14340.21    9    14
(relay)    9    36    14341.42    14    14295.95    1    1
(relay)    17    44    14477.62    14    14426.09    1    1
(relay)    11    34    14488.62    14    14484.27    1    1
(relay)    9    42    14503.02    14    14490.84    1    1
(relay)    9    21    14539.02    14    14536.85    1    1
(relay)    11    11    14570.42    14    14570.42    5    1
(advertise)    10    14570.62    11    14
(relay)    11    13    14598.64    14    14595.81    5    1
(advertise)    10    14598.84    13    14
(relay)    9    8    14623.05    14    14615.51    5    1
(advertise)    10    14623.25    8    14
(relay)    11    5    14647.86    14    14646.4    5    1
(advertise)    10    14648.06    5    14
(relay)    11    6    14671.48    14    14666.93    5    1
(advertise)    10    14672.08    6    14
(relay)    3    1    14696.49    14    14681.68    5    1
(advertise)    10    14696.69    1    14
(relay)    17    29    14699.7    14    14654.2    1    1
(relay)    9    14    14739.1    14    14725.69    3    1
(advertise)    10    14739.3    14    14
(generate)    10    14751.11    [24]    14
(relay)    17    46    14767.33    14    14739.18    1    1
(relay)    3    20    14792.73    14    14770.06    1    1
(relay)    9    12    14815.53    14    14810.37    1    1
(relay)    17    27    14835.13    14    14809.69    1    1
(relay)    9    0    14838.13    14    14830.03    5    1
(advertise)    10    14838.33    0    14
(relay)    9    37    14859.94    14    14844.77    1    1
(relay)    9    15    14898.54    14    14897.07    3    1
(advertise)    10    14898.74    15    14
(relay)    9    22    14920.15    14    14899.37    1    1
(relay)    11    48    14964.75    14    14957.13    1    1
(relay)    11    41    15031.75    15    15026.64    1    1
(relay)    17    28    15069.35    15    15063.91    1    1
(relay)    11    18    15073.15    15    15071.1    3    1
(advertise)    10    15073.35    18    15
(relay)    3    3    15090.77    15    15090.58    7    1
(advertise)    10    15096.77    3    15
(relay)    17    33    15111.78    15    15074.28    1    1
(relay)    3    4    15114.18    15    15113.27    5    1
(advertise)    10    15118.58    4    15
(relay)    3    7    15158.99    15    15154.98    3    1
(advertise)    10    15159.19    7    15
(relay)    3    2    15179.01    15    15165.47    5    1
(advertise)    10    15181.21    2    15
(relay)    17    19    15200.02    15    15150.77    3    1
(advertise)    10    15206.22    19    15
(relay)    11    26    15208.63    15    15169.69    1    1
(relay)    17    16    15221.43    15    15179.52    3    1
(advertise)    10    15228.63    16    15
(relay)    9    35    15254.64    15    15162.87    1    1
(relay)    11    47    15276.64    15    15245.87    1    1
(relay)    17    17    15294.04    15    15293.91    3    1
(advertise)    10    15294.24    17    15
(relay)    9    23    15318.66    15    15298.66    1    1
(relay)    9    9    15340.26    15    15339.2    5    1
(advertise)    10    15340.46    9    15
(relay)    17    36    15353.07    15    15296.03    1    1
(relay)    17    30    15408.67    15    15395.78    1    1
(relay)    11    34    15489.07    15    15484.28    1    1
(relay)    17    42    15497.27    15    15491.03    1    1
(relay)    9    21    15538.67    15    15536.95    1    1
(relay)    11    11    15571.07    15    15570.6    5    1
(advertise)    10    15571.27    11    15
(relay)    11    13    15599.48    15    15595.87    5    1
(advertise)    10    15599.68    13    15
(relay)    9    8    15622.9    15    15615.74    5    1
(advertise)    10    15623.1    8    15
(relay)    3    5    15648.71    15    15646.45    5    1
(advertise)    10    15648.91    5    15
(relay)    11    6    15672.32    15    15667.12    5    1
(advertise)    10    15673.12    6    15
(relay)    9    1    15696.74    15    15681.74    5    1
(advertise)    10    15696.94    1    15
(relay)    17    14    15738.95    15    15725.71    3    1
(advertise)    10    15739.15    14    15
(generate)    10    15751.16    [24]    15
(relay)    11    20    15778.77    15    15770.09    3    1
(advertise)    10    15778.97    20    15
(relay)    11    12    15810.79    15    15810.38    5    1
(advertise)    10    15810.99    12    15
(relay)    11    27    15832.8    15    15809.79    1    1
(relay)    3    0    15837.0    15    15830.22    5    1
(advertise)    10    15837.2    0    15
(relay)    9    37    15864.01    15    15844.94    1    1
(relay)    11    40    15894.41    15    15871.53    1    1
(relay)    17    15    15920.81    15    15897.07    3    1
(advertise)    10    15921.01    15    15
(relay)    17    22    15943.23    15    15899.44    1    1
(relay)    17    48    15966.03    15    15957.14    1    1
(relay)    11    41    16031.83    16    16026.71    1    1
(relay)    17    28    16068.43    16    16064.1    1    1
(relay)    11    18    16072.63    16    16071.24    3    1
(advertise)    10    16072.83    18    16
(relay)    9    3    16094.24    16    16090.65    5    1
(relay)    11    33    16095.44    16    16074.28    1    2
(advertise)    10    16096.04    3    16
(relay)    3    4    16114.65    16    16113.28    5    1
(advertise)    10    16117.05    4    16
(relay)    11    19    16153.27    16    16150.77    3    1
(advertise)    10    16153.47    19    16
(relay)    11    26    16174.48    16    16169.75    1    1
(relay)    3    2    16175.88    16    16165.65    5    1
(advertise)    10    16176.68    2    16
(relay)    9    7    16178.09    16    16155.08    5    1
(advertise)    10    16198.49    7    16
(relay)    9    16    16223.5    16    16180.29    3    1
(advertise)    10    16223.7    16    16
(relay)    9    35    16245.32    16    16162.93    1    1
(relay)    11    47    16262.12    16    16245.96    1    1
(relay)    17    17    16294.52    16    16294.0    3    1
(advertise)    10    16294.72    17    16
(relay)    9    23    16319.33    16    16298.73    1    1
(relay)    9    9    16340.33    16    16339.35    5    1
(advertise)    10    16340.53    9    16
(relay)    17    36    16342.74    16    16296.06    1    1
(relay)    11    39    16378.14    16    16374.58    1    1
(relay)    17    34    16488.74    16    16484.48    1    1
(relay)    9    42    16500.74    16    16491.2    1    1
(relay)    11    25    16536.14    16    16535.36    1    1
(relay)    9    21    16538.54    16    16537.05    1    1
(relay)    11    11    16571.34    16    16570.76    5    1
(advertise)    10    16571.54    11    16
(relay)    11    13    16598.56    16    16595.97    5    1
(advertise)    10    16598.76    13    16
(relay)    9    8    16624.17    16    16615.8    5    1
(advertise)    10    16624.37    8    16
(relay)    3    5    16648.18    16    16646.49    5    1
(advertise)    10    16648.78    5    16
(relay)    11    6    16671.2    16    16667.32    5    1
(advertise)    10    16671.6    6    16
(heartbeat)    24    4    16677.24    10    16696.01    4    8
(advertise)    10    16696.21    24    4
(relay)    9    1    16697.62    16    16681.82    5    1
(advertise)    10    16718.62    1    16
(relay)    17    46    16743.83    16    16739.22    1    1
(relay)    9    14    16748.23    16    16725.76    3    1
(advertise)    10    16748.43    14    16
(generate)    10    16751.25    [24]    16
(relay)    11    20    16809.66    16    16770.11    3    1
(advertise)    10    16809.86    20    16
(relay)    11    12    16831.07    16    16810.43    5    1
(relay)    3    0    16833.07    16    16830.41    5    2
(advertise)    10    16833.47    12    16
(relay)    17    27    16854.49    16    16809.86    1    2
(advertise)    10    16855.29    0    16
(relay)    17    15    16898.7    16    16897.23    3    1
(advertise)    10    16898.9    15    16
(relay)    9    22    16922.11    16    16899.53    1    1
(relay)    17    48    16965.11    16    16957.32    1    1
(relay)    11    41    17032.31    17    17026.79    1    1
(relay)    11    18    17071.91    17    17071.39    3    1
(advertise)    10    17072.11    18    17
(relay)    3    3    17090.73    17    17090.73    7    1
(advertise)    10    17094.33    3    17
(relay)    3    4    17115.14    17    17113.3    5    1
(advertise)    10    17116.94    4    17
(relay)    17    33    17131.75    17    17074.28    1    1
(relay)    3    19    17154.15    17    17150.96    1    1
(relay)    3    7    17175.55    17    17155.16    3    1
(advertise)    10    17175.75    7    17
(relay)    9    2    17177.36    17    17165.68    5    1
(relay)    11    26    17183.76    17    17169.85    1    2
(advertise)    10    17197.16    2    17
(relay)    9    16    17199.78    17    17180.41    3    1
(advertise)    10    17219.38    16    17
(relay)    9    35    17243.79    17    17163.06    1    1
(relay)    11    47    17270.99    17    17246.05    1    1
(relay)    17    17    17294.59    17    17294.09    3    1
(advertise)    10    17294.79    17    17
(relay)    9    23    17318.6    17    17298.82    1    1
(relay)    9    9    17339.6    17    17339.51    5    1
(advertise)    10    17339.8    9    17
(relay)    9    36    17341.02    17    17296.12    1    1
(relay)    11    34    17491.62    17    17484.51    1    1
(relay)    9    42    17500.82    17    17491.38    1    1
(relay)    11    25    17536.22    17    17535.47    1    1
(relay)    9    21    17539.42    17    17537.14    1    1
(relay)    11    32    17560.02    17    17498.49    1    1
(relay)    11    11    17571.42    17    17570.76    5    1
(advertise)    10    17571.62    11    17
(relay)    11    13    17598.83    17    17596.05    5    1
(advertise)    10    17599.63    13    17
(relay)    17    8    17622.44    17    17615.85    3    1
(advertise)    10    17622.64    8    17
(relay)    11    5    17648.86    17    17646.59    5    1
(advertise)    10    17649.06    5    17
(relay)    3    6    17672.67    17    17667.51    5    1
(advertise)    10    17672.87    6    17
(relay)    3    1    17695.28    17    17681.9    5    1
(advertise)    10    17696.08    1    17
(relay)    11    46    17744.09    17    17739.24    1    1
(generate)    10    17751.29    [24]    17
(relay)    3    20    17778.51    17    17770.12    1    1
(relay)    11    12    17810.91    17    17810.46    5    1
(advertise)    10    17811.11    12    17
(relay)    11    27    17836.72    17    17809.92    1    1
(relay)    11    0    17858.52    17    17830.59    3    1
(advertise)    10    17858.72    0    17
(relay)    9    37    17867.53    17    17845.15    1    1
(relay)    9    15    17898.33    17    17897.42    3    1
(advertise)    10    17898.53    15    17
(relay)    17    40    17920.95    17    17871.68    1    1
(relay)    9    22    17921.55    17    17899.59    1    1
(relay)    11    48    17962.55    17    17957.33    1    1
(relay)    11    41    18035.15    18    18026.87    1    1
(relay)    11    18    18071.95    18    18071.56    3    1
(advertise)    10    18072.15    18    18
(relay)    3    3    18091.36    18    18090.79    7    1
(advertise)    10    18094.16    3    18
(relay)    3    4    18115.17    18    18113.3    5    1
(advertise)    10    18116.97    4    18
(relay)    17    33    18133.39    18    18074.67    1    1
(relay)    9    7    18156.19    18    18155.27    5    1
(advertise)    10    18156.39    7    18
(relay)    3    2    18179.6    18    18165.88    5    1
(advertise)    10    18180.2    2    18
(relay)    11    19    18182.61    18    18151.15    3    1
(relay)    9    16    18201.01    18    18181.74    3    2
(advertise)    10    18202.21    19    18
(advertise)    10    18224.02    16    18
(relay)    11    26    18225.64    18    18169.91    1    1
(relay)    11    47    18248.44    18    18246.12    1    1
(relay)    17    17    18294.84    18    18294.21    3    1
(advertise)    10    18295.04    17    18
(relay)    9    23    18319.45    18    18298.88    1    1
(relay)    9    9    18339.85    18    18339.68    5    1
(advertise)    10    18340.05    9    18
(relay)    9    36    18341.86    18    18296.17    1    1
(relay)    11    39    18379.06    18    18374.74    1    1
(relay)    17    42    18512.06    18    18491.39    1    1
(relay)    11    32    18513.26    18    18498.66    1    1
(relay)    11    25    18537.46    18    18535.75    1    1
(relay)    9    21    18540.26    18    18537.2    1    1
(relay)    11    11    18571.86    18    18570.77    5    1
(advertise)    10    18572.06    11    18
(relay)    11    13    18597.88    18    18596.13    5    1
(advertise)    10    18598.28    13    18
(relay)    9    8    18619.89    18    18615.92    5    1
(advertise)    10    18620.89    8    18
(relay)    11    5    18648.7    18    18646.72    5    1
(advertise)    10    18648.9    5    18
(relay)    11    6    18674.72    18    18667.67    5    1
(advertise)    10    18674.92    6    18
(relay)    9    29    18697.53    18    18654.71    1    1
(relay)    3    1    18698.93    18    18681.96    5    1
(advertise)    10    18699.13    1    18
(relay)    9    14    18744.14    18    18725.97    3    1
(advertise)    10    18744.34    14    18
(generate)    10    18751.35    [24]    18
(relay)    17    46    18755.97    18    18739.43    1    1
(relay)    11    20    18811.97    18    18770.13    3    1
(advertise)    10    18812.17    20    18
(relay)    11    12    18834.58    18    18810.52    5    1
(advertise)    10    18835.38    12    18
(relay)    11    0    18856.99    18    18830.77    3    1
(advertise)    10    18858.99    0    18
(relay)    17    27    18869.21    18    18809.98    1    1
(relay)    9    15    18899.21    18    18897.61    3    1
(advertise)    10    18899.41    15    18
(relay)    9    22    18922.62    18    18899.62    1    1
(relay)    17    48    18960.62    18    18957.5    1    1
(relay)    17    28    19066.62    19    19064.34    1    1
(relay)    11    18    19072.02    19    19071.72    3    1
(advertise)    10    19072.22    18    19
(relay)    3    3    19091.43    19    19090.83    7    1
(advertise)    10    19095.03    3    19
(relay)    3    4    19115.45    19    19113.31    5    1
(advertise)    10    19116.45    4    19
(relay)    17    33    19134.86    19    19074.86    1    1
(relay)    11    19    19152.26    19    19151.16    3    1
(advertise)    10    19152.46    19    19
(relay)    9    7    19176.07    19    19155.35    5    1
(advertise)    10    19176.27    7    19
(relay)    9    2    19198.48    19    19165.89    5    1
(advertise)    10    19199.28    2    19
(relay)    9    16    19220.5    19    19182.26    3    1
(advertise)    10    19221.3    16    19
(relay)    9    35    19241.71    19    19163.22    1    1
(relay)    11    47    19265.71    19    19246.17    1    1
(relay)    17    26    19267.11    19    19169.97    1    1
(relay)    17    17    19295.31    19    19294.32    3    1
(advertise)    10    19295.51    17    19
(relay)    9    23    19319.92    19    19298.99    1    1
(relay)    9    9    19339.92    19    19339.83    5    1
(advertise)    10    19340.12    9    19
(relay)    9    36    19342.14    19    19296.21    1    1
(relay)    11    39    19407.54    19    19374.76    1    1
(relay)    11    34    19490.74    19    19484.73    1    1
(relay)    9    42    19496.54    19    19491.57    1    1
(relay)    11    32    19513.74    19    19498.85    1    1
(relay)    11    25    19539.14    19    19535.85    1    1
(relay)    9    21    19540.54    19    19537.26    1    1
(relay)    11    11    19571.74    19    19570.77    5    1
(advertise)    10    19571.94    11    19
(relay)    3    13    19597.95    19    19596.21    3    1
(advertise)    10    19598.15    13    19
(relay)    9    8    19620.56    19    19616.0    5    1
(advertise)    10    19621.76    8    19
(relay)    3    5    19649.38    19    19646.8    5    1
(advertise)    10    19649.58    5    19
(relay)    3    6    19671.79    19    19667.87    5    1
(advertise)    10    19673.19    6    19
(relay)    17    29    19690.0    19    19654.84    1    1
(relay)    3    1    19696.4    19    19682.04    5    1
(advertise)    10    19696.8    1    19
(relay)    9    14    19746.41    19    19725.99    3    1
(advertise)    10    19746.61    14    19
(generate)    10    19751.43    [24]    19
(relay)    17    46    19777.24    19    19739.63    1    1
(relay)    11    20    19813.04    19    19770.15    3    1
(advertise)    10    19813.24    20    19
(relay)    11    12    19835.65    19    19810.6    5    1
(advertise)    10    19836.45    12    19
(relay)    17    27    19844.67    19    19810.03    1    1
(relay)    9    0    19858.27    19    19830.96    5    1
(advertise)    10    19860.27    0    19
(relay)    9    37    19878.88    19    19845.48    1    1
(relay)    9    15    19901.08    19    19897.75    3    1
(advertise)    10    19901.28    15    19
(relay)    9    22    19924.49    19    19899.67    1    1
(relay)    11    48    19959.89    19    19957.65    1    1
(relay)    17    41    20032.49    20    20027.06    1    1
(relay)    17    28    20066.89    20    20064.36    1    1
(relay)    11    18    20073.09    20    20071.91    3    1
(advertise)    10    20073.29    18    20
(relay)    3    3    20091.51    20    20090.88    7    1
(advertise)    10    20096.31    3    20
(relay)    3    4    20114.72    20    20113.32    5    1
(advertise)    10    20118.92    4    20
(relay)    11    33    20142.33    20    20074.87    1    1
(relay)    3    19    20153.73    20    20151.16    1    1
(relay)    9    7    20157.53    20    20155.45    5    1
(advertise)    10    20157.73    7    20
(relay)    9    2    20179.74    20    20165.91    5    1
(advertise)    10    20180.74    2    20
(relay)    9    16    20202.56    20    20183.19    3    1
(advertise)    10    20204.36    16    20
(relay)    11    26    20209.97    20    20169.99    1    1
(relay)    9    35    20223.37    20    20163.3    1    1
(relay)    17    17    20295.77    20    20294.85    3    1
(advertise)    10    20295.97    17    20
(relay)    17    23    20317.78    20    20299.05    1    1
(relay)    9    9    20340.18    20    20340.02    5    1
(advertise)    10    20340.38    9    20
(relay)    9    36    20343.2    20    20296.3    1    1
(relay)    11    39    20381.0    20    20374.91    1    1
(relay)    17    44    20460.8    20    20427.92    1    1
(relay)    11    34    20488.4    20    20484.92    1    1
(relay)    9    42    20493.8    20    20491.76    1    1
(relay)    9    21    20541.8    20    20537.35    1    1
(relay)    11    11    20572.0    20    20570.96    5    1
(advertise)    10    20572.2    11    20
(relay)    11    13    20597.61    20    20596.3    5    1
(advertise)    10    20597.81    13    20
(relay)    9    8    20621.02    20    20616.06    5    1
(advertise)    10    20621.42    8    20
(relay)    11    5    20650.04    20    20646.86    5    1
(advertise)    10    20650.24    5    20
(relay)    9    6    20673.65    20    20668.01    3    1
(advertise)    10    20674.25    6    20
(relay)    3    1    20694.66    20    20682.14    5    1
(advertise)    10    20696.26    1    20
(relay)    9    29    20717.87    20    20654.85    1    1
(heartbeat)    24    5    20677.25    10    20718.67    2    8
(advertise)    10    20720.27    24    5
(relay)    3    14    20750.49    20    20726.04    1    1
(generate)    10    20751.49    [24]    20
(relay)    3    12    20814.5    20    20810.67    3    1
(advertise)    10    20814.7    12    20
(relay)    17    27    20837.91    20    20810.12    1    1
(relay)    9    0    20838.31    20    20830.98    5    1
(advertise)    10    20838.71    0    20
(relay)    9    37    20859.73    20    20845.67    1    1
(relay)    11    40    20887.13    20    20871.91    1    1
(relay)    9    15    20900.13    20    20897.94    3    1
(advertise)    10    20900.33    15    20
(relay)    9    22    20923.14    20    20900.36    1    1
(relay)    11    48    20960.94    20    20957.85    1    1
(relay)    17    28    21068.34    21    21064.37    1    1
(relay)    11    18    21073.34    21    21072.06    3    1
(advertise)    10    21073.54    18    21
(relay)    3    3    21091.55    21    21090.95    7    1
(advertise)    10    21096.55    3    21
(relay)    3    4    21114.57    21    21113.33    5    1
(advertise)    10    21119.57    4    21
(relay)    17    33    21133.78    21    21074.88    1    1
(relay)    9    7    21158.78    21    21155.55    5    1
(advertise)    10    21158.98    7    21
(relay)    3    2    21180.79    21    21165.94    5    1
(relay)    11    19    21181.39    21    21151.35    3    2
(advertise)    10    21181.59    2    21
(advertise)    10    21204.4    19    21
(relay)    3    16    21206.62    21    21183.78    1    1
(relay)    11    26    21227.02    21    21170.08    1    1
(relay)    11    47    21254.22    21    21246.34    1    1
(relay)    17    17    21296.02    21    21294.96    3    1
(advertise)    10    21296.22    17    21
(relay)    9    9    21340.63    21    21340.02    5    1
(advertise)    10    21340.83    9    21
(relay)    17    36    21343.04    21    21296.39    1    1
(relay)    17    43    21426.24    21    21381.56    1    1
(relay)    11    34    21486.44    21    21484.95    1    1
(relay)    17    42    21514.84    21    21491.76    1    1
(relay)    11    32    21516.84    21    21499.21    1    1
(relay)    11    25    21539.44    21    21536.05    1    1
(relay)    9    21    21542.24    21    21537.44    1    1
(relay)    11    11    21572.24    21    21571.14    5    1
(advertise)    10    21572.44    11    21
(relay)    11    13    21597.46    21    21596.4    5    1
(advertise)    10    21597.66    13    21
(relay)    9    8    21620.47    21    21616.13    5    1
(advertise)    10    21621.47    8    21
(relay)    3    5    21650.28    21    21646.95    5    1
(advertise)    10    21650.48    5    21
(relay)    3    6    21671.1    21    21668.19    5    1
(advertise)    10    21673.3    6    21
(relay)    3    1    21694.91    21    21682.24    5    1
(advertise)    10    21695.51    1    21
(relay)    9    29    21717.12    21    21654.87    1    1
(relay)    3    14    21733.32    21    21726.06    1    1
(generate)    10    21751.52    [24]    21
(relay)    3    20    21779.53    21    21770.22    1    1
(relay)    11    12    21812.73    21    21810.74    5    1
(advertise)    10    21812.93    12    21
(relay)    9    0    21840.55    21    21831.17    5    1
(advertise)    10    21840.95    0    21
(relay)    17    37    21867.16    21    21845.86    1    1
(relay)    11    40    21887.36    21    21871.98    1    1
(relay)    9    15    21903.36    21    21898.12    1    1
(relay)    9    22    21925.76    21    21900.6    1    1
(relay)    17    48    21962.96    21    21958.03    1    1
(relay)    9    28    22069.16    22    22064.38    1    1
(relay)    11    18    22073.56    22    22072.24    3    1
(advertise)    10    22073.76    18    22
(relay)    3    3    22091.97    22    22091.0    7    1
(advertise)    10    22096.17    3    22
(relay)    11    4    22118.99    22    22113.35    5    1
(advertise)    10    22119.99    4    22
(relay)    11    33    22142.6    22    22075.07    1    1
(relay)    9    7    22157.6    22    22155.63    5    1
(advertise)    10    22157.8    7    22
(relay)    9    2    22180.61    22    22166.14    5    1
(advertise)    10    22181.61    2    22
(relay)    11    19    22187.83    22    22151.54    3    1
(relay)    9    16    22204.03    22    22183.95    3    2
(advertise)    10    22204.63    19    22
(advertise)    10    22226.04    16    22
(relay)    11    26    22229.05    22    22170.17    1    1
(relay)    9    35    22248.65    22    22163.5    1    1
(relay)    11    47    22279.65    22    22246.4    1    1
(relay)    17    17    22295.05    22    22295.05    3    1
(advertise)    10    22295.25    17    22
(relay)    17    23    22317.46    22    22299.27    1    1
(relay)    9    36    22340.06    22    22296.49    1    1
(relay)    9    9    22341.26    22    22340.78    5    1
(advertise)    10    22341.46    9    22
(relay)    9    30    22434.28    22    22396.87    1    1
(relay)    11    34    22487.08    22    22485.15    1    1
(relay)    17    42    22494.48    22    22491.95    1    1
(relay)    9    21    22543.48    22    22537.52    1    1
(relay)    11    25    22546.48    22    22536.14    1    1
(relay)    11    11    22571.48    22    22571.33    5    1
(advertise)    10    22571.68    11    22
(relay)    11    13    22598.49    22    22596.48    5    1
(advertise)    10    22598.69    13    22
(relay)    9    8    22623.3    22    22616.22    5    1
(advertise)    10    22623.9    8    22
(relay)    3    5    22650.52    22    22647.05    5    1
(advertise)    10    22650.72    5    22
(relay)    3    6    22672.93    22    22668.36    5    1
(advertise)    10    22673.93    6    22
(relay)    3    1    22699.14    22    22682.33    5    1
(advertise)    10    22699.34    1    22
(relay)    9    14    22740.56    22    22726.08    3    1
(advertise)    10    22740.76    14    22
(generate)    10    22751.57    [24]    22
(relay)    11    20    22777.58    22    22770.25    3    1
(advertise)    10    22777.78    20    22
(relay)    11    12    22812.99    22    22810.83    5    1
(advertise)    10    22813.19    12    22
(relay)    9    0    22840.01    22    22831.37    5    1
(advertise)    10    22840.21    0    22
(relay)    17    40    22876.82    22    22872.03    1    1
(relay)    9    15    22901.82    22    22898.12    3    1
(advertise)    10    22902.02    15    22
(relay)    17    22    22923.83    22    22900.66    1    1
(relay)    17    41    23029.43    23    23027.33    1    1
(relay)    17    28    23069.83    23    23064.4    1    1
(relay)    11    18    23074.23    23    23072.43    3    1
(advertise)    10    23074.43    18    23
(relay)    3    3    23092.05    23    23091.06    7    1
(advertise)    10    23096.05    3    23
(relay)    3    4    23113.86    23    23113.37    5    1
(advertise)    10    23117.86    4    23
(relay)    11    33    23120.87    23    23075.09    1    1
(relay)    3    19    23156.87    23    23151.72    1    1
(relay)    9    7    23159.27    23    23155.73    5    1
(advertise)    10    23159.47    7    23
(relay)    9    2    23181.69    23    23166.16    5    1
(advertise)    10    23181.89    2    23
(relay)    9    16    23201.7    23    23184.07    3    1
(advertise)    10    23203.7    16    23
(relay)    11    26    23209.91    23    23170.21    1    1
(relay)    9    35    23224.51    23    23163.6    1    1
(relay)    17    17    23295.31    23    23295.13    3    1
(advertise)    10    23295.51    17    23
(relay)    9    23    23319.52    23    23299.36    1    1
(relay)    17    47    23321.52    23    23246.5    1    1
(relay)    9    9    23341.52    23    23340.93    5    1
(advertise)    10    23341.72    9    23
(relay)    11    39    23376.54    23    23375.09    1    1
(relay)    9    44    23467.34    23    23428.14    1    1
(relay)    11    34    23487.74    23    23485.34    1    1
(relay)    9    42    23497.54    23    23491.95    1    1
(relay)    9    21    23542.14    23    23537.6    1    1
(relay)    11    11    23571.54    23    23571.48    5    1
(advertise)    10    23571.74    11    23
(relay)    11    13    23599.15    23    23596.58    5    1
(advertise)    10    23599.55    13    23
(relay)    9    8    23622.36    23    23616.3    5    1
(advertise)    10    23622.76    8    23
(relay)    11    5    23648.18    23    23647.15    5    1
(advertise)    10    23648.78    5    23
(relay)    17    29    23670.39    23    23654.89    1    1
(relay)    11    6    23670.79    23    23668.52    5    1
(advertise)    10    23670.99    6    23
(relay)    3    1    23698.0    23    23682.41    5    1
(advertise)    10    23698.2    1    23
(relay)    9    14    23739.42    23    23726.1    3    1
(advertise)    10    23739.62    14    23
(generate)    10    23751.63    [24]    23
(relay)    11    46    23762.04    23    23739.86    1    1
(relay)    17    20    23788.64    23    23770.43    3    1
(advertise)    10    23788.84    20    23
(relay)    3    12    23814.25    23    23810.91    3    1
(advertise)    10    23814.65    12    23
(relay)    9    0    23837.47    23    23831.55    5    1
(advertise)    10    23837.67    0    23
(relay)    11    27    23850.28    23    23810.36    1    1
(relay)    9    37    23860.48    23    23846.04    1    1
(relay)    11    40    23900.28    23    23872.11    1    1
(relay)    9    15    23901.88    23    23898.3    3    1
(advertise)    10    23902.08    15    23
(relay)    9    22    23929.69    23    23900.71    1    1
(relay)    11    48    23964.29    23    23958.38    1    1
(relay)    11    18    24074.69    24    24072.57    3    1
(advertise)    10    24074.89    18    24
(relay)    3    3    24092.11    24    24091.13    7    1
(advertise)    10    24097.11    3    24
(relay)    3    4    24114.32    24    24113.38    5    1
(advertise)    10    24120.72    4    24
(relay)    3    19    24157.73    24    24151.91    1    1
(relay)    9    7    24159.73    24    24155.82    5    1
(advertise)    10    24159.93    7    24
(relay)    9    2    24181.15    24    24166.17    5    1
(advertise)    10    24182.75    2    24
(relay)    9    16    24201.16    24    24184.18    3    1
(advertise)    10    24205.16    16    24
(relay)    11    26    24212.57    24    24170.27    1    1
(relay)    9    35    24222.77    24    24163.69    1    1
(relay)    11    47    24278.37    24    24246.58    1    1
(relay)    17    17    24295.37    24    24295.23    3    1
(advertise)    10    24295.57    17    24
(relay)    9    23    24317.98    24    24299.42    1    1
(relay)    9    9    24342.18    24    24341.1    5    1
(advertise)    10    24342.38    9    24
(relay)    9    30    24400.8    24    24397.19    1    1
(relay)    17    34    24489.0    24    24485.37    1    1
(relay)    9    42    24497.8    24    24491.96    1    1
(relay)    11    32    24512.4    24    24499.62    1    1
(relay)    9    21    24539.8    24    24537.67    1    1
(relay)    11    25    24541.4    24    24537.32    1    1
(relay)    11    11    24571.6    24    24571.49    5    1
(advertise)    10    24571.8    11    24
(relay)    11    13    24599.41    24    24596.67    5    1
(advertise)    10    24599.61    13    24
(relay)    9    8    24624.62    24    24616.35    5    1
(advertise)    10    24625.62    8    24
(relay)    11    5    24648.24    24    24647.21    5    1
(advertise)    10    24649.04    5    24
(relay)    11    6    24673.65    24    24668.7    5    1
(advertise)    10    24674.05    6    24
(relay)    3    1    24697.46    24    24682.49    5    1
(advertise)    10    24697.66    1    24
(heartbeat)    24    6    24677.27    10    24703.28    2    8
(advertise)    10    24720.08    24    6
(relay)    9    14    24744.29    24    24726.14    3    1
(advertise)    10    24744.49    14    24
(generate)    10    24751.7    [24]    24
(relay)    11    20    24798.11    24    24770.47    3    1
(advertise)    10    24798.31    20    24
(relay)    11    12    24818.93    24    24810.96    5    1
(advertise)    10    24820.53    12    24
(relay)    9    0    24833.14    24    24831.73    5    1
(relay)    11    27    24840.74    24    24810.44    1    2
(advertise)    10    24842.34    0    24
(relay)    17    15    24901.15    24    24898.46    3    1
(advertise)    10    24901.35    15    24
(relay)    17    22    24922.97    24    24900.77    1    1
(relay)    11    40    24924.17    24    24872.21    1    1
(relay)    17    48    24967.17    24    24958.4    1    1
(relay)    11    41    25032.37    25    25027.51    1    1
(relay)    17    28    25069.97    25    25064.43    1    1
(relay)    11    18    25074.77    25    25072.57    3    1
(advertise)    10    25074.97    18    25
(relay)    3    3    25091.38    25    25091.21    7    1
(advertise)    10    25098.98    3    25
(relay)    3    4    25114.59    25    25113.61    5    1
(advertise)    10    25121.39    4    25
(relay)    11    33    25142.41    25    25075.44    1    1
(relay)    3    19    25156.81    25    25151.94    1    1
(relay)    9    7    25159.41    25    25155.94    5    1
(advertise)    10    25159.61    7    25
(relay)    9    2    25180.02    25    25166.2    5    1
(advertise)    10    25181.02    2    25
(relay)    9    16    25202.23    25    25184.33    3    1
(advertise)    10    25202.83    16    25
(relay)    11    26    25210.84    25    25170.32    1    1
(relay)    9    35    25247.64    25    25163.81    1    1
(relay)    11    47    25280.24    25    25246.66    1    1
(relay)    17    45    25289.24    25    25257.92    1    1
(relay)    17    17    25295.44    25    25295.32    3    1
(advertise)    10    25295.64    17    25
(relay)    17    23    25322.66    25    25299.51    1    1
(relay)    9    9    25342.26    25    25341.26    5    1
(advertise)    10    25342.46    9    25
(relay)    9    36    25346.47    25    25296.72    1    1
(relay)    17    44    25475.87    25    25428.17    1    1
(relay)    11    34    25489.67    25    25485.4    1    1
(relay)    9    38    25499.07    25    25442.28    1    1
(relay)    11    25    25538.27    25    25537.45    1    1
(relay)    9    21    25539.27    25    25537.78    1    1
(relay)    11    11    25572.07    25    25571.5    5    1
(advertise)    10    25572.27    11    25
(relay)    11    13    25600.08    25    25596.75    5    1
(advertise)    10    25600.28    13    25
(relay)    9    8    25627.5    25    25616.43    3    1
(advertise)    10    25627.7    8    25
(relay)    17    5    25649.51    25    25647.28    3    1
(advertise)    10    25649.91    5    25
(relay)    3    6    25674.52    25    25668.89    5    1
(advertise)    10    25675.52    6    25
(relay)    9    29    25676.74    25    25654.93    1    1
(relay)    3    1    25699.74    25    25682.56    5    1
(advertise)    10    25700.54    1    25
(relay)    17    14    25741.55    25    25726.18    3    1
(advertise)    10    25741.75    14    25
(generate)    10    25751.76    [24]    25
(relay)    11    20    25789.37    25    25770.5    3    1
(advertise)    10    25789.57    20    25
(relay)    11    12    25812.19    25    25811.0    5    1
(relay)    17    27    25812.59    25    25810.52    1    2
(advertise)    10    25812.99    12    25
(relay)    3    0    25839.0    25    25831.9    5    1
(advertise)    10    25839.4    0    25
(relay)    9    37    25865.81    25    25846.22    1    1
(relay)    11    40    25882.81    25    25872.3    1    1
(relay)    9    15    25899.41    25    25898.5    3    1
(advertise)    10    25899.61    15    25
(relay)    9    22    25922.23    25    25900.82    1    1
(relay)    11    48    25966.23    25    25958.6    1    1
(relay)    11    41    26032.83    26    26027.62    1    1
(relay)    17    28    26068.63    26    26064.47    1    1
(relay)    11    18    26074.83    26    26072.73    3    1
(advertise)    10    26075.03    18    26
(relay)    3    3    26091.44    26    26091.28    7    1
(advertise)    10    26097.04    3    26
(relay)    3    4    26115.05    26    26113.81    5    1
(relay)    11    33    26119.65    26    26075.47    1    2
(advertise)    10    26120.65    4    26
(relay)    3    19    26155.07    26    26151.94    1    1
(relay)    9    7    26160.47    26    26156.05    3    1
(advertise)    10    26160.67    7    26
(relay)    9    2    26181.48    26    26166.38    5    1
(advertise)    10    26183.48    2    26
(relay)    9    16    26203.29    26    26184.51    3    1
(advertise)    10    26204.49    16    26
(relay)    11    26    26207.9    26    26170.42    1    1
(relay)    11    47    26272.7    26    26246.73    1    1
(relay)    11    45    26295.1    26    26257.99    1    1
(relay)    17    17    26295.9    26    26295.4    3    1
(advertise)    10    26296.1    17    26
(relay)    9    23    26319.92    26    26299.81    1    1
(relay)    9    9    26342.52    26    26341.43    5    1
(advertise)    10    26342.72    9    26
(relay)    9    36    26344.13    26    26296.78    1    1
(relay)    11    34    26489.53    26    26485.43    1    1
(relay)    9    42    26501.13    26    26492.18    1    1
(relay)    11    32    26514.53    26    26499.78    1    1
(relay)    11    25    26538.93    26    26537.57    1    1
(relay)    11    11    26572.13    26    26571.51    5    1
(advertise)    10    26572.33    11    26
(relay)    17    21    26575.94    26    26537.87    1    1
(relay)    3    13    26600.54    26    26596.83    3    1
(advertise)    10    26600.74    13    26
(relay)    9    8    26624.56    26    26616.48    5    1
(advertise)    10    26624.76    8    26
(relay)    3    5    26649.97    26    26647.37    5    1
(advertise)    10    26650.17    5    26
(relay)    11    6    26672.98    26    26669.09    5    1
(advertise)    10    26674.18    6    26
(relay)    3    1    26697.4    26    26682.59    5    1
(advertise)    10    26697.6    1    26
(relay)    9    29    26699.21    26    26654.94    1    1
(relay)    11    46    26744.41    26    26739.91    1    1
(relay)    3    14    26745.21    26    26726.21    1    1
(generate)    10    26751.81    [24]    26
(relay)    11    20    26789.82    26    26770.55    3    1
(advertise)    10    26790.02    20    26
(relay)    3    12    26814.23    26    26811.06    3    1
(advertise)    10    26814.43    12    26
(relay)    9    0    26838.65    26    26832.07    5    1
(advertise)    10    26838.85    0    26
(relay)    9    15    26900.26    26    26898.68    1    1
(relay)    9    22    26922.86    26    26900.89    1    1
(relay)    17    48    26966.26    26    26958.62    1    1
(relay)    17    41    27033.86    27    27027.74    1    1
(relay)    9    28    27066.86    27    27064.51    1    1
(relay)    11    18    27073.26    27    27072.74    3    1
(advertise)    10    27073.46    18    27
(relay)    3    3    27091.47    27    27091.35    7    1
(advertise)    10    27095.67    3    27
(relay)    3    4    27115.49    27    27113.83    5    1
(advertise)    10    27117.89    4    27
(relay)    11    33    27119.3    27    27075.49    1    1
(relay)    3    7    27157.5    27    27156.15    3    1
(advertise)    10    27157.7    7    27
(relay)    3    2    27178.51    27    27166.4    5    1
(advertise)    10    27178.71    2    27
(relay)    11    19    27185.73    27    27152.13    3    1
(relay)    9    16    27202.13    27    27184.62    3    2
(advertise)    10    27203.93    19    27
(advertise)    10    27228.94    16    27
(relay)    9    35    27246.75    27    27164.04    1    1
(relay)    17    26    27263.35    27    27170.52    1    1
(relay)    11    47    27271.15    27    27246.81    1    1
(relay)    11    45    27292.55    27    27258.06    1    1
(relay)    17    17    27296.15    27    27295.52    3    1
(advertise)    10    27296.35    17    27
(relay)    9    23    27320.36    27    27299.89    1    1
(relay)    9    9    27341.76    27    27341.6    5    1
(advertise)    10    27341.96    9    27
(relay)    17    36    27376.18    27    27296.88    1    1
(relay)    17    44    27456.98    27    27428.38    1    1
(relay)    11    38    27478.58    27    27442.36    1    1
(relay)    17    32    27503.98    27    27499.97    1    1
(relay)    9    42    27504.58    27    27492.2    1    1
(relay)    11    34    27524.38    27    27485.48    1    1
(relay)    9    21    27539.58    27    27537.95    1    1
(relay)    11    25    27549.98    27    27537.66    1    1
(relay)    11    11    27572.18    27    27571.53    5    1
(advertise)    10    27572.38    11    27
(relay)    11    13    27600.19    27    27596.9    5    1
(advertise)    10    27600.39    13    27
(relay)    9    8    27623.8    27    27616.57    5    1
(advertise)    10    27624.0    8    27
(relay)    11    5    27650.02    27    27647.43    5    1
(advertise)    10    27650.22    5    27
(relay)    11    6    27673.63    27    27669.24    5    1
(advertise)    10    27673.83    6    27
(relay)    9    29    27675.24    27    27654.94    1    1
(relay)    3    1    27699.24    27    27682.68    5    1
(advertise)    10    27699.84    1    27
(relay)    9    14    27742.46    27    27726.23    3    1
(advertise)    10    27742.66    14    27
(generate)    10    27751.87    [24]    27
(relay)    17    46    27772.28    27    27740.11    1    1
(relay)    11    20    27788.08    27    27770.58    3    1
(advertise)    10    27788.28    20    27
(relay)    11    12    27811.89    27    27811.08    5    1
(advertise)    10    27812.69    12    27
(relay)    11    27    27836.11    27    27810.73    1    1
(relay)    11    0    27859.91    27    27832.26    3    1
(advertise)    10    27860.11    0    27
(relay)    9    37    27866.32    27    27846.4    1    1
(relay)    11    40    27883.12    27    27872.45    1    1
(relay)    9    15    27899.52    27    27898.86    3    1
(advertise)    10    27899.72    15    27
(relay)    11    48    27964.53    27    27958.81    1    1
(relay)    17    22    27974.93    27    27900.95    1    1
(relay)    11    41    28034.93    28    28027.84    1    1
(relay)    17    28    28065.93    28    28064.54    1    1
(relay)    11    18    28073.33    28    28072.93    3    1
(advertise)    10    28073.53    18    28
(relay)    3    3    28091.95    28    28091.41    7    1
(advertise)    10    28094.75    3    28
(relay)    3    4    28115.56    28    28113.85    5    1
(advertise)    10    28119.16    4    28
(relay)    3    19    28153.97    28    28152.14    1    1
(relay)    9    7    28156.97    28    28156.28    5    1
(advertise)    10    28157.17    7    28
(relay)    3    2    28176.39    28    28166.42    5    1
(advertise)    10    28180.19    2    28
(relay)    9    16    28203.4    28    28184.8    3    1
(advertise)    10    28203.6    16    28
(relay)    11    26    28209.21    28    28170.63    1    1
(relay)    9    35    28226.01    28    28164.13    1    1
(relay)    11    47    28274.41    28    28246.89    1    1
(relay)    9    45    28275.21    28    28258.12    1    1
(relay)    17    17    28296.21    28    28295.65    3    1
(advertise)    10    28296.41    17    28
(relay)    9    9    28341.82    28    28341.77    5    1
(advertise)    10    28342.02    9    28
(relay)    17    23    28354.64    28    28300.02    1    1
(relay)    9    43    28426.84    28    28382.15    1    1
(relay)    11    34    28491.64    28    28485.53    1    1
(relay)    9    42    28500.04    28    28492.22    1    1
(relay)    17    25    28538.84    28    28537.78    1    1
(relay)    17    21    28560.84    28    28538.04    1    1
(relay)    11    11    28572.64    28    28571.53    5    1
(advertise)    10    28572.84    11    28
(relay)    11    13    28597.85    28    28597.01    5    1
(advertise)    10    28598.25    13    28
(relay)    9    8    28620.66    28    28616.69    5    1
(advertise)    10    28621.86    8    28
(relay)    11    5    28649.68    28    28647.53    5    1
(advertise)    10    28649.88    5    28
(relay)    3    6    28672.89    28    28669.44    5    1
(advertise)    10    28673.89    6    28
(relay)    3    1    28697.3    28    28682.79    5    1
(advertise)    10    28698.3    1    28
(heartbeat)    24    7    28677.28    10    28717.12    2    8
(advertise)    10    28720.52    24    7
(relay)    11    46    28747.53    28    28740.3    3    1
(advertise)    10    28747.73    46    28
(generate)    10    28751.94    [24]    28
(relay)    9    14    28760.55    28    28726.25    1    1
(relay)    11    20    28793.95    28    28770.66    1    1
(relay)    3    12    28814.35    28    28811.39    3    1
(advertise)    10    28814.55    12    28
(relay)    9    0    28836.57    28    28832.27    5    1
(advertise)    10    28839.57    0    28
(relay)    9    37    28862.18    28    28846.56    1    1
(relay)    17    27    28872.98    28    28810.84    1    1
(relay)    11    40    28883.38    28    28872.54    1    1
(relay)    9    15    28901.18    28    28898.89    3    1
(advertise)    10    28901.38    15    28
(relay)    9    22    28923.39    28    28901.06    1    1
(relay)    11    48    28960.99    28    28958.99    1    1
(relay)    17    41    29034.39    29    29027.93    1    1
(relay)    17    28    29066.39    29    29064.6    1    1
(relay)    11    18    29073.19    29    29072.93    3    1
(advertise)    10    29073.39    18    29
(relay)    3    3    29092.01    29    29091.48    7    1
(advertise)    10    29095.01    3    29
(relay)    3    4    29116.02    29    29113.88    5    1
(advertise)    10    29117.62    4    29
(relay)    11    33    29141.83    29    29075.92    1    1
(relay)    3    19    29154.83    29    29152.19    1    1
(relay)    9    7    29157.23    29    29156.39    5    1
(advertise)    10    29157.43    7    29
(relay)    9    2    29179.65    29    29166.46    5    1
(advertise)    10    29180.25    2    29
(relay)    9    16    29202.06    29    29184.95    3    1
(advertise)    10    29202.26    16    29
(relay)    11    26    29210.27    29    29170.73    1    1
(relay)    11    47    29277.07    29    29247.01    1    1
(relay)    9    45    29277.27    29    29258.18    1    1
(relay)    17    17    29296.87    29    29295.79    3    1
(advertise)    10    29297.07    17    29
(relay)    9    23    29321.68    29    29300.85    1    1
(relay)    9    9    29342.08    29    29341.92    5    1
(advertise)    10    29342.28    9    29
(relay)    9    36    29346.1    29    29297.04    1    1
(relay)    11    39    29390.1    29    29376.01    1    1
(relay)    17    43    29427.5    29    29382.25    1    1
(relay)    11    34    29492.9    29    29485.57    1    1
(relay)    9    44    29496.5    29    29428.42    1    1
(relay)    11    32    29515.3    29    29500.3    1    1
(relay)    11    25    29541.3    29    29537.88    1    1
(relay)    11    11    29572.5    29    29571.55    5    1
(advertise)    10    29572.7    11    29
(relay)    17    21    29581.31    29    29538.14    1    1
(relay)    11    13    29598.51    29    29597.12    5    1
(advertise)    10    29598.71    13    29
(relay)    9    8    29620.72    29    29616.75    5    1
(advertise)    10    29621.12    8    29
(relay)    11    5    29650.94    29    29647.63    5    1
(advertise)    10    29651.14    5    29
(relay)    11    6    29673.15    29    29669.62    5    1
(advertise)    10    29673.75    6    29
(relay)    9    1    29697.76    29    29682.88    5    1
(advertise)    10    29698.56    1    29
(relay)    17    29    29711.98    29    29655.17    1    1
(relay)    9    14    29730.38    29    29726.28    3    1
(advertise)    10    29730.58    14    29
(generate)    10    29751.99    [24]    29
(relay)    11    46    29754.4    29    29740.31    3    1
(advertise)    10    29755.4    46    29
(relay)    3    20    29791.61    29    29770.7    1    1
(relay)    3    12    29816.01    29    29811.45    3    1
(advertise)    10    29816.21    12    29
(relay)    9    0    29839.03    29    29832.43    5    1
(relay)    11    27    29839.83    29    29810.95    1    2
(advertise)    10    29840.83    0    29
(relay)    9    37    29862.64    29    29846.7    1    1
(relay)    9    15    29903.04    29    29899.06    1    1
(relay)    9    22    29927.04    29    29901.53    1    1
(relay)    11    48    29961.44    29    29959.18    1    1
