(relay)    11    41    1027.6    1    1025.0    121    1
(advertise)    12    1027.8    41    1
(relay)    11    18    1089.41    1    1069.03    126    1
(advertise)    12    1089.61    18    1
(relay)    11    4    1111.43    1    1111.04    126    1
(advertise)    12    1112.43    4    1
(relay)    11    3    1133.44    1    1089.21    123    1
(advertise)    12    1134.24    3    1
(relay)    19    33    1135.65    1    1071.01    123    1
(relay)    19    19    1150.05    1    1149.07    127    2
(advertise)    12    1155.85    33    1
(relay)    19    26    1179.07    1    1166.08    126    2
(advertise)    12    1180.27    19    1
(advertise)    12    1202.28    26    1
(relay)    19    16    1222.29    1    1177.08    124    1
(advertise)    12    1224.29    16    1
(relay)    11    7    1245.3    1    1153.07    121    1
(advertise)    12    1245.9    7    1
(relay)    13    2    1249.12    1    1164.05    122    1
(advertise)    12    1267.12    2    1
(relay)    11    17    1294.53    1    1292.14    125    1
(advertise)    12    1294.73    17    1
(relay)    5    47    1296.14    1    1244.12    117    1
(relay)    19    45    1315.14    1    1255.13    119    2
(advertise)    12    1315.74    47    1
(relay)    11    35    1319.56    1    1161.07    117    2
(advertise)    12    1337.76    45    1
(advertise)    12    1358.97    35    1
(relay)    11    23    1363.78    1    1297.16    123    1
(advertise)    12    1380.18    23    1
(relay)    5    9    1406.2    1    1337.18    123    1
(relay)    19    39    1406.8    1    1373.2    123    2
(advertise)    12    1407.2    9    1
(advertise)    12    1428.21    39    1
(relay)    11    36    1429.82    1    1294.14    118    1
(advertise)    12    1450.22    36    1
(relay)    19    30    1475.23    1    1393.01    122    1
(advertise)    12    1475.43    30    1
(relay)    11    31    1496.05    1    1315.16    121    1
(advertise)    12    1498.25    31    1
(relay)    11    43    1518.06    1    1378.2    119    1
(advertise)    12    1520.86    43    1
(relay)    13    34    1523.47    1    1483.06    122    1
(relay)    11    44    1541.27    1    1425.02    120    2
(advertise)    12    1543.27    34    1
(relay)    11    38    1562.49    1    1440.03    120    2
(advertise)    12    1564.29    44    1
(relay)    11    11    1568.7    1    1568.11    127    2
(advertise)    12    1585.7    38    1
(relay)    19    25    1586.91    1    1533.09    125    2
(relay)    13    32    1591.31    1    1496.07    122    3
(relay)    13    13    1595.11    1    1594.13    127    4
(advertise)    12    1608.11    11    1
(advertise)    12    1629.73    25    1
(relay)    11    21    1633.54    1    1535.09    119    3
(relay)    5    5    1645.34    1    1645.15    127    4
(advertise)    12    1651.34    32    1
(advertise)    12    1673.55    13    1
(relay)    13    6    1677.76    1    1665.14    126    3
(relay)    11    8    1677.96    1    1614.11    124    4
(advertise)    12    1695.56    21    1
(advertise)    12    1716.98    5    1
(relay)    11    42    1720.39    1    1489.05    116    3
(advertise)    12    1738.39    6    1
(advertise)    12    1762.2    8    1
(advertise)    12    1783.42    42    1
(relay)    11    10    1786.83    1    1750.02    126    1
(relay)    13    20    1794.63    1    1769.02    126    2
(advertise)    12    1806.43    10    1
(relay)    11    1    1808.24    1    1680.16    123    2
(generate)    12    1809.04    [24]    1
(advertise)    12    1829.06    20    1
(advertise)    12    1850.87    1    1
(relay)    19    14    1858.48    1    1724.0    116    1
(relay)    13    29    1861.08    1    1653.15    119    2
(advertise)    12    1873.48    14    1
(relay)    19    27    1880.89    1    1808.06    125    2
(advertise)    12    1894.69    29    1
(advertise)    12    1916.71    27    1
(relay)    11    46    1918.32    1    1738.0    116    1
(advertise)    12    1940.12    46    1
(relay)    11    37    1963.93    1    1843.07    121    1
(advertise)    12    1964.33    37    1
(relay)    5    0    1995.95    1    1829.04    122    1
(advertise)    12    1996.15    0    1
(relay)    11    15    2006.16    1    1895.11    123    1
(relay)    19    40    2010.96    1    1870.29    124    2
(advertise)    12    2017.76    15    1
(advertise)    12    2041.17    40    1
(relay)    11    22    2052.39    1    1896.11    122    1
(advertise)    12    2063.59    22    1
(relay)    11    18    2073.4    2    2069.2    126    1
(relay)    19    48    2075.6    1    1955.11    122    2
(advertise)    12    2086.6    18    2
(advertise)    12    2107.81    48    1
(relay)    11    4    2118.62    2    2111.22    126    1
(relay)    13    41    2131.82    2    2025.17    123    2
(advertise)    12    2132.22    4    2
(relay)    19    19    2150.24    2    2149.25    127    2
(advertise)    12    2153.24    41    2
(relay)    19    33    2165.05    2    2071.6    125    2
(advertise)    12    2175.25    19    2
(relay)    5    3    2179.26    2    2089.4    121    2
(advertise)    12    2198.26    33    2
(relay)    11    28    2208.08    2    2062.2    120    2
(advertise)    12    2220.68    3    2
(advertise)    12    2241.69    28    2
(relay)    5    2    2247.3    2    2164.24    124    1
(advertise)    12    2262.9    2    2
(relay)    11    16    2272.52    2    2177.28    124    1
(advertise)    12    2284.32    16    2
(relay)    11    7    2296.33    2    2153.24    123    1
(advertise)    12    2306.73    7    2
(relay)    11    17    2319.14    2    2292.34    125    1
(advertise)    12    2328.14    17    2
(relay)    11    26    2345.95    2    2166.26    118    1
(advertise)    12    2350.35    26    2
(relay)    19    47    2360.77    2    2244.32    123    1
(relay)    11    35    2367.37    2    2161.25    119    2
(advertise)    12    2372.77    47    2
(relay)    11    9    2389.18    2    2337.37    125    2
(advertise)    12    2395.78    35    2
(advertise)    12    2418.39    9    2
(relay)    19    45    2428.41    2    2255.92    121    1
(advertise)    12    2441.41    45    2
(relay)    19    31    2449.42    2    2315.35    123    1
(relay)    11    23    2453.82    2    2297.34    123    2
(advertise)    12    2462.42    31    2
(advertise)    12    2484.63    23    2
(relay)    19    39    2496.04    2    2373.39    123    1
(advertise)    12    2507.64    39    2
(relay)    19    36    2518.06    2    2294.74    118    1
(relay)    11    30    2521.86    2    2393.81    122    2
(advertise)    12    2530.06    36    2
(relay)    19    34    2540.87    2    2483.24    124    2
(advertise)    12    2553.87    30    2
(relay)    11    25    2565.68    2    2533.28    125    2
(relay)    11    11    2568.88    2    2568.31    127    3
(advertise)    12    2576.48    34    2
(relay)    11    43    2588.1    2    2378.37    117    3
(relay)    13    13    2595.3    2    2594.31    127    4
(advertise)    12    2598.7    25    2
(relay)    19    32    2605.11    2    2496.26    124    4
(advertise)    12    2620.31    11    2
(relay)    11    38    2629.52    2    2440.23    120    4
(advertise)    12    2641.32    43    2
(relay)    5    5    2645.34    2    2645.34    127    4
(relay)    11    21    2653.14    2    2535.27    121    5
(advertise)    12    2663.14    13    2
(advertise)    12    2684.35    32    2
(relay)    13    6    2692.56    2    2665.32    126    4
(advertise)    12    2708.56    38    2
(relay)    19    44    2718.37    2    2425.21    118    4
(advertise)    12    2729.57    5    2
(relay)    11    8    2742.39    2    2614.31    124    4
(advertise)    12    2752.39    21    2
(advertise)    12    2773.4    6    2
(advertise)    12    2794.61    44    2
(relay)    13    20    2804.03    2    2769.21    126    2
(generate)    12    2809.23    [24]    2
(advertise)    12    2815.84    8    2
(relay)    11    42    2829.25    2    2489.22    118    2
(advertise)    12    2839.25    20    2
(relay)    11    1    2850.47    2    2680.36    123    2
(advertise)    12    2860.47    42    2
(relay)    19    29    2877.68    2    2653.35    121    2
(advertise)    12    2882.28    1    2
(relay)    5    10    2890.69    2    2750.21    124    2
(relay)    13    27    2894.69    2    2808.24    125    3
(advertise)    12    2906.09    29    2
(relay)    19    46    2921.5    2    2738.2    122    3
(advertise)    12    2928.3    10    2
(advertise)    12    2951.92    27    2
(relay)    11    14    2959.13    2    2724.2    122    2
(advertise)    12    2975.33    46    2
(relay)    11    0    2980.34    2    2829.2    122    2
(advertise)    12    2997.14    14    2
(relay)    13    40    3007.96    2    2870.48    122    2
(advertise)    12    3019.56    0    2
(relay)    11    37    3027.77    2    2843.47    121    2
(advertise)    12    3040.57    40    2
(advertise)    12    3063.18    37    2
(relay)    11    22    3071.4    2    2896.29    122    1
(advertise)    12    3085.4    22    2
(relay)    13    48    3093.21    2    2955.29    122    1
(advertise)    12    3108.01    48    2
(relay)    11    15    3116.62    2    2895.3    121    1
(relay)    19    18    3123.82    3    3069.4    126    2
(advertise)    12    3130.82    15    2
(relay)    5    4    3137.43    3    3111.42    126    2
(relay)    13    41    3139.03    3    3025.37    123    3
(relay)    19    19    3150.43    3    3149.45    127    4
(advertise)    12    3153.83    18    3
(advertise)    12    3176.45    4    3
(relay)    5    3    3179.26    3    3089.6    125    3
(relay)    19    33    3192.26    3    3071.8    125    4
(advertise)    12    3198.26    41    3
(advertise)    12    3220.47    19    3
(relay)    11    28    3224.89    3    3062.4    120    3
(advertise)    12    3241.69    3    3
(advertise)    12    3263.7    33    3
(relay)    11    2    3267.11    3    3164.42    124    2
(advertise)    12    3286.71    28    3
(relay)    13    26    3294.93    3    3167.66    124    2
(advertise)    12    3309.73    2    3
(advertise)    12    3332.34    26    3
(relay)    19    16    3346.15    3    3177.46    124    1
(advertise)    12    3353.95    16    3
(relay)    13    47    3360.96    3    3244.49    121    1
(relay)    11    17    3375.56    3    3292.53    125    2
(advertise)    12    3375.96    47    3
(relay)    5    7    3379.78    3    3153.43    121    2
(advertise)    12    3399.78    17    3
(relay)    13    35    3405.59    3    3161.45    117    2
(advertise)    12    3421.99    7    3
(relay)    11    9    3442.6    3    3337.56    125    2
(advertise)    12    3444.4    35    3
(relay)    19    23    3455.82    3    3297.53    123    2
(advertise)    12    3465.62    9    3
(relay)    13    45    3471.03    3    3256.1    119    2
(advertise)    12    3488.43    23    3
(relay)    11    31    3492.84    3    3315.55    123    2
(advertise)    12    3509.44    45    3
(advertise)    12    3532.46    31    3
(relay)    11    36    3536.87    3    3294.93    118    1
(relay)    19    39    3544.87    3    3373.59    123    2
(advertise)    12    3555.67    36    3
(relay)    11    25    3560.08    3    3533.48    125    2
(relay)    11    11    3569.08    3    3568.51    127    3
(advertise)    12    3579.08    39    3
(relay)    13    13    3595.49    3    3594.51    127    3
(advertise)    12    3601.29    25    3
(relay)    13    34    3602.51    3    3483.44    124    3
(relay)    11    30    3606.11    3    3394.0    122    4
(advertise)    12    3623.91    11    3
(relay)    5    5    3645.92    3    3645.35    127    4
(relay)    11    38    3646.92    3    3440.43    120    5
(advertise)    12    3648.32    13    3
(advertise)    12    3669.53    34    3
(relay)    19    32    3682.15    3    3496.46    124    4
(relay)    5    21    3687.15    3    3535.47    119    5
(relay)    13    6    3691.75    3    3665.51    126    6
(advertise)    12    3692.95    30    3
(advertise)    12    3715.16    5    3
(advertise)    12    3737.17    38    3
(relay)    19    43    3747.59    3    3378.56    117    4
(advertise)    12    3759.39    32    3
(advertise)    12    3781.4    21    3
(relay)    19    44    3792.21    3    3425.22    120    3
(relay)    5    8    3795.21    3    3614.49    122    4
(relay)    11    10    3802.41    3    3750.41    126    5
(advertise)    12    3804.21    6    3
(generate)    12    3809.42    [24]    3
(relay)    13    20    3825.64    3    3769.22    126    5
(advertise)    12    3827.24    43    3
(advertise)    12    3849.25    44    3
(advertise)    12    3871.26    8    3
(relay)    13    27    3889.48    3    3808.44    125    3
(advertise)    12    3893.48    10    3
(relay)    19    42    3902.09    3    3489.42    118    3
(relay)    11    1    3912.69    3    3680.55    123    4
(advertise)    12    3915.49    20    3
(relay)    11    29    3935.1    3    3653.55    121    4
(advertise)    12    3936.5    27    3
(relay)    11    46    3958.32    3    3738.4    122    4
(advertise)    12    3959.32    42    3
(advertise)    12    3980.53    1    3
(relay)    11    14    4001.94    3    3725.0    122    3
(advertise)    12    4003.74    29    3
(advertise)    12    4025.55    46    3
(advertise)    12    4046.97    14    3
(relay)    19    40    4053.38    3    3870.68    124    1
(advertise)    12    4068.38    40    3
(relay)    11    15    4069.59    3    3895.49    123    1
(relay)    19    37    4075.19    3    3843.66    121    2
(advertise)    12    4090.19    15    3
(advertise)    12    4111.21    37    3
(relay)    5    4    4114.02    4    4111.62    126    1
(relay)    11    0    4115.22    3    3829.4    122    2
(relay)    19    18    4120.02    4    4069.59    126    3
(relay)    13    33    4133.42    4    4071.98    123    4
(advertise)    12    4134.02    4    4
(relay)    19    19    4149.83    4    4149.65    127    4
(advertise)    12    4158.03    0    3
(advertise)    12    4179.85    18    4
(relay)    11    3    4182.06    4    4089.81    125    3
(relay)    5    2    4182.46    4    4164.62    124    4
(relay)    19    22    4183.86    3    3896.49    122    5
(advertise)    12    4201.86    33    4
(relay)    19    41    4205.07    4    4025.57    123    5
(advertise)    12    4223.07    19    4
(advertise)    12    4245.68    3    4
(advertise)    12    4267.9    2    4
(relay)    19    26    4273.31    4    4167.86    126    3
(advertise)    12    4289.51    22    3
(relay)    5    7    4292.92    4    4153.63    121    3
(relay)    19    48    4296.32    3    3955.48    122    4
(advertise)    12    4313.32    41    4
(advertise)    12    4334.54    26    4
(advertise)    12    4356.15    7    4
(relay)    19    16    4364.16    4    4177.66    124    2
(advertise)    12    4377.56    48    3
(relay)    5    28    4381.78    4    4062.59    118    2
(advertise)    12    4400.78    16    4
(advertise)    12    4421.99    28    4
(relay)    5    17    4424.6    4    4292.72    123    1
(relay)    19    47    4432.0    4    4244.68    123    2
(advertise)    12    4443.4    17    4
(relay)    5    9    4449.01    4    4337.75    123    2
(advertise)    12    4466.41    47    4
(relay)    19    35    4475.63    4    4161.63    117    2
(advertise)    12    4488.43    9    4
(relay)    19    45    4497.04    4    4256.11    121    2
(advertise)    12    4510.64    35    4
(relay)    5    23    4514.45    4    4297.54    121    2
(advertise)    12    4533.65    45    4
(advertise)    12    4555.27    23    4
(relay)    5    31    4561.28    4    4315.95    121    1
(relay)    11    11    4569.68    4    4568.69    127    2
(advertise)    12    4577.08    31    4
(relay)    13    34    4584.49    4    4483.64    124    2
(relay)    13    13    4595.69    4    4594.69    127    3
(advertise)    12    4599.09    11    4
(relay)    5    30    4605.11    4    4394.2    120    3
(relay)    19    39    4606.51    4    4373.79    123    4
(advertise)    12    4621.31    34    4
(advertise)    12    4643.92    13    4
(relay)    5    5    4646.13    4    4645.52    127    3
(advertise)    12    4666.93    30    4
(relay)    5    25    4672.34    4    4533.68    123    3
(advertise)    12    4688.34    39    4
(relay)    5    6    4694.16    4    4665.71    126    3
(advertise)    12    4709.76    5    4
(advertise)    12    4731.57    25    4
(relay)    11    32    4732.98    4    4496.65    124    2
(relay)    5    8    4740.98    4    4614.69    122    3
(advertise)    12    4753.18    6    4
(relay)    19    36    4764.0    4    4295.12    116    3
(advertise)    12    4775.0    32    4
(relay)    11    21    4776.21    4    4535.67    121    3
(relay)    19    38    4784.41    4    4440.61    118    4
(relay)    5    1    4785.61    4    4680.74    123    5
(advertise)    12    4796.01    8    4
(generate)    12    4809.62    [24]    4
(advertise)    12    4817.24    36    4
(relay)    13    20    4831.05    4    4769.41    126    4
(advertise)    12    4840.25    21    4
(advertise)    12    4861.66    38    4
(advertise)    12    4883.07    1    4
(relay)    13    44    4894.69    4    4425.41    118    2
(relay)    5    10    4896.29    4    4750.61    124    3
(advertise)    12    4904.49    20    4
(advertise)    12    4925.5    44    4
(relay)    11    43    4929.11    4    4378.76    119    2
(advertise)    12    4946.71    10    4
(heartbeat)    24    1    4677.2    12    4958.53    127    0
(advertise)    12    4969.13    43    4
(relay)    13    27    4982.94    4    4808.45    3    2
(advertise)    12    4990.34    24    1
(advertise)    12    5013.15    27    4
(relay)    11    29    5016.37    4    4653.56    121    1
(relay)    5    0    5027.77    4    4829.57    122    2
(advertise)    12    5034.77    29    4
(relay)    19    46    5046.18    4    4738.6    122    2
(advertise)    12    5057.18    0    4
(relay)    19    42    5066.39    4    4489.61    118    2
(advertise)    12    5079.39    46    4
(advertise)    12    5102.0    42    4
(relay)    11    14    5125.62    4    4725.18    122    1
(advertise)    12    5126.02    14    4
(relay)    11    18    5147.23    5    5069.8    3    1
(advertise)    12    5148.63    18    5
(relay)    19    19    5150.04    5    5149.84    7    1
(advertise)    12    5169.64    19    5
(relay)    19    40    5177.26    4    4870.87    3    1
(advertise)    12    5191.46    40    4
(relay)    11    4    5193.87    5    5113.02    5    1
(relay)    19    41    5198.47    5    5025.77    3    2
(advertise)    12    5212.67    4    5
(relay)    11    3    5215.48    5    5089.99    5    2
(relay)    5    2    5217.48    5    5164.82    5    3
(relay)    19    26    5220.68    5    5168.06    3    4
(advertise)    12    5234.88    41    5
(advertise)    12    5257.5    3    5
(relay)    19    33    5264.51    5    5072.18    1    3
(advertise)    12    5280.31    2    5
(relay)    5    7    5285.72    5    5153.83    1    3
(relay)    19    48    5286.52    4    4955.67    3    4
(advertise)    12    5303.32    26    5
(advertise)    12    5325.53    48    4
(relay)    19    16    5354.95    5    5177.86    1    1
(relay)    5    17    5357.55    5    5292.91    1    1
(relay)    19    47    5377.35    5    5244.88    5    1
(advertise)    12    5377.55    47    5
(relay)    5    9    5379.76    5    5337.95    3    1
(advertise)    12    5399.36    9    5
(relay)    13    34    5486.97    5    5483.75    3    1
(advertise)    12    5487.17    34    5
(relay)    19    32    5512.79    5    5496.85    1    1
(relay)    19    25    5535.99    5    5533.88    1    1
(relay)    11    11    5569.79    5    5568.88    5    1
(advertise)    12    5569.99    11    5
(relay)    13    13    5595.0    5    5594.83    7    1
(advertise)    12    5595.4    13    5
(relay)    11    8    5623.41    5    5614.77    3    1
(advertise)    12    5624.01    8    5
(relay)    5    5    5646.23    5    5645.63    7    1
(advertise)    12    5646.83    5    5
(relay)    5    6    5668.04    5    5665.75    7    1
(advertise)    12    5668.84    6    5
(relay)    5    1    5697.65    5    5680.84    5    1
(advertise)    12    5697.85    1    5
(relay)    11    14    5742.06    5    5725.25    1    1
(relay)    5    10    5764.26    5    5750.65    3    1
(advertise)    12    5764.46    10    5
(relay)    13    20    5787.28    5    5769.48    5    1
(advertise)    12    5788.48    20    5
(generate)    12    5809.69    [24]    5
(relay)    5    0    5842.3    5    5829.75    1    1
(relay)    19    27    5856.9    5    5808.53    1    1
(relay)    13    40    5876.3    5    5870.9    1    1
(relay)    11    15    5897.7    5    5895.85    1    1
(relay)    13    48    5961.9    5    5955.81    3    1
(advertise)    12    5962.1    48    5
(relay)    13    41    6030.52    6    6025.96    3    1
(advertise)    12    6030.72    41    6
(relay)    13    18    6070.73    6    6069.82    1    1
(relay)    5    3    6094.13    6    6090.12    5    1
(advertise)    12    6094.33    3    6
(relay)    5    4    6116.94    6    6113.09    5    1
(advertise)    12    6117.94    4    6
(relay)    19    19    6149.96    6    6149.89    7    1
(advertise)    12    6150.16    19    6
(relay)    19    26    6168.97    6    6168.25    3    1
(advertise)    12    6173.97    26    6
(relay)    11    2    6196.58    6    6164.89    5    1
(advertise)    12    6196.78    2    6
(relay)    11    7    6218.39    6    6154.01    1    1
(relay)    11    16    6240.19    6    6177.9    1    1
(relay)    13    47    6248.79    6    6245.03    3    1
(advertise)    12    6248.99    47    6
(relay)    11    17    6296.01    6    6293.09    3    1
(advertise)    12    6296.21    17    6
(relay)    11    9    6339.42    6    6338.03    5    1
(advertise)    12    6339.62    9    6
(relay)    13    34    6487.63    6    6483.76    3    1
(advertise)    12    6487.83    34    6
(relay)    19    32    6519.25    6    6496.88    1    1
(relay)    11    25    6535.25    6    6534.04    1    1
(relay)    11    11    6570.05    6    6569.07    5    1
(advertise)    12    6570.25    11    6
(relay)    13    13    6595.06    6    6594.94    7    1
(advertise)    12    6595.46    13    6
(relay)    11    8    6623.47    6    6614.85    3    1
(advertise)    12    6623.87    8    6
(relay)    5    5    6646.69    6    6645.7    7    1
(advertise)    12    6647.49    5    6
(relay)    5    6    6667.9    6    6665.76    7    1
(advertise)    12    6669.5    6    6
(relay)    5    1    6696.51    6    6680.95    5    1
(advertise)    12    6696.71    1    6
(relay)    11    14    6744.72    6    6725.31    1    1
(relay)    19    46    6755.52    6    6738.65    1    1
(relay)    5    10    6768.52    6    6750.71    3    1
(advertise)    12    6768.72    10    6
(relay)    11    20    6789.14    6    6769.56    1    1
(generate)    12    6809.74    [24]    6
(relay)    19    27    6820.55    6    6808.62    3    1
(advertise)    12    6820.75    27    6
(relay)    5    0    6855.76    6    6829.76    3    1
(advertise)    12    6855.96    0    6
(relay)    13    40    6874.38    6    6871.0    1    1
(relay)    11    15    6897.98    6    6896.04    1    1
(relay)    19    48    6960.38    6    6955.83    3    1
(advertise)    12    6960.58    48    6
(relay)    11    41    7032.99    7    7026.07    1    1
(relay)    13    18    7071.59    7    7069.95    1    1
(relay)    19    33    7092.79    7    7072.42    3    1
(advertise)    12    7092.99    33    7
(relay)    5    3    7094.2    7    7090.16    5    1
(advertise)    12    7115.0    3    7
(relay)    19    19    7150.02    7    7149.89    7    1
(advertise)    12    7150.22    19    7
(relay)    19    26    7169.23    7    7168.35    3    1
(advertise)    12    7172.43    26    7
(relay)    11    2    7196.04    7    7164.92    5    1
(advertise)    12    7196.44    2    7
(relay)    11    7    7217.45    7    7154.11    1    1
(relay)    11    16    7237.65    7    7178.05    1    1
(relay)    13    47    7246.85    7    7245.15    3    1
(advertise)    12    7247.05    47    7
(relay)    19    17    7295.47    7    7293.19    3    1
(advertise)    12    7295.67    17    7
(relay)    11    9    7339.28    7    7338.19    5    1
(advertise)    12    7339.48    9    7
(relay)    19    39    7378.89    7    7374.23    1    1
(relay)    19    32    7513.29    7    7497.04    1    1
(relay)    11    11    7570.29    7    7569.22    5    1
(advertise)    12    7570.49    11    7
(relay)    13    13    7595.11    7    7595.02    7    1
(advertise)    12    7595.31    13    7
(relay)    11    8    7620.92    7    7614.93    3    1
(advertise)    12    7621.92    8    7
(relay)    5    5    7646.73    7    7645.77    7    1
(advertise)    12    7647.13    5    7
(relay)    5    6    7668.15    7    7665.94    7    1
(advertise)    12    7669.15    6    7
(relay)    11    1    7697.56    7    7681.06    5    1
(advertise)    12    7697.76    1    7
(relay)    11    14    7743.17    7    7725.36    1    1
(relay)    19    46    7743.77    7    7738.68    1    1
(relay)    11    10    7764.37    7    7750.77    5    1
(advertise)    12    7764.57    10    7
(relay)    19    20    7787.18    7    7769.62    5    1
(advertise)    12    7788.58    20    7
(generate)    12    7809.8    [24]    7
(relay)    11    27    7834.01    7    7808.73    1    1
(relay)    5    0    7842.01    7    7829.76    3    1
(advertise)    12    7842.21    0    7
(relay)    19    40    7879.82    7    7871.08    1    1
(relay)    11    15    7898.62    7    7896.2    1    1
(relay)    19    48    7958.42    7    7956.02    3    1
(advertise)    12    7958.62    48    7
(relay)    11    41    8033.24    8    8026.13    1    1
(relay)    13    18    8071.64    8    8070.1    1    1
(relay)    19    33    8094.64    8    8072.86    1    1
(relay)    11    3    8095.04    8    8090.24    5    1
(advertise)    12    8095.24    3    8
(relay)    11    4    8117.45    8    8113.13    5    1
(advertise)    12    8117.65    4    8
(relay)    19    19    8150.06    8    8149.89    7    1
(advertise)    12    8150.26    19    8
(relay)    19    26    8169.28    8    8168.5    3    1
(advertise)    12    8172.08    26    8
(relay)    19    47    8247.09    8    8245.24    5    1
(advertise)    12    8247.29    47    8
(relay)    19    17    8296.1    8    8293.26    3    1
(advertise)    12    8296.3    17    8
(relay)    11    9    8339.71    8    8338.37    5    1
(advertise)    12    8339.91    9    8
(relay)    13    34    8487.53    8    8483.8    3    1
(advertise)    12    8487.73    34    8
(relay)    19    32    8525.94    8    8497.2    1    1
(relay)    11    25    8548.34    8    8534.29    1    1
(relay)    11    11    8570.34    8    8569.4    5    1
(advertise)    12    8570.54    11    8
(relay)    13    13    8595.15    8    8595.14    7    1
(advertise)    12    8595.75    13    8
(relay)    11    8    8621.97    8    8615.01    3    1
(advertise)    12    8622.17    8    8
(relay)    5    5    8646.78    8    8645.84    7    1
(advertise)    12    8647.18    5    8
(relay)    5    6    8667.39    8    8665.96    7    1
(advertise)    12    8668.39    6    8
(heartbeat)    24    2    8677.21    12    8697.41    6    6
(advertise)    12    8697.61    24    2
(relay)    19    1    8724.02    8    8681.14    3    1
(advertise)    12    8724.42    1    8
(relay)    19    46    8749.83    8    8738.73    1    1
(relay)    5    10    8764.43    8    8750.86    3    1
(advertise)    12    8764.63    10    8
(relay)    13    20    8788.84    8    8769.71    5    1
(advertise)    12    8789.04    20    8
(generate)    12    8809.86    [24]    8
(relay)    19    27    8815.07    8    8808.87    3    1
(advertise)    12    8815.27    27    8
(relay)    5    0    8856.88    8    8829.78    3    1
(advertise)    12    8857.08    0    8
(relay)    13    40    8880.3    8    8871.16    1    1
(relay)    11    15    8907.1    8    8896.22    1    1
(relay)    19    48    8957.5    8    8956.02    3    1
(advertise)    12    8957.7    48    8
(relay)    13    41    9030.91    9    9026.2    3    1
(advertise)    12    9031.11    41    9
(relay)    5    18    9072.52    9    9070.26    1    1
(relay)    11    3    9094.92    9    9090.32    5    1
(advertise)    12    9095.12    3    9
(relay)    19    33    9096.34    9    9072.93    3    1
(relay)    11    4    9116.14    9    9113.17    5    2
(advertise)    12    9117.14    33    9
(advertise)    12    9140.15    4    9
(relay)    19    19    9150.56    9    9150.08    5    1
(relay)    5    7    9157.96    9    9154.34    1    2
(advertise)    12    9161.36    19    9
(relay)    19    26    9169.97    9    9168.62    3    1
(advertise)    12    9183.17    26    9
(relay)    19    2    9205.39    9    9164.98    3    1
(advertise)    12    9206.59    2    9
(relay)    11    16    9227.0    9    9178.6    1    1
(relay)    13    47    9248.0    9    9245.36    1    1
(relay)    19    17    9296.0    9    9293.36    3    1
(advertise)    12    9296.2    17    9
(relay)    11    9    9339.41    9    9338.37    5    1
(advertise)    12    9339.61    9    9
(relay)    11    39    9380.23    9    9374.28    1    1
(relay)    13    34    9487.63    9    9483.82    3    1
(advertise)    12    9487.83    34    9
(relay)    11    32    9516.44    9    9497.24    1    1
(relay)    11    25    9539.44    9    9534.4    1    1
(relay)    11    11    9569.64    9    9569.57    5    1
(advertise)    12    9569.84    11    9
(relay)    13    13    9595.85    9    9595.27    7    1
(advertise)    12    9596.05    13    9
(relay)    11    8    9621.67    9    9615.11    3    1
(advertise)    12    9621.87    8    9
(relay)    5    5    9646.88    9    9645.96    7    1
(advertise)    12    9647.28    5    9
(relay)    5    6    9666.49    9    9666.15    7    1
(advertise)    12    9670.29    6    9
(relay)    5    1    9699.31    9    9681.24    5    1
(advertise)    12    9699.51    1    9
(relay)    11    46    9744.92    9    9738.91    1    1
(relay)    11    10    9765.92    9    9750.89    5    1
(advertise)    12    9766.12    10    9
(relay)    19    20    9788.53    9    9769.8    5    1
(advertise)    12    9788.73    20    9
(generate)    12    9809.94    [24]    9
(relay)    13    27    9813.56    9    9808.99    3    1
(advertise)    12    9813.76    27    9
(relay)    5    0    9853.97    9    9829.79    3    1
(advertise)    12    9854.17    0    9
(relay)    13    40    9876.38    9    9871.25    1    1
(relay)    11    15    9906.78    9    9896.23    1    1
(relay)    11    48    9958.78    9    9956.19    1    1
(relay)    19    41    10029.18    10    10026.29    3    1
(advertise)    12    10029.38    41    10
(relay)    5    18    10072.6    10    10070.44    1    1
(relay)    11    3    10095.2    10    10090.36    5    1
(advertise)    12    10095.4    3    10
(relay)    5    4    10115.41    10    10113.2    5    1
(advertise)    12    10117.21    4    10
(relay)    19    19    10150.82    10    10150.26    5    1
(advertise)    12    10151.02    19    10
(relay)    19    26    10170.44    10    10168.73    3    1
(advertise)    12    10173.44    26    10
(relay)    11    2    10196.45    10    10165.18    5    1
(advertise)    12    10196.65    2    10
(relay)    19    47    10248.86    10    10245.43    3    1
(advertise)    12    10249.06    47    10
(relay)    11    17    10296.27    10    10293.43    3    1
(advertise)    12    10296.47    17    10
(relay)    11    9    10340.29    10    10338.54    5    1
(advertise)    12    10340.49    9    10
(relay)    11    39    10378.1    10    10374.33    1    1
(relay)    19    34    10485.9    10    10484.01    3    1
(advertise)    12    10486.1    34    10
(relay)    11    32    10509.31    10    10497.43    1    1
(relay)    11    25    10536.91    10    10534.47    1    1
(relay)    11    11    10569.91    10    10569.74    5    1
(advertise)    12    10570.11    11    10
(relay)    13    13    10595.93    10    10595.39    7    1
(advertise)    12    10596.13    13    10
(relay)    11    8    10622.34    10    10615.19    3    1
(advertise)    12    10622.54    8    10
(relay)    5    5    10646.15    10    10646.06    7    1
(advertise)    12    10646.35    5    10
(relay)    5    6    10666.77    10    10666.35    7    1
(advertise)    12    10667.97    6    10
(relay)    5    1    10696.78    10    10681.33    5    1
(advertise)    12    10696.98    1    10
(relay)    11    46    10744.19    10    10739.11    1    1
(relay)    5    10    10765.19    10    10750.93    3    1
(advertise)    12    10765.39    10    10
(relay)    13    20    10787.2    10    10769.83    5    1
(advertise)    12    10787.4    20    10
(generate)    12    10810.02    [24]    10
(relay)    19    27    10813.83    10    10809.09    1    1
(relay)    5    0    10841.63    10    10829.81    3    1
(advertise)    12    10841.83    0    10
(relay)    13    40    10875.04    10    10871.32    1    1
(relay)    11    15    10900.64    10    10896.41    1    1
(relay)    11    48    10959.64    10    10956.39    1    1
(relay)    19    41    11028.44    11    11026.37    1    1
(relay)    11    18    11072.24    11    11070.55    3    1
(advertise)    12    11072.44    18    11
(relay)    11    3    11094.66    11    11090.38    5    1
(advertise)    12    11094.86    3    11
(relay)    5    4    11117.47    11    11113.21    5    1
(advertise)    12    11118.07    4    11
(relay)    19    19    11150.88    11    11150.41    5    1
(advertise)    12    11151.08    19    11
(relay)    19    26    11170.7    11    11168.87    3    1
(advertise)    12    11173.7    26    11
(relay)    11    7    11184.71    11    11154.54    3    1
(advertise)    12    11195.51    7    11
(relay)    5    2    11219.52    11    11165.2    5    1
(advertise)    12    11220.52    2    11
(relay)    19    47    11258.13    11    11245.53    3    1
(advertise)    12    11258.33    47    11
(relay)    19    17    11294.95    11    11293.55    3    1
(advertise)    12    11295.15    17    11
(relay)    11    9    11341.36    11    11338.71    5    1
(advertise)    12    11341.56    9    11
(relay)    19    39    11378.17    11    11374.35    1    1
(relay)    13    34    11485.57    11    11484.21    3    1
(advertise)    12    11485.77    34    11
(relay)    19    32    11515.79    11    11497.62    1    1
(relay)    11    25    11537.59    11    11534.55    1    1
(relay)    11    11    11569.99    11    11569.9    5    1
(advertise)    12    11570.19    11    11
(relay)    13    13    11596.0    11    11595.47    7    1
(advertise)    12    11596.2    13    11
(relay)    11    8    11623.81    11    11615.3    3    1
(advertise)    12    11624.01    8    11
(relay)    5    5    11646.23    11    11646.14    7    1
(advertise)    12    11647.83    5    11
(relay)    5    6    11667.24    11    11666.53    7    1
(advertise)    12    11669.24    6    11
(relay)    5    1    11695.85    11    11681.45    5    1
(advertise)    12    11696.25    1    11
(relay)    19    46    11742.26    11    11739.11    1    1
(relay)    5    10    11752.86    11    11750.95    3    1
(advertise)    12    11753.06    10    11
(relay)    13    20    11775.08    11    11769.88    5    1
(advertise)    12    11776.48    20    11
(generate)    12    11810.09    [24]    11
(relay)    19    27    11813.3    11    11809.42    3    1
(advertise)    12    11813.5    27    11
(relay)    5    0    11854.72    11    11829.84    3    1
(advertise)    12    11854.92    0    11
(relay)    13    40    11885.53    11    11871.36    1    1
(relay)    19    15    11906.13    11    11896.59    1    1
(relay)    13    48    11959.93    11    11956.57    3    1
(advertise)    12    11960.13    48    11
(relay)    13    41    12028.14    12    12026.41    3    1
(advertise)    12    12028.34    41    12
(relay)    19    18    12072.36    12    12070.68    3    1
(advertise)    12    12072.56    18    12
(relay)    11    3    12094.77    12    12090.4    5    1
(advertise)    12    12095.57    3    12
(relay)    11    4    12117.18    12    12113.23    5    1
(advertise)    12    12118.58    4    12
(relay)    19    19    12151.39    12    12150.41    5    1
(advertise)    12    12151.59    19    12
(relay)    19    26    12171.21    12    12169.0    3    1
(advertise)    12    12173.81    26    12
(relay)    5    2    12198.42    12    12165.39    5    1
(advertise)    12    12198.62    2    12
(relay)    11    7    12221.63    12    12154.68    1    1
(relay)    11    16    12244.23    12    12179.07    1    1
(relay)    13    47    12251.43    12    12245.62    1    1
(relay)    11    17    12294.23    12    12293.61    3    1
(advertise)    12    12294.43    17    12
(relay)    11    9    12341.45    12    12338.85    5    1
(advertise)    12    12341.65    9    12
(relay)    11    39    12378.86    12    12374.54    1    1
(relay)    13    34    12485.66    12    12484.23    3    1
(advertise)    12    12485.86    34    12
(relay)    19    32    12514.27    12    12497.8    1    1
(relay)    11    25    12537.47    12    12534.63    1    1
(relay)    11    11    12570.67    12    12570.07    5    1
(advertise)    12    12570.87    11    12
(relay)    13    13    12596.49    12    12595.57    7    1
(advertise)    12    12597.09    13    12
(relay)    11    8    12624.7    12    12615.36    3    1
(advertise)    12    12624.9    8    12
(relay)    5    5    12646.31    12    12646.22    7    1
(advertise)    12    12646.91    5    12
(relay)    5    6    12667.72    12    12666.54    7    1
(advertise)    12    12668.32    6    12
(heartbeat)    24    3    12677.23    12    12696.34    6    6
(advertise)    12    12696.54    24    3
(relay)    11    1    12718.35    12    12681.53    5    1
(advertise)    12    12719.55    1    12
(relay)    19    46    12745.96    12    12739.15    1    1
(relay)    11    10    12751.96    12    12750.99    5    1
(advertise)    12    12752.16    10    12
(relay)    13    20    12775.38    12    12769.99    5    1
(advertise)    12    12775.78    20    12
(generate)    12    12810.19    [24]    12
(relay)    19    27    12834.2    12    12809.54    3    1
(advertise)    12    12834.4    27    12
(relay)    11    0    12857.02    12    12829.84    3    1
(advertise)    12    12857.82    0    12
(relay)    13    40    12881.83    12    12871.38    1    1
(relay)    11    15    12901.83    12    12896.75    1    1
(relay)    19    48    12961.23    12    12956.77    3    1
(advertise)    12    12961.43    48    12
(relay)    13    41    13028.44    13    13026.48    3    1
(advertise)    12    13028.64    41    13
(relay)    19    18    13072.85    13    13070.8    3    1
(advertise)    12    13073.05    18    13
(relay)    5    3    13095.67    13    13090.47    5    1
(advertise)    12    13096.07    3    13
(relay)    5    4    13118.28    13    13113.25    5    1
(advertise)    12    13119.28    4    13
(relay)    11    33    13140.29    13    13073.9    1    1
(relay)    19    19    13151.49    13    13150.58    5    1
(advertise)    12    13151.69    19    13
(relay)    19    26    13170.71    13    13169.12    3    1
(advertise)    12    13173.71    26    13
(relay)    11    7    13183.92    13    13154.77    3    1
(advertise)    12    13195.72    7    13
(relay)    5    2    13218.93    13    13165.43    3    1
(advertise)    12    13219.93    2    13
(relay)    19    16    13243.75    13    13179.22    1    1
(relay)    13    47    13253.35    13    13245.73    1    1
(relay)    11    17    13294.75    13    13293.71    1    1
(relay)    11    9    13341.75    13    13338.86    3    1
(advertise)    12    13341.95    9    13
(relay)    19    39    13376.16    13    13374.57    1    1
(relay)    13    34    13485.96    13    13484.25    3    1
(advertise)    12    13486.16    34    13
(relay)    19    32    13511.97    13    13497.99    1    1
(relay)    11    25    13537.77    13    13535.13    1    1
(relay)    11    11    13570.77    13    13570.23    5    1
(advertise)    12    13570.97    11    13
(relay)    13    13    13596.78    13    13595.7    7    1
(advertise)    12    13597.18    13    13
(relay)    11    8    13625.8    13    13615.44    3    1
(advertise)    12    13626.2    8    13
(relay)    5    5    13646.41    13    13646.3    7    1
(advertise)    12    13649.81    5    13
(relay)    5    6    13668.02    13    13666.73    7    1
(advertise)    12    13672.82    6    13
(relay)    5    1    13698.84    13    13681.62    3    1
(advertise)    12    13699.04    1    13
(relay)    19    46    13741.25    13    13739.16    1    1
(relay)    11    14    13743.45    13    13725.64    1    1
(relay)    11    10    13764.45    13    13751.05    5    1
(advertise)    12    13764.65    10    13
(relay)    13    20    13788.66    13    13770.02    5    1
(advertise)    12    13789.26    20    13
(generate)    12    13810.28    [24]    13
(relay)    19    27    13835.29    13    13809.63    3    1
(advertise)    12    13835.49    27    13
(relay)    5    0    13858.7    13    13829.86    3    1
(advertise)    12    13859.7    0    13
(relay)    19    40    13887.31    13    13871.45    3    1
(advertise)    12    13887.71    40    13
(relay)    19    15    13915.13    13    13896.92    1    1
(relay)    11    48    13963.53    13    13956.95    1    1
(relay)    13    41    14029.13    14    14026.55    3    1
(advertise)    12    14029.33    41    14
(relay)    19    18    14072.14    14    14070.96    3    1
(advertise)    12    14072.34    18    14
(relay)    19    33    14096.35    14    14074.09    3    1
(relay)    5    3    14096.55    14    14090.52    5    2
(advertise)    12    14097.35    33    14
(advertise)    12    14119.57    3    14
(relay)    11    4    14140.58    14    14113.26    5    1
(advertise)    12    14140.98    4    14
(relay)    19    19    14151.79    14    14150.77    5    1
(relay)    5    7    14161.99    14    14154.87    1    2
(advertise)    12    14164.39    19    14
(relay)    19    26    14170.61    14    14169.21    3    1
(advertise)    12    14187.21    26    14
(relay)    11    2    14207.62    14    14165.45    3    1
(advertise)    12    14209.62    2    14
(relay)    11    16    14250.03    14    14179.35    1    1
(relay)    19    47    14250.83    14    14245.8    3    1
(advertise)    12    14251.03    47    14
(relay)    19    17    14295.04    14    14293.78    1    1
(relay)    11    9    14341.44    14    14339.01    3    1
(advertise)    12    14341.64    9    14
(relay)    19    39    14376.46    14    14374.57    1    1
(relay)    13    34    14487.06    14    14484.27    3    1
(advertise)    12    14487.26    34    14
(relay)    11    25    14537.87    14    14535.23    1    1
(relay)    11    11    14571.07    14    14570.42    5    1
(advertise)    12    14571.27    11    14
(relay)    13    13    14596.88    14    14595.81    7    1
(advertise)    12    14597.28    13    14
(relay)    11    8    14624.7    14    14615.51    3    1
(advertise)    12    14624.9    8    14
(relay)    5    5    14646.91    14    14646.4    7    1
(advertise)    12    14647.31    5    14
(relay)    5    6    14668.12    14    14666.93    7    1
(advertise)    12    14668.72    6    14
(relay)    5    1    14698.74    14    14681.68    3    1
(advertise)    12    14698.94    1    14
(relay)    11    14    14740.35    14    14725.69    1    1
(relay)    19    46    14741.55    14    14739.18    1    1
(relay)    5    10    14765.75    14    14751.11    3    1
(advertise)    12    14765.95    10    14
(relay)    13    20    14771.96    14    14770.06    5    1
(advertise)    12    14787.16    20    14
(generate)    12    14810.37    [24]    14
(relay)    5    0    14841.99    14    14830.03    1    1
(relay)    11    27    14847.99    14    14809.69    1    1
(relay)    13    40    14878.39    14    14871.5    1    1
(relay)    19    15    14921.79    14    14897.07    1    1
(relay)    11    48    14965.19    14    14957.13    1    1
(relay)    13    41    15030.79    15    15026.64    3    1
(advertise)    12    15030.99    41    15
(relay)    19    18    15072.6    15    15071.1    3    1
(advertise)    12    15072.8    18    15
(relay)    11    33    15097.21    15    15074.28    1    1
(relay)    5    3    15098.21    15    15090.58    5    1
(advertise)    12    15098.41    3    15
(relay)    5    4    15119.43    15    15113.27    5    1
(advertise)    12    15120.23    4    15
(relay)    5    7    15159.44    15    15154.98    1    1
(relay)    13    19    15168.24    15    15150.77    3    1
(advertise)    12    15168.44    19    15
(relay)    19    26    15170.05    15    15169.69    3    1
(relay)    5    2    15182.45    15    15165.47    3    2
(advertise)    12    15191.05    26    15
(advertise)    12    15212.87    2    15
(relay)    19    16    15236.28    15    15179.52    1    1
(relay)    13    47    15251.28    15    15245.87    1    1
(relay)    19    17    15295.68    15    15293.91    1    1
(relay)    5    9    15341.48    15    15339.2    1    1
(relay)    19    39    15376.88    15    15374.57    1    1
(relay)    13    34    15487.68    15    15484.28    3    1
(advertise)    12    15487.88    34    15
(relay)    19    32    15517.29    15    15498.3    1    1
(relay)    11    25    15536.29    15    15535.31    1    1
(relay)    11    11    15571.09    15    15570.6    5    1
(advertise)    12    15571.29    11    15
(relay)    13    13    15596.9    15    15595.87    7    1
(advertise)    12    15597.1    13    15
(relay)    11    8    15623.52    15    15615.74    3    1
(advertise)    12    15623.72    8    15
(relay)    5    5    15646.93    15    15646.45    7    1
(advertise)    12    15647.73    5    15
(relay)    5    6    15669.34    15    15667.12    7    1
(advertise)    12    15670.14    6    15
(relay)    13    1    15699.56    15    15681.74    1    1
(relay)    19    14    15739.96    15    15725.71    1    1
(relay)    11    10    15752.36    15    15751.16    5    1
(advertise)    12    15752.56    10    15
(relay)    19    46    15762.97    15    15739.2    1    1
(relay)    13    20    15775.37    15    15770.09    5    1
(advertise)    12    15776.57    20    15
(generate)    12    15810.38    [24]    15
(relay)    19    27    15826.0    15    15809.79    3    1
(advertise)    12    15826.2    27    15
(relay)    11    0    15855.81    15    15830.22    3    1
(advertise)    12    15856.01    0    15
(relay)    13    40    15883.82    15    15871.53    1    1
(relay)    19    15    15922.22    15    15897.07    1    1
(relay)    19    41    16031.02    16    16026.71    3    1
(advertise)    12    16031.22    41    16
(relay)    13    18    16073.03    16    16071.24    1    1
(relay)    19    33    16094.03    16    16074.28    3    1
(advertise)    12    16094.23    33    16
(relay)    5    4    16115.05    16    16113.28    5    1
(advertise)    12    16116.25    4    16
(relay)    19    19    16150.86    16    16150.77    5    1
(advertise)    12    16151.06    19    16
(relay)    19    26    16170.07    16    16169.75    3    1
(advertise)    12    16172.67    26    16
(relay)    5    2    16196.89    16    16165.65    3    1
(advertise)    12    16197.09    2    16
(relay)    11    7    16219.9    16    16155.08    3    1
(advertise)    12    16221.9    7    16
(relay)    11    16    16241.11    16    16180.29    1    1
(relay)    19    47    16249.51    16    16245.96    1    1
(relay)    19    17    16296.51    16    16294.0    1    1
(relay)    11    9    16340.91    16    16339.35    3    1
(advertise)    12    16341.11    9    16
(relay)    19    39    16377.93    16    16374.58    1    1
(relay)    13    34    16487.53    16    16484.48    3    1
(advertise)    12    16487.73    34    16
(relay)    19    32    16516.54    16    16498.48    1    1
(relay)    11    25    16536.54    16    16535.36    1    1
(relay)    11    11    16571.74    16    16570.76    5    1
(advertise)    12    16571.94    11    16
(relay)    13    13    16596.15    16    16595.97    7    1
(advertise)    12    16596.35    13    16
(relay)    11    8    16625.16    16    16615.8    3    1
(advertise)    12    16625.36    8    16
(relay)    5    5    16646.98    16    16646.49    7    1
(advertise)    12    16647.58    5    16
(relay)    5    6    16669.59    16    16667.32    7    1
(advertise)    12    16670.19    6    16
(heartbeat)    24    4    16677.24    12    16697.6    4    6
(advertise)    12    16697.8    24    4
(relay)    19    46    16743.62    16    16739.22    1    1
(relay)    11    14    16767.22    16    16725.76    1    1
(relay)    19    10    16768.22    16    16751.25    1    1
(relay)    13    20    16772.22    16    16770.11    5    1
(advertise)    12    16772.42    20    16
(generate)    12    16810.43    [24]    16
(relay)    5    27    16832.44    16    16809.86    1    1
(relay)    11    0    16857.44    16    16830.41    3    1
(advertise)    12    16857.64    0    16
(relay)    13    40    16881.46    16    16871.62    1    1
(relay)    11    15    16899.66    16    16897.23    1    1
(relay)    13    48    16962.66    16    16957.32    3    1
(advertise)    12    16962.86    48    16
(relay)    19    41    17031.07    17    17026.79    3    1
(advertise)    12    17031.27    41    17
(relay)    5    18    17072.68    17    17071.39    1    1
(relay)    11    3    17095.48    17    17090.73    5    1
(advertise)    12    17095.68    3    17
(relay)    11    4    17118.29    17    17113.3    5    1
(advertise)    12    17119.09    4    17
(relay)    11    33    17139.51    17    17074.28    1    1
(relay)    19    19    17151.11    17    17150.96    5    1
(advertise)    12    17151.31    19    17
(relay)    19    26    17170.72    17    17169.85    3    1
(advertise)    12    17172.92    26    17
(relay)    5    7    17197.93    17    17155.16    1    1
(relay)    5    2    17219.33    17    17165.68    3    1
(advertise)    12    17219.53    2    17
(relay)    11    16    17248.95    17    17180.41    1    1
(relay)    19    47    17251.75    17    17246.05    3    1
(advertise)    12    17251.95    47    17
(relay)    19    17    17296.96    17    17294.09    1    1
(relay)    11    9    17340.16    17    17339.51    3    1
(advertise)    12    17340.36    9    17
(relay)    19    39    17378.57    17    17374.58    1    1
(relay)    13    34    17489.17    17    17484.51    3    1
(advertise)    12    17489.37    34    17
(relay)    19    32    17513.59    17    17498.49    1    1
(relay)    11    25    17536.79    17    17535.47    1    1
(relay)    11    11    17571.79    17    17570.76    5    1
(advertise)    12    17571.99    11    17
(relay)    13    13    17596.2    17    17596.05    7    1
(advertise)    12    17596.6    13    17
(relay)    11    8    17623.61    17    17615.85    1    1
(relay)    5    5    17647.61    17    17646.59    7    1
(advertise)    12    17647.81    5    17
(relay)    5    6    17669.82    17    17667.51    7    1
(advertise)    12    17670.82    6    17
(relay)    5    1    17696.04    17    17681.9    3    1
(advertise)    12    17696.64    1    17
(relay)    19    46    17744.05    17    17739.24    1    1
(relay)    5    10    17755.45    17    17751.29    1    1
(relay)    13    20    17771.45    17    17770.12    5    1
(advertise)    12    17771.65    20    17
(generate)    12    17810.46    [24]    17
(relay)    5    27    17833.88    17    17809.92    1    1
(relay)    5    0    17855.08    17    17830.59    3    1
(advertise)    12    17855.28    0    17
(relay)    19    40    17878.49    17    17871.68    3    1
(advertise)    12    17878.69    40    17
(relay)    11    15    17899.5    17    17897.42    1    1
(relay)    19    48    17960.1    17    17957.33    3    1
(advertise)    12    17960.3    48    17
(relay)    13    41    18032.72    18    18026.87    3    1
(advertise)    12    18032.92    41    18
(relay)    11    18    18072.33    18    18071.56    3    1
(advertise)    12    18072.53    18    18
(relay)    19    33    18095.74    18    18074.67    3    1
(advertise)    12    18095.94    33    18
(relay)    11    4    18137.75    18    18113.3    5    1
(advertise)    12    18137.95    4    18
(relay)    19    19    18151.17    18    18151.15    5    1
(advertise)    12    18160.37    19    18
(relay)    5    7    18164.18    18    18155.27    1    1
(relay)    19    26    18170.78    18    18169.91    3    1
(advertise)    12    18182.38    26    18
(relay)    11    2    18203.99    18    18165.88    3    1
(advertise)    12    18205.19    2    18
(relay)    19    47    18247.81    18    18246.12    3    1
(advertise)    12    18248.01    47    18
(relay)    19    16    18268.82    18    18181.74    1    1
(relay)    11    9    18340.82    18    18339.68    3    1
(advertise)    12    18341.02    9    18
(relay)    5    34    18489.03    18    18484.7    1    1
(relay)    19    32    18512.43    18    18498.66    1    1
(relay)    11    11    18571.83    18    18570.77    5    1
(advertise)    12    18572.03    11    18
(relay)    13    13    18596.25    18    18596.13    7    1
(advertise)    12    18596.45    13    18
(relay)    11    8    18621.86    18    18615.92    3    1
(advertise)    12    18622.26    8    18
(relay)    5    5    18647.67    18    18646.72    7    1
(advertise)    12    18648.07    5    18
(relay)    13    6    18671.68    18    18667.67    7    1
(advertise)    12    18672.08    6    18
(relay)    11    1    18700.1    18    18681.96    3    1
(advertise)    12    18700.3    1    18
(relay)    11    46    18745.31    18    18739.43    1    1
(relay)    11    14    18766.51    18    18725.97    1    1
(relay)    5    10    18769.11    18    18751.35    1    1
(relay)    13    20    18770.51    18    18770.13    5    1
(advertise)    12    18770.71    20    18
(generate)    12    18810.52    [24]    18
(relay)    5    0    18838.74    18    18830.77    3    1
(advertise)    12    18838.94    0    18
(relay)    19    27    18844.15    18    18809.98    3    1
(advertise)    12    18861.55    27    18
(relay)    19    40    18890.56    18    18871.74    1    1
(relay)    11    15    18900.76    18    18897.61    1    1
(relay)    19    48    18959.36    18    18957.5    3    1
(advertise)    12    18959.56    48    18
(relay)    19    41    19031.18    19    19026.96    3    1
(advertise)    12    19031.38    41    19
(relay)    19    18    19072.79    19    19071.72    3    1
(advertise)    12    19072.99    18    19
(relay)    5    3    19095.6    19    19090.83    5    1
(advertise)    12    19095.8    3    19
(relay)    13    33    19098.41    19    19074.86    1    1
(relay)    5    4    19117.61    19    19113.31    5    1
(advertise)    12    19118.61    4    19
(relay)    19    19    19151.63    19    19151.16    5    1
(advertise)    12    19151.83    19    19
(relay)    19    26    19171.24    19    19169.97    3    1
(advertise)    12    19172.84    26    19
(relay)    5    2    19197.45    19    19165.89    3    1
(advertise)    12    19198.25    2    19
(relay)    5    7    19219.07    19    19155.35    1    1
(relay)    11    16    19243.47    19    19182.26    1    1
(relay)    19    47    19248.67    19    19246.17    3    1
(advertise)    12    19248.87    47    19
(relay)    19    17    19296.68    19    19294.32    1    1
(relay)    11    9    19341.08    19    19339.83    3    1
(advertise)    12    19341.28    9    19
(relay)    19    39    19406.89    19    19374.76    1    1
(relay)    19    34    19488.29    19    19484.73    3    1
(advertise)    12    19488.49    34    19
(relay)    11    32    19514.11    19    19498.85    1    1
(relay)    11    25    19539.51    19    19535.85    1    1
(relay)    11    11    19570.91    19    19570.77    5    1
(advertise)    12    19571.11    11    19
(relay)    13    13    19596.72    19    19596.21    7    1
(advertise)    12    19597.32    13    19
(relay)    11    8    19623.53    19    19616.0    3    1
(advertise)    12    19623.93    8    19
(relay)    5    5    19647.74    19    19646.8    7    1
(advertise)    12    19648.14    5    19
(relay)    5    6    19668.36    19    19667.87    7    1
(advertise)    12    19669.96    6    19
(relay)    5    1    19697.77    19    19682.04    3    1
(advertise)    12    19697.97    1    19
(relay)    19    46    19745.78    19    19739.63    1    1
(relay)    11    14    19767.98    19    19725.99    1    1
(relay)    5    10    19770.38    19    19751.43    1    1
(relay)    13    20    19770.58    19    19770.15    5    1
(advertise)    12    19770.78    20    19
(generate)    12    19810.6    [24]    19
(relay)    11    27    19856.01    19    19810.03    1    1
(relay)    13    40    19874.21    19    19871.8    1    1
(relay)    11    0    19877.61    19    19830.96    3    1
(advertise)    12    19877.81    0    19
(relay)    11    15    19903.02    19    19897.75    1    1
(relay)    19    48    19959.82    19    19957.65    3    1
(advertise)    12    19960.02    48    19
(relay)    19    41    20030.24    20    20027.06    3    1
(advertise)    12    20030.44    41    20
(relay)    11    18    20073.05    20    20071.91    3    1
(advertise)    12    20073.25    18    20
(relay)    11    3    20097.46    20    20090.88    5    1
(advertise)    12    20098.06    3    20
(relay)    13    33    20099.67    20    20074.87    1    1
(relay)    11    4    20118.67    20    20113.32    5    1
(advertise)    12    20119.67    4    20
(relay)    19    19    20151.69    20    20151.16    5    1
(advertise)    12    20151.89    19    20
(relay)    19    26    20171.7    20    20169.99    3    1
(advertise)    12    20176.5    26    20
(relay)    11    7    20186.51    20    20155.45    3    1
(advertise)    12    20198.91    7    20
(relay)    5    2    20220.33    20    20165.91    3    1
(advertise)    12    20221.13    2    20
(relay)    19    16    20248.94    20    20183.19    1    1
(relay)    13    47    20251.54    20    20246.24    1    1
(relay)    11    17    20297.14    20    20294.85    1    1
(relay)    11    9    20341.74    20    20340.02    3    1
(advertise)    12    20341.94    9    20
(relay)    11    39    20379.95    20    20374.91    1    1
(relay)    19    34    20485.95    20    20484.92    3    1
(advertise)    12    20486.15    34    20
(relay)    19    32    20508.97    20    20499.02    1    1
(relay)    11    25    20538.37    20    20535.94    1    1
(relay)    11    11    20570.97    20    20570.96    5    1
(advertise)    12    20571.17    11    20
(relay)    13    13    20596.78    20    20596.3    7    1
(advertise)    12    20597.18    13    20
(relay)    11    8    20623.59    20    20616.06    3    1
(advertise)    12    20623.99    8    20
(relay)    5    5    20647.0    20    20646.86    7    1
(advertise)    12    20647.8    5    20
(relay)    5    6    20668.42    20    20668.01    7    1
(advertise)    12    20670.82    6    20
(relay)    5    1    20696.43    20    20682.14    3    1
(advertise)    12    20696.63    1    20
(heartbeat)    24    5    20677.25    12    20719.04    4    6
(advertise)    12    20720.04    24    5
(relay)    19    46    20744.86    20    20739.65    1    1
(relay)    11    10    20770.66    20    20751.49    3    1
(advertise)    12    20770.86    10    20
(relay)    11    14    20795.27    20    20726.04    1    1
(generate)    12    20810.67    [24]    20
(relay)    13    27    20813.28    20    20810.12    3    1
(advertise)    12    20813.48    27    20
(relay)    5    0    20854.9    20    20830.98    1    1
(relay)    13    40    20875.3    20    20871.91    1    1
(relay)    11    15    20909.5    20    20897.94    1    1
(relay)    13    48    20960.7    20    20957.85    3    1
(advertise)    12    20960.9    48    20
(relay)    19    41    21029.11    21    21027.16    1    1
(relay)    11    18    21073.71    21    21072.06    3    1
(advertise)    12    21073.91    18    21
(relay)    19    33    21096.52    21    21074.88    3    1
(advertise)    12    21096.72    33    21
(relay)    11    3    21097.93    21    21090.95    5    1
(relay)    5    4    21113.73    21    21113.33    5    2
(advertise)    12    21118.73    3    21
(advertise)    12    21139.95    4    21
(relay)    19    19    21151.96    21    21151.35    5    1
(relay)    11    7    21160.76    21    21155.55    3    2
(advertise)    12    21162.96    19    21
(relay)    19    26    21171.77    21    21170.08    3    2
(advertise)    12    21184.97    7    21
(relay)    11    2    21203.79    21    21165.94    3    2
(advertise)    12    21206.59    26    21
(advertise)    12    21228.4    2    21
(relay)    19    47    21252.21    21    21246.34    3    1
(advertise)    12    21252.81    47    21
(relay)    19    16    21274.03    21    21183.78    1    1
(relay)    11    17    21297.63    21    21294.96    1    1
(relay)    11    9    21342.63    21    21340.02    3    1
(advertise)    12    21342.83    9    21
(relay)    19    39    21380.24    21    21374.93    1    1
(relay)    13    34    21485.84    21    21484.95    3    1
(advertise)    12    21486.04    34    21
(relay)    19    32    21516.45    21    21499.21    1    1
(relay)    11    25    21539.85    21    21536.05    1    1
(relay)    11    11    21571.25    21    21571.14    5    1
(advertise)    12    21571.45    11    21
(relay)    13    13    21596.86    21    21596.4    7    1
(advertise)    12    21597.06    13    21
(relay)    11    8    21623.48    21    21616.13    3    1
(advertise)    12    21623.68    8    21
(relay)    5    5    21647.09    21    21646.95    7    1
(advertise)    12    21648.49    5    21
(relay)    5    6    21669.1    21    21668.19    7    1
(advertise)    12    21669.7    6    21
(relay)    5    1    21696.52    21    21682.24    3    1
(advertise)    12    21697.32    1    21
(relay)    19    46    21742.93    21    21739.66    1    1
(relay)    11    14    21744.73    21    21726.06    1    1
(relay)    5    10    21756.33    21    21751.52    1    1
(relay)    13    20    21770.93    21    21770.22    5    1
(advertise)    12    21771.13    20    21
(generate)    12    21810.74    [24]    21
(relay)    11    0    21841.36    21    21831.17    3    1
(advertise)    12    21841.56    0    21
(relay)    19    40    21886.37    21    21871.98    3    1
(advertise)    12    21886.57    40    21
(relay)    11    15    21914.18    21    21898.12    1    1
(relay)    13    48    21962.18    21    21958.03    3    1
(advertise)    12    21962.38    48    21
(relay)    19    41    22028.99    22    22027.25    3    1
(advertise)    12    22029.19    41    22
(relay)    19    18    22074.21    22    22072.24    3    1
(advertise)    12    22074.41    18    22
(relay)    5    3    22096.62    22    22091.0    5    1
(advertise)    12    22097.02    3    22
(relay)    19    33    22098.23    22    22075.07    3    1
(advertise)    12    22118.03    33    22
(relay)    5    4    22119.25    22    22113.35    5    1
(advertise)    12    22142.85    4    22
(relay)    19    19    22152.46    22    22151.54    5    1
(relay)    5    7    22163.26    22    22155.63    1    2
(advertise)    12    22166.66    19    22
(relay)    19    26    22172.27    22    22170.17    3    1
(advertise)    12    22189.07    26    22
(relay)    5    2    22205.89    22    22166.14    3    1
(advertise)    12    22211.49    2    22
(relay)    11    16    22251.1    22    22183.95    1    1
(relay)    13    47    22252.5    22    22246.4    1    1
(relay)    19    17    22300.1    22    22295.05    1    1
(relay)    11    9    22343.3    22    22340.78    3    1
(advertise)    12    22343.5    9    22
(relay)    11    39    22407.51    22    22374.93    1    1
(relay)    13    34    22486.31    22    22485.15    3    1
(advertise)    12    22486.51    34    22
(relay)    19    32    22516.72    22    22499.37    1    1
(relay)    11    25    22545.52    22    22536.14    1    1
(relay)    11    11    22571.92    22    22571.33    5    1
(advertise)    12    22572.12    11    22
(relay)    13    13    22596.94    22    22596.48    7    1
(advertise)    12    22597.14    13    22
(relay)    11    8    22626.15    22    22616.22    3    1
(advertise)    12    22626.55    8    22
(relay)    5    5    22647.16    22    22647.05    7    1
(advertise)    12    22649.76    5    22
(relay)    5    6    22669.58    22    22668.36    7    1
(advertise)    12    22671.18    6    22
(relay)    11    1    22700.99    22    22682.33    3    1
(advertise)    12    22701.19    1    22
(relay)    11    10    22752.4    22    22751.57    3    1
(advertise)    12    22752.6    10    22
(relay)    13    20    22774.62    22    22770.25    5    1
(advertise)    12    22775.02    20    22
(generate)    12    22810.83    [24]    22
(relay)    11    0    22841.04    22    22831.37    3    1
(advertise)    12    22841.24    0    22
(relay)    19    40    22875.65    22    22872.03    3    1
(advertise)    12    22875.85    40    22
(relay)    11    15    22903.67    22    22898.12    1    1
(relay)    19    48    22962.87    22    22958.21    3    1
(advertise)    12    22963.07    48    22
(relay)    19    41    23029.08    23    23027.33    3    1
(advertise)    12    23029.28    41    23
(relay)    11    18    23074.89    23    23072.43    3    1
(advertise)    12    23075.09    18    23
(relay)    19    33    23096.71    23    23075.09    3    1
(advertise)    12    23096.91    33    23
(relay)    5    4    23120.32    23    23113.37    5    1
(advertise)    12    23120.52    4    23
(relay)    19    19    23152.73    23    23151.72    5    1
(advertise)    12    23152.93    19    23
(relay)    19    26    23171.35    23    23170.21    3    1
(advertise)    12    23175.95    26    23
(relay)    11    7    23188.36    23    23155.73    3    1
(advertise)    12    23197.96    7    23
(relay)    5    2    23222.37    23    23166.16    3    1
(advertise)    12    23222.97    2    23
(relay)    19    47    23252.38    23    23246.5    3    1
(advertise)    12    23252.78    47    23
(relay)    11    16    23254.6    23    23184.07    1    1
(relay)    19    17    23296.4    23    23295.13    1    1
(relay)    11    9    23344.0    23    23340.93    3    1
(advertise)    12    23344.2    9    23
(relay)    19    39    23376.21    23    23375.09    1    1
(relay)    13    34    23487.21    23    23485.34    3    1
(advertise)    12    23487.41    34    23
(relay)    19    32    23515.42    23    23499.52    1    1
(relay)    11    25    23538.82    23    23536.25    1    1
(relay)    11    11    23572.02    23    23571.48    5    1
(advertise)    12    23572.22    11    23
(relay)    13    13    23597.64    23    23596.58    7    1
(advertise)    12    23597.84    13    23
(relay)    11    8    23624.45    23    23616.3    3    1
(advertise)    12    23624.65    8    23
(relay)    5    5    23647.26    23    23647.15    7    1
(advertise)    12    23647.66    5    23
(relay)    5    6    23669.88    23    23668.52    7    1
(advertise)    12    23670.48    6    23
(relay)    11    1    23699.89    23    23682.41    3    1
(advertise)    12    23700.09    1    23
(relay)    11    14    23740.5    23    23726.1    1    1
(relay)    19    46    23741.9    23    23739.86    1    1
(relay)    19    10    23765.7    23    23751.63    1    1
(relay)    13    20    23772.3    23    23770.43    5    1
(advertise)    12    23772.5    20    23
(generate)    12    23810.91    [24]    23
(relay)    19    27    23835.13    23    23810.36    1    1
(relay)    5    0    23841.13    23    23831.55    1    1
(relay)    13    40    23884.33    23    23872.11    1    1
(relay)    11    15    23921.33    23    23898.3    1    1
(relay)    19    48    23963.33    23    23958.38    3    1
(advertise)    12    23963.53    48    23
(relay)    19    41    24029.94    24    24027.41    3    1
(advertise)    12    24030.14    41    24
(relay)    11    18    24073.75    24    24072.57    3    1
(advertise)    12    24073.95    18    24
(relay)    5    3    24097.37    24    24091.13    5    1
(advertise)    12    24097.57    3    24
(relay)    5    4    24120.38    24    24113.38    5    1
(advertise)    12    24120.98    4    24
(relay)    19    19    24152.99    24    24151.91    5    1
(advertise)    12    24153.19    19    24
(relay)    19    26    24171.61    24    24170.27    3    1
(advertise)    12    24175.41    26    24
(relay)    11    7    24190.22    24    24155.82    3    1
(advertise)    12    24197.82    7    24
(relay)    5    2    24221.03    24    24166.17    3    1
(advertise)    12    24221.63    2    24
(relay)    19    47    24251.44    24    24246.58    3    1
(advertise)    12    24251.64    47    24
(relay)    11    16    24256.86    24    24184.18    1    1
(relay)    19    17    24298.46    24    24295.23    1    1
(relay)    11    9    24343.66    24    24341.1    3    1
(advertise)    12    24343.86    9    24
(relay)    19    34    24487.87    24    24485.37    3    1
(advertise)    12    24488.07    34    24
(relay)    11    32    24512.88    24    24499.62    1    1
(relay)    19    25    24538.48    24    24537.32    1    1
(relay)    11    11    24572.08    24    24571.49    5    1
(advertise)    12    24572.28    11    24
(relay)    13    13    24597.7    24    24596.67    7    1
(advertise)    12    24598.1    13    24
(relay)    19    8    24628.71    24    24616.35    1    1
(relay)    5    5    24647.71    24    24647.21    7    1
(advertise)    12    24647.91    5    24
(relay)    11    6    24673.92    24    24668.7    5    1
(advertise)    12    24674.12    6    24
(relay)    13    1    24700.34    24    24682.49    1    1
(heartbeat)    24    6    24677.27    12    24702.34    4    6
(advertise)    12    24702.54    24    6
(relay)    19    46    24752.95    24    24739.88    1    1
(relay)    11    14    24753.35    24    24726.14    1    1
(relay)    5    10    24769.95    24    24751.7    1    1
(relay)    13    20    24772.35    24    24770.47    5    1
(advertise)    12    24772.55    20    24
(generate)    12    24810.96    [24]    24
(relay)    11    27    24841.37    24    24810.44    1    1
(relay)    11    0    24863.37    24    24831.73    3    1
(advertise)    12    24863.57    0    24
(relay)    13    40    24885.39    24    24872.21    1    1
(relay)    19    15    24931.99    24    24898.46    1    1
(relay)    11    48    24967.39    24    24958.4    1    1
(relay)    19    41    25031.59    25    25027.51    3    1
(advertise)    12    25031.79    41    25
(relay)    11    18    25074.0    25    25072.57    3    1
(advertise)    12    25074.2    18    25
(relay)    11    3    25098.41    25    25091.21    5    1
(advertise)    12    25098.81    3    25
(relay)    11    4    25121.43    25    25113.61    5    1
(advertise)    12    25122.03    4    25
(relay)    19    33    25124.44    25    25075.44    1    1
(relay)    19    19    25152.04    25    25151.94    5    1
(advertise)    12    25152.24    19    25
(relay)    19    26    25171.05    25    25170.32    3    1
(advertise)    12    25176.25    26    25
(relay)    11    7    25189.07    25    25155.94    3    1
(advertise)    12    25199.07    7    25
(relay)    5    2    25220.28    25    25166.2    3    1
(advertise)    12    25222.28    2    25
(relay)    19    16    25244.09    25    25184.33    1    1
(relay)    13    47    25252.69    25    25246.66    1    1
(relay)    13    45    25275.69    25    25257.92    1    1
(relay)    19    17    25316.09    25    25295.32    1    1
(relay)    5    9    25343.49    25    25341.26    1    1
(relay)    19    39    25378.49    25    25375.29    1    1
(relay)    19    38    25444.29    25    25442.28    1    1
(relay)    13    34    25488.89    25    25485.4    3    1
(advertise)    12    25489.09    34    25
(relay)    19    32    25513.7    25    25499.63    1    1
(relay)    11    11    25572.5    25    25571.5    5    1
(advertise)    12    25572.7    11    25
(relay)    13    13    25597.72    25    25596.75    7    1
(advertise)    12    25597.92    13    25
(relay)    11    8    25627.93    25    25616.43    1    1
(relay)    5    5    25647.93    25    25647.28    7    1
(advertise)    12    25648.13    5    25
(relay)    5    6    25671.14    25    25668.89    7    1
(advertise)    12    25672.14    6    25
(relay)    5    1    25700.36    25    25682.56    3    1
(advertise)    12    25700.56    1    25
(relay)    11    14    25742.57    25    25726.18    1    1
(relay)    11    10    25763.97    25    25751.76    3    1
(advertise)    12    25764.17    10    25
(relay)    19    20    25786.78    25    25770.5    5    1
(advertise)    12    25786.98    20    25
(generate)    12    25811.0    [24]    25
(relay)    19    27    25813.01    25    25810.52    1    1
(relay)    11    0    25841.21    25    25831.9    3    1
(advertise)    12    25841.41    0    25
(relay)    13    40    25877.42    25    25872.3    1    1
(relay)    11    15    25903.62    25    25898.5    1    1
(relay)    13    48    25963.82    25    25958.6    3    1
(advertise)    12    25964.02    48    25
(relay)    19    41    26031.43    26    26027.62    3    1
(advertise)    12    26031.63    41    26
(relay)    19    18    26073.25    26    26072.73    3    1
(advertise)    12    26073.45    18    26
(relay)    5    3    26095.46    26    26091.28    5    1
(advertise)    12    26095.86    3    26
(relay)    5    4    26118.47    26    26113.81    5    1
(advertise)    12    26118.87    4    26
(relay)    11    33    26120.09    26    26075.47    1    1
(relay)    19    19    26152.09    26    26151.94    5    1
(advertise)    12    26152.29    19    26
(relay)    19    26    26171.3    26    26170.42    3    1
(advertise)    12    26175.3    26    26
(relay)    11    7    26185.71    26    26156.05    1    1
(relay)    5    2    26224.91    26    26166.38    3    1
(advertise)    12    26225.11    2    26
(relay)    19    47    26248.93    26    26246.73    3    1
(advertise)    12    26250.13    47    26
(relay)    19    45    26273.54    26    26257.99    3    1
(advertise)    12    26274.14    45    26
(relay)    19    17    26314.15    26    26295.4    1    1
(relay)    5    9    26343.75    26    26341.43    1    1
(relay)    19    39    26379.15    26    26375.48    1    1
(relay)    11    38    26446.95    26    26442.31    1    1
(relay)    11    34    26490.15    26    26485.43    1    1
(relay)    19    32    26512.95    26    26499.78    1    1
(relay)    19    25    26538.95    26    26537.57    1    1
(relay)    11    11    26572.55    26    26571.51    5    1
(advertise)    12    26572.75    11    26
(relay)    13    13    26596.96    26    26596.83    7    1
(advertise)    12    26597.16    13    26
(relay)    11    8    26625.78    26    26616.48    3    1
(advertise)    12    26625.98    8    26
(relay)    5    5    26647.99    26    26647.37    7    1
(advertise)    12    26648.19    5    26
(relay)    5    6    26671.4    26    26669.09    7    1
(advertise)    12    26672.0    6    26
(relay)    5    1    26698.02    26    26682.59    3    1
(advertise)    12    26698.42    1    26
(relay)    11    46    26744.83    26    26739.91    1    1
(relay)    11    10    26766.03    26    26751.81    3    1
(advertise)    12    26766.23    10    26
(relay)    19    20    26771.84    26    26770.55    5    1
(advertise)    12    26788.24    20    26
(generate)    12    26811.06    [24]    26
(relay)    19    27    26834.47    26    26810.61    1    1
(relay)    5    0    26843.47    26    26832.07    1    1
(relay)    13    40    26881.67    26    26872.37    1    1
(relay)    11    15    26909.47    26    26898.68    1    1
(relay)    13    48    26963.87    26    26958.62    3    1
(advertise)    12    26964.07    48    26
(relay)    13    41    27032.48    27    27027.74    3    1
(advertise)    12    27032.68    41    27
(relay)    13    18    27074.49    27    27072.74    1    1
(relay)    19    33    27097.69    27    27075.49    3    1
(advertise)    12    27097.89    33    27
(relay)    5    4    27121.71    27    27113.83    5    1
(relay)    19    3    27121.91    27    27091.35    3    2
(advertise)    12    27122.31    4    27
(advertise)    12    27144.32    3    27
(relay)    19    19    27152.13    27    27152.13    5    1
(relay)    5    7    27157.93    27    27156.15    1    2
(advertise)    12    27167.53    19    27
(relay)    19    26    27171.55    27    27170.52    3    1
(advertise)    12    27188.75    26    27
(relay)    11    2    27208.56    27    27166.4    3    1
(advertise)    12    27211.96    2    27
(relay)    19    16    27243.37    27    27184.62    1    1
(relay)    13    47    27262.17    27    27246.81    1    1
(relay)    19    45    27287.97    27    27258.06    3    1
(advertise)    12    27288.17    45    27
(relay)    19    17    27311.79    27    27295.52    1    1
(relay)    11    9    27342.79    27    27341.6    3    1
(advertise)    12    27342.99    9    27
(relay)    19    39    27379.4    27    27375.65    1    1
(relay)    5    34    27502.8    27    27485.48    1    1
(relay)    11    32    27503.4    27    27499.97    1    1
(relay)    11    25    27550.0    27    27537.66    1    1
(relay)    11    11    27572.6    27    27571.53    5    1
(advertise)    12    27572.8    11    27
(relay)    13    13    27597.01    27    27596.9    7    1
(advertise)    12    27598.01    13    27
(relay)    11    8    27625.42    27    27616.57    3    1
(advertise)    12    27625.62    8    27
(relay)    5    5    27648.44    27    27647.43    7    1
(advertise)    12    27648.84    5    27
(relay)    5    6    27670.65    27    27669.24    7    1
(advertise)    12    27671.05    6    27
(relay)    19    1    27701.06    27    27682.68    1    1
(relay)    11    14    27744.46    27    27726.23    1    1
(relay)    19    46    27745.06    27    27740.11    1    1
(relay)    5    10    27756.26    27    27751.87    1    1
(relay)    13    20    27771.86    27    27770.58    5    1
(advertise)    12    27772.06    20    27
(generate)    12    27811.08    [24]    27
(relay)    19    27    27836.29    27    27810.73    3    1
(advertise)    12    27836.49    27    27
(relay)    11    0    27858.9    27    27832.26    3    1
(advertise)    12    27859.7    0    27
(relay)    19    40    27882.72    27    27872.45    3    1
(advertise)    12    27883.72    40    27
(relay)    11    15    27906.13    27    27898.86    1    1
(relay)    19    48    27962.13    27    27958.81    3    1
(advertise)    12    27962.33    48    27
(relay)    19    41    28032.54    28    28027.84    3    1
(advertise)    12    28032.74    41    28
(relay)    19    18    28073.95    28    28072.93    3    1
(advertise)    12    28074.15    18    28
(relay)    5    3    28098.17    28    28091.41    5    1
(advertise)    12    28098.37    3    28
(relay)    11    33    28119.78    28    28075.5    1    1
(relay)    5    4    28121.58    28    28113.85    5    1
(advertise)    12    28121.78    4    28
(relay)    19    19    28152.79    28    28152.14    5    1
(advertise)    12    28152.99    19    28
(relay)    19    26    28171.61    28    28170.63    3    1
(advertise)    12    28174.01    26    28
(relay)    5    2    28197.62    28    28166.42    3    1
(advertise)    12    28198.22    2    28
(relay)    5    7    28219.23    28    28156.28    1    1
(relay)    19    47    28248.63    28    28246.89    3    1
(advertise)    12    28248.83    47    28
(relay)    11    16    28251.05    28    28184.8    1    1
(relay)    13    45    28277.25    28    28258.12    1    1
(relay)    11    17    28298.85    28    28295.65    1    1
(relay)    11    9    28344.25    28    28341.77    3    1
(advertise)    12    28344.45    9    28
(relay)    19    39    28381.06    28    28375.84    1    1
(relay)    19    38    28450.06    28    28442.42    1    1
(relay)    13    34    28489.26    28    28485.53    3    1
(advertise)    12    28489.46    34    28
(relay)    19    32    28515.27    28    28500.16    1    1
(relay)    11    25    28539.47    28    28537.78    1    1
(relay)    11    11    28571.67    28    28571.53    5    1
(advertise)    12    28571.87    11    28
(relay)    13    13    28597.08    28    28597.01    7    1
(advertise)    12    28597.48    13    28
(relay)    11    8    28623.3    28    28616.69    3    1
(advertise)    12    28623.7    8    28
(relay)    5    5    28648.51    28    28647.53    7    1
(advertise)    12    28648.71    5    28
(relay)    5    6    28669.92    28    28669.44    7    1
(advertise)    12    28671.72    6    28
(relay)    11    1    28698.34    28    28682.79    3    1
(advertise)    12    28698.94    1    28
(heartbeat)    24    7    28677.28    12    28720.55    4    6
(advertise)    12    28722.95    24    7
(relay)    11    46    28747.96    28    28740.3    3    1
(advertise)    12    28748.16    46    28
(relay)    11    10    28768.58    28    28751.94    3    1
(advertise)    12    28769.98    10    28
(relay)    11    20    28794.39    28    28770.66    1    1
(generate)    12    28811.39    [24]    28
(relay)    11    0    28841.6    28    28832.27    3    1
(advertise)    12    28841.8    0    28
(relay)    13    40    28874.41    28    28872.54    1    1
(relay)    11    15    28906.61    28    28898.89    1    1
(relay)    13    48    28960.61    28    28958.99    3    1
(advertise)    12    28960.81    48    28
(relay)    13    41    29032.23    29    29027.93    3    1
(advertise)    12    29032.43    41    29
(relay)    13    18    29075.04    29    29072.93    1    1
(relay)    11    3    29097.44    29    29091.48    5    1
(advertise)    12    29097.64    3    29
(relay)    5    4    29119.25    29    29113.88    5    1
(advertise)    12    29120.65    4    29
(relay)    11    33    29141.87    29    29075.92    1    1
(relay)    19    19    29152.67    29    29152.19    5    1
(advertise)    12    29152.87    19    29
(relay)    19    26    29171.88    29    29170.73    3    1
(advertise)    12    29174.48    26    29
(relay)    11    7    29188.09    29    29156.39    3    1
(advertise)    12    29195.49    7    29
(relay)    5    2    29221.51    29    29166.46    3    1
(advertise)    12    29222.31    2    29
(relay)    19    47    29249.72    29    29247.01    3    1
(advertise)    12    29249.92    47    29
(relay)    11    16    29255.13    29    29184.95    1    1
(relay)    19    45    29293.53    29    29258.18    1    1
(relay)    11    17    29298.33    29    29295.79    1    1
(relay)    11    9    29343.33    29    29341.92    3    1
(advertise)    12    29343.53    9    29
(relay)    19    39    29388.94    29    29376.01    1    1
(relay)    19    38    29450.14    29    29442.48    1    1
(relay)    5    34    29489.94    29    29485.57    1    1
(relay)    11    32    29515.74    29    29500.3    1    1
(relay)    19    25    29540.34    29    29537.88    1    1
(relay)    11    11    29571.74    29    29571.55    5    1
(advertise)    12    29571.94    11    29
(relay)    13    13    29597.76    29    29597.12    7    1
(advertise)    12    29598.16    13    29
(relay)    11    8    29622.97    29    29616.75    3    1
(advertise)    12    29623.17    8    29
(relay)    5    5    29648.58    29    29647.63    7    1
(advertise)    12    29648.78    5    29
(relay)    5    6    29670.0    29    29669.62    7    1
(advertise)    12    29671.0    6    29
(relay)    11    1    29699.21    29    29682.88    3    1
(advertise)    12    29699.61    1    29
(relay)    11    14    29732.42    29    29726.28    1    1
(relay)    19    46    29746.42    29    29740.31    3    1
(advertise)    12    29746.62    46    29
(relay)    5    10    29769.24    29    29751.99    1    1
(relay)    13    20    29771.44    29    29770.7    5    1
(advertise)    12    29771.64    20    29
(generate)    12    29811.45    [24]    29
(relay)    19    27    29838.86    29    29810.95    1    1
(relay)    5    0    29842.66    29    29832.43    1    1
(relay)    13    40    29875.26    29    29872.63    1    1
(relay)    13    48    29961.66    29    29959.18    3    1
(advertise)    12    29961.86    48    29
