(relay)    20    41    1026.2    1    1025.0    124    1
(advertise)    13    1026.4    41    1
(relay)    20    28    1069.81    1    1062.01    119    1
(advertise)    13    1070.01    28    1
(relay)    12    18    1090.63    1    1069.03    125    1
(advertise)    13    1091.03    18    1
(relay)    12    4    1112.44    1    1111.04    125    1
(advertise)    13    1114.04    4    1
(relay)    12    3    1134.85    1    1089.21    122    1
(advertise)    13    1136.85    3    1
(relay)    12    33    1156.47    1    1071.01    122    1
(relay)    20    19    1158.47    1    1149.07    126    2
(advertise)    13    1159.87    33    1
(advertise)    13    1181.28    19    1
(relay)    12    26    1202.29    1    1166.08    125    1
(advertise)    13    1202.69    26    1
(relay)    20    16    1224.1    1    1177.08    123    1
(advertise)    13    1224.7    16    1
(relay)    6    2    1227.52    1    1164.05    123    1
(relay)    12    7    1246.52    1    1153.07    120    2
(advertise)    13    1248.12    2    1
(advertise)    13    1269.33    7    1
(relay)    20    47    1292.34    1    1244.12    120    1
(advertise)    13    1292.54    47    1
(relay)    12    17    1294.76    1    1292.14    124    1
(advertise)    13    1313.56    17    1
(relay)    12    45    1338.37    1    1255.13    118    1
(advertise)    13    1338.77    45    1
(relay)    12    35    1359.98    1    1161.07    116    1
(advertise)    13    1360.38    35    1
(relay)    12    23    1380.2    1    1297.16    122    1
(advertise)    13    1382.8    23    1
(relay)    20    39    1407.01    1    1373.2    122    1
(advertise)    13    1407.21    39    1
(relay)    20    9    1430.42    1    1337.18    122    1
(advertise)    13    1431.22    9    1
(relay)    12    36    1451.23    1    1294.14    117    1
(advertise)    13    1452.83    36    1
(relay)    12    30    1475.45    1    1393.01    121    1
(advertise)    13    1476.25    30    1
(relay)    12    31    1498.86    1    1315.16    120    1
(advertise)    13    1499.06    31    1
(relay)    20    34    1501.07    1    1483.06    123    1
(relay)    12    43    1521.87    1    1378.2    118    2
(advertise)    13    1522.47    34    1
(advertise)    13    1545.49    43    1
(relay)    12    44    1564.3    1    1425.02    119    1
(advertise)    13    1566.7    44    1
(relay)    20    32    1568.51    1    1496.07    123    1
(relay)    12    38    1586.31    1    1440.03    119    2
(advertise)    13    1590.71    32    1
(generate)    13    1594.13    [24]    1
(relay)    12    11    1608.74    1    1568.11    126    2
(advertise)    13    1612.34    38    1
(relay)    20    25    1614.75    1    1533.09    124    2
(advertise)    13    1633.55    11    1
(advertise)    13    1656.16    25    1
(relay)    6    6    1665.18    1    1665.14    127    1
(advertise)    13    1677.18    6    1
(relay)    6    5    1680.99    1    1645.15    126    1
(relay)    12    21    1696.19    1    1535.09    118    2
(advertise)    13    1700.79    5    1
(advertise)    13    1724.2    21    1
(relay)    20    42    1748.22    1    1489.05    117    1
(advertise)    13    1748.62    42    1
(relay)    12    8    1762.83    1    1614.11    123    1
(relay)    20    20    1769.63    1    1769.02    127    2
(advertise)    13    1771.43    8    1
(advertise)    13    1793.64    20    1
(relay)    12    10    1807.46    1    1750.02    125    1
(relay)    12    12    1810.06    1    1809.04    127    2
(relay)    20    29    1814.06    1    1653.15    120    3
(advertise)    13    1816.46    10    1
(relay)    20    27    1834.47    1    1808.06    126    3
(advertise)    13    1838.47    12    1
(relay)    12    1    1851.48    1    1680.16    122    3
(advertise)    13    1860.48    29    1
(relay)    12    14    1874.09    1    1724.0    115    3
(advertise)    13    1883.49    27    1
(advertise)    13    1906.31    1    1
(advertise)    13    1928.52    14    1
(relay)    12    46    1940.13    1    1738.0    115    1
(advertise)    13    1950.93    46    1
(relay)    12    37    1964.95    1    1843.07    120    1
(advertise)    13    1973.15    37    1
(relay)    12    0    1997.16    1    1829.04    121    1
(advertise)    13    1997.36    0    1
(relay)    20    40    1999.97    1    1870.29    123    1
(relay)    12    15    2017.77    1    1895.11    122    2
(advertise)    13    2018.77    40    1
(advertise)    13    2040.79    15    1
(relay)    12    22    2064.6    1    1896.11    121    1
(advertise)    13    2064.8    22    1
(relay)    12    18    2087.61    2    2069.2    125    1
(advertise)    13    2088.21    18    2
(relay)    20    48    2089.82    1    1955.11    121    1
(advertise)    13    2109.82    48    1
(relay)    20    41    2111.44    2    2025.17    124    1
(advertise)    13    2131.24    41    2
(relay)    12    4    2132.85    2    2111.22    125    1
(advertise)    13    2153.85    4    2
(relay)    20    33    2157.26    2    2071.6    124    1
(advertise)    13    2175.26    33    2
(relay)    20    19    2180.48    2    2149.25    126    1
(advertise)    13    2197.48    19    2
(relay)    12    3    2221.29    2    2089.4    120    1
(advertise)    13    2222.69    3    2
(relay)    12    28    2242.7    2    2062.2    119    1
(advertise)    13    2244.9    28    2
(relay)    12    2    2263.92    2    2164.24    123    1
(advertise)    13    2268.12    2    2
(relay)    12    16    2284.33    2    2177.28    123    1
(advertise)    13    2290.93    16    2
(relay)    12    7    2307.34    2    2153.24    122    1
(advertise)    13    2314.54    7    2
(relay)    12    17    2328.75    2    2292.34    124    1
(advertise)    13    2337.55    17    2
(relay)    12    26    2351.37    2    2166.26    117    1
(advertise)    13    2358.97    26    2
(relay)    12    47    2372.78    2    2244.32    122    1
(advertise)    13    2380.18    47    2
(relay)    6    35    2382.59    2    2161.25    116    1
(advertise)    13    2403.39    35    2
(relay)    12    9    2419.01    2    2337.37    124    1
(advertise)    13    2425.41    9    2
(relay)    12    45    2442.42    2    2255.92    120    1
(advertise)    13    2447.42    45    2
(relay)    12    31    2462.43    2    2315.35    122    1
(advertise)    13    2470.23    31    2
(relay)    12    23    2485.24    2    2297.34    122    1
(advertise)    13    2492.84    23    2
(relay)    12    39    2508.26    2    2373.39    122    1
(advertise)    13    2516.26    39    2
(relay)    12    36    2531.07    2    2294.74    117    1
(relay)    20    34    2536.47    2    2483.24    125    2
(advertise)    13    2537.27    36    2
(relay)    12    30    2553.88    2    2393.81    121    2
(advertise)    13    2558.48    34    2
(advertise)    13    2579.5    30    2
(generate)    13    2594.31    [24]    2
(relay)    12    25    2599.32    2    2533.28    124    1
(advertise)    13    2601.92    25    2
(relay)    12    11    2621.34    2    2568.31    126    1
(advertise)    13    2623.54    11    2
(relay)    12    43    2641.35    2    2378.37    116    1
(relay)    20    32    2645.15    2    2496.26    123    2
(advertise)    13    2646.75    43    2
(relay)    6    6    2665.96    2    2665.32    127    2
(relay)    20    38    2668.76    2    2440.23    121    3
(advertise)    13    2670.36    32    2
(advertise)    13    2691.57    6    2
(relay)    6    5    2692.99    2    2645.34    126    2
(advertise)    13    2713.99    38    2
(relay)    20    44    2732.8    2    2425.21    119    2
(advertise)    13    2737.6    5    2
(relay)    12    21    2753.01    2    2535.27    120    2
(advertise)    13    2759.81    44    2
(relay)    20    20    2769.83    2    2769.21    127    2
(advertise)    13    2781.43    21    2
(relay)    6    8    2802.04    2    2614.31    121    2
(advertise)    13    2803.84    20    2
(relay)    12    12    2810.25    2    2809.23    127    2
(relay)    20    42    2820.85    2    2489.22    117    3
(advertise)    13    2826.65    8    2
(relay)    20    27    2844.27    2    2808.24    126    3
(advertise)    13    2848.47    12    2
(relay)    6    1    2869.68    2    2680.36    122    3
(advertise)    13    2872.68    42    2
(advertise)    13    2894.69    27    2
(relay)    12    29    2906.1    2    2653.35    120    2
(advertise)    13    2916.7    1    2
(relay)    12    10    2928.32    2    2750.21    123    2
(advertise)    13    2937.72    29    2
(advertise)    13    2960.73    10    2
(relay)    12    46    2976.34    2    2738.2    121    1
(relay)    20    40    2979.94    2    2870.48    123    2
(advertise)    13    2983.74    46    2
(relay)    12    14    2997.16    2    2724.2    121    2
(relay)    6    0    3006.16    2    2829.2    121    3
(advertise)    13    3007.36    40    2
(relay)    20    37    3022.57    2    2843.47    120    3
(advertise)    13    3029.17    14    2
(advertise)    13    3050.18    0    2
(relay)    20    48    3067.0    2    2955.29    123    2
(advertise)    13    3072.2    37    2
(relay)    12    22    3085.41    2    2896.29    121    2
(advertise)    13    3093.21    48    2
(relay)    20    41    3111.42    3    3025.37    124    2
(advertise)    13    3114.42    22    2
(relay)    12    15    3131.43    2    2895.3    120    2
(advertise)    13    3137.83    41    3
(relay)    6    4    3141.25    3    3111.42    125    2
(relay)    12    18    3154.85    3    3069.4    125    3
(advertise)    13    3159.05    15    2
(relay)    20    33    3178.26    3    3071.8    124    3
(advertise)    13    3181.46    4    3
(relay)    20    19    3199.47    3    3149.45    126    3
(advertise)    13    3205.07    18    3
(relay)    6    3    3206.69    3    3089.6    124    3
(advertise)    13    3226.29    33    3
(relay)    20    26    3242.9    3    3167.66    125    3
(advertise)    13    3250.1    19    3
(advertise)    13    3271.31    3    3
(relay)    6    2    3275.33    3    3164.42    123    2
(relay)    12    28    3286.73    3    3062.4    119    3
(advertise)    13    3294.33    26    3
(advertise)    13    3316.14    2    3
(advertise)    13    3338.15    28    3
(relay)    20    47    3351.56    3    3244.49    122    1
(relay)    12    16    3353.96    3    3177.46    123    2
(advertise)    13    3360.96    47    3
(advertise)    13    3383.38    16    3
(relay)    20    35    3394.19    3    3161.45    118    1
(relay)    12    17    3400.39    3    3292.53    124    2
(advertise)    13    3404.59    35    3
(relay)    6    7    3409.2    3    3153.43    120    2
(advertise)    13    3426.0    17    3
(advertise)    13    3448.22    7    3
(relay)    20    45    3458.63    3    3256.1    120    1
(relay)    12    9    3465.63    3    3337.56    124    2
(advertise)    13    3470.43    45    3
(relay)    20    23    3480.44    3    3297.53    122    2
(advertise)    13    3493.24    9    3
(relay)    20    31    3502.06    3    3315.55    122    2
(advertise)    13    3514.46    23    3
(advertise)    13    3535.67    31    3
(relay)    20    39    3544.48    3    3373.59    122    1
(relay)    12    36    3555.68    3    3294.93    117    2
(advertise)    13    3558.28    39    3
(relay)    20    34    3566.89    3    3483.44    125    2
(advertise)    13    3580.29    36    3
(generate)    13    3594.51    [24]    3
(advertise)    13    3601.32    34    3
(relay)    6    25    3609.13    3    3533.48    122    1
(advertise)    13    3622.33    25    3
(relay)    12    11    3623.95    3    3568.51    126    1
(advertise)    13    3645.55    11    3
(relay)    20    38    3654.16    3    3440.43    121    1
(relay)    6    6    3666.16    3    3665.51    127    2
(advertise)    13    3669.36    38    3
(relay)    6    30    3675.17    3    3394.0    119    2
(advertise)    13    3690.77    6    3
(advertise)    13    3711.99    30    3
(relay)    12    5    3715.2    3    3645.35    126    1
(relay)    20    32    3720.2    3    3496.46    123    2
(advertise)    13    3733.4    5    3
(advertise)    13    3755.41    32    3
(relay)    6    21    3761.42    3    3535.47    118    1
(relay)    20    44    3766.62    3    3425.22    119    2
(relay)    20    20    3769.82    3    3769.22    127    3
(advertise)    13    3778.82    21    3
(advertise)    13    3802.04    44    3
(relay)    12    12    3809.45    3    3809.42    127    2
(relay)    20    43    3810.85    3    3378.56    116    3
(advertise)    13    3825.05    20    3
(advertise)    13    3847.06    12    3
(relay)    20    27    3854.08    3    3808.44    126    2
(advertise)    13    3868.08    43    3
(relay)    12    8    3872.29    3    3614.49    121    2
(advertise)    13    3889.29    27    3
(relay)    12    10    3893.7    3    3750.41    125    2
(relay)    20    42    3903.3    3    3489.42    117    3
(advertise)    13    3910.3    8    3
(advertise)    13    3933.52    10    3
(relay)    20    46    3949.53    3    3738.4    121    2
(advertise)    13    3956.53    42    3
(advertise)    13    3978.94    46    3
(relay)    12    1    3981.55    3    3680.55    122    1
(relay)    20    29    3994.15    3    3653.55    118    2
(advertise)    13    3999.95    1    3
(advertise)    13    4021.97    29    3
(relay)    6    14    4023.18    3    3725.0    119    1
(relay)    20    40    4039.58    3    3870.68    123    2
(advertise)    13    4044.38    14    3
(advertise)    13    4066.79    40    3
(relay)    20    37    4086.41    3    3843.66    120    1
(advertise)    13    4088.81    37    3
(relay)    12    15    4090.22    3    3895.49    122    1
(relay)    20    33    4109.42    4    4071.98    124    2
(advertise)    13    4110.02    15    3
(advertise)    13    4132.43    33    4
(relay)    12    4    4135.05    4    4111.62    125    1
(relay)    20    18    4154.65    4    4069.59    125    2
(advertise)    13    4157.45    4    4
(relay)    20    41    4177.26    4    4025.57    124    2
(advertise)    13    4179.86    18    4
(relay)    20    19    4200.27    4    4149.65    126    2
(advertise)    13    4201.87    41    4
(advertise)    13    4224.28    19    4
(relay)    20    22    4245.7    3    3896.49    121    1
(advertise)    13    4246.3    22    3
(relay)    20    48    4265.91    3    3955.48    121    1
(advertise)    13    4267.71    48    3
(relay)    20    26    4287.72    4    4167.86    125    1
(advertise)    13    4289.32    26    4
(relay)    20    0    4311.14    3    3829.4    119    1
(advertise)    13    4311.54    0    3
(relay)    6    7    4334.95    4    4153.63    120    1
(advertise)    13    4335.35    7    4
(relay)    20    2    4380.16    4    4164.62    121    1
(advertise)    13    4380.36    2    4
(relay)    6    28    4382.58    4    4062.59    117    1
(relay)    12    16    4401.38    4    4177.66    123    2
(advertise)    13    4404.98    28    4
(advertise)    13    4427.39    16    4
(relay)    6    17    4428.6    4    4292.72    122    1
(advertise)    13    4448.6    17    4
(relay)    6    9    4450.01    4    4337.75    122    1
(relay)    12    47    4467.01    4    4244.68    122    2
(advertise)    13    4471.01    9    4
(relay)    20    45    4492.43    4    4256.11    120    2
(advertise)    13    4494.03    47    4
(relay)    6    35    4495.64    4    4161.63    116    2
(advertise)    13    4515.04    45    4
(relay)    6    23    4517.25    4    4297.54    120    2
(advertise)    13    4539.05    35    4
(relay)    20    34    4558.47    4    4483.64    125    2
(advertise)    13    4561.27    23    4
(relay)    12    31    4577.68    4    4315.95    120    2
(advertise)    13    4583.48    34    4
(relay)    6    11    4585.69    4    4568.69    124    2
(generate)    13    4594.69    [24]    4
(advertise)    13    4606.11    31    4
(relay)    6    30    4628.72    4    4394.2    119    2
(advertise)    13    4628.92    11    4
(relay)    20    39    4647.13    4    4373.79    122    2
(relay)    6    5    4650.73    4    4645.52    126    3
(advertise)    13    4651.93    30    4
(relay)    6    6    4666.34    4    4665.71    127    3
(relay)    20    32    4669.14    4    4496.65    121    4
(advertise)    13    4674.14    39    4
(relay)    6    25    4693.36    4    4533.68    122    4
(advertise)    13    4697.56    5    4
(advertise)    13    4721.57    6    4
(relay)    20    38    4734.78    4    4440.61    119    3
(relay)    6    8    4742.38    4    4614.69    121    4
(advertise)    13    4744.18    32    4
(advertise)    13    4765.4    25    4
(relay)    20    20    4770.41    4    4769.41    127    3
(advertise)    13    4786.41    38    4
(relay)    6    1    4787.82    4    4680.74    122    3
(advertise)    13    4809.22    8    4
(relay)    12    36    4817.44    4    4295.12    115    3
(relay)    20    44    4824.24    4    4425.41    119    4
(advertise)    13    4830.44    20    4
(relay)    12    21    4840.85    4    4535.67    120    4
(advertise)    13    4852.45    1    4
(relay)    6    12    4854.06    4    4809.62    125    4
(heartbeat)    24    1    4677.2    13    4868.86    127    0
(advertise)    13    4873.66    36    4
(advertise)    13    4894.67    44    4
(relay)    20    27    4912.09    4    4808.45    4    4
(advertise)    13    4916.09    21    4
(relay)    6    10    4921.9    4    4750.61    123    4
(advertise)    13    4938.7    12    4
(relay)    20    43    4956.31    4    4378.76    118    4
(advertise)    13    4961.31    24    1
(advertise)    13    4982.93    27    4
(advertise)    13    5006.14    10    4
(relay)    20    46    5022.15    4    4738.6    121    2
(advertise)    13    5028.35    43    4
(relay)    6    0    5030.57    4    4829.57    121    2
(relay)    12    29    5035.37    4    4653.56    120    3
(relay)    20    42    5045.17    4    4489.61    117    4
(advertise)    13    5050.57    46    4
(advertise)    13    5071.98    0    4
(relay)    20    40    5087.79    4    4870.87    2    3
(advertise)    13    5095.39    29    4
(advertise)    13    5118.0    42    4
(relay)    12    14    5126.62    4    4725.18    121    2
(advertise)    13    5140.82    40    4
(relay)    12    18    5149.63    5    5069.8    2    2
(relay)    6    4    5152.03    5    5113.02    4    3
(relay)    20    41    5154.23    5    5025.77    4    4
(advertise)    13    5162.83    14    4
(relay)    12    19    5169.84    5    5149.84    6    4
(advertise)    13    5184.44    18    5
(advertise)    13    5205.86    4    5
(relay)    6    2    5218.67    5    5164.82    4    3
(advertise)    13    5228.07    41    5
(relay)    20    48    5241.88    4    4955.67    4    3
(advertise)    13    5250.68    19    5
(relay)    12    3    5257.7    5    5089.99    4    3
(relay)    20    33    5263.5    5    5072.18    2    4
(advertise)    13    5274.5    2    5
(relay)    20    26    5285.71    5    5168.06    2    4
(advertise)    13    5295.51    48    4
(advertise)    13    5317.52    3    5
(advertise)    13    5339.93    33    5
(advertise)    13    5361.15    26    5
(relay)    20    47    5373.16    5    5244.88    4    1
(relay)    6    9    5380.36    5    5337.95    2    2
(advertise)    13    5383.36    47    5
(relay)    20    17    5400.17    5    5292.91    2    2
(advertise)    13    5404.57    9    5
(advertise)    13    5426.59    17    5
(relay)    20    34    5485.8    5    5483.75    4    1
(advertise)    13    5486.0    34    5
(relay)    12    11    5570.61    5    5568.88    4    1
(advertise)    13    5570.81    11    5
(generate)    13    5594.83    [24]    5
(relay)    12    8    5624.04    5    5614.77    2    1
(advertise)    13    5624.24    8    5
(relay)    6    5    5646.85    5    5645.63    6    1
(advertise)    13    5647.05    5    5
(relay)    6    6    5666.26    5    5665.75    8    1
(advertise)    13    5669.66    6    5
(relay)    20    1    5700.28    5    5680.84    2    1
(advertise)    13    5700.48    1    5
(relay)    6    10    5765.29    5    5750.65    2    1
(advertise)    13    5765.49    10    5
(relay)    20    20    5770.5    5    5769.48    6    1
(advertise)    13    5787.1    20    5
(relay)    20    27    5808.92    5    5808.53    4    1
(relay)    12    12    5809.72    5    5809.69    8    2
(advertise)    13    5810.12    27    5
(advertise)    13    5833.73    12    5
(relay)    20    40    5875.94    5    5870.9    2    1
(advertise)    13    5876.14    40    5
(relay)    20    48    5961.56    5    5955.81    4    1
(advertise)    13    5961.76    48    5
(relay)    20    41    6029.17    6    6025.96    4    1
(advertise)    13    6029.37    41    6
(relay)    20    18    6070.38    6    6069.82    2    1
(advertise)    13    6070.58    18    6
(relay)    20    33    6093.59    6    6072.35    2    1
(advertise)    13    6094.59    33    6
(relay)    20    3    6117.01    6    6090.12    2    1
(advertise)    13    6117.81    3    6
(relay)    6    4    6119.42    6    6113.09    4    1
(advertise)    13    6139.82    4    6
(relay)    6    19    6150.83    6    6149.89    4    1
(advertise)    13    6161.23    19    6
(relay)    12    26    6174.05    6    6168.25    2    1
(advertise)    13    6185.25    26    6
(relay)    12    2    6197.26    6    6164.89    4    1
(advertise)    13    6207.26    2    6
(relay)    20    47    6248.47    6    6245.03    4    1
(advertise)    13    6248.67    47    6
(relay)    20    17    6296.09    6    6293.09    2    1
(advertise)    13    6296.29    17    6
(relay)    12    9    6339.7    6    6338.03    4    1
(advertise)    13    6339.9    9    6
(relay)    20    34    6486.31    6    6483.76    4    1
(advertise)    13    6486.51    34    6
(relay)    12    11    6570.72    6    6569.07    4    1
(advertise)    13    6570.92    11    6
(generate)    13    6594.94    [24]    6
(relay)    12    8    6623.95    6    6614.85    2    1
(advertise)    13    6624.15    8    6
(relay)    6    5    6647.16    6    6645.7    6    1
(advertise)    13    6647.56    5    6
(relay)    6    6    6666.78    6    6665.76    8    1
(advertise)    13    6670.38    6    6
(relay)    6    1    6696.59    6    6680.95    4    1
(advertise)    13    6696.79    1    6
(relay)    12    10    6769.8    6    6750.71    2    1
(advertise)    13    6770.0    10    6
(relay)    20    27    6809.02    6    6808.62    4    1
(advertise)    13    6809.22    27    6
(relay)    6    12    6833.63    6    6809.74    6    1
(advertise)    13    6833.83    12    6
(relay)    20    40    6874.04    6    6871.0    2    1
(advertise)    13    6874.24    40    6
(relay)    20    48    6960.65    6    6955.83    4    1
(advertise)    13    6960.85    48    6
(relay)    20    41    7029.87    7    7026.07    4    1
(advertise)    13    7030.07    41    7
(relay)    20    18    7070.68    7    7069.95    2    1
(advertise)    13    7070.88    18    7
(relay)    12    33    7093.49    7    7072.42    2    1
(advertise)    13    7094.09    33    7
(relay)    12    3    7116.11    7    7090.16    4    1
(advertise)    13    7116.31    3    7
(relay)    12    19    7150.32    7    7149.89    6    1
(advertise)    13    7150.52    19    7
(relay)    12    26    7172.53    7    7168.35    2    1
(advertise)    13    7172.73    26    7
(relay)    12    2    7196.95    7    7164.92    4    1
(advertise)    13    7197.35    2    7
(relay)    20    47    7246.56    7    7245.15    4    1
(advertise)    13    7246.76    47    7
(relay)    20    17    7296.37    7    7293.19    2    1
(advertise)    13    7296.57    17    7
(relay)    12    9    7339.58    7    7338.19    4    1
(advertise)    13    7339.78    9    7
(relay)    20    34    7486.8    7    7483.78    4    1
(advertise)    13    7487.0    34    7
(relay)    12    11    7571.41    7    7569.22    4    1
(advertise)    13    7571.61    11    7
(generate)    13    7595.02    [24]    7
(relay)    12    8    7622.04    7    7614.93    2    1
(advertise)    13    7622.24    8    7
(relay)    6    5    7647.45    7    7645.77    6    1
(advertise)    13    7647.65    5    7
(relay)    6    6    7666.86    7    7665.94    8    1
(advertise)    13    7670.46    6    7
(relay)    12    1    7697.88    7    7681.06    4    1
(advertise)    13    7698.48    1    7
(relay)    12    10    7765.49    7    7750.77    4    1
(advertise)    13    7765.69    10    7
(relay)    20    20    7770.7    7    7769.62    6    1
(advertise)    13    7787.7    20    7
(relay)    20    27    7809.51    7    7808.73    4    1
(advertise)    13    7810.11    27    7
(relay)    20    12    7837.73    7    7809.8    4    1
(advertise)    13    7837.93    12    7
(relay)    12    0    7843.14    7    7829.76    2    1
(advertise)    13    7859.34    0    7
(relay)    20    40    7874.15    7    7871.08    2    1
(advertise)    13    7882.35    40    7
(relay)    12    48    7958.77    7    7956.02    2    1
(advertise)    13    7958.97    48    7
(relay)    20    41    8030.78    8    8026.13    4    1
(advertise)    13    8030.98    41    8
(relay)    20    18    8070.79    8    8070.1    2    1
(advertise)    13    8070.99    18    8
(relay)    20    33    8093.21    8    8072.86    2    1
(advertise)    13    8094.41    33    8
(relay)    12    3    8095.82    8    8090.24    4    1
(advertise)    13    8115.42    3    8
(relay)    12    4    8118.63    8    8113.13    4    1
(advertise)    13    8137.23    4    8
(relay)    12    19    8150.44    8    8149.89    6    1
(advertise)    13    8159.84    19    8
(relay)    12    26    8172.66    8    8168.5    2    1
(advertise)    13    8182.66    26    8
(relay)    20    47    8246.87    8    8245.24    4    1
(advertise)    13    8247.07    47    8
(relay)    20    17    8297.08    8    8293.26    2    1
(advertise)    13    8297.28    17    8
(relay)    6    9    8340.5    8    8338.37    2    1
(advertise)    13    8340.7    9    8
(relay)    20    34    8487.31    8    8483.8    4    1
(advertise)    13    8487.51    34    8
(relay)    12    11    8571.52    8    8569.4    4    1
(advertise)    13    8571.72    11    8
(generate)    13    8595.14    [24]    8
(relay)    12    8    8622.75    8    8615.01    2    1
(advertise)    13    8622.95    8    8
(relay)    20    5    8649.76    8    8645.84    4    1
(advertise)    13    8649.96    5    8
(relay)    6    6    8666.97    8    8665.96    8    1
(advertise)    13    8671.57    6    8
(heartbeat)    24    2    8677.21    13    8696.59    5    5
(advertise)    13    8696.79    24    2
(relay)    20    1    8725.2    8    8681.14    2    1
(advertise)    13    8725.4    1    8
(relay)    12    10    8765.81    8    8750.86    2    1
(advertise)    13    8766.01    10    8
(relay)    20    20    8769.83    8    8769.71    6    1
(advertise)    13    8788.23    20    8
(relay)    20    27    8809.64    8    8808.87    4    1
(relay)    12    12    8810.44    8    8809.86    8    2
(advertise)    13    8811.24    27    8
(advertise)    13    8833.85    12    8
(relay)    12    0    8858.27    8    8829.78    2    1
(advertise)    13    8858.67    0    8
(relay)    20    40    8872.48    8    8871.16    2    1
(advertise)    13    8879.68    40    8
(relay)    12    48    8957.89    8    8956.02    2    1
(advertise)    13    8958.09    48    8
(relay)    20    41    9030.7    9    9026.2    4    1
(advertise)    13    9030.9    41    9
(relay)    20    18    9071.52    9    9070.26    2    1
(advertise)    13    9071.72    18    9
(relay)    20    33    9092.53    9    9072.93    2    1
(advertise)    13    9094.73    33    9
(relay)    6    3    9096.14    9    9090.32    4    1
(advertise)    13    9116.94    3    9
(relay)    6    4    9118.56    9    9113.17    4    1
(advertise)    13    9138.96    4    9
(relay)    12    19    9161.97    9    9150.08    4    1
(advertise)    13    9162.57    19    9
(relay)    12    26    9183.78    9    9168.62    2    1
(advertise)    13    9184.98    26    9
(relay)    12    2    9207.6    9    9164.98    2    1
(advertise)    13    9208.4    2    9
(relay)    20    47    9247.21    9    9245.36    2    1
(advertise)    13    9247.41    47    9
(relay)    12    17    9297.22    9    9293.36    2    1
(advertise)    13    9297.42    17    9
(relay)    12    9    9339.63    9    9338.37    4    1
(advertise)    13    9339.83    9    9
(relay)    20    34    9487.25    9    9483.82    4    1
(advertise)    13    9487.45    34    9
(relay)    12    11    9570.86    9    9569.57    4    1
(advertise)    13    9571.06    11    9
(generate)    13    9595.27    [24]    9
(relay)    12    8    9622.49    9    9615.11    2    1
(advertise)    13    9622.69    8    9
(relay)    6    5    9648.1    9    9645.96    6    1
(advertise)    13    9648.3    5    9
(relay)    6    6    9667.11    9    9666.15    8    1
(advertise)    13    9670.31    6    9
(relay)    12    1    9699.53    9    9681.24    4    1
(advertise)    13    9699.73    1    9
(relay)    12    10    9766.14    9    9750.89    4    1
(advertise)    13    9766.34    10    9
(relay)    20    20    9769.95    9    9769.8    6    1
(advertise)    13    9789.75    20    9
(relay)    20    27    9810.37    9    9808.99    4    1
(advertise)    13    9812.57    27    9
(relay)    12    0    9854.18    9    9829.79    2    1
(advertise)    13    9854.38    0    9
(relay)    20    40    9872.99    9    9871.25    2    1
(advertise)    13    9875.79    40    9
(relay)    20    48    9957.4    9    9956.19    4    1
(advertise)    13    9957.6    48    9
(relay)    20    41    10030.02    10    10026.29    4    1
(advertise)    13    10030.22    41    10
(relay)    20    18    10072.43    10    10070.44    2    1
(advertise)    13    10072.63    18    10
(relay)    20    33    10093.84    10    10073.78    2    1
(advertise)    13    10095.04    33    10
(relay)    6    3    10096.66    10    10090.36    4    1
(advertise)    13    10116.66    3    10
(relay)    12    4    10118.27    10    10113.2    4    1
(advertise)    13    10139.67    4    10
(relay)    20    19    10150.68    10    10150.26    4    1
(advertise)    13    10161.88    19    10
(relay)    20    26    10172.1    10    10168.73    2    1
(advertise)    13    10183.9    26    10
(relay)    12    2    10197.71    10    10165.18    4    1
(advertise)    13    10205.11    2    10
(relay)    20    47    10249.12    10    10245.43    2    1
(advertise)    13    10249.32    47    10
(relay)    12    17    10297.53    10    10293.43    2    1
(advertise)    13    10297.73    17    10
(relay)    12    9    10340.95    10    10338.54    4    1
(advertise)    13    10341.15    9    10
(relay)    12    34    10486.16    10    10484.01    2    1
(advertise)    13    10486.36    34    10
(relay)    12    11    10571.17    10    10569.74    4    1
(advertise)    13    10571.37    11    10
(generate)    13    10595.39    [24]    10
(relay)    12    8    10623.0    10    10615.19    2    1
(advertise)    13    10623.2    8    10
(relay)    12    5    10647.41    10    10646.06    6    1
(advertise)    13    10648.21    5    10
(relay)    6    6    10666.43    10    10666.35    8    1
(advertise)    13    10670.43    6    10
(relay)    20    1    10698.84    10    10681.33    2    1
(advertise)    13    10699.04    1    10
(relay)    6    10    10765.05    10    10750.93    2    1
(advertise)    13    10765.25    10    10
(relay)    20    20    10769.86    10    10769.83    6    1
(advertise)    13    10786.66    20    10
(relay)    12    12    10810.68    10    10810.02    8    1
(advertise)    13    10810.88    12    10
(relay)    20    40    10874.29    10    10871.32    2    1
(advertise)    13    10874.49    40    10
(relay)    20    48    10958.3    10    10956.39    4    1
(advertise)    13    10958.5    48    10
(relay)    20    18    11072.72    11    11070.55    2    1
(advertise)    13    11072.92    18    11
(relay)    12    3    11095.93    11    11090.38    4    1
(advertise)    13    11096.73    3    11
(relay)    12    4    11118.14    11    11113.21    4    1
(advertise)    13    11118.94    4    11
(relay)    12    19    11151.56    11    11150.41    4    1
(advertise)    13    11151.76    19    11
(relay)    12    26    11174.77    11    11168.87    2    1
(advertise)    13    11175.17    26    11
(relay)    12    7    11196.58    11    11154.54    2    1
(advertise)    13    11198.58    7    11
(relay)    6    2    11219.99    11    11165.2    4    1
(advertise)    13    11220.79    2    11
(relay)    12    47    11258.81    11    11245.53    2    1
(advertise)    13    11259.01    47    11
(relay)    12    17    11295.22    11    11293.55    2    1
(advertise)    13    11295.42    17    11
(relay)    12    9    11342.03    11    11338.71    4    1
(advertise)    13    11342.23    9    11
(relay)    20    34    11484.85    11    11484.21    4    1
(advertise)    13    11485.05    34    11
(relay)    12    11    11570.26    11    11569.9    4    1
(advertise)    13    11570.46    11    11
(generate)    13    11595.47    [24]    11
(relay)    12    8    11625.09    11    11615.3    2    1
(advertise)    13    11625.29    8    11
(relay)    6    5    11647.5    11    11646.14    6    1
(advertise)    13    11648.3    5    11
(relay)    6    6    11666.71    11    11666.53    8    1
(advertise)    13    11670.91    6    11
(relay)    6    1    11696.12    11    11681.45    4    1
(advertise)    13    11696.32    1    11
(relay)    12    10    11753.14    11    11750.95    2    1
(advertise)    13    11753.34    10    11
(relay)    20    20    11769.95    11    11769.88    6    1
(advertise)    13    11774.55    20    11
(relay)    6    12    11813.36    11    11810.09    6    1
(advertise)    13    11813.56    12    11
(relay)    12    0    11854.98    11    11829.84    2    1
(advertise)    13    11855.18    0    11
(relay)    20    40    11884.39    11    11871.36    2    1
(advertise)    13    11884.59    40    11
(relay)    20    48    11959.2    11    11956.57    4    1
(advertise)    13    11959.4    48    11
(relay)    20    41    12027.42    12    12026.41    4    1
(advertise)    13    12027.62    41    12
(relay)    20    18    12072.63    12    12070.68    2    1
(advertise)    13    12072.83    18    12
(relay)    20    33    12095.24    12    12073.82    2    1
(advertise)    13    12096.04    33    12
(relay)    20    3    12117.25    12    12090.4    2    1
(advertise)    13    12117.85    3    12
(relay)    20    4    12141.27    12    12113.23    2    1
(advertise)    13    12141.47    4    12
(relay)    12    19    12152.08    12    12150.41    4    1
(advertise)    13    12162.68    19    12
(relay)    12    26    12174.89    12    12169.0    2    1
(advertise)    13    12183.69    26    12
(relay)    20    2    12209.31    12    12165.39    2    1
(advertise)    13    12209.51    2    12
(relay)    20    47    12250.32    12    12245.62    2    1
(advertise)    13    12250.52    47    12
(relay)    12    9    12342.13    12    12338.85    4    1
(advertise)    13    12342.33    9    12
(relay)    20    34    12484.95    12    12484.23    4    1
(advertise)    13    12485.15    34    12
(relay)    12    11    12570.96    12    12570.07    4    1
(advertise)    13    12571.16    11    12
(generate)    13    12595.57    [24]    12
(relay)    12    8    12625.98    12    12615.36    2    1
(advertise)    13    12626.18    8    12
(relay)    6    5    12646.6    12    12646.22    6    1
(advertise)    13    12647.4    5    12
(relay)    6    6    12666.61    12    12666.54    8    1
(advertise)    13    12669.41    6    12
(heartbeat)    24    3    12677.23    13    12697.02    5    5
(advertise)    13    12697.22    24    3
(relay)    12    1    12720.64    12    12681.53    4    1
(advertise)    13    12721.04    1    12
(relay)    12    10    12752.25    12    12750.99    4    1
(advertise)    13    12752.45    10    12
(relay)    20    20    12770.46    12    12769.99    6    1
(advertise)    13    12774.86    20    12
(relay)    12    12    12811.28    12    12810.19    6    1
(advertise)    13    12811.48    12    12
(relay)    12    27    12834.49    12    12809.54    2    1
(advertise)    13    12835.29    27    12
(relay)    12    0    12858.3    12    12829.84    2    1
(advertise)    13    12858.7    0    12
(relay)    20    40    12875.31    12    12871.38    2    1
(advertise)    13    12880.91    40    12
(relay)    20    48    12960.13    12    12956.77    4    1
(advertise)    13    12960.33    48    12
(relay)    20    41    13027.74    13    13026.48    4    1
(advertise)    13    13027.94    41    13
(relay)    20    18    13073.75    13    13070.8    2    1
(advertise)    13    13073.95    18    13
(relay)    6    3    13095.97    13    13090.47    4    1
(advertise)    13    13096.17    3    13
(relay)    6    4    13118.98    13    13113.25    4    1
(advertise)    13    13119.38    4    13
(relay)    20    19    13151.79    13    13150.58    4    1
(advertise)    13    13151.99    19    13
(relay)    20    26    13174.41    13    13169.12    2    1
(advertise)    13    13175.21    26    13
(relay)    12    7    13195.82    13    13154.77    2    1
(advertise)    13    13198.02    7    13
(relay)    6    2    13219.63    13    13165.43    2    1
(advertise)    13    13220.03    2    13
(relay)    20    47    13252.04    13    13245.73    2    1
(advertise)    13    13252.24    47    13
(relay)    12    9    13342.86    13    13338.86    2    1
(advertise)    13    13343.06    9    13
(relay)    20    34    13485.27    13    13484.25    4    1
(advertise)    13    13485.47    34    13
(relay)    12    11    13571.08    13    13570.23    4    1
(advertise)    13    13571.28    11    13
(generate)    13    13595.7    [24]    13
(relay)    12    8    13627.11    13    13615.44    2    1
(advertise)    13    13627.31    8    13
(relay)    6    5    13646.52    13    13646.3    6    1
(advertise)    13    13649.32    5    13
(relay)    6    6    13667.34    13    13666.73    8    1
(advertise)    13    13671.14    6    13
(relay)    12    1    13699.95    13    13681.62    2    1
(advertise)    13    13700.15    1    13
(relay)    12    10    13765.16    13    13751.05    4    1
(advertise)    13    13765.36    10    13
(relay)    20    20    13770.57    13    13770.02    6    1
(advertise)    13    13787.57    20    13
(relay)    12    12    13811.19    13    13810.28    6    1
(advertise)    13    13811.79    12    13
(relay)    12    27    13835.6    13    13809.63    2    1
(advertise)    13    13836.0    27    13
(relay)    6    0    13859.21    13    13829.86    2    1
(advertise)    13    13860.21    0    13
(relay)    12    40    13888.63    13    13871.45    2    1
(advertise)    13    13888.83    40    13
(relay)    20    48    13961.04    13    13956.95    4    1
(advertise)    13    13961.24    48    13
(relay)    20    41    14028.45    14    14026.55    4    1
(advertise)    13    14028.65    41    14
(relay)    12    18    14073.27    14    14070.96    2    1
(advertise)    13    14073.47    18    14
(relay)    20    33    14095.48    14    14074.09    2    1
(advertise)    13    14095.88    33    14
(relay)    6    3    14097.09    14    14090.52    4    1
(advertise)    13    14117.89    3    14
(relay)    12    4    14141.5    14    14113.26    4    1
(advertise)    13    14142.5    4    14
(relay)    20    19    14164.72    14    14150.77    4    1
(advertise)    13    14165.52    19    14
(relay)    20    26    14186.93    14    14169.21    2    1
(advertise)    13    14187.13    26    14
(relay)    12    2    14210.14    14    14165.45    2    1
(advertise)    13    14210.54    2    14
(relay)    12    47    14251.96    14    14245.8    2    1
(advertise)    13    14252.16    47    14
(relay)    12    9    14342.57    14    14339.01    2    1
(advertise)    13    14342.77    9    14
(relay)    20    34    14486.38    14    14484.27    4    1
(advertise)    13    14486.58    34    14
(relay)    12    11    14571.8    14    14570.42    4    1
(advertise)    13    14572.0    11    14
(generate)    13    14595.81    [24]    14
(relay)    12    8    14625.02    14    14615.51    2    1
(advertise)    13    14625.22    8    14
(relay)    6    5    14647.23    14    14646.4    6    1
(advertise)    13    14647.83    5    14
(relay)    6    6    14667.45    14    14666.93    8    1
(advertise)    13    14670.25    6    14
(relay)    6    1    14699.66    14    14681.68    2    1
(advertise)    13    14699.86    1    14
(relay)    20    20    14770.67    14    14770.06    6    1
(advertise)    13    14770.87    20    14
(relay)    12    12    14810.49    14    14810.37    6    1
(advertise)    13    14810.69    12    14
(relay)    20    40    14877.1    14    14871.5    2    1
(advertise)    13    14877.3    40    14
(relay)    20    48    14962.11    14    14957.13    4    1
(advertise)    13    14962.31    48    14
(relay)    20    41    15029.53    15    15026.64    4    1
(advertise)    13    15029.73    41    15
(relay)    12    18    15073.74    15    15071.1    2    1
(advertise)    13    15073.94    18    15
(relay)    20    33    15097.35    15    15074.28    2    1
(advertise)    13    15098.35    33    15
(relay)    20    3    15121.56    15    15090.58    2    1
(advertise)    13    15121.76    3    15
(relay)    20    4    15145.98    15    15113.27    2    1
(advertise)    13    15146.18    4    15
(relay)    20    19    15166.99    15    15150.77    4    1
(advertise)    13    15168.19    19    15
(relay)    6    2    15190.4    15    15165.47    2    1
(relay)    20    26    15190.6    15    15169.69    2    2
(advertise)    13    15191.2    2    15
(advertise)    13    15213.42    26    15
(relay)    20    47    15251.03    15    15245.87    2    1
(advertise)    13    15251.23    47    15
(relay)    20    34    15486.44    15    15484.28    4    1
(advertise)    13    15486.64    34    15
(relay)    12    11    15571.86    15    15570.6    4    1
(advertise)    13    15572.06    11    15
(generate)    13    15595.87    [24]    15
(relay)    12    8    15623.88    15    15615.74    2    1
(advertise)    13    15624.08    8    15
(relay)    6    5    15647.69    15    15646.45    6    1
(advertise)    13    15648.09    5    15
(relay)    6    6    15667.71    15    15667.12    8    1
(advertise)    13    15669.91    6    15
(relay)    6    1    15699.32    15    15681.74    2    1
(advertise)    13    15699.52    1    15
(relay)    12    10    15753.13    15    15751.16    4    1
(advertise)    13    15753.33    10    15
(relay)    20    20    15771.15    15    15770.09    6    1
(advertise)    13    15774.35    20    15
(relay)    20    27    15810.16    15    15809.79    4    1
(advertise)    13    15810.36    27    15
(relay)    12    0    15856.97    15    15830.22    2    1
(advertise)    13    15857.17    0    15
(relay)    20    40    15883.39    15    15871.53    2    1
(advertise)    13    15883.79    40    15
(relay)    20    48    15963.2    15    15957.14    4    1
(advertise)    13    15963.4    48    15
(relay)    20    41    16030.01    16    16026.71    4    1
(advertise)    13    16030.21    41    16
(relay)    20    18    16072.82    16    16071.24    2    1
(advertise)    13    16073.02    18    16
(relay)    12    33    16094.24    16    16074.28    2    1
(advertise)    13    16095.44    33    16
(relay)    6    4    16115.85    16    16113.28    4    1
(advertise)    13    16118.25    4    16
(relay)    12    19    16152.06    16    16150.77    4    1
(advertise)    13    16152.26    19    16
(relay)    12    26    16172.68    16    16169.75    2    1
(advertise)    13    16174.48    26    16
(relay)    12    2    16197.69    16    16165.65    2    1
(advertise)    13    16197.89    2    16
(relay)    12    7    16222.9    16    16155.08    2    1
(advertise)    13    16223.1    7    16
(relay)    20    47    16249.32    16    16245.96    2    1
(advertise)    13    16249.52    47    16
(relay)    12    9    16341.13    16    16339.35    2    1
(advertise)    13    16341.33    9    16
(relay)    20    34    16486.34    16    16484.48    4    1
(advertise)    13    16486.54    34    16
(relay)    12    11    16572.55    16    16570.76    4    1
(advertise)    13    16572.75    11    16
(generate)    13    16595.97    [24]    16
(relay)    12    8    16625.38    16    16615.8    2    1
(advertise)    13    16625.58    8    16
(relay)    6    5    16647.79    16    16646.49    6    1
(advertise)    13    16647.99    5    16
(relay)    6    6    16668.41    16    16667.32    8    1
(advertise)    13    16670.81    6    16
(heartbeat)    24    4    16677.24    13    16697.82    5    5
(advertise)    13    16698.22    24    4
(relay)    20    20    16771.03    16    16770.11    6    1
(advertise)    13    16771.23    20    16
(relay)    20    27    16810.25    16    16809.86    4    1
(advertise)    13    16810.45    27    16
(relay)    20    12    16833.66    16    16810.43    4    1
(advertise)    13    16834.26    12    16
(relay)    12    0    16858.67    16    16830.41    2    1
(advertise)    13    16859.07    0    16
(relay)    20    40    16876.48    16    16871.62    2    1
(advertise)    13    16881.28    40    16
(relay)    20    48    16962.3    16    16957.32    4    1
(advertise)    13    16962.5    48    16
(relay)    20    41    17030.31    17    17026.79    4    1
(advertise)    13    17030.51    41    17
(relay)    20    18    17072.12    17    17071.39    2    1
(advertise)    13    17072.32    18    17
(relay)    20    33    17093.94    17    17074.28    2    1
(advertise)    13    17095.74    33    17
(relay)    12    4    17120.15    17    17113.3    4    1
(advertise)    13    17120.35    4    17
(relay)    12    19    17151.36    17    17150.96    4    1
(advertise)    13    17151.56    19    17
(relay)    12    26    17172.98    17    17169.85    2    1
(advertise)    13    17175.78    26    17
(relay)    6    2    17220.39    17    17165.68    2    1
(advertise)    13    17220.59    2    17
(relay)    12    47    17252.2    17    17246.05    2    1
(advertise)    13    17252.4    47    17
(relay)    12    9    17340.41    17    17339.51    2    1
(advertise)    13    17340.61    9    17
(relay)    20    34    17488.03    17    17484.51    4    1
(advertise)    13    17488.23    34    17
(relay)    12    11    17573.04    17    17570.76    4    1
(advertise)    13    17573.24    11    17
(generate)    13    17596.05    [24]    17
(relay)    12    5    17648.47    17    17646.59    6    1
(advertise)    13    17648.67    5    17
(relay)    6    6    17668.48    17    17667.51    8    1
(advertise)    13    17670.08    6    17
(relay)    6    1    17696.49    17    17681.9    2    1
(advertise)    13    17696.69    1    17
(relay)    20    20    17771.11    17    17770.12    6    1
(advertise)    13    17771.31    20    17
(relay)    20    27    17810.72    17    17809.92    4    1
(advertise)    13    17810.92    27    17
(relay)    20    12    17833.73    17    17810.46    2    1
(advertise)    13    17835.93    12    17
(relay)    6    0    17856.14    17    17830.59    2    1
(advertise)    13    17857.14    0    17
(relay)    20    40    17874.76    17    17871.68    2    1
(advertise)    13    17879.76    40    17
(relay)    12    48    17960.37    17    17957.33    2    1
(advertise)    13    17960.57    48    17
(relay)    20    41    18031.38    18    18026.87    4    1
(advertise)    13    18031.58    41    18
(relay)    20    18    18072.4    18    18071.56    2    1
(advertise)    13    18072.6    18    18
(relay)    20    33    18095.21    18    18074.67    2    1
(advertise)    13    18096.21    33    18
(relay)    12    4    18138.22    18    18113.3    4    1
(advertise)    13    18138.62    4    18
(relay)    12    19    18160.44    18    18151.15    4    1
(advertise)    13    18162.24    19    18
(relay)    12    26    18182.85    18    18169.91    2    1
(advertise)    13    18183.25    26    18
(relay)    12    2    18206.26    18    18165.88    2    1
(advertise)    13    18206.46    2    18
(relay)    12    47    18248.07    18    18246.12    2    1
(advertise)    13    18248.27    47    18
(relay)    12    9    18341.09    18    18339.68    2    1
(advertise)    13    18341.29    9    18
(relay)    20    34    18488.1    18    18484.7    4    1
(advertise)    13    18488.3    34    18
(relay)    12    11    18573.11    18    18570.77    4    1
(advertise)    13    18573.31    11    18
(generate)    13    18596.13    [24]    18
(relay)    12    8    18622.74    18    18615.92    2    1
(advertise)    13    18622.94    8    18
(relay)    6    5    18648.95    18    18646.72    6    1
(advertise)    13    18649.55    5    18
(relay)    6    6    18668.77    18    18667.67    8    1
(advertise)    13    18671.57    6    18
(relay)    12    1    18700.38    18    18681.96    2    1
(advertise)    13    18700.58    1    18
(relay)    20    20    18770.19    18    18770.13    6    1
(advertise)    13    18770.39    20    18
(relay)    12    12    18811.0    18    18810.52    6    1
(advertise)    13    18811.2    12    18
(relay)    12    0    18840.02    18    18830.77    2    1
(advertise)    13    18840.22    0    18
(relay)    12    27    18861.63    18    18809.98    2    1
(advertise)    13    18861.83    27    18
(relay)    20    40    18890.04    18    18871.74    2    1
(advertise)    13    18890.24    40    18
(relay)    20    48    18958.86    18    18957.5    4    1
(advertise)    13    18959.06    48    18
(relay)    20    41    19030.67    19    19026.96    4    1
(advertise)    13    19030.87    41    19
(relay)    20    18    19072.88    19    19071.72    2    1
(advertise)    13    19073.08    18    19
(relay)    20    33    19096.7    19    19074.86    2    1
(advertise)    13    19097.5    33    19
(relay)    6    4    19119.51    19    19113.31    4    1
(advertise)    13    19121.51    4    19
(relay)    12    19    19151.92    19    19151.16    4    1
(advertise)    13    19152.12    19    19
(relay)    12    26    19173.33    19    19169.97    2    1
(advertise)    13    19174.33    26    19
(relay)    6    2    19198.75    19    19165.89    2    1
(advertise)    13    19198.95    2    19
(relay)    20    47    19248.56    19    19246.17    2    1
(advertise)    13    19248.76    47    19
(relay)    12    9    19341.77    19    19339.83    2    1
(advertise)    13    19341.97    9    19
(relay)    20    34    19488.19    19    19484.73    4    1
(advertise)    13    19488.39    34    19
(relay)    12    11    19572.2    19    19570.77    4    1
(advertise)    13    19572.4    11    19
(generate)    13    19596.21    [24]    19
(relay)    12    8    19624.43    19    19616.0    2    1
(advertise)    13    19624.63    8    19
(relay)    6    5    19649.04    19    19646.8    6    1
(advertise)    13    19649.64    5    19
(relay)    6    6    19668.85    19    19667.87    8    1
(advertise)    13    19671.05    6    19
(relay)    12    1    19698.06    19    19682.04    2    1
(advertise)    13    19698.26    1    19
(relay)    20    20    19770.28    19    19770.15    6    1
(advertise)    13    19770.48    20    19
(relay)    12    12    19811.09    19    19810.6    6    1
(advertise)    13    19811.29    12    19
(relay)    20    40    19873.5    19    19871.8    2    1
(advertise)    13    19873.7    40    19
(relay)    12    0    19877.92    19    19830.96    2    1
(advertise)    13    19895.32    0    19
(relay)    20    48    19959.53    19    19957.65    4    1
(advertise)    13    19959.73    48    19
(relay)    12    41    20030.54    20    20027.06    2    1
(advertise)    13    20030.74    41    20
(relay)    12    18    20073.76    20    20071.91    2    1
(advertise)    13    20073.96    18    20
(relay)    20    33    20098.17    20    20074.87    2    1
(advertise)    13    20098.57    33    20
(relay)    6    4    20121.58    20    20113.32    4    1
(advertise)    13    20123.38    4    20
(relay)    12    19    20152.39    20    20151.16    4    1
(advertise)    13    20152.59    19    20
(relay)    12    26    20177.01    20    20169.99    2    1
(advertise)    13    20177.61    26    20
(relay)    12    7    20200.02    20    20155.45    2    1
(advertise)    13    20201.62    7    20
(relay)    6    2    20220.63    20    20165.91    2    1
(advertise)    13    20224.03    2    20
(relay)    20    47    20250.65    20    20246.24    2    1
(advertise)    13    20251.05    47    20
(relay)    12    9    20342.46    20    20340.02    2    1
(advertise)    13    20342.66    9    20
(relay)    12    34    20486.27    20    20484.92    2    1
(advertise)    13    20486.47    34    20
(relay)    12    11    20571.29    20    20570.96    4    1
(advertise)    13    20571.49    11    20
(generate)    13    20596.3    [24]    20
(relay)    12    8    20624.51    20    20616.06    2    1
(advertise)    13    20624.71    8    20
(relay)    6    5    20648.12    20    20646.86    6    1
(advertise)    13    20648.32    5    20
(relay)    6    6    20668.14    20    20668.01    8    1
(advertise)    13    20669.34    6    20
(heartbeat)    24    5    20677.25    13    20721.15    5    5
(advertise)    13    20721.35    24    5
(relay)    20    20    20770.36    20    20770.18    6    1
(advertise)    13    20770.56    20    20
(relay)    20    27    20811.98    20    20810.12    4    1
(advertise)    13    20812.18    27    20
(relay)    6    12    20813.99    20    20810.67    4    1
(advertise)    13    20833.99    12    20
(relay)    20    40    20874.6    20    20871.91    2    1
(advertise)    13    20874.8    40    20
(relay)    20    48    20960.02    20    20957.85    4    1
(advertise)    13    20960.22    48    20
(relay)    20    41    21029.23    21    21027.16    4    1
(advertise)    13    21029.43    41    21
(relay)    20    18    21074.24    21    21072.06    2    1
(advertise)    13    21074.44    18    21
(relay)    12    33    21097.65    21    21074.88    2    1
(advertise)    13    21098.05    33    21
(relay)    6    4    21114.07    21    21113.33    4    1
(relay)    12    3    21118.87    21    21090.95    4    2
(advertise)    13    21120.67    4    21
(advertise)    13    21143.28    3    21
(relay)    12    19    21163.49    21    21151.35    4    1
(advertise)    13    21164.29    19    21
(relay)    12    7    21185.91    21    21155.55    2    1
(advertise)    13    21186.51    7    21
(relay)    20    26    21190.32    21    21170.08    2    1
(advertise)    13    21209.52    26    21
(relay)    12    2    21228.53    21    21165.94    2    1
(advertise)    13    21231.53    2    21
(relay)    20    47    21250.75    21    21246.34    2    1
(advertise)    13    21253.55    47    21
(relay)    12    9    21343.36    21    21340.02    2    1
(advertise)    13    21343.56    9    21
(relay)    20    34    21485.57    21    21484.95    4    1
(advertise)    13    21485.77    34    21
(relay)    12    11    21571.58    21    21571.14    4    1
(advertise)    13    21571.78    11    21
(generate)    13    21596.4    [24]    21
(relay)    12    8    21624.61    21    21616.13    2    1
(advertise)    13    21624.81    8    21
(relay)    6    5    21648.22    21    21646.95    6    1
(advertise)    13    21648.82    5    21
(relay)    6    6    21668.24    21    21668.19    8    1
(advertise)    13    21671.44    6    21
(relay)    12    1    21698.05    21    21682.24    2    1
(advertise)    13    21698.25    1    21
(relay)    20    20    21770.26    21    21770.22    6    1
(advertise)    13    21770.46    20    21
(relay)    12    12    21811.68    21    21810.74    6    1
(advertise)    13    21811.88    12    21
(relay)    12    0    21841.69    21    21831.17    2    1
(advertise)    13    21841.89    0    21
(relay)    20    40    21886.9    21    21871.98    2    1
(advertise)    13    21887.1    40    21
(relay)    20    48    21961.51    21    21958.03    4    1
(advertise)    13    21961.71    48    21
(relay)    20    41    22028.73    22    22027.25    2    1
(advertise)    13    22028.93    41    22
(relay)    20    18    22074.94    22    22072.24    2    1
(advertise)    13    22075.14    18    22
(relay)    12    3    22098.15    22    22091.0    4    1
(advertise)    13    22098.55    3    22
(relay)    20    33    22099.77    22    22075.07    2    1
(relay)    6    4    22120.37    22    22113.35    4    2
(advertise)    13    22121.77    33    22
(advertise)    13    22142.78    4    22
(relay)    12    19    22167.59    22    22151.54    4    1
(advertise)    13    22167.79    19    22
(relay)    12    26    22190.01    22    22170.17    2    1
(advertise)    13    22191.61    26    22
(relay)    6    2    22206.62    22    22166.14    2    1
(advertise)    13    22212.62    2    22
(relay)    20    47    22251.23    22    22246.4    2    1
(advertise)    13    22251.43    47    22
(relay)    12    9    22344.44    22    22340.78    2    1
(advertise)    13    22344.64    9    22
(relay)    20    34    22485.66    22    22485.15    4    1
(advertise)    13    22485.86    34    22
(relay)    20    11    22572.47    22    22571.33    2    1
(advertise)    13    22572.67    11    22
(generate)    13    22596.48    [24]    22
(relay)    12    8    22627.5    22    22616.22    2    1
(advertise)    13    22627.7    8    22
(relay)    6    5    22647.51    22    22647.05    6    1
(advertise)    13    22650.11    5    22
(relay)    6    6    22668.52    22    22668.36    8    1
(advertise)    13    22672.12    6    22
(relay)    12    1    22701.74    22    22682.33    2    1
(advertise)    13    22702.14    1    22
(relay)    12    10    22752.75    22    22751.57    2    1
(advertise)    13    22752.95    10    22
(relay)    20    20    22770.76    22    22770.25    6    1
(advertise)    13    22774.16    20    22
(relay)    12    12    22811.77    22    22810.83    6    1
(advertise)    13    22811.97    12    22
(relay)    12    0    22841.39    22    22831.37    2    1
(advertise)    13    22841.59    0    22
(relay)    12    40    22876.4    22    22872.03    2    1
(advertise)    13    22876.6    40    22
(relay)    20    48    22962.01    22    22958.21    4    1
(advertise)    13    22962.21    48    22
(relay)    20    41    23029.03    23    23027.33    2    1
(advertise)    13    23029.23    41    23
(relay)    20    18    23075.84    23    23072.43    2    1
(advertise)    13    23076.04    18    23
(relay)    12    33    23097.05    23    23075.09    2    1
(advertise)    13    23098.45    33    23
(relay)    6    4    23120.87    23    23113.37    4    1
(advertise)    13    23121.07    4    23
(relay)    20    19    23153.08    23    23151.72    4    1
(advertise)    13    23153.28    19    23
(relay)    20    26    23175.69    23    23170.21    2    1
(advertise)    13    23176.09    26    23
(relay)    12    7    23198.1    23    23155.73    2    1
(advertise)    13    23198.9    7    23
(relay)    6    2    23223.12    23    23166.16    2    1
(advertise)    13    23223.52    2    23
(relay)    20    47    23252.73    23    23246.5    2    1
(advertise)    13    23252.93    47    23
(relay)    12    9    23345.14    23    23340.93    2    1
(advertise)    13    23345.34    9    23
(relay)    20    34    23486.56    23    23485.34    4    1
(advertise)    13    23486.76    34    23
(relay)    12    11    23572.37    23    23571.48    4    1
(advertise)    13    23572.57    11    23
(generate)    13    23596.58    [24]    23
(relay)    12    8    23625.6    23    23616.3    2    1
(advertise)    13    23625.8    8    23
(relay)    12    5    23647.81    23    23647.15    6    1
(advertise)    13    23648.61    5    23
(relay)    6    6    23669.02    23    23668.52    8    1
(advertise)    13    23671.22    6    23
(relay)    12    1    23701.03    23    23682.41    2    1
(advertise)    13    23701.23    1    23
(relay)    20    20    23771.05    23    23770.43    6    1
(advertise)    13    23771.25    20    23
(relay)    12    12    23811.86    23    23810.91    6    1
(advertise)    13    23812.06    12    23
(relay)    20    40    23883.07    23    23872.11    2    1
(advertise)    13    23883.27    40    23
(relay)    20    48    23962.49    23    23958.38    4    1
(advertise)    13    23962.69    48    23
(relay)    20    41    24029.3    24    24027.41    4    1
(advertise)    13    24029.5    41    24
(relay)    12    18    24074.91    24    24072.57    2    1
(advertise)    13    24075.11    18    24
(relay)    20    33    24096.93    24    24075.25    2    1
(relay)    12    3    24097.73    24    24091.13    4    2
(advertise)    13    24098.33    33    24
(relay)    6    4    24121.14    24    24113.38    4    2
(advertise)    13    24121.54    3    24
(advertise)    13    24143.55    4    24
(relay)    12    19    24154.16    24    24151.91    4    1
(advertise)    13    24165.56    19    24
(relay)    12    26    24175.58    24    24170.27    2    1
(advertise)    13    24187.18    26    24
(relay)    12    7    24197.99    24    24155.82    2    1
(advertise)    13    24208.39    7    24
(relay)    6    2    24221.8    24    24166.17    2    1
(advertise)    13    24230.2    2    24
(relay)    12    47    24252.82    24    24246.58    2    1
(advertise)    13    24253.42    47    24
(relay)    12    9    24344.83    24    24341.1    2    1
(advertise)    13    24345.03    9    24
(relay)    20    34    24487.44    24    24485.37    4    1
(advertise)    13    24487.64    34    24
(relay)    12    11    24572.86    24    24571.49    4    1
(advertise)    13    24573.06    11    24
(generate)    13    24596.67    [24]    24
(relay)    6    6    24669.28    24    24668.7    8    1
(advertise)    13    24669.48    6    24
(relay)    6    1    24700.09    24    24682.49    2    1
(advertise)    13    24700.29    1    24
(heartbeat)    24    6    24677.27    13    24703.51    5    5
(advertise)    13    24722.31    24    6
(relay)    20    20    24771.12    24    24770.47    6    1
(advertise)    13    24771.32    20    24
(relay)    20    27    24810.73    24    24810.44    4    1
(advertise)    13    24810.93    27    24
(relay)    6    12    24833.55    24    24810.96    4    1
(advertise)    13    24833.95    12    24
(relay)    12    0    24864.16    24    24831.73    2    1
(advertise)    13    24864.36    0    24
(relay)    20    40    24878.37    24    24872.21    2    1
(advertise)    13    24885.37    40    24
(relay)    20    48    24963.99    24    24958.4    4    1
(advertise)    13    24964.19    48    24
(relay)    20    41    25030.8    25    25027.51    4    1
(advertise)    13    25031.0    41    25
(relay)    12    18    25075.21    25    25072.57    2    1
(advertise)    13    25075.41    18    25
(relay)    12    3    25098.82    25    25091.21    4    1
(advertise)    13    25099.22    3    25
(relay)    12    4    25122.64    25    25113.61    4    1
(advertise)    13    25124.24    4    25
(relay)    12    19    25153.25    25    25151.94    4    1
(advertise)    13    25153.45    19    25
(relay)    20    26    25175.46    25    25170.32    2    1
(advertise)    13    25176.86    26    25
(relay)    12    7    25199.68    25    25155.94    2    1
(advertise)    13    25200.48    7    25
(relay)    6    2    25220.89    25    25166.2    2    1
(advertise)    13    25223.69    2    25
(relay)    20    47    25252.1    25    25246.66    2    1
(advertise)    13    25252.5    47    25
(relay)    20    45    25274.72    25    25257.92    2    1
(advertise)    13    25275.12    45    25
(relay)    20    34    25487.53    25    25485.4    4    1
(advertise)    13    25487.73    34    25
(relay)    12    11    25573.34    25    25571.5    4    1
(advertise)    13    25573.54    11    25
(generate)    13    25596.75    [24]    25
(relay)    6    5    25648.57    25    25647.28    6    1
(advertise)    13    25648.77    5    25
(relay)    6    6    25669.38    25    25668.89    8    1
(advertise)    13    25670.38    6    25
(relay)    12    1    25701.59    25    25682.56    2    1
(advertise)    13    25701.79    1    25
(relay)    12    10    25764.81    25    25751.76    2    1
(advertise)    13    25765.01    10    25
(relay)    20    20    25771.42    25    25770.5    6    1
(advertise)    13    25787.62    20    25
(relay)    12    12    25811.23    25    25811.0    6    1
(advertise)    13    25812.03    12    25
(relay)    6    0    25841.65    25    25831.9    2    1
(advertise)    13    25841.85    0    25
(relay)    20    40    25877.06    25    25872.3    2    1
(advertise)    13    25877.26    40    25
(relay)    20    48    25963.47    25    25958.6    4    1
(advertise)    13    25963.67    48    25
(relay)    20    41    26030.88    26    26027.62    4    1
(advertise)    13    26031.08    41    26
(relay)    12    18    26073.7    26    26072.73    2    1
(advertise)    13    26073.9    18    26
(relay)    20    3    26118.31    26    26091.28    2    1
(advertise)    13    26118.51    3    26
(relay)    20    4    26141.92    26    26113.81    2    1
(advertise)    13    26142.12    4    26
(relay)    12    19    26153.34    26    26151.94    4    1
(advertise)    13    26163.34    19    26
(relay)    12    26    26175.35    26    26170.42    2    1
(advertise)    13    26186.35    26    26
(relay)    6    2    26225.96    26    26166.38    2    1
(advertise)    13    26226.16    2    26
(relay)    12    47    26250.38    26    26246.73    2    1
(advertise)    13    26250.58    47    26
(relay)    20    45    26273.39    26    26257.99    2    1
(advertise)    13    26274.59    45    26
(relay)    20    34    26487.4    26    26485.43    4    1
(advertise)    13    26487.6    34    26
(relay)    12    11    26573.21    26    26571.51    4    1
(advertise)    13    26573.41    11    26
(generate)    13    26596.83    [24]    26
(relay)    12    8    26626.04    26    26616.48    2    1
(advertise)    13    26626.24    8    26
(relay)    12    5    26648.65    26    26647.37    6    1
(advertise)    13    26649.45    5    26
(relay)    6    6    26670.07    26    26669.09    8    1
(advertise)    13    26671.67    6    26
(relay)    12    10    26767.28    26    26751.81    2    1
(advertise)    13    26767.48    10    26
(relay)    20    20    26771.49    26    26770.55    6    1
(advertise)    13    26788.69    20    26
(relay)    12    12    26811.11    26    26811.06    6    1
(advertise)    13    26812.11    12    26
(relay)    20    40    26881.32    26    26872.37    2    1
(advertise)    13    26881.52    40    26
(relay)    20    48    26963.53    26    26958.62    4    1
(advertise)    13    26963.73    48    26
(relay)    20    41    27031.34    27    27027.74    4    1
(advertise)    13    27031.54    41    27
(relay)    20    18    27073.56    27    27072.74    2    1
(advertise)    13    27073.76    18    27
(relay)    20    33    27097.97    27    27075.49    2    1
(advertise)    13    27098.37    33    27
(relay)    20    4    27144.98    27    27113.83    2    1
(advertise)    13    27145.18    4    27
(relay)    20    19    27167.4    27    27152.13    4    1
(advertise)    13    27167.6    19    27
(relay)    12    26    27189.21    27    27170.52    2    1
(advertise)    13    27189.41    26    27
(relay)    12    2    27213.02    27    27166.4    2    1
(advertise)    13    27213.42    2    27
(relay)    20    47    27261.44    27    27246.81    2    1
(advertise)    13    27261.64    47    27
(relay)    20    45    27288.05    27    27258.06    2    1
(advertise)    13    27288.45    45    27
(relay)    12    9    27343.06    27    27341.6    2    1
(advertise)    13    27343.26    9    27
(relay)    20    34    27501.87    27    27485.48    4    1
(advertise)    13    27502.07    34    27
(relay)    12    11    27573.89    27    27571.53    4    1
(advertise)    13    27574.09    11    27
(generate)    13    27596.9    [24]    27
(relay)    12    8    27625.71    27    27616.57    2    1
(advertise)    13    27625.91    8    27
(relay)    6    5    27649.13    27    27647.43    6    1
(advertise)    13    27650.13    5    27
(relay)    6    6    27670.34    27    27669.24    8    1
(advertise)    13    27671.74    6    27
(relay)    6    1    27700.95    27    27682.68    2    1
(advertise)    13    27701.15    1    27
(relay)    20    20    27771.57    27    27770.58    6    1
(advertise)    13    27771.77    20    27
(relay)    12    12    27811.78    27    27811.08    6    1
(advertise)    13    27811.98    12    27
(relay)    12    27    27836.99    27    27810.73    2    1
(advertise)    13    27837.39    27    27
(relay)    12    0    27860.8    27    27832.26    2    1
(advertise)    13    27861.8    0    27
(relay)    20    40    27881.42    27    27872.45    2    1
(advertise)    13    27883.42    40    27
(relay)    20    48    27962.03    27    27958.81    4    1
(advertise)    13    27962.23    48    27
(relay)    20    41    28032.44    28    28027.84    4    1
(advertise)    13    28032.64    41    28
(relay)    20    18    28073.86    28    28072.93    2    1
(advertise)    13    28074.06    18    28
(relay)    20    33    28096.47    28    28075.5    2    1
(advertise)    13    28097.27    33    28
(relay)    20    3    28120.68    28    28091.41    2    1
(advertise)    13    28120.88    3    28
(relay)    12    4    28122.7    28    28113.85    4    1
(advertise)    13    28142.5    4    28
(relay)    12    19    28153.11    28    28152.14    4    1
(advertise)    13    28163.71    19    28
(relay)    12    26    28174.52    28    28170.63    2    1
(advertise)    13    28185.72    26    28
(relay)    6    2    28198.33    28    28166.42    2    1
(advertise)    13    28209.13    2    28
(relay)    20    47    28248.15    28    28246.89    2    1
(advertise)    13    28248.35    47    28
(relay)    20    45    28275.16    28    28258.12    2    1
(advertise)    13    28276.16    45    28
(relay)    12    9    28344.57    28    28341.77    2    1
(advertise)    13    28344.77    9    28
(relay)    20    34    28488.99    28    28485.53    4    1
(advertise)    13    28489.19    34    28
(relay)    12    11    28572.8    28    28571.53    4    1
(advertise)    13    28573.0    11    28
(generate)    13    28597.01    [24]    28
(relay)    12    8    28624.23    28    28616.69    2    1
(advertise)    13    28624.43    8    28
(relay)    12    5    28649.24    28    28647.53    6    1
(advertise)    13    28650.04    5    28
(relay)    6    6    28670.45    28    28669.44    8    1
(advertise)    13    28671.45    6    28
(relay)    6    1    28699.26    28    28682.79    2    1
(advertise)    13    28699.66    1    28
(heartbeat)    24    7    28677.28    13    28701.28    5    5
(advertise)    13    28722.48    24    7
(relay)    20    46    28747.69    28    28740.3    2    1
(advertise)    13    28747.89    46    28
(relay)    12    10    28770.9    28    28751.94    2    1
(advertise)    13    28771.9    10    28
(relay)    12    12    28811.92    28    28811.39    6    1
(advertise)    13    28812.12    12    28
(relay)    12    0    28842.73    28    28832.27    2    1
(advertise)    13    28842.93    0    28
(relay)    20    40    28873.74    28    28872.54    2    1
(advertise)    13    28873.94    40    28
(relay)    20    48    28960.16    28    28958.99    4    1
(advertise)    13    28960.36    48    28
(relay)    20    41    29031.77    29    29027.93    4    1
(advertise)    13    29031.97    41    29
(relay)    20    18    29074.18    29    29072.93    2    1
(advertise)    13    29074.38    18    29
(relay)    12    3    29098.19    29    29091.48    4    1
(advertise)    13    29098.99    3    29
(relay)    12    4    29121.61    29    29113.88    4    1
(advertise)    13    29122.01    4    29
(relay)    12    19    29153.02    29    29152.19    4    1
(advertise)    13    29153.22    19    29
(relay)    12    26    29175.03    29    29170.73    2    1
(advertise)    13    29176.23    26    29
(relay)    12    7    29196.45    29    29156.39    2    1
(advertise)    13    29197.85    7    29
(relay)    6    2    29221.66    29    29166.46    2    1
(advertise)    13    29221.86    2    29
(relay)    20    47    29249.67    29    29247.01    2    1
(advertise)    13    29250.07    47    29
(relay)    12    9    29344.09    29    29341.92    2    1
(advertise)    13    29344.29    9    29
(relay)    20    34    29489.1    29    29485.57    4    1
(advertise)    13    29489.3    34    29
(relay)    12    11    29572.91    29    29571.55    4    1
(advertise)    13    29573.11    11    29
(generate)    13    29597.12    [24]    29
(relay)    12    8    29623.74    29    29616.75    2    1
(advertise)    13    29623.94    8    29
(relay)    6    5    29648.95    29    29647.63    6    1
(advertise)    13    29649.35    5    29
(relay)    6    6    29670.56    29    29669.62    8    1
(advertise)    13    29671.56    6    29
(relay)    12    1    29699.78    29    29682.88    2    1
(advertise)    13    29699.98    1    29
(relay)    20    46    29746.99    29    29740.31    2    1
(advertise)    13    29747.19    46    29
(relay)    20    20    29770.8    29    29770.7    6    1
(advertise)    13    29771.4    20    29
(relay)    12    12    29812.02    29    29811.45    6    1
(advertise)    13    29812.22    12    29
(relay)    20    40    29874.43    29    29872.63    2    1
(advertise)    13    29874.63    40    29
(relay)    20    48    29960.84    29    29959.18    4    1
(advertise)    13    29961.04    48    29
