(relay)    16    41    1027.6    1    1025.0    120    1
(advertise)    15    1027.8    41    1
(relay)    14    28    1064.61    1    1062.01    125    1
(advertise)    15    1064.81    28    1
(relay)    16    18    1089.03    1    1069.03    125    1
(advertise)    15    1089.43    18    1
(relay)    8    3    1112.44    1    1089.21    124    1
(advertise)    15    1113.24    3    1
(relay)    16    4    1135.25    1    1111.04    123    1
(advertise)    15    1135.45    4    1
(relay)    16    33    1157.47    1    1071.01    122    1
(advertise)    15    1157.67    33    1
(relay)    14    7    1160.68    1    1153.07    126    1
(relay)    16    16    1178.08    1    1177.08    127    2
(advertise)    15    1178.68    7    1
(relay)    8    2    1181.49    1    1164.05    125    2
(advertise)    15    1200.09    16    1
(advertise)    15    1221.7    2    1
(relay)    16    19    1225.92    1    1149.07    124    1
(advertise)    15    1244.52    19    1
(relay)    22    35    1247.73    1    1161.07    124    1
(relay)    16    26    1248.73    1    1166.08    123    2
(advertise)    15    1267.13    35    1
(advertise)    15    1290.14    26    1
(relay)    16    17    1292.76    1    1292.14    126    1
(advertise)    15    1311.76    17    1
(relay)    16    23    1316.37    1    1297.16    126    1
(advertise)    15    1333.57    23    1
(relay)    16    45    1338.98    1    1255.13    122    1
(advertise)    15    1358.18    45    1
(relay)    14    36    1362.2    1    1294.14    123    1
(advertise)    15    1379.4    36    1
(relay)    16    47    1383.01    1    1244.12    120    1
(advertise)    15    1401.81    47    1
(relay)    14    9    1406.82    1    1337.18    124    1
(advertise)    15    1423.02    9    1
(relay)    16    30    1427.83    1    1393.01    125    1
(advertise)    15    1445.43    30    1
(relay)    16    31    1449.85    1    1315.16    124    1
(advertise)    15    1466.45    31    1
(relay)    16    39    1470.46    1    1373.2    122    1
(advertise)    15    1490.66    39    1
(relay)    16    43    1494.47    1    1378.2    122    1
(advertise)    15    1512.47    43    1
(relay)    14    44    1516.69    1    1425.02    121    1
(advertise)    15    1533.69    44    1
(relay)    16    38    1545.1    1    1440.03    123    1
(advertise)    15    1555.1    38    1
(relay)    16    21    1569.11    1    1535.09    124    1
(advertise)    15    1578.11    21    1
(relay)    16    42    1593.13    1    1489.05    121    1
(relay)    8    11    1596.73    1    1568.11    124    2
(advertise)    15    1599.33    42    1
(relay)    8    8    1615.14    1    1614.11    127    2
(relay)    16    25    1616.34    1    1533.09    122    3
(advertise)    15    1621.54    11    1
(relay)    16    34    1636.75    1    1483.06    115    3
(advertise)    15    1643.55    8    1
(advertise)    15    1667.56    25    1
(relay)    22    32    1671.38    1    1496.07    121    2
(relay)    8    1    1685.98    1    1680.16    126    3
(advertise)    15    1690.18    34    1
(advertise)    15    1712.19    32    1
(relay)    22    29    1718.6    1    1653.15    126    2
(relay)    14    14    1724.2    1    1724.0    127    3
(advertise)    15    1733.4    1    1
(advertise)    15    1755.62    29    1
(relay)    16    13    1772.03    1    1594.13    122    2
(advertise)    15    1777.63    14    1
(advertise)    15    1798.84    13    1
(relay)    16    5    1817.26    1    1645.15    122    1
(advertise)    15    1821.06    5    1
(relay)    22    46    1828.27    1    1738.0    121    1
(relay)    16    6    1838.47    1    1665.14    121    2
(advertise)    15    1843.27    46    1
(relay)    8    0    1862.28    1    1829.04    125    2
(advertise)    15    1864.28    6    1
(relay)    16    10    1882.69    1    1750.02    123    2
(advertise)    15    1885.69    0    1
(relay)    22    37    1893.91    1    1843.07    124    2
(generate)    15    1895.11    [24]    1
(relay)    22    22    1897.12    1    1896.11    127    3
(advertise)    15    1907.92    10    1
(advertise)    15    1929.73    37    1
(relay)    22    20    1939.15    1    1769.02    117    2
(relay)    16    12    1948.75    1    1809.04    123    3
(advertise)    15    1952.15    22    1
(advertise)    15    1975.36    20    1
(relay)    22    40    1994.57    1    1870.29    121    2
(advertise)    15    1996.37    12    1
(advertise)    15    2017.39    40    1
(relay)    8    27    2038.4    1    1808.06    120    1
(advertise)    15    2041.2    27    1
(relay)    16    18    2078.21    2    2069.2    123    1
(advertise)    15    2078.41    18    2
(relay)    16    48    2099.62    1    1955.11    119    1
(advertise)    15    2101.22    48    1
(relay)    8    3    2102.64    2    2089.4    124    1
(relay)    22    28    2105.64    2    2062.2    125    2
(advertise)    15    2123.04    3    2
(advertise)    15    2144.65    28    2
(relay)    16    4    2166.06    2    2111.22    123    1
(advertise)    15    2166.66    4    2
(relay)    22    41    2172.48    2    2025.17    120    1
(relay)    14    7    2173.68    2    2153.24    126    2
(relay)    16    16    2177.48    2    2177.28    127    3
(advertise)    15    2189.28    41    2
(relay)    16    2    2208.89    2    2164.24    125    3
(advertise)    15    2210.29    7    2
(relay)    22    35    2219.5    2    2161.25    124    3
(advertise)    15    2231.7    16    2
(relay)    16    33    2251.92    2    2071.6    122    3
(advertise)    15    2254.92    2    2
(relay)    16    19    2272.13    2    2149.25    122    3
(advertise)    15    2278.53    35    2
(advertise)    15    2299.74    33    2
(relay)    16    26    2316.15    2    2166.26    123    2
(advertise)    15    2321.95    19    2
(relay)    22    23    2329.97    2    2297.34    126    2
(relay)    16    17    2338.57    2    2292.34    126    3
(advertise)    15    2342.97    26    2
(advertise)    15    2364.18    23    2
(relay)    8    9    2367.59    2    2337.37    126    2
(relay)    14    36    2369.99    2    2294.74    123    3
(relay)    16    47    2381.79    2    2244.32    120    4
(advertise)    15    2386.39    17    2
(relay)    16    31    2404.61    2    2315.35    124    4
(advertise)    15    2407.61    9    2
(advertise)    15    2429.82    36    2
(relay)    22    45    2440.83    2    2255.92    122    3
(relay)    16    30    2447.63    2    2393.81    125    4
(advertise)    15    2452.23    47    2
(advertise)    15    2474.04    31    2
(advertise)    15    2495.26    45    2
(advertise)    15    2518.07    30    2
(relay)    14    43    2524.08    2    2378.37    122    1
(relay)    16    39    2538.28    2    2373.39    122    2
(advertise)    15    2539.88    43    2
(advertise)    15    2560.9    39    2
(relay)    14    21    2566.71    2    2535.27    126    1
(relay)    16    38    2582.91    2    2440.23    123    2
(advertise)    15    2583.91    21    2
(relay)    16    25    2604.32    2    2533.28    124    2
(advertise)    15    2604.92    38    2
(relay)    8    8    2615.34    2    2614.31    127    2
(relay)    22    44    2617.94    2    2425.21    123    3
(advertise)    15    2627.94    25    2
(advertise)    15    2649.55    8    2
(relay)    8    34    2656.16    2    2483.24    119    2
(advertise)    15    2670.76    44    2
(relay)    16    32    2672.57    2    2496.26    123    2
(advertise)    15    2692.97    34    2
(relay)    14    29    2697.59    2    2653.35    124    2
(relay)    8    1    2699.59    2    2680.36    126    3
(advertise)    15    2714.39    32    2
(relay)    14    14    2724.4    2    2724.2    127    3
(advertise)    15    2736.6    29    2
(relay)    16    42    2738.01    2    2489.22    121    3
(advertise)    15    2758.61    1    2
(relay)    16    13    2760.63    2    2594.31    122    3
(advertise)    15    2780.63    14    2
(relay)    8    5    2789.64    2    2645.34    122    3
(advertise)    15    2801.64    42    2
(relay)    22    11    2816.85    2    2568.31    118    3
(advertise)    15    2824.85    13    2
(advertise)    15    2846.47    5    2
(advertise)    15    2869.88    11    2
(relay)    8    0    2880.09    2    2829.2    125    1
(advertise)    15    2892.29    0    2
(generate)    15    2895.3    [24]    2
(relay)    22    22    2896.52    2    2896.29    127    1
(relay)    22    46    2904.92    2    2738.2    121    2
(advertise)    15    2914.32    22    2
(relay)    8    6    2922.93    2    2665.32    121    2
(advertise)    15    2936.53    46    2
(advertise)    15    2958.14    6    2
(relay)    22    10    2971.16    2    2750.21    123    1
(advertise)    15    2980.76    10    2
(relay)    8    12    3012.97    2    2809.23    121    1
(advertise)    15    3013.17    12    2
(relay)    22    37    3017.58    2    2843.47    124    1
(advertise)    15    3036.58    37    2
(relay)    8    20    3060.8    2    2769.21    119    1
(advertise)    15    3061.0    20    2
(relay)    22    40    3082.21    2    2870.48    121    1
(advertise)    15    3083.01    40    2
(relay)    14    27    3087.62    2    2808.24    118    1
(advertise)    15    3105.62    27    2
(relay)    22    28    3126.23    3    3062.4    125    1
(advertise)    15    3127.23    28    3
(relay)    22    48    3147.85    2    2955.29    119    1
(advertise)    15    3149.05    48    2
(relay)    8    3    3150.66    3    3089.6    124    1
(advertise)    15    3171.06    3    3
(relay)    8    7    3172.87    3    3153.43    126    1
(relay)    16    16    3177.47    3    3177.46    127    2
(advertise)    15    3193.07    7    3
(relay)    8    18    3198.09    3    3069.4    123    2
(advertise)    15    3214.89    16    3
(relay)    22    41    3216.3    3    3025.37    120    2
(advertise)    15    3236.3    18    3
(relay)    8    4    3244.71    3    3111.42    123    2
(advertise)    15    3258.71    41    3
(relay)    22    33    3260.73    3    3071.8    122    2
(advertise)    15    3280.73    4    3
(relay)    8    2    3289.34    3    3164.42    125    2
(advertise)    15    3302.54    33    3
(relay)    22    35    3306.55    3    3161.45    122    2
(relay)    16    19    3314.95    3    3149.45    124    3
(advertise)    15    3325.35    2    3
(relay)    16    17    3336.16    3    3292.53    126    3
(advertise)    15    3346.96    35    3
(relay)    22    23    3350.98    3    3297.53    126    3
(advertise)    15    3370.38    19    3
(relay)    8    9    3378.39    3    3337.56    126    3
(advertise)    15    3391.39    17    3
(relay)    22    36    3394.8    3    3294.93    125    3
(advertise)    15    3412.4    23    3
(relay)    8    26    3424.22    3    3167.66    119    3
(advertise)    15    3434.62    9    3
(advertise)    15    3457.43    36    3
(relay)    16    31    3470.64    3    3315.55    124    2
(advertise)    15    3479.04    26    3
(relay)    16    47    3492.46    3    3244.49    118    2
(advertise)    15    3501.06    31    3
(advertise)    15    3524.07    47    3
(relay)    22    30    3525.68    3    3394.0    125    1
(advertise)    15    3545.48    30    3
(relay)    22    43    3547.29    3    3378.56    122    1
(relay)    14    21    3552.09    3    3535.47    126    2
(relay)    8    45    3553.69    3    3256.1    114    3
(relay)    16    38    3564.69    3    3440.43    123    4
(advertise)    15    3567.09    43    3
(advertise)    15    3588.31    21    3
(relay)    16    25    3609.32    3    3533.48    124    3
(advertise)    15    3610.52    45    3
(relay)    8    8    3615.53    3    3614.49    127    3
(advertise)    15    3632.93    38    3
(relay)    22    39    3634.35    3    3373.59    122    3
(relay)    16    11    3651.95    3    3568.51    124    4
(advertise)    15    3655.15    25    3
(advertise)    15    3677.16    8    3
(relay)    22    44    3678.57    3    3425.22    123    3
(advertise)    15    3699.57    39    3
(relay)    22    32    3700.79    3    3496.46    123    3
(advertise)    15    3720.79    11    3
(relay)    22    29    3724.2    3    3653.55    126    3
(relay)    14    14    3725.2    3    3725.0    127    4
(relay)    8    1    3731.4    3    3680.55    126    5
(advertise)    15    3742.4    44    3
(advertise)    15    3764.01    32    3
(relay)    8    5    3777.02    3    3645.35    122    4
(advertise)    15    3786.62    29    3
(relay)    22    42    3792.64    3    3489.42    123    4
(advertise)    15    3809.64    14    3
(advertise)    15    3832.65    1    3
(relay)    22    34    3836.46    3    3483.44    117    3
(relay)    8    10    3843.86    3    3750.41    125    4
(relay)    16    13    3853.26    3    3594.51    122    5
(advertise)    15    3853.86    5    3
(advertise)    15    3874.88    42    3
(generate)    15    3895.49    [24]    3
(relay)    22    22    3896.7    3    3896.49    127    4
(advertise)    15    3897.1    34    3
(relay)    14    0    3898.32    3    3829.4    125    4
(relay)    22    46    3904.12    3    3738.4    121    5
(advertise)    15    3918.52    10    3
(advertise)    15    3940.93    13    3
(relay)    22    37    3949.34    3    3843.66    124    4
(advertise)    15    3965.34    22    3
(relay)    8    6    3974.35    3    3665.51    121    4
(advertise)    15    3986.35    0    3
(advertise)    15    4007.97    46    3
(relay)    8    12    4016.38    3    3809.42    123    3
(advertise)    15    4030.98    37    3
(advertise)    15    4051.99    6    3
(advertise)    15    4073.61    12    3
(relay)    22    40    4081.22    3    3870.68    121    1
(relay)    16    20    4095.02    3    3769.22    121    2
(advertise)    15    4095.42    40    3
(advertise)    15    4118.03    20    3
(relay)    22    28    4125.45    4    4062.59    125    1
(advertise)    15    4140.05    28    4
(relay)    8    27    4150.86    3    3808.44    118    1
(advertise)    15    4162.26    27    3
(relay)    16    16    4177.67    4    4177.66    127    1
(relay)    14    7    4184.27    4    4153.63    126    2
(advertise)    15    4186.27    16    4
(relay)    16    3    4205.68    4    4089.81    124    2
(advertise)    15    4207.48    7    4
(relay)    22    41    4212.9    4    4025.57    120    2
(advertise)    15    4229.7    3    4
(relay)    16    18    4251.31    4    4069.59    123    2
(advertise)    15    4251.71    41    4
(relay)    22    35    4255.12    4    4161.63    124    2
(advertise)    15    4274.72    18    4
(relay)    8    2    4281.14    4    4164.62    125    2
(relay)    16    33    4295.14    4    4071.98    122    3
(advertise)    15    4299.74    35    4
(advertise)    15    4323.15    2    4
(relay)    22    23    4344.56    4    4297.54    126    2
(advertise)    15    4345.16    33    4
(relay)    8    4    4348.98    4    4111.62    121    2
(relay)    14    48    4361.98    3    3955.48    117    3
(advertise)    15    4367.58    23    4
(relay)    16    17    4383.99    4    4292.72    126    3
(advertise)    15    4389.19    4    4
(relay)    8    9    4394.0    4    4337.75    126    3
(advertise)    15    4412.0    48    3
(relay)    16    26    4427.61    4    4167.86    123    3
(advertise)    15    4434.01    17    4
(relay)    8    19    4439.03    4    4149.65    120    3
(relay)    22    31    4453.63    4    4315.95    124    4
(advertise)    15    4457.23    9    4
(relay)    22    36    4476.24    4    4295.12    123    4
(advertise)    15    4478.84    26    4
(advertise)    15    4501.65    19    4
(advertise)    15    4524.67    31    4
(relay)    8    47    4526.68    4    4244.68    116    2
(relay)    16    30    4538.28    4    4394.2    125    3
(advertise)    15    4548.68    36    4
(relay)    14    45    4559.29    4    4256.11    120    3
(advertise)    15    4569.89    47    4
(advertise)    15    4591.51    30    4
(relay)    14    21    4605.12    4    4535.67    126    2
(advertise)    15    4614.52    45    4
(relay)    16    11    4630.13    4    4568.69    122    2
(advertise)    15    4636.33    21    4
(relay)    14    43    4649.74    4    4378.76    122    2
(advertise)    15    4660.34    11    4
(relay)    22    44    4672.96    4    4425.41    123    2
(relay)    16    8    4674.76    4    4614.69    125    3
(advertise)    15    4684.56    43    4
(relay)    22    29    4695.37    4    4653.56    126    3
(relay)    16    38    4697.77    4    4440.61    123    4
(advertise)    15    4705.57    44    4
(relay)    16    25    4719.38    4    4533.68    122    4
(relay)    14    14    4725.38    4    4725.18    127    5
(advertise)    15    4729.78    8    4
(relay)    14    42    4737.6    4    4489.61    123    5
(advertise)    15    4751.4    29    4
(relay)    16    34    4765.01    4    4483.64    121    5
(advertise)    15    4772.81    38    4
(relay)    8    39    4774.02    4    4373.79    120    5
(relay)    14    1    4782.22    4    4680.74    124    6
(advertise)    15    4796.82    25    4
(advertise)    15    4817.84    14    4
(relay)    22    32    4826.85    4    4496.65    123    5
(advertise)    15    4839.85    42    4
(relay)    8    13    4860.86    4    4594.69    122    5
(advertise)    15    4861.66    34    4
(heartbeat)    24    1    4677.2    15    4873.47    127    0
(advertise)    15    4882.67    39    4
(generate)    15    4895.69    [24]    4
(advertise)    15    4903.7    1    4
(relay)    8    10    4905.11    4    4750.61    125    4
(advertise)    15    4925.91    32    4
(relay)    8    0    4928.73    4    4829.57    125    4
(advertise)    15    4950.13    13    4
(advertise)    15    4972.34    24    1
(relay)    22    46    4984.15    4    4738.6    121    3
(advertise)    15    4995.55    10    4
(relay)    16    5    5010.97    4    4645.52    122    3
(advertise)    15    5016.57    0    4
(relay)    22    37    5028.78    4    4843.86    2    3
(relay)    16    6    5033.18    4    4665.71    121    4
(advertise)    15    5037.78    46    4
(relay)    14    22    5047.19    4    4896.5    2    4
(advertise)    15    5060.79    5    4
(relay)    16    12    5076.0    4    4809.62    123    4
(advertise)    15    5083.0    37    4
(relay)    8    20    5101.42    4    4769.41    121    4
(advertise)    15    5105.22    6    4
(advertise)    15    5128.03    22    4
(relay)    14    28    5137.04    5    5063.39    4    3
(advertise)    15    5150.04    12    4
(advertise)    15    5172.26    20    4
(relay)    16    16    5177.87    5    5177.86    4    2
(relay)    16    18    5183.27    5    5069.8    2    3
(advertise)    15    5193.87    28    5
(relay)    14    7    5202.88    5    5153.83    6    3
(relay)    22    35    5205.48    5    5161.83    4    4
(advertise)    15    5216.88    16    5
(relay)    8    2    5219.9    5    5164.82    6    4
(relay)    16    3    5226.5    5    5089.99    4    5
(advertise)    15    5237.9    18    5
(advertise)    15    5260.91    7    5
(advertise)    15    5282.92    35    5
(relay)    8    4    5287.13    5    5113.02    2    3
(relay)    22    23    5299.53    5    5297.73    2    4
(advertise)    15    5305.33    2    5
(relay)    16    19    5314.95    5    5149.84    4    4
(advertise)    15    5326.75    3    5
(relay)    8    9    5339.16    5    5337.95    6    4
(advertise)    15    5347.96    4    5
(relay)    22    36    5368.57    5    5295.32    4    4
(advertise)    15    5369.17    23    5
(advertise)    15    5391.59    19    5
(relay)    16    17    5403.8    5    5292.91    2    3
(advertise)    15    5413.6    9    5
(advertise)    15    5434.81    36    5
(advertise)    15    5457.43    17    5
(relay)    16    30    5479.84    5    5394.4    2    1
(advertise)    15    5480.04    30    5
(relay)    16    47    5501.45    5    5244.88    2    1
(advertise)    15    5502.05    47    5
(relay)    22    42    5507.86    5    5489.71    4    1
(advertise)    15    5524.46    42    5
(relay)    14    21    5536.28    5    5535.85    4    1
(advertise)    15    5546.08    21    5
(relay)    8    11    5574.29    5    5568.88    2    1
(advertise)    15    5574.49    11    5
(relay)    8    13    5601.5    5    5594.83    2    1
(advertise)    15    5601.9    13    5
(relay)    8    8    5614.92    5    5614.77    6    1
(advertise)    15    5624.72    8    5
(relay)    8    5    5650.13    5    5645.63    2    1
(advertise)    15    5650.33    5    5
(relay)    22    29    5654.94    5    5653.74    4    1
(advertise)    15    5672.54    29    5
(relay)    8    6    5676.56    5    5665.75    2    1
(advertise)    15    5695.36    6    5
(relay)    8    1    5698.97    5    5680.84    8    1
(advertise)    15    5717.57    1    5
(relay)    14    14    5725.78    5    5725.25    6    1
(advertise)    15    5738.58    14    5
(relay)    16    10    5764.99    5    5750.65    4    1
(advertise)    15    5765.19    10    5
(relay)    8    12    5813.81    5    5809.69    2    1
(advertise)    15    5814.01    12    5
(relay)    14    0    5836.42    5    5829.75    6    1
(advertise)    15    5836.62    0    5
(relay)    16    20    5862.63    5    5769.48    2    1
(advertise)    15    5863.03    20    5
(generate)    15    5895.85    [24]    5
(relay)    22    22    5897.46    5    5897.34    4    1
(advertise)    15    5897.66    22    5
(relay)    16    37    5942.87    5    5844.05    2    1
(advertise)    15    5943.07    37    5
(relay)    22    28    6064.29    6    6063.5    4    1
(advertise)    15    6064.49    28    6
(relay)    8    3    6092.3    6    6090.12    4    1
(advertise)    15    6092.5    3    6
(relay)    8    4    6118.51    6    6113.09    2    1
(advertise)    15    6118.91    4    6
(relay)    8    7    6154.52    6    6154.01    6    1
(advertise)    15    6154.72    7    6
(relay)    16    16    6178.54    6    6177.9    4    1
(advertise)    15    6178.74    16    6
(relay)    16    2    6196.75    6    6164.89    6    1
(advertise)    15    6201.35    2    6
(relay)    22    35    6203.76    6    6162.01    4    1
(advertise)    15    6223.36    35    6
(relay)    16    47    6266.18    6    6245.03    2    1
(advertise)    15    6266.38    47    6
(relay)    16    17    6294.39    6    6293.09    4    1
(advertise)    15    6294.59    17    6
(relay)    16    23    6316.0    6    6297.91    2    1
(advertise)    15    6316.6    23    6
(relay)    14    36    6320.22    6    6295.42    2    1
(advertise)    15    6338.02    36    6
(relay)    16    9    6339.83    6    6338.03    4    1
(advertise)    15    6359.43    9    6
(relay)    22    30    6397.64    6    6394.44    2    1
(advertise)    15    6397.84    30    6
(relay)    14    43    6420.85    6    6379.09    2    1
(advertise)    15    6421.65    43    6
(relay)    16    44    6466.07    6    6425.61    2    1
(advertise)    15    6466.27    44    6
(relay)    22    42    6495.08    6    6489.89    4    1
(advertise)    15    6495.48    42    6
(relay)    14    21    6536.89    6    6535.96    4    1
(advertise)    15    6537.09    21    6
(relay)    8    8    6614.91    6    6614.85    6    1
(advertise)    15    6615.11    8    6
(relay)    8    5    6649.72    6    6645.7    2    1
(advertise)    15    6649.92    5    6
(relay)    22    29    6655.53    6    6653.78    4    1
(advertise)    15    6672.13    29    6
(relay)    8    6    6675.75    6    6665.76    2    1
(advertise)    15    6693.75    6    6
(relay)    8    1    6695.96    6    6680.95    8    1
(advertise)    15    6714.96    1    6
(relay)    14    14    6725.77    6    6725.31    6    1
(advertise)    15    6738.37    14    6
(relay)    8    10    6763.98    6    6750.71    4    1
(advertise)    15    6764.38    10    6
(relay)    8    12    6812.8    6    6809.74    4    1
(advertise)    15    6813.0    12    6
(relay)    14    0    6836.01    6    6829.76    6    1
(advertise)    15    6837.41    0    6
(relay)    22    37    6864.02    6    6844.05    2    1
(advertise)    15    6864.22    37    6
(generate)    15    6896.04    [24]    6
(relay)    22    22    6898.65    6    6898.05    4    1
(advertise)    15    6898.85    22    6
(relay)    22    28    7064.26    7    7063.54    4    1
(advertise)    15    7064.46    28    7
(relay)    8    3    7092.48    7    7090.16    4    1
(advertise)    15    7093.08    3    7
(relay)    8    4    7119.29    7    7113.11    2    1
(advertise)    15    7119.89    4    7
(relay)    8    7    7154.5    7    7154.11    6    1
(advertise)    15    7154.7    7    7
(relay)    16    16    7178.51    7    7178.05    4    1
(advertise)    15    7178.91    16    7
(relay)    16    2    7196.93    7    7164.92    6    1
(advertise)    15    7200.13    2    7
(relay)    14    35    7202.34    7    7162.12    4    1
(advertise)    15    7222.54    35    7
(relay)    16    17    7294.95    7    7293.19    4    1
(advertise)    15    7295.15    17    7
(relay)    22    23    7300.17    7    7298.0    2    1
(advertise)    15    7317.17    23    7
(relay)    22    36    7320.78    7    7295.52    4    1
(advertise)    15    7338.58    36    7
(relay)    16    9    7362.59    7    7338.19    4    1
(advertise)    15    7362.79    9    7
(relay)    14    43    7389.21    7    7379.18    2    1
(advertise)    15    7389.41    43    7
(relay)    14    42    7496.02    7    7490.09    4    1
(advertise)    15    7496.22    42    7
(relay)    14    21    7536.83    7    7536.1    4    1
(advertise)    15    7537.03    21    7
(relay)    8    11    7573.44    7    7569.22    2    1
(advertise)    15    7573.64    11    7
(relay)    16    13    7598.86    7    7595.02    2    1
(advertise)    15    7599.06    13    7
(relay)    8    8    7615.07    7    7614.93    6    1
(advertise)    15    7622.87    8    7
(relay)    8    5    7651.08    7    7645.77    2    1
(advertise)    15    7651.28    5    7
(relay)    22    29    7656.1    7    7653.84    4    1
(advertise)    15    7674.5    29    7
(relay)    8    6    7676.51    7    7665.94    2    1
(relay)    8    1    7696.91    7    7681.06    8    2
(advertise)    15    7697.91    6    7
(advertise)    15    7721.72    1    7
(relay)    14    14    7725.94    7    7725.36    6    1
(advertise)    15    7745.34    14    7
(relay)    8    10    7765.15    7    7750.77    4    1
(advertise)    15    7766.95    10    7
(relay)    16    12    7814.76    7    7809.8    4    1
(advertise)    15    7814.96    12    7
(relay)    8    0    7838.17    7    7829.76    6    1
(advertise)    15    7838.37    0    7
(relay)    22    37    7863.79    7    7844.27    2    1
(advertise)    15    7863.99    37    7
(generate)    15    7896.2    [24]    7
(relay)    22    22    7898.61    7    7898.13    4    1
(advertise)    15    7898.81    22    7
(relay)    22    28    8064.23    8    8063.58    4    1
(advertise)    15    8064.43    28    8
(relay)    16    18    8088.24    8    8070.1    2    1
(advertise)    15    8088.44    18    8
(relay)    8    3    8092.85    8    8090.24    4    1
(advertise)    15    8109.65    3    8
(relay)    8    4    8119.27    8    8113.13    2    1
(advertise)    15    8133.27    4    8
(relay)    14    7    8154.48    8    8154.21    6    1
(relay)    16    19    8154.88    8    8149.89    4    2
(advertise)    15    8156.48    7    8
(advertise)    15    8177.49    19    8
(relay)    16    16    8178.9    8    8178.41    4    1
(advertise)    15    8200.5    16    8
(relay)    16    35    8223.32    8    8162.22    2    1
(advertise)    15    8224.12    35    8
(relay)    22    47    8248.13    8    8245.24    2    1
(advertise)    15    8248.73    47    8
(relay)    16    17    8295.54    8    8293.26    4    1
(advertise)    15    8295.74    17    8
(relay)    16    23    8316.36    8    8298.09    2    1
(advertise)    15    8316.96    23    8
(relay)    22    36    8320.77    8    8295.55    4    1
(advertise)    15    8338.97    36    8
(relay)    14    9    8346.78    8    8338.37    4    1
(advertise)    15    8362.38    9    8
(relay)    14    43    8389.4    8    8379.66    2    1
(advertise)    15    8389.8    43    8
(relay)    16    30    8429.01    8    8394.63    2    1
(advertise)    15    8429.21    30    8
(relay)    16    44    8460.02    8    8425.64    2    1
(advertise)    15    8460.22    44    8
(relay)    22    42    8494.23    8    8490.27    4    1
(advertise)    15    8494.43    42    8
(relay)    14    21    8537.05    8    8536.24    4    1
(advertise)    15    8537.25    21    8
(relay)    16    13    8598.26    8    8595.14    2    1
(advertise)    15    8598.46    13    8
(relay)    8    8    8615.47    8    8615.01    6    1
(advertise)    15    8620.67    8    8
(relay)    8    5    8651.49    8    8645.84    2    1
(advertise)    15    8651.69    5    8
(relay)    22    29    8656.1    8    8653.86    4    1
(advertise)    15    8673.1    29    8
(relay)    8    6    8674.31    8    8665.96    2    1
(relay)    8    1    8695.51    8    8681.14    6    2
(advertise)    15    8697.51    6    8
(advertise)    15    8718.73    1    8
(heartbeat)    24    2    8677.21    15    8723.14    3    3
(relay)    14    14    8725.94    8    8725.43    6    2
(advertise)    15    8741.34    24    2
(relay)    8    10    8756.75    8    8750.86    2    2
(advertise)    15    8763.35    14    8
(advertise)    15    8785.56    10    8
(relay)    8    12    8828.38    8    8809.86    2    1
(advertise)    15    8828.58    12    8
(relay)    8    0    8850.99    8    8829.78    6    1
(advertise)    15    8852.39    0    8
(relay)    22    37    8876.0    8    8844.31    2    1
(advertise)    15    8876.6    37    8
(generate)    15    8896.22    [24]    8
(relay)    22    22    8898.83    8    8898.23    4    1
(advertise)    15    8899.03    22    8
(relay)    14    28    9064.84    9    9063.63    4    1
(advertise)    15    9065.04    28    9
(relay)    16    18    9089.06    9    9070.26    2    1
(advertise)    15    9089.26    18    9
(relay)    8    3    9093.67    9    9090.32    4    1
(advertise)    15    9113.87    3    9
(relay)    8    4    9119.08    9    9113.17    2    1
(advertise)    15    9136.88    4    9
(relay)    8    7    9155.09    9    9154.34    6    1
(advertise)    15    9160.29    7    9
(relay)    16    16    9179.11    9    9178.6    4    1
(relay)    8    2    9180.51    9    9164.98    4    2
(advertise)    15    9182.11    16    9
(advertise)    15    9205.32    2    9
(relay)    16    19    9206.73    9    9150.08    2    1
(advertise)    15    9226.93    19    9
(relay)    16    35    9228.15    9    9162.33    2    1
(advertise)    15    9248.95    35    9
(relay)    16    17    9295.76    9    9293.36    4    1
(advertise)    15    9295.96    17    9
(relay)    16    23    9317.57    9    9298.21    2    1
(advertise)    15    9318.17    23    9
(relay)    8    9    9339.19    9    9338.37    6    1
(advertise)    15    9339.39    9    9
(relay)    16    36    9360.4    9    9295.6    2    1
(advertise)    15    9361.4    36    9
(relay)    14    43    9388.21    9    9379.73    2    1
(advertise)    15    9388.41    43    9
(relay)    22    30    9432.22    9    9394.79    2    1
(advertise)    15    9432.42    30    9
(relay)    22    42    9497.84    9    9490.29    4    1
(advertise)    15    9498.04    42    9
(relay)    22    21    9537.85    9    9536.34    4    1
(advertise)    15    9538.05    21    9
(relay)    16    11    9573.26    9    9569.57    2    1
(advertise)    15    9573.46    11    9
(relay)    8    13    9597.88    9    9595.27    2    1
(advertise)    15    9598.28    13    9
(relay)    8    8    9615.69    9    9615.11    6    1
(advertise)    15    9621.29    8    9
(relay)    16    5    9652.1    9    9645.96    2    1
(advertise)    15    9652.3    5    9
(relay)    22    29    9656.32    9    9653.91    4    1
(relay)    8    6    9675.12    9    9666.15    2    2
(advertise)    15    9675.72    29    9
(relay)    8    1    9697.73    9    9681.24    8    2
(advertise)    15    9697.93    6    9
(advertise)    15    9719.14    1    9
(relay)    14    14    9726.56    9    9725.45    6    1
(advertise)    15    9741.76    14    9
(relay)    16    10    9766.57    9    9750.89    4    1
(advertise)    15    9767.77    10    9
(relay)    16    20    9790.38    9    9769.8    2    1
(advertise)    15    9791.38    20    9
(relay)    8    12    9815.39    9    9809.94    4    1
(advertise)    15    9816.39    12    9
(relay)    8    0    9838.81    9    9829.79    6    1
(advertise)    15    9839.21    0    9
(relay)    22    37    9864.62    9    9844.34    2    1
(advertise)    15    9864.82    37    9
(generate)    15    9896.23    [24]    9
(relay)    22    22    9898.85    9    9898.31    4    1
(advertise)    15    9899.05    22    9
(relay)    14    28    10065.26    10    10063.65    4    1
(advertise)    15    10065.46    28    10
(relay)    16    18    10090.87    10    10070.44    2    1
(advertise)    15    10091.07    18    10
(relay)    8    3    10094.69    10    10090.36    4    1
(advertise)    15    10113.29    3    10
(relay)    8    4    10119.7    10    10113.2    2    1
(advertise)    15    10135.7    4    10
(relay)    14    7    10155.31    10    10154.44    6    1
(advertise)    15    10158.11    7    10
(relay)    16    16    10179.72    10    10178.77    4    1
(advertise)    15    10181.72    16    10
(relay)    14    35    10182.94    10    10162.4    4    1
(relay)    16    2    10202.74    10    10165.18    6    2
(advertise)    15    10204.14    35    10
(advertise)    15    10225.95    2    10
(relay)    16    17    10294.76    10    10293.43    4    1
(advertise)    15    10294.96    17    10
(relay)    22    23    10298.78    10    10298.31    2    1
(advertise)    15    10319.58    23    10
(relay)    22    36    10320.79    10    10295.66    4    1
(relay)    8    9    10339.79    10    10338.54    6    2
(advertise)    15    10341.59    36    10
(advertise)    15    10363.0    9    10
(relay)    22    43    10392.22    10    10380.63    2    1
(advertise)    15    10392.42    43    10
(relay)    16    44    10459.43    10    10425.65    2    1
(advertise)    15    10459.63    44    10
(relay)    14    42    10492.84    10    10490.47    4    1
(advertise)    15    10493.04    42    10
(relay)    14    21    10538.25    10    10536.45    4    1
(advertise)    15    10538.45    21    10
(relay)    8    8    10615.67    10    10615.19    6    1
(advertise)    15    10615.87    8    10
(relay)    16    11    10619.88    10    10569.74    2    1
(advertise)    15    10637.88    11    10
(relay)    8    5    10652.49    10    10646.06    2    1
(relay)    22    29    10654.49    10    10653.95    4    2
(advertise)    15    10659.49    5    10
(relay)    8    6    10673.11    10    10666.35    2    2
(advertise)    15    10681.71    29    10
(relay)    8    1    10694.52    10    10681.33    8    2
(advertise)    15    10703.72    6    10
(relay)    14    14    10726.53    10    10725.5    6    2
(advertise)    15    10727.93    1    10
(advertise)    15    10749.75    14    10
(relay)    8    10    10765.56    10    10750.93    2    1
(advertise)    15    10773.16    10    10
(relay)    16    12    10815.37    10    10810.02    4    1
(advertise)    15    10815.57    12    10
(relay)    8    0    10839.58    10    10829.81    6    1
(advertise)    15    10839.78    0    10
(relay)    22    37    10862.8    10    10844.34    2    1
(advertise)    15    10863.0    37    10
(generate)    15    10896.41    [24]    10
(relay)    22    22    10899.82    10    10898.79    4    1
(advertise)    15    10900.02    22    10
(relay)    14    28    11065.64    11    11063.67    4    1
(advertise)    15    11065.84    28    11
(relay)    8    3    11095.05    11    11090.38    4    1
(advertise)    15    11095.25    3    11
(relay)    8    4    11116.86    11    11113.21    2    1
(advertise)    15    11117.86    4    11
(relay)    22    7    11157.68    11    11154.54    4    1
(advertise)    15    11157.88    7    11
(relay)    16    16    11179.89    11    11178.92    4    1
(advertise)    15    11180.29    16    11
(relay)    16    2    11182.1    11    11165.2    6    1
(advertise)    15    11201.7    2    11
(relay)    22    35    11203.91    11    11162.46    4    1
(relay)    16    19    11204.71    11    11150.41    2    2
(advertise)    15    11225.11    35    11
(advertise)    15    11247.13    19    11
(relay)    16    17    11293.94    11    11293.55    4    1
(advertise)    15    11294.14    17    11
(relay)    22    23    11317.55    11    11298.35    2    1
(advertise)    15    11317.75    23    11
(relay)    22    36    11339.57    11    11295.68    2    1
(relay)    8    9    11339.97    11    11338.71    6    2
(advertise)    15    11340.57    36    11
(advertise)    15    11363.38    9    11
(relay)    22    30    11396.19    11    11395.1    2    1
(advertise)    15    11396.39    30    11
(relay)    14    43    11419.61    11    11380.74    2    1
(advertise)    15    11420.61    43    11
(relay)    16    44    11447.62    11    11425.67    2    1
(advertise)    15    11448.02    44    11
(relay)    14    42    11493.83    11    11490.67    4    1
(advertise)    15    11494.03    42    11
(relay)    14    21    11538.24    11    11536.56    4    1
(advertise)    15    11538.44    21    11
(relay)    8    8    11616.26    11    11615.3    6    1
(advertise)    15    11616.46    8    11
(relay)    16    5    11650.87    11    11646.14    2    1
(advertise)    15    11651.07    5    11
(relay)    22    29    11654.48    11    11654.13    4    1
(relay)    8    6    11671.88    11    11666.53    2    2
(advertise)    15    11673.48    29    11
(relay)    8    1    11694.3    11    11681.45    8    2
(advertise)    15    11694.7    6    11
(advertise)    15    11717.91    1    11
(relay)    14    14    11726.52    11    11725.56    6    1
(advertise)    15    11743.72    14    11
(relay)    22    10    11754.34    11    11750.95    2    1
(advertise)    15    11764.94    10    11
(relay)    22    12    11817.35    11    11810.09    2    1
(advertise)    15    11817.55    12    11
(relay)    8    0    11838.56    11    11829.84    6    1
(advertise)    15    11839.76    0    11
(relay)    16    37    11864.17    11    11844.53    2    1
(advertise)    15    11864.77    37    11
(generate)    15    11896.59    [24]    11
(relay)    22    22    11900.0    11    11898.91    4    1
(advertise)    15    11900.2    22    11
(relay)    14    28    12065.81    12    12063.7    4    1
(advertise)    15    12066.01    28    12
(relay)    8    3    12095.23    12    12090.4    4    1
(advertise)    15    12095.43    3    12
(relay)    8    4    12117.24    12    12113.23    2    1
(advertise)    15    12118.24    4    12
(relay)    22    7    12158.45    12    12154.68    4    1
(advertise)    15    12158.65    7    12
(relay)    8    2    12178.47    12    12165.39    6    1
(relay)    16    16    12180.07    12    12179.07    4    2
(advertise)    15    12181.07    2    12
(advertise)    15    12202.48    16    12
(relay)    16    17    12294.09    12    12293.61    4    1
(advertise)    15    12294.29    17    12
(relay)    16    23    12315.7    12    12298.41    2    1
(advertise)    15    12316.7    23    12
(relay)    16    9    12340.52    12    12338.85    6    1
(advertise)    15    12341.12    9    12
(relay)    14    43    12387.73    12    12380.88    2    1
(advertise)    15    12387.93    43    12
(relay)    16    30    12413.74    12    12395.28    2    1
(advertise)    15    12414.14    30    12
(relay)    16    44    12490.56    12    12425.86    2    1
(advertise)    15    12490.76    44    12
(relay)    14    42    12492.57    12    12490.82    4    1
(advertise)    15    12512.77    42    12
(relay)    16    21    12540.78    12    12536.68    2    1
(advertise)    15    12541.18    21    12
(relay)    16    13    12600.8    12    12595.57    2    1
(advertise)    15    12601.0    13    12
(relay)    8    8    12616.41    12    12615.36    6    1
(advertise)    15    12622.61    8    12
(relay)    8    5    12649.42    12    12646.22    2    1
(advertise)    15    12649.82    5    12
(relay)    22    29    12654.63    12    12654.15    4    1
(advertise)    15    12672.83    29    12
(heartbeat)    24    3    12677.23    15    12679.85    3    13
(advertise)    15    12694.45    24    3
(relay)    8    1    12696.06    12    12681.53    8    1
(relay)    16    6    12704.06    12    12666.54    2    2
(advertise)    15    12716.26    1    12
(relay)    14    14    12726.67    12    12725.62    6    2
(advertise)    15    12737.47    6    12
(advertise)    15    12760.49    14    12
(relay)    8    10    12766.9    12    12750.99    2    1
(advertise)    15    12783.1    10    12
(relay)    16    12    12828.31    12    12810.19    2    1
(advertise)    15    12828.51    12    12
(relay)    8    0    12830.53    12    12829.84    6    1
(advertise)    15    12851.93    0    12
(relay)    22    37    12856.14    12    12844.56    2    1
(advertise)    15    12874.74    37    12
(generate)    15    12896.75    [24]    12
(relay)    22    22    12900.16    12    12899.21    4    1
(advertise)    15    12900.56    22    12
(relay)    14    28    13066.18    13    13063.72    4    1
(advertise)    15    13066.38    28    13
(relay)    16    18    13091.79    13    13070.8    2    1
(advertise)    15    13091.99    18    13
(relay)    8    3    13093.6    13    13090.47    4    1
(advertise)    15    13114.6    3    13
(relay)    8    4    13116.82    13    13113.25    2    1
(advertise)    15    13137.02    4    13
(relay)    14    7    13156.43    13    13154.77    6    1
(advertise)    15    13160.03    7    13
(relay)    16    16    13179.44    13    13179.22    4    1
(relay)    22    35    13181.44    13    13162.71    4    2
(advertise)    15    13183.04    16    13
(relay)    16    2    13199.46    13    13165.43    4    2
(advertise)    15    13205.66    35    13
(advertise)    15    13228.27    2    13
(relay)    16    17    13294.08    13    13293.71    2    1
(advertise)    15    13294.28    17    13
(relay)    14    36    13297.29    13    13295.89    2    1
(advertise)    15    13315.89    36    13
(relay)    22    23    13321.11    13    13298.5    2    1
(advertise)    15    13338.11    23    13
(relay)    8    9    13340.92    13    13338.86    4    1
(advertise)    15    13359.92    9    13
(relay)    22    43    13382.53    13    13380.98    2    1
(advertise)    15    13383.33    43    13
(relay)    22    30    13421.55    13    13395.47    2    1
(advertise)    15    13421.75    30    13
(relay)    14    42    13493.56    13    13490.83    4    1
(advertise)    15    13493.76    42    13
(relay)    14    21    13538.17    13    13536.75    4    1
(advertise)    15    13538.37    21    13
(relay)    8    13    13601.19    13    13595.7    2    1
(advertise)    15    13601.39    13    13
(relay)    8    8    13616.4    13    13615.44    6    1
(advertise)    15    13624.4    8    13
(relay)    8    5    13649.21    13    13646.3    2    1
(advertise)    15    13649.81    5    13
(relay)    22    29    13654.42    13    13654.19    4    1
(advertise)    15    13672.82    29    13
(relay)    8    1    13718.84    13    13681.62    6    1
(advertise)    15    13719.04    1    13
(relay)    14    14    13725.65    13    13725.64    6    1
(advertise)    15    13741.25    14    13
(relay)    8    10    13764.86    13    13751.05    4    1
(advertise)    15    13765.06    10    13
(relay)    16    12    13816.88    13    13810.28    2    1
(advertise)    15    13817.08    12    13
(relay)    14    0    13830.49    13    13829.86    6    1
(advertise)    15    13838.49    0    13
(relay)    22    37    13856.7    13    13844.75    2    1
(advertise)    15    13861.1    37    13
(generate)    15    13896.92    [24]    13
(relay)    22    22    13899.33    13    13899.28    4    1
(advertise)    15    13899.53    22    13
(relay)    14    28    14067.14    14    14063.72    4    1
(advertise)    15    14067.34    28    14
(relay)    8    3    14093.15    14    14090.52    4    1
(advertise)    15    14093.55    3    14
(relay)    8    4    14117.17    14    14113.26    2    1
(advertise)    15    14117.37    4    14
(relay)    14    7    14156.58    14    14154.87    6    1
(advertise)    15    14156.78    7    14
(relay)    16    16    14179.39    14    14179.35    4    1
(advertise)    15    14179.79    16    14
(relay)    16    2    14182.81    14    14165.45    4    1
(advertise)    15    14201.61    2    14
(relay)    16    19    14204.42    14    14150.77    2    1
(advertise)    15    14223.42    19    14
(relay)    22    35    14224.63    14    14162.81    4    1
(advertise)    15    14244.83    35    14
(relay)    16    17    14294.65    14    14293.78    2    1
(advertise)    15    14294.85    17    14
(relay)    22    36    14297.86    14    14295.95    4    1
(relay)    16    23    14315.66    14    14298.58    2    2
(advertise)    15    14318.66    36    14
(advertise)    15    14340.87    23    14
(relay)    14    9    14343.88    14    14339.01    2    1
(advertise)    15    14362.88    9    14
(relay)    14    43    14382.9    14    14381.05    2    1
(advertise)    15    14384.7    43    14
(relay)    16    30    14408.91    14    14395.66    2    1
(advertise)    15    14409.31    30    14
(relay)    22    44    14476.92    14    14426.09    2    1
(advertise)    15    14477.12    44    14
(relay)    22    42    14500.74    14    14490.84    4    1
(advertise)    15    14501.34    42    14
(relay)    22    21    14537.15    14    14536.85    4    1
(advertise)    15    14537.35    21    14
(relay)    8    8    14616.56    14    14615.51    6    1
(advertise)    15    14616.76    8    14
(relay)    8    5    14649.98    14    14646.4    2    1
(advertise)    15    14650.18    5    14
(relay)    22    29    14655.39    14    14654.2    4    1
(advertise)    15    14671.99    29    14
(relay)    14    1    14717.4    14    14681.68    4    1
(advertise)    15    14717.6    1    14
(relay)    14    14    14725.81    14    14725.69    6    1
(advertise)    15    14742.01    14    14
(relay)    16    10    14763.23    14    14751.11    4    1
(advertise)    15    14764.83    10    14
(relay)    14    0    14831.44    14    14830.03    6    1
(advertise)    15    14831.64    0    14
(relay)    22    37    14859.25    14    14844.77    2    1
(advertise)    15    14859.85    37    14
(generate)    15    14897.07    [24]    14
(relay)    22    22    14899.48    14    14899.37    4    1
(advertise)    15    14899.68    22    14
(relay)    22    28    15066.29    15    15063.91    4    1
(advertise)    15    15066.49    28    15
(relay)    16    18    15090.11    15    15071.1    2    1
(advertise)    15    15090.31    18    15
(relay)    8    3    15092.32    15    15090.58    4    1
(advertise)    15    15112.72    3    15
(relay)    8    4    15118.13    15    15113.27    2    1
(advertise)    15    15134.13    4    15
(relay)    14    7    15157.14    15    15154.98    6    1
(advertise)    15    15157.34    7    15
(relay)    16    16    15179.56    15    15179.52    4    1
(relay)    8    2    15179.96    15    15165.47    4    2
(advertise)    15    15180.36    16    15
(relay)    16    19    15201.17    15    15150.77    2    2
(advertise)    15    15201.57    2    15
(advertise)    15    15223.18    19    15
(relay)    22    35    15225.6    15    15162.87    2    1
(advertise)    15    15244.4    35    15
(relay)    16    17    15295.21    15    15293.91    2    1
(advertise)    15    15295.41    17    15
(relay)    22    36    15298.22    15    15296.03    4    1
(advertise)    15    15316.42    36    15
(relay)    22    23    15323.04    15    15298.66    2    1
(advertise)    15    15337.84    23    15
(relay)    8    9    15340.65    15    15339.2    4    1
(advertise)    15    15359.65    9    15
(relay)    14    43    15384.06    15    15381.15    2    1
(advertise)    15    15384.46    43    15
(relay)    16    30    15408.47    15    15395.78    2    1
(advertise)    15    15409.27    30    15
(relay)    22    44    15435.49    15    15426.28    2    1
(advertise)    15    15435.69    44    15
(relay)    14    42    15495.1    15    15491.03    4    1
(advertise)    15    15495.3    42    15
(relay)    14    21    15537.71    15    15536.95    4    1
(advertise)    15    15537.91    21    15
(relay)    16    11    15573.53    15    15570.6    2    1
(advertise)    15    15573.73    11    15
(relay)    16    13    15602.94    15    15595.87    2    1
(advertise)    15    15603.34    13    15
(relay)    8    8    15615.75    15    15615.74    6    1
(advertise)    15    15626.35    8    15
(relay)    16    5    15651.37    15    15646.45    2    1
(advertise)    15    15651.77    5    15
(relay)    22    29    15655.78    15    15654.37    4    1
(advertise)    15    15673.98    29    15
(relay)    8    6    15675.99    15    15667.12    2    1
(advertise)    15    15694.99    6    15
(relay)    16    1    15698.8    15    15681.74    4    1
(advertise)    15    15716.2    1    15
(relay)    14    14    15725.82    15    15725.71    6    1
(advertise)    15    15738.22    14    15
(relay)    16    10    15762.03    15    15751.16    4    1
(advertise)    15    15762.43    10    15
(relay)    14    0    15835.04    15    15830.22    6    1
(advertise)    15    15835.24    0    15
(relay)    22    37    15862.06    15    15844.94    2    1
(advertise)    15    15862.26    37    15
(generate)    15    15897.07    [24]    15
(relay)    22    22    15899.48    15    15899.44    4    1
(advertise)    15    15899.68    22    15
(relay)    22    28    16064.9    16    16064.1    4    1
(advertise)    15    16065.1    28    16
(relay)    8    3    16093.11    16    16090.65    4    1
(advertise)    15    16093.31    3    16
(relay)    8    4    16117.52    16    16113.28    2    1
(advertise)    15    16117.72    4    16
(relay)    8    7    16156.53    16    16155.08    6    1
(advertise)    15    16156.73    7    16
(relay)    8    2    16177.95    16    16165.65    4    1
(advertise)    15    16178.75    2    16
(relay)    16    16    16180.96    16    16180.29    4    1
(advertise)    15    16200.96    16    16
(relay)    22    35    16225.77    16    16162.93    4    1
(advertise)    15    16225.97    35    16
(relay)    16    17    16295.19    16    16294.0    2    1
(advertise)    15    16295.39    17    16
(relay)    22    36    16298.8    16    16296.06    4    1
(advertise)    15    16317.6    36    16
(relay)    22    23    16321.41    16    16298.73    2    1
(advertise)    15    16339.21    23    16
(relay)    14    9    16341.43    16    16339.35    2    1
(advertise)    15    16361.43    9    16
(relay)    22    30    16399.64    16    16395.93    2    1
(advertise)    15    16399.84    30    16
(relay)    22    43    16421.85    16    16381.19    2    1
(advertise)    15    16423.05    43    16
(relay)    22    44    16445.86    16    16426.3    2    1
(advertise)    15    16446.46    44    16
(relay)    14    42    16497.08    16    16491.2    4    1
(advertise)    15    16497.28    42    16
(relay)    22    21    16537.69    16    16537.05    4    1
(advertise)    15    16537.89    21    16
(relay)    8    8    16615.9    16    16615.8    6    1
(advertise)    15    16616.1    8    16
(relay)    8    5    16650.52    16    16646.49    2    1
(advertise)    15    16650.72    5    16
(relay)    22    29    16655.73    16    16654.53    4    1
(advertise)    15    16674.33    29    16
(relay)    8    6    16675.74    16    16667.32    2    1
(advertise)    15    16695.34    6    16
(relay)    14    1    16699.16    16    16681.82    4    1
(heartbeat)    24    4    16677.24    15    16699.56    3    13
(advertise)    15    16717.56    1    16
(relay)    14    14    16726.37    16    16725.76    6    2
(advertise)    15    16739.57    24    4
(advertise)    15    16761.78    14    16
(relay)    8    10    16771.79    16    16751.25    2    1
(advertise)    15    16783.79    10    16
(relay)    14    0    16832.41    16    16830.41    6    1
(advertise)    15    16832.61    0    16
(relay)    22    37    16860.82    16    16845.13    2    1
(advertise)    15    16861.02    37    16
(generate)    15    16897.23    [24]    16
(relay)    22    22    16899.65    16    16899.53    4    1
(advertise)    15    16899.85    22    16
(relay)    22    28    17065.06    17    17064.12    4    1
(advertise)    15    17065.26    28    17
(relay)    16    18    17088.87    17    17071.39    2    1
(advertise)    15    17089.07    18    17
(relay)    8    3    17093.09    17    17090.73    4    1
(advertise)    15    17111.89    3    17
(relay)    8    4    17118.5    17    17113.3    2    1
(advertise)    15    17133.7    4    17
(relay)    8    7    17155.51    17    17155.16    6    1
(advertise)    15    17156.11    7    17
(relay)    14    2    17180.52    17    17165.68    2    1
(relay)    16    16    17180.92    17    17180.41    4    2
(advertise)    15    17181.12    2    17
(relay)    22    35    17184.74    17    17163.06    4    2
(relay)    16    19    17202.74    17    17150.96    2    3
(advertise)    15    17203.94    16    17
(advertise)    15    17226.15    35    17
(advertise)    15    17248.56    19    17
(relay)    16    17    17295.78    17    17294.09    2    1
(advertise)    15    17295.98    17    17
(relay)    22    36    17299.59    17    17296.12    4    1
(relay)    16    23    17317.19    17    17298.82    2    2
(advertise)    15    17318.19    36    17
(advertise)    15    17340.0    23    17
(relay)    16    9    17360.82    17    17339.51    4    1
(advertise)    15    17363.82    9    17
(relay)    22    30    17424.63    17    17396.1    2    1
(advertise)    15    17424.83    30    17
(relay)    22    44    17454.64    17    17426.31    2    1
(advertise)    15    17454.84    44    17
(relay)    14    42    17497.05    17    17491.38    4    1
(advertise)    15    17497.25    42    17
(relay)    14    21    17538.07    17    17537.14    4    1
(advertise)    15    17538.27    21    17
(relay)    16    11    17574.88    17    17570.76    2    1
(advertise)    15    17575.08    11    17
(relay)    8    8    17615.89    17    17615.85    6    1
(advertise)    15    17616.09    8    17
(relay)    8    5    17651.11    17    17646.59    2    1
(advertise)    15    17651.31    5    17
(relay)    22    29    17656.72    17    17654.54    4    1
(advertise)    15    17674.32    29    17
(relay)    8    1    17683.13    17    17681.9    6    1
(relay)    16    6    17694.53    17    17667.51    2    2
(advertise)    15    17696.93    1    17
(advertise)    15    17720.35    6    17
(relay)    14    14    17726.36    17    17725.78    6    1
(advertise)    15    17741.56    14    17
(relay)    16    10    17764.77    17    17751.29    2    1
(advertise)    15    17765.77    10    17
(relay)    8    12    17813.38    17    17810.46    2    1
(advertise)    15    17813.58    12    17
(relay)    14    0    17837.2    17    17830.59    6    1
(advertise)    15    17837.8    0    17
(relay)    22    37    17863.41    17    17845.15    2    1
(advertise)    15    17863.61    37    17
(generate)    15    17897.42    [24]    17
(relay)    22    22    17900.24    17    17899.59    4    1
(advertise)    15    17900.44    22    17
(relay)    8    28    18065.45    18    18064.14    2    1
(advertise)    15    18065.65    28    18
(relay)    8    3    18093.46    18    18090.79    4    1
(advertise)    15    18093.86    3    18
(relay)    8    4    18119.68    18    18113.3    2    1
(advertise)    15    18120.28    4    18
(relay)    22    7    18156.29    18    18155.27    4    1
(advertise)    15    18156.49    7    18
(relay)    8    2    18178.5    18    18165.88    4    1
(advertise)    15    18179.3    2    18
(relay)    16    16    18182.31    18    18181.74    4    1
(advertise)    15    18200.91    16    18
(relay)    16    19    18203.73    18    18151.15    2    1
(advertise)    15    18224.73    19    18
(relay)    16    17    18296.34    18    18294.21    2    1
(advertise)    15    18296.54    17    18
(relay)    22    36    18299.55    18    18296.17    4    1
(relay)    16    23    18317.75    18    18298.88    2    2
(advertise)    15    18319.75    36    18
(relay)    8    9    18340.17    18    18339.68    4    2
(advertise)    15    18341.57    23    18
(advertise)    15    18363.98    9    18
(relay)    22    30    18401.79    18    18396.24    2    1
(advertise)    15    18401.99    30    18
(relay)    22    43    18423.41    18    18381.29    2    1
(advertise)    15    18425.21    43    18
(relay)    22    44    18447.42    18    18426.33    2    1
(advertise)    15    18447.62    44    18
(relay)    22    42    18495.63    18    18491.39    4    1
(advertise)    15    18495.83    42    18
(relay)    14    21    18538.04    18    18537.2    4    1
(advertise)    15    18538.24    21    18
(relay)    8    11    18575.66    18    18570.77    2    1
(advertise)    15    18575.86    11    18
(relay)    16    13    18599.47    18    18596.13    2    1
(advertise)    15    18599.67    13    18
(relay)    8    8    18616.48    18    18615.92    6    1
(advertise)    15    18623.68    8    18
(relay)    16    5    18651.9    18    18646.72    2    1
(advertise)    15    18652.3    5    18
(relay)    22    29    18656.91    18    18654.71    4    1
(advertise)    15    18674.71    29    18
(relay)    16    6    18697.72    18    18667.67    2    1
(advertise)    15    18698.32    6    18
(relay)    16    1    18722.34    18    18681.96    2    1
(advertise)    15    18722.54    1    18
(relay)    14    14    18726.55    18    18725.97    6    1
(advertise)    15    18743.95    14    18
(relay)    8    10    18768.96    18    18751.35    2    1
(advertise)    15    18769.56    10    18
(relay)    22    0    18835.57    18    18830.77    4    1
(advertise)    15    18835.77    0    18
(relay)    16    12    18840.99    18    18810.52    2    1
(relay)    22    37    18858.39    18    18845.31    2    2
(advertise)    15    18858.59    12    18
(advertise)    15    18880.0    37    18
(generate)    15    18897.61    [24]    18
(relay)    22    22    18900.23    18    18899.62    4    1
(advertise)    15    18901.43    22    18
(relay)    14    28    19065.64    19    19064.34    4    1
(advertise)    15    19065.84    28    19
(relay)    8    3    19095.25    19    19090.83    4    1
(advertise)    15    19095.45    3    19
(relay)    8    4    19119.47    19    19113.31    2    1
(advertise)    15    19119.67    4    19
(relay)    22    7    19157.28    19    19155.35    4    1
(advertise)    15    19157.48    7    19
(relay)    8    2    19178.29    19    19165.89    4    1
(advertise)    15    19180.29    2    19
(relay)    16    16    19182.9    19    19182.26    4    1
(relay)    22    35    19184.3    19    19163.22    4    2
(advertise)    15    19202.1    16    19
(advertise)    15    19223.92    35    19
(relay)    16    17    19296.53    19    19294.32    2    1
(advertise)    15    19296.73    17    19
(relay)    22    36    19298.74    19    19296.21    4    1
(relay)    16    23    19317.34    19    19298.99    2    2
(advertise)    15    19319.94    36    19
(relay)    8    9    19340.76    19    19339.83    4    2
(advertise)    15    19342.76    23    19
(advertise)    15    19365.97    9    19
(relay)    22    30    19411.58    19    19396.39    2    1
(advertise)    15    19411.78    30    19
(relay)    22    44    19438.2    19    19426.53    2    1
(advertise)    15    19439.0    44    19
(relay)    22    42    19494.61    19    19491.57    4    1
(advertise)    15    19494.81    42    19
(relay)    16    21    19540.22    19    19537.26    2    1
(advertise)    15    19540.42    21    19
(relay)    8    8    19616.63    19    19616.0    6    1
(advertise)    15    19616.83    8    19
(relay)    22    29    19657.05    19    19654.84    4    1
(advertise)    15    19657.25    29    19
(relay)    8    6    19696.86    19    19667.87    2    1
(advertise)    15    19697.06    6    19
(relay)    8    1    19720.07    19    19682.04    6    1
(advertise)    15    19721.27    1    19
(relay)    14    14    19727.09    19    19725.99    6    1
(advertise)    15    19742.49    14    19
(relay)    8    10    19767.7    19    19751.43    2    1
(advertise)    15    19768.1    10    19
(relay)    8    0    19834.31    19    19830.96    6    1
(advertise)    15    19834.51    0    19
(relay)    22    37    19859.53    19    19845.48    2    1
(advertise)    15    19859.93    37    19
(relay)    16    12    19890.74    19    19810.6    2    1
(advertise)    15    19890.94    12    19
(generate)    15    19897.75    [24]    19
(relay)    22    22    19900.16    19    19899.67    4    1
(advertise)    15    19911.96    22    19
(relay)    14    28    20065.38    20    20064.36    4    1
(advertise)    15    20065.58    28    20
(relay)    8    3    20094.99    20    20090.88    4    1
(advertise)    15    20095.19    3    20
(relay)    8    4    20117.4    20    20113.32    2    1
(advertise)    15    20118.6    4    20
(relay)    14    7    20156.22    20    20155.45    6    1
(advertise)    15    20156.42    7    20
(relay)    8    2    20179.23    20    20165.91    4    1
(advertise)    15    20180.03    2    20
(relay)    22    35    20182.64    20    20163.3    4    1
(relay)    16    16    20184.24    20    20183.19    4    2
(advertise)    15    20201.64    35    20
(relay)    16    19    20204.26    20    20151.16    2    2
(advertise)    15    20224.06    16    20
(advertise)    15    20247.07    19    20
(relay)    16    17    20296.08    20    20294.85    2    1
(advertise)    15    20296.28    17    20
(relay)    22    36    20298.09    20    20296.3    4    1
(relay)    16    23    20317.49    20    20299.05    2    2
(advertise)    15    20318.49    36    20
(advertise)    15    20339.51    23    20
(relay)    8    9    20341.32    20    20340.02    4    1
(advertise)    15    20360.92    9    20
(relay)    22    43    20386.93    20    20381.45    2    1
(advertise)    15    20387.13    43    20
(relay)    22    44    20460.15    20    20427.92    2    1
(advertise)    15    20460.35    44    20
(relay)    8    42    20493.56    20    20491.76    2    1
(advertise)    15    20493.76    42    20
(relay)    14    21    20539.17    20    20537.35    4    1
(advertise)    15    20539.37    21    20
(relay)    8    11    20572.99    20    20570.96    2    1
(advertise)    15    20573.19    11    20
(relay)    16    13    20599.4    20    20596.3    2    1
(advertise)    15    20600.0    13    20
(relay)    8    8    20616.61    20    20616.06    6    1
(advertise)    15    20623.01    8    20
(relay)    8    5    20653.82    20    20646.86    2    1
(advertise)    15    20654.02    5    20
(relay)    22    29    20655.24    20    20654.85    4    1
(relay)    16    6    20674.24    20    20668.01    2    2
(advertise)    15    20675.44    29    20
(relay)    8    1    20696.85    20    20682.14    6    2
(advertise)    15    20697.65    6    20
(advertise)    15    20719.86    1    20
(heartbeat)    24    5    20677.25    15    20722.88    3    13
(relay)    14    14    20727.08    20    20726.04    6    2
(advertise)    15    20741.08    24    5
(advertise)    15    20762.49    14    20
(relay)    16    10    20788.1    20    20751.49    2    1
(advertise)    15    20788.3    10    20
(relay)    8    0    20833.72    20    20830.98    6    1
(advertise)    15    20833.92    0    20
(relay)    22    37    20857.13    20    20845.67    2    1
(advertise)    15    20858.13    37    20
(generate)    15    20897.94    [24]    20
(relay)    22    22    20901.35    20    20900.36    4    1
(advertise)    15    20901.55    22    20
(relay)    14    28    21066.57    21    21064.37    4    1
(advertise)    15    21066.77    28    21
(relay)    16    18    21092.58    21    21072.06    2    1
(advertise)    15    21093.58    18    21
(relay)    8    3    21098.59    21    21090.95    2    1
(advertise)    15    21116.79    3    21
(relay)    8    4    21118.41    21    21113.33    2    1
(advertise)    15    21138.01    4    21
(relay)    14    7    21157.02    21    21155.55    6    1
(advertise)    15    21160.42    7    21
(relay)    8    2    21180.03    21    21165.94    4    1
(advertise)    15    21181.63    2    21
(relay)    16    16    21184.85    21    21183.78    4    1
(relay)    16    19    21203.65    21    21151.35    2    2
(advertise)    15    21204.45    16    21
(advertise)    15    21225.46    19    21
(relay)    16    17    21295.67    21    21294.96    2    1
(advertise)    15    21295.87    17    21
(relay)    22    36    21297.48    21    21296.39    4    1
(advertise)    15    21318.08    36    21
(relay)    16    23    21320.3    21    21299.17    2    1
(advertise)    15    21339.7    23    21
(relay)    8    9    21341.51    21    21340.02    4    1
(advertise)    15    21363.11    9    21
(relay)    22    30    21399.32    21    21396.7    2    1
(advertise)    15    21399.52    30    21
(relay)    22    43    21423.34    21    21381.56    4    1
(advertise)    15    21424.14    43    21
(relay)    22    44    21449.15    21    21427.95    2    1
(advertise)    15    21449.35    44    21
(relay)    14    42    21493.36    21    21491.76    4    1
(advertise)    15    21493.56    42    21
(relay)    14    21    21539.18    21    21537.44    4    1
(advertise)    15    21539.38    21    21
(relay)    8    13    21599.99    21    21596.4    2    1
(advertise)    15    21600.19    13    21
(relay)    8    8    21616.6    21    21616.13    6    1
(advertise)    15    21622.2    8    21
(relay)    8    5    21652.01    21    21646.95    2    1
(advertise)    15    21652.21    5    21
(relay)    22    29    21655.23    21    21654.87    4    1
(advertise)    15    21673.63    29    21
(relay)    14    1    21701.64    21    21682.24    4    1
(advertise)    15    21701.84    1    21
(relay)    14    14    21727.05    21    21726.06    6    1
(advertise)    15    21727.25    14    21
(relay)    16    10    21762.67    21    21751.52    2    1
(advertise)    15    21762.87    10    21
(relay)    16    12    21815.88    21    21810.74    2    1
(advertise)    15    21816.08    12    21
(relay)    8    0    21839.29    21    21831.17    6    1
(advertise)    15    21839.49    0    21
(relay)    22    37    21865.51    21    21845.86    2    1
(advertise)    15    21865.71    37    21
(generate)    15    21898.12    [24]    21
(relay)    22    22    21901.53    21    21900.6    4    1
(advertise)    15    21901.73    22    21
(relay)    14    28    22066.54    22    22064.38    4    1
(advertise)    15    22066.74    28    22
(relay)    16    18    22091.96    22    22072.24    2    1
(advertise)    15    22092.16    18    22
(relay)    8    3    22095.97    22    22091.0    4    1
(advertise)    15    22114.57    3    22
(relay)    8    4    22118.58    22    22113.35    2    1
(advertise)    15    22136.58    4    22
(relay)    16    7    22159.2    22    22155.63    4    1
(advertise)    15    22159.4    7    22
(relay)    16    2    22182.21    22    22166.14    4    1
(advertise)    15    22182.41    2    22
(relay)    22    35    22183.62    22    22163.5    4    1
(relay)    16    16    22185.02    22    22183.95    4    2
(advertise)    15    22203.42    35    22
(advertise)    15    22226.84    16    22
(relay)    16    17    22295.45    22    22295.05    2    1
(advertise)    15    22295.65    17    22
(relay)    22    36    22297.66    22    22296.49    4    1
(relay)    16    23    22317.66    22    22299.27    2    2
(advertise)    15    22318.06    36    22
(advertise)    15    22340.07    23    22
(relay)    8    9    22342.49    22    22340.78    4    1
(advertise)    15    22361.29    9    22
(relay)    14    43    22383.3    22    22381.68    2    1
(advertise)    15    22384.5    43    22
(relay)    16    30    22433.51    22    22396.87    2    1
(advertise)    15    22433.71    30    22
(relay)    22    44    22458.33    22    22428.14    2    1
(advertise)    15    22459.13    44    22
(relay)    14    42    22493.54    22    22491.95    4    1
(advertise)    15    22493.74    42    22
(relay)    14    21    22539.55    22    22537.52    4    1
(advertise)    15    22539.75    21    22
(relay)    16    11    22572.37    22    22571.33    2    1
(advertise)    15    22572.57    11    22
(relay)    8    13    22600.78    22    22596.48    2    1
(advertise)    15    22601.18    13    22
(relay)    8    8    22617.19    22    22616.22    6    1
(advertise)    15    22625.19    8    22
(relay)    16    5    22650.8    22    22647.05    2    1
(advertise)    15    22651.2    5    22
(relay)    22    29    22655.22    22    22654.87    4    1
(advertise)    15    22672.62    29    22
(relay)    8    1    22695.03    22    22682.33    6    1
(relay)    16    6    22695.23    22    22668.36    2    2
(advertise)    15    22695.63    1    22
(advertise)    15    22717.84    6    22
(relay)    14    14    22727.06    22    22726.08    6    1
(advertise)    15    22738.86    14    22
(relay)    16    10    22763.07    22    22751.57    2    1
(advertise)    15    22763.87    10    22
(relay)    8    12    22816.48    22    22810.83    2    1
(advertise)    15    22816.68    12    22
(relay)    22    0    22840.5    22    22831.37    4    1
(advertise)    15    22841.3    0    22
(relay)    22    37    22864.51    22    22845.87    2    1
(advertise)    15    22865.11    37    22
(generate)    15    22898.12    [24]    22
(relay)    22    22    22901.73    22    22900.66    4    1
(advertise)    15    22901.93    22    22
(relay)    14    28    23066.95    23    23064.4    4    1
(advertise)    15    23067.15    28    23
(relay)    8    3    23094.16    23    23091.06    4    1
(advertise)    15    23094.36    3    23
(relay)    8    4    23116.97    23    23113.37    2    1
(advertise)    15    23118.37    4    23
(relay)    14    7    23157.59    23    23155.73    6    1
(advertise)    15    23157.79    7    23
(relay)    8    2    23180.8    23    23166.16    4    1
(advertise)    15    23181.8    2    23
(relay)    16    16    23184.21    23    23184.07    4    1
(relay)    16    35    23204.61    23    23163.6    2    2
(advertise)    15    23205.41    16    23
(advertise)    15    23226.63    35    23
(relay)    16    17    23295.64    23    23295.13    2    1
(advertise)    15    23295.84    17    23
(relay)    14    36    23298.85    23    23296.55    2    1
(relay)    16    23    23317.45    23    23299.36    2    2
(advertise)    15    23319.05    36    23
(advertise)    15    23340.26    23    23
(relay)    16    9    23343.48    23    23340.93    4    1
(advertise)    15    23362.88    9    23
(relay)    14    43    23383.29    23    23381.74    2    1
(advertise)    15    23385.89    43    23
(relay)    16    44    23467.1    23    23428.14    2    1
(advertise)    15    23467.3    44    23
(relay)    22    42    23495.12    23    23491.95    4    1
(advertise)    15    23495.32    42    23
(relay)    22    21    23538.73    23    23537.6    4    1
(advertise)    15    23538.93    21    23
(relay)    8    11    23572.74    23    23571.48    2    1
(advertise)    15    23572.94    11    23
(relay)    16    13    23601.96    23    23596.58    2    1
(advertise)    15    23602.16    13    23
(relay)    8    8    23617.37    23    23616.3    6    1
(advertise)    15    23624.57    8    23
(relay)    8    5    23649.38    23    23647.15    2    1
(advertise)    15    23649.58    5    23
(relay)    16    29    23656.59    23    23654.89    2    1
(advertise)    15    23671.59    29    23
(relay)    8    6    23675.81    23    23668.52    2    1
(advertise)    15    23694.61    6    23
(relay)    8    1    23699.42    23    23682.41    6    1
(advertise)    15    23715.82    1    23
(relay)    14    14    23726.23    23    23726.1    6    1
(advertise)    15    23737.83    14    23
(relay)    8    10    23762.85    23    23751.63    2    1
(advertise)    15    23763.05    10    23
(relay)    16    20    23790.46    23    23770.43    2    1
(advertise)    15    23790.66    20    23
(relay)    8    0    23832.27    23    23831.55    6    1
(advertise)    15    23832.47    0    23
(relay)    22    37    23859.09    23    23846.04    2    1
(advertise)    15    23859.29    37    23
(generate)    15    23898.3    [24]    23
(relay)    22    22    23900.71    23    23900.71    4    1
(advertise)    15    23900.91    22    23
(relay)    14    28    24067.92    24    24064.4    4    1
(advertise)    15    24068.12    28    24
(relay)    8    3    24092.94    24    24091.13    4    1
(advertise)    15    24093.54    3    24
(relay)    8    4    24117.55    24    24113.38    2    1
(advertise)    15    24118.15    4    24
(relay)    22    7    24160.36    24    24155.82    4    1
(advertise)    15    24160.56    7    24
(relay)    8    2    24179.58    24    24166.17    4    1
(advertise)    15    24181.58    2    24
(relay)    22    35    24182.79    24    24163.69    4    1
(relay)    16    16    24184.19    24    24184.18    4    2
(advertise)    15    24203.39    35    24
(advertise)    15    24226.2    16    24
(relay)    16    17    24296.22    24    24295.23    2    1
(advertise)    15    24296.42    17    24
(relay)    14    36    24298.83    24    24296.61    2    1
(relay)    16    23    24317.43    24    24299.42    2    2
(advertise)    15    24318.83    36    24
(advertise)    15    24340.24    23    24
(relay)    8    9    24343.45    24    24341.1    4    1
(advertise)    15    24363.85    9    24
(relay)    14    43    24401.27    24    24381.82    2    1
(advertise)    15    24401.47    43    24
(relay)    22    44    24444.28    24    24428.15    2    1
(advertise)    15    24444.48    44    24
(relay)    14    42    24495.69    24    24491.96    4    1
(advertise)    15    24495.89    42    24
(relay)    22    21    24538.11    24    24537.67    4    1
(advertise)    15    24538.31    21    24
(relay)    8    13    24603.12    24    24596.67    2    1
(advertise)    15    24603.32    13    24
(relay)    8    8    24617.33    24    24616.35    6    1
(advertise)    15    24626.13    8    24
(relay)    16    5    24649.75    24    24647.21    2    1
(advertise)    15    24649.95    5    24
(relay)    8    1    24697.76    24    24682.49    6    1
(advertise)    15    24697.96    1    24
(heartbeat)    24    6    24677.27    15    24720.57    3    13
(advertise)    15    24720.97    24    6
(relay)    14    14    24726.18    24    24726.14    6    1
(advertise)    15    24742.58    14    24
(relay)    16    10    24769.4    24    24751.7    2    1
(advertise)    15    24769.8    10    24
(relay)    16    20    24801.01    24    24770.47    2    1
(advertise)    15    24801.21    20    24
(relay)    14    0    24833.22    24    24831.73    6    1
(advertise)    15    24833.42    0    24
(relay)    16    12    24855.84    24    24810.96    2    1
(advertise)    15    24856.24    12    24
(relay)    22    37    24860.45    24    24846.04    2    1
(advertise)    15    24878.65    37    24
(generate)    15    24898.46    [24]    24
(relay)    22    22    24900.88    24    24900.77    4    1
(advertise)    15    24901.28    22    24
(relay)    22    28    25066.09    25    25064.43    4    1
(advertise)    15    25066.29    28    25
(relay)    16    18    25092.3    25    25072.57    2    1
(advertise)    15    25092.5    18    25
(relay)    14    3    25094.11    25    25091.21    2    1
(advertise)    15    25113.91    3    25
(relay)    16    4    25118.13    25    25113.61    2    1
(advertise)    15    25135.13    4    25
(relay)    14    7    25158.34    25    25155.94    6    1
(advertise)    15    25158.54    7    25
(relay)    8    2    25179.55    25    25166.2    4    1
(advertise)    15    25180.35    2    25
(relay)    16    16    25184.37    25    25184.33    4    1
(advertise)    15    25201.77    16    25
(relay)    16    19    25205.98    25    25151.94    2    1
(advertise)    15    25224.18    19    25
(relay)    22    35    25228.19    25    25163.81    4    1
(advertise)    15    25246.59    35    25
(relay)    22    45    25276.41    25    25257.92    4    1
(advertise)    15    25276.61    45    25
(relay)    16    17    25299.22    25    25295.32    2    1
(relay)    22    36    25300.22    25    25296.72    4    2
(advertise)    15    25301.42    17    25
(relay)    16    23    25322.43    25    25299.51    2    2
(advertise)    15    25322.63    36    25
(relay)    8    9    25342.64    25    25341.26    4    2
(advertise)    15    25345.24    23    25
(advertise)    15    25367.86    9    25
(relay)    14    43    25400.47    25    25381.89    2    1
(advertise)    15    25400.67    43    25
(relay)    22    30    25422.88    25    25397.2    2    1
(advertise)    15    25423.48    30    25
(relay)    16    44    25475.9    25    25428.17    2    1
(advertise)    15    25476.1    44    25
(relay)    14    42    25496.31    25    25492.0    4    1
(relay)    16    38    25497.71    25    25442.28    2    2
(advertise)    15    25498.51    42    25
(advertise)    15    25520.72    38    25
(relay)    8    21    25538.94    25    25537.78    2    1
(advertise)    15    25542.74    21    25
(relay)    8    11    25574.15    25    25571.5    2    1
(advertise)    15    25574.35    11    25
(relay)    8    13    25603.76    25    25596.75    2    1
(advertise)    15    25603.96    13    25
(relay)    8    8    25616.57    25    25616.43    6    1
(advertise)    15    25626.17    8    25
(relay)    16    5    25650.79    25    25647.28    2    1
(advertise)    15    25650.99    5    25
(relay)    22    29    25656.4    25    25654.93    4    1
(advertise)    15    25673.2    29    25
(relay)    8    6    25678.01    25    25668.89    2    1
(advertise)    15    25695.21    6    25
(relay)    8    1    25700.23    25    25682.56    6    1
(advertise)    15    25717.63    1    25
(relay)    14    14    25726.24    25    25726.18    6    1
(advertise)    15    25740.44    14    25
(relay)    16    10    25766.25    25    25751.76    2    1
(advertise)    15    25766.65    10    25
(relay)    16    12    25813.87    25    25811.0    2    1
(advertise)    15    25814.07    12    25
(relay)    8    0    25837.08    25    25831.9    6    1
(advertise)    15    25837.68    0    25
(relay)    16    37    25865.09    25    25846.22    2    1
(advertise)    15    25865.29    37    25
(generate)    15    25898.5    [24]    25
(relay)    22    22    25900.92    25    25900.82    4    1
(advertise)    15    25901.12    22    25
(relay)    22    28    26065.13    26    26064.47    4    1
(advertise)    15    26065.33    28    26
(relay)    8    3    26093.34    26    26091.28    4    1
(advertise)    15    26093.54    3    26
(relay)    8    4    26118.36    26    26113.81    2    1
(advertise)    15    26118.56    4    26
(relay)    22    7    26158.97    26    26156.05    4    1
(advertise)    15    26159.17    7    26
(relay)    8    2    26181.38    26    26166.38    4    1
(advertise)    15    26181.78    2    26
(relay)    16    16    26185.0    26    26184.51    4    1
(advertise)    15    26204.2    16    26
(relay)    16    19    26206.21    26    26151.94    2    1
(advertise)    15    26226.41    19    26
(relay)    14    45    26274.02    26    26257.99    2    1
(advertise)    15    26274.22    45    26
(relay)    16    17    26296.63    26    26295.4    2    1
(advertise)    15    26297.03    17    26
(relay)    22    36    26299.85    26    26296.78    4    1
(relay)    16    23    26318.65    26    26299.81    2    2
(advertise)    15    26319.25    36    26
(relay)    8    9    26341.66    26    26341.43    4    2
(advertise)    15    26342.06    23    26
(advertise)    15    26364.07    9    26
(relay)    22    30    26400.69    26    26397.34    2    1
(advertise)    15    26400.89    30    26
(relay)    14    43    26423.7    26    26381.95    2    1
(advertise)    15    26424.1    43    26
(relay)    22    44    26447.31    26    26428.37    2    1
(advertise)    15    26448.51    44    26
(relay)    22    42    26497.53    26    26492.18    4    1
(advertise)    15    26497.73    42    26
(relay)    14    21    26538.34    26    26537.87    4    1
(advertise)    15    26538.54    21    26
(relay)    16    11    26574.75    26    26571.51    2    1
(advertise)    15    26574.95    11    26
(relay)    8    8    26616.56    26    26616.48    6    1
(advertise)    15    26616.76    8    26
(relay)    8    5    26652.18    26    26647.37    2    1
(advertise)    15    26652.38    5    26
(relay)    22    29    26656.79    26    26654.94    4    1
(advertise)    15    26674.59    29    26
(relay)    16    6    26697.8    26    26669.09    2    1
(advertise)    15    26698.0    6    26
(relay)    16    1    26720.62    26    26682.59    4    1
(advertise)    15    26720.82    1    26
(relay)    14    14    26726.83    26    26726.21    6    1
(advertise)    15    26742.23    14    26
(relay)    16    10    26768.64    26    26751.81    2    1
(advertise)    15    26768.84    10    26
(relay)    8    0    26834.06    26    26832.07    6    1
(advertise)    15    26834.26    0    26
(relay)    16    37    26862.47    26    26846.38    2    1
(advertise)    15    26862.67    37    26
(generate)    15    26898.68    [24]    26
(relay)    22    22    26900.89    26    26900.89    4    1
(advertise)    15    26901.09    22    26
(relay)    14    28    27065.11    27    27064.51    4    1
(advertise)    15    27065.31    28    27
(relay)    8    3    27094.12    27    27091.35    4    1
(advertise)    15    27094.32    3    27
(relay)    8    4    27120.33    27    27113.83    2    1
(advertise)    15    27120.53    4    27
(relay)    22    7    27157.35    27    27156.15    4    1
(advertise)    15    27157.55    7    27
(relay)    16    2    27179.76    27    27166.4    4    1
(advertise)    15    27179.96    2    27
(relay)    22    35    27183.17    27    27164.04    4    1
(relay)    16    16    27185.17    27    27184.62    4    2
(advertise)    15    27201.37    35    27
(advertise)    15    27222.79    16    27
(relay)    14    45    27274.2    27    27258.06    2    1
(advertise)    15    27274.4    45    27
(relay)    16    17    27297.21    27    27295.52    2    1
(advertise)    15    27297.41    17    27
(relay)    22    36    27300.42    27    27296.88    4    1
(relay)    16    23    27318.42    27    27299.89    2    2
(advertise)    15    27320.62    36    27
(relay)    8    9    27342.04    27    27341.6    4    2
(advertise)    15    27343.64    23    27
(advertise)    15    27365.65    9    27
(relay)    14    43    27386.86    27    27382.07    2    1
(advertise)    15    27387.46    43    27
(relay)    22    30    27430.88    27    27397.51    2    1
(advertise)    15    27431.08    30    27
(relay)    16    44    27457.09    27    27428.38    2    1
(advertise)    15    27457.49    44    27
(relay)    22    38    27478.1    27    27442.36    2    1
(advertise)    15    27481.9    38    27
(relay)    22    42    27501.12    27    27492.2    4    1
(advertise)    15    27503.92    42    27
(relay)    14    21    27538.73    27    27537.95    4    1
(advertise)    15    27538.93    21    27
(relay)    8    13    27601.74    27    27596.9    2    1
(advertise)    15    27601.94    13    27
(relay)    8    8    27616.75    27    27616.57    6    1
(advertise)    15    27623.55    8    27
(relay)    22    29    27657.17    27    27654.94    4    1
(advertise)    15    27657.37    29    27
(relay)    8    1    27694.78    27    27682.68    6    1
(advertise)    15    27694.98    1    27
(relay)    16    6    27701.99    27    27669.24    2    1
(advertise)    15    27719.39    6    27
(relay)    14    14    27726.81    27    27726.23    6    1
(advertise)    15    27740.81    14    27
(relay)    8    10    27767.62    27    27751.87    2    1
(advertise)    15    27767.82    10    27
(relay)    8    0    27837.83    27    27832.26    6    1
(advertise)    15    27838.03    0    27
(relay)    22    37    27864.25    27    27846.4    2    1
(advertise)    15    27864.45    37    27
(generate)    15    27898.86    [24]    27
(relay)    22    22    27901.47    27    27900.95    4    1
(advertise)    15    27901.67    22    27
(relay)    14    28    28065.08    28    28064.54    4    1
(advertise)    15    28065.28    28    28
(relay)    8    3    28094.3    28    28091.41    4    1
(advertise)    15    28094.5    3    28
(relay)    8    4    28119.71    28    28113.85    2    1
(advertise)    15    28119.91    4    28
(relay)    14    7    28156.52    28    28156.28    6    1
(advertise)    15    28156.72    7    28
(relay)    8    2    28179.94    28    28166.42    4    1
(advertise)    15    28180.54    2    28
(relay)    22    35    28182.95    28    28164.13    4    1
(relay)    16    16    28185.35    28    28184.8    4    2
(advertise)    15    28203.15    35    28
(advertise)    15    28224.96    16    28
(relay)    22    45    28273.18    28    28258.12    4    1
(advertise)    15    28273.38    45    28
(relay)    16    17    28298.39    28    28295.65    2    1
(advertise)    15    28298.59    17    28
(relay)    22    36    28300.4    28    28296.96    4    1
(advertise)    15    28319.8    36    28
(relay)    22    23    28321.01    28    28300.02    2    1
(relay)    8    9    28342.21    28    28341.77    4    2
(advertise)    15    28342.41    23    28
(advertise)    15    28365.03    9    28
(relay)    22    30    28401.84    28    28397.66    2    1
(advertise)    15    28402.04    30    28
(relay)    22    43    28425.25    28    28382.15    4    1
(advertise)    15    28426.05    43    28
(relay)    22    44    28449.47    28    28428.4    2    1
(advertise)    15    28449.67    44    28
(relay)    22    38    28472.28    28    28442.42    2    1
(advertise)    15    28472.88    38    28
(relay)    22    42    28496.29    28    28492.22    4    1
(advertise)    15    28496.69    42    28
(relay)    14    21    28539.51    28    28538.04    4    1
(advertise)    15    28539.71    21    28
(relay)    16    11    28576.12    28    28571.53    2    1
(advertise)    15    28576.32    11    28
(relay)    8    13    28598.93    28    28597.01    2    1
(advertise)    15    28599.33    13    28
(relay)    8    8    28617.34    28    28616.69    6    1
(advertise)    15    28621.34    8    28
(relay)    8    5    28652.96    28    28647.53    2    1
(advertise)    15    28653.16    5    28
(relay)    22    29    28657.37    28    28655.13    4    1
(advertise)    15    28675.77    29    28
(relay)    8    6    28676.98    28    28669.44    2    1
(heartbeat)    24    7    28677.28    15    28679.58    3    13
(advertise)    15    28698.58    6    28
(advertise)    15    28721.0    24    7
(relay)    14    14    28726.81    28    28726.25    6    1
(relay)    14    1    28744.61    28    28682.79    4    2
(advertise)    15    28745.01    14    28
(advertise)    15    28766.82    1    28
(relay)    16    46    28773.24    28    28740.3    2    1
(advertise)    15    28788.04    46    28
(relay)    16    10    28806.65    28    28751.94    2    1
(advertise)    15    28809.05    10    28
(relay)    14    0    28835.26    28    28832.27    6    1
(advertise)    15    28835.46    0    28
(relay)    22    37    28858.27    28    28846.56    2    1
(advertise)    15    28859.27    37    28
(generate)    15    28898.89    [24]    28
(relay)    22    22    28901.7    28    28901.06    4    1
(advertise)    15    28901.9    22    28
(relay)    14    28    29065.31    29    29064.6    4    1
(advertise)    15    29065.51    28    29
(relay)    8    3    29094.53    29    29091.48    4    1
(advertise)    15    29094.73    3    29
(relay)    8    4    29120.74    29    29113.88    2    1
(advertise)    15    29121.34    4    29
(relay)    16    7    29157.35    29    29156.39    4    1
(advertise)    15    29157.55    7    29
(relay)    8    2    29180.37    29    29166.46    4    1
(advertise)    15    29181.57    2    29
(relay)    16    16    29185.58    29    29184.95    4    1
(advertise)    15    29203.58    16    29
(relay)    16    45    29276.59    29    29258.18    2    1
(advertise)    15    29276.79    45    29
(relay)    16    17    29299.0    29    29295.79    2    1
(advertise)    15    29299.2    17    29
(relay)    22    36    29301.02    29    29297.04    4    1
(relay)    16    23    29319.22    29    29300.85    2    2
(advertise)    15    29323.22    36    29
(relay)    8    9    29343.23    29    29341.92    4    2
(advertise)    15    29346.63    23    29
(advertise)    15    29369.64    9    29
(relay)    22    30    29402.86    29    29397.83    2    1
(advertise)    15    29403.06    30    29
(relay)    22    43    29426.27    29    29382.25    4    1
(advertise)    15    29426.67    43    29
(relay)    16    44    29495.28    29    29428.42    2    1
(advertise)    15    29495.48    44    29
(relay)    14    21    29539.3    29    29538.14    4    1
(advertise)    15    29539.5    21    29
(relay)    8    11    29576.11    29    29571.55    2    1
(advertise)    15    29576.31    11    29
(relay)    16    13    29599.72    29    29597.12    2    1
(advertise)    15    29599.92    13    29
(relay)    8    8    29617.33    29    29616.75    6    1
(advertise)    15    29621.73    8    29
(relay)    8    5    29654.55    29    29647.63    2    1
(advertise)    15    29654.75    5    29
(relay)    22    29    29656.36    29    29655.17    4    1
(relay)    16    6    29675.96    29    29669.62    2    2
(advertise)    15    29676.96    29    29
(advertise)    15    29698.57    6    29
(relay)    8    1    29699.79    29    29682.88    6    1
(advertise)    15    29720.79    1    29
(relay)    14    14    29726.8    29    29726.28    6    1
(advertise)    15    29745.0    14    29
(relay)    22    46    29754.01    29    29740.31    2    1
(relay)    8    10    29755.81    29    29751.99    2    2
(advertise)    15    29769.41    46    29
(advertise)    15    29792.03    10    29
(relay)    22    0    29837.24    29    29832.43    4    1
(advertise)    15    29837.44    0    29
(relay)    16    37    29861.05    29    29846.7    2    1
(advertise)    15    29861.25    37    29
(generate)    15    29899.06    [24]    29
(relay)    22    22    29902.08    29    29901.53    4    1
(advertise)    15    29902.28    22    29
