(relay)    28    41    1027.8    1    1025.0    120    1
(advertise)    21    1028.0    41    1
(relay)    28    28    1062.61    1    1062.01    127    1
(advertise)    21    1062.81    28    1
(relay)    22    18    1090.83    1    1069.03    123    1
(advertise)    21    1091.03    18    1
(relay)    22    3    1113.84    1    1089.21    122    1
(advertise)    21    1114.64    3    1
(relay)    22    4    1137.45    1    1111.04    121    1
(advertise)    21    1137.65    4    1
(relay)    22    33    1159.87    1    1071.01    120    1
(relay)    14    7    1160.27    1    1153.07    126    2
(advertise)    21    1162.27    33    1
(advertise)    21    1185.48    7    1
(relay)    22    16    1203.49    1    1177.08    125    1
(advertise)    21    1206.89    16    1
(relay)    22    2    1224.5    1    1164.05    123    1
(advertise)    21    1228.3    2    1
(relay)    28    19    1229.72    1    1149.07    118    1
(relay)    22    35    1247.32    1    1161.07    124    2
(advertise)    21    1250.12    19    1
(advertise)    21    1271.53    35    1
(relay)    22    26    1289.74    1    1166.08    121    1
(advertise)    21    1294.54    26    1
(relay)    22    23    1311.76    1    1297.16    126    1
(advertise)    21    1315.56    23    1
(relay)    28    36    1317.57    1    1294.14    125    1
(relay)    22    17    1335.77    1    1292.14    124    2
(advertise)    21    1338.77    36    1
(advertise)    21    1360.98    17    1
(relay)    28    45    1362.4    1    1255.13    122    1
(advertise)    21    1383.0    45    1
(relay)    22    47    1403.01    1    1244.12    118    1
(advertise)    21    1406.01    47    1
(relay)    22    9    1425.62    1    1337.18    124    1
(advertise)    21    1428.82    9    1
(relay)    28    30    1430.63    1    1393.01    125    1
(advertise)    21    1452.23    30    1
(relay)    22    31    1471.65    1    1315.16    124    1
(advertise)    21    1473.45    31    1
(relay)    28    44    1474.86    1    1425.02    123    1
(relay)    14    39    1494.66    1    1373.2    120    2
(advertise)    21    1496.26    44    1
(relay)    28    43    1518.27    1    1378.2    122    2
(advertise)    21    1518.87    39    1
(generate)    21    1535.09    [24]    1
(advertise)    21    1540.1    43    1
(relay)    22    38    1583.11    1    1440.03    123    1
(advertise)    21    1583.31    38    1
(relay)    22    42    1605.73    1    1489.05    121    1
(advertise)    21    1606.53    42    1
(relay)    22    25    1628.14    1    1533.09    122    1
(advertise)    21    1629.34    25    1
(relay)    14    11    1630.55    1    1568.11    122    1
(relay)    14    8    1650.95    1    1614.11    125    2
(advertise)    21    1651.35    11    1
(relay)    28    32    1652.56    1    1496.07    121    2
(advertise)    21    1672.36    8    1
(advertise)    21    1695.58    32    1
(relay)    14    34    1698.19    1    1483.06    113    1
(advertise)    21    1717.99    34    1
(relay)    14    14    1725.0    1    1724.0    127    1
(advertise)    21    1739.4    14    1
(relay)    14    1    1742.62    1    1680.16    124    1
(advertise)    21    1760.42    1    1
(relay)    14    29    1764.83    1    1653.15    124    1
(advertise)    21    1782.23    29    1
(relay)    14    13    1801.04    1    1594.13    120    1
(advertise)    21    1804.44    13    1
(relay)    14    5    1823.46    1    1645.15    120    1
(advertise)    21    1827.66    5    1
(relay)    28    46    1831.27    1    1738.0    121    1
(advertise)    21    1848.87    46    1
(relay)    14    0    1868.48    1    1829.04    125    1
(advertise)    21    1871.08    0    1
(relay)    22    6    1872.29    1    1665.14    117    1
(advertise)    21    1892.69    6    1
(relay)    22    37    1893.91    1    1843.07    124    1
(relay)    22    22    1897.31    1    1896.11    127    2
(relay)    14    15    1912.51    1    1895.11    126    3
(advertise)    21    1915.11    37    1
(relay)    14    10    1933.12    1    1750.02    121    3
(advertise)    21    1937.32    22    1
(relay)    22    20    1938.53    1    1769.02    117    3
(advertise)    21    1958.73    15    1
(advertise)    21    1981.35    10    1
(relay)    22    40    1995.56    1    1870.29    121    2
(advertise)    21    2003.36    20    1
(relay)    22    12    2015.97    1    1809.04    121    2
(advertise)    21    2025.57    40    1
(advertise)    21    2047.99    12    1
(relay)    22    27    2060.2    1    1808.06    118    1
(relay)    28    28    2062.8    2    2062.2    127    2
(advertise)    21    2070.6    27    1
(relay)    22    18    2083.61    2    2069.2    121    2
(advertise)    21    2092.61    28    2
(relay)    28    48    2105.22    1    1955.11    119    2
(advertise)    21    2115.82    18    2
(advertise)    21    2136.84    48    1
(relay)    28    41    2150.45    2    2025.17    120    1
(relay)    22    3    2150.85    2    2089.4    122    2
(advertise)    21    2160.05    41    2
(relay)    28    35    2172.66    2    2161.25    126    2
(relay)    14    7    2174.66    2    2153.24    126    3
(advertise)    21    2182.86    3    2
(relay)    22    4    2195.68    2    2111.22    121    3
(advertise)    21    2205.08    35    2
(relay)    28    33    2216.09    2    2071.6    118    3
(advertise)    21    2226.09    7    2
(advertise)    21    2249.9    4    2
(advertise)    21    2271.92    33    2
(relay)    14    16    2283.93    2    2177.28    125    1
(advertise)    21    2292.93    16    2
(relay)    28    26    2304.94    2    2166.26    121    1
(relay)    22    2    2307.74    2    2164.24    123    2
(advertise)    21    2314.54    26    2
(relay)    28    36    2326.55    2    2294.74    125    2
(relay)    22    23    2329.55    2    2297.34    126    3
(advertise)    21    2336.55    2    2
(relay)    14    19    2349.97    2    2149.25    120    3
(advertise)    21    2357.57    36    2
(advertise)    21    2380.78    23    2
(advertise)    21    2401.79    19    2
(relay)    14    9    2415.61    2    2337.37    124    1
(relay)    22    17    2419.21    2    2292.34    124    2
(advertise)    21    2423.21    9    2
(relay)    22    45    2440.82    2    2255.92    122    2
(relay)    28    43    2443.82    2    2378.37    124    3
(advertise)    21    2446.82    17    2
(relay)    22    31    2462.83    2    2315.35    124    3
(advertise)    21    2470.23    45    2
(advertise)    21    2491.84    43    2
(relay)    22    30    2509.06    2    2393.81    125    2
(advertise)    21    2513.66    31    2
(relay)    22    47    2530.47    2    2244.32    118    2
(generate)    21    2535.27    [24]    2
(advertise)    21    2537.48    30    2
(advertise)    21    2560.9    47    2
(relay)    14    39    2588.71    2    2373.39    120    1
(advertise)    21    2588.91    39    2
(relay)    28    44    2595.32    2    2425.21    123    1
(relay)    22    38    2596.12    2    2440.23    123    2
(advertise)    21    2612.12    44    2
(advertise)    21    2635.14    38    2
(relay)    14    25    2652.55    2    2533.28    120    1
(advertise)    21    2657.15    25    2
(relay)    28    29    2659.36    2    2653.35    126    1
(relay)    14    8    2675.16    2    2614.31    125    2
(advertise)    21    2679.76    29    2
(relay)    28    42    2681.77    2    2489.22    123    2
(advertise)    21    2701.77    8    2
(relay)    22    32    2707.39    2    2496.26    123    2
(relay)    14    34    2719.19    2    2483.24    117    3
(advertise)    21    2722.99    42    2
(relay)    14    14    2725.2    2    2724.2    127    3
(advertise)    21    2745.4    32    2
(advertise)    21    2766.81    34    2
(relay)    14    1    2783.83    2    2680.36    124    2
(advertise)    21    2788.23    14    2
(relay)    28    11    2792.64    2    2568.31    118    2
(advertise)    21    2812.04    1    2
(relay)    14    13    2825.05    2    2594.31    120    2
(advertise)    21    2833.45    11    2
(advertise)    21    2856.87    13    2
(relay)    14    5    2869.68    2    2645.34    120    1
(relay)    28    46    2877.88    2    2738.2    121    2
(advertise)    21    2878.48    5    2
(relay)    14    0    2892.09    2    2829.2    125    2
(relay)    22    22    2897.29    2    2896.29    127    3
(advertise)    21    2899.49    46    2
(relay)    14    15    2912.1    2    2895.3    126    3
(advertise)    21    2920.9    0    2
(relay)    28    37    2944.12    2    2843.47    124    3
(advertise)    21    2944.92    22    2
(advertise)    21    2966.73    15    2
(relay)    22    10    2971.14    2    2750.21    123    2
(relay)    14    6    2980.54    2    2665.32    119    3
(advertise)    21    2988.94    37    2
(advertise)    21    3011.16    10    2
(advertise)    21    3034.17    6    2
(relay)    22    12    3038.78    2    2809.23    119    1
(advertise)    21    3057.38    12    2
(relay)    28    27    3058.8    2    2808.24    120    1
(relay)    28    28    3063.4    3    3062.4    127    2
(relay)    14    20    3067.4    2    2769.21    117    3
(advertise)    21    3079.6    27    2
(relay)    28    40    3082.81    2    2870.48    121    3
(advertise)    21    3102.01    28    3
(advertise)    21    3126.42    20    2
(relay)    22    48    3147.43    2    2955.29    119    2
(advertise)    21    3147.83    40    2
(advertise)    21    3169.45    48    2
(relay)    22    3    3172.26    3    3089.6    122    1
(advertise)    21    3190.46    3    3
(relay)    22    7    3194.27    3    3153.43    124    1
(advertise)    21    3212.27    7    3
(relay)    22    41    3216.29    3    3025.37    120    1
(relay)    14    18    3220.89    3    3069.4    121    2
(relay)    28    33    3234.09    3    3071.8    122    3
(advertise)    21    3235.89    41    3
(relay)    22    16    3238.9    3    3177.46    125    3
(advertise)    21    3258.1    18    3
(advertise)    21    3279.11    33    3
(advertise)    21    3302.33    16    3
(relay)    22    35    3306.54    3    3161.45    122    1
(relay)    14    4    3308.34    3    3111.42    121    2
(advertise)    21    3324.34    35    3
(relay)    28    36    3325.55    3    3294.93    125    2
(relay)    14    2    3331.55    3    3164.42    123    3
(advertise)    21    3346.55    4    3
(relay)    22    23    3351.96    3    3297.53    126    3
(advertise)    21    3367.96    36    3
(relay)    28    19    3369.18    3    3149.45    120    3
(advertise)    21    3392.78    2    3
(advertise)    21    3413.79    23    3
(relay)    14    17    3419.0    3    3292.53    124    2
(advertise)    21    3435.8    19    3
(relay)    14    9    3441.62    3    3337.56    124    2
(advertise)    21    3456.82    17    3
(relay)    22    26    3458.23    3    3167.66    119    2
(relay)    28    31    3458.63    3    3315.55    124    3
(advertise)    21    3478.23    9    3
(advertise)    21    3501.64    26    3
(relay)    28    30    3505.06    3    3394.0    125    2
(advertise)    21    3522.86    31    3
(relay)    28    47    3527.87    3    3244.49    120    2
(generate)    21    3535.47    [24]    3
(advertise)    21    3545.08    30    3
(relay)    22    43    3547.29    3    3378.56    122    2
(relay)    28    45    3549.49    3    3256.1    122    3
(advertise)    21    3567.89    47    3
(advertise)    21    3590.51    43    3
(relay)    22    38    3612.72    3    3440.43    123    2
(advertise)    21    3613.92    45    3
(relay)    28    44    3618.53    3    3425.22    123    2
(relay)    22    39    3634.33    3    3373.59    122    3
(advertise)    21    3636.93    38    3
(relay)    14    25    3658.35    3    3533.48    122    3
(advertise)    21    3659.35    44    3
(relay)    28    42    3663.76    3    3489.42    125    3
(advertise)    21    3680.36    39    3
(relay)    22    32    3700.77    3    3496.46    123    3
(relay)    14    8    3703.77    3    3614.49    125    4
(advertise)    21    3704.17    25    3
(relay)    28    29    3708.19    3    3653.55    126    4
(relay)    14    11    3723.79    3    3568.51    122    5
(relay)    14    14    3725.19    3    3725.0    127    6
(advertise)    21    3725.79    42    3
(advertise)    21    3748.4    32    3
(relay)    14    1    3766.61    3    3680.55    124    5
(advertise)    21    3771.21    8    3
(advertise)    21    3792.42    29    3
(advertise)    21    3814.64    11    3
(relay)    14    5    3835.65    3    3645.35    120    3
(relay)    22    34    3835.85    3    3483.44    117    4
(advertise)    21    3838.45    14    3
(advertise)    21    3859.86    1    3
(relay)    28    46    3882.08    3    3738.4    121    3
(advertise)    21    3883.28    5    3
(relay)    22    22    3897.49    3    3896.49    127    3
(relay)    14    0    3899.29    3    3829.4    125    4
(advertise)    21    3906.29    34    3
(relay)    14    15    3920.3    3    3895.49    126    4
(advertise)    21    3929.9    46    3
(relay)    22    37    3948.92    3    3843.66    124    4
(advertise)    21    3954.12    22    3
(relay)    14    10    3965.93    3    3750.41    123    4
(advertise)    21    3976.33    0    3
(relay)    14    13    3987.34    3    3594.51    118    4
(advertise)    21    3997.34    15    3
(advertise)    21    4019.35    37    3
(relay)    28    6    4036.77    3    3665.51    115    3
(advertise)    21    4042.57    10    3
(relay)    28    28    4063.58    4    4062.59    127    3
(advertise)    21    4065.18    13    3
(relay)    22    40    4081.39    3    3870.68    121    3
(advertise)    21    4088.19    6    3
(relay)    14    12    4096.61    3    3809.42    121    3
(advertise)    21    4109.81    28    4
(relay)    28    27    4124.02    3    3808.44    116    3
(advertise)    21    4133.02    40    3
(relay)    22    20    4148.43    3    3769.22    119    3
(advertise)    21    4154.83    12    3
(relay)    28    35    4169.85    4    4161.63    126    3
(advertise)    21    4177.25    27    3
(relay)    14    7    4184.26    4    4153.63    126    3
(relay)    22    16    4190.66    4    4177.66    125    4
(advertise)    21    4198.86    20    3
(relay)    22    41    4212.87    4    4025.57    120    4
(advertise)    21    4220.27    35    4
(advertise)    21    4241.68    7    4
(relay)    14    3    4253.1    4    4089.81    122    3
(advertise)    21    4263.7    16    4
(relay)    28    48    4283.91    3    3955.48    119    3
(advertise)    21    4285.91    41    4
(relay)    14    2    4295.72    4    4164.62    123    3
(relay)    22    33    4300.72    4    4071.98    122    4
(advertise)    21    4309.12    3    4
(relay)    14    18    4320.34    4    4069.59    121    4
(advertise)    21    4332.34    48    3
(relay)    22    23    4345.35    4    4297.54    126    4
(advertise)    21    4355.35    2    4
(relay)    28    36    4373.76    4    4295.12    125    4
(advertise)    21    4377.96    33    4
(advertise)    21    4400.18    18    4
(relay)    14    4    4405.59    4    4111.62    119    3
(relay)    28    45    4418.19    4    4256.11    122    4
(advertise)    21    4421.39    23    4
(relay)    22    17    4432.8    4    4292.72    124    4
(advertise)    21    4445.2    36    4
(relay)    14    19    4449.81    4    4149.65    118    4
(relay)    22    31    4453.61    4    4315.95    124    5
(advertise)    21    4466.61    4    4
(relay)    28    43    4483.03    4    4378.76    124    5
(advertise)    21    4489.43    45    4
(relay)    14    9    4494.44    4    4337.75    124    5
(advertise)    21    4511.64    17    4
(relay)    22    30    4519.05    4    4394.2    125    5
(advertise)    21    4532.85    19    4
(generate)    21    4535.67    [24]    4
(relay)    14    26    4537.28    4    4167.86    121    5
(advertise)    21    4555.88    31    4
(advertise)    21    4579.29    43    4
(relay)    28    47    4594.11    4    4244.68    120    4
(advertise)    21    4602.51    9    4
(relay)    28    42    4615.52    4    4489.61    125    4
(advertise)    21    4624.32    30    4
(advertise)    21    4646.93    26    4
(advertise)    21    4670.94    47    4
(relay)    22    44    4672.56    4    4425.41    123    2
(relay)    14    8    4693.16    4    4614.69    125    3
(advertise)    21    4693.56    42    4
(relay)    22    29    4695.37    4    4653.56    126    3
(relay)    14    11    4714.77    4    4568.69    120    4
(advertise)    21    4716.57    44    4
(relay)    14    14    4725.18    4    4725.18    127    4
(advertise)    21    4738.38    8    4
(relay)    28    38    4752.6    4    4440.61    123    4
(advertise)    21    4761.4    29    4
(relay)    28    39    4776.41    4    4373.79    120    4
(relay)    14    1    4782.21    4    4680.74    124    5
(advertise)    21    4782.41    11    4
(advertise)    21    4805.22    14    4
(relay)    28    32    4819.64    4    4496.65    123    4
(advertise)    21    4828.24    38    4
(relay)    28    25    4842.25    4    4533.68    122    4
(advertise)    21    4849.65    39    4
(advertise)    21    4871.26    1    4
(heartbeat)    24    1    4677.2    21    4873.47    127    0
(relay)    14    34    4892.67    4    4483.64    119    4
(advertise)    21    4893.27    32    4
(relay)    22    22    4896.69    4    4896.5    4    4
(advertise)    21    4916.29    25    4
(relay)    14    15    4936.7    4    4895.69    4    4
(advertise)    21    4938.7    24    1
(relay)    14    0    4958.11    4    4829.57    125    4
(advertise)    21    4960.71    34    4
(relay)    28    46    4975.53    4    4738.6    121    4
(advertise)    21    4982.93    22    4
(advertise)    21    5004.94    15    4
(relay)    28    37    5017.55    4    4843.86    2    3
(relay)    14    10    5024.75    4    4750.61    123    4
(advertise)    21    5026.35    0    4
(advertise)    21    5047.57    46    4
(relay)    28    13    5063.18    4    4594.69    118    3
(relay)    28    28    5064.38    5    5063.39    6    4
(advertise)    21    5070.18    37    4
(relay)    14    5    5089.39    4    4645.52    120    4
(advertise)    21    5091.59    10    4
(relay)    14    6    5112.0    4    4665.71    119    4
(advertise)    21    5112.8    13    4
(advertise)    21    5135.02    28    5
(relay)    28    20    5154.63    4    4769.41    117    3
(advertise)    21    5157.03    5    4
(relay)    14    12    5159.84    4    4809.62    121    3
(relay)    28    35    5176.24    5    5161.83    6    4
(advertise)    21    5179.04    6    4
(advertise)    21    5201.06    20    4
(relay)    14    7    5202.87    5    5153.83    6    3
(advertise)    21    5222.27    12    4
(relay)    14    16    5226.08    5    5177.86    2    3
(advertise)    21    5243.28    35    5
(relay)    14    3    5247.1    5    5089.99    2    3
(advertise)    21    5264.5    7    5
(relay)    14    2    5267.31    5    5164.82    4    3
(advertise)    21    5288.51    16    5
(relay)    22    23    5299.52    5    5297.73    2    3
(advertise)    21    5310.32    3    5
(advertise)    21    5333.33    2    5
(relay)    14    9    5341.55    5    5337.95    4    2
(advertise)    21    5354.35    23    5
(relay)    28    36    5356.36    5    5295.32    4    2
(advertise)    21    5375.56    9    5
(relay)    22    19    5390.57    5    5149.84    2    2
(advertise)    21    5396.97    36    5
(relay)    28    43    5411.79    5    5378.96    4    2
(advertise)    21    5419.59    19    5
(relay)    28    44    5433.6    5    5425.57    2    2
(advertise)    21    5442.2    43    5
(advertise)    21    5464.41    44    5
(relay)    22    30    5480.23    5    5394.4    2    1
(advertise)    21    5485.43    30    5
(relay)    28    42    5491.64    5    5489.71    6    1
(advertise)    21    5506.44    42    5
(generate)    21    5535.85    [24]    5
(relay)    14    8    5623.86    5    5614.77    4    1
(advertise)    21    5624.06    8    5
(relay)    28    29    5654.88    5    5653.74    4    1
(advertise)    21    5655.08    29    5
(relay)    14    1    5716.69    5    5680.84    6    1
(advertise)    21    5716.89    1    5
(relay)    14    14    5725.3    5    5725.25    6    1
(advertise)    21    5739.1    14    5
(relay)    14    10    5766.92    5    5750.65    2    1
(advertise)    21    5767.12    10    5
(relay)    14    0    5836.53    5    5829.75    6    1
(advertise)    21    5836.73    0    5
(relay)    28    37    5864.34    5    5844.05    2    1
(advertise)    21    5864.94    37    5
(relay)    28    15    5897.16    5    5895.85    2    1
(advertise)    21    5897.36    15    5
(relay)    14    22    5917.77    5    5897.34    2    1
(advertise)    21    5920.57    22    5
(relay)    28    28    6063.78    6    6063.5    6    1
(advertise)    21    6064.18    28    6
(relay)    22    7    6154.99    6    6154.01    4    1
(advertise)    21    6155.19    7    6
(relay)    22    16    6179.41    6    6177.9    2    1
(advertise)    21    6179.61    16    6
(relay)    14    2    6203.02    6    6164.89    4    1
(advertise)    21    6203.62    2    6
(relay)    14    35    6225.83    6    6162.01    2    1
(advertise)    21    6227.03    35    6
(relay)    28    47    6250.85    6    6245.03    2    1
(advertise)    21    6251.25    47    6
(relay)    14    17    6295.86    6    6293.09    2    1
(advertise)    21    6296.06    17    6
(relay)    28    36    6298.07    6    6295.42    4    1
(advertise)    21    6318.07    36    6
(relay)    22    23    6319.49    6    6297.91    2    1
(advertise)    21    6339.49    23    6
(relay)    14    9    6359.9    6    6338.03    2    1
(advertise)    21    6361.9    9    6
(relay)    22    30    6397.71    6    6394.44    2    1
(advertise)    21    6397.91    30    6
(relay)    28    43    6402.12    6    6379.09    4    1
(advertise)    21    6419.52    43    6
(relay)    28    44    6447.14    6    6425.61    2    1
(advertise)    21    6447.34    44    6
(relay)    28    42    6492.75    6    6489.89    6    1
(advertise)    21    6492.95    42    6
(generate)    21    6535.96    [24]    6
(relay)    22    8    6615.38    6    6614.85    4    1
(advertise)    21    6615.58    8    6
(relay)    28    29    6654.99    6    6653.78    4    1
(advertise)    21    6655.19    29    6
(relay)    14    1    6715.4    6    6680.95    6    1
(advertise)    21    6715.6    1    6
(relay)    14    14    6725.82    6    6725.31    6    1
(advertise)    21    6738.42    14    6
(relay)    14    10    6766.63    6    6750.71    2    1
(advertise)    21    6767.03    10    6
(relay)    22    12    6813.84    6    6809.74    2    1
(advertise)    21    6814.04    12    6
(relay)    14    0    6836.05    6    6829.76    6    1
(advertise)    21    6836.45    0    6
(relay)    22    37    6864.07    6    6844.05    2    1
(advertise)    21    6864.27    37    6
(relay)    14    15    6896.48    6    6896.04    4    1
(advertise)    21    6896.68    15    6
(relay)    22    22    6898.09    6    6898.05    4    1
(advertise)    21    6917.89    22    6
(relay)    28    28    7063.71    7    7063.54    6    1
(advertise)    21    7063.91    28    7
(relay)    14    3    7093.92    7    7090.16    2    1
(advertise)    21    7094.12    3    7
(relay)    22    7    7155.13    7    7154.11    4    1
(advertise)    21    7155.33    7    7
(relay)    28    35    7178.55    7    7162.12    6    1
(advertise)    21    7179.35    35    7
(relay)    22    16    7181.16    7    7178.05    2    1
(advertise)    21    7201.56    16    7
(relay)    14    2    7224.37    7    7164.92    4    1
(advertise)    21    7224.57    2    7
(relay)    28    47    7251.38    7    7245.15    2    1
(advertise)    21    7251.58    47    7
(relay)    14    17    7296.4    7    7293.19    2    1
(advertise)    21    7296.6    17    7
(relay)    22    23    7300.21    7    7298.0    2    1
(relay)    28    36    7305.21    7    7295.52    4    2
(advertise)    21    7317.61    23    7
(advertise)    21    7341.02    36    7
(relay)    14    9    7364.44    7    7338.19    2    1
(advertise)    21    7365.04    9    7
(relay)    28    43    7382.05    7    7379.18    4    1
(advertise)    21    7387.25    43    7
(relay)    28    44    7427.86    7    7425.62    2    1
(advertise)    21    7428.06    44    7
(relay)    22    30    7429.88    7    7394.44    2    1
(advertise)    21    7449.08    30    7
(relay)    28    42    7493.49    7    7490.09    6    1
(advertise)    21    7493.69    42    7
(generate)    21    7536.1    [24]    7
(relay)    14    8    7615.71    7    7614.93    4    1
(advertise)    21    7615.91    8    7
(relay)    28    29    7655.33    7    7653.84    4    1
(advertise)    21    7655.53    29    7
(relay)    14    1    7718.34    7    7681.06    6    1
(advertise)    21    7718.54    1    7
(relay)    14    14    7725.95    7    7725.36    6    1
(advertise)    21    7740.75    14    7
(relay)    14    10    7767.77    7    7750.77    2    1
(advertise)    21    7767.97    10    7
(relay)    14    12    7815.78    7    7809.8    2    1
(advertise)    21    7815.98    12    7
(relay)    14    0    7839.39    7    7829.76    6    1
(advertise)    21    7839.59    0    7
(relay)    22    37    7864.81    7    7844.27    2    1
(advertise)    21    7865.01    37    7
(relay)    14    15    7896.42    7    7896.2    4    1
(advertise)    21    7896.62    15    7
(relay)    22    22    7898.23    7    7898.13    4    1
(advertise)    21    7919.83    22    7
(relay)    28    28    8063.64    8    8063.58    6    1
(advertise)    21    8063.84    28    8
(relay)    14    3    8094.26    8    8090.24    2    1
(advertise)    21    8094.46    3    8
(relay)    14    7    8154.47    8    8154.21    6    1
(advertise)    21    8154.67    7    8
(relay)    14    2    8178.28    8    8164.95    4    1
(relay)    28    35    8178.48    8    8162.22    6    2
(advertise)    21    8179.08    2    8
(advertise)    21    8201.5    35    8
(relay)    14    16    8202.91    8    8178.41    2    1
(advertise)    21    8224.71    16    8
(relay)    28    47    8247.32    8    8245.24    2    1
(advertise)    21    8248.32    47    8
(relay)    14    17    8297.54    8    8293.26    2    1
(advertise)    21    8297.74    17    8
(relay)    22    36    8321.55    8    8295.55    4    1
(advertise)    21    8321.75    36    8
(relay)    22    23    8342.76    8    8298.09    2    1
(advertise)    21    8344.56    23    8
(relay)    14    9    8346.37    8    8338.37    4    1
(advertise)    21    8366.57    9    8
(relay)    28    43    8382.39    8    8379.66    4    1
(advertise)    21    8387.59    43    8
(relay)    28    44    8427.2    8    8425.64    2    1
(advertise)    21    8427.4    44    8
(relay)    22    30    8428.81    8    8394.63    2    1
(advertise)    21    8450.81    30    8
(relay)    28    42    8493.63    8    8490.27    6    1
(advertise)    21    8493.83    42    8
(generate)    21    8536.24    [24]    8
(relay)    14    8    8621.05    8    8615.01    4    1
(advertise)    21    8621.25    8    8
(relay)    28    29    8655.47    8    8653.86    4    1
(advertise)    21    8655.67    29    8
(heartbeat)    24    2    8677.21    21    8697.68    3    3
(advertise)    21    8697.88    24    2
(relay)    14    1    8720.09    8    8681.14    6    1
(advertise)    21    8720.69    1    8
(relay)    14    14    8725.9    8    8725.43    6    1
(advertise)    21    8742.1    14    8
(relay)    28    37    8848.72    8    8844.31    2    1
(advertise)    21    8848.92    37    8
(relay)    14    0    8851.93    8    8829.78    6    1
(advertise)    21    8870.53    0    8
(relay)    14    15    8896.94    8    8896.22    4    1
(advertise)    21    8897.14    15    8
(relay)    22    22    8898.76    8    8898.23    4    1
(advertise)    21    8918.56    22    8
(relay)    28    28    9063.77    9    9063.63    6    1
(advertise)    21    9063.97    28    9
(relay)    14    3    9094.98    9    9090.32    2    1
(advertise)    21    9095.18    3    9
(relay)    14    7    9154.8    9    9154.34    6    1
(advertise)    21    9155.0    7    9
(relay)    28    35    9180.21    9    9162.33    6    1
(advertise)    21    9180.41    35    9
(relay)    22    16    9204.02    9    9178.6    2    1
(advertise)    21    9205.22    16    9
(relay)    22    2    9225.43    9    9164.98    2    1
(advertise)    21    9227.63    2    9
(relay)    28    36    9298.05    9    9295.6    4    1
(advertise)    21    9298.25    36    9
(relay)    22    17    9335.06    9    9293.36    2    1
(advertise)    21    9335.26    17    9
(relay)    22    9    9357.87    9    9338.37    4    1
(advertise)    21    9359.47    9    9
(relay)    28    43    9385.69    9    9379.73    4    1
(advertise)    21    9385.89    43    9
(relay)    28    44    9427.1    9    9425.64    2    1
(advertise)    21    9427.3    44    9
(relay)    22    30    9431.91    9    9394.79    2    1
(advertise)    21    9450.31    30    9
(relay)    22    42    9497.93    9    9490.29    4    1
(advertise)    21    9498.13    42    9
(generate)    21    9536.34    [24]    9
(relay)    14    8    9621.15    9    9615.11    4    1
(advertise)    21    9621.35    8    9
(relay)    14    29    9676.97    9    9653.91    2    1
(advertise)    21    9677.17    29    9
(relay)    22    1    9719.78    9    9681.24    2    1
(advertise)    21    9719.98    1    9
(relay)    14    14    9725.99    9    9725.45    6    1
(advertise)    21    9741.79    14    9
(relay)    22    10    9767.8    9    9750.89    2    1
(advertise)    21    9768.0    10    9
(relay)    14    12    9816.82    9    9809.94    2    1
(advertise)    21    9817.02    12    9
(relay)    14    0    9841.03    9    9829.79    6    1
(advertise)    21    9841.43    0    9
(relay)    22    37    9864.64    9    9844.34    2    1
(advertise)    21    9866.04    37    9
(relay)    22    22    9898.86    9    9898.31    4    1
(advertise)    21    9899.06    22    9
(relay)    28    15    9922.27    9    9896.23    2    1
(advertise)    21    9922.47    15    9
(relay)    28    28    10064.28    10    10063.65    6    1
(advertise)    21    10064.48    28    10
(relay)    14    3    10096.1    10    10090.36    2    1
(advertise)    21    10096.3    3    10
(relay)    14    7    10155.31    10    10154.44    6    1
(advertise)    21    10155.51    7    10
(relay)    28    35    10180.72    10    10162.4    6    1
(advertise)    21    10180.92    35    10
(relay)    14    2    10226.33    10    10165.18    4    1
(advertise)    21    10226.53    2    10
(relay)    14    17    10297.15    10    10293.43    2    1
(advertise)    21    10297.35    17    10
(relay)    22    23    10299.56    10    10298.31    2    1
(relay)    28    36    10319.56    10    10295.66    4    2
(advertise)    21    10320.76    23    10
(relay)    14    9    10340.97    10    10338.54    4    2
(advertise)    21    10342.77    36    10
(advertise)    21    10364.99    9    10
(relay)    28    43    10391.6    10    10380.63    4    1
(advertise)    21    10391.8    43    10
(relay)    28    44    10428.21    10    10425.65    2    1
(advertise)    21    10428.41    44    10
(relay)    22    30    10436.43    10    10394.96    2    1
(advertise)    21    10449.43    30    10
(relay)    28    42    10492.04    10    10490.47    6    1
(advertise)    21    10492.24    42    10
(generate)    21    10536.45    [24]    10
(relay)    28    8    10619.26    10    10615.19    2    1
(advertise)    21    10619.46    8    10
(relay)    22    29    10655.28    10    10653.95    4    1
(advertise)    21    10655.48    29    10
(relay)    14    1    10697.29    10    10681.33    6    1
(advertise)    21    10697.49    1    10
(relay)    14    14    10726.5    10    10725.5    6    1
(advertise)    21    10726.7    14    10
(relay)    14    12    10816.92    10    10810.02    2    1
(advertise)    21    10817.12    12    10
(relay)    14    0    10840.93    10    10829.81    6    1
(advertise)    21    10841.13    0    10
(relay)    22    37    10862.94    10    10844.34    2    1
(advertise)    21    10864.94    37    10
(relay)    14    15    10897.76    10    10896.41    4    1
(advertise)    21    10897.96    15    10
(relay)    14    22    10921.77    10    10898.79    2    1
(advertise)    21    10921.97    22    10
(relay)    28    28    11064.18    11    11063.67    6    1
(advertise)    21    11064.38    28    11
(relay)    14    3    11096.99    11    11090.38    2    1
(advertise)    21    11097.19    3    11
(relay)    14    7    11156.01    11    11154.54    6    1
(advertise)    21    11156.21    7    11
(relay)    28    35    11180.42    11    11162.46    6    1
(advertise)    21    11180.62    35    11
(relay)    14    16    11182.23    11    11178.92    2    1
(advertise)    21    11202.63    16    11
(relay)    14    2    11204.25    11    11165.2    4    1
(advertise)    21    11223.85    2    11
(relay)    22    17    11294.66    11    11293.55    2    1
(advertise)    21    11294.86    17    11
(relay)    28    36    11298.67    11    11295.68    4    1
(advertise)    21    11315.87    36    11
(relay)    22    23    11317.29    11    11298.35    2    1
(advertise)    21    11337.49    23    11
(relay)    14    9    11343.9    11    11338.71    4    1
(advertise)    21    11360.3    9    11
(relay)    22    30    11396.31    11    11395.1    2    1
(advertise)    21    11396.51    30    11
(relay)    28    43    11406.12    11    11380.74    4    1
(advertise)    21    11418.72    43    11
(relay)    22    44    11447.34    11    11425.67    2    1
(advertise)    21    11447.54    44    11
(relay)    28    42    11493.15    11    11490.67    6    1
(advertise)    21    11493.35    42    11
(generate)    21    11536.56    [24]    11
(relay)    14    8    11617.58    11    11615.3    4    1
(advertise)    21    11617.78    8    11
(relay)    22    29    11654.59    11    11654.13    4    1
(advertise)    21    11654.79    29    11
(relay)    22    1    11699.4    11    11681.45    4    1
(advertise)    21    11699.6    1    11
(relay)    14    14    11726.62    11    11725.56    6    1
(advertise)    21    11726.82    14    11
(relay)    22    10    11754.43    11    11750.95    2    1
(advertise)    21    11754.63    10    11
(relay)    22    12    11817.24    11    11810.09    2    1
(advertise)    21    11817.44    12    11
(relay)    14    0    11839.65    11    11829.84    6    1
(advertise)    21    11840.85    0    11
(relay)    14    15    11898.47    11    11896.59    4    1
(advertise)    21    11898.67    15    11
(relay)    22    22    11899.88    11    11898.91    4    1
(advertise)    21    11920.88    22    11
(relay)    28    28    12064.29    12    12063.7    6    1
(advertise)    21    12064.49    28    12
(relay)    22    3    12096.71    12    12090.4    2    1
(advertise)    21    12096.91    3    12
(relay)    14    7    12155.92    12    12154.68    6    1
(advertise)    21    12156.12    7    12
(relay)    28    35    12178.93    12    12162.59    6    1
(advertise)    21    12180.13    35    12
(relay)    22    2    12203.75    12    12165.39    4    1
(advertise)    21    12204.35    2    12
(relay)    22    16    12226.16    12    12179.07    2    1
(advertise)    21    12226.36    16    12
(relay)    22    17    12294.57    12    12293.61    2    1
(advertise)    21    12294.77    17    12
(relay)    28    36    12296.38    12    12295.82    4    1
(advertise)    21    12315.78    36    12
(relay)    22    23    12339.6    12    12298.41    2    1
(advertise)    21    12340.0    23    12
(relay)    14    9    12342.61    12    12338.85    4    1
(advertise)    21    12361.01    9    12
(relay)    28    43    12387.22    12    12380.88    4    1
(advertise)    21    12387.42    43    12
(relay)    22    30    12414.04    12    12395.28    2    1
(advertise)    21    12414.24    30    12
(relay)    28    44    12429.45    12    12425.86    2    1
(advertise)    21    12435.45    44    12
(relay)    28    42    12491.46    12    12490.82    6    1
(advertise)    21    12491.66    42    12
(generate)    21    12536.68    [24]    12
(relay)    14    8    12624.49    12    12615.36    4    1
(advertise)    21    12624.69    8    12
(relay)    22    29    12654.7    12    12654.15    4    1
(advertise)    21    12654.9    29    12
(heartbeat)    24    3    12677.23    21    12679.91    3    9
(advertise)    21    12680.11    24    3
(relay)    14    1    12717.73    12    12681.53    6    1
(advertise)    21    12717.93    1    12
(relay)    14    14    12726.54    12    12725.62    6    1
(advertise)    21    12738.94    14    12
(relay)    14    0    12831.35    12    12829.84    6    1
(advertise)    21    12831.55    0    12
(relay)    28    37    12854.97    12    12844.56    2    1
(advertise)    21    12856.17    37    12
(relay)    22    22    12900.18    12    12899.21    4    1
(advertise)    21    12900.38    22    12
(relay)    28    28    13064.19    13    13063.72    6    1
(advertise)    21    13064.39    28    13
(relay)    14    3    13115.01    13    13090.47    2    1
(advertise)    21    13115.21    3    13
(relay)    14    7    13156.42    13    13154.77    6    1
(advertise)    21    13156.62    7    13
(relay)    28    35    13180.23    13    13162.71    6    1
(advertise)    21    13180.43    35    13
(relay)    22    16    13203.44    13    13179.22    2    1
(advertise)    21    13203.64    16    13
(relay)    22    2    13225.66    13    13165.43    2    1
(advertise)    21    13226.06    2    13
(relay)    28    36    13296.67    13    13295.89    4    1
(advertise)    21    13296.87    36    13
(relay)    22    23    13321.08    13    13298.5    2    1
(advertise)    21    13321.28    23    13
(relay)    14    9    13342.9    13    13338.86    2    1
(advertise)    21    13345.9    9    13
(relay)    28    43    13382.11    13    13380.98    4    1
(advertise)    21    13382.31    43    13
(relay)    28    30    13420.52    13    13395.47    2    1
(advertise)    21    13420.72    30    13
(relay)    28    42    13492.54    13    13490.83    6    1
(advertise)    21    13492.74    42    13
(generate)    21    13536.75    [24]    13
(relay)    22    8    13625.96    13    13615.44    4    1
(advertise)    21    13626.16    8    13
(relay)    14    29    13673.77    13    13654.19    2    1
(advertise)    21    13673.97    29    13
(relay)    22    1    13720.39    13    13681.62    4    1
(advertise)    21    13720.59    1    13
(relay)    14    14    13725.8    13    13725.64    6    1
(advertise)    21    13742.4    14    13
(relay)    14    10    13766.41    13    13751.05    2    1
(advertise)    21    13766.61    10    13
(relay)    14    0    13830.63    13    13829.86    6    1
(advertise)    21    13830.83    0    13
(relay)    28    37    13856.44    13    13844.75    2    1
(advertise)    21    13856.64    37    13
(relay)    22    15    13898.25    13    13896.92    4    1
(advertise)    21    13898.45    15    13
(relay)    22    22    13900.27    13    13899.28    4    1
(advertise)    21    13921.67    22    13
(relay)    28    28    14064.68    14    14063.72    6    1
(advertise)    21    14064.88    28    14
(relay)    22    3    14094.09    14    14090.52    2    1
(advertise)    21    14094.29    3    14
(relay)    14    7    14156.5    14    14154.87    6    1
(advertise)    21    14156.7    7    14
(relay)    14    16    14181.12    14    14179.35    2    1
(advertise)    21    14181.32    16    14
(relay)    22    2    14202.13    14    14165.45    2    1
(advertise)    21    14203.93    2    14
(relay)    22    35    14224.74    14    14162.81    4    1
(advertise)    21    14226.94    35    14
(relay)    28    36    14297.56    14    14295.95    4    1
(advertise)    21    14297.76    36    14
(relay)    22    23    14321.57    14    14298.58    2    1
(advertise)    21    14321.77    23    14
(relay)    14    9    14343.78    14    14339.01    2    1
(advertise)    21    14344.58    9    14
(relay)    28    43    14382.0    14    14381.05    4    1
(advertise)    21    14382.2    43    14
(relay)    22    30    14409.41    14    14395.66    2    1
(advertise)    21    14409.61    30    14
(relay)    28    44    14476.62    14    14426.09    2    1
(advertise)    21    14476.82    44    14
(relay)    28    42    14499.63    14    14490.84    4    1
(advertise)    21    14501.03    42    14
(generate)    21    14536.85    [24]    14
(relay)    22    8    14618.06    14    14615.51    4    1
(advertise)    21    14618.26    8    14
(relay)    28    29    14654.47    14    14654.2    4    1
(advertise)    21    14654.67    29    14
(relay)    14    1    14717.29    14    14681.68    4    1
(advertise)    21    14717.49    1    14
(relay)    14    14    14725.7    14    14725.69    6    1
(advertise)    21    14738.5    14    14
(relay)    14    10    14765.31    14    14751.11    2    1
(advertise)    21    14765.51    10    14
(relay)    14    0    14830.93    14    14830.03    6    1
(advertise)    21    14831.13    0    14
(relay)    22    37    14858.94    14    14844.77    2    1
(advertise)    21    14859.14    37    14
(relay)    22    15    14897.55    14    14897.07    4    1
(advertise)    21    14897.75    15    14
(relay)    22    22    14899.56    14    14899.37    4    1
(advertise)    21    14918.76    22    14
(relay)    28    28    15064.98    15    15063.91    6    1
(advertise)    21    15065.18    28    15
(relay)    14    3    15093.19    15    15090.58    2    1
(advertise)    21    15093.39    3    15
(relay)    14    7    15157.2    15    15154.98    6    1
(advertise)    21    15157.4    7    15
(relay)    14    2    15180.42    15    15165.47    2    1
(relay)    22    16    15180.82    15    15179.52    2    2
(advertise)    21    15181.42    2    15
(advertise)    21    15203.63    16    15
(relay)    22    35    15225.24    15    15162.87    2    1
(advertise)    21    15225.44    35    15
(relay)    28    36    15298.06    15    15296.03    4    1
(advertise)    21    15298.26    36    15
(relay)    22    23    15323.07    15    15298.66    2    1
(advertise)    21    15323.27    23    15
(relay)    14    9    15343.08    15    15339.2    2    1
(advertise)    21    15346.28    9    15
(relay)    28    43    15382.89    15    15381.15    4    1
(advertise)    21    15383.09    43    15
(relay)    22    30    15409.11    15    15395.78    2    1
(advertise)    21    15409.31    30    15
(relay)    22    44    15436.32    15    15426.28    2    1
(advertise)    21    15437.32    44    15
(relay)    28    42    15493.13    15    15491.03    6    1
(advertise)    21    15493.33    42    15
(generate)    21    15536.95    [24]    15
(relay)    14    8    15625.96    15    15615.74    4    1
(advertise)    21    15626.16    8    15
(relay)    28    29    15655.17    15    15654.37    4    1
(advertise)    21    15655.37    29    15
(relay)    22    1    15716.59    15    15681.74    2    1
(advertise)    21    15716.79    1    15
(relay)    14    14    15725.8    15    15725.71    6    1
(advertise)    21    15739.6    14    15
(relay)    14    10    15763.61    15    15751.16    2    1
(advertise)    21    15764.21    10    15
(relay)    14    0    15835.02    15    15830.22    6    1
(advertise)    21    15835.22    0    15
(relay)    28    37    15861.64    15    15844.94    2    1
(advertise)    21    15862.04    37    15
(relay)    22    15    15897.45    15    15897.07    4    1
(advertise)    21    15897.65    15    15
(relay)    22    22    15899.46    15    15899.44    4    1
(advertise)    21    15918.66    22    15
(relay)    28    28    16065.08    16    16064.1    6    1
(advertise)    21    16065.28    28    16
(relay)    14    3    16093.49    16    16090.65    2    1
(advertise)    21    16093.69    3    16
(relay)    14    7    16157.3    16    16155.08    6    1
(advertise)    21    16157.5    7    16
(relay)    14    2    16179.32    16    16165.65    2    1
(advertise)    21    16180.52    2    16
(relay)    14    16    16202.93    16    16180.29    2    1
(advertise)    21    16203.93    16    16
(relay)    22    35    16225.74    16    16162.93    4    1
(advertise)    21    16226.34    35    16
(relay)    28    36    16298.15    16    16296.06    4    1
(advertise)    21    16298.35    36    16
(relay)    22    23    16321.37    16    16298.73    2    1
(advertise)    21    16321.77    23    16
(relay)    14    9    16341.38    16    16339.35    2    1
(advertise)    21    16344.78    9    16
(relay)    28    30    16398.79    16    16395.93    2    1
(advertise)    21    16398.99    30    16
(relay)    22    43    16422.81    16    16381.19    2    1
(advertise)    21    16423.41    43    16
(relay)    22    44    16445.82    16    16426.3    2    1
(advertise)    21    16446.62    44    16
(relay)    28    42    16495.03    16    16491.2    6    1
(advertise)    21    16495.23    42    16
(generate)    21    16537.05    [24]    16
(relay)    22    8    16616.46    16    16615.8    4    1
(advertise)    21    16616.66    8    16
(relay)    14    29    16676.07    16    16654.53    2    1
(advertise)    21    16676.27    29    16
(relay)    14    1    16700.08    16    16681.82    4    1
(advertise)    21    16700.28    1    16
(heartbeat)    24    4    16677.24    21    16701.5    3    9
(advertise)    21    16723.1    24    4
(relay)    14    14    16725.91    16    16725.76    6    1
(advertise)    21    16745.11    14    16
(relay)    14    0    16832.32    16    16830.41    6    1
(advertise)    21    16832.52    0    16
(relay)    28    37    16860.74    16    16845.13    2    1
(advertise)    21    16860.94    37    16
(relay)    22    15    16897.55    16    16897.23    4    1
(advertise)    21    16897.75    15    16
(relay)    22    22    16899.56    16    16899.53    4    1
(advertise)    21    16919.16    22    16
(relay)    28    28    17064.18    17    17064.12    6    1
(advertise)    21    17064.38    28    17
(relay)    14    3    17093.79    17    17090.73    2    1
(advertise)    21    17093.99    3    17
(relay)    22    7    17156.4    17    17155.16    4    1
(advertise)    21    17156.6    7    17
(relay)    14    2    17180.21    17    17165.68    2    1
(advertise)    21    17180.61    2    17
(relay)    28    35    17182.63    17    17163.06    6    1
(advertise)    21    17201.83    35    17
(relay)    22    16    17207.44    17    17180.41    2    1
(advertise)    21    17224.64    16    17
(relay)    28    36    17298.05    17    17296.12    4    1
(advertise)    21    17298.25    36    17
(relay)    22    23    17321.27    17    17298.82    2    1
(advertise)    21    17322.27    23    17
(relay)    14    9    17364.68    17    17339.51    2    1
(advertise)    21    17364.88    9    17
(relay)    28    43    17402.09    17    17381.23    4    1
(advertise)    21    17402.29    43    17
(relay)    22    30    17424.71    17    17396.1    2    1
(advertise)    21    17425.91    30    17
(relay)    28    44    17447.92    17    17426.31    2    1
(advertise)    21    17448.32    44    17
(relay)    28    42    17494.73    17    17491.38    6    1
(advertise)    21    17494.93    42    17
(generate)    21    17537.14    [24]    17
(relay)    22    8    17616.36    17    17615.85    4    1
(advertise)    21    17616.56    8    17
(relay)    28    29    17655.77    17    17654.54    4    1
(advertise)    21    17655.97    29    17
(relay)    14    1    17697.18    17    17681.9    4    1
(advertise)    21    17697.38    1    17
(relay)    14    14    17726.4    17    17725.78    6    1
(advertise)    21    17726.6    14    17
(relay)    14    0    17836.81    17    17830.59    6    1
(advertise)    21    17837.01    0    17
(relay)    22    37    17864.42    17    17845.15    2    1
(advertise)    21    17864.62    37    17
(relay)    14    15    17897.84    17    17897.42    4    1
(advertise)    21    17898.04    15    17
(relay)    22    22    17899.65    17    17899.59    4    1
(advertise)    21    17919.45    22    17
(relay)    28    28    18064.26    18    18064.14    6    1
(advertise)    21    18064.46    28    18
(relay)    22    3    18095.27    18    18090.79    2    1
(advertise)    21    18095.47    3    18
(relay)    14    7    18155.69    18    18155.27    6    1
(advertise)    21    18155.89    7    18
(relay)    28    35    18177.9    18    18163.14    6    1
(advertise)    21    18179.5    35    18
(relay)    22    2    18180.71    18    18165.88    2    1
(advertise)    21    18202.71    2    18
(relay)    28    36    18299.13    18    18296.17    4    1
(advertise)    21    18299.33    36    18
(relay)    14    9    18341.14    18    18339.68    2    1
(advertise)    21    18341.34    9    18
(relay)    22    30    18401.75    18    18396.24    2    1
(advertise)    21    18401.95    30    18
(relay)    22    43    18423.37    18    18381.29    2    1
(advertise)    21    18424.37    43    18
(relay)    22    44    18447.58    18    18426.33    2    1
(advertise)    21    18447.98    44    18
(relay)    28    42    18494.99    18    18491.39    6    1
(advertise)    21    18495.19    42    18
(generate)    21    18537.2    [24]    18
(relay)    14    8    18622.02    18    18615.92    4    1
(advertise)    21    18622.22    8    18
(relay)    28    29    18656.43    18    18654.71    4    1
(advertise)    21    18656.63    29    18
(relay)    14    14    18726.44    18    18725.97    6    1
(advertise)    21    18726.64    14    18
(relay)    14    0    18833.26    18    18830.77    6    1
(advertise)    21    18833.46    0    18
(relay)    28    37    18858.67    18    18845.31    2    1
(advertise)    21    18859.27    37    18
(relay)    14    15    18898.48    18    18897.61    4    1
(advertise)    21    18898.68    15    18
(relay)    22    22    18900.1    18    18899.62    4    1
(advertise)    21    18920.5    22    18
(relay)    28    28    19064.51    19    19064.34    6    1
(advertise)    21    19064.71    28    19
(relay)    14    3    19096.52    19    19090.83    2    1
(advertise)    21    19096.72    3    19
(relay)    14    7    19155.73    19    19155.35    6    1
(advertise)    21    19155.93    7    19
(relay)    14    2    19179.95    19    19165.89    2    1
(advertise)    21    19180.15    2    19
(relay)    22    35    19183.76    19    19163.22    4    1
(advertise)    21    19202.16    35    19
(relay)    28    36    19298.97    19    19296.21    4    1
(advertise)    21    19299.17    36    19
(relay)    22    23    19319.19    19    19298.99    2    1
(advertise)    21    19321.99    23    19
(relay)    14    9    19341.2    19    19339.83    2    1
(advertise)    21    19343.4    9    19
(relay)    28    43    19385.41    19    19381.35    4    1
(advertise)    21    19385.61    43    19
(relay)    28    30    19411.43    19    19396.39    2    1
(advertise)    21    19412.23    30    19
(relay)    28    44    19437.04    19    19426.53    2    1
(advertise)    21    19437.44    44    19
(relay)    28    42    19494.05    19    19491.57    6    1
(advertise)    21    19494.25    42    19
(generate)    21    19537.26    [24]    19
(relay)    14    8    19617.48    19    19616.0    4    1
(advertise)    21    19617.68    8    19
(relay)    14    29    19659.29    19    19654.84    2    1
(advertise)    21    19659.49    29    19
(relay)    14    1    19722.5    19    19682.04    4    1
(advertise)    21    19722.7    1    19
(relay)    14    14    19726.52    19    19725.99    6    1
(advertise)    21    19747.32    14    19
(relay)    14    0    19834.33    19    19830.96    6    1
(advertise)    21    19834.53    0    19
(relay)    22    37    19859.54    19    19845.48    2    1
(advertise)    21    19859.74    37    19
(relay)    22    22    19900.16    19    19899.67    4    1
(advertise)    21    19900.36    22    19
(relay)    28    15    19924.37    19    19897.75    2    1
(advertise)    21    19924.77    15    19
(relay)    28    28    20064.38    20    20064.36    6    1
(advertise)    21    20064.58    28    20
(relay)    14    3    20096.59    20    20090.88    2    1
(advertise)    21    20096.79    3    20
(relay)    14    7    20156.21    20    20155.45    6    1
(advertise)    21    20156.41    7    20
(relay)    28    35    20179.22    20    20163.3    6    1
(advertise)    21    20179.82    35    20
(relay)    14    2    20181.03    20    20165.91    2    1
(advertise)    21    20201.03    2    20
(relay)    14    16    20224.85    20    20183.19    2    1
(advertise)    21    20225.45    16    20
(relay)    22    36    20299.06    20    20296.3    4    1
(advertise)    21    20299.26    36    20
(relay)    22    23    20319.87    20    20299.05    2    1
(advertise)    21    20321.47    23    20
(relay)    14    9    20342.89    20    20340.02    2    1
(advertise)    21    20344.89    9    20
(relay)    28    43    20386.3    20    20381.45    4    1
(advertise)    21    20386.5    43    20
(relay)    22    30    20433.31    20    20396.54    2    1
(advertise)    21    20433.51    30    20
(relay)    22    44    20460.12    20    20427.92    2    1
(advertise)    21    20460.52    44    20
(relay)    28    42    20492.34    20    20491.76    6    1
(advertise)    21    20492.54    42    20
(generate)    21    20537.35    [24]    20
(relay)    14    8    20622.76    20    20616.06    4    1
(advertise)    21    20622.96    8    20
(relay)    22    29    20655.98    20    20654.85    4    1
(advertise)    21    20656.18    29    20
(relay)    14    1    20697.99    20    20682.14    4    1
(advertise)    21    20698.19    1    20
(heartbeat)    24    5    20677.25    21    20722.4    3    9
(advertise)    21    20722.6    24    5
(relay)    14    14    20727.02    20    20726.04    6    1
(advertise)    21    20744.62    14    20
(relay)    14    0    20833.43    20    20830.98    6    1
(advertise)    21    20833.63    0    20
(relay)    22    37    20857.04    20    20845.67    2    1
(advertise)    21    20857.24    37    20
(relay)    14    15    20899.25    20    20897.94    4    1
(advertise)    21    20899.45    15    20
(relay)    22    22    20901.07    20    20900.36    4    1
(advertise)    21    20922.07    22    20
(relay)    28    28    21064.88    21    21064.37    6    1
(advertise)    21    21065.08    28    21
(relay)    14    3    21098.29    21    21090.95    2    1
(advertise)    21    21098.49    3    21
(relay)    14    7    21156.91    21    21155.55    6    1
(advertise)    21    21157.11    7    21
(relay)    28    35    21180.32    21    21163.42    6    1
(advertise)    21    21180.52    35    21
(relay)    14    2    21182.73    21    21165.94    2    1
(advertise)    21    21203.33    2    21
(relay)    22    16    21226.35    21    21183.78    2    1
(advertise)    21    21227.55    16    21
(relay)    22    36    21297.56    21    21296.39    4    1
(advertise)    21    21297.76    36    21
(relay)    22    23    21319.57    21    21299.17    2    1
(advertise)    21    21319.97    23    21
(relay)    14    9    21343.38    21    21340.02    2    1
(advertise)    21    21345.78    9    21
(relay)    28    43    21422.6    21    21381.56    4    1
(advertise)    21    21422.8    43    21
(relay)    28    44    21448.61    21    21427.95    2    1
(advertise)    21    21449.21    44    21
(relay)    28    42    21492.62    21    21491.76    6    1
(advertise)    21    21492.82    42    21
(generate)    21    21537.44    [24]    21
(relay)    14    8    21622.85    21    21616.13    4    1
(advertise)    21    21623.05    8    21
(relay)    22    29    21656.06    21    21654.87    4    1
(advertise)    21    21656.26    29    21
(relay)    14    1    21701.68    21    21682.24    4    1
(advertise)    21    21701.88    1    21
(relay)    14    14    21727.09    21    21726.06    6    1
(advertise)    21    21727.29    14    21
(relay)    22    0    21839.9    21    21831.17    4    1
(advertise)    21    21840.1    0    21
(relay)    28    37    21864.51    21    21845.86    2    1
(advertise)    21    21865.11    37    21
(relay)    14    15    21899.93    21    21898.12    4    1
(advertise)    21    21900.13    15    21
(relay)    22    22    21901.54    21    21900.6    4    1
(advertise)    21    21922.74    22    21
(relay)    28    28    22064.95    22    22064.38    6    1
(advertise)    21    22065.15    28    22
(relay)    14    3    22115.17    22    22091.0    2    1
(advertise)    21    22115.37    3    22
(relay)    14    7    22156.98    22    22155.63    6    1
(advertise)    21    22157.18    7    22
(relay)    28    35    22179.99    22    22163.5    6    1
(advertise)    21    22181.59    35    22
(relay)    22    16    22204.41    22    22183.95    2    1
(advertise)    21    22205.01    16    22
(relay)    14    2    22207.02    22    22166.14    2    1
(advertise)    21    22229.02    2    22
(relay)    28    36    22297.43    22    22296.49    4    1
(advertise)    21    22297.63    36    22
(relay)    22    23    22320.04    22    22299.27    2    1
(advertise)    21    22320.64    23    22
(relay)    14    9    22343.86    22    22340.78    2    1
(advertise)    21    22344.46    9    22
(relay)    28    43    22382.47    22    22381.68    4    1
(advertise)    21    22382.67    43    22
(relay)    28    44    22431.68    22    22428.14    2    1
(advertise)    21    22431.88    44    22
(relay)    22    30    22433.5    22    22396.87    2    1
(advertise)    21    22455.3    30    22
(relay)    28    42    22492.51    22    22491.95    6    1
(advertise)    21    22492.71    42    22
(generate)    21    22537.52    [24]    22
(relay)    14    8    22625.74    22    22616.22    4    1
(advertise)    21    22625.94    8    22
(relay)    28    29    22655.55    22    22654.87    4    1
(advertise)    21    22655.75    29    22
(relay)    14    1    22697.16    22    22682.33    4    1
(advertise)    21    22697.36    1    22
(relay)    14    14    22727.17    22    22726.08    6    1
(advertise)    21    22727.37    14    22
(relay)    14    0    22839.79    22    22831.37    6    1
(advertise)    21    22839.99    0    22
(relay)    28    37    22864.4    22    22845.87    2    1
(advertise)    21    22864.6    37    22
(relay)    22    15    22900.21    22    22898.12    4    1
(advertise)    21    22900.41    15    22
(relay)    22    22    22901.63    22    22900.66    4    1
(advertise)    21    22923.83    22    22
(relay)    28    28    23065.04    23    23064.4    6    1
(advertise)    21    23065.24    28    23
(relay)    22    3    23096.05    23    23091.06    2    1
(advertise)    21    23096.25    3    23
(relay)    14    7    23157.07    23    23155.73    6    1
(advertise)    21    23157.27    7    23
(relay)    28    35    23180.08    23    23163.6    6    1
(advertise)    21    23181.08    35    23
(relay)    22    2    23183.09    23    23166.16    2    1
(advertise)    21    23203.49    2    23
(relay)    14    16    23206.7    23    23184.07    2    1
(advertise)    21    23225.7    16    23
(relay)    28    36    23298.12    23    23296.55    4    1
(advertise)    21    23298.32    36    23
(relay)    22    23    23321.53    23    23299.36    2    1
(advertise)    21    23321.73    23    23
(relay)    14    9    23345.54    23    23340.93    2    1
(advertise)    21    23345.94    9    23
(relay)    28    43    23382.76    23    23381.74    4    1
(advertise)    21    23382.96    43    23
(relay)    28    44    23452.77    23    23428.14    2    1
(advertise)    21    23452.97    44    23
(relay)    28    42    23493.98    23    23491.95    6    1
(advertise)    21    23494.18    42    23
(generate)    21    23537.6    [24]    23
(relay)    22    8    23625.81    23    23616.3    4    1
(advertise)    21    23626.01    8    23
(relay)    28    29    23655.22    23    23654.89    4    1
(advertise)    21    23655.42    29    23
(relay)    14    1    23700.83    23    23682.41    4    1
(advertise)    21    23701.03    1    23
(relay)    14    14    23727.05    23    23726.1    6    1
(advertise)    21    23727.45    14    23
(relay)    14    0    23832.46    23    23831.55    6    1
(advertise)    21    23832.66    0    23
(relay)    28    37    23858.07    23    23846.04    2    1
(advertise)    21    23858.27    37    23
(relay)    22    15    23899.69    23    23898.3    4    1
(advertise)    21    23899.89    15    23
(relay)    22    22    23901.7    23    23900.71    4    1
(advertise)    21    23923.1    22    23
(relay)    28    28    24065.51    24    24064.4    6    1
(advertise)    21    24065.71    28    24
(relay)    14    3    24093.93    24    24091.13    2    1
(advertise)    21    24094.33    3    24
(relay)    14    7    24157.94    24    24155.82    6    1
(advertise)    21    24158.14    7    24
(relay)    28    35    24181.15    24    24163.69    6    1
(advertise)    21    24181.35    35    24
(relay)    14    2    24183.56    24    24166.17    2    1
(advertise)    21    24203.76    2    24
(relay)    22    16    24226.78    24    24184.18    2    1
(advertise)    21    24227.58    16    24
(relay)    28    36    24297.79    24    24296.61    4    1
(advertise)    21    24297.99    36    24
(relay)    14    9    24345.6    24    24341.1    2    1
(advertise)    21    24345.8    9    24
(relay)    28    43    24399.62    24    24381.82    4    1
(advertise)    21    24399.82    43    24
(relay)    28    30    24421.43    24    24397.19    2    1
(advertise)    21    24422.03    30    24
(relay)    22    44    24445.24    24    24428.15    2    1
(advertise)    21    24445.64    44    24
(relay)    28    42    24494.06    24    24491.96    6    1
(advertise)    21    24494.26    42    24
(generate)    21    24537.67    [24]    24
(relay)    14    8    24626.68    24    24616.35    4    1
(advertise)    21    24626.88    8    24
(relay)    28    29    24655.29    24    24654.89    4    1
(advertise)    21    24655.49    29    24
(relay)    14    1    24700.31    24    24682.49    4    1
(advertise)    21    24700.51    1    24
(heartbeat)    24    6    24677.27    21    24721.52    3    9
(advertise)    21    24723.12    24    6
(relay)    14    14    24726.33    24    24726.14    6    1
(advertise)    21    24745.73    14    24
(relay)    14    0    24832.95    24    24831.73    6    1
(advertise)    21    24833.15    0    24
(relay)    28    37    24859.96    24    24846.04    2    1
(advertise)    21    24860.16    37    24
(relay)    14    15    24899.77    24    24898.46    4    1
(advertise)    21    24899.97    15    24
(relay)    14    22    24922.59    24    24900.77    2    1
(advertise)    21    24922.99    22    24
(relay)    28    28    25065.4    25    25064.43    6    1
(advertise)    21    25065.6    28    25
(relay)    14    3    25094.01    25    25091.21    2    1
(advertise)    21    25094.21    3    25
(relay)    14    7    25158.22    25    25155.94    6    1
(advertise)    21    25158.42    7    25
(relay)    14    2    25180.04    25    25166.2    2    1
(advertise)    21    25180.44    2    25
(relay)    28    35    25182.05    25    25163.81    6    1
(advertise)    21    25202.05    35    25
(relay)    22    16    25205.46    25    25184.33    2    1
(advertise)    21    25224.86    16    25
(relay)    28    45    25275.88    25    25257.92    4    1
(advertise)    21    25276.08    45    25
(relay)    28    36    25299.09    25    25296.72    4    1
(advertise)    21    25300.29    36    25
(relay)    14    9    25345.1    25    25341.26    2    1
(advertise)    21    25345.3    9    25
(relay)    28    43    25398.92    25    25381.89    4    1
(advertise)    21    25399.12    43    25
(relay)    28    30    25420.53    25    25397.2    2    1
(advertise)    21    25421.53    30    25
(relay)    28    44    25443.74    25    25428.17    2    1
(advertise)    21    25445.14    44    25
(relay)    28    38    25468.35    25    25442.28    2    1
(advertise)    21    25468.75    38    25
(relay)    28    42    25494.17    25    25492.0    6    1
(advertise)    21    25494.57    42    25
(generate)    21    25537.78    [24]    25
(relay)    28    8    25627.19    25    25616.43    2    1
(advertise)    21    25627.39    8    25
(relay)    22    29    25656.21    25    25654.93    4    1
(advertise)    21    25656.41    29    25
(relay)    14    1    25718.02    25    25682.56    4    1
(advertise)    21    25718.22    1    25
(relay)    14    14    25726.23    25    25726.18    6    1
(advertise)    21    25740.03    14    25
(relay)    14    0    25838.45    25    25831.9    6    1
(advertise)    21    25838.65    0    25
(relay)    22    37    25865.26    25    25846.22    2    1
(advertise)    21    25865.46    37    25
(relay)    22    22    25900.87    25    25900.82    4    1
(advertise)    21    25901.07    22    25
(relay)    28    15    25923.88    25    25898.5    2    1
(advertise)    21    25924.28    15    25
(relay)    28    28    26065.5    26    26064.47    6    1
(advertise)    21    26065.7    28    26
(relay)    14    3    26093.51    26    26091.28    2    1
(advertise)    21    26093.71    3    26
(relay)    14    7    26158.32    26    26156.05    6    1
(advertise)    21    26158.52    7    26
(relay)    28    35    26182.74    26    26163.91    4    1
(advertise)    21    26183.14    35    26
(relay)    14    16    26205.75    26    26184.51    2    1
(advertise)    21    26206.95    16    26
(relay)    28    45    26272.96    26    26257.99    4    1
(advertise)    21    26273.16    45    26
(relay)    28    36    26299.58    26    26296.78    4    1
(advertise)    21    26300.18    36    26
(relay)    22    23    26324.79    26    26299.81    2    1
(advertise)    21    26325.19    23    26
(relay)    14    9    26343.2    26    26341.43    2    1
(advertise)    21    26348.6    9    26
(relay)    28    30    26399.61    26    26397.34    2    1
(advertise)    21    26399.81    30    26
(relay)    28    43    26421.83    26    26381.95    4    1
(advertise)    21    26422.23    43    26
(relay)    28    44    26444.64    26    26428.37    2    1
(advertise)    21    26444.84    44    26
(relay)    28    42    26495.25    26    26492.18    6    1
(advertise)    21    26495.45    42    26
(generate)    21    26537.87    [24]    26
(relay)    22    8    26617.28    26    26616.48    4    1
(advertise)    21    26617.48    8    26
(relay)    28    29    26656.09    26    26654.94    4    1
(advertise)    21    26656.29    29    26
(relay)    14    1    26721.11    26    26682.59    4    1
(advertise)    21    26721.31    1    26
(relay)    14    14    26726.32    26    26726.21    6    1
(advertise)    21    26742.32    14    26
(relay)    14    0    26834.13    26    26832.07    6    1
(advertise)    21    26834.33    0    26
(relay)    28    37    26862.54    26    26846.38    2    1
(advertise)    21    26862.74    37    26
(relay)    14    15    26899.16    26    26898.68    4    1
(advertise)    21    26899.36    15    26
(relay)    22    22    26900.97    26    26900.89    4    1
(advertise)    21    26921.97    22    26
(relay)    28    28    27064.58    27    27064.51    6    1
(advertise)    21    27064.78    28    27
(relay)    22    3    27095.6    27    27091.35    2    1
(advertise)    21    27095.8    3    27
(relay)    14    7    27156.61    27    27156.15    6    1
(advertise)    21    27156.81    7    27
(relay)    28    35    27179.82    27    27164.04    6    1
(advertise)    21    27180.02    35    27
(relay)    14    16    27224.84    27    27184.62    2    1
(advertise)    21    27225.04    16    27
(relay)    28    45    27273.25    27    27258.06    4    1
(advertise)    21    27273.45    45    27
(relay)    28    36    27298.86    27    27296.88    4    1
(advertise)    21    27299.26    36    27
(relay)    22    23    27323.07    27    27299.89    2    1
(advertise)    21    27323.27    23    27
(relay)    14    9    27342.69    27    27341.6    2    1
(advertise)    21    27344.29    9    27
(relay)    28    43    27384.9    27    27382.07    4    1
(advertise)    21    27385.1    43    27
(relay)    28    44    27429.71    27    27428.38    2    1
(advertise)    21    27429.91    44    27
(relay)    28    38    27476.53    27    27442.36    2    1
(advertise)    21    27476.73    38    27
(relay)    28    42    27499.34    27    27492.2    6    1
(advertise)    21    27499.94    42    27
(generate)    21    27537.95    [24]    27
(relay)    14    8    27623.97    27    27616.57    4    1
(advertise)    21    27624.17    8    27
(relay)    28    29    27656.18    27    27654.94    4    1
(advertise)    21    27656.38    29    27
(relay)    22    1    27695.39    27    27682.68    4    1
(advertise)    21    27695.59    1    27
(relay)    14    14    27726.8    27    27726.23    6    1
(advertise)    21    27727.0    14    27
(relay)    14    0    27839.02    27    27832.26    6    1
(advertise)    21    27839.22    0    27
(relay)    22    37    27864.43    27    27846.4    2    1
(advertise)    21    27864.63    37    27
(relay)    14    15    27899.44    27    27898.86    4    1
(advertise)    21    27899.64    15    27
(relay)    22    22    27901.06    27    27900.95    4    1
(advertise)    21    27921.26    22    27
(relay)    28    28    28064.67    28    28064.54    6    1
(advertise)    21    28064.87    28    28
(relay)    14    3    28095.88    28    28091.41    2    1
(advertise)    21    28096.08    3    28
(relay)    14    7    28156.7    28    28156.28    6    1
(advertise)    21    28156.9    7    28
(relay)    28    35    28180.11    28    28164.13    6    1
(advertise)    21    28180.71    35    28
(relay)    22    16    28208.92    28    28184.8    2    1
(advertise)    21    28209.12    16    28
(relay)    22    45    28273.13    28    28258.12    4    1
(advertise)    21    28273.33    45    28
(relay)    22    36    28300.55    28    28296.96    4    1
(advertise)    21    28300.75    36    28
(relay)    14    9    28342.96    28    28341.77    2    1
(advertise)    21    28343.16    9    28
(relay)    22    30    28401.97    28    28397.66    2    1
(advertise)    21    28402.17    30    28
(relay)    28    43    28424.79    28    28382.15    4    1
(advertise)    21    28425.79    43    28
(relay)    28    44    28446.6    28    28428.4    2    1
(advertise)    21    28448.8    44    28
(relay)    28    38    28469.01    28    28442.42    2    1
(advertise)    21    28471.01    38    28
(relay)    28    42    28496.23    28    28492.22    6    1
(advertise)    21    28496.43    42    28
(generate)    21    28538.04    [24]    28
(relay)    14    8    28621.65    28    28616.69    4    1
(advertise)    21    28621.85    8    28
(relay)    28    29    28656.86    28    28655.13    4    1
(advertise)    21    28657.06    29    28
(heartbeat)    24    7    28677.28    21    28680.68    3    9
(advertise)    21    28681.48    24    7
(relay)    14    14    28726.89    28    28726.25    6    1
(advertise)    21    28727.09    14    28
(relay)    14    1    28744.7    28    28682.79    4    1
(advertise)    21    28748.3    1    28
(relay)    22    46    28774.52    28    28740.3    2    1
(advertise)    21    28774.72    46    28
(relay)    14    0    28835.33    28    28832.27    6    1
(advertise)    21    28835.53    0    28
(relay)    22    37    28859.34    28    28846.56    2    1
(advertise)    21    28859.54    37    28
(relay)    22    22    28901.56    28    28901.06    4    1
(advertise)    21    28901.76    22    28
(relay)    28    15    28926.37    28    28898.89    2    1
(advertise)    21    28926.97    15    28
(relay)    28    28    29064.78    29    29064.6    6    1
(advertise)    21    29064.98    28    29
(relay)    14    3    29095.99    29    29091.48    2    1
(advertise)    21    29096.19    3    29
(relay)    14    7    29156.81    29    29156.39    6    1
(advertise)    21    29157.01    7    29
(relay)    28    35    29180.02    29    29164.25    6    1
(advertise)    21    29181.22    35    29
(relay)    14    2    29182.63    29    29166.46    2    1
(advertise)    21    29202.83    2    29
(relay)    22    16    29227.05    29    29184.95    2    1
(advertise)    21    29228.05    16    29
(relay)    28    45    29276.66    29    29258.18    2    1
(advertise)    21    29276.86    45    29
(relay)    28    36    29300.67    29    29297.04    4    1
(advertise)    21    29301.07    36    29
(relay)    14    9    29344.29    29    29341.92    2    1
(advertise)    21    29344.49    9    29
(relay)    22    43    29426.3    29    29382.25    4    1
(advertise)    21    29426.5    43    29
(relay)    28    44    29447.71    29    29428.42    2    1
(advertise)    21    29448.71    44    29
(relay)    28    42    29496.12    29    29492.24    4    1
(advertise)    21    29496.32    42    29
(generate)    21    29538.14    [24]    29
(relay)    28    8    29624.55    29    29616.75    2    1
(advertise)    21    29624.75    8    29
(relay)    22    29    29656.36    29    29655.17    4    1
(advertise)    21    29656.56    29    29
(relay)    14    1    29700.78    29    29682.88    4    1
(advertise)    21    29700.98    1    29
(relay)    14    14    29726.79    29    29726.28    6    1
(advertise)    21    29727.19    14    29
(relay)    22    46    29754.0    29    29740.31    2    1
(advertise)    21    29754.2    46    29
(relay)    14    0    29835.82    29    29832.43    6    1
(advertise)    21    29836.02    0    29
(relay)    22    37    29861.23    29    29846.7    2    1
(advertise)    21    29861.43    37    29
(relay)    14    15    29900.44    29    29899.06    4    1
(advertise)    21    29900.64    15    29
(relay)    22    22    29902.25    29    29901.53    4    1
(advertise)    21    29921.85    22    29
