(main)    41    1    1025.0    24    1026.6
(main)    28    1    1062.01    24    1066.2
(main)    18    1    1069.03    24    1087.8
(main)    33    1    1071.01    24    1090.4
(main)    4    1    1111.04    24    1112.2
(main)    3    1    1089.21    24    1113.2
(main)    19    1    1149.07    24    1157.8
(main)    16    1    1177.08    24    1179.8
(main)    26    1    1166.08    24    1199.8
(main)    7    1    1153.07    24    1202.2
(main)    2    1    1164.05    24    1226.2
(main)    35    1    1161.07    24    1248.6
(main)    47    1    1244.12    24    1271.2
(main)    17    1    1292.14    24    1292.2
(main)    23    1    1297.16    24    1297.8
(main)    31    1    1315.16    24    1315.8
(main)    45    1    1255.13    24    1319.8
(main)    9    1    1337.18    24    1363.6
(main)    36    1    1294.14    24    1380.8
(main)    39    1    1373.2    24    1387.4
(main)    30    1    1393.01    24    1426.4
(main)    38    1    1440.03    24    1471.6
(main)    43    1    1378.2    24    1493.6
(main)    32    1    1496.07    24    1521.4
(main)    44    1    1425.02    24    1521.8
(main)    25    1    1533.09    24    1534.0
(main)    34    1    1483.06    24    1544.0
(main)    21    1    1535.09    24    1568.0
(main)    42    1    1489.05    24    1591.0
(main)    11    1    1568.11    24    1592.6
(main)    8    1    1614.11    24    1669.4
(main)    29    1    1653.15    24    1672.8
(main)    13    1    1594.13    24    1702.6
(main)    14    1    1724.0    24    1748.2
(main)    1    1    1680.16    24    1769.6
(main)    5    1    1645.15    24    1793.0
(main)    46    1    1738.0    24    1810.2
(main)    6    1    1665.14    24    1815.2
(main)    37    1    1843.07    24    1855.0
(main)    20    1    1769.02    24    1883.0
(main)    12    1    1809.04    24    1893.2
(main)    10    1    1750.02    24    1904.0
(main)    27    1    1808.06    24    1926.4
(main)    22    1    1896.11    24    1937.4
(main)    40    1    1870.29    24    1945.6
(main)    0    1    1829.04    24    1967.8
(main)    15    1    1895.11    24    2025.6
(main)    48    1    1955.11    24    2037.4
(main)    18    2    2069.2    24    2081.4
(main)    41    2    2025.17    24    2101.6
(main)    3    2    2089.4    24    2134.6
(main)    28    2    2062.2    24    2138.0
(main)    33    2    2071.6    24    2149.0
(main)    4    2    2111.22    24    2169.8
(main)    16    2    2177.28    24    2226.4
(main)    26    2    2166.26    24    2234.8
(main)    35    2    2161.25    24    2238.4
(main)    19    2    2149.25    24    2243.2
(main)    2    2    2164.24    24    2264.0
(main)    17    2    2292.34    24    2292.8
(main)    23    2    2297.34    24    2297.8
(main)    7    2    2153.24    24    2314.8
(main)    31    2    2315.35    24    2316.0
(main)    45    2    2255.92    24    2324.2
(main)    47    2    2244.32    24    2367.2
(main)    9    2    2337.37    24    2405.6
(main)    30    2    2393.81    24    2412.8
(main)    36    2    2294.74    24    2449.6
(main)    38    2    2440.23    24    2477.0
(main)    39    2    2373.39    24    2480.4
(main)    32    2    2496.26    24    2519.4
(main)    25    2    2533.28    24    2533.4
(main)    43    2    2378.37    24    2562.8
(main)    34    2    2483.24    24    2583.2
(main)    44    2    2425.21    24    2585.2
(main)    21    2    2535.27    24    2629.0
(main)    11    2    2568.31    24    2633.2
(main)    42    2    2489.22    24    2672.4
(main)    13    2    2594.31    24    2722.8
(main)    29    2    2653.35    24    2724.4
(main)    8    2    2614.31    24    2740.4
(main)    5    2    2645.34    24    2790.2
(main)    46    2    2738.2    24    2810.4
(main)    10    2    2750.21    24    2825.4
(main)    1    2    2680.36    24    2834.4
(main)    6    2    2665.32    24    2852.8
(main)    27    2    2808.24    24    2874.4
(main)    14    2    2724.2    24    2878.6
(main)    37    2    2843.47    24    2882.6
(main)    20    2    2769.21    24    2939.4
(main)    22    2    2896.29    24    2944.8
(main)    40    2    2870.48    24    2971.2
(main)    12    2    2809.23    24    2982.8
(main)    0    2    2829.2    24    2989.4
(main)    15    2    2895.3    24    3003.4
(main)    18    3    3069.4    24    3087.2
(main)    48    2    2955.29    24    3129.8
(main)    28    3    3062.4    24    3145.2
(main)    33    3    3071.8    24    3176.0
(main)    3    3    3089.6    24    3189.2
(main)    41    3    3025.37    24    3198.6
(main)    19    3    3149.45    24    3200.0
(main)    16    3    3177.46    24    3233.6
(main)    26    3    3167.66    24    3244.4
(main)    7    3    3153.43    24    3255.4
(main)    4    3    3111.42    24    3261.4
(main)    35    3    3161.45    24    3264.0
(main)    17    3    3292.53    24    3293.0
(main)    23    3    3297.53    24    3298.0
(main)    31    3    3315.55    24    3316.6
(main)    2    3    3164.42    24    3352.8
(main)    45    3    3256.1    24    3376.6
(main)    47    3    3244.49    24    3377.2
(main)    9    3    3337.56    24    3417.0
(main)    36    3    3294.93    24    3455.6
(main)    30    3    3394.0    24    3478.2
(main)    39    3    3373.59    24    3526.8
(main)    38    3    3440.43    24    3530.0
(main)    25    3    3533.48    24    3533.6
(main)    32    3    3496.46    24    3570.2
(main)    43    3    3378.56    24    3585.4
(main)    34    3    3483.44    24    3613.0
(main)    11    3    3568.51    24    3627.0
(main)    21    3    3535.47    24    3629.4
(main)    44    3    3425.22    24    3640.2
(main)    29    3    3653.55    24    3738.6
(main)    13    3    3594.51    24    3749.2
(main)    42    3    3489.42    24    3753.8
(main)    8    3    3614.49    24    3760.4
(main)    5    3    3645.35    24    3761.6
(main)    6    3    3665.51    24    3792.8
(main)    46    3    3738.4    24    3813.2
(main)    10    3    3750.41    24    3825.2
(main)    37    3    3843.66    24    3885.6
(main)    1    3    3680.55    24    3890.4
(main)    20    3    3769.22    24    3923.6
(main)    14    3    3725.0    24    3929.2
(main)    12    3    3809.42    24    3980.2
(main)    22    3    3896.49    24    4001.8
(main)    40    3    3870.68    24    4013.6
(main)    27    3    3808.44    24    4036.2
(main)    15    3    3895.49    24    4045.0
(main)    0    3    3829.4    24    4089.4
(main)    18    4    4069.59    24    4102.6
(main)    33    4    4071.98    24    4126.4
(main)    41    4    4025.57    24    4172.4
(main)    28    4    4062.59    24    4176.0
(main)    3    4    4089.81    24    4180.8
(main)    26    4    4167.86    24    4217.4
(main)    16    4    4177.66    24    4222.0
(main)    48    3    3955.48    24    4239.0
(main)    19    4    4149.65    24    4259.4
(main)    35    4    4161.63    24    4266.4
(main)    4    4    4111.62    24    4291.0
(main)    17    4    4292.72    24    4293.2
(main)    23    4    4297.54    24    4298.0
(main)    7    4    4153.63    24    4309.6
(main)    31    4    4315.95    24    4317.0
(main)    2    4    4164.62    24    4353.0
(main)    45    4    4256.11    24    4374.0
(main)    47    4    4244.68    24    4416.8
(main)    30    4    4394.2    24    4464.2
(main)    9    4    4337.75    24    4469.6
(main)    25    4    4533.68    24    4533.8
(main)    39    4    4373.79    24    4549.4
(main)    32    4    4496.65    24    4575.0
(main)    36    4    4295.12    24    4575.6
(main)    43    4    4378.76    24    4618.2
(main)    11    4    4568.69    24    4630.4
(main)    34    4    4483.64    24    4637.0
(main)    21    4    4535.67    24    4641.4
(main)    38    4    4440.61    24    4665.6
(main)    8    4    4614.69    24    4720.61
(main)    13    4    4594.69    24    4747.01
(main)    44    4    4425.41    24    4754.61
(main)    29    4    4653.56    24    4819.41
(main)    10    4    4750.61    24    4831.81
(main)    42    4    4489.61    24    4863.21
(main)    5    4    4645.52    24    4883.01
(main)    46    4    4738.6    24    4904.41
(main)    20    4    4769.41    24    4927.81
(main)    14    4    4725.18    24    4929.21
(main)    6    4    4665.71    24    4935.01
(main)    22    4    4896.5    24    4952.01
(main)    12    4    4809.62    24    4957.41
(main)    40    4    4870.87    24    4992.81
(main)    37    4    4843.86    24    4995.21
(main)    15    4    4895.69    24    5039.01
(main)    1    4    4680.74    24    5081.01
(main)    0    4    4829.57    24    5091.01
(main)    27    4    4808.45    24    5103.61
(main)    18    5    5069.8    24    5136.61
(main)    41    5    5025.77    24    5147.61
(main)    33    5    5072.18    24    5168.81
(main)    28    5    5063.39    24    5192.01
(main)    48    4    4955.67    24    5192.61
(main)    3    5    5089.99    24    5202.61
(main)    16    5    5177.86    24    5214.21
(main)    35    5    5161.83    24    5256.41
(main)    26    5    5168.06    24    5262.21
(main)    19    5    5149.84    24    5266.81
(main)    17    5    5292.91    24    5293.41
(main)    23    5    5297.73    24    5298.21
(main)    4    5    5113.02    24    5309.81
(main)    31    5    5316.15    24    5317.21
(main)    2    5    5164.82    24    5326.21
(main)    47    5    5244.88    24    5343.41
(main)    7    5    5153.83    24    5347.81
(main)    45    5    5256.3    24    5414.01
(main)    36    5    5295.32    24    5434.41
(main)    9    5    5337.95    24    5439.21
(main)    30    5    5394.4    24    5479.01
(main)    39    5    5373.99    24    5488.41
(main)    32    5    5496.85    24    5511.01
(main)    43    5    5378.96    24    5532.01
(main)    25    5    5533.88    24    5534.01
(main)    44    5    5425.57    24    5553.61
(main)    42    5    5489.71    24    5566.81
(main)    11    5    5568.88    24    5576.61
(main)    21    5    5535.85    24    5589.41
(main)    38    5    5440.81    24    5599.21
(main)    8    5    5614.77    24    5623.61
(main)    34    5    5483.75    24    5646.61
(main)    13    5    5594.83    24    5659.41
(main)    5    5    5645.63    24    5668.41
(main)    6    5    5665.75    24    5724.21
(main)    29    5    5653.74    24    5745.41
(main)    1    5    5680.84    24    5755.81
(main)    46    5    5738.63    24    5779.61
(main)    14    5    5725.25    24    5791.21
(main)    10    5    5750.65    24    5802.21
(main)    20    5    5769.48    24    5823.81
(main)    27    5    5808.53    24    5845.21
(main)    12    5    5809.69    24    5856.21
(main)    0    5    5829.75    24    5880.01
(main)    37    5    5844.05    24    5889.01
(main)    40    5    5870.9    24    5911.41
(main)    15    5    5895.85    24    5946.41
(main)    48    5    5955.81    24    5961.81
(main)    22    5    5897.34    24    5969.61
(main)    41    6    6025.96    24    6030.01
(main)    28    6    6063.5    24    6064.41
(main)    18    6    6069.82    24    6086.41
(main)    33    6    6072.35    24    6086.81
(main)    3    6    6090.12    24    6112.21
(main)    4    6    6113.09    24    6135.01
(main)    7    6    6154.01    24    6155.41
(main)    19    6    6149.89    24    6157.81
(main)    26    6    6168.25    24    6187.21
(main)    16    6    6177.9    24    6200.81
(main)    35    6    6162.01    24    6208.81
(main)    2    6    6164.89    24    6223.21
(main)    47    6    6245.03    24    6250.61
(main)    45    6    6256.42    24    6271.81
(main)    17    6    6293.09    24    6293.61
(main)    23    6    6297.91    24    6298.41
(main)    36    6    6295.42    24    6298.81
(main)    31    6    6316.29    24    6317.41
(main)    9    6    6338.03    24    6339.61
(main)    30    6    6394.44    24    6396.61
(main)    39    6    6374.07    24    6418.41
(main)    43    6    6379.09    24    6429.61
(main)    44    6    6425.61    24    6465.41
(main)    38    6    6440.9    24    6474.21
(main)    34    6    6483.76    24    6489.81
(main)    42    6    6489.89    24    6510.41
(main)    25    6    6534.04    24    6534.21
(main)    32    6    6496.88    24    6540.21
(main)    21    6    6535.96    24    6553.01
(main)    11    6    6569.07    24    6580.01
(main)    13    6    6594.94    24    6601.81
(main)    8    6    6614.85    24    6622.01
(main)    5    6    6645.7    24    6649.21
(main)    29    6    6653.78    24    6686.61
(main)    6    6    6665.76    24    6698.01
(main)    1    6    6680.95    24    6720.61
(main)    14    6    6725.31    24    6744.41
(main)    46    6    6738.65    24    6751.61
(main)    10    6    6750.71    24    6766.21
(main)    20    6    6769.56    24    6786.41
(main)    27    6    6808.62    24    6810.21
(main)    12    6    6809.74    24    6834.01
(main)    0    6    6829.76    24    6839.41
(main)    37    6    6844.05    24    6860.41
(main)    40    6    6871.0    24    6885.61
(main)    15    6    6896.04    24    6896.61
(main)    22    6    6898.05    24    6918.81
(main)    48    6    6955.83    24    6961.21
(main)    41    7    7026.07    24    7033.01
(main)    28    7    7063.54    24    7064.41
(main)    18    7    7069.95    24    7087.01
(main)    3    7    7090.16    24    7095.01
(main)    33    7    7072.42    24    7112.61
(main)    19    7    7149.89    24    7151.21
(main)    4    7    7113.11    24    7153.21
(main)    26    7    7168.35    24    7174.21
(main)    7    7    7154.11    24    7174.81
(main)    35    7    7162.12    24    7195.61
(main)    16    7    7178.05    24    7197.01
(main)    2    7    7164.92    24    7221.61
(main)    47    7    7245.15    24    7265.41
(main)    45    7    7256.51    24    7287.01
(main)    17    7    7293.19    24    7293.81
(main)    23    7    7298.0    24    7298.61
(main)    31    7    7316.39    24    7317.41
(main)    36    7    7295.52    24    7322.01
(main)    9    7    7338.19    24    7361.21
(main)    39    7    7374.23    24    7376.81
(main)    30    7    7394.44    24    7399.01
(main)    43    7    7379.18    24    7409.21
(main)    38    7    7440.98    24    7441.41
(main)    44    7    7425.62    24    7465.01
(main)    34    7    7483.78    24    7490.41
(main)    42    7    7490.09    24    7511.41
(main)    32    7    7497.04    24    7512.81
(main)    25    7    7534.18    24    7534.21
(main)    21    7    7536.1    24    7539.81
(main)    11    7    7569.22    24    7571.81
(main)    13    7    7595.02    24    7599.01
(main)    8    7    7614.93    24    7620.61
(main)    5    7    7645.77    24    7650.01
(main)    29    7    7653.84    24    7657.01
(main)    6    7    7665.94    24    7674.41
(main)    1    7    7681.06    24    7699.61
(main)    46    7    7738.68    24    7741.81
(main)    10    7    7750.77    24    7766.81
(main)    20    7    7769.62    24    7790.81
(main)    27    7    7808.73    24    7812.61
(main)    12    7    7809.8    24    7815.61
(main)    0    7    7829.76    24    7841.41
(main)    37    7    7844.27    24    7867.01
(main)    40    7    7871.08    24    7889.21
(main)    15    7    7896.2    24    7897.41
(main)    22    7    7898.13    24    7920.01
(main)    48    7    7956.02    24    7959.21
(main)    41    8    8026.13    24    8032.21
(main)    28    8    8063.58    24    8065.41
(main)    18    8    8070.1    24    8071.01
(main)    33    8    8072.86    24    8095.41
(main)    3    8    8090.24    24    8108.61
(main)    4    8    8113.13    24    8132.01
(main)    19    8    8149.89    24    8153.01
(main)    2    8    8164.95    24    8174.41
(main)    7    8    8154.21    24    8178.81
(main)    26    8    8168.5    24    8186.41
(main)    16    8    8178.41    24    8199.81
(main)    35    8    8162.22    24    8200.21
(main)    47    8    8245.24    24    8265.81
(main)    45    8    8256.58    24    8290.61
(main)    17    8    8293.26    24    8293.81
(main)    23    8    8298.09    24    8299.01
(main)    36    8    8295.55    24    8313.61
(main)    31    8    8316.51    24    8317.61
(main)    9    8    8338.37    24    8364.41
(main)    39    8    8374.25    24    8391.21
(main)    43    8    8379.66    24    8408.01
(main)    30    8    8394.63    24    8415.21
(main)    38    8    8441.04    24    8451.41
(main)    44    8    8425.64    24    8459.41
(main)    34    8    8483.8    24    8491.21
(main)    32    8    8497.2    24    8502.61
(main)    42    8    8490.27    24    8504.41
(main)    25    8    8534.29    24    8534.41
(main)    21    8    8536.24    24    8550.21
(main)    11    8    8569.4    24    8572.61
(main)    13    8    8595.14    24    8598.61
(main)    8    8    8615.01    24    8623.41
(main)    5    8    8645.84    24    8650.41
(main)    6    8    8665.96    24    8675.21
(main)    29    8    8653.86    24    8686.03
(main)    1    8    8681.14    24    8707.83
(main)    46    8    8738.73    24    8749.83
(main)    14    8    8725.43    24    8764.83
(main)    10    8    8750.86    24    8771.03
(main)    20    8    8769.71    24    8792.83
(main)    27    8    8808.87    24    8812.63
(main)    12    8    8809.86    24    8829.83
(main)    0    8    8829.78    24    8854.63
(main)    37    8    8844.31    24    8857.83
(main)    40    8    8871.16    24    8884.03
(main)    15    8    8896.22    24    8905.43
(main)    22    8    8898.23    24    8927.03
(main)    48    8    8956.02    24    8963.23
(main)    41    9    9026.2    24    9032.43
(main)    28    9    9063.63    24    9065.03
(main)    18    9    9070.26    24    9071.03
(main)    33    9    9072.93    24    9094.63
(main)    3    9    9090.32    24    9111.63
(main)    4    9    9113.17    24    9133.63
(main)    19    9    9150.08    24    9154.63
(main)    26    9    9168.62    24    9177.23
(main)    35    9    9162.33    24    9200.23
(main)    16    9    9178.6    24    9201.43
(main)    2    9    9164.98    24    9206.23
(main)    47    9    9245.36    24    9250.83
(main)    45    9    9256.67    24    9274.23
(main)    17    9    9293.36    24    9294.43
(main)    23    9    9298.21    24    9299.23
(main)    31    9    9316.63    24    9319.43
(main)    36    9    9295.6    24    9333.03
(main)    9    9    9338.37    24    9340.43
(main)    39    9    9374.28    24    9377.63
(main)    30    9    9394.79    24    9411.23
(main)    43    9    9379.73    24    9433.63
(main)    38    9    9441.1    24    9447.63
(main)    44    9    9425.64    24    9472.43
(main)    34    9    9483.82    24    9493.83
(main)    42    9    9490.29    24    9498.83
(main)    32    9    9497.24    24    9515.43
(main)    25    9    9534.4    24    9535.03
(main)    21    9    9536.34    24    9571.43
(main)    11    9    9569.57    24    9581.03
(main)    13    9    9595.27    24    9604.23
(main)    8    9    9615.11    24    9629.63
(main)    5    9    9645.96    24    9658.23
(main)    29    9    9653.91    24    9665.63
(main)    6    9    9666.15    24    9674.23
(main)    1    9    9681.24    24    9703.63
(main)    46    9    9738.91    24    9743.43
(main)    14    9    9725.45    24    9745.03
(main)    10    9    9750.89    24    9766.83
(main)    20    9    9769.8    24    9788.83
(main)    27    9    9808.99    24    9812.63
(main)    12    9    9809.94    24    9816.43
(main)    0    9    9829.79    24    9841.63
(main)    37    9    9844.34    24    9861.03
(main)    40    9    9871.25    24    9884.23
(main)    15    9    9896.23    24    9906.83
(main)    22    9    9898.31    24    9910.23
(main)    48    9    9956.19    24    9957.63
(main)    41    10    10026.29    24    10029.23
(main)    28    10    10063.65    24    10065.83
(main)    18    10    10070.44    24    10071.83
(main)    33    10    10073.78    24    10094.83
(main)    3    10    10090.36    24    10113.03
(main)    4    10    10113.2    24    10133.23
(main)    19    10    10150.26    24    10156.43
(main)    7    10    10154.44    24    10157.63
(main)    26    10    10168.73    24    10186.43
(main)    35    10    10162.4    24    10202.03
(main)    2    10    10165.18    24    10208.43
(main)    47    10    10245.43    24    10248.83
(main)    45    10    10256.73    24    10291.43
(main)    17    10    10293.43    24    10294.43
(main)    23    10    10298.31    24    10299.23
(main)    31    10    10316.76    24    10316.83
(main)    36    10    10295.66    24    10321.43
(main)    9    10    10338.54    24    10340.43
(main)    39    10    10374.33    24    10376.83
(main)    43    10    10380.63    24    10402.83
(main)    30    10    10394.96    24    10411.23
(main)    38    10    10441.17    24    10450.23
(main)    44    10    10425.65    24    10458.23
(main)    34    10    10484.01    24    10486.63
(main)    42    10    10490.47    24    10502.03
(main)    32    10    10497.43    24    10507.83
(main)    25    10    10534.47    24    10535.03
(main)    21    10    10536.45    24    10539.43
(main)    11    10    10569.74    24    10572.23
(main)    13    10    10595.39    24    10597.23
(main)    8    10    10615.19    24    10620.83
(main)    5    10    10646.06    24    10650.43
(main)    29    10    10653.95    24    10655.43
(main)    6    10    10666.35    24    10673.83
(main)    1    10    10681.33    24    10699.23
(main)    46    10    10739.11    24    10742.83
(main)    14    10    10725.5    24    10743.23
(main)    20    10    10769.83    24    10771.63
(main)    10    10    10750.93    24    10776.03
(main)    27    10    10809.09    24    10811.83
(main)    12    10    10810.02    24    10815.83
(main)    0    10    10829.81    24    10841.63
(main)    37    10    10844.34    24    10857.03
(main)    40    10    10871.32    24    10880.83
(main)    15    10    10896.41    24    10899.03
(main)    22    10    10898.79    24    10921.63
(main)    48    10    10956.39    24    10958.23
(main)    41    11    11026.37    24    11027.83
(main)    28    11    11063.67    24    11066.83
(main)    18    11    11070.55    24    11090.43
(main)    33    11    11073.8    24    11091.63
(main)    3    11    11090.38    24    11097.63
(main)    4    11    11113.21    24    11154.03
(main)    7    11    11154.54    24    11158.83
(main)    19    11    11150.41    24    11175.23
(main)    16    11    11178.92    24    11182.03
(main)    26    11    11168.87    24    11197.83
(main)    2    11    11165.2    24    11204.43
(main)    35    11    11162.46    24    11205.83
(main)    47    11    11245.53    24    11253.43
(main)    45    11    11256.8    24    11277.83
(main)    23    11    11298.35    24    11298.43
(main)    17    11    11293.55    24    11299.63
(main)    36    11    11295.68    24    11314.83
(main)    31    11    11316.89    24    11317.03
(main)    9    11    11338.71    24    11341.43
(main)    39    11    11374.35    24    11377.63
(main)    30    11    11395.1    24    11395.83
(main)    43    11    11380.74    24    11421.43
(main)    38    11    11441.24    24    11443.63
(main)    44    11    11425.67    24    11445.83
(main)    34    11    11484.21    24    11492.03
(main)    42    11    11490.67    24    11494.63
(main)    32    11    11497.62    24    11528.43
(main)    25    11    11534.55    24    11535.03
(main)    21    11    11536.56    24    11540.03
(main)    11    11    11569.9    24    11570.83
(main)    13    11    11595.47    24    11598.03
(main)    8    11    11615.3    24    11623.83
(main)    5    11    11646.14    24    11651.23
(main)    6    11    11666.53    24    11672.63
(main)    29    11    11654.13    24    11691.43
(main)    1    11    11681.45    24    11697.83
(main)    14    11    11725.56    24    11729.43
(main)    46    11    11739.11    24    11742.03
(main)    10    11    11750.95    24    11753.83
(main)    20    11    11769.88    24    11771.63
(main)    27    11    11809.42    24    11812.83
(main)    12    11    11810.09    24    11816.03
(main)    0    11    11829.84    24    11854.23
(main)    37    11    11844.53    24    11862.83
(main)    40    11    11871.36    24    11887.83
(main)    15    11    11896.59    24    11900.03
(main)    22    11    11898.91    24    11922.23
(main)    48    11    11956.57    24    11960.63
(main)    41    12    12026.41    24    12028.03
(main)    28    12    12063.7    24    12068.23
(main)    18    12    12070.68    24    12090.63
(main)    33    12    12073.82    24    12091.83
(main)    3    12    12090.4    24    12112.83
(main)    4    12    12113.23    24    12157.63
(main)    7    12    12154.68    24    12159.03
(main)    19    12    12150.41    24    12179.23
(main)    16    12    12179.07    24    12182.43
(main)    26    12    12169.0    24    12200.43
(main)    35    12    12162.59    24    12204.83
(main)    2    12    12165.39    24    12223.23
(main)    47    12    12245.62    24    12266.23
(main)    45    12    12256.89    24    12289.03
(main)    17    12    12293.61    24    12293.63
(main)    23    12    12298.41    24    12298.43
(main)    36    12    12295.82    24    12316.83
(main)    31    12    12317.04    24    12317.63
(main)    9    12    12338.85    24    12340.83
(main)    39    12    12374.54    24    12377.43
(main)    43    12    12380.88    24    12389.43
(main)    30    12    12395.28    24    12413.03
(main)    38    12    12441.3    24    12467.23
(main)    34    12    12484.23    24    12488.63
(main)    44    12    12425.86    24    12489.83
(main)    32    12    12497.8    24    12512.03
(main)    42    12    12490.82    24    12512.83
(main)    25    12    12534.63    24    12535.63
(main)    21    12    12536.68    24    12539.63
(main)    11    12    12570.07    24    12571.43
(main)    13    12    12595.57    24    12600.23
(main)    8    12    12615.36    24    12625.43
(main)    5    12    12646.22    24    12649.23
(main)    29    12    12654.15    24    12654.63
(main)    6    12    12666.54    24    12672.43
(main)    1    12    12681.53    24    12721.04
(main)    14    12    12725.62    24    12745.44
(main)    46    12    12739.15    24    12745.84
(main)    10    12    12750.99    24    12768.84
(main)    20    12    12769.99    24    12790.64
(main)    12    12    12810.19    24    12815.04
(main)    27    12    12809.54    24    12835.24
(main)    0    12    12829.84    24    12840.84
(main)    37    12    12844.56    24    12872.44
(main)    15    12    12896.75    24    12899.84
(main)    40    12    12871.38    24    12903.64
(main)    22    12    12899.21    24    12922.04
(main)    48    12    12956.77    24    12961.44
(main)    41    13    13026.48    24    13027.84
(main)    28    13    13063.72    24    13067.24
(main)    18    13    13070.8    24    13091.24
(main)    33    13    13073.9    24    13093.04
(main)    3    13    13090.47    24    13111.64
(main)    4    13    13113.25    24    13155.84
(main)    19    13    13150.58    24    13159.64
(main)    7    13    13154.77    24    13178.84
(main)    35    13    13162.71    24    13200.24
(main)    26    13    13169.12    24    13203.64
(main)    16    13    13179.22    24    13221.24
(main)    2    13    13165.43    24    13224.04
(main)    47    13    13245.73    24    13251.04
(main)    45    13    13256.98    24    13275.04
(main)    17    13    13293.71    24    13293.84
(main)    36    13    13295.89    24    13297.44
(main)    23    13    13298.5    24    13298.64
(main)    31    13    13317.17    24    13317.64
(main)    9    13    13338.86    24    13364.44
(main)    30    13    13395.47    24    13399.24
(main)    43    13    13380.98    24    13399.84
(main)    39    13    13374.57    24    13406.04
(main)    44    13    13425.89    24    13430.04
(main)    38    13    13441.38    24    13451.84
(main)    34    13    13484.25    24    13485.64
(main)    32    13    13497.99    24    13509.24
(main)    42    13    13490.83    24    13515.44
(main)    25    13    13535.13    24    13536.24
(main)    21    13    13536.75    24    13558.04
(main)    11    13    13570.23    24    13571.44
(main)    13    13    13595.7    24    13600.04
(main)    8    13    13615.44    24    13626.64
(main)    5    13    13646.3    24    13650.04
(main)    29    13    13654.19    24    13655.44
(main)    6    13    13666.73    24    13674.24
(main)    1    13    13681.62    24    13720.84
(main)    46    13    13739.16    24    13742.24
(main)    14    13    13725.64    24    13743.44
(main)    10    13    13751.05    24    13767.24
(main)    20    13    13770.02    24    13792.64
(main)    27    13    13809.63    24    13814.84
(main)    12    13    13810.28    24    13817.64
(main)    0    13    13829.86    24    13861.44
(main)    37    13    13844.75    24    13862.64
(main)    40    13    13871.45    24    13887.04
(main)    15    13    13896.92    24    13898.64
(main)    22    13    13899.28    24    13920.04
(main)    48    13    13956.95    24    13961.44
(main)    41    14    14026.55    24    14030.24
(main)    28    14    14063.72    24    14070.24
(main)    18    14    14070.96    24    14090.64
(main)    33    14    14074.09    24    14091.64
(main)    3    14    14090.52    24    14114.44
(main)    4    14    14113.26    24    14158.64
(main)    7    14    14154.87    24    14179.24
(main)    16    14    14179.35    24    14179.84
(main)    19    14    14150.77    24    14180.64
(main)    2    14    14165.45    24    14200.84
(main)    26    14    14169.21    24    14204.24
(main)    35    14    14162.81    24    14248.44
(main)    47    14    14245.8    24    14251.64
(main)    45    14    14257.04    24    14273.04
(main)    17    14    14293.78    24    14293.84
(main)    36    14    14295.95    24    14297.44
(main)    23    14    14298.58    24    14299.04
(main)    31    14    14317.23    24    14340.44
(main)    9    14    14339.01    24    14361.24
(main)    39    14    14374.57    24    14383.24
(main)    43    14    14381.05    24    14384.64
(main)    30    14    14395.66    24    14407.24
(main)    38    14    14441.43    24    14451.04
(main)    44    14    14426.09    24    14473.84
(main)    34    14    14484.27    24    14496.44
(main)    42    14    14490.84    24    14501.44
(main)    32    14    14498.16    24    14523.84
(main)    25    14    14535.23    24    14536.24
(main)    21    14    14536.85    24    14546.24
(main)    11    14    14570.42    24    14573.44
(main)    13    14    14595.81    24    14602.24
(main)    8    14    14615.51    24    14627.84
(main)    5    14    14646.4    24    14649.84
(main)    29    14    14654.2    24    14672.64
(main)    6    14    14666.93    24    14674.24
(main)    1    14    14681.68    24    14700.84
(main)    46    14    14739.18    24    14740.24
(main)    14    14    14725.69    24    14744.04
(main)    20    14    14770.06    24    14773.24
(main)    10    14    14751.11    24    14789.24
(main)    27    14    14809.69    24    14810.44
(main)    0    14    14830.03    24    14832.84
(main)    12    14    14810.37    24    14833.84
(main)    37    14    14844.77    24    14858.24
(main)    40    14    14871.5    24    14881.04
(main)    15    14    14897.07    24    14898.84
(main)    22    14    14899.37    24    14919.04
(main)    48    14    14957.13    24    14963.84
(main)    41    15    15026.64    24    15029.84
(main)    28    15    15063.91    24    15066.84
(main)    18    15    15071.1    24    15072.44
(main)    33    15    15074.28    24    15096.24
(main)    3    15    15090.58    24    15120.84
(main)    4    15    15113.27    24    15144.04
(main)    7    15    15154.98    24    15159.04
(main)    19    15    15150.77    24    15165.24
(main)    16    15    15179.52    24    15181.24
(main)    26    15    15169.69    24    15187.84
(main)    35    15    15162.87    24    15190.84
(main)    2    15    15165.47    24    15243.24
(main)    47    15    15245.87    24    15250.84
(main)    45    15    15257.12    24    15272.44
(main)    17    15    15293.91    24    15294.44
(main)    31    15    15317.28    24    15317.84
(main)    36    15    15296.03    24    15319.64
(main)    23    15    15298.66    24    15330.84
(main)    9    15    15339.2    24    15363.24
(main)    43    15    15381.15    24    15385.84
(main)    39    15    15374.57    24    15388.44
(main)    30    15    15395.78    24    15397.04
(main)    44    15    15426.28    24    15436.64
(main)    38    15    15441.49    24    15458.04
(main)    34    15    15484.28    24    15488.64
(main)    42    15    15491.03    24    15496.24
(main)    32    15    15498.3    24    15522.84
(main)    25    15    15535.31    24    15535.44
(main)    21    15    15536.95    24    15553.64
(main)    11    15    15570.6    24    15573.24
(main)    13    15    15595.87    24    15601.64
(main)    8    15    15615.74    24    15623.64
(main)    5    15    15646.45    24    15650.04
(main)    6    15    15667.12    24    15674.04
(main)    29    15    15654.37    24    15687.24
(main)    1    15    15681.74    24    15699.04
(main)    14    15    15725.71    24    15739.44
(main)    46    15    15739.2    24    15752.84
(main)    10    15    15751.16    24    15760.64
(main)    20    15    15770.09    24    15782.84
(main)    12    15    15810.38    24    15812.24
(main)    27    15    15809.79    24    15834.84
(main)    0    15    15830.22    24    15837.44
(main)    37    15    15844.94    24    15862.04
(main)    40    15    15871.53    24    15885.24
(main)    22    15    15899.44    24    15905.24
(main)    15    15    15897.07    24    15921.24
(main)    48    15    15957.14    24    15963.44
(main)    41    16    16026.71    24    16030.44
(main)    28    16    16064.1    24    16067.64
(main)    18    16    16071.24    24    16071.64
(main)    33    16    16074.28    24    16112.64
(main)    3    16    16090.65    24    16115.44
(main)    19    16    16150.77    24    16153.24
(main)    4    16    16113.28    24    16162.24
(main)    26    16    16169.75    24    16176.44
(main)    7    16    16155.08    24    16177.04
(main)    2    16    16165.65    24    16180.04
(main)    35    16    16162.93    24    16198.84
(main)    16    16    16180.29    24    16204.64
(main)    47    16    16245.96    24    16249.64
(main)    45    16    16257.16    24    16269.24
(main)    17    16    16294.0    24    16294.64
(main)    36    16    16296.06    24    16298.84
(main)    23    16    16298.73    24    16299.24
(main)    31    16    16317.39    24    16318.44
(main)    9    16    16339.35    24    16343.04
(main)    39    16    16374.58    24    16376.24
(main)    30    16    16395.93    24    16398.04
(main)    43    16    16381.19    24    16424.24
(main)    38    16    16441.55    24    16445.84
(main)    44    16    16426.3    24    16448.44
(main)    34    16    16484.48    24    16489.24
(main)    42    16    16491.2    24    16498.64
(main)    25    16    16535.36    24    16535.44
(main)    32    16    16498.48    24    16537.24
(main)    21    16    16537.05    24    16538.44
(main)    11    16    16570.76    24    16573.24
(main)    13    16    16595.97    24    16601.04
(main)    8    16    16615.8    24    16622.84
(main)    5    16    16646.49    24    16650.04
(main)    6    16    16667.32    24    16674.24
(main)    29    16    16654.53    24    16692.45
(main)    1    16    16681.82    24    16719.25
(main)    46    16    16739.22    24    16742.25
(main)    10    16    16751.25    24    16765.25
(main)    14    16    16725.76    24    16765.85
(main)    20    16    16770.11    24    16788.45
(main)    27    16    16809.86    24    16813.05
(main)    12    16    16810.43    24    16832.65
(main)    0    16    16830.41    24    16855.85
(main)    37    16    16845.13    24    16878.05
(main)    40    16    16871.62    24    16881.05
(main)    15    16    16897.23    24    16898.85
(main)    22    16    16899.53    24    16922.45
(main)    48    16    16957.32    24    16962.85
(main)    41    17    17026.79    24    17032.45
(main)    28    17    17064.12    24    17065.05
(main)    33    17    17074.28    24    17087.25
(main)    18    17    17071.39    24    17087.65
(main)    3    17    17090.73    24    17109.85
(main)    4    17    17113.3    24    17155.05
(main)    35    17    17163.06    24    17164.45
(main)    19    17    17150.96    24    17176.25
(main)    7    17    17155.16    24    17177.45
(main)    26    17    17169.85    24    17214.45
(main)    2    17    17165.68    24    17222.45
(main)    16    17    17180.41    24    17243.45
(main)    47    17    17246.05    24    17259.85
(main)    45    17    17257.24    24    17283.85
(main)    17    17    17294.09    24    17294.65
(main)    23    17    17298.82    24    17299.85
(main)    36    17    17296.12    24    17306.25
(main)    31    17    17317.54    24    17318.45
(main)    9    17    17339.51    24    17376.05
(main)    39    17    17374.58    24    17376.85
(main)    30    17    17396.1    24    17399.65
(main)    43    17    17381.23    24    17421.05
(main)    38    17    17441.64    24    17442.45
(main)    44    17    17426.31    24    17471.85
(main)    34    17    17484.51    24    17492.05
(main)    32    17    17498.49    24    17516.85
(main)    25    17    17535.47    24    17535.65
(main)    21    17    17537.14    24    17539.65
(main)    11    17    17570.76    24    17576.25
(main)    42    17    17491.38    24    17577.45
(main)    13    17    17596.05    24    17601.05
(main)    8    17    17615.85    24    17617.05
(main)    5    17    17646.59    24    17650.45
(main)    29    17    17654.54    24    17657.65
(main)    6    17    17667.51    24    17687.45
(main)    14    17    17725.78    24    17739.85
(main)    46    17    17739.24    24    17742.45
(main)    10    17    17751.29    24    17767.25
(main)    20    17    17770.12    24    17782.65
(main)    27    17    17809.92    24    17812.85
(main)    12    17    17810.46    24    17814.05
(main)    0    17    17830.59    24    17840.45
(main)    37    17    17845.15    24    17862.25
(main)    40    17    17871.68    24    17882.85
(main)    15    17    17897.42    24    17899.05
(main)    22    17    17899.59    24    17920.05
(main)    48    17    17957.33    24    17961.45
(main)    41    18    18026.87    24    18032.45
(main)    28    18    18064.14    24    18065.25
(main)    18    18    18071.56    24    18088.45
(main)    33    18    18074.67    24    18089.25
(main)    3    18    18090.79    24    18114.45
(main)    4    18    18113.3    24    18139.25
(main)    7    18    18155.27    24    18157.25
(main)    19    18    18151.15    24    18160.25
(main)    2    18    18165.88    24    18181.45
(main)    26    18    18169.91    24    18183.45
(main)    35    18    18163.14    24    18183.85
(main)    16    18    18181.74    24    18204.25
(main)    47    18    18246.12    24    18247.65
(main)    45    18    18257.3    24    18272.25
(main)    17    18    18294.21    24    18295.25
(main)    23    18    18298.88    24    18300.05
(main)    31    18    18317.64    24    18321.25
(main)    36    18    18296.17    24    18340.25
(main)    9    18    18339.68    24    18363.45
(main)    39    18    18374.74    24    18377.05
(main)    30    18    18396.24    24    18400.45
(main)    43    18    18381.29    24    18422.05
(main)    38    18    18441.68    24    18445.45
(main)    44    18    18426.33    24    18453.85
(main)    34    18    18484.7    24    18488.25
(main)    32    18    18498.66    24    18509.65
(main)    42    18    18491.39    24    18512.05
(main)    25    18    18535.75    24    18536.25
(main)    21    18    18537.2    24    18544.25
(main)    11    18    18570.77    24    18574.25
(main)    13    18    18596.13    24    18597.85
(main)    8    18    18615.92    24    18622.85
(main)    5    18    18646.72    24    18651.65
(main)    6    18    18667.67    24    18676.25
(main)    29    18    18654.71    24    18677.85
(main)    1    18    18681.96    24    18701.05
(main)    46    18    18739.43    24    18743.65
(main)    14    18    18725.97    24    18745.45
(main)    20    18    18770.13    24    18772.65
(main)    10    18    18751.35    24    18789.25
(main)    27    18    18809.98    24    18813.45
(main)    0    18    18830.77    24    18836.85
(main)    12    18    18810.52    24    18842.85
(main)    37    18    18845.31    24    18867.05
(main)    40    18    18871.74    24    18901.25
(main)    15    18    18897.61    24    18912.05
(main)    22    18    18899.62    24    18925.25
(main)    48    18    18957.5    24    18960.65
(main)    41    19    19026.96    24    19031.05
(main)    28    19    19064.34    24    19065.85
(main)    18    19    19071.72    24    19073.05
(main)    33    19    19074.86    24    19095.65
(main)    3    19    19090.83    24    19096.65
(main)    4    19    19113.31    24    19119.85
(main)    7    19    19155.35    24    19163.45
(main)    19    19    19151.16    24    19164.85
(main)    2    19    19165.89    24    19185.65
(main)    26    19    19169.97    24    19186.85
(main)    35    19    19163.22    24    19200.05
(main)    16    19    19182.26    24    19244.45
(main)    47    19    19246.17    24    19247.85
(main)    45    19    19257.33    24    19272.25
(main)    17    19    19294.32    24    19295.25
(main)    36    19    19296.21    24    19299.85
(main)    31    19    19317.74    24    19317.85
(main)    23    19    19298.99    24    19332.45
(main)    9    19    19339.83    24    19365.25
(main)    43    19    19381.35    24    19389.25
(main)    39    19    19374.76    24    19389.85
(main)    30    19    19396.39    24    19411.05
(main)    44    19    19426.53    24    19454.45
(main)    38    19    19441.73    24    19470.85
(main)    34    19    19484.73    24    19490.65
(main)    42    19    19491.57    24    19495.05
(main)    32    19    19498.85    24    19513.05
(main)    25    19    19535.85    24    19536.45
(main)    21    19    19537.26    24    19539.25
(main)    11    19    19570.77    24    19573.25
(main)    13    19    19596.21    24    19598.05
(main)    8    19    19616.0    24    19620.45
(main)    5    19    19646.8    24    19653.45
(main)    29    19    19654.84    24    19675.25
(main)    6    19    19667.87    24    19676.05
(main)    1    19    19682.04    24    19699.85
(main)    46    19    19739.63    24    19744.45
(main)    14    19    19725.99    24    19747.25
(main)    10    19    19751.43    24    19768.45
(main)    20    19    19770.15    24    19790.05
(main)    27    19    19810.03    24    19813.65
(main)    0    19    19830.96    24    19839.25
(main)    12    19    19810.6    24    19855.05
(main)    37    19    19845.48    24    19859.45
(main)    40    19    19871.8    24    19883.65
(main)    15    19    19897.75    24    19907.25
(main)    22    19    19899.67    24    19931.85
(main)    48    19    19957.65    24    19959.65
(main)    41    20    20027.06    24    20029.25
(main)    28    20    20064.36    24    20066.65
(main)    33    20    20074.87    24    20092.25
(main)    3    20    20090.88    24    20113.25
(main)    18    20    20071.91    24    20115.05
(main)    4    20    20113.32    24    20134.65
(main)    19    20    20151.16    24    20154.65
(main)    7    20    20155.45    24    20158.45
(main)    35    20    20163.3    24    20183.45
(main)    26    20    20169.99    24    20200.85
(main)    16    20    20183.19    24    20205.45
(main)    2    20    20165.91    24    20223.65
(main)    47    20    20246.24    24    20249.25
(main)    45    20    20257.38    24    20271.65
(main)    17    20    20294.85    24    20295.85
(main)    36    20    20296.3    24    20298.85
(main)    23    20    20299.05    24    20299.25
(main)    31    20    20317.82    24    20318.05
(main)    9    20    20340.02    24    20363.05
(main)    39    20    20374.91    24    20378.45
(main)    43    20    20381.45    24    20388.05
(main)    30    20    20396.54    24    20414.45
(main)    38    20    20441.78    24    20445.85
(main)    44    20    20427.92    24    20461.25
(main)    34    20    20484.92    24    20488.45
(main)    42    20    20491.76    24    20506.25
(main)    32    20    20499.02    24    20514.25
(main)    25    20    20535.94    24    20536.45
(main)    21    20    20537.35    24    20540.85
(main)    11    20    20570.96    24    20572.45
(main)    13    20    20596.3    24    20598.85
(main)    8    20    20616.06    24    20625.25
(main)    5    20    20646.86    24    20651.65
(main)    6    20    20668.01    24    20672.65
(main)    29    20    20654.85    24    20675.25
(main)    1    20    20682.14    24    20720.27
(main)    46    20    20739.65    24    20744.87
(main)    10    20    20751.49    24    20770.27
(main)    14    20    20726.04    24    20786.67
(main)    20    20    20770.18    24    20794.67
(main)    12    20    20810.67    24    20816.67
(main)    27    20    20810.12    24    20817.47
(main)    0    20    20830.98    24    20835.07
(main)    37    20    20845.67    24    20856.67
(main)    40    20    20871.91    24    20886.27
(main)    15    20    20897.94    24    20909.87
(main)    22    20    20900.36    24    20931.27
(main)    48    20    20957.85    24    20960.67
(main)    41    21    21027.16    24    21028.67
(main)    28    21    21064.37    24    21067.07
(main)    33    21    21074.88    24    21092.47
(main)    18    21    21072.06    24    21093.87
(main)    3    21    21090.95    24    21111.47
(main)    4    21    21113.33    24    21137.47
(main)    7    21    21155.55    24    21159.67
(main)    19    21    21151.35    24    21179.07
(main)    2    21    21165.94    24    21184.67
(main)    26    21    21170.08    24    21201.27
(main)    35    21    21163.42    24    21203.27
(main)    16    21    21183.78    24    21205.67
(main)    47    21    21246.34    24    21251.27
(main)    45    21    21257.46    24    21275.67
(main)    17    21    21294.96    24    21295.07
(main)    23    21    21299.17    24    21299.27
(main)    36    21    21296.39    24    21313.27
(main)    31    21    21317.96    24    21318.07
(main)    9    21    21340.02    24    21365.07
(main)    30    21    21396.7    24    21399.47
(main)    39    21    21374.93    24    21400.87
(main)    43    21    21381.56    24    21424.87
(main)    38    21    21441.85    24    21446.47
(main)    44    21    21427.95    24    21470.67
(main)    34    21    21484.95    24    21492.07
(main)    42    21    21491.76    24    21514.87
(main)    32    21    21499.21    24    21515.07
(main)    25    21    21536.05    24    21537.07
(main)    21    21    21537.44    24    21565.27
(main)    11    21    21571.14    24    21571.67
(main)    13    21    21596.4    24    21599.07
(main)    8    21    21616.13    24    21625.87
(main)    5    21    21646.95    24    21650.87
(main)    29    21    21654.87    24    21658.27
(main)    6    21    21668.19    24    21673.07
(main)    1    21    21682.24    24    21699.07
(main)    14    21    21726.06    24    21732.27
(main)    46    21    21739.66    24    21741.87
(main)    10    21    21751.52    24    21763.47
(main)    20    21    21770.22    24    21777.27
(main)    27    21    21810.21    24    21813.87
(main)    12    21    21810.74    24    21814.67
(main)    0    21    21831.17    24    21841.47
(main)    37    21    21845.86    24    21862.27
(main)    40    21    21871.98    24    21886.67
(main)    15    21    21898.12    24    21901.67
(main)    22    21    21900.6    24    21923.07
(main)    48    21    21958.03    24    21962.27
(main)    41    22    22027.25    24    22028.87
(main)    28    22    22064.38    24    22068.07
(main)    18    22    22072.24    24    22090.47
(main)    33    22    22075.07    24    22093.87
(main)    3    22    22091.0    24    22112.07
(main)    4    22    22113.35    24    22135.47
(main)    7    22    22155.63    24    22161.47
(main)    19    22    22151.54    24    22181.87
(main)    2    22    22166.14    24    22183.47
(main)    26    22    22170.17    24    22202.87
(main)    16    22    22183.95    24    22203.87
(main)    35    22    22163.5    24    22205.47
(main)    47    22    22246.4    24    22253.47
(main)    45    22    22257.52    24    22294.67
(main)    17    22    22295.05    24    22295.07
(main)    23    22    22299.27    24    22299.47
(main)    36    22    22296.49    24    22317.67
(main)    31    22    22318.45    24    22319.07
(main)    9    22    22340.78    24    22363.87
(main)    43    22    22381.68    24    22388.27
(main)    39    22    22374.93    24    22391.47
(main)    30    22    22396.87    24    22413.67
(main)    38    22    22442.11    24    22459.27
(main)    44    22    22428.14    24    22480.27
(main)    42    22    22491.95    24    22494.87
(main)    34    22    22485.15    24    22502.87
(main)    32    22    22499.37    24    22526.47
(main)    25    22    22536.14    24    22537.07
(main)    21    22    22537.52    24    22545.07
(main)    11    22    22571.33    24    22574.47
(main)    13    22    22596.48    24    22601.87
(main)    8    22    22616.22    24    22627.27
(main)    5    22    22647.05    24    22651.07
(main)    29    22    22654.87    24    22672.67
(main)    6    22    22668.36    24    22676.67
(main)    1    22    22682.33    24    22701.07
(main)    14    22    22726.08    24    22729.67
(main)    46    22    22739.68    24    22740.47
(main)    10    22    22751.57    24    22763.07
(main)    20    22    22770.25    24    22774.67
(main)    27    22    22810.3    24    22813.07
(main)    12    22    22810.83    24    22836.07
(main)    0    22    22831.37    24    22841.87
(main)    37    22    22845.87    24    22863.27
(main)    40    22    22872.03    24    22876.67
(main)    15    22    22898.12    24    22902.27
(main)    22    22    22900.66    24    22922.87
(main)    48    22    22958.21    24    22962.47
(main)    41    23    23027.33    24    23028.87
(main)    28    23    23064.4    24    23068.67
(main)    18    23    23072.43    24    23093.07
(main)    33    23    23075.09    24    23093.47
(main)    3    23    23091.06    24    23114.87
(main)    4    23    23113.37    24    23138.27
(main)    19    23    23151.72    24    23156.47
(main)    7    23    23155.73    24    23160.67
(main)    35    23    23163.6    24    23201.67
(main)    16    23    23184.07    24    23229.47
(main)    26    23    23170.21    24    23230.67
(main)    47    23    23246.5    24    23252.07
(main)    2    23    23166.16    24    23253.07
(main)    45    23    23257.58    24    23273.27
(main)    17    23    23295.13    24    23295.27
(main)    36    23    23296.55    24    23298.87
(main)    23    23    23299.36    24    23299.87
(main)    31    23    23318.51    24    23319.07
(main)    9    23    23340.93    24    23345.67
(main)    39    23    23375.09    24    23375.67
(main)    43    23    23381.74    24    23398.07
(main)    30    23    23397.02    24    23398.27
(main)    38    23    23442.16    24    23444.87
(main)    44    23    23428.14    24    23469.27
(main)    34    23    23485.34    24    23487.87
(main)    42    23    23491.95    24    23511.47
(main)    32    23    23499.52    24    23516.27
(main)    25    23    23536.25    24    23537.27
(main)    21    23    23537.6    24    23559.67
(main)    11    23    23571.48    24    23572.87
(main)    13    23    23596.58    24    23601.27
(main)    8    23    23616.3    24    23625.67
(main)    5    23    23647.15    24    23649.27
(main)    29    23    23654.89    24    23656.27
(main)    6    23    23668.52    24    23674.47
(main)    1    23    23682.41    24    23701.87
(main)    14    23    23726.1    24    23729.67
(main)    46    23    23739.86    24    23740.87
(main)    10    23    23751.63    24    23762.67
(main)    20    23    23770.43    24    23775.87
(main)    27    23    23810.36    24    23811.87
(main)    0    23    23831.55    24    23833.07
(main)    12    23    23810.91    24    23835.07
(main)    37    23    23846.04    24    23855.27
(main)    40    23    23872.11    24    23883.27
(main)    15    23    23898.3    24    23906.87
(main)    22    23    23900.71    24    23929.67
(main)    48    23    23958.38    24    23963.27
(main)    41    24    24027.41    24    24030.07
(main)    28    24    24064.4    24    24071.47
(main)    33    24    24075.25    24    24091.27
(main)    18    24    24072.57    24    24092.87
(main)    3    24    24091.13    24    24116.27
(main)    4    24    24113.38    24    24139.27
(main)    7    24    24155.82    24    24161.47
(main)    19    24    24151.91    24    24178.67
(main)    2    24    24166.17    24    24182.67
(main)    26    24    24170.27    24    24184.87
(main)    16    24    24184.18    24    24204.47
(main)    35    24    24163.69    24    24227.47
(main)    47    24    24246.58    24    24256.67
(main)    45    24    24257.84    24    24277.87
(main)    17    24    24295.23    24    24295.87
(main)    23    24    24299.42    24    24300.07
(main)    36    24    24296.61    24    24313.27
(main)    31    24    24318.61    24    24319.67
(main)    9    24    24341.1    24    24344.67
(main)    39    24    24375.28    24    24377.07
(main)    30    24    24397.19    24    24399.47
(main)    43    24    24381.82    24    24423.87
(main)    44    24    24428.15    24    24445.47
(main)    38    24    24442.21    24    24447.07
(main)    34    24    24485.37    24    24488.27
(main)    32    24    24499.62    24    24510.47
(main)    42    24    24491.96    24    24510.87
(main)    25    24    24537.32    24    24537.47
(main)    21    24    24537.67    24    24538.87
(main)    11    24    24571.49    24    24573.07
(main)    13    24    24596.67    24    24601.47
(main)    8    24    24616.35    24    24626.27
(main)    5    24    24647.21    24    24651.27
(main)    6    24    24668.7    24    24675.87
(main)    1    24    24682.49    24    24702.88
(main)    14    24    24726.14    24    24747.88
(main)    46    24    24739.88    24    24748.48
(main)    20    24    24770.47    24    24775.08
(main)    10    24    24751.7    24    24776.08
(main)    27    24    24810.44    24    24814.28
(main)    0    24    24831.73    24    24834.68
(main)    12    24    24810.96    24    24843.28
(main)    37    24    24846.04    24    24857.48
(main)    40    24    24872.21    24    24880.48
(main)    15    24    24898.46    24    24900.28
(main)    22    24    24900.77    24    24926.28
(main)    48    24    24958.4    24    24964.88
(main)    41    25    25027.51    24    25032.28
(main)    28    25    25064.43    24    25067.28
(main)    18    25    25072.57    24    25089.68
(main)    33    25    25075.44    24    25091.48
(main)    3    25    25091.21    24    25116.08
(main)    4    25    25113.61    24    25118.88
(main)    19    25    25151.94    24    25176.48
(main)    7    25    25155.94    24    25181.08
(main)    2    25    25166.2    24    25181.48
(main)    26    25    25170.32    24    25198.08
(main)    35    25    25163.81    24    25203.88
(main)    16    25    25184.33    24    25225.48
(main)    47    25    25246.66    24    25285.88
(main)    45    25    25257.92    24    25289.68
(main)    17    25    25295.32    24    25295.88
(main)    23    25    25299.51    24    25300.08
(main)    36    25    25296.72    24    25312.28
(main)    31    25    25318.74    24    25319.68
(main)    9    25    25341.26    24    25345.08
(main)    39    25    25375.29    24    25376.28
(main)    30    25    25397.2    24    25399.48
(main)    43    25    25381.89    24    25423.68
(main)    38    25    25442.28    24    25443.68
(main)    44    25    25428.17    24    25466.88
(main)    34    25    25485.4    24    25492.28
(main)    32    25    25499.63    24    25515.28
(main)    42    25    25492.0    24    25536.88
(main)    25    25    25537.45    24    25537.48
(main)    11    25    25571.5    24    25573.28
(main)    13    25    25596.75    24    25602.48
(main)    8    25    25616.43    24    25627.28
(main)    5    25    25647.28    24    25650.08
(main)    29    25    25654.93    24    25673.68
(main)    6    25    25668.89    24    25675.68
(main)    1    25    25682.56    24    25701.88
(main)    46    25    25739.9    24    25741.48
(main)    10    25    25751.76    24    25764.88
(main)    20    25    25770.5    24    25788.28
(main)    27    25    25810.52    24    25811.68
(main)    12    25    25811.0    24    25814.28
(main)    0    25    25831.9    24    25839.88
(main)    37    25    25846.22    24    25859.28
(main)    40    25    25872.3    24    25883.88
(main)    22    25    25900.82    24    25906.08
(main)    15    25    25898.5    24    25925.28
(main)    48    25    25958.6    24    25964.68
(main)    41    26    26027.62    24    26033.08
(main)    28    26    26064.47    24    26066.28
(main)    18    26    26072.73    24    26073.28
(main)    33    26    26075.47    24    26094.68
(main)    3    26    26091.28    24    26095.48
(main)    4    26    26113.81    24    26141.88
(main)    7    26    26156.05    24    26161.08
(main)    19    26    26151.94    24    26164.08
(main)    2    26    26166.38    24    26185.68
(main)    26    26    26170.42    24    26188.68
(main)    35    26    26163.91    24    26203.48
(main)    16    26    26184.51    24    26244.88
(main)    47    26    26246.73    24    26249.28
(main)    45    26    26257.99    24    26273.08
(main)    17    26    26295.4    24    26295.88
(main)    23    26    26299.81    24    26300.88
(main)    36    26    26296.78    24    26301.08
(main)    31    26    26318.78    24    26319.88
(main)    39    26    26375.48    24    26377.08
(main)    9    26    26341.43    24    26378.48
(main)    30    26    26397.34    24    26420.48
(main)    43    26    26381.95    24    26423.48
(main)    38    26    26442.31    24    26444.68
(main)    44    26    26428.37    24    26466.48
(main)    34    26    26485.43    24    26494.88
(main)    32    26    26499.78    24    26511.08
(main)    42    26    26492.18    24    26512.08
(main)    25    26    26537.57    24    26554.68
(main)    21    26    26537.87    24    26564.08
(main)    11    26    26571.51    24    26574.68
(main)    13    26    26596.83    24    26600.68
(main)    8    26    26616.48    24    26618.08
(main)    5    26    26647.37    24    26651.28
(main)    29    26    26654.94    24    26675.68
(main)    6    26    26669.09    24    26676.08
(main)    1    26    26682.59    24    26700.88
(main)    46    26    26739.91    24    26742.88
(main)    14    26    26726.21    24    26746.28
(main)    10    26    26751.81    24    26768.48
(main)    20    26    26770.55    24    26789.08
(main)    27    26    26810.61    24    26814.88
(main)    12    26    26811.06    24    26835.48
(main)    0    26    26832.07    24    26836.28
(main)    37    26    26846.38    24    26858.08
(main)    40    26    26872.37    24    26881.68
(main)    15    26    26898.68    24    26904.28
(main)    22    26    26900.89    24    26926.28
(main)    48    26    26958.62    24    26963.28
(main)    41    27    27027.74    24    27032.08
(main)    28    27    27064.51    24    27065.88
(main)    18    27    27072.74    24    27073.08
(main)    3    27    27091.35    24    27096.28
(main)    33    27    27075.49    24    27096.68
(main)    4    27    27113.83    24    27144.28
(main)    7    27    27156.15    24    27157.28
(main)    19    27    27152.13    24    27167.28
(main)    2    27    27166.4    24    27180.48
(main)    26    27    27170.52    24    27190.88
(main)    35    27    27164.04    24    27202.68
(main)    16    27    27184.62    24    27224.08
(main)    47    27    27246.81    24    27268.08
(main)    45    27    27258.06    24    27291.68
(main)    17    27    27295.52    24    27296.48
(main)    23    27    27299.89    24    27300.88
(main)    31    27    27318.9    24    27319.08
(main)    36    27    27296.88    24    27325.28
(main)    9    27    27341.6    24    27364.88
(main)    43    27    27382.07    24    27389.28
(main)    39    27    27375.65    24    27410.88
(main)    30    27    27397.51    24    27432.88
(main)    44    27    27428.38    24    27456.28
(main)    38    27    27442.36    24    27477.68
(main)    32    27    27499.97    24    27500.48
(main)    42    27    27492.2    24    27501.28
(main)    34    27    27485.48    24    27522.68
(main)    25    27    27537.66    24    27538.28
(main)    21    27    27537.95    24    27539.88
(main)    11    27    27571.53    24    27585.88
(main)    13    27    27596.9    24    27607.68
(main)    8    27    27616.57    24    27629.08
(main)    5    27    27647.43    24    27653.88
(main)    6    27    27669.24    24    27676.68
(main)    29    27    27654.94    24    27680.28
(main)    1    27    27682.68    24    27700.68
(main)    46    27    27740.11    24    27743.88
(main)    14    27    27726.23    24    27747.08
(main)    10    27    27751.87    24    27788.88
(main)    20    27    27770.58    24    27791.08
(main)    27    27    27810.73    24    27814.68
(main)    12    27    27811.08    24    27815.68
(main)    0    27    27832.26    24    27841.68
(main)    37    27    27846.4    24    27848.88
(main)    40    27    27872.45    24    27875.48
(main)    15    27    27898.86    24    27906.88
(main)    22    27    27900.95    24    27929.48
(main)    48    27    27958.81    24    27961.08
(main)    41    28    28027.84    24    28033.48
(main)    28    28    28064.54    24    28065.48
(main)    18    28    28072.93    24    28087.68
(main)    33    28    28075.5    24    28087.88
(main)    3    28    28091.41    24    28112.68
(main)    4    28    28113.85    24    28133.28
(main)    7    28    28156.28    24    28157.68
(main)    19    28    28152.14    24    28165.88
(main)    35    28    28164.13    24    28184.28
(main)    26    28    28170.63    24    28198.48
(main)    16    28    28184.8    24    28207.28
(main)    2    28    28166.42    24    28223.48
(main)    47    28    28246.89    24    28251.68
(main)    45    28    28258.12    24    28274.68
(main)    17    28    28295.65    24    28296.68
(main)    23    28    28300.02    24    28301.08
(main)    36    28    28296.96    24    28302.28
(main)    31    28    28319.01    24    28319.08
(main)    9    28    28341.77    24    28367.28
(main)    39    28    28375.84    24    28378.28
(main)    30    28    28397.66    24    28399.28
(main)    43    28    28382.15    24    28422.88
(main)    38    28    28442.42    24    28444.48
(main)    44    28    28428.4    24    28457.28
(main)    34    28    28485.53    24    28494.88
(main)    42    28    28492.22    24    28499.28
(main)    32    28    28500.16    24    28517.08
(main)    25    28    28537.78    24    28538.28
(main)    21    28    28538.04    24    28540.28
(main)    11    28    28571.53    24    28582.68
(main)    13    28    28597.01    24    28599.88
(main)    8    28    28616.69    24    28626.28
(main)    5    28    28647.53    24    28651.68
(main)    29    28    28655.13    24    28658.68
(main)    6    28    28669.44    24    28696.09
(main)    1    28    28682.79    24    28723.29
(main)    14    28    28726.25    24    28730.29
(main)    46    28    28740.3    24    28746.49
(main)    10    28    28751.94    24    28770.89
(main)    20    28    28770.66    24    28789.89
(main)    27    28    28810.84    24    28814.69
(main)    12    28    28811.39    24    28837.29
(main)    37    28    28846.56    24    28849.09
(main)    40    28    28872.54    24    28882.49
(main)    0    28    28832.27    24    28895.29
(main)    22    28    28901.06    24    28903.69
(main)    15    28    28898.89    24    28959.89
(main)    48    28    28958.99    24    28961.29
(main)    41    29    29027.93    24    29031.09
(main)    28    29    29064.6    24    29066.69
(main)    18    29    29072.93    24    29074.09
(main)    3    29    29091.48    24    29097.69
(main)    33    29    29075.92    24    29098.89
(main)    4    29    29113.88    24    29131.09
(main)    19    29    29152.19    24    29153.69
(main)    7    29    29156.39    24    29158.69
(main)    2    29    29166.46    24    29182.89
(main)    26    29    29170.73    24    29188.49
(main)    16    29    29184.95    24    29205.09
(main)    35    29    29164.25    24    29209.69
(main)    47    29    29247.01    24    29251.09
(main)    45    29    29258.18    24    29276.29
(main)    17    29    29295.79    24    29296.89
(main)    23    29    29300.85    24    29300.89
(main)    36    29    29297.04    24    29309.69
(main)    31    29    29319.08    24    29319.09
(main)    9    29    29341.92    24    29374.29
(main)    39    29    29376.01    24    29378.49
(main)    30    29    29397.83    24    29399.69
(main)    43    29    29382.25    24    29427.89
(main)    38    29    29442.48    24    29454.09
(main)    44    29    29428.42    24    29487.69
(main)    34    29    29485.57    24    29489.89
(main)    32    29    29500.3    24    29512.69
(main)    42    29    29492.24    24    29518.49
(main)    25    29    29537.88    24    29538.89
(main)    11    29    29571.55    24    29576.49
(main)    21    29    29538.14    24    29580.49
(main)    13    29    29597.12    24    29601.69
(main)    8    29    29616.75    24    29624.09
(main)    5    29    29647.63    24    29653.69
(main)    29    29    29655.17    24    29675.89
(main)    6    29    29669.62    24    29676.89
(main)    1    29    29682.88    24    29703.09
(main)    14    29    29726.28    24    29730.69
(main)    46    29    29740.31    24    29744.89
(main)    20    29    29770.7    24    29771.89
(main)    10    29    29751.99    24    29776.29
(main)    27    29    29810.95    24    29814.89
(main)    12    29    29811.45    24    29838.89
(main)    37    29    29846.7    24    29860.89
(main)    40    29    29872.63    24    29883.89
(main)    0    29    29832.43    24    29887.49
(main)    15    29    29899.06    24    29908.49
(main)    22    29    29901.53    24    29929.29
(main)    48    29    29959.18    24    29960.89
