(relay)    35    41    1027.4    1    1025.0    121    1
(advertise)    28    1027.6    41    1
(generate)    28    1062.01    [24]    1
(relay)    29    18    1091.03    1    1069.03    122    1
(advertise)    28    1091.23    18    1
(relay)    35    3    1116.44    1    1089.21    119    1
(advertise)    28    1117.24    3    1
(relay)    21    4    1137.65    1    1111.04    120    1
(advertise)    28    1138.45    4    1
(relay)    35    35    1161.67    1    1161.07    127    1
(advertise)    28    1161.87    35    1
(relay)    35    33    1164.48    1    1071.01    117    1
(advertise)    28    1184.48    33    1
(relay)    21    7    1186.49    1    1153.07    125    1
(relay)    35    19    1206.09    1    1149.07    119    2
(advertise)    28    1206.49    7    1
(relay)    21    2    1228.3    1    1164.05    122    2
(advertise)    28    1229.1    19    1
(advertise)    28    1250.72    2    1
(relay)    35    16    1252.33    1    1177.08    122    1
(advertise)    28    1273.73    16    1
(relay)    29    26    1292.74    1    1166.08    120    1
(advertise)    28    1295.54    26    1
(relay)    29    36    1313.56    1    1294.14    126    1
(relay)    21    23    1315.56    1    1297.16    125    2
(advertise)    28    1316.96    36    1
(advertise)    28    1340.17    23    1
(relay)    29    45    1360.98    1    1255.13    123    1
(advertise)    28    1361.38    45    1
(relay)    29    17    1383.4    1    1292.14    123    1
(advertise)    28    1383.6    17    1
(relay)    21    47    1406.01    1    1244.12    117    1
(advertise)    28    1407.81    47    1
(relay)    29    30    1428.62    1    1393.01    126    1
(relay)    21    9    1429.42    1    1337.18    123    2
(advertise)    28    1430.02    30    1
(advertise)    28    1451.63    9    1
(relay)    35    44    1453.45    1    1425.02    124    1
(relay)    29    31    1472.45    1    1315.16    125    2
(advertise)    28    1474.85    44    1
(relay)    29    43    1494.26    1    1378.2    123    2
(advertise)    28    1496.46    31    1
(advertise)    28    1517.67    43    1
(relay)    35    39    1519.29    1    1373.2    121    1
(relay)    21    21    1536.09    1    1535.09    127    2
(advertise)    28    1539.69    39    1
(advertise)    28    1561.3    21    1
(relay)    21    38    1583.31    1    1440.03    122    1
(advertise)    28    1583.71    38    1
(relay)    21    42    1607.13    1    1489.05    120    1
(advertise)    28    1607.73    42    1
(relay)    21    25    1630.34    1    1533.09    121    1
(advertise)    28    1630.54    25    1
(relay)    35    32    1632.55    1    1496.07    122    1
(relay)    21    11    1652.35    1    1568.11    121    2
(advertise)    28    1652.55    32    1
(relay)    21    8    1672.36    1    1614.11    124    2
(advertise)    28    1674.76    11    1
(advertise)    28    1695.78    8    1
(relay)    21    34    1718.99    1    1483.06    112    1
(advertise)    28    1719.19    34    1
(relay)    21    14    1740.4    1    1724.0    126    1
(advertise)    28    1742.2    14    1
(relay)    21    1    1760.42    1    1680.16    123    1
(advertise)    28    1764.02    1    1
(relay)    21    29    1782.83    1    1653.15    123    1
(advertise)    28    1785.43    29    1
(relay)    29    13    1794.24    1    1594.13    119    1
(advertise)    28    1808.04    13    1
(relay)    35    46    1810.46    1    1738.0    122    1
(relay)    21    5    1828.66    1    1645.15    119    2
(advertise)    28    1831.26    46    1
(relay)    29    6    1840.27    1    1665.14    118    2
(advertise)    28    1852.47    5    1
(relay)    21    0    1871.68    1    1829.04    124    2
(advertise)    28    1873.68    6    1
(relay)    29    37    1884.69    1    1843.07    125    2
(advertise)    28    1896.09    0    1
(relay)    29    20    1906.11    1    1769.02    118    2
(advertise)    28    1917.71    37    1
(relay)    21    22    1937.32    1    1896.11    126    2
(advertise)    28    1938.72    20    1
(relay)    29    10    1950.73    1    1750.02    120    2
(relay)    21    15    1959.33    1    1895.11    125    3
(advertise)    28    1961.13    22    1
(advertise)    28    1983.75    10    1
(relay)    29    40    1995.16    1    1870.29    122    2
(advertise)    28    2005.16    15    1
(advertise)    28    2028.17    40    1
(relay)    29    12    2038.79    1    1809.04    120    1
(advertise)    28    2050.99    12    1
(relay)    35    27    2057.2    1    1808.06    119    1
(generate)    28    2062.2    [24]    2
(advertise)    28    2072.41    27    1
(relay)    29    48    2104.82    1    1955.11    120    1
(advertise)    28    2105.02    48    1
(relay)    21    18    2115.84    2    2069.2    120    1
(advertise)    28    2127.04    18    2
(relay)    29    41    2149.45    2    2025.17    121    1
(advertise)    28    2149.85    41    2
(relay)    35    35    2161.86    2    2161.25    127    1
(relay)    29    3    2171.46    2    2089.4    121    2
(advertise)    28    2171.66    35    2
(advertise)    28    2193.88    3    2
(relay)    29    33    2215.49    2    2071.6    119    1
(advertise)    28    2215.89    33    2
(relay)    21    7    2226.1    2    2153.24    125    1
(relay)    29    4    2238.1    2    2111.22    120    2
(advertise)    28    2238.7    7    2
(advertise)    28    2260.52    4    2
(relay)    29    16    2283.33    2    2177.28    124    1
(advertise)    28    2283.53    16    2
(relay)    29    26    2303.54    2    2166.26    122    1
(advertise)    28    2304.74    26    2
(relay)    35    36    2306.75    2    2294.74    126    1
(advertise)    28    2325.95    36    2
(relay)    21    2    2337.17    2    2164.24    122    1
(advertise)    28    2347.57    2    2
(relay)    35    45    2351.98    2    2255.92    123    1
(advertise)    28    2369.98    45    2
(relay)    21    23    2380.79    2    2297.34    125    1
(advertise)    28    2394.19    23    2
(relay)    21    19    2401.81    2    2149.25    119    1
(relay)    35    43    2417.41    2    2378.37    125    2
(advertise)    28    2418.01    19    2
(relay)    21    9    2423.82    2    2337.37    123    2
(relay)    29    31    2435.02    2    2315.35    125    3
(advertise)    28    2442.82    43    2
(relay)    21    17    2447.83    2    2292.34    123    3
(relay)    29    30    2456.43    2    2393.81    126    4
(relay)    35    47    2461.43    2    2244.32    121    5
(advertise)    28    2464.83    9    2
(advertise)    28    2486.84    31    2
(advertise)    28    2508.26    17    2
(advertise)    28    2529.87    30    2
(relay)    21    21    2536.28    2    2535.27    127    2
(advertise)    28    2552.08    47    2
(relay)    29    44    2565.1    2    2425.21    124    2
(advertise)    28    2573.5    21    2
(relay)    29    38    2586.31    2    2440.23    124    2
(relay)    21    39    2589.51    2    2373.39    119    3
(advertise)    28    2594.71    44    2
(advertise)    28    2616.32    38    2
(advertise)    28    2637.74    39    2
(relay)    29    29    2653.35    2    2653.35    127    1
(relay)    29    42    2654.95    2    2489.22    124    2
(relay)    21    25    2657.15    2    2533.28    119    3
(advertise)    28    2659.35    29    2
(relay)    29    32    2675.96    2    2496.26    124    3
(advertise)    28    2681.16    42    2
(relay)    29    34    2698.17    2    2483.24    122    3
(relay)    21    8    2702.37    2    2614.31    124    4
(advertise)    28    2703.57    25    2
(advertise)    28    2726.39    32    2
(advertise)    28    2748.0    34    2
(relay)    29    11    2763.61    2    2568.31    119    2
(advertise)    28    2770.01    8    2
(relay)    21    14    2788.83    2    2724.2    126    2
(advertise)    28    2791.63    11    2
(advertise)    28    2813.04    14    2
(relay)    29    1    2815.25    2    2680.36    123    1
(relay)    35    13    2818.65    2    2594.31    117    2
(advertise)    28    2834.85    1    2
(advertise)    28    2856.27    13    2
(relay)    29    46    2858.88    2    2738.2    122    1
(advertise)    28    2877.28    46    2
(relay)    21    5    2879.09    2    2645.34    119    1
(advertise)    28    2899.29    5    2
(relay)    29    22    2903.9    2    2896.29    126    1
(relay)    35    37    2908.3    2    2843.47    125    2
(relay)    21    0    2920.9    2    2829.2    124    3
(advertise)    28    2921.7    22    2
(advertise)    28    2943.52    37    2
(relay)    29    6    2947.13    2    2665.32    118    2
(advertise)    28    2966.53    0    2
(relay)    29    15    2970.14    2    2895.3    125    2
(advertise)    28    2990.74    6    2
(relay)    21    10    3011.16    2    2750.21    122    2
(relay)    29    27    3013.56    2    2808.24    121    3
(advertise)    28    3014.16    15    2
(relay)    35    40    3018.97    2    2870.48    122    3
(advertise)    28    3036.37    10    2
(relay)    21    12    3057.98    2    2809.23    118    3
(advertise)    28    3058.18    27    2
(generate)    28    3062.4    [24]    3
(advertise)    28    3081.81    40    2
(advertise)    28    3102.82    12    2
(relay)    29    20    3123.23    2    2769.21    118    1
(advertise)    28    3125.23    20    2
(relay)    29    48    3145.65    2    2955.29    120    1
(advertise)    28    3147.25    48    2
(relay)    35    35    3162.46    3    3161.45    127    1
(advertise)    28    3168.66    35    3
(relay)    29    3    3172.47    3    3089.6    121    1
(advertise)    28    3190.27    3    3
(relay)    29    7    3195.29    3    3153.43    123    1
(advertise)    28    3212.49    7    3
(relay)    29    33    3216.7    3    3071.8    123    1
(advertise)    28    3233.5    33    3
(relay)    29    41    3239.31    3    3025.37    119    1
(advertise)    28    3255.71    41    3
(relay)    21    18    3259.13    3    3069.4    120    1
(advertise)    28    3279.13    18    3
(relay)    29    16    3281.94    3    3177.46    124    1
(advertise)    28    3301.14    16    3
(relay)    35    36    3324.55    3    3294.93    126    1
(advertise)    28    3324.95    36    3
(relay)    21    4    3347.56    3    3111.42    120    1
(advertise)    28    3347.76    4    3
(relay)    29    19    3349.38    3    3149.45    121    1
(advertise)    28    3368.98    19    3
(relay)    29    23    3390.99    3    3297.53    125    1
(advertise)    28    3391.99    23    3
(relay)    29    26    3413.6    3    3167.66    120    1
(advertise)    28    3414.2    26    3
(relay)    35    43    3434.22    3    3378.56    125    1
(relay)    29    31    3435.22    3    3315.55    125    2
(advertise)    28    3435.42    43    3
(relay)    29    2    3457.63    3    3164.42    122    2
(advertise)    28    3458.43    31    3
(relay)    29    30    3479.04    3    3394.0    126    2
(advertise)    28    3480.44    2    3
(relay)    35    47    3500.86    3    3244.49    121    2
(relay)    29    45    3501.26    3    3256.1    123    3
(advertise)    28    3504.46    30    3
(advertise)    28    3526.87    47    3
(relay)    21    21    3536.48    3    3535.47    127    2
(relay)    29    17    3545.28    3    3292.53    123    3
(relay)    35    44    3546.48    3    3425.22    124    4
(advertise)    28    3549.48    45    3
(advertise)    28    3571.49    21    3
(relay)    29    9    3590.91    3    3337.56    123    3
(relay)    35    42    3592.31    3    3489.42    126    4
(advertise)    28    3594.31    17    3
(advertise)    28    3617.52    44    3
(relay)    21    38    3637.93    3    3440.43    122    3
(advertise)    28    3641.53    9    3
(relay)    29    29    3653.55    3    3653.55    127    3
(advertise)    28    3663.15    42    3
(relay)    29    39    3677.36    3    3373.59    123    3
(advertise)    28    3684.76    38    3
(relay)    29    32    3699.77    3    3496.46    124    3
(relay)    21    25    3705.17    3    3533.48    121    4
(advertise)    28    3707.17    29    3
(advertise)    28    3728.79    39    3
(relay)    29    11    3742.0    3    3568.51    121    3
(advertise)    28    3749.8    32    3
(relay)    29    34    3763.61    3    3483.44    118    3
(relay)    21    8    3771.81    3    3614.49    124    4
(advertise)    28    3772.21    25    3
(advertise)    28    3793.62    11    3
(advertise)    28    3814.84    34    3
(advertise)    28    3837.85    8    3
(relay)    29    37    3857.86    3    3843.66    125    1
(advertise)    28    3859.46    37    3
(relay)    35    46    3880.28    3    3738.4    122    1
(advertise)    28    3881.08    46    3
(relay)    21    5    3884.29    3    3645.35    119    1
(advertise)    28    3902.09    5    3
(relay)    29    1    3925.3    3    3680.55    123    1
(advertise)    28    3925.5    1    3
(relay)    35    14    3946.52    3    3725.0    122    1
(relay)    29    22    3947.12    3    3896.49    126    2
(advertise)    28    3947.72    14    3
(relay)    29    13    3968.13    3    3594.51    119    2
(advertise)    28    3970.13    22    3
(relay)    21    0    3977.34    3    3829.4    124    2
(relay)    29    6    3990.54    3    3665.51    116    3
(advertise)    28    3993.34    13    3
(relay)    29    10    4013.35    3    3750.41    122    3
(advertise)    28    4014.95    0    3
(advertise)    28    4036.17    6    3
(relay)    29    40    4057.98    3    3870.68    122    2
(advertise)    28    4058.18    10    3
(generate)    28    4062.59    [24]    4
(advertise)    28    4080.41    40    3
(relay)    29    15    4100.62    3    3895.49    123    1
(advertise)    28    4101.42    15    3
(relay)    35    27    4118.23    3    3808.44    117    1
(advertise)    28    4123.43    27    3
(relay)    29    12    4146.85    3    3809.42    120    1
(advertise)    28    4147.05    12    3
(relay)    35    35    4162.66    4    4161.63    127    1
(relay)    29    20    4168.46    3    3769.22    118    2
(advertise)    28    4168.86    35    4
(advertise)    28    4191.67    20    3
(relay)    29    41    4212.08    4    4025.57    121    1
(advertise)    28    4215.08    41    4
(relay)    29    16    4233.1    4    4177.66    124    1
(advertise)    28    4237.7    16    4
(relay)    21    7    4242.71    4    4153.63    125    1
(relay)    35    48    4252.71    3    3955.48    120    2
(relay)    29    33    4254.71    4    4071.98    123    3
(advertise)    28    4260.11    7    4
(advertise)    28    4283.72    48    3
(advertise)    28    4306.34    33    4
(relay)    21    3    4309.75    4    4089.81    121    1
(relay)    29    18    4321.55    4    4069.59    122    2
(advertise)    28    4329.55    3    4
(relay)    35    36    4341.36    4    4295.12    126    2
(advertise)    28    4352.16    18    4
(relay)    21    2    4356.38    4    4164.62    122    2
(relay)    35    45    4362.38    4    4256.11    123    3
(advertise)    28    4373.58    36    4
(relay)    29    23    4387.59    4    4297.54    125    3
(advertise)    28    4394.99    2    4
(advertise)    28    4417.2    45    4
(relay)    29    31    4431.61    4    4315.95    125    2
(advertise)    28    4438.61    23    4
(relay)    35    43    4450.83    4    4378.76    125    2
(advertise)    28    4460.83    31    4
(relay)    21    4    4466.64    4    4111.62    118    2
(advertise)    28    4482.44    43    4
(advertise)    28    4503.65    4    4
(relay)    21    17    4512.67    4    4292.72    123    1
(advertise)    28    4525.87    17    4
(relay)    21    19    4533.88    4    4149.65    117    1
(relay)    21    21    4536.68    4    4535.67    127    2
(relay)    29    47    4542.08    4    4244.68    121    3
(relay)    35    42    4542.88    4    4489.61    126    4
(advertise)    28    4548.08    19    4
(relay)    35    26    4564.69    4    4167.86    118    4
(advertise)    28    4571.49    21    4
(advertise)    28    4593.11    47    4
(relay)    21    9    4603.52    4    4337.75    123    3
(advertise)    28    4614.52    42    4
(relay)    21    30    4625.33    4    4394.2    124    3
(advertise)    28    4636.73    26    4
(relay)    29    44    4651.14    4    4425.41    124    3
(relay)    29    29    4653.74    4    4653.56    127    4
(advertise)    28    4661.54    9    4
(advertise)    28    4683.56    30    4
(relay)    29    38    4695.37    4    4440.61    124    3
(advertise)    28    4707.37    44    4
(relay)    35    39    4722.58    4    4373.79    121    3
(advertise)    28    4728.98    29    4
(relay)    21    8    4738.4    4    4614.69    124    3
(advertise)    28    4752.0    38    4
(relay)    29    32    4758.61    4    4496.65    124    3
(advertise)    28    4775.41    39    4
(relay)    29    25    4781.42    4    4533.68    123    3
(relay)    21    11    4783.42    4    4568.69    119    4
(advertise)    28    4797.02    8    4
(relay)    21    14    4806.24    4    4725.18    126    4
(advertise)    28    4819.44    32    4
(advertise)    28    4841.65    25    4
(relay)    29    34    4847.06    4    4483.64    120    3
(advertise)    28    4862.66    11    4
(heartbeat)    24    1    4677.2    28    4868.27    127    0
(relay)    21    1    4872.27    4    4680.74    123    4
(advertise)    28    4884.07    14    4
(relay)    35    46    4897.29    4    4738.6    122    4
(advertise)    28    4906.69    34    4
(advertise)    28    4929.3    24    1
(relay)    29    22    4933.91    4    4896.5    3    3
(advertise)    28    4951.91    1    4
(relay)    29    37    4956.33    4    4843.86    3    3
(advertise)    28    4974.53    46    4
(relay)    29    15    4978.94    4    4895.69    3    3
(advertise)    28    4995.94    22    4
(relay)    29    13    4999.55    4    4594.69    119    3
(advertise)    28    5016.95    37    4
(relay)    21    0    5026.97    4    4829.57    124    3
(advertise)    28    5038.97    15    4
(relay)    29    40    5044.18    4    4870.87    1    3
(advertise)    28    5062.18    13    4
(generate)    28    5063.39    [24]    5
(relay)    29    5    5065.6    4    4645.52    117    3
(advertise)    28    5085.6    0    4
(relay)    21    10    5091.62    4    4750.61    122    2
(advertise)    28    5106.82    5    4
(relay)    29    20    5130.03    4    4769.41    118    2
(advertise)    28    5130.23    10    4
(advertise)    28    5153.64    20    4
(relay)    35    35    5162.86    5    5161.83    7    1
(relay)    29    6    5175.06    4    4665.71    118    2
(advertise)    28    5176.06    35    5
(advertise)    28    5198.27    6    4
(relay)    29    12    5219.88    4    4809.62    120    1
(advertise)    28    5220.68    12    4
(relay)    29    41    5241.5    5    5025.77    1    1
(relay)    29    48    5261.9    4    4955.67    1    1
(relay)    21    7    5264.5    5    5153.83    5    1
(advertise)    28    5264.7    7    5
(relay)    29    16    5285.71    5    5177.86    1    1
(relay)    21    3    5310.91    5    5089.99    1    1
(relay)    35    45    5324.51    5    5256.3    1    1
(relay)    21    2    5334.31    5    5164.82    3    1
(advertise)    28    5334.51    2    5
(relay)    35    36    5346.72    5    5295.32    5    1
(relay)    21    23    5354.52    5    5297.73    1    2
(advertise)    28    5356.32    36    5
(relay)    35    47    5367.33    5    5244.88    1    1
(relay)    21    9    5375.73    5    5337.95    3    1
(advertise)    28    5377.73    9    5
(relay)    35    43    5410.55    5    5378.96    5    1
(advertise)    28    5410.75    43    5
(relay)    21    19    5420.56    5    5149.84    1    1
(relay)    35    44    5433.16    5    5425.57    3    1
(advertise)    28    5433.56    44    5
(relay)    21    30    5485.97    5    5394.4    1    1
(relay)    35    42    5490.97    5    5489.71    7    1
(advertise)    28    5491.17    42    5
(relay)    21    21    5535.99    5    5535.85    5    1
(advertise)    28    5536.19    21    5
(relay)    29    38    5611.6    5    5440.81    1    1
(relay)    21    8    5624.2    5    5614.77    3    1
(advertise)    28    5624.4    8    5
(relay)    29    29    5654.21    5    5653.74    5    1
(advertise)    28    5654.41    29    5
(relay)    21    1    5717.03    5    5680.84    5    1
(advertise)    28    5717.23    1    5
(relay)    21    14    5739.24    5    5725.25    5    1
(advertise)    28    5740.24    14    5
(relay)    35    46    5764.45    5    5738.63    1    1
(relay)    21    0    5837.25    5    5829.75    5    1
(advertise)    28    5837.45    0    5
(relay)    35    37    5863.06    5    5844.05    3    1
(advertise)    28    5863.26    37    5
(relay)    29    15    5896.88    5    5895.85    3    1
(advertise)    28    5897.08    15    5
(relay)    29    22    5918.69    5    5897.34    3    1
(advertise)    28    5921.49    22    5
(relay)    29    48    5963.5    5    5955.81    1    1
(relay)    35    41    6031.3    6    6025.96    1    1
(generate)    28    6063.5    [24]    6
(relay)    29    33    6089.72    6    6072.35    1    1
(relay)    29    3    6112.72    6    6090.12    1    1
(relay)    21    7    6156.12    6    6154.01    3    1
(advertise)    28    6156.32    7    6
(relay)    35    35    6162.93    6    6162.01    7    1
(relay)    29    19    6176.53    6    6149.89    1    2
(advertise)    28    6179.53    35    6
(relay)    21    2    6204.14    6    6164.89    3    1
(advertise)    28    6205.14    2    6
(relay)    29    16    6222.36    6    6177.9    1    1
(relay)    35    47    6250.56    6    6245.03    3    1
(advertise)    28    6250.76    47    6
(relay)    35    45    6272.97    6    6256.42    1    1
(relay)    21    17    6296.57    6    6293.09    1    1
(relay)    35    36    6297.37    6    6295.42    5    1
(advertise)    28    6297.57    36    6
(relay)    21    23    6340.58    6    6297.91    1    1
(relay)    21    9    6361.98    6    6338.03    1    1
(relay)    35    39    6377.78    6    6374.07    1    1
(relay)    29    31    6395.58    6    6316.29    1    1
(relay)    21    30    6398.38    6    6394.44    1    1
(relay)    35    43    6400.98    6    6379.09    5    1
(advertise)    28    6401.18    43    6
(relay)    35    44    6446.79    6    6425.61    3    1
(advertise)    28    6446.99    44    6
(relay)    35    42    6491.61    6    6489.89    7    1
(advertise)    28    6491.81    42    6
(relay)    29    34    6531.62    6    6483.76    1    1
(relay)    21    21    6536.02    6    6535.96    5    1
(advertise)    28    6536.22    21    6
(relay)    29    32    6576.03    6    6496.88    1    1
(relay)    21    8    6616.63    6    6614.85    3    1
(advertise)    28    6616.83    8    6
(relay)    29    29    6654.25    6    6653.78    5    1
(advertise)    28    6654.45    29    6
(relay)    21    1    6715.66    6    6680.95    5    1
(advertise)    28    6715.86    1    6
(relay)    21    14    6738.87    6    6725.31    5    1
(advertise)    28    6739.27    14    6
(relay)    29    10    6766.89    6    6750.71    1    1
(relay)    29    46    6790.69    6    6738.65    1    1
(relay)    21    12    6814.09    6    6809.74    1    1
(relay)    21    0    6837.09    6    6829.76    5    1
(advertise)    28    6837.29    0    6
(relay)    35    37    6863.3    6    6844.05    3    1
(advertise)    28    6863.5    37    6
(relay)    29    40    6885.11    6    6871.0    1    1
(relay)    21    15    6896.71    6    6896.04    3    1
(advertise)    28    6896.91    15    6
(relay)    21    22    6917.92    6    6898.05    3    1
(advertise)    28    6920.72    22    6
(relay)    29    48    6961.74    6    6955.83    1    1
(relay)    35    41    7032.34    7    7026.07    1    1
(generate)    28    7063.54    [24]    7
(relay)    21    3    7094.15    7    7090.16    1    1
(relay)    29    19    7152.55    7    7149.89    1    1
(relay)    21    7    7156.35    7    7154.11    3    1
(advertise)    28    7156.55    7    7
(relay)    35    35    7162.16    7    7162.12    7    1
(advertise)    28    7177.96    35    7
(relay)    21    16    7202.18    7    7178.05    1    1
(relay)    21    2    7225.58    7    7164.92    3    1
(advertise)    28    7225.78    2    7
(relay)    35    47    7250.99    7    7245.15    3    1
(advertise)    28    7251.19    47    7
(relay)    35    45    7273.2    7    7256.51    1    1
(relay)    29    36    7304.0    7    7295.52    5    1
(advertise)    28    7304.2    36    7
(relay)    21    23    7318.62    7    7298.0    1    1
(relay)    29    17    7326.82    7    7293.19    1    1
(relay)    21    9    7365.22    7    7338.19    1    1
(relay)    29    31    7372.02    7    7316.39    1    1
(relay)    35    43    7381.22    7    7379.18    5    1
(advertise)    28    7381.42    43    7
(relay)    29    39    7415.03    7    7374.23    1    1
(relay)    35    44    7427.63    7    7425.62    3    1
(advertise)    28    7427.83    44    7
(relay)    29    30    7436.44    7    7394.44    3    1
(advertise)    28    7449.64    30    7
(relay)    29    38    7479.85    7    7440.98    1    1
(relay)    35    42    7492.25    7    7490.09    7    1
(advertise)    28    7492.45    42    7
(relay)    29    34    7522.87    7    7483.78    1    1
(relay)    21    21    7536.27    7    7536.1    5    1
(advertise)    28    7536.47    21    7
(relay)    29    32    7568.48    7    7497.04    1    1
(relay)    21    8    7616.08    7    7614.93    3    1
(advertise)    28    7616.28    8    7
(relay)    29    29    7654.49    7    7653.84    5    1
(advertise)    28    7654.69    29    7
(relay)    21    1    7718.71    7    7681.06    5    1
(advertise)    28    7718.91    1    7
(relay)    21    14    7741.32    7    7725.36    5    1
(advertise)    28    7741.52    14    7
(relay)    29    46    7764.93    7    7738.68    1    1
(relay)    21    10    7768.93    7    7750.77    1    1
(relay)    21    12    7816.13    7    7809.8    1    1
(relay)    21    0    7840.13    7    7829.76    5    1
(advertise)    28    7840.33    0    7
(relay)    29    37    7863.95    7    7844.27    3    1
(advertise)    28    7866.55    37    7
(relay)    35    40    7888.56    7    7871.08    1    1
(relay)    21    15    7896.76    7    7896.2    3    1
(advertise)    28    7896.96    15    7
(relay)    29    22    7911.57    7    7898.13    3    1
(advertise)    28    7919.57    22    7
(relay)    29    48    7960.98    7    7956.02    1    1
(relay)    35    41    8034.38    8    8026.13    1    1
(generate)    28    8063.58    [24]    8
(relay)    21    3    8095.0    8    8090.24    1    1
(relay)    29    33    8112.2    8    8072.86    1    1
(relay)    21    7    8154.8    8    8154.21    5    1
(advertise)    28    8155.0    7    8
(relay)    35    35    8162.41    8    8162.22    7    1
(advertise)    28    8178.01    35    8
(relay)    21    2    8179.22    8    8164.95    3    1
(advertise)    28    8200.22    2    8
(relay)    21    16    8225.64    8    8178.41    1    1
(relay)    35    47    8247.04    8    8245.24    3    1
(advertise)    28    8247.24    47    8
(relay)    35    45    8270.85    8    8256.58    1    1
(relay)    35    36    8297.45    8    8295.55    5    1
(advertise)    28    8297.65    36    8
(relay)    29    23    8321.86    8    8298.09    1    1
(relay)    29    17    8344.26    8    8293.26    1    1
(relay)    29    9    8365.86    8    8338.37    1    1
(relay)    35    43    8381.66    8    8379.66    5    1
(advertise)    28    8381.86    43    8
(relay)    29    31    8388.48    8    8316.51    1    1
(relay)    35    44    8426.88    8    8425.64    3    1
(advertise)    28    8427.08    44    8
(relay)    29    39    8430.89    8    8374.25    1    1
(relay)    35    30    8448.69    8    8394.63    1    1
(relay)    35    42    8492.49    8    8490.27    7    1
(advertise)    28    8492.69    42    8
(relay)    29    38    8497.1    8    8441.04    1    1
(relay)    21    21    8536.3    8    8536.24    5    1
(advertise)    28    8536.5    21    8
(relay)    29    32    8538.71    8    8497.2    1    1
(relay)    21    8    8621.31    8    8615.01    3    1
(advertise)    28    8621.51    8    8
(relay)    29    29    8654.33    8    8653.86    5    1
(advertise)    28    8654.53    29    8
(heartbeat)    24    2    8677.21    28    8697.34    4    4
(advertise)    28    8697.54    24    2
(relay)    21    1    8720.75    8    8681.14    5    1
(advertise)    28    8722.15    1    8
(relay)    21    14    8742.57    8    8725.43    5    1
(advertise)    28    8743.37    14    8
(relay)    29    46    8768.58    8    8738.73    1    1
(relay)    29    12    8831.98    8    8809.86    1    1
(relay)    35    37    8847.58    8    8844.31    3    1
(advertise)    28    8847.78    37    8
(relay)    21    0    8871.59    8    8829.78    5    1
(advertise)    28    8871.79    0    8
(relay)    29    40    8896.81    8    8871.16    1    1
(relay)    21    15    8897.21    8    8896.22    3    1
(advertise)    28    8897.41    15    8
(relay)    21    22    8919.02    8    8898.23    3    1
(advertise)    28    8919.42    22    8
(relay)    35    48    8959.83    8    8956.02    1    1
(relay)    29    41    9032.63    9    9026.2    1    1
(generate)    28    9063.63    [24]    9
(relay)    21    3    9095.64    9    9090.32    1    1
(relay)    29    33    9112.44    9    9072.93    1    1
(relay)    21    7    9155.04    9    9154.34    5    1
(advertise)    28    9155.24    7    9
(relay)    35    35    9162.46    9    9162.33    7    1
(advertise)    28    9179.66    35    9
(relay)    29    16    9205.27    9    9178.6    1    1
(relay)    29    2    9227.27    9    9164.98    1    1
(relay)    35    47    9247.07    9    9245.36    1    1
(relay)    29    36    9296.87    9    9295.6    5    1
(advertise)    28    9297.07    36    9
(relay)    29    31    9321.28    9    9316.63    1    1
(relay)    21    17    9335.28    9    9293.36    1    1
(relay)    21    9    9360.08    9    9338.37    3    1
(advertise)    28    9360.28    9    9
(relay)    35    43    9384.1    9    9379.73    5    1
(advertise)    28    9384.7    43    9
(relay)    29    39    9410.31    9    9374.28    1    1
(relay)    35    44    9426.71    9    9425.64    3    1
(advertise)    28    9426.91    44    9
(relay)    29    30    9431.12    9    9394.79    3    1
(advertise)    28    9447.92    30    9
(relay)    29    38    9477.34    9    9441.1    1    1
(relay)    35    42    9492.54    9    9490.29    7    1
(advertise)    28    9492.74    42    9
(relay)    29    32    9524.75    9    9497.24    1    1
(relay)    21    21    9536.95    9    9536.34    5    1
(advertise)    28    9537.15    21    9
(relay)    21    8    9621.36    9    9615.11    3    1
(advertise)    28    9621.56    8    9
(relay)    29    29    9654.98    9    9653.91    5    1
(advertise)    28    9655.18    29    9
(relay)    21    1    9720.59    9    9681.24    1    1
(relay)    21    14    9742.39    9    9725.45    5    1
(advertise)    28    9742.59    14    9
(relay)    29    46    9767.0    9    9738.91    1    1
(relay)    21    10    9769.0    9    9750.89    1    1
(relay)    21    12    9817.6    9    9809.94    1    1
(relay)    29    0    9842.2    9    9829.79    3    1
(advertise)    28    9842.4    0    9
(relay)    29    37    9864.21    9    9844.34    3    1
(advertise)    28    9865.01    37    9
(relay)    29    40    9887.83    9    9871.25    1    1
(relay)    21    22    9899.63    9    9898.31    3    1
(advertise)    28    9899.83    22    9
(relay)    29    15    9911.44    9    9896.23    3    1
(advertise)    28    9921.24    15    9
(relay)    35    48    9959.05    9    9956.19    1    1
(relay)    29    41    10029.85    10    10026.29    1    1
(generate)    28    10063.65    [24]    10
(relay)    21    3    10096.87    10    10090.36    1    1
(relay)    29    33    10111.47    10    10073.78    1    1
(relay)    21    7    10155.67    10    10154.44    5    1
(advertise)    28    10155.87    7    10
(relay)    35    35    10162.48    10    10162.4    7    1
(advertise)    28    10180.08    35    10
(relay)    29    16    10204.49    10    10178.77    1    1
(relay)    21    2    10226.69    10    10165.18    3    1
(advertise)    28    10226.89    2    10
(relay)    35    47    10249.71    10    10245.43    1    1
(relay)    35    45    10273.11    10    10256.73    1    1
(relay)    29    17    10297.71    10    10293.43    1    1
(relay)    29    36    10319.31    10    10295.66    5    1
(advertise)    28    10319.51    36    10
(relay)    21    23    10320.92    10    10298.31    1    1
(relay)    21    9    10365.52    10    10338.54    3    1
(advertise)    28    10365.72    9    10
(relay)    35    43    10389.93    10    10380.63    5    1
(advertise)    28    10390.53    43    10
(relay)    35    44    10427.54    10    10425.65    3    1
(advertise)    28    10427.74    44    10
(relay)    29    39    10431.36    10    10374.33    1    1
(relay)    21    30    10449.96    10    10394.96    1    1
(relay)    35    42    10491.76    10    10490.47    7    1
(advertise)    28    10491.96    42    10
(relay)    29    38    10499.97    10    10441.17    1    1
(relay)    21    21    10536.97    10    10536.45    5    1
(advertise)    28    10537.17    21    10
(relay)    29    8    10618.58    10    10615.19    3    1
(advertise)    28    10618.78    8    10
(relay)    29    29    10655.0    10    10653.95    5    1
(advertise)    28    10655.2    29    10
(relay)    21    1    10697.61    10    10681.33    5    1
(advertise)    28    10697.81    1    10
(relay)    21    14    10727.22    10    10725.5    5    1
(advertise)    28    10727.42    14    10
(relay)    29    46    10754.44    10    10739.11    1    1
(relay)    21    12    10817.64    10    10810.02    1    1
(relay)    29    0    10841.64    10    10829.81    3    1
(advertise)    28    10841.84    0    10
(relay)    29    37    10861.65    10    10844.34    3    1
(advertise)    28    10863.65    37    10
(relay)    21    15    10898.46    10    10896.41    3    1
(advertise)    28    10898.66    15    10
(relay)    21    22    10923.07    10    10898.79    1    1
(relay)    35    48    10958.47    10    10956.39    1    1
(relay)    29    41    11029.07    11    11026.37    1    1
(generate)    28    11063.67    [24]    11
(relay)    29    3    11097.69    11    11090.38    1    1
(relay)    21    7    11156.69    11    11154.54    5    1
(advertise)    28    11156.89    7    11
(relay)    35    35    11163.1    11    11162.46    7    1
(advertise)    28    11179.5    35    11
(relay)    21    16    11203.71    11    11178.92    1    1
(relay)    21    2    11223.91    11    11165.2    3    1
(advertise)    28    11224.11    2    11
(relay)    35    47    11251.73    11    11245.53    1    1
(relay)    35    45    11275.73    11    11256.8    1    1
(relay)    21    17    11295.93    11    11293.55    1    1
(relay)    35    36    11298.33    11    11295.68    5    1
(advertise)    28    11298.53    36    11
(relay)    21    23    11337.94    11    11298.35    1    1
(relay)    29    31    11338.94    11    11316.89    1    1
(relay)    21    9    11360.94    11    11338.71    3    1
(advertise)    28    11361.14    9    11
(relay)    35    39    11384.75    11    11374.35    1    1
(relay)    21    30    11396.55    11    11395.1    1    1
(relay)    35    43    11405.75    11    11380.74    5    1
(advertise)    28    11405.95    43    11
(relay)    21    44    11448.17    11    11425.67    1    1
(relay)    35    38    11471.17    11    11441.24    1    1
(relay)    35    42    11492.77    11    11490.67    7    1
(advertise)    28    11492.97    42    11
(relay)    21    21    11537.18    11    11536.56    5    1
(advertise)    28    11537.38    21    11
(relay)    21    8    11618.39    11    11615.3    3    1
(advertise)    28    11618.59    8    11
(relay)    29    29    11655.2    11    11654.13    5    1
(advertise)    28    11655.4    29    11
(relay)    21    1    11700.22    11    11681.45    3    1
(advertise)    28    11700.42    1    11
(relay)    21    14    11727.83    11    11725.56    5    1
(advertise)    28    11728.03    14    11
(relay)    29    46    11754.24    11    11739.11    1    1
(relay)    29    10    11774.24    11    11750.95    1    1
(relay)    21    12    11818.44    11    11810.09    1    1
(relay)    29    0    11841.64    11    11829.84    3    1
(advertise)    28    11841.84    0    11
(relay)    35    37    11864.26    11    11844.53    3    1
(advertise)    28    11864.46    37    11
(relay)    29    40    11886.67    11    11871.36    1    1
(relay)    21    15    11899.27    11    11896.59    3    1
(advertise)    28    11899.47    15    11
(relay)    21    22    11921.88    11    11898.91    3    1
(advertise)    28    11922.48    22    11
(relay)    29    48    11960.9    11    11956.57    1    1
(relay)    35    41    12028.3    12    12026.41    1    1
(generate)    28    12063.7    [24]    12
(relay)    29    33    12093.11    12    12073.82    1    1
(relay)    21    3    12097.91    12    12090.4    1    1
(relay)    21    7    12156.71    12    12154.68    5    1
(advertise)    28    12156.91    7    12
(relay)    35    35    12163.12    12    12162.59    7    1
(advertise)    28    12177.92    35    12
(relay)    35    2    12205.53    12    12165.39    1    1
(relay)    21    16    12226.53    12    12179.07    1    1
(relay)    35    47    12250.73    12    12245.62    1    1
(relay)    29    45    12273.13    12    12256.89    1    1
(relay)    35    36    12296.13    12    12295.82    5    1
(advertise)    28    12296.33    36    12
(relay)    29    23    12339.75    12    12298.41    1    1
(relay)    21    9    12361.95    12    12338.85    3    1
(advertise)    28    12362.15    9    12
(relay)    29    31    12363.36    12    12317.04    1    1
(relay)    35    43    12386.76    12    12380.88    5    1
(advertise)    28    12387.16    43    12
(relay)    21    30    12414.37    12    12395.28    1    1
(relay)    35    44    12428.77    12    12425.86    3    1
(advertise)    28    12428.97    44    12
(relay)    29    39    12456.79    12    12374.54    1    1
(relay)    35    42    12491.19    12    12490.82    7    1
(advertise)    28    12491.39    42    12
(relay)    29    38    12500.8    12    12441.3    1    1
(relay)    21    21    12537.6    12    12536.68    5    1
(advertise)    28    12537.8    21    12
(relay)    21    8    12625.61    12    12615.36    3    1
(advertise)    28    12625.81    8    12
(heartbeat)    24    3    12677.23    28    12680.43    4    8
(advertise)    28    12680.63    24    3
(relay)    21    1    12719.04    12    12681.53    5    1
(advertise)    28    12719.24    1    12
(relay)    21    14    12739.85    12    12725.62    5    1
(advertise)    28    12741.05    14    12
(relay)    29    10    12796.66    12    12750.99    1    1
(relay)    21    0    12832.46    12    12829.84    5    1
(advertise)    28    12832.66    0    12
(relay)    29    37    12854.28    12    12844.56    3    1
(advertise)    28    12854.48    37    12
(relay)    29    15    12899.29    12    12896.75    3    1
(advertise)    28    12899.49    15    12
(relay)    21    22    12901.3    12    12899.21    3    1
(advertise)    28    12921.7    22    12
(relay)    35    48    12962.52    12    12956.77    1    1
(relay)    35    41    13028.12    13    13026.48    1    1
(generate)    28    13063.72    [24]    13
(relay)    29    33    13093.93    13    13073.9    1    1
(relay)    21    3    13115.33    13    13090.47    1    1
(relay)    21    7    13157.13    13    13154.77    5    1
(advertise)    28    13157.33    7    13
(relay)    35    35    13163.34    13    13162.71    7    1
(advertise)    28    13179.14    35    13
(relay)    21    16    13203.76    13    13179.22    1    1
(relay)    29    2    13226.16    13    13165.43    1    1
(relay)    29    47    13252.16    13    13245.73    1    1
(relay)    29    45    13275.36    13    13256.98    1    1
(relay)    35    36    13296.36    13    13295.89    5    1
(advertise)    28    13296.56    36    13
(relay)    29    23    13321.57    13    13298.5    1    1
(relay)    29    31    13342.97    13    13317.17    1    1
(relay)    21    9    13346.97    13    13338.86    1    1
(relay)    29    39    13376.77    13    13374.57    1    1
(relay)    35    43    13381.77    13    13380.98    5    1
(advertise)    28    13381.97    43    13
(relay)    29    30    13419.78    13    13395.47    3    1
(advertise)    28    13419.98    30    13
(relay)    29    44    13441.79    13    13425.89    1    1
(relay)    29    38    13462.99    13    13441.38    1    1
(relay)    29    34    13487.99    13    13484.25    1    1
(relay)    35    42    13491.79    13    13490.83    7    1
(advertise)    28    13491.99    42    13
(relay)    29    32    13533.01    13    13497.99    1    1
(relay)    21    21    13537.81    13    13536.75    5    1
(advertise)    28    13538.01    21    13
(relay)    29    8    13626.42    13    13615.44    3    1
(advertise)    28    13626.62    8    13
(relay)    29    29    13654.23    13    13654.19    5    1
(advertise)    28    13654.43    29    13
(relay)    29    1    13720.85    13    13681.62    3    1
(advertise)    28    13721.05    1    13
(relay)    21    14    13742.46    13    13725.64    5    1
(advertise)    28    13742.66    14    13
(relay)    35    46    13745.27    13    13739.16    1    1
(relay)    21    10    13767.07    13    13751.05    1    1
(relay)    21    0    13830.87    13    13829.86    5    1
(advertise)    28    13831.07    0    13
(relay)    29    37    13855.29    13    13844.75    3    1
(advertise)    28    13855.89    37    13
(relay)    35    40    13888.5    13    13871.45    1    1
(relay)    21    15    13899.5    13    13896.92    3    1
(advertise)    28    13899.7    15    13
(relay)    21    22    13921.71    13    13899.28    3    1
(advertise)    28    13921.91    22    13
(relay)    35    48    13962.52    13    13956.95    1    1
(relay)    29    41    14029.92    14    14026.55    1    1
(generate)    28    14063.72    [24]    14
(relay)    29    33    14092.54    14    14074.09    1    1
(relay)    21    3    14095.34    14    14090.52    1    1
(relay)    21    7    14157.74    14    14154.87    5    1
(advertise)    28    14157.94    7    14
(relay)    35    35    14163.75    14    14162.81    7    1
(advertise)    28    14180.75    35    14
(relay)    21    16    14182.36    14    14179.35    1    1
(relay)    21    2    14203.96    14    14165.45    1    1
(relay)    29    45    14274.56    14    14257.04    1    1
(relay)    29    36    14296.76    14    14295.95    5    1
(advertise)    28    14296.96    36    14
(relay)    29    23    14320.38    14    14298.58    1    1
(relay)    29    31    14342.78    14    14317.23    1    1
(relay)    21    9    14345.58    14    14339.01    1    1
(relay)    35    43    14381.78    14    14381.05    5    1
(advertise)    28    14381.98    43    14
(relay)    29    39    14407.39    14    14374.57    1    1
(relay)    21    30    14410.19    14    14395.66    1    1
(relay)    29    38    14452.99    14    14441.43    1    1
(relay)    29    44    14475.79    14    14426.09    3    1
(advertise)    28    14475.99    44    14
(relay)    29    42    14497.8    14    14490.84    5    1
(advertise)    28    14499.0    42    14
(relay)    29    32    14523.22    14    14498.16    1    1
(relay)    21    21    14537.82    14    14536.85    5    1
(advertise)    28    14538.02    21    14
(relay)    29    8    14618.43    14    14615.51    3    1
(advertise)    28    14618.63    8    14
(relay)    29    29    14654.24    14    14654.2    5    1
(advertise)    28    14654.44    29    14
(relay)    21    1    14718.45    14    14681.68    3    1
(advertise)    28    14718.65    1    14
(relay)    21    14    14738.67    14    14725.69    5    1
(relay)    35    46    14741.07    14    14739.18    1    2
(advertise)    28    14742.67    14    14
(relay)    21    10    14766.08    14    14751.11    1    1
(relay)    21    0    14831.28    14    14830.03    5    1
(advertise)    28    14831.48    0    14
(relay)    35    37    14856.29    14    14844.77    1    1
(relay)    35    15    14900.29    14    14897.07    1    1
(relay)    21    22    14918.89    14    14899.37    3    1
(advertise)    28    14919.09    22    14
(relay)    35    48    14965.11    14    14957.13    1    1
(relay)    35    41    15030.91    15    15026.64    1    1
(generate)    28    15063.91    [24]    15
(relay)    21    3    15093.52    15    15090.58    1    1
(relay)    29    33    15114.72    15    15074.28    1    1
(relay)    21    7    15158.32    15    15154.98    5    1
(advertise)    28    15158.52    7    15
(relay)    35    35    15163.93    15    15162.87    7    1
(relay)    21    2    15181.53    15    15165.47    1    2
(advertise)    28    15181.93    35    15
(relay)    29    47    15252.15    15    15245.87    1    1
(relay)    29    45    15274.15    15    15257.12    1    1
(relay)    29    36    15297.35    15    15296.03    5    1
(advertise)    28    15297.55    36    15
(relay)    29    31    15322.76    15    15317.28    1    1
(relay)    21    23    15323.76    15    15298.66    1    1
(relay)    21    9    15347.36    15    15339.2    1    1
(relay)    35    43    15382.16    15    15381.15    5    1
(advertise)    28    15382.36    43    15
(relay)    29    30    15408.57    15    15395.78    3    1
(advertise)    28    15408.77    30    15
(relay)    35    44    15435.38    15    15426.28    3    1
(advertise)    28    15435.58    44    15
(relay)    29    38    15460.0    15    15441.49    1    1
(relay)    35    42    15492.4    15    15491.03    7    1
(advertise)    28    15492.6    42    15
(relay)    29    32    15533.61    15    15498.3    1    1
(relay)    21    21    15537.01    15    15536.95    5    1
(advertise)    28    15537.21    21    15
(relay)    21    8    15626.22    15    15615.74    3    1
(advertise)    28    15626.42    8    15
(relay)    29    29    15654.44    15    15654.37    5    1
(advertise)    28    15654.64    29    15
(relay)    21    14    15739.65    15    15725.71    5    1
(advertise)    28    15739.85    14    15
(relay)    21    10    15764.86    15    15751.16    1    1
(relay)    21    0    15835.26    15    15830.22    5    1
(advertise)    28    15835.46    0    15
(relay)    29    37    15860.28    15    15844.94    3    1
(advertise)    28    15860.68    37    15
(relay)    35    40    15885.49    15    15871.53    1    1
(relay)    21    22    15918.69    15    15899.44    3    1
(advertise)    28    15918.89    22    15
(relay)    29    48    15965.7    15    15957.14    1    1
(relay)    35    41    16031.9    16    16026.71    1    1
(generate)    28    16064.1    [24]    16
(relay)    21    3    16093.71    16    16090.65    1    1
(relay)    29    33    16117.31    16    16074.28    1    1
(relay)    29    7    16158.31    16    16155.08    3    1
(advertise)    28    16158.51    7    16
(relay)    35    35    16163.93    16    16162.93    7    1
(relay)    21    2    16180.53    16    16165.65    1    2
(advertise)    28    16180.93    35    16
(relay)    21    16    16204.54    16    16180.29    1    1
(relay)    29    47    16249.14    16    16245.96    1    1
(relay)    35    36    16297.34    16    16296.06    5    1
(advertise)    28    16297.54    36    16
(relay)    29    23    16321.15    16    16298.73    1    1
(relay)    29    31    16344.55    16    16317.39    1    1
(relay)    21    9    16345.75    16    16339.35    1    1
(relay)    29    39    16376.95    16    16374.58    1    1
(relay)    29    30    16397.95    16    16395.93    3    1
(advertise)    28    16398.15    30    16
(relay)    29    43    16422.37    16    16381.19    3    1
(advertise)    28    16423.37    43    16
(relay)    35    44    16443.98    16    16426.3    3    1
(advertise)    28    16446.38    44    16
(relay)    35    38    16467.39    16    16441.55    1    1
(relay)    35    42    16493.79    16    16491.2    7    1
(advertise)    28    16493.99    42    16
(relay)    21    21    16537.21    16    16537.05    5    1
(advertise)    28    16537.41    21    16
(relay)    29    8    16617.02    16    16615.8    3    1
(advertise)    28    16617.22    8    16
(relay)    29    29    16655.03    16    16654.53    5    1
(advertise)    28    16655.23    29    16
(heartbeat)    24    4    16677.24    28    16701.04    4    8
(advertise)    28    16701.24    24    4
(relay)    29    1    16723.46    16    16681.82    1    1
(relay)    35    46    16742.86    16    16739.22    1    1
(relay)    21    14    16745.66    16    16725.76    5    1
(advertise)    28    16745.86    14    16
(relay)    21    0    16833.07    16    16830.41    5    1
(advertise)    28    16833.27    0    16
(relay)    29    37    16859.48    16    16845.13    3    1
(advertise)    28    16859.68    37    16
(relay)    29    40    16884.3    16    16871.62    1    1
(relay)    21    15    16897.9    16    16897.23    3    1
(advertise)    28    16898.1    15    16
(relay)    21    22    16919.71    16    16899.53    3    1
(advertise)    28    16921.71    22    16
(relay)    29    48    16964.52    16    16957.32    1    1
(generate)    28    17064.12    [24]    17
(relay)    29    33    17089.14    17    17074.28    1    1
(relay)    21    3    17094.14    17    17090.73    1    1
(relay)    29    7    17159.54    17    17155.16    3    1
(advertise)    28    17159.74    7    17
(relay)    35    35    17163.15    17    17163.06    7    1
(relay)    21    2    17180.75    17    17165.68    1    2
(advertise)    28    17182.15    35    17
(relay)    29    16    17208.96    17    17180.41    1    1
(relay)    35    45    17258.56    17    17257.24    1    1
(relay)    35    36    17297.36    17    17296.12    5    1
(advertise)    28    17297.56    36    17
(relay)    29    23    17322.37    17    17298.82    1    1
(relay)    29    31    17343.57    17    17317.54    1    1
(relay)    21    9    17364.97    17    17339.51    1    1
(relay)    35    39    17378.17    17    17374.58    1    1
(relay)    35    43    17400.97    17    17381.23    5    1
(advertise)    28    17401.17    43    17
(relay)    29    30    17411.19    17    17396.1    3    1
(advertise)    28    17424.39    30    17
(relay)    35    44    17445.4    17    17426.31    3    1
(advertise)    28    17447.8    44    17
(relay)    35    42    17493.61    17    17491.38    7    1
(advertise)    28    17493.81    42    17
(relay)    21    21    17537.23    17    17537.14    5    1
(advertise)    28    17537.43    21    17
(relay)    21    8    17616.64    17    17615.85    3    1
(advertise)    28    17616.84    8    17
(relay)    29    29    17655.05    17    17654.54    5    1
(advertise)    28    17655.25    29    17
(relay)    21    1    17697.47    17    17681.9    3    1
(advertise)    28    17697.67    1    17
(relay)    21    14    17726.68    17    17725.78    5    1
(advertise)    28    17726.88    14    17
(relay)    29    46    17753.29    17    17739.24    1    1
(relay)    21    0    17837.49    17    17830.59    5    1
(advertise)    28    17837.69    0    17
(relay)    29    37    17863.5    17    17845.15    3    1
(advertise)    28    17863.7    37    17
(relay)    21    15    17898.12    17    17897.42    3    1
(advertise)    28    17898.32    15    17
(relay)    21    22    17919.93    17    17899.59    3    1
(advertise)    28    17920.33    22    17
(relay)    35    48    17961.34    17    17957.33    1    1
(relay)    35    41    18034.54    18    18026.87    1    1
(generate)    28    18064.14    [24]    18
(relay)    29    33    18091.36    18    18074.67    1    1
(relay)    21    3    18095.96    18    18090.79    1    1
(relay)    21    7    18155.96    18    18155.27    5    1
(advertise)    28    18156.16    7    18
(relay)    35    35    18163.17    18    18163.14    7    1
(advertise)    28    18177.37    35    18
(relay)    21    2    18203.18    18    18165.88    1    1
(relay)    29    16    18204.38    18    18181.74    1    1
(relay)    29    47    18248.58    18    18246.12    1    1
(relay)    29    36    18297.98    18    18296.17    5    1
(advertise)    28    18298.18    36    18
(relay)    29    31    18322.4    18    18317.64    1    1
(relay)    21    9    18341.4    18    18339.68    1    1
(relay)    29    23    18343.2    18    18298.88    1    1
(relay)    35    39    18378.4    18    18374.74    1    1
(relay)    21    30    18403.0    18    18396.24    1    1
(relay)    29    43    18423.2    18    18381.29    3    1
(advertise)    28    18423.4    43    18
(relay)    29    44    18445.21    18    18426.33    3    1
(advertise)    28    18446.81    44    18
(relay)    29    38    18468.62    18    18441.68    1    1
(relay)    29    34    18491.42    18    18484.7    1    1
(relay)    35    42    18493.82    18    18491.39    7    1
(advertise)    28    18494.02    42    18
(relay)    21    21    18537.23    18    18537.2    5    1
(advertise)    28    18537.43    21    18
(relay)    21    8    18622.25    18    18615.92    3    1
(advertise)    28    18622.45    8    18
(relay)    29    29    18655.26    18    18654.71    5    1
(advertise)    28    18655.46    29    18
(relay)    21    14    18727.27    18    18725.97    5    1
(advertise)    28    18727.47    14    18
(relay)    35    46    18752.89    18    18739.43    1    1
(relay)    21    0    18834.09    18    18830.77    5    1
(advertise)    28    18834.29    0    18
(relay)    35    37    18857.5    18    18845.31    3    1
(advertise)    28    18857.7    37    18
(relay)    35    40    18887.71    18    18871.74    1    1
(relay)    21    15    18898.71    18    18897.61    3    1
(advertise)    28    18898.91    15    18
(relay)    21    22    18921.13    18    18899.62    3    1
(advertise)    28    18923.93    22    18
(relay)    29    41    19032.34    19    19026.96    1    1
(generate)    28    19064.34    [24]    19
(relay)    21    3    19097.35    19    19090.83    1    1
(relay)    29    33    19123.55    19    19074.86    1    1
(relay)    21    7    19155.95    19    19155.35    5    1
(advertise)    28    19156.15    7    19
(relay)    35    35    19163.36    19    19163.22    7    1
(advertise)    28    19179.76    35    19
(relay)    35    47    19248.18    19    19246.17    1    1
(relay)    35    45    19274.78    19    19257.33    1    1
(relay)    29    36    19297.58    19    19296.21    5    1
(advertise)    28    19297.78    36    19
(relay)    21    23    19321.99    19    19298.99    1    1
(relay)    21    9    19343.59    19    19339.83    1    1
(relay)    35    43    19384.19    19    19381.35    5    1
(advertise)    28    19384.39    43    19
(relay)    29    30    19411.2    19    19396.39    3    1
(advertise)    28    19411.4    30    19
(relay)    29    44    19436.22    19    19426.53    3    1
(advertise)    28    19436.42    44    19
(relay)    35    42    19492.83    19    19491.57    7    1
(advertise)    28    19493.03    42    19
(relay)    21    21    19537.84    19    19537.26    5    1
(advertise)    28    19538.04    21    19
(relay)    21    8    19617.86    19    19616.0    3    1
(advertise)    28    19618.06    8    19
(relay)    29    29    19655.87    19    19654.84    5    1
(advertise)    28    19656.07    29    19
(relay)    21    1    19723.28    19    19682.04    3    1
(advertise)    28    19723.48    1    19
(relay)    29    14    19747.09    19    19725.99    3    1
(advertise)    28    19747.49    14    19
(relay)    29    46    19770.91    19    19739.63    1    1
(relay)    21    0    19835.51    19    19830.96    5    1
(advertise)    28    19835.71    0    19
(relay)    29    37    19860.12    19    19845.48    3    1
(advertise)    28    19860.72    37    19
(relay)    29    40    19882.13    19    19871.8    1    1
(relay)    21    22    19900.93    19    19899.67    3    1
(advertise)    28    19901.13    22    19
(relay)    29    15    19904.95    19    19897.75    3    1
(advertise)    28    19923.35    15    19
(relay)    35    48    19959.96    19    19957.65    1    1
(relay)    29    41    20031.76    20    20027.06    1    1
(generate)    28    20064.36    [24]    20
(relay)    29    33    20094.77    20    20074.87    1    1
(relay)    21    3    20097.37    20    20090.88    1    1
(relay)    21    7    20156.57    20    20155.45    5    1
(advertise)    28    20156.77    7    20
(relay)    35    35    20163.79    20    20163.3    7    1
(advertise)    28    20178.59    35    20
(relay)    21    2    20202.0    20    20165.91    1    1
(relay)    21    16    20225.6    20    20183.19    1    1
(relay)    35    47    20249.4    20    20246.24    1    1
(relay)    29    36    20298.8    20    20296.3    5    1
(advertise)    28    20299.0    36    20
(relay)    21    23    20321.61    20    20299.05    1    1
(relay)    21    9    20345.41    20    20340.02    1    1
(relay)    29    31    20346.01    20    20317.82    1    1
(relay)    35    43    20385.01    20    20381.45    5    1
(advertise)    28    20385.21    43    20
(relay)    35    39    20406.02    20    20374.91    1    1
(relay)    35    30    20429.82    20    20396.54    1    1
(relay)    21    44    20461.62    20    20427.92    1    1
(relay)    29    38    20481.42    20    20441.78    1    1
(relay)    35    42    20492.02    20    20491.76    7    1
(advertise)    28    20492.22    42    20
(relay)    21    21    20537.84    20    20537.35    5    1
(advertise)    28    20538.04    21    20
(relay)    21    8    20623.45    20    20616.06    3    1
(advertise)    28    20623.65    8    20
(relay)    29    29    20655.86    20    20654.85    5    1
(advertise)    28    20656.06    29    20
(relay)    21    1    20698.28    20    20682.14    3    1
(advertise)    28    20698.48    1    20
(heartbeat)    24    5    20677.25    28    20721.89    4    8
(advertise)    28    20722.09    24    5
(relay)    29    46    20745.3    20    20739.65    1    1
(relay)    21    14    20745.7    20    20726.04    5    1
(advertise)    28    20745.9    14    20
(relay)    21    0    20834.72    20    20830.98    5    1
(advertise)    28    20834.92    0    20
(relay)    29    37    20856.53    20    20845.67    3    1
(advertise)    28    20857.33    37    20
(relay)    35    40    20886.54    20    20871.91    1    1
(relay)    21    15    20899.94    20    20897.94    3    1
(advertise)    28    20900.14    15    20
(relay)    21    22    20923.15    20    20900.36    3    1
(advertise)    28    20923.75    22    20
(relay)    35    48    20960.57    20    20957.85    1    1
(relay)    29    41    21029.97    21    21027.16    1    1
(generate)    28    21064.37    [24]    21
(relay)    29    33    21094.78    21    21074.88    1    1
(relay)    21    3    21099.58    21    21090.95    1    1
(relay)    21    7    21157.58    21    21155.55    5    1
(advertise)    28    21157.78    7    21
(relay)    35    35    21163.99    21    21163.42    7    1
(advertise)    28    21179.39    35    21
(relay)    21    2    21204.41    21    21165.94    1    1
(relay)    21    16    21227.61    21    21183.78    1    1
(relay)    35    47    21251.21    21    21246.34    1    1
(relay)    35    45    21276.01    21    21257.46    1    1
(relay)    29    36    21298.21    21    21296.39    5    1
(advertise)    28    21298.41    36    21
(relay)    29    31    21344.22    21    21317.96    1    1
(relay)    21    9    21346.42    21    21340.02    1    1
(relay)    29    39    21379.02    21    21374.93    1    1
(relay)    29    30    21399.02    21    21396.7    3    1
(advertise)    28    21399.22    30    21
(relay)    35    43    21402.03    21    21381.56    5    1
(advertise)    28    21422.03    43    21
(relay)    29    44    21447.05    21    21427.95    3    1
(advertise)    28    21447.65    44    21
(relay)    29    38    21470.06    21    21441.85    1    1
(relay)    35    42    21492.26    21    21491.76    7    1
(advertise)    28    21492.46    42    21
(relay)    29    32    21518.47    21    21499.21    1    1
(relay)    21    21    21538.07    21    21537.44    5    1
(advertise)    28    21538.27    21    21
(relay)    21    8    21623.68    21    21616.13    3    1
(advertise)    28    21623.88    8    21
(relay)    29    29    21655.9    21    21654.87    5    1
(advertise)    28    21656.1    29    21
(relay)    21    1    21702.51    21    21682.24    3    1
(advertise)    28    21702.71    1    21
(relay)    21    14    21728.32    21    21726.06    5    1
(advertise)    28    21728.72    14    21
(relay)    29    46    21754.54    21    21739.66    1    1
(relay)    35    0    21841.74    21    21831.17    1    1
(relay)    29    37    21864.14    21    21845.86    3    1
(advertise)    28    21864.34    37    21
(relay)    21    15    21901.15    21    21898.12    3    1
(advertise)    28    21901.35    15    21
(relay)    21    22    21923.76    21    21900.6    3    1
(advertise)    28    21924.16    22    21
(relay)    35    48    21962.38    21    21958.03    1    1
(relay)    35    41    22029.38    22    22027.25    1    1
(generate)    28    22064.38    [24]    22
(relay)    29    33    22094.59    22    22075.07    1    1
(relay)    21    3    22115.39    22    22091.0    1    1
(relay)    21    7    22157.79    22    22155.63    5    1
(advertise)    28    22157.99    7    22
(relay)    35    35    22164.0    22    22163.5    7    1
(advertise)    28    22179.0    35    22
(relay)    29    16    22204.81    22    22183.95    1    1
(relay)    21    2    22229.21    22    22166.14    1    1
(relay)    35    47    22251.81    22    22246.4    1    1
(relay)    29    45    22274.41    22    22257.52    1    1
(relay)    29    36    22297.21    22    22296.49    5    1
(advertise)    28    22297.41    36    22
(relay)    21    23    22321.23    22    22299.27    1    1
(relay)    29    31    22344.63    22    22318.45    1    1
(relay)    21    9    22345.03    22    22340.78    1    1
(relay)    35    43    22382.23    22    22381.68    5    1
(advertise)    28    22382.43    43    22
(relay)    29    39    22414.04    22    22374.93    1    1
(relay)    35    44    22430.84    22    22428.14    3    1
(advertise)    28    22431.04    44    22
(relay)    29    30    22435.45    22    22396.87    3    1
(advertise)    28    22453.25    30    22
(relay)    29    38    22480.67    22    22442.11    1    1
(relay)    35    42    22492.27    22    22491.95    7    1
(advertise)    28    22492.47    42    22
(relay)    29    32    22528.68    22    22499.37    1    1
(relay)    21    21    22538.48    22    22537.52    5    1
(advertise)    28    22538.68    21    22
(relay)    21    8    22626.89    22    22616.22    3    1
(advertise)    28    22627.09    8    22
(relay)    29    29    22654.91    22    22654.87    5    1
(advertise)    28    22655.31    29    22
(relay)    21    1    22697.92    22    22682.33    3    1
(advertise)    28    22698.12    1    22
(relay)    21    14    22728.33    22    22726.08    5    1
(advertise)    28    22728.53    14    22
(relay)    29    46    22753.34    22    22739.68    1    1
(relay)    21    0    22840.14    22    22831.37    5    1
(advertise)    28    22840.34    0    22
(relay)    35    37    22863.56    22    22845.87    3    1
(advertise)    28    22863.76    37    22
(relay)    35    40    22887.57    22    22872.03    1    1
(relay)    21    15    22901.37    22    22898.12    3    1
(advertise)    28    22901.57    15    22
(relay)    21    22    22923.98    22    22900.66    3    1
(advertise)    28    22924.38    22    22
(relay)    35    48    22964.0    22    22958.21    1    1
(relay)    35    41    23029.2    23    23027.33    1    1
(generate)    28    23064.4    [24]    23
(relay)    29    33    23094.21    23    23075.09    1    1
(relay)    21    3    23097.21    23    23091.06    1    1
(relay)    21    7    23157.81    23    23155.73    5    1
(advertise)    28    23158.01    7    23
(relay)    35    35    23164.62    23    23163.6    7    1
(advertise)    28    23179.02    35    23
(relay)    21    2    23203.64    23    23166.16    1    1
(relay)    29    47    23253.64    23    23246.5    1    1
(relay)    29    45    23275.44    23    23257.58    1    1
(relay)    29    36    23297.84    23    23296.55    5    1
(advertise)    28    23298.04    36    23
(relay)    29    23    23321.25    23    23299.36    1    1
(relay)    21    9    23347.05    23    23340.93    1    1
(relay)    29    39    23376.25    23    23375.09    1    1
(relay)    35    43    23382.45    23    23381.74    5    1
(advertise)    28    23382.65    43    23
(relay)    29    30    23425.26    23    23397.02    1    1
(relay)    29    38    23447.26    23    23442.16    1    1
(relay)    35    44    23451.46    23    23428.14    3    1
(advertise)    28    23451.66    44    23
(relay)    35    42    23493.27    23    23491.95    7    1
(advertise)    28    23493.47    42    23
(relay)    29    32    23518.69    23    23499.52    1    1
(relay)    21    21    23538.69    23    23537.6    5    1
(advertise)    28    23538.89    21    23
(relay)    29    8    23626.1    23    23616.3    3    1
(advertise)    28    23626.3    8    23
(relay)    29    29    23654.91    23    23654.89    5    1
(advertise)    28    23655.11    29    23
(relay)    21    1    23702.13    23    23682.41    3    1
(advertise)    28    23702.33    1    23
(relay)    21    14    23728.54    23    23726.1    5    1
(advertise)    28    23729.14    14    23
(relay)    35    46    23753.95    23    23739.86    1    1
(relay)    21    0    23832.75    23    23831.55    5    1
(advertise)    28    23832.95    0    23
(relay)    35    37    23857.17    23    23846.04    3    1
(advertise)    28    23857.57    37    23
(relay)    35    40    23882.58    23    23872.11    1    1
(relay)    21    15    23900.98    23    23898.3    3    1
(advertise)    28    23901.18    15    23
(relay)    21    22    23923.19    23    23900.71    3    1
(advertise)    28    23924.59    22    23
(relay)    35    48    23964.4    23    23958.38    1    1
(generate)    28    24064.4    [24]    24
(relay)    29    33    24092.22    24    24075.25    1    1
(relay)    21    3    24094.42    24    24091.13    1    1
(relay)    21    7    24159.22    24    24155.82    5    1
(advertise)    28    24159.42    7    24
(relay)    35    35    24164.63    24    24163.69    7    1
(advertise)    28    24181.03    35    24
(relay)    21    2    24203.84    24    24166.17    1    1
(relay)    29    16    24227.84    24    24184.18    1    1
(relay)    29    47    24254.24    24    24246.58    1    1
(relay)    35    45    24275.84    24    24257.84    1    1
(relay)    35    36    24297.44    24    24296.61    5    1
(advertise)    28    24297.64    36    24
(relay)    29    23    24322.66    24    24299.42    1    1
(relay)    21    9    24346.86    24    24341.1    1    1
(relay)    35    39    24376.66    24    24375.28    1    1
(relay)    35    43    24398.86    24    24381.82    5    1
(advertise)    28    24399.06    43    24
(relay)    29    30    24400.67    24    24397.19    3    1
(advertise)    28    24420.47    30    24
(relay)    29    44    24445.08    24    24428.15    3    1
(advertise)    28    24445.28    44    24
(relay)    29    38    24467.1    24    24442.21    1    1
(relay)    35    42    24493.3    24    24491.96    7    1
(advertise)    28    24493.5    42    24
(relay)    21    21    24538.71    24    24537.67    5    1
(advertise)    28    24538.91    21    24
(relay)    21    8    24627.92    24    24616.35    3    1
(advertise)    28    24628.12    8    24
(relay)    29    29    24654.93    24    24654.89    5    1
(advertise)    28    24655.13    29    24
(relay)    29    1    24701.35    24    24682.49    3    1
(advertise)    28    24701.55    1    24
(heartbeat)    24    6    24677.27    28    24722.36    4    12
(advertise)    28    24724.56    24    6
(relay)    21    14    24745.77    24    24726.14    5    1
(advertise)    28    24746.17    14    24
(relay)    29    46    24769.39    24    24739.88    1    1
(relay)    21    0    24833.19    24    24831.73    5    1
(advertise)    28    24833.39    0    24
(relay)    29    37    24859.2    24    24846.04    3    1
(advertise)    28    24859.4    37    24
(relay)    21    15    24901.01    24    24898.46    3    1
(advertise)    28    24901.21    15    24
(relay)    21    22    24923.03    24    24900.77    1    1
(relay)    29    48    24966.43    24    24958.4    1    1
(relay)    29    41    25032.43    25    25027.51    1    1
(generate)    28    25064.43    [24]    25
(relay)    29    33    25092.24    25    25075.44    1    1
(relay)    21    3    25094.24    25    25091.21    1    1
(relay)    21    7    25159.44    25    25155.94    5    1
(advertise)    28    25159.64    7    25
(relay)    35    35    25164.85    25    25163.81    7    1
(relay)    21    2    25180.45    25    25166.2    1    2
(advertise)    28    25181.85    35    25
(relay)    21    16    25225.46    25    25184.33    1    1
(relay)    29    47    25252.26    25    25246.66    1    1
(relay)    29    45    25275.66    25    25257.92    5    1
(advertise)    28    25275.86    45    25
(relay)    29    36    25298.28    25    25296.72    5    1
(advertise)    28    25298.48    36    25
(relay)    29    23    25323.09    25    25299.51    1    1
(relay)    29    31    25344.89    25    25318.74    1    1
(relay)    21    9    25346.29    25    25341.26    1    1
(relay)    35    39    25376.49    25    25375.29    1    1
(relay)    35    43    25398.09    25    25381.89    5    1
(advertise)    28    25398.29    43    25
(relay)    29    30    25414.7    25    25397.2    3    1
(advertise)    28    25419.5    30    25
(relay)    35    44    25443.52    25    25428.17    3    1
(advertise)    28    25443.72    44    25
(relay)    35    38    25467.93    25    25442.28    3    1
(advertise)    28    25468.33    38    25
(relay)    35    42    25493.34    25    25492.0    7    1
(advertise)    28    25493.54    42    25
(relay)    29    34    25501.56    25    25485.4    1    1
(relay)    21    21    25537.96    25    25537.78    5    1
(advertise)    28    25538.16    21    25
(relay)    29    32    25544.77    25    25499.63    1    1
(relay)    29    8    25626.97    25    25616.43    3    1
(advertise)    28    25627.17    8    25
(relay)    29    29    25655.58    25    25654.93    5    1
(advertise)    28    25655.98    29    25
(relay)    21    1    25718.39    25    25682.56    3    1
(advertise)    28    25718.59    1    25
(relay)    21    14    25740.21    25    25726.18    5    1
(advertise)    28    25742.01    14    25
(relay)    29    46    25764.42    25    25739.9    1    1
(relay)    21    0    25839.22    25    25831.9    5    1
(advertise)    28    25839.42    0    25
(relay)    29    37    25864.23    25    25846.22    3    1
(advertise)    28    25864.43    37    25
(relay)    29    40    25885.25    25    25872.3    1    1
(relay)    21    22    25901.25    25    25900.82    3    1
(advertise)    28    25901.45    22    25
(relay)    29    15    25906.66    25    25898.5    3    1
(advertise)    28    25923.26    15    25
(relay)    29    48    25966.27    25    25958.6    1    1
(relay)    35    41    26032.67    26    26027.62    1    1
(generate)    28    26064.47    [24]    26
(relay)    21    3    26093.89    26    26091.28    1    1
(relay)    29    33    26117.69    26    26075.47    1    1
(relay)    21    7    26159.49    26    26156.05    5    1
(advertise)    28    26159.69    7    26
(relay)    29    35    26182.5    26    26163.91    5    1
(advertise)    28    26182.7    35    26
(relay)    29    2    26204.11    26    26166.38    1    1
(relay)    21    16    26207.51    26    26184.51    1    1
(relay)    35    47    26250.71    26    26246.73    1    1
(relay)    35    45    26272.71    26    26257.99    5    1
(advertise)    28    26272.91    45    26
(relay)    29    36    26298.72    26    26296.78    5    1
(advertise)    28    26298.92    36    26
(relay)    29    23    26323.14    26    26299.81    1    1
(relay)    29    31    26345.54    26    26318.78    1    1
(relay)    21    9    26348.74    26    26341.43    1    1
(relay)    29    39    26378.14    26    26375.48    1    1
(relay)    29    30    26398.94    26    26397.34    3    1
(advertise)    28    26399.14    30    26
(relay)    35    43    26400.75    26    26381.95    5    1
(advertise)    28    26420.75    43    26
(relay)    35    44    26443.36    26    26428.37    3    1
(advertise)    28    26444.56    44    26
(relay)    35    38    26469.58    26    26442.31    1    1
(relay)    35    42    26493.98    26    26492.18    7    1
(advertise)    28    26494.18    42    26
(relay)    21    21    26537.99    26    26537.87    5    1
(advertise)    28    26538.19    21    26
(relay)    29    8    26617.4    26    26616.48    3    1
(advertise)    28    26617.6    8    26
(relay)    29    29    26655.42    26    26654.94    5    1
(advertise)    28    26655.62    29    26
(relay)    21    1    26721.43    26    26682.59    3    1
(advertise)    28    26721.63    1    26
(relay)    21    14    26742.84    26    26726.21    5    1
(advertise)    28    26744.24    14    26
(relay)    35    46    26746.05    26    26739.91    1    1
(relay)    21    0    26834.85    26    26832.07    5    1
(advertise)    28    26835.05    0    26
(relay)    35    37    26861.07    26    26846.38    3    1
(advertise)    28    26861.47    37    26
(relay)    29    40    26882.68    26    26872.37    1    1
(relay)    21    15    26899.48    26    26898.68    3    1
(advertise)    28    26899.68    15    26
(relay)    21    22    26922.49    26    26900.89    3    1
(advertise)    28    26923.69    22    26
(relay)    29    48    26964.71    26    26958.62    1    1
(relay)    35    41    27033.71    27    27027.74    1    1
(generate)    28    27064.51    [24]    27
(relay)    21    3    27096.32    27    27091.35    1    1
(relay)    29    33    27118.12    27    27075.49    1    1
(relay)    21    7    27156.92    27    27156.15    5    1
(advertise)    28    27157.12    7    27
(relay)    35    35    27164.13    27    27164.04    7    1
(advertise)    28    27179.73    35    27
(relay)    21    16    27225.95    27    27184.62    1    1
(relay)    35    47    27248.75    27    27246.81    1    1
(relay)    35    45    27272.55    27    27258.06    5    1
(advertise)    28    27272.75    45    27
(relay)    35    36    27298.16    27    27296.88    5    1
(advertise)    28    27298.36    36    27
(relay)    29    23    27322.37    27    27299.89    1    1
(relay)    21    9    27344.37    27    27341.6    1    1
(relay)    35    43    27384.17    27    27382.07    5    1
(advertise)    28    27384.37    43    27
(relay)    29    39    27409.78    27    27375.65    1    1
(relay)    35    44    27429.38    27    27428.38    3    1
(advertise)    28    27429.58    44    27
(relay)    35    38    27475.8    27    27442.36    3    1
(advertise)    28    27476.0    38    27
(relay)    35    42    27498.21    27    27492.2    7    1
(advertise)    28    27498.41    42    27
(relay)    21    21    27538.02    27    27537.95    5    1
(advertise)    28    27538.22    21    27
(relay)    29    34    27571.24    27    27485.48    1    1
(relay)    21    8    27624.24    27    27616.57    3    1
(advertise)    28    27624.44    8    27
(relay)    29    29    27655.45    27    27654.94    5    1
(advertise)    28    27655.65    29    27
(relay)    21    1    27695.86    27    27682.68    3    1
(advertise)    28    27696.26    1    27
(relay)    21    14    27727.48    27    27726.23    5    1
(advertise)    28    27727.68    14    27
(relay)    29    46    27755.29    27    27740.11    1    1
(relay)    21    0    27839.69    27    27832.26    5    1
(advertise)    28    27839.89    0    27
(relay)    29    37    27863.7    27    27846.4    3    1
(advertise)    28    27864.3    37    27
(relay)    29    40    27883.91    27    27872.45    1    1
(relay)    21    15    27899.71    27    27898.86    3    1
(advertise)    28    27899.91    15    27
(relay)    21    22    27921.73    27    27900.95    3    1
(advertise)    28    27922.93    22    27
(relay)    29    48    27962.74    27    27958.81    1    1
(relay)    35    41    28035.74    28    28027.84    1    1
(generate)    28    28064.54    [24]    28
(relay)    29    33    28090.55    28    28075.5    1    1
(relay)    21    3    28096.55    28    28091.41    1    1
(relay)    21    7    28156.95    28    28156.28    5    1
(advertise)    28    28157.15    7    28
(relay)    35    35    28164.17    28    28164.13    7    1
(advertise)    28    28179.57    35    28
(relay)    29    16    28209.98    28    28184.8    1    1
(relay)    21    45    28273.98    28    28258.12    3    1
(advertise)    28    28274.18    45    28
(relay)    21    36    28301.79    28    28296.96    3    1
(advertise)    28    28301.99    36    28
(relay)    29    23    28322.21    28    28300.02    1    1
(relay)    29    31    28342.21    28    28319.01    1    1
(relay)    21    9    28343.21    28    28341.77    1    1
(relay)    35    39    28379.61    28    28375.84    1    1
(relay)    29    30    28401.61    28    28397.66    3    1
(advertise)    28    28401.81    30    28
(relay)    29    43    28424.42    28    28382.15    5    1
(advertise)    28    28424.62    43    28
(relay)    29    44    28445.63    28    28428.4    3    1
(advertise)    28    28446.03    44    28
(relay)    29    38    28468.24    28    28442.42    3    1
(advertise)    28    28468.44    38    28
(relay)    35    42    28494.86    28    28492.22    7    1
(advertise)    28    28495.26    42    28
(relay)    21    21    28538.67    28    28538.04    5    1
(advertise)    28    28538.87    21    28
(relay)    29    32    28563.08    28    28500.16    1    1
(relay)    21    8    28621.88    28    28616.69    3    1
(advertise)    28    28622.08    8    28
(relay)    29    29    28655.7    28    28655.13    5    1
(advertise)    28    28655.9    29    28
(heartbeat)    24    7    28677.28    28    28682.51    4    12
(advertise)    28    28682.71    24    7
(relay)    21    14    28727.72    28    28726.25    5    1
(advertise)    28    28727.92    14    28
(relay)    21    1    28749.34    28    28682.79    3    1
(advertise)    28    28749.74    1    28
(relay)    29    46    28775.95    28    28740.3    1    1
(relay)    21    0    28836.15    28    28832.27    5    1
(advertise)    28    28836.35    0    28
(relay)    29    37    28859.56    28    28846.56    3    1
(advertise)    28    28860.16    37    28
(relay)    35    40    28883.17    28    28872.54    1    1
(relay)    21    22    28902.37    28    28901.06    3    1
(advertise)    28    28902.57    22    28
(relay)    29    15    28905.39    28    28898.89    3    1
(advertise)    28    28925.39    15    28
(relay)    35    48    28961.4    28    28958.99    1    1
(relay)    29    41    29033.4    29    29027.93    1    1
(generate)    28    29064.6    [24]    29
(relay)    21    3    29096.81    29    29091.48    1    1
(relay)    29    33    29121.21    29    29075.92    1    1
(relay)    21    7    29157.01    29    29156.39    5    1
(advertise)    28    29157.21    7    29
(relay)    35    35    29164.43    29    29164.25    7    1
(advertise)    28    29179.43    35    29
(relay)    21    2    29203.84    29    29166.46    1    1
(relay)    21    16    29228.24    29    29184.95    1    1
(relay)    35    47    29250.04    29    29247.01    1    1
(relay)    35    45    29275.84    29    29258.18    3    1
(advertise)    28    29276.04    45    29
(relay)    35    36    29299.45    29    29297.04    5    1
(advertise)    28    29299.65    36    29
(relay)    29    23    29323.27    29    29300.85    1    1
(relay)    21    9    29344.67    29    29341.92    1    1
(relay)    29    31    29348.67    29    29319.08    1    1
(relay)    35    39    29380.67    29    29376.01    1    1
(relay)    35    43    29402.27    29    29382.25    5    1
(advertise)    28    29402.47    43    29
(relay)    35    30    29424.48    29    29397.83    1    1
(relay)    35    44    29446.88    29    29428.42    3    1
(advertise)    28    29447.08    44    29
(relay)    35    38    29473.09    29    29442.48    1    1
(relay)    35    42    29495.89    29    29492.24    5    1
(advertise)    28    29496.09    42    29
(relay)    29    21    29561.5    29    29538.14    1    1
(relay)    29    8    29623.7    29    29616.75    3    1
(advertise)    28    29623.9    8    29
(relay)    29    29    29656.12    29    29655.17    5    1
(advertise)    28    29656.32    29    29
(relay)    21    1    29701.13    29    29682.88    3    1
(advertise)    28    29701.33    1    29
(relay)    21    14    29727.74    29    29726.28    5    1
(advertise)    28    29727.94    14    29
(relay)    29    46    29753.76    29    29740.31    3    1
(advertise)    28    29754.56    46    29
(relay)    21    0    29836.97    29    29832.43    5    1
(advertise)    28    29837.17    0    29
(relay)    35    37    29860.78    29    29846.7    3    1
(advertise)    28    29861.38    37    29
(relay)    29    40    29884.8    29    29872.63    1    1
(relay)    21    15    29901.2    29    29899.06    3    1
(advertise)    28    29901.4    15    29
(relay)    21    22    29922.81    29    29901.53    3    1
(advertise)    28    29925.41    22    29
(relay)    29    48    29961.02    29    29959.18    1    1
