(relay)    32    28    1067.4    1    1062.01    123    1
(advertise)    33    1067.6    28    1
(generate)    33    1071.01    [24]    1
(relay)    26    18    1111.23    1    1069.03    125    1
(advertise)    33    1111.43    18    1
(relay)    26    4    1133.04    1    1111.04    123    1
(advertise)    33    1135.64    4    1
(relay)    26    19    1154.65    1    1149.07    126    1
(relay)    32    3    1157.85    1    1089.21    118    2
(advertise)    33    1158.05    19    1
(relay)    26    26    1167.07    1    1166.08    127    2
(advertise)    33    1180.27    3    1
(advertise)    33    1202.28    26    1
(relay)    32    16    1224.09    1    1177.08    123    1
(advertise)    33    1224.69    16    1
(relay)    32    7    1246.5    1    1153.07    120    1
(advertise)    33    1247.1    7    1
(relay)    32    47    1270.92    1    1244.12    124    1
(relay)    26    2    1271.52    1    1164.05    119    2
(advertise)    33    1272.12    47    1
(relay)    40    45    1291.33    1    1255.13    124    2
(advertise)    33    1293.53    2    1
(advertise)    33    1314.54    45    1
(relay)    26    17    1315.96    1    1292.14    124    1
(advertise)    33    1336.56    17    1
(relay)    26    35    1358.97    1    1161.07    118    1
(advertise)    33    1359.57    35    1
(relay)    32    39    1381.18    1    1373.2    126    1
(advertise)    33    1381.98    39    1
(relay)    40    36    1383.2    1    1294.14    123    1
(advertise)    33    1403.0    36    1
(relay)    26    23    1405.21    1    1297.16    120    1
(advertise)    33    1424.21    23    1
(relay)    26    9    1450.02    1    1337.18    122    1
(advertise)    33    1450.42    9    1
(relay)    32    30    1469.23    1    1393.01    125    1
(advertise)    33    1473.43    30    1
(relay)    34    34    1483.65    1    1483.06    127    1
(relay)    32    38    1491.45    1    1440.03    125    2
(advertise)    33    1495.85    34    1
(relay)    32    44    1513.26    1    1425.02    123    2
(advertise)    33    1518.46    38    1
(relay)    32    43    1535.47    1    1378.2    122    2
(advertise)    33    1539.87    44    1
(relay)    32    25    1557.89    1    1533.09    126    2
(relay)    40    32    1561.89    1    1496.07    125    3
(advertise)    33    1562.89    43    1
(advertise)    33    1584.9    25    1
(relay)    26    31    1586.11    1    1315.16    116    2
(advertise)    33    1607.11    32    1
(relay)    32    21    1608.93    1    1535.09    122    2
(relay)    40    42    1627.33    1    1489.05    121    3
(advertise)    33    1630.53    31    1
(advertise)    33    1653.14    21    1
(advertise)    33    1674.55    42    1
(relay)    32    11    1675.76    1    1568.11    124    1
(relay)    26    13    1675.96    1    1594.13    124    2
(relay)    40    29    1691.16    1    1653.15    122    3
(advertise)    33    1696.56    11    1
(advertise)    33    1717.98    13    1
(advertise)    33    1738.99    29    1
(relay)    32    8    1740.2    1    1614.11    121    1
(advertise)    33    1760.6    8    1
(relay)    34    6    1765.22    1    1665.14    123    1
(relay)    32    14    1768.22    1    1724.0    119    2
(relay)    40    46    1777.62    1    1738.0    125    3
(advertise)    33    1782.02    6    1
(advertise)    33    1803.03    14    1
(relay)    34    20    1809.64    1    1769.02    125    2
(relay)    26    5    1810.44    1    1645.15    124    3
(advertise)    33    1825.04    46    1
(relay)    32    1    1833.66    1    1680.16    120    3
(advertise)    33    1847.86    20    1
(advertise)    33    1869.67    5    1
(relay)    40    40    1871.28    1    1870.29    127    2
(advertise)    33    1891.68    1    1
(relay)    40    37    1893.29    1    1843.07    124    2
(relay)    26    12    1899.29    1    1809.04    125    3
(relay)    34    27    1899.89    1    1808.06    126    4
(advertise)    33    1913.29    40    1
(relay)    32    10    1922.71    1    1750.02    123    4
(advertise)    33    1936.31    37    1
(advertise)    33    1957.32    12    1
(advertise)    33    1979.93    27    1
(advertise)    33    2002.15    10    1
(relay)    40    48    2016.36    1    1955.11    125    1
(advertise)    33    2024.36    48    1
(relay)    34    0    2029.17    1    1829.04    117    1
(advertise)    33    2046.97    0    1
(relay)    40    41    2063.59    2    2025.17    126    1
(advertise)    33    2070.39    41    2
(generate)    33    2071.6    [24]    2
(relay)    26    15    2074.61    1    1895.11    118    1
(relay)    40    22    2085.21    1    1896.11    121    2
(advertise)    33    2094.01    15    1
(relay)    32    18    2095.22    2    2069.2    125    2
(advertise)    33    2117.02    22    1
(advertise)    33    2139.04    18    2
(relay)    32    28    2162.25    2    2062.2    123    1
(advertise)    33    2162.65    28    2
(relay)    26    26    2167.26    2    2166.26    127    1
(advertise)    33    2185.86    26    2
(relay)    26    19    2187.08    2    2149.25    126    1
(relay)    32    4    2207.08    2    2111.22    123    2
(advertise)    33    2208.28    19    2
(relay)    40    3    2218.69    2    2089.4    118    2
(advertise)    33    2229.29    4    2
(advertise)    33    2252.1    3    2
(relay)    26    2    2275.92    2    2164.24    121    1
(advertise)    33    2276.52    2    2
(relay)    40    47    2282.53    2    2244.32    126    1
(relay)    32    35    2295.53    2    2161.25    122    2
(relay)    26    16    2299.53    2    2177.28    121    3
(advertise)    33    2299.93    47    2
(advertise)    33    2321.94    35    2
(advertise)    33    2343.35    16    2
(relay)    26    7    2344.97    2    2153.24    120    1
(relay)    40    45    2348.77    2    2255.92    124    2
(advertise)    33    2366.37    7    2
(advertise)    33    2387.78    45    2
(relay)    32    31    2403.59    2    2315.35    126    1
(advertise)    33    2408.79    31    2
(relay)    26    9    2410.61    2    2337.37    122    1
(relay)    40    39    2415.41    2    2373.39    126    2
(relay)    32    17    2425.41    2    2292.34    124    3
(advertise)    33    2431.01    9    2
(advertise)    33    2453.82    39    2
(advertise)    33    2474.83    17    2
(relay)    26    23    2476.84    2    2297.34    120    1
(relay)    34    34    2483.84    2    2483.24    127    2
(relay)    32    30    2491.04    2    2393.81    125    3
(advertise)    33    2496.04    23    2
(relay)    40    36    2503.66    2    2294.74    123    3
(advertise)    33    2517.06    34    2
(relay)    40    38    2527.87    2    2440.23    125    3
(advertise)    33    2539.47    30    2
(advertise)    33    2562.28    36    2
(relay)    26    25    2563.9    2    2533.28    126    2
(advertise)    33    2584.7    38    2
(relay)    26    32    2586.11    2    2496.26    125    2
(advertise)    33    2605.91    25    2
(relay)    34    44    2625.12    2    2425.21    121    2
(advertise)    33    2626.92    32    2
(advertise)    33    2649.14    44    2
(relay)    26    11    2654.95    2    2568.31    124    1
(relay)    40    43    2659.35    2    2378.37    122    2
(relay)    32    42    2668.75    2    2489.22    121    3
(relay)    34    13    2670.75    2    2594.31    124    4
(advertise)    33    2671.15    11    2
(advertise)    33    2692.56    43    2
(advertise)    33    2714.17    42    2
(advertise)    33    2735.39    13    2
(relay)    40    21    2747.6    2    2535.27    118    1
(relay)    32    29    2757.8    2    2653.35    124    2
(advertise)    33    2758.0    21    2
(advertise)    33    2782.21    29    2
(relay)    34    6    2785.23    2    2665.32    123    1
(relay)    26    5    2791.03    2    2645.34    124    2
(relay)    40    46    2792.23    2    2738.2    125    3
(advertise)    33    2804.63    6    2
(advertise)    33    2825.64    5    2
(relay)    34    27    2827.45    2    2808.24    126    2
(relay)    32    8    2845.05    2    2614.31    121    3
(advertise)    33    2848.05    46    2
(advertise)    33    2869.07    27    2
(relay)    40    40    2871.48    2    2870.48    127    2
(relay)    34    20    2876.28    2    2769.21    125    3
(relay)    32    1    2889.68    2    2680.36    120    4
(advertise)    33    2891.68    8    2
(advertise)    33    2913.89    40    2
(relay)    32    37    2932.1    2    2843.47    124    3
(advertise)    33    2936.5    20    2
(advertise)    33    2959.12    1    2
(relay)    34    12    2968.33    2    2809.23    123    2
(relay)    32    10    2975.33    2    2750.21    123    3
(advertise)    33    2980.53    37    2
(relay)    40    48    2991.94    2    2955.29    125    3
(relay)    32    14    2998.14    2    2724.2    121    4
(advertise)    33    3001.54    12    2
(advertise)    33    3023.36    10    2
(advertise)    33    3044.37    48    2
(relay)    32    22    3065.78    2    2896.29    123    2
(advertise)    33    3067.18    14    2
(generate)    33    3071.8    [24]    3
(relay)    34    41    3081.21    3    3025.37    126    2
(advertise)    33    3090.21    22    2
(relay)    32    15    3108.82    2    2895.3    122    2
(advertise)    33    3111.22    41    3
(advertise)    33    3135.43    15    2
(relay)    26    0    3146.25    2    2829.2    119    1
(relay)    32    18    3153.25    3    3069.4    125    2
(advertise)    33    3158.65    0    2
(relay)    26    26    3167.66    3    3167.66    127    2
(advertise)    33    3182.86    18    3
(advertise)    33    3206.67    26    3
(relay)    32    28    3219.89    3    3062.4    123    1
(advertise)    33    3230.29    28    3
(relay)    26    19    3235.7    3    3149.45    126    1
(advertise)    33    3252.7    19    3
(relay)    40    47    3259.91    3    3244.49    126    1
(advertise)    33    3273.71    47    3
(relay)    26    4    3277.93    3    3111.42    123    1
(relay)    32    3    3285.13    3    3089.6    118    2
(advertise)    33    3297.13    4    3
(relay)    40    35    3305.54    3    3161.45    120    2
(advertise)    33    3318.34    3    3
(advertise)    33    3340.55    35    3
(relay)    26    2    3344.16    3    3164.42    121    1
(advertise)    33    3362.56    2    3
(relay)    32    7    3369.38    3    3153.43    120    1
(relay)    40    45    3370.38    3    3256.1    124    2
(advertise)    33    3385.38    7    3
(relay)    26    16    3386.99    3    3177.46    123    2
(relay)    32    31    3391.79    3    3315.55    126    3
(advertise)    33    3407.39    45    3
(relay)    40    39    3417.2    3    3373.59    126    3
(advertise)    33    3428.6    16    3
(relay)    26    17    3431.22    3    3292.53    124    3
(advertise)    33    3449.62    31    3
(advertise)    33    3472.23    39    3
(relay)    34    34    3484.04    3    3483.44    127    2
(advertise)    33    3493.44    17    3
(relay)    26    23    3496.66    3    3297.53    122    2
(relay)    32    32    3497.46    3    3496.46    127    3
(relay)    40    36    3504.46    3    3294.93    123    4
(advertise)    33    3515.46    34    3
(relay)    26    9    3538.67    3    3337.56    122    4
(advertise)    33    3540.47    23    3
(relay)    40    38    3546.68    3    3440.43    125    4
(advertise)    33    3561.88    32    3
(relay)    32    30    3570.89    3    3394.0    125    4
(relay)    26    25    3583.69    3    3533.48    126    5
(advertise)    33    3584.49    36    3
(advertise)    33    3605.51    9    3
(advertise)    33    3627.72    38    3
(relay)    40    44    3634.13    3    3425.22    123    3
(advertise)    33    3649.13    30    3
(advertise)    33    3672.35    25    3
(advertise)    33    3693.96    44    3
(relay)    26    11    3696.57    3    3568.51    124    1
(relay)    40    43    3701.77    3    3378.56    122    2
(advertise)    33    3716.97    11    3
(relay)    26    13    3739.59    3    3594.51    124    2
(advertise)    33    3739.79    43    3
(relay)    40    42    3744.6    3    3489.42    121    2
(advertise)    33    3761.8    13    3
(relay)    32    21    3773.61    3    3535.47    122    2
(relay)    26    6    3783.41    3    3665.51    123    3
(advertise)    33    3784.21    42    3
(relay)    40    46    3788.82    3    3738.4    125    3
(relay)    26    5    3804.82    3    3645.35    124    4
(advertise)    33    3805.22    21    3
(advertise)    33    3827.64    6    3
(relay)    32    29    3841.25    3    3653.55    122    3
(advertise)    33    3852.65    46    3
(relay)    34    27    3856.46    3    3808.44    126    3
(relay)    26    20    3870.66    3    3769.22    125    4
(relay)    40    40    3871.66    3    3870.68    127    5
(advertise)    33    3876.26    5    3
(relay)    40    8    3897.48    3    3614.49    119    5
(advertise)    33    3899.88    29    3
(advertise)    33    3921.89    27    3
(relay)    32    37    3930.1    3    3843.66    124    4
(relay)    26    12    3938.1    3    3809.42    125    5
(advertise)    33    3943.9    20    3
(relay)    32    10    3953.72    3    3750.41    123    5
(advertise)    33    3964.92    40    3
(advertise)    33    3985.93    8    3
(advertise)    33    4007.54    37    3
(advertise)    33    4031.15    12    3
(relay)    32    14    4040.77    3    3725.0    121    2
(relay)    40    41    4053.97    4    4025.57    126    3
(advertise)    33    4054.17    10    3
(relay)    32    1    4062.98    3    3680.55    120    3
(generate)    33    4071.98    [24]    4
(relay)    40    48    4074.79    3    3955.48    125    4
(advertise)    33    4076.79    14    3
(advertise)    33    4098.81    41    4
(relay)    32    22    4109.22    3    3896.49    123    3
(advertise)    33    4120.82    1    3
(advertise)    33    4142.23    48    3
(relay)    26    18    4155.45    4    4069.59    125    2
(advertise)    33    4164.45    22    3
(relay)    26    26    4168.06    4    4167.86    127    2
(relay)    40    0    4185.06    3    3829.4    117    3
(advertise)    33    4185.66    18    4
(relay)    34    15    4188.87    3    3895.49    118    3
(advertise)    33    4206.67    26    4
(relay)    26    19    4223.88    4    4149.65    126    3
(advertise)    33    4228.88    0    3
(advertise)    33    4250.9    15    3
(relay)    26    4    4268.91    4    4111.62    123    2
(advertise)    33    4274.71    19    4
(relay)    32    28    4284.52    4    4062.59    121    2
(relay)    40    47    4296.72    4    4244.68    126    3
(advertise)    33    4297.52    4    4
(relay)    26    3    4314.14    4    4089.81    122    3
(advertise)    33    4322.94    28    4
(advertise)    33    4344.15    47    4
(relay)    26    2    4356.96    4    4164.62    121    2
(relay)    40    35    4365.16    4    4161.63    120    3
(advertise)    33    4366.16    3    4
(relay)    40    45    4388.18    4    4256.11    124    3
(advertise)    33    4389.38    2    4
(relay)    32    16    4396.19    4    4177.66    121    3
(advertise)    33    4412.39    35    4
(relay)    32    31    4418.0    4    4315.95    126    3
(relay)    26    7    4424.2    4    4153.63    118    4
(relay)    40    39    4431.2    4    4373.79    126    5
(advertise)    33    4433.8    45    4
(advertise)    33    4456.01    16    4
(advertise)    33    4478.43    31    4
(relay)    34    34    4484.24    4    4483.64    127    3
(relay)    26    17    4489.64    4    4292.72    124    4
(relay)    32    32    4497.64    4    4496.65    127    5
(advertise)    33    4500.44    7    4
(advertise)    33    4522.85    39    4
(relay)    26    9    4533.47    4    4337.75    120    4
(advertise)    33    4545.27    34    4
(advertise)    33    4567.48    17    4
(relay)    32    30    4576.09    4    4394.2    125    3
(relay)    40    38    4585.69    4    4440.61    123    4
(advertise)    33    4589.89    32    4
(relay)    32    25    4599.91    4    4533.68    126    4
(relay)    26    23    4601.11    4    4297.54    122    5
(advertise)    33    4612.51    9    4
(advertise)    33    4634.52    30    4
(advertise)    33    4656.53    38    4
(relay)    40    44    4674.94    4    4425.41    123    3
(relay)    34    13    4677.94    4    4594.69    124    4
(advertise)    33    4679.14    25    4
(relay)    32    43    4688.56    4    4378.76    122    4
(advertise)    33    4702.56    23    4
(relay)    26    11    4712.97    4    4568.69    124    4
(advertise)    33    4723.97    44    4
(relay)    40    36    4741.98    4    4295.12    119    4
(advertise)    33    4746.58    13    4
(heartbeat)    24    1    4677.2    33    4758.8    127    0
(advertise)    33    4768.6    43    4
(advertise)    33    4792.81    11    4
(relay)    40    46    4806.42    4    4738.6    125    3
(advertise)    33    4815.42    36    4
(relay)    26    5    4826.24    4    4645.52    124    3
(advertise)    33    4838.44    24    1
(relay)    40    42    4851.25    4    4489.61    121    3
(relay)    34    20    4853.65    4    4769.41    125    4
(advertise)    33    4859.65    46    4
(relay)    32    21    4866.86    4    4535.67    122    4
(relay)    40    40    4871.86    4    4870.87    6    5
(relay)    34    27    4875.66    4    4808.45    4    6
(advertise)    33    4883.06    5    4
(advertise)    33    4907.27    42    4
(relay)    32    29    4910.69    4    4653.56    124    5
(advertise)    33    4930.69    20    4
(relay)    32    8    4934.5    4    4614.69    121    5
(relay)    26    6    4936.3    4    4665.71    123    6
(advertise)    33    4955.3    21    4
(advertise)    33    4977.71    40    4
(advertise)    33    5000.53    27    4
(relay)    40    37    5005.74    4    4843.86    2    4
(advertise)    33    5022.54    29    4
(relay)    26    12    5027.35    4    4809.62    125    4
(advertise)    33    5043.55    8    4
(relay)    26    10    5050.57    4    4750.61    123    4
(relay)    40    41    5051.17    5    5025.77    6    5
(relay)    34    1    5052.37    4    4680.74    118    6
(advertise)    33    5065.97    6    4
(generate)    33    5072.18    [24]    5
(relay)    32    14    5087.59    4    4725.18    119    6
(advertise)    33    5089.99    37    4
(advertise)    33    5111.2    12    4
(relay)    40    48    5117.62    4    4955.67    6    5
(advertise)    33    5133.82    10    4
(relay)    26    0    5139.83    4    4829.57    119    5
(advertise)    33    5155.43    41    5
(relay)    26    26    5168.24    5    5168.06    4    5
(advertise)    33    5178.24    1    4
(advertise)    33    5199.66    14    4
(relay)    26    19    5205.27    5    5149.84    6    4
(advertise)    33    5221.07    48    4
(relay)    26    18    5226.68    5    5069.8    2    4
(advertise)    33    5244.68    0    4
(relay)    40    47    5253.9    5    5244.88    8    4
(relay)    32    28    5263.1    5    5063.39    2    5
(advertise)    33    5266.5    26    5
(advertise)    33    5287.91    19    5
(relay)    26    4    5293.72    5    5113.02    2    4
(advertise)    33    5309.92    18    5
(relay)    26    3    5317.33    5    5089.99    2    4
(relay)    40    45    5320.33    5    5256.3    2    5
(advertise)    33    5333.53    47    5
(relay)    26    2    5339.55    5    5164.82    2    5
(relay)    40    35    5342.55    5    5161.83    2    6
(advertise)    33    5355.75    28    5
(relay)    40    39    5375.36    5    5373.99    4    6
(advertise)    33    5379.16    4    5
(relay)    26    17    5399.97    5    5292.91    2    6
(advertise)    33    5401.17    3    5
(relay)    32    31    5418.39    5    5316.15    2    6
(advertise)    33    5422.99    45    5
(relay)    40    43    5427.2    5    5378.96    2    6
(advertise)    33    5444.8    2    5
(relay)    40    44    5449.21    5    5425.57    2    6
(advertise)    33    5466.81    35    5
(relay)    34    34    5484.83    5    5483.75    6    6
(advertise)    33    5488.43    39    5
(relay)    32    32    5497.84    5    5496.85    4    6
(advertise)    33    5509.44    17    5
(advertise)    33    5531.05    31    5
(relay)    26    25    5534.26    5    5533.88    2    5
(advertise)    33    5552.06    43    5
(relay)    26    11    5572.28    5    5568.88    2    5
(relay)    32    38    5574.48    5    5440.81    2    6
(advertise)    33    5575.28    44    5
(advertise)    33    5597.89    34    5
(relay)    34    13    5599.1    5    5594.83    4    5
(advertise)    33    5619.3    32    5
(advertise)    33    5642.32    25    5
(relay)    26    5    5648.73    5    5645.63    4    4
(relay)    32    9    5662.53    5    5337.95    2    5
(advertise)    33    5665.33    11    5
(relay)    26    6    5671.94    5    5665.75    4    5
(advertise)    33    5688.34    38    5
(relay)    26    1    5700.36    5    5680.84    2    5
(advertise)    33    5709.96    13    5
(advertise)    33    5732.17    5    5
(relay)    40    46    5740.78    5    5738.63    4    4
(advertise)    33    5753.58    9    5
(relay)    34    20    5773.19    5    5769.48    4    4
(advertise)    33    5774.59    6    5
(advertise)    33    5797.81    1    5
(relay)    32    10    5802.42    5    5750.65    2    3
(relay)    26    27    5809.02    5    5808.53    4    4
(advertise)    33    5818.82    46    5
(relay)    26    12    5831.43    5    5809.69    6    4
(advertise)    33    5840.63    20    5
(advertise)    33    5861.85    10    5
(relay)    32    37    5870.66    5    5844.05    2    3
(relay)    34    40    5872.46    5    5870.9    4    4
(advertise)    33    5883.06    27    5
(advertise)    33    5907.07    12    5
(advertise)    33    5929.49    37    5
(advertise)    33    5950.5    40    5
(relay)    34    48    5959.11    5    5955.81    6    1
(advertise)    33    5972.31    48    5
(relay)    40    41    6027.72    6    6025.96    6    1
(advertise)    33    6027.92    41    6
(relay)    32    28    6064.74    6    6063.5    2    1
(advertise)    33    6064.94    28    6
(relay)    26    18    6070.55    6    6069.82    2    1
(generate)    33    6072.35    [24]    6
(advertise)    33    6088.96    18    6
(relay)    26    3    6117.98    6    6090.12    2    1
(advertise)    33    6118.18    3    6
(relay)    26    4    6139.79    6    6113.09    2    1
(advertise)    33    6140.19    4    6
(relay)    26    19    6161.0    6    6149.89    6    1
(advertise)    33    6162.2    19    6
(relay)    26    26    6168.42    6    6168.25    4    1
(advertise)    33    6184.42    26    6
(relay)    32    35    6210.03    6    6162.01    2    1
(advertise)    33    6210.23    35    6
(relay)    32    2    6231.84    6    6164.89    2    1
(advertise)    33    6232.24    2    6
(relay)    40    47    6245.45    6    6245.03    8    1
(advertise)    33    6255.65    47    6
(relay)    40    45    6270.07    6    6256.42    2    1
(advertise)    33    6276.87    45    6
(relay)    26    17    6296.48    6    6293.09    2    1
(advertise)    33    6298.68    17    6
(relay)    32    36    6299.89    6    6295.42    2    1
(relay)    32    31    6321.29    6    6316.29    2    2
(advertise)    33    6321.89    36    6
(relay)    26    9    6340.31    6    6338.03    2    2
(advertise)    33    6343.11    31    6
(advertise)    33    6366.12    9    6
(relay)    34    39    6376.93    6    6374.07    2    1
(advertise)    33    6389.53    39    6
(relay)    32    30    6424.55    6    6394.44    2    1
(advertise)    33    6424.75    30    6
(relay)    40    38    6445.76    6    6440.9    2    1
(advertise)    33    6446.36    38    6
(relay)    40    44    6468.97    6    6425.61    2    1
(advertise)    33    6469.97    44    6
(relay)    34    34    6484.78    6    6483.76    6    1
(advertise)    33    6492.98    34    6
(relay)    32    32    6497.8    6    6496.88    4    1
(relay)    40    42    6516.2    6    6489.89    2    2
(advertise)    33    6518.6    32    6
(advertise)    33    6539.81    42    6
(relay)    32    25    6541.02    6    6534.04    2    1
(advertise)    33    6561.82    25    6
(relay)    26    11    6572.24    6    6569.07    2    1
(advertise)    33    6583.84    11    6
(relay)    34    13    6597.85    6    6594.94    4    1
(advertise)    33    6605.85    13    6
(relay)    26    5    6649.66    6    6645.7    4    1
(advertise)    33    6649.86    5    6
(relay)    26    6    6673.88    6    6665.76    4    1
(advertise)    33    6674.08    6    6
(relay)    32    29    6675.49    6    6653.78    2    1
(advertise)    33    6696.69    29    6
(relay)    32    1    6731.3    6    6680.95    2    1
(advertise)    33    6731.5    1    6
(relay)    40    46    6740.71    6    6738.65    4    1
(advertise)    33    6752.71    46    6
(relay)    34    20    6776.13    6    6769.56    4    1
(advertise)    33    6776.33    20    6
(relay)    26    27    6809.34    6    6808.62    4    1
(advertise)    33    6809.54    27    6
(relay)    26    12    6837.35    6    6809.74    2    1
(advertise)    33    6837.55    12    6
(relay)    40    40    6871.17    6    6871.0    6    1
(advertise)    33    6871.37    40    6
(relay)    34    48    6957.58    6    6955.83    6    1
(advertise)    33    6957.78    48    6
(relay)    40    41    7028.19    7    7026.07    6    1
(advertise)    33    7028.39    41    7
(relay)    32    28    7064.81    7    7063.54    2    1
(advertise)    33    7065.01    28    7
(relay)    26    18    7070.62    7    7069.95    2    1
(generate)    33    7072.42    [24]    7
(advertise)    33    7086.63    18    7
(relay)    26    3    7118.04    7    7090.16    2    1
(advertise)    33    7118.24    3    7
(relay)    26    19    7150.26    7    7149.89    6    1
(advertise)    33    7150.46    19    7
(relay)    26    26    7168.87    7    7168.35    4    1
(advertise)    33    7172.87    26    7
(relay)    32    35    7198.48    7    7162.12    2    1
(advertise)    33    7198.88    35    7
(relay)    40    47    7245.5    7    7245.15    8    1
(advertise)    33    7245.7    47    7
(relay)    40    45    7269.11    7    7256.51    2    1
(advertise)    33    7269.91    45    7
(relay)    26    17    7296.32    7    7293.19    2    1
(advertise)    33    7297.12    17    7
(relay)    32    31    7317.74    7    7316.39    2    1
(advertise)    33    7318.54    31    7
(relay)    26    9    7339.75    7    7338.19    2    1
(advertise)    33    7340.95    9    7
(relay)    32    39    7376.16    7    7374.23    4    1
(advertise)    33    7376.36    39    7
(relay)    32    30    7401.37    7    7394.44    2    1
(advertise)    33    7401.57    30    7
(relay)    40    43    7404.59    7    7379.18    2    1
(advertise)    33    7423.59    43    7
(relay)    40    44    7427.4    7    7425.62    2    1
(advertise)    33    7445.2    44    7
(relay)    40    38    7465.61    7    7440.98    2    1
(advertise)    33    7467.21    38    7
(relay)    34    34    7484.83    7    7483.78    6    1
(advertise)    33    7488.63    34    7
(relay)    32    32    7497.24    7    7497.04    4    1
(advertise)    33    7512.44    32    7
(relay)    32    25    7535.05    7    7534.18    2    1
(advertise)    33    7535.45    25    7
(relay)    40    42    7537.27    7    7490.09    2    1
(advertise)    33    7556.87    42    7
(relay)    26    11    7573.28    7    7569.22    2    1
(advertise)    33    7578.88    11    7
(relay)    26    13    7597.69    7    7595.02    4    1
(advertise)    33    7600.29    13    7
(relay)    34    5    7651.3    7    7645.77    2    1
(advertise)    33    7651.5    5    7
(relay)    26    6    7674.12    7    7665.94    4    1
(advertise)    33    7674.92    6    7
(relay)    26    1    7698.73    7    7681.06    2    1
(advertise)    33    7698.93    1    7
(relay)    26    46    7743.14    7    7738.68    2    1
(advertise)    33    7743.34    46    7
(relay)    26    10    7767.36    7    7750.77    2    1
(advertise)    33    7767.56    10    7
(relay)    26    20    7790.37    7    7769.62    4    1
(advertise)    33    7790.57    20    7
(relay)    26    27    7812.78    7    7808.73    4    1
(advertise)    33    7812.98    27    7
(relay)    26    12    7838.4    7    7809.8    4    1
(advertise)    33    7839.0    12    7
(relay)    32    37    7865.81    7    7844.27    2    1
(advertise)    33    7866.41    37    7
(relay)    40    40    7871.22    7    7871.08    6    1
(advertise)    33    7888.62    40    7
(relay)    40    48    7956.83    7    7956.02    6    1
(advertise)    33    7957.03    48    7
(relay)    26    18    8071.45    8    8070.1    2    1
(advertise)    33    8071.65    18    8
(generate)    33    8072.86    [24]    8
(relay)    26    3    8117.27    8    8090.24    2    1
(advertise)    33    8117.47    3    8
(relay)    26    4    8140.29    8    8113.13    2    1
(advertise)    33    8140.89    4    8
(relay)    26    19    8162.3    8    8149.89    6    1
(advertise)    33    8163.5    19    8
(relay)    26    26    8169.11    8    8168.5    4    1
(advertise)    33    8185.11    26    8
(relay)    32    35    8210.33    8    8162.22    2    1
(advertise)    33    8210.53    35    8
(relay)    40    47    8245.74    8    8245.24    8    1
(advertise)    33    8245.94    47    8
(relay)    40    45    8269.15    8    8256.58    2    1
(advertise)    33    8270.15    45    8
(relay)    26    17    8297.36    8    8293.26    2    1
(advertise)    33    8297.56    17    8
(relay)    40    36    8300.78    8    8295.55    2    1
(advertise)    33    8319.58    36    8
(relay)    32    31    8322.19    8    8316.51    2    1
(relay)    26    9    8340.59    8    8338.37    2    2
(advertise)    33    8341.59    31    8
(advertise)    33    8364.2    9    8
(relay)    34    39    8378.02    8    8374.25    2    1
(advertise)    33    8385.22    39    8
(relay)    40    43    8403.43    8    8379.66    2    1
(advertise)    33    8407.23    43    8
(relay)    32    30    8414.64    8    8394.63    2    1
(advertise)    33    8430.44    30    8
(relay)    32    38    8449.26    8    8441.04    2    1
(advertise)    33    8452.66    38    8
(relay)    32    44    8481.67    8    8425.64    2    1
(advertise)    33    8481.87    44    8
(relay)    34    34    8484.88    8    8483.8    6    1
(relay)    32    32    8497.28    8    8497.2    4    2
(advertise)    33    8503.88    34    8
(relay)    40    42    8509.09    8    8490.27    2    2
(advertise)    33    8525.49    32    8
(advertise)    33    8547.51    42    8
(relay)    32    25    8549.72    8    8534.29    2    1
(advertise)    33    8571.12    25    8
(relay)    26    11    8573.73    8    8569.4    2    1
(advertise)    33    8593.13    11    8
(relay)    26    13    8597.55    8    8595.14    4    1
(advertise)    33    8615.75    13    8
(relay)    26    5    8649.56    8    8645.84    4    1
(advertise)    33    8649.76    5    8
(relay)    26    6    8672.37    8    8665.96    4    1
(advertise)    33    8673.37    6    8
(heartbeat)    24    2    8677.21    33    8695.99    3    3
(advertise)    33    8696.39    24    2
(relay)    26    1    8724.6    8    8681.14    2    1
(advertise)    33    8724.8    1    8
(relay)    40    46    8742.41    8    8738.73    4    1
(advertise)    33    8746.21    46    8
(relay)    34    20    8771.42    8    8769.71    4    1
(advertise)    33    8771.62    20    8
(relay)    34    27    8810.24    8    8808.87    4    1
(advertise)    33    8810.44    27    8
(relay)    34    12    8837.45    8    8809.86    4    1
(advertise)    33    8838.45    12    8
(relay)    32    37    8858.06    8    8844.31    2    1
(advertise)    33    8861.06    37    8
(relay)    40    40    8871.28    8    8871.16    6    1
(advertise)    33    8883.48    40    8
(relay)    40    48    8956.69    8    8956.02    6    1
(advertise)    33    8956.89    48    8
(relay)    32    41    9030.1    9    9026.2    4    1
(advertise)    33    9030.3    41    9
(relay)    26    18    9071.52    9    9070.26    2    1
(advertise)    33    9071.72    18    9
(generate)    33    9072.93    [24]    9
(relay)    26    3    9118.94    9    9090.32    2    1
(advertise)    33    9119.34    3    9
(relay)    26    19    9150.95    9    9150.08    4    1
(advertise)    33    9151.15    19    9
(relay)    26    26    9169.17    9    9168.62    4    1
(advertise)    33    9172.97    26    9
(relay)    26    2    9207.78    9    9164.98    2    1
(advertise)    33    9207.98    2    9
(relay)    40    47    9246.19    9    9245.36    6    1
(advertise)    33    9246.39    47    9
(relay)    40    45    9269.61    9    9256.67    2    1
(advertise)    33    9270.41    45    9
(relay)    32    17    9298.22    9    9293.36    2    1
(advertise)    33    9298.62    17    9
(relay)    32    31    9318.63    9    9316.63    2    1
(advertise)    33    9320.23    31    9
(relay)    26    9    9340.45    9    9338.37    2    1
(relay)    32    36    9340.85    9    9295.6    2    2
(advertise)    33    9341.85    9    9
(advertise)    33    9365.46    36    9
(relay)    26    39    9379.07    9    9374.28    2    1
(advertise)    33    9388.27    39    9
(relay)    32    43    9400.28    9    9379.73    2    1
(advertise)    33    9410.48    43    9
(relay)    32    30    9422.9    9    9394.79    2    1
(advertise)    33    9431.7    30    9
(relay)    40    38    9446.11    9    9441.1    2    1
(advertise)    33    9453.51    38    9
(relay)    40    44    9467.92    9    9425.64    2    1
(advertise)    33    9475.72    44    9
(relay)    34    34    9483.94    9    9483.82    6    1
(relay)    32    32    9497.34    9    9497.24    4    2
(advertise)    33    9498.94    34    9
(advertise)    33    9522.15    32    9
(relay)    32    25    9535.56    9    9534.4    2    1
(relay)    40    42    9539.76    9    9490.29    2    2
(advertise)    33    9544.16    25    9
(advertise)    33    9568.58    42    9
(relay)    26    11    9572.39    9    9569.57    2    1
(advertise)    33    9591.99    11    9
(relay)    26    13    9596.2    9    9595.27    4    1
(advertise)    33    9613.2    13    9
(relay)    26    5    9650.82    9    9645.96    4    1
(advertise)    33    9651.02    5    9
(relay)    26    6    9672.83    9    9666.15    4    1
(advertise)    33    9673.03    6    9
(relay)    32    29    9698.44    9    9653.91    2    1
(advertise)    33    9699.04    29    9
(relay)    26    1    9700.65    9    9681.24    2    1
(advertise)    33    9721.45    1    9
(relay)    32    46    9742.27    9    9738.91    4    1
(advertise)    33    9743.87    46    9
(relay)    26    10    9767.08    9    9750.89    2    1
(advertise)    33    9767.68    10    9
(relay)    26    20    9789.49    9    9769.8    4    1
(advertise)    33    9790.09    20    9
(relay)    26    27    9812.11    9    9808.99    4    1
(advertise)    33    9812.91    27    9
(relay)    40    37    9847.52    9    9844.34    2    1
(advertise)    33    9847.72    37    9
(relay)    40    40    9871.73    9    9871.25    6    1
(advertise)    33    9871.93    40    9
(relay)    34    48    9956.75    9    9956.19    6    1
(advertise)    33    9956.95    48    9
(relay)    34    41    10026.56    10    10026.29    6    1
(advertise)    33    10026.76    41    10
(relay)    26    18    10072.37    10    10070.44    2    1
(advertise)    33    10072.57    18    10
(generate)    33    10073.78    [24]    10
(relay)    32    3    10118.6    10    10090.36    2    1
(advertise)    33    10118.8    3    10
(relay)    26    4    10140.01    10    10113.2    2    1
(advertise)    33    10140.81    4    10
(relay)    26    19    10162.62    10    10150.26    4    1
(advertise)    33    10163.22    19    10
(relay)    26    26    10169.24    10    10168.73    4    1
(advertise)    33    10184.64    26    10
(relay)    32    2    10211.25    10    10165.18    2    1
(advertise)    33    10211.45    2    10
(relay)    40    47    10246.66    10    10245.43    6    1
(advertise)    33    10246.86    47    10
(relay)    40    45    10272.48    10    10256.73    2    1
(advertise)    33    10272.88    45    10
(relay)    32    31    10318.49    10    10316.76    2    1
(advertise)    33    10318.69    31    10
(relay)    26    9    10342.3    10    10338.54    2    1
(advertise)    33    10342.5    9    10
(relay)    26    39    10377.91    10    10374.33    2    1
(advertise)    33    10378.11    39    10
(relay)    32    30    10425.13    10    10394.96    2    1
(advertise)    33    10425.33    30    10
(relay)    40    38    10447.94    10    10441.17    2    1
(advertise)    33    10448.34    38    10
(relay)    40    44    10468.95    10    10425.65    2    1
(advertise)    33    10470.35    44    10
(relay)    34    34    10484.17    10    10484.01    6    1
(advertise)    33    10492.57    34    10
(relay)    32    32    10497.58    10    10497.43    4    1
(advertise)    33    10514.58    32    10
(relay)    40    42    10515.79    10    10490.47    2    1
(relay)    26    25    10536.19    10    10534.47    2    2
(advertise)    33    10537.59    42    10
(advertise)    33    10559.01    25    10
(relay)    32    11    10571.82    10    10569.74    2    1
(advertise)    33    10582.02    11    10
(relay)    26    13    10597.03    10    10595.39    4    1
(advertise)    33    10603.23    13    10
(relay)    26    5    10650.24    10    10646.06    4    1
(advertise)    33    10650.44    5    10
(relay)    26    6    10672.66    10    10666.35    4    1
(advertise)    33    10673.66    6    10
(relay)    26    1    10699.27    10    10681.33    2    1
(advertise)    33    10699.87    1    10
(relay)    32    46    10741.68    10    10739.11    4    1
(advertise)    33    10742.08    46    10
(relay)    26    20    10770.9    10    10769.83    4    1
(advertise)    33    10771.1    20    10
(relay)    26    27    10810.91    10    10809.09    4    1
(advertise)    33    10811.11    27    10
(relay)    34    12    10833.52    10    10810.02    4    1
(advertise)    33    10835.52    12    10
(relay)    32    37    10857.34    10    10844.34    2    1
(advertise)    33    10857.54    37    10
(relay)    40    40    10871.95    10    10871.32    6    1
(advertise)    33    10879.95    40    10
(relay)    40    48    10957.76    10    10956.39    6    1
(advertise)    33    10957.96    48    10
(relay)    32    41    11027.37    11    11026.37    4    1
(advertise)    33    11027.57    41    11
(relay)    32    28    11067.59    11    11063.67    2    1
(advertise)    33    11067.79    28    11
(relay)    26    18    11073.2    11    11070.55    2    1
(generate)    33    11073.8    [24]    11
(advertise)    33    11091.81    18    11
(relay)    26    3    11117.43    11    11090.38    2    1
(advertise)    33    11118.03    3    11
(relay)    26    4    11141.04    11    11113.21    2    1
(advertise)    33    11141.84    4    11
(relay)    26    19    11163.25    11    11150.41    4    1
(advertise)    33    11164.05    19    11
(relay)    26    26    11169.87    11    11168.87    4    1
(advertise)    33    11185.47    26    11
(relay)    32    35    11210.88    11    11162.46    2    1
(advertise)    33    11211.28    35    11
(relay)    26    2    11221.09    11    11165.2    2    1
(advertise)    33    11234.29    2    11
(relay)    40    47    11246.7    11    11245.53    6    1
(advertise)    33    11255.5    47    11
(relay)    40    45    11272.12    11    11256.8    2    1
(advertise)    33    11276.52    45    11
(relay)    26    17    11295.33    11    11293.55    2    1
(advertise)    33    11298.13    17    11
(relay)    32    31    11317.74    11    11316.89    2    1
(advertise)    33    11321.14    31    11
(relay)    26    9    11343.76    11    11338.71    2    1
(advertise)    33    11344.56    9    11
(relay)    32    39    11375.57    11    11374.35    4    1
(advertise)    33    11375.77    39    11
(relay)    32    30    11398.58    11    11395.1    2    1
(advertise)    33    11399.38    30    11
(relay)    40    43    11423.2    11    11380.74    2    1
(advertise)    33    11423.6    43    11
(relay)    32    38    11447.21    11    11441.24    2    1
(advertise)    33    11447.61    38    11
(relay)    32    44    11468.42    11    11425.67    2    1
(advertise)    33    11469.62    44    11
(relay)    34    34    11484.23    11    11484.21    6    1
(advertise)    33    11491.63    34    11
(relay)    32    32    11498.25    11    11497.62    4    1
(advertise)    33    11513.25    32    11
(relay)    32    25    11536.86    11    11534.55    2    1
(advertise)    33    11538.66    25    11
(relay)    26    11    11570.87    11    11569.9    2    1
(advertise)    33    11571.07    11    11
(relay)    26    13    11597.29    11    11595.47    4    1
(advertise)    33    11597.49    13    11
(relay)    26    6    11672.5    11    11666.53    4    1
(advertise)    33    11672.7    6    11
(relay)    26    1    11699.71    11    11681.45    2    1
(advertise)    33    11699.91    1    11
(relay)    40    46    11739.73    11    11739.11    4    1
(advertise)    33    11739.93    46    11
(relay)    26    20    11771.14    11    11769.88    4    1
(advertise)    33    11771.34    20    11
(relay)    34    12    11834.15    11    11810.09    2    1
(advertise)    33    11834.35    12    11
(relay)    40    37    11860.76    11    11844.53    2    1
(advertise)    33    11860.96    37    11
(relay)    40    40    11871.98    11    11871.36    6    1
(advertise)    33    11883.18    40    11
(relay)    34    48    11958.79    11    11956.57    6    1
(advertise)    33    11958.99    48    11
(relay)    32    28    12068.6    12    12063.7    2    1
(advertise)    33    12068.8    28    12
(relay)    26    18    12073.22    12    12070.68    2    1
(generate)    33    12073.82    [24]    12
(advertise)    33    12091.83    18    12
(relay)    26    3    12118.04    12    12090.4    2    1
(advertise)    33    12118.44    3    12
(relay)    26    4    12141.86    12    12113.23    2    1
(advertise)    33    12142.26    4    12
(relay)    26    19    12164.67    12    12150.41    4    1
(advertise)    33    12165.27    19    12
(relay)    26    26    12170.08    12    12169.0    4    1
(advertise)    33    12187.68    26    12
(relay)    26    2    12199.29    12    12165.39    2    1
(advertise)    33    12208.89    2    12
(relay)    32    35    12211.51    12    12162.59    2    1
(advertise)    33    12231.31    35    12
(relay)    40    47    12247.52    12    12245.62    6    1
(advertise)    33    12252.52    47    12
(relay)    26    17    12294.73    12    12293.61    2    1
(advertise)    33    12294.93    17    12
(relay)    32    31    12318.35    12    12317.04    2    1
(advertise)    33    12318.55    31    12
(relay)    26    9    12343.36    12    12338.85    2    1
(advertise)    33    12343.56    9    12
(relay)    32    39    12375.17    12    12374.54    4    1
(advertise)    33    12375.37    39    12
(relay)    32    43    12401.19    12    12380.88    2    1
(advertise)    33    12401.59    43    12
(relay)    32    30    12426.2    12    12395.28    2    1
(advertise)    33    12426.6    30    12
(relay)    40    44    12449.61    12    12425.86    2    1
(advertise)    33    12449.81    44    12
(relay)    32    38    12467.22    12    12441.3    2    1
(advertise)    33    12472.62    38    12
(relay)    34    34    12484.24    12    12484.23    6    1
(advertise)    33    12494.24    34    12
(relay)    32    32    12498.25    12    12497.8    4    1
(advertise)    33    12516.25    32    12
(relay)    26    25    12537.06    12    12534.63    2    1
(advertise)    33    12538.66    25    12
(relay)    40    42    12543.48    12    12490.82    2    1
(advertise)    33    12561.68    42    12
(relay)    26    11    12571.29    12    12570.07    2    1
(advertise)    33    12583.09    11    12
(relay)    34    13    12598.7    12    12595.57    4    1
(advertise)    33    12604.1    13    12
(relay)    26    5    12649.72    12    12646.22    4    1
(advertise)    33    12649.92    5    12
(relay)    26    6    12673.13    12    12666.54    4    1
(advertise)    33    12673.93    6    12
(heartbeat)    24    3    12677.23    33    12697.34    3    3
(advertise)    33    12697.54    24    3
(relay)    26    1    12722.75    12    12681.53    2    1
(advertise)    33    12722.95    1    12
(relay)    40    46    12739.77    12    12739.15    4    1
(advertise)    33    12745.17    46    12
(relay)    32    10    12769.58    12    12750.99    2    1
(advertise)    33    12769.98    10    12
(relay)    26    20    12792.99    12    12769.99    4    1
(advertise)    33    12793.39    20    12
(relay)    32    12    12815.41    12    12810.19    2    1
(relay)    34    27    12816.21    12    12809.54    4    2
(advertise)    33    12816.81    12    12
(advertise)    33    12838.82    27    12
(relay)    32    37    12862.03    12    12844.56    2    1
(advertise)    33    12863.03    37    12
(relay)    40    40    12871.85    12    12871.38    6    1
(advertise)    33    12885.05    40    12
(relay)    34    48    12958.66    12    12956.77    6    1
(advertise)    33    12958.86    48    12
(relay)    40    41    13027.27    13    13026.48    6    1
(advertise)    33    13027.47    41    13
(relay)    32    28    13069.48    13    13063.72    2    1
(advertise)    33    13069.68    28    13
(generate)    33    13073.9    [24]    13
(relay)    32    18    13112.71    13    13070.8    2    1
(advertise)    33    13112.91    18    13
(relay)    26    19    13152.32    13    13150.58    4    1
(advertise)    33    13152.52    19    13
(relay)    26    26    13170.14    13    13169.12    4    1
(advertise)    33    13174.74    26    13
(relay)    32    35    13225.95    13    13162.71    2    1
(advertise)    33    13226.15    35    13
(relay)    40    47    13247.96    13    13245.73    6    1
(advertise)    33    13248.56    47    13
(relay)    32    45    13273.98    13    13256.98    2    1
(advertise)    33    13274.18    45    13
(relay)    32    31    13319.19    13    13317.17    2    1
(advertise)    33    13319.39    31    13
(relay)    32    39    13375.2    13    13374.57    4    1
(advertise)    33    13375.4    39    13
(relay)    32    30    13400.61    13    13395.47    2    1
(advertise)    33    13400.81    30    13
(relay)    40    44    13431.23    13    13425.89    2    1
(advertise)    33    13431.43    44    13
(relay)    32    38    13452.04    13    13441.38    2    1
(advertise)    33    13455.04    38    13
(relay)    34    34    13484.85    13    13484.25    6    1
(advertise)    33    13485.05    34    13
(relay)    32    32    13498.47    13    13497.99    4    1
(advertise)    33    13507.27    32    13
(relay)    32    42    13534.28    13    13490.83    2    1
(advertise)    33    13534.48    42    13
(relay)    26    25    13536.49    13    13535.13    2    1
(advertise)    33    13556.69    25    13
(relay)    26    11    13571.71    13    13570.23    2    1
(advertise)    33    13578.91    11    13
(relay)    34    13    13599.72    13    13595.7    4    1
(advertise)    33    13599.92    13    13
(relay)    34    5    13650.53    13    13646.3    2    1
(advertise)    33    13650.73    5    13
(relay)    32    29    13655.74    13    13654.19    2    1
(advertise)    33    13671.94    29    13
(relay)    26    6    13673.76    13    13666.73    4    1
(advertise)    33    13693.96    6    13
(relay)    32    46    13739.97    13    13739.16    4    1
(advertise)    33    13740.17    46    13
(relay)    34    20    13790.38    13    13770.02    4    1
(advertise)    33    13790.58    20    13
(relay)    34    27    13811.4    13    13809.63    4    1
(advertise)    33    13811.8    27    13
(relay)    26    12    13833.61    13    13810.28    4    1
(advertise)    33    13834.81    12    13
(relay)    32    37    13862.02    13    13844.75    2    1
(advertise)    33    13862.62    37    13
(relay)    40    40    13872.44    13    13871.45    6    1
(advertise)    33    13884.64    40    13
(relay)    40    48    13959.45    13    13956.95    6    1
(advertise)    33    13959.65    48    13
(relay)    34    41    14028.06    14    14026.55    6    1
(advertise)    33    14028.26    41    14
(relay)    32    28    14069.67    14    14063.72    2    1
(advertise)    33    14069.87    28    14
(generate)    33    14074.09    [24]    14
(relay)    32    3    14136.1    14    14090.52    2    1
(advertise)    33    14136.3    3    14
(relay)    26    4    14143.71    14    14113.26    2    1
(advertise)    33    14158.51    4    14
(relay)    26    19    14167.33    14    14150.77    4    1
(relay)    26    26    14169.33    14    14169.21    4    2
(advertise)    33    14179.53    19    14
(advertise)    33    14200.54    26    14
(relay)    40    47    14248.15    14    14245.8    6    1
(advertise)    33    14248.35    47    14
(relay)    40    45    14269.97    14    14257.04    2    1
(advertise)    33    14270.37    45    14
(relay)    32    36    14298.58    14    14295.95    2    1
(advertise)    33    14298.98    36    14
(relay)    32    31    14320.79    14    14317.23    2    1
(advertise)    33    14321.99    31    14
(relay)    40    39    14375.2    14    14374.57    4    1
(advertise)    33    14375.4    39    14
(relay)    32    30    14423.62    14    14395.66    2    1
(advertise)    33    14423.82    30    14
(relay)    40    38    14445.23    14    14441.43    2    1
(advertise)    33    14446.83    38    14
(relay)    40    44    14469.04    14    14426.09    2    1
(advertise)    33    14469.24    44    14
(relay)    34    34    14484.86    14    14484.27    6    1
(advertise)    33    14493.26    34    14
(relay)    32    32    14499.27    14    14498.16    4    1
(advertise)    33    14515.27    32    14
(relay)    32    25    14535.68    14    14535.23    2    1
(advertise)    33    14536.68    25    14
(relay)    40    42    14540.7    14    14490.84    2    1
(advertise)    33    14557.7    42    14
(relay)    26    11    14572.91    14    14570.42    2    1
(advertise)    33    14580.11    11    14
(relay)    40    13    14602.92    14    14595.81    2    1
(advertise)    33    14603.72    13    14
(relay)    26    5    14648.73    14    14646.4    2    1
(advertise)    33    14648.93    5    14
(relay)    26    6    14673.35    14    14666.93    4    1
(advertise)    33    14673.75    6    14
(relay)    26    46    14741.36    14    14739.18    2    1
(advertise)    33    14741.56    46    14
(relay)    26    20    14772.57    14    14770.06    4    1
(advertise)    33    14772.77    20    14
(relay)    40    27    14810.59    14    14809.69    2    1
(advertise)    33    14810.79    27    14
(relay)    26    12    14834.8    14    14810.37    2    1
(advertise)    33    14835.0    12    14
(relay)    32    37    14858.21    14    14844.77    2    1
(advertise)    33    14858.41    37    14
(relay)    40    40    14872.43    14    14871.5    6    1
(advertise)    33    14880.43    40    14
(relay)    34    48    14960.64    14    14957.13    6    1
(advertise)    33    14960.84    48    14
(relay)    40    41    15027.85    15    15026.64    6    1
(advertise)    33    15028.05    41    15
(relay)    26    18    15072.66    15    15071.1    2    1
(advertise)    33    15072.86    18    15
(generate)    33    15074.28    [24]    15
(relay)    26    3    15121.29    15    15090.58    2    1
(advertise)    33    15121.49    3    15
(relay)    32    4    15145.3    15    15113.27    2    1
(advertise)    33    15145.7    4    15
(relay)    32    19    15167.72    15    15150.77    2    1
(advertise)    33    15168.72    19    15
(relay)    26    26    15169.93    15    15169.69    4    1
(advertise)    33    15190.13    26    15
(relay)    40    47    15248.14    15    15245.87    6    1
(advertise)    33    15248.34    47    15
(relay)    40    45    15270.96    15    15257.12    2    1
(advertise)    33    15271.76    45    15
(relay)    32    31    15322.37    15    15317.28    2    1
(advertise)    33    15322.57    31    15
(relay)    32    39    15375.38    15    15374.57    4    1
(advertise)    33    15375.58    39    15
(relay)    32    30    15399.39    15    15395.78    2    1
(advertise)    33    15399.59    30    15
(relay)    40    43    15404.01    15    15381.15    2    1
(advertise)    33    15422.61    43    15
(relay)    32    44    15444.02    15    15426.28    2    1
(advertise)    33    15444.42    44    15
(relay)    32    38    15467.43    15    15441.49    2    1
(advertise)    33    15468.43    38    15
(relay)    34    34    15484.85    15    15484.28    6    1
(advertise)    33    15492.25    34    15
(relay)    32    32    15499.26    15    15498.3    4    1
(relay)    32    42    15512.06    15    15491.03    2    2
(advertise)    33    15514.86    32    15
(advertise)    33    15535.87    42    15
(relay)    26    25    15537.29    15    15535.31    2    1
(advertise)    33    15557.89    25    15
(relay)    26    11    15573.5    15    15570.6    2    1
(advertise)    33    15580.1    11    15
(relay)    26    13    15600.71    15    15595.87    4    1
(advertise)    33    15601.71    13    15
(relay)    26    5    15650.32    15    15646.45    2    1
(advertise)    33    15650.52    5    15
(relay)    32    6    15675.94    15    15667.12    2    1
(advertise)    33    15676.54    6    15
(relay)    32    46    15741.35    15    15739.2    4    1
(advertise)    33    15741.55    46    15
(relay)    32    10    15788.76    15    15751.16    2    1
(advertise)    33    15788.96    10    15
(relay)    26    20    15790.18    15    15770.09    4    1
(relay)    34    27    15810.58    15    15809.79    4    2
(advertise)    33    15811.58    20    15
(relay)    32    12    15832.99    15    15810.38    2    2
(advertise)    33    15834.39    27    15
(advertise)    33    15857.6    12    15
(relay)    40    40    15872.62    15    15871.53    6    1
(relay)    32    37    15878.02    15    15844.94    2    2
(advertise)    33    15879.42    40    15
(advertise)    33    15901.83    37    15
(relay)    34    48    15960.64    15    15957.14    6    1
(advertise)    33    15960.84    48    15
(relay)    40    41    16028.05    16    16026.71    6    1
(advertise)    33    16028.25    41    16
(relay)    32    18    16072.07    16    16071.24    2    1
(advertise)    33    16072.27    18    16
(generate)    33    16074.28    [24]    16
(relay)    26    4    16118.49    16    16113.28    2    1
(advertise)    33    16118.69    4    16
(relay)    26    19    16152.11    16    16150.77    4    1
(advertise)    33    16152.31    19    16
(relay)    26    26    16169.92    16    16169.75    4    1
(advertise)    33    16175.52    26    16
(relay)    32    35    16198.13    16    16162.93    2    1
(advertise)    33    16198.73    35    16
(relay)    40    47    16246.35    16    16245.96    6    1
(advertise)    33    16246.55    47    16
(relay)    40    36    16299.56    16    16296.06    2    1
(advertise)    33    16299.76    36    16
(relay)    32    31    16319.57    16    16317.39    2    1
(advertise)    33    16322.17    31    16
(relay)    40    39    16375.78    16    16374.58    4    1
(advertise)    33    16375.98    39    16
(relay)    32    30    16399.8    16    16395.93    2    1
(advertise)    33    16400.4    30    16
(relay)    40    43    16404.21    16    16381.19    2    1
(advertise)    33    16421.61    43    16
(relay)    40    38    16443.42    16    16441.55    2    1
(advertise)    33    16443.62    38    16
(relay)    32    44    16470.84    16    16426.3    2    1
(advertise)    33    16471.04    44    16
(relay)    34    34    16485.45    16    16484.48    6    1
(advertise)    33    16492.25    34    16
(relay)    32    32    16499.46    16    16498.48    4    1
(advertise)    33    16514.06    32    16
(relay)    32    42    16518.08    16    16491.2    2    1
(advertise)    33    16536.48    42    16
(relay)    26    25    16538.49    16    16535.36    2    1
(advertise)    33    16558.69    25    16
(relay)    26    11    16574.1    16    16570.76    2    1
(advertise)    33    16581.3    11    16
(relay)    34    13    16599.91    16    16595.97    4    1
(advertise)    33    16604.71    13    16
(relay)    26    5    16649.53    16    16646.49    4    1
(advertise)    33    16649.73    5    16
(relay)    26    6    16674.74    16    16667.32    4    1
(advertise)    33    16674.94    6    16
(heartbeat)    24    4    16677.24    33    16696.95    3    3
(advertise)    33    16697.35    24    4
(relay)    40    46    16741.37    16    16739.22    4    1
(advertise)    33    16741.57    46    16
(relay)    26    20    16773.58    16    16770.11    4    1
(advertise)    33    16773.78    20    16
(relay)    26    27    16810.19    16    16809.86    4    1
(advertise)    33    16810.39    27    16
(relay)    26    12    16831.61    16    16810.43    4    1
(advertise)    33    16833.61    12    16
(relay)    32    37    16859.82    16    16845.13    2    1
(advertise)    33    16860.22    37    16
(relay)    40    40    16872.63    16    16871.62    6    1
(advertise)    33    16882.03    40    16
(relay)    26    48    16962.44    16    16957.32    4    1
(advertise)    33    16962.64    48    16
(relay)    26    41    17031.06    17    17026.79    4    1
(advertise)    33    17031.26    41    17
(relay)    32    28    17065.47    17    17064.12    2    1
(advertise)    33    17065.67    28    17
(relay)    26    18    17072.08    17    17071.39    2    1
(generate)    33    17074.28    [24]    17
(advertise)    33    17088.7    18    17
(relay)    26    4    17122.71    17    17113.3    2    1
(advertise)    33    17122.91    4    17
(relay)    32    3    17136.52    17    17090.73    2    1
(advertise)    33    17144.92    3    17
(relay)    32    35    17164.94    17    17163.06    2    1
(advertise)    33    17166.74    35    17
(relay)    26    19    17167.95    17    17150.96    4    1
(relay)    26    26    17169.95    17    17169.85    4    2
(advertise)    33    17189.35    19    17
(advertise)    33    17210.76    26    17
(relay)    40    47    17246.37    17    17246.05    6    1
(advertise)    33    17246.57    47    17
(relay)    32    45    17271.59    17    17257.24    2    1
(advertise)    33    17271.79    45    17
(relay)    32    36    17302.6    17    17296.12    2    1
(advertise)    33    17302.8    36    17
(relay)    40    39    17375.81    17    17374.58    4    1
(advertise)    33    17376.01    39    17
(relay)    32    30    17401.63    17    17396.1    2    1
(advertise)    33    17402.03    30    17
(relay)    40    43    17405.04    17    17381.23    2    1
(advertise)    33    17424.64    43    17
(relay)    40    44    17427.65    17    17426.31    2    1
(relay)    32    38    17444.65    17    17441.64    2    2
(advertise)    33    17446.25    44    17
(advertise)    33    17467.87    38    17
(relay)    34    34    17485.48    17    17484.51    6    1
(advertise)    33    17489.88    34    17
(relay)    32    32    17499.49    17    17498.49    4    1
(advertise)    33    17512.89    32    17
(relay)    40    42    17535.9    17    17491.38    2    1
(advertise)    33    17536.3    42    17
(relay)    26    11    17575.32    17    17570.76    2    1
(advertise)    33    17575.52    11    17
(relay)    26    13    17598.93    17    17596.05    4    1
(advertise)    33    17599.33    13    17
(relay)    26    5    17650.54    17    17646.59    4    1
(advertise)    33    17650.74    5    17
(relay)    26    6    17675.56    17    17667.51    4    1
(advertise)    33    17675.96    6    17
(relay)    40    46    17741.17    17    17739.24    4    1
(advertise)    33    17741.37    46    17
(relay)    34    20    17772.58    17    17770.12    4    1
(advertise)    33    17772.78    20    17
(relay)    40    27    17812.8    17    17809.92    2    1
(advertise)    33    17813.0    27    17
(relay)    26    12    17834.61    17    17810.46    2    1
(advertise)    33    17836.01    12    17
(relay)    40    40    17871.82    17    17871.68    6    1
(advertise)    33    17872.02    40    17
(relay)    34    48    17958.03    17    17957.33    6    1
(advertise)    33    17958.23    48    17
(relay)    40    41    18029.25    18    18026.87    6    1
(advertise)    33    18029.45    41    18
(relay)    32    28    18066.06    18    18064.14    2    1
(advertise)    33    18066.26    28    18
(relay)    26    18    18072.47    18    18071.56    2    1
(generate)    33    18074.67    [24]    18
(advertise)    33    18087.29    18    18
(relay)    32    4    18139.7    18    18113.3    2    1
(advertise)    33    18139.9    4    18
(relay)    26    19    18151.51    18    18151.15    4    1
(advertise)    33    18162.11    19    18
(relay)    26    26    18170.53    18    18169.91    4    1
(advertise)    33    18184.93    26    18
(relay)    32    35    18208.34    18    18163.14    2    1
(advertise)    33    18208.54    35    18
(relay)    40    47    18246.35    18    18246.12    6    1
(advertise)    33    18246.55    47    18
(relay)    40    45    18270.96    18    18257.3    2    1
(advertise)    33    18271.16    45    18
(relay)    40    36    18300.98    18    18296.17    2    1
(advertise)    33    18301.18    36    18
(relay)    32    39    18376.59    18    18374.74    4    1
(advertise)    33    18376.79    39    18
(relay)    32    30    18401.8    18    18396.24    2    1
(advertise)    33    18402.2    30    18
(relay)    40    43    18404.02    18    18381.29    2    1
(advertise)    33    18424.02    43    18
(relay)    32    38    18446.23    18    18441.68    2    1
(advertise)    33    18447.23    38    18
(relay)    34    34    18485.64    18    18484.7    6    1
(advertise)    33    18485.84    34    18
(relay)    32    32    18498.86    18    18498.66    4    1
(advertise)    33    18507.46    32    18
(relay)    40    42    18533.47    18    18491.39    2    1
(advertise)    33    18533.67    42    18
(relay)    26    25    18537.28    18    18535.75    2    1
(advertise)    33    18554.88    25    18
(relay)    32    11    18578.09    18    18570.77    2    1
(advertise)    33    18578.69    11    18
(relay)    26    13    18597.11    18    18596.13    4    1
(advertise)    33    18599.91    13    18
(relay)    26    5    18651.12    18    18646.72    4    1
(advertise)    33    18651.32    5    18
(relay)    26    6    18675.13    18    18667.67    4    1
(advertise)    33    18675.53    6    18
(relay)    32    46    18742.55    18    18739.43    4    1
(advertise)    33    18742.75    46    18
(relay)    34    20    18771.76    18    18770.13    4    1
(advertise)    33    18771.96    20    18
(relay)    26    27    18811.17    18    18809.98    4    1
(advertise)    33    18811.37    27    18
(relay)    32    12    18844.19    18    18810.52    2    1
(advertise)    33    18844.39    12    18
(relay)    40    37    18865.8    18    18845.31    2    1
(advertise)    33    18868.0    37    18
(relay)    40    40    18871.81    18    18871.74    6    1
(advertise)    33    18890.01    40    18
(relay)    34    48    18958.22    18    18957.5    6    1
(advertise)    33    18958.42    48    18
(relay)    34    41    19028.24    19    19026.96    6    1
(advertise)    33    19028.44    41    19
(relay)    26    18    19073.45    19    19071.72    2    1
(advertise)    33    19073.65    18    19
(generate)    33    19074.86    [24]    19
(relay)    26    3    19120.28    19    19090.83    2    1
(advertise)    33    19120.48    3    19
(relay)    32    4    19143.09    19    19113.31    2    1
(advertise)    33    19143.29    4    19
(relay)    26    19    19165.1    19    19151.16    4    1
(advertise)    33    19166.5    19    19
(relay)    26    26    19170.52    19    19169.97    4    1
(advertise)    33    19190.12    26    19
(relay)    40    35    19199.73    19    19163.22    2    1
(advertise)    33    19213.93    35    19
(relay)    40    47    19247.54    19    19246.17    6    1
(advertise)    33    19247.74    47    19
(relay)    32    45    19270.95    19    19257.33    2    1
(advertise)    33    19271.75    45    19
(relay)    32    36    19301.17    19    19296.21    2    1
(advertise)    33    19301.37    36    19
(relay)    32    31    19323.18    19    19317.74    2    1
(advertise)    33    19323.38    31    19
(relay)    34    39    19379.59    19    19374.76    2    1
(advertise)    33    19379.79    39    19
(relay)    40    43    19401.61    19    19381.35    2    1
(advertise)    33    19403.01    43    19
(relay)    32    30    19424.02    19    19396.39    2    1
(advertise)    33    19424.62    30    19
(relay)    40    38    19446.43    19    19441.73    2    1
(advertise)    33    19446.63    38    19
(relay)    40    44    19470.45    19    19426.53    2    1
(advertise)    33    19471.25    44    19
(relay)    34    34    19485.66    19    19484.73    6    1
(advertise)    33    19492.46    34    19
(relay)    32    32    19498.87    19    19498.85    4    1
(advertise)    33    19513.87    32    19
(relay)    32    42    19523.48    19    19491.57    2    1
(advertise)    33    19535.88    42    19
(relay)    32    11    19574.5    19    19570.77    2    1
(advertise)    33    19574.7    11    19
(relay)    26    13    19597.11    19    19596.21    4    1
(advertise)    33    19597.51    13    19
(relay)    26    5    19652.12    19    19646.8    4    1
(advertise)    33    19652.32    5    19
(relay)    26    6    19673.54    19    19667.87    4    1
(advertise)    33    19674.94    6    19
(relay)    32    46    19743.15    19    19739.63    4    1
(advertise)    33    19743.35    46    19
(relay)    26    20    19770.76    19    19770.15    4    1
(advertise)    33    19770.96    20    19
(relay)    26    27    19811.38    19    19810.03    4    1
(advertise)    33    19811.58    27    19
(relay)    26    12    19836.79    19    19810.6    2    1
(advertise)    33    19836.99    12    19
(relay)    40    37    19848.0    19    19845.48    2    1
(advertise)    33    19859.0    37    19
(relay)    40    40    19871.81    19    19871.8    6    1
(advertise)    33    19882.61    40    19
(relay)    40    48    19958.43    19    19957.65    6    1
(advertise)    33    19958.63    48    19
(relay)    40    41    20027.44    20    20027.06    6    1
(advertise)    33    20027.64    41    20
(relay)    32    28    20068.05    20    20064.36    2    1
(advertise)    33    20068.25    28    20
(relay)    26    18    20074.07    20    20071.91    2    1
(generate)    33    20074.87    [24]    20
(advertise)    33    20090.88    18    20
(relay)    26    3    20120.89    20    20090.88    2    1
(advertise)    33    20121.09    3    20
(relay)    26    19    20152.51    20    20151.16    4    1
(advertise)    33    20152.71    19    20
(relay)    26    26    20170.52    20    20169.99    4    1
(advertise)    33    20174.92    26    20
(relay)    32    35    20200.73    20    20163.3    2    1
(advertise)    33    20200.93    35    20
(relay)    40    47    20247.54    20    20246.24    6    1
(advertise)    33    20247.74    47    20
(relay)    40    45    20272.36    20    20257.38    2    1
(advertise)    33    20272.96    45    20
(relay)    32    36    20299.97    20    20296.3    2    1
(advertise)    33    20300.17    36    20
(relay)    32    31    20321.98    20    20317.82    2    1
(advertise)    33    20322.18    31    20
(relay)    34    39    20378.8    20    20374.91    2    1
(advertise)    33    20379.0    39    20
(relay)    32    43    20398.61    20    20381.45    2    1
(advertise)    33    20400.01    43    20
(relay)    32    30    20422.22    20    20396.54    2    1
(advertise)    33    20424.42    30    20
(relay)    40    38    20444.04    20    20441.78    2    1
(advertise)    33    20446.84    38    20
(relay)    34    34    20485.05    20    20484.92    6    1
(advertise)    33    20485.25    34    20
(relay)    32    32    20499.06    20    20499.02    4    1
(advertise)    33    20507.26    32    20
(relay)    40    42    20535.47    20    20491.76    2    1
(advertise)    33    20535.67    42    20
(relay)    26    25    20537.89    20    20535.94    2    1
(advertise)    33    20558.69    25    20
(relay)    32    11    20581.9    20    20570.96    2    1
(advertise)    33    20583.9    11    20
(relay)    26    13    20598.11    20    20596.3    4    1
(advertise)    33    20604.91    13    20
(relay)    26    5    20651.13    20    20646.86    4    1
(advertise)    33    20651.33    5    20
(relay)    26    6    20672.14    20    20668.01    4    1
(advertise)    33    20674.14    6    20
(heartbeat)    24    5    20677.25    33    20696.75    3    3
(advertise)    33    20697.15    24    5
(relay)    40    46    20742.17    20    20739.65    4    1
(advertise)    33    20742.37    46    20
(relay)    26    20    20771.58    20    20770.18    4    1
(advertise)    33    20771.78    20    20
(relay)    34    27    20812.59    20    20810.12    4    1
(advertise)    33    20812.79    27    20
(relay)    26    12    20834.6    20    20810.67    4    1
(advertise)    33    20835.0    12    20
(relay)    40    40    20872.42    20    20871.91    6    1
(advertise)    33    20872.62    40    20
(relay)    32    37    20896.03    20    20845.67    2    1
(advertise)    33    20897.03    37    20
(relay)    26    48    20960.44    20    20957.85    4    1
(advertise)    33    20960.64    48    20
(relay)    32    41    21028.06    21    21027.16    4    1
(advertise)    33    21028.26    41    21
(relay)    32    28    21068.47    21    21064.37    2    1
(advertise)    33    21068.67    28    21
(relay)    26    18    21074.08    21    21072.06    2    1
(generate)    33    21074.88    [24]    21
(advertise)    33    21090.1    18    21
(relay)    26    3    21120.31    21    21090.95    2    1
(advertise)    33    21120.51    3    21
(relay)    26    4    21144.52    21    21113.33    2    1
(advertise)    33    21145.12    4    21
(relay)    26    19    21166.13    21    21151.35    4    1
(advertise)    33    21167.13    19    21
(relay)    26    26    21171.15    21    21170.08    4    1
(advertise)    33    21191.15    26    21
(relay)    40    35    21193.16    21    21163.42    2    1
(advertise)    33    21215.16    35    21
(relay)    40    47    21247.77    21    21246.34    6    1
(advertise)    33    21247.97    47    21
(relay)    40    45    21274.59    21    21257.46    2    1
(advertise)    33    21274.99    45    21
(relay)    32    31    21318.8    21    21317.96    2    1
(advertise)    33    21319.0    31    21
(relay)    40    39    21377.41    21    21374.93    4    1
(advertise)    33    21377.61    39    21
(relay)    32    30    21400.43    21    21396.7    2    1
(advertise)    33    21401.03    30    21
(relay)    40    43    21424.84    21    21381.56    2    1
(advertise)    33    21425.04    43    21
(relay)    40    44    21469.25    21    21427.95    2    1
(advertise)    33    21469.45    44    21
(relay)    34    34    21485.06    21    21484.95    6    1
(advertise)    33    21494.46    34    21
(relay)    32    32    21499.68    21    21499.21    4    1
(advertise)    33    21516.68    32    21
(relay)    32    25    21538.29    21    21536.05    2    1
(advertise)    33    21539.09    25    21
(relay)    32    11    21572.3    21    21571.14    2    1
(advertise)    33    21572.5    11    21
(relay)    32    13    21599.92    21    21596.4    2    1
(advertise)    33    21600.12    13    21
(relay)    26    5    21651.13    21    21646.95    4    1
(advertise)    33    21651.33    5    21
(relay)    26    6    21672.34    21    21668.19    4    1
(advertise)    33    21675.34    6    21
(relay)    40    46    21740.16    21    21739.66    4    1
(advertise)    33    21740.36    46    21
(relay)    26    20    21771.37    21    21770.22    4    1
(advertise)    33    21771.57    20    21
(relay)    40    27    21814.78    21    21810.21    2    1
(advertise)    33    21814.98    27    21
(relay)    26    12    21834.39    21    21810.74    4    1
(advertise)    33    21836.19    12    21
(relay)    32    37    21860.81    21    21845.86    2    1
(advertise)    33    21861.41    37    21
(relay)    40    40    21872.62    21    21871.98    6    1
(advertise)    33    21883.82    40    21
(relay)    34    48    21960.23    21    21958.03    6    1
(advertise)    33    21960.43    48    21
(relay)    40    41    22027.65    22    22027.25    6    1
(advertise)    33    22027.85    41    22
(relay)    32    28    22068.86    22    22064.38    2    1
(advertise)    33    22069.06    28    22
(generate)    33    22075.07    [24]    22
(relay)    32    18    22114.49    22    22072.24    2    1
(advertise)    33    22114.69    18    22
(relay)    26    3    22119.9    22    22091.0    2    1
(advertise)    33    22136.7    3    22
(relay)    26    4    22145.31    22    22113.35    2    1
(advertise)    33    22157.91    4    22
(relay)    26    19    22167.52    22    22151.54    4    1
(relay)    26    26    22171.12    22    22170.17    4    2
(advertise)    33    22179.72    19    22
(advertise)    33    22200.74    26    22
(relay)    32    35    22225.15    22    22163.5    2    1
(advertise)    33    22225.55    35    22
(relay)    40    47    22247.76    22    22246.4    6    1
(advertise)    33    22248.56    47    22
(relay)    40    45    22271.78    22    22257.52    2    1
(advertise)    33    22271.98    45    22
(relay)    32    31    22319.79    22    22318.45    2    1
(advertise)    33    22319.99    31    22
(relay)    34    39    22375.8    22    22374.93    2    1
(advertise)    33    22376.0    39    22
(relay)    32    43    22402.62    22    22381.68    2    1
(advertise)    33    22403.02    43    22
(relay)    32    30    22425.63    22    22396.87    2    1
(advertise)    33    22426.23    30    22
(relay)    40    38    22447.04    22    22442.11    2    1
(advertise)    33    22447.84    38    22
(relay)    40    44    22468.25    22    22428.14    2    1
(advertise)    33    22469.05    44    22
(relay)    34    34    22485.27    22    22485.15    6    1
(advertise)    33    22492.07    34    22
(relay)    32    32    22499.88    22    22499.37    4    1
(advertise)    33    22514.28    32    22
(relay)    32    25    22538.29    22    22536.14    2    1
(advertise)    33    22538.49    25    22
(relay)    40    42    22541.51    22    22491.95    2    1
(advertise)    33    22560.91    42    22
(relay)    26    11    22572.32    22    22571.33    2    1
(advertise)    33    22582.92    11    22
(relay)    26    13    22599.53    22    22596.48    4    1
(advertise)    33    22604.53    13    22
(relay)    26    5    22650.55    22    22647.05    4    1
(advertise)    33    22650.75    5    22
(relay)    26    6    22674.36    22    22668.36    4    1
(advertise)    33    22675.36    6    22
(relay)    32    29    22676.57    22    22654.87    2    1
(advertise)    33    22698.17    29    22
(relay)    32    46    22740.38    22    22739.68    4    1
(advertise)    33    22740.58    46    22
(relay)    26    20    22772.0    22    22770.25    4    1
(advertise)    33    22772.2    20    22
(relay)    34    27    22811.61    22    22810.3    4    1
(advertise)    33    22811.81    27    22
(relay)    40    37    22846.82    22    22845.87    2    1
(advertise)    33    22847.02    37    22
(relay)    40    40    22872.64    22    22872.03    6    1
(advertise)    33    22873.24    40    22
(relay)    40    48    22960.25    22    22958.21    6    1
(advertise)    33    22960.45    48    22
(relay)    40    41    23027.66    23    23027.33    6    1
(advertise)    33    23027.86    41    23
(relay)    32    28    23070.08    23    23064.4    2    1
(advertise)    33    23070.28    28    23
(generate)    33    23075.09    [24]    23
(relay)    26    4    23122.1    23    23113.37    2    1
(advertise)    33    23122.3    4    23
(relay)    26    19    23153.31    23    23151.72    4    1
(advertise)    33    23153.51    19    23
(relay)    26    26    23171.13    23    23170.21    4    1
(advertise)    33    23175.33    26    23
(relay)    40    47    23248.74    23    23246.5    6    1
(advertise)    33    23248.94    47    23
(relay)    40    45    23270.75    23    23257.58    2    1
(advertise)    33    23271.95    45    23
(relay)    40    36    23298.77    23    23296.55    2    1
(advertise)    33    23298.97    36    23
(relay)    32    31    23323.38    23    23318.51    2    1
(advertise)    33    23323.58    31    23
(relay)    40    39    23375.39    23    23375.09    4    1
(advertise)    33    23375.59    39    23
(relay)    32    30    23399.21    23    23397.02    2    1
(advertise)    33    23400.21    30    23
(relay)    32    43    23423.62    23    23381.74    2    1
(advertise)    33    23424.02    43    23
(relay)    32    38    23446.63    23    23442.16    2    1
(advertise)    33    23447.23    38    23
(relay)    32    44    23468.44    23    23428.14    2    1
(advertise)    33    23468.84    44    23
(relay)    34    34    23485.86    23    23485.34    6    1
(advertise)    33    23490.66    34    23
(relay)    32    32    23500.07    23    23499.52    4    1
(advertise)    33    23511.87    32    23
(relay)    26    11    23572.88    23    23571.48    2    1
(advertise)    33    23573.08    11    23
(relay)    26    13    23600.1    23    23596.58    4    1
(advertise)    33    23600.7    13    23
(relay)    26    5    23648.71    23    23647.15    4    1
(advertise)    33    23648.91    5    23
(relay)    26    6    23673.72    23    23668.52    4    1
(advertise)    33    23674.52    6    23
(relay)    32    46    23740.54    23    23739.86    4    1
(advertise)    33    23740.74    46    23
(relay)    26    20    23772.55    23    23770.43    4    1
(advertise)    33    23772.75    20    23
(relay)    34    27    23811.56    23    23810.36    4    1
(advertise)    33    23811.76    27    23
(relay)    26    12    23833.17    23    23810.91    4    1
(advertise)    33    23834.17    12    23
(relay)    32    37    23856.59    23    23846.04    2    1
(advertise)    33    23856.99    37    23
(relay)    40    40    23872.6    23    23872.11    6    1
(advertise)    33    23878.6    40    23
(relay)    40    48    23960.41    23    23958.38    6    1
(advertise)    33    23960.61    48    23
(relay)    32    41    24029.63    24    24027.41    4    1
(advertise)    33    24029.83    41    24
(relay)    32    28    24070.24    24    24064.4    2    1
(advertise)    33    24070.44    28    24
(generate)    33    24075.25    [24]    24
(relay)    32    18    24111.87    24    24072.57    2    1
(advertise)    33    24112.07    18    24
(relay)    26    3    24122.68    24    24091.13    2    1
(advertise)    33    24134.88    3    24
(relay)    26    19    24154.09    24    24151.91    4    1
(advertise)    33    24157.69    19    24
(relay)    26    26    24171.3    24    24170.27    4    1
(advertise)    33    24179.1    26    24
(relay)    32    35    24204.12    24    24163.69    2    1
(advertise)    33    24204.52    35    24
(relay)    40    47    24248.73    24    24246.58    6    1
(advertise)    33    24248.93    47    24
(relay)    40    45    24270.14    24    24257.84    2    1
(advertise)    33    24271.14    45    24
(relay)    40    36    24299.56    24    24296.61    2    1
(advertise)    33    24299.76    36    24
(relay)    32    31    24320.57    24    24318.61    2    1
(advertise)    33    24322.37    31    24
(relay)    32    39    24375.58    24    24375.28    4    1
(advertise)    33    24375.78    39    24
(relay)    40    43    24402.2    24    24381.82    2    1
(advertise)    33    24402.4    43    24
(relay)    40    44    24433.81    24    24428.15    2    1
(advertise)    33    24434.01    44    24
(relay)    32    38    24447.22    24    24442.21    2    1
(advertise)    33    24455.42    38    24
(relay)    34    34    24485.83    24    24485.37    6    1
(advertise)    33    24486.03    34    24
(relay)    32    32    24500.25    24    24499.62    4    1
(advertise)    33    24509.45    32    24
(relay)    32    42    24535.66    24    24491.96    2    1
(advertise)    33    24535.86    42    24
(relay)    26    25    24537.87    24    24537.32    2    1
(advertise)    33    24558.47    25    24
(relay)    26    11    24573.69    24    24571.49    2    1
(advertise)    33    24582.49    11    24
(relay)    26    13    24600.3    24    24596.67    4    1
(advertise)    33    24603.5    13    24
(relay)    32    5    24651.31    24    24647.21    2    1
(advertise)    33    24651.51    5    24
(relay)    34    6    24674.73    24    24668.7    4    1
(advertise)    33    24675.33    6    24
(heartbeat)    24    6    24677.27    33    24702.14    3    3
(advertise)    33    24702.34    24    6
(relay)    32    46    24740.55    24    24739.88    4    1
(advertise)    33    24740.75    46    24
(relay)    26    20    24772.56    24    24770.47    4    1
(advertise)    33    24772.76    20    24
(relay)    34    27    24810.78    24    24810.44    4    1
(advertise)    33    24810.98    27    24
(relay)    40    40    24873.19    24    24872.21    6    1
(advertise)    33    24873.39    40    24
(relay)    34    48    24961.8    24    24958.4    6    1
(advertise)    33    24962.0    48    24
(relay)    40    41    25028.82    25    25027.51    6    1
(advertise)    33    25029.02    41    25
(relay)    32    28    25069.23    25    25064.43    2    1
(advertise)    33    25069.43    28    25
(relay)    26    18    25075.04    25    25072.57    2    1
(generate)    33    25075.44    [24]    25
(advertise)    33    25091.26    18    25
(relay)    26    3    25099.67    25    25091.21    2    1
(advertise)    33    25115.27    3    25
(relay)    26    19    25154.08    25    25151.94    4    1
(advertise)    33    25154.28    19    25
(relay)    32    4    25156.29    25    25113.61    2    1
(relay)    26    26    25170.49    25    25170.32    4    2
(advertise)    33    25176.29    4    25
(advertise)    33    25197.71    26    25
(relay)    32    35    25220.72    25    25163.81    2    1
(advertise)    33    25220.92    35    25
(relay)    40    47    25248.93    25    25246.66    6    1
(advertise)    33    25249.33    47    25
(relay)    40    45    25270.55    25    25257.92    6    1
(advertise)    33    25271.95    45    25
(relay)    40    36    25300.76    25    25296.72    2    1
(advertise)    33    25300.96    36    25
(relay)    32    31    25322.97    25    25318.74    2    1
(advertise)    33    25324.17    31    25
(relay)    32    39    25376.19    25    25375.29    4    1
(advertise)    33    25376.39    39    25
(relay)    32    30    25400.0    25    25397.2    2    1
(advertise)    33    25400.8    30    25
(relay)    40    43    25405.01    25    25381.89    2    1
(advertise)    33    25421.81    43    25
(relay)    40    38    25442.82    25    25442.28    4    1
(advertise)    33    25443.62    38    25
(relay)    40    44    25466.24    25    25428.17    2    1
(advertise)    33    25466.64    44    25
(relay)    34    34    25486.05    25    25485.4    6    1
(advertise)    33    25489.05    34    25
(relay)    32    32    25500.66    25    25499.63    4    1
(advertise)    33    25510.46    32    25
(relay)    32    42    25535.28    25    25492.0    2    1
(advertise)    33    25536.48    42    25
(relay)    26    25    25538.09    25    25537.45    2    1
(advertise)    33    25558.49    25    25
(relay)    26    11    25574.1    25    25571.5    2    1
(advertise)    33    25579.9    11    25
(relay)    34    13    25600.72    25    25596.75    4    1
(advertise)    33    25602.52    13    25
(relay)    26    5    25650.13    25    25647.28    4    1
(advertise)    33    25650.33    5    25
(relay)    32    29    25674.14    25    25654.93    2    1
(advertise)    33    25674.34    29    25
(relay)    40    6    25677.55    25    25668.89    2    1
(advertise)    33    25696.35    6    25
(relay)    32    46    25741.37    25    25739.9    4    1
(advertise)    33    25741.57    46    25
(relay)    40    20    25775.78    25    25770.5    2    1
(advertise)    33    25775.98    20    25
(relay)    26    27    25810.99    25    25810.52    4    1
(advertise)    33    25811.19    27    25
(relay)    26    12    25835.01    25    25811.0    2    1
(advertise)    33    25836.01    12    25
(relay)    40    40    25873.22    25    25872.3    6    1
(advertise)    33    25873.42    40    25
(relay)    34    48    25961.23    25    25958.6    6    1
(advertise)    33    25961.43    48    25
(relay)    40    41    26028.85    26    26027.62    6    1
(advertise)    33    26029.05    41    26
(relay)    32    18    26073.46    26    26072.73    2    1
(advertise)    33    26073.66    18    26
(generate)    33    26075.47    [24]    26
(relay)    26    3    26117.88    26    26091.28    2    1
(advertise)    33    26118.08    3    26
(relay)    26    4    26141.9    26    26113.81    2    1
(advertise)    33    26143.1    4    26
(relay)    26    19    26161.91    26    26151.94    4    1
(advertise)    33    26164.91    19    26
(relay)    26    26    26170.52    26    26170.42    4    1
(advertise)    33    26186.32    26    26
(relay)    40    35    26187.94    26    26163.91    2    1
(advertise)    33    26209.34    35    26
(relay)    40    47    26247.15    26    26246.73    6    1
(advertise)    33    26247.35    47    26
(relay)    40    45    26270.16    26    26257.99    6    1
(advertise)    33    26270.36    45    26
(relay)    40    36    26301.38    26    26296.78    2    1
(advertise)    33    26301.58    36    26
(relay)    32    31    26323.79    26    26318.78    2    1
(advertise)    33    26324.79    31    26
(relay)    32    39    26377.0    26    26375.48    4    1
(advertise)    33    26377.2    39    26
(relay)    32    30    26402.21    26    26397.34    2    1
(advertise)    33    26402.61    30    26
(relay)    40    43    26404.83    26    26381.95    2    1
(advertise)    33    26425.83    43    26
(relay)    26    38    26446.24    26    26442.31    2    1
(advertise)    33    26447.04    38    26
(relay)    32    44    26467.45    26    26428.37    2    1
(advertise)    33    26468.05    44    26
(relay)    34    34    26486.07    26    26485.43    6    1
(advertise)    33    26489.07    34    26
(relay)    32    32    26500.88    26    26499.78    4    1
(advertise)    33    26510.48    32    26
(relay)    32    42    26518.09    26    26492.18    2    1
(advertise)    33    26531.49    42    26
(relay)    26    25    26538.11    26    26537.57    2    1
(advertise)    33    26554.11    25    26
(relay)    26    11    26574.52    26    26571.51    2    1
(advertise)    33    26575.52    11    26
(relay)    26    13    26601.13    26    26596.83    4    1
(advertise)    33    26601.73    13    26
(relay)    26    5    26650.34    26    26647.37    4    1
(advertise)    33    26650.54    5    26
(relay)    26    6    26675.56    26    26669.09    4    1
(advertise)    33    26675.76    6    26
(relay)    32    46    26742.17    26    26739.91    4    1
(advertise)    33    26742.37    46    26
(relay)    34    20    26773.18    26    26770.55    4    1
(advertise)    33    26773.38    20    26
(relay)    34    27    26811.4    26    26810.61    4    1
(advertise)    33    26811.6    27    26
(relay)    34    12    26833.21    26    26811.06    2    1
(advertise)    33    26834.01    12    26
(relay)    32    37    26850.02    26    26846.38    2    1
(advertise)    33    26855.62    37    26
(relay)    40    40    26873.44    26    26872.37    6    1
(advertise)    33    26878.44    40    26
(relay)    26    48    26963.65    26    26958.62    4    1
(advertise)    33    26963.85    48    26
(relay)    32    41    27032.06    27    27027.74    4    1
(advertise)    33    27032.26    41    27
(relay)    26    18    27073.27    27    27072.74    2    1
(advertise)    33    27073.47    18    27
(generate)    33    27075.49    [24]    27
(relay)    26    3    27122.3    27    27091.35    2    1
(advertise)    33    27122.5    3    27
(relay)    26    4    27144.91    27    27113.83    2    1
(advertise)    33    27146.71    4    27
(relay)    26    19    27165.73    27    27152.13    4    1
(advertise)    33    27169.53    19    27
(relay)    26    26    27170.74    27    27170.52    4    1
(advertise)    33    27192.54    26    27
(relay)    32    35    27238.15    27    27164.04    2    1
(advertise)    33    27238.35    35    27
(relay)    40    47    27247.17    27    27246.81    6    1
(advertise)    33    27260.37    47    27
(relay)    40    45    27272.58    27    27258.06    6    1
(advertise)    33    27282.98    45    27
(relay)    40    36    27301.59    27    27296.88    2    1
(advertise)    33    27306.59    36    27
(relay)    32    31    27325.2    27    27318.9    2    1
(advertise)    33    27328.8    31    27
(relay)    32    39    27376.82    27    27375.65    4    1
(advertise)    33    27377.02    39    27
(relay)    32    43    27406.63    27    27382.07    2    1
(advertise)    33    27406.83    43    27
(relay)    40    44    27429.84    27    27428.38    2    1
(advertise)    33    27430.24    44    27
(relay)    32    30    27434.46    27    27397.51    2    1
(advertise)    33    27451.46    30    27
(relay)    32    38    27475.87    27    27442.36    4    1
(advertise)    33    27476.47    38    27
(relay)    34    34    27486.48    27    27485.48    6    1
(relay)    32    32    27500.88    27    27499.97    4    2
(advertise)    33    27502.48    34    27
(advertise)    33    27526.7    32    27
(relay)    32    25    27540.51    27    27537.66    2    1
(advertise)    33    27547.91    25    27
(relay)    40    42    27550.12    27    27492.2    2    1
(advertise)    33    27569.32    42    27
(relay)    26    11    27577.73    27    27571.53    2    1
(advertise)    33    27591.33    11    27
(relay)    26    13    27599.95    27    27596.9    4    1
(advertise)    33    27612.95    13    27
(relay)    26    5    27650.96    27    27647.43    4    1
(advertise)    33    27651.16    5    27
(relay)    26    6    27674.77    27    27669.24    4    1
(advertise)    33    27675.37    6    27
(relay)    32    46    27742.39    27    27740.11    4    1
(advertise)    33    27742.59    46    27
(relay)    34    20    27773.2    27    27770.58    4    1
(advertise)    33    27773.4    20    27
(relay)    26    27    27812.01    27    27810.73    4    1
(advertise)    33    27812.21    27    27
(relay)    26    12    27835.23    27    27811.08    2    1
(advertise)    33    27836.03    12    27
(relay)    32    37    27850.04    27    27846.4    2    1
(advertise)    33    27859.04    37    27
(relay)    40    40    27872.45    27    27872.45    6    1
(advertise)    33    27880.45    40    27
(relay)    34    48    27959.46    27    27958.81    6    1
(advertise)    33    27959.66    48    27
(relay)    40    41    28030.28    28    28027.84    6    1
(advertise)    33    28030.48    41    28
(relay)    32    28    28065.89    28    28064.54    2    1
(advertise)    33    28066.09    28    28
(relay)    26    18    28073.7    28    28072.93    2    1
(generate)    33    28075.5    [24]    28
(advertise)    33    28088.72    18    28
(relay)    26    3    28120.53    28    28091.41    2    1
(advertise)    33    28120.73    3    28
(relay)    26    4    28141.14    28    28113.85    2    1
(advertise)    33    28141.94    4    28
(relay)    26    19    28163.56    28    28152.14    4    1
(advertise)    33    28164.76    19    28
(relay)    26    26    28171.17    28    28170.63    4    1
(advertise)    33    28185.77    26    28
(relay)    32    35    28210.38    28    28164.13    2    1
(advertise)    33    28210.58    35    28
(relay)    40    47    28247.19    28    28246.89    6    1
(advertise)    33    28247.39    47    28
(relay)    40    45    28272.21    28    28258.12    6    1
(advertise)    33    28272.41    45    28
(relay)    40    36    28302.42    28    28296.96    2    1
(advertise)    33    28302.62    36    28
(relay)    32    31    28323.43    28    28319.01    2    1
(advertise)    33    28325.83    31    28
(relay)    32    39    28377.25    28    28375.84    4    1
(advertise)    33    28377.45    39    28
(relay)    32    30    28402.26    28    28397.66    2    1
(advertise)    33    28402.46    30    28
(relay)    40    43    28423.87    28    28382.15    2    1
(advertise)    33    28424.67    43    28
(relay)    40    38    28446.69    28    28442.42    4    1
(advertise)    33    28447.89    38    28
(relay)    40    44    28468.1    28    28428.4    2    1
(advertise)    33    28470.3    44    28
(relay)    34    34    28486.51    28    28485.53    6    1
(advertise)    33    28491.51    34    28
(relay)    32    32    28500.32    28    28500.16    4    1
(advertise)    33    28513.52    32    28
(relay)    32    25    28539.14    28    28537.78    2    1
(advertise)    33    28539.74    25    28
(relay)    26    11    28575.35    28    28571.53    2    1
(advertise)    33    28575.55    11    28
(relay)    26    13    28598.16    28    28597.01    4    1
(advertise)    33    28598.36    13    28
(relay)    26    5    28651.78    28    28647.53    4    1
(advertise)    33    28651.98    5    28
(relay)    34    6    28676.39    28    28669.44    4    1
(advertise)    33    28676.79    6    28
(heartbeat)    24    7    28677.28    33    28700.6    3    3
(advertise)    33    28700.8    24    7
(relay)    34    46    28745.62    28    28740.3    4    1
(advertise)    33    28745.82    46    28
(relay)    26    20    28772.63    28    28770.66    4    1
(advertise)    33    28773.03    20    28
(relay)    26    27    28812.24    28    28810.84    4    1
(advertise)    33    28812.44    27    28
(relay)    26    12    28834.45    28    28811.39    4    1
(advertise)    33    28835.25    12    28
(relay)    40    40    28872.67    28    28872.54    6    1
(advertise)    33    28872.87    40    28
(relay)    34    48    28959.68    28    28958.99    6    1
(advertise)    33    28959.88    48    28
(relay)    34    41    29029.29    29    29027.93    6    1
(advertise)    33    29029.49    41    29
(relay)    26    18    29074.51    29    29072.93    2    1
(advertise)    33    29074.71    18    29
(generate)    33    29075.92    [24]    29
(relay)    26    19    29152.53    29    29152.19    4    1
(advertise)    33    29152.73    19    29
(relay)    26    26    29171.35    29    29170.73    4    1
(advertise)    33    29176.75    26    29
(relay)    32    35    29202.76    29    29164.25    2    1
(advertise)    33    29202.96    35    29
(relay)    40    47    29247.97    29    29247.01    6    1
(advertise)    33    29248.17    47    29
(relay)    40    45    29271.98    29    29258.18    4    1
(advertise)    33    29272.18    45    29
(relay)    40    36    29303.0    29    29297.04    2    1
(advertise)    33    29303.2    36    29
(relay)    32    31    29325.41    29    29319.08    2    1
(advertise)    33    29326.21    31    29
(relay)    34    39    29380.62    29    29376.01    2    1
(advertise)    33    29380.82    39    29
(relay)    32    30    29400.24    29    29397.83    2    1
(relay)    40    43    29402.44    29    29382.25    2    2
(advertise)    33    29403.84    30    29
(advertise)    33    29426.05    43    29
(relay)    40    38    29446.26    29    29442.48    4    1
(advertise)    33    29447.66    38    29
(relay)    40    44    29468.68    29    29428.42    2    1
(advertise)    33    29470.48    44    29
(relay)    34    34    29486.49    29    29485.57    6    1
(advertise)    33    29492.89    34    29
(relay)    32    32    29500.3    29    29500.3    4    1
(advertise)    33    29515.7    32    29
(relay)    26    25    29539.11    29    29537.88    2    1
(advertise)    33    29540.11    25    29
(relay)    32    42    29562.33    29    29492.24    2    1
(advertise)    33    29562.93    42    29
(relay)    26    11    29575.54    29    29571.55    2    1
(advertise)    33    29584.34    11    29
(relay)    26    13    29599.35    29    29597.12    4    1
(advertise)    33    29606.55    13    29
(relay)    26    5    29652.77    29    29647.63    4    1
(advertise)    33    29652.97    5    29
(relay)    26    6    29674.38    29    29669.62    4    1
(advertise)    33    29674.78    6    29
(relay)    32    29    29698.99    29    29655.17    2    1
(advertise)    33    29699.19    29    29
(relay)    32    46    29743.81    29    29740.31    6    1
(advertise)    33    29744.01    46    29
(relay)    26    20    29771.62    29    29770.7    4    1
(advertise)    33    29772.02    20    29
(relay)    26    27    29812.23    29    29810.95    4    1
(advertise)    33    29812.43    27    29
(relay)    26    12    29834.64    29    29811.45    4    1
(advertise)    33    29835.64    12    29
(relay)    32    37    29860.66    29    29846.7    2    1
(advertise)    33    29860.86    37    29
(relay)    40    40    29872.67    29    29872.63    6    1
(advertise)    33    29883.87    40    29
(relay)    40    48    29960.68    29    29959.18    4    1
(advertise)    33    29960.88    48    29
