(relay)    41    41    1025.2    1    1025.0    127    1
(advertise)    34    1025.4    41    1
(relay)    41    28    1068.81    1    1062.01    120    1
(advertise)    34    1069.01    28    1
(relay)    33    33    1072.03    1    1071.01    127    1
(advertise)    34    1091.43    33    1
(relay)    33    18    1111.44    1    1069.03    124    1
(advertise)    34    1113.84    18    1
(relay)    27    4    1134.45    1    1111.04    122    1
(advertise)    34    1135.45    4    1
(relay)    27    19    1156.47    1    1149.07    125    1
(advertise)    34    1158.47    19    1
(relay)    27    26    1179.08    1    1166.08    126    1
(relay)    33    3    1180.28    1    1089.21    117    2
(advertise)    34    1182.08    26    1
(advertise)    34    1204.69    3    1
(relay)    27    16    1225.1    1    1177.08    122    1
(advertise)    34    1226.7    16    1
(relay)    33    7    1248.12    1    1153.07    119    1
(advertise)    34    1249.12    7    1
(relay)    33    47    1272.13    1    1244.12    123    1
(advertise)    34    1272.93    47    1
(relay)    41    45    1292.34    1    1255.13    123    1
(relay)    33    2    1293.54    1    1164.05    118    2
(advertise)    34    1296.14    45    1
(advertise)    34    1317.96    2    1
(relay)    27    17    1334.37    1    1292.14    123    1
(advertise)    34    1342.77    17    1
(relay)    33    35    1359.78    1    1161.07    117    1
(advertise)    34    1364.38    35    1
(relay)    33    39    1382.0    1    1373.2    125    1
(relay)    41    36    1383.8    1    1294.14    122    2
(advertise)    34    1386.8    39    1
(relay)    27    23    1406.41    1    1297.16    119    2
(advertise)    34    1408.61    36    1
(advertise)    34    1430.62    23    1
(relay)    33    9    1450.43    1    1337.18    121    1
(advertise)    34    1452.63    9    1
(relay)    33    30    1473.45    1    1393.01    124    1
(advertise)    34    1476.05    30    1
(generate)    34    1483.06    [24]    1
(relay)    33    38    1519.47    1    1440.03    124    1
(advertise)    34    1519.67    38    1
(relay)    41    44    1520.89    1    1425.02    122    1
(advertise)    34    1541.69    44    1
(relay)    33    43    1562.9    1    1378.2    121    1
(advertise)    34    1563.5    43    1
(relay)    33    25    1585.51    1    1533.09    125    1
(advertise)    34    1586.91    25    1
(relay)    41    32    1589.33    1    1496.07    124    1
(advertise)    34    1609.13    32    1
(relay)    33    31    1630.54    1    1315.16    115    1
(relay)    41    42    1632.14    1    1489.05    120    2
(advertise)    34    1633.34    31    1
(relay)    27    13    1651.35    1    1594.13    125    2
(relay)    33    21    1653.15    1    1535.09    121    3
(advertise)    34    1656.55    42    1
(advertise)    34    1678.16    13    1
(relay)    33    11    1697.58    1    1568.11    123    2
(advertise)    34    1699.98    21    1
(relay)    41    29    1720.59    1    1653.15    121    2
(advertise)    34    1722.39    11    1
(relay)    27    6    1740.2    1    1665.14    124    2
(advertise)    34    1743.6    29    1
(relay)    33    8    1761.22    1    1614.11    120    2
(advertise)    34    1764.62    6    1
(relay)    27    20    1785.43    1    1769.02    126    2
(advertise)    34    1787.43    8    1
(relay)    33    14    1804.04    1    1724.0    118    2
(relay)    27    5    1806.84    1    1645.15    123    3
(relay)    41    46    1808.04    1    1738.0    124    4
(relay)    27    27    1809.04    1    1808.06    127    5
(advertise)    34    1809.44    20    1
(advertise)    34    1832.46    14    1
(advertise)    34    1854.07    5    1
(relay)    41    1    1874.28    1    1680.16    115    3
(relay)    27    12    1875.08    1    1809.04    124    4
(advertise)    34    1877.88    46    1
(relay)    27    10    1898.49    1    1750.02    122    4
(advertise)    34    1899.69    27    1
(relay)    33    40    1913.31    1    1870.29    126    4
(advertise)    34    1921.51    1    1
(relay)    33    37    1936.92    1    1843.07    123    4
(advertise)    34    1943.12    12    1
(advertise)    34    1964.53    10    1
(advertise)    34    1986.55    40    1
(advertise)    34    2007.56    37    1
(relay)    27    0    2022.17    1    1829.04    118    1
(relay)    33    48    2024.97    1    1955.11    124    2
(relay)    41    41    2025.77    2    2025.17    127    3
(advertise)    34    2028.57    0    1
(relay)    27    15    2044.99    1    1895.11    119    3
(advertise)    34    2049.59    48    1
(advertise)    34    2071.0    41    2
(relay)    33    33    2072.61    2    2071.6    127    2
(relay)    41    22    2086.41    1    1896.11    120    3
(advertise)    34    2094.01    15    1
(advertise)    34    2117.22    33    2
(relay)    33    18    2139.64    2    2069.2    124    2
(advertise)    34    2140.44    22    1
(advertise)    34    2162.85    18    2
(relay)    27    26    2174.66    2    2166.26    126    1
(relay)    41    28    2176.26    2    2062.2    120    2
(advertise)    34    2185.06    26    2
(relay)    27    19    2195.68    2    2149.25    125    2
(advertise)    34    2206.28    28    2
(relay)    27    4    2218.89    2    2111.22    122    2
(relay)    41    3    2222.69    2    2089.4    117    3
(advertise)    34    2227.89    19    2
(advertise)    34    2249.5    4    2
(advertise)    34    2272.32    3    2
(relay)    33    2    2276.53    2    2164.24    120    1
(relay)    41    47    2288.93    2    2244.32    125    2
(advertise)    34    2293.53    2    2
(relay)    27    16    2306.94    2    2177.28    120    2
(advertise)    34    2314.74    47    2
(relay)    33    35    2322.95    2    2161.25    121    2
(advertise)    34    2336.35    16    2
(relay)    27    7    2350.77    2    2153.24    119    2
(advertise)    34    2360.37    35    2
(relay)    41    45    2376.98    2    2255.92    123    2
(advertise)    34    2383.18    7    2
(relay)    27    17    2392.39    2    2292.34    123    2
(advertise)    34    2404.39    45    2
(relay)    33    31    2409.41    2    2315.35    125    2
(relay)    27    9    2414.41    2    2337.37    121    3
(relay)    41    39    2421.01    2    2373.39    125    4
(advertise)    34    2426.01    17    2
(advertise)    34    2447.82    31    2
(advertise)    34    2469.23    9    2
(relay)    27    23    2480.84    2    2297.34    119    2
(generate)    34    2483.24    [24]    2
(advertise)    34    2490.66    39    2
(advertise)    34    2513.27    23    2
(relay)    41    36    2530.28    2    2294.74    122    1
(advertise)    34    2535.28    36    2
(relay)    33    30    2539.5    2    2393.81    124    1
(advertise)    34    2557.7    30    2
(relay)    41    38    2573.11    2    2440.23    124    1
(advertise)    34    2581.51    38    2
(relay)    27    25    2591.32    2    2533.28    125    1
(relay)    41    44    2596.12    2    2425.21    122    2
(advertise)    34    2603.92    25    2
(advertise)    34    2624.94    44    2
(relay)    33    32    2626.95    2    2496.26    124    1
(advertise)    34    2647.15    32    2
(relay)    27    13    2657.16    2    2594.31    125    1
(advertise)    34    2670.16    13    2
(relay)    33    11    2671.77    2    2568.31    123    1
(relay)    41    43    2681.77    2    2378.37    121    2
(advertise)    34    2692.37    11    2
(relay)    33    42    2714.19    2    2489.22    120    2
(advertise)    34    2716.39    43    2
(advertise)    34    2737.8    42    2
(relay)    33    21    2758.61    2    2535.27    117    1
(advertise)    34    2760.81    21    2
(relay)    27    6    2771.43    2    2665.32    124    1
(relay)    33    29    2783.23    2    2653.35    123    2
(advertise)    34    2784.23    6    2
(advertise)    34    2805.24    29    2
(relay)    27    27    2808.25    2    2808.24    127    1
(relay)    41    46    2812.25    2    2738.2    124    2
(relay)    27    20    2816.25    2    2769.21    126    3
(relay)    33    5    2825.65    2    2645.34    123    4
(advertise)    34    2827.25    27    2
(advertise)    34    2850.87    46    2
(advertise)    34    2875.28    20    2
(relay)    41    8    2878.49    2    2614.31    118    2
(advertise)    34    2899.09    5    2
(relay)    33    40    2913.9    2    2870.48    126    2
(advertise)    34    2922.9    8    2
(relay)    27    12    2926.92    2    2809.23    124    2
(advertise)    34    2945.12    40    2
(relay)    33    1    2960.13    2    2680.36    119    2
(advertise)    34    2967.33    12    2
(relay)    33    37    2981.54    2    2843.47    123    2
(relay)    41    48    2989.14    2    2955.29    126    3
(advertise)    34    2991.54    1    2
(relay)    27    10    2993.76    2    2750.21    122    3
(advertise)    34    3013.56    37    2
(relay)    41    41    3025.97    3    3025.37    127    3
(relay)    41    14    3033.17    2    2724.2    118    4
(advertise)    34    3036.97    48    2
(advertise)    34    3059.78    10    2
(advertise)    34    3081.2    41    3
(relay)    33    22    3090.21    2    2896.29    122    2
(advertise)    34    3104.21    14    2
(relay)    27    0    3106.42    2    2829.2    118    2
(advertise)    34    3125.42    22    2
(relay)    41    33    3128.03    3    3071.8    125    2
(relay)    33    15    3136.43    2    2895.3    121    3
(advertise)    34    3148.03    0    2
(advertise)    34    3170.85    33    3
(relay)    33    18    3182.86    3    3069.4    124    2
(relay)    27    26    3193.06    3    3167.66    126    3
(advertise)    34    3193.46    15    2
(advertise)    34    3214.67    18    3
(relay)    33    28    3231.29    3    3062.4    122    2
(advertise)    34    3236.69    26    3
(relay)    33    19    3252.7    3    3149.45    125    2
(advertise)    34    3258.7    28    3
(relay)    41    47    3263.91    3    3244.49    125    2
(advertise)    34    3280.91    19    3
(relay)    33    4    3297.73    3    3111.42    122    2
(advertise)    34    3302.93    47    3
(relay)    27    3    3304.14    3    3089.6    121    2
(relay)    41    35    3307.14    3    3161.45    119    3
(advertise)    34    3324.54    4    3
(relay)    27    2    3345.75    3    3164.42    120    3
(advertise)    34    3347.15    3    3
(advertise)    34    3368.56    35    3
(relay)    41    45    3372.18    3    3256.1    123    2
(relay)    33    7    3385.98    3    3153.43    119    3
(advertise)    34    3389.58    2    3
(relay)    27    16    3392.39    3    3177.46    122    3
(advertise)    34    3411.19    45    3
(relay)    41    39    3418.6    3    3373.59    125    3
(advertise)    34    3434.0    7    3
(relay)    33    31    3449.62    3    3315.55    125    3
(advertise)    34    3455.82    16    3
(relay)    27    17    3460.23    3    3292.53    123    3
(advertise)    34    3477.63    39    3
(generate)    34    3483.44    [24]    3
(advertise)    34    3499.26    31    3
(advertise)    34    3522.47    17    3
(relay)    27    23    3525.88    3    3297.53    121    1
(advertise)    34    3544.48    23    3
(relay)    33    32    3562.49    3    3496.46    126    1
(advertise)    34    3566.29    32    3
(relay)    27    9    3571.11    3    3337.56    121    1
(relay)    41    38    3573.71    3    3440.43    124    2
(relay)    33    36    3585.51    3    3294.93    122    3
(advertise)    34    3588.71    9    3
(relay)    27    25    3593.12    3    3533.48    125    3
(advertise)    34    3611.32    38    3
(advertise)    34    3633.13    36    3
(relay)    33    30    3649.75    3    3394.0    124    2
(advertise)    34    3654.35    25    3
(relay)    41    44    3664.76    3    3425.22    122    2
(advertise)    34    3675.76    30    3
(advertise)    34    3700.37    44    3
(relay)    33    11    3716.99    3    3568.51    123    1
(advertise)    34    3723.19    11    3
(relay)    41    43    3731.0    3    3378.56    121    1
(advertise)    34    3744.6    43    3
(relay)    33    13    3762.41    3    3594.51    123    1
(advertise)    34    3765.61    13    3
(relay)    27    6    3768.62    3    3665.51    124    1
(relay)    41    42    3777.42    3    3489.42    120    2
(advertise)    34    3788.82    6    3
(relay)    33    21    3805.24    3    3535.47    121    2
(relay)    27    27    3808.44    3    3808.44    127    3
(relay)    27    20    3811.04    3    3769.22    126    4
(advertise)    34    3811.24    42    3
(relay)    41    46    3822.45    3    3738.4    124    4
(relay)    27    5    3832.45    3    3645.35    123    5
(advertise)    34    3833.05    21    3
(advertise)    34    3855.46    27    3
(advertise)    34    3878.08    20    3
(relay)    27    12    3898.29    3    3809.42    124    3
(advertise)    34    3899.09    46    3
(relay)    41    40    3910.9    3    3870.68    126    3
(advertise)    34    3920.7    5    3
(relay)    41    29    3934.72    3    3653.55    119    3
(advertise)    34    3941.72    12    3
(advertise)    34    3963.33    40    3
(relay)    27    8    3965.34    3    3614.49    118    2
(advertise)    34    3985.54    29    3
(relay)    27    10    3988.15    3    3750.41    122    2
(advertise)    34    4006.95    8    3
(relay)    33    37    4008.17    3    3843.66    123    2
(relay)    27    1    4016.37    3    3680.55    119    3
(relay)    41    41    4026.17    4    4025.57    127    4
(advertise)    34    4028.17    10    3
(advertise)    34    4051.18    37    3
(relay)    33    33    4071.99    4    4071.98    127    3
(advertise)    34    4073.39    1    3
(relay)    33    14    4076.81    3    3725.0    120    3
(advertise)    34    4096.61    41    4
(relay)    41    48    4110.62    3    3955.48    124    3
(advertise)    34    4119.02    33    4
(advertise)    34    4142.43    14    3
(relay)    27    15    4148.05    3    3895.49    119    2
(relay)    33    22    4164.45    3    3896.49    122    3
(advertise)    34    4164.85    48    3
(relay)    27    18    4169.26    4    4069.59    124    3
(advertise)    34    4188.26    15    3
(relay)    41    0    4196.27    3    3829.4    116    3
(relay)    33    26    4207.27    4    4167.86    126    4
(advertise)    34    4211.87    22    3
(advertise)    34    4232.88    18    4
(relay)    27    19    4235.9    4    4149.65    125    3
(advertise)    34    4254.9    0    3
(relay)    27    4    4258.31    4    4111.62    122    3
(advertise)    34    4275.91    26    4
(relay)    41    47    4284.32    4    4244.68    125    3
(advertise)    34    4299.12    19    4
(relay)    41    28    4306.34    4    4062.59    120    3
(advertise)    34    4320.34    4    4
(relay)    27    3    4324.35    4    4089.81    121    3
(advertise)    34    4341.75    47    4
(advertise)    34    4362.76    28    4
(relay)    41    45    4372.98    4    4256.11    123    2
(advertise)    34    4385.58    3    4
(relay)    27    2    4388.39    4    4164.62    120    2
(relay)    41    35    4393.99    4    4161.63    119    3
(advertise)    34    4408.19    45    4
(relay)    27    7    4411.6    4    4153.63    117    3
(advertise)    34    4430.4    2    4
(relay)    27    16    4432.41    4    4177.66    122    3
(advertise)    34    4452.81    35    4
(relay)    41    39    4461.63    4    4373.79    125    3
(advertise)    34    4473.83    7    4
(relay)    33    31    4479.04    4    4315.95    125    3
(generate)    34    4483.64    [24]    4
(advertise)    34    4495.85    16    4
(relay)    27    17    4497.67    4    4292.72    123    3
(advertise)    34    4520.47    39    4
(advertise)    34    4541.68    31    4
(advertise)    34    4562.89    17    4
(relay)    41    32    4571.91    4    4496.65    124    1
(relay)    27    9    4585.71    4    4337.75    119    2
(advertise)    34    4586.71    32    4
(advertise)    34    4607.92    9    4
(relay)    41    38    4616.13    4    4440.61    122    1
(advertise)    34    4631.93    38    4
(relay)    33    30    4634.54    4    4394.2    124    1
(relay)    27    13    4651.14    4    4594.69    125    2
(advertise)    34    4654.74    30    4
(advertise)    34    4676.96    13    4
(relay)    33    25    4680.17    4    4533.68    125    1
(relay)    41    44    4683.57    4    4425.41    122    2
(advertise)    34    4698.37    25    4
(relay)    33    23    4702.58    4    4297.54    121    2
(advertise)    34    4720.78    44    4
(relay)    27    11    4738.8    4    4568.69    123    2
(advertise)    34    4743.0    23    4
(advertise)    34    4764.61    11    4
(relay)    33    43    4769.62    4    4378.76    121    1
(heartbeat)    24    1    4677.2    34    4783.02    127    0
(advertise)    34    4786.82    43    4
(relay)    41    36    4794.04    4    4295.12    118    2
(relay)    27    20    4804.24    4    4769.41    126    3
(relay)    27    27    4808.64    4    4808.45    5    4
(advertise)    34    4809.44    24    1
(relay)    27    5    4827.65    4    4645.52    123    4
(advertise)    34    4831.65    36    4
(relay)    41    46    4840.06    4    4738.6    124    4
(advertise)    34    4852.66    20    4
(relay)    27    6    4871.67    4    4665.71    124    4
(advertise)    34    4874.67    27    4
(relay)    41    42    4883.49    4    4489.61    120    4
(advertise)    34    4897.29    5    4
(relay)    27    21    4914.3    4    4535.67    119    4
(advertise)    34    4919.9    46    4
(relay)    41    40    4927.51    4    4870.87    5    4
(advertise)    34    4941.11    6    4
(relay)    27    8    4959.73    4    4614.69    118    4
(advertise)    34    4962.53    42    4
(advertise)    34    4983.74    21    4
(relay)    27    1    5004.95    4    4680.74    119    3
(advertise)    34    5006.15    40    4
(relay)    41    29    5015.17    4    4653.56    121    3
(relay)    41    41    5026.77    5    5025.77    7    4
(advertise)    34    5027.57    8    4
(advertise)    34    5051.38    1    4
(relay)    41    48    5058.19    4    4955.67    7    3
(relay)    33    33    5072.19    5    5072.18    5    4
(advertise)    34    5072.39    29    4
(relay)    41    37    5079.8    4    4843.86    1    4
(advertise)    34    5094.8    41    5
(relay)    33    12    5111.82    4    4809.62    124    4
(advertise)    34    5117.62    48    4
(relay)    33    10    5134.83    4    4750.61    122    4
(relay)    27    0    5138.63    4    4829.57    118    5
(advertise)    34    5140.83    33    5
(advertise)    34    5163.44    12    4
(advertise)    34    5185.06    10    4
(relay)    33    14    5200.27    4    4725.18    118    2
(relay)    27    26    5204.47    5    5168.06    3    3
(advertise)    34    5207.47    0    4
(advertise)    34    5231.08    14    4
(relay)    27    19    5250.1    5    5149.84    5    2
(advertise)    34    5253.9    26    5
(relay)    27    18    5271.71    5    5069.8    1    2
(advertise)    34    5276.11    19    5
(relay)    27    4    5294.72    5    5113.02    1    1
(relay)    27    3    5319.92    5    5089.99    1    1
(relay)    41    45    5320.52    5    5256.3    1    1
(relay)    33    47    5333.72    5    5244.88    7    1
(advertise)    34    5333.92    47    5
(relay)    27    2    5341.73    5    5164.82    1    1
(relay)    41    35    5343.33    5    5161.83    1    1
(relay)    33    28    5355.93    5    5063.39    1    1
(relay)    41    39    5376.13    5    5373.99    3    1
(advertise)    34    5376.33    39    5
(relay)    27    17    5412.15    5    5292.91    1    1
(relay)    41    43    5427.75    5    5378.96    1    1
(relay)    41    44    5451.15    5    5425.57    1    1
(generate)    34    5483.75    [24]    5
(relay)    27    32    5512.96    5    5496.85    1    1
(relay)    33    31    5531.16    5    5316.15    1    1
(relay)    27    25    5536.16    5    5533.88    1    1
(relay)    27    13    5597.76    5    5594.83    5    1
(advertise)    34    5597.96    13    5
(relay)    27    5    5648.77    5    5645.63    3    1
(advertise)    34    5648.97    5    5
(relay)    33    11    5666.39    5    5568.88    1    1
(relay)    27    6    5672.79    5    5665.75    3    1
(advertise)    34    5672.99    6    5
(relay)    33    38    5688.4    5    5440.81    1    1
(relay)    27    1    5701.8    5    5680.84    1    1
(relay)    41    46    5741.4    5    5738.63    3    1
(advertise)    34    5741.6    46    5
(relay)    33    9    5754.61    5    5337.95    1    1
(relay)    27    20    5771.81    5    5769.48    5    1
(advertise)    34    5772.01    20    5
(relay)    27    27    5809.03    5    5808.53    5    1
(advertise)    34    5809.23    27    5
(relay)    27    12    5832.24    5    5809.69    5    1
(advertise)    34    5832.44    12    5
(relay)    33    10    5862.85    5    5750.65    1    1
(relay)    41    40    5872.25    5    5870.9    5    1
(advertise)    34    5872.45    40    5
(relay)    33    37    5930.46    5    5844.05    1    1
(relay)    41    48    5957.86    5    5955.81    7    1
(advertise)    34    5958.06    48    5
(relay)    41    41    6026.88    6    6025.96    7    1
(advertise)    34    6027.08    41    6
(relay)    33    28    6065.09    6    6063.5    1    1
(relay)    33    33    6072.49    6    6072.35    5    1
(advertise)    34    6072.69    33    6
(relay)    33    18    6089.5    6    6069.82    1    1
(relay)    27    3    6118.3    6    6090.12    1    1
(relay)    33    4    6140.3    6    6113.09    1    1
(relay)    27    19    6161.9    6    6149.89    5    1
(advertise)    34    6162.1    19    6
(relay)    27    26    6183.72    6    6168.25    3    1
(advertise)    34    6184.32    26    6
(relay)    27    2    6210.33    6    6164.89    1    1
(relay)    33    35    6211.33    6    6162.01    1    1
(relay)    41    47    6245.93    6    6245.03    7    1
(advertise)    34    6246.13    47    6
(relay)    41    45    6270.34    6    6256.42    1    1
(relay)    33    17    6299.74    6    6293.09    1    1
(relay)    41    36    6300.94    6    6295.42    1    1
(relay)    27    9    6340.74    6    6338.03    1    1
(relay)    33    31    6343.14    6    6316.29    1    1
(relay)    41    39    6376.14    6    6374.07    3    1
(advertise)    34    6376.34    39    6
(relay)    41    43    6405.36    6    6379.09    1    1
(relay)    33    30    6424.76    6    6394.44    1    1
(relay)    41    38    6445.96    6    6440.9    1    1
(relay)    41    44    6469.76    6    6425.61    1    1
(generate)    34    6483.76    [24]    6
(relay)    41    42    6516.57    6    6489.89    1    1
(relay)    33    32    6518.77    6    6496.88    3    1
(advertise)    34    6518.97    32    6
(relay)    33    25    6562.78    6    6534.04    1    1
(relay)    33    11    6584.78    6    6569.07    1    1
(relay)    27    13    6597.58    6    6594.94    5    1
(advertise)    34    6597.78    13    6
(relay)    27    5    6649.79    6    6645.7    3    1
(advertise)    34    6649.99    5    6
(relay)    27    6    6673.41    6    6665.76    5    1
(advertise)    34    6673.61    6    6
(relay)    33    29    6696.82    6    6653.78    1    1
(relay)    27    1    6698.82    6    6680.95    1    1
(relay)    33    46    6753.82    6    6738.65    3    1
(advertise)    34    6754.02    46    6
(relay)    27    20    6775.83    6    6769.56    5    1
(advertise)    34    6776.03    20    6
(relay)    27    27    6809.25    6    6808.62    5    1
(advertise)    34    6809.45    27    6
(relay)    27    12    6836.46    6    6809.74    3    1
(advertise)    34    6836.86    12    6
(relay)    41    37    6862.07    6    6844.05    1    1
(relay)    33    40    6871.47    6    6871.0    5    1
(advertise)    34    6871.67    40    6
(relay)    41    48    6957.09    6    6955.83    7    1
(advertise)    34    6957.29    48    6
(relay)    41    41    7027.1    7    7026.07    7    1
(advertise)    34    7027.3    41    7
(relay)    33    28    7065.11    7    7063.54    1    1
(relay)    27    18    7071.11    7    7069.95    1    1
(relay)    33    33    7072.51    7    7072.42    5    1
(advertise)    34    7072.71    33    7
(relay)    27    3    7118.92    7    7090.16    1    1
(relay)    33    19    7150.52    7    7149.89    5    1
(advertise)    34    7150.72    19    7
(relay)    27    26    7172.94    7    7168.35    3    1
(advertise)    34    7173.94    26    7
(relay)    27    2    7199.75    7    7164.92    1    1
(relay)    33    47    7245.75    7    7245.15    7    1
(advertise)    34    7245.95    47    7
(relay)    33    45    7270.56    7    7256.51    1    1
(relay)    33    17    7298.16    7    7293.19    1    1
(relay)    33    31    7318.56    7    7316.39    1    1
(relay)    27    9    7340.36    7    7338.19    1    1
(relay)    41    39    7376.76    7    7374.23    3    1
(advertise)    34    7376.96    39    7
(relay)    33    30    7402.58    7    7394.44    1    1
(relay)    33    43    7423.78    7    7379.18    1    1
(relay)    41    44    7427.98    7    7425.62    1    1
(relay)    41    38    7466.38    7    7440.98    1    1
(generate)    34    7483.78    [24]    7
(relay)    33    32    7512.59    7    7497.04    3    1
(advertise)    34    7512.79    32    7
(relay)    33    25    7536.0    7    7534.18    1    1
(relay)    41    42    7539.2    7    7490.09    1    1
(relay)    27    11    7573.4    7    7569.22    1    1
(relay)    27    13    7598.0    7    7595.02    5    1
(advertise)    34    7598.2    13    7
(relay)    27    5    7650.02    7    7645.77    3    1
(advertise)    34    7650.22    5    7
(relay)    27    6    7675.63    7    7665.94    5    1
(advertise)    34    7675.83    6    7
(relay)    33    1    7699.04    7    7681.06    1    1
(relay)    41    46    7742.04    7    7738.68    3    1
(advertise)    34    7742.24    46    7
(relay)    33    10    7767.65    7    7750.77    1    1
(relay)    33    20    7790.65    7    7769.62    3    1
(advertise)    34    7790.85    20    7
(relay)    27    27    7809.27    7    7808.73    5    1
(advertise)    34    7813.87    27    7
(relay)    27    12    7838.28    7    7809.8    3    1
(advertise)    34    7838.68    12    7
(relay)    33    37    7866.49    7    7844.27    1    1
(relay)    41    40    7871.49    7    7871.08    5    1
(advertise)    34    7871.69    40    7
(relay)    33    48    7957.11    7    7956.02    5    1
(advertise)    34    7957.31    48    7
(relay)    41    41    8027.12    8    8026.13    7    1
(advertise)    34    8027.32    41    8
(relay)    27    18    8071.53    8    8070.1    1    1
(relay)    33    33    8073.33    8    8072.86    5    1
(advertise)    34    8073.53    33    8
(relay)    27    3    8118.35    8    8090.24    1    1
(relay)    33    4    8140.95    8    8113.13    1    1
(relay)    27    19    8163.75    8    8149.89    5    1
(advertise)    34    8163.95    19    8
(relay)    33    26    8185.76    8    8168.5    3    1
(advertise)    34    8187.16    26    8
(relay)    33    35    8211.57    8    8162.22    1    1
(relay)    27    47    8246.77    8    8245.24    5    1
(advertise)    34    8246.97    47    8
(relay)    33    45    8270.78    8    8256.58    1    1
(relay)    27    17    8298.38    8    8293.26    1    1
(relay)    41    36    8301.98    8    8295.55    1    1
(relay)    27    9    8340.78    8    8338.37    1    1
(relay)    33    31    8342.18    8    8316.51    1    1
(relay)    41    39    8376.78    8    8374.25    3    1
(advertise)    34    8376.98    39    8
(relay)    41    43    8404.0    8    8379.66    1    1
(relay)    33    30    8431.0    8    8394.63    1    1
(relay)    41    38    8450.2    8    8441.04    1    1
(relay)    33    44    8482.8    8    8425.64    1    1
(generate)    34    8483.8    [24]    8
(relay)    41    42    8508.21    8    8490.27    1    1
(relay)    41    32    8533.21    8    8497.2    1    1
(relay)    27    25    8550.01    8    8534.29    1    1
(relay)    33    11    8593.21    8    8569.4    1    1
(relay)    33    13    8616.21    8    8595.14    3    1
(advertise)    34    8616.41    13    8
(relay)    27    5    8650.62    8    8645.84    3    1
(advertise)    34    8650.82    5    8
(relay)    27    6    8672.64    8    8665.96    3    1
(advertise)    34    8675.44    6    8
(heartbeat)    24    2    8677.21    34    8696.05    4    4
(advertise)    34    8696.65    24    2
(relay)    33    1    8725.26    8    8681.14    1    1
(relay)    41    46    8743.26    8    8738.73    3    1
(advertise)    34    8743.46    46    8
(relay)    27    20    8770.88    8    8769.71    5    1
(advertise)    34    8771.28    20    8
(relay)    27    10    8793.29    8    8750.86    1    1
(relay)    27    27    8809.49    8    8808.87    5    1
(advertise)    34    8809.69    27    8
(relay)    27    12    8836.3    8    8809.86    5    1
(advertise)    34    8836.5    12    8
(relay)    33    37    8861.11    8    8844.31    1    1
(relay)    41    40    8871.51    8    8871.16    5    1
(advertise)    34    8871.71    40    8
(relay)    41    48    8956.53    8    8956.02    7    1
(advertise)    34    8956.73    48    8
(relay)    41    41    9027.14    9    9026.2    7    1
(advertise)    34    9027.34    41    9
(relay)    33    18    9072.35    9    9070.26    1    1
(relay)    33    33    9073.55    9    9072.93    5    1
(advertise)    34    9073.75    33    9
(relay)    27    4    9143.17    9    9113.17    1    1
(relay)    33    19    9151.77    9    9150.08    3    1
(advertise)    34    9151.97    19    9
(relay)    33    26    9173.58    9    9168.62    3    1
(advertise)    34    9174.78    26    9
(relay)    27    2    9209.99    9    9164.98    1    1
(relay)    41    47    9246.39    9    9245.36    5    1
(advertise)    34    9246.59    47    9
(relay)    41    45    9271.01    9    9256.67    1    1
(relay)    33    31    9320.41    9    9316.63    1    1
(relay)    33    9    9342.41    9    9338.37    1    1
(relay)    33    36    9366.41    9    9295.6    1    1
(relay)    41    39    9377.61    9    9374.28    3    1
(advertise)    34    9377.81    39    9
(relay)    41    43    9401.22    9    9379.73    1    1
(relay)    33    30    9432.22    9    9394.79    1    1
(relay)    41    38    9446.82    9    9441.1    1    1
(relay)    41    44    9469.82    9    9425.64    1    1
(generate)    34    9483.82    [24]    9
(relay)    27    32    9516.63    9    9497.24    1    1
(relay)    27    25    9540.03    9    9534.4    1    1
(relay)    41    42    9541.23    9    9490.29    1    1
(relay)    27    11    9573.63    9    9569.57    1    1
(relay)    27    13    9596.03    9    9595.27    5    1
(advertise)    34    9596.23    13    9
(relay)    27    5    9651.45    9    9645.96    3    1
(advertise)    34    9651.65    5    9
(relay)    33    6    9673.06    9    9666.15    3    1
(advertise)    34    9674.66    6    9
(relay)    33    29    9699.67    9    9653.91    1    1
(relay)    27    1    9700.87    9    9681.24    1    1
(relay)    41    46    9743.67    9    9738.91    3    1
(advertise)    34    9743.87    46    9
(relay)    33    10    9767.68    9    9750.89    1    1
(relay)    33    20    9790.68    9    9769.8    3    1
(advertise)    34    9790.88    20    9
(relay)    27    27    9810.1    9    9808.99    5    1
(advertise)    34    9812.5    27    9
(relay)    33    37    9847.91    9    9844.34    1    1
(relay)    33    40    9872.51    9    9871.25    5    1
(advertise)    34    9872.71    40    9
(relay)    41    48    9956.52    9    9956.19    7    1
(advertise)    34    9956.72    48    9
(relay)    41    41    10026.34    10    10026.29    7    1
(advertise)    34    10026.54    41    10
(relay)    33    18    10073.15    10    10070.44    1    1
(relay)    33    33    10074.35    10    10073.78    5    1
(advertise)    34    10074.55    33    10
(relay)    33    3    10118.96    10    10090.36    1    1
(relay)    27    4    10140.96    10    10113.2    1    1
(relay)    27    19    10162.96    10    10150.26    3    1
(advertise)    34    10163.16    19    10
(relay)    27    26    10184.78    10    10168.73    3    1
(advertise)    34    10186.18    26    10
(relay)    33    2    10211.59    10    10165.18    1    1
(relay)    33    47    10247.39    10    10245.43    5    1
(advertise)    34    10247.59    47    10
(relay)    41    45    10273.4    10    10256.73    1    1
(relay)    27    17    10297.4    10    10293.43    1    1
(relay)    33    31    10318.8    10    10316.76    1    1
(relay)    41    39    10377.8    10    10374.33    3    1
(advertise)    34    10378.0    39    10
(relay)    41    43    10403.01    10    10380.63    1    1
(relay)    33    30    10425.81    10    10394.96    1    1
(relay)    41    38    10448.81    10    10441.17    1    1
(relay)    41    44    10469.81    10    10425.65    1    1
(generate)    34    10484.01    [24]    10
(relay)    27    32    10509.63    10    10497.43    1    1
(relay)    41    42    10517.03    10    10490.47    1    1
(relay)    27    25    10537.03    10    10534.47    1    1
(relay)    27    11    10573.63    10    10569.74    1    1
(relay)    27    13    10597.63    10    10595.39    5    1
(advertise)    34    10597.83    13    10
(relay)    27    5    10650.84    10    10646.06    3    1
(advertise)    34    10651.04    5    10
(relay)    27    6    10672.65    10    10666.35    3    1
(advertise)    34    10675.25    6    10
(relay)    27    1    10699.67    10    10681.33    1    1
(relay)    41    46    10742.07    10    10739.11    3    1
(advertise)    34    10742.27    46    10
(relay)    27    20    10771.08    10    10769.83    5    1
(advertise)    34    10771.28    20    10
(relay)    27    27    10810.09    10    10809.09    5    1
(advertise)    34    10810.29    27    10
(relay)    27    12    10832.51    10    10810.02    5    1
(advertise)    34    10833.51    12    10
(relay)    33    37    10857.72    10    10844.34    1    1
(relay)    41    40    10872.72    10    10871.32    5    1
(advertise)    34    10872.92    40    10
(relay)    41    48    10957.33    10    10956.39    7    1
(advertise)    34    10957.53    48    10
(relay)    41    41    11026.54    11    11026.37    7    1
(advertise)    34    11026.74    41    11
(relay)    33    28    11068.36    11    11063.67    1    1
(relay)    27    18    11073.76    11    11070.55    1    1
(relay)    33    33    11074.76    11    11073.8    5    1
(advertise)    34    11074.96    33    11
(relay)    27    3    11117.77    11    11090.38    1    1
(relay)    27    4    11141.57    11    11113.21    1    1
(relay)    41    19    11166.57    11    11150.41    1    1
(relay)    27    26    11186.37    11    11168.87    3    1
(advertise)    34    11186.57    26    11
(relay)    33    35    11211.38    11    11162.46    1    1
(relay)    27    2    11221.98    11    11165.2    1    1
(relay)    33    47    11256.58    11    11245.53    5    1
(advertise)    34    11256.78    47    11
(relay)    33    45    11277.6    11    11256.8    1    1
(relay)    27    17    11296.6    11    11293.55    1    1
(relay)    33    31    11321.8    11    11316.89    1    1
(relay)    27    9    11344.2    11    11338.71    1    1
(relay)    33    39    11375.8    11    11374.35    3    1
(advertise)    34    11376.0    39    11
(relay)    33    30    11400.01    11    11395.1    1    1
(relay)    33    43    11424.21    11    11380.74    1    1
(relay)    33    38    11448.61    11    11441.24    1    1
(relay)    33    44    11469.81    11    11425.67    1    1
(generate)    34    11484.21    [24]    11
(relay)    33    32    11513.82    11    11497.62    3    1
(advertise)    34    11514.02    32    11
(relay)    27    25    11538.64    11    11534.55    1    1
(relay)    27    13    11596.64    11    11595.47    5    1
(advertise)    34    11596.84    13    11
(relay)    27    5    11650.65    11    11646.14    3    1
(advertise)    34    11650.85    5    11
(relay)    27    6    11673.46    11    11666.53    5    1
(advertise)    34    11673.86    6    11
(relay)    27    1    11699.07    11    11681.45    1    1
(relay)    33    46    11740.07    11    11739.11    3    1
(advertise)    34    11740.27    46    11
(relay)    27    20    11770.69    11    11769.88    5    1
(advertise)    34    11770.89    20    11
(relay)    27    27    11810.5    11    11809.42    5    1
(advertise)    34    11810.7    27    11
(relay)    27    12    11833.31    11    11810.09    3    1
(advertise)    34    11834.11    12    11
(relay)    41    37    11860.93    11    11844.53    1    1
(relay)    41    40    11882.33    11    11871.36    5    1
(advertise)    34    11882.53    40    11
(relay)    41    48    11957.94    11    11956.57    7    1
(advertise)    34    11958.14    48    11
(relay)    41    41    12026.55    12    12026.41    7    1
(advertise)    34    12026.75    41    12
(relay)    33    28    12069.77    12    12063.7    1    1
(relay)    33    33    12074.77    12    12073.82    5    1
(advertise)    34    12074.97    33    12
(relay)    33    18    12091.98    12    12070.68    1    1
(relay)    27    3    12117.58    12    12090.4    1    1
(relay)    27    4    12141.98    12    12113.23    1    1
(relay)    27    19    12165.78    12    12150.41    3    1
(advertise)    34    12165.98    19    12
(relay)    27    26    12186.79    12    12169.0    3    1
(advertise)    34    12188.19    26    12
(relay)    33    2    12209.0    12    12165.39    1    1
(relay)    33    35    12231.8    12    12162.59    1    1
(relay)    41    47    12248.2    12    12245.62    5    1
(advertise)    34    12248.4    47    12
(relay)    41    45    12274.42    12    12256.89    1    1
(relay)    27    17    12294.82    12    12293.61    1    1
(relay)    33    31    12319.02    12    12317.04    1    1
(relay)    33    9    12344.62    12    12338.85    1    1
(relay)    41    39    12375.22    12    12374.54    3    1
(advertise)    34    12375.42    39    12
(relay)    41    43    12401.63    12    12380.88    1    1
(relay)    33    30    12427.63    12    12395.28    1    1
(relay)    33    44    12449.83    12    12425.86    1    1
(relay)    41    38    12471.43    12    12441.3    1    1
(generate)    34    12484.23    [24]    12
(relay)    27    32    12513.84    12    12497.8    1    1
(relay)    27    25    12538.04    12    12534.63    1    1
(relay)    33    42    12561.84    12    12490.82    1    1
(relay)    33    11    12583.64    12    12570.07    1    1
(relay)    27    13    12598.04    12    12595.57    5    1
(advertise)    34    12598.24    13    12
(relay)    27    5    12649.66    12    12646.22    3    1
(advertise)    34    12649.86    5    12
(relay)    27    6    12673.27    12    12666.54    5    1
(advertise)    34    12674.47    6    12
(heartbeat)    24    3    12677.23    34    12698.48    4    4
(advertise)    34    12698.68    24    3
(relay)    33    1    12723.1    12    12681.53    1    1
(relay)    33    46    12745.3    12    12739.15    3    1
(advertise)    34    12745.5    46    12
(relay)    27    10    12769.51    12    12750.99    1    1
(relay)    27    20    12791.91    12    12769.99    5    1
(advertise)    34    12792.11    20    12
(relay)    27    27    12809.72    12    12809.54    5    1
(advertise)    34    12815.92    27    12
(relay)    27    12    12832.33    12    12810.19    3    1
(advertise)    34    12839.73    12    12
(relay)    33    37    12863.55    12    12844.56    1    1
(relay)    41    40    12873.15    12    12871.38    5    1
(advertise)    34    12873.35    40    12
(relay)    41    48    12957.96    12    12956.77    7    1
(advertise)    34    12958.16    48    12
(relay)    41    41    13026.97    13    13026.48    7    1
(advertise)    34    13027.17    41    13
(relay)    33    28    13070.79    13    13063.72    1    1
(relay)    27    18    13074.79    13    13070.8    1    1
(relay)    41    33    13077.39    13    13073.9    3    1
(advertise)    34    13077.59    33    13
(relay)    27    3    13117.8    13    13090.47    1    1
(relay)    27    4    13139.2    13    13113.25    1    1
(relay)    33    19    13153.6    13    13150.58    3    1
(advertise)    34    13153.8    19    13
(relay)    33    26    13174.81    13    13169.12    3    1
(advertise)    34    13175.61    26    13
(relay)    33    35    13226.63    13    13162.71    1    1
(relay)    41    47    13249.43    13    13245.73    5    1
(advertise)    34    13249.63    47    13
(relay)    41    45    13272.04    13    13256.98    1    1
(relay)    41    36    13298.24    13    13295.89    1    1
(relay)    33    31    13320.04    13    13317.17    1    1
(relay)    41    39    13375.24    13    13374.57    3    1
(advertise)    34    13375.44    39    13
(relay)    33    30    13401.45    13    13395.47    1    1
(relay)    33    44    13432.45    13    13425.89    1    1
(relay)    33    38    13455.05    13    13441.38    1    1
(generate)    34    13484.25    [24]    13
(relay)    33    32    13508.26    13    13497.99    3    1
(advertise)    34    13508.46    32    13
(relay)    33    42    13534.68    13    13490.83    1    1
(relay)    27    25    13537.68    13    13535.13    1    1
(relay)    33    11    13579.48    13    13570.23    1    1
(relay)    27    13    13598.48    13    13595.7    5    1
(advertise)    34    13598.68    13    13
(relay)    27    5    13650.09    13    13646.3    3    1
(advertise)    34    13650.29    5    13
(relay)    33    29    13672.5    13    13654.19    1    1
(relay)    27    6    13672.9    13    13666.73    5    1
(advertise)    34    13673.7    6    13
(relay)    41    46    13740.12    13    13739.16    3    1
(advertise)    34    13740.32    46    13
(relay)    27    10    13767.53    13    13751.05    1    1
(relay)    27    20    13789.13    13    13770.02    5    1
(advertise)    34    13789.33    20    13
(relay)    27    27    13809.74    13    13809.63    5    1
(advertise)    34    13811.34    27    13
(relay)    27    12    13832.76    13    13810.28    3    1
(advertise)    34    13834.56    12    13
(relay)    33    37    13863.57    13    13844.75    1    1
(relay)    33    40    13885.57    13    13871.45    5    1
(advertise)    34    13885.77    40    13
(relay)    41    48    13958.78    13    13956.95    7    1
(advertise)    34    13958.98    48    13
(relay)    41    41    14027.19    14    14026.55    7    1
(advertise)    34    14027.39    41    14
(relay)    33    28    14070.81    14    14063.72    1    1
(relay)    33    33    14074.21    14    14074.09    5    1
(advertise)    34    14074.41    33    14
(relay)    27    3    14119.22    14    14090.52    1    1
(relay)    27    4    14145.02    14    14113.26    1    1
(relay)    27    19    14166.22    14    14150.77    3    1
(advertise)    34    14166.42    19    14
(relay)    27    26    14188.83    14    14169.21    3    1
(advertise)    34    14189.63    26    14
(relay)    41    47    14249.25    14    14245.8    5    1
(advertise)    34    14249.45    47    14
(relay)    41    45    14270.26    14    14257.04    1    1
(relay)    33    36    14299.46    14    14295.95    1    1
(relay)    33    31    14323.06    14    14317.23    1    1
(relay)    33    39    14376.06    14    14374.57    3    1
(advertise)    34    14376.26    39    14
(relay)    41    43    14403.47    14    14381.05    1    1
(relay)    33    30    14424.87    14    14395.66    1    1
(relay)    41    38    14445.47    14    14441.43    1    1
(relay)    41    44    14469.47    14    14426.09    1    1
(generate)    34    14484.27    [24]    14
(relay)    33    32    14516.29    14    14498.16    3    1
(advertise)    34    14516.49    32    14
(relay)    33    25    14536.7    14    14535.23    1    1
(relay)    41    42    14541.5    14    14490.84    1    1
(relay)    27    11    14573.1    14    14570.42    1    1
(relay)    27    13    14599.1    14    14595.81    5    1
(advertise)    34    14599.3    13    14
(relay)    27    5    14648.91    14    14646.4    3    1
(advertise)    34    14649.11    5    14
(relay)    27    6    14673.12    14    14666.93    5    1
(advertise)    34    14673.32    6    14
(relay)    41    46    14740.74    14    14739.18    3    1
(advertise)    34    14740.94    46    14
(relay)    27    20    14771.95    14    14770.06    5    1
(advertise)    34    14772.15    20    14
(relay)    27    27    14809.76    14    14809.69    5    1
(advertise)    34    14809.96    27    14
(relay)    27    12    14834.98    14    14810.37    1    1
(relay)    33    37    14859.38    14    14844.77    1    1
(relay)    41    40    14873.58    14    14871.5    5    1
(advertise)    34    14873.78    40    14
(relay)    41    48    14959.39    14    14957.13    7    1
(advertise)    34    14959.59    48    14
(relay)    41    41    15027.2    15    15026.64    7    1
(advertise)    34    15027.4    41    15
(relay)    33    18    15073.02    15    15071.1    1    1
(relay)    33    33    15074.42    15    15074.28    5    1
(advertise)    34    15074.62    33    15
(relay)    33    3    15122.63    15    15090.58    1    1
(relay)    33    4    15146.63    15    15113.27    1    1
(relay)    27    19    15168.23    15    15150.77    3    1
(advertise)    34    15168.43    19    15
(relay)    33    26    15190.64    15    15169.69    3    1
(advertise)    34    15191.24    26    15
(relay)    41    47    15247.45    15    15245.87    5    1
(advertise)    34    15247.65    47    15
(relay)    41    45    15271.07    15    15257.12    1    1
(relay)    41    36    15300.07    15    15296.03    1    1
(relay)    33    31    15323.67    15    15317.28    1    1
(relay)    33    39    15376.07    15    15374.57    3    1
(advertise)    34    15376.27    39    15
(relay)    33    30    15400.68    15    15395.78    1    1
(relay)    33    43    15422.68    15    15381.15    1    1
(relay)    41    44    15431.08    15    15426.28    1    1
(relay)    33    38    15469.08    15    15441.49    1    1
(generate)    34    15484.28    [24]    15
(relay)    33    32    15514.89    15    15498.3    3    1
(advertise)    34    15515.09    32    15
(relay)    41    42    15535.71    15    15491.03    1    1
(relay)    27    25    15538.11    15    15535.31    1    1
(relay)    27    11    15574.51    15    15570.6    1    1
(relay)    27    13    15600.11    15    15595.87    5    1
(advertise)    34    15600.31    13    15
(relay)    27    5    15649.32    15    15646.45    3    1
(advertise)    34    15649.52    5    15
(relay)    27    6    15673.73    15    15667.12    5    1
(advertise)    34    15673.93    6    15
(relay)    41    46    15741.95    15    15739.2    3    1
(advertise)    34    15742.15    46    15
(relay)    27    10    15766.76    15    15751.16    1    1
(relay)    27    20    15788.16    15    15770.09    5    1
(advertise)    34    15788.36    20    15
(relay)    27    27    15809.97    15    15809.79    5    1
(advertise)    34    15810.57    27    15
(relay)    27    12    15835.58    15    15810.38    1    1
(relay)    41    37    15859.18    15    15844.94    1    1
(relay)    33    40    15879.58    15    15871.53    5    1
(advertise)    34    15879.78    40    15
(relay)    41    48    15959.4    15    15957.14    7    1
(advertise)    34    15959.6    48    15
(relay)    41    41    16027.81    16    16026.71    7    1
(advertise)    34    16028.01    41    16
(relay)    33    18    16072.42    16    16071.24    1    1
(relay)    33    33    16074.42    16    16074.28    5    1
(advertise)    34    16074.62    33    16
(relay)    33    19    16152.44    16    16150.77    3    1
(advertise)    34    16152.64    19    16
(relay)    41    26    16176.85    16    16169.75    1    1
(relay)    41    47    16246.45    16    16245.96    5    1
(advertise)    34    16246.65    47    16
(relay)    41    45    16271.06    16    16257.16    1    1
(relay)    33    31    16322.26    16    16317.39    1    1
(relay)    33    39    16376.46    16    16374.58    3    1
(advertise)    34    16376.66    39    16
(relay)    33    30    16401.48    16    16395.93    1    1
(relay)    41    43    16405.68    16    16381.19    1    1
(relay)    33    44    16471.68    16    16426.3    1    1
(generate)    34    16484.48    [24]    16
(relay)    33    32    16514.09    16    16498.48    3    1
(advertise)    34    16514.29    32    16
(relay)    33    42    16537.1    16    16491.2    1    1
(relay)    27    25    16539.3    16    16535.36    1    1
(relay)    33    11    16582.3    16    16570.76    1    1
(relay)    27    13    16598.7    16    16595.97    5    1
(advertise)    34    16598.9    13    16
(relay)    27    5    16649.91    16    16646.49    3    1
(advertise)    34    16650.11    5    16
(relay)    27    6    16675.53    16    16667.32    5    1
(advertise)    34    16675.73    6    16
(heartbeat)    24    4    16677.24    34    16697.54    4    4
(advertise)    34    16698.34    24    4
(relay)    33    46    16742.55    16    16739.22    3    1
(advertise)    34    16742.75    46    16
(relay)    33    20    16773.97    16    16770.11    3    1
(advertise)    34    16774.17    20    16
(relay)    27    27    16810.38    16    16809.86    5    1
(advertise)    34    16810.58    27    16
(relay)    27    12    16832.79    16    16810.43    3    1
(advertise)    34    16832.99    12    16
(relay)    33    37    16861.21    16    16845.13    1    1
(relay)    41    40    16872.81    16    16871.62    5    1
(advertise)    34    16873.01    40    16
(relay)    41    48    16958.62    16    16957.32    7    1
(advertise)    34    16958.82    48    16
(relay)    41    41    17027.83    17    17026.79    7    1
(advertise)    34    17028.03    41    17
(relay)    33    28    17065.84    17    17064.12    1    1
(relay)    33    33    17074.84    17    17074.28    5    1
(advertise)    34    17075.04    33    17
(relay)    33    18    17089.26    17    17071.39    1    1
(relay)    27    4    17123.26    17    17113.3    1    1
(relay)    33    3    17145.06    17    17090.73    1    1
(relay)    41    35    17166.06    17    17163.06    1    1
(relay)    27    19    17168.46    17    17150.96    3    1
(advertise)    34    17168.66    19    17
(relay)    27    26    17191.47    17    17169.85    3    1
(advertise)    34    17191.67    26    17
(relay)    33    47    17246.68    17    17246.05    5    1
(advertise)    34    17246.88    47    17
(relay)    33    45    17272.3    17    17257.24    1    1
(relay)    41    36    17303.5    17    17296.12    1    1
(relay)    41    39    17377.3    17    17374.58    3    1
(advertise)    34    17377.5    39    17
(relay)    41    43    17405.11    17    17381.23    1    1
(relay)    33    44    17446.71    17    17426.31    1    1
(relay)    33    38    17468.91    17    17441.64    1    1
(generate)    34    17484.51    [24]    17
(relay)    33    32    17512.92    17    17498.49    3    1
(advertise)    34    17513.12    32    17
(relay)    27    25    17536.74    17    17535.47    1    1
(relay)    27    11    17576.14    17    17570.76    1    1
(relay)    27    13    17598.74    17    17596.05    5    1
(advertise)    34    17598.94    13    17
(relay)    27    5    17651.35    17    17646.59    3    1
(advertise)    34    17651.55    5    17
(relay)    27    6    17673.56    17    17667.51    5    1
(advertise)    34    17675.36    6    17
(relay)    27    46    17743.97    17    17739.24    1    1
(relay)    27    20    17771.37    17    17770.12    5    1
(advertise)    34    17771.57    20    17
(relay)    27    27    17810.39    17    17809.92    5    1
(advertise)    34    17810.59    27    17
(relay)    27    12    17835.0    17    17810.46    1    1
(relay)    41    37    17862.4    17    17845.15    1    1
(relay)    33    40    17872.2    17    17871.68    5    1
(advertise)    34    17872.4    40    17
(relay)    41    48    17957.81    17    17957.33    7    1
(advertise)    34    17958.01    48    17
(relay)    41    41    18027.83    18    18026.87    7    1
(advertise)    34    18028.03    41    18
(relay)    33    28    18066.84    18    18064.14    1    1
(relay)    33    33    18075.24    18    18074.67    5    1
(advertise)    34    18075.44    33    18
(relay)    33    18    18087.85    18    18071.56    1    1
(relay)    33    4    18140.05    18    18113.3    1    1
(relay)    33    19    18162.65    18    18151.15    3    1
(advertise)    34    18162.85    19    18
(relay)    27    26    18185.27    18    18169.91    3    1
(advertise)    34    18186.27    26    18
(relay)    33    35    18209.48    18    18163.14    1    1
(relay)    33    47    18247.08    18    18246.12    5    1
(advertise)    34    18247.28    47    18
(relay)    33    45    18271.69    18    18257.3    1    1
(relay)    33    39    18377.89    18    18374.74    3    1
(advertise)    34    18378.09    39    18
(relay)    33    30    18402.3    18    18396.24    1    1
(relay)    41    43    18403.3    18    18381.29    1    1
(relay)    33    38    18447.7    18    18441.68    1    1
(generate)    34    18484.7    [24]    18
(relay)    33    32    18507.52    18    18498.66    3    1
(advertise)    34    18507.72    32    18
(relay)    33    42    18534.13    18    18491.39    1    1
(relay)    27    25    18538.13    18    18535.75    1    1
(relay)    27    11    18575.53    18    18570.77    1    1
(relay)    27    13    18598.13    18    18596.13    3    1
(advertise)    34    18598.33    13    18
(relay)    27    5    18651.54    18    18646.72    3    1
(advertise)    34    18651.74    5    18
(relay)    33    6    18675.56    18    18667.67    3    1
(advertise)    34    18677.36    6    18
(relay)    41    46    18743.57    18    18739.43    3    1
(advertise)    34    18743.77    46    18
(relay)    27    20    18771.38    18    18770.13    5    1
(advertise)    34    18771.58    20    18
(relay)    27    27    18810.6    18    18809.98    5    1
(advertise)    34    18810.8    27    18
(relay)    27    12    18835.81    18    18810.52    3    1
(advertise)    34    18836.01    12    18
(relay)    41    37    18866.22    18    18845.31    1    1
(relay)    41    40    18888.62    18    18871.74    5    1
(advertise)    34    18888.82    40    18
(relay)    41    48    18957.83    18    18957.5    7    1
(advertise)    34    18958.03    48    18
(relay)    41    41    19027.05    19    19026.96    7    1
(advertise)    34    19027.25    41    19
(relay)    27    18    19073.26    19    19071.72    1    1
(relay)    33    33    19075.46    19    19074.86    5    1
(advertise)    34    19075.66    33    19
(relay)    27    3    19120.47    19    19090.83    1    1
(relay)    27    4    19143.67    19    19113.31    1    1
(relay)    27    19    19166.67    19    19151.16    3    1
(advertise)    34    19166.87    19    19
(relay)    27    26    19188.29    19    19169.97    3    1
(advertise)    34    19190.09    26    19
(relay)    41    35    19212.7    19    19163.22    1    1
(relay)    41    47    19248.1    19    19246.17    5    1
(advertise)    34    19248.3    47    19
(relay)    41    45    19271.91    19    19257.33    1    1
(relay)    33    36    19301.51    19    19296.21    1    1
(relay)    33    31    19323.91    19    19317.74    1    1
(relay)    41    39    19378.31    19    19374.76    3    1
(advertise)    34    19378.51    39    19
(relay)    41    43    19401.93    19    19381.35    1    1
(relay)    33    30    19425.13    19    19396.39    1    1
(relay)    41    44    19471.73    19    19426.53    1    1
(generate)    34    19484.73    [24]    19
(relay)    33    32    19514.34    19    19498.85    3    1
(advertise)    34    19514.54    32    19
(relay)    33    42    19536.95    19    19491.57    1    1
(relay)    33    11    19574.75    19    19570.77    1    1
(relay)    27    13    19597.35    19    19596.21    5    1
(advertise)    34    19597.55    13    19
(relay)    27    5    19653.16    19    19646.8    3    1
(advertise)    34    19653.36    5    19
(relay)    33    6    19674.98    19    19667.87    3    1
(advertise)    34    19676.78    6    19
(relay)    27    20    19770.59    19    19770.15    5    1
(advertise)    34    19770.79    20    19
(relay)    27    27    19811.0    19    19810.03    5    1
(advertise)    34    19811.2    27    19
(relay)    33    12    19837.02    19    19810.6    1    1
(relay)    41    37    19848.42    19    19845.48    1    1
(relay)    41    40    19872.62    19    19871.8    5    1
(advertise)    34    19872.82    40    19
(relay)    41    48    19958.63    19    19957.65    7    1
(advertise)    34    19958.83    48    19
(relay)    41    41    20027.24    20    20027.06    7    1
(advertise)    34    20027.44    41    20
(relay)    33    28    20068.86    20    20064.36    1    1
(relay)    27    18    20075.06    20    20071.91    1    1
(relay)    33    33    20075.86    20    20074.87    5    1
(advertise)    34    20076.06    33    20
(relay)    33    3    20121.27    20    20090.88    1    1
(relay)    27    4    20144.67    20    20113.32    1    1
(relay)    33    19    20153.27    20    20151.16    3    1
(advertise)    34    20153.47    19    20
(relay)    33    26    20175.88    20    20169.99    3    1
(advertise)    34    20176.68    26    20
(relay)    33    35    20201.09    20    20163.3    1    1
(relay)    33    47    20248.29    20    20246.24    5    1
(advertise)    34    20248.49    47    20
(relay)    33    45    20273.91    20    20257.38    1    1
(relay)    33    36    20300.31    20    20296.3    1    1
(relay)    33    31    20322.71    20    20317.82    1    1
(relay)    41    39    20377.51    20    20374.91    3    1
(advertise)    34    20377.71    39    20
(relay)    33    43    20400.12    20    20381.45    1    1
(relay)    33    30    20424.92    20    20396.54    1    1
(relay)    41    38    20445.32    20    20441.78    1    1
(relay)    41    44    20468.72    20    20427.92    1    1
(generate)    34    20484.92    [24]    20
(relay)    33    32    20507.73    20    20499.02    3    1
(advertise)    34    20507.93    32    20
(relay)    33    42    20536.75    20    20491.76    1    1
(relay)    27    25    20538.55    20    20535.94    1    1
(relay)    27    11    20573.95    20    20570.96    1    1
(relay)    27    13    20597.75    20    20596.3    5    1
(advertise)    34    20597.95    13    20
(relay)    27    5    20650.76    20    20646.86    3    1
(advertise)    34    20650.96    5    20
(relay)    27    6    20672.77    20    20668.01    5    1
(advertise)    34    20673.57    6    20
(heartbeat)    24    5    20677.25    34    20697.79    4    4
(advertise)    34    20697.99    24    5
(relay)    41    46    20741.8    20    20739.65    3    1
(advertise)    34    20742.0    46    20
(relay)    27    20    20771.01    20    20770.18    5    1
(advertise)    34    20771.21    20    20
(relay)    27    27    20811.22    20    20810.12    5    1
(advertise)    34    20811.42    27    20
(relay)    27    12    20834.44    20    20810.67    3    1
(advertise)    34    20834.64    12    20
(relay)    41    40    20873.45    20    20871.91    5    1
(advertise)    34    20873.65    40    20
(relay)    33    37    20898.06    20    20845.67    1    1
(relay)    41    48    20959.06    20    20957.85    7    1
(advertise)    34    20959.26    48    20
(relay)    41    41    21027.28    21    21027.16    7    1
(advertise)    34    21027.48    41    21
(relay)    33    28    21069.69    21    21064.37    1    1
(relay)    27    18    21075.69    21    21072.06    1    1
(relay)    33    33    21075.89    21    21074.88    5    1
(advertise)    34    21076.09    33    21
(relay)    27    3    21120.9    21    21090.95    1    1
(relay)    27    4    21144.9    21    21113.33    1    1
(relay)    27    19    21167.5    21    21151.35    3    1
(advertise)    34    21167.7    19    21
(relay)    27    26    21188.92    21    21170.08    3    1
(advertise)    34    21190.12    26    21
(relay)    41    35    21215.93    21    21163.42    1    1
(relay)    27    47    21250.53    21    21246.34    3    1
(advertise)    34    21250.73    47    21
(relay)    41    45    21274.94    21    21257.46    1    1
(relay)    33    31    21319.54    21    21317.96    1    1
(relay)    41    39    21377.54    21    21374.93    3    1
(advertise)    34    21377.74    39    21
(relay)    33    30    21401.55    21    21396.7    1    1
(relay)    33    43    21426.15    21    21381.56    1    1
(relay)    41    38    21449.95    21    21441.85    1    1
(relay)    33    44    21469.55    21    21427.95    1    1
(generate)    34    21484.95    [24]    21
(relay)    27    32    21516.97    21    21499.21    1    1
(relay)    27    25    21539.77    21    21536.05    1    1
(relay)    27    11    21572.37    21    21571.14    1    1
(relay)    27    13    21598.77    21    21596.4    5    1
(advertise)    34    21598.97    13    21
(relay)    27    5    21651.18    21    21646.95    3    1
(advertise)    34    21651.38    5    21
(relay)    27    6    21673.99    21    21668.19    3    1
(advertise)    34    21674.19    6    21
(relay)    27    46    21742.81    21    21739.66    1    1
(relay)    27    20    21771.21    21    21770.22    5    1
(advertise)    34    21771.41    20    21
(relay)    27    27    21811.22    21    21810.21    5    1
(advertise)    34    21811.42    27    21
(relay)    27    12    21834.03    21    21810.74    3    1
(advertise)    34    21834.63    12    21
(relay)    33    37    21862.05    21    21845.86    1    1
(relay)    41    40    21884.45    21    21871.98    5    1
(advertise)    34    21884.65    40    21
(relay)    41    48    21959.46    21    21958.03    7    1
(advertise)    34    21959.66    48    21
(relay)    41    41    22027.87    22    22027.25    7    1
(advertise)    34    22028.07    41    22
(relay)    33    28    22070.08    22    22064.38    1    1
(relay)    27    18    22075.68    22    22072.24    1    1
(relay)    33    33    22076.08    22    22075.07    5    1
(advertise)    34    22076.28    33    22
(relay)    27    3    22120.9    22    22091.0    1    1
(relay)    27    4    22147.1    22    22113.35    1    1
(relay)    27    19    22169.7    22    22151.54    3    1
(advertise)    34    22169.9    19    22
(relay)    27    26    22191.71    22    22170.17    3    1
(advertise)    34    22192.31    26    22
(relay)    33    35    22226.12    22    22163.5    1    1
(relay)    41    47    22248.92    22    22246.4    5    1
(advertise)    34    22249.12    47    22
(relay)    41    45    22271.34    22    22257.52    1    1
(relay)    33    31    22320.54    22    22318.45    1    1
(relay)    41    39    22375.54    22    22374.93    3    1
(advertise)    34    22375.74    39    22
(relay)    33    43    22403.55    22    22381.68    1    1
(relay)    33    30    22427.15    22    22396.87    1    1
(relay)    41    38    22447.55    22    22442.11    1    1
(relay)    33    44    22469.15    22    22428.14    1    1
(generate)    34    22485.15    [24]    22
(relay)    33    32    22515.36    22    22499.37    3    1
(advertise)    34    22515.56    32    22
(relay)    33    25    22538.58    22    22536.14    1    1
(relay)    41    42    22541.98    22    22491.95    1    1
(relay)    27    11    22572.98    22    22571.33    1    1
(relay)    27    13    22599.38    22    22596.48    5    1
(advertise)    34    22599.58    13    22
(relay)    33    5    22650.79    22    22647.05    3    1
(advertise)    34    22650.99    5    22
(relay)    27    6    22674.6    22    22668.36    5    1
(advertise)    34    22675.4    6    22
(relay)    33    29    22699.21    22    22654.87    1    1
(relay)    33    46    22740.61    22    22739.68    3    1
(advertise)    34    22740.81    46    22
(relay)    27    20    22771.03    22    22770.25    5    1
(advertise)    34    22771.23    20    22
(relay)    27    27    22810.44    22    22810.3    5    1
(advertise)    34    22810.64    27    22
(relay)    41    40    22874.45    22    22872.03    5    1
(advertise)    34    22874.65    40    22
(relay)    41    48    22959.87    22    22958.21    7    1
(advertise)    34    22960.07    48    22
(relay)    41    41    23027.88    23    23027.33    7    1
(advertise)    34    23028.08    41    23
(relay)    33    28    23071.29    23    23064.4    1    1
(relay)    33    33    23076.09    23    23075.09    5    1
(advertise)    34    23076.29    33    23
(relay)    27    4    23122.51    23    23113.37    1    1
(relay)    27    19    23154.31    23    23151.72    3    1
(advertise)    34    23154.51    19    23
(relay)    33    26    23175.52    23    23170.21    3    1
(advertise)    34    23177.12    26    23
(relay)    41    47    23249.73    23    23246.5    5    1
(advertise)    34    23249.93    47    23
(relay)    41    45    23271.34    23    23257.58    1    1
(relay)    33    36    23299.54    23    23296.55    1    1
(relay)    33    31    23324.54    23    23318.51    1    1
(relay)    27    39    23376.34    23    23375.09    1    1
(relay)    33    30    23400.74    23    23397.02    1    1
(relay)    33    43    23424.94    23    23381.74    1    1
(relay)    33    38    23447.34    23    23442.16    1    1
(relay)    33    44    23469.34    23    23428.14    1    1
(generate)    34    23485.34    [24]    23
(relay)    33    32    23512.96    23    23499.52    3    1
(advertise)    34    23513.16    32    23
(relay)    27    25    23539.17    23    23536.25    1    1
(relay)    27    11    23573.37    23    23571.48    1    1
(relay)    27    13    23600.17    23    23596.58    5    1
(advertise)    34    23600.37    13    23
(relay)    33    5    23649.38    23    23647.15    3    1
(advertise)    34    23649.58    5    23
(relay)    27    6    23673.6    23    23668.52    5    1
(advertise)    34    23674.8    6    23
(relay)    33    46    23741.21    23    23739.86    3    1
(advertise)    34    23741.41    46    23
(relay)    27    20    23772.22    23    23770.43    5    1
(advertise)    34    23772.42    20    23
(relay)    27    27    23810.44    23    23810.36    5    1
(advertise)    34    23810.64    27    23
(relay)    33    12    23834.65    23    23810.91    3    1
(advertise)    34    23835.45    12    23
(relay)    33    37    23857.46    23    23846.04    1    1
(relay)    33    40    23879.66    23    23872.11    5    1
(advertise)    34    23879.86    40    23
(relay)    41    48    23960.27    23    23958.38    7    1
(advertise)    34    23960.47    48    23
(relay)    41    41    24027.89    24    24027.41    7    1
(advertise)    34    24028.09    41    24
(relay)    33    28    24070.5    24    24064.4    1    1
(relay)    33    33    24075.3    24    24075.25    5    1
(advertise)    34    24075.5    33    24
(relay)    33    18    24112.71    24    24072.57    1    1
(relay)    27    3    24123.11    24    24091.13    1    1
(relay)    27    4    24146.11    24    24113.38    1    1
(relay)    33    19    24157.71    24    24151.91    3    1
(advertise)    34    24158.11    19    24
(relay)    33    26    24179.13    24    24170.27    3    1
(advertise)    34    24179.33    26    24
(relay)    33    35    24205.14    24    24163.69    1    1
(relay)    33    47    24248.94    24    24246.58    5    1
(advertise)    34    24249.14    47    24
(relay)    41    45    24270.55    24    24257.84    1    1
(relay)    33    31    24323.35    24    24318.61    1    1
(relay)    33    39    24376.35    24    24375.28    3    1
(advertise)    34    24376.55    39    24
(relay)    33    43    24403.57    24    24381.82    1    1
(relay)    41    44    24433.17    24    24428.15    1    1
(relay)    33    38    24455.57    24    24442.21    1    1
(generate)    34    24485.37    [24]    24
(relay)    33    32    24510.38    24    24499.62    3    1
(advertise)    34    24510.58    32    24
(relay)    33    42    24535.99    24    24491.96    1    1
(relay)    27    25    24538.99    24    24537.32    1    1
(relay)    27    11    24573.99    24    24571.49    1    1
(relay)    27    13    24599.19    24    24596.67    5    1
(advertise)    34    24599.39    13    24
(relay)    33    5    24652.0    24    24647.21    1    1
(relay)    27    6    24674.0    24    24668.7    5    1
(advertise)    34    24674.2    6    24
(heartbeat)    24    6    24677.27    34    24705.02    4    4
(advertise)    34    24705.22    24    6
(relay)    33    46    24741.23    24    24739.88    3    1
(advertise)    34    24741.43    46    24
(relay)    27    20    24772.24    24    24770.47    5    1
(advertise)    34    24772.44    20    24
(relay)    27    27    24810.46    24    24810.44    5    1
(advertise)    34    24810.66    27    24
(relay)    27    12    24835.27    24    24810.96    1    1
(relay)    41    37    24849.87    24    24846.04    1    1
(relay)    33    40    24874.47    24    24872.21    5    1
(advertise)    34    24874.67    40    24
(relay)    41    48    24960.68    24    24958.4    7    1
(advertise)    34    24960.88    48    24
(relay)    41    41    25028.5    25    25027.51    7    1
(advertise)    34    25028.7    41    25
(relay)    33    28    25069.51    25    25064.43    1    1
(relay)    33    33    25075.51    25    25075.44    5    1
(advertise)    34    25075.71    33    25
(relay)    33    18    25091.72    25    25072.57    1    1
(relay)    27    3    25100.12    25    25091.21    1    1
(relay)    27    4    25145.72    25    25113.61    1    1
(relay)    33    19    25154.32    25    25151.94    3    1
(advertise)    34    25154.52    19    25
(relay)    27    26    25191.13    25    25170.32    3    1
(advertise)    34    25191.33    26    25
(relay)    33    35    25221.95    25    25163.81    1    1
(relay)    41    47    25248.35    25    25246.66    5    1
(advertise)    34    25248.55    47    25
(relay)    41    45    25271.56    25    25257.92    5    1
(advertise)    34    25271.76    45    25
(relay)    41    36    25301.77    25    25296.72    1    1
(relay)    33    31    25325.17    25    25318.74    1    1
(relay)    33    39    25376.97    25    25375.29    3    1
(advertise)    34    25377.17    39    25
(relay)    33    30    25401.79    25    25397.2    1    1
(relay)    41    43    25405.99    25    25381.89    1    1
(relay)    41    38    25443.19    25    25442.28    3    1
(advertise)    34    25443.39    38    25
(relay)    33    44    25467.2    25    25428.17    1    1
(generate)    34    25485.4    [24]    25
(relay)    33    32    25510.61    25    25499.63    3    1
(advertise)    34    25510.81    32    25
(relay)    41    42    25536.23    25    25492.0    1    1
(relay)    27    25    25539.23    25    25537.45    1    1
(relay)    33    11    25580.83    25    25571.5    1    1
(relay)    27    13    25599.43    25    25596.75    5    1
(advertise)    34    25599.63    13    25
(relay)    27    5    25649.84    25    25647.28    3    1
(advertise)    34    25650.04    5    25
(relay)    27    6    25673.85    25    25668.89    5    1
(advertise)    34    25674.05    6    25
(relay)    33    29    25675.26    25    25654.93    1    1
(relay)    33    46    25742.06    25    25739.9    3    1
(advertise)    34    25742.26    46    25
(relay)    27    20    25772.28    25    25770.5    5    1
(advertise)    34    25772.48    20    25
(relay)    27    27    25811.09    25    25810.52    5    1
(advertise)    34    25811.29    27    25
(relay)    27    12    25834.3    25    25811.0    3    1
(advertise)    34    25835.1    12    25
(relay)    41    37    25858.12    25    25846.22    1    1
(relay)    33    40    25873.52    25    25872.3    5    1
(advertise)    34    25873.72    40    25
(relay)    41    48    25959.93    25    25958.6    7    1
(advertise)    34    25960.13    48    25
(relay)    41    41    26028.54    26    26027.62    7    1
(advertise)    34    26028.74    41    26
(relay)    33    18    26073.76    26    26072.73    1    1
(relay)    33    33    26075.56    26    26075.47    5    1
(advertise)    34    26075.76    33    26
(relay)    27    3    26119.37    26    26091.28    1    1
(relay)    27    4    26142.77    26    26113.81    1    1
(relay)    33    19    26164.97    26    26151.94    3    1
(advertise)    34    26165.17    19    26
(relay)    33    26    26186.78    26    26170.42    3    1
(advertise)    34    26187.98    26    26
(relay)    33    35    26210.39    26    26163.91    1    1
(relay)    33    47    26247.39    26    26246.73    5    1
(advertise)    34    26247.59    47    26
(relay)    33    45    26271.01    26    26257.99    5    1
(advertise)    34    26271.61    45    26
(relay)    41    36    26302.42    26    26296.78    1    1
(relay)    33    31    26324.82    26    26318.78    1    1
(relay)    41    39    26377.42    26    26375.48    3    1
(advertise)    34    26377.62    39    26
(relay)    33    30    26403.63    26    26397.34    1    1
(relay)    41    43    26406.03    26    26381.95    1    1
(relay)    41    44    26445.83    26    26428.37    1    1
(relay)    27    38    26446.83    26    26442.31    1    1
(generate)    34    26485.43    [24]    26
(relay)    33    32    26510.65    26    26499.78    3    1
(advertise)    34    26510.85    32    26
(relay)    33    42    26532.06    26    26492.18    1    1
(relay)    27    25    26538.86    26    26537.57    1    1
(relay)    33    11    26576.46    26    26571.51    1    1
(relay)    27    13    26599.66    26    26596.83    5    1
(advertise)    34    26599.86    13    26
(relay)    33    5    26651.47    26    26647.37    3    1
(advertise)    34    26651.67    5    26
(relay)    27    6    26675.69    26    26669.09    5    1
(advertise)    34    26675.89    6    26
(relay)    41    46    26743.1    26    26739.91    3    1
(advertise)    34    26743.3    46    26
(relay)    27    20    26771.91    26    26770.55    5    1
(advertise)    34    26772.11    20    26
(relay)    27    27    26811.12    26    26810.61    5    1
(advertise)    34    26811.32    27    26
(relay)    27    12    26813.14    26    26811.06    3    1
(advertise)    34    26832.74    12    26
(relay)    33    37    26856.55    26    26846.38    1    1
(relay)    33    40    26878.55    26    26872.37    5    1
(advertise)    34    26878.75    40    26
(relay)    41    48    26959.96    26    26958.62    7    1
(advertise)    34    26960.16    48    26
(relay)    41    41    27028.78    27    27027.74    7    1
(advertise)    34    27028.98    41    27
(relay)    33    33    27075.99    27    27075.49    5    1
(advertise)    34    27076.19    33    27
(relay)    27    3    27123.2    27    27091.35    1    1
(relay)    27    4    27146.0    27    27113.83    1    1
(relay)    27    19    27168.4    27    27152.13    3    1
(advertise)    34    27168.6    19    27
(relay)    27    26    27190.62    27    27170.52    3    1
(advertise)    34    27191.42    26    27
(relay)    33    35    27238.43    27    27164.04    1    1
(relay)    33    47    27260.83    27    27246.81    5    1
(advertise)    34    27261.03    47    27
(relay)    41    45    27283.84    27    27258.06    5    1
(advertise)    34    27285.04    45    27
(relay)    41    36    27306.65    27    27296.88    1    1
(relay)    33    31    27328.85    27    27318.9    1    1
(relay)    33    39    27378.05    27    27375.65    3    1
(advertise)    34    27378.25    39    27
(relay)    41    43    27405.87    27    27382.07    1    1
(relay)    33    44    27430.87    27    27428.38    1    1
(relay)    33    30    27452.07    27    27397.51    1    1
(relay)    33    38    27477.47    27    27442.36    3    1
(advertise)    34    27477.67    38    27
(generate)    34    27485.48    [24]    27
(relay)    33    32    27527.29    27    27499.97    3    1
(advertise)    34    27527.49    32    27
(relay)    33    25    27548.51    27    27537.66    1    1
(relay)    41    42    27551.91    27    27492.2    1    1
(relay)    27    11    27577.11    27    27571.53    1    1
(relay)    27    13    27600.91    27    27596.9    5    1
(advertise)    34    27601.11    13    27
(relay)    33    5    27652.12    27    27647.43    3    1
(advertise)    34    27652.32    5    27
(relay)    27    6    27674.53    27    27669.24    5    1
(advertise)    34    27675.33    6    27
(relay)    41    46    27743.35    27    27740.11    3    1
(advertise)    34    27743.55    46    27
(relay)    27    20    27771.96    27    27770.58    5    1
(advertise)    34    27772.16    20    27
(relay)    27    27    27811.37    27    27810.73    5    1
(advertise)    34    27811.57    27    27
(relay)    27    12    27834.78    27    27811.08    3    1
(advertise)    34    27835.98    12    27
(relay)    41    37    27858.8    27    27846.4    1    1
(relay)    33    40    27881.0    27    27872.45    5    1
(advertise)    34    27881.2    40    27
(relay)    41    48    27959.21    27    27958.81    7    1
(advertise)    34    27959.41    48    27
(relay)    41    41    28028.82    28    28027.84    7    1
(advertise)    34    28029.02    41    28
(relay)    33    28    28066.64    28    28064.54    1    1
(relay)    27    18    28074.44    28    28072.93    1    1
(relay)    33    33    28076.04    28    28075.5    5    1
(advertise)    34    28076.24    33    28
(relay)    33    3    28120.85    28    28091.41    1    1
(relay)    33    4    28142.05    28    28113.85    1    1
(relay)    33    19    28165.25    28    28152.14    3    1
(advertise)    34    28165.45    19    28
(relay)    33    26    28186.86    28    28170.63    3    1
(advertise)    34    28188.46    26    28
(relay)    33    35    28210.68    28    28164.13    1    1
(relay)    33    47    28247.88    28    28246.89    5    1
(advertise)    34    28248.08    47    28
(relay)    41    45    28272.89    28    28258.12    5    1
(advertise)    34    28273.09    45    28
(relay)    41    36    28302.5    28    28296.96    1    1
(relay)    33    31    28325.9    28    28319.01    1    1
(relay)    33    39    28378.5    28    28375.84    3    1
(advertise)    34    28378.7    39    28
(relay)    33    30    28402.51    28    28397.66    1    1
(relay)    41    43    28424.71    28    28382.15    1    1
(relay)    41    38    28447.71    28    28442.42    3    1
(advertise)    34    28447.91    38    28
(relay)    41    44    28469.73    28    28428.4    1    1
(generate)    34    28485.53    [24]    28
(relay)    33    32    28514.14    28    28500.16    3    1
(advertise)    34    28514.34    32    28
(relay)    33    25    28540.75    28    28537.78    1    1
(relay)    27    11    28575.35    28    28571.53    1    1
(relay)    41    13    28599.15    28    28597.01    1    1
(relay)    27    5    28652.15    28    28647.53    3    1
(advertise)    34    28652.35    5    28
(relay)    27    6    28674.37    28    28669.44    5    1
(advertise)    34    28675.37    6    28
(heartbeat)    24    7    28677.28    34    28701.38    4    6
(advertise)    34    28701.58    24    7
(relay)    41    46    28744.39    28    28740.3    5    1
(advertise)    34    28744.59    46    28
(relay)    27    20    28772.21    28    28770.66    5    1
(advertise)    34    28772.81    20    28
(relay)    27    27    28811.82    28    28810.84    5    1
(advertise)    34    28812.02    27    28
(relay)    27    12    28835.23    28    28811.39    3    1
(advertise)    34    28835.43    12    28
(relay)    41    37    28861.44    28    28846.56    1    1
(relay)    33    40    28873.44    28    28872.54    5    1
(advertise)    34    28873.64    40    28
(relay)    41    48    28959.46    28    28958.99    7    1
(advertise)    34    28959.66    48    28
(relay)    41    41    29028.07    29    29027.93    7    1
(advertise)    34    29028.27    41    29
(relay)    27    18    29074.48    29    29072.93    1    1
(relay)    33    33    29076.48    29    29075.92    5    1
(advertise)    34    29076.68    33    29
(relay)    27    3    29122.7    29    29091.48    1    1
(relay)    27    4    29147.1    29    29113.88    1    1
(relay)    33    19    29153.3    29    29152.19    3    1
(advertise)    34    29153.5    19    29
(relay)    33    26    29177.71    29    29170.73    3    1
(advertise)    34    29177.91    26    29
(relay)    33    35    29203.12    29    29164.25    1    1
(relay)    33    47    29248.72    29    29247.01    5    1
(advertise)    34    29248.92    47    29
(relay)    33    45    29273.14    29    29258.18    3    1
(advertise)    34    29273.34    45    29
(relay)    33    31    29326.75    29    29319.08    1    1
(relay)    41    39    29379.35    29    29376.01    3    1
(advertise)    34    29379.55    39    29
(relay)    41    43    29403.16    29    29382.25    1    1
(relay)    33    30    29403.96    29    29397.83    1    1
(relay)    41    38    29447.56    29    29442.48    3    1
(advertise)    34    29447.76    38    29
(relay)    41    44    29470.77    29    29428.42    1    1
(generate)    34    29485.57    [24]    29
(relay)    27    32    29513.59    29    29500.3    1    1
(relay)    27    25    29540.39    29    29537.88    1    1
(relay)    33    42    29562.99    29    29492.24    1    1
(relay)    27    11    29575.59    29    29571.55    1    1
(relay)    27    13    29599.59    29    29597.12    5    1
(advertise)    34    29599.79    13    29
(relay)    27    5    29651.8    29    29647.63    3    1
(advertise)    34    29652.0    5    29
(relay)    33    6    29674.81    29    29669.62    3    1
(advertise)    34    29675.81    6    29
(relay)    33    29    29699.83    29    29655.17    1    1
(relay)    41    46    29743.23    29    29740.31    5    1
(advertise)    34    29743.43    46    29
(relay)    27    20    29771.44    29    29770.7    5    1
(advertise)    34    29771.64    20    29
(relay)    27    27    29812.05    29    29810.95    5    1
(advertise)    34    29812.25    27    29
(relay)    27    12    29834.27    29    29811.45    3    1
(advertise)    34    29835.07    12    29
(relay)    33    37    29860.88    29    29846.7    1    1
(relay)    41    40    29873.48    29    29872.63    5    1
(advertise)    34    29873.68    40    29
(relay)    41    48    29959.89    29    29959.18    7    1
(advertise)    34    29960.09    48    29
