(relay)    36    41    1027.0    1    1025.0    122    1
(advertise)    35    1027.2    41    1
(relay)    28    28    1062.61    1    1062.01    127    1
(advertise)    35    1062.81    28    1
(relay)    28    18    1092.23    1    1069.03    121    1
(advertise)    35    1092.43    18    1
(relay)    36    3    1115.84    1    1089.21    120    1
(advertise)    35    1116.24    3    1
(relay)    28    4    1139.05    1    1111.04    119    1
(advertise)    35    1139.65    4    1
(generate)    35    1161.07    [24]    1
(relay)    36    33    1163.28    1    1071.01    118    1
(advertise)    35    1163.88    33    1
(relay)    36    19    1205.69    1    1149.07    120    1
(advertise)    35    1205.89    19    1
(relay)    36    7    1226.9    1    1153.07    122    1
(advertise)    35    1228.7    7    1
(relay)    36    16    1251.12    1    1177.08    123    1
(relay)    28    2    1251.32    1    1164.05    121    2
(advertise)    35    1251.72    16    1
(advertise)    35    1273.73    2    1
(relay)    36    36    1294.34    1    1294.14    127    1
(relay)    28    26    1295.54    1    1166.08    119    2
(advertise)    35    1296.14    36    1
(advertise)    35    1318.16    26    1
(relay)    36    47    1339.57    1    1244.12    122    1
(advertise)    35    1339.77    47    1
(relay)    36    23    1361.38    1    1297.16    124    1
(relay)    28    45    1362.38    1    1255.13    122    2
(advertise)    35    1363.78    23    1
(relay)    28    17    1383.8    1    1292.14    122    2
(advertise)    35    1385.8    45    1
(advertise)    35    1407.81    17    1
(relay)    42    43    1409.22    1    1378.2    126    1
(relay)    36    44    1428.22    1    1425.02    125    2
(advertise)    35    1430.42    43    1
(advertise)    35    1452.43    44    1
(relay)    36    30    1471.65    1    1393.01    125    1
(advertise)    35    1475.05    30    1
(relay)    42    42    1489.06    1    1489.05    127    1
(relay)    36    39    1494.26    1    1373.2    122    2
(relay)    28    31    1496.46    1    1315.16    124    3
(advertise)    35    1497.06    42    1
(advertise)    35    1518.67    39    1
(advertise)    35    1540.09    31    1
(relay)    36    38    1542.5    1    1440.03    125    1
(relay)    28    21    1561.3    1    1535.09    126    2
(advertise)    35    1562.3    38    1
(advertise)    35    1583.91    21    1
(relay)    36    9    1586.53    1    1337.18    122    1
(advertise)    35    1606.33    9    1
(relay)    36    32    1631.34    1    1496.07    123    1
(advertise)    35    1631.54    32    1
(relay)    36    25    1651.95    1    1533.09    120    1
(advertise)    35    1653.75    25    1
(relay)    36    29    1673.56    1    1653.15    126    1
(relay)    28    11    1674.76    1    1568.11    120    2
(advertise)    35    1675.36    29    1
(relay)    42    34    1677.38    1    1483.06    117    2
(relay)    28    8    1696.38    1    1614.11    123    3
(advertise)    35    1698.38    11    1
(advertise)    35    1720.39    34    1
(relay)    28    14    1742.2    1    1724.0    125    2
(advertise)    35    1743.6    8    1
(relay)    28    1    1764.02    1    1680.16    122    2
(advertise)    35    1765.42    14    1
(advertise)    35    1787.43    1    1
(relay)    42    46    1789.24    1    1738.0    123    1
(relay)    28    13    1809.04    1    1594.13    118    2
(advertise)    35    1809.44    46    1
(advertise)    35    1832.26    13    1
(relay)    36    6    1849.87    1    1665.14    117    1
(relay)    28    5    1852.47    1    1645.15    118    2
(advertise)    35    1854.47    6    1
(relay)    36    37    1872.08    1    1843.07    126    2
(advertise)    35    1876.68    5    1
(relay)    28    0    1897.09    1    1829.04    123    2
(advertise)    35    1899.09    37    1
(advertise)    35    1921.51    0    1
(relay)    28    20    1938.72    1    1769.02    117    1
(advertise)    35    1944.32    20    1
(relay)    36    10    1961.33    1    1750.02    119    1
(relay)    28    22    1961.73    1    1896.11    125    2
(advertise)    35    1965.53    10    1
(relay)    36    40    1983.35    1    1870.29    123    2
(advertise)    35    1987.55    22    1
(relay)    28    15    2006.16    1    1895.11    124    2
(advertise)    35    2009.76    40    1
(relay)    36    27    2025.77    1    1808.06    120    2
(advertise)    35    2034.37    15    1
(relay)    28    12    2051.59    1    1809.04    119    2
(advertise)    35    2056.59    27    1
(relay)    28    28    2062.8    2    2062.2    127    2
(advertise)    35    2080.0    12    1
(relay)    36    48    2094.61    1    1955.11    121    2
(advertise)    35    2102.81    28    2
(advertise)    35    2125.02    48    1
(relay)    28    18    2127.04    2    2069.2    119    1
(advertise)    35    2146.04    18    2
(relay)    28    41    2150.45    2    2025.17    120    1
(generate)    35    2161.25    [24]    2
(advertise)    35    2167.86    41    2
(relay)    28    3    2193.88    2    2089.4    120    1
(advertise)    35    2194.08    3    2
(relay)    28    33    2215.89    2    2071.6    118    1
(advertise)    35    2216.09    33    2
(relay)    28    7    2239.3    2    2153.24    124    1
(advertise)    35    2240.5    7    2
(relay)    36    4    2250.12    2    2111.22    119    1
(advertise)    35    2262.72    4    2
(relay)    28    16    2283.53    2    2177.28    123    1
(advertise)    35    2283.73    16    2
(relay)    36    36    2294.94    2    2294.74    127    1
(relay)    28    26    2304.74    2    2166.26    121    2
(advertise)    35    2306.74    36    2
(advertise)    35    2328.95    26    2
(relay)    36    45    2341.17    2    2255.92    124    1
(relay)    28    2    2348.57    2    2164.24    121    2
(advertise)    35    2350.97    45    2
(advertise)    35    2373.18    2    2
(relay)    36    23    2384.39    2    2297.34    124    1
(advertise)    35    2395.39    23    2
(relay)    36    43    2407.01    2    2378.37    126    1
(advertise)    35    2416.81    43    2
(relay)    28    19    2418.62    2    2149.25    118    1
(relay)    36    47    2429.02    2    2244.32    122    2
(advertise)    35    2438.82    19    2
(advertise)    35    2460.43    47    2
(relay)    28    9    2464.84    2    2337.37    122    1
(relay)    36    31    2471.44    2    2315.35    124    2
(advertise)    35    2482.64    9    2
(relay)    42    42    2489.26    2    2489.22    127    2
(relay)    36    44    2493.06    2    2425.21    125    3
(advertise)    35    2506.46    31    2
(relay)    28    17    2508.87    2    2292.34    122    3
(relay)    36    30    2514.47    2    2393.81    125    4
(advertise)    35    2529.47    42    2
(advertise)    35    2552.08    44    2
(relay)    28    21    2573.5    2    2535.27    126    3
(advertise)    35    2574.9    17    2
(relay)    42    39    2589.51    2    2373.39    122    3
(advertise)    35    2597.71    30    2
(relay)    36    38    2605.12    2    2440.23    125    3
(advertise)    35    2618.92    21    2
(advertise)    35    2640.34    39    2
(relay)    28    29    2659.35    2    2653.35    126    2
(advertise)    35    2661.95    38    2
(relay)    42    32    2679.96    2    2496.26    121    2
(advertise)    35    2685.36    29    2
(relay)    28    25    2704.57    2    2533.28    118    2
(advertise)    35    2706.77    32    2
(relay)    36    34    2717.79    2    2483.24    121    2
(advertise)    35    2730.79    25    2
(advertise)    35    2753.0    34    2
(relay)    36    8    2762.81    2    2614.31    123    1
(relay)    42    11    2770.01    2    2568.31    116    2
(advertise)    35    2775.01    8    2
(advertise)    35    2796.63    11    2
(relay)    36    13    2808.04    2    2594.31    118    1
(relay)    28    14    2814.04    2    2724.2    125    2
(advertise)    35    2817.64    13    2
(relay)    36    1    2829.05    2    2680.36    122    2
(advertise)    35    2840.05    14    2
(advertise)    35    2862.27    1    2
(relay)    36    46    2875.88    2    2738.2    123    1
(advertise)    35    2884.48    46    2
(relay)    36    37    2897.69    2    2843.47    126    1
(relay)    28    5    2900.29    2    2645.34    118    2
(advertise)    35    2907.29    37    2
(relay)    28    22    2921.7    2    2896.29    125    2
(advertise)    35    2929.5    5    2
(relay)    42    6    2950.12    2    2665.32    115    2
(advertise)    35    2952.12    22    2
(relay)    28    0    2967.13    2    2829.2    123    2
(advertise)    35    2974.73    6    2
(relay)    36    40    2987.14    2    2870.48    123    2
(advertise)    35    2996.94    0    2
(relay)    36    15    3010.76    2    2895.3    124    2
(advertise)    35    3018.96    40    2
(relay)    42    27    3036.57    2    2808.24    118    2
(relay)    28    10    3036.97    2    2750.21    121    3
(advertise)    35    3042.77    15    2
(relay)    28    28    3063.38    3    3062.4    127    3
(advertise)    35    3064.78    27    2
(relay)    36    20    3078.2    2    2769.21    119    3
(advertise)    35    3087.0    10    2
(relay)    28    12    3103.01    2    2809.23    117    3
(advertise)    35    3109.61    28    3
(advertise)    35    3131.22    20    2
(relay)    42    48    3147.63    2    2955.29    119    2
(advertise)    35    3153.63    12    2
(generate)    35    3161.45    [24]    3
(advertise)    35    3175.26    48    2
(relay)    36    3    3212.87    3    3089.6    120    1
(advertise)    35    3213.07    3    3
(relay)    28    33    3234.09    3    3071.8    122    1
(relay)    36    41    3234.49    3    3025.37    120    2
(advertise)    35    3235.89    33    3
(relay)    36    7    3257.7    3    3153.43    122    2
(advertise)    35    3258.3    41    3
(relay)    28    18    3279.31    3    3069.4    119    2
(advertise)    35    3279.91    7    3
(relay)    36    36    3295.13    3    3294.93    127    2
(advertise)    35    3300.93    18    3
(relay)    36    16    3302.74    3    3177.46    123    2
(relay)    42    45    3323.14    3    3256.1    124    3
(advertise)    35    3323.94    36    3
(advertise)    35    3345.95    16    3
(relay)    28    4    3348.76    3    3111.42    119    2
(advertise)    35    3367.76    45    3
(relay)    28    19    3369.18    3    3149.45    120    2
(relay)    42    43    3386.78    3    3378.56    126    3
(advertise)    35    3389.78    4    3
(relay)    28    23    3392.59    3    3297.53    124    3
(advertise)    35    3411.19    19    3
(relay)    28    26    3414.8    3    3167.66    119    3
(advertise)    35    3433.2    43    3
(advertise)    35    3456.02    23    3
(relay)    36    47    3458.03    3    3244.49    122    2
(relay)    28    31    3458.43    3    3315.55    124    3
(relay)    42    44    3477.63    3    3425.22    125    4
(advertise)    35    3478.23    26    3
(relay)    28    2    3480.44    3    3164.42    121    4
(relay)    42    42    3490.04    3    3489.42    127    5
(advertise)    35    3500.24    47    3
(relay)    28    30    3505.06    3    3394.0    125    5
(advertise)    35    3523.26    31    3
(advertise)    35    3545.47    44    3
(advertise)    35    3568.88    2    3
(relay)    28    21    3572.09    3    3535.47    126    3
(advertise)    35    3591.69    42    3
(relay)    28    17    3594.91    3    3292.53    122    3
(relay)    36    38    3609.11    3    3440.43    125    4
(advertise)    35    3615.51    30    3
(advertise)    35    3637.32    21    3
(relay)    28    9    3641.53    3    3337.56    122    3
(relay)    36    39    3653.33    3    3373.59    124    4
(advertise)    35    3659.53    17    3
(advertise)    35    3680.75    38    3
(relay)    42    32    3682.96    3    3496.46    121    3
(advertise)    35    3702.16    9    3
(relay)    28    29    3708.17    3    3653.55    126    3
(advertise)    35    3725.17    39    3
(relay)    42    34    3726.59    3    3483.44    119    3
(advertise)    35    3748.39    32    3
(relay)    36    11    3765.2    3    3568.51    120    3
(advertise)    35    3769.6    29    3
(relay)    42    25    3771.81    3    3533.48    120    3
(advertise)    35    3790.81    34    3
(advertise)    35    3812.22    11    3
(advertise)    35    3833.44    25    3
(relay)    28    8    3837.85    3    3614.49    123    1
(relay)    42    46    3838.45    3    3738.4    123    2
(relay)    36    37    3856.65    3    3843.66    126    3
(advertise)    35    3857.05    8    3
(advertise)    35    3879.26    46    3
(advertise)    35    3900.28    37    3
(relay)    28    5    3902.09    3    3645.35    118    1
(relay)    36    14    3921.29    3    3725.0    123    2
(advertise)    35    3923.49    5    3
(relay)    28    1    3925.5    3    3680.55    122    2
(relay)    42    13    3929.9    3    3594.51    114    3
(advertise)    35    3945.9    14    3
(advertise)    35    3967.32    1    3
(relay)    28    22    3971.13    3    3896.49    125    2
(relay)    42    6    3975.13    3    3665.51    115    3
(advertise)    35    3988.93    13    3
(advertise)    35    4009.94    22    3
(relay)    28    0    4014.95    3    3829.4    123    2
(relay)    42    40    4018.15    3    3870.68    121    3
(advertise)    35    4031.95    6    3
(advertise)    35    4053.17    0    3
(relay)    28    10    4059.18    3    3750.41    121    2
(relay)    42    27    4061.98    3    3808.44    118    3
(relay)    28    28    4063.58    4    4062.59    127    4
(advertise)    35    4074.18    40    3
(advertise)    35    4096.19    10    3
(relay)    28    15    4101.61    3    3895.49    122    3
(advertise)    35    4118.21    27    3
(advertise)    35    4140.22    28    4
(relay)    28    12    4148.03    3    3809.42    119    2
(relay)    42    20    4151.43    3    3769.22    117    3
(generate)    35    4161.63    [24]    4
(advertise)    35    4163.25    15    3
(advertise)    35    4186.66    12    3
(relay)    36    41    4205.07    4    4025.57    122    2
(advertise)    35    4208.67    20    3
(relay)    42    48    4217.88    3    3955.48    121    2
(advertise)    35    4229.68    41    4
(relay)    28    16    4238.7    4    4177.66    123    2
(advertise)    35    4251.7    48    3
(relay)    28    7    4261.11    4    4153.63    124    2
(advertise)    35    4274.11    16    4
(relay)    42    33    4281.92    4    4071.98    120    2
(relay)    36    36    4295.72    4    4295.12    127    3
(advertise)    35    4296.12    7    4
(advertise)    35    4319.34    33    4
(relay)    42    45    4329.15    4    4256.11    124    2
(relay)    28    3    4330.55    4    4089.81    120    3
(advertise)    35    4340.35    36    4
(relay)    28    18    4352.36    4    4069.59    121    3
(advertise)    35    4362.36    45    4
(advertise)    35    4383.38    3    4
(relay)    28    2    4395.59    4    4164.62    121    2
(advertise)    35    4406.79    18    4
(relay)    36    43    4408.0    4    4378.76    126    2
(advertise)    35    4428.0    2    4
(relay)    36    47    4431.01    4    4244.68    122    2
(relay)    28    23    4439.61    4    4297.54    124    3
(advertise)    35    4450.61    43    4
(relay)    28    31    4461.03    4    4315.95    124    3
(advertise)    35    4475.03    47    4
(relay)    42    42    4490.24    4    4489.61    127    3
(advertise)    35    4497.64    23    4
(relay)    42    26    4503.65    4    4167.86    119    3
(relay)    28    4    4504.65    4    4111.62    117    4
(advertise)    35    4521.25    31    4
(relay)    42    19    4525.07    4    4149.65    118    4
(relay)    28    17    4526.87    4    4292.72    122    5
(relay)    36    30    4542.67    4    4394.2    125    6
(advertise)    35    4542.87    42    4
(relay)    42    44    4547.08    4    4425.41    125    6
(advertise)    35    4564.68    26    4
(relay)    28    21    4572.09    4    4535.67    126    6
(advertise)    35    4587.49    4    4
(advertise)    35    4611.11    19    4
(advertise)    35    4634.32    17    4
(relay)    36    39    4652.93    4    4373.79    122    4
(advertise)    35    4656.53    30    4
(relay)    28    9    4662.14    4    4337.75    122    4
(advertise)    35    4678.74    44    4
(relay)    36    38    4697.76    4    4440.61    123    4
(advertise)    35    4700.16    21    4
(relay)    36    29    4717.97    4    4653.56    126    4
(advertise)    35    4722.57    39    4
(advertise)    35    4744.18    9    4
(advertise)    35    4766.2    38    4
(relay)    36    32    4785.21    4    4496.65    123    2
(advertise)    35    4787.21    29    4
(relay)    28    8    4798.02    4    4614.69    123    2
(relay)    36    34    4805.62    4    4483.64    121    3
(advertise)    35    4809.42    32    4
(relay)    36    25    4826.84    4    4533.68    122    3
(advertise)    35    4831.04    8    4
(relay)    42    46    4832.65    4    4738.6    123    3
(relay)    36    11    4850.25    4    4568.69    118    4
(advertise)    35    4853.25    34    4
(advertise)    35    4875.26    25    4
(relay)    28    14    4885.07    4    4725.18    125    3
(advertise)    35    4896.27    46    4
(relay)    36    37    4914.29    4    4843.86    4    3
(advertise)    35    4917.29    11    4
(heartbeat)    24    1    4677.2    35    4929.9    127    0
(advertise)    35    4940.9    14    4
(relay)    28    1    4952.91    4    4680.74    122    3
(advertise)    35    4964.31    37    4
(relay)    36    13    4979.53    4    4594.69    118    3
(advertise)    35    4985.73    24    1
(relay)    28    22    4996.14    4    4896.5    2    3
(advertise)    35    5007.34    1    4
(relay)    36    40    5021.95    4    4870.87    2    3
(advertise)    35    5030.35    13    4
(relay)    28    15    5039.57    4    4895.69    2    3
(relay)    36    5    5044.97    4    4645.52    118    4
(advertise)    35    5053.37    22    4
(relay)    28    28    5064.38    5    5063.39    6    4
(relay)    36    20    5067.58    4    4769.41    119    5
(advertise)    35    5076.58    40    4
(relay)    28    0    5085.79    4    4829.57    123    5
(relay)    36    10    5087.79    4    4750.61    121    6
(advertise)    35    5097.59    15    4
(advertise)    35    5120.6    5    4
(advertise)    35    5143.82    28    5
(generate)    35    5161.83    [24]    5
(advertise)    35    5166.24    20    4
(relay)    36    6    5177.86    4    4665.71    117    3
(advertise)    35    5188.46    0    4
(advertise)    35    5211.07    10    4
(relay)    28    12    5221.28    4    4809.62    119    2
(relay)    36    48    5223.48    4    4955.67    2    3
(advertise)    35    5233.08    6    4
(advertise)    35    5255.9    12    4
(relay)    28    7    5264.71    5    5153.83    4    2
(advertise)    35    5278.31    48    4
(relay)    36    45    5290.72    5    5256.3    2    2
(relay)    36    36    5295.92    5    5295.32    6    3
(advertise)    35    5302.12    7    5
(advertise)    35    5323.53    45    5
(relay)    36    47    5335.35    5    5244.88    2    2
(advertise)    35    5345.75    36    5
(advertise)    35    5367.16    47    5
(relay)    28    9    5378.37    5    5337.95    2    1
(relay)    36    43    5379.97    5    5378.96    6    2
(advertise)    35    5388.97    9    5
(advertise)    35    5409.99    43    5
(relay)    42    44    5427.2    5    5425.57    4    1
(advertise)    35    5432.2    44    5
(relay)    42    42    5490.21    5    5489.71    8    1
(advertise)    35    5490.41    42    5
(relay)    36    30    5524.23    5    5394.4    2    1
(advertise)    35    5524.43    30    5
(relay)    28    21    5536.24    5    5535.85    4    1
(advertise)    35    5548.24    21    5
(relay)    28    8    5624.45    5    5614.77    2    1
(advertise)    35    5624.65    8    5
(relay)    42    29    5656.46    5    5653.74    2    1
(advertise)    35    5656.66    29    5
(relay)    28    1    5717.28    5    5680.84    4    1
(advertise)    35    5717.48    1    5
(relay)    28    14    5740.89    5    5725.25    4    1
(advertise)    35    5741.49    14    5
(relay)    36    46    5742.7    5    5738.63    2    1
(advertise)    35    5763.9    46    5
(relay)    28    0    5837.92    5    5829.75    4    1
(advertise)    35    5838.12    0    5
(relay)    36    37    5862.33    5    5844.05    4    1
(advertise)    35    5862.53    37    5
(relay)    36    22    5921.34    5    5897.34    2    1
(advertise)    35    5921.54    22    5
(relay)    36    48    5964.16    5    5955.81    2    1
(advertise)    35    5964.36    48    5
(relay)    36    41    6030.57    6    6025.96    2    1
(advertise)    35    6030.77    41    6
(relay)    28    28    6064.58    6    6063.5    6    1
(advertise)    35    6064.78    28    6
(relay)    36    7    6156.79    6    6154.01    2    1
(advertise)    35    6156.99    7    6
(generate)    35    6162.01    [24]    6
(relay)    28    2    6205.62    6    6164.89    2    1
(advertise)    35    6205.82    2    6
(relay)    42    47    6249.43    6    6245.03    4    1
(advertise)    35    6249.63    47    6
(relay)    42    45    6272.65    6    6256.42    2    1
(advertise)    35    6272.85    45    6
(relay)    36    36    6296.06    6    6295.42    6    1
(advertise)    35    6296.86    36    6
(relay)    36    39    6377.07    6    6374.07    2    1
(advertise)    35    6377.27    39    6
(relay)    42    43    6380.49    6    6379.09    6    1
(advertise)    35    6400.49    43    6
(relay)    36    30    6424.1    6    6394.44    2    1
(advertise)    35    6424.3    30    6
(relay)    42    44    6444.51    6    6425.61    4    1
(advertise)    35    6446.71    44    6
(relay)    42    42    6490.92    6    6489.89    8    1
(advertise)    35    6491.12    42    6
(relay)    28    21    6536.34    6    6535.96    4    1
(advertise)    35    6536.54    21    6
(relay)    36    8    6616.55    6    6614.85    2    1
(advertise)    35    6616.75    8    6
(relay)    28    29    6654.96    6    6653.78    4    1
(advertise)    35    6655.16    29    6
(relay)    28    1    6715.98    6    6680.95    4    1
(advertise)    35    6716.18    1    6
(relay)    28    14    6739.79    6    6725.31    4    1
(advertise)    35    6739.99    14    6
(relay)    28    0    6837.8    6    6829.76    4    1
(advertise)    35    6838.0    0    6
(relay)    36    37    6862.02    6    6844.05    4    1
(advertise)    35    6862.22    37    6
(relay)    36    40    6883.83    6    6871.0    2    1
(advertise)    35    6884.83    40    6
(relay)    28    15    6897.04    6    6896.04    2    1
(advertise)    35    6907.04    15    6
(relay)    28    22    6921.25    6    6898.05    2    1
(advertise)    35    6929.25    22    6
(relay)    42    48    6962.27    6    6955.83    2    1
(advertise)    35    6962.47    48    6
(relay)    36    41    7031.68    7    7026.07    2    1
(advertise)    35    7031.88    41    7
(relay)    28    28    7063.69    7    7063.54    6    1
(advertise)    35    7063.89    28    7
(relay)    28    7    7156.71    7    7154.11    2    1
(advertise)    35    7156.91    7    7
(generate)    35    7162.12    [24]    7
(relay)    28    2    7226.73    7    7164.92    2    1
(advertise)    35    7226.93    2    7
(relay)    42    47    7247.75    7    7245.15    4    1
(advertise)    35    7250.95    47    7
(relay)    42    45    7271.16    7    7256.51    2    1
(advertise)    35    7273.16    45    7
(relay)    36    36    7296.17    7    7295.52    6    1
(advertise)    35    7296.57    36    7
(relay)    42    43    7380.38    7    7379.18    6    1
(advertise)    35    7380.58    43    7
(relay)    42    44    7426.4    7    7425.62    4    1
(advertise)    35    7426.6    44    7
(relay)    36    30    7449.21    7    7394.44    2    1
(advertise)    35    7449.61    30    7
(relay)    42    42    7491.02    7    7490.09    8    1
(advertise)    35    7491.22    42    7
(relay)    28    21    7536.64    7    7536.1    4    1
(advertise)    35    7536.84    21    7
(relay)    28    8    7616.45    7    7614.93    2    1
(advertise)    35    7616.65    8    7
(relay)    36    29    7655.06    7    7653.84    4    1
(advertise)    35    7655.26    29    7
(relay)    28    1    7719.08    7    7681.06    4    1
(advertise)    35    7719.28    1    7
(relay)    28    14    7742.09    7    7725.36    4    1
(advertise)    35    7743.09    14    7
(relay)    42    46    7744.5    7    7738.68    2    1
(advertise)    35    7764.3    46    7
(relay)    28    0    7840.91    7    7829.76    4    1
(advertise)    35    7841.11    0    7
(relay)    36    37    7846.13    7    7844.27    4    1
(advertise)    35    7864.93    37    7
(relay)    36    40    7888.14    7    7871.08    2    1
(advertise)    35    7888.54    40    7
(relay)    28    15    7897.15    7    7896.2    2    1
(advertise)    35    7912.15    15    7
(relay)    28    22    7920.17    7    7898.13    2    1
(advertise)    35    7935.57    22    7
(relay)    36    41    8033.18    8    8026.13    2    1
(advertise)    35    8033.38    41    8
(relay)    28    28    8063.59    8    8063.58    6    1
(advertise)    35    8063.79    28    8
(relay)    28    7    8155.01    8    8154.21    4    1
(advertise)    35    8155.21    7    8
(generate)    35    8162.22    [24]    8
(relay)    28    2    8200.83    8    8164.95    2    1
(advertise)    35    8201.03    2    8
(relay)    42    47    8246.64    8    8245.24    4    1
(advertise)    35    8246.84    47    8
(relay)    36    45    8270.26    8    8256.58    2    1
(advertise)    35    8270.66    45    8
(relay)    36    36    8296.47    8    8295.55    6    1
(advertise)    35    8296.87    36    8
(relay)    36    43    8380.88    8    8379.66    6    1
(advertise)    35    8381.08    43    8
(relay)    42    44    8426.5    8    8425.64    4    1
(advertise)    35    8426.7    44    8
(relay)    36    30    8448.31    8    8394.63    2    1
(advertise)    35    8448.51    30    8
(relay)    42    42    8491.32    8    8490.27    8    1
(advertise)    35    8491.52    42    8
(relay)    28    21    8537.14    8    8536.24    4    1
(advertise)    35    8537.34    21    8
(relay)    28    8    8621.55    8    8615.01    2    1
(advertise)    35    8621.75    8    8
(relay)    36    29    8655.76    8    8653.86    4    1
(advertise)    35    8655.96    29    8
(heartbeat)    24    2    8677.21    35    8696.97    5    5
(advertise)    35    8697.17    24    2
(relay)    28    1    8722.79    8    8681.14    4    1
(advertise)    35    8722.99    1    8
(relay)    28    14    8744.4    8    8725.43    4    1
(relay)    36    46    8747.0    8    8738.73    2    2
(advertise)    35    8748.0    14    8
(advertise)    35    8771.01    46    8
(relay)    36    37    8846.43    8    8844.31    4    1
(advertise)    35    8846.63    37    8
(relay)    28    0    8871.84    8    8829.78    4    1
(advertise)    35    8872.24    0    8
(relay)    28    15    8898.05    8    8896.22    2    1
(advertise)    35    8898.25    15    8
(relay)    28    22    8920.07    8    8898.23    2    1
(advertise)    35    8920.47    22    8
(relay)    42    48    8958.68    8    8956.02    2    1
(advertise)    35    8958.88    48    8
(relay)    36    41    9033.09    9    9026.2    2    1
(advertise)    35    9033.29    41    9
(relay)    28    28    9063.7    9    9063.63    6    1
(advertise)    35    9063.9    28    9
(relay)    28    7    9155.32    9    9154.34    4    1
(advertise)    35    9155.52    7    9
(generate)    35    9162.33    [24]    9
(relay)    36    47    9246.74    9    9245.36    2    1
(advertise)    35    9246.94    47    9
(relay)    42    45    9270.56    9    9256.67    2    1
(advertise)    35    9271.56    45    9
(relay)    36    36    9296.57    9    9295.6    6    1
(advertise)    35    9296.77    36    9
(relay)    28    9    9360.78    9    9338.37    2    1
(advertise)    35    9360.98    9    9
(relay)    36    43    9381.4    9    9379.73    6    1
(advertise)    35    9383.0    43    9
(relay)    36    44    9426.41    9    9425.64    4    1
(advertise)    35    9426.61    44    9
(relay)    28    30    9448.62    9    9394.79    2    1
(advertise)    35    9449.02    30    9
(relay)    42    42    9491.23    9    9490.29    8    1
(advertise)    35    9491.43    42    9
(relay)    28    21    9537.65    9    9536.34    4    1
(advertise)    35    9537.85    21    9
(relay)    28    8    9622.06    9    9615.11    2    1
(advertise)    35    9622.26    8    9
(relay)    36    29    9656.07    9    9653.91    4    1
(advertise)    35    9656.27    29    9
(relay)    28    14    9743.69    9    9725.45    4    1
(advertise)    35    9743.89    14    9
(relay)    36    0    9843.3    9    9829.79    2    1
(advertise)    35    9843.5    0    9
(relay)    42    37    9864.91    9    9844.34    2    1
(advertise)    35    9865.51    37    9
(relay)    36    40    9888.93    9    9871.25    2    1
(advertise)    35    9889.13    40    9
(relay)    28    22    9900.34    9    9898.31    2    1
(advertise)    35    9911.14    22    9
(relay)    36    15    9912.35    9    9896.23    2    1
(advertise)    35    9932.55    15    9
(relay)    42    48    9958.57    9    9956.19    2    1
(advertise)    35    9958.97    48    9
(relay)    28    28    10064.18    10    10063.65    6    1
(advertise)    35    10064.38    28    10
(relay)    28    7    10156.39    10    10154.44    4    1
(advertise)    35    10156.59    7    10
(generate)    35    10162.4    [24]    10
(relay)    28    2    10227.02    10    10165.18    2    1
(advertise)    35    10227.22    2    10
(relay)    36    47    10248.83    10    10245.43    2    1
(advertise)    35    10249.43    47    10
(relay)    36    45    10271.44    10    10256.73    2    1
(advertise)    35    10272.64    45    10
(relay)    36    36    10296.66    10    10295.66    6    1
(advertise)    35    10296.86    36    10
(relay)    28    9    10366.67    10    10338.54    2    1
(advertise)    35    10366.87    9    10
(relay)    36    43    10383.08    10    10380.63    6    1
(advertise)    35    10388.88    43    10
(relay)    36    44    10427.3    10    10425.65    4    1
(advertise)    35    10427.5    44    10
(relay)    36    30    10448.91    10    10394.96    2    1
(advertise)    35    10449.91    30    10
(relay)    42    42    10490.52    10    10490.47    8    1
(advertise)    35    10490.72    42    10
(relay)    28    21    10537.73    10    10536.45    4    1
(advertise)    35    10537.93    21    10
(relay)    42    29    10657.75    10    10653.95    2    1
(advertise)    35    10657.95    29    10
(relay)    28    1    10698.36    10    10681.33    4    1
(advertise)    35    10698.56    1    10
(relay)    28    14    10728.37    10    10725.5    4    1
(advertise)    35    10728.57    14    10
(relay)    28    0    10842.99    10    10829.81    2    1
(advertise)    35    10843.19    0    10
(relay)    28    37    10863.8    10    10844.34    2    1
(advertise)    35    10864.6    37    10
(relay)    28    15    10899.21    10    10896.41    2    1
(advertise)    35    10899.41    15    10
(relay)    36    48    10958.23    10    10956.39    2    1
(advertise)    35    10958.43    48    10
(relay)    28    28    11064.24    11    11063.67    6    1
(advertise)    35    11064.44    28    11
(relay)    28    7    11157.45    11    11154.54    4    1
(advertise)    35    11157.65    7    11
(generate)    35    11162.46    [24]    11
(relay)    28    2    11224.28    11    11165.2    2    1
(advertise)    35    11224.48    2    11
(relay)    42    47    11250.89    11    11245.53    2    1
(advertise)    35    11251.09    47    11
(relay)    42    45    11273.9    11    11256.8    2    1
(advertise)    35    11274.7    45    11
(relay)    36    36    11295.72    11    11295.68    6    1
(advertise)    35    11297.32    36    11
(relay)    28    9    11362.13    11    11338.71    2    1
(advertise)    35    11362.33    9    11
(relay)    36    39    11378.94    11    11374.35    2    1
(relay)    42    43    11382.14    11    11380.74    6    2
(advertise)    35    11383.74    39    11
(advertise)    35    11405.56    43    11
(relay)    36    30    11421.37    11    11395.1    2    1
(advertise)    35    11426.57    30    11
(relay)    36    44    11445.38    11    11425.67    4    1
(advertise)    35    11448.58    44    11
(relay)    36    38    11466.59    11    11441.24    2    1
(advertise)    35    11470.19    38    11
(relay)    42    42    11490.81    11    11490.67    8    1
(advertise)    35    11492.61    42    11
(relay)    28    21    11538.42    11    11536.56    4    1
(advertise)    35    11538.62    21    11
(relay)    28    8    11619.23    11    11615.3    2    1
(advertise)    35    11619.43    8    11
(relay)    42    29    11656.05    11    11654.13    2    1
(advertise)    35    11656.25    29    11
(relay)    28    14    11729.06    11    11725.56    4    1
(advertise)    35    11729.26    14    11
(relay)    36    46    11753.47    11    11739.11    2    1
(advertise)    35    11754.07    46    11
(relay)    36    37    11863.89    11    11844.53    4    1
(advertise)    35    11864.09    37    11
(relay)    36    40    11887.3    11    11871.36    2    1
(advertise)    35    11888.3    40    11
(relay)    28    15    11900.51    11    11896.59    2    1
(advertise)    35    11909.71    15    11
(relay)    28    22    11923.52    11    11898.91    2    1
(advertise)    35    11930.72    22    11
(relay)    36    48    11960.74    11    11956.57    2    1
(advertise)    35    11960.94    48    11
(relay)    36    41    12027.95    12    12026.41    2    1
(advertise)    35    12028.15    41    12
(relay)    28    28    12064.16    12    12063.7    6    1
(advertise)    35    12064.36    28    12
(relay)    28    7    12157.38    12    12154.68    4    1
(advertise)    35    12157.58    7    12
(generate)    35    12162.59    [24]    12
(relay)    36    2    12205.2    12    12165.39    2    1
(advertise)    35    12205.4    2    12
(relay)    36    47    12250.02    12    12245.62    2    1
(advertise)    35    12250.22    47    12
(relay)    42    45    12272.63    12    12256.89    2    1
(advertise)    35    12273.63    45    12
(relay)    36    36    12295.84    12    12295.82    6    1
(advertise)    35    12296.04    36    12
(relay)    28    9    12363.25    12    12338.85    2    1
(advertise)    35    12363.45    9    12
(relay)    42    43    12381.27    12    12380.88    6    1
(advertise)    35    12386.67    43    12
(relay)    36    44    12428.08    12    12425.86    4    1
(advertise)    35    12428.28    44    12
(relay)    36    30    12452.09    12    12395.28    2    1
(advertise)    35    12452.69    30    12
(relay)    42    42    12490.91    12    12490.82    8    1
(advertise)    35    12491.11    42    12
(relay)    36    38    12515.52    12    12441.3    2    1
(advertise)    35    12516.52    38    12
(relay)    28    21    12538.73    12    12536.68    4    1
(advertise)    35    12539.73    21    12
(relay)    28    8    12626.75    12    12615.36    2    1
(advertise)    35    12626.95    8    12
(heartbeat)    24    3    12677.23    35    12680.76    5    7
(advertise)    35    12680.96    24    3
(relay)    36    1    12719.97    12    12681.53    4    1
(advertise)    35    12720.17    1    12
(relay)    28    14    12741.18    12    12725.62    4    1
(advertise)    35    12742.98    14    12
(relay)    36    46    12767.2    12    12739.15    2    1
(advertise)    35    12767.4    46    12
(relay)    28    0    12832.81    12    12829.84    4    1
(advertise)    35    12833.01    0    12
(relay)    36    37    12854.42    12    12844.56    4    1
(advertise)    35    12855.02    37    12
(relay)    28    15    12900.64    12    12896.75    2    1
(advertise)    35    12900.84    15    12
(relay)    28    22    12921.85    12    12899.21    2    1
(advertise)    35    12922.05    22    12
(relay)    42    48    12961.86    12    12956.77    2    1
(advertise)    35    12962.06    48    12
(relay)    36    41    13027.88    13    13026.48    2    1
(advertise)    35    13028.08    41    13
(relay)    28    28    13064.29    13    13063.72    6    1
(advertise)    35    13064.49    28    13
(relay)    28    7    13158.3    13    13154.77    4    1
(advertise)    35    13158.5    7    13
(generate)    35    13162.71    [24]    13
(relay)    36    47    13251.53    13    13245.73    2    1
(advertise)    35    13251.73    47    13
(relay)    36    45    13274.94    13    13256.98    2    1
(advertise)    35    13275.14    45    13
(relay)    36    36    13295.95    13    13295.89    6    1
(advertise)    35    13296.35    36    13
(relay)    36    43    13381.57    13    13380.98    6    1
(advertise)    35    13381.77    43    13
(relay)    36    30    13420.78    13    13395.47    2    1
(advertise)    35    13420.98    30    13
(relay)    42    44    13445.19    13    13425.89    4    1
(advertise)    35    13446.99    44    13
(relay)    42    42    13491.41    13    13490.83    8    1
(advertise)    35    13491.61    42    13
(relay)    28    21    13539.02    13    13536.75    4    1
(advertise)    35    13539.22    21    13
(relay)    28    8    13627.83    13    13615.44    2    1
(advertise)    35    13628.03    8    13
(relay)    28    29    13654.44    13    13654.19    4    1
(advertise)    35    13654.64    29    13
(relay)    28    1    13722.26    13    13681.62    2    1
(advertise)    35    13722.46    1    13
(relay)    42    46    13740.47    13    13739.16    2    1
(relay)    28    14    13742.67    13    13725.64    4    2
(advertise)    35    13745.27    46    13
(advertise)    35    13766.68    14    13
(relay)    28    0    13831.1    13    13829.86    4    1
(advertise)    35    13831.3    0    13
(relay)    42    37    13853.51    13    13844.75    2    1
(advertise)    35    13855.31    37    13
(relay)    36    40    13887.12    13    13871.45    2    1
(advertise)    35    13887.32    40    13
(relay)    28    15    13900.74    13    13896.92    2    1
(advertise)    35    13908.94    15    13
(relay)    28    22    13921.95    13    13899.28    2    1
(advertise)    35    13931.95    22    13
(relay)    36    48    13961.76    13    13956.95    2    1
(advertise)    35    13961.96    48    13
(relay)    36    41    14029.37    14    14026.55    2    1
(advertise)    35    14029.57    41    14
(relay)    28    28    14064.79    14    14063.72    6    1
(advertise)    35    14064.99    28    14
(relay)    28    7    14159.0    14    14154.87    4    1
(advertise)    35    14159.2    7    14
(generate)    35    14162.81    [24]    14
(relay)    36    45    14274.83    14    14257.04    2    1
(advertise)    35    14275.03    45    14
(relay)    36    36    14296.04    14    14295.95    6    1
(advertise)    35    14297.04    36    14
(relay)    36    43    14381.45    14    14381.05    6    1
(advertise)    35    14381.65    43    14
(relay)    36    30    14450.67    14    14395.66    2    1
(advertise)    35    14450.87    30    14
(relay)    28    44    14476.08    14    14426.09    2    1
(advertise)    35    14476.28    44    14
(relay)    42    42    14491.49    14    14490.84    8    1
(advertise)    35    14499.29    42    14
(relay)    28    21    14538.1    14    14536.85    4    1
(advertise)    35    14538.3    21    14
(relay)    42    29    14655.92    14    14654.2    2    1
(advertise)    35    14656.12    29    14
(relay)    28    1    14718.73    14    14681.68    2    1
(advertise)    35    14718.93    1    14
(relay)    36    46    14740.54    14    14739.18    2    1
(advertise)    35    14740.94    46    14
(relay)    28    14    14742.76    14    14725.69    4    1
(advertise)    35    14763.96    14    14
(relay)    28    0    14831.57    14    14830.03    4    1
(advertise)    35    14831.77    0    14
(relay)    42    37    14855.58    14    14844.77    2    1
(advertise)    35    14855.78    37    14
(relay)    36    15    14899.0    14    14897.07    2    1
(advertise)    35    14899.2    15    14
(relay)    28    22    14919.21    14    14899.37    2    1
(advertise)    35    14920.21    22    14
(relay)    36    48    14964.22    14    14957.13    2    1
(advertise)    35    14964.42    48    14
(relay)    36    41    15030.23    15    15026.64    2    1
(advertise)    35    15030.43    41    15
(relay)    28    28    15064.85    15    15063.91    6    1
(advertise)    35    15065.05    28    15
(relay)    28    7    15159.46    15    15154.98    4    1
(advertise)    35    15159.66    7    15
(generate)    35    15162.87    [24]    15
(relay)    42    47    15251.89    15    15245.87    2    1
(advertise)    35    15252.09    47    15
(relay)    36    45    15272.9    15    15257.12    2    1
(advertise)    35    15274.5    45    15
(relay)    36    36    15296.51    15    15296.03    6    1
(advertise)    35    15296.91    36    15
(relay)    36    43    15381.93    15    15381.15    6    1
(advertise)    35    15382.13    43    15
(relay)    28    30    15409.74    15    15395.78    2    1
(advertise)    35    15410.14    30    15
(relay)    42    44    15434.15    15    15426.28    4    1
(advertise)    35    15434.35    44    15
(relay)    42    42    15491.56    15    15491.03    8    1
(advertise)    35    15491.76    42    15
(relay)    28    21    15537.38    15    15536.95    4    1
(advertise)    35    15537.58    21    15
(relay)    28    8    15626.59    15    15615.74    2    1
(advertise)    35    15626.79    8    15
(relay)    36    29    15655.4    15    15654.37    4    1
(advertise)    35    15655.6    29    15
(relay)    28    14    15740.42    15    15725.71    4    1
(advertise)    35    15740.62    14    15
(relay)    28    0    15836.03    15    15830.22    4    1
(advertise)    35    15836.23    0    15
(relay)    36    37    15859.44    15    15844.94    4    1
(advertise)    35    15861.04    37    15
(relay)    36    40    15883.26    15    15871.53    2    1
(advertise)    35    15884.46    40    15
(relay)    28    22    15919.47    15    15899.44    2    1
(advertise)    35    15919.67    22    15
(relay)    42    48    15965.28    15    15957.14    2    1
(advertise)    35    15965.48    48    15
(relay)    36    41    16031.09    16    16026.71    2    1
(advertise)    35    16031.29    41    16
(relay)    28    28    16065.11    16    16064.1    6    1
(advertise)    35    16065.31    28    16
(relay)    28    7    16158.52    16    16155.08    2    1
(advertise)    35    16158.72    7    16
(generate)    35    16162.93    [24]    16
(relay)    42    47    16248.55    16    16245.96    2    1
(advertise)    35    16248.75    47    16
(relay)    42    45    16272.36    16    16257.16    2    1
(advertise)    35    16272.56    45    16
(relay)    36    36    16296.57    16    16296.06    6    1
(advertise)    35    16296.77    36    16
(relay)    36    39    16375.99    16    16374.58    2    1
(advertise)    35    16376.19    39    16
(relay)    42    43    16382.6    16    16381.19    6    1
(advertise)    35    16397.6    43    16
(relay)    28    30    16399.21    16    16395.93    2    1
(advertise)    35    16419.01    30    16
(relay)    42    44    16443.02    16    16426.3    4    1
(advertise)    35    16443.82    44    16
(relay)    36    38    16465.84    16    16441.55    2    1
(advertise)    35    16466.84    38    16
(relay)    42    42    16492.25    16    16491.2    8    1
(advertise)    35    16493.25    42    16
(relay)    28    21    16537.46    16    16537.05    4    1
(advertise)    35    16537.66    21    16
(relay)    28    8    16617.28    16    16615.8    2    1
(advertise)    35    16617.48    8    16
(relay)    28    29    16655.69    16    16654.53    4    1
(advertise)    35    16655.89    29    16
(heartbeat)    24    4    16677.24    35    16701.5    5    7
(advertise)    35    16701.7    24    4
(relay)    36    46    16742.12    16    16739.22    2    1
(advertise)    35    16742.32    46    16
(relay)    28    14    16746.33    16    16725.76    4    1
(advertise)    35    16764.93    14    16
(relay)    28    0    16833.74    16    16830.41    4    1
(advertise)    35    16833.94    0    16
(relay)    42    37    16858.95    16    16845.13    2    1
(advertise)    35    16859.35    37    16
(relay)    36    40    16883.97    16    16871.62    2    1
(advertise)    35    16884.17    40    16
(relay)    28    15    16898.18    16    16897.23    2    1
(advertise)    35    16905.38    15    16
(relay)    28    22    16922.19    16    16899.53    2    1
(advertise)    35    16926.99    22    16
(relay)    42    48    16963.81    16    16957.32    2    1
(advertise)    35    16964.01    48    16
(relay)    36    41    17032.22    17    17026.79    2    1
(advertise)    35    17032.42    41    17
(relay)    28    28    17064.23    17    17064.12    6    1
(advertise)    35    17064.43    28    17
(relay)    28    7    17159.85    17    17155.16    2    1
(advertise)    35    17160.05    7    17
(generate)    35    17163.06    [24]    17
(relay)    36    45    17258.27    17    17257.24    2    1
(advertise)    35    17258.47    45    17
(relay)    36    36    17296.68    17    17296.12    6    1
(advertise)    35    17296.88    36    17
(relay)    36    39    17377.5    17    17374.58    2    1
(advertise)    35    17377.7    39    17
(relay)    42    43    17382.91    17    17381.23    6    1
(advertise)    35    17399.91    43    17
(relay)    36    30    17422.32    17    17396.1    2    1
(advertise)    35    17422.92    30    17
(relay)    42    44    17445.14    17    17426.31    4    1
(advertise)    35    17445.34    44    17
(relay)    42    42    17492.35    17    17491.38    8    1
(advertise)    35    17492.55    42    17
(relay)    28    21    17537.56    17    17537.14    4    1
(advertise)    35    17537.76    21    17
(relay)    28    8    17616.98    17    17615.85    2    1
(advertise)    35    17617.18    8    17
(relay)    28    29    17655.99    17    17654.54    4    1
(advertise)    35    17656.19    29    17
(relay)    28    1    17697.8    17    17681.9    2    1
(advertise)    35    17698.0    1    17
(relay)    28    14    17727.41    17    17725.78    4    1
(advertise)    35    17728.01    14    17
(relay)    42    46    17752.83    17    17739.24    2    1
(advertise)    35    17753.03    46    17
(relay)    28    0    17838.24    17    17830.59    4    1
(advertise)    35    17838.44    0    17
(relay)    36    37    17862.25    17    17845.15    4    1
(advertise)    35    17862.65    37    17
(relay)    28    15    17898.47    17    17897.42    2    1
(advertise)    35    17898.67    15    17
(relay)    28    22    17920.88    17    17899.59    2    1
(advertise)    35    17921.08    22    17
(relay)    42    48    17959.89    17    17957.33    2    1
(advertise)    35    17960.29    48    17
(relay)    36    41    18033.31    18    18026.87    2    1
(advertise)    35    18033.51    41    18
(relay)    28    28    18064.32    18    18064.14    6    1
(advertise)    35    18064.52    28    18
(relay)    28    7    18156.33    18    18155.27    4    1
(advertise)    35    18156.53    7    18
(generate)    35    18163.14    [24]    18
(relay)    36    45    18270.76    18    18257.3    2    1
(advertise)    35    18270.96    45    18
(relay)    36    36    18297.17    18    18296.17    6    1
(advertise)    35    18297.97    36    18
(relay)    36    39    18377.58    18    18374.74    2    1
(advertise)    35    18377.78    39    18
(relay)    42    43    18383.6    18    18381.29    6    1
(advertise)    35    18400.4    43    18
(relay)    36    30    18423.01    18    18396.24    2    1
(advertise)    35    18424.01    30    18
(relay)    42    44    18445.02    18    18426.33    4    1
(advertise)    35    18447.22    44    18
(relay)    36    38    18468.04    18    18441.68    2    1
(advertise)    35    18468.24    38    18
(relay)    42    42    18492.45    18    18491.39    8    1
(advertise)    35    18492.85    42    18
(relay)    28    21    18538.06    18    18537.2    4    1
(advertise)    35    18538.26    21    18
(relay)    28    8    18623.07    18    18615.92    2    1
(advertise)    35    18623.27    8    18
(relay)    42    29    18659.09    18    18654.71    2    1
(advertise)    35    18659.29    29    18
(relay)    28    14    18728.1    18    18725.97    4    1
(advertise)    35    18728.3    14    18
(relay)    42    46    18751.11    18    18739.43    2    1
(advertise)    35    18751.91    46    18
(relay)    28    0    18835.33    18    18830.77    4    1
(advertise)    35    18835.53    0    18
(relay)    36    37    18847.54    18    18845.31    4    1
(advertise)    35    18856.54    37    18
(relay)    36    40    18887.35    18    18871.74    2    1
(advertise)    35    18887.55    40    18
(relay)    28    15    18899.57    18    18897.61    2    1
(advertise)    35    18909.17    15    18
(relay)    28    22    18924.98    18    18899.62    2    1
(advertise)    35    18932.38    22    18
(relay)    28    28    19064.39    19    19064.34    6    1
(advertise)    35    19064.59    28    19
(relay)    28    7    19156.2    19    19155.35    4    1
(advertise)    35    19156.4    7    19
(generate)    35    19163.22    [24]    19
(relay)    36    47    19247.83    19    19246.17    2    1
(advertise)    35    19248.03    47    19
(relay)    36    45    19273.64    19    19257.33    2    1
(advertise)    35    19274.24    45    19
(relay)    36    36    19297.26    19    19296.21    6    1
(advertise)    35    19297.86    36    19
(relay)    36    43    19383.07    19    19381.35    6    1
(advertise)    35    19383.27    43    19
(relay)    28    30    19411.48    19    19396.39    2    1
(advertise)    35    19411.68    30    19
(relay)    36    44    19436.1    19    19426.53    4    1
(advertise)    35    19437.7    44    19
(relay)    42    42    19491.71    19    19491.57    8    1
(advertise)    35    19491.91    42    19
(relay)    28    21    19538.52    19    19537.26    4    1
(advertise)    35    19538.72    21    19
(relay)    28    8    19618.53    19    19616.0    2    1
(advertise)    35    19618.73    8    19
(relay)    42    29    19659.35    19    19654.84    2    1
(advertise)    35    19659.55    29    19
(relay)    28    1    19723.96    19    19682.04    2    1
(advertise)    35    19724.16    1    19
(relay)    28    14    19748.57    19    19725.99    2    1
(advertise)    35    19748.77    14    19
(relay)    42    46    19751.79    19    19739.63    2    1
(advertise)    35    19770.99    46    19
(relay)    28    0    19836.8    19    19830.96    4    1
(advertise)    35    19837.0    0    19
(relay)    36    37    19859.41    19    19845.48    4    1
(advertise)    35    19859.61    37    19
(relay)    36    40    19881.83    19    19871.8    2    1
(advertise)    35    19883.03    40    19
(relay)    28    22    19901.64    19    19899.67    2    1
(advertise)    35    19905.24    22    19
(relay)    28    15    19924.45    19    19897.75    2    1
(advertise)    35    19927.05    15    19
(relay)    36    48    19959.66    19    19957.65    2    1
(advertise)    35    19959.86    48    19
(relay)    28    28    20064.88    20    20064.36    6    1
(advertise)    35    20065.08    28    20
(relay)    28    7    20157.29    20    20155.45    4    1
(advertise)    35    20157.49    7    20
(generate)    35    20163.3    [24]    20
(relay)    36    47    20249.12    20    20246.24    2    1
(advertise)    35    20249.32    47    20
(relay)    36    45    20272.13    20    20257.38    2    1
(advertise)    35    20272.33    45    20
(relay)    36    36    20297.34    20    20296.3    6    1
(advertise)    35    20297.94    36    20
(relay)    36    43    20383.76    20    20381.45    6    1
(advertise)    35    20383.96    43    20
(relay)    36    39    20405.77    20    20374.91    2    1
(advertise)    35    20405.97    39    20
(relay)    36    30    20428.98    20    20396.54    2    1
(advertise)    35    20429.78    30    20
(relay)    36    44    20457.79    20    20427.92    4    1
(advertise)    35    20457.99    44    20
(relay)    42    42    20491.81    20    20491.76    8    1
(advertise)    35    20492.01    42    20
(relay)    28    21    20538.62    20    20537.35    4    1
(advertise)    35    20538.82    21    20
(relay)    28    8    20624.23    20    20616.06    2    1
(advertise)    35    20624.43    8    20
(relay)    28    29    20657.25    20    20654.85    4    1
(advertise)    35    20657.45    29    20
(relay)    28    1    20699.06    20    20682.14    2    1
(advertise)    35    20699.26    1    20
(heartbeat)    24    5    20677.25    35    20703.07    5    7
(advertise)    35    20721.67    24    5
(relay)    42    46    20744.69    20    20739.65    2    1
(advertise)    35    20745.09    46    20
(relay)    28    14    20746.9    20    20726.04    4    1
(advertise)    35    20766.1    14    20
(relay)    28    0    20835.91    20    20830.98    4    1
(advertise)    35    20836.11    0    20
(relay)    28    37    20857.52    20    20845.67    2    1
(advertise)    35    20859.12    37    20
(relay)    36    40    20885.54    20    20871.91    2    1
(advertise)    35    20885.94    40    20
(relay)    28    15    20901.15    20    20897.94    2    1
(advertise)    35    20907.95    15    20
(relay)    28    22    20924.76    20    20900.36    2    1
(advertise)    35    20931.36    22    20
(relay)    36    48    20960.18    20    20957.85    2    1
(advertise)    35    20960.38    48    20
(relay)    28    28    21064.99    21    21064.37    6    1
(advertise)    35    21065.19    28    21
(relay)    28    7    21158.4    21    21155.55    4    1
(advertise)    35    21158.6    7    21
(generate)    35    21163.42    [24]    21
(relay)    36    47    21250.43    21    21246.34    2    1
(advertise)    35    21250.63    47    21
(relay)    36    45    21274.64    21    21257.46    2    1
(advertise)    35    21275.04    45    21
(relay)    36    36    21296.45    21    21296.39    6    1
(advertise)    35    21297.45    36    21
(relay)    36    39    21379.67    21    21374.93    2    1
(advertise)    35    21379.87    39    21
(relay)    42    43    21382.08    21    21381.56    6    1
(relay)    28    30    21399.28    21    21396.7    2    2
(advertise)    35    21401.88    43    21
(advertise)    35    21425.09    30    21
(relay)    42    44    21446.51    21    21427.95    4    1
(advertise)    35    21448.11    44    21
(relay)    42    42    21491.92    21    21491.76    8    1
(advertise)    35    21492.12    42    21
(relay)    28    21    21539.33    21    21537.44    4    1
(advertise)    35    21539.53    21    21
(relay)    28    8    21624.95    21    21616.13    2    1
(advertise)    35    21625.15    8    21
(relay)    42    29    21656.96    21    21654.87    2    1
(advertise)    35    21657.16    29    21
(relay)    28    1    21703.17    21    21682.24    2    1
(advertise)    35    21703.37    1    21
(relay)    28    14    21729.78    21    21726.06    4    1
(advertise)    35    21729.98    14    21
(relay)    36    46    21755.6    21    21739.66    2    1
(advertise)    35    21755.8    46    21
(relay)    36    0    21841.41    21    21831.17    2    1
(advertise)    35    21841.61    0    21
(relay)    36    37    21863.22    21    21845.86    4    1
(advertise)    35    21864.42    37    21
(relay)    28    22    21924.24    21    21900.6    2    1
(advertise)    35    21924.44    22    21
(relay)    36    48    21961.65    21    21958.03    2    1
(advertise)    35    21961.85    48    21
(relay)    36    41    22029.06    22    22027.25    2    1
(advertise)    35    22029.26    41    22
(relay)    28    28    22064.88    22    22064.38    6    1
(advertise)    35    22065.08    28    22
(relay)    28    7    22158.49    22    22155.63    4    1
(advertise)    35    22158.69    7    22
(generate)    35    22163.5    [24]    22
(relay)    36    47    22251.11    22    22246.4    2    1
(advertise)    35    22251.31    47    22
(relay)    36    45    22277.93    22    22257.52    2    1
(advertise)    35    22278.13    45    22
(relay)    36    36    22296.54    22    22296.49    6    1
(advertise)    35    22301.14    36    22
(relay)    42    43    22381.95    22    22381.68    6    1
(advertise)    35    22382.15    43    22
(relay)    36    44    22430.17    22    22428.14    4    1
(advertise)    35    22430.37    44    22
(relay)    36    30    22452.78    22    22396.87    2    1
(advertise)    35    22452.98    30    22
(relay)    42    42    22491.99    22    22491.95    8    1
(advertise)    35    22492.19    42    22
(relay)    28    21    22539.61    22    22537.52    4    1
(advertise)    35    22539.81    21    22
(relay)    28    8    22628.02    22    22616.22    2    1
(advertise)    35    22628.22    8    22
(relay)    28    29    22655.43    22    22654.87    4    1
(advertise)    35    22656.43    29    22
(relay)    28    1    22698.64    22    22682.33    2    1
(advertise)    35    22698.84    1    22
(relay)    28    14    22729.46    22    22726.08    4    1
(advertise)    35    22729.66    14    22
(relay)    36    46    22753.67    22    22739.68    2    1
(advertise)    35    22754.87    46    22
(relay)    28    0    22840.48    22    22831.37    4    1
(advertise)    35    22840.68    0    22
(relay)    36    37    22862.9    22    22845.87    4    1
(advertise)    35    22863.1    37    22
(relay)    36    40    22886.91    22    22872.03    2    1
(advertise)    35    22887.11    40    22
(relay)    28    15    22902.52    22    22898.12    2    1
(advertise)    35    22908.32    15    22
(relay)    28    22    22924.54    22    22900.66    2    1
(advertise)    35    22929.54    22    22
(relay)    36    48    22963.15    22    22958.21    2    1
(advertise)    35    22963.35    48    22
(relay)    36    41    23028.96    23    23027.33    2    1
(advertise)    35    23029.16    41    23
(relay)    28    28    23065.37    23    23064.4    6    1
(advertise)    35    23065.57    28    23
(relay)    28    7    23158.99    23    23155.73    4    1
(advertise)    35    23159.19    7    23
(generate)    35    23163.6    [24]    23
(relay)    36    47    23252.21    23    23246.5    2    1
(advertise)    35    23252.41    47    23
(relay)    36    45    23274.83    23    23257.58    2    1
(advertise)    35    23276.23    45    23
(relay)    36    36    23296.64    23    23296.55    6    1
(advertise)    35    23299.64    36    23
(relay)    36    43    23382.05    23    23381.74    6    1
(advertise)    35    23382.25    43    23
(relay)    36    30    23424.67    23    23397.02    2    1
(advertise)    35    23424.87    30    23
(relay)    36    44    23449.08    23    23428.14    4    1
(advertise)    35    23450.48    44    23
(relay)    42    42    23492.49    23    23491.95    8    1
(advertise)    35    23492.69    42    23
(relay)    28    21    23539.9    23    23537.6    4    1
(advertise)    35    23540.1    21    23
(relay)    28    29    23655.12    23    23654.89    4    1
(advertise)    35    23655.32    29    23
(relay)    28    1    23703.33    23    23682.41    2    1
(advertise)    35    23703.53    1    23
(relay)    28    14    23729.14    23    23726.1    4    1
(advertise)    35    23729.54    14    23
(relay)    42    46    23753.36    23    23739.86    2    1
(advertise)    35    23753.76    46    23
(relay)    28    0    23832.97    23    23831.55    4    1
(advertise)    35    23833.17    0    23
(relay)    36    37    23855.98    23    23846.04    4    1
(advertise)    35    23856.58    37    23
(relay)    36    40    23881.2    23    23872.11    2    1
(advertise)    35    23881.4    40    23
(relay)    28    15    23902.21    23    23898.3    2    1
(advertise)    35    23903.81    15    23
(relay)    28    22    23924.62    23    23900.71    2    1
(advertise)    35    23926.22    22    23
(relay)    36    48    23963.63    23    23958.38    2    1
(advertise)    35    23963.83    48    23
(relay)    36    41    24029.65    24    24027.41    2    1
(advertise)    35    24029.85    41    24
(relay)    28    28    24065.46    24    24064.4    6    1
(advertise)    35    24065.66    28    24
(relay)    28    7    24160.47    24    24155.82    4    1
(advertise)    35    24160.67    7    24
(generate)    35    24163.69    [24]    24
(relay)    42    45    24275.5    24    24257.84    2    1
(advertise)    35    24275.7    45    24
(relay)    36    36    24297.11    24    24296.61    6    1
(advertise)    35    24297.31    36    24
(relay)    36    39    24376.33    24    24375.28    2    1
(advertise)    35    24376.53    39    24
(relay)    42    43    24382.54    24    24381.82    6    1
(advertise)    35    24398.34    43    24
(relay)    36    30    24420.95    24    24397.19    2    1
(advertise)    35    24421.35    30    24
(relay)    42    44    24443.56    24    24428.15    4    1
(advertise)    35    24444.76    44    24
(relay)    36    38    24468.58    24    24442.21    2    1
(advertise)    35    24469.58    38    24
(relay)    42    42    24492.59    24    24491.96    8    1
(advertise)    35    24492.79    42    24
(relay)    28    21    24539.0    24    24537.67    4    1
(advertise)    35    24539.2    21    24
(relay)    28    8    24628.22    24    24616.35    2    1
(advertise)    35    24628.42    8    24
(relay)    28    29    24655.43    24    24654.89    4    1
(advertise)    35    24655.83    29    24
(relay)    36    1    24702.44    24    24682.49    2    1
(advertise)    35    24702.64    1    24
(heartbeat)    24    6    24677.27    35    24724.66    5    11
(advertise)    35    24724.86    24    6
(relay)    28    14    24746.27    24    24726.14    4    1
(advertise)    35    24746.87    14    24
(relay)    36    46    24748.48    24    24739.88    2    1
(advertise)    35    24769.28    46    24
(relay)    28    0    24833.49    24    24831.73    4    1
(advertise)    35    24833.69    0    24
(relay)    36    37    24858.71    24    24846.04    4    1
(advertise)    35    24859.71    37    24
(relay)    36    40    24880.12    24    24872.21    2    1
(advertise)    35    24880.72    40    24
(relay)    28    15    24901.33    24    24898.46    2    1
(advertise)    35    24901.73    15    24
(relay)    36    22    24925.55    24    24900.77    2    1
(advertise)    35    24926.55    22    24
(relay)    36    48    24964.96    24    24958.4    2    1
(advertise)    35    24965.16    48    24
(relay)    36    41    25031.77    25    25027.51    2    1
(advertise)    35    25031.97    41    25
(relay)    28    28    25065.39    25    25064.43    6    1
(advertise)    35    25065.59    28    25
(relay)    28    7    25160.6    25    25155.94    4    1
(advertise)    35    25160.8    7    25
(generate)    35    25163.81    [24]    25
(relay)    42    47    25251.82    25    25246.66    2    1
(advertise)    35    25252.02    47    25
(relay)    28    45    25276.04    25    25257.92    4    1
(advertise)    35    25276.44    45    25
(relay)    36    36    25297.25    25    25296.72    6    1
(advertise)    35    25297.45    36    25
(relay)    36    39    25376.26    25    25375.29    2    1
(advertise)    35    25376.46    39    25
(relay)    42    43    25383.08    25    25381.89    6    1
(advertise)    35    25397.48    43    25
(relay)    28    30    25420.49    25    25397.2    2    1
(advertise)    35    25421.29    30    25
(relay)    36    44    25443.1    25    25428.17    4    1
(advertise)    35    25443.5    44    25
(relay)    36    38    25464.72    25    25442.28    4    1
(advertise)    35    25467.92    38    25
(relay)    42    42    25492.53    25    25492.0    8    1
(advertise)    35    25492.73    42    25
(relay)    28    21    25538.34    25    25537.78    4    1
(advertise)    35    25538.54    21    25
(relay)    28    8    25627.35    25    25616.43    2    1
(advertise)    35    25627.55    8    25
(relay)    36    29    25655.77    25    25654.93    4    1
(advertise)    35    25656.17    29    25
(relay)    28    1    25718.78    25    25682.56    2    1
(advertise)    35    25718.98    1    25
(relay)    36    46    25741.59    25    25739.9    2    1
(advertise)    35    25741.99    46    25
(relay)    28    0    25840.01    25    25831.9    4    1
(advertise)    35    25840.21    0    25
(relay)    36    37    25863.42    25    25846.22    4    1
(advertise)    35    25863.62    37    25
(relay)    36    40    25884.83    25    25872.3    2    1
(advertise)    35    25885.43    40    25
(relay)    28    22    25901.65    25    25900.82    2    1
(relay)    36    15    25907.25    25    25898.5    2    2
(advertise)    35    25908.85    22    25
(advertise)    35    25931.46    15    25
(relay)    36    41    26031.87    26    26027.62    2    1
(advertise)    35    26032.07    41    26
(relay)    28    28    26065.48    26    26064.47    6    1
(advertise)    35    26065.68    28    26
(relay)    28    7    26159.7    26    26156.05    4    1
(advertise)    35    26159.9    7    26
(generate)    35    26163.91    [24]    26
(relay)    42    47    26249.32    26    26246.73    2    1
(advertise)    35    26249.72    47    26
(relay)    36    45    26271.94    26    26257.99    6    1
(advertise)    35    26272.54    45    26
(relay)    36    36    26297.35    26    26296.78    6    1
(advertise)    35    26298.35    36    26
(relay)    36    39    26377.16    26    26375.48    2    1
(advertise)    35    26377.36    39    26
(relay)    42    43    26383.38    26    26381.95    6    1
(advertise)    35    26400.18    43    26
(relay)    36    30    26419.99    26    26397.34    2    1
(advertise)    35    26421.99    30    26
(relay)    42    44    26442.0    26    26428.37    4    1
(advertise)    35    26443.2    44    26
(relay)    36    38    26468.81    26    26442.31    2    1
(advertise)    35    26469.01    38    26
(relay)    42    42    26493.23    26    26492.18    8    1
(advertise)    35    26493.43    42    26
(relay)    28    21    26538.24    26    26537.87    4    1
(advertise)    35    26538.44    21    26
(relay)    28    8    26617.65    26    26616.48    2    1
(advertise)    35    26617.85    8    26
(relay)    42    29    26658.07    26    26654.94    2    1
(advertise)    35    26658.27    29    26
(relay)    28    1    26721.68    26    26682.59    2    1
(advertise)    35    26721.88    1    26
(relay)    42    46    26743.49    26    26739.91    2    1
(relay)    28    14    26744.89    26    26726.21    4    2
(advertise)    35    26745.49    46    26
(advertise)    35    26767.71    14    26
(relay)    28    0    26835.52    26    26832.07    4    1
(advertise)    35    26835.72    0    26
(relay)    36    37    26859.73    26    26846.38    4    1
(advertise)    35    26860.13    37    26
(relay)    36    40    26880.74    26    26872.37    2    1
(advertise)    35    26881.94    40    26
(relay)    28    15    26899.76    26    26898.68    2    1
(advertise)    35    26903.56    15    26
(relay)    28    22    26924.17    26    26900.89    2    1
(advertise)    35    26926.97    22    26
(relay)    42    48    26964.18    26    26958.62    2    1
(advertise)    35    26964.38    48    26
(relay)    36    41    27033.0    27    27027.74    2    1
(advertise)    35    27033.2    41    27
(relay)    28    28    27064.61    27    27064.51    6    1
(advertise)    35    27064.81    28    27
(relay)    28    7    27157.22    27    27156.15    4    1
(advertise)    35    27157.42    7    27
(generate)    35    27164.04    [24]    27
(relay)    42    47    27248.45    27    27246.81    2    1
(advertise)    35    27248.65    47    27
(relay)    36    45    27272.06    27    27258.06    6    1
(advertise)    35    27272.46    45    27
(relay)    36    36    27297.47    27    27296.88    6    1
(advertise)    35    27297.67    36    27
(relay)    36    43    27383.49    27    27382.07    6    1
(advertise)    35    27383.69    43    27
(relay)    42    44    27429.1    27    27428.38    4    1
(advertise)    35    27429.3    44    27
(relay)    36    38    27475.11    27    27442.36    4    1
(advertise)    35    27475.31    38    27
(relay)    42    42    27493.13    27    27492.2    8    1
(advertise)    35    27497.13    42    27
(relay)    28    21    27538.34    27    27537.95    4    1
(advertise)    35    27538.54    21    27
(relay)    28    8    27624.55    27    27616.57    2    1
(advertise)    35    27624.75    8    27
(relay)    28    29    27656.17    27    27654.94    4    1
(advertise)    35    27656.37    29    27
(relay)    28    1    27696.38    27    27682.68    2    1
(advertise)    35    27696.58    1    27
(relay)    28    14    27728.19    27    27726.23    4    1
(advertise)    35    27728.39    14    27
(relay)    36    46    27754.8    27    27740.11    2    1
(advertise)    35    27755.0    46    27
(relay)    28    0    27840.82    27    27832.26    4    1
(advertise)    35    27841.02    0    27
(relay)    36    37    27864.03    27    27846.4    4    1
(advertise)    35    27865.23    37    27
(relay)    36    40    27885.64    27    27872.45    2    1
(advertise)    35    27887.24    40    27
(relay)    28    15    27900.46    27    27898.86    2    1
(advertise)    35    27908.26    15    27
(relay)    28    22    27923.47    27    27900.95    2    1
(advertise)    35    27930.27    22    27
(relay)    42    48    27961.68    27    27958.81    2    1
(advertise)    35    27961.88    48    27
(relay)    36    41    28034.5    28    28027.84    2    1
(advertise)    35    28034.7    41    28
(relay)    28    28    28064.71    28    28064.54    6    1
(advertise)    35    28064.91    28    28
(relay)    28    7    28157.32    28    28156.28    4    1
(advertise)    35    28157.52    7    28
(generate)    35    28164.13    [24]    28
(relay)    36    47    28248.15    28    28246.89    2    1
(advertise)    35    28248.35    47    28
(relay)    36    45    28271.76    28    28258.12    6    1
(advertise)    35    28271.96    45    28
(relay)    36    36    28297.97    28    28296.96    6    1
(advertise)    35    28298.17    36    28
(relay)    36    39    28378.79    28    28375.84    2    1
(advertise)    35    28378.99    39    28
(relay)    42    43    28384.4    28    28382.15    6    1
(advertise)    35    28401.6    43    28
(relay)    28    30    28402.81    28    28397.66    2    1
(advertise)    35    28423.21    30    28
(relay)    36    44    28443.63    28    28428.4    4    1
(advertise)    35    28446.43    44    28
(relay)    36    38    28466.04    28    28442.42    4    1
(advertise)    35    28470.04    38    28
(relay)    42    42    28493.25    28    28492.22    8    1
(advertise)    35    28493.85    42    28
(relay)    28    21    28539.46    28    28538.04    4    1
(advertise)    35    28539.66    21    28
(relay)    28    8    28622.68    28    28616.69    2    1
(advertise)    35    28622.88    8    28
(relay)    28    29    28657.09    28    28655.13    4    1
(advertise)    35    28657.29    29    28
(heartbeat)    24    7    28677.28    35    28682.1    5    11
(advertise)    35    28682.5    24    7
(relay)    28    14    28728.52    28    28726.25    4    1
(advertise)    35    28728.72    14    28
(relay)    28    1    28750.73    28    28682.79    2    1
(advertise)    35    28751.73    1    28
(relay)    28    0    28837.34    28    28832.27    4    1
(advertise)    35    28837.54    0    28
(relay)    36    37    28860.76    28    28846.56    4    1
(advertise)    35    28861.36    37    28
(relay)    36    40    28882.77    28    28872.54    2    1
(advertise)    35    28882.97    40    28
(relay)    28    22    28903.18    28    28901.06    2    1
(advertise)    35    28905.58    22    28
(relay)    36    15    28906.99    28    28898.89    2    1
(advertise)    35    28927.19    15    28
(relay)    42    48    28961.01    28    28958.99    2    1
(advertise)    35    28961.21    48    28
(relay)    28    28    29064.62    29    29064.6    6    1
(advertise)    35    29064.82    28    29
(relay)    28    7    29157.23    29    29156.39    4    1
(advertise)    35    29157.43    7    29
(generate)    35    29164.25    [24]    29
(relay)    36    47    29249.66    29    29247.01    2    1
(advertise)    35    29249.86    47    29
(relay)    42    45    29274.87    29    29258.18    4    1
(advertise)    35    29275.27    45    29
(relay)    36    36    29298.09    29    29297.04    6    1
(advertise)    35    29298.49    36    29
(relay)    36    39    29379.3    29    29376.01    2    1
(advertise)    35    29379.5    39    29
(relay)    42    43    29384.31    29    29382.25    6    1
(advertise)    35    29401.31    43    29
(relay)    36    30    29423.52    29    29397.83    2    1
(advertise)    35    29424.32    30    29
(relay)    42    44    29444.14    29    29428.42    4    1
(advertise)    35    29446.34    44    29
(relay)    42    38    29471.95    29    29442.48    2    1
(advertise)    35    29472.15    38    29
(relay)    36    42    29494.76    29    29492.24    6    1
(advertise)    35    29494.96    42    29
(relay)    42    29    29658.78    29    29655.17    2    1
(advertise)    35    29658.98    29    29
(relay)    28    1    29701.39    29    29682.88    2    1
(advertise)    35    29701.59    1    29
(relay)    28    14    29728.4    29    29726.28    4    1
(advertise)    35    29728.6    14    29
(relay)    36    46    29753.62    29    29740.31    4    1
(advertise)    35    29754.02    46    29
(relay)    28    0    29838.23    29    29832.43    4    1
(advertise)    35    29838.43    0    29
(relay)    36    37    29860.24    29    29846.7    4    1
(advertise)    35    29860.64    37    29
(relay)    36    40    29884.85    29    29872.63    2    1
(advertise)    35    29885.05    40    29
(relay)    28    15    29901.87    29    29899.06    2    1
(advertise)    35    29908.07    15    29
(relay)    28    22    29926.48    29    29901.53    2    1
(advertise)    35    29930.28    22    29
(relay)    42    48    29961.49    29    29959.18    2    1
(advertise)    35    29961.69    48    29
