(relay)    37    41    1026.6    1    1025.0    123    1
(advertise)    36    1026.8    41    1
(relay)    35    28    1063.41    1    1062.01    126    1
(advertise)    36    1063.61    28    1
(relay)    29    18    1091.03    1    1069.03    122    1
(advertise)    36    1091.43    18    1
(relay)    37    3    1114.44    1    1089.21    121    1
(advertise)    36    1115.64    3    1
(relay)    35    4    1140.25    1    1111.04    118    1
(advertise)    36    1140.45    4    1
(relay)    37    33    1161.47    1    1071.01    119    1
(relay)    35    35    1161.67    1    1161.07    127    2
(advertise)    36    1162.67    33    1
(relay)    37    19    1183.08    1    1149.07    121    2
(advertise)    36    1184.08    35    1
(relay)    29    7    1185.49    1    1153.07    123    2
(advertise)    36    1205.49    19    1
(relay)    29    16    1206.7    1    1177.08    124    2
(relay)    37    26    1225.7    1    1166.08    122    3
(advertise)    36    1226.7    7    1
(advertise)    36    1250.52    16    1
(relay)    29    2    1272.53    1    1164.05    122    2
(advertise)    36    1272.93    26    1
(relay)    37    45    1291.74    1    1255.13    125    2
(generate)    36    1294.14    [24]    1
(advertise)    36    1295.96    2    1
(advertise)    36    1317.77    45    1
(relay)    37    47    1334.38    1    1244.12    123    1
(relay)    29    23    1337.58    1    1297.16    125    2
(advertise)    36    1338.98    47    1
(advertise)    36    1360.4    23    1
(relay)    29    17    1383.21    1    1292.14    123    1
(advertise)    36    1383.41    17    1
(relay)    43    44    1427.42    1    1425.02    126    1
(advertise)    36    1427.62    44    1
(relay)    35    43    1431.03    1    1378.2    125    1
(advertise)    36    1450.03    43    1
(relay)    37    30    1467.85    1    1393.01    126    1
(relay)    43    39    1470.65    1    1373.2    123    2
(advertise)    36    1471.45    30    1
(relay)    43    42    1492.86    1    1489.05    126    2
(advertise)    36    1494.06    39    1
(advertise)    36    1517.27    42    1
(relay)    37    38    1532.29    1    1440.03    126    1
(relay)    35    31    1541.09    1    1315.16    123    2
(advertise)    36    1541.49    38    1
(relay)    37    9    1555.5    1    1337.18    123    2
(relay)    29    21    1563.1    1    1535.09    125    3
(advertise)    36    1564.7    31    1
(advertise)    36    1586.51    9    1
(relay)    37    32    1600.93    1    1496.07    124    2
(advertise)    36    1608.33    21    1
(advertise)    36    1630.34    32    1
(relay)    29    25    1633.15    1    1533.09    121    1
(advertise)    36    1651.75    25    1
(relay)    29    29    1653.16    1    1653.15    127    1
(relay)    29    11    1654.96    1    1568.11    121    2
(relay)    37    34    1667.16    1    1483.06    120    3
(advertise)    36    1673.36    29    1
(advertise)    36    1694.58    11    1
(relay)    29    8    1699.79    1    1614.11    124    2
(advertise)    36    1716.79    34    1
(advertise)    36    1738.4    8    1
(relay)    29    14    1743.42    1    1724.0    124    1
(advertise)    36    1761.42    14    1
(relay)    29    1    1766.43    1    1680.16    123    1
(advertise)    36    1783.03    1    1
(relay)    43    46    1784.24    1    1738.0    124    1
(relay)    29    13    1794.24    1    1594.13    119    2
(advertise)    36    1806.44    46    1
(advertise)    36    1828.26    13    1
(relay)    29    6    1840.27    1    1665.14    118    1
(relay)    37    37    1843.27    1    1843.07    127    2
(advertise)    36    1849.67    6    1
(relay)    29    5    1863.68    1    1645.15    119    2
(advertise)    36    1871.48    37    1
(relay)    37    20    1876.49    1    1769.02    120    2
(advertise)    36    1895.69    5    1
(advertise)    36    1917.71    20    1
(relay)    35    0    1921.52    1    1829.04    122    1
(relay)    37    10    1924.32    1    1750.02    120    2
(advertise)    36    1939.52    0    1
(relay)    37    40    1947.33    1    1870.29    124    2
(advertise)    36    1960.73    10    1
(relay)    29    22    1973.15    1    1896.11    124    2
(advertise)    36    1982.35    40    1
(advertise)    36    2004.36    22    1
(relay)    37    27    2013.37    1    1808.06    121    1
(relay)    29    15    2016.77    1    1895.11    123    2
(advertise)    36    2025.57    27    1
(relay)    37    12    2036.19    1    1809.04    120    2
(advertise)    36    2049.99    15    1
(relay)    37    48    2059.8    1    1955.11    122    2
(advertise)    36    2071.2    12    1
(relay)    29    28    2083.21    2    2062.2    126    2
(advertise)    36    2093.61    48    1
(advertise)    36    2116.62    28    2
(relay)    29    18    2126.24    2    2069.2    120    1
(advertise)    36    2138.24    18    2
(relay)    37    41    2149.05    2    2025.17    121    1
(advertise)    36    2159.25    41    2
(relay)    35    35    2162.26    2    2161.25    127    1
(relay)    29    3    2171.46    2    2089.4    121    2
(relay)    37    33    2172.26    2    2071.6    121    3
(advertise)    36    2183.26    35    2
(advertise)    36    2205.68    3    2
(advertise)    36    2227.69    33    2
(relay)    37    4    2237.3    2    2111.22    120    1
(relay)    35    7    2241.1    2    2153.24    123    2
(advertise)    36    2249.1    4    2
(advertise)    36    2270.92    7    2
(relay)    29    16    2282.33    2    2177.28    124    1
(advertise)    36    2293.53    16    2
(generate)    36    2294.74    [24]    2
(relay)    29    26    2303.55    2    2166.26    122    1
(advertise)    36    2317.15    26    2
(relay)    37    45    2326.57    2    2255.92    125    1
(advertise)    36    2340.17    45    2
(relay)    29    2    2348.58    2    2164.24    122    1
(advertise)    36    2362.58    2    2
(relay)    29    23    2370.39    2    2297.34    125    1
(relay)    43    43    2378.39    2    2378.37    127    2
(relay)    43    47    2383.99    2    2244.32    123    3
(advertise)    36    2384.19    23    2
(relay)    37    19    2393.81    2    2149.25    121    3
(advertise)    36    2406.41    43    2
(advertise)    36    2428.42    47    2
(relay)    29    31    2435.43    2    2315.35    125    2
(relay)    43    44    2449.63    2    2425.21    126    3
(advertise)    36    2450.23    19    2
(relay)    29    30    2456.44    2    2393.81    126    3
(advertise)    36    2471.24    31    2
(relay)    35    9    2482.66    2    2337.37    121    3
(advertise)    36    2492.46    44    2
(relay)    29    17    2499.47    2    2292.34    123    3
(advertise)    36    2513.87    30    2
(relay)    43    42    2516.68    2    2489.22    126    3
(relay)    37    38    2530.08    2    2440.23    126    4
(advertise)    36    2536.28    9    2
(advertise)    36    2558.5    17    2
(advertise)    36    2582.51    42    2
(relay)    37    39    2595.52    2    2373.39    123    2
(advertise)    36    2604.52    38    2
(relay)    35    21    2619.94    2    2535.27    125    2
(advertise)    36    2626.74    39    2
(advertise)    36    2649.15    21    2
(relay)    29    29    2653.36    2    2653.35    127    1
(relay)    37    32    2665.76    2    2496.26    124    2
(advertise)    36    2671.36    29    2
(relay)    37    34    2688.77    2    2483.24    122    2
(advertise)    36    2693.97    32    2
(advertise)    36    2716.79    34    2
(relay)    29    25    2720.2    2    2533.28    121    1
(advertise)    36    2740.0    25    2
(relay)    29    8    2741.21    2    2614.31    124    1
(relay)    43    11    2760.41    2    2568.31    117    2
(advertise)    36    2762.21    8    2
(advertise)    36    2785.43    11    2
(relay)    29    13    2792.44    2    2594.31    119    1
(advertise)    36    2807.04    13    2
(relay)    29    1    2815.25    2    2680.36    123    1
(advertise)    36    2828.85    1    2
(relay)    29    14    2837.07    2    2724.2    124    1
(relay)    37    46    2842.27    2    2738.2    124    2
(relay)    37    37    2843.47    2    2843.47    127    3
(advertise)    36    2851.87    14    2
(advertise)    36    2875.28    46    2
(relay)    29    5    2881.49    2    2645.34    119    2
(advertise)    36    2896.69    37    2
(relay)    29    22    2903.9    2    2896.29    126    2
(advertise)    36    2918.5    5    2
(relay)    37    6    2930.92    2    2665.32    118    2
(advertise)    36    2942.12    22    2
(relay)    37    40    2952.93    2    2870.48    124    2
(advertise)    36    2963.93    6    2
(relay)    29    15    2970.14    2    2895.3    125    2
(advertise)    36    2986.14    40    2
(relay)    29    0    2992.96    2    2829.2    122    2
(relay)    37    27    2998.36    2    2808.24    121    3
(advertise)    36    3010.56    15    2
(relay)    37    20    3018.57    2    2769.21    120    3
(advertise)    36    3032.17    0    2
(relay)    29    10    3035.38    2    2750.21    122    3
(advertise)    36    3053.78    27    2
(advertise)    36    3077.2    20    2
(relay)    29    12    3080.21    2    2809.23    118    2
(advertise)    36    3100.41    10    2
(relay)    29    28    3101.62    3    3062.4    126    2
(relay)    37    48    3104.42    2    2955.29    122    3
(advertise)    36    3122.42    12    2
(advertise)    36    3144.83    28    3
(relay)    35    35    3162.45    3    3161.45    127    2
(advertise)    36    3168.25    48    2
(relay)    29    3    3172.46    3    3089.6    121    2
(relay)    43    41    3186.46    3    3025.37    121    3
(advertise)    36    3190.26    35    3
(relay)    29    7    3195.27    3    3153.43    123    3
(relay)    37    33    3212.07    3    3071.8    123    4
(advertise)    36    3212.27    3    3
(advertise)    36    3233.89    41    3
(advertise)    36    3256.7    7    3
(advertise)    36    3278.71    33    3
(relay)    29    16    3281.93    3    3177.46    124    1
(generate)    36    3294.93    [24]    3
(relay)    43    18    3296.14    3    3069.4    120    2
(advertise)    36    3302.14    16    3
(relay)    37    26    3320.35    3    3167.66    122    2
(relay)    43    45    3320.55    3    3256.1    125    3
(advertise)    36    3324.75    18    3
(advertise)    36    3345.76    26    3
(relay)    29    19    3349.38    3    3149.45    121    2
(advertise)    36    3368.78    45    3
(relay)    43    43    3378.59    3    3378.56    127    2
(relay)    35    4    3389.79    3    3111.42    118    3
(advertise)    36    3390.59    19    3
(relay)    43    47    3409.4    3    3244.49    123    3
(relay)    37    23    3411.6    3    3297.53    125    4
(advertise)    36    3413.0    43    3
(relay)    37    31    3433.22    3    3315.55    125    4
(advertise)    36    3435.62    4    3
(relay)    29    2    3456.63    3    3164.42    122    4
(advertise)    36    3457.83    47    3
(relay)    37    30    3476.24    3    3394.0    126    4
(relay)    43    44    3476.64    3    3425.22    126    5
(advertise)    36    3480.04    23    3
(advertise)    36    3501.06    31    3
(advertise)    36    3522.47    2    3
(relay)    43    42    3542.68    3    3489.42    126    3
(advertise)    36    3543.68    30    3
(relay)    37    38    3565.69    3    3440.43    126    3
(advertise)    36    3565.89    44    3
(advertise)    36    3586.91    42    3
(relay)    29    9    3590.92    3    3337.56    123    2
(advertise)    36    3608.12    38    3
(relay)    37    39    3609.33    3    3373.59    125    2
(advertise)    36    3630.33    9    3
(relay)    35    21    3637.35    3    3535.47    125    2
(advertise)    36    3653.15    39    3
(relay)    35    17    3659.56    3    3292.53    121    2
(relay)    43    32    3673.36    3    3496.46    122    3
(advertise)    36    3676.16    21    3
(advertise)    36    3697.77    17    3
(relay)    43    34    3717.39    3    3483.44    120    2
(advertise)    36    3718.99    32    3
(advertise)    36    3740.8    34    3
(relay)    29    11    3742.01    3    3568.51    121    1
(relay)    43    25    3762.01    3    3533.48    121    2
(advertise)    36    3764.61    11    3
(relay)    35    29    3770.22    3    3653.55    125    2
(advertise)    36    3788.02    25    3
(relay)    43    46    3807.04    3    3738.4    124    2
(advertise)    36    3810.24    29    3
(advertise)    36    3834.25    46    3
(relay)    37    37    3843.66    3    3843.66    127    1
(relay)    37    8    3853.46    3    3614.49    120    2
(advertise)    36    3856.06    37    3
(relay)    37    5    3877.08    3    3645.35    119    2
(advertise)    36    3877.68    8    3
(relay)    29    14    3881.89    3    3725.0    124    2
(relay)    37    13    3898.69    3    3594.51    117    3
(advertise)    36    3899.69    5    3
(advertise)    36    3921.1    14    3
(relay)    29    1    3925.12    3    3680.55    123    2
(relay)    37    6    3941.32    3    3665.51    118    3
(advertise)    36    3943.12    13    3
(relay)    29    22    3947.13    3    3896.49    126    3
(advertise)    36    3964.13    1    3
(advertise)    36    3986.34    6    3
(relay)    43    40    4006.35    3    3870.68    122    2
(advertise)    36    4007.35    22    3
(relay)    29    10    4013.17    3    3750.41    122    2
(advertise)    36    4029.77    40    3
(relay)    29    0    4035.98    3    3829.4    122    2
(advertise)    36    4052.18    10    3
(advertise)    36    4073.19    0    3
(relay)    29    28    4080.21    4    4062.59    126    1
(relay)    37    20    4095.81    3    3769.22    120    2
(advertise)    36    4096.21    28    4
(relay)    29    15    4100.62    3    3895.49    123    2
(advertise)    36    4118.42    20    3
(relay)    29    27    4124.03    3    3808.44    119    2
(relay)    37    12    4140.23    3    3809.42    118    3
(advertise)    36    4140.63    15    3
(advertise)    36    4162.05    27    3
(advertise)    36    4183.46    12    3
(relay)    37    41    4185.27    4    4025.57    123    1
(relay)    29    35    4189.87    4    4161.63    125    2
(advertise)    36    4204.47    41    4
(relay)    37    48    4207.48    3    3955.48    122    2
(advertise)    36    4225.48    35    4
(relay)    29    16    4233.1    4    4177.66    124    2
(advertise)    36    4248.9    48    3
(relay)    37    33    4252.11    4    4071.98    123    2
(advertise)    36    4272.71    16    4
(relay)    29    7    4274.92    4    4153.63    123    2
(generate)    36    4295.12    [24]    4
(advertise)    36    4296.34    33    4
(advertise)    36    4317.35    7    4
(relay)    37    45    4319.76    4    4256.11    125    1
(relay)    29    18    4321.56    4    4069.59    122    2
(advertise)    36    4340.36    45    4
(relay)    29    3    4344.58    4    4089.81    121    2
(advertise)    36    4362.78    18    4
(relay)    43    43    4378.79    4    4378.76    127    2
(relay)    43    47    4382.19    4    4244.68    123    3
(advertise)    36    4385.59    3    4
(relay)    29    23    4388.2    4    4297.54    125    3
(advertise)    36    4407.4    43    4
(relay)    35    2    4429.01    4    4164.62    120    3
(advertise)    36    4430.01    47    4
(relay)    29    31    4431.63    4    4315.95    125    3
(relay)    43    26    4449.43    4    4167.86    120    4
(advertise)    36    4452.63    23    4
(relay)    37    30    4454.04    4    4394.2    126    4
(relay)    43    19    4472.84    4    4149.65    119    5
(advertise)    36    4474.44    2    4
(relay)    43    44    4494.45    4    4425.41    126    5
(advertise)    36    4497.65    31    4
(relay)    29    4    4520.27    4    4111.62    118    5
(advertise)    36    4520.67    26    4
(advertise)    36    4542.48    30    4
(advertise)    36    4564.89    19    4
(relay)    43    42    4583.31    4    4489.61    126    3
(advertise)    36    4587.31    44    4
(advertise)    36    4608.52    4    4
(relay)    43    39    4628.13    4    4373.79    123    2
(advertise)    36    4630.13    42    4
(relay)    35    17    4634.34    4    4292.72    121    2
(relay)    43    38    4650.74    4    4440.61    124    3
(advertise)    36    4652.34    39    4
(relay)    29    29    4653.56    4    4653.56    127    3
(relay)    37    9    4673.36    4    4337.75    123    4
(advertise)    36    4674.36    17    4
(advertise)    36    4696.77    38    4
(relay)    35    21    4701.18    4    4535.67    125    3
(advertise)    36    4717.78    29    4
(advertise)    36    4738.8    9    4
(relay)    29    32    4758.61    4    4496.65    124    2
(advertise)    36    4761.41    21    4
(relay)    37    34    4763.82    4    4483.64    122    2
(relay)    29    25    4781.42    4    4533.68    123    3
(advertise)    36    4784.22    32    4
(relay)    29    11    4803.44    4    4568.69    119    3
(advertise)    36    4805.44    34    4
(relay)    29    8    4825.45    4    4614.69    122    3
(advertise)    36    4826.65    25    4
(relay)    43    46    4829.46    4    4738.6    124    3
(relay)    37    37    4844.46    4    4843.86    5    4
(advertise)    36    4849.66    11    4
(heartbeat)    24    1    4677.2    36    4852.67    127    0
(advertise)    36    4871.27    8    4
(relay)    29    14    4891.49    4    4725.18    124    4
(advertise)    36    4893.09    46    4
(advertise)    36    4914.1    37    4
(relay)    37    13    4919.51    4    4594.69    119    3
(relay)    29    22    4933.91    4    4896.5    3    4
(advertise)    36    4935.31    24    1
(advertise)    36    4956.33    14    4
(advertise)    36    4978.54    13    4
(relay)    37    40    4979.75    4    4870.87    3    2
(advertise)    36    4999.95    22    4
(advertise)    36    5021.37    40    4
(relay)    37    5    5022.78    4    4645.52    119    1
(advertise)    36    5043.98    5    4
(relay)    37    20    5066.19    4    4769.41    120    1
(advertise)    36    5066.59    20    4
(relay)    29    10    5086.0    4    4750.61    122    1
(advertise)    36    5087.6    10    4
(relay)    37    1    5088.82    4    4680.74    119    1
(relay)    35    15    5097.62    4    4895.69    1    2
(relay)    29    28    5108.62    5    5063.39    5    3
(advertise)    36    5109.22    1    4
(advertise)    36    5132.03    28    5
(relay)    43    41    5138.64    5    5025.77    1    1
(relay)    29    0    5153.24    4    4829.57    122    1
(relay)    37    6    5154.44    4    4665.71    118    2
(advertise)    36    5155.44    0    4
(relay)    35    35    5162.86    5    5161.83    7    2
(advertise)    36    5177.66    6    4
(relay)    37    48    5196.67    4    4955.67    3    2
(advertise)    36    5199.87    35    5
(relay)    29    12    5219.88    4    4809.62    120    2
(advertise)    36    5222.48    48    4
(relay)    37    33    5241.3    5    5072.18    1    2
(advertise)    36    5247.1    12    4
(relay)    29    16    5285.71    5    5177.86    1    1
(relay)    43    45    5289.91    5    5256.3    3    1
(advertise)    36    5290.11    45    5
(generate)    36    5295.32    [24]    5
(relay)    35    7    5302.73    5    5153.83    3    1
(advertise)    36    5311.93    7    5
(relay)    43    47    5334.15    5    5244.88    3    1
(advertise)    36    5334.35    47    5
(relay)    29    23    5371.96    5    5297.73    1    1
(relay)    43    43    5379.16    5    5378.96    7    1
(advertise)    36    5379.36    43    5
(relay)    35    9    5389.57    5    5337.95    1    1
(relay)    29    3    5394.17    5    5089.99    1    1
(relay)    43    39    5402.57    5    5373.99    1    1
(relay)    43    44    5426.77    5    5425.57    5    1
(advertise)    36    5426.97    44    5
(relay)    29    2    5438.39    5    5164.82    1    1
(relay)    37    31    5439.99    5    5316.15    1    1
(relay)    43    38    5461.59    5    5440.81    1    1
(relay)    37    19    5484.59    5    5149.84    1    1
(relay)    35    42    5490.99    5    5489.71    7    1
(advertise)    36    5491.19    42    5
(relay)    29    30    5524.0    5    5394.4    3    1
(advertise)    36    5524.2    30    5
(relay)    35    21    5548.41    5    5535.85    3    1
(advertise)    36    5548.61    21    5
(relay)    35    8    5624.83    5    5614.77    1    1
(relay)    29    29    5654.23    5    5653.74    5    1
(advertise)    36    5654.43    29    5
(relay)    37    34    5661.24    5    5483.75    1    1
(relay)    37    32    5683.24    5    5496.85    1    1
(relay)    35    1    5717.64    5    5680.84    3    1
(advertise)    36    5717.84    1    5
(relay)    43    46    5740.65    5    5738.63    3    1
(relay)    35    14    5741.65    5    5725.25    3    2
(advertise)    36    5742.05    46    5
(advertise)    36    5764.06    14    5
(relay)    35    0    5838.68    5    5829.75    3    1
(advertise)    36    5838.88    0    5
(relay)    37    37    5844.69    5    5844.05    5    1
(advertise)    36    5861.29    37    5
(relay)    43    40    5885.7    5    5870.9    1    1
(relay)    29    15    5896.9    5    5895.85    3    1
(advertise)    36    5897.1    15    5
(relay)    29    22    5918.72    5    5897.34    3    1
(advertise)    36    5920.72    22    5
(relay)    43    48    5962.93    5    5955.81    3    1
(advertise)    36    5963.13    48    5
(relay)    37    41    6029.74    6    6025.96    3    1
(advertise)    36    6029.94    41    6
(relay)    29    28    6064.96    6    6063.5    5    1
(advertise)    36    6065.16    28    6
(relay)    37    33    6087.97    6    6072.35    1    1
(relay)    29    3    6112.57    6    6090.12    1    1
(relay)    29    7    6156.37    6    6154.01    3    1
(advertise)    36    6156.57    7    6
(relay)    35    35    6162.98    6    6162.01    7    1
(relay)    29    19    6176.58    6    6149.89    1    2
(advertise)    36    6178.58    35    6
(relay)    35    2    6206.39    6    6164.89    1    1
(relay)    29    16    6222.39    6    6177.9    1    1
(relay)    37    47    6249.79    6    6245.03    5    1
(advertise)    36    6249.99    47    6
(relay)    37    45    6270.81    6    6256.42    3    1
(advertise)    36    6273.01    45    6
(generate)    36    6295.42    [24]    6
(relay)    37    31    6321.23    6    6316.29    1    1
(relay)    29    17    6331.63    6    6293.09    1    1
(relay)    37    23    6342.83    6    6297.91    1    1
(relay)    29    9    6374.03    6    6338.03    1    1
(relay)    37    39    6376.23    6    6374.07    3    1
(advertise)    36    6376.43    39    6
(relay)    43    43    6379.65    6    6379.09    7    1
(advertise)    36    6399.25    43    6
(relay)    37    30    6420.26    6    6394.44    3    1
(advertise)    36    6423.06    30    6
(relay)    43    44    6444.27    6    6425.61    5    1
(advertise)    36    6446.27    44    6
(relay)    43    38    6470.49    6    6440.9    1    1
(relay)    35    42    6491.69    6    6489.89    7    1
(advertise)    36    6491.89    42    6
(relay)    37    34    6529.9    6    6483.76    1    1
(relay)    35    21    6536.7    6    6535.96    3    1
(advertise)    36    6536.9    21    6
(relay)    37    32    6573.91    6    6496.88    1    1
(relay)    29    8    6616.31    6    6614.85    3    1
(advertise)    36    6616.51    8    6
(relay)    29    29    6654.32    6    6653.78    5    1
(advertise)    36    6654.52    29    6
(relay)    35    1    6716.34    6    6680.95    3    1
(advertise)    36    6716.54    1    6
(relay)    35    14    6740.55    6    6725.31    3    1
(advertise)    36    6740.75    14    6
(relay)    29    10    6767.36    6    6750.71    1    1
(relay)    29    46    6790.56    6    6738.65    1    1
(relay)    29    12    6815.16    6    6809.74    1    1
(relay)    35    0    6838.56    6    6829.76    3    1
(advertise)    36    6838.76    0    6
(relay)    37    37    6844.58    6    6844.05    5    1
(advertise)    36    6860.98    37    6
(relay)    37    40    6875.59    6    6871.0    3    1
(advertise)    36    6883.79    40    6
(relay)    29    15    6906.8    6    6896.04    3    1
(advertise)    36    6907.8    15    6
(relay)    29    22    6928.42    6    6898.05    3    1
(advertise)    36    6929.02    22    6
(relay)    37    48    6962.23    6    6955.83    3    1
(advertise)    36    6962.43    48    6
(relay)    37    41    7030.44    7    7026.07    3    1
(advertise)    36    7030.64    41    7
(relay)    35    28    7065.05    7    7063.54    5    1
(advertise)    36    7065.25    28    7
(relay)    37    33    7087.27    7    7072.42    1    1
(relay)    29    3    7094.67    7    7090.16    1    1
(relay)    29    19    7152.67    7    7149.89    1    1
(relay)    35    35    7162.27    7    7162.12    7    1
(advertise)    36    7162.47    35    7
(relay)    29    7    7172.68    7    7154.11    3    1
(advertise)    36    7183.68    7    7
(relay)    29    16    7217.29    7    7178.05    1    1
(relay)    35    2    7227.89    7    7164.92    1    1
(relay)    35    47    7251.09    7    7245.15    3    1
(advertise)    36    7251.29    47    7
(relay)    43    45    7270.11    7    7256.51    3    1
(advertise)    36    7272.31    45    7
(generate)    36    7295.52    [24]    7
(relay)    29    17    7326.93    7    7293.19    1    1
(relay)    29    23    7349.33    7    7298.0    1    1
(relay)    29    31    7372.13    7    7316.39    1    1
(relay)    43    39    7377.73    7    7374.23    1    1
(relay)    43    43    7379.73    7    7379.18    7    1
(advertise)    36    7379.93    43    7
(relay)    43    44    7426.95    7    7425.62    5    1
(advertise)    36    7427.15    44    7
(relay)    29    30    7436.36    7    7394.44    3    1
(advertise)    36    7449.16    30    7
(relay)    43    38    7472.37    7    7440.98    1    1
(relay)    35    42    7492.17    7    7490.09    7    1
(advertise)    36    7492.37    42    7
(relay)    29    34    7522.98    7    7483.78    1    1
(relay)    37    32    7532.18    7    7497.04    1    1
(relay)    35    21    7536.98    7    7536.1    3    1
(advertise)    36    7537.18    21    7
(relay)    35    8    7616.8    7    7614.93    1    1
(relay)    29    29    7654.4    7    7653.84    5    1
(advertise)    36    7654.6    29    7
(relay)    35    1    7719.41    7    7681.06    3    1
(advertise)    36    7719.61    1    7
(relay)    43    46    7742.82    7    7738.68    3    1
(advertise)    36    7743.22    46    7
(relay)    37    12    7816.24    7    7809.8    1    1
(relay)    37    0    7843.64    7    7829.76    1    1
(relay)    37    37    7844.84    7    7844.27    5    1
(advertise)    36    7845.04    37    7
(relay)    37    40    7887.85    7    7871.08    3    1
(advertise)    36    7888.05    40    7
(relay)    29    22    7912.06    7    7898.13    3    1
(advertise)    36    7912.26    22    7
(relay)    37    15    7913.48    7    7896.2    1    1
(relay)    29    48    7961.08    7    7956.02    1    1
(relay)    37    41    8031.88    8    8026.13    3    1
(advertise)    36    8032.08    41    8
(relay)    35    28    8063.89    8    8063.58    5    1
(advertise)    36    8064.09    28    8
(relay)    37    33    8111.5    8    8072.86    1    1
(relay)    35    7    8155.3    8    8154.21    3    1
(advertise)    36    8155.5    7    8
(relay)    35    35    8162.31    8    8162.22    7    1
(advertise)    36    8177.11    35    8
(relay)    29    2    8204.13    8    8164.95    1    1
(relay)    37    16    8223.33    8    8178.41    1    1
(relay)    43    47    8246.53    8    8245.24    5    1
(advertise)    36    8246.73    47    8
(relay)    37    45    8269.14    8    8256.58    3    1
(advertise)    36    8269.74    45    8
(generate)    36    8295.55    [24]    8
(relay)    29    23    8321.97    8    8298.09    1    1
(relay)    37    17    8343.57    8    8293.26    1    1
(relay)    29    9    8365.97    8    8338.37    1    1
(relay)    37    31    8367.17    8    8316.51    1    1
(relay)    43    39    8378.97    8    8374.25    1    1
(relay)    43    43    8380.17    8    8379.66    7    1
(advertise)    36    8380.37    43    8
(relay)    43    44    8425.98    8    8425.64    5    1
(advertise)    36    8426.18    44    8
(relay)    37    30    8433.99    8    8394.63    3    1
(advertise)    36    8447.79    30    8
(relay)    43    38    8474.21    8    8441.04    1    1
(relay)    35    42    8492.61    8    8490.27    7    1
(advertise)    36    8492.81    42    8
(relay)    37    32    8522.82    8    8497.2    1    1
(relay)    35    21    8537.42    8    8536.24    3    1
(advertise)    36    8537.62    21    8
(relay)    37    34    8567.03    8    8483.8    1    1
(relay)    35    8    8621.83    8    8615.01    1    1
(relay)    29    29    8654.43    8    8653.86    5    1
(advertise)    36    8654.63    29    8
(heartbeat)    24    2    8677.21    36    8696.64    4    4
(advertise)    36    8696.84    24    2
(relay)    29    1    8722.46    8    8681.14    3    1
(advertise)    36    8722.66    1    8
(relay)    43    46    8745.87    8    8738.73    3    1
(advertise)    36    8746.07    46    8
(relay)    35    14    8748.48    8    8725.43    3    1
(advertise)    36    8768.08    14    8
(relay)    37    12    8831.7    8    8809.86    1    1
(relay)    37    37    8845.3    8    8844.31    5    1
(advertise)    36    8845.5    37    8
(relay)    35    0    8872.31    8    8829.78    3    1
(advertise)    36    8872.71    0    8
(relay)    37    40    8896.32    8    8871.16    1    1
(relay)    35    15    8898.32    8    8896.22    1    1
(relay)    35    22    8920.92    8    8898.23    1    1
(relay)    43    48    8959.32    8    8956.02    3    1
(advertise)    36    8959.52    48    8
(relay)    37    41    9031.94    9    9026.2    3    1
(advertise)    36    9032.14    41    9
(relay)    35    28    9063.95    9    9063.63    5    1
(advertise)    36    9064.15    28    9
(relay)    29    33    9112.76    9    9072.93    1    1
(relay)    29    3    9135.76    9    9090.32    1    1
(relay)    35    7    9155.56    9    9154.34    3    1
(advertise)    36    9155.76    7    9
(relay)    35    35    9162.37    9    9162.33    7    1
(advertise)    36    9178.77    35    9
(relay)    37    16    9204.99    9    9178.6    1    1
(relay)    29    2    9227.39    9    9164.98    1    1
(relay)    37    47    9246.39    9    9245.36    3    1
(advertise)    36    9246.59    47    9
(relay)    29    45    9272.0    9    9256.67    1    1
(generate)    36    9295.6    [24]    9
(relay)    29    31    9321.41    9    9316.63    1    1
(relay)    29    17    9342.01    9    9293.36    1    1
(relay)    35    9    9361.61    9    9338.37    1    1
(relay)    43    39    9378.81    9    9374.28    1    1
(relay)    43    43    9380.21    9    9379.73    7    1
(advertise)    36    9380.41    43    9
(relay)    43    44    9426.03    9    9425.64    5    1
(advertise)    36    9426.23    44    9
(relay)    29    30    9431.04    9    9394.79    3    1
(advertise)    36    9447.84    30    9
(relay)    43    38    9472.85    9    9441.1    1    1
(relay)    35    42    9492.45    9    9490.29    7    1
(advertise)    36    9492.65    42    9
(relay)    37    34    9521.27    9    9483.82    1    1
(relay)    29    32    9524.87    9    9497.24    1    1
(relay)    35    21    9538.47    9    9536.34    3    1
(advertise)    36    9538.67    21    9
(relay)    35    8    9622.88    9    9615.11    1    1
(relay)    29    29    9654.88    9    9653.91    5    1
(advertise)    36    9655.08    29    9
(relay)    43    46    9743.09    9    9738.91    3    1
(advertise)    36    9743.29    46    9
(relay)    35    14    9744.91    9    9725.45    3    1
(advertise)    36    9765.51    14    9
(relay)    37    10    9790.72    9    9750.89    1    1
(relay)    29    12    9818.72    9    9809.94    1    1
(relay)    29    0    9842.12    9    9829.79    3    1
(advertise)    36    9842.32    0    9
(relay)    37    37    9845.33    9    9844.34    5    1
(advertise)    36    9865.33    37    9
(relay)    37    40    9872.94    9    9871.25    3    1
(advertise)    36    9888.34    40    9
(relay)    29    15    9911.36    9    9896.23    3    1
(advertise)    36    9911.76    15    9
(relay)    29    22    9932.97    9    9898.31    3    1
(advertise)    36    9934.57    22    9
(relay)    37    48    9957.78    9    9956.19    3    1
(advertise)    36    9958.18    48    9
(relay)    29    41    10029.8    10    10026.29    1    1
(relay)    35    28    10064.4    10    10063.65    5    1
(advertise)    36    10064.6    28    10
(relay)    29    33    10111.41    10    10073.78    1    1
(relay)    35    7    10156.61    10    10154.44    3    1
(advertise)    36    10156.81    7    10
(relay)    35    35    10163.02    10    10162.4    7    1
(advertise)    36    10179.02    35    10
(relay)    29    16    10204.64    10    10178.77    1    1
(relay)    35    2    10227.24    10    10165.18    1    1
(relay)    43    47    10248.04    10    10245.43    3    1
(advertise)    36    10248.24    47    10
(relay)    43    45    10270.45    10    10256.73    3    1
(advertise)    36    10270.85    45    10
(generate)    36    10295.66    [24]    10
(relay)    37    17    10297.27    10    10293.43    1    1
(relay)    29    23    10341.27    10    10298.31    1    1
(relay)    37    31    10365.47    10    10316.76    1    1
(relay)    35    9    10367.47    10    10338.54    1    1
(relay)    43    39    10380.47    10    10374.33    1    1
(relay)    43    43    10381.67    10    10380.63    7    1
(advertise)    36    10381.87    43    10
(relay)    43    44    10426.49    10    10425.65    5    1
(advertise)    36    10426.69    44    10
(relay)    37    30    10432.3    10    10394.96    3    1
(advertise)    36    10448.3    30    10
(relay)    43    38    10475.31    10    10441.17    1    1
(relay)    35    42    10491.71    10    10490.47    7    1
(advertise)    36    10491.91    42    10
(relay)    37    32    10538.33    10    10497.43    1    1
(relay)    43    21    10540.93    10    10536.45    1    1
(relay)    29    8    10618.53    10    10615.19    3    1
(advertise)    36    10618.73    8    10
(relay)    29    29    10654.94    10    10653.95    5    1
(advertise)    36    10655.14    29    10
(relay)    37    1    10699.55    10    10681.33    1    1
(relay)    37    14    10731.15    10    10725.5    1    1
(relay)    43    46    10753.15    10    10739.11    3    1
(advertise)    36    10753.35    46    10
(relay)    37    12    10817.97    10    10810.02    1    1
(relay)    29    0    10841.57    10    10829.81    3    1
(advertise)    36    10841.77    0    10
(relay)    37    37    10845.38    10    10844.34    5    1
(advertise)    36    10864.18    37    10
(relay)    37    40    10880.99    10    10871.32    1    1
(relay)    29    15    10899.39    10    10896.41    3    1
(advertise)    36    10899.59    15    10
(relay)    29    22    10923.6    10    10898.79    1    1
(relay)    37    48    10958.0    10    10956.39    3    1
(advertise)    36    10958.2    48    10
(relay)    29    41    11029.02    11    11026.37    1    1
(relay)    35    28    11065.02    11    11063.67    5    1
(advertise)    36    11065.22    28    11
(relay)    37    33    11090.83    11    11073.8    1    1
(relay)    29    3    11097.63    11    11090.38    1    1
(relay)    35    7    11158.23    11    11154.54    3    1
(advertise)    36    11158.43    7    11
(relay)    35    35    11163.04    11    11162.46    7    1
(advertise)    36    11181.64    35    11
(relay)    35    2    11224.66    11    11165.2    1    1
(relay)    43    47    11250.26    11    11245.53    3    1
(advertise)    36    11250.46    47    11
(relay)    43    45    11272.07    11    11256.8    3    1
(advertise)    36    11274.27    45    11
(generate)    36    11295.68    [24]    11
(relay)    29    17    11297.1    11    11293.55    1    1
(relay)    37    31    11321.7    11    11316.89    1    1
(relay)    35    9    11362.9    11    11338.71    1    1
(relay)    37    39    11377.7    11    11374.35    3    1
(advertise)    36    11377.9    39    11
(relay)    43    43    11381.71    11    11380.74    7    1
(advertise)    36    11398.91    43    11
(relay)    29    30    11407.52    11    11395.1    3    1
(advertise)    36    11420.72    30    11
(relay)    37    44    11443.13    11    11425.67    5    1
(advertise)    36    11444.33    44    11
(relay)    37    38    11464.75    11    11441.24    3    1
(advertise)    36    11465.55    38    11
(relay)    43    42    11491.36    11    11490.67    7    1
(advertise)    36    11491.56    42    11
(relay)    37    32    11518.17    11    11497.62    1    1
(relay)    29    21    11538.97    11    11536.56    3    1
(advertise)    36    11539.17    21    11
(relay)    29    8    11619.19    11    11615.3    3    1
(advertise)    36    11619.39    8    11
(relay)    29    29    11655.2    11    11654.13    5    1
(advertise)    36    11655.4    29    11
(relay)    37    1    11700.21    11    11681.45    3    1
(advertise)    36    11700.41    1    11
(relay)    35    14    11730.23    11    11725.56    3    1
(advertise)    36    11730.43    14    11
(relay)    37    46    11753.04    11    11739.11    3    1
(advertise)    36    11753.44    46    11
(relay)    29    10    11774.25    11    11750.95    1    1
(relay)    37    12    11818.45    11    11810.09    1    1
(relay)    29    0    11841.65    11    11829.84    3    1
(advertise)    36    11841.85    0    11
(relay)    37    37    11844.66    11    11844.53    5    1
(advertise)    36    11863.86    37    11
(relay)    37    40    11883.48    11    11871.36    3    1
(advertise)    36    11886.68    40    11
(relay)    29    15    11908.49    11    11896.59    3    1
(advertise)    36    11909.29    15    11
(relay)    29    22    11931.3    11    11898.91    3    1
(advertise)    36    11931.9    22    11
(relay)    37    48    11959.72    11    11956.57    3    1
(advertise)    36    11960.12    48    11
(relay)    37    41    12027.73    12    12026.41    3    1
(advertise)    36    12027.93    41    12
(relay)    35    28    12064.94    12    12063.7    5    1
(advertise)    36    12065.14    28    12
(relay)    29    33    12093.16    12    12073.82    1    1
(relay)    29    3    12115.56    12    12090.4    1    1
(relay)    35    7    12158.16    12    12154.68    3    1
(advertise)    36    12158.36    7    12
(relay)    35    35    12163.17    12    12162.59    7    1
(advertise)    36    12179.97    35    12
(relay)    29    2    12204.78    12    12165.39    3    1
(advertise)    36    12205.18    2    12
(relay)    29    16    12226.59    12    12179.07    1    1
(relay)    43    47    12249.19    12    12245.62    3    1
(advertise)    36    12249.39    47    12
(relay)    43    45    12271.41    12    12256.89    3    1
(advertise)    36    12271.81    45    12
(relay)    37    17    12295.22    12    12293.61    1    1
(generate)    36    12295.82    [24]    12
(relay)    29    23    12339.83    12    12298.41    1    1
(relay)    37    31    12340.23    12    12317.04    1    1
(relay)    35    9    12364.43    12    12338.85    1    1
(relay)    43    39    12377.63    12    12374.54    1    1
(relay)    43    43    12381.83    12    12380.88    7    1
(advertise)    36    12382.03    43    12
(relay)    43    44    12427.25    12    12425.86    5    1
(advertise)    36    12427.45    44    12
(relay)    29    30    12433.26    12    12395.28    3    1
(advertise)    36    12451.06    30    12
(relay)    35    42    12491.27    12    12490.82    7    1
(advertise)    36    12491.47    42    12
(relay)    37    38    12493.29    12    12441.3    3    1
(advertise)    36    12514.89    38    12
(relay)    37    32    12540.1    12    12497.8    1    1
(relay)    35    21    12540.7    12    12536.68    3    1
(advertise)    36    12540.9    21    12
(relay)    29    8    12626.11    12    12615.36    3    1
(advertise)    36    12626.31    8    12
(heartbeat)    24    3    12677.23    36    12679.92    4    6
(advertise)    36    12680.12    24    3
(relay)    29    1    12718.74    12    12681.53    5    1
(advertise)    36    12718.94    1    12
(relay)    29    14    12742.95    12    12725.62    3    1
(advertise)    36    12743.15    14    12
(relay)    43    46    12766.36    12    12739.15    3    1
(advertise)    36    12766.56    46    12
(relay)    29    0    12832.98    12    12829.84    3    1
(advertise)    36    12833.18    0    12
(relay)    37    37    12844.59    12    12844.56    5    1
(advertise)    36    12854.39    37    12
(relay)    37    40    12876.4    12    12871.38    1    1
(relay)    29    15    12899.2    12    12896.75    3    1
(advertise)    36    12899.4    15    12
(relay)    43    48    12960.82    12    12956.77    3    1
(advertise)    36    12961.02    48    12
(relay)    37    41    13027.63    13    13026.48    3    1
(advertise)    36    13027.83    41    13
(relay)    35    28    13065.04    13    13063.72    5    1
(advertise)    36    13065.24    28    13
(relay)    29    33    13093.85    13    13073.9    1    1
(relay)    29    3    13117.05    13    13090.47    1    1
(relay)    37    7    13161.05    13    13154.77    1    1
(relay)    35    35    13163.25    13    13162.71    7    1
(advertise)    36    13163.45    35    13
(relay)    29    16    13204.27    13    13179.22    1    1
(relay)    37    2    13224.67    13    13165.43    1    1
(relay)    37    47    13250.27    13    13245.73    3    1
(advertise)    36    13250.47    47    13
(relay)    37    45    13273.68    13    13256.98    3    1
(advertise)    36    13273.88    45    13
(generate)    36    13295.89    [24]    13
(relay)    37    23    13320.11    13    13298.5    1    1
(relay)    37    31    13341.71    13    13317.17    1    1
(relay)    43    39    13376.11    13    13374.57    1    1
(relay)    43    43    13381.11    13    13380.98    7    1
(advertise)    36    13381.31    43    13
(relay)    29    30    13419.92    13    13395.47    3    1
(advertise)    36    13420.12    30    13
(relay)    29    44    13441.73    13    13425.89    1    1
(relay)    29    38    13462.93    13    13441.38    1    1
(relay)    29    34    13487.93    13    13484.25    1    1
(relay)    35    42    13491.73    13    13490.83    7    1
(advertise)    36    13491.93    42    13
(relay)    29    32    13532.95    13    13497.99    1    1
(relay)    35    21    13540.15    13    13536.75    3    1
(advertise)    36    13540.35    21    13
(relay)    29    8    13626.36    13    13615.44    3    1
(advertise)    36    13626.56    8    13
(relay)    29    29    13654.37    13    13654.19    5    1
(advertise)    36    13654.57    29    13
(relay)    29    1    13720.78    13    13681.62    3    1
(advertise)    36    13720.98    1    13
(relay)    43    46    13740.2    13    13739.16    3    1
(relay)    29    14    13743.0    13    13725.64    3    2
(advertise)    36    13743.4    46    13
(advertise)    36    13767.81    14    13
(relay)    35    0    13831.42    13    13829.86    3    1
(advertise)    36    13831.62    0    13
(relay)    37    37    13844.84    13    13844.75    5    1
(advertise)    36    13855.04    37    13
(relay)    37    40    13885.85    13    13871.45    3    1
(advertise)    36    13886.05    40    13
(relay)    35    15    13909.86    13    13896.92    1    1
(relay)    37    22    13930.26    13    13899.28    1    1
(relay)    37    48    13961.06    13    13956.95    3    1
(advertise)    36    13961.26    48    13
(relay)    37    41    14028.68    14    14026.55    3    1
(advertise)    36    14028.88    41    14
(relay)    37    28    14067.89    14    14063.72    3    1
(advertise)    36    14068.09    28    14
(relay)    29    33    14092.5    14    14074.09    1    1
(relay)    29    3    14114.7    14    14090.52    1    1
(relay)    35    7    14160.3    14    14154.87    3    1
(advertise)    36    14160.5    7    14
(relay)    35    35    14163.91    14    14162.81    7    1
(advertise)    36    14182.11    35    14
(relay)    29    16    14184.73    14    14179.35    1    1
(relay)    29    2    14226.53    14    14165.45    1    1
(relay)    43    47    14251.53    14    14245.8    3    1
(advertise)    36    14251.73    47    14
(relay)    43    45    14273.14    14    14257.04    3    1
(advertise)    36    14274.74    45    14
(generate)    36    14295.95    [24]    14
(relay)    37    23    14319.77    14    14298.58    1    1
(relay)    37    31    14342.37    14    14317.23    1    1
(relay)    29    9    14365.17    14    14339.01    1    1
(relay)    43    39    14375.97    14    14374.57    1    1
(relay)    43    43    14381.17    14    14381.05    7    1
(advertise)    36    14381.37    43    14
(relay)    43    44    14428.18    14    14426.09    5    1
(advertise)    36    14428.38    44    14
(relay)    29    30    14430.19    14    14395.66    3    1
(advertise)    36    14450.59    30    14
(relay)    29    38    14453.01    14    14441.43    1    1
(relay)    43    42    14495.01    14    14490.84    7    1
(advertise)    36    14495.21    42    14
(relay)    29    32    14523.22    14    14498.16    1    1
(relay)    35    21    14539.22    14    14536.85    3    1
(advertise)    36    14539.42    21    14
(relay)    29    8    14618.43    14    14615.51    3    1
(advertise)    36    14618.63    8    14
(relay)    29    29    14654.24    14    14654.2    5    1
(advertise)    36    14654.44    29    14
(relay)    29    1    14719.06    14    14681.68    1    1
(relay)    43    46    14740.26    14    14739.18    3    1
(advertise)    36    14740.46    46    14
(relay)    29    14    14741.87    14    14725.69    3    1
(advertise)    36    14761.67    14    14
(relay)    29    10    14786.28    14    14751.11    1    1
(relay)    35    0    14831.88    14    14830.03    3    1
(advertise)    36    14832.08    0    14
(relay)    37    37    14844.9    14    14844.77    5    1
(advertise)    36    14855.5    37    14
(relay)    43    40    14879.91    14    14871.5    1    1
(relay)    29    15    14898.71    14    14897.07    3    1
(advertise)    36    14898.91    15    14
(relay)    29    22    14919.72    14    14899.37    3    1
(advertise)    36    14921.12    22    14
(relay)    37    48    14962.94    14    14957.13    3    1
(advertise)    36    14963.14    48    14
(relay)    37    41    15029.55    15    15026.64    3    1
(advertise)    36    15029.75    41    15
(relay)    29    28    15065.16    15    15063.91    5    1
(advertise)    36    15065.36    28    15
(relay)    37    33    15114.37    15    15074.28    1    1
(relay)    29    7    15158.97    15    15154.98    3    1
(advertise)    36    15159.17    7    15
(relay)    35    35    15163.79    15    15162.87    7    1
(advertise)    36    15180.39    35    15
(relay)    29    2    15203.6    15    15165.47    1    1
(relay)    37    47    15251.6    15    15245.87    3    1
(advertise)    36    15251.8    47    15
(relay)    43    45    15272.41    15    15257.12    3    1
(advertise)    36    15272.81    45    15
(generate)    36    15296.03    [24]    15
(relay)    37    31    15320.84    15    15317.28    1    1
(relay)    37    9    15363.84    15    15339.2    1    1
(relay)    43    39    15376.64    15    15374.57    1    1
(relay)    43    43    15381.24    15    15381.15    7    1
(advertise)    36    15381.44    43    15
(relay)    29    30    15408.65    15    15395.78    3    1
(advertise)    36    15408.85    30    15
(relay)    43    44    15434.07    15    15426.28    5    1
(advertise)    36    15434.47    44    15
(relay)    43    38    15454.88    15    15441.49    1    1
(relay)    29    42    15494.28    15    15491.03    5    1
(advertise)    36    15494.48    42    15
(relay)    37    34    15497.09    15    15484.28    1    1
(relay)    29    32    15533.49    15    15498.3    1    1
(relay)    35    21    15537.69    15    15536.95    3    1
(advertise)    36    15538.09    21    15
(relay)    37    8    15627.7    15    15615.74    1    1
(relay)    29    29    15654.5    15    15654.37    5    1
(advertise)    36    15654.7    29    15
(relay)    37    1    15718.12    15    15681.74    1    1
(relay)    37    46    15740.52    15    15739.2    3    1
(advertise)    36    15740.72    46    15
(relay)    37    14    15763.13    15    15725.71    1    1
(relay)    35    0    15836.53    15    15830.22    3    1
(advertise)    36    15836.73    0    15
(relay)    37    37    15845.54    15    15844.94    5    1
(advertise)    36    15858.34    37    15
(relay)    37    40    15881.96    15    15871.53    3    1
(advertise)    36    15882.16    40    15
(relay)    37    15    15905.77    15    15897.07    1    1
(relay)    35    22    15919.77    15    15899.44    1    1
(relay)    37    48    15964.37    15    15957.14    3    1
(advertise)    36    15964.57    48    15
(relay)    37    41    16030.38    16    16026.71    3    1
(advertise)    36    16030.58    41    16
(relay)    29    28    16065.4    16    16064.1    5    1
(advertise)    36    16065.6    28    16
(relay)    29    3    16095.01    16    16090.65    1    1
(relay)    37    33    16114.21    16    16074.28    1    1
(relay)    29    7    16158.41    16    16155.08    3    1
(advertise)    36    16158.61    7    16
(relay)    35    35    16164.02    16    16162.93    7    1
(advertise)    36    16180.62    35    16
(relay)    37    47    16250.03    16    16245.96    3    1
(advertise)    36    16250.23    47    16
(relay)    37    45    16270.45    16    16257.16    3    1
(advertise)    36    16272.45    45    16
(generate)    36    16296.06    [24]    16
(relay)    37    23    16321.07    16    16298.73    1    1
(relay)    37    31    16343.27    16    16317.39    1    1
(relay)    37    39    16375.27    16    16374.58    3    1
(advertise)    36    16375.47    39    16
(relay)    43    43    16381.69    16    16381.19    7    1
(advertise)    36    16396.69    43    16
(relay)    35    30    16420.1    16    16395.93    1    1
(relay)    43    44    16442.5    16    16426.3    5    1
(advertise)    36    16442.7    44    16
(relay)    37    38    16464.71    16    16441.55    3    1
(advertise)    36    16465.31    38    16
(relay)    35    42    16493.73    16    16491.2    7    1
(advertise)    36    16494.13    42    16
(relay)    37    32    16536.94    16    16498.48    1    1
(relay)    35    21    16537.74    16    16537.05    3    1
(advertise)    36    16537.94    21    16
(relay)    29    8    16617.75    16    16615.8    3    1
(advertise)    36    16617.95    8    16
(relay)    29    29    16655.16    16    16654.53    5    1
(advertise)    36    16655.36    29    16
(heartbeat)    24    4    16677.24    36    16700.98    4    6
(advertise)    36    16701.18    24    4
(relay)    29    1    16723.19    16    16681.82    1    1
(relay)    37    46    16741.39    16    16739.22    3    1
(advertise)    36    16741.59    46    16
(relay)    29    14    16748.0    16    16725.76    3    1
(advertise)    36    16763.6    14    16
(relay)    35    0    16834.42    16    16830.41    3    1
(advertise)    36    16834.62    0    16
(relay)    37    37    16845.63    16    16845.13    5    1
(advertise)    36    16859.03    37    16
(relay)    37    40    16883.04    16    16871.62    3    1
(advertise)    36    16883.84    40    16
(relay)    35    15    16905.46    16    16897.23    1    1
(relay)    35    22    16927.46    16    16899.53    1    1
(relay)    43    48    16963.66    16    16957.32    3    1
(advertise)    36    16963.86    48    16
(relay)    37    41    17031.07    17    17026.79    3    1
(advertise)    36    17031.27    41    17
(relay)    29    28    17065.68    17    17064.12    5    1
(advertise)    36    17065.88    28    17
(relay)    37    33    17088.09    17    17074.28    1    1
(relay)    29    3    17138.49    17    17090.73    1    1
(relay)    35    7    17160.29    17    17155.16    1    1
(relay)    35    35    17163.09    17    17163.06    7    1
(advertise)    36    17163.29    35    17
(relay)    29    16    17208.91    17    17180.41    1    1
(relay)    37    2    17230.11    17    17165.68    1    1
(relay)    37    47    17253.11    17    17246.05    1    1
(relay)    43    45    17257.91    17    17257.24    3    1
(advertise)    36    17258.11    45    17
(generate)    36    17296.12    [24]    17
(relay)    37    23    17342.93    17    17298.82    1    1
(relay)    29    31    17343.53    17    17317.54    1    1
(relay)    29    9    17366.73    17    17339.51    1    1
(relay)    37    39    17376.73    17    17374.58    3    1
(advertise)    36    17376.93    39    17
(relay)    43    43    17381.75    17    17381.23    7    1
(relay)    37    30    17398.35    17    17396.1    3    2
(advertise)    36    17398.75    43    17
(advertise)    36    17422.16    30    17
(relay)    37    44    17441.17    17    17426.31    5    1
(advertise)    36    17446.77    44    17
(relay)    37    38    17463.39    17    17441.64    1    1
(relay)    35    42    17493.59    17    17491.38    7    1
(advertise)    36    17493.79    42    17
(relay)    37    34    17495.6    17    17484.51    1    1
(relay)    37    32    17537.6    17    17498.49    1    1
(relay)    35    21    17537.8    17    17537.14    3    1
(advertise)    36    17538.0    21    17
(relay)    37    8    17618.41    17    17615.85    1    1
(relay)    29    29    17655.01    17    17654.54    5    1
(advertise)    36    17655.21    29    17
(relay)    29    1    17698.62    17    17681.9    3    1
(advertise)    36    17698.82    1    17
(relay)    29    14    17727.64    17    17725.78    3    1
(advertise)    36    17727.84    14    17
(relay)    29    46    17753.25    17    17739.24    1    1
(relay)    35    0    17839.05    17    17830.59    3    1
(advertise)    36    17839.25    0    17
(relay)    37    37    17845.66    17    17845.15    5    1
(advertise)    36    17861.26    37    17
(relay)    37    40    17885.28    17    17871.68    1    1
(relay)    35    15    17898.68    17    17897.42    1    1
(relay)    35    22    17921.68    17    17899.59    1    1
(relay)    43    48    17960.68    17    17957.33    3    1
(advertise)    36    17960.88    48    17
(relay)    37    41    18032.09    18    18026.87    3    1
(advertise)    36    18032.29    41    18
(relay)    35    28    18064.7    18    18064.14    5    1
(advertise)    36    18064.9    28    18
(relay)    37    33    18091.12    18    18074.67    1    1
(relay)    29    3    18112.92    18    18090.79    1    1
(relay)    35    7    18156.72    18    18155.27    3    1
(advertise)    36    18156.92    7    18
(relay)    35    35    18163.33    18    18163.14    7    1
(advertise)    36    18183.33    35    18
(relay)    29    16    18204.54    18    18181.74    1    1
(relay)    43    47    18247.54    18    18246.12    3    1
(advertise)    36    18247.74    47    18
(relay)    37    45    18269.55    18    18257.3    3    1
(advertise)    36    18270.15    45    18
(generate)    36    18296.17    [24]    18
(relay)    29    31    18322.58    18    18317.64    1    1
(relay)    29    23    18343.38    18    18298.88    1    1
(relay)    37    39    18376.78    18    18374.74    3    1
(advertise)    36    18376.98    39    18
(relay)    43    43    18381.79    18    18381.29    7    1
(relay)    37    30    18399.79    18    18396.24    3    2
(advertise)    36    18400.39    43    18
(advertise)    36    18423.01    30    18
(relay)    37    44    18443.62    18    18426.33    5    1
(advertise)    36    18445.02    44    18
(relay)    37    38    18467.03    18    18441.68    3    1
(advertise)    36    18467.43    38    18
(relay)    29    34    18491.45    18    18484.7    1    1
(relay)    43    42    18493.65    18    18491.39    7    1
(advertise)    36    18493.85    42    18
(relay)    35    21    18538.46    18    18537.2    3    1
(advertise)    36    18538.66    21    18
(relay)    37    8    18623.27    18    18615.92    1    1
(relay)    29    29    18655.27    18    18654.71    5    1
(advertise)    36    18655.47    29    18
(relay)    35    14    18728.88    18    18725.97    3    1
(advertise)    36    18729.08    14    18
(relay)    43    46    18743.1    18    18739.43    3    1
(advertise)    36    18751.3    46    18
(relay)    37    0    18838.11    18    18830.77    1    1
(relay)    37    37    18846.31    18    18845.31    5    1
(advertise)    36    18846.51    37    18
(relay)    37    40    18887.12    18    18871.74    3    1
(advertise)    36    18887.32    40    18
(relay)    35    15    18909.74    18    18897.61    1    1
(relay)    29    22    18933.14    18    18899.62    3    1
(advertise)    36    18933.34    22    18
(relay)    29    41    19032.35    19    19026.96    1    1
(relay)    35    28    19064.75    19    19064.34    5    1
(advertise)    36    19064.95    28    19
(relay)    29    3    19098.36    19    19090.83    1    1
(relay)    29    33    19123.56    19    19074.86    1    1
(relay)    35    7    19156.56    19    19155.35    3    1
(advertise)    36    19156.76    7    19
(relay)    35    35    19163.38    19    19163.22    7    1
(advertise)    36    19180.18    35    19
(relay)    37    47    19247.59    19    19246.17    3    1
(advertise)    36    19247.79    47    19
(relay)    37    45    19272.0    19    19257.33    3    1
(advertise)    36    19273.0    45    19
(generate)    36    19296.21    [24]    19
(relay)    29    23    19320.43    19    19298.99    1    1
(relay)    37    31    19322.43    19    19317.74    1    1
(relay)    37    9    19367.03    19    19339.83    1    1
(relay)    43    39    19379.23    19    19374.76    1    1
(relay)    43    43    19381.83    19    19381.35    7    1
(advertise)    36    19382.03    43    19
(relay)    29    30    19412.24    19    19396.39    3    1
(advertise)    36    19412.44    30    19
(relay)    43    44    19435.25    19    19426.53    5    1
(advertise)    36    19435.45    44    19
(relay)    43    38    19470.07    19    19441.73    1    1
(relay)    35    42    19492.87    19    19491.57    7    1
(advertise)    36    19493.07    42    19
(relay)    37    32    19522.88    19    19498.85    1    1
(relay)    35    21    19539.28    19    19537.26    3    1
(advertise)    36    19539.48    21    19
(relay)    29    8    19618.49    19    19616.0    3    1
(advertise)    36    19618.69    8    19
(relay)    29    29    19655.91    19    19654.84    5    1
(advertise)    36    19656.11    29    19
(relay)    29    1    19724.12    19    19682.04    3    1
(advertise)    36    19724.32    1    19
(relay)    29    14    19747.13    19    19725.99    3    1
(advertise)    36    19747.93    14    19
(relay)    37    46    19749.14    19    19739.63    3    1
(advertise)    36    19770.54    46    19
(relay)    29    0    19836.96    19    19830.96    3    1
(advertise)    36    19837.16    0    19
(relay)    37    37    19846.57    19    19845.48    5    1
(advertise)    36    19859.37    37    19
(relay)    37    40    19872.78    19    19871.8    3    1
(advertise)    36    19881.18    40    19
(relay)    29    15    19904.8    19    19897.75    3    1
(advertise)    36    19905.0    15    19
(relay)    29    22    19928.61    19    19899.67    3    1
(advertise)    36    19928.81    22    19
(relay)    37    48    19959.42    19    19957.65    3    1
(advertise)    36    19959.62    48    19
(relay)    43    41    20031.64    20    20027.06    1    1
(relay)    29    28    20065.44    20    20064.36    5    1
(advertise)    36    20065.64    28    20
(relay)    37    33    20094.05    20    20074.87    1    1
(relay)    29    3    20117.25    20    20090.88    1    1
(relay)    29    7    20157.85    20    20155.45    3    1
(advertise)    36    20158.05    7    20
(relay)    35    35    20163.46    20    20163.3    7    1
(advertise)    36    20179.06    35    20
(relay)    29    2    20205.47    20    20165.91    1    1
(relay)    29    16    20227.07    20    20183.19    1    1
(relay)    37    47    20248.27    20    20246.24    3    1
(advertise)    36    20248.47    47    20
(relay)    37    45    20270.89    20    20257.38    3    1
(advertise)    36    20271.09    45    20
(generate)    36    20296.3    [24]    20
(relay)    37    31    20321.11    20    20317.82    1    1
(relay)    29    23    20321.71    20    20299.05    1    1
(relay)    37    9    20368.11    20    20340.02    1    1
(relay)    43    43    20382.51    20    20381.45    7    1
(advertise)    36    20382.71    43    20
(relay)    37    39    20390.33    20    20374.91    3    1
(advertise)    36    20405.73    39    20
(relay)    37    30    20410.74    20    20396.54    3    1
(advertise)    36    20428.34    30    20
(relay)    43    38    20451.95    20    20441.78    1    1
(relay)    37    44    20456.55    20    20427.92    5    1
(advertise)    36    20456.75    44    20
(relay)    35    42    20492.97    20    20491.76    7    1
(advertise)    36    20493.17    42    20
(relay)    37    32    20523.58    20    20499.02    1    1
(relay)    35    21    20539.38    20    20537.35    3    1
(advertise)    36    20539.58    21    20
(relay)    35    8    20624.99    20    20616.06    1    1
(relay)    29    29    20655.79    20    20654.85    5    1
(advertise)    36    20655.99    29    20
(heartbeat)    24    5    20677.25    36    20702.4    4    6
(advertise)    36    20702.6    24    5
(relay)    37    46    20744.22    20    20739.65    3    1
(advertise)    36    20744.42    46    20
(relay)    35    14    20766.23    20    20726.04    3    1
(advertise)    36    20766.43    14    20
(relay)    29    0    20835.04    20    20830.98    3    1
(advertise)    36    20835.24    0    20
(relay)    37    37    20846.66    20    20845.67    5    1
(advertise)    36    20857.86    37    20
(relay)    37    40    20884.87    20    20871.91    3    1
(advertise)    36    20885.07    40    20
(relay)    29    15    20900.88    20    20897.94    3    1
(advertise)    36    20906.48    15    20
(relay)    29    22    20923.7    20    20900.36    3    1
(advertise)    36    20928.5    22    20
(relay)    37    48    20959.91    20    20957.85    3    1
(advertise)    36    20960.11    48    20
(relay)    29    41    21029.92    21    21027.16    1    1
(relay)    35    28    21065.72    21    21064.37    5    1
(advertise)    36    21065.92    28    21
(relay)    37    33    21093.93    21    21074.88    1    1
(relay)    29    3    21116.93    21    21090.95    1    1
(relay)    35    7    21159.13    21    21155.55    3    1
(advertise)    36    21159.33    7    21
(relay)    35    35    21163.95    21    21163.42    7    1
(advertise)    36    21181.35    35    21
(relay)    29    2    21206.56    21    21165.94    1    1
(relay)    29    16    21227.96    21    21183.78    1    1
(relay)    37    47    21249.76    21    21246.34    3    1
(advertise)    36    21249.96    47    21
(relay)    37    45    21272.57    21    21257.46    3    1
(advertise)    36    21273.57    45    21
(generate)    36    21296.39    [24]    21
(relay)    29    23    21320.0    21    21299.17    1    1
(relay)    37    31    21342.0    21    21317.96    1    1
(relay)    37    39    21378.4    21    21374.93    3    1
(advertise)    36    21378.6    39    21
(relay)    43    43    21382.61    21    21381.56    7    1
(relay)    29    30    21399.01    21    21396.7    3    2
(advertise)    36    21401.61    43    21
(advertise)    36    21425.83    30    21
(relay)    37    44    21444.24    21    21427.95    5    1
(advertise)    36    21448.44    44    21
(relay)    37    38    21465.65    21    21441.85    3    1
(advertise)    36    21471.25    38    21
(relay)    43    42    21492.06    21    21491.76    7    1
(advertise)    36    21493.86    42    21
(relay)    37    32    21517.88    21    21499.21    1    1
(relay)    35    21    21540.08    21    21537.44    3    1
(advertise)    36    21540.28    21    21
(relay)    29    8    21625.09    21    21616.13    3    1
(advertise)    36    21625.29    8    21
(relay)    29    29    21655.9    21    21654.87    5    1
(advertise)    36    21656.1    29    21
(relay)    35    1    21703.92    21    21682.24    1    1
(relay)    29    14    21730.12    21    21726.06    3    1
(advertise)    36    21730.32    14    21
(relay)    43    46    21754.53    21    21739.66    3    1
(advertise)    36    21755.33    46    21
(relay)    29    0    21841.14    21    21831.17    3    1
(advertise)    36    21841.34    0    21
(relay)    37    37    21845.96    21    21845.86    5    1
(advertise)    36    21862.76    37    21
(relay)    37    40    21884.57    21    21871.98    1    1
(relay)    29    15    21901.17    21    21898.12    3    1
(advertise)    36    21901.37    15    21
(relay)    29    22    21924.18    21    21900.6    3    1
(advertise)    36    21924.78    22    21
(relay)    37    48    21960.99    21    21958.03    3    1
(advertise)    36    21961.19    48    21
(relay)    37    41    22028.81    22    22027.25    3    1
(advertise)    36    22029.01    41    22
(relay)    35    28    22065.62    22    22064.38    5    1
(advertise)    36    22065.82    28    22
(relay)    37    33    22094.23    22    22075.07    1    1
(relay)    29    3    22117.03    22    22091.0    1    1
(relay)    35    7    22159.23    22    22155.63    3    1
(advertise)    36    22159.43    7    22
(relay)    35    35    22164.05    22    22163.5    7    1
(advertise)    36    22181.45    35    22
(relay)    37    16    22205.86    22    22183.95    1    1
(relay)    37    47    22250.46    22    22246.4    3    1
(advertise)    36    22250.66    47    22
(relay)    37    45    22273.27    22    22257.52    3    1
(advertise)    36    22276.87    45    22
(generate)    36    22296.49    [24]    22
(relay)    29    23    22321.3    22    22299.27    1    1
(relay)    37    31    22321.9    22    22318.45    1    1
(relay)    29    9    22368.5    22    22340.78    1    1
(relay)    43    39    22378.1    22    22374.93    1    1
(relay)    43    43    22382.7    22    22381.68    7    1
(advertise)    36    22382.9    43    22
(relay)    43    44    22429.51    22    22428.14    5    1
(advertise)    36    22429.71    44    22
(relay)    29    30    22435.52    22    22396.87    3    1
(advertise)    36    22451.72    30    22
(relay)    43    38    22475.34    22    22442.11    1    1
(relay)    35    42    22492.34    22    22491.95    7    1
(advertise)    36    22492.54    42    22
(relay)    29    32    22528.55    22    22499.37    1    1
(relay)    37    34    22529.95    22    22485.15    1    1
(relay)    35    21    22540.75    22    22537.52    3    1
(advertise)    36    22540.95    21    22
(relay)    29    8    22628.56    22    22616.22    1    1
(relay)    29    29    22655.16    22    22654.87    5    1
(advertise)    36    22655.56    29    22
(relay)    29    1    22698.58    22    22682.33    3    1
(advertise)    36    22698.78    1    22
(relay)    29    14    22728.99    22    22726.08    3    1
(advertise)    36    22729.19    14    22
(relay)    37    46    22752.4    22    22739.68    3    1
(advertise)    36    22753.6    46    22
(relay)    35    0    22840.82    22    22831.37    3    1
(advertise)    36    22841.02    0    22
(relay)    37    37    22846.03    22    22845.87    5    1
(advertise)    36    22862.43    37    22
(relay)    37    40    22874.64    22    22872.03    3    1
(advertise)    36    22885.84    40    22
(relay)    35    15    22909.25    22    22898.12    1    1
(relay)    35    22    22929.65    22    22900.66    1    1
(relay)    37    48    22962.45    22    22958.21    3    1
(advertise)    36    22962.65    48    22
(relay)    37    41    23028.67    23    23027.33    3    1
(advertise)    36    23028.87    41    23
(relay)    37    28    23068.08    23    23064.4    3    1
(advertise)    36    23068.28    28    23
(relay)    29    33    23094.29    23    23075.09    1    1
(relay)    29    3    23114.29    23    23091.06    1    1
(relay)    35    7    23159.69    23    23155.73    3    1
(advertise)    36    23159.89    7    23
(relay)    35    35    23164.11    23    23163.6    7    1
(advertise)    36    23181.91    35    23
(relay)    29    2    23203.72    23    23166.16    1    1
(relay)    29    16    23226.32    23    23184.07    1    1
(relay)    37    47    23250.92    23    23246.5    3    1
(advertise)    36    23251.12    47    23
(relay)    37    45    23274.53    23    23257.58    3    1
(advertise)    36    23274.73    45    23
(generate)    36    23296.55    [24]    23
(relay)    29    23    23321.36    23    23299.36    1    1
(relay)    37    9    23347.96    23    23340.93    1    1
(relay)    29    39    23376.36    23    23375.09    1    1
(relay)    43    43    23381.76    23    23381.74    7    1
(advertise)    36    23381.96    43    23
(relay)    37    30    23423.37    23    23397.02    3    1
(advertise)    36    23423.57    30    23
(relay)    37    44    23446.78    23    23428.14    5    1
(relay)    29    38    23447.18    23    23442.16    1    2
(advertise)    36    23447.98    44    23
(relay)    35    42    23492.8    23    23491.95    7    1
(advertise)    36    23493.0    42    23
(relay)    37    32    23517.81    23    23499.52    1    1
(relay)    35    21    23541.21    23    23537.6    3    1
(advertise)    36    23541.41    21    23
(relay)    29    8    23626.02    23    23616.3    3    1
(advertise)    36    23626.22    8    23
(relay)    29    29    23655.04    23    23654.89    5    1
(advertise)    36    23655.24    29    23
(relay)    35    1    23704.05    23    23682.41    1    1
(relay)    29    14    23729.85    23    23726.1    3    1
(advertise)    36    23730.05    14    23
(relay)    37    46    23751.86    23    23739.86    3    1
(advertise)    36    23753.46    46    23
(relay)    35    0    23833.28    23    23831.55    3    1
(advertise)    36    23833.48    0    23
(relay)    37    37    23846.09    23    23846.04    5    1
(advertise)    36    23855.49    37    23
(relay)    37    40    23879.9    23    23872.11    3    1
(advertise)    36    23880.1    40    23
(relay)    35    15    23904.91    23    23898.3    1    1
(relay)    35    22    23926.31    23    23900.71    1    1
(relay)    37    48    23962.91    23    23958.38    3    1
(advertise)    36    23963.11    48    23
(relay)    37    41    24028.93    24    24027.41    3    1
(advertise)    36    24029.13    41    24
(relay)    37    28    24068.54    24    24064.4    3    1
(advertise)    36    24068.74    28    24
(relay)    29    33    24092.95    24    24075.25    1    1
(relay)    29    3    24113.55    24    24091.13    1    1
(relay)    35    7    24161.75    24    24155.82    3    1
(advertise)    36    24161.95    7    24
(relay)    35    35    24164.77    24    24163.69    7    1
(advertise)    36    24183.57    35    24
(relay)    29    2    24205.98    24    24166.17    1    1
(relay)    29    16    24227.78    24    24184.18    1    1
(relay)    43    47    24252.58    24    24246.58    3    1
(advertise)    36    24252.78    47    24
(relay)    37    45    24275.19    24    24257.84    3    1
(advertise)    36    24275.79    45    24
(generate)    36    24296.61    [24]    24
(relay)    37    23    24320.82    24    24299.42    1    1
(relay)    37    9    24348.42    24    24341.1    1    1
(relay)    37    39    24376.02    24    24375.28    3    1
(advertise)    36    24376.22    39    24
(relay)    43    43    24381.83    24    24381.82    7    1
(advertise)    36    24397.43    43    24
(relay)    37    30    24398.64    24    24397.19    3    1
(advertise)    36    24419.84    30    24
(relay)    37    44    24442.46    24    24428.15    5    1
(advertise)    36    24443.26    44    24
(relay)    37    38    24463.67    24    24442.21    3    1
(advertise)    36    24468.47    38    24
(relay)    35    42    24493.28    24    24491.96    7    1
(advertise)    36    24493.68    42    24
(relay)    37    34    24494.9    24    24485.37    1    1
(relay)    29    21    24539.3    24    24537.67    3    1
(advertise)    36    24539.5    21    24
(relay)    29    8    24628.11    24    24616.35    1    1
(relay)    29    29    24654.91    24    24654.89    5    1
(advertise)    36    24655.11    29    24
(relay)    29    1    24701.32    24    24682.49    3    1
(advertise)    36    24701.52    1    24
(heartbeat)    24    6    24677.27    36    24723.14    4    10
(advertise)    36    24724.94    24    6
(relay)    37    46    24740.95    24    24739.88    3    1
(relay)    29    14    24745.95    24    24726.14    3    2
(advertise)    36    24747.75    46    24
(advertise)    36    24768.76    14    24
(relay)    35    0    24833.77    24    24831.73    3    1
(advertise)    36    24833.97    0    24
(relay)    37    37    24846.19    24    24846.04    5    1
(advertise)    36    24858.19    37    24
(relay)    37    40    24875.6    24    24872.21    3    1
(advertise)    36    24879.2    40    24
(relay)    35    15    24902.81    24    24898.46    1    1
(relay)    29    22    24925.21    24    24900.77    3    1
(advertise)    36    24925.41    22    24
(relay)    37    48    24963.83    24    24958.4    3    1
(advertise)    36    24964.03    48    24
(relay)    37    41    25031.04    25    25027.51    3    1
(advertise)    36    25031.24    41    25
(relay)    29    28    25065.65    25    25064.43    5    1
(advertise)    36    25065.85    28    25
(relay)    29    33    25092.07    25    25075.44    1    1
(relay)    29    7    25160.27    25    25155.94    3    1
(advertise)    36    25160.47    7    25
(relay)    35    35    25164.88    25    25163.81    7    1
(relay)    29    2    25182.28    25    25166.2    1    2
(advertise)    36    25183.08    35    25
(relay)    37    16    25226.89    25    25184.33    1    1
(relay)    43    47    25251.49    25    25246.66    3    1
(advertise)    36    25251.69    47    25
(relay)    43    45    25272.7    25    25257.92    7    1
(advertise)    36    25272.9    45    25
(generate)    36    25296.72    [24]    25
(relay)    37    23    25321.53    25    25299.51    1    1
(relay)    29    31    25345.13    25    25318.74    1    1
(relay)    29    9    25369.53    25    25341.26    1    1
(relay)    37    39    25375.93    25    25375.29    3    1
(advertise)    36    25376.13    39    25
(relay)    43    43    25381.94    25    25381.89    7    1
(advertise)    36    25398.34    43    25
(relay)    29    30    25414.16    25    25397.2    3    1
(advertise)    36    25420.76    30    25
(relay)    37    44    25441.57    25    25428.17    5    1
(advertise)    36    25442.97    44    25
(relay)    37    38    25462.78    25    25442.28    5    1
(advertise)    36    25464.58    38    25
(relay)    35    42    25493.2    25    25492.0    7    1
(advertise)    36    25493.6    42    25
(relay)    29    34    25501.61    25    25485.4    1    1
(relay)    37    32    25538.01    25    25499.63    1    1
(relay)    35    21    25538.61    25    25537.78    3    1
(advertise)    36    25538.81    21    25
(relay)    37    8    25628.62    25    25616.43    1    1
(relay)    29    29    25655.02    25    25654.93    5    1
(advertise)    36    25655.22    29    25
(relay)    37    46    25740.83    25    25739.9    3    1
(advertise)    36    25741.03    46    25
(relay)    29    0    25839.65    25    25831.9    3    1
(advertise)    36    25839.85    0    25
(relay)    37    37    25846.86    25    25846.22    5    1
(advertise)    36    25862.46    37    25
(relay)    37    40    25877.27    25    25872.3    3    1
(advertise)    36    25883.87    40    25
(relay)    29    15    25906.69    25    25898.5    3    1
(advertise)    36    25907.09    15    25
(relay)    35    22    25908.9    25    25900.82    1    1
(relay)    29    48    25966.3    25    25958.6    1    1
(relay)    37    41    26031.1    26    26027.62    3    1
(advertise)    36    26031.3    41    26
(relay)    29    28    26065.71    26    26064.47    5    1
(advertise)    36    26065.91    28    26
(relay)    29    3    26095.13    26    26091.28    1    1
(relay)    37    33    26111.93    26    26075.47    1    1
(relay)    29    7    26160.13    26    26156.05    3    1
(advertise)    36    26160.33    7    26
(relay)    35    35    26164.94    26    26163.91    7    1
(advertise)    36    26181.54    35    26
(relay)    29    2    26204.15    26    26166.38    1    1
(relay)    29    16    26225.15    26    26184.51    1    1
(relay)    43    47    26249.75    26    26246.73    3    1
(advertise)    36    26249.95    47    26
(relay)    43    45    26270.96    26    26257.99    7    1
(advertise)    36    26271.76    45    26
(generate)    36    26296.78    [24]    26
(relay)    37    23    26322.99    26    26299.81    1    1
(relay)    37    31    26344.39    26    26318.78    1    1
(relay)    37    39    26376.39    26    26375.48    3    1
(advertise)    36    26376.59    39    26
(relay)    43    43    26382.6    26    26381.95    7    1
(advertise)    36    26398.0    43    26
(relay)    37    30    26400.42    26    26397.34    3    1
(advertise)    36    26419.02    30    26
(relay)    43    44    26441.63    26    26428.37    5    1
(advertise)    36    26442.63    44    26
(relay)    43    38    26468.04    26    26442.31    3    1
(advertise)    36    26468.24    38    26
(relay)    37    34    26494.46    26    26485.43    1    1
(relay)    29    42    26496.06    26    26492.18    5    1
(advertise)    36    26496.26    42    26
(relay)    35    21    26538.47    26    26537.87    3    1
(advertise)    36    26538.67    21    26
(relay)    29    8    26618.28    26    26616.48    3    1
(advertise)    36    26618.48    8    26
(relay)    29    29    26655.49    26    26654.94    5    1
(advertise)    36    26655.69    29    26
(relay)    35    1    26721.91    26    26682.59    1    1
(relay)    43    46    26742.91    26    26739.91    3    1
(advertise)    36    26743.11    46    26
(relay)    37    14    26765.32    26    26726.21    1    1
(relay)    29    0    26836.52    26    26832.07    3    1
(advertise)    36    26836.72    0    26
(relay)    37    37    26846.93    26    26846.38    5    1
(advertise)    36    26858.73    37    26
(relay)    37    40    26876.95    26    26872.37    3    1
(advertise)    36    26880.55    40    26
(relay)    29    15    26902.76    26    26898.68    3    1
(advertise)    36    26902.96    15    26
(relay)    29    22    26924.17    26    26900.89    3    1
(advertise)    36    26924.57    22    26
(relay)    43    48    26963.99    26    26958.62    3    1
(advertise)    36    26964.19    48    26
(relay)    37    41    27031.8    27    27027.74    3    1
(advertise)    36    27032.0    41    27
(relay)    43    28    27066.41    27    27064.51    3    1
(advertise)    36    27066.61    28    27
(relay)    29    3    27096.02    27    27091.35    1    1
(relay)    37    33    27098.02    27    27075.49    1    1
(relay)    35    7    27158.42    27    27156.15    3    1
(advertise)    36    27158.62    7    27
(relay)    35    35    27164.04    27    27164.04    7    1
(advertise)    36    27180.64    35    27
(relay)    37    2    27203.25    27    27166.4    1    1
(relay)    29    16    27228.05    27    27184.62    1    1
(relay)    43    47    27249.05    27    27246.81    3    1
(advertise)    36    27249.25    47    27
(relay)    37    45    27271.26    27    27258.06    7    1
(advertise)    36    27271.46    45    27
(generate)    36    27296.88    [24]    27
(relay)    37    31    27322.69    27    27318.9    1    1
(relay)    37    9    27365.49    27    27341.6    1    1
(relay)    43    39    27379.49    27    27375.65    1    1
(relay)    43    43    27382.69    27    27382.07    7    1
(advertise)    36    27382.89    43    27
(relay)    43    44    27429.7    27    27428.38    5    1
(advertise)    36    27429.9    44    27
(relay)    43    30    27449.72    27    27397.51    1    1
(relay)    37    38    27474.32    27    27442.36    5    1
(advertise)    36    27474.52    38    27
(relay)    35    42    27498.13    27    27492.2    7    1
(advertise)    36    27498.33    42    27
(relay)    37    32    27524.54    27    27499.97    1    1
(relay)    35    21    27538.54    27    27537.95    3    1
(advertise)    36    27538.74    21    27
(relay)    37    34    27571.15    27    27485.48    1    1
(relay)    35    8    27624.75    27    27616.57    1    1
(relay)    29    29    27655.55    27    27654.94    5    1
(advertise)    36    27655.75    29    27
(relay)    29    1    27696.57    27    27682.68    3    1
(advertise)    36    27696.77    1    27
(relay)    35    14    27728.58    27    27726.23    3    1
(advertise)    36    27728.78    14    27
(relay)    37    46    27752.99    27    27740.11    3    1
(advertise)    36    27753.79    46    27
(relay)    29    0    27841.21    27    27832.26    3    1
(advertise)    36    27841.41    0    27
(relay)    37    37    27847.02    27    27846.4    5    1
(advertise)    36    27863.02    37    27
(relay)    37    40    27877.03    27    27872.45    3    1
(advertise)    36    27885.63    40    27
(relay)    29    15    27906.05    27    27898.86    3    1
(advertise)    36    27907.05    15    27
(relay)    29    22    27928.86    27    27900.95    3    1
(advertise)    36    27929.46    22    27
(relay)    43    48    27962.27    27    27958.81    3    1
(advertise)    36    27962.47    48    27
(relay)    37    41    28033.28    28    28027.84    3    1
(advertise)    36    28033.48    41    28
(relay)    29    28    28064.9    28    28064.54    5    1
(advertise)    36    28065.1    28    28
(relay)    37    33    28088.51    28    28075.5    1    1
(relay)    29    3    28111.71    28    28091.41    1    1
(relay)    29    7    28157.51    28    28156.28    3    1
(advertise)    36    28157.71    7    28
(relay)    35    35    28164.32    28    28164.13    7    1
(advertise)    36    28180.32    35    28
(relay)    37    47    28247.94    28    28246.89    3    1
(advertise)    36    28248.14    47    28
(relay)    37    45    28270.55    28    28258.12    7    1
(advertise)    36    28271.15    45    28
(generate)    36    28296.96    [24]    28
(relay)    29    23    28322.18    28    28300.02    1    1
(relay)    29    31    28342.38    28    28319.01    1    1
(relay)    37    39    28377.98    28    28375.84    3    1
(advertise)    36    28378.18    39    28
(relay)    43    43    28382.79    28    28382.15    7    1
(advertise)    36    28399.39    43    28
(relay)    35    30    28423.4    28    28397.66    1    1
(relay)    37    44    28442.8    28    28428.4    5    1
(advertise)    36    28443.0    44    28
(relay)    37    38    28465.21    28    28442.42    5    1
(advertise)    36    28465.41    38    28
(relay)    43    42    28494.63    28    28492.22    7    1
(advertise)    36    28494.83    42    28
(relay)    37    34    28497.44    28    28485.53    1    1
(relay)    37    32    28518.84    28    28500.16    1    1
(relay)    29    21    28539.64    28    28538.04    3    1
(advertise)    36    28539.84    21    28
(relay)    35    8    28623.05    28    28616.69    1    1
(relay)    29    29    28655.65    28    28655.13    5    1
(advertise)    36    28655.85    29    28
(heartbeat)    24    7    28677.28    36    28681.87    4    10
(advertise)    36    28682.07    24    7
(relay)    29    14    28729.48    28    28726.25    3    1
(advertise)    36    28729.68    14    28
(relay)    37    46    28743.09    28    28740.3    5    1
(advertise)    36    28751.29    46    28
(relay)    29    1    28752.51    28    28682.79    1    1
(relay)    29    0    28838.31    28    28832.27    3    1
(advertise)    36    28838.51    0    28
(relay)    37    37    28847.52    28    28846.56    5    1
(advertise)    36    28859.72    37    28
(relay)    37    40    28881.33    28    28872.54    3    1
(advertise)    36    28882.73    40    28
(relay)    29    15    28905.34    28    28898.89    3    1
(relay)    35    22    28906.14    28    28901.06    1    2
(advertise)    36    28906.34    15    28
(relay)    43    48    28961.56    28    28958.99    3    1
(advertise)    36    28961.76    48    28
(relay)    29    41    29033.57    29    29027.93    1    1
(relay)    35    28    29064.97    29    29064.6    5    1
(advertise)    36    29065.17    28    29
(relay)    29    3    29097.58    29    29091.48    1    1
(relay)    37    33    29111.58    29    29075.92    1    1
(relay)    35    7    29157.58    29    29156.39    3    1
(advertise)    36    29157.78    7    29
(relay)    35    35    29164.4    29    29164.25    7    1
(advertise)    36    29180.8    35    29
(relay)    29    2    29206.61    29    29166.46    1    1
(relay)    29    16    29229.41    29    29184.95    1    1
(relay)    43    47    29249.41    29    29247.01    3    1
(advertise)    36    29249.61    47    29
(relay)    37    45    29273.02    29    29258.18    5    1
(advertise)    36    29274.02    45    29
(generate)    36    29297.04    [24]    29
(relay)    29    23    29323.25    29    29300.85    1    1
(relay)    37    31    29323.65    29    29319.08    1    1
(relay)    37    39    29378.05    29    29376.01    3    1
(advertise)    36    29378.25    39    29
(relay)    43    43    29382.86    29    29382.25    7    1
(advertise)    36    29399.66    43    29
(relay)    37    30    29401.27    29    29397.83    3    1
(advertise)    36    29423.47    30    29
(relay)    43    44    29442.89    29    29428.42    5    1
(advertise)    36    29446.69    44    29
(relay)    29    9    29448.1    29    29341.92    1    1
(relay)    35    38    29472.7    29    29442.48    1    1
(relay)    43    42    29494.5    29    29492.24    7    1
(advertise)    36    29494.7    42    29
(relay)    37    32    29538.51    29    29500.3    1    1
(relay)    29    21    29561.11    29    29538.14    1    1
(relay)    29    8    29623.71    29    29616.75    3    1
(advertise)    36    29623.91    8    29
(relay)    29    29    29656.13    29    29655.17    5    1
(advertise)    36    29656.33    29    29
(relay)    35    1    29701.74    29    29682.88    1    1
(relay)    35    14    29729.14    29    29726.28    3    1
(advertise)    36    29729.34    14    29
(relay)    37    46    29752.15    29    29740.31    5    1
(advertise)    36    29752.55    46    29
(relay)    29    0    29838.37    29    29832.43    3    1
(advertise)    36    29838.57    0    29
(relay)    37    37    29847.78    29    29846.7    5    1
(advertise)    36    29860.18    37    29
(relay)    37    40    29882.59    29    29872.63    3    1
(advertise)    36    29884.39    40    29
(relay)    29    15    29906.8    29    29899.06    3    1
(advertise)    36    29908.2    15    29
(relay)    29    22    29928.42    29    29901.53    3    1
(advertise)    36    29930.22    22    29
(relay)    35    48    29961.83    29    29959.18    1    1
