(relay)    11    41    1027.2    1    1025.0    121    1
(advertise)    4    1027.4    41    1
(relay)    11    28    1068.61    1    1062.01    120    1
(advertise)    4    1068.81    28    1
(relay)    11    18    1090.43    1    1069.03    126    1
(advertise)    4    1091.03    18    1
(generate)    4    1111.04    [24]    1
(relay)    11    3    1133.05    1    1089.21    123    1
(advertise)    4    1133.25    3    1
(relay)    11    33    1157.87    1    1071.01    121    1
(advertise)    4    1158.27    33    1
(relay)    11    19    1180.28    1    1149.07    125    1
(advertise)    4    1180.88    19    1
(relay)    3    2    1184.09    1    1164.05    126    1
(relay)    11    26    1200.49    1    1166.08    124    2
(advertise)    4    1204.49    2    1
(relay)    11    16    1222.5    1    1177.08    124    2
(relay)    3    7    1227.5    1    1153.07    123    3
(advertise)    4    1227.7    26    1
(advertise)    4    1249.32    16    1
(advertise)    4    1272.53    7    1
(relay)    11    17    1294.14    1    1292.14    125    1
(advertise)    4    1294.54    17    1
(relay)    5    47    1295.76    1    1244.12    117    1
(advertise)    4    1315.56    47    1
(relay)    11    35    1319.57    1    1161.07    117    1
(advertise)    4    1338.37    35    1
(relay)    5    45    1340.78    1    1255.13    117    1
(advertise)    4    1359.38    45    1
(relay)    11    23    1364.6    1    1297.16    123    1
(advertise)    4    1380.4    23    1
(relay)    3    9    1386.21    1    1337.18    125    1
(advertise)    4    1402.61    9    1
(relay)    11    36    1429.42    1    1294.14    118    1
(advertise)    4    1429.82    36    1
(relay)    5    39    1431.23    1    1373.2    121    1
(relay)    11    30    1452.63    1    1393.01    122    2
(advertise)    4    1454.03    39    1
(advertise)    4    1475.45    30    1
(relay)    11    31    1495.66    1    1315.16    121    1
(advertise)    4    1498.86    31    1
(relay)    11    43    1517.67    1    1378.2    119    1
(advertise)    4    1522.47    43    1
(relay)    3    44    1541.49    1    1425.02    120    1
(advertise)    4    1543.89    44    1
(relay)    5    34    1547.3    1    1483.06    120    1
(relay)    3    38    1561.9    1    1440.03    120    2
(advertise)    4    1566.1    34    1
(relay)    11    11    1568.31    1    1568.11    127    2
(advertise)    4    1587.31    38    1
(relay)    3    21    1605.93    1    1535.09    121    2
(relay)    11    25    1611.73    1    1533.09    125    3
(advertise)    4    1611.93    11    1
(relay)    5    32    1614.94    1    1496.07    120    3
(advertise)    4    1633.14    21    1
(relay)    5    5    1646.15    1    1645.15    127    3
(relay)    3    8    1651.35    1    1614.11    124    4
(advertise)    4    1655.15    25    1
(relay)    5    13    1659.16    1    1594.13    125    4
(advertise)    4    1676.36    32    1
(advertise)    4    1698.78    5    1
(relay)    3    42    1720.79    1    1489.05    116    3
(advertise)    4    1721.19    8    1
(relay)    5    6    1726.6    1    1665.14    126    3
(advertise)    4    1742.2    13    1
(advertise)    4    1763.22    42    1
(advertise)    4    1786.23    6    1
(relay)    5    20    1796.64    1    1769.02    124    1
(relay)    3    10    1807.04    1    1750.02    126    2
(advertise)    4    1807.64    20    1
(relay)    11    1    1809.06    1    1680.16    123    2
(advertise)    4    1829.46    10    1
(relay)    5    12    1838.27    1    1809.04    126    2
(advertise)    4    1850.67    1    1
(advertise)    4    1871.88    12    1
(relay)    5    14    1882.69    1    1724.0    114    1
(advertise)    4    1894.09    14    1
(relay)    5    29    1906.71    1    1653.15    117    1
(advertise)    4    1916.71    29    1
(relay)    11    46    1919.12    1    1738.0    116    1
(relay)    5    27    1929.72    1    1808.06    123    2
(advertise)    4    1939.52    46    1
(relay)    3    0    1940.93    1    1829.04    124    2
(advertise)    4    1962.93    27    1
(relay)    5    37    1974.35    1    1843.07    119    2
(advertise)    4    1984.35    0    1
(relay)    11    15    2006.96    1    1895.11    123    2
(advertise)    4    2008.16    37    1
(relay)    11    40    2028.37    1    1870.29    122    2
(advertise)    4    2029.97    15    1
(advertise)    4    2051.79    40    1
(relay)    3    22    2055.8    1    1896.11    122    1
(relay)    11    18    2073.4    2    2069.2    126    2
(advertise)    4    2074.2    22    1
(advertise)    4    2096.61    18    2
(relay)    5    48    2110.42    1    1955.11    120    1
(generate)    4    2111.22    [24]    2
(advertise)    4    2117.64    48    1
(relay)    11    41    2141.45    2    2025.17    121    1
(advertise)    4    2142.25    41    2
(relay)    11    3    2164.46    2    2089.4    123    1
(advertise)    4    2165.26    3    2
(relay)    11    19    2186.28    2    2149.25    125    1
(advertise)    4    2186.68    19    2
(relay)    3    2    2189.69    2    2164.24    126    1
(relay)    11    28    2207.49    2    2062.2    120    2
(advertise)    4    2209.09    2    2
(relay)    5    33    2222.9    2    2071.6    121    2
(advertise)    4    2233.3    28    2
(relay)    3    16    2255.72    2    2177.28    124    2
(advertise)    4    2256.12    33    2
(advertise)    4    2277.33    16    2
(relay)    11    7    2295.74    2    2153.24    123    1
(advertise)    4    2299.14    7    2
(relay)    11    17    2318.75    2    2292.34    125    1
(relay)    3    26    2321.35    2    2166.26    120    2
(advertise)    4    2322.35    17    2
(advertise)    4    2344.57    26    2
(relay)    3    35    2367.98    2    2161.25    119    1
(advertise)    4    2368.98    35    2
(relay)    11    9    2388.59    2    2337.37    125    1
(advertise)    4    2389.99    9    2
(relay)    5    47    2400.61    2    2244.32    121    1
(advertise)    4    2411.81    47    2
(relay)    11    45    2433.42    2    2255.92    121    1
(advertise)    4    2433.62    45    2
(relay)    11    23    2454.63    2    2297.34    123    1
(advertise)    4    2456.03    23    2
(relay)    11    31    2475.04    2    2315.35    121    1
(advertise)    4    2478.64    31    2
(relay)    11    39    2498.66    2    2373.39    123    1
(relay)    3    36    2501.06    2    2294.74    118    2
(advertise)    4    2501.46    39    2
(relay)    11    30    2521.87    2    2393.81    122    2
(advertise)    4    2525.47    36    2
(advertise)    4    2547.28    30    2
(relay)    11    25    2565.1    2    2533.28    125    1
(advertise)    4    2568.7    25    2
(relay)    11    43    2587.71    2    2378.37    117    1
(advertise)    4    2589.91    43    2
(relay)    5    34    2602.92    2    2483.24    122    1
(advertise)    4    2611.92    34    2
(relay)    11    38    2630.34    2    2440.23    120    1
(advertise)    4    2633.34    38    2
(relay)    3    21    2635.35    2    2535.27    121    1
(relay)    5    5    2645.35    2    2645.34    127    2
(relay)    5    11    2647.95    2    2568.31    125    3
(advertise)    4    2654.75    21    2
(advertise)    4    2675.96    5    2
(relay)    3    8    2679.77    2    2614.31    124    2
(advertise)    4    2700.37    11    2
(relay)    5    13    2715.19    2    2594.31    125    2
(relay)    11    32    2721.19    2    2496.26    122    3
(advertise)    4    2722.39    8    2
(relay)    5    6    2736.0    2    2665.32    126    3
(advertise)    4    2744.6    13    2
(relay)    11    44    2764.01    2    2425.21    120    3
(advertise)    4    2766.01    32    2
(relay)    3    1    2770.43    2    2680.36    125    3
(relay)    11    10    2786.83    2    2750.21    126    4
(advertise)    4    2788.03    6    2
(advertise)    4    2810.24    44    2
(relay)    5    12    2824.85    2    2809.23    126    3
(relay)    11    42    2828.85    2    2489.22    118    4
(advertise)    4    2832.25    1    2
(relay)    5    20    2846.87    2    2769.21    124    4
(advertise)    4    2853.47    10    2
(advertise)    4    2874.68    12    2
(relay)    11    29    2894.29    2    2653.35    121    3
(advertise)    4    2896.89    42    2
(advertise)    4    2920.3    20    2
(relay)    11    46    2935.92    2    2738.2    122    2
(advertise)    4    2942.92    29    2
(relay)    3    0    2946.33    2    2829.2    124    2
(relay)    5    27    2956.73    2    2808.24    123    3
(relay)    11    14    2958.73    2    2724.2    122    4
(advertise)    4    2964.53    46    2
(advertise)    4    2985.94    0    2
(advertise)    4    3008.36    27    2
(relay)    11    37    3027.37    2    2843.47    121    2
(advertise)    4    3030.17    14    2
(relay)    3    15    3035.78    2    2895.3    123    2
(relay)    5    40    3047.18    2    2870.48    120    3
(advertise)    4    3053.38    37    2
(relay)    11    22    3072.2    2    2896.29    122    3
(advertise)    4    3076.8    15    2
(relay)    3    3    3090.61    3    3089.6    127    3
(relay)    11    18    3093.41    3    3069.4    126    4
(advertise)    4    3099.41    40    2
(generate)    4    3111.42    [24]    3
(relay)    5    48    3114.03    2    2955.29    120    4
(advertise)    4    3121.83    22    2
(advertise)    4    3144.65    3    3
(advertise)    4    3165.66    18    3
(advertise)    4    3186.87    48    2
(relay)    3    2    3188.09    3    3164.42    126    1
(relay)    11    41    3202.09    3    3025.37    121    2
(advertise)    4    3207.89    2    3
(relay)    3    28    3209.1    3    3062.4    120    2
(advertise)    4    3230.3    41    3
(relay)    11    33    3245.91    3    3071.8    123    2
(advertise)    4    3252.91    28    3
(relay)    5    19    3269.53    3    3149.45    125    2
(advertise)    4    3275.33    33    3
(advertise)    4    3296.94    19    3
(relay)    11    26    3310.95    3    3167.66    124    1
(advertise)    4    3317.95    26    3
(relay)    3    16    3320.56    3    3177.46    124    1
(relay)    11    7    3331.96    3    3153.43    123    2
(advertise)    4    3339.96    16    3
(advertise)    4    3363.18    7    3
(relay)    11    17    3374.99    3    3292.53    125    1
(advertise)    4    3385.39    17    3
(relay)    11    47    3396.6    3    3244.49    119    1
(advertise)    4    3406.6    47    3
(relay)    11    35    3419.62    3    3161.45    119    1
(advertise)    4    3428.62    35    3
(relay)    11    9    3443.43    3    3337.56    125    1
(advertise)    4    3451.83    9    3
(relay)    3    23    3453.64    3    3297.53    123    1
(advertise)    4    3472.84    23    3
(relay)    11    31    3492.46    3    3315.55    123    1
(advertise)    4    3494.46    31    3
(relay)    11    45    3515.27    3    3256.1    117    1
(advertise)    4    3517.47    45    3
(relay)    3    36    3519.88    3    3294.93    118    1
(advertise)    4    3540.48    36    3
(relay)    11    25    3559.49    3    3533.48    125    1
(relay)    3    30    3561.69    3    3394.0    122    2
(advertise)    4    3562.49    25    3
(relay)    11    11    3568.51    3    3568.51    127    2
(relay)    11    39    3581.31    3    3373.59    121    3
(advertise)    4    3583.51    30    3
(advertise)    4    3605.92    11    3
(relay)    3    21    3627.13    3    3535.47    121    2
(advertise)    4    3628.53    39    3
(relay)    5    5    3645.35    3    3645.35    127    2
(relay)    11    38    3646.35    3    3440.43    120    3
(advertise)    4    3650.75    21    3
(relay)    5    13    3665.36    3    3594.51    125    3
(advertise)    4    3672.16    5    3
(advertise)    4    3694.57    38    3
(relay)    5    34    3708.59    3    3483.44    122    2
(advertise)    4    3717.59    13    3
(relay)    5    6    3729.4    3    3665.51    126    2
(relay)    3    8    3735.2    3    3614.49    124    3
(advertise)    4    3739.6    34    3
(relay)    11    43    3758.61    3    3378.56    117    3
(advertise)    4    3761.61    6    3
(relay)    5    32    3773.62    3    3496.46    122    3
(advertise)    4    3783.22    8    3
(relay)    11    10    3803.24    3    3750.41    126    3
(advertise)    4    3804.24    43    3
(relay)    5    12    3816.25    3    3809.42    126    3
(relay)    3    1    3820.25    3    3680.55    125    4
(advertise)    4    3827.45    32    3
(relay)    5    44    3838.46    3    3425.22    116    4
(advertise)    4    3849.66    10    3
(advertise)    4    3872.08    12    3
(advertise)    4    3895.29    1    3
(relay)    3    29    3910.9    3    3653.55    121    2
(advertise)    4    3916.5    44    3
(advertise)    4    3939.12    29    3
(relay)    5    27    3948.53    3    3808.44    123    1
(relay)    3    14    3955.33    3    3725.0    122    2
(relay)    11    46    3957.93    3    3738.4    122    3
(advertise)    4    3961.33    27    3
(relay)    11    20    3981.34    3    3769.22    124    3
(advertise)    4    3984.94    14    3
(relay)    5    42    3992.75    3    3489.42    116    3
(advertise)    4    4006.15    46    3
(relay)    3    0    4021.97    3    3829.4    124    3
(advertise)    4    4027.17    20    3
(advertise)    4    4048.38    42    3
(advertise)    4    4069.39    0    3
(relay)    3    15    4088.61    3    3895.49    123    1
(relay)    5    37    4090.21    3    3843.66    117    2
(advertise)    4    4090.41    15    3
(generate)    4    4111.62    [24]    4
(advertise)    4    4113.23    37    3
(relay)    3    22    4133.65    3    3896.49    122    1
(advertise)    4    4135.45    22    3
(relay)    11    18    4137.86    4    4069.59    126    1
(advertise)    4    4157.86    18    4
(relay)    3    2    4178.27    4    4164.62    126    1
(advertise)    4    4179.27    2    4
(relay)    11    3    4181.48    4    4089.81    125    1
(advertise)    4    4200.28    3    4
(relay)    5    19    4227.3    4    4149.65    125    1
(advertise)    4    4228.1    19    4
(relay)    3    33    4245.51    4    4071.98    121    1
(advertise)    4    4249.51    33    4
(relay)    3    7    4288.32    4    4153.63    123    1
(advertise)    4    4288.52    7    4
(relay)    11    41    4291.74    4    4025.57    121    1
(advertise)    4    4310.34    41    4
(relay)    5    48    4315.35    3    3955.48    118    1
(advertise)    4    4331.35    48    3
(relay)    11    28    4335.56    4    4062.59    120    1
(relay)    3    16    4353.16    4    4177.66    124    2
(advertise)    4    4354.56    28    4
(relay)    11    26    4356.18    4    4167.86    124    2
(advertise)    4    4377.18    16    4
(relay)    3    17    4396.39    4    4292.72    125    2
(advertise)    4    4400.59    26    4
(relay)    3    9    4418.2    4    4337.75    125    2
(advertise)    4    4421.8    17    4
(advertise)    4    4445.01    9    4
(relay)    3    35    4462.03    4    4161.63    119    1
(advertise)    4    4467.03    35    4
(relay)    5    47    4470.84    4    4244.68    121    1
(advertise)    4    4488.64    47    4
(relay)    3    23    4511.85    4    4297.54    123    1
(advertise)    4    4512.45    23    4
(relay)    5    45    4536.67    4    4256.11    119    1
(advertise)    4    4536.87    45    4
(relay)    11    31    4554.68    4    4315.95    123    1
(advertise)    4    4559.88    31    4
(relay)    11    11    4569.29    4    4568.69    127    1
(advertise)    4    4581.29    11    4
(relay)    11    30    4600.31    4    4394.2    122    1
(advertise)    4    4602.91    30    4
(relay)    11    25    4622.92    4    4533.68    125    1
(advertise)    4    4625.52    25    4
(relay)    5    13    4628.13    4    4594.69    125    1
(relay)    11    39    4645.33    4    4373.79    123    2
(relay)    5    5    4645.53    4    4645.52    127    3
(advertise)    4    4648.53    13    4
(advertise)    4    4670.54    39    4
(relay)    11    36    4690.36    4    4295.12    118    2
(advertise)    4    4694.36    5    4
(relay)    11    8    4711.37    4    4614.69    124    2
(advertise)    4    4716.37    36    4
(relay)    11    32    4732.58    4    4496.65    124    2
(advertise)    4    4739.38    8    4
(advertise)    4    4760.6    32    4
(relay)    3    1    4762.21    4    4680.74    125    1
(relay)    11    21    4775.61    4    4535.67    121    2
(advertise)    4    4783.01    1    4
(relay)    3    10    4784.42    4    4750.61    126    2
(advertise)    4    4805.22    21    4
(relay)    11    34    4818.64    4    4483.64    120    2
(relay)    3    43    4826.24    4    4378.76    117    3
(advertise)    4    4827.84    10    4
(relay)    5    38    4831.05    4    4440.61    116    3
(heartbeat)    24    1    4677.2    4    4840.25    127    0
(advertise)    4    4849.65    34    4
(relay)    5    12    4852.66    4    4809.62    126    4
(advertise)    4    4872.06    43    4
(advertise)    4    4894.27    38    4
(relay)    3    44    4912.29    4    4425.41    118    3
(advertise)    4    4915.89    24    1
(relay)    5    20    4918.3    4    4769.41    124    3
(advertise)    4    4938.1    12    4
(relay)    3    0    4956.71    4    4829.57    124    3
(advertise)    4    4959.51    44    4
(advertise)    4    4980.53    20    4
(relay)    11    6    4993.94    4    4665.71    122    2
(relay)    3    42    5001.54    4    4489.61    118    3
(advertise)    4    5001.94    0    4
(relay)    5    27    5005.75    4    4808.45    1    3
(relay)    11    29    5015.95    4    4653.56    121    4
(advertise)    4    5025.15    6    4
(advertise)    4    5047.77    42    4
(relay)    11    46    5061.18    4    4738.6    122    2
(advertise)    4    5068.78    29    4
(advertise)    4    5090.19    46    4
(relay)    3    14    5092.0    4    4725.18    122    1
(advertise)    4    5111.8    14    4
(generate)    4    5113.02    [24]    5
(relay)    3    15    5114.63    4    4895.69    1    1
(relay)    11    18    5148.03    5    5069.8    3    1
(advertise)    4    5148.23    18    5
(relay)    5    19    5170.84    5    5149.84    5    1
(advertise)    4    5173.24    19    5
(relay)    3    2    5181.06    5    5164.82    7    1
(relay)    5    40    5193.66    4    4870.87    1    2
(advertise)    4    5195.46    2    5
(relay)    11    3    5215.07    5    5089.99    5    1
(advertise)    4    5217.47    3    5
(relay)    3    7    5248.08    5    5153.83    3    1
(advertise)    4    5248.28    7    5
(relay)    5    41    5262.3    5    5025.77    1    1
(relay)    3    16    5292.3    5    5177.86    1    1
(relay)    11    33    5303.1    5    5072.18    1    1
(relay)    5    48    5309.7    4    4955.67    1    1
(relay)    3    17    5313.9    5    5292.91    3    1
(advertise)    4    5314.1    17    5
(relay)    5    26    5334.11    5    5168.06    1    1
(relay)    3    9    5339.71    5    5337.95    5    1
(advertise)    4    5339.91    9    5
(relay)    5    47    5404.92    5    5244.88    3    1
(advertise)    4    5405.12    47    5
(relay)    11    34    5488.33    5    5483.75    1    1
(relay)    11    32    5513.93    5    5496.85    1    1
(relay)    11    25    5536.93    5    5533.88    1    1
(relay)    11    11    5569.33    5    5568.88    5    1
(advertise)    4    5569.53    11    5
(relay)    5    13    5597.35    5    5594.83    5    1
(advertise)    4    5597.55    13    5
(relay)    11    8    5622.96    5    5614.77    3    1
(advertise)    4    5623.16    8    5
(relay)    5    5    5645.77    5    5645.63    7    1
(advertise)    4    5647.17    5    5
(relay)    5    6    5667.59    5    5665.75    7    1
(advertise)    4    5669.39    6    5
(relay)    3    1    5696.6    5    5680.84    7    1
(advertise)    4    5697.4    1    5
(relay)    3    14    5740.41    5    5725.25    1    1
(relay)    3    10    5761.81    5    5750.65    5    1
(advertise)    4    5762.01    10    5
(relay)    5    20    5788.63    5    5769.48    3    1
(advertise)    4    5789.03    20    5
(relay)    5    12    5810.24    5    5809.69    7    1
(advertise)    4    5811.24    12    5
(relay)    3    0    5839.65    5    5829.75    3    1
(advertise)    4    5840.45    0    5
(relay)    11    27    5876.26    5    5808.53    1    1
(relay)    3    15    5897.06    5    5895.85    1    1
(relay)    11    48    5964.46    5    5955.81    1    1
(relay)    11    41    6031.26    6    6025.96    1    1
(relay)    11    18    6071.06    6    6069.82    3    1
(advertise)    4    6071.26    18    6
(relay)    3    3    6090.28    6    6090.12    7    1
(advertise)    4    6092.88    3    6
(generate)    4    6113.09    [24]    6
(relay)    5    19    6151.3    6    6149.89    5    1
(advertise)    4    6151.5    19    6
(relay)    3    2    6173.92    6    6164.89    7    1
(relay)    11    26    6174.12    6    6168.25    1    2
(advertise)    4    6175.92    2    6
(relay)    3    7    6196.93    6    6154.01    3    1
(advertise)    4    6197.13    7    6
(relay)    3    16    6220.14    6    6177.9    1    1
(relay)    5    47    6250.34    6    6245.03    1    1
(relay)    11    17    6295.34    6    6293.09    3    1
(advertise)    4    6295.54    17    6
(relay)    3    9    6339.56    6    6338.03    5    1
(advertise)    4    6339.76    9    6
(relay)    11    39    6437.97    6    6374.07    1    1
(relay)    11    34    6488.97    6    6483.76    1    1
(relay)    11    25    6534.77    6    6534.04    1    1
(relay)    11    11    6569.57    6    6569.07    5    1
(advertise)    4    6569.77    11    6
(relay)    5    13    6596.98    6    6594.94    5    1
(advertise)    4    6597.38    13    6
(relay)    11    8    6622.99    6    6614.85    3    1
(advertise)    4    6623.39    8    6
(relay)    5    5    6646.21    6    6645.7    7    1
(advertise)    4    6646.41    5    6
(relay)    5    6    6667.42    6    6665.76    7    1
(advertise)    4    6668.02    6    6
(relay)    3    1    6695.83    6    6680.95    7    1
(advertise)    4    6696.03    1    6
(relay)    11    10    6766.85    6    6750.71    5    1
(advertise)    4    6767.05    10    6
(relay)    11    20    6790.06    6    6769.56    1    1
(relay)    5    12    6810.66    6    6809.74    7    1
(advertise)    4    6810.86    12    6
(relay)    5    27    6832.47    6    6808.62    1    1
(relay)    3    0    6839.67    6    6829.76    5    1
(advertise)    4    6839.87    0    6
(relay)    11    15    6897.49    6    6896.04    1    1
(relay)    5    48    6961.89    6    6955.83    1    1
(relay)    11    41    7032.69    7    7026.07    1    1
(relay)    11    18    7070.29    7    7069.95    3    1
(advertise)    4    7070.49    18    7
(relay)    3    3    7090.3    7    7090.16    7    1
(advertise)    4    7091.9    3    7
(generate)    4    7113.11    [24]    7
(relay)    3    19    7152.92    7    7149.89    3    1
(advertise)    4    7153.12    19    7
(relay)    5    26    7173.34    7    7168.35    1    1
(relay)    3    2    7174.14    7    7164.92    7    1
(advertise)    4    7175.14    2    7
(relay)    3    7    7198.35    7    7154.11    1    1
(relay)    3    16    7221.75    7    7178.05    1    1
(relay)    11    47    7259.35    7    7245.15    1    1
(relay)    3    17    7295.55    7    7293.19    3    1
(advertise)    4    7295.75    17    7
(relay)    11    9    7338.96    7    7338.19    5    1
(advertise)    4    7339.16    9    7
(relay)    11    34    7490.38    7    7483.78    1    1
(relay)    11    25    7534.98    7    7534.18    1    1
(relay)    11    11    7569.78    7    7569.22    5    1
(advertise)    4    7569.98    11    7
(relay)    11    13    7597.39    7    7595.02    5    1
(advertise)    4    7597.59    13    7
(relay)    11    8    7620.6    7    7614.93    3    1
(advertise)    4    7620.8    8    7
(relay)    5    5    7646.42    7    7645.77    7    1
(advertise)    4    7647.02    5    7
(relay)    5    6    7667.83    7    7665.94    7    1
(advertise)    4    7669.63    6    7
(relay)    3    1    7697.04    7    7681.06    7    1
(advertise)    4    7697.24    1    7
(relay)    11    14    7742.65    7    7725.36    1    1
(relay)    3    10    7764.85    7    7750.77    5    1
(advertise)    4    7765.05    10    7
(relay)    11    20    7789.67    7    7769.62    3    1
(advertise)    4    7791.07    20    7
(relay)    11    12    7811.08    7    7809.8    7    1
(advertise)    4    7813.88    12    7
(relay)    11    27    7833.49    7    7808.73    1    1
(relay)    3    0    7839.49    7    7829.76    5    1
(advertise)    4    7839.89    0    7
(relay)    11    15    7898.11    7    7896.2    1    1
(relay)    5    48    7959.91    7    7956.02    1    1
(relay)    11    41    8034.31    8    8026.13    1    1
(relay)    11    18    8070.51    8    8070.1    3    1
(advertise)    4    8070.71    18    8
(relay)    3    3    8090.72    8    8090.24    7    1
(advertise)    4    8093.32    3    8
(generate)    4    8113.13    [24]    8
(relay)    3    19    8151.55    8    8149.89    3    1
(advertise)    4    8151.75    19    8
(relay)    3    2    8172.76    8    8164.95    7    1
(relay)    5    26    8173.16    8    8168.5    1    2
(advertise)    4    8173.36    2    8
(relay)    11    16    8223.57    8    8178.41    1    1
(relay)    5    47    8247.57    8    8245.24    3    1
(advertise)    4    8247.77    47    8
(relay)    3    17    8295.58    8    8293.26    3    1
(advertise)    4    8295.78    17    8
(relay)    3    9    8339.0    8    8338.37    5    1
(advertise)    4    8339.2    9    8
(relay)    11    39    8411.01    8    8374.25    1    1
(relay)    11    32    8525.61    8    8497.2    1    1
(relay)    11    25    8548.01    8    8534.29    1    1
(relay)    11    11    8570.01    8    8569.4    5    1
(advertise)    4    8570.21    11    8
(relay)    11    13    8597.02    8    8595.14    5    1
(advertise)    4    8597.22    13    8
(relay)    11    8    8621.44    8    8615.01    3    1
(advertise)    4    8621.64    8    8
(relay)    5    5    8646.45    8    8645.84    7    1
(advertise)    4    8646.65    5    8
(relay)    5    6    8668.26    8    8665.96    7    1
(advertise)    4    8668.66    6    8
(heartbeat)    24    2    8677.21    4    8719.28    4    4
(advertise)    4    8719.48    24    2
(relay)    5    1    8743.89    8    8681.14    1    1
(relay)    11    10    8753.29    8    8750.86    5    1
(advertise)    4    8753.49    10    8
(relay)    3    14    8781.3    8    8725.43    1    1
(relay)    11    20    8789.3    8    8769.71    3    1
(advertise)    4    8789.5    20    8
(relay)    5    12    8811.31    8    8809.86    7    1
(advertise)    4    8811.51    12    8
(relay)    5    27    8834.13    8    8808.87    1    1
(relay)    3    0    8852.93    8    8829.78    5    1
(advertise)    4    8853.13    0    8
(relay)    3    15    8898.74    8    8896.22    1    1
(relay)    5    48    8958.94    8    8956.02    1    1
(relay)    5    41    9032.34    9    9026.2    1    1
(relay)    11    18    9070.74    9    9070.26    3    1
(advertise)    4    9070.94    18    9
(relay)    3    3    9090.95    9    9090.32    7    1
(advertise)    4    9092.35    3    9
(generate)    4    9113.17    [24]    9
(relay)    11    33    9138.38    9    9072.93    1    1
(relay)    3    7    9156.38    9    9154.34    3    1
(advertise)    4    9156.58    7    9
(relay)    11    19    9161.19    9    9150.08    3    1
(advertise)    4    9178.39    19    9
(relay)    5    26    9201.81    9    9168.62    1    1
(relay)    11    2    9202.21    9    9164.98    5    1
(relay)    3    16    9203.41    9    9178.6    1    2
(advertise)    4    9203.61    2    9
(relay)    11    47    9251.22    9    9245.36    1    1
(relay)    11    17    9296.62    9    9293.36    3    1
(advertise)    4    9296.82    17    9
(relay)    11    9    9339.03    9    9338.37    5    1
(advertise)    4    9339.23    9    9
(relay)    11    39    9379.64    9    9374.28    1    1
(relay)    5    34    9488.84    9    9483.82    1    1
(relay)    11    32    9516.04    9    9497.24    1    1
(relay)    11    25    9538.84    9    9534.4    1    1
(relay)    11    11    9570.64    9    9569.57    5    1
(advertise)    4    9570.84    11    9
(relay)    5    13    9596.26    9    9595.27    5    1
(advertise)    4    9596.66    13    9
(relay)    3    8    9620.67    9    9615.11    3    1
(advertise)    4    9621.07    8    9
(relay)    5    5    9646.48    9    9645.96    7    1
(advertise)    4    9646.88    5    9
(relay)    5    6    9667.3    9    9666.15    7    1
(advertise)    4    9669.5    6    9
(relay)    3    1    9697.51    9    9681.24    7    1
(advertise)    4    9698.11    1    9
(relay)    11    46    9745.92    9    9738.91    1    1
(relay)    3    14    9747.52    9    9725.45    1    1
(relay)    11    10    9766.92    9    9750.89    5    1
(advertise)    4    9767.12    10    9
(relay)    11    20    9789.14    9    9769.8    3    1
(advertise)    4    9789.74    20    9
(relay)    5    12    9811.15    9    9809.94    7    1
(advertise)    4    9812.75    12    9
(relay)    5    27    9833.76    9    9808.99    1    1
(relay)    3    0    9839.76    9    9829.79    5    1
(advertise)    4    9839.96    0    9
(relay)    11    40    9884.38    9    9871.25    1    1
(relay)    11    15    9906.38    9    9896.23    1    1
(relay)    11    48    9958.18    9    9956.19    1    1
(relay)    5    41    10030.78    10    10026.29    1    1
(relay)    11    18    10071.18    10    10070.44    3    1
(advertise)    4    10071.38    18    10
(relay)    3    3    10090.99    10    10090.36    7    1
(advertise)    4    10093.19    3    10
(generate)    4    10113.2    [24]    10
(relay)    11    19    10150.81    10    10150.26    3    1
(advertise)    4    10151.01    19    10
(relay)    11    26    10173.83    10    10168.73    1    1
(relay)    3    2    10174.43    10    10165.18    7    1
(advertise)    4    10175.23    2    10
(relay)    3    16    10223.44    10    10178.77    1    1
(relay)    5    47    10249.84    10    10245.43    1    1
(relay)    3    17    10296.04    10    10293.43    3    1
(advertise)    4    10296.24    17    10
(relay)    3    9    10339.65    10    10338.54    5    1
(advertise)    4    10339.85    9    10
(relay)    11    39    10379.07    10    10374.33    1    1
(relay)    11    34    10487.67    10    10484.01    1    1
(relay)    11    32    10508.87    10    10497.43    1    1
(relay)    11    25    10536.47    10    10534.47    1    1
(relay)    11    11    10570.67    10    10569.74    5    1
(advertise)    4    10570.87    11    10
(relay)    11    13    10596.48    10    10595.39    5    1
(advertise)    4    10597.08    13    10
(relay)    11    8    10622.09    10    10615.19    3    1
(advertise)    4    10622.29    8    10
(relay)    5    5    10647.11    10    10646.06    7    1
(advertise)    4    10647.51    5    10
(relay)    5    6    10667.72    10    10666.35    7    1
(advertise)    4    10670.32    6    10
(relay)    3    1    10695.33    10    10681.33    7    1
(advertise)    4    10695.53    1    10
(relay)    3    14    10742.74    10    10725.5    1    1
(relay)    11    46    10744.94    10    10739.11    1    1
(relay)    3    10    10764.14    10    10750.93    5    1
(advertise)    4    10764.34    10    10
(relay)    11    20    10787.56    10    10769.83    1    1
(relay)    11    12    10811.56    10    10810.02    7    1
(advertise)    4    10811.76    12    10
(relay)    11    27    10835.57    10    10809.09    1    1
(relay)    3    0    10840.97    10    10829.81    5    1
(advertise)    4    10841.17    0    10
(relay)    11    15    10900.18    10    10896.41    1    1
(relay)    11    48    10959.18    10    10956.39    1    1
(relay)    11    41    11030.18    11    11026.37    1    1
(relay)    11    18    11071.98    11    11070.55    3    1
(advertise)    4    11072.18    18    11
(relay)    3    3    11091.0    11    11090.38    7    1
(advertise)    4    11093.2    3    11
(generate)    4    11113.21    [24]    11
(relay)    11    33    11119.22    11    11073.8    1    1
(relay)    5    19    11151.82    11    11150.41    3    1
(advertise)    4    11152.02    19    11
(relay)    3    7    11175.24    11    11154.54    3    1
(advertise)    4    11175.84    7    11
(relay)    3    2    11197.25    11    11165.2    7    1
(advertise)    4    11198.65    2    11
(relay)    11    26    11208.06    11    11168.87    1    1
(relay)    11    47    11259.46    11    11245.53    1    1
(relay)    3    17    11295.66    11    11293.55    1    1
(relay)    11    9    11340.86    11    11338.71    5    1
(advertise)    4    11341.06    9    11
(relay)    5    34    11485.87    11    11484.21    1    1
(relay)    11    25    11537.07    11    11534.55    1    1
(relay)    11    11    11570.87    11    11569.9    5    1
(advertise)    4    11571.07    11    11
(relay)    11    13    11597.09    11    11595.47    5    1
(advertise)    4    11597.49    13    11
(relay)    11    8    11623.3    11    11615.3    3    1
(advertise)    4    11623.7    8    11
(relay)    5    5    11647.11    11    11646.14    7    1
(advertise)    4    11647.31    5    11
(relay)    5    6    11666.93    11    11666.53    7    1
(advertise)    4    11668.73    6    11
(relay)    3    1    11692.94    11    11681.45    7    1
(advertise)    4    11693.94    1    11
(relay)    11    46    11744.35    11    11739.11    1    1
(relay)    3    10    11752.35    11    11750.95    5    1
(advertise)    4    11752.55    10    11
(relay)    5    20    11777.37    11    11769.88    3    1
(advertise)    4    11777.57    20    11
(relay)    5    12    11811.78    11    11810.09    7    1
(advertise)    4    11811.98    12    11
(relay)    5    27    11833.79    11    11809.42    1    1
(relay)    3    0    11839.99    11    11829.84    5    1
(advertise)    4    11840.19    0    11
(relay)    11    48    11960.8    11    11956.57    1    1
(relay)    5    41    12028.2    12    12026.41    1    1
(relay)    11    18    12072.0    12    12070.68    3    1
(advertise)    4    12072.2    18    12
(relay)    3    3    12091.42    12    12090.4    7    1
(advertise)    4    12094.02    3    12
(generate)    4    12113.23    [24]    12
(relay)    3    19    12154.44    12    12150.41    1    1
(relay)    3    2    12175.84    12    12165.39    7    1
(advertise)    4    12176.04    2    12
(relay)    3    7    12198.46    12    12154.68    3    1
(advertise)    4    12198.86    7    12
(relay)    3    16    12224.27    12    12179.07    1    1
(relay)    11    9    12340.87    12    12338.85    5    1
(advertise)    4    12341.07    9    12
(relay)    11    39    12379.88    12    12374.54    1    1
(relay)    11    34    12486.28    12    12484.23    1    1
(relay)    11    32    12513.68    12    12497.8    1    1
(relay)    11    25    12538.48    12    12534.63    1    1
(relay)    11    11    12570.08    12    12570.07    5    1
(advertise)    4    12570.28    11    12
(relay)    11    13    12598.5    12    12595.57    5    1
(advertise)    4    12598.7    13    12
(relay)    11    8    12624.31    12    12615.36    3    1
(advertise)    4    12624.71    8    12
(relay)    5    5    12647.32    12    12646.22    7    1
(advertise)    4    12648.12    5    12
(relay)    5    6    12667.33    12    12666.54    7    1
(advertise)    4    12669.53    6    12
(heartbeat)    24    3    12677.23    4    12695.95    4    8
(advertise)    4    12696.55    24    3
(relay)    5    1    12722.16    12    12681.53    3    1
(advertise)    4    12722.36    1    12
(relay)    3    14    12742.57    12    12725.62    1    1
(relay)    11    10    12751.37    12    12750.99    5    1
(advertise)    4    12751.77    10    12
(relay)    11    20    12777.99    12    12769.99    3    1
(advertise)    4    12778.19    20    12
(relay)    11    12    12812.4    12    12810.19    5    1
(advertise)    4    12812.6    12    12
(relay)    11    27    12835.81    12    12809.54    1    1
(relay)    3    0    12839.61    12    12829.84    5    1
(advertise)    4    12839.81    0    12
(relay)    3    15    12902.43    12    12896.75    1    1
(relay)    11    48    12962.23    12    12956.77    1    1
(relay)    11    41    13028.83    13    13026.48    1    1
(relay)    11    18    13072.63    13    13070.8    3    1
(advertise)    4    13072.83    18    13
(relay)    3    3    13091.44    13    13090.47    7    1
(advertise)    4    13094.44    3    13
(generate)    4    13113.25    [24]    13
(relay)    11    33    13139.86    13    13073.9    1    1
(relay)    5    19    13153.46    13    13150.58    3    1
(advertise)    4    13153.66    19    13
(relay)    5    26    13176.08    13    13169.12    1    1
(relay)    3    7    13177.28    13    13154.77    3    1
(advertise)    4    13177.68    7    13
(relay)    3    2    13197.69    13    13165.43    5    1
(advertise)    4    13200.89    2    13
(relay)    3    16    13220.9    13    13179.22    1    1
(relay)    11    47    13269.5    13    13245.73    1    1
(relay)    5    9    13343.7    13    13338.86    1    1
(relay)    11    34    13486.1    13    13484.25    1    1
(relay)    11    25    13538.7    13    13535.13    1    1
(relay)    11    11    13570.3    13    13570.23    5    1
(advertise)    4    13570.5    11    13
(relay)    11    13    13598.32    13    13595.7    5    1
(advertise)    4    13598.52    13    13
(relay)    3    8    13625.73    13    13615.44    3    1
(advertise)    4    13626.13    8    13
(relay)    5    5    13646.34    13    13646.3    7    1
(advertise)    4    13647.94    5    13
(relay)    5    6    13667.56    13    13666.73    7    1
(advertise)    4    13668.96    6    13
(relay)    3    1    13696.57    13    13681.62    5    1
(advertise)    4    13696.77    1    13
(relay)    11    14    13743.18    13    13725.64    1    1
(relay)    11    10    13764.18    13    13751.05    5    1
(advertise)    4    13764.38    10    13
(relay)    11    20    13790.99    13    13770.02    3    1
(advertise)    4    13791.19    20    13
(relay)    3    12    13816.81    13    13810.28    3    1
(advertise)    4    13817.01    12    13
(relay)    3    0    13840.22    13    13829.86    5    1
(advertise)    4    13840.42    0    13
(relay)    5    40    13890.03    13    13871.45    1    1
(relay)    3    15    13900.83    13    13896.92    1    1
(relay)    11    48    13963.23    13    13956.95    1    1
(relay)    11    41    14029.63    14    14026.55    1    1
(relay)    11    18    14073.23    14    14070.96    3    1
(advertise)    4    14073.43    18    14
(relay)    3    3    14091.45    14    14090.52    7    1
(advertise)    4    14096.05    3    14
(generate)    4    14113.26    [24]    14
(relay)    3    7    14160.47    14    14154.87    3    1
(advertise)    4    14160.67    7    14
(relay)    5    19    14184.09    14    14150.77    1    1
(relay)    5    26    14205.89    14    14169.21    1    1
(relay)    3    16    14207.09    14    14179.35    1    1
(relay)    11    2    14207.29    14    14165.45    3    1
(advertise)    4    14207.49    2    14
(relay)    5    47    14253.5    14    14245.8    1    1
(relay)    3    17    14294.9    14    14293.78    1    1
(relay)    11    9    14342.3    14    14339.01    3    1
(advertise)    4    14342.5    9    14
(relay)    11    34    14488.51    14    14484.27    1    1
(relay)    11    25    14538.91    14    14535.23    1    1
(relay)    11    11    14570.51    14    14570.42    5    1
(advertise)    4    14570.71    11    14
(relay)    11    13    14598.52    14    14595.81    5    1
(advertise)    4    14598.72    13    14
(relay)    3    8    14624.14    14    14615.51    3    1
(advertise)    4    14624.74    8    14
(relay)    5    5    14646.55    14    14646.4    7    1
(advertise)    4    14648.15    5    14
(relay)    5    6    14668.16    14    14666.93    7    1
(advertise)    4    14669.36    6    14
(relay)    3    1    14695.98    14    14681.68    5    1
(advertise)    4    14696.18    1    14
(relay)    11    14    14739.79    14    14725.69    1    1
(relay)    11    46    14762.19    14    14739.18    1    1
(relay)    3    10    14763.79    14    14751.11    5    1
(advertise)    4    14763.99    10    14
(relay)    5    20    14789.4    14    14770.06    3    1
(advertise)    4    14790.6    20    14
(relay)    5    12    14812.82    14    14810.37    5    1
(advertise)    4    14814.42    12    14
(relay)    3    0    14839.43    14    14830.03    3    1
(advertise)    4    14840.63    0    14
(relay)    11    27    14847.84    14    14809.69    1    1
(relay)    3    15    14899.44    14    14897.07    1    1
(relay)    11    48    14964.84    14    14957.13    1    1
(relay)    5    41    15031.84    15    15026.64    1    1
(relay)    11    18    15073.24    15    15071.1    3    1
(advertise)    4    15073.44    18    15
(relay)    3    3    15090.65    15    15090.58    7    1
(relay)    11    33    15096.65    15    15074.28    1    2
(advertise)    4    15097.05    3    15
(generate)    4    15113.27    [24]    15
(relay)    3    7    15158.88    15    15154.98    3    1
(advertise)    4    15159.08    7    15
(relay)    3    2    15178.89    15    15165.47    5    1
(advertise)    4    15180.69    2    15
(relay)    5    26    15203.51    15    15169.69    1    1
(relay)    3    19    15207.11    15    15150.77    1    1
(relay)    3    16    15230.31    15    15179.52    1    1
(relay)    11    47    15276.71    15    15245.87    1    1
(relay)    3    17    15295.11    15    15293.91    1    1
(relay)    3    9    15340.91    15    15339.2    3    1
(advertise)    4    15341.11    9    15
(relay)    11    34    15489.12    15    15484.28    1    1
(relay)    11    25    15537.12    15    15535.31    1    1
(relay)    11    11    15571.12    15    15570.6    5    1
(advertise)    4    15571.32    11    15
(relay)    11    13    15599.33    15    15595.87    5    1
(advertise)    4    15599.53    13    15
(relay)    11    8    15624.35    15    15615.74    3    1
(advertise)    4    15624.55    8    15
(relay)    5    5    15646.56    15    15646.45    7    1
(advertise)    4    15647.76    5    15
(relay)    5    6    15668.77    15    15667.12    7    1
(advertise)    4    15669.97    6    15
(relay)    3    1    15697.38    15    15681.74    5    1
(advertise)    4    15697.78    1    15
(relay)    3    14    15740.0    15    15725.71    1    1
(relay)    11    10    15752.4    15    15751.16    5    1
(advertise)    4    15752.6    10    15
(relay)    5    20    15778.41    15    15770.09    3    1
(advertise)    4    15779.01    20    15
(relay)    3    12    15811.22    15    15810.38    3    1
(advertise)    4    15811.42    12    15
(relay)    11    27    15832.84    15    15809.79    1    1
(relay)    3    0    15836.44    15    15830.22    5    1
(advertise)    4    15836.64    0    15
(relay)    11    40    15894.25    15    15871.53    1    1
(relay)    3    15    15898.25    15    15897.07    1    1
(relay)    11    41    16031.85    16    16026.71    1    1
(relay)    11    18    16072.65    16    16071.24    3    1
(advertise)    4    16072.85    18    16
(relay)    3    3    16090.66    16    16090.65    7    1
(advertise)    4    16094.26    3    16
(relay)    11    33    16095.48    16    16074.28    1    1
(generate)    4    16113.28    [24]    16
(relay)    5    19    16152.49    16    16150.77    3    1
(advertise)    4    16152.69    19    16
(relay)    5    26    16174.3    16    16169.75    1    1
(relay)    3    2    16175.7    16    16165.65    5    1
(advertise)    4    16176.3    2    16
(relay)    3    7    16199.31    16    16155.08    3    1
(advertise)    4    16200.71    7    16
(relay)    3    16    16225.73    16    16180.29    1    1
(relay)    11    47    16262.13    16    16245.96    1    1
(relay)    3    17    16296.13    16    16294.0    1    1
(relay)    3    9    16340.93    16    16339.35    3    1
(advertise)    4    16341.13    9    16
(relay)    11    39    16377.54    16    16374.58    1    1
(relay)    11    34    16488.94    16    16484.48    1    1
(relay)    11    25    16536.14    16    16535.36    1    1
(relay)    11    11    16571.34    16    16570.76    5    1
(advertise)    4    16571.54    11    16
(relay)    11    13    16598.55    16    16595.97    5    1
(advertise)    4    16598.75    13    16
(relay)    5    8    16625.97    16    16615.8    1    1
(relay)    5    5    16646.57    16    16646.49    7    1
(advertise)    4    16646.77    5    16
(relay)    5    6    16668.98    16    16667.32    7    1
(advertise)    4    16669.58    6    16
(relay)    3    1    16697.19    16    16681.82    5    1
(advertise)    4    16697.39    1    16
(heartbeat)    24    4    16677.24    4    16698.61    4    8
(advertise)    4    16719.81    24    4
(relay)    11    46    16745.82    16    16739.22    1    1
(relay)    3    14    16750.02    16    16725.76    1    1
(relay)    3    10    16771.82    16    16751.25    3    1
(advertise)    4    16772.02    10    16
(relay)    11    20    16809.63    16    16770.11    3    1
(advertise)    4    16809.83    20    16
(relay)    11    12    16831.04    16    16810.43    5    1
(relay)    5    27    16832.44    16    16809.86    1    2
(advertise)    4    16832.84    12    16
(relay)    11    0    16857.06    16    16830.41    3    1
(advertise)    4    16857.26    0    16
(relay)    11    15    16899.27    16    16897.23    1    1
(relay)    5    48    16964.07    16    16957.32    1    1
(relay)    11    41    17032.07    17    17026.79    1    1
(relay)    11    18    17071.87    17    17071.39    3    1
(advertise)    4    17072.07    18    17
(relay)    3    3    17090.88    17    17090.73    7    1
(advertise)    4    17093.48    3    17
(generate)    4    17113.3    [24]    17
(relay)    11    33    17140.51    17    17074.28    1    1
(relay)    5    19    17152.71    17    17150.96    3    1
(advertise)    4    17152.91    19    17
(relay)    5    26    17173.72    17    17169.85    1    1
(relay)    3    7    17175.52    17    17155.16    3    1
(advertise)    4    17176.52    7    17
(relay)    3    2    17198.14    17    17165.68    5    1
(advertise)    4    17198.54    2    17
(relay)    3    16    17219.55    17    17180.41    1    1
(relay)    5    47    17252.35    17    17246.05    1    1
(relay)    11    17    17296.35    17    17294.09    1    1
(relay)    11    9    17340.35    17    17339.51    3    1
(advertise)    4    17340.55    9    17
(relay)    5    34    17491.76    17    17484.51    1    1
(relay)    11    25    17536.16    17    17535.47    1    1
(relay)    11    32    17560.16    17    17498.49    1    1
(relay)    11    11    17571.36    17    17570.76    5    1
(advertise)    4    17571.56    11    17
(relay)    5    13    17598.57    17    17596.05    5    1
(advertise)    4    17598.77    13    17
(relay)    11    8    17623.19    17    17615.85    1    1
(relay)    5    5    17647.19    17    17646.59    7    1
(advertise)    4    17647.39    5    17
(relay)    5    6    17669.8    17    17667.51    7    1
(advertise)    4    17670.2    6    17
(relay)    3    1    17695.01    17    17681.9    5    1
(advertise)    4    17695.21    1    17
(relay)    11    46    17744.03    17    17739.24    1    1
(relay)    3    10    17753.03    17    17751.29    3    1
(advertise)    4    17753.23    10    17
(relay)    5    20    17777.04    17    17770.12    3    1
(advertise)    4    17777.24    20    17
(relay)    11    12    17811.05    17    17810.46    5    1
(advertise)    4    17811.25    12    17
(relay)    5    27    17833.47    17    17809.92    1    1
(relay)    3    0    17838.07    17    17830.59    5    1
(advertise)    4    17838.27    0    17
(relay)    5    40    17879.28    17    17871.68    1    1
(relay)    11    15    17899.08    17    17897.42    1    1
(relay)    5    48    17961.48    17    17957.33    1    1
(relay)    11    41    18034.88    18    18026.87    1    1
(relay)    11    18    18071.88    18    18071.56    3    1
(advertise)    4    18072.08    18    18
(relay)    3    3    18091.29    18    18090.79    7    1
(advertise)    4    18094.69    3    18
(generate)    4    18113.3    [24]    18
(relay)    11    33    18116.92    18    18074.67    1    1
(relay)    3    7    18156.52    18    18155.27    3    1
(advertise)    4    18156.72    7    18
(relay)    3    2    18179.53    18    18165.88    5    1
(advertise)    4    18180.73    2    18
(relay)    11    19    18182.54    18    18151.15    3    1
(advertise)    4    18202.14    19    18
(relay)    3    16    18203.36    18    18181.74    1    1
(relay)    11    26    18225.76    18    18169.91    1    1
(relay)    11    47    18248.36    18    18246.12    1    1
(relay)    11    9    18340.36    18    18339.68    3    1
(advertise)    4    18340.56    9    18
(relay)    11    39    18378.97    18    18374.74    1    1
(relay)    5    34    18489.97    18    18484.7    1    1
(relay)    11    32    18513.17    18    18498.66    1    1
(relay)    11    25    18537.37    18    18535.75    1    1
(relay)    11    11    18571.77    18    18570.77    5    1
(advertise)    4    18571.97    11    18
(relay)    11    13    18597.78    18    18596.13    5    1
(advertise)    4    18598.38    13    18
(relay)    11    8    18621.4    18    18615.92    3    1
(advertise)    4    18622.2    8    18
(relay)    5    5    18647.21    18    18646.72    7    1
(advertise)    4    18647.41    5    18
(relay)    5    6    18673.42    18    18667.67    5    1
(advertise)    4    18673.62    6    18
(relay)    3    1    18698.83    18    18681.96    5    1
(advertise)    4    18699.03    1    18
(relay)    11    46    18744.85    18    18739.43    1    1
(relay)    3    14    18746.05    18    18725.97    1    1
(relay)    3    10    18768.45    18    18751.35    3    1
(advertise)    4    18768.65    10    18
(relay)    5    12    18811.86    18    18810.52    5    1
(advertise)    4    18812.06    12    18
(relay)    3    0    18836.27    18    18830.77    5    1
(advertise)    4    18836.47    0    18
(relay)    5    27    18863.09    18    18809.98    1    1
(relay)    5    48    18959.89    18    18957.5    1    1
(relay)    5    41    19032.49    19    19026.96    1    1
(relay)    11    18    19072.09    19    19071.72    3    1
(advertise)    4    19072.29    18    19
(relay)    3    3    19091.3    19    19090.83    7    1
(advertise)    4    19093.5    3    19
(generate)    4    19113.31    [24]    19
(relay)    11    19    19152.33    19    19151.16    3    1
(advertise)    4    19152.53    19    19
(relay)    5    26    19175.54    19    19169.97    1    1
(relay)    3    2    19176.54    19    19165.89    5    1
(advertise)    4    19176.74    2    19
(relay)    11    7    19197.95    19    19155.35    3    1
(advertise)    4    19199.75    7    19
(relay)    3    16    19224.76    19    19182.26    1    1
(relay)    5    47    19249.56    19    19246.17    1    1
(relay)    3    17    19297.76    19    19294.32    1    1
(relay)    11    9    19340.56    19    19339.83    3    1
(advertise)    4    19340.76    9    19
(relay)    11    39    19407.58    19    19374.76    1    1
(relay)    5    34    19489.78    19    19484.73    1    1
(relay)    11    32    19513.58    19    19498.85    1    1
(relay)    11    25    19539.18    19    19535.85    1    1
(relay)    11    11    19571.78    19    19570.77    5    1
(advertise)    4    19571.98    11    19
(relay)    5    13    19597.39    19    19596.21    5    1
(advertise)    4    19597.59    13    19
(relay)    11    8    19623.6    19    19616.0    3    1
(advertise)    4    19623.8    8    19
(relay)    5    5    19647.42    19    19646.8    7    1
(advertise)    4    19647.62    5    19
(relay)    5    6    19669.23    19    19667.87    7    1
(advertise)    4    19670.43    6    19
(relay)    3    1    19696.24    19    19682.04    5    1
(advertise)    4    19696.44    1    19
(relay)    11    46    19746.86    19    19739.63    1    1
(relay)    3    14    19748.46    19    19725.99    1    1
(relay)    3    10    19769.66    19    19751.43    3    1
(advertise)    4    19769.86    10    19
(relay)    5    12    19812.47    19    19810.6    5    1
(advertise)    4    19812.67    12    19
(relay)    11    27    19856.88    19    19810.03    1    1
(relay)    11    0    19877.28    19    19830.96    3    1
(advertise)    4    19877.48    0    19
(relay)    3    15    19901.89    19    19897.75    1    1
(relay)    11    48    19959.89    19    19957.65    1    1
(relay)    5    41    20031.69    20    20027.06    1    1
(relay)    11    18    20073.09    20    20071.91    3    1
(advertise)    4    20073.29    18    20
(relay)    3    3    20091.51    20    20090.88    7    1
(advertise)    4    20095.31    3    20
(generate)    4    20113.32    [24]    20
(relay)    11    33    20142.33    20    20074.87    1    1
(relay)    5    19    20152.73    20    20151.16    3    1
(advertise)    4    20152.93    19    20
(relay)    11    7    20185.95    20    20155.45    3    1
(advertise)    4    20186.15    7    20
(relay)    3    2    20201.36    20    20165.91    5    1
(advertise)    4    20207.56    2    20
(relay)    11    26    20209.97    20    20169.99    1    1
(relay)    3    16    20222.37    20    20183.19    1    1
(relay)    3    17    20297.37    20    20294.85    1    1
(relay)    11    9    20341.57    20    20340.02    3    1
(advertise)    4    20341.77    9    20
(relay)    11    39    20380.99    20    20374.91    1    1
(relay)    5    34    20487.39    20    20484.92    1    1
(relay)    11    25    20537.99    20    20535.94    1    1
(relay)    11    11    20571.99    20    20570.96    5    1
(advertise)    4    20572.19    11    20
(relay)    11    13    20597.6    20    20596.3    5    1
(advertise)    4    20598.4    13    20
(relay)    5    8    20625.81    20    20616.06    1    1
(relay)    5    5    20647.81    20    20646.86    7    1
(advertise)    4    20648.01    5    20
(relay)    5    6    20669.22    20    20668.01    7    1
(advertise)    4    20670.42    6    20
(relay)    3    1    20694.84    20    20682.14    5    1
(advertise)    4    20695.04    1    20
(heartbeat)    24    5    20677.25    4    20718.65    4    8
(advertise)    4    20719.05    24    5
(relay)    11    46    20747.86    20    20739.65    1    1
(relay)    3    14    20750.46    20    20726.04    1    1
(relay)    11    10    20770.06    20    20751.49    3    1
(advertise)    4    20770.26    10    20
(relay)    5    12    20812.48    20    20810.67    5    1
(advertise)    4    20812.68    12    20
(relay)    5    27    20834.69    20    20810.12    1    1
(relay)    3    0    20840.09    20    20830.98    3    1
(advertise)    4    20840.49    0    20
(relay)    11    40    20887.1    20    20871.91    1    1
(relay)    3    15    20902.1    20    20897.94    1    1
(relay)    11    48    20960.9    20    20957.85    1    1
(relay)    5    41    21030.9    21    21027.16    1    1
(relay)    11    18    21073.3    21    21072.06    3    1
(advertise)    4    21073.5    18    21
(relay)    3    3    21091.52    21    21090.95    7    1
(advertise)    4    21096.72    3    21
(generate)    4    21113.33    [24]    21
(relay)    3    7    21159.14    21    21155.55    3    1
(advertise)    4    21159.34    7    21
(relay)    3    2    21180.75    21    21165.94    5    1
(relay)    11    19    21181.35    21    21151.35    3    2
(advertise)    4    21183.55    2    21
(advertise)    4    21205.77    19    21
(relay)    5    26    21208.98    21    21170.08    1    1
(relay)    11    47    21254.18    21    21246.34    1    1
(relay)    3    17    21297.58    21    21294.96    1    1
(relay)    3    9    21341.98    21    21340.02    3    1
(advertise)    4    21342.18    9    21
(relay)    11    32    21516.79    21    21499.21    1    1
(relay)    11    25    21539.39    21    21536.05    1    1
(relay)    5    11    21571.79    21    21571.14    3    1
(advertise)    4    21572.19    11    21
(relay)    11    13    21597.41    21    21596.4    5    1
(advertise)    4    21598.01    13    21
(relay)    11    8    21623.02    21    21616.13    3    1
(advertise)    4    21623.22    8    21
(relay)    5    5    21648.03    21    21646.95    7    1
(advertise)    4    21648.23    5    21
(relay)    5    6    21668.65    21    21668.19    7    1
(advertise)    4    21669.25    6    21
(relay)    3    1    21694.86    21    21682.24    5    1
(advertise)    4    21695.26    1    21
(relay)    3    14    21733.27    21    21726.06    1    1
(relay)    3    10    21755.67    21    21751.52    3    1
(advertise)    4    21755.87    10    21
(relay)    5    20    21777.28    21    21770.22    3    1
(advertise)    4    21778.68    20    21
(relay)    5    12    21813.1    21    21810.74    5    1
(advertise)    4    21813.3    12    21
(relay)    3    0    21841.11    21    21831.17    3    1
(advertise)    4    21841.31    0    21
(relay)    11    40    21887.52    21    21871.98    1    1
(relay)    3    15    21903.92    21    21898.12    1    1
(relay)    5    48    21963.52    21    21958.03    1    1
(relay)    11    41    22029.12    22    22027.25    1    1
(relay)    11    18    22073.52    22    22072.24    3    1
(advertise)    4    22073.72    18    22
(relay)    3    3    22091.94    22    22091.0    7    1
(advertise)    4    22095.74    3    22
(generate)    4    22113.35    [24]    22
(relay)    5    33    22140.36    22    22075.07    1    1
(relay)    3    7    22159.56    22    22155.63    3    1
(advertise)    4    22159.76    7    22
(relay)    3    2    22181.18    22    22166.14    5    1
(advertise)    4    22182.18    2    22
(relay)    5    19    22184.39    22    22151.54    3    1
(relay)    3    16    22203.99    22    22183.95    1    2
(advertise)    4    22204.39    19    22
(relay)    5    26    22227.4    22    22170.17    1    1
(relay)    11    47    22279.6    22    22246.4    1    1
(relay)    3    17    22295.6    22    22295.05    1    1
(relay)    11    9    22342.8    22    22340.78    3    1
(advertise)    4    22343.0    9    22
(relay)    11    39    22407.01    22    22374.93    1    1
(relay)    11    34    22487.01    22    22485.15    1    1
(relay)    11    25    22546.61    22    22536.14    1    1
(relay)    11    11    22571.41    22    22571.33    5    1
(advertise)    4    22571.61    11    22
(relay)    11    13    22598.43    22    22596.48    5    1
(advertise)    4    22598.63    13    22
(relay)    3    8    22625.64    22    22616.22    3    1
(advertise)    4    22625.84    8    22
(relay)    5    5    22648.05    22    22647.05    7    1
(advertise)    4    22648.85    5    22
(relay)    5    6    22669.07    22    22668.36    7    1
(advertise)    4    22671.27    6    22
(relay)    3    1    22699.08    22    22682.33    5    1
(advertise)    4    22699.28    1    22
(relay)    3    14    22741.09    22    22726.08    1    1
(relay)    11    10    22751.89    22    22751.57    3    1
(advertise)    4    22752.09    10    22
(relay)    5    20    22776.91    22    22770.25    3    1
(advertise)    4    22777.11    20    22
(relay)    11    12    22813.12    22    22810.83    5    1
(advertise)    4    22813.32    12    22
(relay)    11    0    22840.53    22    22831.37    3    1
(advertise)    4    22840.93    0    22
(relay)    11    40    22876.54    22    22872.03    1    1
(relay)    3    15    22904.34    22    22898.12    1    1
(relay)    11    48    22963.74    22    22958.21    1    1
(relay)    11    41    23029.14    23    23027.33    1    1
(relay)    11    18    23074.74    23    23072.43    3    1
(advertise)    4    23074.94    18    23
(relay)    3    3    23092.16    23    23091.06    7    1
(advertise)    4    23098.76    3    23
(generate)    4    23113.37    [24]    23
(relay)    11    33    23120.78    23    23075.09    1    1
(relay)    5    19    23154.78    23    23151.72    3    1
(advertise)    4    23154.98    19    23
(relay)    5    26    23178.2    23    23170.21    1    1
(relay)    3    7    23178.8    23    23155.73    3    1
(advertise)    4    23180.2    7    23
(relay)    3    2    23199.21    23    23166.16    5    1
(advertise)    4    23202.01    2    23
(relay)    3    16    23220.22    23    23184.07    1    1
(relay)    5    47    23255.02    23    23246.5    1    1
(relay)    3    17    23295.82    23    23295.13    1    1
(relay)    11    9    23344.22    23    23340.93    3    1
(advertise)    4    23344.42    9    23
(relay)    11    39    23376.64    23    23375.09    1    1
(relay)    11    34    23487.64    23    23485.34    1    1
(relay)    11    25    23539.64    23    23536.25    1    1
(relay)    11    11    23571.64    23    23571.48    5    1
(advertise)    4    23571.84    11    23
(relay)    11    13    23599.25    23    23596.58    5    1
(advertise)    4    23599.45    13    23
(relay)    11    8    23625.26    23    23616.3    3    1
(advertise)    4    23625.66    8    23
(relay)    5    5    23647.27    23    23647.15    7    1
(advertise)    4    23649.07    5    23
(relay)    5    6    23669.49    23    23668.52    7    1
(advertise)    4    23670.29    6    23
(relay)    3    1    23697.9    23    23682.41    5    1
(advertise)    4    23698.3    1    23
(relay)    3    14    23739.91    23    23726.1    1    1
(relay)    3    10    23761.11    23    23751.63    3    1
(advertise)    4    23761.31    10    23
(relay)    3    20    23790.73    23    23770.43    1    1
(relay)    5    12    23812.13    23    23810.91    5    1
(advertise)    4    23812.33    12    23
(relay)    3    0    23839.54    23    23831.55    3    1
(advertise)    4    23839.94    0    23
(relay)    11    27    23850.35    23    23810.36    1    1
(relay)    11    40    23900.35    23    23872.11    1    1
(relay)    3    15    23902.55    23    23898.3    1    1
(relay)    11    48    23964.15    23    23958.38    1    1
(relay)    11    41    24030.15    24    24027.41    1    1
(relay)    11    18    24074.75    24    24072.57    3    1
(advertise)    4    24074.95    18    24
(relay)    3    3    24092.17    24    24091.13    7    1
(advertise)    4    24096.97    3    24
(generate)    4    24113.38    [24]    24
(relay)    11    33    24120.79    24    24075.25    1    1
(relay)    5    19    24155.39    24    24151.91    3    1
(advertise)    4    24155.59    19    24
(relay)    5    26    24177.4    24    24170.27    1    1
(relay)    3    7    24179.8    24    24155.82    3    1
(advertise)    4    24180.0    7    24
(relay)    3    2    24200.82    24    24166.17    5    1
(advertise)    4    24201.02    2    24
(relay)    3    16    24222.63    24    24184.18    1    1
(relay)    5    47    24254.03    24    24246.58    1    1
(relay)    3    17    24296.43    24    24295.23    1    1
(relay)    11    9    24344.63    24    24341.1    3    1
(advertise)    4    24344.83    9    24
(relay)    5    34    24489.24    24    24485.37    1    1
(relay)    11    32    24512.44    24    24499.62    1    1
(relay)    11    25    24541.44    24    24537.32    1    1
(relay)    11    11    24571.64    24    24571.49    5    1
(advertise)    4    24571.84    11    24
(relay)    11    13    24599.46    24    24596.67    5    1
(advertise)    4    24599.66    13    24
(relay)    3    8    24626.67    24    24616.35    3    1
(advertise)    4    24626.87    8    24
(relay)    5    5    24647.28    24    24647.21    7    1
(advertise)    4    24649.88    5    24
(relay)    5    6    24669.9    24    24668.7    7    1
(advertise)    4    24672.1    6    24
(relay)    3    1    24697.51    24    24682.49    5    1
(advertise)    4    24697.71    1    24
(heartbeat)    24    6    24677.27    4    24703.32    4    8
(advertise)    4    24720.52    24    6
(relay)    3    14    24745.73    24    24726.14    1    1
(relay)    3    10    24767.53    24    24751.7    3    1
(advertise)    4    24767.73    10    24
(relay)    11    20    24797.95    24    24770.47    3    1
(advertise)    4    24798.15    20    24
(relay)    11    12    24818.96    24    24810.96    5    1
(advertise)    4    24819.36    12    24
(relay)    11    27    24840.77    24    24810.44    1    1
(relay)    3    0    24843.77    24    24831.73    3    1
(advertise)    4    24843.97    0    24
(relay)    3    15    24901.59    24    24898.46    1    1
(relay)    11    40    24924.19    24    24872.21    1    1
(relay)    11    48    24967.39    24    24958.4    1    1
(relay)    11    41    25032.39    25    25027.51    1    1
(relay)    11    18    25074.79    25    25072.57    3    1
(advertise)    4    25074.99    18    25
(relay)    3    3    25091.4    25    25091.21    7    1
(advertise)    4    25097.4    3    25
(generate)    4    25113.61    [24]    25
(relay)    11    33    25142.43    25    25075.44    1    1
(relay)    5    19    25154.43    25    25151.94    3    1
(advertise)    4    25154.63    19    25
(relay)    5    26    25176.84    25    25170.32    1    1
(relay)    3    7    25177.24    25    25155.94    3    1
(advertise)    4    25177.84    7    25
(relay)    3    2    25200.25    25    25166.2    5    1
(advertise)    4    25200.85    2    25
(relay)    3    16    25221.86    25    25184.33    1    1
(relay)    11    47    25280.26    25    25246.66    1    1
(relay)    3    17    25297.06    25    25295.32    1    1
(relay)    11    45    25302.06    25    25257.92    1    1
(relay)    3    9    25342.86    25    25341.26    3    1
(advertise)    4    25343.06    9    25
(relay)    11    34    25489.68    25    25485.4    1    1
(relay)    11    25    25538.28    25    25537.45    1    1
(relay)    11    11    25572.08    25    25571.5    5    1
(advertise)    4    25572.28    11    25
(relay)    5    13    25599.49    25    25596.75    5    1
(advertise)    4    25599.89    13    25
(relay)    5    5    25647.3    25    25647.28    7    1
(advertise)    4    25647.5    5    25
(relay)    5    6    25670.72    25    25668.89    7    1
(advertise)    4    25671.52    6    25
(relay)    3    1    25699.73    25    25682.56    5    1
(advertise)    4    25699.93    1    25
(relay)    11    14    25742.14    25    25726.18    1    1
(relay)    11    10    25763.54    25    25751.76    3    1
(advertise)    4    25763.74    10    25
(relay)    5    20    25788.36    25    25770.5    3    1
(advertise)    4    25788.76    20    25
(relay)    5    12    25811.57    25    25811.0    5    1
(advertise)    4    25812.57    12    25
(relay)    3    0    25838.98    25    25831.9    5    1
(advertise)    4    25839.18    0    25
(relay)    11    40    25882.79    25    25872.3    1    1
(relay)    3    15    25899.79    25    25898.5    1    1
(relay)    11    48    25966.19    25    25958.6    1    1
(relay)    11    41    26032.59    26    26027.62    1    1
(relay)    5    18    26073.79    26    26072.73    1    1
(relay)    3    3    26091.39    26    26091.28    7    1
(advertise)    4    26091.59    3    26
(generate)    4    26113.81    [24]    26
(relay)    11    33    26119.62    26    26075.47    1    1
(relay)    5    19    26153.62    26    26151.94    3    1
(advertise)    4    26153.82    19    26
(relay)    3    7    26176.83    26    26156.05    3    1
(relay)    5    26    26177.23    26    26170.42    1    2
(advertise)    4    26178.43    7    26
(relay)    3    2    26199.85    26    26166.38    5    1
(advertise)    4    26200.85    2    26
(relay)    3    16    26221.26    26    26184.51    1    1
(relay)    5    47    26252.06    26    26246.73    1    1
(relay)    5    45    26275.66    26    26257.99    1    1
(relay)    3    17    26297.46    26    26295.4    1    1
(relay)    3    9    26343.26    26    26341.43    3    1
(advertise)    4    26343.46    9    26
(relay)    11    38    26446.47    26    26442.31    1    1
(relay)    11    34    26489.67    26    26485.43    1    1
(relay)    11    32    26514.47    26    26499.78    1    1
(relay)    11    25    26539.07    26    26537.57    1    1
(relay)    11    11    26572.07    26    26571.51    5    1
(advertise)    4    26572.27    11    26
(relay)    5    13    26598.49    26    26596.83    5    1
(advertise)    4    26599.29    13    26
(relay)    11    8    26625.3    26    26616.48    3    1
(advertise)    4    26625.5    8    26
(relay)    5    5    26647.91    26    26647.37    7    1
(advertise)    4    26648.31    5    26
(relay)    5    6    26670.92    26    26669.09    7    1
(advertise)    4    26671.52    6    26
(relay)    3    1    26697.54    26    26682.59    5    1
(advertise)    4    26697.74    1    26
(relay)    11    46    26744.35    26    26739.91    1    1
(relay)    3    14    26745.15    26    26726.21    1    1
(relay)    11    10    26765.95    26    26751.81    3    1
(advertise)    4    26766.15    10    26
(relay)    5    20    26789.56    26    26770.55    3    1
(advertise)    4    26790.16    20    26
(relay)    5    12    26812.98    26    26811.06    5    1
(advertise)    4    26813.38    12    26
(relay)    3    0    26840.79    26    26832.07    3    1
(advertise)    4    26840.99    0    26
(relay)    3    15    26900.8    26    26898.68    1    1
(relay)    11    48    26966.4    26    26958.62    1    1
(relay)    11    41    27033.6    27    27027.74    1    1
(relay)    11    18    27073.2    27    27072.74    3    1
(advertise)    4    27073.4    18    27
(relay)    3    3    27091.42    27    27091.35    7    1
(advertise)    4    27095.22    3    27
(generate)    4    27113.83    [24]    27
(relay)    11    33    27119.24    27    27075.49    1    1
(relay)    3    7    27157.44    27    27156.15    3    1
(advertise)    4    27157.64    7    27
(relay)    3    2    27178.45    27    27166.4    5    1
(advertise)    4    27178.65    2    27
(relay)    11    19    27186.07    27    27152.13    3    1
(advertise)    4    27201.07    19    27
(relay)    11    26    27229.68    27    27170.52    1    1
(relay)    3    16    27230.28    27    27184.62    1    1
(relay)    11    47    27271.08    27    27246.81    1    1
(relay)    5    45    27289.88    27    27258.06    1    1
(relay)    3    17    27298.28    27    27295.52    1    1
(relay)    3    9    27342.08    27    27341.6    3    1
(advertise)    4    27342.28    9    27
(relay)    11    38    27478.69    27    27442.36    1    1
(relay)    5    34    27503.69    27    27485.48    1    1
(relay)    11    32    27504.29    27    27499.97    1    1
(relay)    11    25    27550.09    27    27537.66    1    1
(relay)    11    11    27572.09    27    27571.53    5    1
(advertise)    4    27572.29    11    27
(relay)    5    13    27599.51    27    27596.9    5    1
(advertise)    4    27599.71    13    27
(relay)    3    8    27624.92    27    27616.57    3    1
(advertise)    4    27625.52    8    27
(relay)    5    5    27647.93    27    27647.43    7    1
(advertise)    4    27648.53    5    27
(relay)    5    6    27671.55    27    27669.24    7    1
(advertise)    4    27672.55    6    27
(relay)    3    1    27699.16    27    27682.68    5    1
(advertise)    4    27699.76    1    27
(relay)    11    14    27743.97    27    27726.23    1    1
(relay)    3    10    27753.77    27    27751.87    3    1
(advertise)    4    27753.97    10    27
(relay)    11    20    27788.18    27    27770.58    3    1
(advertise)    4    27788.38    20    27
(relay)    11    12    27812.0    27    27811.08    5    1
(advertise)    4    27812.4    12    27
(relay)    11    27    27836.01    27    27810.73    1    1
(relay)    3    0    27838.81    27    27832.26    5    1
(advertise)    4    27839.21    0    27
(relay)    11    40    27883.22    27    27872.45    1    1
(relay)    3    15    27900.42    27    27898.86    1    1
(relay)    5    48    27963.62    27    27958.81    1    1
(relay)    11    18    28073.22    28    28072.93    3    1
(advertise)    4    28073.42    18    28
(relay)    3    3    28092.04    28    28091.41    7    1
(advertise)    4    28095.24    3    28
(generate)    4    28113.85    [24]    28
(relay)    11    33    28119.86    28    28075.5    1    1
(relay)    5    19    28153.26    28    28152.14    3    1
(advertise)    4    28153.46    19    28
(relay)    5    26    28176.28    28    28170.63    1    1
(relay)    3    2    28176.88    28    28166.42    5    1
(advertise)    4    28177.08    2    28
(relay)    11    7    28186.29    28    28156.28    3    1
(advertise)    4    28199.09    7    28
(relay)    3    16    28224.3    28    28184.8    1    1
(relay)    5    47    28249.7    28    28246.89    1    1
(relay)    3    17    28298.7    28    28295.65    1    1
(relay)    11    45    28320.7    28    28258.12    1    1
(relay)    3    9    28342.9    28    28341.77    3    1
(advertise)    4    28343.1    9    28
(relay)    11    34    28491.71    28    28485.53    1    1
(relay)    11    25    28539.51    28    28537.78    1    1
(relay)    11    11    28572.51    28    28571.53    5    1
(advertise)    4    28572.71    11    28
(relay)    5    13    28598.13    28    28597.01    5    1
(advertise)    4    28598.73    13    28
(relay)    3    8    28622.34    28    28616.69    3    1
(advertise)    4    28622.74    8    28
(relay)    5    5    28648.15    28    28647.53    7    1
(advertise)    4    28648.35    5    28
(relay)    5    6    28670.77    28    28669.44    7    1
(advertise)    4    28670.97    6    28
(relay)    3    1    28697.38    28    28682.79    5    1
(advertise)    4    28697.58    1    28
(heartbeat)    24    7    28677.28    4    28721.19    4    8
(advertise)    4    28721.59    24    7
(relay)    11    46    28748.01    28    28740.3    3    1
(advertise)    4    28748.21    46    28
(relay)    11    10    28769.42    28    28751.94    3    1
(advertise)    4    28771.22    10    28
(relay)    11    20    28794.03    28    28770.66    1    1
(relay)    5    12    28812.83    28    28811.39    5    1
(advertise)    4    28813.03    12    28
(relay)    3    0    28840.44    28    28832.27    3    1
(advertise)    4    28840.84    0    28
(relay)    11    40    28883.46    28    28872.54    1    1
(relay)    3    15    28902.46    28    28898.89    1    1
(relay)    5    48    28961.26    28    28958.99    1    1
(relay)    5    41    29033.86    29    29027.93    1    1
(relay)    11    18    29073.26    29    29072.93    3    1
(advertise)    4    29073.46    18    29
(relay)    3    3    29092.07    29    29091.48    7    1
(advertise)    4    29095.67    3    29
(generate)    4    29113.88    [24]    29
(relay)    11    33    29141.9    29    29075.92    1    1
(relay)    5    19    29153.7    29    29152.19    3    1
(advertise)    4    29153.9    19    29
(relay)    5    26    29175.91    29    29170.73    1    1
(relay)    3    7    29176.71    29    29156.39    3    1
(advertise)    4    29177.31    7    29
(relay)    3    2    29200.72    29    29166.46    5    1
(advertise)    4    29201.12    2    29
(relay)    5    47    29250.94    29    29247.01    1    1
(relay)    11    16    29254.74    29    29184.95    1    1
(relay)    3    17    29299.54    29    29295.79    1    1
(relay)    11    9    29342.74    29    29341.92    3    1
(advertise)    4    29342.94    9    29
(relay)    11    39    29390.15    29    29376.01    1    1
(relay)    5    34    29490.75    29    29485.57    1    1
(relay)    11    32    29515.15    29    29500.3    1    1
(relay)    11    25    29541.35    29    29537.88    1    1
(relay)    11    11    29572.55    29    29571.55    5    1
(advertise)    4    29572.75    11    29
(relay)    11    13    29598.36    29    29597.12    5    1
(advertise)    4    29598.96    13    29
(relay)    11    8    29622.57    29    29616.75    3    1
(advertise)    4    29622.97    8    29
(relay)    5    5    29648.59    29    29647.63    7    1
(advertise)    4    29649.19    5    29
(relay)    5    6    29670.8    29    29669.62    7    1
(advertise)    4    29671.8    6    29
(relay)    3    1    29698.01    29    29682.88    5    1
(advertise)    4    29698.21    1    29
(relay)    11    14    29732.03    29    29726.28    1    1
(relay)    5    46    29748.03    29    29740.31    1    1
(relay)    3    10    29756.23    29    29751.99    3    1
(advertise)    4    29756.43    10    29
(relay)    5    20    29790.44    29    29770.7    3    1
(advertise)    4    29790.64    20    29
(relay)    5    12    29813.45    29    29811.45    5    1
(advertise)    4    29814.05    12    29
(relay)    11    27    29839.87    29    29810.95    1    1
(relay)    3    0    29842.07    29    29832.43    3    1
(advertise)    4    29842.27    0    29
(relay)    3    15    29903.68    29    29899.06    1    1
(relay)    11    48    29961.48    29    29959.18    1    1
