(relay)    41    41    1025.2    1    1025.0    127    1
(advertise)    40    1025.4    41    1
(relay)    39    28    1066.61    1    1062.01    122    1
(advertise)    40    1066.81    28    1
(relay)    33    33    1072.03    1    1071.01    127    1
(advertise)    40    1087.83    33    1
(relay)    33    18    1111.44    1    1069.03    124    1
(advertise)    40    1111.64    18    1
(relay)    33    4    1136.25    1    1111.04    122    1
(relay)    39    3    1136.45    1    1089.21    119    2
(advertise)    40    1137.05    4    1
(advertise)    40    1158.67    3    1
(relay)    41    19    1160.48    1    1149.07    123    1
(advertise)    40    1180.88    19    1
(relay)    39    26    1200.89    1    1166.08    124    1
(advertise)    40    1203.09    26    1
(relay)    39    16    1225.1    1    1177.08    122    1
(advertise)    40    1225.3    16    1
(relay)    47    47    1244.72    1    1244.12    127    1
(advertise)    40    1246.92    47    1
(relay)    33    7    1248.13    1    1153.07    119    1
(advertise)    40    1269.13    7    1
(relay)    39    45    1290.74    1    1255.13    125    1
(advertise)    40    1291.14    45    1
(relay)    33    2    1293.56    1    1164.05    118    1
(advertise)    40    1313.16    2    1
(relay)    33    17    1337.17    1    1292.14    123    1
(advertise)    40    1337.57    17    1
(relay)    47    35    1342.58    1    1161.07    119    1
(relay)    39    36    1360.78    1    1294.14    124    2
(advertise)    40    1360.98    35    1
(relay)    39    39    1373.2    1    1373.2    127    2
(advertise)    40    1383.0    36    1
(advertise)    40    1405.81    39    1
(relay)    39    23    1408.02    1    1297.16    123    1
(advertise)    40    1429.82    23    1
(relay)    39    38    1442.23    1    1440.03    126    1
(advertise)    40    1450.83    38    1
(relay)    39    9    1464.25    1    1337.18    121    1
(relay)    33    30    1473.45    1    1393.01    124    2
(advertise)    40    1474.45    9    1
(advertise)    40    1496.46    30    1
(relay)    47    44    1498.07    1    1425.02    124    1
(advertise)    40    1518.87    44    1
(relay)    39    43    1531.49    1    1378.2    123    1
(advertise)    40    1540.29    43    1
(relay)    39    32    1551.7    1    1496.07    126    1
(advertise)    40    1561.7    32    1
(relay)    39    25    1573.11    1    1533.09    125    1
(advertise)    40    1583.71    25    1
(relay)    39    34    1595.13    1    1483.06    122    1
(advertise)    40    1605.13    34    1
(relay)    39    42    1616.74    1    1489.05    122    1
(advertise)    40    1627.14    42    1
(relay)    33    31    1631.55    1    1315.16    115    1
(relay)    39    21    1639.15    1    1535.09    121    2
(advertise)    40    1648.15    31    1
(advertise)    40    1669.16    21    1
(relay)    39    29    1683.58    1    1653.15    123    1
(advertise)    40    1690.18    29    1
(relay)    33    11    1697.19    1    1568.11    123    1
(relay)    41    13    1699.19    1    1594.13    123    2
(advertise)    40    1711.19    11    1
(advertise)    40    1733.4    13    1
(relay)    39    8    1749.42    1    1614.11    120    1
(advertise)    40    1755.22    8    1
(relay)    39    46    1772.83    1    1738.0    126    1
(advertise)    40    1776.63    46    1
(relay)    33    6    1782.64    1    1665.14    122    1
(relay)    39    14    1794.24    1    1724.0    120    2
(advertise)    40    1801.64    6    1
(advertise)    40    1824.86    14    1
(relay)    41    20    1830.47    1    1769.02    124    1
(relay)    39    1    1838.87    1    1680.16    119    2
(advertise)    40    1847.27    20    1
(advertise)    40    1869.08    1    1
(generate)    40    1870.29    [24]    1
(relay)    39    37    1883.31    1    1843.07    125    1
(advertise)    40    1892.31    37    1
(relay)    41    5    1896.32    1    1645.15    121    1
(advertise)    40    1917.12    5    1
(relay)    39    10    1949.53    1    1750.02    122    1
(advertise)    40    1949.73    10    1
(relay)    33    12    1957.95    1    1809.04    124    1
(relay)    41    27    1962.35    1    1808.06    125    2
(advertise)    40    1973.15    12    1
(relay)    47    48    1981.36    1    1955.11    126    2
(relay)    39    0    1993.76    1    1829.04    118    3
(advertise)    40    1994.56    27    1
(advertise)    40    2016.17    48    1
(relay)    41    41    2025.19    2    2025.17    127    2
(advertise)    40    2038.99    0    1
(relay)    39    22    2059.4    1    1896.11    122    2
(advertise)    40    2062.6    41    2
(relay)    33    33    2072.61    2    2071.6    127    2
(advertise)    40    2085.21    22    1
(relay)    33    15    2094.02    1    1895.11    117    2
(advertise)    40    2107.62    33    2
(relay)    39    18    2125.44    2    2069.2    124    2
(advertise)    40    2131.64    15    1
(advertise)    40    2153.45    18    2
(relay)    33    28    2163.66    2    2062.2    122    1
(advertise)    40    2174.46    28    2
(relay)    33    26    2185.88    2    2166.26    126    1
(relay)    39    3    2193.08    2    2089.4    119    2
(advertise)    40    2195.88    26    2
(relay)    33    19    2208.29    2    2149.25    125    2
(advertise)    40    2218.09    3    2
(relay)    33    4    2229.9    2    2111.22    122    2
(advertise)    40    2240.1    19    2
(relay)    47    47    2245.52    2    2244.32    127    2
(relay)    39    35    2260.32    2    2161.25    123    3
(advertise)    40    2261.52    4    2
(relay)    33    2    2276.53    2    2164.24    120    3
(advertise)    40    2282.53    47    2
(relay)    39    45    2304.14    2    2255.92    125    3
(advertise)    40    2304.74    35    2
(advertise)    40    2325.75    2    2
(relay)    33    16    2344.37    2    2177.28    120    2
(advertise)    40    2348.57    45    2
(relay)    33    7    2366.38    2    2153.24    119    2
(advertise)    40    2370.58    16    2
(relay)    39    39    2373.39    2    2373.39    127    2
(advertise)    40    2392.59    7    2
(relay)    33    31    2409.41    2    2315.35    125    2
(advertise)    40    2414.41    39    2
(relay)    33    9    2432.02    2    2337.37    121    2
(relay)    39    17    2437.82    2    2292.34    123    3
(advertise)    40    2438.22    31    2
(relay)    39    36    2458.03    2    2294.74    124    3
(advertise)    40    2459.63    9    2
(relay)    39    38    2480.44    2    2440.23    126    3
(advertise)    40    2481.04    17    2
(relay)    33    23    2496.66    2    2297.34    119    3
(advertise)    40    2502.66    36    2
(relay)    41    34    2508.27    2    2483.24    126    3
(relay)    39    30    2526.07    2    2393.81    124    4
(advertise)    40    2526.87    38    2
(relay)    39    32    2546.48    2    2496.26    126    4
(advertise)    40    2549.68    23    2
(relay)    39    44    2568.5    2    2425.21    124    4
(advertise)    40    2572.3    34    2
(advertise)    40    2593.31    30    2
(relay)    47    43    2594.72    2    2378.37    123    3
(relay)    33    25    2606.92    2    2533.28    125    4
(advertise)    40    2614.52    32    2
(advertise)    40    2636.94    44    2
(relay)    39    42    2658.35    2    2489.22    122    3
(advertise)    40    2658.75    43    2
(relay)    33    11    2671.76    2    2568.31    123    3
(advertise)    40    2681.96    25    2
(advertise)    40    2702.97    42    2
(advertise)    40    2724.99    11    2
(relay)    39    21    2727.0    2    2535.27    119    1
(relay)    47    13    2735.2    2    2594.31    121    2
(advertise)    40    2747.0    21    2
(advertise)    40    2768.81    13    2
(relay)    39    46    2771.83    2    2738.2    126    1
(relay)    33    29    2782.83    2    2653.35    123    2
(relay)    41    6    2790.83    2    2665.32    122    3
(advertise)    40    2791.23    46    2
(advertise)    40    2813.44    29    2
(relay)    39    8    2817.25    2    2614.31    120    2
(relay)    33    5    2825.65    2    2645.34    123    3
(advertise)    40    2837.25    6    2
(relay)    41    27    2856.07    2    2808.24    125    3
(advertise)    40    2859.27    8    2
(generate)    40    2870.48    [24]    2
(advertise)    40    2880.49    5    2
(advertise)    40    2901.9    27    2
(relay)    39    1    2906.72    2    2680.36    119    1
(relay)    41    20    2921.72    2    2769.21    124    2
(advertise)    40    2925.52    1    2
(advertise)    40    2946.53    20    2
(relay)    39    37    2951.34    2    2843.47    123    1
(advertise)    40    2969.54    37    2
(relay)    41    48    2990.16    2    2955.29    126    1
(advertise)    40    2991.76    48    2
(relay)    39    14    2994.77    2    2724.2    120    1
(relay)    33    12    3001.57    2    2809.23    122    2
(advertise)    40    3013.37    14    2
(relay)    39    10    3015.98    2    2750.21    122    2
(relay)    41    41    3025.98    3    3025.37    127    3
(advertise)    40    3035.18    12    2
(advertise)    40    3058.4    10    2
(relay)    39    22    3061.21    2    2896.29    120    2
(relay)    33    33    3072.81    3    3071.8    127    3
(advertise)    40    3082.61    41    3
(advertise)    40    3104.62    22    2
(advertise)    40    3126.43    33    3
(relay)    39    15    3127.65    2    2895.3    121    1
(advertise)    40    3148.05    15    2
(relay)    33    0    3159.66    2    2829.2    118    1
(advertise)    40    3170.06    0    2
(relay)    39    18    3171.67    3    3069.4    124    1
(advertise)    40    3194.07    18    3
(relay)    33    26    3207.29    3    3167.66    126    1
(advertise)    40    3215.09    26    3
(relay)    39    28    3217.5    3    3062.4    120    1
(advertise)    40    3238.1    28    3
(relay)    47    47    3245.51    3    3244.49    127    1
(relay)    33    19    3253.71    3    3149.45    125    2
(advertise)    40    3259.91    47    3
(relay)    39    35    3280.53    3    3161.45    121    2
(advertise)    40    3282.93    19    3
(relay)    33    4    3297.74    3    3111.42    122    2
(advertise)    40    3304.94    35    3
(relay)    33    3    3318.95    3    3089.6    117    2
(advertise)    40    3327.75    4    3
(relay)    47    45    3336.96    3    3256.1    125    2
(advertise)    40    3349.36    3    3
(relay)    33    2    3362.58    3    3164.42    120    2
(advertise)    40    3370.38    45    3
(relay)    39    39    3373.59    3    3373.59    127    2
(relay)    33    7    3385.99    3    3153.43    119    3
(advertise)    40    3393.39    2    3
(relay)    39    16    3414.2    3    3177.46    122    3
(advertise)    40    3416.2    39    3
(advertise)    40    3437.42    7    3
(relay)    33    31    3449.63    3    3315.55    125    2
(advertise)    40    3459.43    16    3
(relay)    39    36    3479.44    3    3294.93    124    2
(advertise)    40    3481.04    31    3
(relay)    33    17    3494.06    3    3292.53    123    2
(relay)    39    38    3502.26    3    3440.43    126    3
(advertise)    40    3503.46    36    3
(relay)    33    34    3516.47    3    3483.44    126    3
(relay)    39    32    3525.07    3    3496.46    126    4
(advertise)    40    3525.27    17    3
(relay)    33    23    3540.48    3    3297.53    121    4
(advertise)    40    3546.68    38    3
(advertise)    40    3568.29    34    3
(relay)    47    44    3577.91    3    3425.22    124    3
(advertise)    40    3590.91    32    3
(relay)    33    9    3606.52    3    3337.56    121    3
(advertise)    40    3612.92    23    3
(advertise)    40    3634.13    44    3
(relay)    33    30    3649.15    3    3394.0    124    2
(advertise)    40    3657.15    9    3
(relay)    39    43    3658.36    3    3378.56    123    2
(relay)    33    25    3672.96    3    3533.48    125    3
(advertise)    40    3678.36    30    3
(advertise)    40    3700.77    43    3
(relay)    39    42    3706.99    3    3489.42    122    2
(relay)    33    11    3716.99    3    3568.51    123    3
(advertise)    40    3722.39    25    3
(advertise)    40    3744.0    42    3
(relay)    39    46    3750.01    3    3738.4    126    2
(relay)    33    13    3762.41    3    3594.51    123    3
(advertise)    40    3765.41    11    3
(relay)    39    21    3771.42    3    3535.47    121    3
(advertise)    40    3787.82    46    3
(advertise)    40    3810.04    13    3
(relay)    33    6    3827.65    3    3665.51    122    2
(advertise)    40    3832.25    21    3
(relay)    39    29    3836.46    3    3653.55    121    2
(advertise)    40    3853.46    6    3
(relay)    39    8    3860.28    3    3614.49    120    2
(generate)    40    3870.68    [24]    3
(advertise)    40    3876.09    29    3
(relay)    33    5    3877.3    3    3645.35    123    2
(relay)    41    27    3890.1    3    3808.44    125    3
(advertise)    40    3897.3    8    3
(advertise)    40    3919.52    5    3
(advertise)    40    3940.53    27    3
(relay)    33    20    3944.54    3    3769.22    124    1
(relay)    39    37    3948.14    3    3843.66    123    2
(advertise)    40    3966.54    20    3
(advertise)    40    3987.55    37    3
(relay)    39    10    3992.57    3    3750.41    122    1
(advertise)    40    4009.97    10    3
(relay)    41    12    4022.38    3    3809.42    122    1
(relay)    41    41    4026.18    4    4025.57    127    2
(relay)    47    48    4026.98    3    3955.48    126    3
(advertise)    40    4031.78    12    3
(relay)    39    14    4037.39    3    3725.0    120    3
(advertise)    40    4052.99    41    4
(relay)    39    1    4059.01    3    3680.55    119    3
(relay)    33    33    4073.01    4    4071.98    127    4
(advertise)    40    4074.61    48    3
(advertise)    40    4098.42    14    3
(advertise)    40    4119.43    1    3
(advertise)    40    4140.65    33    4
(relay)    39    22    4149.26    3    3896.49    122    1
(advertise)    40    4162.66    22    3
(relay)    39    0    4171.47    3    3829.4    118    1
(advertise)    40    4184.87    0    3
(relay)    33    26    4207.28    4    4167.86    126    1
(advertise)    40    4207.68    26    4
(relay)    39    18    4216.3    4    4069.59    124    1
(relay)    41    15    4217.5    3    3895.49    117    2
(advertise)    40    4230.3    18    4
(relay)    39    28    4237.71    4    4062.59    122    2
(relay)    47    47    4245.71    4    4244.68    127    3
(advertise)    40    4252.31    15    3
(relay)    33    19    4274.72    4    4149.65    125    3
(advertise)    40    4274.92    28    4
(advertise)    40    4296.14    47    4
(relay)    33    4    4298.15    4    4111.62    122    2
(advertise)    40    4319.55    19    4
(relay)    39    35    4325.56    4    4161.63    121    2
(relay)    47    45    4334.76    4    4256.11    125    3
(advertise)    40    4342.96    4    4
(advertise)    40    4364.98    35    4
(relay)    33    3    4366.19    4    4089.81    121    2
(relay)    39    39    4373.79    4    4373.79    127    3
(advertise)    40    4387.59    45    4
(relay)    33    2    4390.0    4    4164.62    120    3
(advertise)    40    4409.4    3    4
(relay)    47    16    4426.01    4    4177.66    118    3
(advertise)    40    4431.01    39    4
(advertise)    40    4453.23    2    4
(relay)    39    31    4456.44    4    4315.95    125    2
(advertise)    40    4475.64    16    4
(advertise)    40    4498.45    31    4
(relay)    33    7    4501.47    4    4153.63    117    1
(advertise)    40    4519.87    7    4
(relay)    41    34    4528.68    4    4483.64    126    1
(advertise)    40    4541.48    34    4
(relay)    39    32    4547.69    4    4496.65    126    1
(relay)    47    38    4558.89    4    4440.61    124    2
(advertise)    40    4562.49    32    4
(relay)    33    17    4568.11    4    4292.72    123    2
(advertise)    40    4584.71    38    4
(relay)    39    30    4591.92    4    4394.2    124    2
(advertise)    40    4606.12    17    4
(relay)    33    9    4613.53    4    4337.75    119    2
(relay)    47    44    4625.73    4    4425.41    124    3
(advertise)    40    4627.93    30    4
(relay)    39    23    4634.14    4    4297.54    123    3
(advertise)    40    4650.34    9    4
(relay)    39    43    4657.56    4    4378.76    123    3
(relay)    47    36    4669.56    4    4295.12    120    4
(advertise)    40    4673.96    44    4
(relay)    33    25    4680.17    4    4533.68    125    4
(advertise)    40    4696.37    23    4
(relay)    41    13    4705.78    4    4594.69    123    4
(advertise)    40    4719.38    43    4
(advertise)    40    4741.4    36    4
(advertise)    40    4763.41    25    4
(relay)    39    46    4768.02    4    4738.6    126    2
(advertise)    40    4785.02    13    4
(relay)    39    11    4791.24    4    4568.69    123    2
(advertise)    40    4806.24    46    4
(relay)    39    42    4812.05    4    4489.61    122    2
(advertise)    40    4828.65    11    4
(heartbeat)    24    1    4677.2    40    4839.06    127    0
(advertise)    40    4850.26    42    4
(relay)    39    21    4857.27    4    4535.67    121    2
(generate)    40    4870.87    [24]    4
(advertise)    40    4873.09    24    1
(relay)    33    5    4884.1    4    4645.52    123    2
(advertise)    40    4894.5    21    4
(relay)    39    29    4901.71    4    4653.56    123    2
(relay)    41    20    4904.91    4    4769.41    124    3
(advertise)    40    4917.71    5    4
(advertise)    40    4940.73    29    4
(relay)    41    27    4949.94    4    4808.45    3    2
(advertise)    40    4961.94    20    4
(relay)    39    37    4968.15    4    4843.86    3    2
(advertise)    40    4983.15    27    4
(relay)    39    8    4988.57    4    4614.69    120    2
(advertise)    40    5005.17    37    4
(relay)    41    41    5026.38    5    5025.77    7    2
(advertise)    40    5027.98    8    4
(relay)    41    6    5038.19    4    4665.71    122    2
(advertise)    40    5050.19    41    5
(relay)    39    14    5056.4    4    4725.18    120    2
(relay)    41    48    5059.2    4    4955.67    7    3
(advertise)    40    5071.2    6    4
(relay)    33    33    5072.42    5    5072.18    5    3
(relay)    39    10    5078.02    4    4750.61    122    4
(advertise)    40    5095.02    14    4
(relay)    33    12    5111.83    4    4809.62    124    4
(advertise)    40    5117.03    48    4
(relay)    41    1    5123.44    4    4680.74    117    4
(advertise)    40    5140.04    33    5
(advertise)    40    5161.66    10    4
(advertise)    40    5183.87    12    4
(advertise)    40    5206.08    1    4
(relay)    39    0    5231.7    4    4829.57    118    1
(advertise)    40    5232.1    0    4
(relay)    47    47    5245.91    5    5244.88    9    1
(relay)    39    18    5252.71    5    5069.8    1    2
(advertise)    40    5253.71    47    5
(relay)    33    26    5266.52    5    5168.06    3    1
(advertise)    40    5276.52    26    5
(relay)    33    19    5288.53    5    5149.84    5    1
(relay)    47    45    5294.73    5    5256.3    3    2
(relay)    39    28    5296.93    5    5063.39    1    3
(advertise)    40    5297.93    19    5
(advertise)    40    5319.35    45    5
(relay)    39    35    5339.16    5    5161.83    3    1
(advertise)    40    5342.36    35    5
(relay)    39    39    5374.57    5    5373.99    5    1
(advertise)    40    5374.77    39    5
(relay)    33    4    5379.79    5    5113.02    1    1
(relay)    47    36    5382.79    5    5295.32    1    1
(relay)    33    3    5402.19    5    5089.99    1    1
(relay)    39    31    5406.79    5    5316.15    1    1
(relay)    47    43    5426.99    5    5378.96    3    1
(advertise)    40    5427.19    43    5
(relay)    33    2    5445.0    5    5164.82    1    1
(relay)    47    44    5447.2    5    5425.57    3    1
(advertise)    40    5449.2    44    5
(relay)    47    38    5470.21    5    5440.81    1    1
(relay)    41    34    5485.01    5    5483.75    5    1
(advertise)    40    5485.21    34    5
(relay)    33    17    5510.43    5    5292.91    1    1
(relay)    41    13    5600.23    5    5594.83    3    1
(advertise)    40    5600.43    13    5
(relay)    39    32    5606.44    5    5496.85    3    1
(advertise)    40    5622.44    32    5
(relay)    33    25    5642.85    5    5533.88    1    1
(relay)    41    5    5650.25    5    5645.63    1    1
(relay)    33    11    5665.85    5    5568.88    1    1
(relay)    41    6    5675.25    5    5665.75    1    1
(relay)    39    9    5712.85    5    5337.95    1    1
(relay)    47    46    5740.05    5    5738.63    5    1
(advertise)    40    5740.25    46    5
(relay)    41    20    5774.26    5    5769.48    3    1
(advertise)    40    5774.46    20    5
(relay)    33    1    5797.88    5    5680.84    1    1
(relay)    39    10    5803.08    5    5750.65    1    1
(relay)    41    27    5809.68    5    5808.53    3    1
(advertise)    40    5809.88    27    5
(relay)    41    12    5833.69    5    5809.69    3    1
(advertise)    40    5834.29    12    5
(relay)    47    37    5859.7    5    5844.05    1    1
(generate)    40    5870.9    [24]    5
(relay)    39    48    5960.32    5    5955.81    5    1
(advertise)    40    5960.52    48    5
(relay)    41    41    6026.53    6    6025.96    7    1
(advertise)    40    6026.73    41    6
(relay)    33    33    6072.54    6    6072.35    5    1
(advertise)    40    6072.74    33    6
(relay)    33    18    6089.16    6    6069.82    1    1
(relay)    33    3    6118.76    6    6090.12    1    1
(relay)    33    4    6141.16    6    6113.09    1    1
(relay)    33    19    6162.36    6    6149.89    5    1
(advertise)    40    6162.56    19    6
(relay)    33    26    6184.97    6    6168.25    3    1
(advertise)    40    6185.17    26    6
(relay)    47    35    6207.58    6    6162.01    1    1
(relay)    39    2    6231.78    6    6164.89    1    1
(relay)    47    47    6245.18    6    6245.03    9    1
(advertise)    40    6245.38    47    6
(relay)    47    45    6268.99    6    6256.42    3    1
(advertise)    40    6269.59    45    6
(relay)    39    36    6299.01    6    6295.42    3    1
(advertise)    40    6299.21    36    6
(relay)    39    31    6320.42    6    6316.29    1    1
(relay)    33    9    6366.62    6    6338.03    1    1
(relay)    39    39    6374.62    6    6374.07    5    1
(advertise)    40    6374.82    39    6
(relay)    39    43    6402.83    6    6379.09    3    1
(advertise)    40    6403.03    43    6
(relay)    39    30    6424.05    6    6394.44    1    1
(relay)    39    38    6445.05    6    6440.9    3    1
(advertise)    40    6445.25    38    6
(relay)    39    44    6467.66    6    6425.61    3    1
(advertise)    40    6468.46    44    6
(relay)    41    34    6491.67    6    6483.76    5    1
(advertise)    40    6492.07    34    6
(relay)    47    42    6515.89    6    6489.89    3    1
(advertise)    40    6516.09    42    6
(relay)    33    32    6518.7    6    6496.88    3    1
(advertise)    40    6538.1    32    6
(relay)    33    25    6562.31    6    6534.04    1    1
(relay)    33    11    6584.91    6    6569.07    1    1
(relay)    41    13    6599.91    6    6594.94    3    1
(advertise)    40    6600.11    13    6
(relay)    33    5    6650.32    6    6645.7    3    1
(advertise)    40    6650.52    5    6
(relay)    39    29    6675.34    6    6653.78    1    1
(relay)    41    6    6676.14    6    6665.76    3    1
(advertise)    40    6676.74    6    6
(relay)    39    1    6731.95    6    6680.95    1    1
(relay)    47    46    6739.95    6    6738.65    5    1
(advertise)    40    6740.15    46    6
(relay)    33    20    6777.36    6    6769.56    3    1
(advertise)    40    6777.56    20    6
(relay)    33    27    6809.58    6    6808.62    3    1
(advertise)    40    6809.78    27    6
(relay)    39    37    6846.99    6    6844.05    3    1
(advertise)    40    6847.19    37    6
(generate)    40    6871.0    [24]    6
(relay)    47    48    6957.02    6    6955.83    7    1
(advertise)    40    6957.22    48    6
(relay)    41    41    7027.03    7    7026.07    7    1
(advertise)    40    7027.23    41    7
(relay)    33    28    7065.24    7    7063.54    1    1
(relay)    33    33    7072.44    7    7072.42    5    1
(advertise)    40    7072.64    33    7
(relay)    33    18    7087.25    7    7069.95    1    1
(relay)    33    3    7119.25    7    7090.16    1    1
(relay)    33    19    7150.65    7    7149.89    5    1
(advertise)    40    7150.85    19    7
(relay)    33    26    7173.07    7    7168.35    3    1
(advertise)    40    7175.27    26    7
(relay)    39    35    7197.28    7    7162.12    1    1
(relay)    47    47    7245.28    7    7245.15    9    1
(advertise)    40    7245.48    47    7
(relay)    47    45    7268.09    7    7256.51    3    1
(advertise)    40    7268.49    45    7
(relay)    33    17    7298.11    7    7293.19    1    1
(relay)    39    36    7301.91    7    7295.52    1    1
(relay)    33    31    7319.51    7    7316.39    1    1
(relay)    33    9    7341.11    7    7338.19    1    1
(relay)    39    39    7374.71    7    7374.23    5    1
(advertise)    40    7374.91    39    7
(relay)    39    30    7401.72    7    7394.44    1    1
(relay)    47    43    7403.32    7    7379.18    3    1
(advertise)    40    7403.52    43    7
(relay)    47    44    7427.13    7    7425.62    3    1
(advertise)    40    7427.33    44    7
(relay)    39    38    7464.35    7    7440.98    3    1
(advertise)    40    7464.55    38    7
(relay)    41    34    7488.76    7    7483.78    5    1
(advertise)    40    7490.36    34    7
(relay)    33    32    7512.57    7    7497.04    3    1
(advertise)    40    7513.17    32    7
(relay)    39    42    7535.38    7    7490.09    3    1
(relay)    33    25    7535.98    7    7534.18    1    2
(advertise)    40    7536.78    42    7
(relay)    39    11    7579.2    7    7569.22    1    1
(relay)    41    13    7598.6    7    7595.02    3    1
(advertise)    40    7598.8    13    7
(relay)    41    5    7651.61    7    7645.77    1    1
(relay)    33    6    7676.01    7    7665.94    3    1
(advertise)    40    7676.21    6    7
(relay)    33    1    7699.22    7    7681.06    1    1
(relay)    39    46    7740.02    7    7738.68    5    1
(advertise)    40    7740.22    46    7
(relay)    33    10    7768.64    7    7750.77    1    1
(relay)    33    20    7790.64    7    7769.62    3    1
(advertise)    40    7790.84    20    7
(relay)    33    27    7813.45    7    7808.73    3    1
(advertise)    40    7814.65    27    7
(relay)    33    12    7840.06    7    7809.8    3    1
(advertise)    40    7840.26    12    7
(relay)    33    37    7866.68    7    7844.27    1    1
(generate)    40    7871.08    [24]    7
(relay)    47    48    7956.49    7    7956.02    7    1
(advertise)    40    7956.69    48    7
(relay)    41    41    8027.1    8    8026.13    7    1
(advertise)    40    8027.3    41    8
(relay)    39    28    8065.11    8    8063.58    1    1
(relay)    33    18    8071.71    8    8070.1    1    1
(relay)    33    33    8072.91    8    8072.86    5    1
(advertise)    40    8073.11    33    8
(relay)    33    3    8118.53    8    8090.24    1    1
(relay)    33    4    8140.93    8    8113.13    1    1
(relay)    33    19    8163.73    8    8149.89    5    1
(advertise)    40    8163.93    19    8
(relay)    33    26    8185.74    8    8168.5    3    1
(advertise)    40    8186.34    26    8
(relay)    33    35    8211.55    8    8162.22    1    1
(relay)    47    47    8245.35    8    8245.24    9    1
(advertise)    40    8245.55    47    8
(relay)    47    45    8268.37    8    8256.58    3    1
(advertise)    40    8268.57    45    8
(relay)    33    17    8298.58    8    8293.26    1    1
(relay)    39    36    8299.58    8    8295.55    3    1
(advertise)    40    8299.78    36    8
(relay)    39    31    8320.99    8    8316.51    1    1
(relay)    33    9    8364.79    8    8338.37    1    1
(relay)    39    39    8374.79    8    8374.25    5    1
(advertise)    40    8374.99    39    8
(relay)    47    43    8403.21    8    8379.66    3    1
(advertise)    40    8403.41    43    8
(relay)    39    30    8426.22    8    8394.63    1    1
(relay)    39    38    8448.62    8    8441.04    3    1
(advertise)    40    8448.82    38    8
(relay)    39    44    8482.63    8    8425.64    1    1
(relay)    41    34    8486.03    8    8483.8    5    1
(advertise)    40    8486.23    34    8
(relay)    47    42    8499.44    8    8490.27    3    1
(advertise)    40    8509.04    42    8
(relay)    33    32    8525.66    8    8497.2    3    1
(advertise)    40    8531.46    32    8
(relay)    33    25    8572.07    8    8534.29    1    1
(relay)    39    11    8576.27    8    8569.4    1    1
(relay)    39    13    8599.27    8    8595.14    1    1
(relay)    33    5    8650.67    8    8645.84    3    1
(advertise)    40    8650.87    5    8
(relay)    39    29    8658.48    8    8653.86    1    1
(relay)    33    6    8674.28    8    8665.96    3    1
(advertise)    40    8674.48    6    8
(heartbeat)    24    2    8677.21    40    8696.1    4    4
(advertise)    40    8696.9    24    2
(relay)    33    1    8725.31    8    8681.14    1    1
(relay)    47    46    8741.11    8    8738.73    5    1
(advertise)    40    8741.31    46    8
(relay)    33    20    8771.92    8    8769.71    3    1
(advertise)    40    8772.12    20    8
(relay)    33    27    8811.14    8    8808.87    3    1
(advertise)    40    8811.34    27    8
(relay)    41    12    8838.75    8    8809.86    3    1
(advertise)    40    8838.95    12    8
(relay)    33    37    8861.16    8    8844.31    1    1
(generate)    40    8871.16    [24]    8
(relay)    47    48    8956.37    8    8956.02    7    1
(advertise)    40    8956.57    48    8
(relay)    41    41    9027.19    9    9026.2    7    1
(advertise)    40    9027.39    41    9
(relay)    39    28    9065.0    9    9063.63    1    1
(relay)    33    18    9072.2    9    9070.26    1    1
(relay)    33    33    9073.4    9    9072.93    5    1
(advertise)    40    9073.6    33    9
(relay)    33    3    9120.41    9    9090.32    1    1
(relay)    33    19    9151.21    9    9150.08    3    1
(advertise)    40    9151.41    19    9
(relay)    33    26    9173.43    9    9168.62    3    1
(advertise)    40    9174.43    26    9
(relay)    39    35    9198.24    9    9162.33    1    1
(relay)    33    2    9209.04    9    9164.98    1    1
(relay)    47    47    9245.44    9    9245.36    7    1
(advertise)    40    9245.64    47    9
(relay)    47    45    9267.85    9    9256.67    3    1
(advertise)    40    9268.65    45    9
(relay)    39    17    9299.27    9    9293.36    1    1
(relay)    33    31    9320.27    9    9316.63    1    1
(relay)    39    36    9342.27    9    9295.6    1    1
(relay)    33    9    9342.47    9    9338.37    1    1
(relay)    39    39    9375.27    9    9374.28    5    1
(advertise)    40    9375.47    39    9
(relay)    39    43    9400.08    9    9379.73    3    1
(advertise)    40    9400.68    43    9
(relay)    39    30    9423.89    9    9394.79    1    1
(relay)    39    38    9445.29    9    9441.1    3    1
(advertise)    40    9445.49    38    9
(relay)    39    44    9466.7    9    9425.64    3    1
(advertise)    40    9466.9    44    9
(relay)    41    34    9491.72    9    9483.82    5    1
(advertise)    40    9491.92    34    9
(relay)    39    32    9517.53    9    9497.24    3    1
(advertise)    40    9517.73    32    9
(relay)    39    42    9538.54    9    9490.29    3    1
(advertise)    40    9539.14    42    9
(relay)    33    25    9544.76    9    9534.4    1    1
(relay)    39    11    9583.96    9    9569.57    1    1
(relay)    41    13    9596.76    9    9595.27    3    1
(advertise)    40    9596.96    13    9
(relay)    33    5    9651.97    9    9645.96    3    1
(advertise)    40    9652.17    5    9
(relay)    33    6    9673.18    9    9666.15    3    1
(advertise)    40    9674.58    6    9
(relay)    33    29    9699.6    9    9653.91    1    1
(relay)    33    1    9722.0    9    9681.24    1    1
(relay)    41    46    9743.6    9    9738.91    3    1
(advertise)    40    9743.8    46    9
(relay)    33    10    9767.81    9    9750.89    1    1
(relay)    33    20    9790.61    9    9769.8    3    1
(advertise)    40    9790.81    20    9
(relay)    33    27    9813.42    9    9808.99    3    1
(advertise)    40    9814.82    27    9
(relay)    39    37    9847.04    9    9844.34    3    1
(advertise)    40    9847.44    37    9
(generate)    40    9871.25    [24]    9
(relay)    33    48    9957.06    9    9956.19    5    1
(advertise)    40    9957.26    48    9
(relay)    47    41    10027.07    10    10026.29    5    1
(advertise)    40    10027.47    41    10
(relay)    39    28    10066.29    10    10063.65    1    1
(relay)    33    18    10073.09    10    10070.44    1    1
(relay)    33    33    10074.29    10    10073.78    5    1
(advertise)    40    10074.49    33    10
(relay)    33    3    10118.9    10    10090.36    1    1
(relay)    33    4    10140.9    10    10113.2    1    1
(relay)    33    19    10163.7    10    10150.26    3    1
(advertise)    40    10163.9    19    10
(relay)    33    26    10185.71    10    10168.73    3    1
(advertise)    40    10186.71    26    10
(relay)    33    2    10211.53    10    10165.18    1    1
(relay)    47    47    10245.93    10    10245.43    7    1
(advertise)    40    10246.13    47    10
(relay)    47    45    10270.74    10    10256.73    3    1
(advertise)    40    10271.54    45    10
(relay)    39    17    10297.75    10    10293.43    1    1
(relay)    39    31    10341.35    10    10316.76    1    1
(relay)    33    9    10343.15    10    10338.54    1    1
(relay)    39    39    10375.35    10    10374.33    5    1
(advertise)    40    10375.55    39    10
(relay)    39    43    10401.97    10    10380.63    3    1
(advertise)    40    10402.37    43    10
(relay)    39    30    10425.78    10    10394.96    1    1
(relay)    39    38    10446.78    10    10441.17    3    1
(advertise)    40    10446.98    38    10
(relay)    47    44    10448.19    10    10425.65    3    1
(advertise)    40    10467.99    44    10
(relay)    41    34    10491.4    10    10484.01    5    1
(advertise)    40    10491.6    34    10
(relay)    39    42    10514.62    10    10490.47    3    1
(advertise)    40    10515.22    42    10
(relay)    39    32    10536.83    10    10497.43    3    1
(advertise)    40    10537.23    32    10
(relay)    33    25    10560.04    10    10534.47    1    1
(relay)    39    11    10572.04    10    10569.74    1    1
(relay)    39    13    10598.04    10    10595.39    1    1
(relay)    33    5    10651.44    10    10646.06    3    1
(advertise)    40    10651.64    5    10
(relay)    39    29    10673.26    10    10653.95    1    1
(relay)    33    6    10673.86    10    10666.35    3    1
(advertise)    40    10674.66    6    10
(relay)    33    1    10700.47    10    10681.33    1    1
(relay)    47    46    10740.67    10    10739.11    5    1
(advertise)    40    10740.87    46    10
(relay)    33    20    10771.28    10    10769.83    3    1
(advertise)    40    10771.48    20    10
(relay)    33    27    10812.1    10    10809.09    3    1
(advertise)    40    10812.3    27    10
(relay)    41    12    10835.71    10    10810.02    3    1
(advertise)    40    10836.11    12    10
(relay)    33    37    10857.72    10    10844.34    1    1
(generate)    40    10871.32    [24]    10
(relay)    41    48    10956.93    10    10956.39    7    1
(advertise)    40    10957.13    48    10
(relay)    41    41    11026.55    11    11026.37    7    1
(advertise)    40    11026.75    41    11
(relay)    39    28    11067.96    11    11063.67    1    1
(relay)    33    33    11074.36    11    11073.8    5    1
(advertise)    40    11074.56    33    11
(relay)    33    18    11092.77    11    11070.55    1    1
(relay)    33    3    11118.17    11    11090.38    1    1
(relay)    33    4    11142.37    11    11113.21    1    1
(relay)    33    19    11164.57    11    11150.41    3    1
(advertise)    40    11164.77    19    11
(relay)    33    26    11186.39    11    11168.87    3    1
(advertise)    40    11186.59    26    11
(relay)    47    35    11189.0    11    11162.46    1    1
(relay)    39    2    11232.8    11    11165.2    1    1
(relay)    47    47    11246.0    11    11245.53    7    1
(advertise)    40    11246.2    47    11
(relay)    47    45    11270.21    11    11256.8    3    1
(advertise)    40    11271.01    45    11
(relay)    33    17    11298.23    11    11293.55    1    1
(relay)    39    31    11321.43    11    11316.89    1    1
(relay)    33    9    11345.03    11    11338.71    1    1
(relay)    39    39    11375.43    11    11374.35    5    1
(advertise)    40    11375.63    39    11
(relay)    39    30    11399.04    11    11395.1    1    1
(relay)    47    43    11422.44    11    11380.74    3    1
(advertise)    40    11422.64    43    11
(relay)    47    44    11447.05    11    11425.67    3    1
(advertise)    40    11447.25    44    11
(relay)    33    38    11448.66    11    11441.24    1    1
(relay)    41    34    11484.46    11    11484.21    5    1
(advertise)    40    11484.66    34    11
(relay)    47    32    11515.28    11    11497.62    1    1
(relay)    39    25    11538.08    11    11534.55    1    1
(relay)    33    11    11571.08    11    11569.9    1    1
(relay)    33    13    11598.08    11    11595.47    3    1
(advertise)    40    11598.28    13    11
(relay)    41    5    11651.29    11    11646.14    1    1
(relay)    33    6    11672.89    11    11666.53    3    1
(advertise)    40    11673.09    6    11
(relay)    39    29    11675.3    11    11654.13    1    1
(relay)    33    1    11700.5    11    11681.45    1    1
(relay)    47    46    11739.5    11    11739.11    5    1
(advertise)    40    11739.7    46    11
(relay)    33    20    11771.92    11    11769.88    3    1
(advertise)    40    11772.12    20    11
(relay)    41    27    11812.93    11    11809.42    3    1
(advertise)    40    11813.13    27    11
(relay)    33    12    11834.54    11    11810.09    1    1
(relay)    39    37    11859.94    11    11844.53    3    1
(advertise)    40    11860.14    37    11
(generate)    40    11871.36    [24]    11
(relay)    41    41    12026.57    12    12026.41    7    1
(advertise)    40    12026.77    41    12
(relay)    39    28    12067.98    12    12063.7    1    1
(relay)    33    33    12074.78    12    12073.82    5    1
(advertise)    40    12074.98    33    12
(relay)    33    18    12092.79    12    12070.68    1    1
(relay)    33    3    12118.59    12    12090.4    1    1
(relay)    33    4    12142.79    12    12113.23    1    1
(relay)    33    19    12166.19    12    12150.41    3    1
(advertise)    40    12166.39    19    12
(relay)    33    26    12188.61    12    12169.0    3    1
(advertise)    40    12189.21    26    12
(relay)    33    2    12209.02    12    12165.39    1    1
(relay)    33    35    12231.82    12    12162.59    1    1
(relay)    47    47    12246.22    12    12245.62    7    1
(advertise)    40    12246.42    47    12
(relay)    41    45    12275.23    12    12256.89    1    1
(relay)    33    17    12295.03    12    12293.61    1    1
(relay)    39    36    12297.63    12    12295.82    1    1
(relay)    33    31    12319.03    12    12317.04    1    1
(relay)    33    9    12344.63    12    12338.85    1    1
(relay)    39    39    12374.63    12    12374.54    5    1
(advertise)    40    12374.83    39    12
(relay)    39    43    12400.65    12    12380.88    3    1
(advertise)    40    12400.85    43    12
(relay)    33    30    12427.06    12    12395.28    1    1
(relay)    47    44    12448.46    12    12425.86    3    1
(advertise)    40    12448.66    44    12
(relay)    39    38    12470.47    12    12441.3    3    1
(advertise)    40    12471.07    38    12
(relay)    41    34    12494.29    12    12484.23    5    1
(advertise)    40    12495.09    34    12
(relay)    33    32    12516.9    12    12497.8    3    1
(advertise)    40    12517.3    32    12
(relay)    33    25    12539.71    12    12534.63    1    1
(relay)    47    42    12542.31    12    12490.82    3    1
(advertise)    40    12542.51    42    12
(relay)    39    11    12582.12    12    12570.07    1    1
(relay)    41    13    12599.52    12    12595.57    3    1
(advertise)    40    12599.72    13    12
(relay)    33    5    12649.94    12    12646.22    3    1
(advertise)    40    12650.14    5    12
(relay)    39    6    12674.75    12    12666.54    1    1
(heartbeat)    24    3    12677.23    40    12697.15    4    4
(advertise)    40    12697.35    24    3
(relay)    39    1    12723.76    12    12681.53    1    1
(relay)    47    46    12739.56    12    12739.15    5    1
(advertise)    40    12739.76    46    12
(relay)    47    20    12796.78    12    12769.99    1    1
(relay)    39    12    12817.38    12    12810.19    1    1
(relay)    47    27    12819.38    12    12809.54    1    1
(relay)    47    37    12846.18    12    12844.56    1    1
(generate)    40    12871.38    [24]    12
(relay)    33    48    12959.39    12    12956.77    5    1
(advertise)    40    12959.59    48    12
(relay)    41    41    13026.6    13    13026.48    7    1
(advertise)    40    13026.8    41    13
(relay)    39    28    13069.02    13    13063.72    1    1
(relay)    33    33    13074.82    13    13073.9    5    1
(advertise)    40    13075.02    33    13
(relay)    33    18    13113.03    13    13070.8    1    1
(relay)    33    19    13153.63    13    13150.58    3    1
(advertise)    40    13153.83    19    13
(relay)    33    26    13175.84    13    13169.12    3    1
(advertise)    40    13177.64    26    13
(relay)    47    35    13199.85    13    13162.71    1    1
(relay)    47    47    13246.65    13    13245.73    7    1
(advertise)    40    13246.85    47    13
(relay)    41    45    13272.07    13    13256.98    1    1
(relay)    39    36    13297.27    13    13295.89    3    1
(advertise)    40    13297.47    36    13
(relay)    33    31    13319.88    13    13317.17    1    1
(relay)    39    39    13374.68    13    13374.57    5    1
(advertise)    40    13374.88    39    13
(relay)    39    30    13400.29    13    13395.47    1    1
(relay)    39    44    13430.09    13    13425.89    3    1
(advertise)    40    13430.29    44    13
(relay)    39    38    13451.11    13    13441.38    3    1
(advertise)    40    13452.11    38    13
(relay)    47    34    13486.92    13    13484.25    3    1
(advertise)    40    13487.12    34    13
(relay)    33    32    13507.73    13    13497.99    3    1
(advertise)    40    13508.13    32    13
(relay)    39    42    13533.15    13    13490.83    3    1
(advertise)    40    13533.75    42    13
(relay)    33    25    13556.76    13    13535.13    1    1
(relay)    33    11    13579.56    13    13570.23    1    1
(relay)    41    13    13600.36    13    13595.7    3    1
(advertise)    40    13600.56    13    13
(relay)    33    5    13650.97    13    13646.3    1    1
(relay)    39    29    13655.57    13    13654.19    1    1
(relay)    41    6    13675.17    13    13666.73    3    1
(advertise)    40    13675.37    6    13
(relay)    39    46    13739.78    13    13739.16    5    1
(advertise)    40    13739.98    46    13
(relay)    39    10    13768.2    13    13751.05    1    1
(relay)    41    20    13791.4    13    13770.02    3    1
(advertise)    40    13791.6    20    13
(relay)    33    27    13811.81    13    13809.63    3    1
(advertise)    40    13815.01    27    13
(relay)    33    12    13834.82    13    13810.28    3    1
(advertise)    40    13838.42    12    13
(relay)    39    37    13861.64    13    13844.75    3    1
(advertise)    40    13862.24    37    13
(generate)    40    13871.45    [24]    13
(relay)    41    48    13958.26    13    13956.95    7    1
(advertise)    40    13958.46    48    13
(relay)    41    41    14027.08    14    14026.55    7    1
(advertise)    40    14027.28    41    14
(relay)    39    28    14070.29    14    14063.72    1    1
(relay)    33    33    14075.09    14    14074.09    5    1
(advertise)    40    14075.29    33    14
(relay)    33    3    14136.9    14    14090.52    1    1
(relay)    33    4    14159.5    14    14113.26    1    1
(relay)    41    19    14168.5    14    14150.77    1    1
(relay)    47    35    14185.1    14    14162.81    1    1
(relay)    41    26    14190.1    14    14169.21    1    1
(relay)    47    47    14246.9    14    14245.8    7    1
(advertise)    40    14247.1    47    14
(relay)    47    45    14269.51    14    14257.04    3    1
(advertise)    40    14269.91    45    14
(relay)    39    36    14298.13    14    14295.95    3    1
(advertise)    40    14298.33    36    14
(relay)    39    31    14321.34    14    14317.23    1    1
(relay)    39    39    14374.74    14    14374.57    5    1
(advertise)    40    14374.94    39    14
(relay)    39    43    14400.55    14    14381.05    3    1
(advertise)    40    14400.75    43    14
(relay)    39    30    14423.97    14    14395.66    1    1
(relay)    39    38    14444.97    14    14441.43    3    1
(advertise)    40    14445.17    38    14
(relay)    39    44    14468.18    14    14426.09    3    1
(advertise)    40    14468.58    44    14
(relay)    41    34    14491.39    14    14484.27    5    1
(advertise)    40    14492.19    34    14
(relay)    39    32    14515.41    14    14498.16    3    1
(advertise)    40    14516.21    32    14
(relay)    33    25    14536.82    14    14535.23    1    1
(relay)    39    42    14540.22    14    14490.84    3    1
(advertise)    40    14540.62    42    14
(relay)    33    11    14580.63    14    14570.42    1    1
(relay)    41    13    14601.63    14    14595.81    3    1
(advertise)    40    14601.83    13    14
(relay)    33    5    14649.04    14    14646.4    1    1
(relay)    39    29    14655.84    14    14654.2    1    1
(relay)    33    6    14674.24    14    14666.93    3    1
(advertise)    40    14674.44    6    14
(relay)    39    46    14739.66    14    14739.18    5    1
(advertise)    40    14739.86    46    14
(relay)    33    20    14773.87    14    14770.06    3    1
(advertise)    40    14774.07    20    14
(relay)    41    27    14810.28    14    14809.69    3    1
(advertise)    40    14810.48    27    14
(relay)    47    37    14847.9    14    14844.77    1    1
(generate)    40    14871.5    [24]    14
(relay)    41    41    15027.11    15    15026.64    7    1
(advertise)    40    15027.31    41    15
(relay)    39    28    15070.12    15    15063.91    1    1
(relay)    33    18    15072.92    15    15071.1    1    1
(relay)    33    33    15074.32    15    15074.28    5    1
(advertise)    40    15074.52    33    15
(relay)    33    3    15122.14    15    15090.58    1    1
(relay)    39    4    15146.54    15    15113.27    1    1
(relay)    47    35    15183.54    15    15162.87    1    1
(relay)    33    26    15190.14    15    15169.69    3    1
(advertise)    40    15190.34    26    15
(relay)    47    47    15246.95    15    15245.87    7    1
(advertise)    40    15247.15    47    15
(relay)    47    45    15270.36    15    15257.12    3    1
(advertise)    40    15270.76    45    15
(relay)    39    36    15298.57    15    15296.03    3    1
(advertise)    40    15298.77    36    15
(relay)    39    31    15321.19    15    15317.28    1    1
(relay)    39    39    15375.19    15    15374.57    5    1
(advertise)    40    15375.39    39    15
(relay)    39    30    15399.8    15    15395.78    1    1
(relay)    47    43    15402.6    15    15381.15    3    1
(advertise)    40    15403.0    43    15
(relay)    47    44    15430.01    15    15426.28    3    1
(advertise)    40    15430.41    44    15
(relay)    47    38    15452.83    15    15441.49    1    1
(relay)    41    34    15485.43    15    15484.28    5    1
(advertise)    40    15485.63    34    15
(relay)    39    32    15509.04    15    15498.3    3    1
(advertise)    40    15509.84    32    15
(relay)    39    42    15530.45    15    15491.03    1    1
(relay)    39    25    15552.65    15    15535.31    1    1
(relay)    39    11    15574.85    15    15570.6    1    1
(relay)    33    13    15602.85    15    15595.87    3    1
(advertise)    40    15603.05    13    15
(relay)    41    5    15650.67    15    15646.45    1    1
(relay)    39    29    15673.07    15    15654.37    1    1
(relay)    41    6    15676.27    15    15667.12    3    1
(advertise)    40    15676.47    6    15
(relay)    33    46    15742.28    15    15739.2    3    1
(advertise)    40    15742.48    46    15
(relay)    41    20    15790.69    15    15770.09    3    1
(advertise)    40    15790.89    20    15
(relay)    41    27    15812.5    15    15809.79    3    1
(advertise)    40    15813.1    27    15
(relay)    39    37    15856.92    15    15844.94    3    1
(advertise)    40    15857.12    37    15
(relay)    33    12    15858.53    15    15810.38    1    1
(generate)    40    15871.53    [24]    15
(relay)    39    48    15961.54    15    15957.14    5    1
(advertise)    40    15961.74    48    15
(relay)    41    41    16027.36    16    16026.71    7    1
(advertise)    40    16027.56    41    16
(relay)    39    28    16067.77    16    16064.1    1    1
(relay)    33    18    16072.37    16    16071.24    1    1
(relay)    33    33    16074.37    16    16074.28    5    1
(advertise)    40    16074.57    33    16
(relay)    33    4    16119.18    16    16113.28    1    1
(relay)    33    19    16152.38    16    16150.77    3    1
(advertise)    40    16152.58    19    16
(relay)    33    26    16175.6    16    16169.75    3    1
(advertise)    40    16176.0    26    16
(relay)    39    35    16182.81    16    16162.93    3    1
(advertise)    40    16198.01    35    16
(relay)    47    47    16246.02    16    16245.96    7    1
(advertise)    40    16246.22    47    16
(relay)    47    45    16268.23    16    16257.16    3    1
(advertise)    40    16269.43    45    16
(relay)    39    36    16298.85    16    16296.06    3    1
(advertise)    40    16299.05    36    16
(relay)    33    31    16323.26    16    16317.39    1    1
(relay)    39    39    16375.06    16    16374.58    5    1
(advertise)    40    16375.26    39    16
(relay)    39    30    16400.67    16    16395.93    1    1
(relay)    47    43    16403.07    16    16381.19    3    1
(advertise)    40    16403.27    43    16
(relay)    39    38    16443.09    16    16441.55    3    1
(advertise)    40    16443.29    38    16
(relay)    39    44    16468.7    16    16426.3    1    1
(relay)    41    34    16486.7    16    16484.48    5    1
(advertise)    40    16486.9    34    16
(relay)    39    32    16513.91    16    16498.48    3    1
(advertise)    40    16514.11    32    16
(relay)    39    42    16535.93    16    16491.2    1    1
(relay)    33    25    16559.33    16    16535.36    1    1
(relay)    39    11    16580.93    16    16570.76    1    1
(relay)    41    13    16601.13    16    16595.97    3    1
(advertise)    40    16601.33    13    16
(relay)    33    5    16650.34    16    16646.49    3    1
(advertise)    40    16650.54    5    16
(relay)    39    29    16674.15    16    16654.53    1    1
(relay)    33    6    16675.95    16    16667.32    3    1
(advertise)    40    16676.15    6    16
(heartbeat)    24    4    16677.24    40    16697.36    4    6
(advertise)    40    16698.56    24    4
(relay)    47    46    16740.58    16    16739.22    5    1
(advertise)    40    16740.78    46    16
(relay)    33    20    16774.79    16    16770.11    3    1
(advertise)    40    16774.99    20    16
(relay)    33    27    16810.4    16    16809.86    3    1
(advertise)    40    16810.6    27    16
(relay)    41    12    16834.42    16    16810.43    1    1
(relay)    47    37    16850.82    16    16845.13    1    1
(generate)    40    16871.62    [24]    16
(relay)    47    48    16958.63    16    16957.32    7    1
(advertise)    40    16958.83    48    16
(relay)    41    41    17027.84    17    17026.79    7    1
(advertise)    40    17028.04    41    17
(relay)    39    28    17065.66    17    17064.12    1    1
(relay)    33    33    17074.46    17    17074.28    5    1
(advertise)    40    17074.66    33    17
(relay)    33    18    17089.27    17    17071.39    1    1
(relay)    33    4    17123.87    17    17113.3    1    1
(relay)    39    3    17137.67    17    17090.73    1    1
(relay)    39    35    17164.87    17    17163.06    3    1
(advertise)    40    17165.07    35    17
(relay)    41    19    17187.48    17    17150.96    1    1
(relay)    41    26    17210.28    17    17169.85    1    1
(relay)    47    47    17246.08    17    17246.05    7    1
(advertise)    40    17246.28    47    17
(relay)    39    45    17270.09    17    17257.24    3    1
(advertise)    40    17271.29    45    17
(relay)    39    36    17301.11    17    17296.12    3    1
(advertise)    40    17301.31    36    17
(relay)    39    39    17375.12    17    17374.58    5    1
(advertise)    40    17375.32    39    17
(relay)    39    30    17401.73    17    17396.1    1    1
(relay)    47    43    17403.73    17    17381.23    3    1
(advertise)    40    17403.93    43    17
(relay)    47    44    17427.35    17    17426.31    3    1
(advertise)    40    17427.55    44    17
(relay)    47    38    17452.16    17    17441.64    1    1
(relay)    41    34    17486.76    17    17484.51    5    1
(advertise)    40    17486.96    34    17
(relay)    33    32    17512.97    17    17498.49    3    1
(advertise)    40    17513.17    32    17
(relay)    47    42    17514.39    17    17491.38    3    1
(advertise)    40    17535.39    42    17
(relay)    39    25    17561.2    17    17535.47    1    1
(relay)    33    11    17576.6    17    17570.76    1    1
(relay)    41    13    17599.2    17    17596.05    3    1
(advertise)    40    17599.4    13    17
(relay)    33    5    17651.21    17    17646.59    3    1
(advertise)    40    17651.41    5    17
(relay)    39    29    17674.42    17    17654.54    1    1
(relay)    33    6    17677.02    17    17667.51    3    1
(advertise)    40    17677.22    6    17
(relay)    39    46    17740.44    17    17739.24    5    1
(advertise)    40    17740.64    46    17
(relay)    47    20    17773.45    17    17770.12    1    1
(relay)    41    27    17812.05    17    17809.92    3    1
(advertise)    40    17812.25    27    17
(relay)    33    12    17837.06    17    17810.46    1    1
(relay)    39    37    17860.86    17    17845.15    3    1
(advertise)    40    17861.06    37    17
(generate)    40    17871.68    [24]    17
(relay)    33    48    17958.29    17    17957.33    5    1
(advertise)    40    17958.49    48    17
(relay)    41    41    18027.9    18    18026.87    7    1
(advertise)    40    18028.1    41    18
(relay)    39    28    18065.92    18    18064.14    1    1
(relay)    33    33    18075.32    18    18074.67    5    1
(advertise)    40    18075.52    33    18
(relay)    33    18    18087.93    18    18071.56    1    1
(relay)    33    4    18139.93    18    18113.3    1    1
(relay)    39    19    18161.13    18    18151.15    1    1
(relay)    47    35    18184.13    18    18163.14    1    1
(relay)    33    26    18185.53    18    18169.91    3    1
(advertise)    40    18185.73    26    18
(relay)    47    47    18246.14    18    18246.12    7    1
(advertise)    40    18246.34    47    18
(relay)    47    45    18269.55    18    18257.3    3    1
(advertise)    40    18270.35    45    18
(relay)    39    36    18299.77    18    18296.17    3    1
(advertise)    40    18299.97    36    18
(relay)    39    39    18375.78    18    18374.74    5    1
(advertise)    40    18375.98    39    18
(relay)    39    30    18402.39    18    18396.24    1    1
(relay)    47    43    18402.79    18    18381.29    3    1
(advertise)    40    18402.99    43    18
(relay)    39    38    18447.21    18    18441.68    3    1
(advertise)    40    18447.41    38    18
(relay)    33    34    18486.82    18    18484.7    5    1
(advertise)    40    18487.02    34    18
(relay)    33    32    18507.63    18    18498.66    3    1
(advertise)    40    18509.43    32    18
(relay)    47    42    18532.65    18    18491.39    3    1
(advertise)    40    18532.85    42    18
(relay)    33    25    18555.86    18    18535.75    1    1
(relay)    33    11    18579.66    18    18570.77    1    1
(relay)    41    13    18598.66    18    18596.13    1    1
(relay)    33    5    18652.26    18    18646.72    3    1
(advertise)    40    18652.46    5    18
(relay)    39    29    18674.67    18    18654.71    1    1
(relay)    33    6    18675.67    18    18667.67    3    1
(advertise)    40    18675.87    6    18
(relay)    39    46    18741.08    18    18739.43    5    1
(advertise)    40    18741.28    46    18
(relay)    41    20    18771.9    18    18770.13    3    1
(advertise)    40    18772.1    20    18
(relay)    33    27    18811.91    18    18809.98    3    1
(advertise)    40    18812.11    27    18
(relay)    41    12    18838.72    18    18810.52    1    1
(relay)    39    37    18865.52    18    18845.31    3    1
(advertise)    40    18865.72    37    18
(generate)    40    18871.74    [24]    18
(relay)    41    41    19027.95    19    19026.96    7    1
(advertise)    40    19028.15    41    19
(relay)    39    28    19066.36    19    19064.34    1    1
(relay)    33    18    19074.16    19    19071.72    1    1
(relay)    33    33    19075.36    19    19074.86    5    1
(advertise)    40    19075.56    33    19
(relay)    33    3    19121.58    19    19090.83    1    1
(relay)    33    4    19143.38    19    19113.31    1    1
(relay)    33    19    19166.98    19    19151.16    3    1
(advertise)    40    19167.18    19    19
(relay)    41    26    19192.59    19    19169.97    1    1
(relay)    39    35    19198.59    19    19163.22    3    1
(advertise)    40    19198.79    35    19
(relay)    47    47    19246.8    19    19246.17    7    1
(advertise)    40    19247.0    47    19
(relay)    47    45    19269.41    19    19257.33    3    1
(advertise)    40    19271.01    45    19
(relay)    39    36    19301.43    19    19296.21    3    1
(advertise)    40    19301.63    36    19
(relay)    39    31    19322.04    19    19317.74    1    1
(relay)    39    39    19375.84    19    19374.76    5    1
(advertise)    40    19376.04    39    19
(relay)    47    43    19401.05    19    19381.35    3    1
(advertise)    40    19401.45    43    19
(relay)    39    30    19423.87    19    19396.39    1    1
(relay)    39    38    19445.67    19    19441.73    3    1
(advertise)    40    19445.87    38    19
(relay)    39    44    19469.28    19    19426.53    3    1
(advertise)    40    19469.48    44    19
(relay)    33    34    19492.49    19    19484.73    5    1
(advertise)    40    19492.69    34    19
(relay)    33    32    19513.91    19    19498.85    3    1
(advertise)    40    19514.51    32    19
(relay)    33    42    19536.52    19    19491.57    1    1
(relay)    33    13    19597.52    19    19596.21    3    1
(advertise)    40    19597.72    13    19
(relay)    33    5    19653.33    19    19646.8    3    1
(advertise)    40    19653.53    5    19
(relay)    39    29    19660.74    19    19654.84    1    1
(relay)    33    6    19674.94    19    19667.87    3    1
(advertise)    40    19676.34    6    19
(relay)    33    20    19771.16    19    19770.15    3    1
(advertise)    40    19771.36    20    19
(relay)    33    27    19812.17    19    19810.03    3    1
(advertise)    40    19812.37    27    19
(relay)    33    12    19837.98    19    19810.6    1    1
(relay)    39    37    19847.78    19    19845.48    3    1
(advertise)    40    19847.98    37    19
(generate)    40    19871.8    [24]    19
(relay)    41    48    19958.21    19    19957.65    7    1
(advertise)    40    19958.41    48    19
(relay)    41    41    20027.22    20    20027.06    7    1
(advertise)    40    20027.42    41    20
(relay)    39    28    20067.64    20    20064.36    1    1
(relay)    33    33    20075.44    20    20074.87    5    1
(advertise)    40    20075.64    33    20
(relay)    33    18    20091.85    20    20071.91    1    1
(relay)    33    3    20121.25    20    20090.88    1    1
(relay)    33    19    20153.25    20    20151.16    3    1
(advertise)    40    20153.45    19    20
(relay)    33    26    20175.46    20    20169.99    3    1
(advertise)    40    20176.26    26    20
(relay)    47    35    20199.87    20    20163.3    1    1
(relay)    47    47    20246.87    20    20246.24    7    1
(advertise)    40    20247.07    47    20
(relay)    47    45    20270.49    20    20257.38    3    1
(advertise)    40    20271.29    45    20
(relay)    39    36    20299.9    20    20296.3    3    1
(advertise)    40    20300.1    36    20
(relay)    39    31    20321.31    20    20317.82    1    1
(relay)    39    39    20375.91    20    20374.91    5    1
(advertise)    40    20376.11    39    20
(relay)    39    43    20397.53    20    20381.45    3    1
(advertise)    40    20399.33    43    20
(relay)    39    30    20419.34    20    20396.54    1    1
(relay)    39    38    20443.34    20    20441.78    3    1
(advertise)    40    20443.54    38    20
(relay)    39    44    20465.95    20    20427.92    3    1
(advertise)    40    20467.15    44    20
(relay)    33    34    20485.37    20    20484.92    5    1
(advertise)    40    20488.57    34    20
(relay)    33    32    20507.78    20    20499.02    3    1
(advertise)    40    20510.78    32    20
(relay)    39    42    20534.79    20    20491.76    3    1
(advertise)    40    20534.99    42    20
(relay)    33    25    20559.6    20    20535.94    1    1
(relay)    39    11    20582.4    20    20570.96    1    1
(relay)    41    13    20599.2    20    20596.3    3    1
(advertise)    40    20599.4    13    20
(relay)    33    5    20652.42    20    20646.86    3    1
(advertise)    40    20652.62    5    20
(relay)    33    6    20674.23    20    20668.01    3    1
(advertise)    40    20675.23    6    20
(heartbeat)    24    5    20677.25    40    20697.64    4    6
(advertise)    40    20698.64    24    5
(relay)    47    46    20741.06    20    20739.65    5    1
(advertise)    40    20741.26    46    20
(relay)    41    20    20771.67    20    20770.18    3    1
(advertise)    40    20771.87    20    20
(relay)    41    27    20813.68    20    20810.12    3    1
(advertise)    40    20813.88    27    20
(relay)    33    12    20836.1    20    20810.67    3    1
(advertise)    40    20836.3    12    20
(relay)    47    37    20860.11    20    20845.67    1    1
(generate)    40    20871.91    [24]    20
(relay)    41    48    20959.12    20    20957.85    7    1
(advertise)    40    20959.32    48    20
(relay)    41    41    21027.33    21    21027.16    7    1
(advertise)    40    21027.53    41    21
(relay)    39    28    21068.75    21    21064.37    1    1
(relay)    33    33    21075.35    21    21074.88    5    1
(advertise)    40    21075.55    33    21
(relay)    33    18    21091.16    21    21072.06    1    1
(relay)    33    3    21120.56    21    21090.95    1    1
(relay)    33    4    21145.76    21    21113.33    1    1
(relay)    33    19    21168.16    21    21151.35    3    1
(advertise)    40    21168.36    19    21
(relay)    39    35    21191.97    21    21163.42    3    1
(advertise)    40    21192.17    35    21
(relay)    41    26    21194.79    21    21170.08    1    1
(relay)    47    47    21246.99    21    21246.34    7    1
(advertise)    40    21247.19    47    21
(relay)    47    45    21273.4    21    21257.46    3    1
(advertise)    40    21273.6    45    21
(relay)    39    36    21299.21    21    21296.39    1    1
(relay)    33    31    21319.61    21    21317.96    1    1
(relay)    39    39    21376.01    21    21374.93    5    1
(advertise)    40    21376.21    39    21
(relay)    39    30    21400.03    21    21396.7    1    1
(relay)    47    43    21424.03    21    21381.56    3    1
(advertise)    40    21424.23    43    21
(relay)    39    38    21447.24    21    21441.85    3    1
(advertise)    40    21447.64    38    21
(relay)    47    44    21449.05    21    21427.95    3    1
(advertise)    40    21469.05    44    21
(relay)    41    34    21491.66    21    21484.95    5    1
(advertise)    40    21492.26    34    21
(relay)    39    32    21516.28    21    21499.21    3    1
(advertise)    40    21516.48    32    21
(relay)    39    25    21539.69    21    21536.05    1    1
(relay)    39    11    21572.49    21    21571.14    1    1
(relay)    41    13    21600.29    21    21596.4    3    1
(advertise)    40    21600.49    13    21
(relay)    33    5    21651.5    21    21646.95    3    1
(advertise)    40    21651.7    5    21
(relay)    33    6    21675.52    21    21668.19    3    1
(relay)    39    29    21675.72    21    21654.87    1    2
(advertise)    40    21677.32    6    21
(relay)    47    46    21739.93    21    21739.66    5    1
(advertise)    40    21740.13    46    21
(relay)    33    20    21772.14    21    21770.22    3    1
(advertise)    40    21772.34    20    21
(relay)    41    27    21813.56    21    21810.21    3    1
(advertise)    40    21813.76    27    21
(relay)    39    12    21837.57    21    21810.74    1    1
(relay)    39    37    21860.57    21    21845.86    3    1
(advertise)    40    21860.77    37    21
(generate)    40    21871.98    [24]    21
(relay)    41    48    21959.59    21    21958.03    7    1
(advertise)    40    21959.79    48    21
(relay)    41    41    22027.41    22    22027.25    7    1
(advertise)    40    22027.61    41    22
(relay)    39    28    22069.22    22    22064.38    1    1
(relay)    33    33    22076.02    22    22075.07    5    1
(advertise)    40    22076.22    33    22
(relay)    39    18    22114.63    22    22072.24    1    1
(relay)    33    3    22137.23    22    22091.0    1    1
(relay)    33    4    22158.43    22    22113.35    1    1
(relay)    41    19    22172.03    22    22151.54    1    1
(relay)    47    35    22187.23    22    22163.5    1    1
(relay)    41    26    22193.03    22    22170.17    1    1
(relay)    47    47    22247.03    22    22246.4    7    1
(advertise)    40    22247.23    47    22
(relay)    47    45    22270.65    22    22257.52    3    1
(advertise)    40    22270.85    45    22
(relay)    47    36    22298.66    22    22296.49    1    1
(relay)    33    31    22320.46    22    22318.45    1    1
(relay)    39    39    22375.06    22    22374.93    5    1
(advertise)    40    22375.26    39    22
(relay)    39    43    22402.27    22    22381.68    3    1
(advertise)    40    22402.47    43    22
(relay)    39    30    22424.29    22    22396.87    1    1
(relay)    39    38    22445.89    22    22442.11    3    1
(advertise)    40    22446.09    38    22
(relay)    39    44    22467.3    22    22428.14    3    1
(advertise)    40    22468.1    44    22
(relay)    41    34    22492.11    22    22485.15    5    1
(advertise)    40    22492.51    34    22
(relay)    33    32    22514.92    22    22499.37    3    1
(advertise)    40    22515.12    32    22
(relay)    33    25    22539.54    22    22536.14    1    1
(relay)    39    42    22539.94    22    22491.95    3    1
(advertise)    40    22540.54    42    22
(relay)    33    11    22583.55    22    22571.33    1    1
(relay)    41    13    22600.95    22    22596.48    3    1
(advertise)    40    22601.15    13    22
(relay)    33    5    22650.76    22    22647.05    3    1
(advertise)    40    22650.96    5    22
(relay)    33    6    22675.98    22    22668.36    3    1
(advertise)    40    22676.18    6    22
(relay)    33    29    22699.19    22    22654.87    1    1
(relay)    47    46    22740.19    22    22739.68    5    1
(advertise)    40    22740.39    46    22
(relay)    41    20    22772.6    22    22770.25    3    1
(advertise)    40    22772.8    20    22
(relay)    47    27    22813.62    22    22810.3    1    1
(relay)    39    37    22846.62    22    22845.87    3    1
(advertise)    40    22846.82    37    22
(generate)    40    22872.03    [24]    22
(relay)    41    48    22959.44    22    22958.21    7    1
(advertise)    40    22959.64    48    22
(relay)    41    41    23027.45    23    23027.33    7    1
(advertise)    40    23027.65    41    23
(relay)    39    28    23070.47    23    23064.4    1    1
(relay)    33    33    23076.07    23    23075.09    5    1
(advertise)    40    23076.27    33    23
(relay)    33    4    23122.88    23    23113.37    1    1
(relay)    33    19    23154.48    23    23151.72    3    1
(advertise)    40    23154.68    19    23
(relay)    33    26    23176.29    23    23170.21    3    1
(advertise)    40    23177.49    26    23
(relay)    39    35    23201.31    23    23163.6    1    1
(relay)    47    47    23247.51    23    23246.5    7    1
(advertise)    40    23247.71    47    23
(relay)    47    45    23269.52    23    23257.58    3    1
(advertise)    40    23270.72    45    23
(relay)    39    36    23298.53    23    23296.55    3    1
(advertise)    40    23298.73    36    23
(relay)    39    31    23322.55    23    23318.51    1    1
(relay)    39    39    23375.15    23    23375.09    5    1
(advertise)    40    23375.35    39    23
(relay)    39    30    23399.76    23    23397.02    1    1
(relay)    33    43    23425.16    23    23381.74    1    1
(relay)    39    38    23446.56    23    23442.16    3    1
(advertise)    40    23446.76    38    23
(relay)    39    44    23466.57    23    23428.14    3    1
(advertise)    40    23468.77    44    23
(relay)    33    34    23491.18    23    23485.34    5    1
(advertise)    40    23492.18    34    23
(relay)    33    32    23512.8    23    23499.52    3    1
(advertise)    40    23514.6    32    23
(relay)    33    11    23573.81    23    23571.48    1    1
(relay)    33    13    23601.61    23    23596.58    3    1
(advertise)    40    23601.81    13    23
(relay)    33    5    23649.02    23    23647.15    3    1
(advertise)    40    23649.22    5    23
(relay)    39    29    23671.64    23    23654.89    1    1
(relay)    33    6    23675.04    23    23668.52    3    1
(advertise)    40    23675.24    6    23
(relay)    47    46    23740.45    23    23739.86    5    1
(advertise)    40    23740.65    46    23
(relay)    33    20    23773.26    23    23770.43    3    1
(advertise)    40    23773.46    20    23
(relay)    41    27    23811.08    23    23810.36    3    1
(advertise)    40    23811.28    27    23
(relay)    33    12    23834.29    23    23810.91    3    1
(advertise)    40    23834.69    12    23
(relay)    39    37    23857.3    23    23846.04    3    1
(advertise)    40    23857.7    37    23
(generate)    40    23872.11    [24]    23
(relay)    41    48    23959.73    23    23958.38    7    1
(advertise)    40    23959.93    48    23
(relay)    41    41    24027.94    24    24027.41    7    1
(advertise)    40    24028.14    41    24
(relay)    39    28    24070.95    24    24064.4    1    1
(relay)    33    33    24076.35    24    24075.25    5    1
(advertise)    40    24076.55    33    24
(relay)    33    18    24112.57    24    24072.57    1    1
(relay)    33    3    24135.37    24    24091.13    1    1
(relay)    33    19    24158.77    24    24151.91    3    1
(advertise)    40    24158.97    19    24
(relay)    33    26    24179.18    24    24170.27    3    1
(advertise)    40    24181.78    26    24
(relay)    39    35    24203.79    24    24163.69    3    1
(advertise)    40    24204.79    35    24
(relay)    47    47    24247.61    24    24246.58    7    1
(advertise)    40    24247.81    47    24
(relay)    47    45    24269.82    24    24257.84    3    1
(advertise)    40    24270.02    45    24
(relay)    39    36    24298.63    24    24296.61    3    1
(advertise)    40    24298.83    36    24
(relay)    33    31    24323.44    24    24318.61    1    1
(relay)    39    39    24375.44    24    24375.28    5    1
(advertise)    40    24375.64    39    24
(relay)    39    30    24400.06    24    24397.19    1    1
(relay)    47    43    24401.46    24    24381.82    3    1
(advertise)    40    24401.66    43    24
(relay)    47    44    24432.67    24    24428.15    3    1
(advertise)    40    24432.87    44    24
(relay)    47    38    24454.08    24    24442.21    1    1
(relay)    41    34    24486.88    24    24485.37    5    1
(advertise)    40    24487.08    34    24
(relay)    33    32    24510.5    24    24499.62    3    1
(advertise)    40    24510.9    32    24
(relay)    39    42    24535.11    24    24491.96    3    1
(advertise)    40    24535.71    42    24
(relay)    39    25    24557.92    24    24537.32    1    1
(relay)    39    11    24581.52    24    24571.49    1    1
(relay)    41    13    24601.52    24    24596.67    3    1
(advertise)    40    24601.72    13    24
(relay)    39    5    24652.34    24    24647.21    1    1
(relay)    39    29    24673.14    24    24654.89    1    1
(relay)    41    6    24675.54    24    24668.7    3    1
(advertise)    40    24675.74    6    24
(heartbeat)    24    6    24677.27    40    24703.35    4    6
(advertise)    40    24703.55    24    6
(relay)    39    46    24740.36    24    24739.88    5    1
(advertise)    40    24740.56    46    24
(relay)    33    20    24773.77    24    24770.47    3    1
(advertise)    40    24773.97    20    24
(relay)    33    27    24811.19    24    24810.44    3    1
(advertise)    40    24811.39    27    24
(relay)    39    37    24848.0    24    24846.04    3    1
(advertise)    40    24848.2    37    24
(generate)    40    24872.21    [24]    24
(relay)    41    48    24960.83    24    24958.4    7    1
(advertise)    40    24961.03    48    24
(relay)    41    41    25028.04    25    25027.51    7    1
(advertise)    40    25028.24    41    25
(relay)    33    28    25070.45    25    25064.43    1    1
(relay)    33    33    25075.45    25    25075.44    5    1
(advertise)    40    25075.65    33    25
(relay)    33    18    25091.27    25    25072.57    1    1
(relay)    33    3    25115.87    25    25091.21    1    1
(relay)    33    19    25155.27    25    25151.94    3    1
(advertise)    40    25155.47    19    25
(relay)    39    4    25157.48    25    25113.61    1    1
(relay)    47    35    25185.08    25    25163.81    1    1
(relay)    41    26    25191.68    25    25170.32    1    1
(relay)    47    47    25247.68    25    25246.66    7    1
(advertise)    40    25247.88    47    25
(relay)    47    45    25269.89    25    25257.92    7    1
(advertise)    40    25270.49    45    25
(relay)    39    36    25299.9    25    25296.72    3    1
(advertise)    40    25300.1    36    25
(relay)    39    31    25321.92    25    25318.74    1    1
(relay)    39    39    25375.92    25    25375.29    5    1
(advertise)    40    25376.12    39    25
(relay)    39    30    25400.73    25    25397.2    1    1
(relay)    47    43    25403.73    25    25381.89    3    1
(advertise)    40    25403.93    43    25
(relay)    39    38    25442.54    25    25442.28    5    1
(advertise)    40    25442.74    38    25
(relay)    39    44    25464.76    25    25428.17    3    1
(advertise)    40    25465.76    44    25
(relay)    39    34    25491.77    25    25485.4    3    1
(advertise)    40    25491.97    34    25
(relay)    33    32    25511.38    25    25499.63    3    1
(advertise)    40    25514.18    32    25
(relay)    39    42    25535.0    25    25492.0    3    1
(advertise)    40    25535.8    42    25
(relay)    33    25    25559.01    25    25537.45    1    1
(relay)    33    11    25580.41    25    25571.5    1    1
(relay)    41    13    25601.81    25    25596.75    3    1
(advertise)    40    25602.01    13    25
(relay)    33    5    25650.82    25    25647.28    3    1
(advertise)    40    25651.02    5    25
(relay)    39    29    25674.03    25    25654.93    1    1
(relay)    41    6    25676.43    25    25668.89    3    1
(advertise)    40    25676.63    6    25
(relay)    39    46    25740.85    25    25739.9    5    1
(advertise)    40    25741.05    46    25
(relay)    41    20    25774.66    25    25770.5    3    1
(advertise)    40    25774.86    20    25
(relay)    33    27    25811.27    25    25810.52    3    1
(advertise)    40    25811.47    27    25
(relay)    41    12    25836.29    25    25811.0    1    1
(relay)    39    37    25848.29    25    25846.22    3    1
(advertise)    40    25848.49    37    25
(generate)    40    25872.3    [24]    25
(relay)    33    48    25962.51    25    25958.6    5    1
(advertise)    40    25962.71    48    25
(relay)    41    41    26028.13    26    26027.62    7    1
(advertise)    40    26028.33    41    26
(relay)    33    18    26073.74    26    26072.73    1    1
(relay)    33    33    26075.54    26    26075.47    5    1
(advertise)    40    26075.74    33    26
(relay)    33    3    26118.55    26    26091.28    1    1
(relay)    33    4    26144.15    26    26113.81    1    1
(relay)    39    19    26164.75    26    26151.94    1    1
(relay)    39    35    26187.15    26    26163.91    3    1
(advertise)    40    26187.35    35    26
(relay)    39    26    26212.16    26    26170.42    1    1
(relay)    47    47    26246.76    26    26246.73    7    1
(advertise)    40    26246.96    47    26
(relay)    47    45    26269.38    26    26257.99    7    1
(advertise)    40    26269.98    45    26
(relay)    39    36    26300.59    26    26296.78    3    1
(advertise)    40    26300.79    36    26
(relay)    39    31    26324.6    26    26318.78    1    1
(relay)    39    39    26376.0    26    26375.48    5    1
(advertise)    40    26376.2    39    26
(relay)    39    30    26401.62    26    26397.34    1    1
(relay)    47    43    26403.42    26    26381.95    3    1
(advertise)    40    26403.82    43    26
(relay)    47    44    26444.83    26    26428.37    3    1
(advertise)    40    26445.03    44    26
(relay)    39    38    26446.64    26    26442.31    5    1
(advertise)    40    26468.04    38    26
(relay)    33    34    26490.06    26    26485.43    5    1
(advertise)    40    26491.46    34    26
(relay)    33    32    26511.47    26    26499.78    3    1
(advertise)    40    26513.87    32    26
(relay)    33    42    26531.68    26    26492.18    1    1
(relay)    33    25    26554.68    26    26537.57    1    1
(relay)    39    11    26576.28    26    26571.51    1    1
(relay)    41    13    26602.08    26    26596.83    3    1
(advertise)    40    26602.28    13    26
(relay)    33    5    26651.09    26    26647.37    3    1
(advertise)    40    26651.29    5    26
(relay)    39    29    26674.31    26    26654.94    1    1
(relay)    33    6    26676.71    26    26669.09    3    1
(advertise)    40    26676.91    6    26
(relay)    39    46    26741.12    26    26739.91    5    1
(advertise)    40    26741.32    46    26
(relay)    33    20    26774.53    26    26770.55    3    1
(advertise)    40    26774.73    20    26
(relay)    41    27    26811.95    26    26810.61    3    1
(advertise)    40    26812.15    27    26
(relay)    33    12    26834.56    26    26811.06    1    1
(relay)    39    37    26848.96    26    26846.38    3    1
(advertise)    40    26849.16    37    26
(generate)    40    26872.37    [24]    26
(relay)    47    48    26959.99    26    26958.62    7    1
(advertise)    40    26960.19    48    26
(relay)    41    41    27028.8    27    27027.74    7    1
(advertise)    40    27029.0    41    27
(relay)    33    18    27073.61    27    27072.74    1    1
(relay)    33    33    27075.61    27    27075.49    5    1
(advertise)    40    27075.81    33    27
(relay)    33    3    27123.42    27    27091.35    1    1
(relay)    33    4    27146.82    27    27113.83    1    1
(relay)    33    19    27169.62    27    27152.13    3    1
(advertise)    40    27169.82    19    27
(relay)    39    35    27192.24    27    27164.04    3    1
(advertise)    40    27192.44    35    27
(relay)    47    47    27246.85    27    27246.81    7    1
(advertise)    40    27247.05    47    27
(relay)    39    45    27271.26    27    27258.06    7    1
(advertise)    40    27272.06    45    27
(relay)    39    36    27300.48    27    27296.88    3    1
(advertise)    40    27300.68    36    27
(relay)    39    31    27322.89    27    27318.9    1    1
(relay)    39    39    27376.29    27    27375.65    5    1
(advertise)    40    27376.49    39    27
(relay)    41    43    27406.9    27    27382.07    1    1
(relay)    47    44    27429.5    27    27428.38    3    1
(advertise)    40    27429.7    44    27
(relay)    33    30    27451.92    27    27397.51    1    1
(relay)    39    38    27475.52    27    27442.36    5    1
(advertise)    40    27475.72    38    27
(relay)    41    34    27500.13    27    27485.48    5    1
(advertise)    40    27501.13    34    27
(relay)    33    32    27526.74    27    27499.97    3    1
(advertise)    40    27526.94    32    27
(relay)    39    42    27547.55    27    27492.2    3    1
(relay)    33    25    27548.55    27    27537.66    1    2
(advertise)    40    27549.55    42    27
(relay)    39    11    27591.17    27    27571.53    1    1
(relay)    41    13    27601.57    27    27596.9    3    1
(advertise)    40    27601.77    13    27
(relay)    33    5    27651.78    27    27647.43    3    1
(advertise)    40    27651.98    5    27
(relay)    39    29    27675.99    27    27654.94    1    1
(relay)    33    6    27676.39    27    27669.24    3    1
(advertise)    40    27676.99    6    27
(relay)    39    46    27741.41    27    27740.11    5    1
(advertise)    40    27741.61    46    27
(relay)    47    20    27774.02    27    27770.58    1    1
(relay)    33    27    27812.82    27    27810.73    3    1
(advertise)    40    27813.02    27    27
(relay)    33    12    27837.03    27    27811.08    1    1
(relay)    39    37    27849.23    27    27846.4    3    1
(advertise)    40    27849.43    37    27
(generate)    40    27872.45    [24]    27
(relay)    33    48    27959.86    27    27958.81    5    1
(advertise)    40    27960.06    48    27
(relay)    41    41    28028.87    28    28027.84    7    1
(advertise)    40    28029.07    41    28
(relay)    39    28    28066.08    28    28064.54    1    1
(relay)    33    33    28076.08    28    28075.5    5    1
(advertise)    40    28076.28    33    28
(relay)    33    18    28089.3    28    28072.93    1    1
(relay)    33    3    28121.7    28    28091.41    1    1
(relay)    33    4    28142.1    28    28113.85    1    1
(relay)    33    19    28165.3    28    28152.14    3    1
(advertise)    40    28165.5    19    28
(relay)    33    26    28186.31    28    28170.63    3    1
(advertise)    40    28187.91    26    28
(relay)    33    35    28211.72    28    28164.13    1    1
(relay)    47    47    28246.92    28    28246.89    7    1
(advertise)    40    28247.12    47    28
(relay)    47    45    28269.94    28    28258.12    7    1
(advertise)    40    28271.74    45    28
(relay)    39    36    28301.15    28    28296.96    3    1
(advertise)    40    28301.35    36    28
(relay)    39    31    28322.96    28    28319.01    1    1
(relay)    39    39    28376.76    28    28375.84    5    1
(advertise)    40    28376.96    39    28
(relay)    39    30    28402.78    28    28397.66    1    1
(relay)    39    43    28423.58    28    28382.15    3    1
(advertise)    40    28423.78    43    28
(relay)    39    38    28445.39    28    28442.42    5    1
(advertise)    40    28446.19    38    28
(relay)    39    44    28467.0    28    28428.4    3    1
(advertise)    40    28467.6    44    28
(relay)    41    34    28491.81    28    28485.53    5    1
(advertise)    40    28492.41    34    28
(relay)    33    32    28513.63    28    28500.16    3    1
(advertise)    40    28515.43    32    28
(relay)    39    25    28539.84    28    28537.78    1    1
(relay)    33    11    28576.64    28    28571.53    1    1
(relay)    33    13    28598.44    28    28597.01    3    1
(advertise)    40    28598.64    13    28
(relay)    33    5    28653.05    28    28647.53    3    1
(advertise)    40    28653.25    5    28
(relay)    39    29    28659.47    28    28655.13    1    1
(relay)    33    6    28676.87    28    28669.44    3    1
(advertise)    40    28677.07    6    28
(heartbeat)    24    7    28677.28    40    28705.28    4    6
(advertise)    40    28705.48    24    7
(relay)    39    46    28742.09    28    28740.3    7    1
(advertise)    40    28742.29    46    28
(relay)    47    20    28773.71    28    28770.66    1    1
(relay)    33    27    28812.91    28    28810.84    3    1
(advertise)    40    28813.11    27    28
(relay)    33    12    28836.32    28    28811.39    3    1
(advertise)    40    28836.52    12    28
(relay)    39    37    28859.73    28    28846.56    3    1
(advertise)    40    28859.93    37    28
(generate)    40    28872.54    [24]    28
(relay)    41    41    29028.96    29    29027.93    7    1
(advertise)    40    29029.16    41    29
(relay)    39    28    29066.57    29    29064.6    1    1
(relay)    33    18    29075.17    29    29072.93    1    1
(relay)    33    33    29076.57    29    29075.92    5    1
(advertise)    40    29076.77    33    29
(relay)    33    19    29152.78    29    29152.19    3    1
(advertise)    40    29152.98    19    29
(relay)    33    26    29177.4    29    29170.73    3    1
(advertise)    40    29178.4    26    29
(relay)    39    35    29201.21    29    29164.25    3    1
(advertise)    40    29202.61    35    29
(relay)    47    47    29247.62    29    29247.01    7    1
(advertise)    40    29247.82    47    29
(relay)    47    45    29271.24    29    29258.18    5    1
(advertise)    40    29271.44    45    29
(relay)    39    36    29301.85    29    29297.04    3    1
(advertise)    40    29302.05    36    29
(relay)    39    31    29322.86    29    29319.08    1    1
(relay)    39    39    29377.06    29    29376.01    5    1
(advertise)    40    29377.26    39    29
(relay)    39    30    29401.27    29    29397.83    1    1
(relay)    47    43    29402.07    29    29382.25    3    1
(advertise)    40    29402.27    43    29
(relay)    39    38    29445.49    29    29442.48    5    1
(advertise)    40    29445.69    38    29
(relay)    39    44    29466.9    29    29428.42    3    1
(advertise)    40    29467.7    44    29
(relay)    41    34    29491.71    29    29485.57    5    1
(advertise)    40    29492.11    34    29
(relay)    39    32    29515.53    29    29500.3    3    1
(advertise)    40    29515.73    32    29
(relay)    39    25    29540.54    29    29537.88    1    1
(relay)    39    42    29563.34    29    29492.24    1    1
(relay)    33    11    29584.54    29    29571.55    1    1
(relay)    41    13    29600.14    29    29597.12    3    1
(advertise)    40    29600.34    13    29
(relay)    33    5    29653.95    29    29647.63    3    1
(advertise)    40    29654.15    5    29
(relay)    33    6    29674.97    29    29669.62    3    1
(advertise)    40    29676.37    6    29
(relay)    39    29    29698.58    29    29655.17    1    1
(relay)    39    46    29742.78    29    29740.31    7    1
(advertise)    40    29742.98    46    29
(relay)    41    20    29771.99    29    29770.7    3    1
(advertise)    40    29772.19    20    29
(relay)    33    27    29813.0    29    29810.95    3    1
(advertise)    40    29813.2    27    29
(relay)    33    12    29836.62    29    29811.45    3    1
(advertise)    40    29836.82    12    29
(relay)    47    37    29859.83    29    29846.7    1    1
(generate)    40    29872.63    [24]    29
(relay)    39    48    29960.24    29    29959.18    5    1
(advertise)    40    29960.44    48    29
