(relay)    44    41    1026.8    1    1025.0    122    1
(advertise)    43    1027.0    41    1
(relay)    36    28    1064.21    1    1062.01    125    1
(advertise)    43    1064.41    28    1
(relay)    36    18    1092.43    1    1069.03    121    1
(advertise)    43    1092.63    18    1
(relay)    44    3    1114.84    1    1089.21    120    1
(advertise)    43    1115.04    3    1
(relay)    44    4    1139.45    1    1111.04    119    1
(advertise)    43    1139.85    4    1
(relay)    44    33    1163.27    1    1071.01    118    1
(advertise)    43    1163.47    33    1
(relay)    42    35    1165.28    1    1161.07    126    1
(advertise)    43    1185.48    35    1
(relay)    36    19    1205.69    1    1149.07    120    1
(advertise)    43    1208.89    19    1
(relay)    36    7    1227.3    1    1153.07    122    1
(advertise)    43    1230.9    7    1
(relay)    36    16    1251.52    1    1177.08    123    1
(advertise)    43    1253.32    16    1
(relay)    36    26    1273.93    1    1166.08    121    1
(advertise)    43    1274.93    26    1
(relay)    42    2    1276.54    1    1164.05    119    1
(relay)    36    36    1294.34    1    1294.14    127    2
(relay)    44    47    1295.14    1    1244.12    124    3
(advertise)    43    1297.74    2    1
(relay)    44    45    1317.36    1    1255.13    126    3
(advertise)    43    1319.96    36    1
(advertise)    43    1342.57    47    1
(relay)    36    23    1361.38    1    1297.16    124    2
(advertise)    43    1363.58    45    1
(generate)    43    1378.2    [24]    1
(relay)    36    17    1383.61    1    1292.14    122    2
(advertise)    43    1384.81    23    1
(advertise)    43    1405.82    17    1
(relay)    44    44    1425.63    1    1425.02    127    1
(advertise)    43    1426.83    44    1
(relay)    44    39    1470.45    1    1373.2    124    1
(advertise)    43    1470.65    39    1
(relay)    42    42    1489.66    1    1489.05    127    1
(advertise)    43    1492.86    42    1
(relay)    42    30    1497.27    1    1393.01    123    1
(advertise)    43    1514.47    30    1
(relay)    42    31    1541.49    1    1315.16    122    1
(advertise)    43    1541.69    31    1
(relay)    44    9    1555.9    1    1337.18    122    1
(relay)    42    38    1563.7    1    1440.03    123    2
(advertise)    43    1564.1    9    1
(relay)    42    21    1585.71    1    1535.09    124    2
(advertise)    43    1585.91    38    1
(relay)    44    32    1599.93    1    1496.07    123    2
(advertise)    43    1607.13    21    1
(advertise)    43    1629.14    32    1
(relay)    44    25    1644.75    1    1533.09    122    1
(advertise)    43    1650.75    25    1
(relay)    44    34    1665.96    1    1483.06    119    1
(advertise)    43    1672.16    34    1
(relay)    36    29    1673.98    1    1653.15    126    1
(advertise)    43    1694.58    29    1
(relay)    44    11    1713.79    1    1568.11    118    1
(advertise)    43    1716.79    11    1
(relay)    44    8    1736.8    1    1614.11    121    1
(advertise)    43    1739.0    8    1
(relay)    44    14    1758.02    1    1724.0    121    1
(advertise)    43    1761.42    14    1
(relay)    44    46    1779.43    1    1738.0    125    1
(advertise)    43    1783.63    46    1
(relay)    44    13    1801.84    1    1594.13    118    1
(advertise)    43    1804.84    13    1
(relay)    42    1    1811.66    1    1680.16    120    1
(advertise)    43    1826.66    1    1
(relay)    36    6    1850.27    1    1665.14    117    1
(advertise)    43    1850.67    6    1
(relay)    36    37    1872.08    1    1843.07    126    1
(advertise)    43    1873.48    37    1
(relay)    44    20    1895.69    1    1769.02    119    1
(advertise)    43    1895.89    20    1
(relay)    42    5    1900.11    1    1645.15    116    1
(advertise)    43    1917.71    5    1
(relay)    42    0    1945.52    1    1829.04    121    1
(advertise)    43    1945.72    0    1
(relay)    36    10    1961.33    1    1750.02    119    1
(relay)    44    40    1964.13    1    1870.29    123    2
(advertise)    43    1966.73    10    1
(advertise)    43    1987.75    40    1
(relay)    42    22    1989.96    1    1896.11    123    1
(advertise)    43    2011.76    22    1
(relay)    36    27    2025.77    1    1808.06    120    1
(advertise)    43    2033.57    27    1
(relay)    36    12    2072.19    1    1809.04    119    1
(advertise)    43    2072.39    12    1
(relay)    36    48    2093.8    1    1955.11    121    1
(advertise)    43    2094.6    48    1
(relay)    36    28    2116.81    2    2062.2    125    1
(advertise)    43    2117.41    28    2
(relay)    36    18    2138.82    2    2069.2    119    1
(advertise)    43    2141.62    18    2
(relay)    36    41    2160.24    2    2025.17    120    1
(advertise)    43    2163.64    41    2
(relay)    42    35    2165.45    2    2161.25    126    1
(advertise)    43    2185.05    35    2
(relay)    36    3    2205.86    2    2089.4    120    1
(advertise)    43    2207.86    3    2
(relay)    36    33    2228.28    2    2071.6    120    1
(advertise)    43    2229.88    33    2
(relay)    36    4    2250.09    2    2111.22    119    1
(advertise)    43    2251.09    4    2
(relay)    36    7    2271.1    2    2153.24    122    1
(advertise)    43    2273.3    7    2
(relay)    36    16    2293.72    2    2177.28    123    1
(relay)    36    36    2294.92    2    2294.74    127    2
(advertise)    43    2296.72    16    2
(relay)    36    26    2317.73    2    2166.26    121    2
(advertise)    43    2318.13    36    2
(relay)    36    45    2341.14    2    2255.92    124    2
(advertise)    43    2341.54    26    2
(advertise)    43    2362.75    45    2
(relay)    44    47    2364.57    2    2244.32    124    1
(generate)    43    2378.37    [24]    2
(advertise)    43    2383.98    47    2
(relay)    42    2    2387.79    2    2164.24    119    1
(advertise)    43    2406.19    2    2
(relay)    44    19    2408.21    2    2149.25    120    1
(relay)    44    44    2426.21    2    2425.21    127    2
(advertise)    43    2427.41    19    2
(advertise)    43    2448.62    44    2
(relay)    42    23    2457.03    2    2297.34    122    1
(advertise)    43    2469.83    23    2
(relay)    36    31    2471.24    2    2315.35    124    1
(relay)    42    42    2489.84    2    2489.22    127    2
(advertise)    43    2493.44    31    2
(relay)    36    30    2514.86    2    2393.81    125    2
(advertise)    43    2516.06    42    2
(relay)    44    39    2521.27    2    2373.39    124    2
(relay)    42    9    2525.67    2    2337.37    120    3
(advertise)    43    2537.87    30    2
(relay)    44    38    2541.88    2    2440.23    125    3
(relay)    36    17    2558.68    2    2292.34    122    4
(advertise)    43    2559.08    39    2
(advertise)    43    2582.5    9    2
(advertise)    43    2604.91    38    2
(advertise)    43    2626.92    17    2
(relay)    36    21    2649.34    2    2535.27    124    1
(advertise)    43    2649.54    21    2
(relay)    44    32    2651.95    2    2496.26    123    1
(advertise)    43    2670.55    32    2
(relay)    36    29    2671.96    2    2653.35    126    1
(advertise)    43    2691.76    29    2
(relay)    44    34    2696.37    2    2483.24    121    1
(advertise)    43    2714.77    34    2
(relay)    44    25    2738.39    2    2533.28    122    1
(advertise)    43    2738.79    25    2
(relay)    44    11    2760.0    2    2568.31    118    1
(advertise)    43    2760.4    11    2
(relay)    36    8    2762.81    2    2614.31    123    1
(advertise)    43    2782.01    8    2
(relay)    44    13    2805.43    2    2594.31    118    1
(advertise)    43    2806.63    13    2
(relay)    36    1    2829.04    2    2680.36    122    1
(advertise)    43    2829.44    1    2
(relay)    44    46    2851.85    2    2738.2    123    1
(advertise)    43    2852.05    46    2
(relay)    42    14    2861.87    2    2724.2    123    1
(relay)    44    37    2873.47    2    2843.47    126    2
(advertise)    43    2874.47    14    2
(advertise)    43    2896.68    37    2
(relay)    44    5    2917.09    2    2645.34    118    1
(advertise)    43    2918.29    5    2
(relay)    44    6    2939.5    2    2665.32    117    1
(advertise)    43    2941.1    6    2
(relay)    36    22    2942.72    2    2896.29    125    1
(relay)    44    40    2961.12    2    2870.48    123    2
(advertise)    43    2965.12    22    2
(advertise)    43    2989.13    40    2
(relay)    44    27    3005.94    2    2808.24    120    1
(relay)    36    15    3010.74    2    2895.3    124    2
(advertise)    43    3011.34    27    2
(relay)    42    0    3013.76    2    2829.2    121    2
(relay)    44    20    3027.76    2    2769.21    119    3
(advertise)    43    3032.56    15    2
(advertise)    43    3053.77    0    2
(advertise)    43    3074.98    20    2
(relay)    44    10    3092.6    2    2750.21    119    1
(advertise)    43    3096.0    10    2
(relay)    44    48    3114.01    2    2955.29    121    1
(advertise)    43    3117.21    48    2
(relay)    36    12    3123.02    2    2809.23    117    1
(relay)    42    28    3126.62    3    3062.4    125    2
(advertise)    43    3140.22    12    2
(advertise)    43    3161.63    28    3
(relay)    44    41    3178.25    3    3025.37    122    1
(advertise)    43    3186.45    41    3
(relay)    36    35    3190.26    3    3161.45    126    1
(advertise)    43    3207.66    35    3
(relay)    36    3    3212.87    3    3089.6    120    1
(relay)    44    33    3221.47    3    3071.8    122    2
(advertise)    43    3229.67    3    3
(advertise)    43    3251.49    33    3
(relay)    36    7    3257.7    3    3153.43    122    1
(relay)    44    18    3266.1    3    3069.4    121    2
(advertise)    43    3273.9    7    3
(relay)    44    45    3288.51    3    3256.1    126    2
(relay)    36    36    3295.51    3    3294.93    127    3
(advertise)    43    3296.11    18    3
(relay)    36    16    3302.73    3    3177.46    123    3
(advertise)    43    3319.93    45    3
(advertise)    43    3341.34    36    3
(relay)    36    26    3346.75    3    3167.66    121    2
(advertise)    43    3363.15    16    3
(relay)    44    47    3377.56    3    3244.49    124    2
(generate)    43    3378.56    [24]    3
(advertise)    43    3386.58    26    3
(relay)    36    19    3391.19    3    3149.45    120    2
(advertise)    43    3408.79    47    3
(relay)    42    4    3410.2    3    3111.42    117    2
(relay)    44    44    3426.2    3    3425.22    127    3
(advertise)    43    3431.4    19    3
(advertise)    43    3454.42    4    3
(relay)    42    23    3456.43    3    3297.53    122    2
(relay)    44    31    3465.23    3    3315.55    124    3
(advertise)    43    3476.43    44    3
(relay)    42    42    3490.04    3    3489.42    127    3
(advertise)    43    3497.44    23    3
(relay)    44    30    3509.86    3    3394.0    125    3
(advertise)    43    3519.46    31    3
(relay)    36    2    3523.47    3    3164.42    121    3
(advertise)    43    3541.67    42    3
(relay)    44    38    3554.08    3    3440.43    125    3
(advertise)    43    3564.08    30    3
(advertise)    43    3585.49    2    3
(advertise)    43    3606.51    38    3
(relay)    44    39    3620.12    3    3373.59    124    1
(advertise)    43    3628.72    39    3
(relay)    36    9    3630.33    3    3337.56    122    1
(relay)    44    32    3640.93    3    3496.46    123    2
(advertise)    43    3650.53    9    3
(advertise)    43    3672.75    32    3
(relay)    36    21    3676.76    3    3535.47    124    1
(relay)    44    34    3684.56    3    3483.44    121    2
(advertise)    43    3695.16    21    3
(relay)    36    17    3698.77    3    3292.53    120    2
(advertise)    43    3716.37    34    3
(advertise)    43    3738.39    17    3
(relay)    44    25    3748.0    3    3533.48    122    1
(advertise)    43    3761.4    25    3
(relay)    36    11    3765.21    3    3568.51    120    1
(relay)    44    46    3769.01    3    3738.4    125    2
(advertise)    43    3784.01    11    3
(relay)    42    29    3794.82    3    3653.55    124    2
(advertise)    43    3806.02    46    3
(advertise)    43    3828.44    29    3
(relay)    44    37    3850.25    3    3843.66    126    1
(advertise)    43    3850.85    37    3
(relay)    44    8    3872.06    3    3614.49    119    1
(advertise)    43    3873.06    8    3
(relay)    44    5    3893.28    3    3645.35    118    1
(advertise)    43    3894.68    5    3
(relay)    44    13    3915.29    3    3594.51    116    1
(advertise)    43    3916.89    13    3
(relay)    36    14    3921.1    3    3725.0    123    1
(advertise)    43    3939.1    14    3
(relay)    44    6    3959.12    3    3665.51    117    1
(advertise)    43    3961.32    6    3
(relay)    36    1    3965.13    3    3680.55    122    1
(advertise)    43    3983.93    1    3
(relay)    44    40    4001.94    3    3870.68    123    1
(advertise)    43    4006.34    40    3
(relay)    36    22    4007.55    3    3896.49    125    1
(advertise)    43    4028.95    22    3
(relay)    44    27    4047.77    3    3808.44    120    1
(advertise)    43    4051.77    27    3
(relay)    36    10    4053.18    3    3750.41    121    1
(relay)    36    0    4073.38    3    3829.4    121    2
(advertise)    43    4073.78    10    3
(advertise)    43    4094.79    0    3
(relay)    36    28    4096.21    4    4062.59    125    1
(relay)    44    20    4113.61    3    3769.22    119    2
(advertise)    43    4117.61    28    4
(advertise)    43    4140.62    20    3
(relay)    36    15    4141.83    3    3895.49    122    1
(relay)    44    48    4159.63    3    3955.48    123    2
(advertise)    43    4162.03    15    3
(relay)    42    35    4172.05    4    4161.63    126    2
(relay)    44    12    4180.45    3    3809.42    117    3
(advertise)    43    4183.45    48    3
(advertise)    43    4204.86    35    4
(relay)    44    41    4225.07    4    4025.57    122    2
(advertise)    43    4226.87    12    3
(advertise)    43    4249.08    41    4
(relay)    44    33    4267.5    4    4071.98    122    1
(advertise)    43    4272.3    33    4
(relay)    44    45    4289.71    4    4256.11    126    1
(advertise)    43    4295.31    45    4
(relay)    42    16    4304.92    4    4177.66    121    1
(relay)    44    18    4311.12    4    4069.59    121    2
(advertise)    43    4316.32    16    4
(relay)    36    7    4318.34    4    4153.63    122    2
(advertise)    43    4337.34    18    4
(relay)    44    47    4355.35    4    4244.68    124    2
(advertise)    43    4360.35    7    4
(generate)    43    4378.76    [24]    4
(advertise)    43    4382.18    47    4
(relay)    36    3    4386.19    4    4089.81    120    1
(relay)    42    36    4394.39    4    4295.12    125    2
(relay)    44    26    4400.79    4    4167.86    121    3
(advertise)    43    4404.59    3    4
(relay)    44    19    4424.2    4    4149.65    120    3
(relay)    44    44    4426.4    4    4425.41    127    4
(advertise)    43    4427.0    36    4
(advertise)    43    4449.41    26    4
(relay)    36    23    4452.63    4    4297.54    124    3
(relay)    44    31    4466.23    4    4315.95    124    4
(advertise)    43    4472.83    19    4
(relay)    36    2    4475.04    4    4164.62    119    4
(relay)    42    42    4490.24    4    4489.61    127    5
(advertise)    43    4493.84    44    4
(relay)    44    30    4510.85    4    4394.2    125    5
(advertise)    43    4516.05    23    4
(advertise)    43    4538.07    31    4
(relay)    44    39    4555.48    4    4373.79    124    4
(advertise)    43    4560.08    2    4
(advertise)    43    4582.69    42    4
(relay)    44    38    4599.11    4    4440.61    125    3
(advertise)    43    4603.91    30    4
(relay)    36    4    4609.52    4    4111.62    117    3
(advertise)    43    4628.12    39    4
(advertise)    43    4650.73    38    4
(advertise)    43    4675.34    4    4
(relay)    42    17    4681.96    4    4292.72    120    1
(advertise)    43    4697.36    17    4
(relay)    44    9    4708.17    4    4337.75    122    1
(relay)    36    29    4717.97    4    4653.56    126    2
(advertise)    43    4719.77    9    4
(relay)    42    21    4725.98    4    4535.67    124    2
(relay)    44    32    4731.58    4    4496.65    123    3
(advertise)    43    4742.98    29    4
(relay)    44    34    4754.4    4    4483.64    121    3
(advertise)    43    4765.2    21    4
(advertise)    43    4786.61    32    4
(advertise)    43    4808.22    34    4
(relay)    44    46    4821.24    4    4738.6    125    1
(relay)    36    25    4827.24    4    4533.68    122    2
(advertise)    43    4829.44    46    4
(relay)    36    11    4850.25    4    4568.69    118    2
(advertise)    43    4852.25    25    4
(relay)    42    8    4855.06    4    4614.69    121    2
(advertise)    43    4874.06    11    4
(relay)    44    37    4889.67    4    4843.86    4    2
(advertise)    43    4895.07    8    4
(heartbeat)    24    1    4677.2    43    4912.09    127    0
(advertise)    43    4918.09    37    4
(relay)    44    13    4933.9    4    4594.69    118    2
(advertise)    43    4941.1    24    1
(relay)    42    14    4945.11    4    4725.18    123    2
(advertise)    43    4962.11    13    4
(advertise)    43    4984.33    14    4
(relay)    44    40    4999.54    4    4870.87    2    1
(relay)    36    22    5000.14    4    4896.5    2    2
(advertise)    43    5007.34    40    4
(relay)    44    5    5022.35    4    4645.52    118    2
(advertise)    43    5028.75    22    4
(advertise)    43    5050.17    5    4
(relay)    44    20    5059.58    4    4769.41    119    1
(advertise)    43    5072.98    20    4
(relay)    44    10    5080.99    4    4750.61    119    1
(advertise)    43    5094.99    10    4
(relay)    44    1    5103.2    4    4680.74    118    1
(advertise)    43    5117.0    1    4
(relay)    44    41    5126.82    5    5025.77    2    1
(relay)    36    28    5133.02    5    5063.39    4    2
(advertise)    43    5138.02    41    5
(relay)    44    6    5149.23    4    4665.71    117    2
(relay)    36    0    5155.63    4    4829.57    121    3
(advertise)    43    5160.03    28    5
(relay)    42    35    5167.44    5    5161.83    6    3
(advertise)    43    5181.64    6    4
(relay)    44    48    5192.66    4    4955.67    2    3
(advertise)    43    5203.06    0    4
(advertise)    43    5225.27    35    5
(advertise)    43    5247.28    48    4
(relay)    42    12    5256.3    4    4809.62    117    1
(relay)    44    45    5257.9    5    5256.3    4    2
(advertise)    43    5268.7    12    4
(advertise)    43    5289.71    45    5
(relay)    36    36    5295.92    5    5295.32    6    1
(relay)    44    47    5302.52    5    5244.88    4    2
(advertise)    43    5311.92    36    5
(relay)    36    7    5313.13    5    5153.83    2    2
(advertise)    43    5333.13    47    5
(advertise)    43    5356.15    7    5
(generate)    43    5378.96    [24]    5
(relay)    44    39    5401.77    5    5373.99    2    1
(advertise)    43    5401.97    39    5
(relay)    44    44    5425.59    5    5425.57    6    1
(advertise)    43    5425.79    44    5
(relay)    44    38    5461.2    5    5440.81    2    1
(advertise)    43    5461.4    38    5
(relay)    42    42    5490.81    5    5489.71    8    1
(advertise)    43    5491.01    42    5
(relay)    36    30    5524.23    5    5394.4    2    1
(advertise)    43    5524.43    30    5
(relay)    36    21    5549.24    5    5535.85    2    1
(advertise)    43    5550.24    21    5
(relay)    36    29    5655.05    5    5653.74    4    1
(advertise)    43    5655.25    29    5
(relay)    36    1    5718.06    5    5680.84    2    1
(advertise)    43    5718.26    1    5
(relay)    44    46    5740.28    5    5738.63    4    1
(advertise)    43    5740.48    46    5
(relay)    36    14    5765.09    5    5725.25    2    1
(advertise)    43    5765.89    14    5
(relay)    42    0    5839.3    5    5829.75    2    1
(advertise)    43    5839.5    0    5
(relay)    44    37    5845.92    5    5844.05    4    1
(advertise)    43    5860.72    37    5
(relay)    44    40    5882.53    5    5870.9    2    1
(advertise)    43    5884.73    40    5
(relay)    36    15    5897.14    5    5895.85    2    1
(advertise)    43    5906.94    15    5
(relay)    36    22    5921.36    5    5897.34    2    1
(advertise)    43    5927.96    22    5
(relay)    44    48    5961.57    5    5955.81    4    1
(advertise)    43    5961.77    48    5
(relay)    36    28    6065.38    6    6063.5    4    1
(advertise)    43    6065.58    28    6
(relay)    36    7    6156.59    6    6154.01    2    1
(advertise)    43    6156.79    7    6
(relay)    42    35    6162.41    6    6162.01    6    1
(advertise)    43    6178.81    35    6
(relay)    44    2    6227.62    6    6164.89    2    1
(advertise)    43    6227.82    2    6
(relay)    44    47    6248.43    6    6245.03    6    1
(advertise)    43    6249.03    47    6
(relay)    44    45    6271.05    6    6256.42    4    1
(advertise)    43    6271.85    45    6
(relay)    36    36    6296.06    6    6295.42    6    1
(advertise)    43    6296.26    36    6
(relay)    44    39    6376.67    6    6374.07    2    1
(advertise)    43    6376.87    39    6
(generate)    43    6379.09    [24]    6
(relay)    44    30    6421.9    6    6394.44    2    1
(advertise)    43    6422.1    30    6
(relay)    44    44    6425.71    6    6425.61    6    1
(advertise)    43    6444.11    44    6
(relay)    44    38    6469.52    6    6440.9    2    1
(advertise)    43    6469.92    38    6
(relay)    42    42    6490.94    6    6489.89    8    1
(advertise)    43    6491.94    42    6
(relay)    36    21    6536.95    6    6535.96    2    1
(advertise)    43    6537.15    21    6
(relay)    36    8    6616.56    6    6614.85    2    1
(advertise)    43    6616.76    8    6
(relay)    36    29    6655.18    6    6653.78    4    1
(advertise)    43    6655.38    29    6
(relay)    44    46    6740.59    6    6738.65    4    1
(advertise)    43    6740.79    46    6
(relay)    36    0    6839.4    6    6829.76    2    1
(advertise)    43    6839.6    0    6
(relay)    44    37    6845.82    6    6844.05    4    1
(advertise)    43    6861.62    37    6
(relay)    44    40    6875.03    6    6871.0    2    1
(advertise)    43    6884.03    40    6
(relay)    36    15    6908.44    6    6896.04    2    1
(advertise)    43    6908.84    15    6
(relay)    36    22    6929.65    6    6898.05    2    1
(advertise)    43    6930.85    22    6
(relay)    44    48    6960.67    6    6955.83    4    1
(advertise)    43    6960.87    48    6
(relay)    44    41    7031.88    7    7026.07    2    1
(advertise)    43    7032.08    41    7
(relay)    42    28    7064.29    7    7063.54    4    1
(advertise)    43    7064.49    28    7
(relay)    44    35    7175.91    7    7162.12    4    1
(advertise)    43    7176.11    35    7
(relay)    36    7    7184.32    7    7154.11    2    1
(advertise)    43    7198.72    7    7
(relay)    44    47    7247.13    7    7245.15    6    1
(advertise)    43    7247.33    47    7
(relay)    44    45    7269.55    7    7256.51    4    1
(advertise)    43    7269.95    45    7
(relay)    36    36    7296.56    7    7295.52    6    1
(advertise)    43    7296.76    36    7
(relay)    44    39    7376.97    7    7374.23    2    1
(advertise)    43    7377.17    39    7
(generate)    43    7379.18    [24]    7
(relay)    44    44    7425.8    7    7425.62    6    1
(advertise)    43    7426.0    44    7
(relay)    44    30    7439.41    7    7394.44    2    1
(advertise)    43    7448.21    30    7
(relay)    44    38    7471.42    7    7440.98    2    1
(advertise)    43    7471.82    38    7
(relay)    42    42    7491.04    7    7490.09    8    1
(advertise)    43    7494.64    42    7
(relay)    36    21    7537.65    7    7536.1    2    1
(advertise)    43    7537.85    21    7
(relay)    36    29    7655.66    7    7653.84    4    1
(advertise)    43    7655.86    29    7
(relay)    36    1    7720.08    7    7681.06    2    1
(advertise)    43    7720.28    1    7
(relay)    44    46    7740.89    7    7738.68    4    1
(advertise)    43    7742.29    46    7
(relay)    42    0    7843.3    7    7829.76    2    1
(advertise)    43    7843.5    0    7
(relay)    42    37    7865.71    7    7844.27    2    1
(advertise)    43    7865.91    37    7
(relay)    44    40    7887.93    7    7871.08    2    1
(advertise)    43    7888.53    40    7
(relay)    36    22    7912.74    7    7898.13    2    1
(advertise)    43    7913.14    22    7
(relay)    44    48    7959.35    7    7956.02    2    1
(advertise)    43    7959.55    48    7
(relay)    44    41    8032.77    8    8026.13    2    1
(advertise)    43    8032.97    41    8
(relay)    44    28    8064.58    8    8063.58    2    1
(advertise)    43    8064.78    28    8
(relay)    36    35    8177.59    8    8162.22    6    1
(advertise)    43    8177.79    35    8
(relay)    44    47    8246.21    8    8245.24    6    1
(advertise)    43    8246.41    47    8
(relay)    36    45    8270.22    8    8256.58    2    1
(advertise)    43    8270.42    45    8
(relay)    36    36    8296.63    8    8295.55    6    1
(advertise)    43    8297.03    36    8
(relay)    44    39    8378.24    8    8374.25    2    1
(advertise)    43    8378.44    39    8
(generate)    43    8379.66    [24]    8
(relay)    44    44    8425.67    8    8425.64    6    1
(advertise)    43    8425.87    44    8
(relay)    36    30    8448.28    8    8394.63    2    1
(advertise)    43    8449.08    30    8
(relay)    44    38    8473.1    8    8441.04    2    1
(advertise)    43    8473.7    38    8
(relay)    42    42    8491.31    8    8490.27    8    1
(advertise)    43    8496.31    42    8
(relay)    36    21    8538.12    8    8536.24    2    1
(advertise)    43    8538.32    21    8
(relay)    36    29    8655.74    8    8653.86    4    1
(advertise)    43    8655.94    29    8
(heartbeat)    24    2    8677.21    43    8697.55    5    5
(advertise)    43    8697.75    24    2
(relay)    36    1    8723.16    8    8681.14    2    1
(advertise)    43    8723.36    1    8
(relay)    44    46    8741.77    8    8738.73    4    1
(advertise)    43    8745.37    46    8
(relay)    36    14    8768.19    8    8725.43    2    1
(advertise)    43    8768.79    14    8
(relay)    42    37    8848.8    8    8844.31    2    1
(advertise)    43    8849.0    37    8
(relay)    36    0    8872.81    8    8829.78    2    1
(advertise)    43    8873.61    0    8
(relay)    44    48    8958.03    8    8956.02    4    1
(advertise)    43    8958.23    48    8
(relay)    44    28    9064.84    9    9063.63    2    1
(advertise)    43    9065.04    28    9
(relay)    36    7    9155.85    9    9154.34    2    1
(advertise)    43    9156.05    7    9
(relay)    42    35    9178.27    9    9162.33    6    1
(advertise)    43    9178.67    35    9
(relay)    44    47    9246.28    9    9245.36    4    1
(advertise)    43    9246.48    47    9
(relay)    44    45    9268.69    9    9256.67    4    1
(advertise)    43    9268.89    45    9
(relay)    36    36    9296.7    9    9295.6    6    1
(advertise)    43    9296.9    36    9
(relay)    44    39    9378.12    9    9374.28    2    1
(advertise)    43    9378.32    39    9
(generate)    43    9379.73    [24]    9
(relay)    44    44    9425.74    9    9425.64    6    1
(advertise)    43    9425.94    44    9
(relay)    36    30    9448.36    9    9394.79    2    1
(advertise)    43    9449.56    30    9
(relay)    44    38    9470.97    9    9441.1    2    1
(advertise)    43    9471.77    38    9
(relay)    42    42    9490.38    9    9490.29    8    1
(advertise)    43    9494.18    42    9
(relay)    42    21    9539.0    9    9536.34    2    1
(advertise)    43    9539.2    21    9
(relay)    36    29    9656.01    9    9653.91    4    1
(advertise)    43    9656.21    29    9
(relay)    44    46    9741.82    9    9738.91    4    1
(advertise)    43    9742.02    46    9
(relay)    42    14    9765.24    9    9725.45    2    1
(advertise)    43    9765.64    14    9
(relay)    36    0    9843.25    9    9829.79    2    1
(advertise)    43    9843.45    0    9
(relay)    44    37    9846.46    9    9844.34    4    1
(advertise)    43    9864.46    37    9
(relay)    44    40    9873.47    9    9871.25    2    1
(advertise)    43    9886.67    40    9
(relay)    36    15    9912.69    9    9896.23    2    1
(advertise)    43    9912.89    15    9
(relay)    36    22    9935.5    9    9898.31    2    1
(advertise)    43    9935.9    22    9
(relay)    44    48    9957.71    9    9956.19    4    1
(advertise)    43    9958.11    48    9
(relay)    44    41    10029.93    10    10026.29    2    1
(advertise)    43    10030.13    41    10
(relay)    36    28    10065.14    10    10063.65    4    1
(advertise)    43    10065.34    28    10
(relay)    36    7    10157.35    10    10154.44    2    1
(advertise)    43    10157.55    7    10
(relay)    36    35    10179.97    10    10162.4    6    1
(advertise)    43    10182.37    35    10
(relay)    44    47    10247.78    10    10245.43    4    1
(advertise)    43    10247.98    47    10
(relay)    44    45    10269.39    10    10256.73    4    1
(advertise)    43    10269.99    45    10
(relay)    36    36    10296.6    10    10295.66    6    1
(advertise)    43    10297.0    36    10
(relay)    44    39    10379.22    10    10374.33    2    1
(advertise)    43    10379.42    39    10
(generate)    43    10380.63    [24]    10
(relay)    44    44    10426.24    10    10425.65    6    1
(advertise)    43    10426.44    44    10
(relay)    36    30    10449.26    10    10394.96    2    1
(advertise)    43    10450.06    30    10
(relay)    44    38    10469.67    10    10441.17    2    1
(advertise)    43    10474.27    38    10
(relay)    42    42    10490.48    10    10490.47    8    1
(advertise)    43    10497.08    42    10
(relay)    42    21    10540.1    10    10536.45    2    1
(advertise)    43    10540.3    21    10
(relay)    36    8    10619.31    10    10615.19    2    1
(advertise)    43    10619.51    8    10
(relay)    36    29    10656.12    10    10653.95    4    1
(advertise)    43    10656.32    29    10
(relay)    42    1    10699.93    10    10681.33    2    1
(advertise)    43    10700.13    1    10
(relay)    42    14    10730.75    10    10725.5    2    1
(advertise)    43    10730.95    14    10
(relay)    44    46    10742.56    10    10739.11    4    1
(advertise)    43    10751.96    46    10
(relay)    36    0    10841.77    10    10829.81    2    1
(advertise)    43    10841.97    0    10
(relay)    44    37    10845.59    10    10844.34    4    1
(advertise)    43    10864.99    37    10
(relay)    44    40    10881.2    10    10871.32    2    1
(advertise)    43    10886.0    40    10
(relay)    36    15    10900.61    10    10896.41    2    1
(advertise)    43    10908.01    15    10
(relay)    44    48    10958.03    10    10956.39    4    1
(advertise)    43    10958.23    48    10
(relay)    44    41    11028.84    11    11026.37    2    1
(advertise)    43    11029.04    41    11
(relay)    42    28    11065.65    11    11063.67    4    1
(advertise)    43    11065.85    28    11
(relay)    42    7    11158.86    11    11154.54    2    1
(advertise)    43    11159.06    7    11
(relay)    42    35    11180.68    11    11162.46    6    1
(advertise)    43    11182.08    35    11
(relay)    44    2    11225.69    11    11165.2    2    1
(advertise)    43    11225.89    2    11
(relay)    44    47    11249.3    11    11245.53    4    1
(advertise)    43    11249.7    47    11
(relay)    44    45    11270.92    11    11256.8    4    1
(advertise)    43    11271.52    45    11
(relay)    36    36    11295.73    11    11295.68    6    1
(advertise)    43    11296.53    36    11
(generate)    43    11380.74    [24]    11
(relay)    36    30    11421.36    11    11395.1    2    1
(advertise)    43    11421.56    30    11
(relay)    44    44    11426.17    11    11425.67    6    1
(advertise)    43    11443.77    44    11
(relay)    44    38    11465.98    11    11441.24    2    1
(advertise)    43    11467.18    38    11
(relay)    42    42    11490.79    11    11490.67    8    1
(advertise)    43    11491.19    42    11
(relay)    36    21    11540.21    11    11536.56    2    1
(advertise)    43    11540.41    21    11
(relay)    36    8    11620.42    11    11615.3    2    1
(advertise)    43    11620.62    8    11
(relay)    36    29    11655.43    11    11654.13    4    1
(advertise)    43    11655.63    29    11
(relay)    44    1    11700.85    11    11681.45    2    1
(advertise)    43    11701.05    1    11
(relay)    42    14    11731.66    11    11725.56    2    1
(advertise)    43    11731.86    14    11
(relay)    44    46    11743.07    11    11739.11    2    1
(advertise)    43    11752.87    46    11
(relay)    36    0    11841.89    11    11829.84    2    1
(advertise)    43    11842.09    0    11
(relay)    44    37    11844.9    11    11844.53    4    1
(advertise)    43    11864.1    37    11
(relay)    36    40    11887.31    11    11871.36    2    1
(advertise)    43    11887.71    40    11
(relay)    36    15    11910.32    11    11896.59    2    1
(advertise)    43    11910.52    15    11
(relay)    36    22    11931.94    11    11898.91    2    1
(advertise)    43    11934.74    22    11
(relay)    44    48    11959.95    11    11956.57    4    1
(advertise)    43    11960.95    48    11
(relay)    36    41    12027.96    12    12026.41    2    1
(advertise)    43    12028.16    41    12
(relay)    42    28    12065.58    12    12063.7    4    1
(advertise)    43    12065.78    28    12
(relay)    36    7    12158.99    12    12154.68    2    1
(advertise)    43    12159.19    7    12
(relay)    42    35    12180.8    12    12162.59    6    1
(advertise)    43    12181.8    35    12
(relay)    36    2    12205.22    12    12165.39    2    1
(advertise)    43    12205.42    2    12
(relay)    44    47    12248.43    12    12245.62    4    1
(advertise)    43    12248.63    47    12
(relay)    44    45    12270.04    12    12256.89    4    1
(advertise)    43    12270.44    45    12
(relay)    36    36    12295.85    12    12295.82    6    1
(advertise)    43    12296.25    36    12
(relay)    44    39    12376.47    12    12374.54    2    1
(advertise)    43    12376.67    39    12
(generate)    43    12380.88    [24]    12
(relay)    44    44    12426.49    12    12425.86    6    1
(advertise)    43    12426.69    44    12
(relay)    44    30    12451.71    12    12395.28    2    1
(advertise)    43    12451.91    30    12
(relay)    44    38    12473.72    12    12441.3    2    1
(advertise)    43    12474.32    38    12
(relay)    42    42    12491.33    12    12490.82    8    1
(advertise)    43    12495.93    42    12
(relay)    42    21    12542.15    12    12536.68    2    1
(advertise)    43    12542.35    21    12
(relay)    36    8    12627.36    12    12615.36    2    1
(advertise)    43    12627.56    8    12
(heartbeat)    24    3    12677.23    43    12680.57    5    9
(advertise)    43    12680.77    24    3
(relay)    36    1    12719.98    12    12681.53    4    1
(advertise)    43    12720.18    1    12
(relay)    36    14    12743.2    12    12725.62    2    1
(advertise)    43    12743.4    14    12
(relay)    44    46    12747.21    12    12739.15    4    1
(advertise)    43    12766.21    46    12
(relay)    36    0    12833.22    12    12829.84    2    1
(advertise)    43    12833.42    0    12
(relay)    44    37    12845.04    12    12844.56    4    1
(advertise)    43    12855.64    37    12
(relay)    44    40    12875.25    12    12871.38    2    1
(advertise)    43    12878.45    40    12
(relay)    36    15    12900.46    12    12896.75    2    1
(advertise)    43    12900.86    15    12
(relay)    44    48    12960.08    12    12956.77    4    1
(advertise)    43    12960.28    48    12
(relay)    36    28    13066.29    13    13063.72    4    1
(advertise)    43    13066.49    28    13
(relay)    42    7    13160.7    13    13154.77    2    1
(advertise)    43    13160.9    7    13
(relay)    36    35    13164.51    13    13162.71    6    1
(advertise)    43    13182.31    35    13
(relay)    44    47    13249.73    13    13245.73    4    1
(advertise)    43    13249.93    47    13
(relay)    44    45    13271.34    13    13256.98    4    1
(advertise)    43    13272.94    45    13
(relay)    36    36    13295.95    13    13295.89    6    1
(advertise)    43    13296.15    36    13
(relay)    44    39    13375.77    13    13374.57    2    1
(advertise)    43    13375.97    39    13
(generate)    43    13380.98    [24]    13
(relay)    36    30    13420.59    13    13395.47    2    1
(advertise)    43    13420.79    30    13
(relay)    44    44    13426.81    13    13425.89    6    1
(advertise)    43    13443.01    44    13
(relay)    44    38    13452.02    13    13441.38    2    1
(advertise)    43    13466.42    38    13
(relay)    42    42    13491.43    13    13490.83    8    1
(advertise)    43    13492.43    42    13
(relay)    42    21    13540.44    13    13536.75    2    1
(advertise)    43    13540.64    21    13
(relay)    36    8    13627.66    13    13615.44    2    1
(advertise)    43    13627.86    8    13
(relay)    36    29    13654.67    13    13654.19    4    1
(advertise)    43    13654.87    29    13
(relay)    44    46    13739.88    13    13739.16    4    1
(advertise)    43    13740.08    46    13
(relay)    42    14    13768.1    13    13725.64    2    1
(advertise)    43    13768.3    14    13
(relay)    44    37    13845.71    13    13844.75    4    1
(advertise)    43    13845.91    37    13
(relay)    36    40    13887.12    13    13871.45    2    1
(advertise)    43    13887.32    40    13
(relay)    44    48    13961.14    13    13956.95    4    1
(advertise)    43    13961.34    48    13
(relay)    36    41    14029.35    14    14026.55    2    1
(advertise)    43    14029.55    41    14
(relay)    42    28    14067.16    14    14063.72    4    1
(advertise)    43    14067.36    28    14
(relay)    42    7    14161.37    14    14154.87    2    1
(advertise)    43    14161.57    7    14
(relay)    42    35    14181.39    14    14162.81    6    1
(advertise)    43    14182.99    35    14
(relay)    44    47    14250.4    14    14245.8    4    1
(advertise)    43    14250.6    47    14
(relay)    44    45    14271.01    14    14257.04    4    1
(advertise)    43    14272.21    45    14
(relay)    36    36    14296.43    14    14295.95    6    1
(advertise)    43    14296.83    36    14
(relay)    44    39    14375.64    14    14374.57    2    1
(advertise)    43    14375.84    39    14
(generate)    43    14381.05    [24]    14
(relay)    44    44    14427.07    14    14426.09    6    1
(advertise)    43    14427.27    44    14
(relay)    36    30    14450.68    14    14395.66    2    1
(advertise)    43    14451.28    30    14
(relay)    44    38    14470.49    14    14441.43    2    1
(advertise)    43    14472.69    38    14
(relay)    42    42    14491.3    14    14490.84    8    1
(advertise)    43    14494.5    42    14
(relay)    42    21    14538.72    14    14536.85    2    1
(advertise)    43    14538.92    21    14
(relay)    36    8    14619.73    14    14615.51    2    1
(advertise)    43    14619.93    8    14
(relay)    36    29    14654.94    14    14654.2    4    1
(advertise)    43    14655.14    29    14
(relay)    44    46    14739.76    14    14739.18    4    1
(advertise)    43    14739.96    46    14
(relay)    36    14    14762.17    14    14725.69    2    1
(advertise)    43    14762.97    14    14
(relay)    36    0    14832.18    14    14830.03    2    1
(advertise)    43    14832.38    0    14
(relay)    44    37    14845.8    14    14844.77    4    1
(advertise)    43    14854.4    37    14
(relay)    44    40    14878.41    14    14871.5    2    1
(advertise)    43    14878.81    40    14
(relay)    36    15    14899.02    14    14897.07    2    1
(advertise)    43    14900.22    15    14
(relay)    36    22    14921.23    14    14899.37    2    1
(advertise)    43    14922.43    22    14
(relay)    44    48    14962.65    14    14957.13    4    1
(advertise)    43    14962.85    48    14
(relay)    36    28    15066.46    15    15063.91    4    1
(advertise)    43    15066.66    28    15
(relay)    36    7    15160.27    15    15154.98    2    1
(advertise)    43    15160.47    7    15
(relay)    36    35    15180.49    15    15162.87    6    1
(advertise)    43    15181.69    35    15
(relay)    44    47    15250.5    15    15245.87    4    1
(advertise)    43    15250.7    47    15
(relay)    44    45    15271.71    15    15257.12    4    1
(advertise)    43    15272.31    45    15
(relay)    36    36    15296.53    15    15296.03    6    1
(advertise)    43    15296.73    36    15
(relay)    44    39    15376.34    15    15374.57    2    1
(advertise)    43    15376.54    39    15
(generate)    43    15381.15    [24]    15
(relay)    36    30    15409.76    15    15395.78    2    1
(advertise)    43    15409.96    30    15
(relay)    44    44    15427.38    15    15426.28    6    1
(advertise)    43    15432.98    44    15
(relay)    44    38    15450.79    15    15441.49    2    1
(advertise)    43    15454.79    38    15
(relay)    42    42    15491.6    15    15491.03    8    1
(advertise)    43    15491.8    42    15
(relay)    42    21    15538.02    15    15536.95    2    1
(advertise)    43    15538.22    21    15
(relay)    36    29    15655.23    15    15654.37    4    1
(advertise)    43    15655.43    29    15
(relay)    44    46    15740.84    15    15739.2    4    1
(advertise)    43    15741.04    46    15
(relay)    36    0    15837.26    15    15830.22    2    1
(advertise)    43    15837.46    0    15
(relay)    44    37    15846.27    15    15844.94    4    1
(advertise)    43    15858.87    37    15
(relay)    44    48    15962.88    15    15957.14    4    1
(advertise)    43    15963.08    48    15
(relay)    44    41    16030.89    16    16026.71    2    1
(advertise)    43    16031.09    41    16
(relay)    44    28    16067.31    16    16064.1    2    1
(advertise)    43    16067.51    28    16
(relay)    36    7    16158.72    16    16155.08    2    1
(advertise)    43    16158.92    7    16
(relay)    42    35    16163.33    16    16162.93    6    1
(advertise)    43    16181.13    35    16
(relay)    44    47    16247.95    16    16245.96    4    1
(advertise)    43    16248.15    47    16
(relay)    44    45    16269.96    16    16257.16    4    1
(advertise)    43    16271.36    45    16
(relay)    36    36    16296.57    16    16296.06    6    1
(advertise)    43    16296.77    36    16
(generate)    43    16381.19    [24]    16
(relay)    44    30    16420.4    16    16395.93    2    1
(advertise)    43    16420.6    30    16
(relay)    44    44    16426.41    16    16426.3    6    1
(advertise)    43    16442.41    44    16
(relay)    44    38    16464.62    16    16441.55    2    1
(advertise)    43    16464.82    38    16
(relay)    42    42    16492.24    16    16491.2    8    1
(advertise)    43    16492.44    42    16
(relay)    36    21    16538.05    16    16537.05    2    1
(advertise)    43    16538.25    21    16
(relay)    36    8    16618.06    16    16615.8    2    1
(advertise)    43    16618.26    8    16
(relay)    36    29    16655.88    16    16654.53    4    1
(advertise)    43    16656.08    29    16
(heartbeat)    24    4    16677.24    43    16701.29    5    9
(advertise)    43    16701.49    24    4
(relay)    44    46    16741.3    16    16739.22    4    1
(advertise)    43    16741.5    46    16
(relay)    36    14    16764.52    16    16725.76    2    1
(advertise)    43    16764.72    14    16
(relay)    44    37    16846.93    16    16845.13    4    1
(advertise)    43    16847.13    37    16
(relay)    44    40    16882.34    16    16871.62    2    1
(advertise)    43    16882.54    40    16
(relay)    44    48    16962.35    16    16957.32    4    1
(advertise)    43    16962.55    48    16
(relay)    44    41    17032.57    17    17026.79    2    1
(advertise)    43    17032.77    41    17
(relay)    42    28    17064.78    17    17064.12    4    1
(advertise)    43    17064.98    28    17
(relay)    44    35    17164.19    17    17163.06    4    1
(advertise)    43    17164.39    35    17
(relay)    44    45    17257.61    17    17257.24    4    1
(advertise)    43    17257.81    45    17
(relay)    36    36    17297.22    17    17296.12    6    1
(advertise)    43    17297.42    36    17
(generate)    43    17381.23    [24]    17
(relay)    36    30    17422.25    17    17396.1    2    1
(advertise)    43    17422.45    30    17
(relay)    44    44    17426.46    17    17426.31    6    1
(advertise)    43    17444.26    44    17
(relay)    44    38    17450.47    17    17441.64    2    1
(advertise)    43    17465.27    38    17
(relay)    42    42    17492.48    17    17491.38    8    1
(advertise)    43    17492.68    42    17
(relay)    36    21    17538.5    17    17537.14    2    1
(advertise)    43    17538.7    21    17
(relay)    36    29    17656.31    17    17654.54    4    1
(advertise)    43    17656.51    29    17
(relay)    36    1    17698.92    17    17681.9    2    1
(advertise)    43    17699.12    1    17
(relay)    36    14    17728.34    17    17725.78    2    1
(advertise)    43    17728.54    14    17
(relay)    44    46    17741.35    17    17739.24    4    1
(advertise)    43    17750.35    46    17
(relay)    36    0    17840.16    17    17830.59    2    1
(advertise)    43    17840.36    0    17
(relay)    44    37    17846.98    17    17845.15    4    1
(advertise)    43    17862.38    37    17
(relay)    44    40    17884.79    17    17871.68    2    1
(advertise)    43    17885.99    40    17
(relay)    44    48    17959.4    17    17957.33    4    1
(advertise)    43    17959.6    48    17
(relay)    44    28    18065.61    18    18064.14    2    1
(advertise)    43    18065.81    28    18
(relay)    42    35    18180.03    18    18163.14    6    1
(advertise)    43    18180.23    35    18
(relay)    44    47    18247.24    18    18246.12    4    1
(advertise)    43    18247.44    47    18
(relay)    44    45    18269.85    18    18257.3    4    1
(advertise)    43    18270.45    45    18
(relay)    36    36    18297.27    18    18296.17    6    1
(advertise)    43    18297.47    36    18
(relay)    44    39    18377.88    18    18374.74    2    1
(advertise)    43    18378.08    39    18
(generate)    43    18381.29    [24]    18
(relay)    44    30    18420.71    18    18396.24    2    1
(advertise)    43    18420.91    30    18
(relay)    44    44    18426.52    18    18426.33    6    1
(advertise)    43    18443.72    44    18
(relay)    44    38    18468.13    18    18441.68    2    1
(advertise)    43    18468.33    38    18
(relay)    42    42    18492.34    18    18491.39    8    1
(advertise)    43    18492.54    42    18
(relay)    36    21    18539.16    18    18537.2    2    1
(advertise)    43    18539.36    21    18
(relay)    36    29    18656.57    18    18654.71    4    1
(advertise)    43    18656.77    29    18
(relay)    44    46    18742.38    18    18739.43    4    1
(advertise)    43    18742.58    46    18
(relay)    42    0    18837.6    18    18830.77    2    1
(advertise)    43    18837.8    0    18
(relay)    42    37    18858.01    18    18845.31    2    1
(advertise)    43    18858.81    37    18
(relay)    36    40    18888.02    18    18871.74    2    1
(advertise)    43    18888.22    40    18
(relay)    36    22    18934.44    18    18899.62    2    1
(advertise)    43    18934.64    22    18
(relay)    44    41    19032.05    19    19026.96    2    1
(advertise)    43    19032.25    41    19
(relay)    36    28    19065.06    19    19064.34    4    1
(advertise)    43    19065.26    28    19
(relay)    36    7    19157.27    19    19155.35    2    1
(advertise)    43    19157.47    7    19
(relay)    36    35    19180.89    19    19163.22    6    1
(advertise)    43    19181.49    35    19
(relay)    36    47    19248.3    19    19246.17    2    1
(advertise)    43    19248.5    47    19
(relay)    44    45    19271.71    19    19257.33    4    1
(advertise)    43    19272.71    45    19
(relay)    36    36    19297.13    19    19296.21    6    1
(advertise)    43    19297.53    36    19
(relay)    44    39    19378.54    19    19374.76    2    1
(advertise)    43    19378.74    39    19
(generate)    43    19381.35    [24]    19
(relay)    36    30    19412.57    19    19396.39    2    1
(advertise)    43    19412.77    30    19
(relay)    44    44    19427.18    19    19426.53    6    1
(advertise)    43    19435.18    44    19
(relay)    44    38    19469.39    19    19441.73    2    1
(advertise)    43    19469.59    38    19
(relay)    42    42    19491.6    19    19491.57    8    1
(advertise)    43    19492.0    42    19
(relay)    36    21    19540.22    19    19537.26    2    1
(advertise)    43    19540.42    21    19
(relay)    36    8    19619.23    19    19616.0    2    1
(advertise)    43    19619.43    8    19
(relay)    36    29    19657.04    19    19654.84    4    1
(advertise)    43    19657.24    29    19
(relay)    36    1    19724.86    19    19682.04    2    1
(advertise)    43    19725.06    1    19
(relay)    44    46    19743.27    19    19739.63    4    1
(relay)    36    14    19748.87    19    19725.99    2    2
(advertise)    43    19749.67    46    19
(advertise)    43    19770.68    14    19
(relay)    36    0    19838.1    19    19830.96    2    1
(advertise)    43    19838.3    0    19
(relay)    44    37    19846.91    19    19845.48    4    1
(advertise)    43    19860.51    37    19
(relay)    36    40    19881.72    19    19871.8    2    1
(advertise)    43    19882.32    40    19
(relay)    36    15    19905.53    19    19897.75    2    1
(advertise)    43    19905.93    15    19
(relay)    36    22    19929.75    19    19899.67    2    1
(advertise)    43    19929.95    22    19
(relay)    44    48    19959.36    19    19957.65    4    1
(advertise)    43    19959.56    48    19
(relay)    44    41    20030.37    20    20027.06    2    1
(advertise)    43    20030.57    41    20
(relay)    36    28    20066.19    20    20064.36    4    1
(advertise)    43    20066.39    28    20
(relay)    36    7    20158.6    20    20155.45    2    1
(advertise)    43    20158.8    7    20
(relay)    36    35    20180.01    20    20163.3    6    1
(advertise)    43    20180.41    35    20
(relay)    44    47    20248.63    20    20246.24    4    1
(advertise)    43    20248.83    47    20
(relay)    42    36    20298.44    20    20296.3    4    1
(advertise)    43    20298.64    36    20
(generate)    43    20381.45    [24]    20
(relay)    44    39    20404.46    20    20374.91    2    1
(advertise)    43    20404.66    39    20
(relay)    44    30    20427.28    20    20396.54    2    1
(advertise)    43    20428.28    30    20
(relay)    44    38    20450.29    20    20441.78    2    1
(advertise)    43    20451.49    38    20
(relay)    36    44    20457.7    20    20427.92    4    1
(advertise)    43    20474.1    44    20
(relay)    42    42    20491.92    20    20491.76    8    1
(advertise)    43    20495.92    42    20
(relay)    36    21    20540.53    20    20537.35    2    1
(advertise)    43    20540.73    21    20
(relay)    36    29    20656.94    20    20654.85    4    1
(advertise)    43    20657.14    29    20
(heartbeat)    24    5    20677.25    43    20702.36    5    9
(advertise)    43    20702.56    24    5
(relay)    44    46    20743.17    20    20739.65    4    1
(advertise)    43    20743.37    46    20
(relay)    36    14    20766.58    20    20726.04    2    1
(advertise)    43    20767.78    14    20
(relay)    36    0    20836.19    20    20830.98    2    1
(advertise)    43    20836.39    0    20
(relay)    44    37    20846.81    20    20845.67    4    1
(advertise)    43    20857.81    37    20
(relay)    36    40    20885.62    20    20871.91    2    1
(advertise)    43    20885.82    40    20
(relay)    36    15    20907.43    20    20897.94    2    1
(advertise)    43    20908.83    15    20
(relay)    36    22    20928.65    20    20900.36    2    1
(advertise)    43    20930.85    22    20
(relay)    44    48    20960.46    20    20957.85    4    1
(advertise)    43    20960.66    48    20
(relay)    44    41    21029.47    21    21027.16    2    1
(advertise)    43    21029.67    41    21
(relay)    44    28    21068.09    21    21064.37    2    1
(advertise)    43    21068.29    28    21
(relay)    44    35    21185.5    21    21163.42    4    1
(advertise)    43    21185.7    35    21
(relay)    44    47    21249.31    21    21246.34    4    1
(advertise)    43    21249.51    47    21
(relay)    44    45    21272.52    21    21257.46    4    1
(advertise)    43    21273.12    45    21
(relay)    36    36    21296.54    21    21296.39    6    1
(advertise)    43    21296.74    36    21
(relay)    36    39    21378.75    21    21374.93    2    1
(advertise)    43    21378.95    39    21
(generate)    43    21381.56    [24]    21
(relay)    44    30    21422.58    21    21396.7    2    1
(advertise)    43    21422.78    30    21
(relay)    44    44    21428.59    21    21427.95    6    1
(advertise)    43    21444.39    44    21
(relay)    44    38    21467.0    21    21441.85    2    1
(advertise)    43    21467.6    38    21
(relay)    42    42    21491.82    21    21491.76    8    1
(advertise)    43    21492.02    42    21
(relay)    36    21    21541.23    21    21537.44    2    1
(advertise)    43    21541.43    21    21
(relay)    36    8    21626.24    21    21616.13    2    1
(advertise)    43    21626.44    8    21
(relay)    36    29    21656.25    21    21654.87    4    1
(advertise)    43    21656.45    29    21
(relay)    36    14    21731.27    21    21726.06    2    1
(advertise)    43    21731.47    14    21
(relay)    44    46    21741.28    21    21739.66    4    1
(advertise)    43    21753.48    46    21
(relay)    36    0    21841.49    21    21831.17    2    1
(advertise)    43    21841.69    0    21
(relay)    44    37    21846.31    21    21845.86    4    1
(advertise)    43    21862.91    37    21
(relay)    44    40    21883.92    21    21871.98    2    1
(advertise)    43    21885.12    40    21
(relay)    36    15    21902.33    21    21898.12    2    1
(advertise)    43    21907.53    15    21
(relay)    36    22    21924.95    21    21900.6    2    1
(advertise)    43    21928.55    22    21
(relay)    44    48    21961.16    21    21958.03    4    1
(advertise)    43    21961.36    48    21
(relay)    36    41    22029.17    22    22027.25    2    1
(advertise)    43    22029.37    41    22
(relay)    36    28    22066.38    22    22064.38    4    1
(advertise)    43    22066.58    28    22
(relay)    36    7    22160.4    22    22155.63    2    1
(advertise)    43    22160.6    7    22
(relay)    42    35    22181.81    22    22163.5    6    1
(advertise)    43    22182.21    35    22
(relay)    44    47    22250.02    22    22246.4    4    1
(advertise)    43    22250.22    47    22
(relay)    44    45    22271.84    22    22257.52    4    1
(advertise)    43    22272.64    45    22
(relay)    36    36    22296.65    22    22296.49    6    1
(advertise)    43    22297.45    36    22
(relay)    44    39    22376.86    22    22374.93    2    1
(advertise)    43    22377.06    39    22
(generate)    43    22381.68    [24]    22
(relay)    44    44    22428.69    22    22428.14    6    1
(advertise)    43    22428.89    44    22
(relay)    36    30    22452.7    22    22396.87    2    1
(advertise)    43    22452.9    30    22
(relay)    44    38    22468.91    22    22442.11    2    1
(advertise)    43    22475.31    38    22
(relay)    42    42    22492.53    22    22491.95    8    1
(advertise)    43    22496.93    42    22
(relay)    36    29    22655.74    22    22654.87    4    1
(advertise)    43    22655.94    29    22
(relay)    36    1    22699.35    22    22682.33    2    1
(advertise)    43    22699.55    1    22
(relay)    36    14    22730.17    22    22726.08    2    1
(advertise)    43    22730.37    14    22
(relay)    44    46    22741.18    22    22739.68    4    1
(advertise)    43    22753.18    46    22
(relay)    44    37    22846.39    22    22845.87    4    1
(advertise)    43    22846.59    37    22
(relay)    36    40    22886.81    22    22872.03    2    1
(advertise)    43    22887.01    40    22
(relay)    44    48    22961.82    22    22958.21    4    1
(advertise)    43    22962.02    48    22
(relay)    44    41    23028.83    23    23027.33    2    1
(advertise)    43    23029.03    41    23
(relay)    42    28    23067.84    23    23064.4    4    1
(advertise)    43    23068.04    28    23
(relay)    36    7    23160.86    23    23155.73    2    1
(advertise)    43    23161.06    7    23
(relay)    36    35    23182.07    23    23163.6    6    1
(advertise)    43    23183.07    35    23
(relay)    44    47    23250.68    23    23246.5    4    1
(advertise)    43    23250.88    47    23
(relay)    44    45    23271.9    23    23257.58    4    1
(advertise)    43    23274.5    45    23
(relay)    36    36    23296.71    23    23296.55    6    1
(advertise)    43    23298.11    36    23
(relay)    44    39    23376.72    23    23375.09    2    1
(advertise)    43    23376.92    39    23
(generate)    43    23381.74    [24]    23
(relay)    36    30    23424.55    23    23397.02    2    1
(advertise)    43    23424.75    30    23
(relay)    44    44    23429.16    23    23428.14    6    1
(advertise)    43    23447.96    44    23
(relay)    44    38    23467.57    23    23442.16    2    1
(advertise)    43    23472.97    38    23
(relay)    42    42    23492.59    23    23491.95    8    1
(advertise)    43    23494.79    42    23
(relay)    42    21    23541.4    23    23537.6    2    1
(advertise)    43    23541.6    21    23
(relay)    36    8    23627.21    23    23616.3    2    1
(advertise)    43    23627.41    8    23
(relay)    36    29    23655.43    23    23654.89    4    1
(advertise)    43    23655.83    29    23
(relay)    42    14    23729.84    23    23726.1    2    1
(advertise)    43    23730.04    14    23
(relay)    44    46    23740.45    23    23739.86    4    1
(advertise)    43    23752.45    46    23
(relay)    42    0    23833.47    23    23831.55    2    1
(advertise)    43    23833.67    0    23
(relay)    44    37    23846.88    23    23846.04    4    1
(advertise)    43    23856.88    37    23
(relay)    36    40    23881.29    23    23872.11    2    1
(advertise)    43    23882.09    40    23
(relay)    44    48    23962.7    23    23958.38    4    1
(advertise)    43    23962.9    48    23
(relay)    44    41    24029.92    24    24027.41    2    1
(advertise)    43    24030.12    41    24
(relay)    42    28    24067.93    24    24064.4    4    1
(advertise)    43    24068.13    28    24
(relay)    36    7    24163.14    24    24155.82    2    1
(advertise)    43    24163.34    7    24
(relay)    36    35    24183.76    24    24163.69    6    1
(advertise)    43    24186.36    35    24
(relay)    44    47    24251.37    24    24246.58    4    1
(advertise)    43    24251.57    47    24
(relay)    44    45    24271.98    24    24257.84    4    1
(advertise)    43    24274.98    45    24
(relay)    36    36    24297.2    24    24296.61    6    1
(advertise)    43    24298.4    36    24
(relay)    44    39    24376.21    24    24375.28    2    1
(advertise)    43    24376.41    39    24
(generate)    43    24381.82    [24]    24
(relay)    36    30    24420.83    24    24397.19    2    1
(advertise)    43    24421.03    30    24
(relay)    44    44    24429.25    24    24428.15    6    1
(advertise)    43    24442.25    44    24
(relay)    44    38    24463.86    24    24442.21    2    1
(advertise)    43    24464.66    38    24
(relay)    42    42    24492.47    24    24491.96    8    1
(advertise)    43    24493.07    42    24
(relay)    36    29    24655.69    24    24654.89    4    1
(advertise)    43    24655.89    29    24
(relay)    36    1    24702.5    24    24682.49    2    1
(advertise)    43    24702.7    1    24
(heartbeat)    24    6    24677.27    43    24708.51    5    9
(advertise)    43    24727.11    24    6
(relay)    44    46    24740.93    24    24739.88    4    1
(relay)    42    14    24748.13    24    24726.14    2    2
(advertise)    43    24749.33    46    24
(advertise)    43    24771.54    14    24
(relay)    36    0    24834.15    24    24831.73    2    1
(advertise)    43    24834.35    0    24
(relay)    44    37    24847.36    24    24846.04    4    1
(advertise)    43    24856.96    37    24
(relay)    44    40    24877.18    24    24872.21    2    1
(advertise)    43    24878.18    40    24
(relay)    36    22    24925.99    24    24900.77    2    1
(advertise)    43    24926.19    22    24
(relay)    44    48    24963.6    24    24958.4    4    1
(advertise)    43    24963.8    48    24
(relay)    44    41    25032.02    25    25027.51    2    1
(advertise)    43    25032.22    41    25
(relay)    36    7    25161.43    25    25155.94    2    1
(advertise)    43    25161.63    7    25
(relay)    42    35    25182.84    25    25163.81    6    1
(advertise)    43    25183.64    35    25
(relay)    44    47    25250.26    25    25246.66    4    1
(advertise)    43    25250.46    47    25
(relay)    44    45    25272.47    25    25257.92    8    1
(advertise)    43    25272.67    45    25
(relay)    36    36    25297.28    25    25296.72    6    1
(advertise)    43    25297.88    36    25
(generate)    43    25381.89    [24]    25
(relay)    36    30    25421.71    25    25397.2    2    1
(advertise)    43    25421.91    30    25
(relay)    44    44    25429.12    25    25428.17    6    1
(advertise)    43    25443.12    44    25
(relay)    44    38    25463.13    25    25442.28    4    1
(advertise)    43    25466.13    38    25
(relay)    42    42    25492.55    25    25492.0    8    1
(advertise)    43    25492.95    42    25
(relay)    36    29    25655.76    25    25654.93    4    1
(advertise)    43    25655.96    29    25
(relay)    36    46    25741.57    25    25739.9    2    1
(advertise)    43    25741.77    46    25
(relay)    36    0    25840.39    25    25831.9    2    1
(advertise)    43    25840.59    0    25
(relay)    44    37    25847.6    25    25846.22    4    1
(advertise)    43    25862.6    37    25
(relay)    36    40    25884.81    25    25872.3    2    1
(advertise)    43    25885.61    40    25
(relay)    36    15    25907.22    25    25898.5    2    1
(advertise)    43    25907.82    15    25
(relay)    44    48    25964.44    25    25958.6    4    1
(advertise)    43    25964.64    48    25
(relay)    36    41    26032.05    26    26027.62    2    1
(advertise)    43    26032.25    41    26
(relay)    44    28    26067.66    26    26064.47    2    1
(advertise)    43    26067.86    28    26
(relay)    42    7    26160.28    26    26156.05    2    1
(advertise)    43    26160.48    7    26
(relay)    36    35    26181.69    26    26163.91    6    1
(advertise)    43    26182.49    35    26
(relay)    44    47    26248.5    26    26246.73    4    1
(advertise)    43    26248.7    47    26
(relay)    44    45    26270.72    26    26257.99    8    1
(advertise)    43    26270.92    45    26
(relay)    36    36    26297.33    26    26296.78    6    1
(advertise)    43    26297.53    36    26
(relay)    36    39    26377.14    26    26375.48    2    1
(advertise)    43    26377.34    39    26
(generate)    43    26381.95    [24]    26
(relay)    36    30    26419.97    26    26397.34    2    1
(advertise)    43    26420.17    30    26
(relay)    44    44    26428.38    26    26428.37    6    1
(advertise)    43    26441.58    44    26
(relay)    44    38    26467.59    26    26442.31    4    1
(advertise)    43    26467.99    38    26
(relay)    42    42    26493.21    26    26492.18    8    1
(advertise)    43    26493.41    42    26
(relay)    36    21    26538.82    26    26537.87    2    1
(advertise)    43    26539.02    21    26
(relay)    36    8    26618.63    26    26616.48    2    1
(advertise)    43    26618.83    8    26
(relay)    36    29    26656.25    26    26654.94    4    1
(advertise)    43    26656.45    29    26
(relay)    44    46    26742.06    26    26739.91    4    1
(advertise)    43    26742.26    46    26
(relay)    42    14    26769.87    26    26726.21    2    1
(advertise)    43    26770.07    14    26
(relay)    36    0    26837.28    26    26832.07    2    1
(advertise)    43    26837.48    0    26
(relay)    44    37    26848.3    26    26846.38    4    1
(advertise)    43    26858.5    37    26
(relay)    44    40    26876.71    26    26872.37    2    1
(advertise)    43    26880.71    40    26
(relay)    36    15    26903.12    26    26898.68    2    1
(advertise)    43    26903.72    15    26
(relay)    36    22    26925.14    26    26900.89    2    1
(advertise)    43    26926.14    22    26
(relay)    44    48    26962.75    26    26958.62    4    1
(advertise)    43    26962.95    48    26
(relay)    36    41    27032.96    27    27027.74    2    1
(advertise)    43    27033.16    41    27
(relay)    42    28    27065.18    27    27064.51    4    1
(advertise)    43    27065.38    28    27
(relay)    42    7    27157.79    27    27156.15    2    1
(advertise)    43    27157.99    7    27
(relay)    42    35    27180.2    27    27164.04    6    1
(advertise)    43    27181.2    35    27
(relay)    44    47    27247.81    27    27246.81    4    1
(advertise)    43    27248.01    47    27
(relay)    44    45    27270.63    27    27258.06    8    1
(advertise)    43    27271.43    45    27
(relay)    36    36    27297.84    27    27296.88    6    1
(advertise)    43    27298.24    36    27
(relay)    44    39    27378.65    27    27375.65    2    1
(advertise)    43    27378.85    39    27
(generate)    43    27382.07    [24]    27
(relay)    44    44    27428.48    27    27428.38    6    1
(advertise)    43    27428.68    44    27
(relay)    44    30    27430.29    27    27397.51    2    1
(advertise)    43    27449.69    30    27
(relay)    44    38    27475.31    27    27442.36    4    1
(advertise)    43    27475.71    38    27
(relay)    42    42    27493.12    27    27492.2    8    1
(advertise)    43    27497.72    42    27
(relay)    36    21    27539.33    27    27537.95    2    1
(advertise)    43    27539.53    21    27
(relay)    36    29    27656.34    27    27654.94    4    1
(advertise)    43    27656.54    29    27
(relay)    36    1    27696.96    27    27682.68    2    1
(advertise)    43    27697.16    1    27
(relay)    36    14    27729.37    27    27726.23    2    1
(advertise)    43    27729.57    14    27
(relay)    44    46    27742.58    27    27740.11    4    1
(advertise)    43    27753.38    46    27
(relay)    36    0    27842.4    27    27832.26    2    1
(advertise)    43    27842.6    0    27
(relay)    44    37    27848.61    27    27846.4    4    1
(advertise)    43    27864.41    37    27
(relay)    44    40    27876.42    27    27872.45    2    1
(advertise)    43    27885.42    40    27
(relay)    36    15    27907.64    27    27898.86    2    1
(advertise)    43    27908.64    15    27
(relay)    36    22    27930.45    27    27900.95    2    1
(advertise)    43    27930.65    22    27
(relay)    44    48    27961.06    27    27958.81    4    1
(advertise)    43    27961.26    48    27
(relay)    36    28    28065.27    28    28064.54    4    1
(advertise)    43    28065.47    28    28
(relay)    36    7    28157.89    28    28156.28    2    1
(advertise)    43    28158.09    7    28
(relay)    36    35    28180.9    28    28164.13    6    1
(advertise)    43    28181.7    35    28
(relay)    44    47    28247.91    28    28246.89    4    1
(advertise)    43    28248.11    47    28
(relay)    44    45    28270.53    28    28258.12    8    1
(advertise)    43    28270.73    45    28
(relay)    36    36    28297.94    28    28296.96    6    1
(advertise)    43    28298.14    36    28
(generate)    43    28382.15    [24]    28
(relay)    44    30    28421.57    28    28397.66    2    1
(advertise)    43    28421.77    30    28
(relay)    44    44    28428.58    28    28428.4    6    1
(advertise)    43    28443.18    44    28
(relay)    42    38    28472.19    28    28442.42    2    1
(advertise)    43    28472.39    38    28
(relay)    42    42    28493.2    28    28492.22    8    1
(advertise)    43    28493.6    42    28
(relay)    36    21    28540.42    28    28538.04    2    1
(advertise)    43    28540.62    21    28
(relay)    36    29    28656.83    28    28655.13    4    1
(advertise)    43    28657.03    29    28
(heartbeat)    24    7    28677.28    43    28682.24    5    9
(advertise)    43    28682.44    24    7
(relay)    36    14    28730.26    28    28726.25    2    1
(advertise)    43    28730.46    14    28
(relay)    44    46    28743.27    28    28740.3    6    1
(advertise)    43    28751.67    46    28
(relay)    36    0    28839.48    28    28832.27    2    1
(advertise)    43    28839.68    0    28
(relay)    44    37    28848.9    28    28846.56    4    1
(advertise)    43    28860.7    37    28
(relay)    44    40    28881.51    28    28872.54    2    1
(advertise)    43    28881.91    40    28
(relay)    36    15    28906.92    28    28898.89    2    1
(advertise)    43    28907.12    15    28
(relay)    44    48    28960.33    28    28958.99    4    1
(advertise)    43    28960.53    48    28
(relay)    44    41    29033.15    29    29027.93    2    1
(advertise)    43    29033.35    41    29
(relay)    36    28    29065.36    29    29064.6    4    1
(advertise)    43    29065.56    28    29
(relay)    36    7    29157.97    29    29156.39    2    1
(advertise)    43    29158.17    7    29
(relay)    42    35    29180.59    29    29164.25    6    1
(advertise)    43    29181.59    35    29
(relay)    44    47    29249.0    29    29247.01    4    1
(advertise)    43    29249.2    47    29
(relay)    44    45    29272.41    29    29258.18    6    1
(advertise)    43    29272.81    45    29
(relay)    36    36    29298.03    29    29297.04    6    1
(advertise)    43    29298.63    36    29
(relay)    36    39    29379.24    29    29376.01    2    1
(advertise)    43    29379.44    39    29
(generate)    43    29382.25    [24]    29
(relay)    44    30    29421.66    29    29397.83    2    1
(advertise)    43    29421.86    30    29
(relay)    44    44    29428.48    29    29428.42    6    1
(advertise)    43    29442.88    44    29
(relay)    44    38    29469.49    29    29442.48    4    1
(advertise)    43    29469.69    38    29
(relay)    42    42    29492.3    29    29492.24    8    1
(advertise)    43    29493.5    42    29
(relay)    36    8    29624.52    29    29616.75    2    1
(advertise)    43    29624.72    8    29
(relay)    36    29    29657.33    29    29655.17    4    1
(advertise)    43    29657.53    29    29
(relay)    36    14    29729.94    29    29726.28    2    1
(advertise)    43    29730.14    14    29
(relay)    44    46    29743.76    29    29740.31    6    1
(advertise)    43    29751.56    46    29
(relay)    36    0    29839.57    29    29832.43    2    1
(advertise)    43    29839.77    0    29
(relay)    44    37    29848.98    29    29846.7    4    1
(advertise)    43    29860.78    37    29
(relay)    44    40    29883.39    29    29872.63    2    1
(advertise)    43    29883.59    40    29
(relay)    36    15    29908.81    29    29899.06    2    1
(advertise)    43    29909.41    15    29
(relay)    36    22    29931.22    29    29901.53    2    1
(advertise)    43    29932.42    22    29
(relay)    44    48    29960.43    29    29959.18    4    1
(advertise)    43    29960.63    48    29
