(relay)    39    41    1025.8    1    1025.0    125    1
(advertise)    46    1026.0    41    1
(relay)    47    28    1069.01    1    1062.01    120    1
(advertise)    46    1069.21    28    1
(relay)    47    33    1091.23    1    1071.01    125    1
(advertise)    46    1091.83    33    1
(relay)    39    18    1112.84    1    1069.03    122    1
(advertise)    46    1116.04    18    1
(relay)    39    3    1136.45    1    1089.21    119    1
(advertise)    46    1137.65    3    1
(relay)    39    4    1159.27    1    1111.04    122    1
(advertise)    46    1159.87    4    1
(relay)    39    19    1180.68    1    1149.07    123    1
(advertise)    46    1182.28    19    1
(relay)    39    26    1200.89    1    1166.08    124    1
(advertise)    46    1205.49    26    1
(relay)    39    16    1225.1    1    1177.08    122    1
(advertise)    46    1226.7    16    1
(relay)    47    47    1244.72    1    1244.12    127    1
(relay)    39    7    1247.12    1    1153.07    119    2
(advertise)    46    1247.72    47    1
(relay)    45    45    1256.13    1    1255.13    127    2
(advertise)    46    1269.13    7    1
(advertise)    46    1291.54    45    1
(relay)    39    35    1315.16    1    1161.07    121    1
(advertise)    46    1315.96    35    1
(relay)    47    2    1320.77    1    1164.05    116    1
(advertise)    46    1337.77    2    1
(relay)    39    36    1360.58    1    1294.14    124    1
(advertise)    46    1361.58    36    1
(relay)    47    17    1367.0    1    1292.14    121    1
(relay)    39    39    1373.2    1    1373.2    127    2
(advertise)    46    1384.0    17    1
(advertise)    46    1407.81    39    1
(relay)    47    23    1433.62    1    1297.16    121    1
(advertise)    46    1433.82    23    1
(relay)    39    38    1442.23    1    1440.03    126    1
(relay)    45    44    1451.83    1    1425.02    126    2
(advertise)    46    1457.03    38    1
(relay)    39    9    1464.25    1    1337.18    121    2
(advertise)    46    1479.05    44    1
(relay)    39    30    1485.26    1    1393.01    124    2
(advertise)    46    1500.86    9    1
(advertise)    46    1522.27    30    1
(relay)    39    43    1531.49    1    1378.2    123    1
(advertise)    46    1544.89    43    1
(relay)    39    32    1551.7    1    1496.07    126    1
(advertise)    46    1566.5    32    1
(relay)    39    25    1573.11    1    1533.09    125    1
(advertise)    46    1588.51    25    1
(relay)    39    34    1595.13    1    1483.06    122    1
(relay)    45    42    1611.33    1    1489.05    122    2
(advertise)    46    1612.13    34    1
(advertise)    46    1634.14    42    1
(relay)    47    31    1651.55    1    1315.16    113    1
(advertise)    46    1656.35    31    1
(relay)    47    21    1672.96    1    1535.09    119    1
(advertise)    46    1677.56    21    1
(relay)    39    29    1683.58    1    1653.15    123    1
(advertise)    46    1699.78    29    1
(relay)    39    11    1706.39    1    1568.11    123    1
(advertise)    46    1722.79    11    1
(relay)    39    13    1727.4    1    1594.13    121    1
(generate)    46    1738.0    [24]    1
(relay)    45    8    1741.82    1    1614.11    120    2
(advertise)    46    1743.82    13    1
(advertise)    46    1765.03    8    1
(relay)    39    14    1794.24    1    1724.0    120    1
(advertise)    46    1794.44    14    1
(relay)    39    6    1816.26    1    1665.14    120    1
(advertise)    46    1818.46    6    1
(relay)    39    1    1838.87    1    1680.16    119    1
(advertise)    46    1840.07    1    1
(relay)    39    20    1861.48    1    1769.02    122    1
(advertise)    46    1861.88    20    1
(relay)    39    37    1883.29    1    1843.07    125    1
(advertise)    46    1885.29    37    1
(relay)    47    40    1894.31    1    1870.29    126    1
(relay)    39    5    1906.71    1    1645.15    121    2
(advertise)    46    1908.51    40    1
(advertise)    46    1930.32    5    1
(relay)    39    10    1949.53    1    1750.02    122    1
(advertise)    46    1952.13    10    1
(relay)    39    27    1971.55    1    1808.06    123    1
(advertise)    46    1973.35    27    1
(relay)    47    48    1981.36    1    1955.11    126    1
(relay)    45    0    1987.56    1    1829.04    118    2
(advertise)    46    1995.96    48    1
(relay)    47    12    2002.37    1    1809.04    122    2
(advertise)    46    2017.77    0    1
(advertise)    46    2040.59    12    1
(relay)    45    22    2055.0    1    1896.11    122    1
(advertise)    46    2062.4    22    1
(relay)    47    41    2070.81    2    2025.17    125    1
(advertise)    46    2086.41    41    2
(relay)    45    15    2099.22    1    1895.11    119    1
(advertise)    46    2109.42    15    1
(relay)    47    33    2113.04    2    2071.6    125    1
(relay)    39    18    2125.44    2    2069.2    124    2
(advertise)    46    2132.24    33    2
(relay)    45    28    2145.45    2    2062.2    122    2
(advertise)    46    2154.65    18    2
(advertise)    46    2176.66    28    2
(relay)    39    3    2193.08    2    2089.4    119    1
(advertise)    46    2200.48    3    2
(relay)    39    26    2217.89    2    2166.26    124    1
(advertise)    46    2221.69    26    2
(relay)    45    35    2233.5    2    2161.25    123    1
(relay)    39    4    2238.9    2    2111.22    122    2
(advertise)    46    2243.1    35    2
(relay)    47    47    2245.32    2    2244.32    127    2
(relay)    45    45    2256.92    2    2255.92    127    3
(advertise)    46    2265.72    4    2
(relay)    39    19    2281.93    2    2149.25    123    3
(advertise)    46    2287.33    47    2
(advertise)    46    2309.34    45    2
(relay)    45    16    2321.95    2    2177.28    122    2
(advertise)    46    2332.35    19    2
(relay)    47    2    2350.37    2    2164.24    118    2
(advertise)    46    2353.37    16    2
(relay)    45    7    2365.78    2    2153.24    119    2
(relay)    39    39    2373.58    2    2373.39    127    3
(advertise)    46    2376.58    2    2
(advertise)    46    2399.59    7    2
(relay)    45    36    2410.61    2    2294.74    124    2
(relay)    39    31    2415.21    2    2315.35    125    3
(advertise)    46    2421.61    39    2
(relay)    39    17    2437.82    2    2292.34    123    3
(advertise)    46    2445.02    36    2
(advertise)    46    2466.83    31    2
(relay)    45    44    2476.24    2    2425.21    126    2
(relay)    39    38    2480.84    2    2440.23    126    3
(relay)    47    9    2484.24    2    2337.37    119    4
(advertise)    46    2489.84    17    2
(advertise)    46    2511.06    44    2
(relay)    45    43    2521.47    2    2378.37    125    3
(relay)    39    30    2526.07    2    2393.81    124    4
(advertise)    46    2533.27    38    2
(relay)    45    23    2543.08    2    2297.34    123    4
(relay)    39    32    2546.48    2    2496.26    126    5
(advertise)    46    2555.88    9    2
(advertise)    46    2579.7    43    2
(advertise)    46    2601.91    30    2
(relay)    39    34    2612.32    2    2483.24    124    3
(advertise)    46    2624.12    23    2
(advertise)    46    2646.34    32    2
(relay)    39    42    2658.35    2    2489.22    122    2
(advertise)    46    2668.55    34    2
(relay)    39    25    2681.76    2    2533.28    123    2
(advertise)    46    2689.76    42    2
(relay)    45    21    2700.77    2    2535.27    121    2
(relay)    39    11    2703.37    2    2568.31    121    3
(advertise)    46    2710.77    25    2
(advertise)    46    2734.59    21    2
(generate)    46    2738.2    [24]    2
(relay)    39    13    2748.01    2    2594.31    121    2
(advertise)    46    2755.61    11    2
(relay)    45    29    2766.23    2    2653.35    123    2
(advertise)    46    2779.63    13    2
(advertise)    46    2802.64    29    2
(relay)    45    8    2811.05    2    2614.31    120    1
(advertise)    46    2823.85    8    2
(relay)    47    6    2827.07    2    2665.32    120    1
(relay)    39    5    2839.67    2    2645.34    121    2
(advertise)    46    2845.87    6    2
(relay)    45    1    2856.88    2    2680.36    119    2
(advertise)    46    2868.28    5    2
(relay)    39    40    2884.29    2    2870.48    126    2
(advertise)    46    2892.29    1    2
(advertise)    46    2914.9    40    2
(relay)    45    37    2921.92    2    2843.47    125    1
(relay)    39    27    2927.72    2    2808.24    123    2
(advertise)    46    2937.32    37    2
(relay)    45    14    2943.53    2    2724.2    120    2
(advertise)    46    2958.93    27    2
(relay)    39    20    2973.34    2    2769.21    122    2
(advertise)    46    2981.14    14    2
(advertise)    46    3004.76    20    2
(relay)    45    22    3011.37    2    2896.29    122    1
(relay)    39    10    3015.97    2    2750.21    122    2
(advertise)    46    3025.97    22    2
(relay)    47    48    3028.38    2    2955.29    126    2
(advertise)    46    3047.18    10    2
(advertise)    46    3070.2    48    2
(relay)    45    15    3078.21    2    2895.3    121    1
(relay)    39    12    3081.21    2    2809.23    120    2
(advertise)    46    3091.81    15    2
(relay)    47    41    3093.02    3    3025.37    125    2
(advertise)    46    3112.82    12    2
(relay)    45    0    3122.83    2    2829.2    118    2
(advertise)    46    3135.43    41    3
(relay)    39    33    3150.05    3    3071.8    125    2
(advertise)    46    3156.85    0    2
(advertise)    46    3181.06    33    3
(relay)    45    28    3189.67    3    3062.4    122    1
(advertise)    46    3203.67    28    3
(relay)    47    18    3224.49    3    3069.4    122    1
(advertise)    46    3225.69    18    3
(relay)    45    35    3236.1    3    3161.45    123    1
(relay)    39    26    3238.9    3    3167.66    124    2
(relay)    47    47    3245.5    3    3244.49    127    3
(advertise)    46    3247.1    35    3
(relay)    45    45    3257.11    3    3256.1    127    3
(relay)    39    19    3260.51    3    3149.45    123    4
(advertise)    46    3269.31    26    3
(advertise)    46    3291.33    47    3
(advertise)    46    3313.54    45    3
(relay)    39    3    3325.75    3    3089.6    117    2
(advertise)    46    3334.75    19    3
(relay)    45    7    3345.96    3    3153.43    119    2
(advertise)    46    3356.56    3    3
(relay)    47    4    3357.98    3    3111.42    120    2
(relay)    39    39    3373.78    3    3373.59    127    3
(advertise)    46    3377.58    7    3
(relay)    45    16    3389.19    3    3177.46    122    3
(advertise)    46    3399.79    4    3
(relay)    45    36    3411.6    3    3294.93    124    3
(advertise)    46    3420.8    39    3
(relay)    47    2    3424.62    3    3164.42    118    3
(advertise)    46    3442.22    16    3
(relay)    45    31    3453.63    3    3315.55    125    3
(advertise)    46    3464.43    36    3
(advertise)    46    3485.44    2    3
(relay)    45    44    3498.26    3    3425.22    126    2
(relay)    39    38    3502.26    3    3440.43    126    3
(advertise)    46    3507.06    31    3
(relay)    39    32    3525.07    3    3496.46    126    3
(advertise)    46    3529.47    44    3
(relay)    47    34    3533.28    3    3483.44    124    3
(relay)    45    43    3541.08    3    3378.56    125    4
(relay)    39    17    3545.48    3    3292.53    123    5
(advertise)    46    3551.68    38    3
(relay)    39    23    3567.49    3    3297.53    123    5
(advertise)    46    3572.89    32    3
(advertise)    46    3595.11    34    3
(relay)    45    30    3605.12    3    3394.0    124    4
(advertise)    46    3616.32    43    3
(advertise)    46    3637.93    17    3
(relay)    45    42    3647.95    3    3489.42    124    3
(advertise)    46    3660.15    23    3
(relay)    39    25    3681.76    3    3533.48    125    3
(advertise)    46    3682.16    30    3
(relay)    47    9    3689.37    3    3337.56    119    3
(advertise)    46    3704.57    42    3
(advertise)    46    3726.19    25    3
(relay)    39    11    3727.4    3    3568.51    123    2
(generate)    46    3738.4    [24]    3
(advertise)    46    3747.81    9    3
(advertise)    46    3769.22    11    3
(relay)    39    21    3771.44    3    3535.47    121    1
(advertise)    46    3790.64    21    3
(relay)    39    13    3814.85    3    3594.51    121    1
(advertise)    46    3815.05    13    3
(relay)    45    29    3828.86    3    3653.55    121    1
(advertise)    46    3836.06    29    3
(relay)    39    8    3860.28    3    3614.49    120    1
(advertise)    46    3860.48    8    3
(relay)    39    6    3881.89    3    3665.51    120    1
(advertise)    46    3882.69    6    3
(relay)    45    37    3899.1    3    3843.66    125    1
(relay)    39    40    3902.9    3    3870.68    126    2
(advertise)    46    3905.3    37    3
(relay)    39    5    3925.52    3    3645.35    121    2
(advertise)    46    3927.72    40    3
(advertise)    46    3948.73    5    3
(relay)    39    27    3970.34    3    3808.44    123    1
(advertise)    46    3972.74    27    3
(relay)    45    14    3987.55    3    3725.0    120    1
(relay)    39    10    3992.55    3    3750.41    122    2
(advertise)    46    3995.55    14    3
(relay)    39    20    4016.37    3    3769.22    122    2
(advertise)    46    4018.57    10    3
(relay)    47    48    4026.98    3    3955.48    126    2
(relay)    45    1    4034.58    3    3680.55    119    3
(advertise)    46    4040.78    20    3
(advertise)    46    4062.99    48    3
(relay)    45    22    4078.81    3    3896.49    122    2
(relay)    39    12    4080.21    3    3809.42    120    3
(advertise)    46    4084.81    1    3
(relay)    39    41    4103.22    4    4025.57    125    3
(advertise)    46    4107.02    22    3
(advertise)    46    4129.03    12    3
(relay)    45    0    4146.25    3    3829.4    118    2
(advertise)    46    4151.05    41    4
(advertise)    46    4173.46    0    3
(relay)    45    28    4188.87    4    4062.59    122    1
(relay)    39    33    4195.07    4    4071.98    125    2
(advertise)    46    4196.67    28    4
(relay)    39    18    4216.28    4    4069.59    124    2
(advertise)    46    4217.88    33    4
(relay)    45    15    4234.3    3    3895.49    119    2
(advertise)    46    4241.1    18    4
(relay)    47    47    4245.71    4    4244.68    127    2
(relay)    45    45    4256.31    4    4256.11    127    3
(relay)    39    26    4260.51    4    4167.86    124    4
(advertise)    46    4264.11    15    3
(advertise)    46    4285.72    47    4
(relay)    45    35    4300.14    4    4161.63    123    3
(advertise)    46    4309.34    45    4
(advertise)    46    4330.75    26    4
(relay)    39    19    4348.16    4    4149.65    123    2
(advertise)    46    4353.56    35    4
(relay)    45    16    4367.58    4    4177.66    120    2
(relay)    39    39    4374.38    4    4373.79    127    3
(advertise)    46    4376.18    19    4
(relay)    47    4    4380.99    4    4111.62    120    3
(advertise)    46    4399.19    16    4
(relay)    39    3    4413.8    4    4089.81    121    3
(relay)    45    7    4414.2    4    4153.63    119    4
(advertise)    46    4421.2    39    4
(relay)    45    31    4435.81    4    4315.95    125    4
(advertise)    46    4443.21    4    4
(advertise)    46    4464.83    3    4
(relay)    39    38    4479.04    4    4440.61    126    3
(advertise)    46    4488.24    7    4
(relay)    47    2    4494.45    4    4164.62    118    3
(relay)    45    44    4501.85    4    4425.41    126    4
(advertise)    46    4509.85    31    4
(advertise)    46    4532.47    38    4
(relay)    39    32    4547.88    4    4496.65    126    3
(advertise)    46    4553.88    2    4
(relay)    45    36    4568.89    4    4295.12    122    3
(relay)    39    17    4570.09    4    4292.72    123    4
(advertise)    46    4577.09    44    4
(relay)    47    34    4580.91    4    4483.64    124    4
(relay)    39    30    4591.91    4    4394.2    124    5
(advertise)    46    4598.31    32    4
(relay)    45    43    4613.32    4    4378.76    123    5
(advertise)    46    4620.52    36    4
(relay)    45    23    4633.93    4    4297.54    123    5
(advertise)    46    4642.53    17    4
(advertise)    46    4663.74    34    4
(advertise)    46    4685.36    30    4
(relay)    39    25    4702.57    4    4533.68    125    3
(advertise)    46    4706.57    43    4
(relay)    47    9    4713.38    4    4337.75    117    3
(advertise)    46    4729.78    23    4
(generate)    46    4738.6    [24]    4
(relay)    45    42    4744.61    4    4489.61    124    3
(advertise)    46    4752.81    25    4
(advertise)    46    4775.82    9    4
(relay)    47    13    4780.44    4    4594.69    121    2
(relay)    39    11    4791.24    4    4568.69    123    3
(advertise)    46    4797.04    42    4
(advertise)    46    4818.25    13    4
(relay)    45    21    4834.86    4    4535.67    121    2
(advertise)    46    4839.26    11    4
(advertise)    46    4861.47    21    4
(heartbeat)    24    1    4677.2    46    4879.29    127    0
(advertise)    46    4883.89    24    1
(relay)    39    29    4901.7    4    4653.56    123    1
(advertise)    46    4906.1    29    4
(relay)    39    40    4923.51    4    4870.87    5    1
(advertise)    46    4928.91    40    4
(relay)    39    5    4945.73    4    4645.52    121    1
(relay)    45    37    4947.53    4    4843.86    3    2
(advertise)    46    4951.13    5    4
(advertise)    46    4972.94    37    4
(relay)    47    20    4979.55    4    4769.41    122    1
(relay)    39    8    4988.55    4    4614.69    120    2
(advertise)    46    4994.35    20    4
(advertise)    46    5016.37    8    4
(relay)    47    27    5025.78    4    4808.45    1    1
(relay)    45    14    5036.78    4    4725.18    120    1
(advertise)    46    5037.78    14    4
(relay)    39    10    5078.19    4    4750.61    122    1
(advertise)    46    5078.39    10    4
(relay)    47    41    5094.6    5    5025.77    5    1
(advertise)    46    5100.4    41    5
(relay)    45    1    5103.02    4    4680.74    117    1
(relay)    39    6    5123.02    4    4665.71    120    2
(advertise)    46    5123.42    1    4
(advertise)    46    5145.03    6    4
(relay)    39    48    5166.24    4    4955.67    5    1
(advertise)    46    5167.24    48    4
(relay)    39    33    5187.86    5    5072.18    3    1
(advertise)    46    5190.06    33    5
(relay)    39    12    5208.87    4    4809.62    122    1
(advertise)    46    5211.27    12    4
(relay)    39    0    5231.68    4    4829.57    118    1
(advertise)    46    5232.28    0    4
(relay)    39    18    5252.9    5    5069.8    1    1
(relay)    45    45    5256.5    5    5256.3    5    1
(advertise)    46    5257.3    45    5
(relay)    39    47    5274.31    5    5244.88    7    1
(advertise)    46    5278.91    47    5
(relay)    45    35    5280.52    5    5161.83    3    1
(relay)    39    28    5296.92    5    5063.39    1    2
(advertise)    46    5300.52    35    5
(relay)    47    26    5317.53    5    5168.06    1    1
(relay)    45    36    5325.93    5    5295.32    3    1
(advertise)    46    5326.33    36    5
(relay)    47    19    5338.15    5    5149.84    3    1
(advertise)    46    5347.95    19    5
(relay)    39    39    5374.56    5    5373.99    5    1
(advertise)    46    5374.76    39    5
(relay)    39    31    5406.77    5    5316.15    1    1
(relay)    45    43    5415.77    5    5378.96    5    1
(advertise)    46    5415.97    43    5
(relay)    45    44    5437.19    5    5425.57    5    1
(advertise)    46    5437.39    44    5
(relay)    39    4    5450.8    5    5113.02    1    1
(relay)    45    38    5460.8    5    5440.81    3    1
(advertise)    46    5461.2    38    5
(relay)    47    34    5491.61    5    5483.75    3    1
(advertise)    46    5491.81    34    5
(relay)    39    3    5538.83    5    5089.99    1    1
(relay)    39    2    5561.43    5    5164.82    1    1
(relay)    47    13    5601.83    5    5594.83    1    1
(relay)    47    32    5623.43    5    5496.85    1    1
(relay)    39    17    5627.03    5    5292.91    1    1
(relay)    39    25    5649.43    5    5533.88    1    1
(relay)    45    29    5675.63    5    5653.74    1    1
(relay)    39    11    5692.63    5    5568.88    1    1
(relay)    39    9    5712.83    5    5337.95    1    1
(relay)    39    5    5734.83    5    5645.63    1    1
(generate)    46    5738.63    [24]    5
(relay)    47    20    5776.84    5    5769.48    1    1
(relay)    39    10    5803.24    5    5750.65    1    1
(relay)    47    27    5810.64    5    5808.53    1    1
(relay)    47    12    5835.24    5    5809.69    1    1
(relay)    45    37    5846.04    5    5844.05    3    1
(advertise)    46    5846.24    37    5
(relay)    47    40    5880.85    5    5870.9    5    1
(advertise)    46    5881.05    40    5
(relay)    47    48    5957.86    5    5955.81    7    1
(advertise)    46    5958.06    48    5
(relay)    39    41    6028.08    6    6025.96    5    1
(advertise)    46    6028.28    41    6
(relay)    39    28    6065.09    6    6063.5    1    1
(relay)    47    33    6073.09    6    6072.35    3    1
(advertise)    46    6073.29    33    6
(relay)    47    19    6162.9    6    6149.89    3    1
(advertise)    46    6163.1    19    6
(relay)    45    35    6179.92    6    6162.01    3    1
(advertise)    46    6186.52    35    6
(relay)    39    2    6231.73    6    6164.89    1    1
(relay)    47    47    6245.13    6    6245.03    9    1
(advertise)    46    6245.33    47    6
(relay)    45    45    6256.54    6    6256.42    5    1
(advertise)    46    6268.14    45    6
(relay)    45    36    6298.36    6    6295.42    3    1
(advertise)    46    6298.56    36    6
(relay)    39    31    6320.37    6    6316.29    1    1
(relay)    39    39    6374.57    6    6374.07    5    1
(advertise)    46    6374.77    39    6
(relay)    45    43    6400.38    6    6379.09    5    1
(advertise)    46    6400.98    43    6
(relay)    39    30    6424.19    6    6394.44    1    1
(relay)    39    38    6444.99    6    6440.9    3    1
(advertise)    46    6445.19    38    6
(relay)    45    44    6446.41    6    6425.61    5    1
(advertise)    46    6466.41    44    6
(relay)    45    42    6495.22    6    6489.89    5    1
(advertise)    46    6495.42    42    6
(relay)    45    34    6516.23    6    6483.76    1    1
(relay)    39    32    6538.63    6    6496.88    3    1
(advertise)    46    6538.83    32    6
(relay)    47    13    6600.45    6    6594.94    1    1
(relay)    39    5    6651.65    6    6645.7    1    1
(relay)    45    29    6657.05    6    6653.78    1    1
(relay)    47    6    6678.65    6    6665.76    1    1
(relay)    39    1    6732.05    6    6680.95    1    1
(generate)    46    6738.65    [24]    6
(relay)    47    20    6778.66    6    6769.56    1    1
(relay)    47    27    6810.66    6    6808.62    1    1
(relay)    39    37    6847.06    6    6844.05    3    1
(advertise)    46    6847.26    37    6
(relay)    45    40    6873.67    6    6871.0    3    1
(advertise)    46    6874.07    40    6
(relay)    47    48    6957.09    6    6955.83    7    1
(advertise)    46    6957.29    48    6
(relay)    39    41    7029.5    7    7026.07    5    1
(advertise)    46    7029.7    41    7
(relay)    45    28    7065.31    7    7063.54    1    1
(relay)    47    33    7072.91    7    7072.42    3    1
(advertise)    46    7073.11    33    7
(relay)    47    19    7151.32    7    7149.89    3    1
(advertise)    46    7151.52    19    7
(relay)    39    26    7174.34    7    7168.35    1    1
(relay)    45    35    7177.34    7    7162.12    3    1
(advertise)    46    7177.54    35    7
(relay)    47    47    7245.15    7    7245.15    9    1
(advertise)    46    7245.35    47    7
(relay)    45    45    7256.56    7    7256.51    5    1
(advertise)    46    7266.76    45    7
(relay)    45    36    7299.78    7    7295.52    3    1
(advertise)    46    7299.98    36    7
(relay)    39    39    7374.79    7    7374.23    5    1
(advertise)    46    7374.99    39    7
(relay)    45    43    7401.0    7    7379.18    5    1
(advertise)    46    7401.2    43    7
(relay)    45    44    7426.02    7    7425.62    5    1
(advertise)    46    7426.42    44    7
(relay)    45    30    7448.43    7    7394.44    1    1
(relay)    39    38    7464.43    7    7440.98    3    1
(advertise)    46    7464.63    38    7
(relay)    47    34    7491.44    7    7483.78    3    1
(advertise)    46    7491.64    34    7
(relay)    39    32    7513.45    7    7497.04    3    1
(relay)    45    42    7514.45    7    7490.09    5    2
(advertise)    46    7514.65    32    7
(advertise)    46    7537.87    42    7
(relay)    39    25    7556.48    7    7534.18    1    1
(relay)    39    11    7579.08    7    7569.22    1    1
(relay)    47    13    7599.28    7    7595.02    1    1
(relay)    39    5    7651.88    7    7645.77    1    1
(relay)    45    29    7658.28    7    7653.84    1    1
(relay)    47    6    7679.68    7    7665.94    1    1
(generate)    46    7738.68    [24]    7
(relay)    39    10    7770.09    7    7750.77    1    1
(relay)    47    20    7791.29    7    7769.62    1    1
(relay)    47    27    7816.09    7    7808.73    1    1
(relay)    39    12    7842.49    7    7809.8    1    1
(relay)    39    37    7865.49    7    7844.27    3    1
(advertise)    46    7865.69    37    7
(relay)    39    40    7887.11    7    7871.08    5    1
(advertise)    46    7888.51    40    7
(relay)    39    48    7957.32    7    7956.02    5    1
(advertise)    46    7957.72    48    7
(relay)    39    41    8029.53    8    8026.13    5    1
(advertise)    46    8029.73    41    8
(relay)    39    28    8064.95    8    8063.58    1    1
(relay)    47    33    8073.95    8    8072.86    3    1
(advertise)    46    8074.15    33    8
(relay)    39    18    8089.16    8    8070.1    1    1
(relay)    39    19    8163.56    8    8149.89    3    1
(advertise)    46    8163.76    19    8
(relay)    45    35    8185.57    8    8162.22    3    1
(advertise)    46    8185.97    35    8
(relay)    47    47    8245.38    8    8245.24    9    1
(advertise)    46    8245.58    47    8
(relay)    45    45    8256.6    8    8256.58    5    1
(advertise)    46    8267.2    45    8
(relay)    39    36    8299.81    8    8295.55    3    1
(advertise)    46    8300.01    36    8
(relay)    45    31    8320.82    8    8316.51    1    1
(relay)    39    39    8374.82    8    8374.25    5    1
(advertise)    46    8375.02    39    8
(relay)    45    43    8401.84    8    8379.66    5    1
(advertise)    46    8402.04    43    8
(relay)    45    30    8424.65    8    8394.63    1    1
(relay)    45    44    8447.85    8    8425.64    5    1
(advertise)    46    8448.05    44    8
(relay)    45    38    8472.26    8    8441.04    3    1
(advertise)    46    8472.46    38    8
(relay)    45    42    8498.68    8    8490.27    5    1
(advertise)    46    8498.88    42    8
(relay)    39    34    8504.29    8    8483.8    3    1
(advertise)    46    8519.89    34    8
(relay)    39    32    8527.3    8    8497.2    3    1
(advertise)    46    8541.9    32    8
(relay)    39    11    8576.31    8    8569.4    1    1
(relay)    39    13    8599.31    8    8595.14    1    1
(relay)    47    5    8653.11    8    8645.84    1    1
(relay)    47    6    8676.11    8    8665.96    1    1
(heartbeat)    24    2    8677.21    46    8696.11    4    4
(advertise)    46    8696.31    24    2
(relay)    39    1    8725.53    8    8681.14    1    1
(generate)    46    8738.73    [24]    8
(relay)    47    20    8772.14    8    8769.71    1    1
(relay)    39    10    8772.34    8    8750.86    1    1
(relay)    39    12    8841.34    8    8809.86    1    1
(relay)    39    37    8864.14    8    8844.31    3    1
(advertise)    46    8864.34    37    8
(relay)    45    40    8886.15    8    8871.16    1    1
(relay)    47    48    8956.35    8    8956.02    7    1
(advertise)    46    8956.55    48    8
(relay)    39    41    9029.57    9    9026.2    5    1
(advertise)    46    9029.77    41    9
(relay)    39    28    9065.18    9    9063.63    1    1
(relay)    47    33    9074.78    9    9072.93    3    1
(advertise)    46    9074.98    33    9
(relay)    39    18    9086.99    9    9070.26    1    1
(relay)    39    3    9129.99    9    9090.32    1    1
(relay)    47    19    9152.19    9    9150.08    1    1
(relay)    39    26    9175.19    9    9168.62    1    1
(relay)    45    35    9180.59    9    9162.33    3    1
(advertise)    46    9180.79    35    9
(relay)    39    2    9219.41    9    9164.98    1    1
(relay)    47    47    9245.41    9    9245.36    7    1
(advertise)    46    9245.61    47    9
(relay)    45    45    9257.22    9    9256.67    5    1
(advertise)    46    9266.62    45    9
(relay)    39    17    9299.23    9    9293.36    1    1
(relay)    39    31    9320.83    9    9316.63    1    1
(relay)    39    36    9342.23    9    9295.6    1    1
(relay)    39    39    9375.23    9    9374.28    5    1
(advertise)    46    9375.43    39    9
(relay)    45    43    9399.44    9    9379.73    5    1
(advertise)    46    9399.64    43    9
(relay)    39    30    9423.86    9    9394.79    1    1
(relay)    39    38    9445.26    9    9441.1    3    1
(advertise)    46    9445.46    38    9
(relay)    45    44    9447.67    9    9425.64    5    1
(advertise)    46    9470.27    44    9
(relay)    39    34    9492.28    9    9483.82    3    1
(advertise)    46    9492.48    34    9
(relay)    45    42    9516.3    9    9490.29    5    1
(advertise)    46    9516.9    42    9
(relay)    45    32    9540.51    9    9497.24    1    1
(relay)    39    25    9560.51    9    9534.4    1    1
(relay)    39    11    9583.91    9    9569.57    1    1
(relay)    47    13    9597.51    9    9595.27    1    1
(relay)    47    5    9654.51    9    9645.96    1    1
(relay)    45    29    9659.51    9    9653.91    1    1
(relay)    47    6    9675.71    9    9666.15    1    1
(generate)    46    9738.91    [24]    9
(relay)    39    20    9791.92    9    9769.8    1    1
(relay)    39    27    9815.72    9    9808.99    1    1
(relay)    45    37    9847.72    9    9844.34    3    1
(advertise)    46    9847.92    37    9
(relay)    39    40    9871.74    9    9871.25    5    1
(advertise)    46    9871.94    40    9
(relay)    47    48    9956.75    9    9956.19    7    1
(advertise)    46    9956.95    48    9
(relay)    47    41    10027.96    10    10026.29    5    1
(advertise)    46    10028.16    41    10
(relay)    39    28    10066.38    10    10063.65    1    1
(relay)    47    33    10075.78    10    10073.78    3    1
(advertise)    46    10075.98    33    10
(relay)    39    18    10087.79    10    10070.44    1    1
(relay)    39    3    10131.39    10    10090.36    1    1
(relay)    45    35    10182.79    10    10162.4    3    1
(advertise)    46    10182.99    35    10
(relay)    47    26    10208.8    10    10168.73    1    1
(relay)    39    2    10231.4    10    10165.18    1    1
(relay)    47    47    10246.0    10    10245.43    7    1
(advertise)    46    10246.2    47    10
(relay)    45    45    10257.21    10    10256.73    5    1
(advertise)    46    10268.41    45    10
(relay)    39    17    10298.63    10    10293.43    1    1
(relay)    39    36    10318.83    10    10295.66    1    1
(relay)    45    31    10322.43    10    10316.76    1    1
(relay)    39    9    10363.23    10    10338.54    1    1
(relay)    39    39    10375.43    10    10374.33    5    1
(advertise)    46    10375.63    39    10
(relay)    45    43    10401.24    10    10380.63    5    1
(advertise)    46    10401.44    43    10
(relay)    45    30    10424.45    10    10394.96    1    1
(relay)    45    44    10445.65    10    10425.65    5    1
(advertise)    46    10445.85    44    10
(relay)    45    38    10468.47    10    10441.17    3    1
(advertise)    46    10469.47    38    10
(relay)    39    34    10491.88    10    10484.01    1    1
(relay)    45    42    10497.48    10    10490.47    3    1
(advertise)    46    10497.68    42    10
(relay)    39    32    10536.69    10    10497.43    3    1
(advertise)    46    10536.89    32    10
(relay)    39    11    10572.11    10    10569.74    1    1
(relay)    39    13    10597.91    10    10595.39    1    1
(relay)    47    5    10653.11    10    10646.06    1    1
(relay)    45    29    10659.11    10    10653.95    1    1
(relay)    47    6    10675.31    10    10666.35    1    1
(relay)    39    1    10717.51    10    10681.33    1    1
(generate)    46    10739.11    [24]    10
(relay)    39    20    10771.92    10    10769.83    1    1
(relay)    47    12    10837.72    10    10810.02    1    1
(relay)    45    37    10846.12    10    10844.34    3    1
(advertise)    46    10846.32    37    10
(relay)    47    40    10879.53    10    10871.32    5    1
(advertise)    46    10879.73    40    10
(relay)    47    48    10957.14    10    10956.39    7    1
(advertise)    46    10957.34    48    10
(relay)    47    41    11026.96    11    11026.37    5    1
(advertise)    46    11027.16    41    11
(relay)    39    28    11068.17    11    11063.67    1    1
(relay)    47    33    11076.17    11    11073.8    3    1
(advertise)    46    11076.37    33    11
(relay)    39    19    11165.98    11    11150.41    1    1
(relay)    45    35    11184.98    11    11162.46    3    1
(advertise)    46    11185.18    35    11
(relay)    47    26    11209.4    11    11168.87    1    1
(relay)    45    2    11225.8    11    11165.2    1    1
(relay)    47    47    11246.0    11    11245.53    7    1
(advertise)    46    11246.2    47    11
(relay)    45    45    11257.41    11    11256.8    5    1
(advertise)    46    11268.01    45    11
(relay)    45    36    11298.22    11    11295.68    3    1
(advertise)    46    11298.42    36    11
(relay)    39    31    11321.64    11    11316.89    1    1
(relay)    39    39    11375.44    11    11374.35    5    1
(advertise)    46    11375.64    39    11
(relay)    39    30    11399.25    11    11395.1    1    1
(relay)    45    43    11421.05    11    11380.74    5    1
(advertise)    46    11421.25    43    11
(relay)    45    44    11442.46    11    11425.67    5    1
(advertise)    46    11444.26    44    11
(relay)    39    38    11448.27    11    11441.24    3    1
(advertise)    46    11466.67    38    11
(relay)    39    34    11491.49    11    11484.21    3    1
(advertise)    46    11491.89    34    11
(relay)    39    32    11513.7    11    11497.62    3    1
(advertise)    46    11513.9    32    11
(relay)    39    25    11538.11    11    11534.55    1    1
(relay)    39    11    11571.31    11    11569.9    1    1
(relay)    47    13    11599.51    11    11595.47    1    1
(relay)    39    5    11652.11    11    11646.14    1    1
(relay)    45    29    11657.31    11    11654.13    1    1
(relay)    47    6    11673.91    11    11666.53    1    1
(relay)    39    1    11701.31    11    11681.45    1    1
(generate)    46    11739.11    [24]    11
(relay)    39    20    11772.93    11    11769.88    1    1
(relay)    39    27    11815.53    11    11809.42    1    1
(relay)    39    12    11837.53    11    11810.09    3    1
(advertise)    46    11837.73    12    11
(relay)    45    37    11859.14    11    11844.53    3    1
(advertise)    46    11860.34    37    11
(relay)    39    40    11881.95    11    11871.36    5    1
(advertise)    46    11882.35    40    11
(relay)    47    48    11957.97    11    11956.57    7    1
(advertise)    46    11958.17    48    11
(relay)    39    41    12027.18    12    12026.41    5    1
(advertise)    46    12027.38    41    12
(relay)    47    33    12077.19    12    12073.82    3    1
(advertise)    46    12077.39    33    12
(relay)    39    18    12112.4    12    12070.68    1    1
(relay)    47    19    12168.6    12    12150.41    1    1
(relay)    45    35    12185.2    12    12162.59    3    1
(advertise)    46    12185.4    35    12
(relay)    47    26    12213.02    12    12169.0    1    1
(relay)    47    47    12246.22    12    12245.62    7    1
(advertise)    46    12246.42    47    12
(relay)    45    45    12257.83    12    12256.89    5    1
(advertise)    46    12271.03    45    12
(relay)    45    36    12297.04    12    12295.82    3    1
(advertise)    46    12297.44    36    12
(relay)    45    31    12319.46    12    12317.04    1    1
(relay)    39    39    12374.66    12    12374.54    5    1
(advertise)    46    12374.86    39    12
(relay)    45    43    12399.47    12    12380.88    5    1
(advertise)    46    12400.47    43    12
(relay)    45    9    12423.88    12    12338.85    1    1
(relay)    45    44    12446.08    12    12425.86    5    1
(advertise)    46    12446.28    44    12
(relay)    39    30    12448.9    12    12395.28    1    1
(relay)    45    38    12469.9    12    12441.3    3    1
(advertise)    46    12471.3    38    12
(relay)    47    34    12495.91    12    12484.23    3    1
(advertise)    46    12496.11    34    12
(relay)    47    32    12519.32    12    12497.8    1    1
(relay)    45    42    12534.72    12    12490.82    5    1
(advertise)    46    12534.92    42    12
(relay)    39    11    12582.13    12    12570.07    1    1
(relay)    39    13    12603.93    12    12595.57    1    1
(relay)    39    5    12650.33    12    12646.22    1    1
(relay)    39    6    12674.73    12    12666.54    1    1
(heartbeat)    24    3    12677.23    46    12697.13    4    4
(advertise)    46    12697.33    24    3
(relay)    39    1    12723.75    12    12681.53    1    1
(generate)    46    12739.15    [24]    12
(relay)    39    10    12770.56    12    12750.99    1    1
(relay)    47    20    12796.76    12    12769.99    1    1
(relay)    39    12    12817.36    12    12810.19    1    1
(relay)    47    27    12820.16    12    12809.54    1    1
(relay)    45    37    12845.16    12    12844.56    3    1
(advertise)    46    12845.36    37    12
(relay)    47    40    12873.17    12    12871.38    5    1
(advertise)    46    12873.37    40    12
(relay)    47    48    12957.99    12    12956.77    7    1
(advertise)    46    12958.19    48    12
(relay)    39    41    13027.2    13    13026.48    5    1
(advertise)    46    13027.4    41    13
(relay)    39    28    13069.21    13    13063.72    1    1
(relay)    47    33    13077.21    13    13073.9    3    1
(advertise)    46    13077.41    33    13
(relay)    39    18    13113.23    13    13070.8    1    1
(relay)    39    19    13155.43    13    13150.58    1    1
(relay)    39    26    13178.23    13    13169.12    1    1
(relay)    45    35    13184.03    13    13162.71    3    1
(advertise)    46    13184.23    35    13
(relay)    47    47    13246.64    13    13245.73    7    1
(advertise)    46    13246.84    47    13
(relay)    45    45    13258.05    13    13256.98    5    1
(advertise)    46    13267.85    45    13
(relay)    45    36    13297.46    13    13295.89    3    1
(advertise)    46    13297.66    36    13
(relay)    39    31    13320.48    13    13317.17    1    1
(relay)    39    39    13374.68    13    13374.57    5    1
(advertise)    46    13374.88    39    13
(relay)    39    30    13400.29    13    13395.47    1    1
(relay)    45    44    13428.09    13    13425.89    5    1
(advertise)    46    13428.29    44    13
(relay)    45    38    13451.7    13    13441.38    3    1
(advertise)    46    13451.9    38    13
(relay)    47    34    13486.92    13    13484.25    3    1
(advertise)    46    13487.12    34    13
(relay)    39    32    13508.53    13    13497.99    3    1
(advertise)    46    13511.33    32    13
(relay)    39    42    13533.14    13    13490.83    3    1
(advertise)    46    13535.54    42    13
(relay)    39    25    13556.96    13    13535.13    1    1
(relay)    39    11    13581.56    13    13570.23    1    1
(relay)    47    13    13602.56    13    13595.7    1    1
(relay)    47    6    13676.56    13    13666.73    1    1
(generate)    46    13739.16    [24]    13
(relay)    39    10    13768.37    13    13751.05    1    1
(relay)    39    20    13793.77    13    13770.02    1    1
(relay)    47    27    13815.77    13    13809.63    1    1
(relay)    39    12    13838.37    13    13810.28    1    1
(relay)    45    37    13846.37    13    13844.75    3    1
(advertise)    46    13846.57    37    13
(relay)    39    40    13884.38    13    13871.45    5    1
(advertise)    46    13884.58    40    13
(relay)    47    48    13958.79    13    13956.95    7    1
(advertise)    46    13958.99    48    13
(relay)    45    41    14029.61    14    14026.55    3    1
(advertise)    46    14029.81    41    14
(relay)    39    28    14070.42    14    14063.72    1    1
(relay)    47    33    14076.62    14    14074.09    3    1
(advertise)    46    14076.82    33    14
(relay)    39    3    14137.03    14    14090.52    1    1
(relay)    39    4    14161.63    14    14113.26    1    1
(relay)    39    19    14182.83    14    14150.77    1    1
(relay)    45    35    14184.43    14    14162.81    3    1
(advertise)    46    14184.63    35    14
(relay)    39    26    14226.65    14    14169.21    1    1
(relay)    47    47    14246.85    14    14245.8    7    1
(advertise)    46    14247.05    47    14
(relay)    45    45    14258.06    14    14257.04    5    1
(advertise)    46    14269.06    45    14
(relay)    45    36    14297.87    14    14295.95    3    1
(advertise)    46    14298.07    36    14
(relay)    39    31    14320.89    14    14317.23    1    1
(relay)    39    39    14374.69    14    14374.57    5    1
(advertise)    46    14374.89    39    14
(relay)    45    43    14399.1    14    14381.05    5    1
(advertise)    46    14399.9    43    14
(relay)    39    30    14423.91    14    14395.66    1    1
(relay)    39    38    14444.91    14    14441.43    3    1
(advertise)    46    14445.11    38    14
(relay)    45    44    14446.72    14    14426.09    5    1
(advertise)    46    14467.72    44    14
(relay)    47    34    14493.54    14    14484.27    3    1
(advertise)    46    14493.94    34    14
(relay)    39    32    14515.55    14    14498.16    3    1
(advertise)    46    14517.15    32    14
(relay)    39    42    14540.16    14    14490.84    3    1
(advertise)    46    14542.36    42    14
(relay)    39    11    14582.98    14    14570.42    1    1
(relay)    47    13    14603.98    14    14595.81    1    1
(relay)    39    29    14655.78    14    14654.2    1    1
(relay)    47    6    14676.38    14    14666.93    1    1
(generate)    46    14739.18    [24]    14
(relay)    39    20    14775.79    14    14770.06    1    1
(relay)    39    27    14810.79    14    14809.69    1    1
(relay)    39    12    14835.59    14    14810.37    1    1
(relay)    45    37    14846.39    14    14844.77    3    1
(advertise)    46    14846.59    37    14
(relay)    47    40    14874.8    14    14871.5    5    1
(advertise)    46    14875.0    40    14
(relay)    47    48    14959.42    14    14957.13    7    1
(advertise)    46    14959.62    48    14
(relay)    39    41    15028.63    15    15026.64    5    1
(advertise)    46    15028.83    41    15
(relay)    47    33    15074.84    15    15074.28    3    1
(advertise)    46    15075.04    33    15
(relay)    39    18    15091.85    15    15071.1    1    1
(relay)    39    4    15146.45    15    15113.27    1    1
(relay)    39    19    15168.85    15    15150.77    1    1
(relay)    45    35    15182.45    15    15162.87    3    1
(advertise)    46    15182.65    35    15
(relay)    47    26    15206.07    15    15169.69    1    1
(relay)    47    47    15246.87    15    15245.87    7    1
(advertise)    46    15247.07    47    15
(relay)    45    45    15257.28    15    15257.12    5    1
(advertise)    46    15270.08    45    15
(relay)    39    36    15298.69    15    15296.03    3    1
(advertise)    46    15298.89    36    15
(relay)    39    31    15321.11    15    15317.28    1    1
(relay)    39    39    15375.11    15    15374.57    5    1
(advertise)    46    15375.31    39    15
(relay)    45    43    15398.92    15    15381.15    5    1
(relay)    39    30    15399.72    15    15395.78    1    2
(advertise)    46    15400.32    43    15
(relay)    45    44    15428.53    15    15426.28    5    1
(advertise)    46    15428.73    44    15
(relay)    45    38    15450.55    15    15441.49    3    1
(advertise)    46    15451.15    38    15
(relay)    39    34    15487.16    15    15484.28    3    1
(advertise)    46    15487.36    34    15
(relay)    39    32    15508.97    15    15498.3    3    1
(relay)    45    42    15510.17    15    15491.03    5    2
(advertise)    46    15510.97    32    15
(advertise)    46    15533.98    42    15
(relay)    39    25    15552.2    15    15535.31    1    1
(relay)    39    11    15574.8    15    15570.6    1    1
(relay)    47    13    15604.2    15    15595.87    1    1
(relay)    39    5    15651.6    15    15646.45    1    1
(relay)    39    29    15672.6    15    15654.37    1    1
(relay)    39    6    15695.2    15    15667.12    1    1
(generate)    46    15739.2    [24]    15
(relay)    39    10    15790.01    15    15751.16    1    1
(relay)    47    20    15791.21    15    15770.09    1    1
(relay)    47    27    15814.41    15    15809.79    1    1
(relay)    39    37    15857.01    15    15844.94    3    1
(advertise)    46    15857.21    37    15
(relay)    39    40    15879.62    15    15871.53    5    1
(advertise)    46    15879.82    40    15
(relay)    47    48    15959.24    15    15957.14    7    1
(advertise)    46    15959.44    48    15
(relay)    39    41    16028.85    16    16026.71    5    1
(advertise)    46    16029.05    41    16
(relay)    39    28    16067.66    16    16064.1    1    1
(relay)    47    33    16075.06    16    16074.28    3    1
(advertise)    46    16075.26    33    16
(relay)    39    18    16088.88    16    16071.24    1    1
(relay)    39    19    16153.88    16    16150.77    1    1
(relay)    47    26    16176.88    16    16169.75    1    1
(relay)    45    35    16181.88    16    16162.93    3    1
(advertise)    46    16182.08    35    16
(relay)    47    47    16246.09    16    16245.96    7    1
(advertise)    46    16246.29    47    16
(relay)    45    45    16257.3    16    16257.16    5    1
(advertise)    46    16267.5    45    16
(relay)    45    36    16298.71    16    16296.06    3    1
(advertise)    46    16298.91    36    16
(relay)    45    31    16323.33    16    16317.39    1    1
(relay)    39    39    16375.13    16    16374.58    5    1
(advertise)    46    16375.33    39    16
(relay)    45    43    16399.74    16    16381.19    5    1
(advertise)    46    16400.14    43    16
(relay)    45    44    16442.75    16    16426.3    5    1
(advertise)    46    16442.95    44    16
(relay)    45    38    16464.37    16    16441.55    3    1
(advertise)    46    16466.37    38    16
(relay)    39    34    16491.78    16    16484.48    3    1
(advertise)    46    16492.18    34    16
(relay)    39    32    16513.99    16    16498.48    3    1
(advertise)    46    16514.99    32    16
(relay)    39    42    16536.01    16    16491.2    1    1
(relay)    39    25    16559.41    16    16535.36    1    1
(relay)    39    11    16580.81    16    16570.76    1    1
(relay)    47    13    16601.61    16    16595.97    1    1
(relay)    39    5    16651.41    16    16646.49    1    1
(relay)    45    29    16658.01    16    16654.53    1    1
(relay)    47    6    16678.41    16    16667.32    1    1
(heartbeat)    24    4    16677.24    46    16700.61    4    6
(advertise)    46    16700.81    24    4
(generate)    46    16739.22    [24]    16
(relay)    47    20    16776.43    16    16770.11    1    1
(relay)    47    27    16811.43    16    16809.86    1    1
(relay)    39    12    16835.83    16    16810.43    1    1
(relay)    45    37    16848.43    16    16845.13    3    1
(advertise)    46    16848.63    37    16
(relay)    47    40    16873.44    16    16871.62    5    1
(advertise)    46    16873.84    40    16
(relay)    47    48    16958.66    16    16957.32    7    1
(advertise)    46    16958.86    48    16
(relay)    39    41    17030.27    17    17026.79    5    1
(advertise)    46    17030.47    41    17
(relay)    39    28    17065.68    17    17064.12    1    1
(relay)    47    33    17075.48    17    17074.28    3    1
(advertise)    46    17075.68    33    17
(relay)    39    18    17109.7    17    17071.39    1    1
(relay)    39    3    17137.7    17    17090.73    1    1
(relay)    45    35    17164.3    17    17163.06    3    1
(advertise)    46    17164.5    35    17
(relay)    39    19    17189.51    17    17150.96    1    1
(relay)    39    26    17215.11    17    17169.85    1    1
(relay)    47    47    17246.11    17    17246.05    7    1
(advertise)    46    17246.31    47    17
(relay)    45    45    17257.32    17    17257.24    5    1
(advertise)    46    17268.92    45    17
(relay)    45    36    17300.54    17    17296.12    3    1
(advertise)    46    17300.74    36    17
(relay)    45    31    17322.55    17    17317.54    1    1
(relay)    39    39    17375.15    17    17374.58    5    1
(advertise)    46    17375.35    39    17
(relay)    45    43    17400.76    17    17381.23    5    1
(advertise)    46    17400.96    43    17
(relay)    45    44    17426.77    17    17426.31    5    1
(advertise)    46    17426.97    44    17
(relay)    45    38    17450.19    17    17441.64    3    1
(advertise)    46    17450.79    38    17
(relay)    47    34    17489.0    17    17484.51    3    1
(advertise)    46    17489.2    34    17
(relay)    45    42    17512.41    17    17491.38    5    1
(advertise)    46    17513.01    42    17
(relay)    39    32    17516.23    17    17498.49    3    1
(advertise)    46    17535.23    32    17
(relay)    39    25    17561.24    17    17535.47    1    1
(relay)    39    13    17599.84    17    17596.05    1    1
(relay)    39    5    17652.64    17    17646.59    1    1
(relay)    45    29    17658.84    17    17654.54    1    1
(relay)    47    6    17678.24    17    17667.51    1    1
(generate)    46    17739.24    [24]    17
(relay)    47    20    17774.45    17    17770.12    1    1
(relay)    39    27    17813.65    17    17809.92    1    1
(relay)    39    12    17838.65    17    17810.46    1    1
(relay)    39    37    17860.85    17    17845.15    3    1
(advertise)    46    17861.05    37    17
(relay)    47    40    17872.07    17    17871.68    5    1
(advertise)    46    17883.87    40    17
(relay)    47    48    17957.68    17    17957.33    7    1
(advertise)    46    17957.88    48    17
(relay)    39    41    18030.29    18    18026.87    5    1
(advertise)    46    18030.49    41    18
(relay)    45    28    18065.7    18    18064.14    1    1
(relay)    47    33    18076.3    18    18074.67    3    1
(advertise)    46    18076.5    33    18
(relay)    39    19    18161.12    18    18151.15    1    1
(relay)    45    35    18182.52    18    18163.14    3    1
(advertise)    46    18182.72    35    18
(relay)    39    26    18206.13    18    18169.91    1    1
(relay)    47    47    18246.13    18    18246.12    7    1
(advertise)    46    18246.33    47    18
(relay)    45    45    18257.34    18    18257.3    5    1
(advertise)    46    18268.14    45    18
(relay)    39    36    18299.76    18    18296.17    3    1
(advertise)    46    18299.96    36    18
(relay)    45    31    18323.97    18    18317.64    1    1
(relay)    39    39    18375.37    18    18374.74    5    1
(advertise)    46    18375.57    39    18
(relay)    45    43    18400.38    18    18381.29    5    1
(advertise)    46    18401.38    43    18
(relay)    45    30    18423.8    18    18396.24    1    1
(relay)    39    38    18447.2    18    18441.68    3    1
(advertise)    46    18447.4    38    18
(relay)    47    34    18487.61    18    18484.7    3    1
(advertise)    46    18487.81    34    18
(relay)    47    32    18511.02    18    18498.66    1    1
(relay)    45    42    18512.42    18    18491.39    5    1
(advertise)    46    18512.82    42    18
(relay)    39    25    18558.43    18    18535.75    1    1
(relay)    39    11    18580.83    18    18570.77    1    1
(relay)    39    13    18602.83    18    18596.13    1    1
(relay)    39    5    18653.83    18    18646.72    1    1
(relay)    39    29    18675.43    18    18654.71    1    1
(relay)    39    6    18695.83    18    18667.67    1    1
(generate)    46    18739.43    [24]    18
(relay)    39    20    18772.45    18    18770.13    1    1
(relay)    47    27    18813.45    18    18809.98    1    1
(relay)    39    12    18845.25    18    18810.52    1    1
(relay)    39    37    18865.45    18    18845.31    3    1
(advertise)    46    18865.65    37    18
(relay)    39    40    18886.46    18    18871.74    5    1
(advertise)    46    18887.66    40    18
(relay)    47    48    18957.87    18    18957.5    7    1
(advertise)    46    18958.07    48    18
(relay)    47    41    19028.49    19    19026.96    5    1
(advertise)    46    19028.69    41    19
(relay)    39    28    19065.9    19    19064.34    1    1
(relay)    47    33    19076.9    19    19074.86    3    1
(advertise)    46    19077.1    33    19
(relay)    39    18    19088.31    19    19071.72    1    1
(relay)    39    3    19132.51    19    19090.83    1    1
(relay)    39    4    19155.51    19    19113.31    1    1
(relay)    47    19    19168.51    19    19151.16    1    1
(relay)    45    35    19183.51    19    19163.22    3    1
(advertise)    46    19183.71    35    19
(relay)    39    26    19218.93    19    19169.97    1    1
(relay)    47    47    19246.33    19    19246.17    7    1
(advertise)    46    19246.53    47    19
(relay)    45    45    19257.94    19    19257.33    5    1
(advertise)    46    19267.54    45    19
(relay)    45    36    19301.15    19    19296.21    3    1
(advertise)    46    19301.35    36    19
(relay)    39    31    19321.96    19    19317.74    1    1
(relay)    39    39    19375.76    19    19374.76    5    1
(advertise)    46    19375.96    39    19
(relay)    45    43    19399.98    19    19381.35    5    1
(advertise)    46    19400.38    43    19
(relay)    39    30    19423.79    19    19396.39    1    1
(relay)    39    38    19445.79    19    19441.73    3    1
(advertise)    46    19445.99    38    19
(relay)    39    44    19469.2    19    19426.53    3    1
(advertise)    46    19470.2    44    19
(relay)    39    34    19494.42    19    19484.73    1    1
(relay)    39    32    19516.02    19    19498.85    3    1
(advertise)    46    19516.22    32    19
(relay)    39    42    19539.83    19    19491.57    1    1
(relay)    39    11    19575.63    19    19570.77    1    1
(relay)    39    13    19598.23    19    19596.21    1    1
(relay)    47    5    19655.63    19    19646.8    1    1
(relay)    47    6    19676.83    19    19667.87    1    1
(generate)    46    19739.63    [24]    19
(relay)    39    27    19813.84    19    19810.03    1    1
(relay)    45    37    19847.84    19    19845.48    3    1
(advertise)    46    19848.04    37    19
(relay)    39    40    19872.26    19    19871.8    5    1
(advertise)    46    19873.86    40    19
(relay)    47    48    19958.47    19    19957.65    7    1
(advertise)    46    19958.67    48    19
(relay)    47    41    20028.48    20    20027.06    5    1
(advertise)    46    20028.68    41    20
(relay)    39    28    20067.49    20    20064.36    1    1
(relay)    47    33    20077.29    20    20074.87    3    1
(advertise)    46    20077.49    33    20
(relay)    39    18    20114.11    20    20071.91    1    1
(relay)    47    19    20154.71    20    20151.16    1    1
(relay)    39    26    20177.51    20    20169.99    1    1
(relay)    45    35    20183.11    20    20163.3    3    1
(advertise)    46    20183.31    35    20
(relay)    47    47    20246.72    20    20246.24    7    1
(advertise)    46    20246.92    47    20
(relay)    45    45    20257.93    20    20257.38    5    1
(advertise)    46    20268.33    45    20
(relay)    39    36    20299.95    20    20296.3    3    1
(advertise)    46    20300.35    36    20
(relay)    39    31    20321.36    20    20317.82    1    1
(relay)    39    39    20375.96    20    20374.91    5    1
(advertise)    46    20376.16    39    20
(relay)    45    43    20384.77    20    20381.45    5    1
(advertise)    46    20398.97    43    20
(relay)    39    30    20418.79    20    20396.54    1    1
(relay)    39    38    20443.39    20    20441.78    3    1
(advertise)    46    20443.59    38    20
(relay)    39    44    20466.0    20    20427.92    3    1
(advertise)    46    20466.6    44    20
(relay)    39    34    20488.81    20    20484.92    3    1
(advertise)    46    20489.81    34    20
(relay)    47    32    20513.22    20    20499.02    1    1
(relay)    45    42    20514.82    20    20491.76    5    1
(advertise)    46    20515.22    42    20
(relay)    39    25    20559.84    20    20535.94    1    1
(relay)    39    11    20582.24    20    20570.96    1    1
(relay)    47    13    20600.84    20    20596.3    1    1
(relay)    39    5    20654.24    20    20646.86    1    1
(relay)    45    29    20659.64    20    20654.85    1    1
(relay)    47    6    20675.64    20    20668.01    1    1
(heartbeat)    24    5    20677.25    46    20700.04    4    6
(advertise)    46    20700.24    24    5
(generate)    46    20739.65    [24]    20
(relay)    39    20    20772.26    20    20770.18    1    1
(relay)    39    27    20816.26    20    20810.12    1    1
(relay)    47    12    20837.66    20    20810.67    1    1
(relay)    45    37    20847.46    20    20845.67    3    1
(advertise)    46    20847.66    37    20
(relay)    47    40    20883.28    20    20871.91    5    1
(advertise)    46    20883.48    40    20
(relay)    47    48    20958.69    20    20957.85    7    1
(advertise)    46    20958.89    48    20
(relay)    47    41    21027.7    21    21027.16    5    1
(advertise)    46    21027.9    41    21
(relay)    39    28    21068.72    21    21064.37    1    1
(relay)    47    33    21077.32    21    21074.88    3    1
(advertise)    46    21077.52    33    21
(relay)    39    19    21169.13    21    21151.35    1    1
(relay)    45    35    21186.93    21    21163.42    3    1
(advertise)    46    21187.13    35    21
(relay)    39    26    21213.14    21    21170.08    1    1
(relay)    47    47    21246.94    21    21246.34    7    1
(advertise)    46    21247.14    47    21
(relay)    45    45    21257.95    21    21257.46    5    1
(advertise)    46    21271.15    45    21
(relay)    45    36    21298.37    21    21296.39    3    1
(advertise)    46    21298.77    36    21
(relay)    39    31    21320.58    21    21317.96    1    1
(relay)    39    39    21375.98    21    21374.93    5    1
(advertise)    46    21376.18    39    21
(relay)    39    30    21399.99    21    21396.7    1    1
(relay)    45    43    21422.39    21    21381.56    5    1
(advertise)    46    21422.59    43    21
(relay)    45    44    21446.41    21    21427.95    5    1
(advertise)    46    21446.81    44    21
(relay)    45    38    21467.62    21    21441.85    3    1
(advertise)    46    21468.62    38    21
(relay)    39    34    21492.63    21    21484.95    3    1
(advertise)    46    21492.83    34    21
(relay)    39    32    21516.45    21    21499.21    3    1
(advertise)    46    21518.05    32    21
(relay)    39    25    21539.66    21    21536.05    1    1
(relay)    39    11    21572.46    21    21571.14    1    1
(relay)    39    13    21600.66    21    21596.4    1    1
(relay)    47    5    21652.26    21    21646.95    1    1
(relay)    45    29    21657.86    21    21654.87    1    1
(relay)    47    6    21678.26    21    21668.19    1    1
(generate)    46    21739.66    [24]    21
(relay)    39    20    21772.67    21    21770.22    1    1
(relay)    39    27    21815.87    21    21810.21    1    1
(relay)    39    12    21837.67    21    21810.74    1    1
(relay)    39    37    21860.07    21    21845.86    3    1
(advertise)    46    21860.27    37    21
(relay)    39    40    21881.68    21    21871.98    5    1
(advertise)    46    21881.88    40    21
(relay)    47    48    21959.3    21    21958.03    7    1
(advertise)    46    21959.5    48    21
(relay)    45    41    22028.71    22    22027.25    3    1
(advertise)    46    22028.91    41    22
(relay)    39    28    22068.72    22    22064.38    1    1
(relay)    47    33    22078.32    22    22075.07    3    1
(advertise)    46    22078.52    33    22
(relay)    39    18    22114.74    22    22072.24    1    1
(relay)    39    19    22183.34    22    22151.54    1    1
(relay)    45    35    22185.74    22    22163.5    3    1
(advertise)    46    22185.94    35    22
(relay)    39    26    22226.55    22    22170.17    1    1
(relay)    47    47    22246.95    22    22246.4    7    1
(advertise)    46    22247.15    47    22
(relay)    45    45    22258.56    22    22257.52    5    1
(advertise)    46    22269.16    45    22
(relay)    45    36    22298.18    22    22296.49    3    1
(advertise)    46    22298.38    36    22
(relay)    39    31    22320.59    22    22318.45    1    1
(relay)    39    39    22374.99    22    22374.93    5    1
(advertise)    46    22375.19    39    22
(relay)    45    43    22401.2    22    22381.68    5    1
(advertise)    46    22401.4    43    22
(relay)    39    30    22424.21    22    22396.87    1    1
(relay)    39    38    22446.01    22    22442.11    3    1
(advertise)    46    22446.21    38    22
(relay)    39    44    22467.23    22    22428.14    3    1
(advertise)    46    22469.43    44    22
(relay)    39    34    22493.44    22    22485.15    3    1
(advertise)    46    22493.84    34    22
(relay)    39    32    22516.25    22    22499.37    3    1
(relay)    45    42    22518.45    22    22491.95    5    2
(advertise)    46    22519.05    32    22
(advertise)    46    22541.87    42    22
(relay)    39    25    22561.88    22    22536.14    1    1
(relay)    39    13    22602.48    22    22596.48    1    1
(relay)    47    5    22651.48    22    22647.05    1    1
(relay)    45    29    22656.48    22    22654.87    1    1
(relay)    47    6    22677.48    22    22668.36    1    1
(generate)    46    22739.68    [24]    22
(relay)    39    20    22774.09    22    22770.25    1    1
(relay)    47    27    22813.49    22    22810.3    1    1
(relay)    39    37    22846.69    22    22845.87    3    1
(advertise)    46    22846.89    37    22
(relay)    39    40    22873.31    22    22872.03    5    1
(advertise)    46    22873.91    40    22
(relay)    47    48    22959.52    22    22958.21    7    1
(advertise)    46    22959.72    48    22
(relay)    39    41    23028.13    23    23027.33    5    1
(advertise)    46    23028.33    41    23
(relay)    39    28    23070.34    23    23064.4    1    1
(relay)    47    33    23078.54    23    23075.09    3    1
(advertise)    46    23078.74    33    23
(relay)    39    19    23156.36    23    23151.72    1    1
(relay)    39    26    23179.56    23    23170.21    1    1
(relay)    45    35    23184.76    23    23163.6    3    1
(advertise)    46    23184.96    35    23
(relay)    47    47    23247.57    23    23246.5    7    1
(advertise)    46    23247.77    47    23
(relay)    45    45    23258.58    23    23257.58    5    1
(advertise)    46    23269.18    45    23
(relay)    45    36    23298.0    23    23296.55    3    1
(advertise)    46    23298.2    36    23
(relay)    39    31    23322.81    23    23318.51    1    1
(relay)    39    39    23375.21    23    23375.09    5    1
(advertise)    46    23375.41    39    23
(relay)    39    30    23399.62    23    23397.02    1    1
(relay)    45    43    23425.22    23    23381.74    1    1
(relay)    39    38    23446.62    23    23442.16    3    1
(advertise)    46    23446.82    38    23
(relay)    39    44    23466.64    23    23428.14    3    1
(advertise)    46    23468.04    44    23
(relay)    47    34    23493.85    23    23485.34    3    1
(advertise)    46    23494.05    34    23
(relay)    45    32    23519.06    23    23499.52    1    1
(relay)    39    25    23540.06    23    23536.25    1    1
(relay)    39    11    23573.46    23    23571.48    1    1
(relay)    39    13    23603.66    23    23596.58    1    1
(relay)    39    5    23649.46    23    23647.15    1    1
(relay)    45    29    23656.26    23    23654.89    1    1
(relay)    47    6    23676.66    23    23668.52    1    1
(generate)    46    23739.86    [24]    23
(relay)    39    20    23775.07    23    23770.43    1    1
(relay)    47    27    23812.47    23    23810.36    1    1
(relay)    39    12    23835.87    23    23810.91    1    1
(relay)    45    37    23847.47    23    23846.04    3    1
(advertise)    46    23847.67    37    23
(relay)    39    40    23878.69    23    23872.11    5    1
(advertise)    46    23878.89    40    23
(relay)    47    48    23960.1    23    23958.38    7    1
(advertise)    46    23960.3    48    23
(relay)    39    41    24028.91    24    24027.41    5    1
(advertise)    46    24029.11    41    24
(relay)    45    28    24070.73    24    24064.4    1    1
(relay)    47    33    24077.93    24    24075.25    3    1
(advertise)    46    24078.13    33    24
(relay)    39    18    24115.94    24    24072.57    1    1
(relay)    39    26    24182.34    24    24170.27    1    1
(relay)    39    35    24203.74    24    24163.69    3    1
(advertise)    46    24203.94    35    24
(relay)    47    47    24247.55    24    24246.58    7    1
(advertise)    46    24247.75    47    24
(relay)    45    45    24258.77    24    24257.84    5    1
(advertise)    46    24269.57    45    24
(relay)    39    36    24298.58    24    24296.61    3    1
(advertise)    46    24298.78    36    24
(relay)    45    31    24321.79    24    24318.61    1    1
(relay)    39    39    24375.39    24    24375.28    5    1
(advertise)    46    24375.59    39    24
(relay)    45    43    24399.6    24    24381.82    5    1
(advertise)    46    24399.8    43    24
(relay)    45    44    24430.22    24    24428.15    5    1
(advertise)    46    24430.42    44    24
(relay)    45    38    24452.83    24    24442.21    3    1
(advertise)    46    24453.23    38    24
(relay)    47    34    24488.24    24    24485.37    3    1
(advertise)    46    24488.44    34    24
(relay)    47    32    24513.06    24    24499.62    1    1
(relay)    45    42    24513.46    24    24491.96    5    1
(advertise)    46    24514.06    42    24
(relay)    39    25    24557.87    24    24537.32    1    1
(relay)    39    11    24581.47    24    24571.49    1    1
(relay)    39    13    24604.27    24    24596.67    1    1
(relay)    39    5    24651.67    24    24647.21    1    1
(relay)    45    29    24657.07    24    24654.89    1    1
(relay)    47    6    24677.47    24    24668.7    1    1
(heartbeat)    24    6    24677.27    46    24704.87    4    6
(advertise)    46    24705.07    24    6
(generate)    46    24739.88    [24]    24
(relay)    39    20    24775.3    24    24770.47    1    1
(relay)    47    27    24811.7    24    24810.44    1    1
(relay)    45    37    24847.9    24    24846.04    3    1
(advertise)    46    24848.1    37    24
(relay)    45    40    24876.51    24    24872.21    3    1
(advertise)    46    24876.71    40    24
(relay)    47    48    24960.52    24    24958.4    7    1
(advertise)    46    24960.72    48    24
(relay)    39    41    25029.53    25    25027.51    5    1
(advertise)    46    25029.73    41    25
(relay)    45    28    25069.55    25    25064.43    1    1
(relay)    47    33    25076.15    25    25075.44    3    1
(advertise)    46    25076.35    33    25
(relay)    39    18    25113.76    25    25072.57    1    1
(relay)    47    19    25156.76    25    25151.94    1    1
(relay)    39    4    25157.36    25    25113.61    1    1
(relay)    45    35    25184.16    25    25163.81    3    1
(advertise)    46    25184.36    35    25
(relay)    39    26    25223.97    25    25170.32    1    1
(relay)    47    47    25247.57    25    25246.66    7    1
(advertise)    46    25247.77    47    25
(relay)    45    45    25257.99    25    25257.92    9    1
(advertise)    46    25269.59    45    25
(relay)    45    36    25299.0    25    25296.72    3    1
(advertise)    46    25299.2    36    25
(relay)    39    31    25321.81    25    25318.74    1    1
(relay)    39    39    25375.81    25    25375.29    5    1
(advertise)    46    25376.01    39    25
(relay)    39    30    25400.63    25    25397.2    1    1
(relay)    45    43    25401.23    25    25381.89    5    1
(advertise)    46    25401.43    43    25
(relay)    39    38    25442.64    25    25442.28    5    1
(advertise)    46    25442.84    38    25
(relay)    45    44    25445.65    25    25428.17    5    1
(advertise)    46    25466.05    44    25
(relay)    39    34    25491.66    25    25485.4    3    1
(advertise)    46    25491.86    34    25
(relay)    39    32    25513.28    25    25499.63    3    1
(advertise)    46    25514.08    32    25
(relay)    39    42    25535.09    25    25492.0    3    1
(advertise)    46    25536.69    42    25
(relay)    39    25    25561.1    25    25537.45    1    1
(relay)    47    13    25603.3    25    25596.75    1    1
(relay)    39    5    25651.5    25    25647.28    1    1
(relay)    45    29    25657.3    25    25654.93    1    1
(relay)    47    6    25679.3    25    25668.89    1    1
(generate)    46    25739.9    [24]    25
(relay)    39    27    25811.72    25    25810.52    1    1
(relay)    39    37    25848.32    25    25846.22    3    1
(advertise)    46    25848.52    37    25
(relay)    47    40    25874.53    25    25872.3    5    1
(advertise)    46    25874.73    40    25
(relay)    47    48    25960.94    25    25958.6    7    1
(advertise)    46    25961.14    48    25
(relay)    39    41    26029.76    26    26027.62    5    1
(advertise)    46    26029.96    41    26
(relay)    45    28    26067.77    26    26064.47    1    1
(relay)    39    18    26073.77    26    26072.73    1    1
(relay)    47    33    26076.17    26    26075.47    3    1
(advertise)    46    26076.37    33    26
(relay)    39    3    26120.18    26    26091.28    1    1
(relay)    39    19    26164.78    26    26151.94    1    1
(relay)    39    35    26186.98    26    26163.91    3    1
(advertise)    46    26187.18    35    26
(relay)    39    26    26212.19    26    26170.42    1    1
(relay)    47    47    26246.79    26    26246.73    7    1
(advertise)    46    26246.99    47    26
(relay)    45    45    26258.01    26    26257.99    9    1
(advertise)    46    26268.61    45    26
(relay)    45    36    26300.22    26    26296.78    3    1
(advertise)    46    26300.42    36    26
(relay)    45    31    26324.43    26    26318.78    1    1
(relay)    39    39    26376.03    26    26375.48    5    1
(advertise)    46    26376.23    39    26
(relay)    45    43    26400.25    26    26381.95    5    1
(advertise)    46    26400.85    43    26
(relay)    45    30    26421.46    26    26397.34    1    1
(relay)    45    44    26444.26    26    26428.37    5    1
(advertise)    46    26444.46    44    26
(relay)    39    38    26446.67    26    26442.31    5    1
(advertise)    46    26467.67    38    26
(relay)    39    34    26493.29    26    26485.43    3    1
(advertise)    46    26493.49    34    26
(relay)    47    32    26516.3    26    26499.78    1    1
(relay)    45    42    26517.3    26    26492.18    5    1
(advertise)    46    26517.5    42    26
(relay)    39    11    26576.11    26    26571.51    1    1
(relay)    47    13    26602.71    26    26596.83    1    1
(relay)    39    5    26652.91    26    26647.37    1    1
(relay)    45    29    26658.31    26    26654.94    1    1
(relay)    47    6    26679.31    26    26669.09    1    1
(generate)    46    26739.91    [24]    26
(relay)    47    20    26775.72    26    26770.55    1    1
(relay)    39    27    26812.32    26    26810.61    1    1
(relay)    39    37    26848.92    26    26846.38    3    1
(advertise)    46    26849.12    37    26
(relay)    39    40    26873.74    26    26872.37    5    1
(advertise)    46    26873.94    40    26
(relay)    47    48    26959.95    26    26958.62    7    1
(advertise)    46    26960.15    48    26
(relay)    39    41    27030.76    27    27027.74    5    1
(advertise)    46    27030.96    41    27
(relay)    45    28    27066.18    27    27064.51    1    1
(relay)    39    18    27073.78    27    27072.74    1    1
(relay)    47    33    27076.18    27    27075.49    3    1
(advertise)    46    27076.38    33    27
(relay)    39    3    27123.59    27    27091.35    1    1
(relay)    39    4    27146.99    27    27113.83    1    1
(relay)    39    19    27168.99    27    27152.13    1    1
(relay)    45    35    27182.99    27    27164.04    3    1
(advertise)    46    27183.19    35    27
(relay)    47    47    27247.0    27    27246.81    7    1
(advertise)    46    27247.2    47    27
(relay)    45    45    27258.22    27    27258.06    9    1
(advertise)    46    27270.22    45    27
(relay)    39    36    27300.43    27    27296.88    3    1
(advertise)    46    27300.63    36    27
(relay)    39    31    27322.84    27    27318.9    1    1
(relay)    39    39    27376.24    27    27375.65    5    1
(advertise)    46    27376.44    39    27
(relay)    45    43    27403.05    27    27382.07    5    1
(advertise)    46    27403.25    43    27
(relay)    45    44    27428.87    27    27428.38    5    1
(advertise)    46    27429.07    44    27
(relay)    45    30    27451.28    27    27397.51    1    1
(relay)    45    38    27475.08    27    27442.36    5    1
(advertise)    46    27475.28    38    27
(relay)    45    42    27501.09    27    27492.2    5    1
(advertise)    46    27501.69    42    27
(relay)    47    32    27528.11    27    27499.97    1    1
(relay)    39    25    27569.31    27    27537.66    1    1
(relay)    45    34    27571.51    27    27485.48    1    1
(relay)    39    11    27591.11    27    27571.53    1    1
(relay)    39    13    27611.51    27    27596.9    1    1
(relay)    39    5    27653.11    27    27647.43    1    1
(relay)    45    29    27659.51    27    27654.94    1    1
(relay)    47    6    27679.11    27    27669.24    1    1
(generate)    46    27740.11    [24]    27
(relay)    47    20    27774.12    27    27770.58    1    1
(relay)    39    27    27813.92    27    27810.73    1    1
(relay)    47    37    27851.52    27    27846.4    1    1
(relay)    47    40    27873.52    27    27872.45    5    1
(advertise)    46    27873.72    40    27
(relay)    47    48    27959.13    27    27958.81    7    1
(advertise)    46    27959.33    48    27
(relay)    39    41    28031.35    28    28027.84    5    1
(advertise)    46    28031.55    41    28
(relay)    39    28    28065.96    28    28064.54    1    1
(relay)    47    33    28077.56    28    28075.5    3    1
(advertise)    46    28077.76    33    28
(relay)    39    19    28165.97    28    28152.14    1    1
(relay)    39    35    28188.77    28    28164.13    3    1
(advertise)    46    28188.97    35    28
(relay)    47    26    28190.18    28    28170.63    1    1
(relay)    47    47    28246.98    28    28246.89    7    1
(advertise)    46    28247.18    47    28
(relay)    45    45    28258.6    28    28258.12    9    1
(advertise)    46    28268.6    45    28
(relay)    39    36    28301.21    28    28296.96    3    1
(advertise)    46    28301.41    36    28
(relay)    39    31    28323.02    28    28319.01    1    1
(relay)    39    39    28376.82    28    28375.84    5    1
(advertise)    46    28377.02    39    28
(relay)    45    43    28401.84    28    28382.15    5    1
(advertise)    46    28402.44    43    28
(relay)    45    30    28422.85    28    28397.66    1    1
(relay)    39    38    28445.45    28    28442.42    5    1
(advertise)    46    28445.65    38    28
(relay)    39    44    28466.86    28    28428.4    3    1
(advertise)    46    28467.86    44    28
(relay)    47    34    28492.48    28    28485.53    3    1
(advertise)    46    28493.08    34    28
(relay)    47    32    28516.29    28    28500.16    1    1
(relay)    39    25    28539.89    28    28537.78    1    1
(relay)    47    13    28599.09    28    28597.01    1    1
(relay)    47    5    28655.49    28    28647.53    1    1
(relay)    39    29    28659.69    28    28655.13    1    1
(relay)    47    6    28678.49    28    28669.44    1    1
(heartbeat)    24    7    28677.28    46    28682.49    4    6
(advertise)    46    28682.69    24    7
(generate)    46    28740.3    [24]    28
(relay)    47    20    28773.71    28    28770.66    1    1
(relay)    39    27    28814.31    28    28810.84    1    1
(relay)    39    12    28839.11    28    28811.39    1    1
(relay)    45    37    28849.91    28    28846.56    3    1
(advertise)    46    28850.11    37    28
(relay)    39    40    28880.73    28    28872.54    5    1
(advertise)    46    28880.93    40    28
(relay)    47    48    28959.34    28    28958.99    7    1
(advertise)    46    28959.54    48    28
(relay)    47    41    29030.35    29    29027.93    5    1
(advertise)    46    29030.55    41    29
(relay)    39    28    29066.57    29    29064.6    1    1
(relay)    47    33    29078.17    29    29075.92    3    1
(advertise)    46    29078.37    33    29
(relay)    39    18    29089.98    29    29072.93    1    1
(relay)    47    19    29153.78    29    29152.19    1    1
(relay)    39    26    29178.98    29    29170.73    1    1
(relay)    45    35    29184.18    29    29164.25    3    1
(advertise)    46    29184.38    35    29
(relay)    47    47    29247.59    29    29247.01    7    1
(advertise)    46    29247.79    47    29
(relay)    45    45    29258.81    29    29258.18    7    1
(advertise)    46    29269.81    45    29
(relay)    39    36    29301.82    29    29297.04    3    1
(advertise)    46    29302.02    36    29
(relay)    39    31    29322.83    29    29319.08    1    1
(relay)    39    39    29377.03    29    29376.01    5    1
(advertise)    46    29377.23    39    29
(relay)    39    30    29401.24    29    29397.83    1    1
(relay)    45    43    29401.64    29    29382.25    5    1
(advertise)    46    29401.84    43    29
(relay)    39    38    29445.46    29    29442.48    5    1
(advertise)    46    29445.66    38    29
(relay)    39    44    29466.87    29    29428.42    3    1
(advertise)    46    29469.47    44    29
(relay)    39    34    29493.48    29    29485.57    3    1
(advertise)    46    29493.68    34    29
(relay)    39    32    29514.9    29    29500.3    3    1
(advertise)    46    29515.1    32    29
(relay)    39    25    29540.51    29    29537.88    1    1
(relay)    45    42    29556.31    29    29492.24    1    1
(relay)    39    11    29585.71    29    29571.55    1    1
(relay)    47    13    29600.91    29    29597.12    1    1
(relay)    39    5    29656.11    29    29647.63    1    1
(relay)    45    29    29660.91    29    29655.17    1    1
(relay)    39    6    29676.71    29    29669.62    1    1
(generate)    46    29740.31    [24]    29
(relay)    47    27    29814.92    29    29810.95    1    1
(relay)    47    12    29839.32    29    29811.45    1    1
(relay)    45    37    29848.32    29    29846.7    3    1
(advertise)    46    29848.52    37    29
(relay)    47    40    29882.14    29    29872.63    5    1
(advertise)    46    29882.34    40    29
(relay)    47    48    29959.55    29    29959.18    7    1
(advertise)    46    29959.75    48    29
