(relay)    40    41    1025.6    1    1025.0    126    1
(advertise)    47    1025.8    41    1
(relay)    40    28    1067.81    1    1062.01    121    1
(advertise)    47    1068.01    28    1
(relay)    40    33    1087.83    1    1071.01    126    1
(advertise)    47    1090.23    33    1
(relay)    40    18    1111.64    1    1069.03    123    1
(advertise)    47    1113.24    18    1
(relay)    40    4    1137.65    1    1111.04    121    1
(advertise)    47    1138.05    4    1
(relay)    40    3    1159.67    1    1089.21    118    1
(advertise)    47    1160.87    3    1
(relay)    40    19    1180.88    1    1149.07    122    1
(advertise)    47    1183.68    19    1
(relay)    40    26    1203.09    1    1166.08    123    1
(advertise)    47    1206.49    26    1
(relay)    40    16    1225.9    1    1177.08    121    1
(advertise)    47    1228.5    16    1
(generate)    47    1244.12    [24]    1
(relay)    48    7    1274.73    1    1153.07    116    1
(advertise)    47    1274.93    7    1
(relay)    40    45    1291.14    1    1255.13    124    1
(advertise)    47    1297.74    45    1
(relay)    40    2    1313.76    1    1164.05    117    1
(relay)    46    35    1316.56    1    1161.07    120    2
(advertise)    47    1320.16    2    1
(relay)    40    17    1338.57    1    1292.14    122    2
(advertise)    47    1341.57    35    1
(relay)    46    36    1361.58    1    1294.14    123    2
(advertise)    47    1365.98    17    1
(advertise)    47    1387.6    36    1
(relay)    40    39    1406.41    1    1373.2    126    1
(advertise)    47    1410.61    39    1
(relay)    40    23    1430.82    1    1297.16    122    1
(advertise)    47    1432.62    23    1
(relay)    40    38    1450.83    1    1440.03    125    1
(advertise)    47    1454.03    38    1
(relay)    40    9    1474.45    1    1337.18    120    1
(advertise)    47    1475.25    9    1
(relay)    46    44    1479.66    1    1425.02    125    1
(relay)    40    30    1497.06    1    1393.01    123    2
(advertise)    47    1497.46    44    1
(advertise)    47    1519.47    30    1
(relay)    40    43    1540.29    1    1378.2    122    1
(advertise)    47    1541.29    43    1
(relay)    40    32    1561.7    1    1496.07    125    1
(advertise)    47    1562.9    32    1
(relay)    40    25    1584.31    1    1533.09    124    1
(advertise)    47    1585.51    25    1
(relay)    40    34    1606.13    1    1483.06    121    1
(advertise)    47    1608.53    34    1
(relay)    40    42    1628.14    1    1489.05    121    1
(advertise)    47    1630.14    42    1
(relay)    40    31    1648.15    1    1315.16    114    1
(advertise)    47    1651.35    31    1
(relay)    40    21    1669.76    1    1535.09    120    1
(advertise)    47    1672.36    21    1
(relay)    40    29    1691.18    1    1653.15    122    1
(advertise)    47    1694.58    29    1
(relay)    40    11    1712.19    1    1568.11    122    1
(advertise)    47    1716.79    11    1
(relay)    48    13    1720.2    1    1594.13    122    1
(advertise)    47    1737.8    13    1
(relay)    40    8    1755.82    1    1614.11    119    1
(advertise)    47    1758.82    8    1
(relay)    40    46    1777.23    1    1738.0    125    1
(advertise)    47    1780.83    46    1
(relay)    46    14    1795.44    1    1724.0    119    1
(relay)    40    6    1802.64    1    1665.14    121    2
(advertise)    47    1802.84    14    1
(advertise)    47    1826.06    6    1
(relay)    46    1    1840.67    1    1680.16    118    1
(relay)    40    20    1847.87    1    1769.02    123    2
(advertise)    47    1848.27    1    1
(advertise)    47    1869.88    20    1
(relay)    40    40    1871.29    1    1870.29    127    1
(relay)    46    37    1886.29    1    1843.07    124    2
(advertise)    47    1893.29    40    1
(advertise)    47    1915.31    37    1
(relay)    40    5    1917.12    1    1645.15    120    1
(advertise)    47    1936.32    5    1
(relay)    40    10    1950.33    1    1750.02    121    1
(relay)    48    48    1955.73    1    1955.11    127    2
(advertise)    47    1958.33    10    1
(relay)    40    12    1974.15    1    1809.04    123    2
(relay)    46    27    1974.55    1    1808.06    122    3
(advertise)    47    1980.35    48    1
(advertise)    47    2002.36    12    1
(relay)    46    0    2017.77    1    1829.04    117    2
(advertise)    47    2025.57    27    1
(relay)    48    41    2031.59    2    2025.17    126    2
(advertise)    47    2047.59    0    1
(relay)    46    22    2063.4    1    1896.11    121    2
(advertise)    47    2069.8    41    2
(advertise)    47    2090.81    22    1
(relay)    40    33    2107.62    2    2071.6    126    1
(relay)    48    15    2108.62    1    1895.11    116    2
(advertise)    47    2113.02    33    2
(advertise)    47    2135.04    15    1
(relay)    40    18    2154.45    2    2069.2    123    1
(advertise)    47    2157.65    18    2
(relay)    40    28    2174.46    2    2062.2    121    1
(advertise)    47    2178.66    28    2
(relay)    40    26    2195.88    2    2166.26    125    1
(advertise)    47    2200.28    26    2
(relay)    40    3    2218.69    2    2089.4    118    1
(advertise)    47    2221.89    3    2
(relay)    40    19    2241.1    2    2149.25    124    1
(advertise)    47    2243.1    19    2
(generate)    47    2244.32    [24]    2
(relay)    40    4    2261.53    2    2111.22    121    1
(advertise)    47    2265.53    4    2
(relay)    40    35    2305.34    2    2161.25    122    1
(advertise)    47    2305.54    35    2
(relay)    46    45    2309.95    2    2255.92    126    1
(relay)    40    2    2326.75    2    2164.24    119    2
(advertise)    47    2327.75    45    2
(advertise)    47    2349.37    2    2
(relay)    46    16    2353.38    2    2177.28    121    1
(advertise)    47    2371.38    16    2
(relay)    40    7    2393.19    2    2153.24    118    1
(advertise)    47    2393.59    7    2
(relay)    40    39    2415.41    2    2373.39    126    1
(advertise)    47    2416.41    39    2
(relay)    40    31    2439.22    2    2315.35    124    1
(advertise)    47    2439.82    31    2
(relay)    46    36    2445.03    2    2294.74    123    1
(relay)    40    9    2459.63    2    2337.37    120    2
(advertise)    47    2461.43    36    2
(relay)    40    17    2481.64    2    2292.34    122    2
(advertise)    47    2483.64    9    2
(advertise)    47    2504.86    17    2
(relay)    46    44    2512.07    2    2425.21    125    1
(advertise)    47    2526.07    44    2
(relay)    40    38    2527.88    2    2440.23    125    1
(advertise)    47    2547.88    38    2
(relay)    40    23    2549.7    2    2297.34    118    1
(advertise)    47    2572.1    23    2
(relay)    46    43    2580.31    2    2378.37    124    1
(advertise)    47    2594.11    43    2
(relay)    46    30    2602.92    2    2393.81    123    1
(relay)    40    32    2615.52    2    2496.26    125    2
(advertise)    47    2615.92    30    2
(advertise)    47    2638.94    32    2
(relay)    46    34    2669.15    2    2483.24    123    1
(advertise)    47    2669.35    34    2
(relay)    40    25    2682.96    2    2533.28    124    1
(relay)    46    42    2690.76    2    2489.22    121    2
(advertise)    47    2691.96    25    2
(advertise)    47    2713.17    42    2
(relay)    48    13    2714.59    2    2594.31    122    1
(relay)    40    11    2724.99    2    2568.31    122    2
(relay)    46    21    2734.59    2    2535.27    120    3
(advertise)    47    2735.19    13    2
(relay)    46    46    2738.2    2    2738.2    127    3
(advertise)    47    2758.8    11    2
(advertise)    47    2782.61    21    2
(relay)    48    6    2802.63    2    2665.32    121    2
(advertise)    47    2804.83    46    2
(relay)    40    29    2813.44    2    2653.35    122    2
(relay)    46    8    2824.04    2    2614.31    119    3
(advertise)    47    2827.04    6    2
(advertise)    47    2850.05    29    2
(relay)    46    5    2869.27    2    2645.34    120    2
(relay)    40    40    2871.47    2    2870.48    127    3
(relay)    48    27    2871.87    2    2808.24    124    4
(advertise)    47    2872.27    8    2
(advertise)    47    2896.48    5    2
(advertise)    47    2918.09    40    2
(relay)    40    1    2926.1    2    2680.36    118    2
(relay)    46    37    2937.9    2    2843.47    124    3
(advertise)    47    2940.1    27    2
(relay)    40    20    2947.12    2    2769.21    123    3
(relay)    48    48    2956.32    2    2955.29    127    4
(advertise)    47    2961.72    1    2
(relay)    46    14    2981.33    2    2724.2    119    4
(advertise)    47    2982.73    37    2
(advertise)    47    3005.14    20    2
(relay)    46    22    3026.56    2    2896.29    121    3
(relay)    48    41    3027.36    3    3025.37    126    4
(advertise)    47    3027.76    48    2
(relay)    40    12    3035.77    2    2809.23    121    4
(relay)    46    10    3048.17    2    2750.21    121    5
(advertise)    47    3049.57    14    2
(advertise)    47    3070.78    22    2
(relay)    46    15    3092.0    2    2895.3    120    4
(advertise)    47    3093.0    41    3
(advertise)    47    3115.01    12    2
(relay)    40    33    3127.02    3    3071.8    126    3
(advertise)    47    3136.02    10    2
(relay)    46    0    3157.83    2    2829.2    117    3
(advertise)    47    3158.23    15    2
(advertise)    47    3180.85    33    3
(relay)    40    18    3194.66    3    3069.4    123    2
(advertise)    47    3202.66    0    2
(relay)    46    28    3204.27    3    3062.4    121    2
(relay)    40    26    3215.67    3    3167.66    125    3
(advertise)    47    3223.87    18    3
(generate)    47    3244.49    [24]    3
(advertise)    47    3246.3    28    3
(relay)    46    35    3248.11    3    3161.45    122    2
(advertise)    47    3268.11    26    3
(relay)    40    19    3283.53    3    3149.45    124    2
(advertise)    47    3291.53    35    3
(advertise)    47    3312.94    19    3
(relay)    46    45    3314.55    3    3256.1    126    1
(relay)    40    4    3328.75    3    3111.42    121    2
(advertise)    47    3335.95    45    3
(relay)    40    3    3349.36    3    3089.6    116    2
(advertise)    47    3357.96    4    3
(relay)    46    7    3378.18    3    3153.43    118    2
(advertise)    47    3380.58    3    3
(relay)    40    2    3393.99    3    3164.42    119    2
(advertise)    47    3401.79    7    3
(relay)    40    39    3417.2    3    3373.59    126    2
(advertise)    47    3423.6    2    3
(relay)    46    16    3442.22    3    3177.46    121    2
(advertise)    47    3444.82    39    3
(relay)    46    36    3465.03    3    3294.93    123    2
(advertise)    47    3467.03    16    3
(relay)    40    31    3481.64    3    3315.55    124    2
(advertise)    47    3488.84    36    3
(advertise)    47    3510.26    31    3
(relay)    48    34    3512.07    3    3483.44    125    1
(relay)    40    17    3525.27    3    3292.53    122    2
(relay)    46    44    3529.47    3    3425.22    125    3
(advertise)    47    3532.27    34    3
(relay)    40    38    3546.68    3    3440.43    125    3
(advertise)    47    3554.88    17    3
(relay)    48    23    3557.09    3    3297.53    118    3
(relay)    46    32    3573.49    3    3496.46    125    4
(advertise)    47    3577.29    44    3
(advertise)    47    3598.91    38    3
(relay)    46    43    3616.32    3    3378.56    124    3
(advertise)    47    3620.12    23    3
(advertise)    47    3641.93    32    3
(relay)    40    9    3657.75    3    3337.56    120    2
(advertise)    47    3665.35    43    3
(relay)    40    30    3679.36    3    3394.0    123    2
(advertise)    47    3688.36    9    3
(relay)    48    25    3690.17    3    3533.48    122    2
(relay)    46    42    3704.57    3    3489.42    123    3
(advertise)    47    3709.37    30    3
(advertise)    47    3732.79    25    3
(relay)    46    46    3739.0    3    3738.4    127    2
(advertise)    47    3756.2    42    3
(relay)    48    11    3758.41    3    3568.51    120    2
(advertise)    47    3780.01    46    3
(relay)    46    21    3791.62    3    3535.47    120    2
(advertise)    47    3802.42    11    3
(relay)    40    13    3810.04    3    3594.51    122    2
(advertise)    47    3825.64    21    3
(relay)    46    29    3836.65    3    3653.55    120    2
(advertise)    47    3847.85    13    3
(relay)    40    6    3854.46    3    3665.51    121    2
(relay)    46    8    3861.46    3    3614.49    119    3
(advertise)    47    3869.86    29    3
(relay)    40    40    3871.68    3    3870.68    127    3
(advertise)    47    3891.88    6    3
(relay)    46    37    3905.49    3    3843.66    124    3
(advertise)    47    3914.49    8    3
(relay)    40    5    3920.1    3    3645.35    122    3
(advertise)    47    3936.7    40    3
(relay)    40    27    3941.12    3    3808.44    124    3
(relay)    48    48    3956.52    3    3955.48    127    4
(advertise)    47    3958.92    37    3
(relay)    40    20    3967.53    3    3769.22    123    4
(advertise)    47    3982.53    5    3
(relay)    46    14    3995.74    3    3725.0    119    4
(advertise)    47    4004.14    27    3
(relay)    40    10    4010.55    3    3750.41    121    4
(advertise)    47    4026.35    48    3
(relay)    40    12    4032.37    3    3809.42    121    4
(advertise)    47    4047.77    20    3
(relay)    40    41    4053.98    4    4025.57    126    4
(advertise)    47    4068.98    14    3
(relay)    46    1    4084.99    3    3680.55    118    4
(advertise)    47    4092.39    10    3
(relay)    46    22    4107.61    3    3896.49    121    4
(advertise)    47    4114.61    12    3
(advertise)    47    4137.02    41    4
(relay)    40    33    4141.63    4    4071.98    126    3
(advertise)    47    4160.03    1    3
(relay)    46    0    4173.65    3    3829.4    117    3
(advertise)    47    4181.25    22    3
(relay)    46    28    4197.26    4    4062.59    121    3
(advertise)    47    4203.26    33    4
(relay)    40    26    4208.27    4    4167.86    125    3
(relay)    48    15    4223.07    3    3895.49    116    4
(advertise)    47    4224.47    0    3
(relay)    40    18    4231.28    4    4069.59    123    4
(generate)    47    4244.68    [24]    4
(advertise)    47    4246.7    28    4
(advertise)    47    4269.11    26    4
(advertise)    47    4291.12    15    3
(relay)    46    45    4310.34    4    4256.11    126    2
(advertise)    47    4312.74    18    4
(relay)    40    19    4320.55    4    4149.65    124    2
(advertise)    47    4333.75    45    4
(relay)    40    4    4342.96    4    4111.62    121    2
(advertise)    47    4358.36    19    4
(relay)    40    35    4364.98    4    4161.63    120    2
(advertise)    47    4380.38    4    4
(relay)    46    16    4400.19    4    4177.66    119    2
(advertise)    47    4401.99    35    4
(relay)    40    3    4410.4    4    4089.81    120    2
(relay)    46    39    4422.2    4    4373.79    126    3
(advertise)    47    4425.0    16    4
(advertise)    47    4448.61    3    4
(relay)    40    2    4453.23    4    4164.62    119    2
(advertise)    47    4470.83    39    4
(relay)    46    7    4489.24    4    4153.63    118    2
(advertise)    47    4493.44    2    4
(relay)    40    31    4499.45    4    4315.95    124    2
(advertise)    47    4514.85    7    4
(relay)    46    38    4532.47    4    4440.61    125    2
(relay)    48    34    4532.87    4    4483.64    125    3
(advertise)    47    4537.07    31    4
(advertise)    47    4558.28    38    4
(relay)    40    32    4563.09    4    4496.65    125    2
(relay)    46    44    4578.09    4    4425.41    125    3
(advertise)    47    4580.29    34    4
(advertise)    47    4602.91    32    4
(relay)    40    17    4606.32    4    4292.72    122    2
(relay)    46    36    4620.52    4    4295.12    121    3
(advertise)    47    4625.72    44    4
(relay)    40    30    4627.93    4    4394.2    123    3
(advertise)    47    4646.73    17    4
(relay)    40    9    4650.94    4    4337.75    118    3
(advertise)    47    4668.94    36    4
(advertise)    47    4691.56    30    4
(relay)    40    23    4696.37    4    4297.54    122    2
(relay)    46    43    4706.57    4    4378.76    122    3
(advertise)    47    4713.37    9    4
(relay)    48    13    4729.18    4    4594.69    122    3
(advertise)    47    4734.78    23    4
(relay)    46    46    4739.2    4    4738.6    127    3
(relay)    46    25    4753.4    4    4533.68    124    4
(advertise)    47    4756.4    43    4
(advertise)    47    4779.41    13    4
(relay)    46    42    4797.22    4    4489.61    123    3
(advertise)    47    4801.22    46    4
(advertise)    47    4823.04    25    4
(relay)    40    11    4829.25    4    4568.69    122    2
(advertise)    47    4845.05    42    4
(relay)    46    21    4862.46    4    4535.67    120    2
(advertise)    47    4867.66    11    4
(heartbeat)    24    1    4677.2    47    4869.07    127    0
(relay)    40    40    4871.87    4    4870.87    6    3
(advertise)    47    4890.87    21    4
(relay)    46    29    4906.29    4    4653.56    122    3
(advertise)    47    4912.09    24    1
(relay)    48    20    4913.3    4    4769.41    123    3
(relay)    40    5    4918.3    4    4645.52    122    4
(advertise)    47    4933.7    40    4
(advertise)    47    4956.71    29    4
(relay)    48    27    4958.53    4    4808.45    2    3
(relay)    46    37    4973.13    4    4843.86    2    4
(advertise)    47    4979.53    20    4
(advertise)    47    5002.34    5    4
(relay)    46    8    5016.95    4    4614.69    119    3
(advertise)    47    5025.15    27    4
(relay)    48    41    5038.57    5    5025.77    6    3
(relay)    46    14    5038.77    4    4725.18    119    4
(advertise)    47    5048.17    37    4
(relay)    40    6    5071.38    4    4665.71    121    4
(advertise)    47    5071.78    8    4
(relay)    46    10    5078.39    4    4750.61    121    4
(advertise)    47    5094.59    41    5
(advertise)    47    5116.0    14    4
(relay)    40    48    5117.62    4    4955.67    6    3
(relay)    46    1    5124.42    4    4680.74    116    4
(advertise)    47    5137.62    6    4
(relay)    40    33    5141.03    5    5072.18    4    4
(advertise)    47    5160.03    10    4
(advertise)    47    5182.24    48    4
(relay)    40    12    5184.46    4    4809.62    123    3
(advertise)    47    5205.26    1    4
(advertise)    47    5227.47    33    5
(relay)    40    0    5233.08    4    4829.57    117    2
(generate)    47    5244.88    [24]    5
(advertise)    47    5249.5    12    4
(relay)    46    45    5257.31    5    5256.3    4    2
(advertise)    47    5271.51    0    4
(relay)    40    26    5277.12    5    5168.06    2    2
(advertise)    47    5294.12    45    5
(relay)    40    19    5298.93    5    5149.84    4    2
(relay)    46    35    5301.53    5    5161.83    2    3
(advertise)    47    5316.53    26    5
(relay)    46    36    5327.35    5    5295.32    2    3
(advertise)    47    5337.95    19    5
(advertise)    47    5359.96    35    5
(relay)    48    39    5376.77    5    5373.99    2    2
(advertise)    47    5382.17    36    5
(advertise)    47    5403.79    39    5
(relay)    46    43    5417.0    5    5378.96    4    1
(advertise)    47    5426.0    43    5
(relay)    46    44    5437.41    5    5425.57    4    1
(advertise)    47    5447.01    44    5
(relay)    46    38    5461.83    5    5440.81    2    1
(advertise)    47    5469.63    38    5
(relay)    40    34    5486.24    5    5483.75    4    1
(advertise)    47    5490.64    34    5
(relay)    40    13    5600.65    5    5594.83    2    1
(advertise)    47    5600.85    13    5
(relay)    40    32    5622.46    5    5496.85    2    1
(advertise)    47    5623.26    32    5
(relay)    46    46    5739.28    5    5738.63    6    1
(advertise)    47    5739.48    46    5
(relay)    48    20    5775.69    5    5769.48    2    1
(advertise)    47    5775.89    20    5
(relay)    48    27    5810.3    5    5808.53    2    1
(advertise)    47    5810.5    27    5
(relay)    48    12    5834.32    5    5809.69    2    1
(advertise)    47    5834.72    12    5
(relay)    46    37    5847.33    5    5844.05    2    1
(advertise)    47    5858.73    37    5
(relay)    40    40    5870.94    5    5870.9    6    1
(advertise)    47    5880.74    40    5
(relay)    48    48    5956.76    5    5955.81    8    1
(advertise)    47    5956.96    48    5
(relay)    40    41    6027.77    6    6025.96    6    1
(advertise)    47    6027.97    41    6
(relay)    40    33    6072.78    6    6072.35    4    1
(advertise)    47    6072.98    33    6
(relay)    40    19    6162.59    6    6149.89    4    1
(advertise)    47    6162.79    19    6
(relay)    40    26    6185.81    6    6168.25    2    1
(advertise)    47    6186.01    26    6
(relay)    46    35    6187.22    6    6162.01    2    1
(advertise)    47    6207.02    35    6
(generate)    47    6245.03    [24]    6
(relay)    46    45    6268.65    6    6256.42    4    1
(advertise)    47    6268.85    45    6
(relay)    46    36    6299.66    6    6295.42    2    1
(advertise)    47    6299.86    36    6
(relay)    46    39    6375.27    6    6374.07    4    1
(advertise)    47    6375.47    39    6
(relay)    46    43    6402.09    6    6379.09    4    1
(advertise)    47    6402.49    43    6
(relay)    46    38    6445.7    6    6440.9    2    1
(advertise)    47    6445.9    38    6
(relay)    46    44    6466.91    6    6425.61    4    1
(advertise)    47    6468.71    44    6
(relay)    40    34    6493.12    6    6483.76    4    1
(advertise)    47    6493.32    34    6
(relay)    46    42    6496.34    6    6489.89    4    1
(advertise)    47    6515.74    42    6
(relay)    40    32    6538.75    6    6496.88    2    1
(advertise)    47    6538.95    32    6
(relay)    48    13    6599.16    6    6594.94    2    1
(advertise)    47    6599.36    13    6
(relay)    40    5    6651.18    6    6645.7    2    1
(advertise)    47    6651.38    5    6
(relay)    48    6    6677.39    6    6665.76    2    1
(advertise)    47    6677.59    6    6
(relay)    46    46    6739.2    6    6738.65    6    1
(advertise)    47    6739.4    46    6
(relay)    48    20    6777.42    6    6769.56    2    1
(advertise)    47    6777.62    20    6
(relay)    40    27    6810.43    6    6808.62    2    1
(advertise)    47    6810.63    27    6
(relay)    46    37    6848.44    6    6844.05    2    1
(advertise)    47    6848.64    37    6
(relay)    40    40    6871.05    6    6871.0    6    1
(advertise)    47    6871.85    40    6
(relay)    48    48    6955.87    6    6955.83    8    1
(advertise)    47    6956.07    48    6
(relay)    46    41    7030.68    7    7026.07    4    1
(advertise)    47    7030.88    41    7
(relay)    40    33    7072.69    7    7072.42    4    1
(advertise)    47    7072.89    33    7
(relay)    40    19    7150.91    7    7149.89    4    1
(advertise)    47    7151.11    19    7
(relay)    40    26    7175.92    7    7168.35    2    1
(advertise)    47    7176.52    26    7
(relay)    46    35    7178.13    7    7162.12    2    1
(advertise)    47    7200.33    35    7
(generate)    47    7245.15    [24]    7
(relay)    46    45    7267.36    7    7256.51    4    1
(advertise)    47    7267.56    45    7
(relay)    46    36    7300.97    7    7295.52    2    1
(advertise)    47    7301.17    36    7
(relay)    46    39    7376.18    7    7374.23    4    1
(advertise)    47    7376.38    39    7
(relay)    46    43    7402.2    7    7379.18    4    1
(advertise)    47    7402.4    43    7
(relay)    46    44    7426.61    7    7425.62    4    1
(advertise)    47    7427.01    44    7
(relay)    40    38    7465.02    7    7440.98    2    1
(advertise)    47    7465.22    38    7
(relay)    48    34    7490.04    7    7483.78    4    1
(advertise)    47    7490.44    34    7
(relay)    40    32    7513.25    7    7497.04    2    1
(advertise)    47    7514.05    32    7
(relay)    40    42    7537.26    7    7490.09    2    1
(advertise)    47    7538.06    42    7
(relay)    40    13    7599.08    7    7595.02    2    1
(advertise)    47    7599.28    13    7
(relay)    48    6    7678.49    7    7665.94    2    1
(advertise)    47    7678.69    6    7
(relay)    46    46    7739.7    7    7738.68    6    1
(advertise)    47    7739.9    46    7
(relay)    40    20    7790.91    7    7769.62    2    1
(advertise)    47    7791.11    20    7
(relay)    40    27    7815.13    7    7808.73    2    1
(advertise)    47    7815.53    27    7
(relay)    40    12    7841.34    7    7809.8    2    1
(advertise)    47    7842.34    12    7
(relay)    46    37    7865.75    7    7844.27    2    1
(advertise)    47    7866.35    37    7
(relay)    40    40    7871.17    7    7871.08    6    1
(advertise)    47    7888.57    40    7
(relay)    48    48    7956.18    7    7956.02    8    1
(advertise)    47    7956.38    48    7
(relay)    48    41    8028.59    8    8026.13    6    1
(advertise)    47    8028.79    41    8
(relay)    40    33    8073.61    8    8072.86    4    1
(advertise)    47    8073.81    33    8
(relay)    46    19    8164.22    8    8149.89    2    1
(advertise)    47    8164.42    19    8
(relay)    46    35    8186.43    8    8162.22    2    1
(advertise)    47    8186.63    35    8
(generate)    47    8245.24    [24]    8
(relay)    46    45    8267.66    8    8256.58    4    1
(advertise)    47    8267.86    45    8
(relay)    40    36    8300.87    8    8295.55    2    1
(advertise)    47    8301.07    36    8
(relay)    48    39    8378.08    8    8374.25    2    1
(advertise)    47    8378.28    39    8
(relay)    46    43    8402.1    8    8379.66    4    1
(advertise)    47    8402.3    43    8
(relay)    46    44    8448.51    8    8425.64    4    1
(advertise)    47    8448.71    44    8
(relay)    46    38    8473.52    8    8441.04    2    1
(advertise)    47    8474.12    38    8
(relay)    46    42    8498.94    8    8490.27    4    1
(advertise)    47    8499.34    42    8
(relay)    46    34    8520.35    8    8483.8    2    1
(advertise)    47    8520.55    34    8
(relay)    40    32    8531.96    8    8497.2    2    1
(advertise)    47    8542.16    32    8
(relay)    40    5    8651.97    8    8645.84    2    1
(advertise)    47    8652.17    5    8
(relay)    40    6    8674.59    8    8665.96    2    1
(advertise)    47    8675.19    6    8
(heartbeat)    24    2    8677.21    47    8696.4    7    7
(advertise)    47    8696.6    24    2
(relay)    46    46    8739.81    8    8738.73    6    1
(advertise)    47    8740.01    46    8
(relay)    48    20    8771.83    8    8769.71    2    1
(advertise)    47    8772.03    20    8
(relay)    48    27    8811.64    8    8808.87    2    1
(advertise)    47    8811.84    27    8
(relay)    46    37    8864.45    8    8844.31    2    1
(advertise)    47    8864.65    37    8
(relay)    40    40    8871.27    8    8871.16    6    1
(advertise)    47    8887.27    40    8
(relay)    48    48    8956.08    8    8956.02    8    1
(advertise)    47    8956.28    48    8
(relay)    46    41    9029.89    9    9026.2    4    1
(advertise)    47    9030.09    41    9
(relay)    40    33    9074.1    9    9072.93    4    1
(advertise)    47    9074.3    33    9
(relay)    40    19    9151.92    9    9150.08    2    1
(advertise)    47    9152.12    19    9
(relay)    40    26    9174.93    9    9168.62    2    1
(advertise)    47    9175.33    26    9
(relay)    46    35    9181.74    9    9162.33    2    1
(advertise)    47    9197.34    35    9
(generate)    47    9245.36    [24]    9
(relay)    46    45    9267.17    9    9256.67    4    1
(advertise)    47    9267.37    45    9
(relay)    48    39    9378.98    9    9374.28    2    1
(advertise)    47    9379.18    39    9
(relay)    46    43    9399.8    9    9379.73    4    1
(advertise)    47    9400.4    43    9
(relay)    40    44    9468.01    9    9425.64    2    1
(advertise)    47    9468.21    44    9
(relay)    46    34    9492.62    9    9483.82    2    1
(advertise)    47    9492.82    34    9
(relay)    46    42    9517.43    9    9490.29    4    1
(advertise)    47    9517.63    42    9
(relay)    40    13    9597.25    9    9595.27    2    1
(advertise)    47    9597.45    13    9
(relay)    40    5    9653.26    9    9645.96    2    1
(advertise)    47    9653.46    5    9
(relay)    40    6    9674.67    9    9666.15    2    1
(advertise)    47    9675.67    6    9
(relay)    46    46    9739.89    9    9738.91    6    1
(advertise)    47    9740.09    46    9
(relay)    40    20    9791.3    9    9769.8    2    1
(advertise)    47    9791.5    20    9
(relay)    40    27    9815.91    9    9808.99    2    1
(advertise)    47    9816.51    27    9
(relay)    40    37    9847.53    9    9844.34    2    1
(advertise)    47    9847.73    37    9
(relay)    40    40    9871.74    9    9871.25    6    1
(advertise)    47    9872.34    40    9
(relay)    48    48    9956.35    9    9956.19    8    1
(advertise)    47    9956.55    48    9
(relay)    48    41    10026.77    10    10026.29    6    1
(advertise)    47    10026.97    41    10
(relay)    40    33    10074.98    10    10073.78    4    1
(advertise)    47    10075.18    33    10
(relay)    40    19    10164.39    10    10150.26    2    1
(advertise)    47    10164.59    19    10
(relay)    46    35    10184.0    10    10162.4    2    1
(advertise)    47    10186.6    35    10
(relay)    40    26    10187.82    10    10168.73    2    1
(advertise)    47    10207.82    26    10
(generate)    47    10245.43    [24]    10
(relay)    46    45    10269.44    10    10256.73    4    1
(advertise)    47    10269.64    45    10
(relay)    46    43    10401.46    10    10380.63    4    1
(advertise)    47    10401.66    43    10
(relay)    46    44    10446.87    10    10425.65    4    1
(advertise)    47    10447.07    44    10
(relay)    46    38    10469.48    10    10441.17    2    1
(advertise)    47    10470.68    38    10
(relay)    40    34    10491.9    10    10484.01    4    1
(advertise)    47    10492.3    34    10
(relay)    46    42    10497.71    10    10490.47    2    1
(advertise)    47    10516.31    42    10
(relay)    46    32    10537.92    10    10497.43    2    1
(advertise)    47    10538.52    32    10
(relay)    48    13    10599.33    10    10595.39    2    1
(advertise)    47    10599.53    13    10
(relay)    40    5    10651.75    10    10646.06    2    1
(advertise)    47    10651.95    5    10
(relay)    40    6    10674.76    10    10666.35    2    1
(advertise)    47    10675.16    6    10
(relay)    46    46    10739.17    10    10739.11    6    1
(advertise)    47    10739.57    46    10
(relay)    40    20    10771.99    10    10769.83    2    1
(advertise)    47    10772.19    20    10
(relay)    40    27    10813.4    10    10809.09    2    1
(advertise)    47    10813.6    27    10
(relay)    48    12    10835.81    10    10810.02    2    1
(advertise)    47    10836.61    12    10
(relay)    46    37    10846.43    10    10844.34    2    1
(advertise)    47    10858.03    37    10
(relay)    40    40    10871.84    10    10871.32    6    1
(advertise)    47    10879.04    40    10
(relay)    48    48    10956.85    10    10956.39    8    1
(advertise)    47    10957.05    48    10
(relay)    48    41    11026.66    11    11026.37    6    1
(advertise)    47    11026.86    41    11
(relay)    40    33    11075.48    11    11073.8    4    1
(advertise)    47    11075.68    33    11
(relay)    40    19    11165.69    11    11150.41    2    1
(advertise)    47    11165.89    19    11
(relay)    46    35    11186.1    11    11162.46    2    1
(relay)    40    26    11187.5    11    11168.87    2    2
(advertise)    47    11187.9    35    11
(advertise)    47    11209.32    26    11
(generate)    47    11245.53    [24]    11
(relay)    46    45    11268.94    11    11256.8    4    1
(advertise)    47    11269.14    45    11
(relay)    46    36    11298.56    11    11295.68    2    1
(advertise)    47    11298.76    36    11
(relay)    48    39    11377.17    11    11374.35    2    1
(advertise)    47    11377.37    39    11
(relay)    46    43    11421.78    11    11380.74    4    1
(advertise)    47    11421.98    43    11
(relay)    46    44    11445.19    11    11425.67    4    1
(advertise)    47    11445.99    44    11
(relay)    46    38    11466.81    11    11441.24    2    1
(advertise)    47    11467.21    38    11
(relay)    46    34    11492.42    11    11484.21    2    1
(advertise)    47    11492.62    34    11
(relay)    46    32    11514.43    11    11497.62    2    1
(advertise)    47    11514.63    32    11
(relay)    40    13    11598.85    11    11595.47    2    1
(advertise)    47    11599.05    13    11
(relay)    40    6    11673.66    11    11666.53    2    1
(advertise)    47    11673.86    6    11
(relay)    46    46    11739.27    11    11739.11    6    1
(advertise)    47    11739.47    46    11
(relay)    40    20    11772.69    11    11769.88    2    1
(advertise)    47    11772.89    20    11
(relay)    46    12    11837.9    11    11810.09    2    1
(advertise)    47    11838.1    12    11
(relay)    40    37    11860.71    11    11844.53    2    1
(advertise)    47    11861.51    37    11
(relay)    40    40    11871.92    11    11871.36    6    1
(advertise)    47    11882.92    40    11
(relay)    48    48    11957.14    11    11956.57    8    1
(advertise)    47    11957.34    48    11
(relay)    46    41    12027.55    12    12026.41    4    1
(advertise)    47    12027.75    41    12
(relay)    40    33    12075.96    12    12073.82    4    1
(advertise)    47    12076.16    33    12
(relay)    40    19    12167.38    12    12150.41    2    1
(advertise)    47    12167.58    19    12
(relay)    46    35    12185.59    12    12162.59    2    1
(relay)    40    26    12189.39    12    12169.0    2    2
(advertise)    47    12189.99    35    12
(advertise)    47    12213.0    26    12
(generate)    47    12245.62    [24]    12
(relay)    46    45    12271.23    12    12256.89    4    1
(advertise)    47    12271.43    45    12
(relay)    46    36    12297.64    12    12295.82    2    1
(advertise)    47    12298.24    36    12
(relay)    40    39    12374.85    12    12374.54    4    1
(advertise)    47    12375.05    39    12
(relay)    46    43    12401.07    12    12380.88    4    1
(advertise)    47    12401.47    43    12
(relay)    46    44    12447.28    12    12425.86    4    1
(advertise)    47    12447.48    44    12
(relay)    40    38    12471.09    12    12441.3    2    1
(advertise)    47    12471.29    38    12
(relay)    48    34    12494.91    12    12484.23    4    1
(advertise)    47    12495.31    34    12
(relay)    40    32    12518.32    12    12497.8    2    1
(advertise)    47    12518.72    32    12
(relay)    46    42    12535.93    12    12490.82    4    1
(advertise)    47    12541.33    42    12
(relay)    40    5    12650.15    12    12646.22    2    1
(advertise)    47    12650.35    5    12
(relay)    48    6    12676.36    12    12666.54    2    1
(advertise)    47    12676.56    6    12
(heartbeat)    24    3    12677.23    47    12701.77    5    7
(advertise)    47    12701.97    24    3
(relay)    46    46    12739.18    12    12739.15    6    1
(advertise)    47    12739.38    46    12
(relay)    48    20    12795.6    12    12769.99    2    1
(advertise)    47    12795.8    20    12
(relay)    48    27    12818.81    12    12809.54    2    1
(advertise)    47    12819.21    27    12
(relay)    46    37    12845.82    12    12844.56    2    1
(advertise)    47    12846.02    37    12
(relay)    40    40    12872.44    12    12871.38    6    1
(advertise)    47    12872.64    40    12
(relay)    48    48    12957.25    12    12956.77    8    1
(advertise)    47    12957.45    48    12
(relay)    40    41    13027.26    13    13026.48    6    1
(advertise)    47    13027.46    41    13
(relay)    40    33    13076.08    13    13073.9    4    1
(advertise)    47    13076.28    33    13
(relay)    40    19    13154.89    13    13150.58    2    1
(advertise)    47    13155.09    19    13
(relay)    40    26    13177.7    13    13169.12    2    1
(advertise)    47    13178.1    26    13
(relay)    46    35    13184.31    13    13162.71    2    1
(advertise)    47    13199.71    35    13
(generate)    47    13245.73    [24]    13
(relay)    46    45    13267.94    13    13256.98    4    1
(advertise)    47    13268.14    45    13
(relay)    40    36    13297.95    13    13295.89    2    1
(advertise)    47    13298.15    36    13
(relay)    48    39    13375.57    13    13374.57    2    1
(advertise)    47    13375.77    39    13
(relay)    46    44    13429.38    13    13425.89    4    1
(advertise)    47    13429.58    44    13
(relay)    46    38    13451.99    13    13441.38    2    1
(advertise)    47    13452.19    38    13
(relay)    48    34    13486.21    13    13484.25    4    1
(advertise)    47    13486.41    34    13
(relay)    40    32    13509.22    13    13497.99    2    1
(advertise)    47    13509.62    32    13
(relay)    40    42    13533.83    13    13490.83    2    1
(advertise)    47    13534.03    42    13
(relay)    48    13    13601.84    13    13595.7    2    1
(advertise)    47    13602.04    13    13
(relay)    40    6    13675.86    13    13666.73    2    1
(advertise)    47    13676.06    6    13
(relay)    46    46    13739.27    13    13739.16    6    1
(advertise)    47    13739.47    46    13
(relay)    48    20    13792.88    13    13770.02    2    1
(advertise)    47    13793.08    20    13
(relay)    48    27    13814.1    13    13809.63    2    1
(advertise)    47    13815.7    27    13
(relay)    40    12    13838.91    13    13810.28    2    1
(advertise)    47    13839.11    12    13
(relay)    46    37    13847.12    13    13844.75    2    1
(advertise)    47    13861.52    37    13
(relay)    40    40    13872.54    13    13871.45    6    1
(advertise)    47    13884.14    40    13
(relay)    48    48    13957.95    13    13956.95    8    1
(advertise)    47    13958.15    48    13
(relay)    40    41    14027.76    14    14026.55    6    1
(advertise)    47    14027.96    41    14
(relay)    40    33    14075.37    14    14074.09    4    1
(advertise)    47    14075.57    33    14
(relay)    46    35    14184.79    14    14162.81    2    1
(advertise)    47    14184.99    35    14
(generate)    47    14245.8    [24]    14
(relay)    46    45    14269.21    14    14257.04    4    1
(advertise)    47    14269.41    45    14
(relay)    46    36    14298.63    14    14295.95    2    1
(advertise)    47    14298.83    36    14
(relay)    48    39    14376.64    14    14374.57    2    1
(advertise)    47    14376.84    39    14
(relay)    46    43    14400.45    14    14381.05    4    1
(advertise)    47    14400.65    43    14
(relay)    40    38    14445.47    14    14441.43    2    1
(advertise)    47    14445.67    38    14
(relay)    46    44    14468.28    14    14426.09    4    1
(advertise)    47    14468.88    44    14
(relay)    48    34    14492.69    14    14484.27    4    1
(advertise)    47    14492.89    34    14
(relay)    40    32    14517.3    14    14498.16    2    1
(advertise)    47    14517.5    32    14
(relay)    40    42    14540.72    14    14490.84    2    1
(advertise)    47    14541.72    42    14
(relay)    48    13    14602.73    14    14595.81    2    1
(advertise)    47    14602.93    13    14
(relay)    40    6    14675.54    14    14666.93    2    1
(advertise)    47    14675.74    6    14
(relay)    46    46    14739.76    14    14739.18    6    1
(advertise)    47    14739.96    46    14
(relay)    40    20    14775.17    14    14770.06    2    1
(advertise)    47    14775.37    20    14
(relay)    46    37    14847.18    14    14844.77    2    1
(advertise)    47    14847.38    37    14
(relay)    40    40    14872.6    14    14871.5    6    1
(advertise)    47    14873.8    40    14
(relay)    48    48    14958.21    14    14957.13    8    1
(advertise)    47    14958.41    48    14
(relay)    46    41    15029.42    15    15026.64    4    1
(advertise)    47    15029.62    41    15
(relay)    40    33    15074.63    15    15074.28    4    1
(advertise)    47    15074.83    33    15
(relay)    46    35    15183.25    15    15162.87    2    1
(advertise)    47    15183.45    35    15
(relay)    40    26    15190.86    15    15169.69    2    1
(advertise)    47    15205.46    26    15
(generate)    47    15245.87    [24]    15
(relay)    46    45    15270.09    15    15257.12    4    1
(advertise)    47    15270.29    45    15
(relay)    40    36    15299.3    15    15296.03    2    1
(advertise)    47    15299.5    36    15
(relay)    40    39    15376.11    15    15374.57    4    1
(advertise)    47    15376.31    39    15
(relay)    46    43    15401.33    15    15381.15    4    1
(advertise)    47    15401.53    43    15
(relay)    46    44    15428.74    15    15426.28    4    1
(advertise)    47    15428.94    44    15
(relay)    46    38    15451.15    15    15441.49    2    1
(advertise)    47    15452.75    38    15
(relay)    40    34    15486.56    15    15484.28    4    1
(advertise)    47    15486.76    34    15
(relay)    40    32    15510.78    15    15498.3    2    1
(advertise)    47    15510.98    32    15
(relay)    46    42    15533.99    15    15491.03    4    1
(advertise)    47    15534.79    42    15
(relay)    48    13    15603.0    15    15595.87    2    1
(advertise)    47    15603.2    13    15
(relay)    46    46    15739.82    15    15739.2    6    1
(advertise)    47    15740.02    46    15
(relay)    48    20    15790.03    15    15770.09    2    1
(advertise)    47    15790.23    20    15
(relay)    48    27    15813.44    15    15809.79    2    1
(advertise)    47    15814.24    27    15
(relay)    40    37    15858.06    15    15844.94    2    1
(advertise)    47    15858.26    37    15
(relay)    46    40    15879.87    15    15871.53    4    1
(advertise)    47    15880.87    40    15
(relay)    48    48    15958.08    15    15957.14    8    1
(advertise)    47    15958.28    48    15
(relay)    40    41    16028.49    16    16026.71    6    1
(advertise)    47    16028.69    41    16
(relay)    40    33    16074.71    16    16074.28    4    1
(advertise)    47    16074.91    33    16
(relay)    40    19    16152.72    16    16150.77    2    1
(advertise)    47    16152.92    19    16
(relay)    40    26    16176.53    16    16169.75    2    1
(advertise)    47    16176.73    26    16
(relay)    46    35    16182.55    16    16162.93    2    1
(advertise)    47    16200.15    35    16
(generate)    47    16245.96    [24]    16
(relay)    46    45    16267.97    16    16257.16    4    1
(advertise)    47    16268.17    45    16
(relay)    40    36    16300.19    16    16296.06    2    1
(advertise)    47    16300.39    36    16
(relay)    48    39    16377.4    16    16374.58    2    1
(advertise)    47    16377.6    39    16
(relay)    46    43    16401.21    16    16381.19    4    1
(advertise)    47    16402.01    43    16
(relay)    46    44    16443.42    16    16426.3    4    1
(advertise)    47    16443.62    44    16
(relay)    46    38    16466.84    16    16441.55    2    1
(advertise)    47    16467.44    38    16
(relay)    46    34    16493.25    16    16484.48    2    1
(advertise)    47    16493.65    34    16
(relay)    40    32    16514.26    16    16498.48    2    1
(advertise)    47    16518.06    32    16
(relay)    48    13    16600.48    16    16595.97    2    1
(advertise)    47    16600.68    13    16
(relay)    40    5    16651.09    16    16646.49    2    1
(advertise)    47    16651.29    5    16
(relay)    40    6    16677.1    16    16667.32    2    1
(advertise)    47    16677.3    6    16
(heartbeat)    24    4    16677.24    47    16698.72    5    9
(advertise)    47    16700.52    24    4
(relay)    46    46    16739.73    16    16739.22    6    1
(advertise)    47    16739.93    46    16
(relay)    40    20    16775.14    16    16770.11    2    1
(advertise)    47    16775.34    20    16
(relay)    40    27    16811.15    16    16809.86    2    1
(advertise)    47    16811.35    27    16
(relay)    46    37    16849.57    16    16845.13    2    1
(advertise)    47    16849.77    37    16
(relay)    40    40    16871.78    16    16871.62    6    1
(advertise)    47    16872.38    40    16
(relay)    48    48    16957.39    16    16957.32    8    1
(advertise)    47    16957.59    48    16
(relay)    40    41    17029.21    17    17026.79    6    1
(advertise)    47    17029.41    41    17
(relay)    40    33    17075.22    17    17074.28    4    1
(advertise)    47    17075.42    33    17
(relay)    46    35    17165.03    17    17163.06    2    1
(advertise)    47    17165.23    35    17
(generate)    47    17246.05    [24]    17
(relay)    46    45    17269.46    17    17257.24    4    1
(advertise)    47    17269.66    45    17
(relay)    46    36    17301.67    17    17296.12    2    1
(advertise)    47    17301.87    36    17
(relay)    48    39    17378.48    17    17374.58    2    1
(advertise)    47    17378.68    39    17
(relay)    46    43    17401.9    17    17381.23    4    1
(advertise)    47    17402.7    43    17
(relay)    46    44    17427.11    17    17426.31    4    1
(advertise)    47    17427.31    44    17
(relay)    46    38    17451.32    17    17441.64    2    1
(advertise)    47    17451.52    38    17
(relay)    48    34    17487.74    17    17484.51    4    1
(advertise)    47    17487.94    34    17
(relay)    46    42    17513.15    17    17491.38    4    1
(relay)    40    32    17513.35    17    17498.49    2    2
(advertise)    47    17514.15    42    17
(advertise)    47    17536.16    32    17
(relay)    40    5    17652.38    17    17646.59    2    1
(advertise)    47    17652.58    5    17
(relay)    48    6    17676.99    17    17667.51    2    1
(advertise)    47    17677.19    6    17
(relay)    46    46    17740.2    17    17739.24    6    1
(advertise)    47    17740.4    46    17
(relay)    48    20    17773.21    17    17770.12    2    1
(advertise)    47    17773.41    20    17
(relay)    48    27    17812.63    17    17809.92    2    1
(advertise)    47    17812.83    27    17
(relay)    40    40    17871.84    17    17871.68    6    1
(advertise)    47    17872.04    40    17
(relay)    48    48    17957.45    17    17957.33    8    1
(advertise)    47    17957.65    48    17
(relay)    46    41    18031.47    18    18026.87    4    1
(advertise)    47    18031.67    41    18
(relay)    40    33    18076.08    18    18074.67    4    1
(advertise)    47    18076.28    33    18
(relay)    46    35    18183.29    18    18163.14    2    1
(advertise)    47    18183.49    35    18
(relay)    40    26    18186.71    18    18169.91    2    1
(advertise)    47    18205.71    26    18
(generate)    47    18246.12    [24]    18
(relay)    46    45    18268.73    18    18257.3    4    1
(advertise)    47    18268.93    45    18
(relay)    46    39    18376.54    18    18374.74    4    1
(advertise)    47    18376.74    39    18
(relay)    46    43    18401.56    18    18381.29    4    1
(advertise)    47    18401.76    43    18
(relay)    48    34    18486.37    18    18484.7    4    1
(advertise)    47    18486.57    34    18
(relay)    40    32    18509.58    18    18498.66    2    1
(advertise)    47    18510.98    32    18
(relay)    46    42    18513.0    18    18491.39    4    1
(advertise)    47    18532.0    42    18
(relay)    40    5    18653.41    18    18646.72    2    1
(advertise)    47    18653.61    5    18
(relay)    40    6    18676.02    18    18667.67    2    1
(advertise)    47    18676.82    6    18
(relay)    46    46    18740.44    18    18739.43    6    1
(advertise)    47    18740.64    46    18
(relay)    40    20    18772.25    18    18770.13    2    1
(advertise)    47    18772.45    20    18
(relay)    40    27    18812.66    18    18809.98    2    1
(advertise)    47    18812.86    27    18
(relay)    46    37    18865.67    18    18845.31    2    1
(advertise)    47    18865.87    37    18
(relay)    40    40    18871.89    18    18871.74    6    1
(advertise)    47    18887.89    40    18
(relay)    48    48    18957.5    18    18957.5    8    1
(advertise)    47    18957.7    48    18
(relay)    48    41    19027.31    19    19026.96    6    1
(advertise)    47    19027.51    41    19
(relay)    40    33    19076.13    19    19074.86    4    1
(advertise)    47    19076.33    33    19
(relay)    40    19    19167.74    19    19151.16    2    1
(advertise)    47    19167.94    19    19
(relay)    46    35    19184.75    19    19163.22    2    1
(advertise)    47    19190.15    35    19
(generate)    47    19246.17    [24]    19
(relay)    46    45    19268.58    19    19257.33    4    1
(advertise)    47    19268.78    45    19
(relay)    46    36    19301.39    19    19296.21    2    1
(advertise)    47    19301.59    36    19
(relay)    40    39    19377.2    19    19374.76    4    1
(advertise)    47    19377.4    39    19
(relay)    46    43    19400.42    19    19381.35    4    1
(advertise)    47    19401.02    43    19
(relay)    40    38    19446.83    19    19441.73    2    1
(advertise)    47    19447.03    38    19
(relay)    40    44    19470.44    19    19426.53    2    1
(advertise)    47    19470.84    44    19
(relay)    40    34    19492.86    19    19484.73    4    1
(advertise)    47    19493.66    34    19
(relay)    40    32    19515.07    19    19498.85    2    1
(advertise)    47    19516.27    32    19
(relay)    40    13    19598.28    19    19596.21    2    1
(advertise)    47    19598.48    13    19
(relay)    40    5    19654.5    19    19646.8    2    1
(advertise)    47    19654.7    5    19
(relay)    40    6    19676.51    19    19667.87    2    1
(advertise)    47    19676.71    6    19
(relay)    46    46    19740.72    19    19739.63    6    1
(advertise)    47    19740.92    46    19
(relay)    40    27    19813.33    19    19810.03    2    1
(advertise)    47    19813.53    27    19
(relay)    40    40    19872.35    19    19871.8    6    1
(advertise)    47    19872.55    40    19
(relay)    48    48    19958.16    19    19957.65    8    1
(advertise)    47    19958.36    48    19
(relay)    48    41    20027.37    20    20027.06    6    1
(advertise)    47    20027.57    41    20
(relay)    40    33    20076.59    20    20074.87    4    1
(advertise)    47    20076.79    33    20
(relay)    40    19    20154.0    20    20151.16    2    1
(advertise)    47    20154.2    19    20
(relay)    40    26    20177.21    20    20169.99    2    1
(advertise)    47    20177.61    26    20
(relay)    46    35    20184.23    20    20163.3    2    1
(advertise)    47    20198.83    35    20
(generate)    47    20246.24    [24]    20
(relay)    46    45    20269.25    20    20257.38    4    1
(advertise)    47    20269.45    45    20
(relay)    40    36    20300.26    20    20296.3    2    1
(advertise)    47    20300.46    36    20
(relay)    48    39    20377.88    20    20374.91    2    1
(advertise)    47    20378.08    39    20
(relay)    46    43    20399.09    20    20381.45    4    1
(advertise)    47    20399.29    43    20
(relay)    46    44    20466.7    20    20427.92    2    1
(advertise)    47    20466.9    44    20
(relay)    40    34    20488.72    20    20484.92    4    1
(advertise)    47    20489.72    34    20
(relay)    40    32    20511.33    20    20499.02    2    1
(advertise)    47    20512.73    32    20
(relay)    46    42    20515.74    20    20491.76    4    1
(advertise)    47    20535.94    42    20
(relay)    40    13    20600.16    20    20596.3    2    1
(advertise)    47    20600.36    13    20
(relay)    40    5    20652.77    20    20646.86    2    1
(advertise)    47    20652.97    5    20
(relay)    40    6    20675.38    20    20668.01    2    1
(advertise)    47    20675.58    6    20
(heartbeat)    24    5    20677.25    47    20699.19    5    9
(advertise)    47    20699.39    24    5
(relay)    46    46    20739.81    20    20739.65    6    1
(advertise)    47    20740.01    46    20
(relay)    40    20    20772.42    20    20770.18    2    1
(advertise)    47    20772.62    20    20
(relay)    40    12    20836.43    20    20810.67    2    1
(advertise)    47    20836.63    12    20
(relay)    46    37    20847.85    20    20845.67    2    1
(advertise)    47    20860.05    37    20
(relay)    40    40    20872.46    20    20871.91    6    1
(advertise)    47    20882.66    40    20
(relay)    48    48    20958.47    20    20957.85    8    1
(advertise)    47    20958.67    48    20
(relay)    48    41    21027.49    21    21027.16    6    1
(advertise)    47    21027.69    41    21
(relay)    40    33    21076.5    21    21074.88    4    1
(advertise)    47    21076.7    33    21
(relay)    40    19    21169.31    21    21151.35    2    1
(advertise)    47    21169.51    19    21
(relay)    46    35    21187.32    21    21163.42    2    1
(advertise)    47    21193.52    35    21
(generate)    47    21246.34    [24]    21
(relay)    46    45    21272.15    21    21257.46    4    1
(advertise)    47    21272.35    45    21
(relay)    46    36    21298.96    21    21296.39    2    1
(advertise)    47    21299.56    36    21
(relay)    48    39    21377.78    21    21374.93    2    1
(advertise)    47    21377.98    39    21
(relay)    46    43    21423.19    21    21381.56    4    1
(advertise)    47    21423.39    43    21
(relay)    46    44    21447.8    21    21427.95    4    1
(advertise)    47    21448.0    44    21
(relay)    46    38    21468.82    21    21441.85    2    1
(advertise)    47    21470.02    38    21
(relay)    48    34    21493.03    21    21484.95    4    1
(advertise)    47    21493.23    34    21
(relay)    40    32    21517.04    21    21499.21    2    1
(advertise)    47    21517.24    32    21
(relay)    48    13    21601.25    21    21596.4    2    1
(advertise)    47    21601.45    13    21
(relay)    40    5    21651.87    21    21646.95    2    1
(advertise)    47    21652.07    5    21
(relay)    40    6    21677.88    21    21668.19    2    1
(advertise)    47    21678.08    6    21
(relay)    46    46    21739.69    21    21739.66    6    1
(advertise)    47    21739.89    46    21
(relay)    40    20    21772.91    21    21770.22    2    1
(advertise)    47    21773.11    20    21
(relay)    46    37    21860.92    21    21845.86    2    1
(advertise)    47    21861.12    37    21
(relay)    40    40    21872.53    21    21871.98    6    1
(advertise)    47    21882.33    40    21
(relay)    48    48    21958.55    21    21958.03    8    1
(advertise)    47    21958.75    48    21
(relay)    40    41    22027.76    22    22027.25    6    1
(advertise)    47    22027.96    41    22
(relay)    40    33    22077.17    22    22075.07    4    1
(advertise)    47    22077.37    33    22
(relay)    46    35    22185.98    22    22163.5    2    1
(advertise)    47    22186.18    35    22
(generate)    47    22246.4    [24]    22
(relay)    46    45    22269.21    22    22257.52    4    1
(advertise)    47    22269.61    45    22
(relay)    46    36    22298.42    22    22296.49    2    1
(advertise)    47    22298.62    36    22
(relay)    46    39    22375.24    22    22374.93    4    1
(advertise)    47    22375.44    39    22
(relay)    46    43    22402.05    22    22381.68    4    1
(advertise)    47    22402.45    43    22
(relay)    40    38    22447.06    22    22442.11    2    1
(advertise)    47    22447.26    38    22
(relay)    40    44    22468.28    22    22428.14    2    1
(advertise)    47    22470.08    44    22
(relay)    48    34    22492.89    22    22485.15    4    1
(advertise)    47    22493.29    34    22
(relay)    40    32    22516.1    22    22499.37    2    1
(advertise)    47    22516.3    32    22
(relay)    40    42    22540.71    22    22491.95    2    1
(advertise)    47    22541.31    42    22
(relay)    40    13    22602.13    22    22596.48    2    1
(advertise)    47    22602.33    13    22
(relay)    40    5    22651.14    22    22647.05    2    1
(advertise)    47    22651.34    5    22
(relay)    40    6    22676.75    22    22668.36    2    1
(advertise)    47    22676.95    6    22
(relay)    46    46    22739.77    22    22739.68    6    1
(advertise)    47    22739.97    46    22
(relay)    48    27    22812.38    22    22810.3    2    1
(advertise)    47    22812.58    27    22
(relay)    46    37    22847.59    22    22845.87    2    1
(advertise)    47    22847.79    37    22
(relay)    40    40    22873.01    22    22872.03    6    1
(advertise)    47    22873.81    40    22
(relay)    48    48    22958.82    22    22958.21    8    1
(advertise)    47    22959.02    48    22
(relay)    40    41    23028.23    23    23027.33    6    1
(advertise)    47    23028.43    41    23
(relay)    40    33    23077.24    23    23075.09    4    1
(advertise)    47    23077.44    33    23
(relay)    40    19    23155.66    23    23151.72    2    1
(advertise)    47    23155.86    19    23
(relay)    40    26    23177.67    23    23170.21    2    1
(advertise)    47    23179.87    26    23
(relay)    46    35    23185.08    23    23163.6    2    1
(advertise)    47    23201.68    35    23
(generate)    47    23246.5    [24]    23
(relay)    46    45    23269.31    23    23257.58    4    1
(advertise)    47    23269.51    45    23
(relay)    46    36    23298.72    23    23296.55    2    1
(advertise)    47    23299.12    36    23
(relay)    48    39    23375.94    23    23375.09    2    1
(advertise)    47    23376.14    39    23
(relay)    46    44    23468.15    23    23428.14    2    1
(advertise)    47    23468.35    44    23
(relay)    40    34    23492.76    23    23485.34    4    1
(advertise)    47    23493.36    34    23
(relay)    40    32    23515.57    23    23499.52    2    1
(advertise)    47    23515.77    32    23
(relay)    40    13    23602.79    23    23596.58    2    1
(advertise)    47    23602.99    13    23
(relay)    40    5    23649.4    23    23647.15    2    1
(advertise)    47    23649.6    5    23
(relay)    40    6    23675.81    23    23668.52    2    1
(advertise)    47    23676.01    6    23
(relay)    46    46    23740.03    23    23739.86    6    1
(advertise)    47    23740.23    46    23
(relay)    40    20    23774.44    23    23770.43    2    1
(advertise)    47    23774.64    20    23
(relay)    48    27    23811.25    23    23810.36    2    1
(advertise)    47    23811.45    27    23
(relay)    40    12    23835.27    23    23810.91    2    1
(advertise)    47    23836.67    12    23
(relay)    46    37    23848.28    23    23846.04    2    1
(advertise)    47    23859.68    37    23
(relay)    40    40    23873.09    23    23872.11    6    1
(advertise)    47    23881.09    40    23
(relay)    48    48    23959.3    23    23958.38    8    1
(advertise)    47    23959.5    48    23
(relay)    48    41    24028.92    24    24027.41    6    1
(advertise)    47    24029.12    41    24
(relay)    40    33    24076.73    24    24075.25    4    1
(advertise)    47    24076.93    33    24
(relay)    40    19    24159.94    24    24151.91    2    1
(advertise)    47    24160.14    19    24
(relay)    40    26    24181.96    24    24170.27    2    1
(advertise)    47    24182.76    26    24
(relay)    46    35    24204.57    24    24163.69    2    1
(advertise)    47    24205.57    35    24
(generate)    47    24246.58    [24]    24
(relay)    46    45    24269.6    24    24257.84    4    1
(advertise)    47    24269.8    45    24
(relay)    48    39    24377.21    24    24375.28    2    1
(advertise)    47    24377.41    39    24
(relay)    46    43    24400.42    24    24381.82    4    1
(advertise)    47    24400.82    43    24
(relay)    46    44    24431.43    24    24428.15    4    1
(advertise)    47    24431.63    44    24
(relay)    46    38    24453.25    24    24442.21    2    1
(advertise)    47    24454.05    38    24
(relay)    48    34    24487.46    24    24485.37    4    1
(advertise)    47    24487.66    34    24
(relay)    40    32    24511.87    24    24499.62    2    1
(advertise)    47    24512.07    32    24
(relay)    46    42    24515.09    24    24491.96    4    1
(advertise)    47    24536.09    42    24
(relay)    40    6    24676.7    24    24668.7    2    1
(advertise)    47    24676.9    6    24
(heartbeat)    24    6    24677.27    47    24703.71    5    9
(advertise)    47    24703.91    24    6
(relay)    46    46    24740.53    24    24739.88    6    1
(advertise)    47    24740.73    46    24
(relay)    40    20    24774.94    24    24770.47    2    1
(advertise)    47    24775.14    20    24
(relay)    48    27    24811.35    24    24810.44    2    1
(advertise)    47    24811.55    27    24
(relay)    46    37    24848.56    24    24846.04    2    1
(advertise)    47    24848.76    37    24
(relay)    40    40    24873.18    24    24872.21    6    1
(advertise)    47    24873.58    40    24
(relay)    48    48    24959.39    24    24958.4    8    1
(advertise)    47    24959.59    48    24
(relay)    46    41    25030.2    25    25027.51    4    1
(advertise)    47    25030.4    41    25
(relay)    40    33    25075.82    25    25075.44    4    1
(advertise)    47    25076.02    33    25
(relay)    40    19    25155.63    25    25151.94    2    1
(advertise)    47    25155.83    19    25
(relay)    46    35    25184.84    25    25163.81    2    1
(advertise)    47    25185.04    35    25
(generate)    47    25246.66    [24]    25
(relay)    46    45    25269.67    25    25257.92    8    1
(advertise)    47    25269.87    45    25
(relay)    46    36    25299.68    25    25296.72    2    1
(advertise)    47    25299.88    36    25
(relay)    46    39    25376.49    25    25375.29    4    1
(advertise)    47    25376.69    39    25
(relay)    46    43    25402.51    25    25381.89    4    1
(advertise)    47    25402.71    43    25
(relay)    46    38    25443.12    25    25442.28    4    1
(advertise)    47    25443.32    38    25
(relay)    40    44    25466.33    25    25428.17    2    1
(advertise)    47    25466.93    44    25
(relay)    48    34    25491.35    25    25485.4    4    1
(advertise)    47    25491.55    34    25
(relay)    46    32    25514.16    25    25499.63    2    1
(advertise)    47    25514.36    32    25
(relay)    40    42    25535.97    25    25492.0    2    1
(advertise)    47    25536.97    42    25
(relay)    48    13    25602.19    25    25596.75    2    1
(advertise)    47    25602.39    13    25
(relay)    40    5    25651.6    25    25647.28    2    1
(advertise)    47    25651.8    5    25
(relay)    40    6    25677.61    25    25668.89    2    1
(advertise)    47    25678.21    6    25
(relay)    46    46    25740.42    25    25739.9    6    1
(advertise)    47    25740.62    46    25
(relay)    40    20    25775.84    25    25770.5    2    1
(advertise)    47    25776.04    20    25
(relay)    40    27    25811.65    25    25810.52    2    1
(advertise)    47    25811.85    27    25
(relay)    40    40    25873.26    25    25872.3    6    1
(advertise)    47    25873.46    40    25
(relay)    48    48    25959.68    25    25958.6    8    1
(advertise)    47    25959.88    48    25
(relay)    40    41    26029.29    26    26027.62    6    1
(advertise)    47    26029.49    41    26
(relay)    40    33    26075.9    26    26075.47    4    1
(advertise)    47    26076.1    33    26
(relay)    46    35    26187.72    26    26163.91    2    1
(advertise)    47    26187.92    35    26
(generate)    47    26246.73    [24]    26
(relay)    46    45    26269.14    26    26257.99    8    1
(advertise)    47    26269.34    45    26
(relay)    46    36    26301.35    26    26296.78    2    1
(advertise)    47    26301.55    36    26
(relay)    46    39    26376.97    26    26375.48    4    1
(advertise)    47    26377.17    39    26
(relay)    46    43    26401.78    26    26381.95    4    1
(advertise)    47    26402.38    43    26
(relay)    46    44    26444.59    26    26428.37    4    1
(advertise)    47    26444.79    44    26
(relay)    46    38    26468.21    26    26442.31    4    1
(advertise)    47    26468.41    38    26
(relay)    40    34    26492.42    26    26485.43    4    1
(advertise)    47    26493.02    34    26
(relay)    40    32    26514.03    26    26499.78    2    1
(advertise)    47    26516.23    32    26
(relay)    46    42    26517.65    26    26492.18    4    1
(advertise)    47    26538.05    42    26
(relay)    48    13    26601.46    26    26596.83    2    1
(advertise)    47    26601.66    13    26
(relay)    40    5    26651.87    26    26647.37    2    1
(advertise)    47    26652.07    5    26
(relay)    40    6    26677.88    26    26669.09    2    1
(advertise)    47    26678.28    6    26
(relay)    46    46    26740.5    26    26739.91    6    1
(advertise)    47    26740.7    46    26
(relay)    48    20    26774.51    26    26770.55    2    1
(advertise)    47    26774.71    20    26
(relay)    40    27    26812.72    26    26810.61    2    1
(advertise)    47    26812.92    27    26
(relay)    40    40    26872.54    26    26872.37    6    1
(advertise)    47    26872.74    40    26
(relay)    48    48    26958.75    26    26958.62    8    1
(advertise)    47    26958.95    48    26
(relay)    46    41    27031.96    27    27027.74    4    1
(advertise)    47    27032.16    41    27
(relay)    40    33    27075.98    27    27075.49    4    1
(advertise)    47    27076.18    33    27
(relay)    40    19    27170.39    27    27152.13    2    1
(advertise)    47    27170.59    19    27
(relay)    46    35    27183.8    27    27164.04    2    1
(advertise)    47    27192.4    35    27
(generate)    47    27246.81    [24]    27
(relay)    46    45    27270.83    27    27258.06    8    1
(advertise)    47    27271.03    45    27
(relay)    40    39    27377.24    27    27375.65    4    1
(advertise)    47    27377.44    39    27
(relay)    46    43    27404.25    27    27382.07    4    1
(advertise)    47    27404.45    43    27
(relay)    46    44    27429.27    27    27428.38    4    1
(advertise)    47    27429.47    44    27
(relay)    46    38    27476.28    27    27442.36    4    1
(advertise)    47    27476.48    38    27
(relay)    48    34    27500.49    27    27485.48    4    1
(advertise)    47    27501.49    34    27
(relay)    40    32    27527.11    27    27499.97    2    1
(advertise)    47    27528.11    32    27
(relay)    40    42    27550.12    27    27492.2    2    1
(advertise)    47    27550.32    42    27
(relay)    40    5    27652.93    27    27647.43    2    1
(advertise)    47    27653.13    5    27
(relay)    40    6    27677.94    27    27669.24    2    1
(advertise)    47    27678.14    6    27
(relay)    46    46    27741.16    27    27740.11    6    1
(advertise)    47    27741.36    46    27
(relay)    48    20    27773.77    27    27770.58    2    1
(advertise)    47    27773.97    20    27
(relay)    40    27    27813.58    27    27810.73    2    1
(advertise)    47    27813.78    27    27
(relay)    40    37    27850.4    27    27846.4    2    1
(advertise)    47    27850.6    37    27
(relay)    40    40    27872.61    27    27872.45    6    1
(advertise)    47    27873.41    40    27
(relay)    48    48    27958.82    27    27958.81    8    1
(advertise)    47    27959.02    48    27
(relay)    46    41    28032.64    28    28027.84    4    1
(advertise)    47    28032.84    41    28
(relay)    40    33    28076.85    28    28075.5    4    1
(advertise)    47    28077.05    33    28
(relay)    40    19    28166.06    28    28152.14    2    1
(advertise)    47    28166.26    19    28
(relay)    40    26    28188.47    28    28170.63    2    1
(advertise)    47    28189.47    26    28
(generate)    47    28246.89    [24]    28
(relay)    46    45    28269.1    28    28258.12    8    1
(advertise)    47    28269.3    45    28
(relay)    40    36    28302.31    28    28296.96    2    1
(advertise)    47    28302.51    36    28
(relay)    40    39    28377.93    28    28375.84    4    1
(advertise)    47    28378.13    39    28
(relay)    46    43    28402.54    28    28382.15    4    1
(advertise)    47    28403.34    43    28
(relay)    46    38    28446.15    28    28442.42    4    1
(advertise)    47    28446.35    38    28
(relay)    40    44    28468.57    28    28428.4    2    1
(advertise)    47    28469.37    44    28
(relay)    48    34    28491.18    28    28485.53    4    1
(advertise)    47    28491.38    34    28
(relay)    40    32    28515.59    28    28500.16    2    1
(advertise)    47    28515.99    32    28
(relay)    40    13    28598.8    28    28597.01    2    1
(advertise)    47    28599.0    13    28
(relay)    40    5    28654.22    28    28647.53    2    1
(advertise)    47    28654.42    5    28
(relay)    40    6    28677.23    28    28669.44    2    1
(advertise)    47    28678.43    6    28
(heartbeat)    24    7    28677.28    47    28682.84    5    9
(advertise)    47    28700.84    24    7
(relay)    46    46    28741.26    28    28740.3    8    1
(advertise)    47    28741.46    46    28
(relay)    48    20    28773.47    28    28770.66    2    1
(advertise)    47    28773.67    20    28
(relay)    40    27    28813.68    28    28810.84    2    1
(advertise)    47    28813.88    27    28
(relay)    40    12    28837.5    28    28811.39    2    1
(advertise)    47    28838.3    12    28
(relay)    46    37    28851.11    28    28846.56    2    1
(advertise)    47    28862.31    37    28
(relay)    40    40    28872.72    28    28872.54    6    1
(advertise)    47    28885.12    40    28
(relay)    48    48    28959.13    28    28958.99    8    1
(advertise)    47    28959.33    48    28
(relay)    48    41    29029.15    29    29027.93    6    1
(advertise)    47    29029.35    41    29
(relay)    40    33    29077.36    29    29075.92    4    1
(advertise)    47    29077.56    33    29
(relay)    40    19    29153.57    29    29152.19    2    1
(advertise)    47    29153.77    19    29
(relay)    40    26    29178.99    29    29170.73    2    1
(advertise)    47    29179.19    26    29
(relay)    46    35    29185.4    29    29164.25    2    1
(advertise)    47    29201.2    35    29
(generate)    47    29247.01    [24]    29
(relay)    46    45    29270.43    29    29258.18    6    1
(advertise)    47    29270.63    45    29
(relay)    48    39    29380.64    29    29376.01    2    1
(advertise)    47    29380.84    39    29
(relay)    46    43    29401.85    29    29382.25    4    1
(advertise)    47    29402.05    43    29
(relay)    48    38    29448.26    29    29442.48    2    1
(advertise)    47    29448.46    38    29
(relay)    40    44    29468.68    29    29428.42    2    1
(advertise)    47    29470.88    44    29
(relay)    48    34    29492.09    29    29485.57    4    1
(advertise)    47    29493.49    34    29
(relay)    46    32    29515.7    29    29500.3    2    1
(advertise)    47    29516.1    32    29
(relay)    40    13    29600.52    29    29597.12    2    1
(advertise)    47    29600.72    13    29
(relay)    40    5    29655.13    29    29647.63    2    1
(advertise)    47    29655.33    5    29
(relay)    40    6    29676.54    29    29669.62    2    1
(advertise)    47    29677.94    6    29
(relay)    46    46    29741.36    29    29740.31    8    1
(advertise)    47    29741.56    46    29
(relay)    40    20    29772.37    29    29770.7    2    1
(advertise)    47    29772.57    20    29
(relay)    40    27    29814.18    29    29810.95    2    1
(advertise)    47    29814.38    27    29
(relay)    40    12    29837.79    29    29811.45    2    1
(advertise)    47    29838.19    12    29
(relay)    46    37    29848.61    29    29846.7    2    1
(advertise)    47    29859.81    37    29
(relay)    40    40    29873.22    29    29872.63    6    1
(advertise)    47    29881.62    40    29
(relay)    48    48    29959.23    29    29959.18    8    1
(advertise)    47    29959.43    48    29
