(relay)    6    41    1027.4    1    1025.0    122    1
(advertise)    5    1027.6    41    1
(relay)    4    28    1069.81    1    1062.01    119    1
(advertise)    5    1070.01    28    1
(relay)    12    18    1090.63    1    1069.03    125    1
(advertise)    5    1092.03    18    1
(relay)    4    4    1111.24    1    1111.04    127    1
(advertise)    5    1113.84    4    1
(relay)    4    3    1133.85    1    1089.21    122    1
(advertise)    5    1137.05    3    1
(relay)    12    33    1156.87    1    1071.01    122    1
(advertise)    5    1159.87    33    1
(relay)    12    19    1181.28    1    1149.07    126    1
(advertise)    5    1181.88    19    1
(relay)    12    26    1202.29    1    1166.08    125    1
(advertise)    5    1202.89    26    1
(relay)    4    2    1204.5    1    1164.05    125    1
(advertise)    5    1224.1    2    1
(relay)    12    7    1246.92    1    1153.07    120    1
(advertise)    5    1247.52    7    1
(relay)    4    16    1250.33    1    1177.08    123    1
(advertise)    5    1271.73    16    1
(relay)    6    47    1295.14    1    1244.12    118    1
(advertise)    5    1295.54    47    1
(relay)    6    17    1317.76    1    1292.14    122    1
(advertise)    5    1318.56    17    1
(relay)    12    45    1338.77    1    1255.13    118    1
(relay)    4    35    1339.37    1    1161.07    116    2
(advertise)    5    1340.17    45    1
(advertise)    5    1362.78    35    1
(relay)    12    23    1380.2    1    1297.16    122    1
(advertise)    5    1384.4    23    1
(relay)    4    9    1403.21    1    1337.18    124    1
(advertise)    5    1405.61    9    1
(relay)    12    39    1429.22    1    1373.2    122    1
(advertise)    5    1430.62    39    1
(relay)    12    36    1451.23    1    1294.14    117    1
(advertise)    5    1453.63    36    1
(relay)    12    30    1475.45    1    1393.01    121    1
(advertise)    5    1475.85    30    1
(relay)    12    31    1498.86    1    1315.16    120    1
(advertise)    5    1499.66    31    1
(relay)    12    43    1521.87    1    1378.2    118    1
(advertise)    5    1522.07    43    1
(relay)    12    34    1544.29    1    1483.06    121    1
(advertise)    5    1546.29    34    1
(relay)    12    44    1564.3    1    1425.02    119    1
(advertise)    5    1569.3    44    1
(relay)    12    38    1586.31    1    1440.03    119    1
(advertise)    5    1591.51    38    1
(relay)    6    32    1592.73    1    1496.07    121    1
(relay)    12    11    1609.13    1    1568.11    126    2
(advertise)    5    1614.33    32    1
(relay)    6    13    1615.74    1    1594.13    126    2
(relay)    12    25    1630.74    1    1533.09    124    3
(relay)    4    21    1634.14    1    1535.09    120    4
(advertise)    5    1636.14    11    1
(generate)    5    1645.15    [24]    1
(advertise)    5    1659.16    13    1
(relay)    6    6    1665.78    1    1665.14    127    3
(advertise)    5    1682.18    25    1
(advertise)    5    1704.19    21    1
(relay)    4    8    1722.2    1    1614.11    123    2
(advertise)    5    1725.6    6    1
(advertise)    5    1747.82    8    1
(relay)    4    42    1763.83    1    1489.05    115    1
(advertise)    5    1769.83    42    1
(relay)    6    20    1795.84    1    1769.02    125    1
(advertise)    5    1796.04    20    1
(relay)    12    10    1807.46    1    1750.02    125    1
(relay)    12    12    1810.06    1    1809.04    127    2
(advertise)    5    1817.26    10    1
(advertise)    5    1838.27    12    1
(relay)    4    1    1851.28    1    1680.16    122    1
(advertise)    5    1860.08    1    1
(relay)    12    14    1874.09    1    1724.0    115    1
(advertise)    5    1882.09    14    1
(relay)    6    29    1886.11    1    1653.15    118    1
(advertise)    5    1905.71    29    1
(relay)    6    27    1929.32    1    1808.06    124    1
(advertise)    5    1929.72    27    1
(relay)    4    46    1940.13    1    1738.0    115    1
(advertise)    5    1951.53    46    1
(relay)    12    37    1964.95    1    1843.07    120    1
(advertise)    5    1973.75    37    1
(relay)    4    0    1985.36    1    1829.04    123    1
(advertise)    5    1995.76    0    1
(relay)    12    15    2017.77    1    1895.11    122    1
(advertise)    5    2017.97    15    1
(relay)    12    40    2041.79    1    1870.29    123    1
(advertise)    5    2041.99    40    1
(relay)    12    22    2064.6    1    1896.11    121    1
(advertise)    5    2065.2    22    1
(relay)    12    18    2086.61    2    2069.2    125    1
(advertise)    5    2089.21    18    2
(relay)    12    48    2107.82    1    1955.11    121    1
(advertise)    5    2110.42    48    1
(relay)    12    4    2132.84    2    2111.22    125    1
(advertise)    5    2133.84    4    2
(relay)    4    41    2142.85    2    2025.17    120    1
(advertise)    5    2156.65    41    2
(relay)    4    3    2166.26    2    2089.4    122    1
(relay)    12    19    2175.26    2    2149.25    126    2
(relay)    6    33    2178.66    2    2071.6    122    3
(advertise)    5    2179.26    3    2
(advertise)    5    2201.28    19    2
(relay)    4    2    2209.69    2    2164.24    125    2
(advertise)    5    2222.29    33    2
(relay)    4    28    2233.9    2    2062.2    119    2
(advertise)    5    2246.3    2    2
(advertise)    5    2267.52    28    2
(relay)    4    16    2277.53    2    2177.28    123    1
(advertise)    5    2289.93    16    2
(relay)    4    7    2299.74    2    2153.24    122    1
(advertise)    5    2311.94    7    2
(relay)    4    17    2322.95    2    2292.34    124    1
(advertise)    5    2335.95    17    2
(relay)    4    26    2345.57    2    2166.26    119    1
(advertise)    5    2357.57    26    2
(relay)    4    35    2369.18    2    2161.25    118    1
(relay)    12    47    2372.78    2    2244.32    122    2
(advertise)    5    2379.18    35    2
(relay)    4    9    2390.59    2    2337.37    124    2
(advertise)    5    2400.59    47    2
(advertise)    5    2421.81    9    2
(relay)    4    45    2434.62    2    2255.92    120    1
(advertise)    5    2444.82    45    2
(relay)    4    23    2456.23    2    2297.34    122    1
(relay)    12    31    2462.43    2    2315.35    122    2
(advertise)    5    2467.43    23    2
(advertise)    5    2489.44    31    2
(relay)    4    39    2502.06    2    2373.39    122    1
(advertise)    5    2510.86    39    2
(relay)    4    36    2526.47    2    2294.74    117    1
(advertise)    5    2532.07    36    2
(relay)    4    30    2547.48    2    2393.81    121    1
(advertise)    5    2555.68    30    2
(relay)    4    25    2569.3    2    2533.28    124    1
(relay)    12    34    2577.1    2    2483.24    123    2
(advertise)    5    2578.5    25    2
(relay)    4    43    2590.51    2    2378.37    116    2
(advertise)    5    2602.31    34    2
(relay)    12    11    2621.32    2    2568.31    126    2
(advertise)    5    2625.52    43    2
(relay)    4    38    2633.54    2    2440.23    119    2
(generate)    5    2645.34    [24]    2
(advertise)    5    2647.95    11    2
(relay)    4    21    2654.76    2    2535.27    120    2
(relay)    12    13    2663.76    2    2594.31    126    3
(relay)    6    6    2665.96    2    2665.32    127    4
(advertise)    5    2670.36    38    2
(relay)    12    32    2684.97    2    2496.26    123    4
(advertise)    5    2692.17    21    2
(advertise)    5    2714.19    13    2
(relay)    4    8    2722.4    2    2614.31    123    3
(advertise)    5    2736.0    6    2
(advertise)    5    2758.01    32    2
(advertise)    5    2780.03    8    2
(relay)    12    44    2795.64    2    2425.21    117    1
(advertise)    5    2803.64    44    2
(relay)    12    12    2809.25    2    2809.23    127    1
(relay)    6    20    2823.85    2    2769.21    125    2
(advertise)    5    2824.85    12    2
(relay)    4    1    2832.27    2    2680.36    124    2
(advertise)    5    2846.87    20    2
(relay)    4    10    2854.08    2    2750.21    125    2
(relay)    12    42    2861.08    2    2489.22    117    3
(advertise)    5    2867.88    1    2
(advertise)    5    2890.69    10    2
(relay)    12    29    2906.1    2    2653.35    120    2
(advertise)    5    2912.9    42    2
(advertise)    5    2934.92    29    2
(relay)    12    27    2952.53    2    2808.24    124    1
(advertise)    5    2956.13    27    2
(relay)    4    46    2965.54    2    2738.2    121    1
(advertise)    5    2979.14    46    2
(relay)    4    0    2986.96    2    2829.2    123    1
(relay)    12    14    2997.16    2    2724.2    121    2
(advertise)    5    3001.76    0    2
(advertise)    5    3023.37    14    2
(relay)    6    40    3029.78    2    2870.48    121    1
(advertise)    5    3046.58    40    2
(relay)    4    37    3054.4    2    2843.47    120    1
(advertise)    5    3069.2    37    2
(relay)    12    22    3085.41    2    2896.29    121    1
(advertise)    5    3090.61    22    2
(relay)    12    48    3108.62    2    2955.29    121    1
(relay)    4    4    3112.02    3    3111.42    127    2
(advertise)    5    3114.02    48    2
(relay)    12    15    3131.43    2    2895.3    120    2
(advertise)    5    3136.43    4    3
(relay)    4    3    3145.65    3    3089.6    126    2
(relay)    12    18    3154.85    3    3069.4    125    3
(advertise)    5    3157.45    15    2
(relay)    6    41    3163.26    3    3025.37    122    3
(advertise)    5    3179.26    3    3
(advertise)    5    3201.67    18    3
(relay)    4    2    3208.49    3    3164.42    125    2
(relay)    12    19    3221.09    3    3149.45    126    3
(advertise)    5    3224.69    41    3
(advertise)    5    3245.7    2    3
(relay)    6    33    3253.31    3    3071.8    122    2
(relay)    4    28    3253.91    3    3062.4    119    3
(advertise)    5    3268.51    19    3
(advertise)    5    3291.13    33    3
(advertise)    5    3312.34    28    3
(relay)    4    26    3318.95    3    3167.66    123    1
(advertise)    5    3334.55    26    3
(relay)    4    16    3340.96    3    3177.46    123    1
(advertise)    5    3357.16    16    3
(relay)    4    7    3363.38    3    3153.43    122    1
(relay)    12    47    3375.98    3    3244.49    120    2
(advertise)    5    3379.18    7    3
(relay)    4    17    3385.99    3    3292.53    124    2
(advertise)    5    3400.59    47    3
(advertise)    5    3422.0    17    3
(relay)    4    35    3429.62    3    3161.45    118    1
(advertise)    5    3443.82    35    3
(relay)    4    9    3452.03    3    3337.56    124    1
(advertise)    5    3465.43    9    3
(relay)    4    23    3473.44    3    3297.53    122    1
(advertise)    5    3487.84    23    3
(relay)    4    31    3495.06    3    3315.55    122    1
(relay)    6    45    3497.86    3    3256.1    118    2
(advertise)    5    3510.26    31    3
(advertise)    5    3533.67    45    3
(relay)    4    36    3540.68    3    3294.93    117    1
(advertise)    5    3554.88    36    3
(relay)    4    25    3563.09    3    3533.48    124    1
(advertise)    5    3576.89    25    3
(relay)    12    39    3579.71    3    3373.59    122    1
(relay)    4    30    3584.11    3    3394.0    121    2
(advertise)    5    3598.51    39    3
(relay)    4    11    3606.92    3    3568.51    126    2
(advertise)    5    3621.92    30    3
(relay)    6    13    3629.13    3    3594.51    126    2
(advertise)    5    3643.33    11    3
(generate)    5    3645.35    [24]    3
(relay)    4    21    3651.36    3    3535.47    120    2
(relay)    6    34    3652.56    3    3483.44    123    3
(advertise)    5    3664.76    13    3
(relay)    6    6    3665.97    3    3665.51    127    3
(advertise)    5    3686.17    21    3
(relay)    4    38    3695.59    3    3440.43    119    3
(advertise)    5    3707.59    34    3
(advertise)    5    3729.4    6    3
(advertise)    5    3751.41    38    3
(relay)    12    32    3760.02    3    3496.46    123    1
(advertise)    5    3773.02    32    3
(relay)    4    8    3784.24    3    3614.49    123    1
(advertise)    5    3795.04    8    3
(relay)    12    12    3809.45    3    3809.42    127    1
(advertise)    5    3816.25    12    3
(relay)    6    44    3824.46    3    3425.22    117    1
(relay)    12    43    3827.26    3    3378.56    116    2
(advertise)    5    3838.46    44    3
(relay)    4    10    3850.28    3    3750.41    125    2
(advertise)    5    3860.28    43    3
(relay)    6    20    3868.69    3    3769.22    125    2
(advertise)    5    3882.09    10    3
(relay)    4    1    3895.3    3    3680.55    124    2
(advertise)    5    3904.9    20    3
(advertise)    5    3926.32    1    3
(relay)    6    27    3934.53    3    3808.44    124    1
(relay)    4    29    3939.73    3    3653.55    120    2
(advertise)    5    3947.93    27    3
(relay)    12    42    3960.34    3    3489.42    117    2
(advertise)    5    3970.74    29    3
(relay)    4    14    3984.95    3    3725.0    121    2
(advertise)    5    3991.75    42    3
(relay)    4    46    4006.17    3    3738.4    121    2
(advertise)    5    4013.17    14    3
(advertise)    5    4036.18    46    3
(relay)    6    40    4068.39    3    3870.68    121    1
(advertise)    5    4068.59    40    3
(relay)    6    37    4089.61    3    3843.66    118    1
(advertise)    5    4090.01    37    3
(relay)    4    4    4112.22    4    4111.62    127    1
(advertise)    5    4113.42    4    4
(relay)    6    33    4135.43    4    4071.98    122    1
(advertise)    5    4135.83    33    4
(relay)    4    18    4158.85    4    4069.59    125    1
(advertise)    5    4159.45    18    4
(relay)    4    2    4179.46    4    4164.62    125    1
(advertise)    5    4181.86    2    4
(relay)    4    3    4200.87    4    4089.81    124    1
(advertise)    5    4204.27    3    4
(relay)    12    19    4224.08    4    4149.65    126    1
(advertise)    5    4226.68    19    4
(relay)    6    22    4268.7    3    3896.49    119    1
(advertise)    5    4268.9    22    3
(relay)    4    7    4289.11    4    4153.63    122    1
(relay)    6    48    4290.71    3    3955.48    119    2
(advertise)    5    4292.31    7    4
(relay)    4    41    4311.32    4    4025.57    120    2
(relay)    6    26    4313.52    4    4167.86    123    3
(advertise)    5    4314.72    48    3
(advertise)    5    4337.74    41    4
(relay)    4    28    4354.75    4    4062.59    119    2
(advertise)    5    4358.95    26    4
(relay)    4    16    4377.76    4    4177.66    123    2
(advertise)    5    4381.16    28    4
(advertise)    5    4403.18    16    4
(relay)    4    17    4422.79    4    4292.72    124    1
(advertise)    5    4424.59    17    4
(relay)    4    9    4445.2    4    4337.75    124    1
(advertise)    5    4448.8    9    4
(relay)    12    47    4467.01    4    4244.68    122    1
(relay)    4    35    4467.61    4    4161.63    118    2
(advertise)    5    4470.81    47    4
(advertise)    5    4492.23    35    4
(relay)    4    23    4513.44    4    4297.54    122    1
(advertise)    5    4514.44    23    4
(relay)    12    45    4533.85    4    4256.11    120    1
(advertise)    5    4536.65    45    4
(relay)    4    31    4560.47    4    4315.95    122    1
(advertise)    5    4560.67    31    4
(relay)    4    11    4582.28    4    4568.69    126    1
(advertise)    5    4583.28    11    4
(relay)    4    30    4603.89    4    4394.2    121    1
(advertise)    5    4605.09    30    4
(relay)    6    13    4608.11    4    4594.69    126    1
(relay)    12    34    4621.51    4    4483.64    123    2
(relay)    4    25    4625.71    4    4533.68    124    3
(advertise)    5    4628.11    13    4
(generate)    5    4645.52    [24]    4
(advertise)    5    4649.33    34    4
(relay)    6    6    4666.34    4    4665.71    127    2
(advertise)    5    4671.34    25    4
(relay)    12    39    4689.36    4    4373.79    122    2
(advertise)    5    4693.96    6    4
(advertise)    5    4715.97    39    4
(relay)    4    8    4739.98    4    4614.69    123    1
(advertise)    5    4740.38    8    4
(relay)    4    32    4761.6    4    4496.65    123    1
(advertise)    5    4762.4    32    4
(relay)    4    1    4784.01    4    4680.74    124    1
(advertise)    5    4785.61    1    4
(relay)    4    21    4805.42    4    4535.67    120    1
(relay)    6    38    4808.22    4    4440.61    117    2
(advertise)    5    4808.42    21    4
(relay)    12    12    4809.64    4    4809.62    127    2
(relay)    12    36    4817.44    4    4295.12    115    3
(relay)    4    10    4828.44    4    4750.61    125    4
(advertise)    5    4831.04    38    4
(relay)    6    20    4832.25    4    4769.41    125    4
(advertise)    5    4852.05    12    4
(advertise)    5    4873.06    36    4
(advertise)    5    4896.27    10    4
(relay)    6    44    4900.09    4    4425.41    117    2
(heartbeat)    24    1    4677.2    5    4916.49    127    0
(advertise)    5    4918.29    20    4
(advertise)    5    4939.7    44    4
(advertise)    5    4961.71    24    1
(relay)    12    43    4970.13    4    4378.76    118    1
(advertise)    5    4984.13    43    4
(relay)    6    27    4986.34    4    4808.45    2    1
(relay)    4    0    5002.54    4    4829.57    123    2
(advertise)    5    5005.74    27    4
(advertise)    5    5026.75    0    4
(relay)    12    29    5035.77    4    4653.56    120    1
(advertise)    5    5047.77    29    4
(relay)    6    46    5075.78    4    4738.6    119    1
(advertise)    5    5075.98    46    4
(relay)    12    42    5102.59    4    4489.61    117    1
(advertise)    5    5102.79    42    4
(relay)    4    14    5112.4    4    4725.18    121    1
(relay)    4    4    5113.6    5    5113.02    6    2
(advertise)    5    5127.8    14    4
(advertise)    5    5148.82    4    5
(relay)    12    19    5169.83    5    5149.84    6    1
(advertise)    5    5170.83    19    5
(relay)    12    40    5192.04    4    4870.87    2    1
(advertise)    5    5193.64    40    4
(relay)    4    2    5196.06    5    5164.82    6    1
(advertise)    5    5216.46    2    5
(relay)    4    3    5218.47    5    5089.99    4    1
(relay)    12    41    5235.87    5    5025.77    2    2
(advertise)    5    5239.87    3    5
(relay)    4    7    5248.48    5    5153.83    2    2
(advertise)    5    5262.28    41    5
(advertise)    5    5285.1    7    5
(relay)    6    48    5297.11    4    4955.67    2    1
(relay)    12    26    5304.31    5    5168.06    2    2
(advertise)    5    5309.11    48    4
(relay)    4    17    5315.12    5    5292.91    2    2
(advertise)    5    5333.12    26    5
(relay)    4    9    5339.93    5    5337.95    4    2
(advertise)    5    5356.93    17    5
(relay)    12    47    5378.15    5    5244.88    4    2
(advertise)    5    5379.15    9    5
(advertise)    5    5404.36    47    5
(relay)    12    34    5488.17    5    5483.75    2    1
(advertise)    5    5488.37    34    5
(relay)    4    11    5570.19    5    5568.88    4    1
(advertise)    5    5570.39    11    5
(relay)    6    13    5596.2    5    5594.83    6    1
(advertise)    5    5596.4    13    5
(relay)    4    8    5623.21    5    5614.77    2    1
(advertise)    5    5623.41    8    5
(generate)    5    5645.63    [24]    5
(relay)    6    6    5666.84    5    5665.75    8    1
(advertise)    5    5667.04    6    5
(relay)    4    1    5697.45    5    5680.84    6    1
(advertise)    5    5697.65    1    5
(relay)    4    10    5763.06    5    5750.65    4    1
(advertise)    5    5763.26    10    5
(relay)    6    20    5787.48    5    5769.48    4    1
(advertise)    5    5787.68    20    5
(relay)    12    12    5809.89    5    5809.69    8    1
(advertise)    5    5810.09    12    5
(relay)    4    0    5841.1    5    5829.75    2    1
(advertise)    5    5841.3    0    5
(relay)    12    41    6031.92    6    6025.96    2    1
(advertise)    5    6032.12    41    6
(relay)    4    18    6071.33    6    6069.82    2    1
(advertise)    5    6071.53    18    6
(relay)    4    3    6093.34    6    6090.12    6    1
(advertise)    5    6093.54    3    6
(relay)    4    4    6113.56    6    6113.09    6    1
(advertise)    5    6115.96    4    6
(relay)    12    19    6150.17    6    6149.89    6    1
(advertise)    5    6150.37    19    6
(relay)    12    26    6174.58    6    6168.25    2    1
(advertise)    5    6175.18    26    6
(relay)    4    2    6176.39    6    6164.89    6    1
(advertise)    5    6197.19    2    6
(relay)    12    47    6249.21    6    6245.03    2    1
(advertise)    5    6249.41    47    6
(relay)    4    17    6296.62    6    6293.09    2    1
(advertise)    5    6296.82    17    6
(relay)    12    9    6339.63    6    6338.03    4    1
(advertise)    5    6339.83    9    6
(relay)    6    34    6488.65    6    6483.76    2    1
(advertise)    5    6488.85    34    6
(relay)    4    11    6570.86    6    6569.07    4    1
(advertise)    5    6571.06    11    6
(relay)    12    13    6595.47    6    6594.94    6    1
(advertise)    5    6596.07    13    6
(relay)    4    8    6623.49    6    6614.85    2    1
(advertise)    5    6623.69    8    6
(generate)    5    6645.7    [24]    6
(relay)    6    6    6666.71    6    6665.76    8    1
(advertise)    5    6666.91    6    6
(relay)    4    1    6696.12    6    6680.95    6    1
(advertise)    5    6696.32    1    6
(relay)    4    10    6768.14    6    6750.71    4    1
(advertise)    5    6768.34    10    6
(relay)    12    12    6810.35    6    6809.74    8    1
(advertise)    5    6810.55    12    6
(relay)    12    27    6821.36    6    6808.62    2    1
(advertise)    5    6831.96    27    6
(relay)    4    0    6840.98    6    6829.76    4    1
(advertise)    5    6854.78    0    6
(relay)    12    48    6960.59    6    6955.83    2    1
(advertise)    5    6960.79    48    6
(relay)    6    41    7032.2    7    7026.07    2    1
(advertise)    5    7032.4    41    7
(relay)    4    18    7070.62    7    7069.95    2    1
(advertise)    5    7070.82    18    7
(relay)    4    3    7092.43    7    7090.16    6    1
(advertise)    5    7093.63    3    7
(relay)    4    4    7114.04    7    7113.11    6    1
(advertise)    5    7116.24    4    7
(relay)    12    19    7150.25    7    7149.89    6    1
(advertise)    5    7150.45    19    7
(relay)    12    26    7173.07    7    7168.35    2    1
(advertise)    5    7173.27    26    7
(relay)    4    2    7175.68    7    7164.92    6    1
(advertise)    5    7195.68    2    7
(relay)    4    17    7296.89    7    7293.19    2    1
(advertise)    5    7297.09    17    7
(relay)    4    9    7339.31    7    7338.19    4    1
(advertise)    5    7339.51    9    7
(relay)    6    34    7489.32    7    7483.78    2    1
(advertise)    5    7489.52    34    7
(relay)    4    11    7570.93    7    7569.22    4    1
(advertise)    5    7571.13    11    7
(relay)    4    13    7597.75    7    7595.02    4    1
(advertise)    5    7597.95    13    7
(relay)    4    8    7621.36    7    7614.93    2    1
(advertise)    5    7622.16    8    7
(generate)    5    7645.77    [24]    7
(relay)    6    6    7666.98    7    7665.94    8    1
(advertise)    5    7667.18    6    7
(relay)    4    1    7697.4    7    7681.06    6    1
(advertise)    5    7697.6    1    7
(relay)    12    10    7765.61    7    7750.77    4    1
(advertise)    5    7765.81    10    7
(relay)    12    20    7788.62    7    7769.62    4    1
(advertise)    5    7790.22    20    7
(relay)    12    12    7810.44    7    7809.8    8    1
(advertise)    5    7811.44    12    7
(relay)    4    0    7840.85    7    7829.76    4    1
(advertise)    5    7841.05    0    7
(relay)    12    48    7958.66    7    7956.02    2    1
(advertise)    5    7958.86    48    7
(relay)    6    41    8033.28    8    8026.13    2    1
(advertise)    5    8033.48    41    8
(relay)    4    18    8071.29    8    8070.1    2    1
(advertise)    5    8071.49    18    8
(relay)    4    3    8093.9    8    8090.24    6    1
(advertise)    5    8095.9    3    8
(relay)    4    4    8114.11    8    8113.13    6    1
(advertise)    5    8116.91    4    8
(relay)    12    19    8150.33    8    8149.89    6    1
(advertise)    5    8150.53    19    8
(relay)    12    26    8172.54    8    8168.5    2    1
(advertise)    5    8172.94    26    8
(relay)    12    47    8247.35    8    8245.24    4    1
(advertise)    5    8247.55    47    8
(relay)    4    17    8296.77    8    8293.26    2    1
(advertise)    5    8296.97    17    8
(relay)    4    9    8339.38    8    8338.37    4    1
(advertise)    5    8339.58    9    8
(relay)    12    34    8488.79    8    8483.8    2    1
(advertise)    5    8488.99    34    8
(relay)    4    11    8571.21    8    8569.4    4    1
(advertise)    5    8571.41    11    8
(relay)    12    13    8595.82    8    8595.14    6    1
(advertise)    5    8596.42    13    8
(relay)    4    8    8622.23    8    8615.01    2    1
(advertise)    5    8622.43    8    8
(generate)    5    8645.84    [24]    8
(relay)    6    6    8667.06    8    8665.96    8    1
(advertise)    5    8667.26    6    8
(heartbeat)    24    2    8677.21    5    8720.07    5    5
(advertise)    5    8720.27    24    2
(relay)    12    1    8724.88    8    8681.14    2    1
(advertise)    5    8743.28    1    8
(relay)    4    10    8754.5    8    8750.86    4    1
(advertise)    5    8764.3    10    8
(relay)    12    20    8789.11    8    8769.71    4    1
(advertise)    5    8789.51    20    8
(relay)    12    12    8810.32    8    8809.86    8    1
(advertise)    5    8811.12    12    8
(relay)    12    27    8815.74    8    8808.87    2    1
(advertise)    5    8833.54    27    8
(relay)    4    0    8853.15    8    8829.78    4    1
(advertise)    5    8856.75    0    8
(relay)    12    48    8957.76    8    8956.02    2    1
(advertise)    5    8957.96    48    8
(relay)    12    41    9031.17    9    9026.2    2    1
(advertise)    5    9031.37    41    9
(relay)    4    18    9071.59    9    9070.26    2    1
(advertise)    5    9071.79    18    9
(relay)    4    3    9093.4    9    9090.32    6    1
(advertise)    5    9094.4    3    9
(relay)    4    4    9114.21    9    9113.17    6    1
(advertise)    5    9117.21    4    9
(relay)    4    7    9157.23    9    9154.34    2    1
(advertise)    5    9157.43    7    9
(relay)    12    19    9161.84    9    9150.08    4    1
(advertise)    5    9179.84    19    9
(relay)    12    26    9184.25    9    9168.62    2    1
(advertise)    5    9201.25    26    9
(relay)    4    2    9204.67    9    9164.98    4    1
(advertise)    5    9224.67    2    9
(relay)    12    17    9297.28    9    9293.36    2    1
(advertise)    5    9297.48    17    9
(relay)    4    9    9339.69    9    9338.37    4    1
(advertise)    5    9339.89    9    9
(relay)    6    34    9487.7    9    9483.82    2    1
(advertise)    5    9487.9    34    9
(relay)    12    11    9570.92    9    9569.57    4    1
(advertise)    5    9571.12    11    9
(relay)    6    13    9595.53    9    9595.27    6    1
(advertise)    5    9596.13    13    9
(relay)    4    8    9621.54    9    9615.11    2    1
(advertise)    5    9621.74    8    9
(generate)    5    9645.96    [24]    9
(relay)    6    6    9666.17    9    9666.15    8    1
(advertise)    5    9666.37    6    9
(relay)    4    1    9698.58    9    9681.24    6    1
(advertise)    5    9698.78    1    9
(relay)    12    10    9766.2    9    9750.89    4    1
(advertise)    5    9766.4    10    9
(relay)    12    20    9789.21    9    9769.8    4    1
(advertise)    5    9789.61    20    9
(relay)    12    12    9810.42    9    9809.94    8    1
(advertise)    5    9810.62    12    9
(relay)    12    27    9814.84    9    9808.99    2    1
(advertise)    5    9832.84    27    9
(relay)    4    0    9841.05    9    9829.79    4    1
(advertise)    5    9853.85    0    9
(relay)    6    48    9958.46    9    9956.19    2    1
(advertise)    5    9958.66    48    9
(relay)    12    41    10029.47    10    10026.29    2    1
(advertise)    5    10029.67    41    10
(relay)    4    18    10071.89    10    10070.44    2    1
(advertise)    5    10072.09    18    10
(relay)    4    3    10094.1    10    10090.36    6    1
(advertise)    5    10094.3    3    10
(relay)    4    4    10113.31    10    10113.2    6    1
(advertise)    5    10115.31    4    10
(relay)    6    19    10163.13    10    10150.26    2    1
(advertise)    5    10163.33    19    10
(relay)    12    26    10174.54    10    10168.73    2    1
(relay)    4    2    10176.14    10    10165.18    6    2
(advertise)    5    10186.34    26    10
(advertise)    5    10207.75    2    10
(relay)    12    47    10249.57    10    10245.43    2    1
(advertise)    5    10249.77    47    10
(relay)    4    17    10296.38    10    10293.43    2    1
(advertise)    5    10296.58    17    10
(relay)    4    9    10340.39    10    10338.54    4    1
(advertise)    5    10340.59    9    10
(relay)    12    34    10486.2    10    10484.01    2    1
(advertise)    5    10486.4    34    10
(relay)    12    11    10570.22    10    10569.74    4    1
(advertise)    5    10570.42    11    10
(relay)    12    13    10596.63    10    10595.39    6    1
(advertise)    5    10596.83    13    10
(relay)    4    8    10623.24    10    10615.19    2    1
(advertise)    5    10623.44    8    10
(generate)    5    10646.06    [24]    10
(relay)    6    6    10666.47    10    10666.35    8    1
(advertise)    5    10666.67    6    10
(relay)    4    1    10696.08    10    10681.33    6    1
(advertise)    5    10696.28    1    10
(relay)    4    10    10764.5    10    10750.93    4    1
(advertise)    5    10764.7    10    10
(relay)    12    20    10787.91    10    10769.83    4    1
(advertise)    5    10788.51    20    10
(relay)    12    12    10811.12    10    10810.02    8    1
(advertise)    5    10811.32    12    10
(relay)    4    0    10841.33    10    10829.81    4    1
(advertise)    5    10841.53    0    10
(relay)    6    48    10959.75    10    10956.39    2    1
(advertise)    5    10959.95    48    10
(relay)    4    18    11073.16    11    11070.55    2    1
(advertise)    5    11073.36    18    11
(relay)    4    3    11094.17    11    11090.38    6    1
(advertise)    5    11095.37    3    11
(relay)    4    4    11113.39    11    11113.21    6    1
(advertise)    5    11117.39    4    11
(relay)    12    19    11151.6    11    11150.41    4    1
(advertise)    5    11151.8    19    11
(relay)    12    26    11174.61    11    11168.87    2    1
(advertise)    5    11176.01    26    11
(relay)    12    7    11195.63    11    11154.54    2    1
(advertise)    5    11197.03    7    11
(relay)    4    2    11198.84    11    11165.2    6    1
(advertise)    5    11219.04    2    11
(relay)    12    47    11259.25    11    11245.53    2    1
(advertise)    5    11259.45    47    11
(relay)    12    17    11295.26    11    11293.55    2    1
(advertise)    5    11295.46    17    11
(relay)    4    9    11341.68    11    11338.71    4    1
(advertise)    5    11341.88    9    11
(relay)    6    34    11485.49    11    11484.21    2    1
(advertise)    5    11485.69    34    11
(relay)    12    11    11570.3    11    11569.9    4    1
(advertise)    5    11570.5    11    11
(relay)    12    13    11596.72    11    11595.47    6    1
(advertise)    5    11597.12    13    11
(relay)    4    8    11624.73    11    11615.3    2    1
(advertise)    5    11624.93    8    11
(generate)    5    11646.14    [24]    11
(relay)    6    6    11666.56    11    11666.53    8    1
(advertise)    5    11666.76    6    11
(relay)    4    1    11694.57    11    11681.45    6    1
(advertise)    5    11694.77    1    11
(relay)    4    10    11752.58    11    11750.95    4    1
(advertise)    5    11752.78    10    11
(relay)    12    20    11776.99    11    11769.88    4    1
(advertise)    5    11777.19    20    11
(relay)    12    12    11811.01    11    11810.09    8    1
(advertise)    5    11811.21    12    11
(relay)    12    27    11814.42    11    11809.42    2    1
(advertise)    5    11832.82    27    11
(relay)    4    0    11840.23    11    11829.84    4    1
(advertise)    5    11854.23    0    11
(relay)    12    48    11960.65    11    11956.57    2    1
(advertise)    5    11960.85    48    11
(relay)    6    41    12027.86    12    12026.41    2    1
(advertise)    5    12028.06    41    12
(relay)    4    18    12073.27    12    12070.68    2    1
(advertise)    5    12073.47    18    12
(relay)    4    3    12094.09    12    12090.4    6    1
(advertise)    5    12094.89    3    12
(relay)    4    4    12113.3    12    12113.23    6    1
(advertise)    5    12117.5    4    12
(relay)    12    19    12152.11    12    12150.41    4    1
(advertise)    5    12152.31    19    12
(relay)    12    26    12174.72    12    12169.0    2    1
(advertise)    5    12175.72    26    12
(relay)    4    2    12177.14    12    12165.39    6    1
(advertise)    5    12198.34    2    12
(relay)    12    17    12294.55    12    12293.61    2    1
(advertise)    5    12294.75    17    12
(relay)    4    9    12342.16    12    12338.85    4    1
(advertise)    5    12342.36    9    12
(relay)    4    11    12570.38    12    12570.07    4    1
(advertise)    5    12570.58    11    12
(relay)    4    13    12599.19    12    12595.57    4    1
(advertise)    5    12599.39    13    12
(relay)    4    8    12625.8    12    12615.36    2    1
(advertise)    5    12626.2    8    12
(generate)    5    12646.22    [24]    12
(relay)    6    6    12667.03    12    12666.54    8    1
(advertise)    5    12667.23    6    12
(heartbeat)    24    3    12677.23    5    12699.44    5    9
(advertise)    5    12699.64    24    3
(relay)    12    1    12720.65    12    12681.53    4    1
(advertise)    5    12721.05    1    12
(relay)    4    10    12751.87    12    12750.99    4    1
(advertise)    5    12752.07    10    12
(relay)    4    20    12778.68    12    12769.99    2    1
(advertise)    5    12779.68    20    12
(relay)    12    12    12811.29    12    12810.19    6    1
(advertise)    5    12811.49    12    12
(relay)    12    27    12834.51    12    12809.54    2    1
(advertise)    5    12835.51    27    12
(relay)    4    0    12839.92    12    12829.84    4    1
(advertise)    5    12857.72    0    12
(relay)    12    48    12961.93    12    12956.77    2    1
(advertise)    5    12962.13    48    12
(relay)    4    18    13073.75    13    13070.8    2    1
(advertise)    5    13073.95    18    13
(relay)    4    3    13094.56    13    13090.47    6    1
(advertise)    5    13095.56    3    13
(relay)    4    4    13113.37    13    13113.25    6    1
(advertise)    5    13117.77    4    13
(relay)    12    19    13152.78    13    13150.58    4    1
(advertise)    5    13152.98    19    13
(relay)    12    26    13173.8    13    13169.12    2    1
(advertise)    5    13175.0    26    13
(relay)    4    7    13177.81    13    13154.77    2    1
(advertise)    5    13196.41    7    13
(relay)    4    2    13201.02    13    13165.43    4    1
(advertise)    5    13218.42    2    13
(relay)    12    9    13343.04    13    13338.86    2    1
(advertise)    5    13343.24    9    13
(relay)    12    34    13486.65    13    13484.25    2    1
(advertise)    5    13486.85    34    13
(relay)    4    11    13571.06    13    13570.23    4    1
(advertise)    5    13571.26    11    13
(relay)    6    13    13597.88    13    13595.7    6    1
(advertise)    5    13598.28    13    13
(relay)    12    8    13626.49    13    13615.44    2    1
(advertise)    5    13626.89    8    13
(generate)    5    13646.3    [24]    13
(relay)    6    6    13667.31    13    13666.73    8    1
(advertise)    5    13667.51    6    13
(relay)    4    1    13697.73    13    13681.62    4    1
(advertise)    5    13697.93    1    13
(relay)    4    10    13764.94    13    13751.05    4    1
(advertise)    5    13765.14    10    13
(relay)    12    20    13790.35    13    13770.02    4    1
(advertise)    5    13790.55    20    13
(relay)    12    12    13810.37    13    13810.28    6    1
(advertise)    5    13813.17    12    13
(relay)    12    27    13835.98    13    13809.63    2    1
(advertise)    5    13836.58    27    13
(relay)    4    0    13840.99    13    13829.86    4    1
(advertise)    5    13857.79    0    13
(relay)    12    40    13888.81    13    13871.45    2    1
(advertise)    5    13889.01    40    13
(relay)    6    48    13963.42    13    13956.95    2    1
(advertise)    5    13963.62    48    13
(relay)    12    41    14029.83    14    14026.55    2    1
(advertise)    5    14030.03    41    14
(relay)    12    18    14073.44    14    14070.96    2    1
(advertise)    5    14073.64    18    14
(relay)    4    3    14096.06    14    14090.52    6    1
(advertise)    5    14096.46    3    14
(relay)    4    4    14113.87    14    14113.26    6    1
(advertise)    5    14118.47    4    14
(relay)    4    7    14161.68    14    14154.87    2    1
(advertise)    5    14161.88    7    14
(relay)    6    19    14165.9    14    14150.77    2    1
(advertise)    5    14183.1    19    14
(relay)    12    26    14187.31    14    14169.21    2    1
(advertise)    5    14205.71    26    14
(relay)    4    2    14208.12    14    14165.45    2    1
(advertise)    5    14228.92    2    14
(relay)    12    47    14252.14    14    14245.8    2    1
(advertise)    5    14252.54    47    14
(relay)    12    9    14342.75    14    14339.01    2    1
(advertise)    5    14342.95    9    14
(relay)    4    11    14571.36    14    14570.42    4    1
(advertise)    5    14571.56    11    14
(relay)    12    13    14598.37    14    14595.81    6    1
(advertise)    5    14598.77    13    14
(relay)    4    8    14624.79    14    14615.51    2    1
(advertise)    5    14625.19    8    14
(generate)    5    14646.4    [24]    14
(relay)    6    6    14667.41    14    14666.93    8    1
(advertise)    5    14667.61    6    14
(relay)    4    1    14697.23    14    14681.68    4    1
(advertise)    5    14697.63    1    14
(relay)    4    10    14764.64    14    14751.11    4    1
(advertise)    5    14764.84    10    14
(relay)    12    20    14788.25    14    14770.06    4    1
(advertise)    5    14788.45    20    14
(relay)    12    12    14810.47    14    14810.37    6    1
(advertise)    5    14811.87    12    14
(relay)    4    0    14841.28    14    14830.03    2    1
(advertise)    5    14841.48    0    14
(relay)    6    48    14964.69    14    14957.13    2    1
(advertise)    5    14964.89    48    14
(relay)    6    41    15030.9    15    15026.64    2    1
(advertise)    5    15031.1    41    15
(relay)    12    18    15072.92    15    15071.1    2    1
(advertise)    5    15073.12    18    15
(relay)    4    3    15097.53    15    15090.58    6    1
(advertise)    5    15097.73    3    15
(relay)    4    4    15113.74    15    15113.27    6    1
(advertise)    5    15118.94    4    15
(relay)    4    7    15159.16    15    15154.98    2    1
(advertise)    5    15159.36    7    15
(relay)    4    2    15180.77    15    15165.47    4    1
(advertise)    5    15181.97    2    15
(relay)    12    26    15191.58    15    15169.69    2    1
(advertise)    5    15203.38    26    15
(relay)    4    9    15341.2    15    15339.2    2    1
(advertise)    5    15341.4    9    15
(relay)    6    11    15573.81    15    15570.6    2    1
(advertise)    5    15574.01    11    15
(relay)    12    13    15598.02    15    15595.87    6    1
(advertise)    5    15598.82    13    15
(relay)    12    8    15623.83    15    15615.74    2    1
(advertise)    5    15624.03    8    15
(generate)    5    15646.45    [24]    15
(relay)    6    6    15668.06    15    15667.12    8    1
(advertise)    5    15668.26    6    15
(relay)    4    1    15697.87    15    15681.74    4    1
(advertise)    5    15698.07    1    15
(relay)    6    10    15755.09    15    15751.16    2    1
(advertise)    5    15755.29    10    15
(relay)    6    20    15777.3    15    15770.09    4    1
(advertise)    5    15777.5    20    15
(relay)    12    12    15810.51    15    15810.38    6    1
(advertise)    5    15810.71    12    15
(relay)    12    27    15826.73    15    15809.79    2    1
(advertise)    5    15833.93    27    15
(relay)    4    0    15837.14    15    15830.22    4    1
(advertise)    5    15855.94    0    15
(relay)    6    48    15964.55    15    15957.14    2    1
(advertise)    5    15964.75    48    15
(relay)    12    41    16032.16    16    16026.71    2    1
(advertise)    5    16032.36    41    16
(relay)    4    18    16072.98    16    16071.24    2    1
(advertise)    5    16073.18    18    16
(relay)    4    4    16113.79    16    16113.28    6    1
(advertise)    5    16113.99    4    16
(relay)    12    19    16151.2    16    16150.77    4    1
(advertise)    5    16151.4    19    16
(relay)    12    26    16172.82    16    16169.75    2    1
(advertise)    5    16174.22    26    16
(relay)    4    2    16176.43    16    16165.65    4    1
(advertise)    5    16196.43    2    16
(relay)    4    7    16201.24    16    16155.08    2    1
(advertise)    5    16219.64    7    16
(relay)    4    11    16572.46    16    16570.76    4    1
(advertise)    5    16572.66    11    16
(relay)    4    13    16598.87    16    16595.97    4    1
(advertise)    5    16599.07    13    16
(relay)    12    8    16625.48    16    16615.8    2    1
(advertise)    5    16625.88    8    16
(generate)    5    16646.49    [24]    16
(relay)    6    6    16668.31    16    16667.32    8    1
(advertise)    5    16668.51    6    16
(relay)    4    1    16697.52    16    16681.82    4    1
(advertise)    5    16697.72    1    16
(heartbeat)    24    4    16677.24    5    16720.33    5    9
(advertise)    5    16721.13    24    4
(relay)    4    10    16772.95    16    16751.25    2    1
(advertise)    5    16773.15    10    16
(relay)    4    20    16810.36    16    16770.11    2    1
(advertise)    5    16810.56    20    16
(relay)    6    27    16811.77    16    16809.86    2    1
(advertise)    5    16831.97    27    16
(relay)    4    12    16833.39    16    16810.43    4    1
(advertise)    5    16853.59    12    16
(relay)    4    0    16858.2    16    16830.41    2    1
(advertise)    5    16876.4    0    16
(relay)    6    48    16962.81    16    16957.32    2    1
(advertise)    5    16963.01    48    16
(relay)    12    41    17032.22    17    17026.79    2    1
(advertise)    5    17032.42    41    17
(relay)    4    18    17072.24    17    17071.39    2    1
(advertise)    5    17072.44    18    17
(relay)    4    3    17094.05    17    17090.73    6    1
(advertise)    5    17095.05    3    17
(relay)    4    4    17114.26    17    17113.3    6    1
(advertise)    5    17118.26    4    17
(relay)    12    19    17151.48    17    17150.96    4    1
(advertise)    5    17151.68    19    17
(relay)    12    26    17173.49    17    17169.85    2    1
(advertise)    5    17173.69    26    17
(relay)    4    7    17177.1    17    17155.16    2    1
(advertise)    5    17196.9    7    17
(relay)    4    2    17199.52    17    17165.68    4    1
(advertise)    5    17218.32    2    17
(relay)    12    47    17252.13    17    17246.05    2    1
(advertise)    5    17252.33    47    17
(relay)    12    9    17340.54    17    17339.51    2    1
(advertise)    5    17340.74    9    17
(relay)    12    34    17490.35    17    17484.51    2    1
(advertise)    5    17490.55    34    17
(relay)    4    11    17572.57    17    17570.76    4    1
(advertise)    5    17572.77    11    17
(relay)    12    13    17596.78    17    17596.05    6    1
(advertise)    5    17597.58    13    17
(generate)    5    17646.59    [24]    17
(relay)    6    6    17668.61    17    17667.51    8    1
(advertise)    5    17668.81    6    17
(relay)    4    1    17695.22    17    17681.9    4    1
(advertise)    5    17696.02    1    17
(relay)    4    10    17754.23    17    17751.29    2    1
(advertise)    5    17754.43    10    17
(relay)    6    20    17771.65    17    17770.12    4    1
(advertise)    5    17776.05    20    17
(relay)    12    12    17811.06    17    17810.46    6    1
(advertise)    5    17811.26    12    17
(relay)    6    27    17812.47    17    17809.92    2    1
(advertise)    5    17832.87    27    17
(relay)    4    0    17839.28    17    17830.59    4    1
(advertise)    5    17854.88    0    17
(relay)    12    40    17878.7    17    17871.68    2    1
(advertise)    5    17879.1    40    17
(relay)    12    48    17960.31    17    17957.33    2    1
(advertise)    5    17960.51    48    17
(relay)    12    41    18033.92    18    18026.87    2    1
(advertise)    5    18034.12    41    18
(relay)    4    18    18072.54    18    18071.56    2    1
(advertise)    5    18072.74    18    18
(relay)    4    3    18095.15    18    18090.79    6    1
(advertise)    5    18095.35    3    18
(relay)    12    33    18096.56    18    18074.67    2    1
(relay)    4    4    18114.36    18    18113.3    6    2
(advertise)    5    18117.16    33    18
(advertise)    5    18139.58    4    18
(relay)    4    7    18156.79    18    18155.27    2    1
(relay)    12    19    18160.99    18    18151.15    4    2
(advertise)    5    18163.59    7    18
(relay)    4    2    18181.2    18    18165.88    4    2
(relay)    12    26    18183.0    18    18169.91    2    3
(advertise)    5    18185.8    19    18
(advertise)    5    18208.21    2    18
(advertise)    5    18230.63    26    18
(relay)    12    47    18248.04    18    18246.12    2    1
(advertise)    5    18253.04    47    18
(relay)    4    9    18341.05    18    18339.68    2    1
(advertise)    5    18341.25    9    18
(relay)    6    34    18488.67    18    18484.7    2    1
(advertise)    5    18488.87    34    18
(relay)    4    11    18572.88    18    18570.77    4    1
(advertise)    5    18573.08    11    18
(relay)    12    13    18596.49    18    18596.13    6    1
(advertise)    5    18597.89    13    18
(relay)    4    8    18622.71    18    18615.92    2    1
(advertise)    5    18622.91    8    18
(generate)    5    18646.72    [24]    18
(relay)    12    6    18672.13    18    18667.67    6    1
(advertise)    5    18672.33    6    18
(relay)    4    1    18699.54    18    18681.96    4    1
(advertise)    5    18699.74    1    18
(relay)    4    10    18768.76    18    18751.35    2    1
(advertise)    5    18768.96    10    18
(relay)    12    12    18811.17    18    18810.52    6    1
(advertise)    5    18811.37    12    18
(relay)    4    0    18837.38    18    18830.77    4    1
(advertise)    5    18837.78    0    18
(relay)    12    27    18861.6    18    18809.98    2    1
(advertise)    5    18862.0    27    18
(relay)    6    48    18959.41    18    18957.5    2    1
(advertise)    5    18959.61    48    18
(relay)    6    41    19031.22    19    19026.96    2    1
(advertise)    5    19031.42    41    19
(relay)    4    18    19072.84    19    19071.72    2    1
(advertise)    5    19073.04    18    19
(relay)    4    3    19094.45    19    19090.83    6    1
(advertise)    5    19094.65    3    19
(relay)    4    4    19114.26    19    19113.31    6    1
(advertise)    5    19117.46    4    19
(relay)    12    19    19152.47    19    19151.16    4    1
(advertise)    5    19152.67    19    19
(relay)    12    26    19173.49    19    19169.97    2    1
(advertise)    5    19174.89    26    19
(relay)    4    2    19177.3    19    19165.89    4    1
(advertise)    5    19196.5    2    19
(relay)    4    7    19200.71    19    19155.35    2    1
(advertise)    5    19218.91    7    19
(relay)    12    47    19249.33    19    19246.17    2    1
(advertise)    5    19249.53    47    19
(relay)    4    9    19341.34    19    19339.83    2    1
(advertise)    5    19341.54    9    19
(relay)    12    34    19488.55    19    19484.73    2    1
(advertise)    5    19488.75    34    19
(relay)    12    11    19571.17    19    19570.77    4    1
(advertise)    5    19571.37    11    19
(relay)    6    13    19597.18    19    19596.21    6    1
(advertise)    5    19597.38    13    19
(relay)    12    8    19624.59    19    19616.0    2    1
(advertise)    5    19624.79    8    19
(generate)    5    19646.8    [24]    19
(relay)    6    6    19668.02    19    19667.87    8    1
(advertise)    5    19668.22    6    19
(relay)    4    1    19697.03    19    19682.04    4    1
(advertise)    5    19697.23    1    19
(relay)    4    10    19770.04    19    19751.43    2    1
(advertise)    5    19770.24    10    19
(relay)    12    12    19811.66    19    19810.6    6    1
(advertise)    5    19811.86    12    19
(relay)    4    0    19878.07    19    19830.96    2    1
(advertise)    5    19878.27    0    19
(relay)    12    48    19960.48    19    19957.65    2    1
(advertise)    5    19960.68    48    19
(relay)    12    41    20030.5    20    20027.06    2    1
(advertise)    5    20030.7    41    20
(relay)    12    18    20073.71    20    20071.91    2    1
(advertise)    5    20073.91    18    20
(relay)    4    3    20096.32    20    20090.88    6    1
(advertise)    5    20097.32    3    20
(relay)    4    4    20113.33    20    20113.32    6    1
(advertise)    5    20119.73    4    20
(relay)    12    19    20152.35    20    20151.16    4    1
(advertise)    5    20152.55    19    20
(relay)    12    26    20177.56    20    20169.99    2    1
(advertise)    5    20177.96    26    20
(relay)    4    7    20187.17    20    20155.45    2    1
(advertise)    5    20198.97    7    20
(relay)    4    2    20207.59    20    20165.91    4    1
(advertise)    5    20220.19    2    20
(relay)    12    9    20342.6    20    20340.02    2    1
(advertise)    5    20342.8    9    20
(relay)    12    34    20486.21    20    20484.92    2    1
(advertise)    5    20486.41    34    20
(relay)    12    11    20571.23    20    20570.96    4    1
(advertise)    5    20571.43    11    20
(relay)    4    13    20599.04    20    20596.3    4    1
(advertise)    5    20599.24    13    20
(relay)    12    8    20625.05    20    20616.06    2    1
(advertise)    5    20625.25    8    20
(generate)    5    20646.86    [24]    20
(relay)    6    6    20668.08    20    20668.01    8    1
(advertise)    5    20668.28    6    20
(relay)    4    1    20695.69    20    20682.14    4    1
(advertise)    5    20695.89    1    20
(heartbeat)    24    5    20677.25    5    20720.1    5    9
(advertise)    5    20720.5    24    5
(relay)    4    10    20770.92    20    20751.49    2    1
(advertise)    5    20771.12    10    20
(relay)    12    12    20811.73    20    20810.67    6    1
(advertise)    5    20811.93    12    20
(relay)    12    27    20814.54    20    20810.12    2    1
(advertise)    5    20833.74    27    20
(relay)    4    0    20840.56    20    20830.98    2    1
(advertise)    5    20854.76    0    20
(relay)    6    41    21029.77    21    21027.16    2    1
(advertise)    5    21029.97    41    21
(relay)    4    18    21074.58    21    21072.06    2    1
(advertise)    5    21074.78    18    21
(relay)    4    4    21113.39    21    21113.33    6    1
(advertise)    5    21113.59    4    21
(relay)    12    3    21118.81    21    21090.95    4    1
(advertise)    5    21135.01    3    21
(relay)    4    7    21159.82    21    21155.55    2    1
(advertise)    5    21160.22    7    21
(relay)    12    19    21164.03    21    21151.35    4    1
(advertise)    5    21184.43    19    21
(relay)    12    26    21206.65    21    21170.08    2    1
(advertise)    5    21208.05    26    21
(relay)    12    2    21228.86    21    21165.94    2    1
(advertise)    5    21229.46    2    21
(relay)    12    47    21253.87    21    21246.34    2    1
(advertise)    5    21254.67    47    21
(relay)    4    9    21343.29    21    21340.02    2    1
(advertise)    5    21343.49    9    21
(relay)    12    34    21486.1    21    21484.95    2    1
(advertise)    5    21486.3    34    21
(relay)    12    11    21571.51    21    21571.14    4    1
(advertise)    5    21571.71    11    21
(relay)    12    13    21597.52    21    21596.4    6    1
(advertise)    5    21597.72    13    21
(relay)    4    8    21624.14    21    21616.13    2    1
(advertise)    5    21624.34    8    21
(generate)    5    21646.95    [24]    21
(relay)    6    6    21668.36    21    21668.19    8    1
(advertise)    5    21668.56    6    21
(relay)    4    1    21695.78    21    21682.24    4    1
(advertise)    5    21695.98    1    21
(relay)    4    10    21755.99    21    21751.52    2    1
(advertise)    5    21756.19    10    21
(relay)    12    20    21771.6    21    21770.22    4    1
(advertise)    5    21777.2    20    21
(relay)    12    12    21811.82    21    21810.74    6    1
(advertise)    5    21812.02    12    21
(relay)    4    0    21841.43    21    21831.17    2    1
(advertise)    5    21841.63    0    21
(relay)    12    40    21887.64    21    21871.98    2    1
(advertise)    5    21887.84    40    21
(relay)    12    48    21962.85    21    21958.03    2    1
(advertise)    5    21963.05    48    21
(relay)    12    41    22029.27    22    22027.25    2    1
(advertise)    5    22029.47    41    22
(relay)    4    18    22074.68    22    22072.24    2    1
(advertise)    5    22074.88    18    22
(relay)    4    3    22095.89    22    22091.0    6    1
(advertise)    5    22096.49    3    22
(relay)    4    4    22113.51    22    22113.35    6    1
(relay)    12    33    22118.11    22    22075.07    2    2
(advertise)    5    22118.51    4    22
(advertise)    5    22140.32    33    22
(relay)    4    7    22160.73    22    22155.63    2    1
(advertise)    5    22162.33    7    22
(relay)    12    19    22167.75    22    22151.54    4    1
(relay)    4    2    22182.35    22    22166.14    4    2
(advertise)    5    22183.35    19    22
(relay)    12    26    22189.16    22    22170.17    2    2
(advertise)    5    22205.76    2    22
(advertise)    5    22227.37    26    22
(relay)    4    9    22343.98    22    22340.78    2    1
(advertise)    5    22344.18    9    22
(relay)    12    34    22487.0    22    22485.15    2    1
(advertise)    5    22487.2    34    22
(relay)    4    11    22572.21    22    22571.33    4    1
(advertise)    5    22572.41    11    22
(relay)    12    13    22597.62    22    22596.48    6    1
(advertise)    5    22598.02    13    22
(relay)    4    8    22626.84    22    22616.22    2    1
(advertise)    5    22627.04    8    22
(generate)    5    22647.05    [24]    22
(relay)    6    6    22668.86    22    22668.36    8    1
(advertise)    5    22669.06    6    22
(relay)    4    1    22700.28    22    22682.33    4    1
(advertise)    5    22700.48    1    22
(relay)    4    10    22752.69    22    22751.57    2    1
(advertise)    5    22752.89    10    22
(relay)    12    20    22775.5    22    22770.25    4    1
(advertise)    5    22776.3    20    22
(relay)    6    12    22812.31    22    22810.83    4    1
(advertise)    5    22812.51    12    22
(relay)    4    0    22841.13    22    22831.37    2    1
(advertise)    5    22841.33    0    22
(relay)    12    40    22876.94    22    22872.03    2    1
(advertise)    5    22877.14    40    22
(relay)    12    48    22964.15    22    22958.21    2    1
(advertise)    5    22964.35    48    22
(relay)    12    41    23029.77    23    23027.33    2    1
(advertise)    5    23029.97    41    23
(relay)    4    18    23075.98    23    23072.43    2    1
(advertise)    5    23076.18    18    23
(relay)    12    33    23096.99    23    23075.09    2    1
(advertise)    5    23097.99    33    23
(relay)    4    4    23114.01    23    23113.37    6    1
(advertise)    5    23119.81    4    23
(relay)    12    19    23154.02    23    23151.72    4    1
(advertise)    5    23154.22    19    23
(relay)    12    26    23176.03    23    23170.21    2    1
(advertise)    5    23177.23    26    23
(relay)    4    7    23180.24    23    23155.73    2    1
(advertise)    5    23200.64    7    23
(relay)    4    2    23202.06    23    23166.16    4    1
(advertise)    5    23221.86    2    23
(relay)    12    47    23253.87    23    23246.5    2    1
(advertise)    5    23254.07    47    23
(relay)    12    9    23345.28    23    23340.93    2    1
(advertise)    5    23345.48    9    23
(relay)    12    34    23487.9    23    23485.34    2    1
(advertise)    5    23488.1    34    23
(relay)    4    11    23572.31    23    23571.48    4    1
(advertise)    5    23572.51    11    23
(relay)    12    13    23598.92    23    23596.58    6    1
(advertise)    5    23599.12    13    23
(relay)    12    8    23624.74    23    23616.3    2    1
(advertise)    5    23624.94    8    23
(generate)    5    23647.15    [24]    23
(relay)    6    6    23669.16    23    23668.52    8    1
(advertise)    5    23669.36    6    23
(relay)    4    1    23699.37    23    23682.41    4    1
(advertise)    5    23699.57    1    23
(relay)    4    10    23761.79    23    23751.63    2    1
(advertise)    5    23761.99    10    23
(relay)    12    12    23811.0    23    23810.91    6    1
(advertise)    5    23811.2    12    23
(relay)    4    0    23840.41    23    23831.55    2    1
(advertise)    5    23840.61    0    23
(relay)    12    48    23964.63    23    23958.38    2    1
(advertise)    5    23964.83    48    23
(relay)    12    18    24074.04    24    24072.57    2    1
(advertise)    5    24074.24    18    24
(relay)    4    3    24097.05    24    24091.13    6    1
(advertise)    5    24097.25    3    24
(relay)    4    4    24113.87    24    24113.38    6    1
(advertise)    5    24119.87    4    24
(relay)    12    19    24154.28    24    24151.91    4    1
(advertise)    5    24154.48    19    24
(relay)    12    26    24175.49    24    24170.27    2    1
(advertise)    5    24176.49    26    24
(relay)    4    7    24180.1    24    24155.82    2    1
(advertise)    5    24199.1    7    24
(relay)    4    2    24201.52    24    24166.17    4    1
(advertise)    5    24220.12    2    24
(relay)    12    47    24252.73    24    24246.58    2    1
(advertise)    5    24252.93    47    24
(relay)    12    9    24344.14    24    24341.1    2    1
(advertise)    5    24344.54    9    24
(relay)    12    34    24488.56    24    24485.37    2    1
(advertise)    5    24488.76    34    24
(relay)    4    11    24572.37    24    24571.49    4    1
(advertise)    5    24572.57    11    24
(relay)    6    13    24598.78    24    24596.67    6    1
(advertise)    5    24599.38    13    24
(relay)    4    8    24627.0    24    24616.35    2    1
(advertise)    5    24627.2    8    24
(generate)    5    24647.21    [24]    24
(relay)    6    6    24669.22    24    24668.7    8    1
(advertise)    5    24669.42    6    24
(relay)    4    1    24698.63    24    24682.49    4    1
(advertise)    5    24698.83    1    24
(heartbeat)    24    6    24677.27    5    24703.45    5    9
(advertise)    5    24721.25    24    6
(relay)    4    10    24768.66    24    24751.7    2    1
(advertise)    5    24768.86    10    24
(relay)    4    20    24798.27    24    24770.47    2    1
(advertise)    5    24798.47    20    24
(relay)    12    12    24811.09    24    24810.96    6    1
(relay)    6    27    24811.29    24    24810.44    2    2
(advertise)    5    24819.89    12    24
(advertise)    5    24841.3    27    24
(relay)    4    0    24844.51    24    24831.73    2    1
(advertise)    5    24862.51    0    24
(relay)    12    41    25032.33    25    25027.51    2    1
(advertise)    5    25032.53    41    25
(relay)    12    18    25074.34    25    25072.57    2    1
(advertise)    5    25074.54    18    25
(relay)    4    3    25097.95    25    25091.21    6    1
(advertise)    5    25098.95    3    25
(relay)    4    4    25114.16    25    25113.61    6    1
(advertise)    5    25121.16    4    25
(relay)    12    19    25153.18    25    25151.94    4    1
(advertise)    5    25153.38    19    25
(relay)    12    26    25176.39    25    25170.32    2    1
(advertise)    5    25176.79    26    25
(relay)    4    7    25178.0    25    25155.94    2    1
(advertise)    5    25198.2    7    25
(relay)    4    2    25201.42    25    25166.2    4    1
(advertise)    5    25219.22    2    25
(relay)    4    9    25343.23    25    25341.26    2    1
(advertise)    5    25343.43    9    25
(relay)    6    34    25489.84    25    25485.4    2    1
(advertise)    5    25490.04    34    25
(relay)    4    11    25572.86    25    25571.5    4    1
(advertise)    5    25573.06    11    25
(relay)    6    13    25598.27    25    25596.75    6    1
(advertise)    5    25598.47    13    25
(generate)    5    25647.28    [24]    25
(relay)    6    6    25669.89    25    25668.89    8    1
(advertise)    5    25670.09    6    25
(relay)    4    1    25700.11    25    25682.56    4    1
(advertise)    5    25700.31    1    25
(relay)    4    10    25764.72    25    25751.76    2    1
(advertise)    5    25764.92    10    25
(relay)    12    20    25787.13    25    25770.5    4    1
(advertise)    5    25787.33    20    25
(relay)    12    12    25811.15    25    25811.0    6    1
(advertise)    5    25811.55    12    25
(relay)    4    0    25839.76    25    25831.9    4    1
(advertise)    5    25839.96    0    25
(relay)    12    41    26032.57    26    26027.62    2    1
(advertise)    5    26032.77    41    26
(relay)    12    18    26073.59    26    26072.73    2    1
(advertise)    5    26073.79    18    26
(relay)    4    3    26092.2    26    26091.28    6    1
(advertise)    5    26095.0    3    26
(relay)    4    4    26114.41    26    26113.81    6    1
(advertise)    5    26117.41    4    26
(relay)    12    19    26152.42    26    26151.94    4    1
(advertise)    5    26152.62    19    26
(relay)    12    26    26175.84    26    26170.42    2    1
(advertise)    5    26177.04    26    26
(relay)    4    7    26179.05    26    26156.05    2    1
(advertise)    5    26199.05    7    26
(relay)    4    2    26201.46    26    26166.38    4    1
(advertise)    5    26223.86    2    26
(relay)    12    47    26250.28    26    26246.73    2    1
(advertise)    5    26251.08    47    26
(relay)    12    45    26274.69    26    26257.99    2    1
(advertise)    5    26275.49    45    26
(relay)    4    9    26343.5    26    26341.43    2    1
(advertise)    5    26343.7    9    26
(relay)    6    34    26489.92    26    26485.43    2    1
(advertise)    5    26490.12    34    26
(relay)    4    11    26573.33    26    26571.51    4    1
(advertise)    5    26573.53    11    26
(relay)    12    13    26597.34    26    26596.83    6    1
(advertise)    5    26597.54    13    26
(relay)    4    8    26625.95    26    26616.48    2    1
(advertise)    5    26626.15    8    26
(generate)    5    26647.37    [24]    26
(relay)    6    6    26670.18    26    26669.09    8    1
(advertise)    5    26670.38    6    26
(relay)    4    1    26697.79    26    26682.59    4    1
(advertise)    5    26697.99    1    26
(relay)    12    10    26767.41    26    26751.81    2    1
(advertise)    5    26767.61    10    26
(relay)    12    20    26788.42    26    26770.55    4    1
(advertise)    5    26788.62    20    26
(relay)    12    12    26811.63    26    26811.06    6    1
(advertise)    5    26812.83    12    26
(relay)    4    0    26842.05    26    26832.07    2    1
(advertise)    5    26842.45    0    26
(relay)    4    18    27073.46    27    27072.74    2    1
(advertise)    5    27073.66    18    27
(relay)    4    3    27095.67    27    27091.35    6    1
(advertise)    5    27097.47    3    27
(relay)    4    4    27114.88    27    27113.83    6    1
(advertise)    5    27120.68    4    27
(relay)    4    7    27157.7    27    27156.15    2    1
(advertise)    5    27157.9    7    27
(relay)    12    19    27168.11    27    27152.13    4    1
(advertise)    5    27179.11    19    27
(relay)    12    26    27189.32    27    27170.52    2    1
(advertise)    5    27201.12    26    27
(relay)    12    2    27212.94    27    27166.4    2    1
(advertise)    5    27222.14    2    27
(relay)    12    45    27289.15    27    27258.06    2    1
(advertise)    5    27289.35    45    27
(relay)    4    9    27342.36    27    27341.6    2    1
(advertise)    5    27342.56    9    27
(relay)    6    34    27502.58    27    27485.48    2    1
(advertise)    5    27502.78    34    27
(relay)    4    11    27573.39    27    27571.53    4    1
(advertise)    5    27573.59    11    27
(relay)    12    13    27598.2    27    27596.9    6    1
(advertise)    5    27598.4    13    27
(relay)    4    8    27626.01    27    27616.57    2    1
(advertise)    5    27626.21    8    27
(generate)    5    27647.43    [24]    27
(relay)    6    6    27670.24    27    27669.24    8    1
(advertise)    5    27670.44    6    27
(relay)    4    1    27699.85    27    27682.68    4    1
(advertise)    5    27700.05    1    27
(relay)    4    10    27755.07    27    27751.87    2    1
(advertise)    5    27755.27    10    27
(relay)    4    20    27788.48    27    27770.58    2    1
(advertise)    5    27788.68    20    27
(relay)    12    12    27811.69    27    27811.08    6    1
(advertise)    5    27812.29    12    27
(relay)    12    27    27837.51    27    27810.73    2    1
(advertise)    5    27837.71    27    27
(relay)    4    0    27840.32    27    27832.26    4    1
(advertise)    5    27860.32    0    27
(relay)    12    40    27883.73    27    27872.45    2    1
(advertise)    5    27884.93    40    27
(relay)    12    48    27962.34    27    27958.81    2    1
(advertise)    5    27962.54    48    27
(relay)    12    41    28033.76    28    28027.84    2    1
(advertise)    5    28033.96    41    28
(relay)    4    18    28073.97    28    28072.93    2    1
(advertise)    5    28074.17    18    28
(relay)    4    3    28095.78    28    28091.41    6    1
(advertise)    5    28097.18    3    28
(relay)    4    4    28114.8    28    28113.85    6    1
(advertise)    5    28121.4    4    28
(relay)    12    19    28153.01    28    28152.14    4    1
(advertise)    5    28153.21    19    28
(relay)    12    26    28174.62    28    28170.63    2    1
(advertise)    5    28175.62    26    28
(relay)    4    2    28177.64    28    28166.42    4    1
(advertise)    5    28196.64    2    28
(relay)    4    7    28200.05    28    28156.28    2    1
(advertise)    5    28219.05    7    28
(relay)    12    47    28249.46    28    28246.89    2    1
(advertise)    5    28249.66    47    28
(relay)    4    9    28343.67    28    28341.77    2    1
(advertise)    5    28343.87    9    28
(relay)    12    11    28572.89    28    28571.53    4    1
(advertise)    5    28573.09    11    28
(relay)    12    13    28597.5    28    28597.01    6    1
(advertise)    5    28597.9    13    28
(relay)    4    8    28623.31    28    28616.69    2    1
(advertise)    5    28623.71    8    28
(generate)    5    28647.53    [24]    28
(relay)    6    6    28669.54    28    28669.44    8    1
(advertise)    5    28669.74    6    28
(relay)    4    1    28698.15    28    28682.79    4    1
(advertise)    5    28698.35    1    28
(heartbeat)    24    7    28677.28    5    28722.17    5    9
(advertise)    5    28723.57    24    7
(relay)    4    46    28749.38    28    28740.3    2    1
(advertise)    5    28749.58    46    28
(relay)    12    10    28769.99    28    28751.94    2    1
(advertise)    5    28772.19    10    28
(relay)    12    12    28812.0    28    28811.39    6    1
(advertise)    5    28812.2    12    28
(relay)    4    0    28841.82    28    28832.27    2    1
(advertise)    5    28842.02    0    28
(relay)    12    48    28960.83    28    28958.99    2    1
(advertise)    5    28961.03    48    28
(relay)    12    41    29032.64    29    29027.93    2    1
(advertise)    5    29032.84    41    29
(relay)    4    18    29074.06    29    29072.93    2    1
(advertise)    5    29074.26    18    29
(relay)    4    3    29096.67    29    29091.48    6    1
(advertise)    5    29098.07    3    29
(relay)    4    4    29114.88    29    29113.88    6    1
(advertise)    5    29119.08    4    29
(relay)    12    19    29153.5    29    29152.19    4    1
(advertise)    5    29153.7    19    29
(relay)    12    26    29175.11    29    29170.73    2    1
(advertise)    5    29175.31    26    29
(relay)    4    7    29178.32    29    29156.39    2    1
(advertise)    5    29199.32    7    29
(relay)    4    2    29202.13    29    29166.46    4    1
(advertise)    5    29221.33    2    29
(relay)    12    47    29250.55    29    29247.01    2    1
(advertise)    5    29250.75    47    29
(relay)    4    9    29343.56    29    29341.92    2    1
(advertise)    5    29343.76    9    29
(relay)    6    34    29489.57    29    29485.57    2    1
(advertise)    5    29489.77    34    29
(relay)    12    11    29571.99    29    29571.55    4    1
(advertise)    5    29572.19    11    29
(relay)    6    13    29598.6    29    29597.12    6    1
(advertise)    5    29598.8    13    29
(relay)    4    8    29623.61    29    29616.75    2    1
(advertise)    5    29624.01    8    29
(generate)    5    29647.63    [24]    29
(relay)    6    6    29669.64    29    29669.62    8    1
(advertise)    5    29669.84    6    29
(relay)    4    1    29698.85    29    29682.88    4    1
(advertise)    5    29699.05    1    29
(relay)    12    46    29746.66    29    29740.31    2    1
(advertise)    5    29747.06    46    29
(relay)    4    10    29756.48    29    29751.99    2    1
(advertise)    5    29769.08    10    29
(relay)    12    20    29771.69    29    29770.7    4    1
(advertise)    5    29790.29    20    29
(relay)    12    12    29812.5    29    29811.45    6    1
(advertise)    5    29812.9    12    29
(relay)    4    0    29842.32    29    29832.43    2    1
(advertise)    5    29842.52    0    29
