(relay)    13    41    1027.0    1    1025.0    123    1
(advertise)    6    1027.2    41    1
(relay)    13    18    1091.21    1    1069.03    124    1
(advertise)    6    1091.41    18    1
(relay)    5    4    1114.43    1    1111.04    126    1
(advertise)    6    1115.03    4    1
(relay)    13    3    1137.44    1    1089.21    121    1
(advertise)    6    1137.84    3    1
(relay)    13    19    1181.45    1    1149.07    125    1
(advertise)    6    1181.65    19    1
(relay)    13    26    1202.87    1    1166.08    124    1
(advertise)    6    1203.87    26    1
(relay)    5    2    1224.68    1    1164.05    124    1
(relay)    13    16    1225.28    1    1177.08    122    2
(advertise)    6    1226.88    2    1
(relay)    5    7    1248.49    1    1153.07    119    2
(advertise)    6    1250.29    16    1
(advertise)    6    1272.9    7    1
(relay)    13    47    1292.72    1    1244.12    119    1
(advertise)    6    1294.92    47    1
(relay)    13    17    1314.13    1    1292.14    123    1
(advertise)    6    1317.13    17    1
(relay)    13    45    1339.74    1    1255.13    117    1
(advertise)    6    1339.94    45    1
(relay)    13    35    1360.56    1    1161.07    115    1
(advertise)    6    1361.36    35    1
(relay)    13    23    1382.97    1    1297.16    121    1
(advertise)    6    1383.77    23    1
(relay)    5    9    1406.18    1    1337.18    123    1
(advertise)    6    1406.98    9    1
(relay)    5    39    1431.6    1    1373.2    121    1
(advertise)    6    1432.0    39    1
(relay)    13    36    1453.01    1    1294.14    116    1
(advertise)    6    1453.21    36    1
(relay)    5    30    1476.02    1    1393.01    120    1
(advertise)    6    1476.22    30    1
(relay)    13    31    1499.63    1    1315.16    119    1
(advertise)    6    1500.03    31    1
(relay)    5    43    1523.05    1    1378.2    117    1
(relay)    13    34    1523.45    1    1483.06    122    2
(advertise)    6    1524.25    43    1
(advertise)    6    1546.66    34    1
(relay)    13    44    1566.87    1    1425.02    118    1
(advertise)    6    1569.87    44    1
(relay)    13    32    1591.29    1    1496.07    122    1
(advertise)    6    1592.09    32    1
(relay)    13    13    1594.7    1    1594.13    127    1
(relay)    13    38    1613.3    1    1440.03    118    2
(advertise)    6    1614.7    13    1
(relay)    13    11    1633.71    1    1568.11    125    2
(advertise)    6    1636.31    38    1
(relay)    5    5    1645.33    1    1645.15    127    2
(relay)    13    25    1656.33    1    1533.09    123    3
(advertise)    6    1658.33    11    1
(generate)    6    1665.14    [24]    1
(advertise)    6    1680.35    5    1
(advertise)    6    1702.36    25    1
(relay)    5    21    1705.18    1    1535.09    119    1
(advertise)    6    1724.78    21    1
(relay)    5    8    1748.39    1    1614.11    122    1
(advertise)    6    1748.59    8    1
(relay)    5    42    1770.4    1    1489.05    114    1
(advertise)    6    1772.4    42    1
(relay)    13    20    1794.62    1    1769.02    126    1
(advertise)    6    1794.82    20    1
(relay)    13    10    1816.63    1    1750.02    124    1
(advertise)    6    1817.43    10    1
(relay)    5    12    1838.84    1    1809.04    126    1
(advertise)    6    1839.64    12    1
(relay)    5    1    1860.66    1    1680.16    121    1
(relay)    13    29    1861.06    1    1653.15    119    2
(advertise)    6    1861.46    1    1
(relay)    5    14    1883.07    1    1724.0    114    2
(relay)    13    27    1884.47    1    1808.06    125    3
(advertise)    6    1885.07    29    1
(advertise)    6    1907.48    14    1
(advertise)    6    1929.29    27    1
(relay)    13    46    1951.51    1    1738.0    114    1
(advertise)    6    1951.71    46    1
(relay)    13    37    1974.12    1    1843.07    119    1
(advertise)    6    1974.32    37    1
(relay)    5    0    1995.93    1    1829.04    122    1
(advertise)    6    1996.93    0    1
(relay)    5    15    2018.55    1    1895.11    121    1
(advertise)    6    2018.95    15    1
(relay)    5    40    2042.56    1    1870.29    122    1
(advertise)    6    2043.36    40    1
(relay)    13    22    2065.77    1    1896.11    120    1
(advertise)    6    2066.77    22    1
(relay)    13    18    2088.39    2    2069.2    124    1
(advertise)    6    2088.59    18    2
(relay)    13    48    2110.4    1    1955.11    120    1
(advertise)    6    2112.6    48    1
(relay)    13    41    2131.81    2    2025.17    123    1
(advertise)    6    2134.21    41    2
(relay)    13    4    2154.82    2    2111.22    124    1
(advertise)    6    2156.82    4    2
(relay)    13    33    2175.44    2    2071.6    123    1
(advertise)    6    2178.64    33    2
(relay)    13    19    2197.65    2    2149.25    125    1
(advertise)    6    2199.65    19    2
(relay)    13    3    2223.26    2    2089.4    119    1
(advertise)    6    2223.46    3    2
(relay)    13    28    2245.88    2    2062.2    118    1
(advertise)    6    2246.08    28    2
(relay)    5    2    2247.29    2    2164.24    124    1
(advertise)    6    2268.29    2    2
(relay)    5    16    2290.5    2    2177.28    122    1
(advertise)    6    2292.1    16    2
(relay)    5    7    2312.52    2    2153.24    121    1
(advertise)    6    2313.92    7    2
(relay)    5    17    2336.93    2    2292.34    123    1
(advertise)    6    2338.33    17    2
(relay)    5    26    2357.74    2    2166.26    118    1
(advertise)    6    2359.54    26    2
(relay)    5    35    2379.75    2    2161.25    117    1
(relay)    13    47    2380.75    2    2244.32    121    2
(advertise)    6    2382.55    35    2
(advertise)    6    2403.77    47    2
(relay)    5    9    2422.78    2    2337.37    123    1
(advertise)    6    2426.38    9    2
(relay)    5    45    2444.99    2    2255.92    119    1
(advertise)    6    2447.99    45    2
(relay)    5    23    2467.61    2    2297.34    121    1
(advertise)    6    2470.21    23    2
(relay)    5    31    2490.02    2    2315.35    121    1
(advertise)    6    2493.82    31    2
(relay)    5    39    2511.83    2    2373.39    121    1
(advertise)    6    2516.23    39    2
(relay)    5    36    2532.24    2    2294.74    116    1
(advertise)    6    2538.64    36    2
(relay)    5    30    2555.86    2    2393.81    120    1
(relay)    13    34    2559.06    2    2483.24    124    2
(advertise)    6    2560.06    30    2
(relay)    5    25    2579.07    2    2533.28    123    2
(advertise)    6    2582.87    34    2
(relay)    13    13    2595.28    2    2594.31    127    2
(advertise)    6    2604.28    25    2
(relay)    13    11    2623.7    2    2568.31    125    2
(relay)    5    43    2625.7    2    2378.37    115    3
(advertise)    6    2626.3    13    2
(relay)    5    5    2645.51    2    2645.34    127    3
(advertise)    6    2648.51    11    2
(generate)    6    2665.32    [24]    2
(advertise)    6    2670.54    43    2
(advertise)    6    2691.95    5    2
(relay)    5    21    2693.16    2    2535.27    119    1
(advertise)    6    2713.96    21    2
(relay)    5    32    2758.57    2    2496.26    122    1
(advertise)    6    2758.77    32    2
(relay)    13    44    2760.39    2    2425.21    118    1
(advertise)    6    2779.99    44    2
(relay)    5    8    2781.2    2    2614.31    122    1
(advertise)    6    2801.0    8    2
(relay)    13    20    2804.01    2    2769.21    126    1
(advertise)    6    2823.81    20    2
(relay)    5    12    2825.03    2    2809.23    126    1
(advertise)    6    2845.43    12    2
(relay)    5    1    2868.84    2    2680.36    123    1
(advertise)    6    2869.04    1    2
(relay)    13    42    2873.65    2    2489.22    116    1
(advertise)    6    2890.45    42    2
(relay)    13    27    2894.87    2    2808.24    125    1
(advertise)    6    2913.07    27    2
(relay)    5    29    2935.48    2    2653.35    119    1
(advertise)    6    2935.68    29    2
(relay)    13    10    2961.69    2    2750.21    122    1
(advertise)    6    2961.89    10    2
(relay)    5    46    2979.3    2    2738.2    120    1
(advertise)    6    2983.9    46    2
(relay)    5    0    3001.92    2    2829.2    122    1
(advertise)    6    3006.12    0    2
(relay)    13    40    3007.53    2    2870.48    122    1
(relay)    5    14    3023.93    2    2724.2    120    2
(advertise)    6    3029.13    40    2
(advertise)    6    3051.54    14    2
(relay)    5    37    3069.36    2    2843.47    119    1
(advertise)    6    3072.56    37    2
(relay)    5    22    3090.77    2    2896.29    120    1
(relay)    13    48    3093.37    2    2955.29    122    2
(advertise)    6    3095.57    22    2
(advertise)    6    3116.58    48    2
(relay)    5    4    3137.4    3    3111.42    126    1
(relay)    13    41    3138.8    3    3025.37    123    2
(advertise)    6    3140.6    4    3
(relay)    13    15    3159.21    2    2895.3    119    2
(advertise)    6    3162.21    41    3
(relay)    5    3    3179.42    3    3089.6    125    2
(advertise)    6    3184.62    15    2
(relay)    5    18    3202.23    3    3069.4    124    2
(advertise)    6    3206.03    3    3
(relay)    13    33    3227.25    3    3071.8    123    2
(advertise)    6    3229.65    18    3
(relay)    5    2    3246.66    3    3164.42    124    2
(relay)    13    19    3250.26    3    3149.45    125    3
(advertise)    6    3252.26    33    3
(advertise)    6    3275.27    2    3
(relay)    13    26    3294.89    3    3167.66    124    2
(advertise)    6    3298.49    19    3
(relay)    5    28    3313.3    3    3062.4    118    2
(advertise)    6    3322.1    26    3
(advertise)    6    3343.31    28    3
(relay)    5    16    3357.33    3    3177.46    122    1
(relay)    13    47    3361.13    3    3244.49    121    2
(advertise)    6    3364.73    16    3
(relay)    5    7    3379.74    3    3153.43    121    2
(advertise)    6    3386.34    47    3
(relay)    13    35    3405.55    3    3161.45    117    2
(advertise)    6    3408.55    7    3
(relay)    5    17    3422.96    3    3292.53    123    2
(advertise)    6    3431.16    35    3
(advertise)    6    3453.18    17    3
(relay)    5    9    3465.99    3    3337.56    123    1
(relay)    13    45    3470.99    3    3256.1    119    2
(advertise)    6    3475.19    9    3
(relay)    5    23    3488.4    3    3297.53    121    2
(advertise)    6    3497.2    45    3
(relay)    5    31    3511.22    3    3315.55    121    2
(advertise)    6    3519.22    23    3
(advertise)    6    3540.23    31    3
(relay)    5    36    3555.44    3    3294.93    116    1
(relay)    13    39    3558.84    3    3373.59    121    2
(advertise)    6    3562.84    36    3
(relay)    5    25    3577.46    3    3533.48    123    2
(advertise)    6    3584.86    39    3
(relay)    13    13    3595.47    3    3594.51    127    2
(relay)    13    34    3602.27    3    3483.44    124    3
(advertise)    6    3608.07    25    3
(relay)    5    30    3622.08    3    3394.0    120    3
(advertise)    6    3629.08    13    3
(relay)    5    11    3643.89    3    3568.51    125    3
(relay)    5    5    3645.89    3    3645.35    127    4
(advertise)    6    3652.09    34    3
(generate)    6    3665.51    [24]    3
(relay)    13    38    3670.32    3    3440.43    120    4
(advertise)    6    3674.52    30    3
(relay)    5    21    3687.13    3    3535.47    119    4
(advertise)    6    3695.53    11    3
(advertise)    6    3716.95    5    3
(advertise)    6    3738.16    38    3
(relay)    13    32    3755.97    3    3496.46    122    2
(advertise)    6    3760.77    21    3
(advertise)    6    3781.79    32    3
(relay)    5    8    3795.2    3    3614.49    122    1
(relay)    13    44    3802.2    3    3425.22    118    2
(advertise)    6    3803.2    8    3
(relay)    5    12    3816.41    3    3809.42    126    2
(advertise)    6    3824.41    44    3
(relay)    13    20    3825.62    3    3769.22    126    2
(advertise)    6    3846.42    12    3
(relay)    5    43    3861.24    3    3378.56    115    2
(advertise)    6    3867.64    20    3
(relay)    5    10    3882.25    3    3750.41    124    2
(relay)    13    27    3889.45    3    3808.44    125    3
(advertise)    6    3889.65    43    3
(advertise)    6    3912.66    10    3
(relay)    5    1    3926.88    3    3680.55    123    2
(advertise)    6    3933.88    27    3
(advertise)    6    3956.49    1    3
(relay)    13    42    3957.7    3    3489.42    116    1
(relay)    5    29    3970.9    3    3653.55    119    2
(advertise)    6    3978.9    42    3
(advertise)    6    4001.12    29    3
(relay)    5    14    4013.73    3    3725.0    120    1
(advertise)    6    4022.53    14    3
(relay)    5    46    4037.14    3    3738.4    120    1
(advertise)    6    4044.14    46    3
(relay)    13    40    4066.95    3    3870.68    122    1
(advertise)    6    4067.35    40    3
(relay)    13    37    4088.97    3    3843.66    119    1
(advertise)    6    4089.57    37    3
(relay)    13    15    4110.58    3    3895.49    121    1
(advertise)    6    4113.38    15    3
(relay)    13    33    4133.39    4    4071.98    123    1
(advertise)    6    4134.39    33    4
(relay)    13    4    4157.61    4    4111.62    124    1
(advertise)    6    4158.01    4    4
(relay)    5    18    4159.62    4    4069.59    124    1
(advertise)    6    4180.22    18    4
(relay)    5    2    4182.43    4    4164.62    124    1
(advertise)    6    4201.83    2    4
(relay)    5    3    4204.85    4    4089.81    123    1
(advertise)    6    4223.85    3    4
(relay)    13    19    4225.26    4    4149.65    125    1
(relay)    13    22    4246.46    3    3896.49    120    2
(advertise)    6    4246.86    19    4
(relay)    13    48    4267.87    3    3955.48    120    2
(advertise)    6    4268.67    22    3
(relay)    13    26    4289.88    4    4167.86    124    2
(advertise)    6    4290.08    48    3
(relay)    5    7    4292.9    4    4153.63    121    2
(advertise)    6    4312.5    26    4
(advertise)    6    4333.91    7    4
(relay)    5    41    4337.92    4    4025.57    119    1
(advertise)    6    4354.92    41    4
(relay)    5    28    4381.74    4    4062.59    118    1
(advertise)    6    4381.94    28    4
(relay)    5    16    4404.15    4    4177.66    122    1
(advertise)    6    4405.55    16    4
(relay)    5    17    4424.76    4    4292.72    123    1
(advertise)    6    4427.56    17    4
(relay)    5    9    4448.98    4    4337.75    123    1
(advertise)    6    4449.98    9    4
(relay)    5    47    4471.39    4    4244.68    121    1
(advertise)    6    4472.39    47    4
(relay)    5    35    4493.2    4    4161.63    117    1
(advertise)    6    4494.6    35    4
(relay)    5    23    4514.61    4    4297.54    121    1
(relay)    13    45    4515.21    4    4256.11    119    2
(advertise)    6    4516.21    23    4
(advertise)    6    4539.83    45    4
(relay)    5    31    4561.24    4    4315.95    121    1
(advertise)    6    4561.44    31    4
(relay)    5    11    4584.25    4    4568.69    125    1
(advertise)    6    4584.65    11    4
(relay)    13    13    4595.67    4    4594.69    127    1
(relay)    5    30    4605.27    4    4394.2    120    2
(advertise)    6    4607.07    13    4
(advertise)    6    4628.68    30    4
(relay)    5    5    4646.09    4    4645.52    127    1
(relay)    5    34    4649.89    4    4483.64    122    2
(advertise)    6    4650.09    5    4
(generate)    6    4665.71    [24]    4
(advertise)    6    4671.12    34    4
(relay)    5    25    4672.33    4    4533.68    123    1
(relay)    13    39    4675.13    4    4373.79    121    2
(advertise)    6    4692.33    25    4
(advertise)    6    4716.34    39    4
(relay)    5    8    4740.96    4    4614.69    122    1
(advertise)    6    4741.76    8    4
(relay)    13    32    4744.77    4    4496.65    120    1
(advertise)    6    4764.17    32    4
(relay)    5    1    4785.78    4    4680.74    123    1
(relay)    13    38    4786.58    4    4440.61    118    2
(advertise)    6    4786.78    1    4
(advertise)    6    4808.2    38    4
(relay)    13    20    4831.01    4    4769.41    126    1
(advertise)    6    4831.61    20    4
(relay)    5    12    4853.02    4    4809.62    126    1
(advertise)    6    4853.42    12    4
(relay)    5    36    4873.24    4    4295.12    114    1
(advertise)    6    4875.84    36    4
(relay)    13    44    4894.85    4    4425.41    118    1
(relay)    5    10    4896.45    4    4750.61    124    2
(advertise)    6    4900.05    44    4
(relay)    13    21    4916.66    4    4535.67    119    2
(advertise)    6    4921.26    10    4
(advertise)    6    4943.27    21    4
(heartbeat)    24    1    4677.2    6    4961.89    127    0
(advertise)    6    4964.69    24    1
(relay)    13    27    4983.1    4    4808.45    3    1
(relay)    5    43    4984.3    4    4378.76    117    2
(advertise)    6    4986.3    27    4
(advertise)    6    5008.51    43    4
(relay)    5    0    5027.73    4    4829.57    122    1
(advertise)    6    5029.93    0    4
(relay)    5    29    5048.74    4    4653.56    119    1
(relay)    13    46    5051.54    4    4738.6    120    2
(advertise)    6    5051.74    29    4
(advertise)    6    5075.75    46    4
(relay)    5    42    5103.37    4    4489.61    116    1
(advertise)    6    5103.57    42    4
(relay)    5    14    5128.78    4    4725.18    120    1
(advertise)    6    5128.98    14    4
(relay)    13    40    5141.79    4    4870.87    1    1
(relay)    5    4    5148.99    5    5113.02    5    1
(advertise)    6    5150.99    4    5
(relay)    5    19    5171.0    5    5149.84    5    1
(advertise)    6    5172.0    19    5
(relay)    13    18    5185.02    5    5069.8    1    1
(relay)    5    2    5217.42    5    5164.82    5    1
(advertise)    6    5217.62    2    5
(relay)    13    41    5229.03    5    5025.77    3    1
(advertise)    6    5240.03    41    5
(relay)    5    7    5285.64    5    5153.83    1    1
(relay)    13    48    5296.44    4    4955.67    3    1
(advertise)    6    5296.64    48    4
(relay)    13    3    5318.46    5    5089.99    3    1
(advertise)    6    5319.86    3    5
(relay)    5    26    5333.27    5    5168.06    1    1
(relay)    13    33    5340.07    5    5072.18    1    1
(relay)    5    17    5357.47    5    5292.91    1    1
(relay)    5    9    5379.67    5    5337.95    3    1
(advertise)    6    5379.87    9    5
(relay)    13    47    5384.28    5    5244.88    3    1
(advertise)    6    5401.88    47    5
(relay)    13    34    5487.1    5    5483.75    3    1
(advertise)    6    5487.3    34    5
(relay)    5    11    5571.31    5    5568.88    3    1
(advertise)    6    5571.51    11    5
(relay)    13    13    5594.92    5    5594.83    7    1
(advertise)    6    5595.12    13    5
(relay)    5    8    5623.53    5    5614.77    1    1
(relay)    5    5    5646.13    5    5645.63    7    1
(advertise)    6    5646.33    5    5
(generate)    6    5665.75    [24]    5
(relay)    5    1    5697.76    5    5680.84    5    1
(advertise)    6    5697.96    1    5
(relay)    5    10    5764.17    5    5750.65    3    1
(advertise)    6    5764.37    10    5
(relay)    13    20    5787.19    5    5769.48    5    1
(advertise)    6    5787.39    20    5
(relay)    13    12    5834.2    5    5809.69    7    1
(advertise)    6    5834.4    12    5
(relay)    5    0    5842.21    5    5829.75    1    1
(relay)    13    40    5876.21    5    5870.9    1    1
(relay)    13    48    5961.81    5    5955.81    3    1
(advertise)    6    5962.01    48    5
(relay)    13    41    6030.43    6    6025.96    3    1
(advertise)    6    6030.63    41    6
(relay)    13    18    6070.64    6    6069.82    1    1
(relay)    5    3    6094.04    6    6090.12    5    1
(advertise)    6    6094.24    3    6
(relay)    5    4    6117.05    6    6113.09    5    1
(advertise)    6    6118.85    4    6
(relay)    5    19    6150.46    6    6149.89    5    1
(advertise)    6    6150.66    19    6
(relay)    5    26    6175.68    6    6168.25    1    1
(relay)    5    2    6198.28    6    6164.89    5    1
(advertise)    6    6198.48    2    6
(relay)    13    47    6248.69    6    6245.03    3    1
(advertise)    6    6248.89    47    6
(relay)    13    17    6297.3    6    6293.09    1    1
(relay)    13    34    6487.5    6    6483.76    3    1
(advertise)    6    6487.7    34    6
(relay)    13    11    6571.92    6    6569.07    3    1
(advertise)    6    6572.12    11    6
(relay)    13    13    6595.13    6    6594.94    7    1
(advertise)    6    6595.73    13    6
(relay)    5    8    6624.14    6    6614.85    1    1
(relay)    5    5    6646.34    6    6645.7    7    1
(advertise)    6    6646.54    5    6
(generate)    6    6665.76    [24]    6
(relay)    5    1    6696.37    6    6680.95    5    1
(advertise)    6    6696.57    1    6
(relay)    13    10    6770.18    6    6750.71    1    1
(relay)    13    27    6809.78    6    6808.62    3    1
(advertise)    6    6809.98    27    6
(relay)    5    12    6811.19    6    6809.74    7    1
(advertise)    6    6832.99    12    6
(relay)    5    0    6855.81    6    6829.76    3    1
(advertise)    6    6856.01    0    6
(relay)    13    40    6874.42    6    6871.0    1    1
(relay)    5    48    6960.82    6    6955.83    1    1
(relay)    13    41    7031.02    7    7026.07    3    1
(advertise)    6    7031.22    41    7
(relay)    13    18    7071.63    7    7069.95    1    1
(relay)    5    3    7094.23    7    7090.16    5    1
(advertise)    6    7094.43    3    7
(relay)    13    26    7173.25    7    7168.35    1    1
(relay)    5    2    7196.65    7    7164.92    5    1
(advertise)    6    7196.85    2    7
(relay)    13    47    7246.86    7    7245.15    3    1
(advertise)    6    7247.06    47    7
(relay)    13    17    7297.67    7    7293.19    1    1
(relay)    5    9    7339.67    7    7338.19    3    1
(advertise)    6    7339.87    9    7
(relay)    13    34    7488.09    7    7483.78    3    1
(advertise)    6    7488.29    34    7
(relay)    5    11    7572.1    7    7569.22    3    1
(advertise)    6    7572.3    11    7
(relay)    13    13    7595.11    7    7595.02    7    1
(advertise)    6    7595.31    13    7
(relay)    13    8    7622.92    7    7614.93    1    1
(relay)    5    5    7646.72    7    7645.77    7    1
(advertise)    6    7646.92    5    7
(generate)    6    7665.94    [24]    7
(relay)    5    1    7697.75    7    7681.06    5    1
(advertise)    6    7697.95    1    7
(relay)    13    10    7765.76    7    7750.77    3    1
(advertise)    6    7765.96    10    7
(relay)    13    20    7787.78    7    7769.62    5    1
(advertise)    6    7788.98    20    7
(relay)    13    27    7810.59    7    7808.73    3    1
(advertise)    6    7811.19    27    7
(relay)    13    12    7839.0    7    7809.8    3    1
(advertise)    6    7839.2    12    7
(relay)    5    0    7842.02    7    7829.76    3    1
(advertise)    6    7861.82    0    7
(relay)    13    40    7882.43    7    7871.08    1    1
(relay)    13    48    7959.23    7    7956.02    1    1
(relay)    13    41    8032.03    8    8026.13    3    1
(advertise)    6    8032.23    41    8
(relay)    13    18    8071.64    8    8070.1    1    1
(relay)    13    33    8095.44    8    8072.86    1    1
(relay)    5    3    8096.84    8    8090.24    5    1
(advertise)    6    8097.04    3    8
(relay)    5    4    8117.85    8    8113.13    5    1
(advertise)    6    8118.65    4    8
(relay)    5    19    8150.67    8    8149.89    5    1
(advertise)    6    8150.87    19    8
(relay)    5    26    8173.48    8    8168.5    1    1
(relay)    13    47    8247.68    8    8245.24    3    1
(advertise)    6    8247.88    47    8
(relay)    5    17    8297.89    8    8293.26    1    1
(relay)    5    9    8340.09    8    8338.37    3    1
(advertise)    6    8340.29    9    8
(relay)    13    34    8487.71    8    8483.8    3    1
(advertise)    6    8487.91    34    8
(relay)    5    11    8572.32    8    8569.4    3    1
(advertise)    6    8572.52    11    8
(relay)    13    13    8595.33    8    8595.14    7    1
(advertise)    6    8595.93    13    8
(relay)    5    8    8622.95    8    8615.01    1    1
(relay)    5    5    8646.95    8    8645.84    7    1
(advertise)    6    8647.15    5    8
(generate)    6    8665.96    [24]    8
(heartbeat)    24    2    8677.21    6    8697.37    6    6
(advertise)    6    8697.57    24    2
(relay)    13    1    8726.38    8    8681.14    1    1
(relay)    5    10    8764.38    8    8750.86    3    1
(advertise)    6    8764.58    10    8
(relay)    13    20    8788.8    8    8769.71    5    1
(advertise)    6    8789.2    20    8
(relay)    5    12    8811.61    8    8809.86    7    1
(advertise)    6    8812.41    12    8
(relay)    5    27    8834.62    8    8808.87    1    1
(relay)    5    0    8856.82    8    8829.78    3    1
(advertise)    6    8857.02    0    8
(relay)    13    40    8880.24    8    8871.16    1    1
(relay)    5    48    8958.04    8    8956.02    1    1
(relay)    13    41    9031.04    9    9026.2    3    1
(advertise)    6    9031.24    41    9
(relay)    5    3    9095.45    9    9090.32    5    1
(advertise)    6    9095.65    3    9
(relay)    5    4    9117.26    9    9113.17    5    1
(advertise)    6    9117.46    4    9
(relay)    5    7    9158.08    9    9154.34    1    1
(relay)    13    19    9163.08    9    9150.08    3    1
(advertise)    6    9163.28    19    9
(relay)    13    26    9186.09    9    9168.62    1    1
(relay)    13    2    9208.49    9    9164.98    1    1
(relay)    13    47    9247.89    9    9245.36    1    1
(relay)    13    9    9340.29    9    9338.37    3    1
(advertise)    6    9340.49    9    9
(relay)    13    34    9487.5    9    9483.82    3    1
(advertise)    6    9487.7    34    9
(relay)    13    11    9571.11    9    9569.57    3    1
(advertise)    6    9571.31    11    9
(relay)    13    13    9595.33    9    9595.27    7    1
(advertise)    6    9595.53    13    9
(relay)    5    8    9622.34    9    9615.11    1    1
(relay)    5    5    9646.94    9    9645.96    7    1
(advertise)    6    9647.14    5    9
(generate)    6    9666.15    [24]    9
(relay)    5    1    9699.37    9    9681.24    5    1
(advertise)    6    9699.57    1    9
(relay)    13    10    9766.38    9    9750.89    3    1
(advertise)    6    9766.58    10    9
(relay)    5    20    9790.19    9    9769.8    3    1
(advertise)    6    9791.39    20    9
(relay)    5    12    9811.61    9    9809.94    7    1
(advertise)    6    9813.01    12    9
(relay)    5    27    9833.82    9    9808.99    1    1
(relay)    5    0    9854.02    9    9829.79    3    1
(advertise)    6    9854.22    0    9
(relay)    13    40    9876.43    9    9871.25    1    1
(relay)    13    48    9958.23    9    9956.19    3    1
(advertise)    6    9958.43    48    9
(relay)    5    41    10029.85    10    10026.29    1    1
(relay)    5    18    10072.65    10    10070.44    1    1
(relay)    5    3    10095.25    10    10090.36    5    1
(advertise)    6    10095.45    3    10
(relay)    5    4    10115.46    10    10113.2    5    1
(advertise)    6    10116.46    4    10
(relay)    13    19    10162.47    10    10150.26    3    1
(advertise)    6    10162.67    19    10
(relay)    13    26    10184.88    10    10168.73    1    1
(relay)    13    2    10205.28    10    10165.18    3    1
(advertise)    6    10205.48    2    10
(relay)    13    47    10249.9    10    10245.43    1    1
(relay)    5    17    10296.7    10    10293.43    1    1
(relay)    5    9    10341.1    10    10338.54    3    1
(advertise)    6    10341.3    9    10
(relay)    5    11    10570.51    10    10569.74    3    1
(advertise)    6    10570.71    11    10
(relay)    13    13    10595.92    10    10595.39    7    1
(advertise)    6    10596.72    13    10
(relay)    13    8    10624.14    10    10615.19    1    1
(relay)    13    5    10648.34    10    10646.06    5    1
(advertise)    6    10648.54    5    10
(generate)    6    10666.35    [24]    10
(relay)    5    1    10696.76    10    10681.33    5    1
(advertise)    6    10696.96    1    10
(relay)    5    10    10764.78    10    10750.93    3    1
(advertise)    6    10764.98    10    10
(relay)    13    20    10787.19    10    10769.83    5    1
(advertise)    6    10787.59    20    10
(relay)    13    12    10811.8    10    10810.02    7    1
(advertise)    6    10812.0    12    10
(relay)    5    0    10841.61    10    10829.81    3    1
(advertise)    6    10842.01    0    10
(relay)    13    40    10875.03    10    10871.32    1    1
(relay)    13    48    10959.03    10    10956.39    3    1
(advertise)    6    10959.23    48    10
(relay)    13    18    11073.84    11    11070.55    1    1
(relay)    5    3    11096.44    11    11090.38    5    1
(advertise)    6    11096.64    3    11
(relay)    5    4    11117.45    11    11113.21    5    1
(advertise)    6    11118.65    4    11
(relay)    13    26    11176.27    11    11168.87    1    1
(relay)    5    7    11197.07    11    11154.54    1    1
(relay)    5    2    11219.67    11    11165.2    5    1
(advertise)    6    11219.87    2    11
(relay)    13    47    11260.08    11    11245.53    1    1
(relay)    5    9    11342.88    11    11338.71    3    1
(advertise)    6    11343.08    9    11
(relay)    13    34    11485.09    11    11484.21    3    1
(advertise)    6    11485.29    34    11
(relay)    13    13    11596.11    11    11595.47    7    1
(advertise)    6    11596.31    13    11
(relay)    5    8    11625.92    11    11615.3    1    1
(relay)    5    5    11646.32    11    11646.14    7    1
(advertise)    6    11646.52    5    11
(generate)    6    11666.53    [24]    11
(relay)    5    1    11695.34    11    11681.45    5    1
(advertise)    6    11695.54    1    11
(relay)    5    10    11752.96    11    11750.95    3    1
(advertise)    6    11753.16    10    11
(relay)    13    20    11775.17    11    11769.88    5    1
(advertise)    6    11776.57    20    11
(relay)    5    12    11812.18    11    11810.09    7    1
(advertise)    6    11812.38    12    11
(relay)    5    27    11833.0    11    11809.42    1    1
(relay)    5    0    11854.8    11    11829.84    3    1
(advertise)    6    11855.0    0    11
(relay)    13    40    11885.61    11    11871.36    1    1
(relay)    13    48    11960.01    11    11956.57    3    1
(advertise)    6    11960.21    48    11
(relay)    13    41    12027.62    12    12026.41    3    1
(advertise)    6    12027.82    41    12
(relay)    13    18    12073.84    12    12070.68    1    1
(relay)    5    3    12095.04    12    12090.4    5    1
(advertise)    6    12095.24    3    12
(relay)    5    4    12117.65    12    12113.23    5    1
(advertise)    6    12118.25    4    12
(relay)    5    19    12153.26    12    12150.41    3    1
(advertise)    6    12153.46    19    12
(relay)    5    26    12176.67    12    12169.0    1    1
(relay)    5    2    12198.47    12    12165.39    5    1
(advertise)    6    12198.67    2    12
(relay)    13    47    12251.49    12    12245.62    1    1
(relay)    5    17    12294.89    12    12293.61    1    1
(relay)    13    34    12485.69    12    12484.23    3    1
(advertise)    6    12485.89    34    12
(relay)    5    11    12571.1    12    12570.07    3    1
(advertise)    6    12571.3    11    12
(relay)    13    13    12596.11    12    12595.57    7    1
(advertise)    6    12597.11    13    12
(relay)    5    5    12646.33    12    12646.22    7    1
(advertise)    6    12646.53    5    12
(generate)    6    12666.54    [24]    12
(heartbeat)    24    3    12677.23    6    12698.15    6    6
(advertise)    6    12698.35    24    3
(relay)    5    10    12752.57    12    12750.99    3    1
(advertise)    6    12752.77    10    12
(relay)    13    20    12775.38    12    12769.99    5    1
(advertise)    6    12775.78    20    12
(relay)    5    12    12811.79    12    12810.19    5    1
(advertise)    6    12811.99    12    12
(relay)    13    27    12835.4    12    12809.54    1    1
(relay)    5    0    12858.2    12    12829.84    3    1
(advertise)    6    12858.4    0    12
(relay)    13    40    12882.02    12    12871.38    1    1
(relay)    13    48    12961.42    12    12956.77    3    1
(advertise)    6    12961.62    48    12
(relay)    13    41    13028.43    13    13026.48    3    1
(advertise)    6    13028.63    41    13
(relay)    5    3    13095.64    13    13090.47    5    1
(advertise)    6    13095.84    3    13
(relay)    5    4    13118.26    13    13113.25    5    1
(advertise)    6    13118.86    4    13
(relay)    13    19    13153.07    13    13150.58    3    1
(advertise)    6    13153.27    19    13
(relay)    5    26    13175.08    13    13169.12    1    1
(relay)    5    7    13196.48    13    13154.77    1    1
(relay)    5    2    13218.88    13    13165.43    3    1
(advertise)    6    13219.08    2    13
(relay)    13    47    13253.3    13    13245.73    1    1
(relay)    13    9    13344.1    13    13338.86    1    1
(relay)    13    34    13486.1    13    13484.25    3    1
(advertise)    6    13486.3    34    13
(relay)    13    13    13596.71    13    13595.7    7    1
(advertise)    6    13596.91    13    13
(relay)    5    8    13626.92    13    13615.44    1    1
(relay)    5    5    13646.32    13    13646.3    7    1
(advertise)    6    13646.52    5    13
(generate)    6    13666.73    [24]    13
(relay)    5    1    13698.95    13    13681.62    3    1
(advertise)    6    13699.15    1    13
(relay)    5    10    13765.76    13    13751.05    3    1
(advertise)    6    13765.96    10    13
(relay)    13    20    13788.57    13    13770.02    5    1
(advertise)    6    13790.17    20    13
(relay)    13    12    13811.99    13    13810.28    5    1
(advertise)    6    13812.79    12    13
(relay)    13    27    13836.6    13    13809.63    1    1
(relay)    5    0    13858.4    13    13829.86    3    1
(advertise)    6    13858.6    0    13
(relay)    13    48    13962.21    13    13956.95    3    1
(advertise)    6    13962.41    48    13
(relay)    13    41    14029.23    14    14026.55    3    1
(advertise)    6    14029.43    41    14
(relay)    13    18    14073.64    14    14070.96    1    1
(relay)    13    33    14096.04    14    14074.09    1    1
(relay)    5    3    14096.64    14    14090.52    5    1
(advertise)    6    14096.84    3    14
(relay)    5    4    14119.05    14    14113.26    5    1
(advertise)    6    14119.45    4    14
(relay)    5    7    14162.06    14    14154.87    1    1
(relay)    13    19    14165.66    14    14150.77    3    1
(advertise)    6    14165.86    19    14
(relay)    13    26    14187.28    14    14169.21    1    1
(relay)    13    2    14211.08    14    14165.45    1    1
(relay)    13    47    14252.28    14    14245.8    1    1
(relay)    13    9    14342.88    14    14339.01    1    1
(relay)    13    34    14487.08    14    14484.27    3    1
(advertise)    6    14487.28    34    14
(relay)    5    11    14572.09    14    14570.42    3    1
(advertise)    6    14572.29    11    14
(relay)    13    13    14596.9    14    14595.81    7    1
(advertise)    6    14597.5    13    14
(relay)    13    8    14625.52    14    14615.51    1    1
(relay)    5    5    14646.92    14    14646.4    7    1
(advertise)    6    14647.12    5    14
(generate)    6    14666.93    [24]    14
(relay)    5    1    14698.54    14    14681.68    3    1
(advertise)    6    14698.74    1    14
(relay)    5    10    14765.76    14    14751.11    3    1
(advertise)    6    14765.96    10    14
(relay)    13    20    14771.97    14    14770.06    5    1
(advertise)    6    14789.57    20    14
(relay)    13    12    14810.78    14    14810.37    5    1
(advertise)    6    14812.38    12    14
(relay)    5    0    14841.99    14    14830.03    1    1
(relay)    13    40    14878.39    14    14871.5    1    1
(relay)    13    48    14963.39    14    14957.13    3    1
(advertise)    6    14963.59    48    14
(relay)    13    41    15030.21    15    15026.64    3    1
(advertise)    6    15030.41    41    15
(relay)    5    18    15073.22    15    15071.1    1    1
(relay)    5    3    15098.22    15    15090.58    5    1
(advertise)    6    15098.42    3    15
(relay)    5    4    15119.43    15    15113.27    5    1
(advertise)    6    15120.23    4    15
(relay)    5    7    15159.45    15    15154.98    1    1
(relay)    13    19    15168.25    15    15150.77    3    1
(advertise)    6    15168.45    19    15
(relay)    5    2    15182.46    15    15165.47    3    1
(advertise)    6    15190.26    2    15
(relay)    5    26    15203.87    15    15169.69    1    1
(relay)    13    47    15251.27    15    15245.87    1    1
(relay)    5    9    15341.47    15    15339.2    1    1
(relay)    13    34    15487.67    15    15484.28    3    1
(advertise)    6    15487.87    34    15
(relay)    13    11    15573.09    15    15570.6    3    1
(advertise)    6    15573.29    11    15
(relay)    13    13    15596.9    15    15595.87    7    1
(advertise)    6    15597.7    13    15
(relay)    5    5    15646.91    15    15646.45    7    1
(advertise)    6    15647.11    5    15
(generate)    6    15667.12    [24]    15
(relay)    5    1    15698.14    15    15681.74    3    1
(advertise)    6    15698.34    1    15
(relay)    13    10    15754.35    15    15751.16    3    1
(advertise)    6    15754.55    10    15
(relay)    13    20    15775.36    15    15770.09    5    1
(advertise)    6    15776.36    20    15
(relay)    13    27    15810.38    15    15809.79    3    1
(advertise)    6    15810.58    27    15
(relay)    5    0    15856.99    15    15830.22    3    1
(advertise)    6    15857.19    0    15
(relay)    13    40    15883.8    15    15871.53    1    1
(relay)    13    48    15963.4    15    15957.14    3    1
(advertise)    6    15963.6    48    15
(relay)    13    41    16031.22    16    16026.71    3    1
(advertise)    6    16031.42    41    16
(relay)    13    18    16073.03    16    16071.24    1    1
(relay)    13    33    16096.03    16    16074.28    1    1
(relay)    5    4    16115.03    16    16113.28    5    1
(advertise)    6    16115.23    4    16
(relay)    5    19    16151.44    16    16150.77    3    1
(advertise)    6    16151.64    19    16
(relay)    5    26    16174.85    16    16169.75    1    1
(relay)    5    2    16197.05    16    16165.65    3    1
(advertise)    6    16197.25    2    16
(relay)    5    7    16220.67    16    16155.08    1    1
(relay)    13    47    16249.67    16    16245.96    1    1
(relay)    13    9    16341.47    16    16339.35    1    1
(relay)    13    34    16487.47    16    16484.48    3    1
(advertise)    6    16487.67    34    16
(relay)    13    11    16573.88    16    16570.76    3    1
(advertise)    6    16574.08    11    16
(relay)    13    13    16596.09    16    16595.97    7    1
(advertise)    6    16596.29    13    16
(relay)    13    8    16626.11    16    16615.8    1    1
(relay)    5    5    16647.11    16    16646.49    7    1
(advertise)    6    16647.31    5    16
(generate)    6    16667.32    [24]    16
(relay)    5    1    16697.73    16    16681.82    3    1
(advertise)    6    16697.93    1    16
(heartbeat)    24    4    16677.24    6    16721.75    6    6
(advertise)    6    16722.35    24    4
(relay)    5    10    16773.16    16    16751.25    1    1
(relay)    13    27    16810.96    16    16809.86    3    1
(advertise)    6    16811.16    27    16
(relay)    13    12    16835.17    16    16810.43    3    1
(advertise)    6    16835.57    12    16
(relay)    13    0    16859.98    16    16830.41    1    1
(relay)    13    40    16881.38    16    16871.62    1    1
(relay)    13    48    16962.58    16    16957.32    3    1
(advertise)    6    16962.78    48    16
(relay)    13    41    17031.6    17    17026.79    3    1
(advertise)    6    17031.8    41    17
(relay)    13    18    17072.81    17    17071.39    1    1
(relay)    5    3    17095.61    17    17090.73    5    1
(advertise)    6    17095.81    3    17
(relay)    5    4    17119.22    17    17113.3    5    1
(advertise)    6    17119.82    4    17
(relay)    13    19    17151.64    17    17150.96    3    1
(advertise)    6    17151.84    19    17
(relay)    5    26    17174.25    17    17169.85    1    1
(relay)    5    7    17197.85    17    17155.16    1    1
(relay)    5    2    17219.25    17    17165.68    3    1
(advertise)    6    17219.45    2    17
(relay)    13    9    17340.66    17    17339.51    1    1
(relay)    13    34    17489.26    17    17484.51    3    1
(advertise)    6    17489.46    34    17
(relay)    5    11    17573.68    17    17570.76    3    1
(advertise)    6    17573.88    11    17
(relay)    13    13    17596.09    17    17596.05    7    1
(advertise)    6    17596.89    13    17
(relay)    5    5    17647.5    17    17646.59    7    1
(advertise)    6    17647.7    5    17
(generate)    6    17667.51    [24]    17
(relay)    5    1    17696.13    17    17681.9    3    1
(advertise)    6    17696.33    1    17
(relay)    5    10    17755.34    17    17751.29    1    1
(relay)    13    20    17771.34    17    17770.12    5    1
(advertise)    6    17771.54    20    17
(relay)    13    27    17811.55    17    17809.92    3    1
(advertise)    6    17811.75    27    17
(relay)    13    12    17836.97    17    17810.46    1    1
(relay)    5    0    17854.97    17    17830.59    3    1
(advertise)    6    17855.17    0    17
(relay)    5    40    17879.18    17    17871.68    1    1
(relay)    5    41    18034.18    18    18026.87    1    1
(relay)    13    18    18073.18    18    18071.56    1    1
(relay)    5    3    18096.38    18    18090.79    5    1
(advertise)    6    18096.58    3    18
(relay)    5    33    18118.19    18    18074.67    1    1
(relay)    13    4    18138.79    18    18113.3    3    1
(advertise)    6    18138.99    4    18
(relay)    13    19    18162.81    18    18151.15    3    1
(advertise)    6    18163.21    19    18
(relay)    13    26    18184.22    18    18169.91    1    1
(relay)    13    2    18207.42    18    18165.88    1    1
(relay)    13    47    18248.82    18    18246.12    1    1
(relay)    13    9    18342.02    18    18339.68    1    1
(relay)    13    34    18488.42    18    18484.7    3    1
(advertise)    6    18488.62    34    18
(relay)    5    11    18573.23    18    18570.77    3    1
(advertise)    6    18573.43    11    18
(relay)    13    13    18596.24    18    18596.13    7    1
(advertise)    6    18597.24    13    18
(relay)    5    5    18647.66    18    18646.72    7    1
(advertise)    6    18647.86    5    18
(generate)    6    18667.67    [24]    18
(relay)    5    1    18700.28    18    18681.96    3    1
(advertise)    6    18700.48    1    18
(relay)    5    10    18769.1    18    18751.35    1    1
(relay)    13    20    18770.5    18    18770.13    5    1
(advertise)    6    18770.7    20    18
(relay)    13    12    18811.71    18    18810.52    5    1
(advertise)    6    18811.91    12    18
(relay)    5    0    18838.72    18    18830.77    3    1
(advertise)    6    18839.12    0    18
(relay)    13    27    18861.94    18    18809.98    1    1
(relay)    13    40    18890.74    18    18871.74    1    1
(relay)    13    48    18959.14    18    18957.5    3    1
(advertise)    6    18959.34    48    18
(relay)    13    41    19030.95    19    19026.96    3    1
(advertise)    6    19031.15    41    19
(relay)    5    3    19095.56    19    19090.83    5    1
(advertise)    6    19095.76    3    19
(relay)    13    33    19098.57    19    19074.86    1    1
(relay)    5    4    19117.57    19    19113.31    5    1
(advertise)    6    19118.57    4    19
(relay)    13    19    19152.59    19    19151.16    3    1
(advertise)    6    19152.79    19    19
(relay)    13    26    19175.4    19    19169.97    1    1
(relay)    5    2    19197.6    19    19165.89    3    1
(advertise)    6    19197.8    2    19
(relay)    5    7    19219.01    19    19155.35    1    1
(relay)    13    47    19249.41    19    19246.17    1    1
(relay)    5    9    19342.01    19    19339.83    1    1
(relay)    13    34    19488.41    19    19484.73    3    1
(advertise)    6    19488.61    34    19
(relay)    5    11    19571.43    19    19570.77    3    1
(advertise)    6    19571.63    11    19
(relay)    13    13    19596.84    19    19596.21    7    1
(advertise)    6    19597.04    13    19
(relay)    13    8    19625.65    19    19616.0    1    1
(relay)    5    5    19647.85    19    19646.8    7    1
(advertise)    6    19648.05    5    19
(generate)    6    19667.87    [24]    19
(relay)    5    1    19697.88    19    19682.04    3    1
(advertise)    6    19698.08    1    19
(relay)    5    10    19770.29    19    19751.43    1    1
(relay)    13    20    19770.69    19    19770.15    5    1
(advertise)    6    19770.89    20    19
(relay)    13    12    19812.3    19    19810.6    5    1
(advertise)    6    19812.5    12    19
(relay)    13    40    19874.32    19    19871.8    1    1
(relay)    5    0    19878.92    19    19830.96    1    1
(relay)    13    48    19960.32    19    19957.65    3    1
(advertise)    6    19960.52    48    19
(relay)    5    41    20030.73    20    20027.06    1    1
(relay)    13    18    20075.13    20    20071.91    1    1
(relay)    5    3    20098.33    20    20090.88    5    1
(advertise)    6    20098.53    3    20
(relay)    13    33    20099.74    20    20074.87    1    1
(relay)    5    4    20119.74    20    20113.32    5    1
(advertise)    6    20121.54    4    20
(relay)    13    26    20178.56    20    20169.99    1    1
(relay)    5    7    20199.16    20    20155.45    1    1
(relay)    5    2    20220.36    20    20165.91    3    1
(advertise)    6    20220.56    2    20
(relay)    13    47    20251.57    20    20246.24    1    1
(relay)    13    9    20343.17    20    20340.02    1    1
(relay)    13    34    20486.77    20    20484.92    1    1
(relay)    13    11    20571.77    20    20570.96    3    1
(advertise)    6    20571.97    11    20
(relay)    13    13    20596.78    20    20596.3    7    1
(advertise)    6    20597.18    13    20
(relay)    13    8    20625.8    20    20616.06    1    1
(relay)    5    5    20647.0    20    20646.86    7    1
(advertise)    6    20647.2    5    20
(generate)    6    20668.01    [24]    20
(relay)    5    1    20696.42    20    20682.14    3    1
(advertise)    6    20696.62    1    20
(heartbeat)    24    5    20677.25    6    20721.43    6    6
(advertise)    6    20721.63    24    5
(relay)    13    20    20771.05    20    20770.18    5    1
(advertise)    6    20771.25    20    20
(relay)    5    12    20812.86    20    20810.67    5    1
(advertise)    6    20813.06    12    20
(relay)    5    27    20833.87    20    20810.12    1    1
(relay)    5    0    20855.27    20    20830.98    1    1
(relay)    13    40    20875.27    20    20871.91    1    1
(relay)    13    48    20960.67    20    20957.85    3    1
(advertise)    6    20960.87    48    20
(relay)    13    41    21029.49    21    21027.16    3    1
(advertise)    6    21029.69    41    21
(relay)    13    18    21075.5    21    21072.06    1    1
(relay)    13    33    21098.1    21    21074.88    1    1
(relay)    5    4    21113.7    21    21113.33    5    1
(advertise)    6    21113.9    4    21
(relay)    5    3    21135.51    21    21090.95    3    1
(advertise)    6    21136.71    3    21
(relay)    5    7    21161.33    21    21155.55    1    1
(relay)    13    19    21165.33    21    21151.35    3    1
(advertise)    6    21165.53    19    21
(relay)    5    26    21208.14    21    21170.08    1    1
(relay)    5    2    21229.94    21    21165.94    1    1
(relay)    13    47    21254.54    21    21246.34    1    1
(relay)    13    9    21344.74    21    21340.02    1    1
(relay)    13    34    21486.34    21    21484.95    3    1
(advertise)    6    21486.54    34    21
(relay)    5    11    21571.75    21    21571.14    3    1
(advertise)    6    21571.95    11    21
(relay)    13    13    21596.96    21    21596.4    7    1
(advertise)    6    21597.76    13    21
(relay)    5    8    21625.38    21    21616.13    1    1
(relay)    5    5    21646.98    21    21646.95    7    1
(advertise)    6    21647.18    5    21
(generate)    6    21668.19    [24]    21
(relay)    5    1    21697.0    21    21682.24    3    1
(advertise)    6    21697.2    1    21
(relay)    5    10    21756.82    21    21751.52    1    1
(relay)    13    20    21771.02    21    21770.22    5    1
(advertise)    6    21771.22    20    21
(relay)    13    12    21812.83    21    21810.74    5    1
(advertise)    6    21813.03    12    21
(relay)    5    0    21841.64    21    21831.17    1    1
(relay)    13    40    21888.04    21    21871.98    1    1
(relay)    13    48    21962.24    21    21958.03    3    1
(advertise)    6    21962.44    48    21
(relay)    13    41    22029.46    22    22027.25    1    1
(relay)    5    18    22075.86    22    22072.24    1    1
(relay)    5    3    22096.66    22    22091.0    5    1
(advertise)    6    22096.86    3    22
(relay)    5    4    22119.07    22    22113.35    5    1
(advertise)    6    22120.27    4    22
(relay)    13    33    22122.28    22    22075.07    1    1
(relay)    5    7    22163.28    22    22155.63    1    1
(relay)    13    19    22168.88    22    22151.54    3    1
(advertise)    6    22169.08    19    22
(relay)    13    26    22191.69    22    22170.17    1    1
(relay)    5    2    22206.29    22    22166.14    3    1
(advertise)    6    22206.49    2    22
(relay)    13    47    22252.51    22    22246.4    1    1
(relay)    5    9    22345.11    22    22340.78    1    1
(relay)    13    34    22486.51    22    22485.15    3    1
(advertise)    6    22486.71    34    22
(relay)    5    11    22572.92    22    22571.33    3    1
(advertise)    6    22573.12    11    22
(relay)    13    13    22597.53    22    22596.48    7    1
(advertise)    6    22598.13    13    22
(relay)    5    8    22627.15    22    22616.22    1    1
(relay)    5    5    22647.15    22    22647.05    7    1
(advertise)    6    22647.35    5    22
(generate)    6    22668.36    [24]    22
(relay)    5    1    22701.57    22    22682.33    3    1
(advertise)    6    22701.77    1    22
(relay)    5    10    22753.39    22    22751.57    1    1
(relay)    13    20    22775.19    22    22770.25    5    1
(advertise)    6    22775.39    20    22
(relay)    13    12    22812.0    22    22810.83    5    1
(advertise)    6    22812.2    12    22
(relay)    5    0    22841.81    22    22831.37    1    1
(relay)    13    40    22877.61    22    22872.03    1    1
(relay)    13    48    22963.21    22    22958.21    3    1
(advertise)    6    22963.41    48    22
(relay)    13    41    23029.82    23    23027.33    1    1
(relay)    5    18    23076.42    23    23072.43    1    1
(relay)    5    33    23098.02    23    23075.09    1    1
(relay)    5    4    23120.42    23    23113.37    5    1
(advertise)    6    23120.62    4    23
(relay)    13    19    23154.24    23    23151.72    3    1
(advertise)    6    23154.44    19    23
(relay)    13    26    23176.25    23    23170.21    1    1
(relay)    13    7    23199.45    23    23155.73    1    1
(relay)    5    2    23222.45    23    23166.16    3    1
(advertise)    6    23222.65    2    23
(relay)    13    47    23253.86    23    23246.5    1    1
(relay)    13    9    23345.46    23    23340.93    1    1
(relay)    13    34    23487.26    23    23485.34    3    1
(advertise)    6    23487.46    34    23
(relay)    13    11    23573.28    23    23571.48    3    1
(advertise)    6    23573.48    11    23
(relay)    13    13    23597.69    23    23596.58    7    1
(advertise)    6    23598.09    13    23
(relay)    5    8    23625.1    23    23616.3    1    1
(relay)    5    5    23647.7    23    23647.15    7    1
(advertise)    6    23647.9    5    23
(generate)    6    23668.52    [24]    23
(relay)    5    1    23700.53    23    23682.41    3    1
(advertise)    6    23700.73    1    23
(relay)    5    10    23762.54    23    23751.63    1    1
(relay)    13    20    23772.34    23    23770.43    5    1
(advertise)    6    23772.54    20    23
(relay)    5    12    23811.35    23    23810.91    5    1
(advertise)    6    23811.55    12    23
(relay)    5    0    23841.17    23    23831.55    1    1
(relay)    13    40    23884.37    23    23872.11    1    1
(relay)    13    48    23963.77    23    23958.38    3    1
(advertise)    6    23963.97    48    23
(relay)    13    41    24029.98    24    24027.41    3    1
(advertise)    6    24030.18    41    24
(relay)    5    18    24074.39    24    24072.57    1    1
(relay)    5    3    24097.79    24    24091.13    5    1
(advertise)    6    24097.99    3    24
(relay)    5    4    24120.41    24    24113.38    5    1
(advertise)    6    24120.61    4    24
(relay)    5    19    24154.62    24    24151.91    3    1
(advertise)    6    24155.02    19    24
(relay)    5    26    24176.63    24    24170.27    1    1
(relay)    5    7    24199.63    24    24155.82    1    1
(relay)    5    2    24221.03    24    24166.17    3    1
(advertise)    6    24221.23    2    24
(relay)    5    47    24253.05    24    24246.58    1    1
(relay)    5    9    24344.65    24    24341.1    1    1
(relay)    13    34    24488.65    24    24485.37    3    1
(advertise)    6    24488.85    34    24
(relay)    5    11    24573.06    24    24571.49    3    1
(advertise)    6    24573.26    11    24
(relay)    13    13    24597.67    24    24596.67    7    1
(advertise)    6    24597.87    13    24
(relay)    5    8    24627.28    24    24616.35    1    1
(relay)    5    5    24647.68    24    24647.21    7    1
(advertise)    6    24647.88    5    24
(generate)    6    24668.7    [24]    24
(relay)    5    1    24698.91    24    24682.49    3    1
(advertise)    6    24699.11    1    24
(heartbeat)    24    6    24677.27    6    24721.32    6    6
(advertise)    6    24722.12    24    6
(relay)    5    10    24769.94    24    24751.7    1    1
(relay)    13    20    24772.34    24    24770.47    5    1
(advertise)    6    24772.54    20    24
(relay)    13    27    24810.95    24    24810.44    3    1
(advertise)    6    24811.15    27    24
(relay)    5    12    24820.36    24    24810.96    5    1
(advertise)    6    24833.36    12    24
(relay)    5    0    24863.58    24    24831.73    1    1
(relay)    13    40    24885.38    24    24872.21    1    1
(relay)    13    41    25031.98    25    25027.51    3    1
(advertise)    6    25032.18    41    25
(relay)    5    18    25074.59    25    25072.57    1    1
(relay)    5    3    25099.59    25    25091.21    5    1
(advertise)    6    25099.79    3    25
(relay)    5    4    25122.2    25    25113.61    5    1
(advertise)    6    25122.6    4    25
(relay)    5    19    25153.41    25    25151.94    3    1
(advertise)    6    25153.61    19    25
(relay)    5    7    25198.83    25    25155.94    1    1
(relay)    5    2    25220.23    25    25166.2    3    1
(advertise)    6    25220.43    2    25
(relay)    13    47    25252.64    25    25246.66    1    1
(relay)    13    45    25275.64    25    25257.92    1    1
(relay)    5    9    25343.44    25    25341.26    1    1
(relay)    13    34    25488.64    25    25485.4    3    1
(advertise)    6    25488.84    34    25
(relay)    5    11    25574.05    25    25571.5    3    1
(advertise)    6    25574.25    11    25
(relay)    13    13    25596.87    25    25596.75    7    1
(advertise)    6    25597.27    13    25
(relay)    5    5    25647.88    25    25647.28    7    1
(advertise)    6    25648.08    5    25
(generate)    6    25668.89    [24]    25
(relay)    5    1    25700.51    25    25682.56    3    1
(advertise)    6    25700.71    1    25
(relay)    5    20    25787.52    25    25770.5    3    1
(advertise)    6    25787.72    20    25
(relay)    5    12    25812.13    25    25811.0    5    1
(advertise)    6    25812.33    12    25
(relay)    5    0    25840.94    25    25831.9    3    1
(advertise)    6    25841.14    0    25
(relay)    13    40    25877.36    25    25872.3    1    1
(relay)    13    48    25963.76    25    25958.6    3    1
(advertise)    6    25963.96    48    25
(relay)    13    41    26032.17    26    26027.62    3    1
(advertise)    6    26032.37    41    26
(relay)    13    18    26074.18    26    26072.73    1    1
(relay)    5    3    26095.58    26    26091.28    5    1
(advertise)    6    26095.78    3    26
(relay)    5    4    26118.4    26    26113.81    5    1
(advertise)    6    26118.8    4    26
(relay)    5    19    26152.81    26    26151.94    3    1
(advertise)    6    26153.01    19    26
(relay)    5    26    26177.62    26    26170.42    1    1
(relay)    5    7    26200.02    26    26156.05    1    1
(relay)    5    2    26224.82    26    26166.38    3    1
(advertise)    6    26225.02    2    26
(relay)    13    47    26250.64    26    26246.73    1    1
(relay)    13    45    26275.24    26    26257.99    1    1
(relay)    5    9    26343.84    26    26341.43    1    1
(relay)    13    34    26488.64    26    26485.43    3    1
(advertise)    6    26488.84    34    26
(relay)    5    11    26574.65    26    26571.51    3    1
(advertise)    6    26574.85    11    26
(relay)    13    13    26596.86    26    26596.83    7    1
(advertise)    6    26599.86    13    26
(relay)    5    8    26626.67    26    26616.48    1    1
(relay)    5    5    26648.47    26    26647.37    7    1
(advertise)    6    26648.67    5    26
(generate)    6    26669.09    [24]    26
(relay)    5    1    26698.1    26    26682.59    3    1
(advertise)    6    26698.3    1    26
(relay)    13    10    26767.51    26    26751.81    1    1
(relay)    13    12    26812.71    26    26811.06    5    1
(advertise)    6    26812.91    12    26
(relay)    5    0    26843.53    26    26832.07    1    1
(relay)    13    40    26881.53    26    26872.37    1    1
(relay)    13    48    26963.93    26    26958.62    3    1
(advertise)    6    26964.13    48    26
(relay)    13    41    27032.54    27    27027.74    3    1
(advertise)    6    27032.74    41    27
(relay)    5    18    27074.15    27    27072.74    1    1
(relay)    5    3    27098.55    27    27091.35    5    1
(advertise)    6    27098.75    3    27
(relay)    5    4    27121.77    27    27113.83    5    1
(advertise)    6    27122.17    4    27
(relay)    5    7    27158.38    27    27156.15    1    1
(relay)    13    19    27168.18    27    27152.13    3    1
(advertise)    6    27168.38    19    27
(relay)    13    26    27190.39    27    27170.52    1    1
(relay)    13    2    27214.39    27    27166.4    1    1
(relay)    13    47    27262.19    27    27246.81    1    1
(relay)    13    45    27289.39    27    27258.06    1    1
(relay)    5    9    27343.19    27    27341.6    1    1
(relay)    13    34    27502.19    27    27485.48    3    1
(advertise)    6    27502.39    34    27
(relay)    5    11    27574.6    27    27571.53    3    1
(advertise)    6    27574.8    11    27
(relay)    13    13    27597.02    27    27596.9    7    1
(advertise)    6    27598.42    13    27
(relay)    13    8    27626.43    27    27616.57    1    1
(relay)    5    5    27648.43    27    27647.43    7    1
(advertise)    6    27648.63    5    27
(generate)    6    27669.24    [24]    27
(relay)    5    1    27700.66    27    27682.68    3    1
(advertise)    6    27700.86    1    27
(relay)    5    10    27756.27    27    27751.87    1    1
(relay)    13    20    27771.87    27    27770.58    5    1
(advertise)    6    27772.07    20    27
(relay)    13    12    27812.48    27    27811.08    5    1
(advertise)    6    27812.68    12    27
(relay)    13    27    27838.5    27    27810.73    1    1
(relay)    5    0    27860.5    27    27832.26    3    1
(advertise)    6    27860.7    0    27
(relay)    13    40    27883.91    27    27872.45    1    1
(relay)    13    48    27962.31    27    27958.81    3    1
(advertise)    6    27962.51    48    27
(relay)    13    41    28032.72    28    28027.84    3    1
(advertise)    6    28032.92    41    28
(relay)    13    18    28074.53    28    28072.93    1    1
(relay)    5    3    28098.13    28    28091.41    5    1
(advertise)    6    28098.33    3    28
(relay)    5    4    28121.55    28    28113.85    5    1
(advertise)    6    28122.35    4    28
(relay)    5    19    28153.76    28    28152.14    3    1
(advertise)    6    28153.96    19    28
(relay)    5    26    28176.17    28    28170.63    1    1
(relay)    5    2    28197.57    28    28166.42    3    1
(advertise)    6    28197.77    2    28
(relay)    5    7    28219.19    28    28156.28    1    1
(relay)    13    47    28248.99    28    28246.89    1    1
(relay)    13    45    28277.19    28    28258.12    1    1
(relay)    5    9    28344.39    28    28341.77    1    1
(relay)    13    34    28489.19    28    28485.53    3    1
(advertise)    6    28489.39    34    28
(relay)    13    11    28573.0    28    28571.53    3    1
(advertise)    6    28573.2    11    28
(relay)    13    13    28597.61    28    28597.01    7    1
(advertise)    6    28597.81    13    28
(relay)    5    8    28624.23    28    28616.69    1    1
(relay)    5    5    28648.63    28    28647.53    7    1
(advertise)    6    28648.83    5    28
(generate)    6    28669.44    [24]    28
(relay)    5    1    28698.85    28    28682.79    3    1
(advertise)    6    28699.05    1    28
(heartbeat)    24    7    28677.28    6    28723.46    6    6
(advertise)    6    28724.26    24    7
(relay)    13    46    28748.08    28    28740.3    1    1
(relay)    13    10    28772.08    28    28751.94    1    1
(relay)    13    12    28813.08    28    28811.39    5    1
(advertise)    6    28813.28    12    28
(relay)    5    0    28842.09    28    28832.27    1    1
(relay)    13    40    28874.49    28    28872.54    1    1
(relay)    13    48    28960.89    28    28958.99    3    1
(advertise)    6    28961.09    48    28
(relay)    13    41    29032.1    29    29027.93    3    1
(advertise)    6    29032.3    41    29
(relay)    5    18    29074.72    29    29072.93    1    1
(relay)    5    3    29099.12    29    29091.48    5    1
(advertise)    6    29099.32    3    29
(relay)    5    4    29119.13    29    29113.88    5    1
(advertise)    6    29122.13    4    29
(relay)    13    19    29153.74    29    29152.19    3    1
(advertise)    6    29153.94    19    29
(relay)    5    26    29176.36    29    29170.73    1    1
(relay)    13    7    29197.96    29    29156.39    1    1
(relay)    5    2    29221.36    29    29166.46    3    1
(advertise)    6    29221.56    2    29
(relay)    13    47    29250.57    29    29247.01    1    1
(relay)    5    9    29344.37    29    29341.92    1    1
(relay)    13    34    29489.37    29    29485.57    3    1
(advertise)    6    29489.57    34    29
(relay)    5    11    29572.38    29    29571.55    3    1
(advertise)    6    29572.58    11    29
(relay)    13    13    29597.59    29    29597.12    7    1
(advertise)    6    29597.99    13    29
(relay)    5    8    29625.21    29    29616.75    1    1
(relay)    5    5    29647.81    29    29647.63    7    1
(advertise)    6    29648.01    5    29
(generate)    6    29669.62    [24]    29
(relay)    5    1    29699.63    29    29682.88    3    1
(advertise)    6    29699.83    1    29
(relay)    13    46    29747.45    29    29740.31    1    1
(relay)    5    10    29769.65    29    29751.99    1    1
(relay)    13    20    29772.05    29    29770.7    5    1
(advertise)    6    29772.25    20    29
(relay)    13    12    29813.26    29    29811.45    5    1
(advertise)    6    29813.46    12    29
(relay)    5    0    29842.67    29    29832.43    1    1
(relay)    13    40    29875.27    29    29872.63    1    1
(relay)    13    48    29961.67    29    29959.18    3    1
(advertise)    6    29961.87    48    29
