(relay)    9    41    1027.8    1    1025.0    119    1
(advertise)    8    1028.0    41    1
(relay)    15    18    1090.41    1    1069.03    124    1
(advertise)    8    1090.61    18    1
(relay)    1    3    1093.03    1    1089.21    125    1
(advertise)    8    1112.43    3    1
(relay)    9    4    1134.64    1    1111.04    124    1
(advertise)    8    1135.24    4    1
(relay)    7    7    1153.65    1    1153.07    127    1
(advertise)    8    1157.45    7    1
(relay)    9    2    1180.87    1    1164.05    126    1
(advertise)    8    1181.47    2    1
(relay)    15    16    1200.28    1    1177.08    126    1
(advertise)    8    1204.28    16    1
(relay)    1    19    1226.69    1    1149.07    121    1
(advertise)    8    1227.29    19    1
(relay)    15    35    1268.1    1    1161.07    123    1
(advertise)    8    1268.3    35    1
(relay)    15    26    1290.32    1    1166.08    122    1
(advertise)    8    1290.72    26    1
(relay)    15    17    1312.33    1    1292.14    125    1
(advertise)    8    1312.73    17    1
(relay)    15    23    1334.14    1    1297.16    125    1
(advertise)    8    1335.54    23    1
(relay)    9    9    1337.76    1    1337.18    127    1
(relay)    9    45    1355.96    1    1255.13    121    2
(advertise)    8    1357.76    9    1
(advertise)    8    1378.77    45    1
(relay)    9    47    1380.18    1    1244.12    113    1
(relay)    7    36    1381.78    1    1294.14    122    2
(advertise)    8    1399.78    47    1
(advertise)    8    1421.4    36    1
(relay)    9    30    1428.81    1    1393.01    124    1
(advertise)    8    1442.81    30    1
(relay)    9    31    1452.22    1    1315.16    123    1
(advertise)    8    1464.22    31    1
(relay)    9    39    1474.83    1    1373.2    121    1
(advertise)    8    1485.23    39    1
(relay)    9    43    1497.05    1    1378.2    121    1
(advertise)    8    1507.85    43    1
(relay)    9    44    1523.46    1    1425.02    122    1
(advertise)    8    1530.06    44    1
(relay)    9    38    1548.27    1    1440.03    122    1
(advertise)    8    1551.87    38    1
(relay)    9    21    1569.69    1    1535.09    123    1
(advertise)    8    1575.09    21    1
(relay)    9    11    1592.9    1    1568.11    125    1
(advertise)    8    1596.1    11    1
(relay)    15    42    1599.91    1    1489.05    120    1
(generate)    8    1614.11    [24]    1
(relay)    9    34    1617.73    1    1483.06    116    2
(advertise)    8    1618.53    42    1
(advertise)    8    1641.34    34    1
(relay)    9    25    1659.15    1    1533.09    121    1
(advertise)    8    1663.35    25    1
(relay)    1    1    1680.76    1    1680.16    127    1
(advertise)    8    1685.36    1    1
(relay)    9    32    1704.78    1    1496.07    120    1
(advertise)    8    1706.38    32    1
(relay)    9    29    1748.99    1    1653.15    123    1
(advertise)    8    1749.19    29    1
(relay)    7    14    1758.6    1    1724.0    126    1
(relay)    9    13    1770.8    1    1594.13    123    2
(advertise)    8    1771.6    14    1
(relay)    9    5    1793.02    1    1645.15    123    2
(advertise)    8    1794.82    13    1
(advertise)    8    1818.43    5    1
(relay)    9    6    1835.64    1    1665.14    122    1
(relay)    1    0    1839.44    1    1829.04    126    2
(advertise)    8    1839.84    6    1
(relay)    15    46    1843.46    1    1738.0    120    2
(relay)    9    10    1857.26    1    1750.02    124    3
(advertise)    8    1861.66    0    1
(advertise)    8    1883.67    46    1
(relay)    15    15    1896.08    1    1895.11    127    2
(advertise)    8    1904.88    10    1
(relay)    9    12    1923.09    1    1809.04    124    2
(relay)    1    20    1924.49    1    1769.02    120    3
(advertise)    8    1927.89    15    1
(relay)    15    37    1929.91    1    1843.07    123    3
(advertise)    8    1950.51    12    1
(relay)    15    22    1952.72    1    1896.11    126    3
(advertise)    8    1972.92    20    1
(advertise)    8    1994.93    37    1
(advertise)    8    2016.75    22    1
(relay)    9    27    2031.36    1    1808.06    121    1
(advertise)    8    2037.76    27    1
(relay)    9    40    2053.17    1    1870.29    120    1
(advertise)    8    2058.97    40    1
(relay)    9    18    2076.59    2    2069.2    124    1
(advertise)    8    2080.99    18    2
(relay)    9    3    2097.6    2    2089.4    125    1
(relay)    15    48    2101.4    1    1955.11    118    2
(advertise)    8    2102.6    3    2
(advertise)    8    2125.41    48    1
(relay)    7    28    2133.22    2    2062.2    124    1
(relay)    9    4    2141.22    2    2111.22    124    2
(advertise)    8    2147.62    28    2
(relay)    7    7    2153.84    2    2153.24    127    2
(advertise)    8    2169.44    4    2
(relay)    1    2    2174.45    2    2164.24    126    2
(relay)    15    41    2189.45    2    2025.17    119    3
(advertise)    8    2191.65    7    2
(relay)    9    16    2204.06    2    2177.28    126    3
(advertise)    8    2213.86    2    2
(advertise)    8    2235.48    41    2
(relay)    7    35    2245.69    2    2161.25    123    2
(advertise)    8    2257.09    16    2
(relay)    9    33    2271.7    2    2071.6    121    2
(advertise)    8    2279.5    35    2
(relay)    1    19    2281.92    2    2149.25    121    2
(advertise)    8    2301.52    33    2
(relay)    9    26    2317.13    2    2166.26    122    2
(advertise)    8    2324.33    19    2
(relay)    9    9    2338.34    2    2337.37    127    2
(relay)    9    17    2341.34    2    2292.34    125    3
(advertise)    8    2345.34    26    2
(advertise)    8    2367.55    9    2
(relay)    9    23    2384.57    2    2297.34    125    2
(advertise)    8    2389.77    17    2
(relay)    9    47    2406.98    2    2244.32    119    2
(advertise)    8    2412.78    23    2
(relay)    1    36    2416.19    2    2294.74    120    2
(relay)    9    31    2429.79    2    2315.35    123    3
(advertise)    8    2434.79    47    2
(relay)    9    30    2452.01    2    2393.81    124    3
(advertise)    8    2456.81    36    2
(advertise)    8    2478.02    31    2
(relay)    9    45    2495.63    2    2255.92    119    2
(advertise)    8    2500.43    30    2
(advertise)    8    2523.44    45    2
(relay)    15    43    2540.86    2    2378.37    121    1
(advertise)    8    2546.26    43    2
(relay)    15    39    2561.07    2    2373.39    121    1
(advertise)    8    2567.67    39    2
(relay)    15    21    2584.48    2    2535.27    125    1
(advertise)    8    2588.88    21    2
(relay)    9    25    2590.7    2    2533.28    123    1
(relay)    15    38    2605.9    2    2440.23    122    2
(advertise)    8    2610.1    25    2
(generate)    8    2614.31    [24]    2
(advertise)    8    2632.72    38    2
(relay)    9    34    2654.94    2    2483.24    120    1
(advertise)    8    2655.54    34    2
(relay)    15    44    2671.35    2    2425.21    122    1
(advertise)    8    2677.15    44    2
(relay)    1    1    2680.96    2    2680.36    127    1
(advertise)    8    2698.56    1    2
(relay)    15    32    2715.37    2    2496.26    122    1
(advertise)    8    2720.97    32    2
(relay)    15    29    2736.79    2    2653.35    123    1
(relay)    9    13    2741.99    2    2594.31    123    2
(advertise)    8    2743.59    29    2
(advertise)    8    2767.6    13    2
(relay)    1    5    2770.01    2    2645.34    123    1
(relay)    15    14    2781.21    2    2724.2    126    2
(relay)    9    42    2786.01    2    2489.22    120    3
(advertise)    8    2788.61    5    2
(advertise)    8    2810.03    14    2
(advertise)    8    2834.04    42    2
(relay)    9    11    2851.25    2    2568.31    121    1
(advertise)    8    2856.85    11    2
(relay)    1    0    2859.47    2    2829.2    126    1
(advertise)    8    2879.07    0    2
(relay)    15    15    2896.28    2    2895.3    127    1
(relay)    9    6    2897.28    2    2665.32    122    2
(advertise)    8    2900.68    15    2
(relay)    15    22    2914.49    2    2896.29    126    2
(advertise)    8    2922.89    6    2
(relay)    15    46    2937.1    2    2738.2    120    2
(relay)    9    10    2939.9    2    2750.21    124    3
(advertise)    8    2945.7    22    2
(advertise)    8    2967.32    46    2
(relay)    1    12    2971.33    2    2809.23    122    2
(advertise)    8    2989.13    10    2
(advertise)    8    3012.94    12    2
(relay)    15    37    3037.16    2    2843.47    123    1
(advertise)    8    3037.96    37    2
(relay)    9    20    3051.17    2    2769.21    120    1
(advertise)    8    3059.77    20    2
(relay)    15    40    3083.98    2    2870.48    120    1
(advertise)    8    3084.18    40    2
(relay)    9    27    3093.2    2    2808.24    121    1
(advertise)    8    3106.2    27    2
(relay)    15    28    3127.81    3    3062.4    124    1
(advertise)    8    3128.21    28    3
(relay)    9    3    3138.22    3    3089.6    125    1
(advertise)    8    3149.62    3    3
(relay)    7    7    3154.43    3    3153.43    127    1
(advertise)    8    3172.83    7    3
(relay)    9    18    3182.85    3    3069.4    124    1
(relay)    7    48    3192.45    2    2955.29    116    2
(advertise)    8    3197.45    18    3
(relay)    9    4    3205.26    3    3111.42    124    2
(relay)    15    16    3215.46    3    3177.46    126    3
(advertise)    8    3220.66    48    2
(relay)    9    2    3227.27    3    3164.42    126    3
(advertise)    8    3243.67    4    3
(relay)    15    41    3259.69    3    3025.37    119    3
(advertise)    8    3266.89    16    3
(advertise)    8    3288.7    2    3
(relay)    15    33    3303.11    3    3071.8    121    2
(advertise)    8    3309.71    41    3
(relay)    1    19    3326.73    3    3149.45    121    2
(advertise)    8    3330.93    33    3
(relay)    9    9    3338.54    3    3337.56    127    2
(relay)    15    35    3347.94    3    3161.45    121    3
(advertise)    8    3353.14    19    3
(relay)    1    26    3369.55    3    3167.66    120    3
(advertise)    8    3377.75    9    3
(relay)    9    17    3381.16    3    3292.53    125    3
(advertise)    8    3400.56    35    3
(relay)    15    23    3412.98    3    3297.53    125    3
(advertise)    8    3423.18    26    3
(relay)    7    36    3442.59    3    3294.93    122    3
(advertise)    8    3444.59    17    3
(advertise)    8    3465.6    23    3
(relay)    9    47    3469.42    3    3244.49    117    2
(advertise)    8    3488.02    36    3
(relay)    15    31    3501.63    3    3315.55    123    2
(advertise)    8    3510.03    47    3
(advertise)    8    3531.64    31    3
(relay)    9    45    3538.26    3    3256.1    115    1
(relay)    15    30    3545.66    3    3394.0    124    2
(relay)    7    21    3553.06    3    3535.47    125    3
(advertise)    8    3553.66    45    3
(relay)    15    43    3567.67    3    3378.56    121    3
(advertise)    8    3575.67    30    3
(relay)    9    38    3583.48    3    3440.43    122    3
(advertise)    8    3598.28    21    3
(relay)    9    11    3606.69    3    3568.51    125    3
(generate)    8    3614.49    [24]    3
(advertise)    8    3619.31    43    3
(advertise)    8    3642.32    38    3
(relay)    15    25    3655.33    3    3533.48    123    2
(advertise)    8    3664.33    11    3
(relay)    9    39    3672.15    3    3373.59    119    2
(relay)    1    1    3681.15    3    3680.55    127    3
(advertise)    8    3686.95    25    3
(relay)    7    44    3707.36    3    3425.22    120    3
(advertise)    8    3709.16    39    3
(advertise)    8    3731.37    1    3
(relay)    9    5    3739.59    3    3645.35    123    2
(advertise)    8    3753.19    44    3
(relay)    15    32    3764.6    3    3496.46    122    2
(advertise)    8    3776.0    5    3
(relay)    15    29    3787.61    3    3653.55    125    2
(advertise)    8    3798.21    32    3
(relay)    9    10    3806.22    3    3750.41    126    2
(relay)    15    14    3809.82    3    3725.0    126    3
(advertise)    8    3820.42    29    3
(advertise)    8    3843.24    10    3
(advertise)    8    3864.25    14    3
(relay)    9    34    3870.06    3    3483.44    120    1
(relay)    15    42    3875.86    3    3489.42    122    2
(advertise)    8    3886.06    34    3
(relay)    9    13    3891.88    3    3594.51    121    2
(relay)    15    15    3896.48    3    3895.49    127    3
(advertise)    8    3907.28    42    3
(advertise)    8    3930.09    13    3
(relay)    9    6    3935.7    3    3665.51    122    2
(advertise)    8    3951.9    15    3
(relay)    15    22    3966.32    3    3896.49    126    2
(advertise)    8    3973.32    6    3
(relay)    9    12    3981.53    3    3809.42    124    2
(advertise)    8    3994.33    22    3
(relay)    15    46    4008.14    3    3738.4    120    2
(advertise)    8    4015.74    12    3
(relay)    15    37    4031.55    3    3843.66    123    2
(advertise)    8    4037.95    46    3
(relay)    9    0    4049.17    3    3829.4    124    2
(advertise)    8    4061.97    37    3
(advertise)    8    4083.18    0    3
(relay)    15    40    4095.59    3    3870.68    120    1
(advertise)    8    4105.39    40    3
(relay)    9    20    4114.41    3    3769.22    122    1
(advertise)    8    4127.41    20    3
(relay)    9    27    4136.62    3    3808.44    119    1
(relay)    15    28    4141.02    4    4062.59    124    2
(advertise)    8    4149.82    27    3
(relay)    7    7    4154.63    4    4153.63    127    2
(advertise)    8    4171.43    28    4
(relay)    9    3    4181.45    4    4089.81    125    2
(relay)    15    16    4186.45    4    4177.66    126    3
(advertise)    8    4193.25    7    4
(relay)    9    18    4203.66    4    4069.59    124    3
(advertise)    8    4214.26    3    4
(relay)    9    2    4226.27    4    4164.62    126    3
(advertise)    8    4236.67    16    4
(relay)    15    41    4252.68    4    4025.57    119    3
(advertise)    8    4258.68    18    4
(advertise)    8    4280.5    2    4
(relay)    15    35    4300.31    4    4161.63    123    2
(advertise)    8    4301.51    41    4
(relay)    1    4    4305.12    4    4111.62    122    2
(advertise)    8    4326.72    35    4
(relay)    1    33    4328.54    4    4071.98    119    2
(relay)    9    9    4338.74    4    4337.75    127    3
(advertise)    8    4348.94    4    4
(relay)    15    23    4367.75    4    4297.54    125    3
(advertise)    8    4370.35    33    4
(relay)    1    19    4371.96    4    4149.65    121    3
(relay)    7    48    4392.76    3    3955.48    116    4
(advertise)    8    4393.36    9    4
(advertise)    8    4415.98    23    4
(relay)    9    17    4429.99    4    4292.72    125    3
(advertise)    8    4438.99    19    4
(relay)    9    26    4450.4    4    4167.86    122    3
(advertise)    8    4461.6    48    3
(advertise)    8    4482.61    17    4
(advertise)    8    4503.83    26    4
(relay)    9    47    4519.84    4    4244.68    117    1
(relay)    15    31    4525.64    4    4315.95    123    2
(advertise)    8    4526.64    47    4
(relay)    7    36    4528.45    4    4295.12    122    2
(advertise)    8    4550.05    31    4
(relay)    9    30    4563.87    4    4394.2    124    2
(advertise)    8    4571.07    36    4
(relay)    7    45    4572.28    4    4256.11    119    2
(advertise)    8    4593.08    30    4
(generate)    8    4614.69    [24]    4
(advertise)    8    4616.11    45    4
(relay)    9    11    4628.92    4    4568.69    123    1
(relay)    15    21    4636.52    4    4535.67    125    2
(advertise)    8    4639.32    11    4
(advertise)    8    4660.53    21    4
(relay)    9    25    4673.34    4    4533.68    123    1
(relay)    1    1    4681.74    4    4680.74    127    2
(advertise)    8    4683.54    25    4
(relay)    7    43    4685.16    4    4378.76    121    2
(advertise)    8    4705.56    1    4
(relay)    15    44    4706.77    4    4425.41    122    2
(relay)    9    39    4715.17    4    4373.79    121    3
(advertise)    8    4727.57    43    4
(relay)    9    38    4737.38    4    4440.61    122    3
(advertise)    8    4750.18    44    4
(relay)    15    29    4752.0    4    4653.56    125    3
(relay)    7    14    4752.8    4    4725.18    126    4
(advertise)    8    4773.0    39    4
(relay)    9    13    4782.01    4    4594.69    123    4
(advertise)    8    4794.61    38    4
(relay)    7    42    4797.42    4    4489.61    122    4
(advertise)    8    4816.22    29    4
(advertise)    8    4837.24    14    4
(relay)    9    10    4848.25    4    4750.61    126    3
(relay)    1    0    4859.05    4    4829.57    126    4
(advertise)    8    4859.85    13    4
(relay)    15    34    4862.66    4    4483.64    120    4
(advertise)    8    4882.66    42    4
(relay)    9    32    4892.67    4    4496.65    122    4
(relay)    15    15    4895.87    4    4895.69    5    5
(advertise)    8    4905.07    10    4
(advertise)    8    4928.09    0    4
(relay)    9    5    4937.7    4    4645.52    123    4
(advertise)    8    4950.3    34    4
(advertise)    8    4972.31    32    4
(heartbeat)    24    1    4677.2    8    4973.53    127    0
(advertise)    8    4993.33    15    4
(advertise)    8    5014.74    5    4
(advertise)    8    5036.95    24    1
(relay)    15    46    5038.77    4    4738.6    120    1
(relay)    9    6    5050.37    4    4665.71    120    2
(advertise)    8    5058.57    46    4
(advertise)    8    5079.58    6    4
(relay)    15    37    5083.19    4    4843.86    1    1
(relay)    7    22    5086.19    4    4896.5    1    1
(relay)    9    20    5094.99    4    4769.41    122    1
(advertise)    8    5100.79    20    4
(relay)    15    12    5151.0    4    4809.62    122    1
(advertise)    8    5151.2    12    4
(relay)    7    7    5154.82    5    5153.83    7    1
(advertise)    8    5172.82    7    5
(relay)    7    28    5174.03    5    5063.39    3    1
(relay)    1    2    5195.23    5    5164.82    7    2
(advertise)    8    5196.43    28    5
(relay)    9    3    5207.84    5    5089.99    5    2
(relay)    15    16    5217.44    5    5177.86    3    3
(advertise)    8    5218.84    2    5
(relay)    15    18    5238.86    5    5069.8    1    3
(relay)    1    4    5240.66    5    5113.02    3    4
(advertise)    8    5241.46    3    5
(advertise)    8    5265.47    16    5
(relay)    15    35    5283.48    5    5161.83    3    2
(advertise)    8    5286.48    4    5
(advertise)    8    5308.3    35    5
(relay)    9    9    5338.91    5    5337.95    7    1
(advertise)    8    5339.11    9    5
(relay)    9    19    5343.72    5    5149.84    1    1
(relay)    1    17    5354.52    5    5292.91    1    1
(relay)    15    23    5369.32    5    5297.73    1    1
(relay)    7    36    5416.92    5    5295.32    1    1
(relay)    7    43    5443.12    5    5378.96    1    1
(relay)    15    47    5503.12    5    5244.88    1    1
(relay)    7    42    5509.72    5    5489.71    3    1
(advertise)    8    5509.92    42    5
(relay)    7    21    5536.73    5    5535.85    3    1
(advertise)    8    5536.93    21    5
(relay)    9    11    5573.15    5    5568.88    3    1
(advertise)    8    5573.35    11    5
(relay)    9    13    5600.36    5    5594.83    3    1
(advertise)    8    5600.56    13    5
(generate)    8    5614.77    [24]    5
(relay)    9    5    5649.39    5    5645.63    3    1
(advertise)    8    5649.59    5    5
(relay)    7    29    5673.2    5    5653.74    1    1
(relay)    1    6    5674.8    5    5665.75    3    1
(advertise)    8    5675.6    6    5
(relay)    1    1    5681.81    5    5680.84    9    1
(advertise)    8    5698.81    1    5
(relay)    7    14    5738.23    5    5725.25    5    1
(advertise)    8    5738.43    14    5
(relay)    9    10    5763.44    5    5750.65    5    1
(advertise)    8    5764.44    10    5
(relay)    9    12    5813.05    5    5809.69    3    1
(advertise)    8    5813.25    12    5
(relay)    7    0    5835.66    5    5829.75    7    1
(advertise)    8    5836.26    0    5
(relay)    9    20    5863.88    5    5769.48    1    1
(relay)    15    15    5895.88    5    5895.85    5    1
(advertise)    8    5896.08    15    5
(relay)    15    22    5897.69    5    5897.34    3    1
(advertise)    8    5918.09    22    5
(relay)    15    37    5944.1    5    5844.05    1    1
(relay)    15    28    6064.5    6    6063.5    3    1
(advertise)    8    6064.7    28    6
(relay)    9    18    6086.32    6    6069.82    1    1
(relay)    1    3    6091.32    6    6090.12    5    1
(advertise)    8    6091.72    3    6
(relay)    1    4    6117.33    6    6113.09    3    1
(advertise)    8    6117.53    4    6
(relay)    1    19    6153.54    6    6149.89    1    1
(relay)    7    7    6154.14    6    6154.01    7    1
(advertise)    8    6154.34    7    6
(relay)    15    16    6178.76    6    6177.9    3    1
(advertise)    8    6179.16    16    6
(relay)    9    2    6195.97    6    6164.89    7    1
(advertise)    8    6200.17    2    6
(relay)    15    35    6224.38    6    6162.01    3    1
(advertise)    8    6224.78    35    6
(relay)    9    47    6265.79    6    6245.03    1    1
(relay)    15    17    6295.19    6    6293.09    3    1
(advertise)    8    6295.39    17    6
(relay)    15    23    6317.61    6    6297.91    1    1
(relay)    7    36    6321.41    6    6295.42    1    1
(relay)    1    9    6339.81    6    6338.03    5    1
(advertise)    8    6340.01    9    6
(relay)    15    30    6398.82    6    6394.44    1    1
(relay)    7    43    6421.82    6    6379.09    1    1
(relay)    15    44    6466.82    6    6425.61    1    1
(relay)    9    11    6571.02    6    6569.07    3    1
(advertise)    8    6571.22    11    6
(relay)    9    13    6600.03    6    6594.94    3    1
(advertise)    8    6600.23    13    6
(generate)    8    6614.85    [24]    6
(relay)    9    5    6649.06    6    6645.7    3    1
(advertise)    8    6649.26    5    6
(relay)    7    29    6672.27    6    6653.78    1    1
(relay)    1    6    6674.47    6    6665.76    3    1
(advertise)    8    6674.67    6    6
(relay)    1    1    6681.89    6    6680.95    9    1
(advertise)    8    6695.89    1    6
(relay)    7    14    6738.5    6    6725.31    5    1
(advertise)    8    6738.7    14    6
(relay)    9    10    6762.31    6    6750.71    5    1
(advertise)    8    6762.91    10    6
(relay)    9    12    6812.12    6    6809.74    5    1
(advertise)    8    6812.32    12    6
(relay)    7    0    6835.34    6    6829.76    7    1
(advertise)    8    6835.94    0    6
(relay)    15    37    6865.15    6    6844.05    1    1
(relay)    15    15    6896.15    6    6896.04    5    1
(advertise)    8    6896.35    15    6
(relay)    15    22    6898.96    6    6898.05    3    1
(advertise)    8    6918.16    22    6
(relay)    15    28    7064.58    7    7063.54    3    1
(advertise)    8    7064.78    28    7
(relay)    9    18    7086.59    7    7069.95    1    1
(relay)    1    3    7091.79    7    7090.16    5    1
(advertise)    8    7091.99    3    7
(relay)    1    4    7117.8    7    7113.11    3    1
(advertise)    8    7118.2    4    7
(relay)    1    19    7153.62    7    7149.89    1    1
(relay)    7    7    7154.22    7    7154.11    7    1
(advertise)    8    7154.42    7    7
(relay)    1    2    7178.63    7    7164.92    7    1
(advertise)    8    7179.03    2    7
(relay)    7    35    7203.04    7    7162.12    3    1
(advertise)    8    7203.44    35    7
(relay)    9    16    7218.65    7    7178.05    3    1
(advertise)    8    7225.05    16    7
(relay)    9    17    7295.47    7    7293.19    3    1
(advertise)    8    7295.67    17    7
(relay)    15    23    7318.08    7    7298.0    1    1
(relay)    9    9    7338.28    7    7338.19    7    1
(advertise)    8    7338.48    9    7
(relay)    7    43    7390.69    7    7379.18    1    1
(relay)    9    30    7430.09    7    7394.44    1    1
(relay)    7    42    7497.09    7    7490.09    3    1
(advertise)    8    7497.29    42    7
(relay)    15    21    7537.31    7    7536.1    3    1
(advertise)    8    7537.51    21    7
(relay)    9    11    7572.12    7    7569.22    3    1
(advertise)    8    7572.32    11    7
(relay)    15    13    7599.13    7    7595.02    1    1
(generate)    8    7614.93    [24]    7
(relay)    9    5    7649.95    7    7645.77    3    1
(advertise)    8    7650.15    5    7
(relay)    9    29    7673.56    7    7653.84    1    1
(relay)    1    6    7674.76    7    7665.94    3    1
(advertise)    8    7675.56    6    7
(relay)    1    1    7681.97    7    7681.06    9    1
(advertise)    8    7696.77    1    7
(relay)    7    14    7739.38    7    7725.36    5    1
(advertise)    8    7739.58    14    7
(relay)    9    10    7763.0    7    7750.77    5    1
(advertise)    8    7764.2    10    7
(relay)    9    20    7790.21    7    7769.62    1    1
(relay)    9    12    7814.21    7    7809.8    5    1
(advertise)    8    7814.41    12    7
(relay)    1    0    7836.42    7    7829.76    7    1
(advertise)    8    7837.22    0    7
(relay)    15    37    7865.04    7    7844.27    1    1
(relay)    15    15    7896.24    7    7896.2    5    1
(advertise)    8    7896.44    15    7
(relay)    15    22    7898.85    7    7898.13    3    1
(advertise)    8    7918.05    22    7
(relay)    15    28    8064.46    8    8063.58    3    1
(advertise)    8    8064.66    28    8
(relay)    9    18    8088.08    8    8070.1    1    1
(relay)    1    3    8092.08    8    8090.24    5    1
(advertise)    8    8092.28    3    8
(relay)    1    4    8117.69    8    8113.13    3    1
(advertise)    8    8118.29    4    8
(relay)    1    19    8152.1    8    8149.89    1    1
(relay)    7    7    8154.3    8    8154.21    7    1
(advertise)    8    8154.5    7    8
(relay)    1    2    8175.11    8    8164.95    7    1
(advertise)    8    8177.31    2    8
(relay)    15    16    8201.53    8    8178.41    3    1
(advertise)    8    8201.73    16    8
(relay)    15    35    8225.14    8    8162.22    1    1
(relay)    15    47    8248.74    8    8245.24    1    1
(relay)    9    17    8296.14    8    8293.26    3    1
(advertise)    8    8296.34    17    8
(relay)    15    23    8317.95    8    8298.09    1    1
(relay)    7    36    8324.15    8    8295.55    1    1
(relay)    9    9    8338.55    8    8338.37    7    1
(advertise)    8    8338.75    9    8
(relay)    7    43    8390.57    8    8379.66    1    1
(relay)    9    30    8429.17    8    8394.63    1    1
(relay)    15    44    8460.97    8    8425.64    1    1
(relay)    15    42    8495.37    8    8490.27    3    1
(advertise)    8    8495.57    42    8
(relay)    1    21    8538.98    8    8536.24    1    1
(relay)    9    11    8572.38    8    8569.4    3    1
(advertise)    8    8572.58    11    8
(relay)    9    13    8597.99    8    8595.14    3    1
(advertise)    8    8599.19    13    8
(generate)    8    8615.01    [24]    8
(relay)    1    5    8650.22    8    8645.84    3    1
(advertise)    8    8650.42    5    8
(relay)    7    29    8673.63    8    8653.86    1    1
(relay)    9    6    8673.83    8    8665.96    3    1
(advertise)    8    8674.03    6    8
(relay)    9    1    8695.24    8    8681.14    7    1
(advertise)    8    8695.44    1    8
(heartbeat)    24    2    8677.21    8    8722.46    4    4
(advertise)    8    8722.66    24    2
(relay)    1    10    8755.47    8    8750.86    3    1
(advertise)    8    8755.67    10    8
(relay)    15    14    8764.28    8    8725.43    5    1
(advertise)    8    8778.48    14    8
(relay)    9    20    8804.7    8    8769.71    1    1
(relay)    1    12    8827.1    8    8809.86    3    1
(advertise)    8    8827.3    12    8
(relay)    1    0    8849.51    8    8829.78    7    1
(advertise)    8    8849.91    0    8
(relay)    15    37    8876.72    8    8844.31    1    1
(relay)    15    15    8896.72    8    8896.22    5    1
(advertise)    8    8896.92    15    8
(relay)    15    22    8899.54    8    8898.23    3    1
(advertise)    8    8918.94    22    8
(relay)    7    28    9065.35    9    9063.63    3    1
(advertise)    8    9065.55    28    9
(relay)    9    18    9089.16    9    9070.26    1    1
(relay)    1    3    9092.36    9    9090.32    5    1
(advertise)    8    9092.56    3    9
(relay)    1    4    9117.77    9    9113.17    3    1
(advertise)    8    9117.97    4    9
(relay)    7    7    9154.39    9    9154.34    7    1
(advertise)    8    9154.59    7    9
(relay)    7    2    9179.8    9    9164.98    5    1
(advertise)    8    9180.0    2    9
(relay)    15    16    9182.61    9    9178.6    3    1
(advertise)    8    9202.61    16    9
(relay)    9    19    9223.43    9    9150.08    1    1
(relay)    9    35    9246.03    9    9162.33    1    1
(relay)    9    17    9296.83    9    9293.36    3    1
(advertise)    8    9297.03    17    9
(relay)    9    9    9338.44    9    9338.37    7    1
(advertise)    8    9338.64    9    9
(relay)    9    36    9361.05    9    9295.6    1    1
(relay)    15    30    9433.05    9    9394.79    1    1
(relay)    15    42    9498.05    9    9490.29    3    1
(advertise)    8    9498.25    42    9
(relay)    7    21    9538.47    9    9536.34    3    1
(advertise)    8    9538.67    21    9
(relay)    9    11    9573.08    9    9569.57    3    1
(advertise)    8    9573.28    11    9
(relay)    9    13    9597.49    9    9595.27    3    1
(advertise)    8    9597.69    13    9
(generate)    8    9615.11    [24]    9
(relay)    1    5    9651.32    9    9645.96    3    1
(advertise)    8    9651.52    5    9
(relay)    9    29    9674.13    9    9653.91    1    1
(relay)    1    6    9674.73    9    9666.15    3    1
(advertise)    8    9674.93    6    9
(relay)    1    1    9681.34    9    9681.24    9    1
(advertise)    8    9697.14    1    9
(relay)    15    14    9742.76    9    9725.45    5    1
(advertise)    8    9742.96    14    9
(relay)    9    10    9766.37    9    9750.89    5    1
(advertise)    8    9766.77    10    9
(relay)    9    20    9789.78    9    9769.8    1    1
(relay)    9    12    9814.18    9    9809.94    5    1
(advertise)    8    9814.38    12    9
(relay)    1    0    9837.0    9    9829.79    7    1
(advertise)    8    9837.8    0    9
(relay)    15    37    9865.01    9    9844.34    1    1
(relay)    15    15    9896.81    9    9896.23    5    1
(advertise)    8    9897.01    15    9
(relay)    15    22    9899.62    9    9898.31    3    1
(advertise)    8    9919.02    22    9
(relay)    1    28    10067.04    10    10063.65    1    1
(relay)    9    18    10089.84    10    10070.44    1    1
(relay)    1    3    10093.44    10    10090.36    5    1
(advertise)    8    10093.64    3    10
(relay)    1    4    10119.05    10    10113.2    3    1
(advertise)    8    10119.65    4    10
(relay)    7    7    10155.06    10    10154.44    7    1
(advertise)    8    10155.26    7    10
(relay)    1    2    10178.67    10    10165.18    7    1
(advertise)    8    10178.87    2    10
(relay)    15    16    10182.69    10    10178.77    3    1
(relay)    7    35    10184.09    10    10162.4    3    2
(advertise)    8    10200.89    16    10
(advertise)    8    10222.3    35    10
(relay)    15    17    10295.91    10    10293.43    3    1
(advertise)    8    10296.11    17    10
(relay)    9    23    10319.33    10    10298.31    1    1
(relay)    9    9    10339.13    10    10338.54    7    1
(advertise)    8    10339.33    9    10
(relay)    15    36    10342.14    10    10295.66    3    1
(advertise)    8    10360.54    36    10
(relay)    15    43    10392.55    10    10380.63    1    1
(relay)    9    30    10437.15    10    10394.96    1    1
(relay)    15    44    10460.55    10    10425.65    1    1
(relay)    7    42    10492.95    10    10490.47    3    1
(advertise)    8    10493.15    42    10
(relay)    15    21    10538.97    10    10536.45    3    1
(advertise)    8    10539.17    21    10
(relay)    9    13    10597.38    10    10595.39    3    1
(advertise)    8    10597.58    13    10
(generate)    8    10615.19    [24]    10
(relay)    15    11    10638.8    10    10569.74    1    1
(relay)    9    5    10651.2    10    10646.06    3    1
(advertise)    8    10651.4    5    10
(relay)    9    6    10672.42    10    10666.35    3    1
(advertise)    8    10673.02    6    10
(relay)    1    1    10681.43    10    10681.33    9    1
(relay)    15    29    10681.83    10    10653.95    3    2
(advertise)    8    10694.03    1    10
(advertise)    8    10715.64    29    10
(relay)    7    14    10727.66    10    10725.5    5    1
(advertise)    8    10738.86    14    10
(relay)    1    10    10765.07    10    10750.93    3    1
(advertise)    8    10765.47    10    10
(relay)    9    12    10813.88    10    10810.02    5    1
(advertise)    8    10814.08    12    10
(relay)    7    0    10838.5    10    10829.81    7    1
(advertise)    8    10839.5    0    10
(relay)    15    37    10863.11    10    10844.34    1    1
(relay)    15    15    10896.91    10    10896.41    5    1
(advertise)    8    10897.11    15    10
(relay)    15    22    10900.72    10    10898.79    3    1
(advertise)    8    10919.52    22    10
(relay)    15    28    11066.33    11    11063.67    3    1
(advertise)    8    11066.53    28    11
(relay)    9    18    11089.95    11    11070.55    1    1
(relay)    1    3    11093.35    11    11090.38    5    1
(advertise)    8    11093.95    3    11
(relay)    1    4    11116.16    11    11113.21    3    1
(advertise)    8    11116.76    4    11
(relay)    7    7    11155.17    11    11154.54    7    1
(advertise)    8    11155.37    7    11
(relay)    1    2    11178.79    11    11165.2    7    1
(advertise)    8    11179.59    2    11
(relay)    15    16    11181.4    11    11178.92    3    1
(advertise)    8    11201.8    16    11
(relay)    9    19    11205.01    11    11150.41    1    1
(relay)    15    35    11225.21    11    11162.46    3    1
(advertise)    8    11225.61    35    11
(relay)    15    17    11294.43    11    11293.55    3    1
(advertise)    8    11294.63    17    11
(relay)    9    23    11317.64    11    11298.35    1    1
(relay)    7    36    11318.64    11    11295.68    1    1
(relay)    9    9    11339.24    11    11338.71    7    1
(advertise)    8    11339.44    9    11
(relay)    15    30    11396.45    11    11395.1    1    1
(relay)    7    43    11420.45    11    11380.74    1    1
(relay)    9    44    11448.45    11    11425.67    1    1
(relay)    15    42    11494.05    11    11490.67    3    1
(advertise)    8    11494.25    42    11
(relay)    7    21    11539.66    11    11536.56    3    1
(advertise)    8    11539.86    21    11
(relay)    9    11    11571.48    11    11569.9    3    1
(advertise)    8    11571.68    11    11
(relay)    9    13    11598.69    11    11595.47    3    1
(advertise)    8    11598.89    13    11
(generate)    8    11615.3    [24]    11
(relay)    7    5    11651.92    11    11646.14    1    1
(relay)    1    6    11671.52    11    11666.53    3    1
(advertise)    8    11671.72    6    11
(relay)    7    29    11672.93    11    11654.13    1    1
(relay)    1    1    11681.53    11    11681.45    9    1
(advertise)    8    11693.73    1    11
(relay)    9    14    11731.74    11    11725.56    1    1
(relay)    9    10    11752.34    11    11750.95    5    1
(advertise)    8    11752.54    10    11
(relay)    9    12    11814.56    11    11810.09    5    1
(advertise)    8    11814.76    12    11
(relay)    7    0    11837.77    11    11829.84    7    1
(advertise)    8    11838.37    0    11
(relay)    9    37    11864.78    11    11844.53    1    1
(relay)    15    15    11897.58    11    11896.59    5    1
(advertise)    8    11897.78    15    11
(relay)    15    22    11901.19    11    11898.91    3    1
(advertise)    8    11919.19    22    11
(relay)    15    28    12066.61    12    12063.7    3    1
(advertise)    8    12066.81    28    12
(relay)    9    18    12074.42    12    12070.68    1    1
(relay)    1    3    12093.82    12    12090.4    5    1
(advertise)    8    12094.22    3    12
(relay)    1    4    12114.63    12    12113.23    3    1
(advertise)    8    12117.23    4    12
(relay)    9    19    12154.25    12    12150.41    1    1
(relay)    7    7    12155.25    12    12154.68    7    1
(advertise)    8    12155.45    7    12
(relay)    1    2    12167.26    12    12165.39    7    1
(advertise)    8    12177.46    2    12
(relay)    15    16    12202.67    12    12179.07    3    1
(advertise)    8    12203.07    16    12
(relay)    9    17    12294.29    12    12293.61    3    1
(advertise)    8    12294.49    17    12
(relay)    9    23    12317.5    12    12298.41    1    1
(relay)    7    36    12319.1    12    12295.82    1    1
(relay)    9    9    12339.5    12    12338.85    7    1
(advertise)    8    12339.7    9    12
(relay)    9    30    12414.51    12    12395.28    1    1
(relay)    9    44    12490.31    12    12425.86    1    1
(relay)    7    42    12492.91    12    12490.82    3    1
(advertise)    8    12493.11    42    12
(relay)    7    21    12540.12    12    12536.68    3    1
(advertise)    8    12540.32    21    12
(relay)    9    11    12570.54    12    12570.07    3    1
(advertise)    8    12570.74    11    12
(relay)    9    13    12600.15    12    12595.57    3    1
(advertise)    8    12600.35    13    12
(generate)    8    12615.36    [24]    12
(relay)    9    5    12649.18    12    12646.22    3    1
(advertise)    8    12649.38    5    12
(relay)    9    29    12671.19    12    12654.15    1    1
(relay)    1    6    12671.79    12    12666.54    3    1
(advertise)    8    12672.19    6    12
(relay)    1    1    12682.0    12    12681.53    9    1
(heartbeat)    24    3    12677.23    8    12694.0    4    12
(advertise)    8    12695.6    1    12
(advertise)    8    12718.02    24    3
(relay)    7    14    12738.63    12    12725.62    5    1
(advertise)    8    12739.43    14    12
(relay)    1    10    12766.24    12    12750.99    3    1
(advertise)    8    12766.44    10    12
(relay)    9    20    12805.05    12    12769.99    1    1
(relay)    1    12    12816.65    12    12810.19    1    1
(relay)    7    0    12830.25    12    12829.84    7    1
(advertise)    8    12830.45    0    12
(relay)    15    37    12875.27    12    12844.56    1    1
(relay)    15    15    12897.67    12    12896.75    5    1
(advertise)    8    12897.87    15    12
(relay)    15    22    12901.48    12    12899.21    3    1
(advertise)    8    12919.28    22    12
(relay)    1    28    13068.89    13    13063.72    1    1
(relay)    9    18    13092.69    13    13070.8    1    1
(relay)    1    3    13093.29    13    13090.47    5    1
(advertise)    8    13093.49    3    13
(relay)    1    4    13114.51    13    13113.25    3    1
(advertise)    8    13116.71    4    13
(relay)    7    7    13155.72    13    13154.77    7    1
(advertise)    8    13155.92    7    13
(relay)    1    2    13178.33    13    13165.43    5    1
(advertise)    8    13179.13    2    13
(relay)    7    35    13182.95    13    13162.71    3    1
(relay)    15    16    13184.15    13    13179.22    3    2
(advertise)    8    13200.75    35    13
(advertise)    8    13222.36    16    13
(relay)    15    17    13294.57    13    13293.71    1    1
(relay)    7    36    13297.97    13    13295.89    1    1
(relay)    9    23    13316.97    13    13298.5    1    1
(relay)    9    9    13339.77    13    13338.86    5    1
(advertise)    8    13339.97    9    13
(relay)    7    43    13382.98    13    13380.98    1    1
(relay)    15    30    13422.38    13    13395.47    1    1
(relay)    7    42    13494.18    13    13490.83    3    1
(advertise)    8    13494.38    42    13
(relay)    7    21    13539.2    13    13536.75    3    1
(advertise)    8    13539.4    21    13
(relay)    9    11    13571.01    13    13570.23    3    1
(advertise)    8    13571.21    11    13
(relay)    9    13    13600.02    13    13595.7    3    1
(advertise)    8    13600.22    13    13
(generate)    8    13615.44    [24]    13
(relay)    1    5    13648.85    13    13646.3    3    1
(advertise)    8    13649.05    5    13
(relay)    1    6    13672.66    13    13666.73    3    1
(relay)    15    29    13673.46    13    13654.19    3    2
(advertise)    8    13673.86    6    13
(relay)    1    1    13682.08    13    13681.62    7    2
(advertise)    8    13696.28    29    13
(advertise)    8    13718.69    1    13
(relay)    15    14    13741.3    13    13725.64    5    1
(advertise)    8    13742.5    14    13
(relay)    9    10    13763.91    13    13751.05    5    1
(advertise)    8    13764.31    10    13
(relay)    9    20    13793.33    13    13770.02    1    1
(relay)    1    12    13817.53    13    13810.28    1    1
(relay)    7    0    13830.33    13    13829.86    7    1
(advertise)    8    13830.53    0    13
(relay)    15    37    13861.74    13    13844.75    1    1
(relay)    15    15    13897.94    13    13896.92    5    1
(advertise)    8    13898.14    15    13
(relay)    15    22    13900.55    13    13899.28    3    1
(advertise)    8    13921.35    22    13
(relay)    7    28    14068.17    14    14063.72    3    1
(advertise)    8    14068.37    28    14
(relay)    9    18    14091.78    14    14070.96    1    1
(relay)    1    3    14092.78    14    14090.52    5    1
(advertise)    8    14092.98    3    14
(relay)    1    4    14115.99    14    14113.26    3    1
(advertise)    8    14116.59    4    14
(relay)    7    7    14155.81    14    14154.87    7    1
(advertise)    8    14156.01    7    14
(relay)    1    2    14178.22    14    14165.45    5    1
(advertise)    8    14179.82    2    14
(relay)    9    16    14206.03    14    14179.35    3    1
(advertise)    8    14206.23    16    14
(relay)    15    19    14224.04    14    14150.77    1    1
(relay)    7    35    14231.44    14    14162.81    1    1
(relay)    15    17    14295.44    14    14293.78    1    1
(relay)    7    36    14299.24    14    14295.95    1    1
(relay)    9    23    14316.44    14    14298.58    1    1
(relay)    9    9    14340.04    14    14339.01    5    1
(advertise)    8    14340.24    9    14
(relay)    7    43    14383.26    14    14381.05    1    1
(relay)    9    30    14409.26    14    14395.66    1    1
(relay)    15    44    14477.66    14    14426.09    1    1
(relay)    15    42    14501.86    14    14490.84    3    1
(advertise)    8    14502.06    42    14
(relay)    15    21    14537.47    14    14536.85    3    1
(advertise)    8    14537.67    21    14
(relay)    9    11    14571.88    14    14570.42    3    1
(advertise)    8    14572.08    11    14
(relay)    9    13    14601.5    14    14595.81    3    1
(advertise)    8    14601.7    13    14
(generate)    8    14615.51    [24]    14
(relay)    9    5    14649.12    14    14646.4    3    1
(advertise)    8    14649.32    5    14
(relay)    15    29    14672.54    14    14654.2    3    1
(advertise)    8    14673.34    29    14
(relay)    1    1    14682.15    14    14681.68    7    1
(relay)    7    6    14694.95    14    14666.93    1    2
(advertise)    8    14695.15    1    14
(relay)    7    14    14738.56    14    14725.69    5    1
(advertise)    8    14738.76    14    14
(relay)    9    10    14762.17    14    14751.11    5    1
(advertise)    8    14762.77    10    14
(relay)    1    12    14815.39    14    14810.37    1    1
(relay)    7    0    14830.79    14    14830.03    7    1
(advertise)    8    14830.99    0    14
(relay)    9    37    14860.0    14    14844.77    1    1
(relay)    15    15    14897.2    14    14897.07    5    1
(advertise)    8    14897.4    15    14
(relay)    15    22    14899.81    14    14899.37    3    1
(advertise)    8    14919.41    22    14
(relay)    15    28    15067.43    15    15063.91    3    1
(advertise)    8    15067.63    28    15
(relay)    1    3    15091.84    15    15090.58    5    1
(advertise)    8    15092.24    3    15
(relay)    1    4    15116.85    15    15113.27    3    1
(advertise)    8    15117.65    4    15
(relay)    7    7    15156.07    15    15154.98    7    1
(advertise)    8    15156.27    7    15
(relay)    1    2    15179.48    15    15165.47    5    1
(advertise)    8    15179.68    2    15
(relay)    9    19    15203.69    15    15150.77    1    1
(relay)    9    16    15230.69    15    15179.52    1    1
(relay)    15    35    15245.49    15    15162.87    1    1
(relay)    9    17    15295.49    15    15293.91    1    1
(relay)    7    36    15300.29    15    15296.03    1    1
(relay)    9    23    15319.09    15    15298.66    1    1
(relay)    9    9    15340.29    15    15339.2    5    1
(advertise)    8    15340.49    9    15
(relay)    7    43    15384.7    15    15381.15    1    1
(relay)    9    30    15409.7    15    15395.78    1    1
(relay)    15    44    15435.7    15    15426.28    1    1
(relay)    15    42    15496.5    15    15491.03    3    1
(advertise)    8    15496.7    42    15
(relay)    1    21    15538.52    15    15536.95    1    1
(relay)    9    11    15572.52    15    15570.6    3    1
(advertise)    8    15572.72    11    15
(relay)    9    13    15601.93    15    15595.87    3    1
(advertise)    8    15602.13    13    15
(generate)    8    15615.74    [24]    15
(relay)    9    5    15650.36    15    15646.45    3    1
(advertise)    8    15650.56    5    15
(relay)    7    29    15673.77    15    15654.37    1    1
(relay)    9    6    15674.77    15    15667.12    3    1
(advertise)    8    15674.97    6    15
(relay)    1    1    15682.78    15    15681.74    7    1
(advertise)    8    15698.18    1    15
(relay)    15    14    15738.8    15    15725.71    5    1
(advertise)    8    15739.0    14    15
(relay)    9    10    15761.61    15    15751.16    5    1
(advertise)    8    15761.81    10    15
(relay)    9    20    15783.62    15    15770.09    1    1
(relay)    9    12    15811.62    15    15810.38    3    1
(advertise)    8    15811.82    12    15
(relay)    1    0    15834.43    15    15830.22    7    1
(advertise)    8    15835.63    0    15
(relay)    15    37    15863.25    15    15844.94    1    1
(relay)    15    15    15897.25    15    15897.07    5    1
(advertise)    8    15897.45    15    15
(relay)    15    22    15899.86    15    15899.44    3    1
(advertise)    8    15919.46    22    15
(relay)    15    28    16066.07    16    16064.1    3    1
(advertise)    8    16066.27    28    16
(relay)    9    18    16073.09    16    16071.24    1    1
(relay)    1    3    16091.69    16    16090.65    5    1
(advertise)    8    16092.49    3    16
(relay)    1    4    16116.7    16    16113.28    3    1
(advertise)    8    16116.9    4    16
(relay)    9    19    16155.71    16    16150.77    1    1
(relay)    7    7    16156.11    16    16155.08    7    1
(advertise)    8    16156.31    7    16
(relay)    1    2    16165.93    16    16165.65    5    1
(advertise)    8    16177.93    2    16
(relay)    15    16    16201.54    16    16180.29    3    1
(advertise)    8    16201.74    16    16
(relay)    15    35    16226.95    16    16162.93    3    1
(advertise)    8    16227.55    35    16
(relay)    15    17    16295.96    16    16294.0    1    1
(relay)    7    36    16300.96    16    16296.06    1    1
(relay)    9    23    16319.36    16    16298.73    1    1
(relay)    9    9    16339.56    16    16339.35    5    1
(advertise)    8    16339.76    9    16
(relay)    15    30    16400.78    16    16395.93    1    1
(relay)    15    43    16423.98    16    16381.19    1    1
(relay)    15    44    16446.58    16    16426.3    1    1
(relay)    9    21    16538.38    16    16537.05    1    1
(relay)    9    11    16572.98    16    16570.76    3    1
(advertise)    8    16573.18    11    16
(relay)    9    13    16600.99    16    16595.97    3    1
(advertise)    8    16601.19    13    16
(generate)    8    16615.8    [24]    16
(relay)    1    5    16649.82    16    16646.49    3    1
(advertise)    8    16650.02    5    16
(relay)    1    6    16674.43    16    16667.32    3    1
(advertise)    8    16674.83    6    16
(relay)    7    29    16677.44    16    16654.53    1    1
(relay)    1    1    16682.84    16    16681.82    7    1
(advertise)    8    16697.04    1    16
(heartbeat)    24    4    16677.24    8    16721.66    4    12
(advertise)    8    16721.86    24    4
(relay)    7    14    16745.67    16    16725.76    5    1
(advertise)    8    16746.87    14    16
(relay)    9    10    16770.68    16    16751.25    3    1
(advertise)    8    16770.88    10    16
(relay)    9    20    16810.29    16    16770.11    1    1
(relay)    15    0    16833.09    16    16830.41    5    1
(advertise)    8    16833.29    0    16
(relay)    1    12    16859.11    16    16810.43    1    1
(relay)    15    37    16862.11    16    16845.13    1    1
(relay)    15    15    16897.31    16    16897.23    5    1
(advertise)    8    16897.51    15    16
(relay)    15    22    16899.92    16    16899.53    3    1
(advertise)    8    16920.72    22    16
(relay)    15    28    17065.33    17    17064.12    3    1
(advertise)    8    17065.53    28    17
(relay)    9    18    17089.15    17    17071.39    1    1
(relay)    1    3    17092.35    17    17090.73    5    1
(advertise)    8    17092.55    3    17
(relay)    1    4    17117.36    17    17113.3    3    1
(advertise)    8    17117.56    4    17
(relay)    7    7    17155.17    17    17155.16    7    1
(advertise)    8    17155.37    7    17
(relay)    9    2    17177.39    17    17165.68    5    1
(advertise)    8    17178.39    2    17
(relay)    9    16    17199.8    17    17180.41    3    1
(advertise)    8    17200.0    16    17
(relay)    9    19    17221.21    17    17150.96    1    1
(relay)    7    35    17223.61    17    17163.06    3    1
(advertise)    8    17223.81    35    17
(relay)    9    17    17296.02    17    17294.09    1    1
(relay)    7    36    17301.22    17    17296.12    1    1
(relay)    9    23    17318.42    17    17298.82    1    1
(relay)    9    9    17339.62    17    17339.51    5    1
(advertise)    8    17339.82    9    17
(relay)    7    43    17405.64    17    17381.23    1    1
(relay)    15    30    17424.84    17    17396.1    1    1
(relay)    15    44    17455.44    17    17426.31    1    1
(relay)    1    21    17538.84    17    17537.14    1    1
(relay)    9    11    17573.84    17    17570.76    3    1
(advertise)    8    17574.04    11    17
(relay)    9    13    17600.25    17    17596.05    1    1
(generate)    8    17615.85    [24]    17
(relay)    9    5    17650.26    17    17646.59    3    1
(advertise)    8    17650.46    5    17
(relay)    9    29    17672.88    17    17654.54    1    1
(relay)    1    1    17682.88    17    17681.9    7    1
(advertise)    8    17683.08    1    17
(relay)    9    6    17694.09    17    17667.51    3    1
(advertise)    8    17705.49    6    17
(relay)    7    14    17741.1    17    17725.78    5    1
(advertise)    8    17741.3    14    17
(relay)    9    10    17763.52    17    17751.29    3    1
(advertise)    8    17764.12    10    17
(relay)    9    12    17812.53    17    17810.46    3    1
(advertise)    8    17812.73    12    17
(relay)    1    0    17835.34    17    17830.59    7    1
(advertise)    8    17836.34    0    17
(relay)    15    37    17864.55    17    17845.15    1    1
(relay)    15    15    17897.55    17    17897.42    5    1
(advertise)    8    17897.75    15    17
(relay)    15    22    17900.97    17    17899.59    3    1
(advertise)    8    17918.97    22    17
(relay)    7    28    18065.18    18    18064.14    3    1
(advertise)    8    18065.38    28    18
(relay)    9    18    18087.59    18    18071.56    1    1
(relay)    1    3    18092.79    18    18090.79    5    1
(advertise)    8    18092.99    3    18
(relay)    1    4    18118.21    18    18113.3    3    1
(advertise)    8    18118.61    4    18
(relay)    7    7    18155.42    18    18155.27    7    1
(advertise)    8    18155.62    7    18
(relay)    1    2    18177.83    18    18165.88    5    1
(advertise)    8    18178.03    2    18
(relay)    9    16    18201.45    18    18181.74    3    1
(advertise)    8    18201.65    16    18
(relay)    9    19    18222.86    18    18151.15    1    1
(relay)    9    17    18297.26    18    18294.21    1    1
(relay)    7    36    18302.66    18    18296.17    1    1
(relay)    9    23    18319.46    18    18298.88    1    1
(relay)    9    9    18339.86    18    18339.68    5    1
(advertise)    8    18340.06    9    18
(relay)    15    30    18403.07    18    18396.24    1    1
(relay)    15    43    18425.27    18    18381.29    1    1
(relay)    15    44    18448.27    18    18426.33    1    1
(relay)    15    42    18496.87    18    18491.39    3    1
(advertise)    8    18497.07    42    18
(relay)    7    21    18539.08    18    18537.2    3    1
(advertise)    8    18539.28    21    18
(relay)    9    11    18574.3    18    18570.77    3    1
(advertise)    8    18574.5    11    18
(relay)    9    13    18598.71    18    18596.13    3    1
(advertise)    8    18600.11    13    18
(generate)    8    18615.92    [24]    18
(relay)    9    5    18651.14    18    18646.72    3    1
(advertise)    8    18651.34    5    18
(relay)    15    29    18675.75    18    18654.71    3    1
(advertise)    8    18676.75    29    18
(relay)    1    1    18681.96    18    18681.96    7    1
(advertise)    8    18698.16    1    18
(relay)    7    14    18727.18    18    18725.97    5    1
(advertise)    8    18727.38    14    18
(relay)    9    10    18768.59    18    18751.35    3    1
(advertise)    8    18768.79    10    18
(relay)    9    20    18813.4    18    18770.13    1    1
(relay)    1    0    18832.6    18    18830.77    7    1
(advertise)    8    18832.8    0    18
(relay)    9    12    18839.81    18    18810.52    3    1
(advertise)    8    18856.41    12    18
(relay)    15    37    18880.03    18    18845.31    1    1
(relay)    15    15    18898.23    18    18897.61    5    1
(advertise)    8    18898.43    15    18
(relay)    15    22    18902.04    18    18899.62    3    1
(advertise)    8    18919.84    22    18
(relay)    15    28    19066.05    19    19064.34    3    1
(advertise)    8    19066.25    28    19
(relay)    9    18    19073.47    19    19071.72    1    1
(relay)    1    3    19094.07    19    19090.83    5    1
(advertise)    8    19094.27    3    19
(relay)    9    4    19118.28    19    19113.31    3    1
(advertise)    8    19118.48    4    19
(relay)    9    19    19152.89    19    19151.16    1    1
(relay)    7    7    19155.49    19    19155.35    7    1
(advertise)    8    19155.69    7    19
(relay)    1    2    19166.71    19    19165.89    5    1
(advertise)    8    19177.71    2    19
(relay)    15    16    19203.12    19    19182.26    3    1
(advertise)    8    19203.32    16    19
(relay)    15    35    19223.93    19    19163.22    3    1
(advertise)    8    19226.33    35    19
(relay)    9    17    19297.54    19    19294.32    1    1
(relay)    7    36    19301.54    19    19296.21    1    1
(relay)    9    23    19319.14    19    19298.99    1    1
(relay)    9    9    19339.94    19    19339.83    5    1
(advertise)    8    19340.14    9    19
(relay)    7    43    19388.96    19    19381.35    1    1
(relay)    15    30    19411.96    19    19396.39    1    1
(relay)    15    44    19439.56    19    19426.53    1    1
(relay)    15    42    19494.96    19    19491.57    3    1
(advertise)    8    19495.16    42    19
(relay)    7    21    19539.17    19    19537.26    3    1
(advertise)    8    19539.37    21    19
(relay)    9    11    19574.18    19    19570.77    3    1
(advertise)    8    19574.38    11    19
(relay)    9    13    19598.6    19    19596.21    1    1
(generate)    8    19616.0    [24]    19
(relay)    9    5    19651.81    19    19646.8    3    1
(advertise)    8    19652.01    5    19
(relay)    15    29    19658.22    19    19654.84    3    1
(relay)    9    6    19674.02    19    19667.87    3    2
(advertise)    8    19674.22    29    19
(relay)    1    1    19682.24    19    19682.04    7    2
(advertise)    8    19696.24    6    19
(advertise)    8    19719.45    1    19
(relay)    15    14    19743.46    19    19725.99    5    1
(advertise)    8    19743.86    14    19
(relay)    9    10    19767.27    19    19751.43    3    1
(advertise)    8    19767.67    10    19
(relay)    9    20    19814.49    19    19770.15    1    1
(relay)    1    12    19816.49    19    19810.6    1    1
(relay)    7    0    19833.09    19    19830.96    7    1
(advertise)    8    19833.29    0    19
(relay)    15    37    19860.1    19    19845.48    1    1
(relay)    15    15    19898.3    19    19897.75    5    1
(advertise)    8    19898.5    15    19
(relay)    15    22    19912.91    19    19899.67    3    1
(advertise)    8    19921.31    22    19
(relay)    1    28    20067.33    20    20064.36    1    1
(relay)    9    18    20089.73    20    20071.91    1    1
(relay)    1    3    20093.73    20    20090.88    5    1
(advertise)    8    20093.93    3    20
(relay)    1    4    20117.14    20    20113.32    3    1
(advertise)    8    20117.34    4    20
(relay)    7    7    20155.95    20    20155.45    7    1
(advertise)    8    20156.15    7    20
(relay)    1    2    20177.97    20    20165.91    5    1
(advertise)    8    20178.17    2    20
(relay)    15    35    20202.78    20    20163.3    3    1
(advertise)    8    20203.18    35    20
(relay)    1    16    20204.39    20    20183.19    1    1
(relay)    9    19    20245.59    20    20151.16    1    1
(relay)    15    17    20297.19    20    20294.85    1    1
(relay)    15    36    20318.59    20    20296.3    3    1
(advertise)    8    20318.79    36    20
(relay)    9    23    20320.4    20    20299.05    1    1
(relay)    9    9    20340.6    20    20340.02    5    1
(advertise)    8    20340.8    9    20
(relay)    15    43    20388.22    20    20381.45    1    1
(relay)    9    30    20434.22    20    20396.54    1    1
(relay)    15    44    20461.42    20    20427.92    1    1
(relay)    7    42    20493.22    20    20491.76    3    1
(advertise)    8    20493.42    42    20
(relay)    1    21    20541.43    20    20537.35    1    1
(relay)    9    11    20572.63    20    20570.96    3    1
(advertise)    8    20572.83    11    20
(relay)    9    13    20598.24    20    20596.3    3    1
(advertise)    8    20599.04    13    20
(generate)    8    20616.06    [24]    20
(relay)    9    5    20652.47    20    20646.86    3    1
(advertise)    8    20652.67    5    20
(relay)    9    6    20673.68    20    20668.01    3    1
(relay)    7    29    20674.68    20    20654.85    1    2
(advertise)    8    20675.28    6    20
(relay)    1    1    20682.3    20    20682.14    7    1
(advertise)    8    20696.3    1    20
(heartbeat)    24    5    20677.25    8    20723.71    4    12
(advertise)    8    20724.11    24    5
(relay)    7    14    20747.12    20    20726.04    5    1
(advertise)    8    20747.52    14    20
(relay)    1    10    20772.33    20    20751.49    1    1
(relay)    7    0    20832.33    20    20830.98    7    1
(advertise)    8    20832.53    0    20
(relay)    15    37    20858.15    20    20845.67    1    1
(relay)    15    15    20898.55    20    20897.94    5    1
(advertise)    8    20898.75    15    20
(relay)    15    22    20902.56    20    20900.36    3    1
(advertise)    8    20920.56    22    20
(relay)    7    28    21067.17    21    21064.37    3    1
(advertise)    8    21067.37    28    21
(relay)    9    18    21091.79    21    21072.06    1    1
(relay)    7    3    21097.19    21    21090.95    3    1
(advertise)    8    21097.39    3    21
(relay)    1    4    21116.0    21    21113.33    3    1
(advertise)    8    21118.4    4    21
(relay)    7    7    21156.01    21    21155.55    7    1
(advertise)    8    21156.21    7    21
(relay)    1    2    21178.83    21    21165.94    5    1
(advertise)    8    21179.03    2    21
(relay)    9    16    21204.24    21    21183.78    3    1
(advertise)    8    21204.44    16    21
(relay)    9    19    21225.25    21    21151.35    1    1
(relay)    9    17    21296.25    21    21294.96    1    1
(relay)    7    36    21299.25    21    21296.39    1    1
(relay)    9    23    21320.05    21    21299.17    1    1
(relay)    9    9    21340.65    21    21340.02    5    1
(advertise)    8    21340.85    9    21
(relay)    15    30    21399.66    21    21396.7    1    1
(relay)    15    43    21424.66    21    21381.56    3    1
(advertise)    8    21424.86    43    21
(relay)    15    44    21450.28    21    21427.95    1    1
(relay)    15    42    21493.68    21    21491.76    3    1
(advertise)    8    21493.88    42    21
(relay)    15    21    21540.29    21    21537.44    3    1
(advertise)    8    21540.49    21    21
(relay)    9    11    21572.7    21    21571.14    3    1
(advertise)    8    21572.9    11    21
(relay)    9    13    21599.32    21    21596.4    3    1
(advertise)    8    21599.52    13    21
(generate)    8    21616.13    [24]    21
(relay)    1    5    21651.74    21    21646.95    3    1
(advertise)    8    21651.94    5    21
(relay)    9    6    21672.16    21    21668.19    3    1
(relay)    15    29    21673.76    21    21654.87    3    2
(advertise)    8    21674.16    6    21
(relay)    1    1    21682.37    21    21682.24    7    2
(advertise)    8    21695.77    29    21
(advertise)    8    21718.58    1    21
(relay)    15    14    21728.19    21    21726.06    5    1
(advertise)    8    21740.79    14    21
(relay)    1    10    21756.81    21    21751.52    1    1
(relay)    9    12    21815.21    21    21810.74    3    1
(advertise)    8    21815.41    12    21
(relay)    7    0    21839.02    21    21831.17    7    1
(advertise)    8    21839.22    0    21
(relay)    15    37    21866.23    21    21845.86    1    1
(relay)    15    15    21899.03    21    21898.12    5    1
(advertise)    8    21899.23    15    21
(relay)    15    22    21902.65    21    21900.6    3    1
(advertise)    8    21920.45    22    21
(relay)    15    28    22067.26    22    22064.38    3    1
(advertise)    8    22067.46    28    22
(relay)    9    18    22091.47    22    22072.24    1    1
(relay)    1    3    22094.47    22    22091.0    5    1
(advertise)    8    22094.87    3    22
(relay)    1    4    22116.89    22    22113.35    3    1
(advertise)    8    22118.49    4    22
(relay)    7    7    22156.1    22    22155.63    7    1
(advertise)    8    22156.3    7    22
(relay)    1    2    22179.51    22    22166.14    5    1
(advertise)    8    22181.51    2    22
(relay)    9    16    22203.12    22    22183.95    3    1
(relay)    15    35    22203.52    22    22163.5    3    2
(advertise)    8    22204.52    16    22
(relay)    9    19    22225.14    22    22151.54    1    2
(advertise)    8    22228.14    35    22
(relay)    9    17    22295.55    22    22295.05    1    1
(relay)    7    36    22298.35    22    22296.49    1    1
(relay)    15    23    22340.55    22    22299.27    1    1
(relay)    9    9    22341.35    22    22340.78    5    1
(advertise)    8    22341.55    9    22
(relay)    7    43    22383.36    22    22381.68    1    1
(relay)    9    30    22434.56    22    22396.87    1    1
(relay)    15    44    22460.16    22    22428.14    1    1
(relay)    7    42    22494.16    22    22491.95    3    1
(advertise)    8    22494.36    42    22
(relay)    15    21    22540.78    22    22537.52    3    1
(advertise)    8    22540.98    21    22
(relay)    9    11    22572.19    22    22571.33    3    1
(advertise)    8    22572.39    11    22
(relay)    9    13    22600.0    22    22596.48    3    1
(advertise)    8    22600.2    13    22
(generate)    8    22616.22    [24]    22
(relay)    9    5    22650.63    22    22647.05    3    1
(advertise)    8    22650.83    5    22
(relay)    15    29    22672.64    22    22654.87    3    1
(advertise)    8    22673.24    29    22
(relay)    1    1    22682.85    22    22682.33    7    1
(advertise)    8    22694.45    1    22
(relay)    1    6    22696.67    22    22668.36    3    1
(advertise)    8    22716.47    6    22
(relay)    9    14    22739.68    22    22726.08    3    1
(advertise)    8    22740.08    14    22
(relay)    9    10    22762.09    22    22751.57    3    1
(advertise)    8    22762.29    10    22
(relay)    9    20    22783.51    22    22770.25    1    1
(relay)    9    12    22815.31    22    22810.83    3    1
(advertise)    8    22815.51    12    22
(relay)    7    0    22839.52    22    22831.37    7    1
(advertise)    8    22839.72    0    22
(relay)    15    37    22865.73    22    22845.87    1    1
(relay)    15    15    22899.13    22    22898.12    5    1
(advertise)    8    22899.33    15    22
(relay)    15    22    22902.95    22    22900.66    3    1
(advertise)    8    22921.15    22    22
(relay)    15    28    23068.36    23    23064.4    3    1
(advertise)    8    23068.56    28    23
(relay)    9    18    23092.77    23    23072.43    1    1
(relay)    1    3    23093.77    23    23091.06    5    1
(advertise)    8    23093.97    3    23
(relay)    1    4    23115.58    23    23113.37    3    1
(advertise)    8    23116.78    4    23
(relay)    7    7    23156.8    23    23155.73    7    1
(advertise)    8    23157.0    7    23
(relay)    1    2    23180.41    23    23166.16    5    1
(advertise)    8    23180.61    2    23
(relay)    9    16    23201.82    23    23184.07    3    1
(advertise)    8    23202.82    16    23
(relay)    9    35    23225.04    23    23163.6    1    1
(relay)    9    17    23295.84    23    23295.13    1    1
(relay)    7    36    23299.44    23    23296.55    1    1
(relay)    9    23    23319.44    23    23299.36    1    1
(relay)    9    9    23342.04    23    23340.93    5    1
(advertise)    8    23342.24    9    23
(relay)    7    43    23384.05    23    23381.74    1    1
(relay)    9    44    23467.25    23    23428.14    1    1
(relay)    15    42    23495.85    23    23491.95    3    1
(advertise)    8    23496.05    42    23
(relay)    15    21    23539.86    23    23537.6    3    1
(advertise)    8    23540.06    21    23
(relay)    9    11    23572.08    23    23571.48    3    1
(advertise)    8    23572.28    11    23
(relay)    9    13    23600.89    23    23596.58    3    1
(advertise)    8    23601.09    13    23
(generate)    8    23616.3    [24]    23
(relay)    9    5    23649.11    23    23647.15    3    1
(advertise)    8    23649.31    5    23
(relay)    7    29    23672.73    23    23654.89    1    1
(relay)    1    6    23675.13    23    23668.52    3    1
(advertise)    8    23675.33    6    23
(relay)    1    1    23682.94    23    23682.41    7    1
(advertise)    8    23698.34    1    23
(relay)    7    14    23726.55    23    23726.1    5    1
(advertise)    8    23726.75    14    23
(relay)    9    10    23762.17    23    23751.63    3    1
(advertise)    8    23762.37    10    23
(relay)    9    20    23791.18    23    23770.43    1    1
(relay)    9    12    23815.18    23    23810.91    1    1
(relay)    7    0    23831.98    23    23831.55    7    1
(advertise)    8    23832.18    0    23
(relay)    15    37    23859.79    23    23846.04    1    1
(relay)    15    15    23899.39    23    23898.3    5    1
(advertise)    8    23899.59    15    23
(relay)    7    22    23922.41    23    23900.71    1    1
(relay)    1    28    24071.41    24    24064.4    1    1
(relay)    9    18    24091.81    24    24072.57    1    1
(relay)    1    3    24092.61    24    24091.13    5    1
(advertise)    8    24092.81    3    24
(relay)    1    4    24116.22    24    24113.38    3    1
(advertise)    8    24117.02    4    24
(relay)    7    7    24156.83    24    24155.82    7    1
(advertise)    8    24157.03    7    24
(relay)    1    2    24179.24    24    24166.17    5    1
(advertise)    8    24179.44    2    24
(relay)    9    16    24201.26    24    24184.18    3    1
(advertise)    8    24201.46    16    24
(relay)    15    35    24203.47    24    24163.69    3    1
(advertise)    8    24222.67    35    24
(relay)    15    17    24296.88    24    24295.23    1    1
(relay)    7    36    24299.68    24    24296.61    1    1
(relay)    9    23    24318.08    24    24299.42    1    1
(relay)    9    9    24342.08    24    24341.1    5    1
(advertise)    8    24342.28    9    24
(relay)    9    30    24400.9    24    24397.19    1    1
(relay)    15    42    24496.5    24    24491.96    3    1
(advertise)    8    24496.7    42    24
(relay)    15    21    24538.31    24    24537.67    3    1
(advertise)    8    24538.51    21    24
(relay)    9    11    24573.12    24    24571.49    3    1
(advertise)    8    24573.32    11    24
(relay)    9    13    24601.74    24    24596.67    3    1
(advertise)    8    24601.94    13    24
(generate)    8    24616.35    [24]    24
(relay)    9    5    24649.56    24    24647.21    3    1
(advertise)    8    24649.76    5    24
(relay)    7    29    24673.97    24    24654.89    1    1
(relay)    9    6    24674.97    24    24668.7    3    1
(advertise)    8    24675.77    6    24
(relay)    1    1    24682.99    24    24682.49    7    1
(advertise)    8    24696.79    1    24
(heartbeat)    24    6    24677.27    8    24721.0    4    12
(advertise)    8    24721.4    24    6
(relay)    15    14    24742.61    24    24726.14    5    1
(advertise)    8    24744.41    14    24
(relay)    9    10    24768.63    24    24751.7    3    1
(advertise)    8    24769.43    10    24
(relay)    9    20    24800.44    24    24770.47    1    1
(relay)    1    12    24820.84    24    24810.96    1    1
(relay)    7    0    24832.64    24    24831.73    7    1
(advertise)    8    24832.84    0    24
(relay)    15    37    24879.65    24    24846.04    1    1
(relay)    15    15    24898.65    24    24898.46    5    1
(advertise)    8    24898.85    15    24
(relay)    15    22    24901.47    24    24900.77    3    1
(advertise)    8    24920.27    22    24
(relay)    15    28    25067.28    25    25064.43    3    1
(advertise)    8    25067.48    28    25
(relay)    1    3    25092.49    25    25091.21    5    1
(relay)    15    18    25092.69    25    25072.57    1    2
(advertise)    8    25093.29    3    25
(relay)    9    4    25116.9    25    25113.61    3    1
(advertise)    8    25117.9    4    25
(relay)    7    7    25156.92    25    25155.94    7    1
(advertise)    8    25157.12    7    25
(relay)    1    2    25179.33    25    25166.2    5    1
(advertise)    8    25179.53    2    25
(relay)    15    16    25202.34    25    25184.33    3    1
(advertise)    8    25202.54    16    25
(relay)    15    19    25224.76    25    25151.94    1    1
(relay)    7    35    25249.16    25    25163.81    1    1
(relay)    15    45    25276.76    25    25257.92    3    1
(advertise)    8    25276.96    45    25
(relay)    9    17    25296.97    25    25295.32    1    1
(relay)    7    36    25302.57    25    25296.72    1    1
(relay)    9    23    25324.17    25    25299.51    1    1
(relay)    9    9    25342.37    25    25341.26    5    1
(advertise)    8    25342.57    9    25
(relay)    15    43    25401.18    25    25381.89    1    1
(relay)    15    30    25424.58    25    25397.2    1    1
(relay)    7    42    25497.38    25    25492.0    3    1
(advertise)    8    25497.58    42    25
(relay)    15    38    25521.8    25    25442.28    1    1
(relay)    7    21    25538.6    25    25537.78    3    1
(advertise)    8    25538.8    21    25
(relay)    9    11    25573.41    25    25571.5    3    1
(advertise)    8    25573.61    11    25
(relay)    9    13    25602.62    25    25596.75    3    1
(advertise)    8    25602.82    13    25
(generate)    8    25616.43    [24]    25
(relay)    9    5    25651.05    25    25647.28    1    1
(relay)    7    29    25658.45    25    25654.93    1    1
(relay)    1    6    25676.85    25    25668.89    3    1
(advertise)    8    25677.05    6    25
(relay)    1    1    25683.66    25    25682.56    7    1
(advertise)    8    25699.26    1    25
(relay)    7    14    25740.87    25    25726.18    5    1
(advertise)    8    25741.07    14    25
(relay)    9    10    25765.29    25    25751.76    3    1
(advertise)    8    25765.89    10    25
(relay)    9    20    25791.9    25    25770.5    1    1
(relay)    9    12    25813.3    25    25811.0    3    1
(advertise)    8    25813.5    12    25
(relay)    1    0    25836.31    25    25831.9    7    1
(advertise)    8    25836.51    0    25
(relay)    15    15    25898.53    25    25898.5    5    1
(advertise)    8    25898.73    15    25
(relay)    15    22    25901.14    25    25900.82    3    1
(advertise)    8    25920.94    22    25
(relay)    15    28    26066.35    26    26064.47    3    1
(advertise)    8    26066.55    28    26
(relay)    9    18    26075.36    26    26072.73    1    1
(relay)    1    3    26092.36    26    26091.28    5    1
(advertise)    8    26092.76    3    26
(relay)    1    4    26117.18    26    26113.81    3    1
(advertise)    8    26117.78    4    26
(relay)    7    7    26156.99    26    26156.05    7    1
(advertise)    8    26157.19    7    26
(relay)    1    2    26180.8    26    26166.38    5    1
(advertise)    8    26181.2    2    26
(relay)    9    16    26203.42    26    26184.51    3    1
(advertise)    8    26204.02    16    26
(relay)    9    19    26224.83    26    26151.94    1    1
(relay)    15    45    26274.23    26    26257.99    1    1
(relay)    15    17    26297.63    26    26295.4    1    1
(relay)    7    36    26302.63    26    26296.78    1    1
(relay)    9    23    26319.83    26    26299.81    1    1
(relay)    9    9    26341.43    26    26341.43    5    1
(advertise)    8    26341.63    9    26
(relay)    15    30    26401.84    26    26397.34    1    1
(relay)    7    43    26424.64    26    26381.95    1    1
(relay)    15    44    26448.64    26    26428.37    1    1
(relay)    15    42    26498.64    26    26492.18    3    1
(advertise)    8    26498.84    42    26
(relay)    15    21    26538.66    26    26537.87    3    1
(advertise)    8    26538.86    21    26
(relay)    9    11    26573.67    26    26571.51    3    1
(advertise)    8    26573.87    11    26
(relay)    1    13    26602.08    26    26596.83    1    1
(generate)    8    26616.48    [24]    26
(relay)    1    5    26651.49    26    26647.37    3    1
(advertise)    8    26651.69    5    26
(relay)    15    29    26675.71    26    26654.94    3    1
(relay)    9    6    26676.31    26    26669.09    3    2
(advertise)    8    26676.91    29    26
(relay)    1    1    26683.52    26    26682.59    7    2
(advertise)    8    26699.32    6    26
(advertise)    8    26722.13    1    26
(relay)    7    14    26742.15    26    26726.21    5    1
(advertise)    8    26743.55    14    26
(relay)    9    10    26766.96    26    26751.81    3    1
(advertise)    8    26767.76    10    26
(relay)    9    20    26790.57    26    26770.55    1    1
(relay)    7    0    26833.37    26    26832.07    7    1
(advertise)    8    26833.57    0    26
(relay)    15    37    26863.59    26    26846.38    1    1
(relay)    15    15    26898.79    26    26898.68    5    1
(advertise)    8    26898.99    15    26
(relay)    15    22    26901.2    26    26900.89    3    1
(advertise)    8    26921.2    22    26
(relay)    7    28    27065.61    27    27064.51    3    1
(advertise)    8    27065.81    28    27
(relay)    9    18    27088.02    27    27072.74    1    1
(relay)    1    3    27093.42    27    27091.35    5    1
(advertise)    8    27093.62    3    27
(relay)    1    4    27117.84    27    27113.83    3    1
(advertise)    8    27119.24    4    27
(relay)    7    7    27156.25    27    27156.15    7    1
(advertise)    8    27156.45    7    27
(relay)    9    2    27179.26    27    27166.4    5    1
(advertise)    8    27179.46    2    27
(relay)    15    35    27201.88    27    27164.04    3    1
(relay)    9    16    27202.28    27    27184.62    3    2
(advertise)    8    27203.48    35    27
(relay)    9    19    27225.09    27    27152.13    1    2
(advertise)    8    27225.89    16    27
(relay)    9    17    27297.5    27    27295.52    1    1
(relay)    7    36    27302.5    27    27296.88    1    1
(relay)    9    23    27320.3    27    27299.89    1    1
(relay)    9    9    27341.7    27    27341.6    5    1
(advertise)    8    27341.9    9    27
(relay)    7    43    27387.72    27    27382.07    1    1
(relay)    15    30    27431.12    27    27397.51    1    1
(relay)    9    44    27457.72    27    27428.38    1    1
(relay)    15    38    27482.92    27    27442.36    1    1
(relay)    7    42    27502.52    27    27492.2    3    1
(advertise)    8    27502.72    42    27
(relay)    7    21    27539.33    27    27537.95    3    1
(advertise)    8    27539.53    21    27
(relay)    9    11    27574.74    27    27571.53    3    1
(advertise)    8    27574.94    11    27
(relay)    9    13    27601.35    27    27596.9    3    1
(advertise)    8    27601.55    13    27
(generate)    8    27616.57    [24]    27
(relay)    9    5    27651.38    27    27647.43    3    1
(advertise)    8    27651.58    5    27
(relay)    15    29    27657.99    27    27654.94    3    1
(advertise)    8    27672.79    29    27
(relay)    1    1    27683.61    27    27682.68    7    1
(advertise)    8    27694.61    1    27
(relay)    9    6    27695.82    27    27669.24    3    1
(advertise)    8    27717.22    6    27
(relay)    7    14    27740.43    27    27726.23    5    1
(advertise)    8    27741.23    14    27
(relay)    9    10    27766.25    27    27751.87    3    1
(advertise)    8    27766.65    10    27
(relay)    9    20    27789.06    27    27770.58    1    1
(relay)    9    12    27814.26    27    27811.08    3    1
(advertise)    8    27814.46    12    27
(relay)    1    0    27836.27    27    27832.26    7    1
(advertise)    8    27836.87    0    27
(relay)    15    37    27865.48    27    27846.4    1    1
(relay)    15    15    27899.48    27    27898.86    5    1
(advertise)    8    27899.68    15    27
(relay)    15    22    27902.3    27    27900.95    3    1
(advertise)    8    27921.5    22    27
(relay)    15    28    28065.31    28    28064.54    3    1
(advertise)    8    28065.51    28    28
(relay)    9    18    28073.92    28    28072.93    1    1
(relay)    1    3    28093.52    28    28091.41    5    1
(advertise)    8    28093.72    3    28
(relay)    1    4    28118.54    28    28113.85    3    1
(advertise)    8    28118.74    4    28
(relay)    7    7    28156.35    28    28156.28    7    1
(advertise)    8    28156.55    7    28
(relay)    1    2    28178.96    28    28166.42    5    1
(advertise)    8    28179.36    2    28
(relay)    9    16    28203.98    28    28184.8    3    1
(relay)    15    35    28204.18    28    28164.13    3    2
(advertise)    8    28204.58    16    28
(advertise)    8    28225.59    35    28
(relay)    15    45    28274.0    28    28258.12    3    1
(advertise)    8    28274.2    45    28
(relay)    9    17    28299.21    28    28295.65    1    1
(relay)    7    36    28304.21    28    28296.96    1    1
(relay)    9    9    28341.81    28    28341.77    5    1
(advertise)    8    28342.01    9    28
(relay)    15    30    28403.03    28    28397.66    1    1
(relay)    15    43    28426.23    28    28382.15    3    1
(advertise)    8    28426.43    43    28
(relay)    15    44    28450.24    28    28428.4    1    1
(relay)    15    38    28473.84    28    28442.42    1    1
(relay)    15    42    28497.64    28    28492.22    3    1
(advertise)    8    28497.84    42    28
(relay)    7    21    28540.05    28    28538.04    3    1
(advertise)    8    28540.25    21    28
(relay)    9    11    28575.07    28    28571.53    3    1
(advertise)    8    28575.27    11    28
(relay)    9    13    28598.68    28    28597.01    3    1
(advertise)    8    28598.88    13    28
(generate)    8    28616.69    [24]    28
(relay)    9    5    28651.71    28    28647.53    3    1
(advertise)    8    28651.91    5    28
(relay)    9    29    28674.32    28    28655.13    1    1
(relay)    1    6    28676.52    28    28669.44    3    1
(advertise)    8    28676.92    6    28
(relay)    1    1    28682.93    28    28682.79    7    1
(advertise)    8    28698.93    1    28
(heartbeat)    24    7    28677.28    8    28717.54    4    12
(advertise)    8    28720.94    24    7
(relay)    15    14    28745.96    28    28726.25    5    1
(advertise)    8    28746.16    14    28
(relay)    1    10    28774.37    28    28751.94    1    1
(relay)    9    46    28781.97    28    28740.3    1    1
(relay)    1    12    28815.77    28    28811.39    1    1
(relay)    7    0    28834.57    28    28832.27    7    1
(advertise)    8    28834.77    0    28
(relay)    15    37    28859.38    28    28846.56    1    1
(relay)    15    15    28899.38    28    28898.89    5    1
(advertise)    8    28899.58    15    28
(relay)    15    22    28902.4    28    28901.06    3    1
(advertise)    8    28920.6    22    28
(relay)    15    28    29065.61    29    29064.6    3    1
(advertise)    8    29065.81    28    29
(relay)    9    18    29074.82    29    29072.93    1    1
(relay)    1    3    29093.82    29    29091.48    5    1
(advertise)    8    29094.02    3    29
(relay)    1    4    29118.64    29    29113.88    3    1
(advertise)    8    29119.64    4    29
(relay)    7    7    29156.45    29    29156.39    7    1
(advertise)    8    29156.65    7    29
(relay)    9    2    29179.66    29    29166.46    5    1
(advertise)    8    29179.86    2    29
(relay)    9    16    29202.07    29    29184.95    3    1
(advertise)    8    29202.47    16    29
(relay)    15    45    29277.49    29    29258.18    1    1
(relay)    15    17    29300.29    29    29295.79    1    1
(relay)    7    36    29303.69    29    29297.04    1    1
(relay)    9    23    29321.69    29    29300.85    1    1
(relay)    9    9    29342.49    29    29341.92    5    1
(advertise)    8    29342.69    9    29
(relay)    15    30    29403.1    29    29397.83    1    1
(relay)    15    43    29426.7    29    29382.25    3    1
(advertise)    8    29426.9    43    29
(relay)    15    44    29495.51    29    29428.42    1    1
(relay)    7    42    29496.91    29    29492.24    1    1
(relay)    15    21    29540.11    29    29538.14    3    1
(advertise)    8    29540.31    21    29
(relay)    9    11    29574.93    29    29571.55    3    1
(advertise)    8    29575.13    11    29
(relay)    9    13    29599.34    29    29597.12    3    1
(advertise)    8    29599.74    13    29
(generate)    8    29616.75    [24]    29
(relay)    9    5    29653.37    29    29647.63    3    1
(advertise)    8    29653.57    5    29
(relay)    9    6    29675.78    29    29669.62    3    1
(advertise)    8    29676.58    6    29
(relay)    1    1    29682.99    29    29682.88    7    1
(advertise)    8    29699.19    1    29
(relay)    7    14    29728.6    29    29726.28    5    1
(advertise)    8    29729.0    14    29
(relay)    9    10    29754.62    29    29751.99    3    1
(advertise)    8    29754.82    10    29
(relay)    15    46    29769.43    29    29740.31    1    1
(relay)    9    12    29817.43    29    29811.45    1    1
(relay)    7    0    29834.63    29    29832.43    7    1
(advertise)    8    29834.83    0    29
(relay)    15    37    29861.44    29    29846.7    1    1
(relay)    15    15    29899.64    29    29899.06    5    1
(advertise)    8    29899.84    15    29
(relay)    15    22    29902.86    29    29901.53    3    1
(advertise)    8    29922.26    22    29
