(relay)    10    41    1027.4    1    1025.0    120    1
(advertise)    9    1027.6    41    1
(relay)    16    28    1066.21    1    1062.01    123    1
(advertise)    9    1066.41    28    1
(relay)    16    18    1089.83    1    1069.03    125    1
(advertise)    9    1090.03    18    1
(relay)    2    3    1091.44    1    1089.21    126    1
(advertise)    9    1111.64    3    1
(relay)    2    4    1113.65    1    1111.04    125    1
(advertise)    9    1134.05    4    1
(relay)    16    33    1157.07    1    1071.01    122    1
(advertise)    9    1157.27    33    1
(relay)    2    2    1165.08    1    1164.05    127    1
(relay)    16    16    1178.08    1    1177.08    127    2
(advertise)    9    1179.88    2    1
(relay)    2    7    1182.29    1    1153.07    124    2
(relay)    10    19    1184.09    1    1149.07    124    3
(advertise)    9    1202.69    16    1
(advertise)    9    1223.7    7    1
(advertise)    9    1246.72    19    1
(relay)    16    26    1248.33    1    1166.08    123    1
(advertise)    9    1268.13    26    1
(relay)    8    35    1269.34    1    1161.07    122    1
(advertise)    9    1290.74    35    1
(relay)    16    17    1292.76    1    1292.14    126    1
(advertise)    9    1312.36    17    1
(relay)    16    23    1316.37    1    1297.16    126    1
(advertise)    9    1333.97    23    1
(generate)    9    1337.18    [24]    1
(relay)    16    45    1338.6    1    1255.13    122    1
(advertise)    9    1355.0    45    1
(relay)    2    47    1379.81    1    1244.12    114    1
(advertise)    9    1380.01    47    1
(relay)    16    36    1405.82    1    1294.14    121    1
(advertise)    9    1406.22    36    1
(relay)    16    30    1427.43    1    1393.01    125    1
(advertise)    9    1428.23    30    1
(relay)    16    31    1450.05    1    1315.16    124    1
(advertise)    9    1451.25    31    1
(relay)    16    39    1470.46    1    1373.2    122    1
(advertise)    9    1474.66    39    1
(relay)    16    43    1494.07    1    1378.2    122    1
(advertise)    9    1496.47    43    1
(relay)    16    44    1522.29    1    1425.02    123    1
(advertise)    9    1522.49    44    1
(relay)    16    38    1545.9    1    1440.03    123    1
(advertise)    9    1547.3    38    1
(relay)    16    21    1569.11    1    1535.09    124    1
(advertise)    9    1569.51    21    1
(relay)    10    11    1581.33    1    1568.11    126    1
(advertise)    9    1592.33    11    1
(relay)    2    34    1601.74    1    1483.06    117    1
(relay)    8    8    1614.74    1    1614.11    127    2
(relay)    16    25    1616.34    1    1533.09    122    3
(advertise)    9    1616.74    34    1
(relay)    8    42    1619.55    1    1489.05    119    3
(advertise)    9    1637.75    8    1
(advertise)    9    1658.96    25    1
(advertise)    9    1681.78    42    1
(relay)    16    32    1683.19    1    1496.07    121    1
(relay)    8    1    1685.99    1    1680.16    126    2
(advertise)    9    1703.79    32    1
(advertise)    9    1725.4    1    1
(relay)    16    29    1729.02    1    1653.15    124    1
(relay)    10    13    1734.82    1    1594.13    124    2
(advertise)    9    1748.82    29    1
(relay)    2    5    1754.43    1    1645.15    124    2
(advertise)    9    1770.23    13    1
(relay)    8    14    1772.24    1    1724.0    125    2
(advertise)    9    1792.44    5    1
(advertise)    9    1814.26    14    1
(relay)    10    6    1823.27    1    1665.14    123    1
(advertise)    9    1835.47    6    1
(relay)    2    10    1842.88    1    1750.02    125    1
(advertise)    9    1856.68    10    1
(relay)    16    46    1859.89    1    1738.0    119    1
(relay)    8    0    1862.29    1    1829.04    125    2
(relay)    10    12    1865.89    1    1809.04    125    3
(advertise)    9    1878.89    46    1
(advertise)    9    1900.31    0    1
(relay)    2    20    1910.52    1    1769.02    121    2
(advertise)    9    1922.92    12    1
(relay)    8    15    1927.93    1    1895.11    126    2
(advertise)    9    1944.33    20    1
(relay)    10    37    1954.75    1    1843.07    122    2
(advertise)    9    1965.75    15    1
(advertise)    9    1987.56    37    1
(relay)    16    22    1991.57    1    1896.11    125    1
(relay)    10    27    2000.17    1    1808.06    122    2
(advertise)    9    2009.57    22    1
(relay)    10    40    2028.79    1    1870.29    121    2
(advertise)    9    2031.19    27    1
(advertise)    9    2052.6    40    1
(relay)    10    18    2074.81    2    2069.2    125    1
(advertise)    9    2075.61    18    2
(relay)    10    3    2095.62    2    2089.4    126    1
(advertise)    9    2097.42    3    2
(relay)    16    48    2099.44    1    1955.11    119    1
(advertise)    9    2118.84    48    1
(relay)    10    4    2139.45    2    2111.22    125    1
(advertise)    9    2140.65    4    2
(relay)    16    28    2144.46    2    2062.2    123    1
(advertise)    9    2161.66    28    2
(relay)    2    2    2165.28    2    2164.24    127    1
(relay)    16    16    2178.28    2    2177.28    127    2
(advertise)    9    2182.88    2    2
(relay)    16    41    2187.09    2    2025.17    120    2
(relay)    8    7    2191.69    2    2153.24    126    3
(advertise)    9    2203.89    16    2
(advertise)    9    2226.9    41    2
(advertise)    9    2249.12    7    2
(relay)    16    33    2251.93    2    2071.6    122    1
(relay)    2    19    2258.53    2    2149.25    122    2
(advertise)    9    2270.73    33    2
(advertise)    9    2292.74    19    2
(relay)    16    26    2316.15    2    2166.26    123    1
(advertise)    9    2316.55    26    2
(generate)    9    2337.37    [24]    2
(relay)    16    17    2338.58    2    2292.34    126    1
(advertise)    9    2340.38    17    2
(relay)    2    35    2342.79    2    2161.25    120    1
(relay)    16    23    2359.99    2    2297.34    126    2
(advertise)    9    2361.79    35    2
(relay)    16    47    2381.81    2    2244.32    120    2
(advertise)    9    2384.41    23    2
(relay)    16    31    2404.62    2    2315.35    124    2
(advertise)    9    2406.42    47    2
(advertise)    9    2428.83    31    2
(relay)    16    30    2448.45    2    2393.81    125    1
(advertise)    9    2451.05    30    2
(relay)    2    36    2453.06    2    2294.74    119    1
(advertise)    9    2472.86    36    2
(relay)    10    45    2474.07    2    2255.92    120    1
(advertise)    9    2495.07    45    2
(relay)    8    43    2546.28    2    2378.37    120    1
(advertise)    9    2546.48    43    2
(relay)    8    39    2567.7    2    2373.39    120    1
(advertise)    9    2568.9    39    2
(relay)    10    25    2581.71    2    2533.28    124    1
(relay)    16    38    2582.91    2    2440.23    123    2
(relay)    8    21    2589.51    2    2535.27    124    3
(advertise)    9    2590.11    25    2
(relay)    10    34    2604.92    2    2483.24    121    3
(advertise)    9    2611.72    38    2
(relay)    8    8    2615.34    2    2614.31    127    3
(advertise)    9    2633.34    21    2
(relay)    16    44    2649.55    2    2425.21    123    3
(advertise)    9    2654.75    34    2
(relay)    16    32    2672.56    2    2496.26    123    3
(relay)    10    13    2676.76    2    2594.31    124    4
(advertise)    9    2676.96    8    2
(advertise)    9    2698.17    44    2
(relay)    8    1    2699.59    2    2680.36    126    3
(advertise)    9    2719.39    32    2
(relay)    16    42    2738.2    2    2489.22    121    3
(advertise)    9    2741.8    13    2
(relay)    10    5    2743.01    2    2645.34    124    3
(relay)    8    29    2743.61    2    2653.35    122    4
(advertise)    9    2763.21    1    2
(advertise)    9    2785.03    42    2
(relay)    10    11    2786.84    2    2568.31    122    3
(advertise)    9    2807.24    5    2
(relay)    8    14    2811.05    2    2724.2    125    3
(advertise)    9    2829.05    29    2
(advertise)    9    2850.67    11    2
(relay)    10    6    2852.88    2    2665.32    123    2
(advertise)    9    2875.08    14    2
(relay)    8    0    2880.09    2    2829.2    125    2
(relay)    16    10    2893.49    2    2750.21    125    3
(advertise)    9    2896.29    6    2
(relay)    8    15    2901.7    2    2895.3    126    3
(relay)    16    46    2913.7    2    2738.2    121    4
(advertise)    9    2918.3    0    2
(advertise)    9    2939.32    10    2
(relay)    8    22    2946.33    2    2896.29    125    3
(relay)    2    12    2947.13    2    2809.23    123    4
(advertise)    9    2961.53    15    2
(advertise)    9    2983.74    46    2
(advertise)    9    3005.36    22    2
(relay)    10    20    3009.37    2    2769.21    121    2
(relay)    16    37    3024.77    2    2843.47    124    3
(advertise)    9    3027.37    12    2
(relay)    10    27    3031.18    2    2808.24    122    3
(advertise)    9    3050.58    20    2
(advertise)    9    3071.8    37    2
(relay)    10    40    3076.21    2    2870.48    119    2
(advertise)    9    3093.01    27    2
(advertise)    9    3115.42    40    2
(relay)    10    3    3119.03    3    3089.6    126    1
(relay)    8    28    3128.83    3    3062.4    123    2
(advertise)    9    3137.63    3    3
(relay)    10    18    3141.65    3    3069.4    125    2
(advertise)    9    3160.25    28    3
(relay)    10    4    3163.26    3    3111.42    125    2
(relay)    2    2    3165.46    3    3164.42    127    3
(relay)    8    7    3173.86    3    3153.43    126    4
(relay)    16    16    3177.66    3    3177.46    127    5
(relay)    16    48    3180.66    2    2955.29    117    6
(advertise)    9    3182.66    18    3
(advertise)    9    3205.07    4    3
(advertise)    9    3226.69    2    3
(advertise)    9    3248.3    7    3
(relay)    10    41    3253.31    3    3025.37    120    3
(advertise)    9    3270.11    16    3
(relay)    10    19    3274.53    3    3149.45    124    3
(advertise)    9    3291.33    48    2
(relay)    10    33    3297.94    3    3071.8    122    3
(advertise)    9    3314.74    41    3
(advertise)    9    3336.15    19    3
(generate)    9    3337.56    [24]    3
(advertise)    9    3358.58    33    3
(relay)    10    17    3361.99    3    3292.53    126    1
(relay)    2    26    3368.99    3    3167.66    121    2
(advertise)    9    3380.99    17    3
(relay)    8    35    3401.2    3    3161.45    120    2
(advertise)    9    3402.4    26    3
(advertise)    9    3425.42    35    3
(relay)    10    23    3431.03    3    3297.53    124    1
(advertise)    9    3447.43    23    3
(relay)    10    47    3451.04    3    3244.49    118    1
(advertise)    9    3469.24    47    3
(relay)    8    36    3488.66    3    3294.93    121    1
(advertise)    9    3490.46    36    3
(relay)    10    31    3494.67    3    3315.55    122    1
(advertise)    9    3513.27    31    3
(relay)    10    45    3537.08    3    3256.1    116    1
(relay)    16    30    3537.88    3    3394.0    125    2
(advertise)    9    3538.08    45    3
(advertise)    9    3559.69    30    3
(relay)    16    38    3564.11    3    3440.43    123    1
(relay)    10    11    3582.11    3    3568.51    126    2
(advertise)    9    3582.91    38    3
(relay)    16    43    3587.52    3    3378.56    120    2
(relay)    2    21    3592.52    3    3535.47    122    3
(relay)    10    39    3604.52    3    3373.59    120    4
(advertise)    9    3605.72    11    3
(relay)    16    25    3609.33    3    3533.48    124    4
(relay)    8    8    3615.53    3    3614.49    127    5
(advertise)    9    3627.33    43    3
(advertise)    9    3648.55    21    3
(advertise)    9    3671.56    39    3
(advertise)    9    3695.57    25    3
(relay)    10    5    3712.99    3    3645.35    124    2
(advertise)    9    3716.79    8    3
(relay)    8    1    3731.4    3    3680.55    126    2
(relay)    10    32    3733.8    3    3496.46    123    3
(advertise)    9    3739.4    5    3
(relay)    10    10    3751.01    3    3750.41    127    3
(relay)    8    44    3753.81    3    3425.22    119    4
(advertise)    9    3761.41    1    3
(relay)    16    29    3762.62    3    3653.55    124    4
(relay)    10    34    3776.22    3    3483.44    121    5
(advertise)    9    3782.82    32    3
(relay)    10    13    3799.44    3    3594.51    122    5
(advertise)    9    3805.24    10    3
(advertise)    9    3826.25    44    3
(advertise)    9    3847.66    29    3
(relay)    8    14    3864.88    3    3725.0    125    3
(advertise)    9    3869.08    34    3
(relay)    10    6    3889.89    3    3665.51    123    3
(advertise)    9    3890.89    13    3
(relay)    8    42    3907.3    3    3489.42    121    3
(relay)    10    12    3910.5    3    3809.42    125    4
(advertise)    9    3912.7    14    3
(advertise)    9    3935.12    6    3
(relay)    8    15    3952.53    3    3895.49    126    3
(relay)    10    46    3955.73    3    3738.4    121    4
(advertise)    9    3958.53    42    3
(relay)    2    0    3966.14    3    3829.4    125    4
(advertise)    9    3980.54    12    3
(relay)    16    37    3986.75    3    3843.66    124    4
(relay)    8    22    3994.35    3    3896.49    125    5
(relay)    10    20    3997.55    3    3769.22    123    6
(advertise)    9    4002.35    15    3
(relay)    10    27    4020.37    3    3808.44    120    6
(advertise)    9    4024.57    46    3
(advertise)    9    4048.18    0    3
(advertise)    9    4071.39    37    3
(advertise)    9    4092.61    22    3
(relay)    8    40    4105.42    3    3870.68    119    3
(relay)    10    3    4106.22    4    4089.81    126    4
(advertise)    9    4113.82    20    3
(advertise)    9    4136.03    27    3
(relay)    10    18    4151.65    4    4069.59    125    3
(advertise)    9    4158.05    40    3
(relay)    2    2    4165.66    4    4164.62    127    3
(relay)    8    28    4171.46    4    4062.59    123    4
(relay)    16    16    4177.86    4    4177.66    127    5
(advertise)    9    4181.26    3    4
(relay)    8    7    4193.27    4    4153.63    126    5
(advertise)    9    4203.07    18    4
(relay)    10    4    4204.28    4    4111.62    125    5
(advertise)    9    4225.68    2    4
(relay)    16    41    4230.3    4    4025.57    120    5
(advertise)    9    4248.1    28    4
(advertise)    9    4271.51    16    4
(relay)    2    33    4277.32    4    4071.98    120    4
(advertise)    9    4294.72    7    4
(advertise)    9    4317.54    4    4
(relay)    2    19    4323.15    4    4149.65    122    3
(relay)    8    35    4327.75    4    4161.63    122    4
(generate)    9    4337.75    [24]    4
(advertise)    9    4339.16    41    4
(advertise)    9    4361.38    33    4
(relay)    10    17    4380.99    4    4292.72    126    3
(advertise)    9    4384.59    19    4
(relay)    10    26    4403.0    4    4167.86    123    3
(relay)    16    23    4405.0    4    4297.54    126    4
(advertise)    9    4406.4    35    4
(relay)    2    48    4412.01    3    3955.48    115    4
(advertise)    9    4429.01    17    4
(advertise)    9    4450.23    26    4
(advertise)    9    4473.44    23    4
(advertise)    9    4496.25    48    3
(relay)    10    47    4514.67    4    4244.68    118    1
(relay)    16    31    4517.67    4    4315.95    124    2
(advertise)    9    4518.87    47    4
(relay)    16    30    4538.28    4    4394.2    125    2
(advertise)    9    4541.68    31    4
(advertise)    9    4563.29    30    4
(relay)    2    45    4570.71    4    4256.11    116    1
(relay)    8    36    4571.71    4    4295.12    121    2
(advertise)    9    4584.91    45    4
(advertise)    9    4607.52    36    4
(relay)    2    11    4615.13    4    4568.69    124    1
(relay)    8    8    4615.73    4    4614.69    127    2
(relay)    10    25    4626.73    4    4533.68    124    3
(advertise)    9    4628.73    11    4
(advertise)    9    4651.34    8    4
(relay)    16    21    4653.16    4    4535.67    124    2
(relay)    10    39    4670.76    4    4373.79    122    3
(advertise)    9    4672.76    25    4
(advertise)    9    4693.77    21    4
(relay)    16    38    4697.78    4    4440.61    123    2
(relay)    8    1    4706.58    4    4680.74    126    3
(relay)    10    13    4712.58    4    4594.69    124    4
(advertise)    9    4714.98    39    4
(relay)    8    43    4727.6    4    4378.76    120    4
(advertise)    9    4737.2    38    4
(relay)    8    44    4750.81    4    4425.41    121    4
(relay)    10    10    4751.21    4    4750.61    127    5
(relay)    10    34    4758.01    4    4483.64    121    6
(advertise)    9    4759.41    1    4
(relay)    10    32    4779.82    4    4496.65    123    6
(advertise)    9    4781.02    13    4
(advertise)    9    4802.84    43    4
(relay)    8    29    4816.25    4    4653.56    124    5
(relay)    10    5    4823.25    4    4645.52    124    6
(advertise)    9    4826.05    44    4
(relay)    8    14    4837.86    4    4725.18    125    6
(advertise)    9    4847.66    10    4
(advertise)    9    4870.67    34    4
(relay)    8    42    4883.69    4    4489.61    121    5
(heartbeat)    24    1    4677.2    9    4891.89    127    0
(advertise)    9    4892.49    32    4
(advertise)    9    4914.7    29    4
(relay)    2    0    4927.11    4    4829.57    125    5
(advertise)    9    4937.11    5    4
(advertise)    9    4959.73    14    4
(relay)    10    6    4980.14    4    4665.71    121    4
(advertise)    9    4982.54    42    4
(relay)    16    15    4988.35    4    4895.69    4    4
(relay)    10    20    5002.35    4    4769.41    123    5
(advertise)    9    5005.95    24    1
(advertise)    9    5026.97    0    4
(advertise)    9    5049.38    6    4
(relay)    16    22    5055.79    4    4896.5    2    3
(relay)    8    46    5059.59    4    4738.6    119    4
(relay)    2    12    5063.39    4    4809.62    123    5
(advertise)    9    5071.59    15    4
(advertise)    9    5094.8    20    4
(relay)    16    37    5097.42    4    4843.86    2    4
(advertise)    9    5115.82    22    4
(relay)    10    3    5137.63    5    5089.99    6    4
(advertise)    9    5139.43    46    4
(advertise)    9    5162.04    12    4
(relay)    2    2    5164.86    5    5164.82    8    3
(relay)    8    7    5172.86    5    5153.83    6    4
(relay)    2    4    5175.46    5    5113.02    4    5
(relay)    16    16    5178.06    5    5177.86    4    6
(advertise)    9    5185.26    37    4
(relay)    8    28    5197.07    5    5063.39    2    6
(advertise)    9    5207.27    3    5
(relay)    2    19    5220.68    5    5149.84    2    6
(advertise)    9    5230.68    2    5
(advertise)    9    5253.5    7    5
(advertise)    9    5275.91    4    5
(relay)    16    35    5293.12    5    5161.83    2    4
(advertise)    9    5296.92    16    5
(relay)    10    17    5313.13    5    5292.91    4    4
(advertise)    9    5320.33    28    5
(generate)    9    5337.95    [24]    5
(advertise)    9    5343.56    19    5
(relay)    16    23    5357.17    5    5297.73    2    3
(advertise)    9    5365.77    35    5
(advertise)    9    5388.59    17    5
(advertise)    9    5411.8    23    5
(relay)    16    36    5435.21    5    5295.32    2    1
(advertise)    9    5435.41    36    5
(relay)    16    30    5479.83    5    5394.4    2    1
(advertise)    9    5480.03    30    5
(relay)    16    47    5501.44    5    5244.88    2    1
(advertise)    9    5503.84    47    5
(relay)    8    42    5510.85    5    5489.71    2    1
(advertise)    9    5526.05    42    5
(relay)    8    21    5537.06    5    5535.85    2    1
(advertise)    9    5549.06    21    5
(relay)    10    11    5570.08    5    5568.88    4    1
(advertise)    9    5572.68    11    5
(relay)    10    13    5599.09    5    5594.83    4    1
(advertise)    9    5599.29    13    5
(relay)    8    8    5614.9    5    5614.77    6    1
(advertise)    9    5622.3    8    5
(relay)    10    5    5648.72    5    5645.63    4    1
(advertise)    9    5648.92    5    5
(relay)    10    6    5672.93    5    5665.75    4    1
(advertise)    9    5673.53    6    5
(relay)    16    29    5675.14    5    5653.74    2    1
(relay)    2    1    5695.94    5    5680.84    8    2
(advertise)    9    5696.14    29    5
(advertise)    9    5718.36    1    5
(relay)    8    14    5738.97    5    5725.25    4    1
(advertise)    9    5740.37    14    5
(relay)    10    10    5751.18    5    5750.65    6    1
(advertise)    9    5762.38    10    5
(relay)    10    12    5812.79    5    5809.69    4    1
(advertise)    9    5812.99    12    5
(relay)    8    0    5836.81    5    5829.75    6    1
(advertise)    9    5837.21    0    5
(relay)    16    20    5862.62    5    5769.48    2    1
(advertise)    9    5862.82    20    5
(relay)    16    15    5896.43    5    5895.85    4    1
(advertise)    9    5896.63    15    5
(relay)    8    22    5918.65    5    5897.34    2    1
(advertise)    9    5920.45    22    5
(relay)    16    37    5942.86    5    5844.05    2    1
(advertise)    9    5943.66    37    5
(relay)    16    28    6065.07    6    6063.5    2    1
(advertise)    9    6065.27    28    6
(relay)    10    18    6071.49    6    6069.82    2    1
(advertise)    9    6086.29    18    6
(relay)    2    3    6090.9    6    6090.12    6    1
(advertise)    9    6107.7    3    6
(relay)    2    4    6116.31    6    6113.09    4    1
(advertise)    9    6129.11    4    6
(relay)    2    19    6152.12    6    6149.89    2    1
(advertise)    9    6152.32    19    6
(relay)    8    7    6154.54    6    6154.01    6    1
(relay)    2    2    6164.94    6    6164.89    8    2
(advertise)    9    6174.34    7    6
(relay)    16    16    6177.95    6    6177.9    4    2
(advertise)    9    6195.35    2    6
(advertise)    9    6217.16    16    6
(relay)    16    35    6225.58    6    6162.01    2    1
(advertise)    9    6239.98    35    6
(relay)    16    47    6265.59    6    6245.03    2    1
(advertise)    9    6265.79    47    6
(relay)    8    17    6296.0    6    6293.09    2    1
(advertise)    9    6296.2    17    6
(relay)    16    23    6316.02    6    6297.91    2    1
(advertise)    9    6318.22    23    6
(generate)    9    6338.03    [24]    6
(relay)    16    30    6397.84    6    6394.44    2    1
(advertise)    9    6398.04    30    6
(relay)    16    44    6466.25    6    6425.61    2    1
(advertise)    9    6466.45    44    6
(relay)    16    42    6497.67    6    6489.89    2    1
(advertise)    9    6497.87    42    6
(relay)    16    21    6537.48    6    6535.96    2    1
(advertise)    9    6537.68    21    6
(relay)    10    11    6570.29    6    6569.07    4    1
(advertise)    9    6570.49    11    6
(relay)    10    13    6598.91    6    6594.94    4    1
(advertise)    9    6599.11    13    6
(relay)    8    8    6614.92    6    6614.85    6    1
(advertise)    9    6621.52    8    6
(relay)    10    5    6648.33    6    6645.7    4    1
(advertise)    9    6648.53    5    6
(relay)    10    6    6672.15    6    6665.76    4    1
(advertise)    9    6673.75    6    6
(relay)    2    1    6693.56    6    6680.95    8    1
(advertise)    9    6694.96    1    6
(relay)    8    14    6739.17    6    6725.31    4    1
(advertise)    9    6739.37    14    6
(relay)    10    10    6751.18    6    6750.71    6    1
(advertise)    9    6761.38    10    6
(relay)    10    12    6811.8    6    6809.74    6    1
(advertise)    9    6812.0    12    6
(relay)    8    0    6836.41    6    6829.76    6    1
(advertise)    9    6837.41    0    6
(relay)    10    15    6897.02    6    6896.04    2    1
(advertise)    9    6897.22    15    6
(relay)    16    22    6918.04    6    6898.05    2    1
(advertise)    9    6918.64    22    6
(relay)    16    28    7064.65    7    7063.54    2    1
(advertise)    9    7064.85    28    7
(relay)    10    18    7070.66    7    7069.95    2    1
(advertise)    9    7086.06    18    7
(relay)    2    3    7091.48    7    7090.16    6    1
(advertise)    9    7109.28    3    7
(relay)    10    4    7116.09    7    7113.11    4    1
(advertise)    9    7131.69    4    7
(relay)    10    19    7151.7    7    7149.89    4    1
(advertise)    9    7153.7    19    7
(relay)    16    7    7155.11    7    7154.11    4    1
(relay)    2    2    7165.11    7    7164.92    8    2
(advertise)    9    7174.71    7    7
(relay)    16    16    7178.53    7    7178.05    4    2
(advertise)    9    7195.73    2    7
(relay)    8    35    7203.94    7    7162.12    2    2
(advertise)    9    7217.74    16    7
(advertise)    9    7240.75    35    7
(relay)    10    17    7294.77    7    7293.19    4    1
(advertise)    9    7294.97    17    7
(relay)    16    23    7317.18    7    7298.0    2    1
(advertise)    9    7317.98    23    7
(generate)    9    7338.19    [24]    7
(relay)    16    30    7429.81    7    7394.44    2    1
(advertise)    9    7430.01    30    7
(relay)    8    42    7498.22    7    7490.09    2    1
(advertise)    9    7498.42    42    7
(relay)    8    21    7538.03    7    7536.1    2    1
(advertise)    9    7538.23    21    7
(relay)    10    11    7570.84    7    7569.22    4    1
(advertise)    9    7571.04    11    7
(relay)    10    13    7598.06    7    7595.02    4    1
(advertise)    9    7598.26    13    7
(relay)    8    8    7615.07    7    7614.93    6    1
(advertise)    9    7619.67    8    7
(relay)    2    5    7649.08    7    7645.77    4    1
(advertise)    9    7649.48    5    7
(relay)    16    29    7658.7    7    7653.84    2    1
(advertise)    9    7672.5    29    7
(relay)    2    6    7673.71    7    7665.94    4    1
(relay)    2    1    7694.91    7    7681.06    8    2
(advertise)    9    7695.11    6    7
(advertise)    9    7717.12    1    7
(relay)    8    14    7740.14    7    7725.36    4    1
(advertise)    9    7740.54    14    7
(relay)    10    10    7751.75    7    7750.77    6    1
(advertise)    9    7761.95    10    7
(relay)    10    20    7789.96    7    7769.62    2    1
(advertise)    9    7790.16    20    7
(relay)    10    12    7812.57    7    7809.8    6    1
(advertise)    9    7813.57    12    7
(relay)    8    0    7838.19    7    7829.76    6    1
(advertise)    9    7838.79    0    7
(relay)    16    15    7897.2    7    7896.2    4    1
(advertise)    9    7897.4    15    7
(relay)    8    22    7918.61    7    7898.13    2    1
(advertise)    9    7918.81    22    7
(relay)    16    28    8065.03    8    8063.58    2    1
(advertise)    9    8065.23    28    8
(relay)    10    18    8070.64    8    8070.1    2    1
(advertise)    9    8087.44    18    8
(relay)    2    3    8091.45    8    8090.24    6    1
(advertise)    9    8110.45    3    8
(relay)    2    4    8116.67    8    8113.13    4    1
(advertise)    9    8132.67    4    8
(relay)    10    19    8151.08    8    8149.89    4    1
(advertise)    9    8154.88    19    8
(relay)    2    2    8165.09    8    8164.95    8    1
(relay)    16    7    8177.69    8    8154.21    4    2
(advertise)    9    8178.09    2    8
(advertise)    9    8200.7    7    8
(relay)    8    16    8202.72    8    8178.41    2    1
(advertise)    9    8221.72    16    8
(relay)    16    35    8224.33    8    8162.22    2    1
(advertise)    9    8243.73    35    8
(relay)    10    47    8248.14    8    8245.24    2    1
(advertise)    9    8264.94    47    8
(relay)    10    17    8294.96    8    8293.26    4    1
(advertise)    9    8295.16    17    8
(generate)    9    8338.37    [24]    8
(relay)    16    30    8428.78    8    8394.63    2    1
(advertise)    9    8428.98    30    8
(relay)    16    44    8460.0    8    8425.64    2    1
(advertise)    9    8460.2    44    8
(relay)    8    42    8496.61    8    8490.27    2    1
(advertise)    9    8496.81    42    8
(relay)    16    21    8538.42    8    8536.24    2    1
(advertise)    9    8538.62    21    8
(relay)    10    11    8571.23    8    8569.4    4    1
(advertise)    9    8571.43    11    8
(relay)    10    13    8597.25    8    8595.14    4    1
(advertise)    9    8597.85    13    8
(relay)    8    8    8615.06    8    8615.01    6    1
(advertise)    9    8620.46    8    8
(relay)    10    5    8649.67    8    8645.84    4    1
(advertise)    9    8649.87    5    8
(relay)    10    6    8672.69    8    8665.96    4    1
(advertise)    9    8672.89    6    8
(relay)    2    1    8694.7    8    8681.14    8    1
(advertise)    9    8695.1    1    8
(relay)    16    29    8696.31    8    8653.86    2    1
(advertise)    9    8716.11    29    8
(heartbeat)    24    2    8677.21    9    8720.33    5    5
(advertise)    9    8738.73    24    2
(relay)    10    10    8751.94    8    8750.86    6    1
(advertise)    9    8761.14    10    8
(relay)    8    14    8778.55    8    8725.43    4    1
(advertise)    9    8782.55    14    8
(relay)    10    20    8789.76    8    8769.71    2    1
(advertise)    9    8804.16    20    8
(relay)    10    12    8812.58    8    8809.86    6    1
(advertise)    9    8827.18    12    8
(relay)    8    0    8850.99    8    8829.78    6    1
(advertise)    9    8851.19    0    8
(relay)    2    15    8898.4    8    8896.22    2    1
(advertise)    9    8898.6    15    8
(relay)    16    22    8919.62    8    8898.23    2    1
(advertise)    9    8921.62    22    8
(relay)    16    28    9065.43    9    9063.63    2    1
(advertise)    9    9065.63    28    9
(relay)    10    18    9071.44    9    9070.26    2    1
(advertise)    9    9088.64    18    9
(relay)    2    3    9091.66    9    9090.32    6    1
(advertise)    9    9109.66    3    9
(relay)    2    4    9116.47    9    9113.17    4    1
(advertise)    9    9131.67    4    9
(relay)    8    7    9154.68    9    9154.34    6    1
(advertise)    9    9154.88    7    9
(relay)    2    2    9165.49    9    9164.98    8    1
(advertise)    9    9177.29    2    9
(relay)    16    16    9179.11    9    9178.6    4    1
(advertise)    9    9199.91    16    9
(relay)    16    19    9206.72    9    9150.08    2    1
(advertise)    9    9223.32    19    9
(relay)    16    35    9227.93    9    9162.33    2    1
(advertise)    9    9245.93    35    9
(relay)    10    17    9295.55    9    9293.36    4    1
(advertise)    9    9295.75    17    9
(relay)    16    23    9317.56    9    9298.21    2    1
(advertise)    9    9318.16    23    9
(generate)    9    9338.37    [24]    9
(relay)    16    36    9360.39    9    9295.6    2    1
(advertise)    9    9360.59    36    9
(relay)    16    42    9498.6    9    9490.29    2    1
(advertise)    9    9498.8    42    9
(relay)    10    11    9571.81    9    9569.57    4    1
(advertise)    9    9572.01    11    9
(relay)    10    13    9597.02    9    9595.27    4    1
(advertise)    9    9597.42    13    9
(relay)    8    8    9615.64    9    9615.11    6    1
(advertise)    9    9619.44    8    9
(relay)    10    5    9649.85    9    9645.96    4    1
(advertise)    9    9650.05    5    9
(relay)    16    29    9672.86    9    9653.91    2    1
(relay)    2    6    9673.46    9    9666.15    4    2
(advertise)    9    9674.06    29    9
(advertise)    9    9695.28    6    9
(relay)    2    1    9696.69    9    9681.24    8    1
(advertise)    9    9718.49    1    9
(relay)    8    14    9743.9    9    9725.45    4    1
(advertise)    9    9744.1    14    9
(relay)    10    10    9751.92    9    9750.89    6    1
(advertise)    9    9766.32    10    9
(relay)    10    20    9789.13    9    9769.8    2    1
(advertise)    9    9789.73    20    9
(relay)    10    12    9813.14    9    9809.94    6    1
(advertise)    9    9813.54    12    9
(relay)    2    0    9838.56    9    9829.79    6    1
(advertise)    9    9839.16    0    9
(relay)    16    15    9897.37    9    9896.23    4    1
(advertise)    9    9897.57    15    9
(relay)    8    22    9919.98    9    9898.31    2    1
(advertise)    9    9920.58    22    9
(relay)    16    28    10066.59    10    10063.65    2    1
(advertise)    9    10066.79    28    10
(relay)    10    18    10072.21    10    10070.44    2    1
(advertise)    9    10089.21    18    10
(relay)    2    3    10092.62    10    10090.36    6    1
(advertise)    9    10111.02    3    10
(relay)    8    4    10120.63    10    10113.2    2    1
(advertise)    9    10132.63    4    10
(relay)    10    19    10151.85    10    10150.26    2    1
(advertise)    9    10154.85    19    10
(relay)    16    7    10158.26    10    10154.44    2    1
(relay)    2    2    10165.66    10    10165.18    8    2
(advertise)    9    10177.46    7    10
(relay)    16    16    10179.27    10    10178.77    4    2
(advertise)    9    10200.67    2    10
(relay)    8    35    10222.49    10    10162.4    2    2
(advertise)    9    10222.89    16    10
(advertise)    9    10244.7    35    10
(relay)    2    17    10296.31    10    10293.43    2    1
(advertise)    9    10296.51    17    10
(relay)    16    23    10317.52    10    10298.31    2    1
(advertise)    9    10319.32    23    10
(generate)    9    10338.54    [24]    10
(relay)    16    36    10340.95    10    10295.66    2    1
(advertise)    9    10342.75    36    10
(relay)    16    30    10436.36    10    10394.96    2    1
(advertise)    9    10436.56    30    10
(relay)    16    44    10459.58    10    10425.65    2    1
(advertise)    9    10459.98    44    10
(relay)    8    42    10493.19    10    10490.47    2    1
(advertise)    9    10493.39    42    10
(relay)    16    21    10540.0    10    10536.45    2    1
(advertise)    9    10540.2    21    10
(relay)    10    13    10597.02    10    10595.39    4    1
(advertise)    9    10597.22    13    10
(relay)    8    8    10615.83    10    10615.19    6    1
(advertise)    9    10619.23    8    10
(relay)    10    5    10650.04    10    10646.06    4    1
(advertise)    9    10650.24    5    10
(relay)    10    6    10671.65    10    10666.35    4    1
(advertise)    9    10672.25    6    10
(relay)    16    29    10686.27    10    10653.95    2    1
(advertise)    9    10696.47    29    10
(relay)    16    1    10732.48    10    10681.33    2    1
(advertise)    9    10732.68    1    10
(relay)    8    14    10739.89    10    10725.5    4    1
(advertise)    9    10755.69    14    10
(relay)    2    10    10764.51    10    10750.93    4    1
(advertise)    9    10779.51    10    10
(relay)    10    12    10812.72    10    10810.02    6    1
(advertise)    9    10812.92    12    10
(relay)    8    0    10840.53    10    10829.81    6    1
(advertise)    9    10840.93    0    10
(relay)    16    37    10863.15    10    10844.34    2    1
(advertise)    9    10863.95    37    10
(relay)    16    15    10897.96    10    10896.41    4    1
(advertise)    9    10898.16    15    10
(relay)    8    22    10920.57    10    10898.79    2    1
(advertise)    9    10920.77    22    10
(relay)    16    28    11067.38    11    11063.67    2    1
(advertise)    9    11067.58    28    11
(relay)    10    18    11072.8    11    11070.55    2    1
(advertise)    9    11089.0    18    11
(relay)    2    3    11092.61    11    11090.38    6    1
(advertise)    9    11110.81    3    11
(relay)    2    4    11114.62    11    11113.21    4    1
(advertise)    9    11134.22    4    11
(relay)    8    7    11155.84    11    11154.54    6    1
(advertise)    9    11157.24    7    11
(relay)    2    2    11165.85    11    11165.2    8    1
(advertise)    9    11179.05    2    11
(relay)    16    19    11204.66    11    11150.41    2    1
(advertise)    9    11204.86    19    11
(relay)    8    35    11225.68    11    11162.46    2    1
(advertise)    9    11227.08    35    11
(relay)    16    17    11293.89    11    11293.55    4    1
(advertise)    9    11294.09    17    11
(relay)    16    23    11317.3    11    11298.35    2    1
(advertise)    9    11317.5    23    11
(generate)    9    11338.71    [24]    11
(relay)    16    30    11396.33    11    11395.1    2    1
(advertise)    9    11396.53    30    11
(relay)    16    44    11447.34    11    11425.67    2    1
(advertise)    9    11447.54    44    11
(relay)    8    42    11494.55    11    11490.67    2    1
(advertise)    9    11494.75    42    11
(relay)    16    21    11540.57    11    11536.56    2    1
(advertise)    9    11540.77    21    11
(relay)    10    11    11571.18    11    11569.9    4    1
(advertise)    9    11571.38    11    11
(relay)    10    13    11597.79    11    11595.47    4    1
(advertise)    9    11598.19    13    11
(relay)    8    8    11615.81    11    11615.3    6    1
(advertise)    9    11620.21    8    11
(relay)    2    5    11649.22    11    11646.14    4    1
(advertise)    9    11649.42    5    11
(relay)    2    6    11671.23    11    11666.53    4    1
(advertise)    9    11672.03    6    11
(relay)    2    1    11692.64    11    11681.45    8    1
(advertise)    9    11693.04    1    11
(relay)    16    14    11730.46    11    11725.56    2    1
(advertise)    9    11730.66    14    11
(relay)    10    10    11751.07    11    11750.95    6    1
(advertise)    9    11752.27    10    11
(relay)    10    12    11813.28    11    11810.09    6    1
(advertise)    9    11813.48    12    11
(relay)    8    0    11838.5    11    11829.84    6    1
(advertise)    9    11839.1    0    11
(relay)    16    37    11864.11    11    11844.53    2    1
(advertise)    9    11864.31    37    11
(relay)    8    22    11920.12    11    11898.91    2    1
(advertise)    9    11920.32    22    11
(relay)    10    18    12073.14    12    12070.68    2    1
(advertise)    9    12073.34    18    12
(relay)    2    3    12092.55    12    12090.4    6    1
(advertise)    9    12095.35    3    12
(relay)    2    4    12114.36    12    12113.23    4    1
(advertise)    9    12120.36    4    12
(relay)    10    19    12153.57    12    12150.41    2    1
(advertise)    9    12153.77    19    12
(relay)    8    7    12155.99    12    12154.68    6    1
(relay)    2    2    12166.39    12    12165.39    8    2
(advertise)    9    12176.79    7    12
(relay)    16    16    12180.0    12    12179.07    4    2
(advertise)    9    12200.2    2    12
(advertise)    9    12223.01    16    12
(relay)    16    17    12294.03    12    12293.61    4    1
(advertise)    9    12294.23    17    12
(relay)    16    23    12315.64    12    12298.41    2    1
(advertise)    9    12316.84    23    12
(generate)    9    12338.85    [24]    12
(relay)    16    30    12413.67    12    12395.28    2    1
(advertise)    9    12413.87    30    12
(relay)    16    44    12490.08    12    12425.86    2    1
(advertise)    9    12490.28    44    12
(relay)    8    42    12493.69    12    12490.82    2    1
(advertise)    9    12511.49    42    12
(relay)    16    21    12540.7    12    12536.68    2    1
(advertise)    9    12540.9    21    12
(relay)    10    11    12570.32    12    12570.07    4    1
(advertise)    9    12570.52    11    12
(relay)    10    13    12599.33    12    12595.57    4    1
(advertise)    9    12599.53    13    12
(relay)    8    8    12616.34    12    12615.36    6    1
(advertise)    9    12620.94    8    12
(relay)    10    5    12648.96    12    12646.22    4    1
(advertise)    9    12649.16    5    12
(relay)    16    29    12654.97    12    12654.15    2    1
(advertise)    9    12671.17    29    12
(relay)    8    6    12672.38    12    12666.54    2    1
(heartbeat)    24    3    12677.23    9    12680.38    5    9
(advertise)    9    12693.18    6    12
(relay)    2    1    12696.0    12    12681.53    8    2
(advertise)    9    12714.4    24    3
(advertise)    9    12738.01    1    12
(relay)    8    14    12739.62    12    12725.62    4    1
(relay)    10    10    12751.02    12    12750.99    6    2
(advertise)    9    12760.42    14    12
(relay)    10    20    12778.83    12    12769.99    2    2
(advertise)    9    12783.03    10    12
(advertise)    9    12804.05    20    12
(relay)    10    12    12813.66    12    12810.19    4    1
(advertise)    9    12828.06    12    12
(relay)    8    0    12830.47    12    12829.84    6    1
(advertise)    9    12851.67    0    12
(relay)    16    37    12875.09    12    12844.56    2    1
(advertise)    9    12875.69    37    12
(relay)    8    15    12898.9    12    12896.75    4    1
(advertise)    9    12899.5    15    12
(relay)    8    22    12919.31    12    12899.21    2    1
(advertise)    9    12923.51    22    12
(relay)    16    28    13068.53    13    13063.72    2    1
(advertise)    9    13068.73    28    13
(relay)    10    18    13073.94    13    13070.8    2    1
(advertise)    9    13091.74    18    13
(relay)    8    3    13093.55    13    13090.47    4    1
(advertise)    9    13113.95    3    13
(relay)    8    4    13116.76    13    13113.25    2    1
(advertise)    9    13136.96    4    13
(relay)    8    7    13156.98    13    13154.77    6    1
(advertise)    9    13160.98    7    13
(relay)    2    2    13166.39    13    13165.43    6    1
(relay)    16    16    13180.39    13    13179.22    4    2
(advertise)    9    13182.59    2    13
(relay)    8    35    13200.8    13    13162.71    2    2
(advertise)    9    13205.0    16    13
(advertise)    9    13228.22    35    13
(relay)    10    17    13294.03    13    13293.71    2    1
(advertise)    9    13294.23    17    13
(relay)    16    23    13316.04    13    13298.5    2    1
(advertise)    9    13316.44    23    13
(generate)    9    13338.86    [24]    13
(relay)    8    42    13494.87    13    13490.83    2    1
(advertise)    9    13495.07    42    13
(relay)    16    21    13540.68    13    13536.75    2    1
(advertise)    9    13540.88    21    13
(relay)    10    11    13570.69    13    13570.23    4    1
(advertise)    9    13570.89    11    13
(relay)    10    13    13599.31    13    13595.7    4    1
(advertise)    9    13599.51    13    13
(relay)    8    8    13616.52    13    13615.44    6    1
(advertise)    9    13622.72    8    13
(relay)    2    5    13648.53    13    13646.3    4    1
(advertise)    9    13648.93    5    13
(relay)    10    6    13671.95    13    13666.73    4    1
(advertise)    9    13672.35    6    13
(relay)    2    1    13695.96    13    13681.62    6    1
(relay)    16    29    13696.36    13    13654.19    2    2
(advertise)    9    13696.56    1    13
(advertise)    9    13718.77    29    13
(relay)    16    14    13742.19    13    13725.64    4    1
(advertise)    9    13742.39    14    13
(relay)    10    10    13751.2    13    13751.05    6    1
(advertise)    9    13763.4    10    13
(relay)    10    20    13792.21    13    13770.02    2    1
(advertise)    9    13792.41    20    13
(relay)    10    12    13815.62    13    13810.28    4    1
(advertise)    9    13817.02    12    13
(relay)    8    0    13830.64    13    13829.86    6    1
(advertise)    9    13840.24    0    13
(relay)    2    15    13900.65    13    13896.92    2    1
(advertise)    9    13900.85    15    13
(relay)    16    22    13919.26    13    13899.28    2    1
(advertise)    9    13921.86    22    13
(relay)    8    28    14069.28    14    14063.72    2    1
(advertise)    9    14069.48    28    14
(relay)    10    18    14074.49    14    14070.96    2    1
(relay)    2    3    14090.89    14    14090.52    6    2
(advertise)    9    14091.69    18    14
(advertise)    9    14114.9    3    14
(relay)    8    4    14117.12    14    14113.26    2    1
(advertise)    9    14137.12    4    14
(relay)    8    7    14156.93    14    14154.87    6    1
(advertise)    9    14158.93    7    14
(relay)    2    2    14166.54    14    14165.45    6    1
(relay)    16    16    14179.54    14    14179.35    4    2
(advertise)    9    14182.34    2    14
(relay)    16    19    14203.95    14    14150.77    2    2
(advertise)    9    14205.55    16    14
(advertise)    9    14227.17    19    14
(relay)    16    35    14246.98    14    14162.81    2    1
(advertise)    9    14248.58    35    14
(relay)    16    23    14315.59    14    14298.58    2    1
(advertise)    9    14315.79    23    14
(relay)    16    36    14338.81    14    14295.95    2    1
(generate)    9    14339.01    [24]    14
(advertise)    9    14340.22    36    14
(relay)    16    30    14408.43    14    14395.66    2    1
(advertise)    9    14408.63    30    14
(relay)    16    44    14477.65    14    14426.09    2    1
(advertise)    9    14477.85    44    14
(relay)    16    42    14502.26    14    14490.84    2    1
(advertise)    9    14502.46    42    14
(relay)    8    21    14537.67    14    14536.85    2    1
(advertise)    9    14537.87    21    14
(relay)    10    11    14571.08    14    14570.42    4    1
(advertise)    9    14571.28    11    14
(relay)    10    13    14599.9    14    14595.81    4    1
(advertise)    9    14600.5    13    14
(relay)    8    8    14616.51    14    14615.51    6    1
(advertise)    9    14622.11    8    14
(relay)    10    5    14648.12    14    14646.4    4    1
(advertise)    9    14648.92    5    14
(relay)    10    6    14672.54    14    14666.93    4    1
(advertise)    9    14672.94    6    14
(relay)    2    1    14694.75    14    14681.68    6    1
(advertise)    9    14696.15    1    14
(relay)    8    14    14738.76    14    14725.69    4    1
(advertise)    9    14738.96    14    14
(relay)    10    10    14751.58    14    14751.11    6    1
(advertise)    9    14761.58    10    14
(relay)    2    12    14815.19    14    14810.37    2    1
(advertise)    9    14815.39    12    14
(relay)    8    0    14831.0    14    14830.03    6    1
(advertise)    9    14838.0    0    14
(relay)    16    37    14859.21    14    14844.77    2    1
(advertise)    9    14859.41    37    14
(relay)    8    15    14897.43    14    14897.07    4    1
(advertise)    9    14897.63    15    14
(relay)    8    22    14919.44    14    14899.37    2    1
(advertise)    9    14920.04    22    14
(relay)    16    28    15067.85    15    15063.91    2    1
(advertise)    9    15068.05    28    15
(relay)    10    18    15074.27    15    15071.1    2    1
(advertise)    9    15090.27    18    15
(relay)    8    3    15092.28    15    15090.58    4    1
(advertise)    9    15113.28    3    15
(relay)    2    4    15116.29    15    15113.27    4    1
(advertise)    9    15135.29    4    15
(relay)    8    7    15157.31    15    15154.98    6    1
(advertise)    9    15157.71    7    15
(relay)    2    2    15165.52    15    15165.47    6    1
(advertise)    9    15180.12    2    15
(relay)    16    19    15201.13    15    15150.77    2    1
(advertise)    9    15203.13    19    15
(relay)    10    16    15229.54    15    15179.52    2    1
(advertise)    9    15229.74    16    15
(relay)    16    35    15244.96    15    15162.87    2    1
(advertise)    9    15253.56    35    15
(relay)    10    17    15294.77    15    15293.91    2    1
(advertise)    9    15294.97    17    15
(relay)    16    23    15317.18    15    15298.66    2    1
(advertise)    9    15318.18    23    15
(generate)    9    15339.2    [24]    15
(relay)    16    30    15408.41    15    15395.78    2    1
(advertise)    9    15408.61    30    15
(relay)    16    42    15497.02    15    15491.03    2    1
(advertise)    9    15497.22    42    15
(relay)    16    21    15538.44    15    15536.95    2    1
(advertise)    9    15538.64    21    15
(relay)    10    11    15571.85    15    15570.6    4    1
(advertise)    9    15572.05    11    15
(relay)    10    13    15600.66    15    15595.87    4    1
(advertise)    9    15600.86    13    15
(relay)    8    8    15615.87    15    15615.74    6    1
(advertise)    9    15621.87    8    15
(relay)    10    5    15649.49    15    15646.45    4    1
(advertise)    9    15649.89    5    15
(relay)    2    6    15673.9    15    15667.12    4    1
(advertise)    9    15674.3    6    15
(relay)    2    1    15695.51    15    15681.74    6    1
(advertise)    9    15695.71    1    15
(relay)    16    14    15739.13    15    15725.71    4    1
(advertise)    9    15739.33    14    15
(relay)    10    10    15751.74    15    15751.16    6    1
(advertise)    9    15761.14    10    15
(relay)    10    20    15779.95    15    15770.09    2    1
(advertise)    9    15782.55    20    15
(relay)    10    12    15811.17    15    15810.38    4    1
(advertise)    9    15811.57    12    15
(relay)    8    0    15836.38    15    15830.22    6    1
(advertise)    9    15836.58    0    15
(relay)    16    37    15863.19    15    15844.94    2    1
(advertise)    9    15863.39    37    15
(relay)    2    15    15898.2    15    15897.07    2    1
(advertise)    9    15898.4    15    15
(relay)    16    22    15919.82    15    15899.44    2    1
(advertise)    9    15920.42    22    15
(relay)    10    18    16072.83    16    16071.24    2    1
(advertise)    9    16073.03    18    16
(relay)    2    3    16091.44    16    16090.65    6    1
(advertise)    9    16094.04    3    16
(relay)    2    4    16115.46    16    16113.28    4    1
(advertise)    9    16118.26    4    16
(relay)    10    19    16154.47    16    16150.77    2    1
(advertise)    9    16154.67    19    16
(relay)    8    7    16156.48    16    16155.08    6    1
(relay)    2    2    16165.68    16    16165.65    6    2
(advertise)    9    16178.08    7    16
(relay)    16    16    16180.3    16    16180.29    4    2
(advertise)    9    16200.5    2    16
(advertise)    9    16222.91    16    16
(relay)    16    35    16228.32    16    16162.93    2    1
(advertise)    9    16244.32    35    16
(relay)    16    23    16318.13    16    16298.73    2    1
(advertise)    9    16318.33    23    16
(generate)    9    16339.35    [24]    16
(relay)    16    42    16499.56    16    16491.2    2    1
(advertise)    9    16499.76    42    16
(relay)    16    21    16538.17    16    16537.05    2    1
(advertise)    9    16538.37    21    16
(relay)    10    11    16572.19    16    16570.76    4    1
(advertise)    9    16572.39    11    16
(relay)    10    13    16599.8    16    16595.97    4    1
(advertise)    9    16600.0    13    16
(relay)    8    8    16615.81    16    16615.8    6    1
(advertise)    9    16624.01    8    16
(relay)    2    5    16649.03    16    16646.49    4    1
(advertise)    9    16650.23    5    16
(relay)    10    6    16672.64    16    16667.32    4    1
(advertise)    9    16674.44    6    16
(relay)    2    1    16696.05    16    16681.82    6    1
(advertise)    9    16696.45    1    16
(heartbeat)    24    4    16677.24    9    16721.46    3    9
(advertise)    9    16721.66    24    4
(relay)    8    14    16747.48    16    16725.76    4    1
(advertise)    9    16747.68    14    16
(relay)    10    10    16751.89    16    16751.25    4    1
(advertise)    9    16769.69    10    16
(relay)    10    20    16809.9    16    16770.11    2    1
(advertise)    9    16810.1    20    16
(relay)    2    0    16832.32    16    16830.41    6    1
(advertise)    9    16833.12    0    16
(relay)    2    12    16857.73    16    16810.43    2    1
(advertise)    9    16859.13    12    16
(relay)    2    15    16898.74    16    16897.23    2    1
(advertise)    9    16898.94    15    16
(relay)    16    22    16919.36    16    16899.53    2    1
(advertise)    9    16921.56    22    16
(relay)    16    28    17065.37    17    17064.12    2    1
(advertise)    9    17065.57    28    17
(relay)    10    18    17072.18    17    17071.39    2    1
(advertise)    9    17088.58    18    17
(relay)    2    3    17091.99    17    17090.73    6    1
(advertise)    9    17110.59    3    17
(relay)    2    4    17117.01    17    17113.3    4    1
(advertise)    9    17132.01    4    17
(relay)    8    7    17155.42    17    17155.16    6    1
(advertise)    9    17156.02    7    17
(relay)    2    2    17165.83    17    17165.68    6    1
(advertise)    9    17177.23    2    17
(relay)    16    16    17181.05    17    17180.41    4    1
(advertise)    9    17199.25    16    17
(relay)    16    19    17202.46    17    17150.96    2    1
(advertise)    9    17220.26    19    17
(relay)    8    35    17224.87    17    17163.06    2    1
(advertise)    9    17242.87    35    17
(relay)    10    17    17295.29    17    17294.09    2    1
(advertise)    9    17295.49    17    17
(relay)    16    23    17317.3    17    17298.82    2    1
(advertise)    9    17317.5    23    17
(relay)    16    36    17337.71    17    17296.12    2    1
(generate)    9    17339.51    [24]    17
(advertise)    9    17340.92    36    17
(relay)    16    42    17499.54    17    17491.38    2    1
(advertise)    9    17499.74    42    17
(relay)    16    21    17539.15    17    17537.14    2    1
(advertise)    9    17539.35    21    17
(relay)    10    11    17572.56    17    17570.76    4    1
(advertise)    9    17572.76    11    17
(relay)    2    13    17599.38    17    17596.05    2    1
(advertise)    9    17600.18    13    17
(relay)    8    8    17615.99    17    17615.85    6    1
(advertise)    9    17623.19    8    17
(relay)    10    5    17649.6    17    17646.59    4    1
(advertise)    9    17649.8    5    17
(relay)    16    29    17659.02    17    17654.54    2    1
(advertise)    9    17671.82    29    17
(relay)    10    6    17673.83    17    17667.51    4    1
(relay)    2    1    17683.23    17    17681.9    6    2
(advertise)    9    17694.03    6    17
(advertise)    9    17715.64    1    17
(relay)    16    14    17741.25    17    17725.78    2    1
(advertise)    9    17741.45    14    17
(relay)    10    10    17752.27    17    17751.29    4    1
(advertise)    9    17762.47    10    17
(relay)    10    12    17811.68    17    17810.46    4    1
(advertise)    9    17811.88    12    17
(relay)    8    0    17837.29    17    17830.59    6    1
(advertise)    9    17837.49    0    17
(relay)    16    37    17866.11    17    17845.15    2    1
(advertise)    9    17866.51    37    17
(relay)    16    15    17898.12    17    17897.42    4    1
(advertise)    9    17898.32    15    17
(relay)    16    22    17919.13    17    17899.59    2    1
(advertise)    9    17920.93    22    17
(relay)    16    28    18065.75    18    18064.14    2    1
(advertise)    9    18065.95    28    18
(relay)    10    18    18072.16    18    18071.56    2    1
(advertise)    9    18086.96    18    18
(relay)    2    3    18091.97    18    18090.79    6    1
(advertise)    9    18109.97    3    18
(relay)    2    4    18116.78    18    18113.3    4    1
(advertise)    9    18130.98    4    18
(relay)    8    7    18155.8    18    18155.27    6    1
(advertise)    9    18156.0    7    18
(relay)    2    2    18166.01    18    18165.88    6    1
(advertise)    9    18179.41    2    18
(relay)    16    16    18182.22    18    18181.74    4    1
(advertise)    9    18200.42    16    18
(relay)    10    19    18203.24    18    18151.15    2    1
(advertise)    9    18221.84    19    18
(relay)    10    17    18296.05    18    18294.21    2    1
(advertise)    9    18296.25    17    18
(relay)    16    23    18317.86    18    18298.88    2    1
(advertise)    9    18318.46    23    18
(relay)    16    36    18339.08    18    18296.17    2    1
(generate)    9    18339.68    [24]    18
(advertise)    9    18341.69    36    18
(relay)    16    21    18539.5    18    18537.2    2    1
(advertise)    9    18539.7    21    18
(relay)    10    11    18573.11    18    18570.77    4    1
(advertise)    9    18573.31    11    18
(relay)    10    13    18598.33    18    18596.13    4    1
(advertise)    9    18598.53    13    18
(relay)    8    8    18615.94    18    18615.92    6    1
(advertise)    9    18619.74    8    18
(relay)    10    5    18649.95    18    18646.72    4    1
(advertise)    9    18650.15    5    18
(relay)    2    6    18675.77    18    18667.67    2    1
(advertise)    9    18676.37    6    18
(relay)    16    29    18677.58    18    18654.71    2    1
(advertise)    9    18697.38    29    18
(relay)    10    1    18699.19    18    18681.96    4    1
(advertise)    9    18720.99    1    18
(relay)    8    14    18728.01    18    18725.97    4    1
(advertise)    9    18743.61    14    18
(relay)    10    10    18752.42    18    18751.35    4    1
(advertise)    9    18767.62    10    18
(relay)    10    20    18812.63    18    18770.13    2    1
(advertise)    9    18812.83    20    18
(relay)    10    12    18836.44    18    18810.52    4    1
(advertise)    9    18838.84    12    18
(relay)    10    0    18859.06    18    18830.77    2    1
(advertise)    9    18860.06    0    18
(relay)    16    15    18898.87    18    18897.61    4    1
(advertise)    9    18899.07    15    18
(relay)    16    22    18920.68    18    18899.62    2    1
(advertise)    9    18922.08    22    18
(relay)    10    18    19072.7    19    19071.72    2    1
(advertise)    9    19072.9    18    19
(relay)    2    3    19092.71    19    19090.83    6    1
(advertise)    9    19094.11    3    19
(relay)    2    4    19117.12    19    19113.31    4    1
(advertise)    9    19117.32    4    19
(relay)    10    19    19152.54    19    19151.16    2    1
(advertise)    9    19152.74    19    19
(relay)    8    7    19155.75    19    19155.35    6    1
(relay)    2    2    19166.35    19    19165.89    6    2
(advertise)    9    19175.55    7    19
(relay)    16    16    19182.76    19    19182.26    4    2
(advertise)    9    19197.96    2    19
(relay)    16    35    19208.77    19    19163.22    2    2
(advertise)    9    19219.57    16    19
(advertise)    9    19241.59    35    19
(relay)    16    17    19296.4    19    19294.32    2    1
(advertise)    9    19296.6    17    19
(relay)    16    23    19317.41    19    19298.99    2    1
(advertise)    9    19319.01    23    19
(relay)    16    36    19338.63    19    19296.21    2    1
(generate)    9    19339.83    [24]    19
(advertise)    9    19342.04    36    19
(relay)    8    42    19495.25    19    19491.57    2    1
(advertise)    9    19495.45    42    19
(relay)    8    21    19539.87    19    19537.26    2    1
(advertise)    9    19540.07    21    19
(relay)    10    11    19572.88    19    19570.77    4    1
(advertise)    9    19573.08    11    19
(relay)    10    13    19598.29    19    19596.21    2    1
(advertise)    9    19598.49    13    19
(relay)    8    8    19616.5    19    19616.0    6    1
(advertise)    9    19620.5    8    19
(relay)    10    5    19650.52    19    19646.8    4    1
(advertise)    9    19650.72    5    19
(relay)    2    6    19672.73    19    19667.87    4    1
(advertise)    9    19673.93    6    19
(relay)    16    29    19675.94    19    19654.84    2    1
(relay)    2    1    19695.34    19    19682.04    6    2
(advertise)    9    19695.94    29    19
(advertise)    9    19717.96    1    19
(relay)    16    14    19745.17    19    19725.99    4    1
(advertise)    9    19745.37    14    19
(relay)    10    10    19752.38    19    19751.43    4    1
(advertise)    9    19767.18    10    19
(relay)    10    20    19813.8    19    19770.15    2    1
(advertise)    9    19814.0    20    19
(relay)    2    12    19815.61    19    19810.6    2    1
(relay)    8    0    19834.21    19    19830.96    6    2
(advertise)    9    19835.01    12    19
(advertise)    9    19857.22    0    19
(relay)    16    37    19859.83    19    19845.48    2    1
(advertise)    9    19878.83    37    19
(relay)    8    15    19899.05    19    19897.75    4    1
(advertise)    9    19900.45    15    19
(relay)    8    22    19922.26    19    19899.67    2    1
(advertise)    9    19923.46    22    19
(relay)    16    28    20066.87    20    20064.36    2    1
(advertise)    9    20067.07    28    20
(relay)    10    18    20073.89    20    20071.91    2    1
(advertise)    9    20089.09    18    20
(relay)    2    3    20093.1    20    20090.88    6    1
(advertise)    9    20110.3    3    20
(relay)    2    4    20115.71    20    20113.32    4    1
(advertise)    9    20132.31    4    20
(relay)    8    7    20156.73    20    20155.45    6    1
(advertise)    9    20157.53    7    20
(relay)    2    2    20166.54    20    20165.91    6    1
(advertise)    9    20179.14    2    20
(relay)    16    16    20184.15    20    20183.19    4    1
(advertise)    9    20201.55    16    20
(relay)    8    35    20204.16    20    20163.3    2    1
(relay)    16    19    20205.16    20    20151.16    2    2
(advertise)    9    20223.36    35    20
(advertise)    9    20244.98    19    20
(relay)    16    17    20297.19    20    20294.85    2    1
(advertise)    9    20297.39    17    20
(relay)    16    23    20317.6    20    20299.05    2    1
(relay)    8    36    20318.8    20    20296.3    2    2
(advertise)    9    20320.4    23    20
(generate)    9    20340.02    [24]    20
(advertise)    9    20342.63    36    20
(relay)    16    30    20433.44    20    20396.54    2    1
(advertise)    9    20433.64    30    20
(relay)    16    44    20460.46    20    20427.92    2    1
(advertise)    9    20460.66    44    20
(relay)    8    42    20493.47    20    20491.76    2    1
(advertise)    9    20493.67    42    20
(relay)    16    21    20541.08    20    20537.35    2    1
(advertise)    9    20541.28    21    20
(relay)    10    11    20572.29    20    20570.96    4    1
(advertise)    9    20572.49    11    20
(relay)    10    13    20597.91    20    20596.3    4    1
(advertise)    9    20598.11    13    20
(relay)    8    8    20616.52    20    20616.06    6    1
(advertise)    9    20620.52    8    20
(relay)    10    5    20651.33    20    20646.86    4    1
(advertise)    9    20651.53    5    20
(relay)    2    6    20671.75    20    20668.01    4    1
(advertise)    9    20673.55    6    20
(relay)    2    1    20694.16    20    20682.14    6    1
(advertise)    9    20694.76    1    20
(relay)    16    29    20697.57    20    20654.85    2    1
(advertise)    9    20717.37    29    20
(heartbeat)    24    5    20677.25    9    20721.39    3    9
(advertise)    9    20740.99    24    5
(relay)    8    14    20748.6    20    20726.04    4    1
(relay)    10    10    20751.6    20    20751.49    4    2
(advertise)    9    20762.8    14    20
(advertise)    9    20785.61    10    20
(relay)    10    12    20815.62    20    20810.67    2    1
(advertise)    9    20815.82    12    20
(relay)    8    0    20833.64    20    20830.98    6    1
(advertise)    9    20837.24    0    20
(relay)    16    37    20859.25    20    20845.67    2    1
(advertise)    9    20859.65    37    20
(relay)    8    15    20899.46    20    20897.94    4    1
(advertise)    9    20899.66    15    20
(relay)    8    22    20921.48    20    20900.36    2    1
(advertise)    9    20922.08    22    20
(relay)    16    28    21067.69    21    21064.37    2    1
(advertise)    9    21067.89    28    21
(relay)    10    18    21074.1    21    21072.06    2    1
(advertise)    9    21090.7    18    21
(relay)    2    3    21093.32    21    21090.95    6    1
(advertise)    9    21112.52    3    21
(relay)    2    4    21114.13    21    21113.33    4    1
(advertise)    9    21134.53    4    21
(relay)    8    7    21156.74    21    21155.55    6    1
(advertise)    9    21158.14    7    21
(relay)    2    2    21166.55    21    21165.94    6    1
(advertise)    9    21180.95    2    21
(relay)    16    16    21184.77    21    21183.78    4    1
(relay)    16    19    21203.77    21    21151.35    2    2
(advertise)    9    21204.17    16    21
(advertise)    9    21225.18    19    21
(relay)    16    17    21295.79    21    21294.96    2    1
(advertise)    9    21295.99    17    21
(relay)    16    23    21319.81    21    21299.17    2    1
(advertise)    9    21320.01    23    21
(generate)    9    21340.02    [24]    21
(relay)    8    21    21541.43    21    21537.44    2    1
(advertise)    9    21541.63    21    21
(relay)    10    11    21572.45    21    21571.14    4    1
(advertise)    9    21572.65    11    21
(relay)    10    13    21598.26    21    21596.4    4    1
(advertise)    9    21598.86    13    21
(relay)    8    8    21616.67    21    21616.13    6    1
(advertise)    9    21619.87    8    21
(relay)    2    5    21650.68    21    21646.95    4    1
(advertise)    9    21650.88    5    21
(relay)    2    6    21671.5    21    21668.19    4    1
(advertise)    9    21672.1    6    21
(relay)    2    1    21693.71    21    21682.24    6    1
(advertise)    9    21694.71    1    21
(relay)    8    29    21696.32    21    21654.87    2    1
(advertise)    9    21716.52    29    21
(relay)    2    14    21732.14    21    21726.06    2    1
(advertise)    9    21737.54    14    21
(relay)    10    10    21751.55    21    21751.52    4    1
(advertise)    9    21759.75    10    21
(relay)    10    12    21813.96    21    21810.74    4    1
(advertise)    9    21814.16    12    21
(relay)    8    0    21839.38    21    21831.17    6    1
(advertise)    9    21839.58    0    21
(relay)    16    37    21866.99    21    21845.86    2    1
(advertise)    9    21867.39    37    21
(relay)    2    15    21902.6    21    21898.12    2    1
(advertise)    9    21902.8    15    21
(relay)    8    22    21921.41    21    21900.6    2    1
(advertise)    9    21924.81    22    21
(relay)    16    28    22068.23    22    22064.38    2    1
(advertise)    9    22068.43    28    22
(relay)    10    18    22074.84    22    22072.24    2    1
(advertise)    9    22090.44    18    22
(relay)    2    3    22093.25    22    22091.0    6    1
(advertise)    9    22112.25    3    22
(relay)    2    4    22114.47    22    22113.35    4    1
(advertise)    9    22133.87    4    22
(relay)    8    7    22156.88    22    22155.63    6    1
(advertise)    9    22157.08    7    22
(relay)    2    2    22167.09    22    22166.14    6    1
(advertise)    9    22179.69    2    22
(relay)    16    16    22184.91    22    22183.95    4    1
(advertise)    9    22203.11    16    22
(relay)    10    19    22204.92    22    22151.54    2    1
(advertise)    9    22224.52    19    22
(relay)    8    35    22228.73    22    22163.5    2    1
(advertise)    9    22248.13    35    22
(relay)    10    17    22295.34    22    22295.05    2    1
(advertise)    9    22295.54    17    22
(relay)    16    23    22317.76    22    22299.27    2    1
(advertise)    9    22317.96    23    22
(relay)    16    36    22339.17    22    22296.49    2    1
(advertise)    9    22339.57    36    22
(generate)    9    22340.78    [24]    22
(relay)    16    30    22433.4    22    22396.87    2    1
(advertise)    9    22433.6    30    22
(relay)    16    42    22494.61    22    22491.95    2    1
(advertise)    9    22494.81    42    22
(relay)    16    21    22542.22    22    22537.52    2    1
(advertise)    9    22542.42    21    22
(relay)    10    11    22571.84    22    22571.33    4    1
(advertise)    9    22572.04    11    22
(relay)    10    13    22599.25    22    22596.48    4    1
(advertise)    9    22599.45    13    22
(relay)    8    8    22617.26    22    22616.22    6    1
(advertise)    9    22622.66    8    22
(relay)    2    5    22650.27    22    22647.05    4    1
(advertise)    9    22650.47    5    22
(relay)    2    6    22674.09    22    22668.36    4    1
(advertise)    9    22674.29    6    22
(relay)    8    1    22695.1    22    22682.33    6    1
(advertise)    9    22695.9    1    22
(relay)    16    14    22739.31    22    22726.08    4    1
(advertise)    9    22739.51    14    22
(relay)    10    10    22751.73    22    22751.57    4    1
(advertise)    9    22761.93    10    22
(relay)    10    20    22778.34    22    22770.25    2    1
(advertise)    9    22782.94    20    22
(relay)    10    12    22814.15    22    22810.83    4    1
(advertise)    9    22814.35    12    22
(relay)    8    0    22839.77    22    22831.37    6    1
(advertise)    9    22839.97    0    22
(relay)    16    15    22900.58    22    22898.12    4    1
(advertise)    9    22900.78    15    22
(relay)    8    22    22921.39    22    22900.66    2    1
(advertise)    9    22922.99    22    22
(relay)    16    28    23069.4    23    23064.4    2    1
(advertise)    9    23069.6    28    23
(relay)    10    18    23075.42    23    23072.43    2    1
(advertise)    9    23091.82    18    23
(relay)    8    3    23094.03    23    23091.06    4    1
(advertise)    9    23113.23    3    23
(relay)    2    4    23114.44    23    23113.37    4    1
(advertise)    9    23135.24    4    23
(relay)    8    7    23158.06    23    23155.73    6    1
(advertise)    9    23158.66    7    23
(relay)    2    2    23167.07    23    23166.16    6    1
(advertise)    9    23180.67    2    23
(relay)    16    16    23184.08    23    23184.07    4    1
(advertise)    9    23201.68    16    23
(relay)    16    35    23204.5    23    23163.6    2    1
(advertise)    9    23224.5    35    23
(relay)    16    17    23295.51    23    23295.13    2    1
(advertise)    9    23295.71    17    23
(relay)    16    23    23317.52    23    23299.36    2    1
(advertise)    9    23318.92    23    23
(generate)    9    23340.93    [24]    23
(relay)    16    44    23466.95    23    23428.14    2    1
(advertise)    9    23467.15    44    23
(relay)    8    42    23496.56    23    23491.95    2    1
(advertise)    9    23496.96    42    23
(relay)    8    21    23540.97    23    23537.6    2    1
(advertise)    9    23541.17    21    23
(relay)    10    11    23571.79    23    23571.48    4    1
(advertise)    9    23571.99    11    23
(relay)    10    13    23600.2    23    23596.58    4    1
(advertise)    9    23600.4    13    23
(relay)    8    8    23617.21    23    23616.3    6    1
(advertise)    9    23621.41    8    23
(relay)    10    5    23648.83    23    23647.15    4    1
(advertise)    9    23649.03    5    23
(relay)    16    29    23656.44    23    23654.89    2    1
(advertise)    9    23671.64    29    23
(relay)    2    6    23674.45    23    23668.52    4    1
(advertise)    9    23694.05    6    23
(relay)    2    1    23696.86    23    23682.41    6    1
(advertise)    9    23716.06    1    23
(relay)    8    14    23726.88    23    23726.1    4    1
(advertise)    9    23739.28    14    23
(relay)    10    10    23751.69    23    23751.63    4    1
(advertise)    9    23761.69    10    23
(relay)    10    20    23789.9    23    23770.43    2    1
(advertise)    9    23790.1    20    23
(relay)    2    12    23813.52    23    23810.91    2    1
(advertise)    9    23814.12    12    23
(relay)    8    0    23832.33    23    23831.55    6    1
(advertise)    9    23837.33    0    23
(relay)    16    37    23859.54    23    23846.04    2    1
(advertise)    9    23859.94    37    23
(relay)    8    15    23900.76    23    23898.3    4    1
(advertise)    9    23900.96    15    23
(relay)    16    22    23929.37    23    23900.71    2    1
(advertise)    9    23929.57    22    23
(relay)    16    28    24070.58    24    24064.4    2    1
(advertise)    9    24070.78    28    24
(relay)    10    18    24075.99    24    24072.57    2    1
(relay)    2    3    24091.59    24    24091.13    6    2
(advertise)    9    24091.79    18    24
(advertise)    9    24114.41    3    24
(relay)    2    4    24115.82    24    24113.38    4    1
(advertise)    9    24135.82    4    24
(relay)    8    7    24158.03    24    24155.82    6    1
(advertise)    9    24158.63    7    24
(relay)    2    2    24167.25    24    24166.17    6    1
(advertise)    9    24180.05    2    24
(relay)    16    16    24184.26    24    24184.18    4    1
(advertise)    9    24201.06    16    24
(relay)    16    35    24204.67    24    24163.69    2    1
(advertise)    9    24222.07    35    24
(relay)    16    23    24317.29    24    24299.42    2    1
(advertise)    9    24317.49    23    24
(generate)    9    24341.1    [24]    24
(relay)    16    30    24400.11    24    24397.19    2    1
(advertise)    9    24400.31    30    24
(relay)    16    42    24497.12    24    24491.96    2    1
(advertise)    9    24497.32    42    24
(relay)    8    21    24538.54    24    24537.67    2    1
(advertise)    9    24538.74    21    24
(relay)    10    11    24572.35    24    24571.49    4    1
(advertise)    9    24572.55    11    24
(relay)    10    13    24600.56    24    24596.67    4    1
(advertise)    9    24600.76    13    24
(relay)    8    8    24617.38    24    24616.35    6    1
(advertise)    9    24623.58    8    24
(relay)    10    5    24649.19    24    24647.21    4    1
(advertise)    9    24649.39    5    24
(relay)    2    6    24674.2    24    24668.7    4    1
(advertise)    9    24674.4    6    24
(relay)    2    1    24695.62    24    24682.49    6    1
(advertise)    9    24697.82    1    24
(heartbeat)    24    6    24677.27    9    24720.23    3    9
(advertise)    9    24721.63    24    6
(relay)    16    14    24743.44    24    24726.14    4    1
(advertise)    9    24744.24    14    24
(relay)    10    10    24752.25    24    24751.7    4    1
(advertise)    9    24768.05    10    24
(relay)    10    20    24799.27    24    24770.47    2    1
(advertise)    9    24799.47    20    24
(relay)    8    0    24832.88    24    24831.73    6    1
(advertise)    9    24833.08    0    24
(relay)    16    12    24855.69    24    24810.96    2    1
(advertise)    9    24855.89    12    24
(relay)    2    15    24900.51    24    24898.46    2    1
(advertise)    9    24900.71    15    24
(relay)    16    22    24919.92    24    24900.77    2    1
(advertise)    9    24923.72    22    24
(relay)    8    28    25068.53    25    25064.43    2    1
(advertise)    9    25068.73    28    25
(relay)    2    3    25091.75    25    25091.21    6    1
(advertise)    9    25092.15    3    25
(relay)    2    4    25115.96    25    25113.61    4    1
(advertise)    9    25116.36    4    25
(relay)    8    7    25158.17    25    25155.94    6    1
(advertise)    9    25158.37    7    25
(relay)    2    2    25166.38    25    25166.2    6    1
(advertise)    9    25179.98    2    25
(relay)    16    16    25184.4    25    25184.33    4    1
(advertise)    9    25202.2    16    25
(relay)    16    19    25205.81    25    25151.94    2    1
(advertise)    9    25224.61    19    25
(relay)    16    35    25228.82    25    25163.81    2    1
(advertise)    9    25246.62    35    25
(relay)    10    17    25296.24    25    25295.32    2    1
(advertise)    9    25296.44    17    25
(relay)    16    23    25322.45    25    25299.51    2    1
(advertise)    9    25323.25    23    25
(generate)    9    25341.26    [24]    25
(relay)    16    36    25344.68    25    25296.72    2    1
(advertise)    9    25345.48    36    25
(relay)    16    44    25475.89    25    25428.17    2    1
(advertise)    9    25476.09    44    25
(relay)    16    38    25497.7    25    25442.28    2    1
(advertise)    9    25498.5    38    25
(relay)    8    21    25538.91    25    25537.78    2    1
(advertise)    9    25539.11    21    25
(relay)    10    11    25572.73    25    25571.5    4    1
(advertise)    9    25572.93    11    25
(relay)    10    13    25601.34    25    25596.75    4    1
(advertise)    9    25601.54    13    25
(relay)    16    8    25627.15    25    25616.43    4    1
(advertise)    9    25627.35    8    25
(relay)    10    5    25650.37    25    25647.28    2    1
(advertise)    9    25650.57    5    25
(relay)    16    29    25674.98    25    25654.93    2    1
(relay)    2    6    25675.58    25    25668.89    4    2
(advertise)    9    25675.98    29    25
(advertise)    9    25697.39    6    25
(relay)    2    1    25699.41    25    25682.56    6    1
(advertise)    9    25719.21    1    25
(relay)    10    14    25742.22    25    25726.18    2    1
(advertise)    9    25742.62    14    25
(relay)    10    10    25752.23    25    25751.76    4    1
(advertise)    9    25764.83    10    25
(relay)    10    20    25790.64    25    25770.5    2    1
(advertise)    9    25790.84    20    25
(relay)    10    12    25813.06    25    25811.0    4    1
(advertise)    9    25813.26    12    25
(relay)    16    0    25839.47    25    25831.9    4    1
(advertise)    9    25839.67    0    25
(relay)    16    37    25865.08    25    25846.22    2    1
(advertise)    9    25865.28    37    25
(relay)    16    15    25899.1    25    25898.5    4    1
(advertise)    9    25899.3    15    25
(relay)    16    22    25921.71    25    25900.82    2    1
(advertise)    9    25922.11    22    25
(relay)    10    18    26075.12    26    26072.73    2    1
(advertise)    9    26075.32    18    26
(relay)    2    3    26092.14    26    26091.28    6    1
(advertise)    9    26096.94    3    26
(relay)    2    4    26115.75    26    26113.81    4    1
(advertise)    9    26118.35    4    26
(relay)    2    7    26159.16    26    26156.05    4    1
(advertise)    9    26159.36    7    26
(relay)    2    2    26166.57    26    26166.38    6    1
(advertise)    9    26181.37    2    26
(relay)    16    16    26184.59    26    26184.51    4    1
(advertise)    9    26202.79    16    26
(relay)    16    19    26206.2    26    26151.94    2    1
(advertise)    9    26223.8    19    26
(relay)    16    23    26318.61    26    26299.81    2    1
(advertise)    9    26318.81    23    26
(relay)    16    36    26340.63    26    26296.78    2    1
(generate)    9    26341.43    [24]    26
(advertise)    9    26343.04    36    26
(relay)    8    42    26499.85    26    26492.18    2    1
(advertise)    9    26500.05    42    26
(relay)    10    11    26572.87    26    26571.51    4    1
(advertise)    9    26573.07    11    26
(relay)    2    13    26600.88    26    26596.83    2    1
(advertise)    9    26601.28    13    26
(relay)    8    8    26616.49    26    26616.48    6    1
(advertise)    9    26624.49    8    26
(relay)    10    5    26650.9    26    26647.37    4    1
(advertise)    9    26651.3    5    26
(relay)    10    6    26675.12    26    26669.09    4    1
(advertise)    9    26675.32    6    26
(relay)    16    29    26677.13    26    26654.94    2    1
(relay)    2    1    26697.13    26    26682.59    6    2
(advertise)    9    26698.13    29    26
(advertise)    9    26720.14    1    26
(relay)    8    14    26744.16    26    26726.21    4    1
(advertise)    9    26744.76    14    26
(relay)    10    10    26752.37    26    26751.81    4    1
(advertise)    9    26765.97    10    26
(relay)    10    20    26790.18    26    26770.55    2    1
(advertise)    9    26790.38    20    26
(relay)    10    12    26814.6    26    26811.06    2    1
(advertise)    9    26815.2    12    26
(relay)    8    0    26834.21    26    26832.07    6    1
(advertise)    9    26838.01    0    26
(relay)    16    37    26862.62    26    26846.38    2    1
(advertise)    9    26863.62    37    26
(relay)    2    15    26900.03    26    26898.68    2    1
(advertise)    9    26900.23    15    26
(relay)    16    22    26921.25    26    26900.89    2    1
(advertise)    9    26922.25    22    26
(relay)    16    28    27065.66    27    27064.51    2    1
(advertise)    9    27065.86    28    27
(relay)    10    18    27073.47    27    27072.74    2    1
(advertise)    9    27087.87    18    27
(relay)    2    3    27092.69    27    27091.35    6    1
(advertise)    9    27109.49    3    27
(relay)    2    4    27117.1    27    27113.83    4    1
(advertise)    9    27131.7    4    27
(relay)    8    7    27156.51    27    27156.15    6    1
(advertise)    9    27156.71    7    27
(relay)    2    2    27166.53    27    27166.4    6    1
(advertise)    9    27178.73    2    27
(relay)    16    16    27185.14    27    27184.62    4    1
(advertise)    9    27201.54    16    27
(relay)    10    19    27204.55    27    27152.13    2    1
(advertise)    9    27224.15    19    27
(relay)    16    35    27225.36    27    27164.04    2    1
(advertise)    9    27245.76    35    27
(relay)    16    17    27296.78    27    27295.52    2    1
(advertise)    9    27296.98    17    27
(relay)    16    23    27318.39    27    27299.89    2    1
(advertise)    9    27319.39    23    27
(relay)    16    36    27340.4    27    27296.88    2    1
(generate)    9    27341.6    [24]    27
(advertise)    9    27342.82    36    27
(relay)    16    44    27457.03    27    27428.38    2    1
(advertise)    9    27457.23    44    27
(relay)    16    42    27503.24    27    27492.2    2    1
(advertise)    9    27503.44    42    27
(relay)    16    21    27539.26    27    27537.95    2    1
(advertise)    9    27539.46    21    27
(relay)    10    11    27573.47    27    27571.53    4    1
(advertise)    9    27573.67    11    27
(relay)    10    13    27600.68    27    27596.9    4    1
(advertise)    9    27601.28    13    27
(relay)    8    8    27616.69    27    27616.57    6    1
(advertise)    9    27623.69    8    27
(relay)    10    5    27650.71    27    27647.43    4    1
(advertise)    9    27650.91    5    27
(relay)    8    29    27673.72    27    27654.94    2    1
(advertise)    9    27674.12    29    27
(relay)    2    6    27676.13    27    27669.24    4    1
(relay)    8    1    27694.73    27    27682.68    6    2
(advertise)    9    27695.73    6    27
(advertise)    9    27717.75    1    27
(relay)    8    14    27741.76    27    27726.23    4    1
(advertise)    9    27741.96    14    27
(relay)    10    10    27752.97    27    27751.87    4    1
(advertise)    9    27765.17    10    27
(relay)    10    20    27788.39    27    27770.58    2    1
(advertise)    9    27788.99    20    27
(relay)    10    12    27813.2    27    27811.08    4    1
(advertise)    9    27813.8    12    27
(relay)    8    0    27837.41    27    27832.26    6    1
(advertise)    9    27838.21    0    27
(relay)    16    37    27865.02    27    27846.4    2    1
(advertise)    9    27865.22    37    27
(relay)    16    15    27899.24    27    27898.86    4    1
(advertise)    9    27899.44    15    27
(relay)    10    18    28073.65    28    28072.93    2    1
(advertise)    9    28073.85    18    28
(relay)    2    3    28092.66    28    28091.41    6    1
(advertise)    9    28094.86    3    28
(relay)    2    4    28117.28    28    28113.85    4    1
(advertise)    9    28117.88    4    28
(relay)    8    7    28156.69    28    28156.28    6    1
(advertise)    9    28156.89    7    28
(relay)    2    2    28166.5    28    28166.42    6    1
(advertise)    9    28180.9    2    28
(relay)    16    16    28185.32    28    28184.8    4    1
(advertise)    9    28202.92    16    28
(relay)    16    35    28204.13    28    28164.13    2    1
(advertise)    9    28224.93    35    28
(relay)    16    45    28274.54    28    28258.12    2    1
(advertise)    9    28274.74    45    28
(relay)    10    17    28297.35    28    28295.65    2    1
(advertise)    9    28298.15    17    28
(generate)    9    28341.77    [24]    28
(relay)    16    43    28426.38    28    28382.15    2    1
(advertise)    9    28426.58    43    28
(relay)    8    42    28498.79    28    28492.22    2    1
(advertise)    9    28498.99    42    28
(relay)    10    11    28573.81    28    28571.53    4    1
(advertise)    9    28574.01    11    28
(relay)    10    13    28598.42    28    28597.01    4    1
(advertise)    9    28598.62    13    28
(relay)    8    8    28616.83    28    28616.69    6    1
(advertise)    9    28620.63    8    28
(relay)    10    5    28650.45    28    28647.53    4    1
(advertise)    9    28650.65    5    28
(relay)    16    29    28659.86    28    28655.13    2    1
(advertise)    9    28673.26    29    28
(relay)    8    6    28677.87    28    28669.44    2    1
(heartbeat)    24    7    28677.28    9    28681.67    3    9
(advertise)    9    28694.87    6    28
(relay)    2    1    28696.28    28    28682.79    6    2
(advertise)    9    28717.08    24    7
(relay)    16    14    28730.5    28    28726.25    2    2
(advertise)    9    28738.5    1    28
(relay)    10    46    28748.71    28    28740.3    2    2
(relay)    10    10    28752.91    28    28751.94    4    3
(advertise)    9    28759.51    14    28
(advertise)    9    28781.92    46    28
(advertise)    9    28805.34    10    28
(relay)    8    0    28835.75    28    28832.27    6    1
(advertise)    9    28835.95    0    28
(relay)    16    37    28860.16    28    28846.56    2    1
(advertise)    9    28861.16    37    28
(relay)    16    15    28900.38    28    28898.89    4    1
(advertise)    9    28900.58    15    28
(relay)    8    22    28921.19    28    28901.06    2    1
(advertise)    9    28922.79    22    28
(relay)    10    18    29074.0    29    29072.93    2    1
(advertise)    9    29074.2    18    29
(relay)    2    3    29093.21    29    29091.48    6    1
(advertise)    9    29097.21    3    29
(relay)    2    4    29117.23    29    29113.88    4    1
(advertise)    9    29118.43    4    29
(relay)    8    7    29156.84    29    29156.39    6    1
(advertise)    9    29157.04    7    29
(relay)    2    2    29167.05    29    29166.46    6    1
(advertise)    9    29179.05    2    29
(relay)    16    16    29185.47    29    29184.95    4    1
(advertise)    9    29201.07    16    29
(relay)    16    45    29276.48    29    29258.18    2    1
(advertise)    9    29276.68    45    29
(relay)    10    17    29298.09    29    29295.79    2    1
(advertise)    9    29299.69    17    29
(relay)    16    23    29319.31    29    29300.85    2    1
(advertise)    9    29321.51    23    29
(relay)    16    36    29340.72    29    29297.04    2    1
(generate)    9    29341.92    [24]    29
(advertise)    9    29345.93    36    29
(relay)    8    43    29426.94    29    29382.25    2    1
(advertise)    9    29427.14    43    29
(relay)    16    44    29495.36    29    29428.42    2    1
(advertise)    9    29495.56    44    29
(relay)    10    11    29573.77    29    29571.55    4    1
(advertise)    9    29573.97    11    29
(relay)    10    13    29598.78    29    29597.12    4    1
(advertise)    9    29599.18    13    29
(relay)    8    8    29617.4    29    29616.75    6    1
(advertise)    9    29620.2    8    29
(relay)    10    5    29652.21    29    29647.63    4    1
(advertise)    9    29652.41    5    29
(relay)    10    6    29673.82    29    29669.62    4    1
(advertise)    9    29675.62    6    29
(relay)    2    1    29696.44    29    29682.88    6    1
(advertise)    9    29697.64    1    29
(relay)    8    14    29729.65    29    29726.28    4    1
(advertise)    9    29729.85    14    29
(relay)    10    10    29753.06    29    29751.99    4    1
(advertise)    9    29753.66    10    29
(relay)    10    46    29756.47    29    29740.31    2    1
(advertise)    9    29774.67    46    29
(relay)    10    12    29816.69    29    29811.45    2    1
(advertise)    9    29816.89    12    29
(relay)    8    0    29835.9    29    29832.43    6    1
(advertise)    9    29838.1    0    29
(relay)    16    37    29861.11    29    29846.7    2    1
(advertise)    9    29862.51    37    29
(relay)    2    15    29902.33    29    29899.06    2    1
(advertise)    9    29902.53    15    29
(relay)    16    22    29921.74    29    29901.53    2    1
(advertise)    9    29925.94    22    29
