(relay)    30    38    75.0    1    72    124    1
(advertise)    15    75.2    38    1
(relay)    17    34    369.01    1    364    122    1
(advertise)    15    369.21    34    1
(relay)    40    27    1012.43    1    1012.03    125    1
(advertise)    15    1012.63    27    1
(relay)    30    46    1039.64    1    1039.04    125    1
(advertise)    15    1039.84    46    1
(relay)    40    10    1064.45    1    1045.05    125    1
(advertise)    15    1064.85    10    1
(relay)    19    31    1087.47    1    1074.07    122    1
(advertise)    15    1087.87    31    1
(relay)    19    38    1107.48    2    1072    124    1
(advertise)    15    1110.48    38    2
(relay)    19    26    1128.89    1    1041.04    120    1
(advertise)    15    1132.09    26    1
(relay)    21    25    1154.3    1    1116.09    123    1
(advertise)    15    1155.5    25    1
(relay)    19    44    1176.92    1    1129.09    122    1
(advertise)    15    1179.52    44    1
(relay)    40    43    1198.13    1    1193.13    124    1
(advertise)    15    1201.53    43    1
(generate)    15    1274.14    [23]    1
(relay)    30    30    1289.36    1    1289.16    127    1
(advertise)    15    1289.56    30    1
(relay)    40    24    1348.77    1    1322.17    122    1
(advertise)    15    1348.97    24    1
(relay)    30    34    1371.58    2    1364    120    1
(advertise)    15    1372.18    34    2
(relay)    30    28    1393.0    1    1392.01    125    1
(advertise)    15    1394.0    28    1
(relay)    21    16    1418.21    1    1395.42    123    1
(advertise)    15    1418.61    16    1
(relay)    19    19    1425.62    1    1425.03    127    1
(advertise)    15    1439.82    19    1
(relay)    21    21    1458.03    1    1457.05    127    1
(relay)    19    3    1461.23    1    1411.02    122    2
(advertise)    15    1461.83    21    1
(advertise)    15    1484.25    3    1
(relay)    21    22    1505.26    1    1493.07    125    1
(advertise)    15    1506.46    22    1
(relay)    30    41    1530.87    1    1473.06    124    1
(advertise)    15    1531.07    41    1
(relay)    17    12    1549.49    1    1537.1    125    1
(advertise)    15    1553.49    12    1
(relay)    17    36    1570.9    1    1498.07    122    1
(advertise)    15    1576.3    36    1
(relay)    17    6    1592.51    1    1499.07    121    1
(advertise)    15    1598.31    6    1
(relay)    17    32    1616.33    1    1612.14    125    1
(advertise)    15    1620.13    32    1
(relay)    17    5    1638.34    1    1539.1    121    1
(advertise)    15    1642.94    5    1
(relay)    18    39    1661.15    1    1624.15    124    1
(advertise)    15    1665.35    39    1
(relay)    19    20    1684.76    1    1661.78    124    1
(advertise)    15    1686.36    20    1
(relay)    17    18    1706.38    1    1686.39    126    1
(advertise)    15    1708.58    18    1
(relay)    18    9    1723.39    1    1720.0    125    1
(advertise)    15    1729.59    9    1
(relay)    18    47    1745.0    1    1695.18    123    1
(advertise)    15    1752.6    47    1
(relay)    18    48    1767.42    1    1752.23    126    1
(advertise)    15    1774.82    48    1
(relay)    18    45    1788.43    1    1715.0    122    1
(advertise)    15    1796.63    45    1
(relay)    18    14    1810.44    1    1767.03    124    1
(advertise)    15    1818.44    14    1
(relay)    18    8    1830.66    1    1818.07    126    1
(relay)    17    17    1839.26    1    1839.08    127    2
(advertise)    15    1840.66    8    1
(relay)    17    2    1859.67    1    1816.06    122    2
(advertise)    15    1862.27    17    1
(relay)    17    0    1882.48    1    1846.07    125    2
(advertise)    15    1885.28    2    1
(advertise)    15    1907.49    0    1
(relay)    18    7    1918.71    1    1803.06    123    1
(advertise)    15    1928.51    7    1
(relay)    18    11    1940.92    1    1852.08    124    1
(relay)    17    13    1942.32    1    1849.08    124    2
(advertise)    15    1950.32    11    1
(advertise)    15    1972.33    13    1
(relay)    18    29    1985.55    1    1849.08    124    1
(advertise)    15    1995.55    29    1
(relay)    18    33    2006.16    1    1834.07    123    1
(advertise)    15    2019.36    33    1
(relay)    18    40    2027.17    1    1995.16    126    1
(advertise)    15    2041.77    40    1
(relay)    18    4    2050.99    1    1937.13    124    1
(advertise)    15    2063.79    4    1
(relay)    18    37    2073.4    1    1888.11    121    1
(advertise)    15    2086.2    37    1
(relay)    18    42    2094.81    1    1948.13    123    1
(advertise)    15    2107.21    42    1
(relay)    18    27    2117.42    2    2012.17    124    1
(relay)    40    31    2129.82    2    2074.21    126    2
(advertise)    15    2130.62    27    2
(advertise)    15    2152.24    31    2
(relay)    40    46    2153.45    2    2039.19    124    1
(advertise)    15    2173.85    46    2
(relay)    40    35    2178.26    1    1999.16    122    1
(advertise)    15    2195.86    35    1
(relay)    40    38    2199.68    3    2072    124    1
(advertise)    15    2218.08    38    3
(relay)    40    26    2221.69    2    2041.19    123    1
(advertise)    15    2239.69    26    2
(relay)    40    10    2246.1    2    2045.2    123    1
(advertise)    15    2262.1    10    2
(relay)    40    43    2268.52    2    2193.28    124    1
(generate)    15    2274.32    [23]    2
(advertise)    15    2283.53    43    2
(relay)    30    30    2289.34    2    2289.34    127    1
(relay)    40    25    2290.34    2    2116.24    123    2
(advertise)    15    2305.74    30    2
(advertise)    15    2327.15    25    2
(relay)    40    44    2334.97    2    2129.24    122    1
(advertise)    15    2348.37    44    2
(relay)    30    24    2374.38    2    2322.35    123    1
(advertise)    15    2374.58    24    2
(relay)    30    1    2398.19    2    2319.01    121    1
(advertise)    15    2399.39    1    2
(relay)    30    28    2420.61    2    2392.19    125    1
(advertise)    15    2422.41    28    2
(relay)    19    19    2426.22    2    2425.22    127    1
(advertise)    15    2443.42    19    2
(relay)    19    34    2456.43    3    2364    121    1
(relay)    21    21    2457.43    2    2457.43    127    2
(advertise)    15    2465.63    34    3
(advertise)    15    2487.64    21    2
(relay)    19    22    2500.46    2    2493.26    126    1
(advertise)    15    2510.66    22    2
(relay)    19    3    2522.07    2    2411.21    122    1
(advertise)    15    2532.07    3    2
(relay)    19    41    2542.68    2    2473.24    124    1
(advertise)    15    2553.88    41    2
(relay)    21    16    2572.7    2    2395.61    122    1
(advertise)    15    2575.3    16    2
(relay)    30    12    2577.51    2    2537.28    126    1
(advertise)    15    2597.31    12    2
(relay)    19    36    2613.52    2    2498.26    124    1
(advertise)    15    2619.72    36    2
(relay)    19    6    2634.34    2    2499.26    123    1
(advertise)    15    2643.74    6    2
(relay)    19    5    2661.15    2    2539.27    120    1
(advertise)    15    2664.75    5    2
(relay)    19    20    2683.16    2    2661.96    126    1
(advertise)    15    2686.56    20    2
(relay)    19    39    2705.77    2    2624.34    124    1
(advertise)    15    2709.97    39    2
(relay)    17    18    2720.59    2    2686.57    126    1
(relay)    19    9    2727.19    2    2720.19    125    2
(advertise)    15    2732.19    18    2
(advertise)    15    2754.6    9    2
(relay)    21    32    2758.01    2    2612.32    123    1
(advertise)    15    2775.81    32    2
(relay)    18    48    2788.03    2    2752.43    126    1
(advertise)    15    2798.23    48    2
(relay)    40    47    2800.24    2    2695.36    124    1
(advertise)    15    2819.24    47    2
(relay)    18    8    2831.45    2    2818.25    126    1
(relay)    17    17    2839.45    2    2839.27    127    2
(advertise)    15    2842.05    8    2
(advertise)    15    2863.07    17    2
(relay)    17    45    2876.88    2    2715.19    122    1
(advertise)    15    2885.08    45    2
(relay)    17    0    2897.89    2    2846.08    125    1
(advertise)    15    2908.09    0    2
(relay)    17    14    2920.9    2    2767.23    123    1
(advertise)    15    2932.1    14    2
(relay)    17    29    2942.72    2    2849.28    124    1
(advertise)    15    2955.32    29    2
(relay)    17    11    2964.53    2    2852.48    123    1
(advertise)    15    2977.33    11    2
(relay)    17    7    2986.54    2    2803.25    122    1
(relay)    18    13    2987.94    2    2849.28    124    2
(relay)    40    40    2995.54    2    2995.36    127    3
(advertise)    15    2998.74    7    2
(advertise)    15    3020.56    13    2
(advertise)    15    3042.17    40    2
(relay)    40    2    3049.18    2    2816.25    123    1
(relay)    17    4    3052.38    2    2937.33    124    2
(advertise)    15    3064.18    2    2
(advertise)    15    3086.2    4    2
(relay)    40    33    3091.81    2    2834.25    123    1
(relay)    17    37    3098.21    2    2888.3    123    2
(advertise)    15    3108.41    33    2
(relay)    40    31    3114.42    3    3074.41    126    2
(advertise)    15    3131.62    37    2
(relay)    18    46    3144.23    3    3039.38    125    2
(advertise)    15    3153.83    31    3
(relay)    17    27    3163.05    3    3012.37    124    2
(advertise)    15    3176.45    46    3
(advertise)    15    3198.86    27    3
(relay)    40    42    3204.27    2    2948.33    124    1
(advertise)    15    3219.87    42    2
(relay)    40    10    3226.89    3    3045.6    125    1
(relay)    18    38    3232.29    4    3072    124    2
(advertise)    15    3240.89    10    3
(advertise)    15    3261.9    38    4
(relay)    40    35    3270.31    2    3000.57    123    1
(generate)    15    3274.51    [23]    3
(advertise)    15    3283.53    35    2
(relay)    30    30    3289.54    3    3289.53    127    1
(relay)    40    26    3292.34    3    3041.38    123    2
(advertise)    15    3305.14    30    3
(advertise)    15    3327.15    26    3
(relay)    30    43    3354.96    3    3193.47    124    1
(advertise)    15    3355.16    43    3
(relay)    40    25    3359.58    3    3116.43    122    1
(advertise)    15    3377.18    25    3
(relay)    30    44    3400.19    3    3129.43    123    1
(advertise)    15    3401.19    44    3
(relay)    30    24    3422.6    3    3322.55    123    1
(advertise)    15    3423.0    24    3
(relay)    19    19    3426.42    3    3425.42    127    1
(advertise)    15    3446.02    19    3
(relay)    19    28    3456.03    3    3392.2    125    1
(relay)    21    21    3457.63    3    3457.63    127    2
(advertise)    15    3469.03    28    3
(relay)    19    34    3479.84    4    3364    122    2
(advertise)    15    3491.84    21    3
(advertise)    15    3512.86    34    4
(relay)    19    1    3524.67    3    3319.03    121    1
(advertise)    15    3535.67    1    3
(relay)    19    22    3547.08    3    3493.46    126    1
(advertise)    15    3558.88    22    3
(relay)    19    12    3570.69    3    3537.48    126    1
(relay)    40    3    3579.09    3    3411.4    122    2
(advertise)    15    3581.29    12    3
(relay)    19    16    3592.51    3    3395.8    123    2
(advertise)    15    3603.11    3    3
(relay)    19    41    3614.52    3    3473.26    125    2
(advertise)    15    3625.72    16    3
(advertise)    15    3647.73    41    3
(relay)    19    36    3662.35    3    3498.46    124    1
(relay)    40    6    3666.95    3    3499.86    123    2
(advertise)    15    3669.75    36    3
(relay)    19    32    3685.16    3    3612.33    125    2
(relay)    18    18    3687.76    3    3686.77    127    3
(advertise)    15    3690.76    6    3
(relay)    40    20    3711.17    3    3662.16    126    3
(advertise)    15    3712.37    32    3
(advertise)    15    3735.39    18    3
(relay)    40    5    3755.4    3    3539.47    121    2
(advertise)    15    3757.0    20    3
(relay)    18    39    3759.41    3    3624.53    124    2
(advertise)    15    3778.61    5    3
(advertise)    15    3801.62    39    3
(relay)    18    48    3805.04    3    3752.61    126    1
(advertise)    15    3823.64    48    3
(relay)    18    9    3828.25    3    3720.39    125    1
(relay)    17    17    3840.05    3    3839.46    127    2
(advertise)    15    3846.25    9    3
(relay)    18    8    3851.06    3    3818.45    126    2
(advertise)    15    3867.46    17    3
(relay)    40    47    3868.68    3    3695.56    124    2
(advertise)    15    3890.48    8    3
(advertise)    15    3913.89    47    3
(relay)    18    45    3916.1    3    3715.39    120    1
(relay)    17    0    3922.1    3    3846.28    125    2
(advertise)    15    3935.7    45    3
(advertise)    15    3957.32    0    3
(relay)    18    14    3961.53    3    3767.41    123    1
(advertise)    15    3979.33    14    3
(relay)    18    29    3983.34    3    3849.48    124    1
(relay)    40    40    3995.74    3    3995.55    127    2
(advertise)    15    4000.34    29    3
(relay)    18    13    4003.75    3    3849.48    124    2
(advertise)    15    4021.35    40    3
(advertise)    15    4043.77    13    3
(relay)    17    27    4054.98    4    4012.57    125    1
(relay)    30    2    4062.58    3    3816.45    123    2
(advertise)    15    4066.38    27    4
(relay)    18    7    4069.59    3    3803.45    123    2
(advertise)    15    4087.39    2    3
(advertise)    15    4110.81    7    3
(relay)    18    33    4113.22    3    3834.44    123    1
(relay)    40    31    4115.22    4    4074.61    126    2
(relay)    17    4    4120.42    3    3937.53    124    3
(advertise)    15    4133.02    33    3
(advertise)    15    4154.43    31    4
(advertise)    15    4177.85    4    3
(relay)    18    46    4179.26    4    4039.39    125    1
(relay)    17    37    4185.46    3    3888.5    123    2
(advertise)    15    4201.26    46    4
(relay)    18    11    4222.87    3    3852.68    123    2
(advertise)    15    4224.47    37    3
(relay)    17    10    4228.48    4    4045.79    124    2
(advertise)    15    4246.48    11    3
(relay)    18    38    4265.5    5    4072    123    2
(advertise)    15    4268.5    10    4
(relay)    17    42    4270.31    3    3948.53    122    2
(generate)    15    4274.71    [23]    4
(advertise)    15    4290.12    38    5
(advertise)    15    4311.74    42    3
(relay)    18    26    4332.95    4    4041.58    123    1
(advertise)    15    4333.35    26    4
(relay)    18    30    4354.76    4    4289.54    126    1
(advertise)    15    4356.76    30    4
(relay)    18    35    4377.18    3    4000.97    122    1
(advertise)    15    4378.38    35    3
(relay)    17    44    4380.79    4    4129.45    123    1
(advertise)    15    4400.39    44    4
(relay)    18    43    4421.2    4    4193.67    124    1
(advertise)    15    4424.6    43    4
(relay)    19    19    4426.61    4    4425.61    127    1
(relay)    18    25    4442.01    4    4116.63    123    2
(advertise)    15    4446.81    19    4
(relay)    21    21    4458.03    4    4457.83    127    2
(advertise)    15    4469.83    25    4
(relay)    18    24    4484.44    4    4322.75    121    2
(advertise)    15    4491.04    21    4
(advertise)    15    4514.05    24    4
(relay)    18    28    4528.47    4    4392.39    125    1
(advertise)    15    4536.27    28    4
(relay)    18    22    4549.68    4    4493.65    126    1
(advertise)    15    4558.28    22    4
(relay)    18    34    4574.29    5    4364    122    1
(advertise)    15    4579.29    34    5
(relay)    21    1    4580.71    4    4319.04    121    1
(relay)    18    16    4596.51    4    4396.0    123    2
(advertise)    15    4600.71    1    4
(relay)    30    12    4603.92    4    4537.68    126    2
(advertise)    15    4621.72    16    4
(advertise)    15    4643.93    12    4
(relay)    18    41    4662.14    4    4473.85    125    1
(advertise)    15    4665.74    41    4
(relay)    18    20    4684.16    4    4662.36    126    1
(relay)    19    36    4685.16    4    4498.65    123    2
(advertise)    15    4687.76    20    4
(relay)    40    3    4694.97    4    4411.6    122    2
(advertise)    15    4711.37    36    4
(relay)    17    32    4714.98    4    4612.53    125    2
(advertise)    15    4734.38    3    4
(relay)    19    18    4752.4    4    4686.78    126    2
(advertise)    15    4756.4    32    4
(relay)    18    6    4771.01    4    4500.05    122    2
(advertise)    15    4778.61    18    4
(relay)    18    48    4792.02    4    4752.81    126    2
(advertise)    15    4800.22    6    4
(relay)    18    39    4813.44    4    4624.72    124    2
(advertise)    15    4822.44    48    4
(relay)    18    8    4835.45    4    4818.46    126    2
(relay)    17    17    4840.25    4    4839.66    127    3
(relay)    19    9    4841.65    4    4720.58    125    4
(advertise)    15    4843.45    39    4
(relay)    40    5    4846.46    4    4539.67    121    4
(advertise)    15    4866.06    8    4
(advertise)    15    4889.47    17    4
(advertise)    15    4910.49    9    4
(relay)    18    14    4924.1    4    4768.42    124    2
(advertise)    15    4933.5    5    4
(relay)    17    47    4936.91    4    4695.76    123    2
(advertise)    15    4955.51    14    4
(relay)    18    45    4971.53    4    4715.58    122    2
(advertise)    15    4977.93    47    4
(relay)    17    0    4982.14    4    4846.47    125    2
(relay)    40    40    4995.94    4    4995.75    127    3
(advertise)    15    5000.54    45    4
(relay)    18    11    5016.15    4    4852.87    124    3
(advertise)    15    5022.75    0    4
(advertise)    15    5044.17    40    4
(relay)    17    29    5051.78    4    4849.67    124    2
(advertise)    15    5067.78    11    4
(relay)    18    7    5084.39    4    4803.65    123    2
(advertise)    15    5090.59    29    4
(relay)    17    13    5097.0    4    4849.66    124    2
(advertise)    15    5113.0    7    4
(relay)    18    2    5129.22    4    4816.65    123    2
(advertise)    15    5136.02    13    4
(heartbeat)    23    1    4984.2    15    5150.63    127    0
(relay)    40    4    5155.83    4    4937.54    124    3
(advertise)    15    5158.43    2    4
(relay)    18    46    5172.64    5    5039.59    1    3
(relay)    40    31    5176.24    5    5074.8    126    4
(advertise)    15    5179.44    23    1
(relay)    18    37    5196.06    4    4888.7    123    4
(relay)    19    33    5200.06    4    4834.62    123    5
(advertise)    15    5202.06    4    4
(relay)    40    42    5220.07    4    4948.73    124    4
(advertise)    15    5223.67    31    5
(advertise)    15    5245.08    37    4
(advertise)    15    5268.3    33    4
(generate)    15    5274.91    [23]    5
(relay)    40    10    5284.92    5    5045.99    124    2
(advertise)    15    5290.12    42    4
(relay)    40    35    5307.33    4    5001.17    122    2
(advertise)    15    5311.33    10    5
(relay)    40    43    5328.35    5    5193.87    1    2
(relay)    18    38    5331.75    6    5072    124    3
(advertise)    15    5334.95    35    4
(relay)    17    30    5338.56    5    5289.73    4    2
(relay)    40    26    5350.16    5    5041.78    123    3
(advertise)    15    5356.36    38    6
(relay)    18    25    5375.77    5    5116.83    123    3
(advertise)    15    5377.57    30    5
(advertise)    15    5400.59    26    5
(advertise)    15    5422.0    25    5
(relay)    30    19    5437.61    5    5425.81    3    1
(relay)    40    44    5439.01    5    5129.64    1    2
(advertise)    15    5443.01    19    5
(relay)    21    21    5458.63    5    5458.03    5    1
(relay)    30    28    5460.83    5    5392.4    1    2
(relay)    40    24    5462.83    5    5323.36    1    3
(advertise)    15    5464.63    21    5
(relay)    30    22    5504.44    5    5493.85    3    1
(advertise)    15    5504.64    22    5
(relay)    30    41    5524.65    5    5474.05    124    1
(advertise)    15    5528.45    41    5
(relay)    30    12    5547.66    5    5537.88    3    1
(advertise)    15    5549.46    12    5
(relay)    30    34    5569.88    6    5364    121    1
(advertise)    15    5571.28    34    6
(relay)    30    32    5613.49    5    5612.73    2    1
(advertise)    15    5613.69    32    5
(relay)    19    20    5663.9    5    5662.56    3    1
(advertise)    15    5664.1    20    5
(relay)    18    18    5687.92    5    5686.97    4    1
(advertise)    15    5688.32    18    5
(relay)    19    9    5721.53    5    5720.78    1    1
(relay)    19    48    5754.33    5    5753.01    2    1
(advertise)    15    5754.53    48    5
(relay)    40    7    5805.94    5    5803.82    122    1
(advertise)    15    5806.14    7    5
(relay)    40    8    5827.76    5    5818.66    126    1
(advertise)    15    5828.36    8    5
(relay)    17    17    5840.37    5    5839.78    5    1
(advertise)    15    5850.37    17    5
(relay)    17    0    5864.78    5    5846.66    1    1
(relay)    19    2    5871.78    5    5816.77    1    1
(relay)    30    29    5908.78    5    5849.69    1    1
(relay)    30    11    5930.58    5    5853.07    2    1
(advertise)    15    5930.78    11    5
(relay)    40    42    5984.19    5    5948.82    1    1
(relay)    40    40    5995.99    5    5995.91    4    1
(advertise)    15    5996.19    40    5
(relay)    17    35    6021.61    5    6001.32    120    1
(advertise)    15    6023.01    35    5
(relay)    30    27    6042.22    6    6012.75    1    1
(relay)    40    46    6066.22    6    6039.79    1    1
(relay)    40    10    6087.22    6    6046.18    125    1
(advertise)    15    6087.42    10    6
(relay)    40    31    6109.43    6    6074.99    126    1
(advertise)    15    6110.83    31    6
(relay)    30    25    6139.65    6    6117.0    122    1
(advertise)    15    6139.85    25    6
(relay)    40    44    6162.86    6    6129.75    1    1
(relay)    40    43    6207.46    6    6193.99    1    1
(generate)    15    6275.06    [23]    6
(relay)    30    30    6290.27    6    6289.75    5    1
(advertise)    15    6290.47    30    6
(relay)    21    28    6395.49    6    6392.53    1    1
(relay)    19    19    6426.09    6    6426.0    4    1
(advertise)    15    6426.29    19    6
(relay)    21    21    6458.7    6    6458.16    5    1
(advertise)    15    6458.9    21    6
(relay)    30    41    6492.91    6    6474.08    119    1
(advertise)    15    6493.11    41    6
(relay)    18    22    6514.12    6    6494.04    3    1
(advertise)    15    6515.92    22    6
(relay)    21    12    6539.54    6    6537.92    2    1
(advertise)    15    6540.34    12    6
(relay)    30    32    6613.35    6    6612.76    2    1
(advertise)    15    6613.55    32    6
(relay)    30    20    6666.36    6    6662.6    1    1
(relay)    18    18    6688.16    6    6687.12    4    1
(advertise)    15    6688.36    18    6
(relay)    40    47    6710.98    6    6696.11    1    1
(relay)    19    9    6721.58    6    6720.89    1    1
(relay)    30    48    6754.98    6    6753.1    2    1
(advertise)    15    6755.18    48    6
(relay)    18    14    6780.59    6    6768.69    1    1
(relay)    19    7    6805.59    6    6804.01    123    1
(advertise)    15    6805.79    7    6
(relay)    19    8    6827.6    6    6818.73    126    1
(advertise)    15    6828.8    8    6
(relay)    17    17    6840.42    6    6839.91    5    1
(advertise)    15    6851.82    17    6
(relay)    17    0    6866.03    6    6846.77    1    1
(relay)    40    29    6895.23    6    6849.79    2    1
(advertise)    15    6895.43    29    6
(relay)    19    4    6964.64    6    6937.7    1    1
(relay)    40    40    6996.44    6    6995.93    4    1
(advertise)    15    6996.64    40    6
(relay)    40    27    7019.45    7    7012.91    1    1
(relay)    18    46    7043.85    7    7039.88    1    1
(relay)    40    35    7053.65    6    7001.33    121    1
(advertise)    15    7053.85    35    6
(relay)    40    31    7076.27    7    7075.06    126    1
(advertise)    15    7076.47    31    7
(relay)    18    10    7108.28    7    7046.32    124    1
(advertise)    15    7108.48    10    7
(relay)    18    25    7135.09    7    7117.07    121    1
(advertise)    15    7135.49    25    7
(relay)    40    44    7168.51    7    7129.75    1    1
(relay)    40    43    7210.71    7    7194.04    1    1
(generate)    15    7275.11    [23]    7
(relay)    30    30    7290.52    7    7289.9    5    1
(advertise)    15    7290.72    30    7
(relay)    17    28    7396.13    7    7392.65    1    1
(relay)    19    19    7426.33    7    7426.15    4    1
(advertise)    15    7426.53    19    7
(relay)    21    21    7458.75    7    7458.28    5    1
(advertise)    15    7458.95    21    7
(relay)    18    41    7485.56    7    7474.27    125    1
(advertise)    15    7486.16    41    7
(relay)    18    22    7505.97    7    7494.23    3    1
(advertise)    15    7508.37    22    7
(relay)    30    12    7538.78    7    7537.96    3    1
(advertise)    15    7538.98    12    7
(relay)    17    32    7613.4    7    7612.79    2    1
(advertise)    15    7613.6    32    7
(relay)    30    20    7665.61    7    7662.65    2    1
(advertise)    15    7665.81    20    7
(relay)    18    18    7687.42    7    7687.28    4    1
(advertise)    15    7688.02    18    7
(relay)    40    9    7722.44    7    7720.97    1    1
(relay)    18    48    7755.24    7    7753.17    2    1
(advertise)    15    7755.44    48    7
(relay)    30    7    7805.25    7    7804.01    123    1
(advertise)    15    7805.45    7    7
(relay)    18    8    7820.06    7    7818.8    126    1
(advertise)    15    7826.66    8    7
(relay)    17    17    7841.08    7    7840.01    5    1
(advertise)    15    7849.28    17    7
(relay)    17    0    7864.09    7    7846.91    1    1
(relay)    40    42    7986.89    7    7949.0    1    1
(relay)    40    40    7996.69    7    7996.08    4    1
(advertise)    15    7996.89    40    7
(relay)    17    27    8052.1    8    8013.04    1    1
(relay)    19    46    8064.9    8    8039.99    1    1
(relay)    30    10    8073.7    8    8046.43    124    1
(advertise)    15    8073.9    10    8
(relay)    21    31    8096.51    8    8075.35    125    1
(advertise)    15    8097.71    31    8
(relay)    30    38    8120.73    9    8072    124    1
(advertise)    15    8121.73    38    9
(relay)    19    25    8152.94    8    8117.11    123    1
(advertise)    15    8153.14    25    8
(relay)    40    43    8209.15    8    8194.09    1    1
(generate)    15    8275.15    [23]    8
(relay)    30    30    8290.97    8    8290.01    5    1
(advertise)    15    8291.17    30    8
(relay)    19    34    8372.78    9    8364    121    1
(advertise)    15    8372.98    34    9
(relay)    17    28    8396.79    8    8392.76    1    1
(relay)    19    19    8426.39    8    8426.29    4    1
(advertise)    15    8426.59    19    8
(relay)    21    21    8459.01    8    8458.39    5    1
(advertise)    15    8459.21    21    8
(relay)    30    41    8486.02    8    8474.3    124    1
(advertise)    15    8486.22    41    8
(relay)    30    22    8508.03    8    8494.37    3    1
(advertise)    15    8510.03    22    8
(relay)    30    32    8613.44    8    8612.82    2    1
(advertise)    15    8613.64    32    8
(relay)    30    20    8666.26    8    8662.68    2    1
(advertise)    15    8666.46    20    8
(relay)    18    18    8687.47    8    8687.41    4    1
(advertise)    15    8689.47    18    8
(relay)    40    47    8714.28    8    8696.46    1    1
(relay)    30    9    8723.08    8    8721.06    1    1
(relay)    30    48    8755.68    8    8753.28    2    1
(advertise)    15    8755.88    48    8
(relay)    17    8    8820.1    8    8818.85    126    1
(advertise)    15    8820.3    8    8
(relay)    17    17    8841.11    8    8840.12    5    1
(advertise)    15    8844.31    17    8
(relay)    18    2    8851.72    8    8817.05    1    1
(relay)    17    0    8862.72    8    8847.06    1    1
(relay)    21    29    8892.32    8    8849.99    1    1
(relay)    40    33    8916.12    8    8835.13    1    1
(relay)    19    11    8921.32    8    8853.51    2    1
(advertise)    15    8921.52    11    8
(relay)    40    4    8981.74    8    8938.88    1    1
(heartbeat)    23    2    8984.21    15    8986.54    3    3
(advertise)    15    8986.74    23    2
(relay)    40    40    8996.75    8    8996.27    4    1
(advertise)    15    9008.15    40    8
(relay)    18    35    9035.56    8    9001.42    121    1
(advertise)    15    9035.76    35    8
(relay)    30    46    9058.57    9    9040.1    1    1
(relay)    30    27    9080.97    9    9013.24    1    1
(relay)    18    38    9104.37    10    9072    124    1
(advertise)    15    9104.57    38    10
(relay)    18    31    9125.79    9    9075.46    1    1
(relay)    21    10    9146.99    9    9046.58    3    1
(advertise)    15    9147.19    10    9
(relay)    40    44    9205.2    9    9129.76    1    1
(relay)    40    43    9226.0    9    9194.13    1    1
(generate)    15    9275.2    [23]    9
(relay)    30    30    9291.21    9    9290.18    5    1
(advertise)    15    9291.41    30    9
(relay)    30    34    9368.83    10    9364    122    1
(advertise)    15    9369.03    34    10
(relay)    17    28    9395.04    9    9392.88    1    1
(relay)    19    19    9426.44    9    9426.43    4    1
(advertise)    15    9426.64    19    9
(relay)    21    21    9459.05    9    9458.51    5    1
(advertise)    15    9459.25    21    9
(relay)    19    41    9485.87    9    9474.46    2    1
(advertise)    15    9486.07    41    9
(relay)    18    22    9505.28    9    9494.55    3    1
(advertise)    15    9508.08    22    9
(relay)    19    12    9539.29    9    9538.02    3    1
(advertise)    15    9539.49    12    9
(relay)    19    20    9665.11    9    9662.86    3    1
(advertise)    15    9665.31    20    9
(relay)    18    18    9687.72    9    9687.59    4    1
(advertise)    15    9687.92    18    9
(relay)    19    9    9723.33    9    9721.18    1    1
(relay)    18    48    9754.53    9    9753.38    2    1
(advertise)    15    9754.73    48    9
(relay)    19    7    9808.14    9    9804.1    3    1
(advertise)    15    9808.34    7    9
(relay)    40    8    9830.36    9    9818.97    4    1
(advertise)    15    9832.36    8    9
(relay)    17    17    9841.17    9    9840.23    5    1
(advertise)    15    9853.57    17    9
(relay)    17    0    9864.18    9    9847.21    1    1
(relay)    18    2    9873.58    9    9817.15    1    1
(relay)    18    33    9921.18    9    9835.22    1    1
(relay)    40    4    9942.98    9    9938.91    1    1
(relay)    30    11    9959.18    9    9853.53    1    1
(relay)    40    42    9986.98    9    9949.25    1    1
(relay)    40    40    9996.78    9    9996.29    4    1
(advertise)    15    9996.98    40    9
(relay)    40    35    10051.4    9    10001.49    4    1
(advertise)    15    10051.6    35    9
(relay)    40    46    10075.01    10    10040.39    1    1
(relay)    18    38    10087.21    11    10072    124    1
(advertise)    15    10087.41    38    11
(relay)    30    10    10108.82    10    10046.74    3    1
(advertise)    15    10110.02    10    10
(relay)    40    44    10187.64    10    10129.95    1    1
(relay)    40    43    10224.04    10    10194.2    1    1
(generate)    15    10275.24    [23]    10
(relay)    30    30    10291.25    10    10290.3    5    1
(advertise)    15    10291.45    30    10
(relay)    40    28    10393.66    10    10393.0    1    1
(relay)    19    19    10427.06    10    10426.58    4    1
(advertise)    15    10427.26    19    10
(relay)    21    21    10459.67    10    10458.57    5    1
(advertise)    15    10459.87    21    10
(relay)    21    22    10495.49    10    10494.7    2    1
(advertise)    15    10495.69    22    10
(relay)    19    41    10516.5    10    10474.47    2    1
(advertise)    15    10516.9    41    10
(relay)    19    12    10539.91    10    10538.02    3    1
(advertise)    15    10540.71    12    10
(relay)    18    32    10619.13    10    10613.0    1    1
(relay)    17    20    10663.93    10    10663.05    2    1
(advertise)    15    10664.13    20    10
(relay)    18    18    10687.74    10    10687.72    4    1
(advertise)    15    10687.94    18    10
(relay)    30    9    10725.35    10    10722.3    1    1
(relay)    30    48    10754.15    10    10753.45    2    1
(advertise)    15    10754.35    48    10
(relay)    18    14    10777.17    10    10769.04    1    1
(relay)    30    7    10808.17    10    10804.28    3    1
(advertise)    15    10808.37    7    10
(relay)    18    8    10830.38    10    10819.03    4    1
(advertise)    15    10830.58    8    10
(relay)    17    17    10841.39    10    10840.32    5    1
(advertise)    15    10852.19    17    10
(relay)    17    0    10862.0    10    10847.38    1    1
(relay)    19    11    10922.4    10    10853.68    2    1
(advertise)    15    10922.6    11    10
(relay)    40    40    10997.42    10    10996.45    4    1
(advertise)    15    10997.62    40    10
(relay)    40    42    11013.43    10    10949.28    1    1
(relay)    17    27    11020.83    11    11013.56    1    1
(relay)    19    35    11031.03    10    11001.66    3    1
(advertise)    15    11031.23    35    10
(relay)    19    46    11055.04    11    11040.51    1    1
(relay)    21    31    11078.64    11    11076.1    1    1
(relay)    30    38    11100.24    12    11072    124    1
(advertise)    15    11100.44    38    12
(relay)    30    10    11121.46    11    11046.86    3    1
(advertise)    15    11121.66    10    11
(relay)    17    43    11214.47    11    11194.25    1    1
(generate)    15    11275.27    [23]    11
(relay)    30    30    11291.48    11    11290.47    5    1
(advertise)    15    11291.68    30    11
(relay)    18    34    11369.7    12    11364    122    1
(advertise)    15    11369.9    34    12
(relay)    21    28    11394.31    11    11393.09    1    1
(relay)    19    19    11427.31    11    11426.75    4    1
(advertise)    15    11427.51    19    11
(relay)    21    21    11459.72    11    11458.7    5    1
(advertise)    15    11459.92    21    11
(relay)    30    22    11495.13    11    11494.88    3    1
(advertise)    15    11495.33    22    11
(relay)    17    41    11517.35    11    11474.63    1    1
(relay)    30    12    11540.35    11    11538.05    3    1
(advertise)    15    11540.55    12    11
(relay)    17    32    11615.56    11    11613.0    2    1
(advertise)    15    11615.76    32    11
(relay)    18    18    11688.37    11    11687.89    4    1
(advertise)    15    11688.57    18    11
(relay)    19    9    11725.59    11    11722.37    1    1
(relay)    40    7    11810.59    11    11804.45    2    1
(advertise)    15    11810.79    7    11
(relay)    40    8    11831.8    11    11819.06    4    1
(advertise)    15    11834.0    8    11
(relay)    17    17    11840.61    11    11840.44    5    1
(advertise)    15    11857.21    17    11
(relay)    17    0    11865.03    11    11847.52    1    1
(relay)    40    29    11898.03    11    11850.29    1    1
(relay)    30    2    11899.43    11    11817.35    1    1
(relay)    40    33    11919.43    11    11835.43    1    1
(relay)    40    4    11939.83    11    11938.94    1    1
(relay)    40    42    11986.03    11    11949.29    1    1
(relay)    40    40    11997.63    11    11996.64    4    1
(advertise)    15    11997.83    40    11
(relay)    19    27    12021.64    12    12013.71    1    1
(relay)    40    35    12042.24    11    12001.69    2    1
(advertise)    15    12042.44    35    11
(relay)    40    46    12066.05    12    12040.62    1    1
(relay)    17    10    12075.05    12    12046.99    3    1
(advertise)    15    12075.25    10    12
(relay)    30    31    12096.46    12    12076.22    1    1
(relay)    40    44    12145.86    12    12130.13    1    1
(relay)    40    43    12196.26    12    12194.29    1    1
(generate)    15    12275.46    [23]    12
(relay)    30    30    12290.68    12    12290.58    5    1
(advertise)    15    12290.88    30    12
(relay)    19    28    12393.69    12    12393.18    1    1
(relay)    19    19    12427.49    12    12426.88    4    1
(advertise)    15    12427.69    19    12
(relay)    21    21    12459.7    12    12458.75    5    1
(advertise)    15    12459.9    21    12
(relay)    19    12    12540.52    12    12538.06    3    1
(advertise)    15    12540.72    12    12
(relay)    40    32    12615.93    12    12613.0    2    1
(advertise)    15    12616.13    32    12
(relay)    19    20    12663.54    12    12663.06    3    1
(advertise)    15    12663.74    20    12
(relay)    18    18    12688.56    12    12688.01    4    1
(advertise)    15    12688.76    18    12
(relay)    40    47    12717.57    12    12696.65    1    1
(relay)    18    9    12724.97    12    12722.48    1    1
(relay)    30    48    12753.97    12    12753.63    2    1
(advertise)    15    12754.17    48    12
(relay)    18    14    12779.18    12    12769.95    1    1
(relay)    19    7    12810.18    12    12804.6    3    1
(advertise)    15    12810.38    7    12
(relay)    18    8    12831.79    12    12819.07    4    1
(advertise)    15    12832.59    8    12
(relay)    17    17    12840.61    12    12840.51    5    1
(advertise)    15    12853.61    17    12
(relay)    17    0    12864.22    12    12847.59    1    1
(relay)    40    2    12876.22    12    12817.42    1    1
(relay)    19    33    12901.02    12    12835.51    1    1
(relay)    30    4    12940.22    12    12938.97    1    1
(relay)    19    11    12961.82    12    12854.0    2    1
(advertise)    15    12962.02    11    12
(relay)    40    40    12997.83    12    12996.82    4    1
(advertise)    15    12998.03    40    12
(heartbeat)    23    3    12984.23    15    13009.25    3    4
(advertise)    15    13021.05    23    3
(relay)    19    46    13042.86    13    13040.7    1    1
(relay)    21    27    13057.66    13    13013.85    1    1
(relay)    21    10    13080.46    13    13047.1    1    1
(relay)    19    35    13086.66    12    13001.85    1    1
(relay)    17    31    13101.66    13    13076.27    1    1
(relay)    19    38    13129.46    14    13072    123    1
(advertise)    15    13129.66    38    14
(relay)    40    43    13227.07    13    13194.36    1    1
(generate)    15    13275.47    [23]    13
(relay)    30    30    13290.69    13    13290.68    4    1
(advertise)    15    13290.89    30    13
(relay)    40    24    13348.7    13    13324.43    1    1
(relay)    40    34    13370.5    14    13364    119    1
(advertise)    15    13370.7    34    14
(relay)    19    28    13395.11    13    13393.28    1    1
(relay)    19    19    13428.11    13    13427.06    4    1
(advertise)    15    13428.31    19    13
(relay)    21    21    13458.92    13    13458.83    5    1
(advertise)    15    13459.12    21    13
(relay)    30    41    13480.34    13    13474.91    2    1
(advertise)    15    13480.54    41    13
(relay)    19    22    13502.15    13    13495.0    3    1
(advertise)    15    13502.35    22    13
(relay)    18    12    13539.36    13    13538.07    3    1
(advertise)    15    13539.56    12    13
(relay)    17    32    13616.38    13    13613.01    2    1
(advertise)    15    13616.58    32    13
(relay)    19    5    13635.99    13    13540.46    1    1
(relay)    19    20    13663.79    13    13663.08    3    1
(advertise)    15    13663.99    20    13
(relay)    18    18    13688.6    13    13688.03    4    1
(advertise)    15    13690.0    18    13
(relay)    40    47    13714.22    13    13696.66    1    1
(relay)    30    48    13754.22    13    13753.77    2    1
(advertise)    15    13754.42    48    13
(relay)    30    14    13777.83    13    13769.98    1    1
(relay)    18    7    13809.43    13    13804.79    2    1
(advertise)    15    13809.63    7    13
(relay)    17    8    13829.24    13    13819.14    3    1
(advertise)    15    13830.64    8    13
(relay)    17    17    13840.65    13    13840.64    5    1
(advertise)    15    13853.05    17    13
(relay)    17    0    13864.67    13    13847.72    1    1
(relay)    18    2    13875.27    13    13817.52    1    1
(relay)    40    33    13899.47    13    13835.6    1    1
(relay)    40    29    13920.67    13    13850.37    1    1
(relay)    18    11    13965.47    13    13854.15    1    1
(relay)    40    42    13988.07    13    13949.36    1    1
(relay)    40    40    13996.87    13    13996.86    4    1
(advertise)    15    13997.07    40    13
(relay)    19    35    14021.08    13    14002.03    2    1
(advertise)    15    14021.28    35    13
(relay)    19    27    14043.89    14    14014.02    1    1
(relay)    18    46    14068.29    14    14040.79    1    1
(relay)    30    38    14088.49    15    14072    124    1
(advertise)    15    14088.69    38    15
(relay)    40    10    14091.11    14    14047.18    2    1
(advertise)    15    14110.71    10    14
(relay)    40    31    14113.12    14    14076.39    2    1
(advertise)    15    14133.32    31    14
(relay)    21    43    14202.33    14    14194.46    1    1
(generate)    15    14275.53    [23]    14
(relay)    30    30    14290.95    14    14290.83    4    1
(advertise)    15    14291.15    30    14
(relay)    18    34    14368.36    15    14364    121    1
(advertise)    15    14368.56    34    15
(relay)    19    19    14428.17    14    14427.25    4    1
(advertise)    15    14428.37    19    14
(relay)    21    21    14458.98    14    14458.92    5    1
(advertise)    15    14459.18    21    14
(relay)    19    41    14484.0    14    14475.08    2    1
(advertise)    15    14484.2    41    14
(relay)    19    22    14506.81    14    14495.01    3    1
(advertise)    15    14508.01    22    14
(relay)    18    12    14538.42    14    14538.13    3    1
(advertise)    15    14538.62    12    14
(relay)    18    5    14574.64    14    14540.54    1    1
(relay)    18    32    14615.44    14    14613.01    2    1
(advertise)    15    14615.64    32    14
(relay)    30    20    14664.85    14    14663.11    2    1
(advertise)    15    14665.05    20    14
(relay)    18    18    14689.26    14    14688.22    4    1
(advertise)    15    14689.66    18    14
(relay)    30    48    14755.08    14    14753.91    2    1
(advertise)    15    14755.28    48    14
(relay)    21    7    14809.69    14    14804.81    1    1
(relay)    40    8    14829.89    14    14819.25    3    1
(advertise)    15    14830.09    8    14
(relay)    17    17    14841.3    14    14840.74    5    1
(advertise)    15    14853.5    17    14
(relay)    17    0    14868.71    14    14847.81    1    1
(relay)    30    2    14875.51    14    14817.58    1    1
(relay)    18    11    14920.31    14    14854.31    2    1
(advertise)    15    14920.51    11    14
(relay)    40    29    14922.53    14    14850.47    1    1
(relay)    18    33    14943.53    14    14835.66    1    1
(relay)    17    4    14978.53    14    14939.19    1    1
(relay)    40    40    14997.13    14    14997.04    4    1
(advertise)    15    14997.33    40    14
(relay)    40    35    15023.34    14    15002.22    2    1
(advertise)    15    15023.94    35    14
(relay)    40    27    15045.35    15    15014.2    1    1
(relay)    19    46    15068.35    15    15040.86    1    1
(relay)    40    31    15088.75    15    15076.48    2    1
(advertise)    15    15088.95    31    15
(relay)    18    10    15091.37    15    15047.3    1    1
(relay)    30    38    15130.57    16    15072    123    1
(advertise)    15    15130.77    38    16
(generate)    15    15275.58    [23]    15
(relay)    30    30    15291.59    15    15290.98    4    1
(advertise)    15    15291.79    30    15
(relay)    21    34    15366.01    16    15364    122    1
(advertise)    15    15366.21    34    16
(relay)    17    28    15395.62    15    15393.46    1    1
(relay)    19    19    15428.42    15    15427.43    4    1
(advertise)    15    15428.62    19    15
(relay)    21    21    15459.23    15    15459.04    5    1
(advertise)    15    15459.43    21    15
(relay)    19    41    15486.64    15    15475.09    2    1
(advertise)    15    15486.84    41    15
(relay)    18    22    15508.46    15    15495.18    3    1
(advertise)    15    15509.46    22    15
(relay)    40    12    15538.47    15    15538.17    3    1
(advertise)    15    15538.67    12    15
(relay)    30    5    15604.08    15    15540.63    1    1
(relay)    40    32    15624.08    15    15613.01    2    1
(advertise)    15    15624.28    32    15
(relay)    18    20    15664.3    15    15663.13    3    1
(advertise)    15    15664.5    20    15
(relay)    18    18    15689.51    15    15688.41    4    1
(advertise)    15    15689.71    18    15
(relay)    30    9    15731.52    15    15722.76    1    1
(relay)    18    48    15755.52    15    15754.05    2    1
(advertise)    15    15755.72    48    15
(relay)    40    7    15806.54    15    15804.83    1    1
(relay)    21    8    15819.94    15    15819.38    3    1
(advertise)    15    15820.14    8    15
(relay)    17    17    15841.35    15    15840.86    5    1
(advertise)    15    15841.75    17    15
(relay)    21    0    15866.56    15    15847.94    1    1
(relay)    40    2    15893.56    15    15817.66    1    1
(relay)    19    11    15896.96    15    15854.47    2    1
(advertise)    15    15897.16    11    15
(relay)    40    4    15943.37    15    15939.38    1    1
(relay)    40    40    15997.37    15    15997.21    4    1
(advertise)    15    15997.57    40    15
(relay)    40    27    16020.39    16    16014.38    1    1
(relay)    18    35    16023.99    15    16002.23    2    1
(advertise)    15    16024.19    35    15
(relay)    30    46    16055.8    16    16040.94    1    1
(relay)    40    10    16063.4    16    16047.43    2    1
(advertise)    15    16063.6    10    16
(relay)    40    38    16085.01    17    16072    124    1
(advertise)    15    16085.21    38    17
(generate)    15    16275.63    [23]    16
(relay)    30    30    16291.64    16    16291.12    4    1
(advertise)    15    16291.84    30    16
(relay)    19    28    16396.45    16    16393.6    1    1
(relay)    19    19    16427.65    16    16427.54    4    1
(advertise)    15    16427.85    19    16
(relay)    21    21    16459.67    16    16459.13    5    1
(advertise)    15    16459.87    21    16
(relay)    30    41    16485.48    16    16475.28    1    1
(relay)    17    22    16497.48    16    16495.3    3    1
(advertise)    15    16497.68    22    16
(relay)    30    12    16538.49    16    16538.2    3    1
(advertise)    15    16538.69    12    16
(relay)    19    20    16664.3    16    16663.13    3    1
(advertise)    15    16664.5    20    16
(relay)    18    18    16689.52    16    16688.51    4    1
(advertise)    15    16689.72    18    16
(relay)    30    9    16723.53    16    16722.89    1    1
(relay)    40    48    16755.73    16    16754.13    2    1
(advertise)    15    16755.93    48    16
(relay)    30    14    16781.34    16    16770.08    1    1
(relay)    17    7    16806.34    16    16805.02    2    1
(advertise)    15    16806.54    7    16
(relay)    30    8    16820.16    16    16819.43    3    1
(advertise)    15    16828.76    8    16
(relay)    17    17    16841.57    16    16840.92    5    1
(advertise)    15    16849.77    17    16
(relay)    30    2    16864.58    16    16817.74    1    1
(relay)    21    0    16875.18    16    16848.05    1    1
(relay)    30    11    16941.18    16    16854.59    2    1
(advertise)    15    16941.38    11    16
(relay)    40    40    16997.8    16    16997.31    4    1
(advertise)    15    16998.0    40    16
(heartbeat)    23    4    16984.24    15    17019.81    3    4
(advertise)    15    17020.41    23    4
(relay)    18    46    17045.22    17    17041.05    1    1
(relay)    17    27    17064.02    17    17014.51    1    1
(relay)    17    35    17087.02    16    17002.38    1    1
(relay)    40    31    17088.42    17    17076.66    2    1
(advertise)    15    17088.62    31    17
(relay)    40    43    17212.63    17    17194.6    1    1
(generate)    15    17275.63    [23]    17
(relay)    30    30    17291.85    17    17291.26    4    1
(advertise)    15    17292.05    30    17
(relay)    19    19    17427.86    17    17427.66    4    1
(advertise)    15    17428.06    19    17
(relay)    21    21    17459.67    17    17459.18    5    1
(advertise)    15    17459.87    21    17
(relay)    19    41    17487.09    17    17475.44    1    1
(relay)    17    22    17497.69    17    17495.39    3    1
(advertise)    15    17497.89    22    17
(relay)    30    12    17539.3    17    17538.37    3    1
(advertise)    15    17539.5    12    17
(relay)    19    32    17619.31    17    17613.22    2    1
(advertise)    15    17619.51    32    17
(relay)    30    20    17666.13    17    17663.32    2    1
(advertise)    15    17666.33    20    17
(relay)    18    18    17688.74    17    17688.59    4    1
(advertise)    15    17690.14    18    17
(relay)    18    9    17724.55    17    17722.99    1    1
(relay)    21    48    17757.55    17    17754.2    1    1
(relay)    40    14    17779.15    17    17770.16    1    1
(relay)    17    17    17841.95    17    17840.96    5    1
(advertise)    15    17842.15    17    17
(relay)    40    0    17864.76    17    17848.18    1    1
(relay)    30    2    17887.76    17    17817.83    1    1
(relay)    40    29    17889.36    17    17850.81    1    1
(relay)    18    11    17910.36    17    17854.7    2    1
(advertise)    15    17910.56    11    17
(relay)    18    33    17951.78    17    17835.98    1    1
(relay)    18    4    17972.98    17    17939.43    1    1
(relay)    40    42    17985.58    17    17949.9    1    1
(relay)    40    40    17997.98    17    17997.46    4    1
(advertise)    15    17998.18    40    17
(relay)    40    27    18022.39    18    18014.69    1    1
(relay)    40    46    18044.99    18    18041.16    1    1
(relay)    18    35    18066.39    17    18002.55    1    1
(relay)    21    38    18078.39    19    18072    123    1
(advertise)    15    18078.59    38    19
(relay)    21    31    18101.8    18    18076.76    1    1
(generate)    15    18275.8    [23]    18
(relay)    30    30    18292.42    18    18291.38    4    1
(advertise)    15    18292.62    30    18
(relay)    40    24    18347.23    18    18326.22    1    1
(relay)    18    34    18369.03    19    18364    120    1
(advertise)    15    18369.23    34    19
(relay)    30    28    18397.24    18    18393.84    1    1
(relay)    19    19    18427.84    18    18427.82    4    1
(advertise)    15    18428.04    19    18
(relay)    21    21    18459.86    18    18459.22    5    1
(advertise)    15    18460.06    21    18
(relay)    18    41    18488.67    18    18475.62    2    1
(advertise)    15    18488.87    41    18
(relay)    17    22    18496.88    18    18495.53    3    1
(advertise)    15    18512.48    22    18
(relay)    19    12    18540.09    18    18538.54    3    1
(advertise)    15    18540.49    12    18
(relay)    18    32    18614.51    18    18613.4    2    1
(advertise)    15    18614.71    32    18
(relay)    18    20    18665.92    18    18663.51    3    1
(advertise)    15    18666.12    20    18
(relay)    18    18    18688.93    18    18688.75    4    1
(advertise)    15    18689.33    18    18
(relay)    18    9    18725.15    18    18723.13    1    1
(relay)    18    48    18756.75    18    18754.28    2    1
(advertise)    15    18756.95    48    18
(relay)    18    8    18821.36    18    18819.48    3    1
(advertise)    15    18821.56    8    18
(relay)    17    17    18841.97    18    18841.0    5    1
(advertise)    15    18842.57    17    18
(relay)    17    0    18864.39    18    18848.34    1    1
(relay)    19    2    18886.79    18    18817.9    1    1
(relay)    18    11    18911.79    18    18854.84    2    1
(advertise)    15    18911.99    11    18
(relay)    40    33    18957.6    18    18836.02    1    1
(relay)    30    4    18978.8    18    18939.46    1    1
(relay)    40    40    18998.2    18    18997.63    4    1
(advertise)    15    18998.4    40    18
(relay)    18    27    19026.61    19    19014.86    1    1
(relay)    40    42    19048.21    18    18950.07    1    1
(relay)    17    38    19076.01    20    19072    122    1
(advertise)    15    19076.21    38    20
(relay)    40    31    19098.42    19    19076.89    2    1
(advertise)    15    19098.62    31    19
(relay)    40    10    19119.64    19    19047.75    1    1
(relay)    17    43    19199.44    19    19194.72    1    1
(generate)    15    19275.84    [23]    19
(relay)    30    30    19292.45    19    19291.49    4    1
(advertise)    15    19292.65    30    19
(relay)    30    34    19370.06    20    19364    122    1
(advertise)    15    19370.26    34    20
(relay)    17    28    19396.68    19    19393.96    1    1
(relay)    19    19    19428.48    19    19427.93    4    1
(advertise)    15    19428.68    19    19
(relay)    21    21    19460.29    19    19459.27    5    1
(advertise)    15    19460.49    21    19
(relay)    18    41    19486.3    19    19475.62    2    1
(advertise)    15    19486.7    41    19
(relay)    18    22    19506.52    19    19495.64    3    1
(advertise)    15    19508.72    22    19
(relay)    17    12    19581.13    19    19538.54    2    1
(advertise)    15    19581.33    12    19
(relay)    30    32    19614.54    19    19613.41    2    1
(advertise)    15    19614.74    32    19
(relay)    19    20    19665.75    19    19663.52    3    1
(advertise)    15    19665.95    20    19
(relay)    18    18    19688.97    19    19688.86    4    1
(advertise)    15    19689.37    18    19
(relay)    30    9    19725.18    19    19723.25    1    1
(relay)    18    14    19779.38    19    19770.26    1    1
(relay)    30    8    19821.18    19    19819.55    3    1
(advertise)    15    19821.38    8    19
(relay)    17    17    19841.99    19    19841.05    5    1
(advertise)    15    19842.59    17    19
(relay)    17    0    19863.61    19    19848.42    1    1
(relay)    40    29    19893.81    19    19852.03    1    1
(relay)    19    33    19920.41    19    19836.12    1    1
(relay)    40    4    19979.41    19    19939.63    1    1
(relay)    40    40    19998.81    19    19997.76    4    1
(advertise)    15    19999.01    40    19
(relay)    40    35    20026.82    19    20002.89    1    1
(relay)    30    27    20033.22    20    20015.02    1    1
(relay)    30    46    20071.42    20    20041.33    1    1
(relay)    40    31    20078.22    20    20076.95    2    1
(advertise)    15    20078.42    31    20
(relay)    17    38    20101.43    21    20072    123    1
(advertise)    15    20102.23    38    21
(relay)    40    43    20203.45    20    20194.77    1    1
(generate)    15    20275.85    [23]    20
(relay)    30    30    20292.66    20    20291.59    4    1
(advertise)    15    20292.86    30    20
(relay)    21    34    20370.67    21    20364    122    1
(advertise)    15    20370.87    34    21
(relay)    18    28    20395.28    20    20394.08    1    1
(relay)    19    19    20428.48    20    20428.03    4    1
(advertise)    15    20428.68    19    20
(relay)    21    21    20460.3    20    20459.32    5    1
(advertise)    15    20460.5    21    20
(relay)    30    41    20517.71    20    20475.81    1    1
(relay)    30    12    20540.51    20    20538.54    3    1
(advertise)    15    20540.71    12    20
(relay)    19    20    20664.12    20    20663.52    3    1
(advertise)    15    20664.32    20    20
(relay)    18    18    20689.54    20    20688.96    4    1
(advertise)    15    20689.94    18    20
(relay)    40    47    20714.75    20    20697.85    1    1
(relay)    18    9    20726.75    20    20723.56    1    1
(relay)    19    48    20754.75    20    20754.46    2    1
(advertise)    15    20754.95    48    20
(relay)    17    17    20841.16    20    20841.1    5    1
(advertise)    15    20841.36    17    20
(relay)    40    2    20864.38    20    20818.11    1    1
(relay)    40    29    20920.98    20    20852.1    1    1
(relay)    18    11    20924.38    20    20855.15    2    1
(advertise)    15    20924.58    11    20
(relay)    17    4    20957.39    20    20939.67    1    1
(heartbeat)    23    5    20984.25    15    20986.99    3    7
(advertise)    15    20987.19    23    5
(relay)    40    40    20999.0    20    20997.94    4    1
(advertise)    15    21008.8    40    20
(relay)    40    27    21028.41    21    21015.19    1    1
(relay)    18    46    21042.01    21    21041.37    1    1
(relay)    40    10    21061.01    21    21047.95    1    1
(relay)    19    31    21084.21    21    21077.23    1    1
(relay)    40    38    21106.21    22    21072    124    1
(advertise)    15    21106.41    38    22
(relay)    40    44    21165.23    21    21131.35    1    1
(generate)    15    21276.03    [23]    21
(relay)    30    30    21291.84    21    21291.72    4    1
(advertise)    15    21292.04    30    21
(relay)    21    34    21372.05    22    21364    122    1
(advertise)    15    21372.25    34    22
(relay)    17    28    21394.67    21    21394.13    1    1
(relay)    19    19    21428.67    21    21428.15    4    1
(advertise)    15    21428.87    19    21
(relay)    21    21    21460.48    21    21459.38    5    1
(advertise)    15    21460.68    21    21
(relay)    21    41    21487.29    21    21476.0    1    1
(relay)    17    22    21496.89    21    21495.93    3    1
(advertise)    15    21497.09    22    21
(relay)    21    12    21542.11    21    21538.73    2    1
(advertise)    15    21542.31    12    21
(relay)    18    32    21616.92    21    21613.62    1    1
(relay)    18    18    21689.72    21    21689.08    4    1
(advertise)    15    21689.92    18    21
(relay)    30    9    21726.53    21    21723.66    1    1
(relay)    17    17    21841.33    21    21841.16    5    1
(advertise)    15    21841.53    17    21
(relay)    17    0    21863.74    21    21848.63    1    1
(relay)    40    29    21887.74    21    21852.42    1    1
(relay)    18    11    21899.14    21    21855.34    2    1
(advertise)    15    21899.34    11    21
(relay)    40    40    21999.16    21    21998.08    4    1
(advertise)    15    21999.36    40    21
(relay)    21    27    22039.77    22    22015.31    1    1
(relay)    40    46    22057.77    22    22041.42    1    1
(relay)    40    31    22079.77    22    22077.32    2    1
(advertise)    15    22079.97    31    22
(relay)    40    10    22100.78    22    22048.1    1    1
(relay)    19    35    22102.58    21    22003.07    1    1
(relay)    40    44    22134.18    22    22131.5    1    1
(relay)    40    43    22195.98    22    22194.86    1    1
(generate)    15    22276.18    [23]    22
(relay)    30    30    22291.8    22    22291.79    4    1
(advertise)    15    22292.0    30    22
(relay)    40    24    22330.01    22    22327.08    1    1
(relay)    21    28    22394.81    22    22394.19    1    1
(relay)    19    19    22429.21    22    22428.21    4    1
(advertise)    15    22429.41    19    22
(relay)    21    21    22459.42    22    22459.41    5    1
(advertise)    15    22459.62    21    22
(relay)    30    41    22495.64    22    22476.17    2    1
(advertise)    15    22495.84    41    22
(relay)    17    22    22497.85    22    22496.62    3    1
(advertise)    15    22517.65    22    22
(relay)    19    12    22541.26    22    22538.91    3    1
(advertise)    15    22542.26    12    22
(relay)    30    32    22617.07    22    22613.81    2    1
(advertise)    15    22617.27    32    22
(relay)    18    18    22689.69    22    22689.15    4    1
(advertise)    15    22689.89    18    22
(relay)    40    9    22726.3    22    22723.75    1    1
(relay)    17    17    22841.3    22    22841.21    5    1
(advertise)    15    22841.5    17    22
(relay)    19    0    22866.11    22    22848.7    1    1
(relay)    40    33    22887.51    22    22836.48    1    1
(relay)    18    11    22919.91    22    22855.48    2    1
(advertise)    15    22920.11    11    22
(relay)    40    4    22957.33    22    22939.85    1    1
(relay)    40    42    22980.93    22    22950.78    1    1
(relay)    40    27    23033.53    23    23015.42    1    1
(relay)    40    10    23057.13    23    23048.13    1    1
(relay)    21    35    23067.33    22    23003.19    1    1
(relay)    40    31    23079.73    23    23077.38    2    1
(advertise)    15    23079.93    31    23
(relay)    40    38    23100.14    24    23072    124    1
(advertise)    15    23101.94    38    24
(relay)    40    44    23147.55    23    23131.66    1    1
(generate)    15    23276.35    [23]    23
(relay)    30    30    23291.97    23    23291.86    4    1
(advertise)    15    23292.17    30    23
(relay)    40    24    23331.18    23    23327.14    1    1
(relay)    30    34    23368.58    24    23364    120    1
(advertise)    15    23368.78    34    24
(relay)    30    28    23395.39    23    23394.31    1    1
(relay)    19    19    23429.39    23    23428.35    4    1
(advertise)    15    23429.59    19    23
(relay)    21    21    23459.6    23    23459.48    5    1
(advertise)    15    23459.8    21    23
(relay)    30    41    23490.62    23    23476.36    1    1
(relay)    17    22    23498.22    23    23496.76    3    1
(advertise)    15    23498.42    22    23
(relay)    18    12    23539.43    23    23539.08    3    1
(advertise)    15    23539.63    12    23
(relay)    40    32    23617.64    23    23613.97    2    1
(advertise)    15    23617.84    32    23
(relay)    30    20    23665.66    23    23663.86    2    1
(advertise)    15    23665.86    20    23
(relay)    18    18    23690.27    23    23689.25    4    1
(advertise)    15    23691.07    18    23
(relay)    40    47    23716.48    23    23698.2    1    1
(relay)    30    48    23755.48    23    23754.77    2    1
(advertise)    15    23755.68    48    23
(relay)    30    8    23821.1    23    23819.74    3    1
(advertise)    15    23821.3    8    23
(relay)    17    17    23841.91    23    23841.28    5    1
(advertise)    15    23843.11    17    23
(relay)    30    0    23864.72    23    23848.78    1    1
(relay)    18    2    23886.92    23    23818.38    1    1
(relay)    40    33    23934.12    23    23836.6    1    1
(relay)    40    4    23955.12    23    23940.01    1    1
(relay)    19    11    23955.52    23    23855.62    2    1
(advertise)    15    23955.72    11    23
(relay)    40    42    23998.13    23    23950.93    1    1
(relay)    40    40    23999.33    23    23999.23    4    1
(advertise)    15    23999.53    40    23
(relay)    40    27    24023.35    24    24015.55    1    1
(relay)    30    46    24044.55    24    24042.22    1    1
(relay)    40    10    24067.95    24    24048.21    1    1
(relay)    21    35    24069.55    23    24003.35    1    1
(relay)    19    38    24090.55    25    24072    124    1
(advertise)    15    24090.75    38    25
(relay)    40    31    24111.36    24    24077.46    2    1
(advertise)    15    24113.96    31    24
(relay)    21    43    24206.37    24    24195.06    1    1
(generate)    15    24276.37    [23]    24
(relay)    30    30    24292.59    24    24291.99    4    1
(advertise)    15    24292.79    30    24
(relay)    40    34    24366.2    25    24364    119    1
(advertise)    15    24366.4    34    25
(relay)    30    28    24396.01    24    24394.38    1    1
(relay)    19    19    24429.41    24    24428.46    4    1
(advertise)    15    24429.61    19    24
(relay)    21    21    24459.63    24    24459.53    5    1
(advertise)    15    24459.83    21    24
(relay)    17    22    24498.64    24    24496.87    3    1
(advertise)    15    24498.84    22    24
(relay)    18    12    24539.85    24    24539.25    3    1
(advertise)    15    24540.05    12    24
(relay)    30    5    24596.06    24    24541.18    1    1
(relay)    17    32    24619.66    24    24614.16    1    1
(relay)    30    20    24665.86    24    24664.04    2    1
(advertise)    15    24666.06    20    24
(relay)    18    18    24690.28    24    24689.35    4    1
(advertise)    15    24690.68    18    24
(relay)    40    47    24715.49    24    24698.35    1    1
(relay)    18    14    24779.29    24    24770.45    1    1
(relay)    21    8    24820.09    24    24819.8    3    1
(advertise)    15    24820.29    8    24
(relay)    17    17    24841.9    24    24841.36    5    1
(advertise)    15    24842.3    17    24
(relay)    17    0    24865.92    24    24848.9    1    1
(relay)    18    2    24866.32    24    24818.46    1    1
(relay)    40    29    24908.12    24    24852.74    1    1
(relay)    19    11    24913.32    24    24855.74    2    1
(advertise)    15    24913.52    11    24
(relay)    18    33    24935.33    24    24836.66    1    1
(relay)    40    40    24999.53    24    24999.42    4    1
(advertise)    15    24999.73    40    24
(heartbeat)    23    6    24984.27    15    25001.34    3    7
(advertise)    15    25022.74    23    6
(relay)    18    4    25029.96    24    24940.06    1    1
(relay)    40    46    25052.96    25    25042.29    1    1
(relay)    17    27    25070.76    25    25015.72    1    1
(relay)    40    31    25095.76    25    25077.55    2    1
(advertise)    15    25095.96    31    25
(relay)    40    10    25117.97    25    25048.28    1    1
(relay)    19    38    25119.57    26    25072    124    1
(advertise)    15    25119.97    38    26
(relay)    40    44    25166.78    25    25131.82    1    1
(relay)    40    43    25208.98    25    25195.16    1    1
(generate)    15    25276.38    [23]    25
(relay)    30    30    25292.59    25    25292.11    4    1
(advertise)    15    25292.79    30    25
(relay)    30    34    25366.81    26    25364    122    1
(advertise)    15    25367.01    34    26
(relay)    17    28    25396.82    25    25394.48    1    1
(relay)    19    19    25429.62    25    25428.6    4    1
(advertise)    15    25429.82    19    25
(relay)    21    21    25459.63    25    25459.63    5    1
(advertise)    15    25459.83    21    25
(relay)    30    22    25498.85    25    25497.02    3    1
(advertise)    15    25499.05    22    25
(relay)    21    12    25554.66    25    25539.27    2    1
(advertise)    15    25554.86    12    25
(relay)    17    32    25615.27    25    25614.34    2    1
(advertise)    15    25615.47    32    25
(relay)    18    18    25690.49    25    25689.49    4    1
(advertise)    15    25690.69    18    25
(relay)    40    9    25724.7    25    25724.06    1    1
(relay)    30    48    25756.5    25    25754.98    2    1
(advertise)    15    25756.7    48    25
(relay)    21    8    25820.11    25    25819.88    3    1
(advertise)    15    25820.31    8    25
(relay)    17    17    25841.92    25    25841.44    5    1
(advertise)    15    25842.72    17    25
(relay)    17    0    25867.74    25    25849.06    1    1
(relay)    40    29    25889.54    25    25852.86    1    1
(relay)    40    33    25910.54    25    25836.75    1    1
(relay)    30    11    25917.74    25    25855.91    1    1
(relay)    21    4    25943.54    25    25940.13    1    1
(relay)    40    42    25977.74    25    25950.94    1    1
(relay)    40    40    25999.54    25    25999.43    4    1
(advertise)    15    25999.74    40    25
(relay)    40    27    26023.15    26    26015.89    1    1
(relay)    40    46    26046.35    26    26042.97    1    1
(relay)    30    38    26075.15    27    26072    123    1
(advertise)    15    26075.35    38    27
(relay)    40    31    26097.36    26    26077.66    2    1
(advertise)    15    26098.56    31    26
(relay)    40    10    26118.98    26    26048.4    1    1
(relay)    40    44    26221.78    26    26131.83    1    1
(generate)    15    26276.58    [23]    26
(relay)    30    30    26292.79    26    26292.2    4    1
(advertise)    15    26292.99    30    26
(relay)    40    24    26347.0    26    26327.92    1    1
(relay)    30    34    26369.4    27    26364    122    1
(advertise)    15    26369.6    34    27
(relay)    21    28    26397.22    26    26394.61    1    1
(relay)    19    19    26428.82    26    26428.72    4    1
(advertise)    15    26429.02    19    26
(relay)    21    21    26460.23    26    26459.68    5    1
(advertise)    15    26460.43    21    26
(relay)    40    41    26520.24    26    26476.39    2    1
(advertise)    15    26520.44    41    26
(relay)    17    12    26541.25    26    26539.46    2    1
(advertise)    15    26542.45    12    26
(relay)    40    6    26563.87    26    26503.91    1    1
(relay)    21    32    26615.87    26    26614.5    1    1
(relay)    19    20    26666.27    26    26664.39    3    1
(advertise)    15    26666.47    20    26
(relay)    18    18    26690.68    26    26689.62    4    1
(advertise)    15    26691.08    18    26
(relay)    40    47    26716.49    26    26698.7    1    1
(relay)    19    9    26725.09    26    26724.2    1    1
(relay)    30    48    26756.69    26    26755.07    2    1
(advertise)    15    26756.89    48    26
(relay)    18    14    26782.31    26    26770.69    1    1
(relay)    21    8    26820.91    26    26819.91    3    1
(advertise)    15    26821.11    8    26
(relay)    17    17    26842.12    26    26841.54    5    1
(advertise)    15    26844.12    17    26
(relay)    19    0    26868.73    26    26849.15    1    1
(relay)    40    29    26892.73    26    26852.97    1    1
(relay)    40    33    26918.53    26    26836.81    1    1
(relay)    30    11    26933.73    26    26856.04    2    1
(advertise)    15    26933.93    11    26
(relay)    40    4    26985.55    26    26940.32    1    1
(relay)    40    40    26999.95    26    26999.44    4    1
(advertise)    15    27000.15    40    26
(relay)    40    42    27008.76    26    26950.97    1    1
(relay)    30    27    27030.56    27    27016.03    1    1
(relay)    19    46    27052.96    27    27043.02    1    1
(relay)    19    35    27074.56    26    27003.89    1    1
(relay)    40    31    27100.76    27    27077.75    2    1
(advertise)    15    27100.96    31    27
(relay)    40    44    27160.77    27    27132.02    1    1
(relay)    40    43    27197.97    27    27195.28    1    1
(generate)    15    27276.77    [23]    27
(relay)    30    30    27293.18    27    27292.27    4    1
(advertise)    15    27293.38    30    27
(relay)    21    28    27397.4    27    27394.66    1    1
(relay)    19    19    27429.0    27    27428.82    4    1
(advertise)    15    27429.2    19    27
(relay)    21    21    27460.21    27    27459.7    5    1
(advertise)    15    27460.41    21    27
(relay)    40    41    27488.02    27    27476.57    1    1
(relay)    40    22    27509.02    27    27497.22    3    1
(advertise)    15    27509.22    22    27
(relay)    30    12    27540.44    27    27539.65    3    1
(advertise)    15    27540.64    12    27
(relay)    18    20    27666.65    27    27664.57    3    1
(advertise)    15    27666.85    20    27
(relay)    18    18    27689.86    27    27689.71    4    1
(advertise)    15    27690.06    18    27
(relay)    30    9    27725.28    27    27724.28    1    1
(relay)    30    48    27756.88    27    27755.14    2    1
(advertise)    15    27757.08    48    27
(relay)    30    8    27821.09    27    27819.95    3    1
(advertise)    15    27821.29    8    27
(relay)    17    17    27842.5    27    27841.54    5    1
(advertise)    15    27844.1    17    27
(relay)    17    0    27866.11    27    27850.29    1    1
(relay)    19    33    27888.51    27    27836.96    1    1
(relay)    30    2    27889.91    27    27818.7    1    1
(relay)    30    11    27934.51    27    27856.16    1    1
(relay)    40    4    27956.31    27    27940.32    1    1
(relay)    40    42    27980.31    27    27950.97    1    1
(relay)    40    40    28000.11    27    27999.58    4    1
(advertise)    15    28000.31    40    27
(relay)    30    27    28023.93    28    28016.18    1    1
(relay)    40    46    28045.53    28    28043.08    1    1
(relay)    30    38    28073.33    29    28072    124    1
(advertise)    15    28073.53    38    29
(relay)    40    31    28095.74    28    28077.83    2    1
(advertise)    15    28096.14    31    28
(relay)    21    43    28198.55    28    28195.31    1    1
(generate)    15    28276.95    [23]    28
(relay)    30    30    28293.37    28    28292.36    4    1
(advertise)    15    28293.57    30    28
(relay)    30    28    28397.98    28    28394.78    1    1
(relay)    19    19    28428.98    28    28428.91    4    1
(advertise)    15    28429.18    19    28
(relay)    21    21    28460.39    28    28459.76    5    1
(advertise)    15    28460.59    21    28
(relay)    18    41    28488.01    28    28476.57    2    1
(advertise)    15    28488.21    41    28
(relay)    19    22    28508.42    28    28497.36    2    1
(advertise)    15    28509.42    22    28
(relay)    17    12    28542.03    28    28539.8    2    1
(advertise)    15    28542.23    12    28
(relay)    30    6    28576.44    28    28504.21    1    1
(relay)    19    32    28615.84    28    28614.86    2    1
(advertise)    15    28616.04    32    28
(relay)    30    20    28667.46    28    28664.57    2    1
(advertise)    15    28667.66    20    28
(relay)    18    18    28689.87    28    28689.81    4    1
(advertise)    15    28692.07    18    28
(relay)    30    48    28757.88    28    28755.45    2    1
(advertise)    15    28758.08    48    28
(relay)    19    14    28780.9    28    28770.82    1    1
(relay)    17    17    28842.7    28    28841.63    5    1
(advertise)    15    28842.9    17    28
(relay)    30    0    28874.31    28    28850.38    1    1
(relay)    40    29    28897.51    28    28853.94    1    1
(relay)    30    11    28919.31    28    28856.31    2    1
(advertise)    15    28919.51    11    28
(heartbeat)    23    7    28984.28    15    28985.32    3    7
(advertise)    15    28985.52    23    7
(relay)    40    40    29000.34    28    28999.71    4    1
(advertise)    15    29008.14    40    28
(relay)    30    27    29030.95    29    29016.3    1    1
(relay)    19    46    29051.15    29    29043.18    1    1
(relay)    30    38    29076.35    30    29072    124    1
(advertise)    15    29076.55    38    30
(relay)    40    10    29100.56    29    29048.73    1    1
(relay)    40    44    29174.96    29    29132.4    1    1
(relay)    40    43    29217.96    29    29195.34    1    1
(generate)    15    29276.96    [23]    29
(relay)    30    30    29293.37    29    29292.46    4    1
(advertise)    15    29293.57    30    29
(relay)    40    24    29350.39    29    29328.28    1    1
(relay)    18    34    29370.19    30    29364    122    1
(advertise)    15    29370.39    34    30
(relay)    40    28    29396.4    29    29394.89    1    1
(relay)    19    19    29429.6    29    29429.01    4    1
(advertise)    15    29429.8    19    29
(relay)    21    21    29460.81    29    29459.79    5    1
(advertise)    15    29461.01    21    29
(relay)    18    41    29489.83    29    29476.73    2    1
(advertise)    15    29490.03    41    29
(relay)    21    22    29498.24    29    29497.46    2    1
(advertise)    15    29512.04    22    29
(relay)    40    6    29538.65    29    29504.4    1    1
(relay)    30    12    29541.45    29    29539.98    3    1
(advertise)    15    29541.65    12    29
(relay)    30    32    29615.87    29    29614.86    2    1
(advertise)    15    29616.07    32    29
(relay)    18    20    29664.88    29    29664.58    3    1
(advertise)    15    29665.08    20    29
(relay)    18    18    29689.89    29    29689.89    4    1
(advertise)    15    29690.09    18    29
(relay)    40    9    29727.3    29    29724.51    1    1
(relay)    40    48    29755.9    29    29755.53    2    1
(advertise)    15    29756.1    48    29
(relay)    17    17    29842.72    29    29841.68    5    1
(advertise)    15    29842.92    17    29
(relay)    17    0    29864.53    29    29850.55    1    1
(relay)    30    2    29865.33    29    29818.89    1    1
(relay)    19    33    29910.73    29    29837.15    1    1
(relay)    40    29    29911.33    29    29854.03    1    1
(relay)    18    11    29934.13    29    29856.5    2    1
(advertise)    15    29934.53    11    29
(relay)    40    4    29980.74    29    29940.53    1    1
