(relay)    35    38    75.0    1    72    124    1
(advertise)    3    75.2    38    1
(relay)    34    34    365.01    1    364    127    1
(advertise)    3    365.21    34    1
(relay)    37    27    1012.63    1    1012.03    124    1
(advertise)    3    1012.83    27    1
(relay)    25    46    1040.64    1    1039.04    125    1
(advertise)    3    1040.84    46    1
(relay)    25    10    1062.85    1    1045.05    125    1
(relay)    45    26    1063.25    1    1041.04    125    2
(advertise)    3    1064.05    10    1
(relay)    16    38    1087.07    2    1072    125    2
(advertise)    3    1087.67    26    1
(relay)    25    31    1105.08    1    1074.07    124    2
(advertise)    3    1110.48    38    2
(relay)    25    25    1116.09    1    1116.09    127    2
(advertise)    3    1132.09    31    1
(relay)    26    44    1149.3    1    1129.09    126    2
(advertise)    3    1153.1    25    1
(advertise)    3    1174.92    44    1
(relay)    26    43    1194.33    1    1193.13    126    1
(advertise)    3    1196.33    43    1
(relay)    37    15    1277.14    1    1274.14    121    1
(advertise)    3    1277.34    15    1
(relay)    45    30    1299.36    1    1289.16    122    1
(advertise)    3    1299.96    30    1
(relay)    1    1    1319.57    1    1319.0    127    1
(advertise)    3    1321.97    1    1
(relay)    45    24    1344.78    1    1322.17    125    1
(advertise)    3    1344.98    24    1
(relay)    34    34    1365.0    2    1364    127    1
(advertise)    3    1366.0    34    2
(relay)    25    28    1392.81    1    1392.01    125    1
(advertise)    3    1393.21    28    1
(relay)    16    16    1395.42    1    1395.42    127    1
(generate)    3    1411.02    [23]    1
(advertise)    3    1414.63    16    1
(relay)    37    19    1462.65    1    1425.03    123    1
(advertise)    3    1462.85    19    1
(relay)    26    21    1485.06    1    1457.05    122    1
(advertise)    3    1485.86    21    1
(relay)    6    6    1499.67    1    1499.07    127    1
(relay)    26    36    1506.47    1    1498.07    126    2
(advertise)    3    1508.67    6    1
(advertise)    3    1531.69    36    1
(relay)    7    41    1532.9    1    1473.06    123    1
(relay)    5    5    1540.1    1    1539.1    127    2
(advertise)    3    1552.7    41    1
(relay)    26    22    1572.31    1    1493.07    122    2
(advertise)    3    1573.71    5    1
(advertise)    3    1595.13    22    1
(relay)    6    12    1605.14    1    1537.1    122    1
(advertise)    3    1616.34    12    1
(relay)    6    39    1628.35    1    1624.15    125    1
(advertise)    3    1637.75    39    1
(relay)    6    32    1649.76    1    1612.14    122    1
(advertise)    3    1658.76    32    1
(relay)    35    20    1686.38    1    1661.78    123    1
(advertise)    3    1686.78    20    1
(relay)    6    47    1711.39    1    1695.18    125    1
(advertise)    3    1711.59    47    1
(relay)    45    45    1716.0    1    1715.0    127    1
(relay)    37    18    1731.2    1    1686.39    122    2
(advertise)    3    1732.6    45    1
(relay)    7    9    1752.82    1    1720.0    125    2
(advertise)    3    1753.62    18    1
(advertise)    3    1775.83    9    1
(relay)    7    14    1798.44    1    1767.03    126    1
(advertise)    3    1798.64    14    1
(relay)    7    7    1804.06    1    1803.06    127    1
(advertise)    3    1819.66    7    1
(relay)    45    48    1821.07    1    1752.23    123    1
(advertise)    3    1840.87    48    1
(relay)    7    2    1842.48    1    1816.06    125    1
(advertise)    3    1862.28    2    1
(relay)    7    33    1864.89    1    1834.07    125    1
(advertise)    3    1883.29    33    1
(relay)    7    13    1887.31    1    1849.08    126    1
(relay)    37    37    1889.11    1    1888.11    127    2
(advertise)    3    1906.31    13    1
(relay)    26    0    1912.32    1    1846.07    125    2
(advertise)    3    1927.92    37    1
(relay)    35    8    1930.53    1    1818.07    124    2
(relay)    16    11    1935.13    1    1852.08    126    3
(advertise)    3    1949.53    0    1
(relay)    37    29    1953.75    1    1849.08    125    3
(advertise)    3    1970.55    8    1
(advertise)    3    1992.56    11    1
(relay)    37    42    1997.77    1    1948.13    126    2
(relay)    35    35    2000.17    1    1999.16    127    3
(advertise)    3    2015.17    29    1
(relay)    7    17    2016.59    1    1839.08    122    3
(advertise)    3    2038.19    42    1
(relay)    26    26    2041.8    2    2041.19    127    3
(advertise)    3    2060.0    35    1
(advertise)    3    2082.01    17    1
(relay)    7    40    2084.42    1    1995.16    122    2
(relay)    37    4    2086.02    1    1937.13    124    3
(advertise)    3    2104.22    26    2
(relay)    25    25    2116.24    2    2116.24    127    3
(advertise)    3    2126.24    40    1
(relay)    16    38    2129.65    3    2072    125    3
(advertise)    3    2148.05    4    1
(relay)    7    27    2149.26    2    2012.17    124    3
(relay)    37    10    2152.46    2    2045.2    125    4
(advertise)    3    2169.86    25    2
(advertise)    3    2193.68    38    3
(relay)    26    44    2203.69    2    2129.24    126    3
(advertise)    3    2215.09    27    2
(relay)    7    31    2237.9    2    2074.21    123    3
(advertise)    3    2238.3    10    2
(relay)    26    43    2249.52    2    2193.28    126    3
(relay)    7    46    2259.52    2    2039.19    123    4
(advertise)    3    2260.92    44    2
(advertise)    3    2283.13    31    2
(advertise)    3    2304.34    43    2
(relay)    1    1    2319.55    2    2319.01    127    2
(advertise)    3    2326.95    46    2
(relay)    37    24    2346.97    2    2322.35    125    2
(advertise)    3    2349.57    1    2
(relay)    34    34    2364.18    3    2364    127    2
(relay)    16    30    2368.98    2    2289.34    122    3
(advertise)    3    2372.58    24    2
(relay)    37    15    2393.39    2    2274.32    122    3
(advertise)    3    2394.59    34    3
(relay)    16    16    2396.21    2    2395.61    127    3
(generate)    3    2411.21    [23]    2
(advertise)    3    2417.02    30    2
(advertise)    3    2439.23    15    2
(relay)    37    28    2458.44    2    2392.19    122    2
(advertise)    3    2460.44    16    2
(advertise)    3    2481.86    28    2
(relay)    6    6    2499.87    2    2499.26    127    1
(relay)    37    19    2504.47    2    2425.22    122    2
(advertise)    3    2504.87    6    2
(advertise)    3    2526.88    19    2
(relay)    5    5    2540.3    2    2539.27    127    1
(relay)    45    36    2545.7    2    2498.26    126    2
(advertise)    3    2548.7    5    2
(relay)    7    41    2569.91    2    2473.24    124    2
(advertise)    3    2570.31    36    2
(advertise)    3    2591.32    41    2
(relay)    37    21    2595.14    2    2457.43    122    1
(advertise)    3    2614.94    21    2
(relay)    37    22    2638.75    2    2493.26    122    1
(advertise)    3    2638.95    22    2
(relay)    25    39    2662.56    2    2624.34    126    1
(advertise)    3    2662.96    39    2
(relay)    26    12    2674.97    2    2537.28    122    1
(advertise)    3    2685.37    12    2
(relay)    25    32    2707.59    2    2612.32    124    1
(advertise)    3    2708.79    32    2
(relay)    45    45    2716.2    2    2715.19    127    1
(relay)    45    47    2721.4    2    2695.36    126    2
(advertise)    3    2730.6    45    2
(relay)    7    20    2751.61    2    2661.96    123    2
(advertise)    3    2753.01    47    2
(advertise)    3    2775.23    20    2
(relay)    25    9    2794.24    2    2720.19    125    1
(advertise)    3    2797.64    9    2
(relay)    7    7    2804.25    2    2803.25    127    1
(relay)    25    14    2816.05    2    2767.23    126    2
(advertise)    3    2818.65    7    2
(relay)    7    48    2838.07    2    2752.43    124    2
(advertise)    3    2841.47    14    2
(relay)    7    13    2860.08    2    2849.28    126    2
(relay)    45    18    2862.68    2    2686.57    122    3
(advertise)    3    2864.88    48    2
(advertise)    3    2885.89    13    2
(relay)    37    37    2889.3    2    2888.3    127    2
(advertise)    3    2906.9    18    2
(relay)    7    33    2926.52    2    2834.25    125    2
(relay)    37    8    2926.72    2    2818.25    124    3
(relay)    25    2    2927.92    2    2816.25    125    4
(advertise)    3    2929.32    37    2
(advertise)    3    2950.93    33    2
(relay)    26    0    2962.94    2    2846.08    124    3
(relay)    16    11    2971.54    2    2852.48    126    4
(advertise)    3    2972.74    8    2
(advertise)    3    2993.76    2    2
(relay)    35    35    3000.57    2    3000.57    127    3
(advertise)    3    3015.77    0    2
(relay)    37    29    3016.98    2    2849.28    124    3
(relay)    45    42    3017.98    2    2948.33    126    4
(advertise)    3    3037.98    11    2
(relay)    26    26    3042.0    3    3041.38    127    4
(relay)    16    17    3058.0    2    2839.27    122    5
(advertise)    3    3059.4    35    2
(advertise)    3    3080.81    29    2
(advertise)    3    3102.82    42    2
(relay)    45    4    3106.83    2    2937.33    125    3
(relay)    25    25    3117.03    3    3116.43    127    4
(advertise)    3    3125.03    26    3
(relay)    16    38    3126.45    4    3072    125    4
(advertise)    3    3147.45    17    2
(relay)    25    27    3169.46    3    3012.37    125    4
(advertise)    3    3170.86    4    2
(advertise)    3    3193.67    25    3
(relay)    6    44    3205.69    3    3129.43    126    3
(advertise)    3    3216.69    38    4
(relay)    26    10    3229.3    3    3045.6    125    3
(advertise)    3    3238.5    27    3
(relay)    7    40    3255.71    2    2995.36    123    3
(advertise)    3    3259.91    44    3
(relay)    16    46    3263.33    3    3039.38    124    3
(relay)    26    43    3273.73    3    3193.47    126    4
(advertise)    3    3281.93    10    3
(advertise)    3    3304.14    40    2
(relay)    1    1    3319.75    3    3319.03    127    3
(advertise)    3    3326.95    46    3
(relay)    6    31    3339.76    3    3074.41    124    3
(advertise)    3    3350.36    43    3
(relay)    34    34    3364.18    4    3364    127    3
(advertise)    3    3373.18    1    3
(relay)    26    24    3386.79    3    3322.55    125    3
(advertise)    3    3394.39    31    3
(relay)    16    16    3396.4    3    3395.8    127    3
(generate)    3    3411.4    [23]    3
(relay)    25    30    3413.42    3    3289.53    123    4
(advertise)    3    3416.02    34    4
(advertise)    3    3438.03    24    3
(relay)    16    15    3460.64    3    3274.51    122    3
(advertise)    3    3461.44    16    3
(advertise)    3    3483.66    30    3
(relay)    6    6    3500.47    3    3499.86    127    2
(relay)    25    28    3501.67    3    3392.2    125    3
(advertise)    3    3507.87    15    3
(advertise)    3    3529.08    6    3
(relay)    5    5    3539.49    3    3539.47    127    2
(relay)    37    36    3549.69    3    3498.46    126    3
(advertise)    3    3550.09    28    3
(relay)    25    41    3568.31    3    3473.26    124    3
(advertise)    3    3573.31    5    3
(advertise)    3    3594.32    36    3
(relay)    16    19    3596.73    3    3425.42    122    2
(advertise)    3    3615.53    41    3
(advertise)    3    3637.55    19    3
(relay)    6    21    3652.56    3    3457.63    123    1
(relay)    25    39    3657.96    3    3624.53    126    2
(advertise)    3    3660.56    21    3
(advertise)    3    3683.37    39    3
(relay)    16    12    3686.59    3    3537.48    123    1
(relay)    6    22    3697.79    3    3493.46    123    2
(advertise)    3    3704.59    12    3
(relay)    45    45    3715.6    3    3715.39    127    2
(advertise)    3    3726.8    22    3
(relay)    45    47    3748.81    3    3695.56    126    2
(advertise)    3    3749.81    45    3
(advertise)    3    3771.42    47    3
(relay)    6    32    3786.44    3    3612.33    123    1
(advertise)    3    3793.84    32    3
(relay)    7    7    3804.45    3    3803.45    127    1
(relay)    6    20    3809.25    3    3662.16    123    2
(relay)    25    9    3810.05    3    3720.39    125    3
(advertise)    3    3815.65    7    3
(relay)    25    14    3831.86    3    3767.41    126    3
(advertise)    3    3838.46    20    3
(advertise)    3    3860.68    9    3
(relay)    7    13    3879.09    3    3849.48    126    2
(advertise)    3    3882.89    14    3
(relay)    37    37    3889.5    3    3888.5    127    2
(relay)    6    48    3898.5    3    3752.61    123    3
(advertise)    3    3907.1    13    3
(relay)    16    2    3909.92    3    3816.45    126    3
(advertise)    3    3928.72    37    3
(relay)    16    33    3933.13    3    3834.44    126    3
(relay)    25    0    3942.93    3    3846.28    125    4
(advertise)    3    3950.33    48    3
(relay)    37    29    3967.94    3    3849.48    125    4
(advertise)    3    3972.34    2    3
(relay)    35    18    3976.75    3    3686.77    121    4
(relay)    16    11    3976.95    3    3852.68    126    5
(advertise)    3    3994.35    33    3
(relay)    35    35    4000.97    3    4000.97    127    5
(relay)    37    42    4010.37    3    3948.53    126    6
(advertise)    3    4016.57    0    3
(advertise)    3    4039.58    29    3
(relay)    26    26    4042.19    4    4041.58    127    5
(relay)    16    8    4062.79    3    3818.45    123    6
(advertise)    3    4062.99    18    3
(advertise)    3    4085.01    11    3
(relay)    16    17    4104.62    3    3839.46    122    5
(advertise)    3    4107.42    35    3
(relay)    25    25    4117.23    4    4116.63    127    5
(relay)    37    4    4123.23    3    3937.53    125    6
(advertise)    3    4130.03    42    3
(relay)    16    38    4147.45    5    4072    125    6
(advertise)    3    4153.05    26    4
(advertise)    3    4176.06    8    3
(advertise)    3    4197.67    17    3
(relay)    16    46    4211.88    4    4039.39    125    4
(advertise)    3    4218.88    25    4
(relay)    45    44    4239.3    4    4129.45    126    4
(advertise)    3    4239.9    4    3
(relay)    37    10    4256.11    4    4045.79    125    4
(relay)    7    27    4258.31    4    4012.57    124    5
(advertise)    3    4262.11    38    5
(relay)    37    43    4277.72    4    4193.67    126    5
(advertise)    3    4283.72    46    4
(relay)    25    40    4295.74    3    3995.55    123    5
(advertise)    3    4306.34    44    4
(relay)    1    1    4320.15    4    4319.04    127    5
(relay)    16    31    4324.35    4    4074.61    123    6
(advertise)    3    4330.15    10    4
(advertise)    3    4351.96    27    4
(relay)    34    34    4364.18    5    4364    127    5
(advertise)    3    4373.38    43    4
(advertise)    3    4396.59    40    3
(relay)    25    24    4407.4    4    4322.75    123    4
(generate)    3    4411.6    [23]    4
(advertise)    3    4418.41    1    4
(relay)    25    16    4428.43    4    4396.0    126    4
(relay)    16    28    4434.83    4    4392.39    125    5
(advertise)    3    4439.83    31    4
(advertise)    3    4461.24    34    5
(advertise)    3    4483.05    24    4
(relay)    16    30    4500.67    4    4289.54    123    3
(relay)    6    6    4501.07    4    4500.05    127    4
(advertise)    3    4505.47    16    4
(relay)    16    15    4521.68    4    4274.71    122    4
(advertise)    3    4526.68    28    4
(relay)    5    5    4539.69    4    4539.67    127    4
(advertise)    3    4548.49    30    4
(relay)    16    19    4565.11    4    4425.61    123    4
(advertise)    3    4570.71    6    4
(relay)    6    36    4580.12    4    4498.65    126    4
(relay)    16    41    4587.32    4    4473.85    125    5
(advertise)    3    4592.32    15    4
(advertise)    3    4614.33    5    4
(advertise)    3    4637.74    19    4
(relay)    6    21    4644.76    4    4457.83    121    3
(advertise)    3    4658.76    36    4
(advertise)    3    4679.97    41    4
(relay)    6    39    4691.38    4    4624.72    125    2
(advertise)    3    4702.98    21    4
(relay)    6    22    4712.4    4    4493.65    122    2
(relay)    45    45    4715.6    4    4715.58    127    3
(advertise)    3    4724.2    39    4
(relay)    25    12    4741.41    4    4537.68    124    3
(advertise)    3    4746.21    22    4
(relay)    16    32    4764.62    4    4612.53    124    3
(advertise)    3    4767.22    45    4
(relay)    45    47    4777.84    4    4695.76    126    3
(relay)    16    9    4786.04    4    4720.58    125    4
(advertise)    3    4788.44    12    4
(relay)    7    7    4803.65    4    4803.65    127    4
(advertise)    3    4810.45    32    4
(advertise)    3    4833.66    47    4
(relay)    6    14    4847.87    4    4768.42    124    3
(advertise)    3    4855.07    9    4
(relay)    16    2    4875.49    4    4816.65    126    3
(advertise)    3    4876.69    7    4
(relay)    37    37    4888.7    4    4888.7    127    3
(relay)    6    20    4891.7    4    4662.36    123    4
(advertise)    3    4899.3    14    4
(advertise)    3    4921.31    2    4
(relay)    7    13    4925.53    4    4849.66    126    3
(relay)    45    29    4932.53    4    4849.67    125    4
(relay)    6    0    4937.73    4    4846.47    125    5
(advertise)    3    4942.93    37    4
(relay)    16    33    4945.34    4    4834.62    126    5
(advertise)    3    4964.34    20    4
(advertise)    3    4986.55    13    4
(relay)    16    11    4988.77    4    4852.87    126    4
(relay)    25    18    4989.17    4    4686.78    123    5
(relay)    35    35    5001.17    4    5001.17    127    6
(advertise)    3    5008.57    29    4
(relay)    7    48    5014.78    4    4752.81    124    6
(advertise)    3    5029.78    0    4
(relay)    26    26    5042.79    5    5041.78    127    6
(advertise)    3    5054.19    33    4
(relay)    45    4    5065.0    4    4937.54    125    6
(advertise)    3    5075.2    11    4
(relay)    16    8    5078.02    4    4818.46    124    6
(advertise)    3    5096.22    18    4
(advertise)    3    5120.23    35    4
(advertise)    3    5141.84    48    4
(heartbeat)    23    1    4984.2    3    5145.06    127    0
(advertise)    3    5163.86    26    5
(relay)    16    17    5167.07    4    4839.66    122    4
(advertise)    3    5184.87    4    4
(advertise)    3    5205.88    8    4
(relay)    25    27    5209.1    5    5012.58    1    3
(relay)    16    38    5213.3    6    5072    125    4
(advertise)    3    5226.9    23    1
(relay)    26    44    5230.91    5    5129.64    3    4
(relay)    35    46    5233.11    5    5039.59    1    5
(relay)    16    25    5236.11    5    5116.83    126    6
(advertise)    3    5248.91    17    4
(relay)    26    10    5251.12    5    5045.99    125    5
(advertise)    3    5271.32    38    6
(relay)    26    43    5273.73    5    5193.87    3    5
(advertise)    3    5292.53    44    5
(advertise)    3    5315.35    25    5
(relay)    26    40    5319.36    4    4995.75    123    3
(relay)    1    1    5319.96    5    5319.05    5    4
(advertise)    3    5337.36    10    5
(relay)    26    31    5339.57    5    5074.8    124    4
(advertise)    3    5359.37    43    5
(relay)    34    34    5364.19    6    5364    127    4
(advertise)    3    5381.59    40    4
(relay)    25    24    5383.4    5    5323.36    1    4
(relay)    16    16    5396.8    5    5396.2    4    5
(advertise)    3    5403.4    1    5
(generate)    3    5411.61    [23]    5
(advertise)    3    5426.43    31    5
(relay)    16    30    5433.64    5    5289.73    1    4
(advertise)    3    5449.04    34    6
(advertise)    3    5471.45    16    5
(relay)    16    28    5478.46    5    5392.4    1    1
(relay)    26    36    5501.06    5    5498.84    2    1
(advertise)    3    5501.26    36    5
(relay)    26    6    5522.08    5    5500.25    3    1
(advertise)    3    5523.88    6    5
(relay)    5    5    5539.69    5    5539.68    6    1
(advertise)    3    5545.49    5    5
(relay)    6    41    5582.3    5    5474.05    123    1
(advertise)    3    5582.5    41    5
(relay)    16    12    5604.92    5    5537.88    1    1
(relay)    25    39    5625.52    5    5624.92    2    1
(advertise)    3    5625.72    39    5
(relay)    16    32    5684.73    5    5612.73    1    1
(relay)    37    47    5697.33    5    5695.92    2    1
(advertise)    3    5697.53    47    5
(relay)    16    20    5704.94    5    5662.56    1    1
(relay)    45    45    5715.94    5    5715.74    4    1
(advertise)    3    5720.34    45    5
(relay)    16    9    5750.16    5    5720.78    1    1
(relay)    16    14    5771.76    5    5768.62    3    1
(advertise)    3    5771.96    14    5
(relay)    7    7    5803.97    5    5803.82    127    1
(advertise)    3    5804.17    7    5
(relay)    16    2    5826.78    5    5816.77    4    1
(advertise)    3    5827.38    2    5
(relay)    16    33    5848.79    5    5834.72    4    1
(advertise)    3    5849.39    33    5
(relay)    16    11    5870.21    5    5853.07    4    1
(advertise)    3    5872.41    11    5
(relay)    26    8    5873.82    5    5818.66    123    1
(relay)    37    37    5889.02    5    5888.83    4    2
(advertise)    3    5895.42    8    5
(relay)    45    29    5917.63    5    5849.69    2    2
(advertise)    3    5918.03    37    5
(advertise)    3    5939.45    29    5
(relay)    37    42    5961.66    5    5948.82    3    1
(relay)    25    17    5962.66    5    5839.78    1    2
(advertise)    3    5962.86    42    5
(relay)    25    0    5985.07    5    5846.66    1    1
(relay)    35    35    6001.87    5    6001.32    127    1
(advertise)    3    6002.07    35    5
(relay)    35    46    6042.29    6    6039.79    1    1
(relay)    45    26    6043.69    6    6041.87    3    1
(advertise)    3    6043.89    26    6
(relay)    26    10    6072.1    6    6046.18    125    1
(advertise)    3    6072.3    10    6
(relay)    16    31    6111.91    6    6074.99    122    1
(advertise)    3    6112.11    31    6
(relay)    25    25    6117.52    6    6117.0    127    1
(relay)    25    27    6121.32    6    6012.75    1    2
(advertise)    3    6134.52    25    6
(relay)    26    44    6155.54    6    6129.75    3    1
(advertise)    3    6157.34    44    6
(relay)    45    43    6194.95    6    6193.99    3    1
(advertise)    3    6195.15    43    6
(relay)    1    1    6320.16    6    6319.17    5    1
(advertise)    3    6320.36    1    6
(relay)    26    24    6343.58    6    6323.38    3    1
(advertise)    3    6344.38    24    6
(relay)    35    28    6394.99    6    6392.53    1    1
(relay)    16    16    6397.19    6    6396.24    4    1
(advertise)    3    6397.39    16    6
(generate)    3    6411.8    [23]    6
(relay)    25    21    6465.42    6    6458.16    1    1
(relay)    16    41    6484.82    6    6474.08    125    1
(advertise)    3    6485.02    41    6
(relay)    6    6    6501.43    6    6500.43    4    1
(advertise)    3    6506.43    6    6
(relay)    45    36    6508.24    6    6498.92    2    1
(advertise)    3    6527.44    36    6
(relay)    5    5    6539.85    6    6539.79    6    1
(advertise)    3    6548.85    5    6
(relay)    16    12    6572.67    6    6537.92    1    1
(relay)    16    32    6613.87    6    6612.76    1    1
(relay)    25    39    6625.47    6    6625.06    2    1
(advertise)    3    6625.67    39    6
(relay)    7    20    6666.68    6    6662.6    1    1
(relay)    26    47    6696.48    6    6696.11    3    1
(advertise)    3    6696.68    47    6
(relay)    45    45    6715.89    6    6715.88    4    1
(advertise)    3    6718.49    45    6
(relay)    7    9    6743.51    6    6720.89    1    1
(relay)    7    14    6770.11    6    6768.69    3    1
(advertise)    3    6770.31    14    6
(relay)    7    7    6804.12    6    6804.01    127    1
(advertise)    3    6804.32    7    6
(relay)    7    2    6827.53    6    6816.84    3    1
(advertise)    3    6827.73    2    6
(relay)    45    8    6829.95    6    6818.73    124    1
(advertise)    3    6848.75    8    6
(relay)    16    33    6850.76    6    6834.88    4    1
(relay)    26    29    6853.96    6    6849.79    2    2
(advertise)    3    6870.96    33    6
(relay)    35    13    6872.17    6    6849.95    2    2
(relay)    37    37    6889.17    6    6889.0    4    3
(relay)    16    11    6893.17    6    6853.17    4    4
(relay)    6    0    6894.17    6    6846.77    1    5
(advertise)    3    6895.57    29    6
(relay)    26    17    6896.78    6    6839.91    1    5
(advertise)    3    6918.58    13    6
(advertise)    3    6941.6    37    6
(relay)    26    42    6951.01    6    6948.82    3    4
(advertise)    3    6963.61    11    6
(relay)    26    4    6971.82    6    6937.7    2    2
(advertise)    3    6985.62    42    6
(relay)    35    35    7001.84    6    7001.33    127    2
(advertise)    3    7008.64    4    6
(advertise)    3    7029.65    35    6
(relay)    26    26    7043.06    7    7042.02    4    1
(advertise)    3    7051.86    26    7
(relay)    7    46    7068.08    7    7039.88    1    1
(relay)    6    10    7078.88    7    7046.32    123    1
(advertise)    3    7079.48    10    7
(relay)    16    31    7106.49    7    7075.06    122    1
(advertise)    3    7106.69    31    7
(relay)    25    25    7118.1    7    7117.07    127    1
(advertise)    3    7129.3    25    7
(relay)    6    44    7151.11    7    7129.75    3    1
(advertise)    3    7152.51    44    7
(relay)    26    43    7195.53    7    7194.04    3    1
(advertise)    3    7195.73    43    7
(relay)    35    30    7302.54    7    7289.9    1    1
(relay)    1    1    7320.34    7    7319.29    5    1
(advertise)    3    7320.54    1    7
(relay)    6    24    7343.75    7    7323.53    2    1
(advertise)    3    7343.95    24    7
(relay)    35    28    7395.17    7    7392.65    1    1
(relay)    16    16    7397.17    7    7396.24    4    1
(advertise)    3    7397.37    16    7
(generate)    3    7411.98    [23]    7
(relay)    16    41    7477.19    7    7474.27    125    1
(advertise)    3    7477.39    41    7
(relay)    6    6    7501.61    7    7500.59    4    1
(advertise)    3    7502.41    6    7
(relay)    35    36    7523.22    7    7498.99    1    1
(relay)    5    5    7540.42    7    7539.89    6    1
(advertise)    3    7540.62    5    7
(relay)    16    12    7583.43    7    7537.96    1    1
(relay)    16    32    7614.23    7    7612.79    1    1
(relay)    35    39    7626.23    7    7625.21    1    1
(relay)    35    20    7666.83    7    7662.65    1    1
(relay)    26    47    7696.63    7    7696.28    3    1
(advertise)    3    7696.83    47    7
(relay)    45    45    7716.64    7    7716.04    4    1
(advertise)    3    7717.84    45    7
(relay)    16    14    7770.26    7    7768.74    3    1
(advertise)    3    7770.46    14    7
(relay)    7    7    7804.07    7    7804.01    127    1
(advertise)    3    7804.27    7    7
(relay)    16    2    7827.28    7    7816.95    4    1
(advertise)    3    7827.88    2    7
(relay)    16    33    7849.5    7    7835.04    4    1
(advertise)    3    7849.9    33    7
(relay)    45    8    7851.71    7    7818.8    123    1
(relay)    16    11    7871.11    7    7853.35    4    2
(advertise)    3    7872.51    8    7
(relay)    35    13    7874.32    7    7850.06    2    2
(relay)    37    37    7889.32    7    7889.17    4    3
(advertise)    3    7893.92    11    7
(advertise)    3    7915.94    13    7
(advertise)    3    7938.15    37    7
(relay)    45    4    7943.76    7    7937.87    2    1
(advertise)    3    7961.16    4    7
(relay)    45    42    7964.17    7    7949.0    3    1
(advertise)    3    7984.17    42    7
(relay)    35    35    8001.99    7    8001.36    127    1
(advertise)    3    8006.79    35    7
(relay)    26    26    8043.2    8    8042.16    4    1
(advertise)    3    8043.4    26    8
(relay)    7    10    8073.21    8    8046.43    124    1
(advertise)    3    8073.41    10    8
(relay)    35    46    8095.03    8    8039.99    1    1
(relay)    16    38    8096.63    9    8072    125    1
(advertise)    3    8097.63    38    9
(relay)    25    25    8118.24    8    8117.11    127    1
(advertise)    3    8118.64    25    8
(relay)    37    31    8122.25    8    8075.35    124    1
(advertise)    3    8141.65    31    8
(relay)    26    44    8144.67    8    8129.76    3    1
(advertise)    3    8164.07    44    8
(relay)    37    43    8195.88    8    8194.09    3    1
(advertise)    3    8196.08    43    8
(relay)    37    30    8303.49    8    8290.01    1    1
(relay)    1    1    8319.49    8    8319.34    5    1
(advertise)    3    8319.69    1    8
(relay)    45    24    8343.9    8    8323.68    3    1
(advertise)    3    8344.3    24    8
(relay)    34    34    8364.52    9    8364    127    1
(advertise)    3    8367.52    34    9
(relay)    16    28    8395.33    8    8392.76    1    1
(relay)    16    16    8397.33    8    8396.25    4    1
(advertise)    3    8397.53    16    8
(generate)    3    8412.14    [23]    8
(relay)    25    21    8462.76    8    8458.39    1    1
(relay)    16    41    8484.96    8    8474.3    125    1
(advertise)    3    8485.16    41    8
(relay)    6    6    8500.77    8    8500.77    4    1
(advertise)    3    8506.77    6    8
(relay)    26    36    8508.38    8    8499.09    2    1
(advertise)    3    8529.58    36    8
(relay)    16    12    8540.8    8    8538.0    1    1
(relay)    7    5    8541.4    8    8540.03    5    1
(advertise)    3    8550.6    5    8
(relay)    25    39    8637.41    8    8625.37    2    1
(advertise)    3    8637.61    39    8
(relay)    35    20    8666.62    8    8662.68    1    1
(relay)    6    47    8712.42    8    8696.46    2    1
(advertise)    3    8712.62    47    8
(relay)    45    45    8716.83    8    8716.21    4    1
(advertise)    3    8735.03    45    8
(relay)    25    9    8757.25    8    8721.06    1    1
(relay)    25    14    8777.45    8    8768.85    3    1
(advertise)    3    8777.65    14    8
(relay)    7    7    8804.66    8    8804.06    127    1
(advertise)    3    8805.06    7    8
(relay)    16    2    8827.87    8    8817.05    4    1
(advertise)    3    8828.47    2    8
(relay)    7    33    8849.49    8    8835.13    3    1
(advertise)    3    8851.29    33    8
(relay)    25    0    8871.5    8    8847.06    1    1
(relay)    7    13    8871.9    8    8850.99    2    1
(advertise)    3    8872.3    13    8
(relay)    6    8    8874.11    8    8818.85    123    1
(relay)    37    37    8889.71    8    8889.18    4    2
(advertise)    3    8895.71    8    8
(advertise)    3    8917.53    37    8
(relay)    7    17    8939.14    8    8840.12    1    1
(relay)    26    29    8939.74    8    8849.99    2    1
(advertise)    3    8941.94    29    8
(relay)    7    11    8959.15    8    8853.51    3    1
(relay)    26    42    8960.35    8    8949.19    3    2
(advertise)    3    8965.95    11    8
(advertise)    3    8986.96    42    8
(relay)    35    35    9001.98    8    9001.42    127    1
(heartbeat)    23    2    8984.21    3    9007.78    3    3
(advertise)    3    9009.98    35    8
(relay)    37    4    9026.59    8    8938.88    2    2
(advertise)    3    9031.19    23    2
(relay)    26    26    9042.2    9    9042.18    4    2
(advertise)    3    9053.8    4    8
(advertise)    3    9077.82    26    9
(relay)    26    10    9093.83    9    9046.58    4    1
(relay)    16    38    9094.23    10    9072    124    2
(advertise)    3    9099.43    10    9
(relay)    35    25    9119.44    9    9117.19    3    2
(advertise)    3    9121.04    38    10
(advertise)    3    9142.06    25    9
(relay)    26    44    9162.87    9    9129.76    3    1
(advertise)    3    9164.47    44    9
(relay)    45    43    9195.88    9    9194.13    3    1
(advertise)    3    9196.08    43    9
(relay)    7    30    9302.69    9    9290.18    1    1
(relay)    1    1    9319.49    9    9319.35    5    1
(advertise)    3    9319.69    1    9
(relay)    26    24    9344.11    9    9323.87    2    1
(advertise)    3    9344.51    24    9
(relay)    34    34    9364.52    10    9364    127    1
(advertise)    3    9365.92    34    10
(relay)    7    28    9395.53    9    9392.88    1    1
(relay)    16    16    9397.33    9    9396.28    4    1
(advertise)    3    9397.53    16    9
(generate)    3    9412.15    [23]    9
(relay)    7    36    9499.96    9    9499.2    1    1
(relay)    6    6    9500.96    9    9500.8    4    1
(advertise)    3    9501.16    6    9
(relay)    5    5    9540.77    9    9540.14    6    1
(advertise)    3    9540.97    5    9
(relay)    16    12    9564.79    9    9538.02    1    1
(relay)    35    32    9614.59    9    9612.82    1    1
(relay)    35    39    9638.19    9    9625.54    1    1
(relay)    25    20    9666.39    9    9662.86    1    1
(relay)    6    47    9697.79    9    9696.46    2    1
(advertise)    3    9697.99    47    9
(relay)    45    45    9717.0    9    9716.39    4    1
(advertise)    3    9720.4    45    9
(relay)    35    9    9744.21    9    9721.18    1    1
(relay)    16    14    9769.21    9    9768.91    3    1
(advertise)    3    9769.41    14    9
(relay)    7    7    9804.63    9    9804.1    7    1
(advertise)    3    9804.83    7    9
(relay)    16    2    9827.44    9    9817.15    4    1
(advertise)    3    9828.84    2    9
(relay)    5    33    9851.85    9    9835.22    2    1
(advertise)    3    9852.65    33    9
(relay)    25    8    9870.86    9    9818.97    2    1
(relay)    7    13    9873.06    9    9851.09    2    2
(advertise)    3    9876.66    8    9
(relay)    37    37    9889.68    9    9889.18    4    2
(relay)    26    0    9895.88    9    9847.21    1    3
(relay)    16    11    9897.08    9    9853.53    4    4
(relay)    45    29    9898.08    9    9850.09    1    5
(advertise)    3    9898.88    13    9
(advertise)    3    9919.89    37    9
(advertise)    3    9941.7    11    9
(relay)    37    42    9960.12    9    9949.25    3    1
(advertise)    3    9964.12    42    9
(relay)    45    4    9989.53    9    9938.91    2    1
(advertise)    3    9989.93    4    9
(relay)    35    35    10002.54    9    10001.49    8    1
(advertise)    3    10010.94    35    9
(relay)    26    26    10042.36    10    10042.36    4    1
(advertise)    3    10042.56    26    10
(relay)    16    46    10058.37    10    10040.39    1    1
(relay)    25    27    10064.57    10    10013.4    1    1
(relay)    16    38    10082.37    11    10072    125    1
(advertise)    3    10082.57    38    11
(relay)    6    10    10105.38    10    10046.74    4    1
(advertise)    3    10105.58    10    10
(relay)    25    25    10118.19    10    10117.25    4    1
(advertise)    3    10128.39    25    10
(relay)    26    44    10149.21    10    10129.95    3    1
(advertise)    3    10149.41    44    10
(relay)    45    43    10196.02    10    10194.2    3    1
(advertise)    3    10196.22    43    10
(relay)    1    1    10319.43    10    10319.36    5    1
(advertise)    3    10319.63    1    10
(relay)    34    34    10365.05    11    10364    127    1
(advertise)    3    10365.25    34    11
(relay)    25    28    10393.86    10    10393.0    1    1
(relay)    16    16    10396.46    10    10396.42    4    1
(advertise)    3    10396.66    16    10
(generate)    3    10412.27    [23]    10
(relay)    16    41    10477.09    10    10474.47    2    1
(advertise)    3    10477.29    41    10
(relay)    37    21    10484.1    10    10458.57    1    1
(relay)    26    36    10499.5    10    10499.3    2    1
(advertise)    3    10499.7    36    10
(relay)    6    6    10501.11    10    10500.94    4    1
(advertise)    3    10520.91    6    10
(relay)    5    5    10541.32    10    10540.24    6    1
(advertise)    3    10543.12    5    10
(relay)    16    12    10574.54    10    10538.02    1    1
(relay)    16    32    10616.14    10    10613.0    1    1
(relay)    25    39    10627.34    10    10625.71    2    1
(advertise)    3    10627.54    39    10
(relay)    25    20    10664.15    10    10663.05    1    1
(relay)    45    47    10697.35    10    10696.48    3    1
(advertise)    3    10697.55    47    10
(relay)    45    45    10717.16    10    10716.55    4    1
(advertise)    3    10719.16    45    10
(relay)    7    9    10743.38    10    10722.3    1    1
(relay)    25    14    10769.38    10    10769.04    3    1
(advertise)    3    10769.58    14    10
(relay)    7    7    10804.79    10    10804.28    7    1
(advertise)    3    10804.99    7    10
(relay)    16    2    10827.8    10    10817.25    4    1
(advertise)    3    10828.0    2    10
(relay)    16    33    10850.22    10    10835.29    4    1
(advertise)    3    10850.62    33    10
(relay)    6    8    10852.63    10    10819.03    1    1
(relay)    16    13    10872.63    10    10851.38    2    1
(advertise)    3    10873.23    13    10
(relay)    35    17    10879.44    10    10840.32    1    1
(relay)    37    37    10889.84    10    10889.33    4    1
(relay)    16    11    10894.64    10    10853.68    4    2
(relay)    26    29    10895.44    10    10850.2    1    3
(advertise)    3    10897.44    37    10
(relay)    26    0    10917.85    10    10847.38    1    3
(advertise)    3    10919.25    11    10
(relay)    37    42    10950.07    10    10949.28    3    1
(advertise)    3    10950.27    42    10
(relay)    37    4    10982.88    10    10938.94    1    1
(relay)    35    35    11002.68    10    11001.66    8    1
(advertise)    3    11002.88    35    10
(relay)    26    26    11042.69    11    11042.53    4    1
(advertise)    3    11042.89    26    11
(relay)    35    46    11076.31    11    11040.51    1    1
(relay)    37    10    11078.71    11    11046.86    4    1
(advertise)    3    11078.91    10    11
(relay)    16    38    11103.52    12    11072    125    1
(advertise)    3    11104.12    38    12
(relay)    25    25    11117.33    11    11117.29    4    1
(advertise)    3    11125.53    25    11
(relay)    26    44    11149.35    11    11129.95    3    1
(advertise)    3    11149.75    44    11
(relay)    37    43    11195.56    11    11194.25    3    1
(advertise)    3    11195.76    43    11
(relay)    16    30    11303.17    11    11290.47    1    1
(relay)    1    1    11319.57    11    11319.38    5    1
(advertise)    3    11319.77    1    11
(relay)    6    24    11343.58    11    11324.15    2    1
(advertise)    3    11344.58    24    11
(relay)    34    34    11365.0    12    11364    127    1
(advertise)    3    11367.0    34    12
(relay)    25    28    11393.81    11    11393.09    1    1
(relay)    16    16    11396.61    11    11396.61    4    1
(advertise)    3    11396.81    16    11
(generate)    3    11412.42    [23]    11
(relay)    37    36    11500.24    11    11499.43    2    1
(advertise)    3    11500.44    36    11
(relay)    6    6    11501.65    11    11501.11    4    1
(advertise)    3    11521.45    6    11
(relay)    5    5    11541.26    11    11540.32    6    1
(advertise)    3    11543.66    5    11
(relay)    25    41    11566.08    11    11474.63    1    1
(relay)    16    12    11591.28    11    11538.05    1    1
(relay)    16    32    11616.28    11    11613.0    1    1
(relay)    25    39    11628.08    11    11625.87    2    1
(advertise)    3    11628.28    39    11
(relay)    25    20    11664.09    11    11663.05    1    1
(relay)    45    47    11697.49    11    11696.64    3    1
(advertise)    3    11697.69    47    11
(relay)    45    45    11717.7    11    11716.71    4    1
(advertise)    3    11720.9    45    11
(relay)    25    9    11759.31    11    11722.37    1    1
(relay)    7    14    11769.91    11    11769.11    3    1
(advertise)    3    11770.11    14    11
(relay)    7    7    11805.53    11    11804.45    7    1
(advertise)    3    11805.73    7    11
(relay)    16    2    11829.74    11    11817.35    4    1
(advertise)    3    11829.94    2    11
(relay)    16    33    11850.95    11    11835.43    4    1
(advertise)    3    11852.35    33    11
(relay)    26    8    11853.57    11    11819.06    1    1
(relay)    35    13    11874.37    11    11851.52    2    1
(advertise)    3    11875.77    13    11
(relay)    37    37    11889.98    11    11889.47    4    1
(relay)    16    11    11894.98    11    11853.84    4    2
(advertise)    3    11897.38    37    11
(advertise)    3    11918.39    11    11
(relay)    25    0    11940.01    11    11847.52    1    1
(relay)    35    17    11940.21    11    11840.44    1    1
(relay)    37    42    11950.21    11    11949.29    3    1
(advertise)    3    11950.41    42    11
(relay)    37    4    11987.22    11    11938.94    2    1
(advertise)    3    11987.42    4    11
(relay)    35    35    12002.63    11    12001.69    8    1
(advertise)    3    12009.43    35    11
(relay)    26    26    12043.24    12    12042.7    4    1
(advertise)    3    12043.44    26    12
(relay)    7    46    12065.06    12    12040.62    1    1
(relay)    37    10    12098.46    12    12046.99    3    1
(advertise)    3    12098.66    10    12
(relay)    25    25    12117.47    12    12117.32    4    1
(advertise)    3    12121.07    25    12
(relay)    37    44    12141.48    12    12130.13    3    1
(advertise)    3    12142.28    44    12
(relay)    6    30    12300.3    12    12290.58    1    1
(relay)    5    1    12320.7    12    12319.47    4    1
(advertise)    3    12320.9    1    12
(relay)    45    24    12346.51    12    12324.28    2    1
(advertise)    3    12346.71    24    12
(relay)    35    28    12393.92    12    12393.18    1    1
(relay)    16    16    12396.92    12    12396.73    4    1
(advertise)    3    12397.12    16    12
(generate)    3    12412.54    [23]    12
(relay)    35    21    12480.75    12    12458.75    1    1
(relay)    45    36    12500.35    12    12499.52    2    1
(advertise)    3    12500.55    36    12
(relay)    6    6    12501.96    12    12501.48    4    1
(advertise)    3    12521.56    6    12
(relay)    5    5    12541.37    12    12540.4    6    1
(advertise)    3    12544.97    5    12
(relay)    16    12    12567.19    12    12538.06    1    1
(relay)    16    32    12616.99    12    12613.0    1    1
(relay)    37    39    12638.39    12    12626.03    1    1
(relay)    25    20    12664.39    12    12663.06    1    1
(relay)    6    47    12698.59    12    12696.65    2    1
(advertise)    3    12698.79    47    12
(relay)    45    45    12717.8    12    12716.88    4    1
(advertise)    3    12720.6    45    12
(relay)    25    9    12745.41    12    12722.48    1    1
(relay)    45    14    12771.61    12    12769.95    2    1
(advertise)    3    12771.81    14    12
(relay)    7    7    12805.63    12    12804.6    7    1
(advertise)    3    12805.83    7    12
(relay)    16    2    12826.84    12    12817.42    4    1
(advertise)    3    12828.04    2    12
(relay)    16    33    12848.85    12    12835.51    4    1
(advertise)    3    12849.25    33    12
(relay)    16    8    12871.87    12    12819.07    1    1
(relay)    37    37    12890.67    12    12889.62    4    1
(advertise)    3    12890.87    37    12
(relay)    16    13    12893.48    12    12852.82    2    1
(relay)    25    0    12894.88    12    12847.59    1    2
(advertise)    3    12912.48    13    12
(relay)    16    11    12915.49    12    12854.0    4    1
(relay)    35    17    12920.09    12    12840.51    1    2
(relay)    37    29    12920.49    12    12850.32    1    3
(advertise)    3    12935.89    11    12
(relay)    26    42    12984.1    12    12949.32    3    1
(advertise)    3    12984.3    42    12
(relay)    37    4    12994.32    12    12938.97    2    1
(relay)    35    35    13002.92    12    13001.85    8    2
(advertise)    3    13007.52    4    12
(heartbeat)    23    3    12984.23    3    13023.33    3    5
(advertise)    3    13029.93    35    12
(relay)    26    26    13043.34    13    13042.86    4    2
(advertise)    3    13050.94    23    3
(relay)    16    46    13068.16    13    13040.7    1    2
(advertise)    3    13072.36    26    13
(relay)    16    38    13110.17    14    13072    125    1
(advertise)    3    13110.37    38    14
(relay)    25    25    13117.58    13    13117.54    4    1
(advertise)    3    13132.38    25    13
(relay)    37    44    13157.2    13    13130.13    3    1
(advertise)    3    13157.4    44    13
(relay)    25    27    13168.01    13    13013.85    1    1
(relay)    45    43    13198.41    13    13194.36    3    1
(advertise)    3    13198.61    43    13
(relay)    1    1    13320.02    13    13319.49    5    1
(advertise)    3    13320.22    1    13
(relay)    45    24    13346.23    13    13324.43    2    1
(advertise)    3    13346.43    24    13
(relay)    34    34    13364.05    14    13364    127    1
(advertise)    3    13369.45    34    14
(relay)    25    28    13395.26    13    13393.28    1    1
(relay)    16    16    13397.46    13    13396.91    4    1
(advertise)    3    13397.66    16    13
(generate)    3    13412.67    [23]    13
(relay)    25    41    13475.89    13    13474.91    1    1
(relay)    45    36    13500.49    13    13499.63    2    1
(advertise)    3    13500.69    36    13
(relay)    6    6    13502.3    13    13501.67    4    1
(advertise)    3    13522.3    6    13
(relay)    5    5    13541.51    13    13540.46    6    1
(advertise)    3    13544.31    5    13
(relay)    37    39    13628.73    13    13626.2    1    1
(relay)    35    20    13665.33    13    13663.08    1    1
(relay)    45    47    13698.53    13    13696.66    3    1
(advertise)    3    13698.73    47    13
(relay)    45    45    13718.14    13    13717.07    4    1
(advertise)    3    13720.34    45    13
(relay)    25    14    13771.35    13    13769.98    3    1
(advertise)    3    13771.55    14    13
(relay)    7    7    13805.76    13    13804.79    7    1
(advertise)    3    13805.96    7    13
(relay)    16    2    13827.18    13    13817.52    4    1
(advertise)    3    13827.78    2    13
(relay)    16    33    13848.59    13    13835.6    4    1
(advertise)    3    13850.19    33    13
(relay)    16    13    13869.8    13    13852.93    2    1
(advertise)    3    13871.2    13    13
(relay)    37    37    13890.82    13    13889.8    4    1
(advertise)    3    13892.62    37    13
(relay)    37    0    13898.03    13    13847.72    1    1
(relay)    25    8    13898.23    13    13819.14    1    1
(relay)    6    17    13914.83    13    13840.64    1    1
(relay)    7    11    13937.63    13    13854.15    3    1
(advertise)    3    13937.83    11    13
(relay)    45    42    13950.24    13    13949.36    3    1
(advertise)    3    13958.84    42    13
(relay)    26    4    13974.26    13    13939.0    1    1
(relay)    35    35    14002.06    13    14002.03    8    1
(advertise)    3    14002.26    35    13
(relay)    26    26    14043.47    14    14043.0    4    1
(advertise)    3    14043.67    26    14
(relay)    7    38    14074.68    15    14072    125    1
(advertise)    3    14074.88    38    15
(relay)    7    46    14095.49    14    14040.79    1    1
(relay)    37    10    14096.49    14    14047.18    2    1
(advertise)    3    14098.09    10    14
(relay)    25    25    14118.11    14    14117.59    4    1
(advertise)    3    14122.11    25    14
(relay)    37    44    14140.92    14    14130.15    3    1
(advertise)    3    14144.12    44    14
(relay)    26    43    14194.73    14    14194.46    3    1
(advertise)    3    14194.93    43    14
(relay)    1    1    14320.15    14    14319.51    5    1
(advertise)    3    14320.35    1    14
(relay)    37    24    14345.16    14    14324.55    2    1
(advertise)    3    14345.36    24    14
(relay)    34    34    14364.17    15    14364    127    1
(advertise)    3    14366.97    34    15
(relay)    35    28    14394.79    14    14393.38    1    1
(relay)    16    16    14397.59    14    14397.07    4    1
(advertise)    3    14397.79    16    14
(generate)    3    14412.8    [23]    14
(relay)    37    36    14501.41    14    14499.7    2    1
(advertise)    3    14501.61    36    14
(relay)    37    6    14523.62    14    14501.83    2    1
(advertise)    3    14524.82    6    14
(relay)    5    5    14540.64    14    14540.54    6    1
(advertise)    3    14546.24    5    14
(relay)    16    12    14569.25    14    14538.13    1    1
(relay)    35    32    14616.65    14    14613.01    1    1
(relay)    7    39    14637.45    14    14626.36    1    1
(relay)    45    47    14698.65    14    14696.83    3    1
(advertise)    3    14698.85    47    14
(relay)    45    45    14717.26    14    14717.18    4    1
(advertise)    3    14721.26    45    14
(relay)    35    9    14757.68    14    14722.65    1    1
(relay)    25    14    14780.48    14    14770.01    3    1
(advertise)    3    14780.68    14    14
(relay)    26    7    14805.89    14    14804.81    5    1
(advertise)    3    14806.29    7    14
(relay)    25    2    14827.7    14    14817.58    3    1
(advertise)    3    14829.1    2    14
(relay)    35    33    14851.72    14    14835.66    2    1
(advertise)    3    14852.52    33    14
(relay)    45    8    14854.13    14    14819.25    1    1
(relay)    16    13    14873.33    14    14853.05    2    1
(advertise)    3    14873.53    13    14
(relay)    6    0    14875.94    14    14847.81    1    1
(relay)    37    37    14890.94    14    14889.96    4    1
(advertise)    3    14894.94    37    14
(relay)    16    11    14896.35    14    14854.31    4    1
(advertise)    3    14916.35    11    14
(relay)    6    29    14941.37    14    14850.47    1    1
(relay)    6    42    14984.17    14    14949.37    3    1
(advertise)    3    14984.37    42    14
(relay)    37    4    14986.18    14    14939.19    2    1
(relay)    35    35    15002.38    14    15002.22    8    2
(advertise)    3    15006.98    4    14
(advertise)    3    15029.59    35    14
(relay)    26    26    15043.81    15    15043.18    4    1
(advertise)    3    15052.61    26    15
(relay)    16    38    15074.42    16    15072    125    1
(advertise)    3    15074.82    38    16
(relay)    37    10    15077.63    15    15047.3    2    1
(advertise)    3    15096.03    10    15
(relay)    25    46    15117.65    15    15040.86    1    1
(relay)    26    25    15122.85    15    15118.22    3    1
(advertise)    3    15123.85    25    15
(relay)    26    44    15145.06    15    15130.33    3    1
(advertise)    3    15146.26    44    15
(relay)    35    43    15195.27    15    15194.5    2    1
(advertise)    3    15195.47    43    15
(relay)    1    1    15320.48    15    15319.52    5    1
(advertise)    3    15320.68    1    15
(relay)    37    24    15343.9    15    15324.67    2    1
(advertise)    3    15344.7    24    15
(relay)    34    34    15364.11    16    15364    127    1
(advertise)    3    15366.31    34    16
(relay)    16    28    15396.32    15    15393.46    1    1
(relay)    16    16    15397.72    15    15397.22    4    1
(advertise)    3    15397.92    16    15
(generate)    3    15412.94    [23]    15
(relay)    16    41    15485.75    15    15475.09    2    1
(advertise)    3    15485.95    41    15
(relay)    6    36    15501.76    15    15499.78    2    1
(relay)    6    6    15502.96    15    15502.0    4    2
(advertise)    3    15506.96    36    15
(advertise)    3    15528.98    6    15
(relay)    5    5    15540.79    15    15540.63    6    1
(advertise)    3    15549.99    5    15
(relay)    16    12    15571.0    15    15538.17    1    1
(relay)    16    32    15616.0    15    15613.01    1    1
(relay)    25    39    15626.8    15    15626.53    2    1
(advertise)    3    15627.0    39    15
(relay)    16    20    15670.41    15    15663.13    1    1
(relay)    35    47    15700.21    15    15697.0    2    1
(advertise)    3    15700.41    47    15
(relay)    45    45    15717.43    15    15717.36    4    1
(advertise)    3    15725.63    45    15
(relay)    16    9    15744.84    15    15722.76    1    1
(relay)    25    14    15772.44    15    15770.04    3    1
(advertise)    3    15772.64    14    15
(relay)    7    7    15804.85    15    15804.83    7    1
(advertise)    3    15805.05    7    15
(relay)    16    2    15827.87    15    15817.66    4    1
(advertise)    3    15828.67    2    15
(relay)    16    33    15849.08    15    15835.72    4    1
(advertise)    3    15849.88    33    15
(relay)    26    8    15851.09    15    15819.38    1    1
(relay)    16    13    15871.29    15    15853.13    2    1
(advertise)    3    15872.09    13    15
(relay)    37    37    15890.31    15    15890.14    4    1
(relay)    26    0    15892.91    15    15847.94    1    2
(advertise)    3    15893.31    37    15
(relay)    45    17    15917.92    15    15840.86    1    1
(relay)    7    11    15920.52    15    15854.47    3    1
(advertise)    3    15920.72    11    15
(relay)    6    42    15961.13    15    15949.56    3    1
(advertise)    3    15961.33    42    15
(relay)    6    4    15987.34    15    15939.38    2    1
(advertise)    3    15987.54    4    15
(relay)    35    35    16002.36    15    16002.23    8    1
(advertise)    3    16009.56    35    15
(relay)    26    26    16044.37    16    16043.35    4    1
(advertise)    3    16044.57    26    16
(relay)    26    10    16069.98    16    16047.43    1    1
(relay)    7    46    16071.38    16    16040.94    1    1
(relay)    16    38    16072.78    17    16072    125    1
(advertise)    3    16072.98    38    17
(relay)    25    27    16095.2    16    16014.38    1    1
(relay)    25    25    16118.8    16    16118.22    4    1
(advertise)    3    16119.0    25    16
(relay)    37    44    16141.41    16    16130.49    3    1
(advertise)    3    16141.61    44    16
(relay)    7    43    16196.22    16    16194.55    2    1
(advertise)    3    16196.42    43    16
(relay)    1    1    16320.64    16    16319.53    5    1
(advertise)    3    16320.84    1    16
(relay)    26    24    16343.85    16    16324.8    2    1
(advertise)    3    16344.45    24    16
(relay)    34    34    16364.06    17    16364    127    1
(advertise)    3    16365.46    34    17
(relay)    35    28    16395.67    16    16393.6    1    1
(relay)    16    16    16398.47    16    16397.4    4    1
(advertise)    3    16398.67    16    16
(generate)    3    16413.09    [23]    16
(relay)    16    41    16477.7    16    16475.28    2    1
(advertise)    3    16477.9    41    16
(relay)    45    36    16501.71    16    16499.89    2    1
(advertise)    3    16502.11    36    16
(relay)    6    6    16503.33    16    16502.35    4    1
(advertise)    3    16524.13    6    16
(relay)    16    12    16540.54    16    16538.2    1    1
(relay)    5    5    16540.94    16    16540.7    6    1
(advertise)    3    16546.74    5    16
(relay)    16    32    16614.15    16    16613.04    1    1
(relay)    25    39    16627.15    16    16626.65    2    1
(advertise)    3    16627.35    39    16
(relay)    16    20    16666.77    16    16663.13    1    1
(relay)    37    47    16697.97    16    16697.16    2    1
(advertise)    3    16698.37    47    16
(relay)    45    45    16717.58    16    16717.51    4    1
(advertise)    3    16719.38    45    16
(relay)    7    9    16742.79    16    16722.89    1    1
(relay)    16    14    16771.39    16    16770.08    3    1
(advertise)    3    16771.59    14    16
(relay)    7    7    16805.2    16    16805.02    7    1
(advertise)    3    16805.4    7    16
(relay)    7    2    16829.22    16    16817.74    3    1
(advertise)    3    16830.22    2    16
(relay)    7    8    16851.63    16    16819.43    1    1
(relay)    6    0    16853.03    16    16848.05    1    1
(relay)    7    13    16873.63    16    16853.21    2    1
(advertise)    3    16873.83    13    16
(relay)    26    29    16876.24    16    16850.71    1    1
(relay)    37    37    16890.44    16    16890.28    4    1
(relay)    35    17    16895.64    16    16840.92    1    2
(advertise)    3    16896.84    37    16
(relay)    16    11    16916.66    16    16854.59    4    1
(advertise)    3    16919.86    11    16
(relay)    37    4    16944.27    16    16939.4    2    1
(advertise)    3    16944.67    4    16
(relay)    7    33    16962.48    16    16835.86    1    1
(relay)    45    42    16966.48    16    16949.73    3    1
(advertise)    3    16966.68    42    16
(relay)    35    35    17002.9    16    17002.38    8    1
(advertise)    3    17003.1    35    16
(heartbeat)    23    4    16984.24    3    17009.31    3    7
(advertise)    3    17024.31    23    4
(relay)    26    26    17044.52    17    17043.52    4    1
(advertise)    3    17046.32    26    17
(relay)    35    46    17050.93    17    17041.05    1    1
(relay)    25    25    17119.33    17    17118.41    4    1
(advertise)    3    17119.53    25    17
(relay)    25    10    17121.95    17    17047.51    1    1
(relay)    6    44    17141.15    17    17130.64    3    1
(advertise)    3    17141.55    44    17
(relay)    6    43    17196.16    17    17194.6    3    1
(advertise)    3    17196.36    43    17
(relay)    1    1    17320.57    17    17319.64    5    1
(advertise)    3    17320.77    1    17
(relay)    6    24    17343.99    17    17326.11    2    1
(advertise)    3    17344.19    24    17
(relay)    35    28    17396.2    17    17393.68    1    1
(relay)    16    16    17398.6    17    17397.59    4    1
(advertise)    3    17398.8    16    17
(generate)    3    17413.21    [23]    17
(relay)    6    21    17470.03    17    17459.18    1    1
(relay)    16    41    17478.03    17    17475.44    2    1
(advertise)    3    17478.23    41    17
(relay)    37    36    17501.24    17    17499.95    2    1
(advertise)    3    17501.44    36    17
(relay)    6    6    17503.45    17    17502.5    4    1
(advertise)    3    17523.25    6    17
(relay)    5    5    17541.26    17    17540.74    6    1
(advertise)    3    17546.66    5    17
(relay)    16    12    17571.88    17    17538.37    1    1
(relay)    16    32    17618.28    17    17613.22    1    1
(relay)    35    39    17627.28    17    17626.73    1    1
(relay)    16    20    17667.88    17    17663.32    1    1
(relay)    26    47    17697.68    17    17697.35    3    1
(advertise)    3    17697.88    47    17
(relay)    45    45    17717.69    17    17717.65    4    1
(advertise)    3    17719.89    45    17
(relay)    16    9    17766.7    17    17722.99    1    1
(relay)    25    14    17772.5    17    17770.16    3    1
(advertise)    3    17772.7    14    17
(relay)    7    7    17805.12    17    17805.02    4    1
(advertise)    3    17805.32    7    17
(relay)    45    8    17828.73    17    17819.45    1    1
(relay)    25    2    17832.93    17    17817.83    3    1
(advertise)    3    17833.13    2    17
(relay)    25    13    17856.54    17    17853.28    2    1
(advertise)    3    17856.74    13    17
(relay)    6    17    17874.36    17    17840.96    1    1
(relay)    25    33    17876.56    17    17835.98    3    1
(advertise)    3    17878.96    33    17
(relay)    37    37    17890.57    17    17890.4    4    1
(advertise)    3    17900.17    37    17
(relay)    7    11    17924.18    17    17854.7    3    1
(advertise)    3    17925.58    11    17
(relay)    37    42    17951.79    17    17949.9    3    1
(advertise)    3    17951.99    42    17
(relay)    35    35    18003.01    17    18002.55    5    1
(advertise)    3    18003.21    35    17
(relay)    37    4    18027.22    17    17939.43    1    1
(relay)    26    26    18044.62    18    18043.64    4    1
(advertise)    3    18044.82    26    18
(relay)    25    38    18072.63    19    18072    125    1
(advertise)    3    18072.83    38    19
(relay)    6    10    18098.85    18    18047.64    1    1
(relay)    25    25    18119.65    18    18118.56    4    1
(advertise)    3    18119.85    25    18
(relay)    26    44    18143.26    18    18130.82    3    1
(advertise)    3    18143.66    44    18
(relay)    6    43    18195.87    18    18194.69    3    1
(advertise)    3    18196.07    43    18
(relay)    1    1    18319.89    18    18319.69    5    1
(advertise)    3    18320.09    1    18
(relay)    45    24    18342.5    18    18326.22    2    1
(advertise)    3    18343.5    24    18
(relay)    34    34    18364.51    19    18364    127    1
(advertise)    3    18365.51    34    19
(relay)    16    28    18395.72    18    18393.84    1    1
(relay)    16    16    18398.72    18    18397.77    4    1
(advertise)    3    18398.92    16    18
(generate)    3    18413.34    [23]    18
(relay)    16    41    18479.15    18    18475.62    2    1
(advertise)    3    18479.35    41    18
(relay)    7    36    18502.16    18    18500.06    1    1
(relay)    6    6    18502.76    18    18502.65    4    1
(advertise)    3    18503.56    6    18
(relay)    5    5    18541.38    18    18540.8    6    1
(advertise)    3    18541.58    5    18
(relay)    16    32    18614.79    18    18613.4    1    1
(relay)    25    39    18628.19    18    18626.87    2    1
(advertise)    3    18628.39    39    18
(relay)    16    20    18667.2    18    18663.51    1    1
(relay)    6    47    18713.8    18    18697.47    2    1
(advertise)    3    18714.0    47    18
(relay)    45    45    18718.42    18    18717.82    4    1
(advertise)    3    18736.02    45    18
(relay)    7    9    18759.63    18    18723.13    1    1
(relay)    25    14    18770.63    18    18770.2    3    1
(advertise)    3    18770.83    14    18
(relay)    7    7    18805.64    18    18805.17    4    1
(advertise)    3    18805.84    7    18
(relay)    16    2    18829.05    18    18817.9    4    1
(advertise)    3    18829.65    2    18
(relay)    16    33    18852.27    18    18836.02    4    1
(advertise)    3    18852.67    33    18
(relay)    35    8    18854.28    18    18819.48    1    1
(relay)    35    13    18874.68    18    18853.37    2    1
(advertise)    3    18875.88    13    18
(relay)    45    29    18877.69    18    18851.95    1    1
(relay)    37    37    18890.69    18    18890.57    4    1
(advertise)    3    18898.29    37    18
(relay)    6    0    18899.91    18    18848.34    1    1
(relay)    16    11    18918.11    18    18854.84    4    1
(advertise)    3    18919.71    11    18
(relay)    6    17    18966.12    18    18841.0    1    1
(relay)    37    4    18989.52    18    18939.46    1    1
(relay)    35    35    19003.32    18    19002.71    5    1
(advertise)    3    19003.52    35    18
(relay)    7    42    19027.53    18    18950.07    2    1
(advertise)    3    19027.73    42    18
(relay)    26    26    19043.95    19    19043.82    4    1
(advertise)    3    19049.75    26    19
(relay)    25    38    19075.36    20    19072    125    1
(advertise)    3    19075.76    38    20
(relay)    26    10    19098.17    19    19047.75    1    1
(relay)    25    25    19119.77    19    19118.72    4    1
(advertise)    3    19119.97    25    19
(relay)    26    44    19143.18    19    19131.0    3    1
(advertise)    3    19143.38    44    19
(relay)    45    43    19196.4    19    19194.72    3    1
(advertise)    3    19196.6    43    19
(relay)    1    1    19319.81    19    19319.7    5    1
(advertise)    3    19320.01    1    19
(relay)    6    24    19344.22    19    19326.33    2    1
(advertise)    3    19344.42    24    19
(relay)    34    34    19364.64    20    19364    127    1
(advertise)    3    19365.44    34    20
(relay)    16    28    19396.45    19    19393.96    1    1
(relay)    16    16    19398.85    19    19397.9    4    1
(advertise)    3    19399.05    16    19
(generate)    3    19413.46    [23]    19
(relay)    16    41    19478.08    19    19475.62    2    1
(advertise)    3    19478.28    41    19
(relay)    45    36    19501.49    19    19500.16    2    1
(advertise)    3    19502.69    36    19
(relay)    16    6    19504.3    19    19502.84    2    1
(advertise)    3    19523.7    6    19
(relay)    5    5    19541.51    19    19540.87    6    1
(advertise)    3    19544.91    5    19
(relay)    16    12    19565.33    19    19538.54    1    1
(relay)    35    32    19615.33    19    19613.41    1    1
(relay)    25    39    19628.13    19    19626.96    2    1
(advertise)    3    19628.33    39    19
(relay)    7    20    19667.14    19    19663.52    1    1
(relay)    45    45    19718.54    19    19718.01    4    1
(advertise)    3    19718.74    45    19
(relay)    25    9    19743.75    19    19723.25    1    1
(relay)    7    14    19770.55    19    19770.26    3    1
(advertise)    3    19770.75    14    19
(relay)    7    7    19805.97    19    19805.32    4    1
(advertise)    3    19806.17    7    19
(relay)    16    2    19829.78    19    19818.01    4    1
(advertise)    3    19829.98    2    19
(relay)    7    33    19851.59    19    19836.12    3    1
(advertise)    3    19851.79    33    19
(relay)    16    13    19873.21    19    19853.43    2    1
(advertise)    3    19873.41    13    19
(relay)    37    37    19891.22    19    19890.74    4    1
(relay)    37    29    19894.22    19    19852.03    1    2
(advertise)    3    19894.82    37    19
(relay)    16    17    19918.83    19    19841.05    1    1
(relay)    35    11    19944.63    19    19855.0    2    1
(advertise)    3    19944.83    11    19
(relay)    37    42    19967.64    19    19950.25    3    1
(advertise)    3    19968.04    42    19
(relay)    37    4    19990.66    19    19939.63    1    1
(relay)    35    35    20003.86    19    20002.89    5    1
(advertise)    3    20004.06    35    19
(relay)    7    46    20043.07    20    20041.33    1    1
(relay)    26    26    20044.07    20    20043.97    4    1
(advertise)    3    20044.27    26    20
(relay)    45    10    20071.28    20    20047.83    1    1
(relay)    16    38    20089.28    21    20072    125    1
(advertise)    3    20089.48    38    21
(relay)    25    25    20119.9    20    20118.91    4    1
(advertise)    3    20120.1    25    20
(relay)    6    44    20141.11    20    20131.16    3    1
(advertise)    3    20142.31    44    20
(relay)    45    43    20196.72    20    20194.77    3    1
(advertise)    3    20196.92    43    20
(relay)    1    1    20319.74    20    20319.72    5    1
(advertise)    3    20319.94    1    20
(relay)    26    24    20342.15    20    20326.46    2    1
(advertise)    3    20342.95    24    20
(relay)    34    34    20364.96    21    20364    127    1
(advertise)    3    20365.16    34    21
(relay)    7    28    20395.57    20    20394.08    1    1
(relay)    16    16    20398.17    20    20398.08    4    1
(advertise)    3    20398.37    16    20
(generate)    3    20413.59    [23]    20
(relay)    16    41    20478.4    20    20475.81    2    1
(advertise)    3    20478.6    41    20
(relay)    35    21    20486.81    20    20459.32    1    1
(relay)    6    6    20503.01    20    20503.0    4    1
(advertise)    3    20503.41    6    20
(relay)    5    5    20542.03    20    20540.93    6    1
(advertise)    3    20542.23    5    20
(relay)    25    12    20573.44    20    20538.54    1    1
(relay)    16    32    20616.64    20    20613.43    1    1
(relay)    25    39    20628.44    20    20627.12    2    1
(advertise)    3    20628.64    39    20
(relay)    7    20    20665.45    20    20663.52    1    1
(relay)    45    47    20698.65    20    20697.85    3    1
(advertise)    3    20698.85    47    20
(relay)    45    45    20718.67    20    20718.18    4    1
(advertise)    3    20721.27    45    20
(relay)    16    9    20745.48    20    20723.56    1    1
(relay)    25    14    20770.88    20    20770.27    3    1
(advertise)    3    20771.08    14    20
(relay)    7    7    20805.89    20    20805.32    4    1
(advertise)    3    20806.09    7    20
(relay)    16    2    20830.1    20    20818.11    4    1
(relay)    6    8    20830.5    20    20819.59    1    2
(advertise)    3    20831.1    2    20
(relay)    7    33    20852.92    20    20836.2    3    1
(advertise)    3    20853.12    33    20
(relay)    16    13    20874.13    20    20853.52    2    1
(advertise)    3    20876.53    13    20
(relay)    37    37    20891.54    20    20890.89    4    1
(relay)    16    11    20895.34    20    20855.15    4    2
(relay)    25    17    20896.94    20    20841.1    1    3
(advertise)    3    20897.74    37    20
(advertise)    3    20919.36    11    20
(relay)    26    4    20942.77    20    20939.67    1    1
(relay)    35    42    20951.97    20    20950.44    2    1
(advertise)    3    20952.17    42    20
(relay)    25    0    20961.78    20    20848.5    1    1
(heartbeat)    23    5    20984.25    3    20987.58    3    7
(advertise)    3    20987.78    23    5
(relay)    35    35    21004.0    20    21003.05    5    1
(advertise)    3    21010.0    35    20
(relay)    26    26    21044.21    21    21044.13    4    1
(advertise)    3    21044.41    26    21
(relay)    25    27    21073.42    21    21015.19    1    1
(relay)    16    38    21102.82    22    21072    125    1
(advertise)    3    21103.02    38    22
(relay)    25    25    21119.03    21    21118.93    4    1
(relay)    7    46    21124.23    21    21041.37    1    2
(advertise)    3    21125.03    25    21
(relay)    37    44    21146.25    21    21131.35    3    1
(advertise)    3    21147.45    44    21
(relay)    25    10    21150.86    21    21047.95    1    1
(relay)    37    43    21196.26    21    21194.82    3    1
(advertise)    3    21196.46    43    21
(relay)    1    1    21319.87    21    21319.73    5    1
(advertise)    3    21320.07    1    21
(relay)    45    24    21344.09    21    21326.97    2    1
(advertise)    3    21344.49    24    21
(relay)    34    34    21365.1    22    21364    127    1
(advertise)    3    21368.7    34    22
(relay)    35    28    21396.71    21    21394.13    1    1
(relay)    16    16    21398.31    21    21398.25    4    1
(advertise)    3    21398.51    16    21
(generate)    3    21413.73    [23]    21
(relay)    25    21    21466.74    21    21459.38    1    1
(relay)    16    41    21485.34    21    21476.0    2    1
(advertise)    3    21485.54    41    21
(relay)    37    36    21501.15    21    21500.36    2    1
(relay)    6    6    21503.75    21    21503.13    4    2
(advertise)    3    21507.35    36    21
(advertise)    3    21529.16    6    21
(relay)    5    5    21541.98    21    21541.0    6    1
(advertise)    3    21551.78    5    21
(relay)    16    12    21574.19    21    21538.73    1    1
(relay)    25    39    21638.99    21    21627.29    2    1
(advertise)    3    21639.19    39    21
(relay)    25    20    21665.0    21    21663.52    1    1
(relay)    45    47    21698.8    21    21697.96    3    1
(advertise)    3    21699.0    47    21
(relay)    45    45    21719.22    21    21718.3    4    1
(advertise)    3    21720.02    45    21
(relay)    25    9    21755.03    21    21723.66    1    1
(relay)    7    14    21778.23    21    21770.35    3    1
(advertise)    3    21778.43    14    21
(relay)    7    7    21806.24    21    21805.33    4    1
(advertise)    3    21806.44    7    21
(relay)    7    2    21829.86    21    21818.22    3    1
(advertise)    3    21830.46    2    21
(relay)    16    33    21851.47    21    21836.34    4    1
(advertise)    3    21852.47    33    21
(relay)    7    8    21875.28    21    21819.63    1    1
(relay)    26    0    21875.68    21    21848.63    1    1
(relay)    37    37    21891.48    21    21891.02    4    1
(advertise)    3    21891.68    37    21
(relay)    7    17    21896.89    21    21841.16    1    1
(relay)    6    29    21897.89    21    21852.42    1    1
(relay)    7    11    21938.49    21    21855.34    3    1
(advertise)    3    21938.69    11    21
(relay)    25    13    21941.71    21    21853.64    1    1
(relay)    7    42    21962.31    21    21950.62    2    1
(advertise)    3    21962.51    42    21
(relay)    45    4    21966.32    21    21939.69    2    1
(advertise)    3    21983.92    4    21
(relay)    35    35    22004.13    21    22003.07    5    1
(advertise)    3    22005.53    35    21
(relay)    26    26    22044.75    22    22044.27    4    1
(advertise)    3    22044.95    26    22
(relay)    6    10    22077.76    22    22048.1    1    1
(relay)    35    46    22085.56    22    22041.42    1    1
(relay)    25    25    22119.16    22    22118.99    4    1
(advertise)    3    22119.36    25    22
(relay)    26    44    22141.17    22    22131.5    3    1
(advertise)    3    22141.37    44    22
(relay)    7    43    22195.59    22    22194.86    2    1
(advertise)    3    22195.79    43    22
(relay)    1    1    22320.4    22    22319.82    5    1
(advertise)    3    22320.6    1    22
(relay)    6    24    22344.41    22    22327.08    1    1
(relay)    7    28    22394.81    22    22394.19    1    1
(relay)    16    16    22398.41    22    22398.4    4    1
(advertise)    3    22398.61    16    22
(generate)    3    22413.82    [23]    22
(relay)    16    41    22483.84    22    22476.17    2    1
(advertise)    3    22484.04    41    22
(relay)    45    36    22501.25    22    22500.41    2    1
(relay)    6    6    22503.85    22    22503.25    4    2
(advertise)    3    22506.45    36    22
(advertise)    3    22529.86    6    22
(relay)    5    5    22542.08    22    22541.04    6    1
(advertise)    3    22551.88    5    22
(relay)    16    12    22571.09    22    22538.91    1    1
(relay)    16    32    22619.29    22    22613.81    1    1
(relay)    25    39    22629.69    22    22627.41    2    1
(advertise)    3    22629.89    39    22
(relay)    35    20    22681.1    22    22663.7    1    1
(relay)    6    47    22700.1    22    22698.07    2    1
(advertise)    3    22700.3    47    22
(relay)    45    45    22719.32    22    22718.39    4    1
(advertise)    3    22723.92    45    22
(relay)    7    14    22771.53    22    22770.37    3    1
(advertise)    3    22771.73    14    22
(relay)    7    7    22806.54    22    22805.45    4    1
(advertise)    3    22806.74    7    22
(relay)    16    2    22828.95    22    22818.28    4    1
(advertise)    3    22829.35    2    22
(relay)    25    33    22850.37    22    22836.48    3    1
(advertise)    3    22852.37    33    22
(relay)    26    17    22874.38    22    22841.21    1    1
(relay)    5    13    22875.58    22    22853.7    1    1
(relay)    37    37    22892.18    22    22891.13    4    1
(advertise)    3    22892.38    37    22
(relay)    16    11    22896.39    22    22855.48    4    1
(relay)    37    0    22897.99    22    22848.7    1    2
(relay)    45    29    22899.19    22    22852.61    1    3
(advertise)    3    22913.59    11    22
(relay)    6    42    22962.81    22    22950.78    3    1
(advertise)    3    22963.01    42    22
(relay)    6    4    22985.82    22    22939.85    1    1
(relay)    35    35    23004.22    22    23003.19    5    1
(advertise)    3    23004.42    35    22
(relay)    26    26    23045.03    23    23044.41    4    1
(advertise)    3    23045.23    26    23
(relay)    16    46    23068.25    23    23041.51    1    1
(relay)    26    10    23079.45    23    23048.13    1    1
(relay)    16    38    23091.85    24    23072    125    1
(advertise)    3    23092.05    38    24
(relay)    25    25    23119.26    23    23119.13    4    1
(advertise)    3    23119.46    25    23
(relay)    6    44    23144.07    23    23131.66    3    1
(advertise)    3    23145.07    44    23
(relay)    45    43    23196.28    23    23195.03    3    1
(advertise)    3    23196.48    43    23
(relay)    1    1    23320.5    23    23319.87    5    1
(advertise)    3    23320.7    1    23
(relay)    37    24    23344.51    23    23327.14    2    1
(advertise)    3    23344.71    24    23
(relay)    34    34    23364.92    24    23364    127    1
(advertise)    3    23366.12    34    24
(relay)    35    28    23395.34    23    23394.31    1    1
(relay)    16    16    23399.14    23    23398.53    4    1
(advertise)    3    23399.34    16    23
(generate)    3    23413.95    [23]    23
(relay)    16    41    23477.36    23    23476.36    2    1
(advertise)    3    23477.56    41    23
(relay)    45    36    23501.18    23    23500.47    2    1
(advertise)    3    23501.58    36    23
(relay)    6    6    23503.99    23    23503.4    4    1
(advertise)    3    23524.39    6    23
(relay)    5    5    23542.2    23    23541.11    6    1
(advertise)    3    23545.4    5    23
(relay)    16    12    23563.81    23    23539.08    1    1
(relay)    16    32    23618.81    23    23613.97    1    1
(relay)    25    39    23629.61    23    23627.51    2    1
(advertise)    3    23629.81    39    23
(relay)    35    20    23666.43    23    23663.86    1    1
(relay)    45    47    23700.03    23    23698.2    3    1
(advertise)    3    23700.23    47    23
(relay)    45    45    23719.64    23    23718.57    4    1
(advertise)    3    23722.44    45    23
(relay)    25    9    23758.65    23    23723.86    1    1
(relay)    7    14    23771.65    23    23770.44    3    1
(advertise)    3    23771.85    14    23
(relay)    7    7    23806.67    23    23805.58    4    1
(advertise)    3    23806.87    7    23
(relay)    16    2    23828.68    23    23818.38    4    1
(relay)    37    8    23829.28    23    23819.74    1    2
(advertise)    3    23829.48    2    23
(relay)    16    33    23851.09    23    23836.6    4    1
(advertise)    3    23851.49    33    23
(relay)    16    13    23873.11    23    23853.75    2    1
(advertise)    3    23874.31    13    23
(relay)    37    37    23892.32    23    23891.31    4    1
(relay)    16    11    23896.12    23    23855.62    4    2
(advertise)    3    23896.32    37    23
(relay)    26    17    23913.93    23    23841.28    1    2
(advertise)    3    23918.93    11    23
(relay)    26    29    23935.94    23    23852.65    1    1
(relay)    37    42    23961.74    23    23950.93    3    1
(advertise)    3    23961.94    42    23
(relay)    37    4    23988.76    23    23940.01    1    1
(relay)    35    35    24003.36    23    24003.35    5    1
(advertise)    3    24003.56    35    23
(relay)    26    26    24045.17    24    24044.59    4    1
(advertise)    3    24045.37    26    24
(relay)    7    46    24068.18    24    24042.22    1    1
(relay)    16    38    24091.18    25    24072    125    1
(advertise)    3    24091.38    38    25
(relay)    37    10    24114.6    24    24048.21    1    1
(relay)    25    25    24119.8    24    24119.32    4    1
(advertise)    3    24120.0    25    24
(relay)    45    44    24142.41    24    24131.82    3    1
(advertise)    3    24143.61    44    24
(relay)    35    43    24196.62    24    24195.06    2    1
(advertise)    3    24196.82    43    24
(relay)    1    1    24320.44    24    24319.88    5    1
(advertise)    3    24320.64    1    24
(relay)    26    24    24344.45    24    24327.65    2    1
(advertise)    3    24344.65    24    24
(relay)    34    34    24364.06    25    24364    127    1
(advertise)    3    24368.86    34    25
(relay)    35    28    24395.47    24    24394.38    1    1
(relay)    16    16    24399.27    24    24398.69    4    1
(advertise)    3    24399.47    16    24
(generate)    3    24414.09    [23]    24
(relay)    16    41    24477.9    24    24476.36    2    1
(advertise)    3    24478.1    41    24
(relay)    25    21    24501.51    24    24459.53    1    1
(relay)    6    36    24502.11    24    24500.57    2    1
(advertise)    3    24502.51    36    24
(relay)    6    6    24504.13    24    24503.59    4    1
(advertise)    3    24525.13    6    24
(relay)    5    5    24541.34    24    24541.18    6    1
(advertise)    3    24547.74    5    24
(relay)    16    12    24574.15    24    24539.25    1    1
(relay)    16    32    24619.15    24    24614.16    1    1
(relay)    26    39    24640.75    24    24627.67    1    1
(relay)    45    47    24700.15    24    24698.35    3    1
(advertise)    3    24700.35    47    24
(relay)    45    45    24718.77    24    24718.72    4    1
(advertise)    3    24721.37    45    24
(relay)    7    9    24746.58    24    24723.94    1    1
(relay)    25    14    24772.18    24    24770.45    3    1
(advertise)    3    24772.38    14    24
(relay)    7    7    24806.79    24    24805.74    4    1
(advertise)    3    24806.99    7    24
(relay)    16    2    24828.2    24    24818.46    4    1
(advertise)    3    24830.4    2    24
(relay)    7    33    24851.22    24    24836.66    3    1
(advertise)    3    24851.62    33    24
(relay)    26    0    24853.03    24    24848.9    1    1
(relay)    7    13    24872.83    24    24854.03    2    1
(advertise)    3    24873.03    13    24
(relay)    37    37    24892.44    24    24891.46    4    1
(advertise)    3    24894.84    37    24
(relay)    37    17    24896.26    24    24841.36    1    1
(relay)    26    29    24899.66    24    24852.74    1    1
(relay)    7    11    24915.46    24    24855.74    3    1
(advertise)    3    24917.46    11    24
(relay)    37    4    24943.27    24    24940.06    2    1
(advertise)    3    24943.47    4    24
(relay)    37    42    24964.68    24    24950.94    3    1
(advertise)    3    24967.48    42    24
(heartbeat)    23    6    24984.27    3    24989.1    3    7
(advertise)    3    24989.3    23    6
(relay)    35    35    25003.71    24    25003.52    5    1
(advertise)    3    25011.11    35    24
(relay)    26    26    25045.32    25    25044.75    4    1
(advertise)    3    25045.52    26    25
(relay)    35    46    25069.33    25    25042.29    1    1
(relay)    37    10    25079.33    25    25048.28    1    1
(relay)    16    38    25091.13    26    25072    125    1
(advertise)    3    25091.33    38    26
(relay)    25    25    25119.95    25    25119.35    4    1
(advertise)    3    25120.15    25    25
(relay)    6    44    25142.56    25    25131.82    3    1
(advertise)    3    25143.16    44    25
(relay)    45    43    25195.77    25    25195.16    3    1
(advertise)    3    25195.97    43    25
(relay)    1    1    25320.99    25    25319.9    5    1
(advertise)    3    25321.19    1    25
(relay)    37    24    25344.4    25    25327.8    2    1
(advertise)    3    25345.4    24    25
(relay)    34    34    25364.01    26    25364    127    1
(advertise)    3    25366.81    34    26
(relay)    35    28    25396.23    25    25394.48    1    1
(relay)    16    16    25399.43    25    25398.86    4    1
(advertise)    3    25399.63    16    25
(generate)    3    25414.24    [23]    25
(relay)    37    21    25464.45    25    25459.63    1    1
(relay)    16    41    25478.45    25    25476.39    2    1
(advertise)    3    25478.65    41    25
(relay)    6    36    25502.26    25    25500.64    2    1
(advertise)    3    25503.06    36    25
(relay)    6    6    25504.68    25    25503.76    5    1
(advertise)    3    25525.28    6    25
(relay)    5    5    25541.29    25    25541.28    6    1
(advertise)    3    25547.29    5    25
(relay)    16    12    25567.5    25    25539.27    1    1
(relay)    7    32    25621.7    25    25614.34    1    1
(relay)    25    39    25628.1    25    25627.8    2    1
(advertise)    3    25628.3    39    25
(relay)    16    20    25667.32    25    25664.22    1    1
(relay)    26    47    25700.92    25    25698.53    3    1
(advertise)    3    25701.12    47    25
(relay)    45    45    25718.93    25    25718.89    4    1
(advertise)    3    25724.13    45    25
(relay)    16    9    25758.74    25    25724.06    1    1
(relay)    25    14    25780.34    25    25770.51    3    1
(advertise)    3    25780.54    14    25
(relay)    7    7    25805.76    25    25805.74    4    1
(advertise)    3    25805.96    7    25
(relay)    16    2    25830.37    25    25818.55    4    1
(advertise)    3    25830.57    2    25
(relay)    16    33    25852.18    25    25836.75    4    1
(advertise)    3    25852.58    33    25
(relay)    16    13    25873.59    25    25854.15    2    1
(advertise)    3    25874.19    13    25
(relay)    26    29    25877.41    25    25852.86    1    1
(relay)    37    37    25891.81    25    25891.62    4    1
(relay)    16    11    25895.01    25    25855.91    4    2
(relay)    37    0    25896.01    25    25849.06    1    3
(advertise)    3    25896.21    37    25
(advertise)    3    25918.62    11    25
(relay)    37    42    25953.03    25    25950.94    3    1
(advertise)    3    25953.23    42    25
(relay)    45    4    25966.25    25    25940.13    2    1
(advertise)    3    25975.45    4    25
(relay)    35    35    26003.86    25    26003.71    5    1
(advertise)    3    26004.06    35    25
(relay)    26    26    26045.87    26    26044.93    4    1
(advertise)    3    26046.07    26    26
(relay)    16    38    26073.09    27    26072    125    1
(advertise)    3    26073.29    38    27
(relay)    37    10    26095.3    26    26048.4    1    1
(relay)    25    46    26118.1    26    26042.97    1    1
(relay)    25    25    26120.1    26    26119.51    4    1
(advertise)    3    26120.3    25    26
(relay)    45    44    26143.11    26    26131.83    3    1
(advertise)    3    26144.31    44    26
(relay)    26    43    26196.72    26    26195.24    3    1
(advertise)    3    26196.92    43    26
(relay)    1    1    26320.94    26    26319.91    5    1
(advertise)    3    26321.14    1    26
(relay)    37    24    26345.15    26    26327.92    2    1
(advertise)    3    26345.55    24    26
(relay)    34    34    26364.16    27    26364    127    1
(advertise)    3    26369.96    34    27
(relay)    35    28    26397.38    26    26394.61    1    1
(relay)    16    16    26399.58    26    26398.97    4    1
(advertise)    3    26399.98    16    26
(generate)    3    26414.39    [23]    26
(relay)    16    41    26484.0    26    26476.39    2    1
(advertise)    3    26484.2    41    26
(relay)    35    21    26486.42    26    26459.68    1    1
(relay)    45    36    26503.02    26    26501.19    2    1
(relay)    6    6    26505.02    26    26503.91    5    2
(advertise)    3    26507.02    36    26
(advertise)    3    26528.63    6    26
(relay)    5    5    26541.44    26    26541.37    6    1
(advertise)    3    26551.04    5    26
(relay)    35    12    26575.25    26    26539.46    1    1
(relay)    35    32    26617.45    26    26614.5    1    1
(relay)    25    39    26628.45    26    26627.97    2    1
(advertise)    3    26628.65    39    26
(relay)    35    20    26667.27    26    26664.39    1    1
(relay)    26    47    26700.07    26    26698.7    3    1
(advertise)    3    26700.27    47    26
(relay)    45    45    26719.08    26    26719.03    4    1
(advertise)    3    26721.48    45    26
(relay)    25    9    26747.49    26    26724.2    1    1
(relay)    16    14    26772.89    26    26770.69    3    1
(advertise)    3    26773.09    14    26
(relay)    7    7    26806.11    26    26805.93    4    1
(advertise)    3    26806.31    7    26
(relay)    16    2    26828.52    26    26818.63    4    1
(advertise)    3    26829.72    2    26
(relay)    16    33    26850.93    26    26836.81    4    1
(advertise)    3    26851.13    33    26
(relay)    16    13    26872.55    26    26854.29    2    1
(advertise)    3    26872.75    13    26
(relay)    6    0    26876.56    26    26849.15    1    1
(relay)    37    37    26891.96    26    26891.79    4    1
(relay)    16    11    26894.36    26    26856.04    4    2
(advertise)    3    26895.36    37    26
(advertise)    3    26918.17    11    26
(relay)    16    17    26936.78    26    26841.54    1    1
(relay)    45    42    26952.78    26    26950.97    3    1
(advertise)    3    26952.98    42    26
(relay)    45    4    26982.6    26    26940.32    1    1
(relay)    35    35    27004.4    26    27003.89    5    1
(advertise)    3    27004.6    35    26
(relay)    26    26    27046.01    27    27045.05    4    1
(advertise)    3    27046.21    26    27
(relay)    6    10    27074.02    27    27048.49    1    1
(relay)    35    46    27094.02    27    27043.02    1    1
(relay)    25    25    27120.22    27    27119.69    4    1
(advertise)    3    27120.42    25    27
(relay)    26    44    27143.24    27    27132.02    3    1
(advertise)    3    27144.44    44    27
(relay)    45    43    27196.25    27    27195.28    3    1
(advertise)    3    27196.45    43    27
(relay)    1    1    27321.06    27    27320.0    5    1
(advertise)    3    27321.26    1    27
(relay)    26    24    27343.28    27    27328.04    2    1
(advertise)    3    27343.88    24    27
(relay)    35    28    27397.09    27    27394.66    1    1
(relay)    16    16    27400.09    27    27399.14    4    1
(advertise)    3    27400.29    16    27
(generate)    3    27414.5    [23]    27
(relay)    16    41    27479.11    27    27476.57    2    1
(advertise)    3    27479.31    41    27
(relay)    37    36    27502.53    27    27501.26    2    1
(advertise)    3    27502.93    36    27
(relay)    6    6    27505.14    27    27504.03    5    1
(advertise)    3    27524.74    6    27
(relay)    5    5    27541.55    27    27541.41    6    1
(advertise)    3    27547.15    5    27
(relay)    16    12    27571.37    27    27539.65    1    1
(relay)    16    32    27615.77    27    27614.67    1    1
(relay)    45    39    27628.77    27    27628.12    1    1
(relay)    25    20    27668.57    27    27664.57    1    1
(relay)    26    47    27699.37    27    27698.86    3    1
(advertise)    3    27699.57    47    27
(relay)    45    45    27719.18    27    27719.14    4    1
(advertise)    3    27721.78    45    27
(relay)    25    9    27745.99    27    27724.28    1    1
(relay)    16    14    27772.39    27    27770.75    3    1
(advertise)    3    27772.59    14    27
(relay)    7    7    27806.21    27    27806.05    4    1
(advertise)    3    27806.41    7    27
(relay)    16    2    27828.62    27    27818.7    4    1
(advertise)    3    27828.82    2    27
(relay)    16    33    27852.43    27    27836.96    4    1
(advertise)    3    27852.83    33    27
(relay)    25    13    27877.64    27    27854.39    2    1
(advertise)    3    27877.84    13    27
(relay)    37    37    27892.06    27    27891.9    4    1
(relay)    25    11    27899.66    27    27856.16    2    2
(advertise)    3    27900.46    37    27
(relay)    25    17    27921.27    27    27841.54    1    2
(advertise)    3    27923.67    11    27
(relay)    6    29    27943.28    27    27853.02    1    1
(relay)    37    42    27952.28    27    27950.97    3    1
(advertise)    3    27952.68    42    27
(relay)    37    4    27972.5    27    27940.32    1    1
(relay)    35    35    28004.7    27    28004.05    5    1
(advertise)    3    28004.9    35    27
(relay)    26    26    28046.11    28    28045.19    4    1
(advertise)    3    28046.31    26    28
(relay)    7    46    28067.92    28    28043.08    1    1
(relay)    16    38    28073.52    29    28072    125    1
(advertise)    3    28074.12    38    29
(relay)    6    10    28117.94    28    28048.6    1    1
(relay)    25    25    28120.94    28    28119.88    4    1
(advertise)    3    28121.14    25    28
(relay)    7    44    28143.35    28    28132.21    1    1
(relay)    26    43    28196.55    28    28195.31    3    1
(advertise)    3    28196.75    43    28
(relay)    1    1    28321.16    28    28320.05    5    1
(advertise)    3    28321.36    1    28
(relay)    26    24    28343.97    28    28328.13    2    1
(advertise)    3    28344.97    24    28
(relay)    34    34    28364.59    29    28364    127    1
(advertise)    3    28367.99    34    29
(relay)    35    28    28397.2    28    28394.78    1    1
(relay)    16    16    28400.4    28    28399.3    4    1
(advertise)    3    28400.6    16    28
(generate)    3    28414.61    [23]    28
(relay)    16    41    28486.03    28    28476.57    2    1
(advertise)    3    28486.23    41    28
(relay)    6    6    28504.24    28    28504.21    5    1
(advertise)    3    28509.24    6    28
(relay)    25    36    28531.05    28    28501.32    1    1
(relay)    5    5    28542.05    28    28541.47    6    1
(advertise)    3    28542.25    5    28
(relay)    16    32    28616.47    28    28614.86    1    1
(relay)    45    39    28629.47    28    28628.25    1    1
(relay)    35    20    28668.07    28    28664.57    1    1
(relay)    45    47    28699.27    28    28699.01    3    1
(advertise)    3    28699.47    47    28
(relay)    45    45    28719.88    28    28719.27    4    1
(advertise)    3    28720.48    45    28
(relay)    25    9    28744.69    28    28724.42    1    1
(relay)    7    7    28806.69    28    28806.22    4    1
(advertise)    3    28806.89    7    28
(relay)    16    2    28829.9    28    28818.77    4    1
(advertise)    3    28830.5    2    28
(relay)    16    33    28851.92    28    28837.05    4    1
(advertise)    3    28853.12    33    28
(relay)    16    13    28873.33    28    28854.47    2    1
(advertise)    3    28875.93    13    28
(relay)    6    29    28877.74    28    28853.94    1    1
(relay)    37    37    28892.14    28    28892.05    4    1
(relay)    16    11    28896.94    28    28856.31    4    2
(advertise)    3    28898.94    37    28
(advertise)    3    28920.16    11    28
(relay)    37    17    28921.57    28    28841.63    1    1
(relay)    26    4    28968.17    28    28940.51    2    1
(advertise)    3    28968.37    4    28
(heartbeat)    23    7    28984.28    3    28986.18    3    7
(relay)    45    42    28988.98    28    28950.97    3    2
(advertise)    3    28989.38    23    7
(relay)    35    35    29004.8    28    29004.23    4    2
(advertise)    3    29012.4    42    28
(advertise)    3    29033.41    35    28
(relay)    26    26    29045.42    29    29045.34    4    1
(advertise)    3    29055.82    26    29
(relay)    35    46    29067.83    29    29043.18    1    1
(relay)    16    38    29075.43    30    29072    125    1
(advertise)    3    29078.63    38    30
(relay)    45    10    29102.65    29    29048.73    1    1
(relay)    25    25    29120.85    29    29119.92    4    1
(advertise)    3    29121.05    25    29
(relay)    45    44    29145.06    29    29132.4    3    1
(advertise)    3    29145.46    44    29
(relay)    7    43    29198.47    29    29195.34    2    1
(advertise)    3    29198.67    43    29
(relay)    1    1    29320.09    29    29320.07    5    1
(advertise)    3    29320.29    1    29
(relay)    6    24    29343.1    29    29328.28    2    1
(advertise)    3    29344.5    24    29
(relay)    34    34    29364.51    30    29364    127    1
(advertise)    3    29366.31    34    30
(relay)    7    28    29397.53    29    29394.89    1    1
(relay)    16    16    29400.53    29    29399.49    4    1
(advertise)    3    29400.73    16    29
(generate)    3    29414.74    [23]    29
(relay)    16    41    29480.35    29    29476.73    2    1
(advertise)    3    29480.55    41    29
(relay)    25    21    29486.96    29    29459.79    1    1
(relay)    7    36    29502.16    29    29501.43    1    1
(relay)    6    6    29504.56    29    29504.4    5    1
(advertise)    3    29504.76    6    29
(relay)    5    5    29542.18    29    29541.57    6    1
(advertise)    3    29542.38    5    29
(relay)    16    12    29574.19    29    29539.98    1    1
(relay)    16    32    29617.39    29    29614.86    1    1
(relay)    25    39    29629.59    29    29628.36    2    1
(advertise)    3    29629.79    39    29
(relay)    16    20    29668.6    29    29664.58    1    1
(relay)    45    47    29699.6    29    29699.04    3    1
(advertise)    3    29699.8    47    29
(relay)    45    45    29720.02    29    29719.45    4    1
(advertise)    3    29721.22    45    29
(relay)    25    9    29746.63    29    29724.51    1    1
(relay)    16    14    29771.83    29    29770.85    3    1
(advertise)    3    29772.03    14    29
(relay)    7    7    29807.04    29    29806.4    4    1
(advertise)    3    29807.24    7    29
(relay)    16    2    29829.46    29    29818.89    4    1
(advertise)    3    29830.86    2    29
(relay)    16    33    29850.47    29    29837.15    4    1
(advertise)    3    29851.87    33    29
(relay)    26    8    29854.28    29    29820.11    1    1
(relay)    16    13    29870.88    29    29854.59    2    1
(advertise)    3    29873.28    13    29
(relay)    16    11    29892.29    29    29856.5    4    1
(relay)    37    37    29892.69    29    29892.24    4    2
(advertise)    3    29895.49    11    29
(advertise)    3    29917.11    37    29
(relay)    37    29    29921.92    29    29854.03    1    1
(relay)    37    42    29951.52    29    29951.16    3    1
(advertise)    3    29951.72    42    29
(relay)    25    0    29960.53    29    29850.55    1    1
(relay)    37    4    29988.33    29    29940.53    1    1
