(generate)    34    364    [23]    1
(generate)    34    1364    [23]    2
(generate)    34    2364    [23]    3
(generate)    34    3364    [23]    4
(generate)    34    4364    [23]    5
(generate)    34    5364    [23]    6
(main)    25    1    1116.09    34    6128.08
(main)    25    2    2116.24    34    6229.69
(main)    25    3    3116.43    34    6318.9
(main)    25    4    4116.63    34    6456.52
(main)    25    5    5116.83    34    6519.93
(main)    25    6    6117.0    34    7214.61
(main)    25    7    7117.07    34    7512.23
(generate)    34    6364    [23]    7
(generate)    34    7364    [23]    8
(generate)    34    8364    [23]    9
(generate)    34    9364    [23]    10
(generate)    34    10364    [23]    11
(generate)    34    11364    [23]    12
(main)    25    8    8117.11    34    11790.67
(main)    25    9    9117.19    34    11889.89
(main)    25    10    10117.25    34    12061.7
(main)    25    11    11117.29    34    12142.31
(main)    25    12    12117.32    34    12298.52
(generate)    34    12364    [23]    13
(generate)    34    13364    [23]    14
(generate)    34    14364    [23]    15
(generate)    34    15364    [23]    16
(generate)    34    16364    [23]    17
(main)    25    13    13117.54    34    16746.78
(main)    25    14    14117.59    34    17100.22
(main)    25    15    15118.22    34    17213.63
(main)    25    16    16118.22    34    17270.44
(main)    25    17    17118.41    34    17534.27
(generate)    34    17364    [23]    18
(generate)    34    18364    [23]    19
(generate)    34    19364    [23]    20
(generate)    34    20364    [23]    21
(generate)    34    21364    [23]    22
(main)    25    18    18118.56    34    21791.89
(main)    25    19    19118.72    34    21862.91
(main)    25    20    20118.91    34    22135.13
(main)    25    21    21118.93    34    22309.36
(main)    25    22    22118.99    34    22541.99
(generate)    34    22364    [23]    23
(generate)    34    23364    [23]    24
(generate)    34    24364    [23]    25
(generate)    34    25364    [23]    26
(generate)    34    26364    [23]    27
(main)    25    23    23119.13    34    26772.21
(main)    25    24    24119.32    34    26924.02
(main)    25    25    25119.35    34    26976.64
(main)    25    26    26119.51    34    27304.88
(main)    25    27    27119.69    34    27486.49
(generate)    34    27364    [23]    28
(generate)    34    28364    [23]    29
(generate)    34    29364    [23]    30
