(generate)    38    72    [23]    1
(generate)    38    1072    [23]    2
(generate)    38    2072    [23]    3
(generate)    38    3072    [23]    4
(generate)    38    4072    [23]    5
(generate)    38    5072    [23]    6
(main)    14    1    1767.03    38    5883.21
(main)    14    2    2767.23    38    6357.66
(main)    14    3    3767.41    38    6786.12
(main)    14    4    4768.42    38    6964.14
(main)    14    5    5768.62    38    7161.96
(main)    14    6    6768.69    38    7255.57
(generate)    38    6072    [23]    7
(generate)    38    7072    [23]    8
(generate)    38    8072    [23]    9
(generate)    38    9072    [23]    10
(generate)    38    10072    [23]    11
(generate)    38    11072    [23]    12
(main)    14    7    7768.74    38    11492.59
(main)    14    8    8768.85    38    11573.21
(main)    14    9    9768.91    38    11637.62
(main)    14    10    10769.04    38    11822.23
(main)    14    11    11769.11    38    12002.06
(generate)    38    12072    [23]    13
(generate)    38    13072    [23]    14
(generate)    38    14072    [23]    15
(generate)    38    15072    [23]    16
(generate)    38    16072    [23]    17
(main)    14    12    12769.95    38    16365.9
(main)    14    13    13769.98    38    16525.71
(main)    14    14    14770.01    38    16619.93
(main)    14    15    15770.04    38    16832.15
(main)    14    16    16770.08    38    16981.36
(generate)    38    17072    [23]    18
(generate)    38    18072    [23]    19
(generate)    38    19072    [23]    20
(generate)    38    20072    [23]    21
(generate)    38    21072    [23]    22
(main)    14    17    17770.16    38    21358.82
(main)    14    18    18770.2    38    21981.28
(main)    14    19    19770.26    38    22223.71
(main)    14    20    20770.27    38    22308.32
(main)    14    21    21770.35    38    22581.55
(main)    14    22    22770.37    38    22852.99
(generate)    38    22072    [23]    23
(generate)    38    23072    [23]    24
(generate)    38    24072    [23]    25
(generate)    38    25072    [23]    26
(generate)    38    26072    [23]    27
(main)    14    23    23770.44    38    27070.41
(main)    14    24    24770.45    38    27218.62
(main)    14    25    25770.51    38    27407.65
(main)    14    26    26770.69    38    27672.68
(main)    14    27    27770.75    38    27825.29
(generate)    38    27072    [23]    28
(generate)    38    28072    [23]    29
(generate)    38    29072    [23]    30
