0   29331.600000071645   162.6000000000033   494.30399999998076    0.49599992837102036
1   29106.400000070826   216.60000000000534   658.4639999999665    0.5359999292013526
2   29267.40000007141   177.00000000000384   538.079999999977    0.5199999286087404
3   29175.200000071076   202.80000000000481   616.5119999999702    0.4879999289478292
4   29305.40000007155   171.30000000000362   520.7519999999785    0.5479999284689256
5   29108.800000070834   220.20000000000547   669.4079999999656    0.5919999291945715
6   29326.200000071625   163.2000000000033   496.1279999999806    0.47199992839159677
7   29128.400000070906   215.10000000000528   653.9039999999669    0.5959999291226268
8   29155.000000071002   201.60000000000477   612.8639999999705    0.5359999290230917
9   28863.40000006994   279.9000000000032   850.8959999999498    0.8039999301072385
10   29189.400000071128   199.5000000000047   606.479999999971    0.6199999288983236
11   28879.60000007   276.9000000000037   841.7759999999506    0.7239999300436466
12   29116.800000070863   211.80000000000516   643.8719999999678    0.527999929163343
13   29068.600000070688   228.9000000000058   695.8559999999633    0.6439999293434084
14   29262.00000007139   176.1000000000038   535.3439999999772    0.5559999286306265
15   28878.200000069995   273.00000000000426   829.9199999999516    0.8799999300499621
16   28987.00000007039   246.60000000000647   749.6639999999586    0.7359999296459137
17   28648.20000006916   329.3999999999957   1001.3759999999368    1.023999930908758
18   28928.000000070177   260.7000000000061   792.5279999999549    0.7719999298642506
19   28894.200000070054   273.00000000000426   829.9199999999516    0.8799999299917545
20   29250.60000007135   179.70000000000394   546.2879999999763    0.41199992867041146
21   29153.200000070996   207.00000000000497   629.279999999969    0.519999929030746
22   29176.00000007108   198.60000000000466   603.7439999999713    0.6559999289456755
23   28637.000000069118   332.39999999999526   1010.495999999936    1.103999930950522
24   29976.60000007399   2.0999999999999996   6.384000000000001    -0.08400007398813614
25   28612.40000006903   337.4999999999945   1025.9999999999354    1.0999999310442945
26   29165.60000007104   203.40000000000484   618.33599999997    0.6639999289836851
27   29130.800000070914   210.3000000000051   639.3119999999682    0.587999929110083
28   29267.00000007141   174.90000000000376   531.6959999999775    0.403999928606936
29   28852.800000069903   283.5000000000027   861.8399999999489    0.859999930144113
30   28948.60000007025   252.9000000000067   768.815999999957    0.683999929788115
31   28621.600000069062   335.9999999999947   1021.439999999935    0.9599999310084968
32   28954.800000070274   251.10000000000664   763.3439999999574    0.7559999297627655
33   28859.000000069926   277.5000000000036   843.5999999999505    0.8999999301195203
34   29271.400000071426   178.5000000000039   542.6399999999766    0.45999992859287886
35   29120.800000070878   216.00000000000531   656.6399999999667    0.5599999291516724
36   29150.800000070987   207.600000000005   631.1039999999689    0.4959999290367705
37   28826.400000069807   285.60000000000235   868.2239999999483    0.7759999302434153
38   29148.000000070977   204.30000000000487   621.0719999999698    0.6279999290454725
39   28870.000000069966   277.5000000000036   843.5999999999505    0.8999999300795025
40   29148.200000070978   204.00000000000486   620.1599999999698    0.6399999290479172
41   29113.600000070852   216.30000000000533   657.5519999999666    0.5479999291746935
42   29329.400000071637   162.9000000000033   495.2159999999807    0.4839999283758516
43   29083.400000070742   219.30000000000544   666.6719999999658    0.6279999292855791
44   29230.400000071277   184.2000000000041   559.9679999999751    0.4319999287436076
45   29125.400000070895   213.60000000000522   649.3439999999673    0.6559999291312124
46   29271.200000071425   180.00000000000395   547.1999999999762    0.5999999285959348
47   29085.60000007075   219.00000000000543   665.7599999999659    0.6399999292807479
48   29306.800000071555   168.0000000000035   510.71999999997934    0.4799999284623482
