19    24    1005.4    2    1002.01
7    24    1007.6    2    1002.01
48    24    1146.4    1    1123.03
1    24    1176.6    1    1166.05
32    24    1201.6    1    1201.07
47    24    1224.4    1    1198.07
8    24    1253.0    1    1245.09
15    24    1309.0    1    1308.09
17    24    1326.6    1    1326.12
26    24    1354.6    1    1334.72
13    24    1356.0    1    1311.72
4    24    1402.8    1    1384.16
40    24    1428.2    1    1409.17
30    24    1450.6    1    1447.16
44    24    1472.6    1    1444.17
31    24    1483.2    1    1483.01
14    24    1497.4    1    1476.2
18    24    1520.4    1    1501.02
28    24    1547.4    1    1520.02
27    24    1562.6    1    1539.03
21    24    1565.6    1    1478.01
12    24    1611.8    1    1583.06
46    24    1631.6    1    1574.06
5    24    1633.2    1    1556.05
11    24    1674.8    1    1649.09
45    24    1675.2    1    1617.07
38    24    1702.6    1    1633.09
20    24    1719.8    1    1654.1
10    24    1740.8    1    1699.53
29    24    1765.6    1    1689.11
16    24    1785.0    1    1730.15
9    24    1806.4    1    1717.14
33    24    1807.2    1    1765.18
22    24    1855.4    1    1806.18
39    24    1874.0    1    1821.0
36    24    1898.0    1    1791.18
3    24    1918.2    1    1734.15
0    24    1939.2    1    1789.13
42    24    1965.2    1    1729.11
25    24    1972.2    1    1971.09
6    24    1983.8    1    1870.14
37    24    1986.0    1    1893.02
41    24    2030.4    1    1881.02
35    24    2075.2    1    1839.02
19    24    2097.6    3    2002.12
43    24    2116.4    1    1888.04
34    24    2119.6    1    1928.04
7    24    2139.8    3    2002.11
23    24    2140.6    1    1829.0
32    24    2227.0    2    2201.22
2    24    2238.2    2    2118.17
48    24    2260.4    2    2123.15
1    24    2281.2    2    2166.2
8    24    2303.0    2    2245.25
47    24    2314.8    2    2198.21
17    24    2326.8    2    2326.3
15    24    2348.4    2    2308.28
26    24    2359.6    2    2334.89
13    24    2405.0    2    2311.89
4    24    2427.6    2    2384.33
30    24    2457.4    2    2447.34
40    24    2470.6    2    2409.34
31    24    2483.8    2    2483.19
21    24    2502.0    2    2478.18
18    24    2515.4    2    2501.21
44    24    2524.6    2    2444.34
14    24    2567.0    2    2476.37
28    24    2590.6    2    2520.19
12    24    2627.2    2    2583.24
27    24    2648.6    2    2539.22
46    24    2659.2    2    2574.24
5    24    2681.4    2    2556.22
38    24    2706.2    2    2633.68
11    24    2724.4    2    2649.28
45    24    2728.0    2    2617.26
10    24    2748.2    2    2699.71
29    24    2752.0    2    2689.3
20    24    2759.2    2    2654.28
16    24    2796.0    2    2730.35
33    24    2817.8    2    2765.36
9    24    2825.4    2    2717.34
23    24    2829.4    2    2829.2
22    24    2842.8    2    2806.37
3    24    2862.4    2    2734.34
39    24    2865.0    2    2821.19
36    24    2950.6    2    2791.36
25    24    2972.2    2    2971.28
37    24    2972.8    2    2893.2
0    24    2973.2    2    2789.31
41    24    3039.0    2    2881.21
42    24    3042.6    2    2729.3
35    24    3060.8    2    2839.19
6    24    3065.6    2    2870.32
43    24    3107.4    2    2888.23
19    24    3179.2    4    3002.32
7    24    3194.2    4    3002.29
34    24    3201.4    2    2928.24
1    24    3253.4    3    3166.4
2    24    3280.4    3    3118.37
32    24    3280.6    3    3201.42
47    24    3312.4    3    3198.41
8    24    3323.8    3    3245.43
17    24    3327.8    3    3326.7
26    24    3377.6    3    3335.07
15    24    3386.4    3    3308.47
48    24    3393.2    3    3123.34
13    24    3454.6    3    3312.07
30    24    3474.4    3    3447.51
40    24    3483.4    3    3409.54
31    24    3484.6    3    3483.98
4    24    3524.4    3    3384.53
18    24    3532.8    3    3501.4
21    24    3541.6    3    3478.35
14    24    3567.6    3    3476.56
44    24    3572.6    3    3444.54
27    24    3635.2    3    3539.42
28    24    3660.4    3    3520.39
38    24    3681.4    3    3633.88
5    24    3687.4    3    3556.42
12    24    3701.8    3    3583.26
46    24    3724.8    3    3574.44
16    24    3743.8    3    3730.55
11    24    3766.0    3    3649.48
45    24    3771.8    3    3617.46
10    24    3788.4    3    3699.91
29    24    3793.6    3    3689.49
20    24    3818.6    3    3654.48
23    24    3829.4    3    3829.4
9    24    3830.2    3    3717.53
42    24    3837.8    3    3729.48
3    24    3874.8    3    3734.53
33    24    3885.8    3    3765.56
22    24    3894.4    3    3806.57
39    24    3927.0    3    3821.39
36    24    3972.0    3    3791.56
25    24    3972.4    3    3971.48
0    24    4072.8    3    3789.46
34    24    4086.4    3    3928.44
6    24    4107.8    3    3870.49
35    24    4126.2    3    3840.4
19    24    4130.4    5    4003.32
41    24    4149.0    3    3881.41
43    24    4158.6    3    3888.42
37    24    4179.0    3    3893.4
7    24    4204.8    5    4002.49
32    24    4239.4    4    4201.62
2    24    4294.4    4    4118.57
17    24    4328.0    4    4326.9
47    24    4369.8    4    4198.61
8    24    4379.2    4    4245.63
1    24    4379.6    4    4166.58
26    24    4393.4    4    4335.27
48    24    4413.0    4    4123.54
15    24    4425.4    4    4308.67
13    24    4457.0    4    4312.27
31    24    4484.8    4    4484.18
30    24    4508.4    4    4447.71
4    24    4512.6    4    4384.72
40    24    4526.8    4    4409.74
18    24    4547.8    4    4501.6
44    24    4550.0    4    4444.55
21    24    4573.81    4    4478.55
14    24    4579.61    4    4476.75
12    24    4667.21    4    4583.44
38    24    4698.41    4    4634.08
27    24    4700.41    4    4539.61
28    24    4707.61    4    4520.59
5    24    4735.21    4    4556.61
46    24    4744.41    4    4574.64
11    24    4758.61    4    4649.67
45    24    4765.81    4    4617.64
29    24    4777.21    4    4689.69
10    24    4781.41    4    4699.92
16    24    4798.21    4    4730.74
23    24    4829.61    4    4829.6
9    24    4840.21    4    4717.73
20    24    4868.41    4    4654.68
3    24    4890.21    4    4734.73
36    24    4941.41    4    4791.57
42    24    4964.41    4    4729.64
25    24    4972.41    4    4971.49
39    24    4985.41    4    4821.58
22    24    5024.21    4    4806.77
6    24    5045.41    4    4870.69
41    24    5053.21    4    4881.81
34    24    5075.61    4    4928.64
37    24    5076.01    4    4893.41
0    24    5081.81    4    4789.64
33    24    5097.21    4    4765.76
43    24    5127.01    4    4888.62
19    24    5177.01    6    5003.51
7    24    5193.21    6    5002.69
48    24    5229.81    5    5123.7
1    24    5239.41    5    5166.78
35    24    5252.81    4    4840.57
2    24    5269.21    5    5118.75
32    24    5273.41    5    5202.0
47    24    5295.81    5    5198.79
17    24    5328.01    5    5327.1
8    24    5329.21    5    5245.82
15    24    5349.41    5    5308.84
13    24    5361.41    5    5312.38
26    24    5384.41    5    5335.38
4    24    5400.41    5    5385.0
40    24    5414.21    5    5409.83
44    24    5445.41    5    5444.59
30    24    5467.01    5    5447.83
31    24    5484.81    5    5484.35
14    24    5494.61    5    5476.79
21    24    5510.21    5    5478.63
18    24    5518.21    5    5501.68
27    24    5542.61    5    5539.64
28    24    5551.81    5    5520.62
5    24    5566.21    5    5556.7
12    24    5588.81    5    5583.5
46    24    5624.21    5    5574.82
38    24    5640.01    5    5634.1
11    24    5652.01    5    5649.79
20    24    5676.41    5    5654.86
45    24    5692.21    5    5618.68
10    24    5702.41    5    5699.92
29    24    5717.21    5    5689.81
9    24    5723.41    5    5717.88
42    24    5753.21    5    5729.77
16    24    5761.61    5    5730.83
3    24    5775.81    5    5734.75
33    24    5779.21    5    5765.88
39    24    5823.61    5    5821.68
23    24    5829.81    5    5829.79
35    24    5850.01    5    5840.73
0    24    5858.41    5    5789.79
36    24    5872.61    5    5791.72
22    24    5873.01    5    5806.93
6    24    5880.61    5    5870.77
41    24    5929.81    5    5881.81
34    24    5933.61    5    5928.72
43    24    5940.61    5    5888.79
25    24    5972.61    5    5971.66
37    24    5985.21    5    5893.5
7    24    6004.41    7    6002.7
19    24    6004.61    7    6003.53
48    24    6146.21    6    6123.88
1    24    6171.41    6    6166.9
47    24    6202.21    6    6198.89
32    24    6225.81    6    6202.13
8    24    6247.81    6    6245.89
15    24    6311.81    6    6309.02
17    24    6328.21    6    6327.14
13    24    6336.61    6    6312.49
26    24    6357.81    6    6335.45
4    24    6389.81    6    6385.01
40    24    6416.01    6    6409.9
44    24    6446.21    6    6444.64
30    24    6468.61    6    6447.98
31    24    6485.01    6    6484.48
14    24    6493.61    6    6476.81
18    24    6512.41    6    6501.83
21    24    6537.41    6    6478.7
27    24    6540.41    6    6539.7
28    24    6555.21    6    6520.64
46    24    6578.81    6    6574.85
45    24    6619.41    6    6618.78
12    24    6627.21    6    6583.57
38    24    6640.81    6    6634.19
11    24    6652.21    6    6649.94
20    24    6676.81    6    6654.88
29    24    6693.61    6    6689.99
10    24    6701.61    6    6699.96
9    24    6722.41    6    6718.05
42    24    6732.01    6    6729.77
16    24    6760.81    6    6730.96
33    24    6768.41    6    6765.88
3    24    6790.21    6    6734.81
36    24    6793.81    6    6791.77
23    24    6830.41    6    6829.9
39    24    6839.01    6    6821.71
0    24    6856.21    6    6789.99
22    24    6862.21    6    6806.98
6    24    6898.21    6    6871.16
35    24    6927.61    6    6840.77
37    24    6951.61    6    6893.69
34    24    6964.81    6    6928.74
25    24    6972.81    6    6971.77
41    24    6973.01    6    6881.9
43    24    7007.41    6    6888.89
7    24    7008.01    8    7002.76
19    24    7090.61    8    7003.72
2    24    7123.41    7    7118.98
48    24    7129.61    7    7124.06
1    24    7168.21    7    7166.95
47    24    7202.61    7    7198.95
32    24    7225.41    7    7202.32
8    24    7247.81    7    7245.92
15    24    7312.01    7    7309.2
17    24    7328.21    7    7327.18
13    24    7336.61    7    7312.58
26    24    7357.81    7    7335.54
4    24    7391.01    7    7385.02
40    24    7415.21    7    7409.96
44    24    7445.41    7    7444.66
30    24    7468.41    7    7448.16
31    24    7485.01    7    7484.55
14    24    7497.41    7    7476.82
21    24    7511.81    7    7478.78
18    24    7519.61    7    7501.98
28    24    7557.41    7    7520.66
27    24    7561.81    7    7539.8
5    24    7579.01    7    7556.91
46    24    7581.01    7    7574.86
12    24    7609.01    7    7583.64
45    24    7624.81    7    7618.87
38    24    7647.01    7    7634.25
11    24    7652.01    7    7650.1
20    24    7678.61    7    7654.91
29    24    7694.41    7    7689.99
10    24    7720.81    7    7700.0
42    24    7733.01    7    7729.79
9    24    7738.01    7    7718.24
16    24    7759.81    7    7731.11
33    24    7780.01    7    7765.91
3    24    7789.21    7    7734.85
36    24    7801.21    7    7791.84
0    24    7814.81    7    7790.13
23    24    7830.61    7    7830.01
22    24    7861.41    7    7807.03
6    24    7883.81    7    7871.36
41    24    7886.81    7    7881.97
39    24    7909.41    7    7821.71
35    24    7917.81    7    7840.84
34    24    7951.01    7    7928.75
37    24    7956.01    7    7893.72
25    24    7972.81    7    7971.9
43    24    7978.41    7    7888.95
19    24    8005.41    9    8003.91
7    24    8031.01    9    8002.84
2    24    8123.41    8    8119.0
48    24    8148.61    8    8124.07
1    24    8170.01    8    8167.05
47    24    8202.61    8    8199.01
32    24    8225.01    8    8202.47
8    24    8248.01    8    8246.0
15    24    8314.41    8    8309.37
13    24    8318.41    8    8312.66
17    24    8328.21    8    8327.23
26    24    8341.21    8    8335.64
4    24    8390.01    8    8385.22
40    24    8413.01    8    8410.01
44    24    8446.41    8    8444.71
30    24    8469.61    8    8448.35
31    24    8485.21    8    8484.62
14    24    8498.01    8    8476.83
21    24    8514.01    8    8478.85
18    24    8518.21    8    8502.15
28    24    8540.21    8    8520.67
5    24    8562.21    8    8556.98
27    24    8565.61    8    8539.9
46    24    8598.43    8    8575.49
45    24    8621.43    8    8618.98
12    24    8628.23    8    8583.71
38    24    8645.63    8    8634.34
11    24    8655.63    8    8650.28
20    24    8679.23    8    8654.96
29    24    8692.23    8    8690.0
10    24    8724.03    8    8700.04
42    24    8736.63    8    8729.8
9    24    8746.43    8    8718.25
16    24    8769.43    8    8731.27
33    24    8784.83    8    8765.96
3    24    8791.43    8    8734.93
36    24    8806.83    8    8791.94
39    24    8828.43    8    8821.71
23    24    8830.83    8    8830.12
35    24    8853.23    8    8840.95
6    24    8875.83    8    8871.55
22    24    8881.63    8    8807.1
41    24    8898.43    8    8882.07
37    24    8922.23    8    8893.74
34    24    8945.63    8    8928.78
43    24    8962.83    8    8889.08
25    24    8972.23    8    8972.03
19    24    9006.43    10    9004.07
7    24    9029.63    10    9002.94
2    24    9125.43    9    9119.01
48    24    9146.83    9    9124.11
1    24    9169.63    9    9167.14
47    24    9203.63    9    9199.11
32    24    9225.43    9    9203.23
8    24    9247.03    9    9246.07
15    24    9311.23    9    9309.56
13    24    9316.83    9    9312.76
17    24    9332.43    9    9327.29
26    24    9336.83    9    9335.71
4    24    9390.63    9    9385.41
40    24    9411.83    9    9410.08
44    24    9447.03    9    9444.77
30    24    9469.63    9    9448.46
31    24    9485.63    9    9484.68
14    24    9497.03    9    9476.84
21    24    9513.83    9    9478.91
18    24    9518.03    9    9502.25
28    24    9542.63    9    9520.69
27    24    9543.23    9    9539.99
5    24    9569.43    9    9557.04
12    24    9593.43    9    9583.79
46    24    9615.23    9    9575.51
38    24    9642.63    9    9634.4
11    24    9653.63    9    9650.42
29    24    9694.03    9    9690.19
10    24    9719.03    9    9700.06
42    24    9735.03    9    9729.81
9    24    9740.23    9    9718.41
16    24    9741.63    9    9731.38
33    24    9780.23    9    9766.16
3    24    9783.43    9    9734.95
36    24    9803.43    9    9792.0
22    24    9825.03    9    9807.15
23    24    9830.63    9    9830.16
39    24    9847.63    9    9821.73
0    24    9852.83    9    9790.33
35    24    9869.63    9    9841.0
6    24    9874.23    9    9871.75
41    24    9898.03    9    9882.17
34    24    9933.23    9    9928.79
43    24    9936.63    9    9889.18
37    24    9964.23    9    9893.76
25    24    9972.23    9    9972.08
7    24    10008.03    11    10003.01
19    24    10009.83    11    10004.09
2    24    10121.83    10    10119.02
48    24    10127.83    10    10124.3
1    24    10171.43    10    10167.21
47    24    10204.23    10    10199.18
32    24    10225.63    10    10203.37
8    24    10249.63    10    10246.13
15    24    10311.43    10    10309.74
17    24    10327.43    10    10327.35
13    24    10332.43    10    10312.89
26    24    10357.23    10    10335.8
4    24    10389.83    10    10385.42
40    24    10411.43    10    10410.13
44    24    10447.83    10    10444.79
30    24    10470.43    10    10448.55
31    24    10485.83    10    10484.77
14    24    10496.83    10    10476.85
21    24    10509.03    10    10478.98
18    24    10517.83    10    10502.39
27    24    10543.23    10    10540.05
28    24    10560.43    10    10520.87
5    24    10568.43    10    10557.14
12    24    10588.83    10    10583.85
46    24    10603.03    10    10575.54
45    24    10637.03    10    10619.14
11    24    10653.83    10    10650.58
38    24    10667.63    10    10634.44
20    24    10678.03    10    10655.21
29    24    10699.23    10    10690.35
9    24    10724.63    10    10718.59
16    24    10746.63    10    10731.52
42    24    10754.83    10    10729.99
3    24    10768.83    10    10735.0
33    24    10770.23    10    10766.16
36    24    10796.43    10    10792.06
0    24    10813.83    10    10790.52
23    24    10831.23    10    10830.2
22    24    10837.23    10    10807.22
39    24    10841.63    10    10821.92
6    24    10874.83    10    10871.94
35    24    10880.43    10    10841.1
41    24    10899.03    10    10882.26
43    24    10922.43    10    10889.28
34    24    10945.43    10    10928.99
37    24    10967.43    10    10893.92
25    24    10972.23    10    10972.18
19    24    11007.23    12    11004.27
7    24    11020.43    12    11003.1
48    24    11126.83    11    11124.32
2    24    11129.23    11    11119.03
1    24    11170.83    11    11167.26
47    24    11202.63    11    11199.27
32    24    11223.03    11    11203.56
8    24    11249.23    11    11246.18
15    24    11310.43    11    11309.93
17    24    11327.63    11    11327.44
13    24    11332.83    11    11313.0
26    24    11355.23    11    11335.86
4    24    11398.23    11    11385.43
40    24    11411.23    11    11410.23
44    24    11450.03    11    11444.84
30    24    11471.03    11    11448.72
31    24    11485.83    11    11484.9
18    24    11503.23    11    11502.74
21    24    11516.03    11    11479.04
27    24    11543.23    11    11540.13
14    24    11562.23    11    11477.03
28    24    11568.03    11    11521.07
5    24    11568.23    11    11557.24
12    24    11588.43    11    11583.92
46    24    11611.83    11    11575.56
45    24    11640.03    11    11619.24
11    24    11653.43    11    11650.75
20    24    11675.03    11    11655.24
38    24    11680.03    11    11635.72
29    24    11696.43    11    11690.53
10    24    11705.43    11    11700.17
9    24    11722.83    11    11718.75
16    24    11745.23    11    11731.63
3    24    11751.03    11    11735.07
42    24    11767.43    11    11730.19
33    24    11774.03    11    11766.34
36    24    11814.23    11    11792.11
39    24    11825.63    11    11822.11
23    24    11831.23    11    11830.29
0    24    11834.03    11    11790.71
22    24    11855.23    11    11807.26
6    24    11875.63    11    11872.12
35    24    11900.43    11    11841.77
41    24    11903.03    11    11882.34
43    24    11922.03    11    11889.41
34    24    11931.83    11    11929.01
37    24    11953.63    11    11893.95
25    24    11996.83    11    11972.21
19    24    12021.83    13    12004.43
7    24    12033.23    13    12003.17
2    24    12119.83    12    12119.05
48    24    12142.63    12    12124.52
1    24    12172.03    12    12167.32
47    24    12202.63    12    12199.36
32    24    12204.83    12    12203.7
8    24    12248.83    12    12246.2
15    24    12310.83    12    12310.11
17    24    12327.63    12    12327.51
13    24    12333.43    12    12313.11
26    24    12356.03    12    12335.94
4    24    12403.63    12    12385.44
40    24    12412.03    12    12410.25
44    24    12449.63    12    12444.88
30    24    12472.63    12    12448.88
14    24    12478.83    12    12477.04
31    24    12485.03    12    12484.99
18    24    12503.63    12    12502.91
21    24    12514.63    12    12479.09
27    24    12543.63    12    12540.22
28    24    12560.83    12    12521.07
5    24    12568.83    12    12557.31
46    24    12611.44    12    12575.58
12    24    12612.04    12    12583.99
45    24    12623.24    12    12619.31
38    24    12645.04    12    12635.79
11    24    12658.84    12    12650.79
20    24    12680.84    12    12655.28
29    24    12692.64    12    12690.53
10    24    12726.24    12    12700.25
42    24    12735.64    12    12730.38
9    24    12749.44    12    12718.92
33    24    12768.44    12    12766.34
16    24    12773.04    12    12731.71
3    24    12795.84    12    12735.16
36    24    12813.84    12    12792.21
0    24    12820.04    12    12791.52
23    24    12831.84    12    12830.79
39    24    12835.44    12    12822.3
22    24    12865.64    12    12807.32
6    24    12878.64    12    12872.13
35    24    12900.84    12    12841.83
37    24    12922.44    12    12893.99
41    24    12933.64    12    12882.43
43    24    12965.64    12    12889.49
25    24    12972.84    12    12972.31
34    24    12987.24    12    12929.03
7    24    13018.24    14    13003.25
19    24    13030.04    14    13004.62
2    24    13120.64    13    13119.07
48    24    13126.24    13    13124.55
1    24    13173.24    13    13167.42
47    24    13200.64    13    13199.47
32    24    13221.84    13    13203.83
8    24    13249.64    13    13246.26
15    24    13311.64    13    13310.11
17    24    13328.24    13    13327.6
26    24    13339.04    13    13335.99
13    24    13357.44    13    13313.22
4    24    13386.84    13    13385.46
40    24    13428.04    13    13410.31
44    24    13449.64    13    13444.9
30    24    13471.04    13    13449.01
31    24    13485.04    13    13485.02
14    24    13497.64    13    13477.07
18    24    13507.44    13    13503.09
21    24    13516.84    13    13479.16
27    24    13545.64    13    13540.31
5    24    13565.44    13    13557.4
28    24    13583.84    13    13521.11
12    24    13589.44    13    13584.07
45    24    13628.24    13    13619.4
46    24    13642.64    13    13575.61
38    24    13650.24    13    13635.85
11    24    13651.44    13    13650.94
20    24    13675.84    13    13655.48
10    24    13702.24    13    13700.29
29    24    13716.24    13    13690.69
9    24    13723.84    13    13718.93
16    24    13744.84    13    13731.83
42    24    13748.24    13    13730.55
3    24    13766.04    13    13735.19
33    24    13794.24    13    13766.5
36    24    13821.64    13    13792.25
23    24    13831.04    13    13830.88
0    24    13833.64    13    13791.7
39    24    13859.24    13    13823.28
22    24    13868.44    13    13807.35
6    24    13879.24    13    13872.33
43    24    13905.04    13    13889.59
41    24    13925.04    13    13882.48
34    24    13947.24    13    13929.23
25    24    13972.84    13    13972.37
35    24    13977.84    13    13841.91
37    24    13999.44    13    13894.15
19    24    14006.44    15    14004.77
7    24    14042.64    15    14003.33
2    24    14121.44    14    14119.26
48    24    14127.64    14    14124.72
1    24    14171.44    14    14167.46
47    24    14201.84    14    14199.55
32    24    14225.24    14    14203.95
8    24    14251.04    14    14246.31
15    24    14312.24    14    14310.25
17    24    14328.24    14    14327.63
13    24    14335.64    14    14313.31
26    24    14357.24    14    14336.04
4    24    14387.44    14    14385.65
40    24    14413.84    14    14410.35
44    24    14448.64    14    14444.92
30    24    14470.24    14    14449.18
31    24    14485.24    14    14485.18
14    24    14494.04    14    14477.26
18    24    14504.44    14    14503.23
21    24    14538.24    14    14479.22
27    24    14542.44    14    14540.37
5    24    14562.64    14    14557.48
28    24    14565.04    14    14521.3
46    24    14586.84    14    14575.63
12    24    14588.24    14    14584.11
45    24    14622.84    14    14619.47
38    24    14643.84    14    14635.9
11    24    14651.64    14    14650.94
20    24    14675.64    14    14655.67
29    24    14693.44    14    14690.88
10    24    14702.84    14    14700.35
42    24    14732.24    14    14730.73
9    24    14740.04    14    14719.08
16    24    14771.64    14    14731.95
33    24    14777.04    14    14766.67
3    24    14794.24    14    14735.24
36    24    14800.84    14    14792.35
39    24    14824.24    14    14823.41
23    24    14831.04    14    14830.96
0    24    14835.84    14    14791.9
22    24    14854.64    14    14807.38
35    24    14870.44    14    14842.01
6    24    14894.04    14    14872.51
41    24    14925.84    14    14882.55
34    24    14949.44    14    14929.23
43    24    14960.24    14    14889.67
25    24    14973.44    14    14972.43
37    24    14983.04    14    14894.17
19    24    15019.04    16    15004.91
7    24    15041.84    16    15003.4
2    24    15122.04    15    15119.27
48    24    15146.04    15    15124.73
1    24    15169.84    15    15167.52
47    24    15200.84    15    15199.61
32    24    15223.04    15    15204.06
8    24    15249.64    15    15246.37
17    24    15328.64    15    15327.67
13    24    15336.44    15    15313.41
26    24    15344.24    15    15336.1
4    24    15387.44    15    15385.67
40    24    15414.04    15    15410.41
44    24    15447.64    15    15444.95
30    24    15469.04    15    15449.33
31    24    15485.84    15    15485.21
14    24    15494.44    15    15477.46
18    24    15508.84    15    15503.41
21    24    15516.04    15    15479.3
27    24    15541.24    15    15540.43
28    24    15563.84    15    15521.31
5    24    15565.44    15    15557.58
46    24    15589.24    15    15575.64
12    24    15607.44    15    15584.17
45    24    15622.04    15    15619.54
38    24    15642.44    15    15635.95
11    24    15652.64    15    15651.13
20    24    15679.04    15    15655.69
29    24    15694.44    15    15690.9
9    24    15720.44    15    15719.26
10    24    15724.64    15    15700.41
16    24    15742.84    15    15732.04
42    24    15743.24    15    15730.92
33    24    15768.84    15    15766.83
3    24    15789.44    15    15735.31
36    24    15797.44    15    15792.41
22    24    15821.24    15    15807.43
23    24    15831.24    15    15831.04
0    24    15854.04    15    15792.09
39    24    15865.04    15    15823.59
35    24    15887.44    15    15842.14
6    24    15908.84    15    15872.7
43    24    15930.44    15    15889.75
41    24    15944.84    15    15882.58
34    24    15966.44    15    15929.25
25    24    15973.44    15    15972.5
37    24    15974.04    15    15894.35
19    24    16006.64    17    16005.07
7    24    16056.44    17    16003.47
2    24    16122.44    16    16119.29
48    24    16146.24    16    16124.92
1    24    16168.84    16    16167.62
47    24    16204.64    16    16199.7
32    24    16225.24    16    16204.16
8    24    16251.44    16    16246.44
15    24    16313.04    16    16310.46
13    24    16321.44    16    16313.52
17    24    16328.84    16    16327.75
26    24    16344.84    16    16336.14
4    24    16389.04    16    16385.87
40    24    16427.64    16    16410.67
44    24    16446.04    16    16444.95
30    24    16467.04    16    16449.43
31    24    16485.84    16    16485.27
14    24    16493.64    16    16477.47
18    24    16509.04    16    16503.54
21    24    16510.64    16    16479.36
28    24    16537.84    16    16521.51
27    24    16541.24    16    16540.47
5    24    16567.64    16    16557.67
12    24    16612.85    16    16584.26
46    24    16622.85    16    16575.66
45    24    16646.65    16    16619.63
11    24    16654.85    16    16651.3
29    24    16696.65    16    16691.08
20    24    16703.85    16    16655.73
10    24    16718.25    16    16700.48
38    24    16724.25    16    16636.01
9    24    16739.65    16    16719.28
42    24    16755.25    16    16731.11
16    24    16760.65    16    16732.19
3    24    16783.25    16    16735.4
33    24    16799.05    16    16766.99
36    24    16820.85    16    16792.49
23    24    16831.65    16    16831.15
0    24    16847.65    16    16792.29
22    24    16864.05    16    16807.48
39    24    16879.65    16    16823.61
6    24    16890.05    16    16872.72
43    24    16932.25    16    16889.84
41    24    16936.45    16    16882.68
35    24    16956.65    16    16842.23
34    24    16958.85    16    16929.26
25    24    16973.65    16    16972.59
37    24    16998.05    16    16894.51
19    24    17047.85    18    17005.26
7    24    17067.65    18    17003.56
2    24    17123.05    17    17119.31
48    24    17131.25    17    17124.93
1    24    17170.65    17    17167.73
47    24    17204.85    17    17199.77
32    24    17224.85    17    17204.75
8    24    17250.65    17    17246.51
15    24    17313.85    17    17310.46
17    24    17328.85    17    17327.85
13    24    17337.45    17    17313.61
26    24    17357.45    17    17336.19
4    24    17390.05    17    17386.06
40    24    17415.85    17    17410.75
44    24    17446.05    17    17444.99
30    24    17467.85    17    17449.54
31    24    17485.85    17    17485.36
14    24    17496.85    17    17477.5
18    24    17519.05    17    17503.72
28    24    17538.65    17    17521.53
27    24    17545.25    17    17540.52
5    24    17567.25    17    17557.74
46    24    17579.85    17    17575.7
12    24    17589.45    17    17584.32
45    24    17624.05    17    17619.68
38    24    17645.25    17    17636.04
11    24    17653.45    17    17651.46
20    24    17680.45    17    17655.75
29    24    17694.05    17    17691.27
9    24    17721.25    17    17719.47
10    24    17724.85    17    17700.53
16    24    17743.85    17    17732.33
42    24    17744.45    17    17731.28
33    24    17770.25    17    17767.02
3    24    17789.45    17    17735.43
36    24    17794.65    17    17792.55
0    24    17811.25    17    17792.45
22    24    17814.25    17    17807.51
39    24    17826.05    17    17823.78
23    24    17831.85    17    17831.22
35    24    17871.05    17    17842.32
6    24    17880.65    17    17872.92
41    24    17902.65    17    17882.77
43    24    17936.65    17    17889.88
37    24    17947.85    17    17895.09
34    24    17948.65    17    17929.28
25    24    17972.85    17    17972.71
19    24    18014.45    19    18005.44
7    24    18023.25    19    18003.62
2    24    18123.85    18    18119.32
48    24    18148.05    18    18124.94
1    24    18169.05    18    18167.77
47    24    18203.65    18    18199.83
32    24    18226.05    18    18204.89
8    24    18250.25    18    18246.55
15    24    18314.25    18    18310.62
13    24    18317.85    18    18313.71
17    24    18336.05    18    18327.92
26    24    18338.25    18    18336.25
4    24    18390.85    18    18386.26
40    24    18413.65    18    18410.79
44    24    18446.85    18    18445.18
30    24    18469.65    18    18449.68
31    24    18486.45    18    18485.41
14    24    18497.65    18    18477.51
18    24    18519.65    18    18503.89
21    24    18535.65    18    18479.89
27    24    18546.65    18    18540.59
28    24    18567.25    18    18521.55
5    24    18570.85    18    18557.83
12    24    18594.45    18    18584.38
46    24    18609.45    18    18575.72
38    24    18646.85    18    18636.1
45    24    18653.45    18    18619.75
11    24    18654.05    18    18651.65
20    24    18681.25    18    18655.96
29    24    18691.85    18    18691.27
10    24    18702.85    18    18700.6
9    24    18724.25    18    18719.66
16    24    18746.05    18    18732.48
3    24    18763.85    18    18735.49
42    24    18778.25    18    18731.48
33    24    18780.45    18    18767.21
36    24    18802.85    18    18792.61
0    24    18817.25    18    18792.46
39    24    18826.45    18    18823.96
23    24    18832.05    18    18831.5
22    24    18863.25    18    18807.57
35    24    18872.45    18    18843.19
6    24    18876.05    18    18873.09
43    24    18898.05    18    18889.94
41    24    18910.65    18    18882.83
34    24    18942.45    18    18929.3
37    24    18962.65    18    18896.49
25    24    18972.85    18    18972.82
19    24    19007.65    20    19005.44
7    24    19007.85    20    19003.69
2    24    19122.05    19    19119.33
48    24    19144.45    19    19124.95
1    24    19170.45    19    19167.85
47    24    19203.85    19    19199.92
32    24    19225.65    19    19205.02
8    24    19249.45    19    19246.61
15    24    19313.45    19    19310.77
13    24    19316.65    19    19313.79
17    24    19328.05    19    19327.97
26    24    19360.65    19    19336.31
4    24    19390.25    19    19386.45
40    24    19414.85    19    19410.86
44    24    19448.05    19    19445.2
30    24    19470.05    19    19449.79
31    24    19486.45    19    19485.5
21    24    19512.85    19    19479.95
14    24    19518.65    19    19477.53
18    24    19519.25    19    19504.04
28    24    19535.85    19    19521.73
27    24    19562.65    19    19540.65
5    24    19572.45    19    19557.89
46    24    19594.85    19    19575.73
12    24    19606.65    19    19584.45
45    24    19621.85    19    19619.81
38    24    19644.25    19    19636.14
11    24    19657.45    19    19651.83
20    24    19699.85    19    19656.76
29    24    19700.45    19    19691.45
10    24    19715.25    19    19700.66
42    24    19736.45    19    19731.66
9    24    19737.65    19    19719.85
16    24    19739.85    19    19732.59
33    24    19780.05    19    19767.4
3    24    19780.45    19    19735.55
36    24    19804.85    19    19792.64
22    24    19826.65    19    19807.62
39    24    19828.65    19    19824.14
23    24    19832.65    19    19831.58
0    24    19848.05    19    19792.66
6    24    19891.45    19    19873.1
35    24    19892.25    19    19843.24
41    24    19914.85    19    19882.91
43    24    19938.45    19    19890.02
34    24    19969.05    19    19929.31
25    24    19973.05    19    19972.9
37    24    19981.65    19    19897.47
19    24    20013.25    21    20005.6
7    24    20030.45    21    20003.77
2    24    20124.05    20    20119.35
48    24    20145.25    20    20125.14
1    24    20173.65    20    20167.95
47    24    20205.25    20    20200.19
32    24    20225.45    20    20205.14
8    24    20249.05    20    20246.67
15    24    20312.85    20    20310.93
17    24    20328.05    20    20328.01
13    24    20335.05    20    20313.89
26    24    20359.65    20    20336.36
4    24    20390.85    20    20386.46
40    24    20411.85    20    20410.92
44    24    20448.05    20    20445.22
30    24    20469.85    20    20449.94
31    24    20486.45    20    20485.54
14    24    20496.25    20    20477.55
18    24    20518.65    20    20504.19
21    24    20537.45    20    20480.02
28    24    20543.05    20    20521.75
27    24    20544.25    20    20540.73
5    24    20569.25    20    20557.99
12    24    20612.87    20    20584.5
45    24    20627.67    20    20619.9
38    24    20653.47    20    20636.21
11    24    20655.07    20    20651.83
29    24    20695.07    20    20691.48
10    24    20703.47    20    20700.71
9    24    20722.67    20    20719.86
16    24    20744.27    20    20732.73
42    24    20766.87    20    20731.67
3    24    20789.07    20    20735.61
36    24    20795.27    20    20792.73
33    24    20811.27    20    20767.57
22    24    20816.67    20    20807.68
23    24    20832.67    20    20831.66
39    24    20858.87    20    20824.32
0    24    20862.67    20    20792.84
35    24    20884.87    20    20843.56
6    24    20903.87    20    20873.28
41    24    20926.07    20    20883.01
43    24    20928.47    20    20890.13
34    24    20947.07    20    20929.35
37    24    20950.87    20    20897.48
25    24    20973.67    20    20973.02
7    24    21009.47    22    21003.84
19    24    21022.87    22    21005.6
2    24    21120.27    21    21119.37
48    24    21144.47    21    21125.34
1    24    21171.47    21    21168.05
47    24    21204.27    21    21200.29
32    24    21225.27    21    21205.3
8    24    21250.47    21    21246.73
15    24    21311.67    21    21311.09
17    24    21328.67    21    21328.13
13    24    21334.87    21    21314.03
26    24    21357.87    21    21336.39
4    24    21403.27    21    21386.48
40    24    21412.67    21    21411.0
44    24    21449.07    21    21445.26
30    24    21472.07    21    21450.1
31    24    21485.87    21    21485.67
14    24    21498.07    21    21477.56
21    24    21510.47    21    21480.08
18    24    21521.47    21    21504.38
28    24    21559.47    21    21521.77
27    24    21561.47    21    21540.8
5    24    21582.27    21    21558.09
46    24    21603.67    21    21575.75
45    24    21623.47    21    21619.97
12    24    21624.67    21    21584.63
11    24    21667.47    21    21651.83
38    24    21669.67    21    21636.27
20    24    21692.07    21    21656.99
29    24    21693.47    21    21691.48
10    24    21716.67    21    21700.75
42    24    21737.07    21    21731.86
16    24    21740.47    21    21732.85
9    24    21758.07    21    21720.05
33    24    21781.27    21    21767.57
3    24    21803.47    21    21735.66
36    24    21826.87    21    21792.83
23    24    21832.67    21    21831.69
22    24    21851.27    21    21807.91
0    24    21873.27    21    21793.03
39    24    21892.47    21    21824.49
6    24    21893.47    21    21873.29
43    24    21915.87    21    21890.23
35    24    21918.47    21    21843.66
41    24    21936.07    21    21883.1
37    24    21939.47    21    21897.5
34    24    21959.67    21    21929.37
25    24    21973.67    21    21973.11
7    24    22008.87    23    22003.94
19    24    22015.87    23    22005.76
48    24    22127.27    22    22125.53
2    24    22161.47    22    22119.38
1    24    22184.07    22    22168.15
47    24    22202.87    22    22200.39
32    24    22224.87    22    22205.43
8    24    22250.07    22    22246.81
15    24    22312.07    22    22311.27
17    24    22328.87    22    22328.28
13    24    22336.87    22    22314.13
26    24    22342.87    22    22336.45
4    24    22388.07    22    22386.49
40    24    22413.47    22    22411.05
44    24    22451.07    22    22445.28
30    24    22469.67    22    22450.26
31    24    22485.87    22    22485.76
18    24    22505.87    22    22504.54
21    24    22509.87    22    22480.16
27    24    22544.27    22    22540.87
28    24    22553.87    22    22521.95
14    24    22558.67    22    22477.58
5    24    22567.67    22    22558.17
12    24    22590.67    22    22584.69
46    24    22615.87    22    22575.78
45    24    22624.87    22    22620.04
38    24    22646.87    22    22636.33
11    24    22653.67    22    22652.02
20    24    22676.87    22    22657.01
10    24    22702.47    22    22700.79
29    24    22713.47    22    22691.67
9    24    22728.67    22    22720.24
16    24    22757.47    22    22733.0
33    24    22768.87    22    22767.72
42    24    22779.07    22    22732.03
3    24    22791.67    22    22735.72
36    24    22813.07    22    22792.89
23    24    22831.87    22    22831.76
39    24    22834.27    22    22824.5
22    24    22843.67    22    22807.96
0    24    22859.27    22    22793.23
6    24    22877.87    22    22873.29
41    24    22903.07    22    22883.17
35    24    22910.27    22    22843.73
43    24    22927.67    22    22890.29
37    24    22931.87    22    22897.69
34    24    22950.67    22    22929.39
25    24    22973.67    22    22973.14
7    24    23021.87    24    23004.0
19    24    23083.27    24    23005.95
2    24    23120.87    23    23119.4
48    24    23127.47    23    23125.73
1    24    23172.47    23    23168.2
47    24    23202.27    23    23200.51
32    24    23225.07    23    23205.55
8    24    23250.87    23    23246.83
15    24    23313.07    23    23311.46
17    24    23328.87    23    23328.4
26    24    23339.87    23    23336.5
13    24    23354.27    23    23314.24
4    24    23404.67    23    23386.68
40    24    23414.07    23    23411.12
44    24    23451.67    23    23445.3
30    24    23470.47    23    23450.38
31    24    23486.07    23    23485.87
14    24    23495.47    23    23477.78
18    24    23517.47    23    23504.69
21    24    23535.67    23    23480.2
28    24    23540.67    23    23521.98
27    24    23544.67    23    23540.95
5    24    23567.27    23    23558.23
12    24    23588.67    23    23584.75
46    24    23591.07    23    23575.8
45    24    23635.47    23    23620.1
11    24    23652.67    23    23652.03
38    24    23657.27    23    23636.38
20    24    23677.67    23    23657.21
29    24    23695.87    23    23691.85
10    24    23720.67    23    23700.82
42    24    23734.67    23    23732.22
9    24    23741.07    23    23720.43
16    24    23743.67    23    23733.15
33    24    23779.67    23    23767.85
3    24    23784.07    23    23735.79
36    24    23803.07    23    23792.93
39    24    23826.27    23    23824.66
23    24    23831.87    23    23831.78
0    24    23849.87    23    23794.04
35    24    23851.27    23    23843.82
22    24    23882.47    23    23808.02
6    24    23892.87    23    23873.48
43    24    23918.07    23    23890.39
34    24    23936.07    23    23929.4
41    24    23939.87    23    23883.26
37    24    23961.07    23    23897.69
25    24    23974.27    23    23973.22
7    24    24007.07    25    24004.06
19    24    24056.07    25    24006.13
2    24    24121.87    24    24119.41
48    24    24145.87    24    24125.9
1    24    24172.27    24    24168.27
47    24    24202.07    24    24200.59
32    24    24223.47    24    24205.69
8    24    24251.47    24    24246.87
15    24    24313.47    24    24311.63
17    24    24329.47    24    24328.48
13    24    24337.67    24    24314.35
26    24    24360.27    24    24336.55
4    24    24388.67    24    24386.69
40    24    24413.87    24    24411.18
44    24    24448.27    24    24445.31
30    24    24469.47    24    24450.49
31    24    24486.47    24    24485.97
14    24    24496.27    24    24477.97
21    24    24515.47    24    24480.25
18    24    24518.47    24    24504.87
27    24    24544.87    24    24541.01
28    24    24561.47    24    24522.0
5    24    24567.07    24    24558.33
12    24    24611.08    24    24584.83
46    24    24649.88    24    24575.8
45    24    24653.28    24    24620.17
38    24    24675.28    24    24636.46
20    24    24694.88    24    24657.24
29    24    24696.88    24    24691.85
11    24    24716.88    24    24652.24
10    24    24717.48    24    24700.88
9    24    24739.28    24    24720.62
42    24    24744.48    24    24732.42
16    24    24761.88    24    24733.27
33    24    24770.48    24    24768.04
3    24    24784.48    24    24735.84
36    24    24797.88    24    24793.02
23    24    24831.88    24    24831.86
39    24    24846.28    24    24824.84
0    24    24849.88    24    24794.05
22    24    24869.88    24    24808.09
35    24    24892.88    24    24843.93
6    24    24915.28    24    24873.67
41    24    24937.28    24    24883.33
25    24    24974.28    24    24973.36
37    24    24981.08    24    24897.88
34    24    24984.08    24    24929.43
43    24    25005.08    24    24890.47
7    24    25041.48    26    25004.14
19    24    25063.28    26    25006.13
2    24    25122.08    25    25119.43
48    24    25145.48    25    25126.08
1    24    25170.48    25    25168.38
47    24    25202.68    25    25200.67
32    24    25223.48    25    25205.83
8    24    25250.28    25    25246.94
15    24    25314.08    25    25311.81
17    24    25329.68    25    25328.57
13    24    25337.08    25    25314.45
26    24    25358.28    25    25336.62
4    24    25405.08    25    25386.7
40    24    25414.68    25    25411.24
44    24    25447.28    25    25445.33
30    24    25469.28    25    25450.64
31    24    25486.68    25    25486.06
18    24    25506.68    25    25504.87
21    24    25513.48    25    25480.31
14    24    25536.68    25    25477.99
27    24    25542.68    25    25541.09
5    24    25562.28    25    25558.4
28    24    25579.88    25    25522.19
46    24    25589.68    25    25575.83
12    24    25590.48    25    25584.89
45    24    25627.68    25    25620.23
38    24    25646.68    25    25636.52
11    24    25655.28    25    25652.24
20    24    25679.48    25    25657.26
29    24    25694.68    25    25691.87
10    24    25703.48    25    25700.94
9    24    25723.88    25    25720.81
42    24    25735.48    25    25732.6
16    24    25758.48    25    25733.39
3    24    25768.88    25    25735.88
33    24    25782.48    25    25768.19
36    24    25803.48    25    25793.09
23    24    25832.48    25    25831.94
0    24    25834.08    25    25794.05
39    24    25847.28    25    25824.97
6    24    25879.48    25    25873.85
22    24    25900.28    25    25808.13
41    24    25901.48    25    25883.4
43    24    25923.88    25    25890.53
34    24    25946.08    25    25929.44
35    24    25958.88    25    25843.99
25    24    25974.48    25    25973.45
37    24    25981.48    25    25897.89
19    24    26020.08    27    26006.31
7    24    26047.88    27    26004.23
2    24    26122.88    26    26119.45
48    24    26147.48    26    26126.25
1    24    26170.48    26    26168.47
47    24    26203.28    26    26200.75
32    24    26224.88    26    26205.94
8    24    26249.28    26    26247.0
15    24    26315.28    26    26312.0
17    24    26329.68    26    26328.64
13    24    26337.68    26    26314.56
26    24    26361.68    26    26336.67
4    24    26390.48    26    26386.9
40    24    26416.48    26    26411.28
44    24    26446.68    26    26445.34
30    24    26468.08    26    26450.82
31    24    26486.68    26    26486.18
14    24    26493.88    26    26478.01
18    24    26516.48    26    26505.01
21    24    26533.48    26    26480.37
27    24    26543.48    26    26541.16
28    24    26556.68    26    26522.21
5    24    26583.28    26    26558.5
46    24    26600.88    26    26576.02
12    24    26604.48    26    26584.99
45    24    26622.28    26    26620.31
11    24    26654.48    26    26652.42
38    24    26667.88    26    26636.56
20    24    26679.08    26    26657.29
10    24    26702.28    26    26700.99
29    24    26702.88    26    26691.88
9    24    26723.68    26    26720.82
16    24    26746.88    26    26733.57
42    24    26747.08    26    26732.8
3    24    26770.28    26    26735.96
33    24    26771.08    26    26768.35
36    24    26796.28    26    26793.14
23    24    26832.68    26    26832.04
0    24    26834.88    26    26794.25
39    24    26842.48    26    26825.15
6    24    26880.48    26    26874.05
35    24    26886.08    26    26844.08
22    24    26903.08    26    26808.16
43    24    26907.08    26    26890.61
37    24    26930.48    26    26897.89
41    24    26942.68    26    26883.48
34    24    26972.88    26    26929.45
25    24    26973.68    26    26973.54
7    24    27006.68    28    27004.32
19    24    27018.68    28    27006.45
2    24    27125.08    27    27119.46
48    24    27146.28    27    27126.26
1    24    27170.48    27    27168.54
47    24    27204.48    27    27200.83
32    24    27226.48    27    27206.09
8    24    27249.88    27    27247.05
15    24    27317.28    27    27312.18
17    24    27328.88    27    27328.7
13    24    27337.88    27    27314.66
26    24    27360.28    27    27336.71
4    24    27393.68    27    27387.09
40    24    27426.28    27    27411.33
44    24    27446.48    27    27445.35
30    24    27452.08    27    27450.96
31    24    27487.28    27    27486.25
14    24    27495.28    27    27478.02
18    24    27516.08    27    27505.16
27    24    27544.68    27    27541.22
28    24    27558.08    27    27522.23
5    24    27579.88    27    27558.59
46    24    27586.08    27    27576.04
12    24    27601.48    27    27585.05
38    24    27645.68    27    27636.62
45    24    27649.88    27    27620.38
11    24    27654.88    27    27652.6
20    24    27681.28    27    27657.29
29    24    27694.08    27    27691.88
10    24    27720.68    27    27701.03
9    24    27722.68    27    27720.99
16    24    27744.88    27    27733.68
42    24    27766.68    27    27732.8
3    24    27769.88    27    27736.02
33    24    27787.88    27    27768.54
36    24    27812.68    27    27793.17
23    24    27832.68    27    27832.1
22    24    27833.88    27    27808.22
0    24    27839.48    27    27794.42
39    24    27869.28    27    27825.77
6    24    27899.28    27    27874.24
35    24    27901.28    27    27844.75
41    24    27923.28    27    27883.54
43    24    27936.68    27    27890.69
34    24    27946.08    27    27929.47
37    24    27970.48    27    27898.08
25    24    27973.68    27    27973.64
19    24    28008.08    29    28006.45
7    24    28033.48    29    28004.39
2    24    28124.28    28    28119.48
48    24    28146.48    28    28126.26
1    24    28171.28    28    28168.64
47    24    28204.88    28    28200.92
32    24    28226.88    28    28206.23
8    24    28252.28    28    28247.11
15    24    28315.68    28    28312.35
17    24    28328.88    28    28328.78
13    24    28336.48    28    28314.76
26    24    28341.48    28    28336.76
4    24    28391.68    28    28387.29
40    24    28413.28    28    28411.39
44    24    28447.68    28    28445.37
30    24    28468.88    28    28451.14
31    24    28487.28    28    28486.37
14    24    28497.08    28    28478.04
21    24    28513.68    28    28480.52
18    24    28516.88    28    28505.33
27    24    28542.88    28    28541.28
28    24    28560.28    28    28522.43
5    24    28568.68    28    28558.69
12    24    28613.09    28    28585.12
46    24    28626.89    28    28576.05
45    24    28650.49    28    28620.45
11    24    28660.89    28    28652.63
38    24    28672.69    28    28636.69
20    24    28683.69    28    28657.31
29    24    28717.49    28    28691.91
10    24    28728.89    28    28701.11
9    24    28739.09    28    28721.02
16    24    28760.29    28    28733.84
42    24    28781.89    28    28733.0
3    24    28794.49    28    28736.09
33    24    28816.49    28    28768.54
23    24    28833.29    28    28832.22
39    24    28838.69    28    28825.78
36    24    28849.29    28    28793.27
0    24    28870.29    28    28794.44
22    24    28872.89    28    28808.28
41    24    28899.69    28    28883.62
35    24    28918.89    28    28844.84
37    24    28924.49    28    28898.12
34    24    28946.49    28    28929.5
6    24    28960.09    28    28874.43
43    24    28969.29    28    28890.79
25    24    28973.89    28    28973.71
19    24    29009.29    30    29006.64
7    24    29031.29    30    29004.46
2    24    29122.49    29    29119.68
48    24    29145.89    29    29126.29
1    24    29171.69    29    29168.93
32    24    29225.69    29    29206.37
8    24    29248.09    29    29247.15
15    24    29314.09    29    29312.52
13    24    29317.09    29    29314.89
17    24    29329.09    29    29328.9
26    24    29340.69    29    29336.83
4    24    29390.29    29    29387.48
40    24    29413.29    29    29411.45
44    24    29447.49    29    29445.4
30    24    29471.29    29    29451.33
31    24    29487.49    29    29486.45
14    24    29494.69    29    29478.08
21    24    29513.29    29    29480.6
18    24    29515.89    29    29505.5
27    24    29543.09    29    29541.37
28    24    29559.09    29    29522.46
5    24    29567.29    29    29558.79
12    24    29588.69    29    29585.24
46    24    29601.89    29    29576.07
45    24    29637.49    29    29620.53
11    24    29655.49    29    29652.64
38    24    29661.09    29    29636.74
20    24    29679.89    29    29657.32
29    24    29701.49    29    29691.93
9    24    29724.09    29    29721.19
10    24    29724.49    29    29701.17
42    24    29757.09    29    29733.18
16    24    29768.09    29    29733.97
3    24    29787.89    29    29736.14
36    24    29801.09    29    29793.31
33    24    29810.49    29    29768.71
22    24    29823.89    29    29808.34
23    24    29833.29    29    29832.3
39    24    29845.89    29    29825.93
0    24    29856.49    29    29794.62
35    24    29889.09    29    29844.91
6    24    29920.49    29    29874.43
41    24    29942.49    29    29883.72
43    24    29948.49    29    29890.86
37    24    29964.69    29    29898.14
34    24    29967.29    29    29929.52
25    24    29974.29    29    29973.8
29
29
29
29
29
29
29
30
29
29
29
29
29
29
29
29
29
29
29
30
29
29
29
29
0
29
29
29
29
29
29
29
29
29
29
29
29
29
29
29
29
29
29
29
29
29
29
29
29
