(relay)    33    4    25.4    1    19    126    1
(advertise)    0    30.4    4    1
(relay)    4    4    1019.21    2    1019.01    127    1
(advertise)    0    1019.41    4    2
(relay)    4    48    1033.43    1    1033.03    126    1
(advertise)    0    1040.43    48    1
(relay)    4    34    1055.84    1    1029.03    125    1
(advertise)    0    1064.44    34    1
(relay)    4    41    1078.85    1    1055.04    125    1
(advertise)    0    1085.85    41    1
(relay)    4    36    1102.27    1    1075.05    123    1
(advertise)    0    1108.87    36    1
(relay)    4    19    1124.48    1    1103.07    124    1
(advertise)    0    1130.28    19    1
(relay)    4    1    1158.09    1    1152.09    123    1
(advertise)    0    1158.29    1    1
(relay)    33    33    1162.7    1    1162.1    127    1
(relay)    18    18    1174.1    1    1173.1    127    2
(advertise)    0    1180.3    33    1
(advertise)    0    1201.32    18    1
(relay)    32    17    1203.53    1    1183.12    126    1
(advertise)    0    1223.13    17    1
(relay)    39    14    1224.54    1    1175.1    126    1
(advertise)    0    1245.34    14    1
(relay)    7    31    1269.96    1    1217.13    121    1
(advertise)    0    1270.16    31    1
(relay)    46    2    1291.17    1    1275.17    123    1
(advertise)    0    1291.77    2    1
(relay)    46    15    1312.58    1    1305.17    126    1
(advertise)    0    1312.98    15    1
(relay)    46    42    1335.0    1    1320.2    125    1
(advertise)    0    1335.2    42    1
(relay)    46    30    1358.81    1    1297.18    122    1
(advertise)    0    1360.01    30    1
(relay)    32    13    1400.22    1    1397.02    121    1
(advertise)    0    1400.42    13    1
(relay)    11    11    1413.63    1    1413.03    127    1
(advertise)    0    1421.63    11    1
(relay)    46    46    1442.05    1    1441.05    127    1
(advertise)    0    1444.25    46    1
(relay)    46    9    1450.06    1    1420.03    126    1
(advertise)    0    1468.86    9    1
(relay)    46    37    1471.67    1    1405.03    124    1
(relay)    45    45    1476.07    1    1476.07    127    2
(advertise)    0    1491.07    37    1
(advertise)    0    1512.09    45    1
(relay)    46    44    1531.3    1    1493.09    124    1
(advertise)    0    1534.3    44    1
(relay)    4    26    1558.31    1    1522.1    124    1
(advertise)    0    1558.51    26    1
(relay)    46    38    1585.53    1    1584.13    124    1
(advertise)    0    1585.73    38    1
(relay)    20    20    1600.74    1    1600.14    127    1
(advertise)    0    1607.54    20    1
(relay)    46    29    1630.55    1    1616.15    126    1
(advertise)    0    1630.75    29    1
(relay)    39    22    1652.76    1    1637.16    126    1
(advertise)    0    1652.96    22    1
(relay)    46    28    1703.78    1    1697.16    121    1
(advertise)    0    1703.98    28    1
(relay)    21    21    1715.19    1    1714.19    127    1
(advertise)    0    1727.19    21    1
(relay)    39    40    1748.8    1    1721.19    122    1
(advertise)    0    1749.0    40    1
(relay)    39    43    1771.22    1    1755.03    124    1
(advertise)    0    1771.42    43    1
(relay)    46    5    1793.03    1    1779.04    126    1
(relay)    21    23    1794.43    1    1725.0    122    2
(advertise)    0    1794.63    5    1
(advertise)    0    1817.04    23    1
(relay)    10    12    1836.46    1    1799.04    123    1
(advertise)    0    1839.26    12    1
(relay)    46    35    1861.27    1    1803.04    123    1
(advertise)    0    1862.27    35    1
(relay)    10    10    1875.68    1    1875.08    127    1
(relay)    32    32    1882.68    1    1882.08    127    2
(advertise)    0    1884.68    10    1
(relay)    6    6    1897.09    1    1896.09    127    2
(relay)    10    25    1904.09    1    1821.06    123    3
(advertise)    0    1907.29    32    1
(relay)    7    7    1909.11    1    1908.11    127    3
(generate)    0    1910.11    [3]    1
(advertise)    0    1928.52    6    1
(advertise)    0    1950.73    25    1
(advertise)    0    1973.15    7    1
(relay)    7    27    1992.36    1    1935.12    124    1
(advertise)    0    1995.36    27    1
(relay)    39    39    1997.17    1    1996.16    127    1
(relay)    32    8    1998.97    1    1957.13    126    2
(advertise)    0    2017.97    39    1
(relay)    4    4    2019.19    3    2019.17    127    2
(advertise)    0    2040.79    8    1
(relay)    21    34    2057.8    2    2029.17    126    2
(advertise)    0    2063.2    4    3
(advertise)    0    2085.21    34    2
(relay)    7    24    2101.62    1    1983.16    125    1
(relay)    39    48    2106.62    2    2033.17    126    2
(advertise)    0    2108.22    24    1
(advertise)    0    2129.64    48    2
(relay)    7    41    2154.25    2    2055.2    124    1
(advertise)    0    2154.45    41    2
(relay)    33    33    2163.26    2    2162.25    127    1
(relay)    18    18    2174.26    2    2173.26    127    2
(advertise)    0    2175.86    33    2
(relay)    4    17    2196.48    2    2183.28    126    2
(advertise)    0    2198.48    18    2
(relay)    4    36    2218.09    2    2075.21    124    2
(advertise)    0    2220.69    17    2
(relay)    39    14    2222.7    2    2175.26    126    2
(relay)    7    19    2242.5    2    2103.22    124    3
(advertise)    0    2242.7    36    2
(advertise)    0    2264.92    14    2
(advertise)    0    2287.33    19    2
(relay)    32    1    2306.74    2    2152.25    122    1
(advertise)    0    2308.74    1    2
(relay)    32    15    2328.15    2    2305.33    125    1
(advertise)    0    2330.55    15    2
(relay)    39    42    2333.57    2    2320.35    125    1
(advertise)    0    2351.57    42    2
(relay)    21    31    2364.58    2    2217.28    124    1
(advertise)    0    2374.78    31    2
(relay)    7    2    2397.99    2    2275.32    123    1
(advertise)    0    2398.39    2    2
(relay)    7    11    2420.21    2    2413.19    126    1
(advertise)    0    2420.61    11    2
(relay)    39    30    2424.42    2    2297.33    123    1
(relay)    46    46    2442.22    2    2441.22    127    2
(advertise)    0    2444.42    30    2
(advertise)    0    2467.43    46    2
(relay)    45    45    2476.24    2    2476.23    127    1
(relay)    45    9    2480.24    2    2420.99    125    2
(advertise)    0    2489.64    45    2
(relay)    46    37    2505.66    2    2405.21    124    2
(advertise)    0    2511.26    9    2
(advertise)    0    2534.87    37    2
(relay)    46    13    2550.88    2    2397.18    120    1
(advertise)    0    2558.48    13    2
(relay)    46    44    2572.5    2    2493.26    124    1
(advertise)    0    2581.9    44    2
(relay)    46    26    2595.11    2    2522.27    125    1
(relay)    20    20    2600.91    2    2600.31    127    2
(advertise)    0    2604.51    26    2
(relay)    46    29    2618.52    2    2616.32    126    2
(advertise)    0    2625.52    20    2
(advertise)    0    2647.34    29    2
(relay)    46    16    2662.35    2    2592.3    123    1
(relay)    32    22    2663.15    2    2637.32    126    2
(advertise)    0    2668.55    16    2
(advertise)    0    2690.56    22    2
(relay)    46    38    2706.37    2    2584.3    122    1
(advertise)    0    2713.57    38    2
(relay)    21    21    2715.39    2    2714.37    127    1
(relay)    32    23    2731.39    2    2725.19    124    2
(advertise)    0    2736.99    21    2
(advertise)    0    2759.8    23    2
(relay)    46    40    2772.61    2    2721.37    123    1
(advertise)    0    2780.81    40    2
(relay)    46    43    2800.03    2    2755.21    124    1
(advertise)    0    2801.83    43    2
(relay)    46    5    2820.64    2    2779.23    123    1
(relay)    21    28    2822.04    2    2697.32    121    2
(advertise)    0    2824.44    5    2
(advertise)    0    2846.45    28    2
(relay)    46    12    2865.47    2    2799.23    123    1
(advertise)    0    2868.07    12    2
(relay)    10    10    2875.88    2    2875.27    127    1
(relay)    32    32    2883.28    2    2882.28    127    2
(advertise)    0    2892.08    10    2
(relay)    6    6    2897.29    2    2896.29    127    2
(relay)    7    7    2908.49    2    2908.29    127    3
(generate)    0    2910.29    [3]    2
(relay)    32    35    2913.3    2    2803.23    122    4
(advertise)    0    2913.5    32    2
(advertise)    0    2935.72    6    2
(relay)    7    25    2956.73    2    2821.24    123    3
(advertise)    0    2957.53    7    2
(advertise)    0    2981.34    35    2
(relay)    32    8    2998.36    2    2957.33    126    2
(advertise)    0    3002.76    25    2
(relay)    4    4    3019.37    4    3019.36    127    2
(advertise)    0    3025.17    8    2
(relay)    46    39    3038.78    2    2996.34    126    2
(relay)    7    47    3045.78    2    2925.49    122    3
(advertise)    0    3047.38    4    4
(relay)    21    34    3067.0    3    3029.37    126    3
(advertise)    0    3069.0    39    2
(relay)    4    48    3088.61    3    3033.37    126    3
(advertise)    0    3091.81    47    2
(advertise)    0    3112.82    34    3
(relay)    32    24    3133.63    2    2983.36    124    2
(advertise)    0    3134.63    48    3
(advertise)    0    3156.65    24    2
(relay)    21    27    3157.86    2    2935.3    122    1
(relay)    33    33    3163.46    3    3162.45    127    2
(relay)    18    18    3174.46    3    3173.45    127    3
(relay)    4    41    3177.26    3    3055.4    125    4
(advertise)    0    3179.46    27    2
(advertise)    0    3200.87    33    3
(relay)    32    17    3220.69    3    3183.47    126    3
(advertise)    0    3222.89    18    3
(relay)    46    14    3240.3    3    3175.45    126    3
(advertise)    0    3245.3    41    3
(advertise)    0    3266.31    17    3
(relay)    4    36    3286.93    3    3075.61    123    2
(advertise)    0    3288.13    14    3
(advertise)    0    3310.34    36    3
(relay)    18    19    3334.55    3    3103.42    123    1
(advertise)    0    3334.75    19    3
(relay)    32    1    3353.56    3    3152.45    121    1
(advertise)    0    3355.76    1    3
(relay)    32    42    3374.78    3    3320.55    124    1
(relay)    39    31    3377.78    3    3217.47    124    2
(advertise)    0    3379.18    42    3
(advertise)    0    3403.19    31    3
(relay)    11    11    3414.0    3    3413.39    127    1
(relay)    39    2    3421.0    3    3275.5    124    2
(advertise)    0    3426.4    11    3
(relay)    46    46    3442.42    3    3441.4    127    2
(relay)    32    15    3443.22    3    3305.53    123    3
(advertise)    0    3447.82    2    3
(advertise)    0    3470.43    46    3
(relay)    45    45    3476.44    3    3476.43    127    2
(relay)    21    30    3485.84    3    3297.51    123    3
(advertise)    0    3493.44    15    3
(relay)    46    9    3509.86    3    3421.19    126    3
(advertise)    0    3517.26    45    3
(advertise)    0    3541.27    30    3
(relay)    32    37    3553.88    3    3405.4    122    2
(advertise)    0    3564.28    9    3
(relay)    39    13    3576.89    3    3397.38    122    2
(advertise)    0    3585.89    37    3
(relay)    20    20    3601.51    3    3600.51    127    2
(advertise)    0    3607.31    13    3
(relay)    32    26    3618.52    3    3522.47    124    2
(advertise)    0    3628.92    20    3
(relay)    46    29    3644.53    3    3616.52    126    2
(advertise)    0    3652.33    26    3
(relay)    32    22    3661.35    3    3637.52    126    2
(advertise)    0    3674.55    29    3
(advertise)    0    3698.36    22    3
(relay)    32    16    3708.97    3    3592.49    122    1
(relay)    21    38    3710.77    3    3584.49    124    2
(relay)    21    21    3715.57    3    3714.57    127    3
(advertise)    0    3720.17    16    3
(advertise)    0    3742.39    38    3
(advertise)    0    3764.6    21    3
(relay)    4    23    3773.81    3    3725.39    124    1
(advertise)    0    3786.01    23    3
(relay)    21    40    3796.22    3    3721.57    123    1
(relay)    4    5    3797.42    3    3779.42    125    2
(advertise)    0    3807.02    40    3
(relay)    10    43    3815.44    3    3755.41    124    2
(advertise)    0    3829.04    5    3
(advertise)    0    3850.85    43    3
(relay)    4    12    3863.66    3    3799.62    123    1
(advertise)    0    3871.86    12    3
(relay)    10    10    3876.48    3    3875.46    127    1
(relay)    32    32    3883.48    3    3882.48    127    2
(advertise)    0    3893.88    10    3
(relay)    6    6    3897.49    3    3896.49    127    2
(relay)    10    28    3906.89    3    3697.49    121    3
(generate)    0    3910.49    [3]    3
(advertise)    0    3915.9    32    3
(advertise)    0    3938.72    6    3
(advertise)    0    3960.13    28    3
(relay)    21    7    3973.14    3    3908.49    126    1
(advertise)    0    3981.94    7    3
(relay)    10    35    3995.35    3    3803.42    123    1
(relay)    39    39    3996.55    3    3996.54    127    2
(relay)    32    8    3997.55    3    3957.73    126    3
(advertise)    0    4005.15    35    3
(advertise)    0    4028.57    39    3
(relay)    6    25    4044.98    3    3821.44    120    2
(advertise)    0    4050.58    8    3
(relay)    32    4    4066.39    5    4019.37    126    2
(advertise)    0    4071.59    25    3
(relay)    32    48    4087.81    4    4033.57    126    2
(relay)    39    34    4090.21    4    4029.57    126    3
(advertise)    0    4094.21    4    5
(advertise)    0    4115.42    48    4
(relay)    7    24    4134.23    3    3983.55    125    2
(advertise)    0    4136.83    34    4
(relay)    6    27    4153.45    3    3935.49    123    2
(relay)    32    41    4157.25    4    4055.59    125    3
(advertise)    0    4158.85    24    3
(relay)    33    33    4163.66    4    4162.65    127    3
(advertise)    0    4180.46    27    3
(relay)    7    47    4201.67    3    3925.69    122    3
(advertise)    0    4202.27    41    4
(advertise)    0    4224.48    33    4
(relay)    4    17    4237.3    4    4183.67    126    2
(relay)    46    14    4238.9    4    4175.65    126    3
(relay)    45    18    4239.7    4    4173.65    126    4
(advertise)    0    4246.9    47    3
(advertise)    0    4270.11    17    4
(relay)    4    36    4280.92    4    4075.81    124    3
(relay)    46    19    4281.32    4    4103.62    125    4
(advertise)    0    4291.12    14    4
(advertise)    0    4313.14    18    4
(relay)    10    1    4327.75    4    4152.65    123    3
(advertise)    0    4336.55    36    4
(advertise)    0    4358.16    19    4
(advertise)    0    4379.98    1    4
(relay)    4    15    4390.39    4    4305.72    124    1
(relay)    7    42    4401.59    4    4320.75    125    2
(advertise)    0    4402.19    15    4
(relay)    4    2    4411.8    4    4275.7    123    2
(relay)    11    11    4414.6    4    4413.59    127    3
(advertise)    0    4423.8    42    4
(advertise)    0    4445.01    2    4
(advertise)    0    4466.63    11    4
(relay)    4    9    4478.04    4    4421.38    126    1
(advertise)    0    4487.64    9    4
(relay)    7    46    4489.65    4    4441.41    126    1
(relay)    21    30    4504.05    4    4297.71    123    2
(advertise)    0    4510.85    46    4
(relay)    46    37    4527.27    4    4405.59    124    2
(advertise)    0    4533.07    30    4
(relay)    32    45    4540.88    4    4476.63    126    2
(advertise)    0    4554.08    37    4
(relay)    46    13    4574.49    4    4397.56    122    2
(advertise)    0    4576.09    45    4
(relay)    46    26    4596.51    4    4522.67    124    2
(advertise)    0    4598.31    13    4
(relay)    20    20    4601.72    4    4600.71    127    2
(relay)    46    44    4617.72    4    4493.65    124    3
(advertise)    0    4621.32    26    4
(advertise)    0    4643.53    20    4
(relay)    46    22    4661.34    4    4637.71    126    2
(advertise)    0    4664.54    44    4
(relay)    46    38    4683.76    4    4584.68    124    2
(advertise)    0    4687.76    22    4
(relay)    46    29    4708.37    4    4616.72    124    2
(advertise)    0    4710.17    38    4
(relay)    21    21    4714.78    4    4714.77    127    2
(relay)    39    16    4729.58    4    4592.69    124    3
(advertise)    0    4732.98    29    4
(advertise)    0    4755.0    21    4
(relay)    46    23    4775.41    4    4725.78    125    2
(advertise)    0    4777.61    16    4
(advertise)    0    4798.62    23    4
(relay)    4    5    4815.44    4    4779.61    2    1
(heartbeat)    3    1    4746.2    0    4816.24    127    0
(relay)    21    40    4816.44    4    4721.77    124    3
(advertise)    0    4821.24    5    4
(advertise)    0    4842.85    3    1
(advertise)    0    4864.26    40    4
(relay)    10    10    4876.67    4    4875.66    3    1
(relay)    21    12    4881.27    4    4800.42    1    2
(advertise)    0    4885.27    10    4
(relay)    6    6    4897.09    4    4896.89    5    1
(relay)    4    32    4904.09    4    4882.67    4    2
(advertise)    0    4907.29    6    4
(relay)    7    7    4908.7    4    4908.69    3    2
(generate)    0    4910.5    [3]    4
(advertise)    0    4930.51    32    4
(advertise)    0    4952.53    7    4
(relay)    32    28    4953.74    4    4697.69    120    1
(advertise)    0    4974.74    28    4
(relay)    39    39    4996.75    4    4996.55    4    1
(advertise)    0    4999.55    39    4
(relay)    4    4    5020.17    6    5019.57    5    1
(relay)    46    8    5021.37    4    4957.93    3    2
(advertise)    0    5021.57    4    6
(advertise)    0    5043.78    8    4
(relay)    6    48    5070.99    5    5033.77    3    1
(advertise)    0    5071.19    48    5
(relay)    21    34    5078.6    5    5029.77    2    1
(relay)    46    24    5091.0    4    4983.75    1    2
(advertise)    0    5093.2    34    5
(relay)    32    41    5106.62    5    5055.78    3    1
(advertise)    0    5114.42    41    5
(relay)    39    27    5127.63    4    4935.5    1    1
(relay)    32    25    5129.63    4    4821.62    120    1
(advertise)    0    5137.23    25    4
(relay)    4    36    5152.24    5    5075.95    3    1
(advertise)    0    5159.84    36    5
(relay)    33    33    5163.86    5    5162.84    6    1
(relay)    18    18    5173.86    5    5173.66    5    2
(advertise)    0    5181.26    33    5
(relay)    32    17    5195.87    5    5183.87    3    2
(advertise)    0    5203.47    18    5
(advertise)    0    5225.68    17    5
(relay)    39    14    5281.7    5    5175.84    1    1
(relay)    39    19    5304.1    5    5104.39    1    1
(relay)    6    15    5308.9    5    5305.91    1    1
(relay)    21    31    5325.3    5    5217.82    2    1
(advertise)    0    5325.5    31    5
(relay)    32    42    5349.31    5    5320.95    1    1
(relay)    46    37    5410.91    5    5405.64    2    1
(advertise)    0    5411.11    37    5
(relay)    11    11    5414.72    5    5413.73    5    1
(advertise)    0    5433.72    11    5
(relay)    46    46    5441.73    5    5441.6    4    1
(relay)    46    9    5452.93    5    5421.55    3    2
(advertise)    0    5455.93    46    5
(relay)    21    2    5457.15    5    5275.87    1    2
(relay)    45    45    5477.35    5    5476.76    5    3
(advertise)    0    5478.95    9    5
(advertise)    0    5501.76    45    5
(relay)    46    44    5519.77    5    5493.71    2    1
(advertise)    0    5524.77    44    5
(relay)    46    26    5540.59    5    5522.72    2    1
(advertise)    0    5545.79    26    5
(relay)    20    20    5601.8    5    5600.77    5    1
(advertise)    0    5602.0    20    5
(relay)    33    29    5624.81    5    5616.92    1    1
(relay)    21    38    5640.01    5    5584.72    1    1
(relay)    39    22    5647.21    5    5637.88    3    1
(advertise)    0    5647.41    22    5
(relay)    21    16    5704.03    5    5592.81    1    1
(relay)    21    21    5715.03    5    5714.9    6    1
(advertise)    0    5715.23    21    5
(relay)    32    23    5738.24    5    5725.92    2    1
(advertise)    0    5738.64    23    5
(relay)    46    5    5781.85    5    5779.72    3    1
(advertise)    0    5782.05    5    5
(relay)    21    25    5860.66    5    5821.64    1    1
(relay)    10    10    5876.86    5    5875.79    3    1
(advertise)    0    5877.06    10    5
(relay)    32    32    5883.68    5    5882.68    5    1
(relay)    6    6    5897.08    5    5897.03    5    2
(advertise)    0    5898.08    32    5
(relay)    7    7    5908.89    5    5908.82    3    2
(generate)    0    5910.69    [3]    5
(advertise)    0    5919.1    6    5
(advertise)    0    5940.52    7    5
(relay)    32    8    5976.33    5    5958.12    3    1
(advertise)    0    5976.53    8    5
(relay)    39    39    5996.74    5    5996.67    4    1
(advertise)    0    5997.74    39    5
(relay)    4    4    6020.16    7    6019.58    5    1
(advertise)    0    6021.36    4    7
(relay)    7    24    6023.97    5    5983.87    1    1
(relay)    39    34    6043.17    6    6029.95    2    1
(relay)    32    48    6044.37    6    6033.82    4    2
(advertise)    0    6046.17    34    6
(advertise)    0    6068.58    48    6
(relay)    32    41    6094.19    6    6056.77    3    1
(advertise)    0    6094.39    41    6
(relay)    32    36    6116.81    6    6076.01    2    1
(advertise)    0    6117.21    36    6
(relay)    32    19    6140.42    6    6104.57    1    1
(relay)    33    33    6163.02    6    6162.98    6    1
(advertise)    0    6163.22    33    6
(relay)    18    18    6173.83    6    6173.79    5    1
(advertise)    0    6185.63    18    6
(relay)    32    17    6187.45    6    6183.9    3    1
(relay)    46    14    6188.65    6    6176.0    2    2
(advertise)    0    6206.85    17    6
(advertise)    0    6228.06    14    6
(relay)    7    31    6252.67    6    6217.89    1    1
(relay)    46    15    6308.07    6    6306.67    3    1
(advertise)    0    6308.27    15    6
(relay)    46    42    6329.69    6    6321.11    1    1
(relay)    4    37    6411.89    6    6405.68    1    1
(relay)    11    11    6414.89    6    6413.9    5    1
(advertise)    0    6415.09    11    6
(relay)    32    9    6436.3    6    6421.58    3    1
(advertise)    0    6437.5    9    6
(relay)    46    46    6441.71    6    6441.67    4    1
(advertise)    0    6460.91    46    6
(relay)    45    45    6477.52    6    6476.9    5    1
(advertise)    0    6482.12    45    6
(relay)    32    44    6519.34    6    6493.74    1    1
(relay)    46    26    6546.54    6    6522.81    2    1
(advertise)    0    6546.74    26    6
(relay)    20    20    6601.95    6    6600.91    5    1
(advertise)    0    6602.15    20    6
(relay)    32    29    6627.56    6    6617.06    1    1
(relay)    4    22    6638.36    6    6637.97    3    1
(advertise)    0    6638.56    22    6
(relay)    21    21    6714.98    6    6714.92    6    1
(advertise)    0    6715.18    21    6
(relay)    32    23    6728.39    6    6725.96    1    1
(relay)    46    5    6781.99    6    6779.8    3    1
(advertise)    0    6782.19    5    6
(relay)    10    10    6876.8    6    6875.8    3    1
(advertise)    0    6877.0    10    6
(relay)    32    32    6883.02    6    6882.85    5    1
(advertise)    0    6898.02    32    6
(relay)    7    7    6908.83    6    6908.82    3    1
(generate)    0    6910.83    [3]    6
(advertise)    0    6919.44    7    6
(relay)    32    8    6960.65    6    6958.13    3    1
(advertise)    0    6960.85    8    6
(relay)    7    27    6982.67    6    6935.7    1    1
(relay)    39    39    6996.87    6    6996.85    4    1
(advertise)    0    6997.07    39    6
(relay)    4    4    7020.28    8    7019.75    5    1
(advertise)    0    7020.68    4    8
(relay)    4    48    7036.29    7    7034.01    4    1
(advertise)    0    7043.89    48    7
(relay)    7    34    7049.11    7    7030.04    2    1
(advertise)    0    7065.71    34    7
(relay)    20    41    7085.72    7    7056.91    1    1
(relay)    46    36    7141.32    7    7076.07    2    1
(advertise)    0    7141.52    36    7
(relay)    33    33    7163.13    7    7163.08    6    1
(advertise)    0    7163.73    33    7
(relay)    18    18    7173.95    7    7173.89    5    1
(advertise)    0    7186.35    18    7
(relay)    39    19    7187.56    7    7104.72    1    1
(relay)    45    17    7206.76    7    7183.9    2    1
(advertise)    0    7208.36    17    7
(relay)    10    14    7229.77    7    7176.07    2    1
(advertise)    0    7230.77    14    7
(relay)    39    31    7276.98    7    7217.96    2    1
(advertise)    0    7277.18    31    7
(relay)    46    15    7309.0    7    7306.77    3    1
(advertise)    0    7309.2    15    7
(relay)    39    42    7332.01    7    7321.21    1    1
(relay)    21    30    7343.81    7    7298.13    1    1
(relay)    11    11    7415.01    7    7414.02    5    1
(advertise)    0    7415.21    11    7
(relay)    4    9    7438.02    7    7421.74    3    1
(advertise)    0    7438.42    9    7
(relay)    46    46    7441.84    7    7441.71    4    1
(advertise)    0    7460.84    46    7
(relay)    45    45    7477.65    7    7477.0    5    1
(advertise)    0    7483.45    45    7
(relay)    45    44    7517.26    7    7493.75    1    1
(relay)    4    26    7546.06    7    7522.88    2    1
(advertise)    0    7546.26    26    7
(relay)    21    38    7588.68    7    7584.91    1    1
(relay)    20    20    7602.08    7    7601.05    5    1
(advertise)    0    7602.28    20    7
(relay)    10    29    7630.49    7    7617.2    2    1
(advertise)    0    7630.69    29    7
(relay)    6    22    7639.9    7    7638.07    2    1
(advertise)    0    7652.9    22    7
(relay)    21    21    7715.11    7    7715.08    6    1
(advertise)    0    7715.31    21    7
(relay)    32    23    7741.53    7    7726.03    2    1
(advertise)    0    7741.73    23    7
(relay)    6    5    7783.54    7    7779.87    1    1
(relay)    46    12    7831.14    7    7801.87    1    1
(relay)    10    10    7875.94    7    7875.83    3    1
(advertise)    0    7876.14    10    7
(relay)    32    32    7883.15    7    7883.01    5    1
(advertise)    0    7899.75    32    7
(relay)    7    7    7909.37    7    7908.85    3    1
(generate)    0    7910.97    [3]    7
(advertise)    0    7921.18    7    7
(relay)    32    8    7959.79    7    7958.16    3    1
(advertise)    0    7959.99    8    7
(relay)    39    39    7997.41    7    7996.87    4    1
(advertise)    0    7997.61    39    7
(relay)    4    4    8020.42    9    8019.91    5    1
(advertise)    0    8020.62    4    9
(relay)    10    27    8034.63    7    7935.77    1    1
(relay)    4    48    8036.23    8    8034.03    4    1
(relay)    39    34    8043.03    8    8030.14    2    2
(advertise)    0    8043.43    48    8
(advertise)    0    8065.44    34    8
(relay)    4    36    8078.26    8    8076.16    3    1
(advertise)    0    8088.26    36    8
(relay)    32    41    8109.27    8    8057.08    1    1
(relay)    39    19    8125.47    8    8104.91    1    1
(relay)    33    33    8163.27    8    8163.22    6    1
(advertise)    0    8163.47    33    8
(relay)    18    18    8174.08    8    8174.03    5    1
(advertise)    0    8184.88    18    8
(relay)    32    17    8188.5    8    8184.09    3    1
(advertise)    0    8207.1    17    8
(relay)    10    14    8210.71    8    8176.13    2    1
(advertise)    0    8229.11    14    8
(relay)    11    31    8303.52    8    8218.05    1    1
(relay)    46    15    8309.12    8    8306.88    3    1
(advertise)    0    8309.32    15    8
(relay)    46    42    8330.54    8    8321.4    1    1
(relay)    7    2    8331.34    8    8276.03    1    1
(relay)    39    30    8367.54    8    8298.15    1    1
(relay)    46    37    8408.74    8    8405.93    2    1
(advertise)    0    8408.94    37    8
(relay)    6    11    8415.55    8    8414.19    4    1
(advertise)    0    8430.95    11    8
(relay)    32    9    8436.16    8    8421.92    3    1
(relay)    46    46    8441.76    8    8441.74    4    2
(advertise)    0    8452.56    9    8
(advertise)    0    8475.57    46    8
(relay)    18    45    8481.59    8    8477.14    4    1
(advertise)    0    8496.99    45    8
(relay)    32    44    8506.4    8    8493.8    1    1
(relay)    4    26    8526.2    8    8523.03    1    1
(relay)    21    38    8588.2    8    8584.99    1    1
(relay)    20    20    8601.2    8    8601.17    5    1
(advertise)    0    8601.4    20    8
(relay)    4    29    8623.81    8    8617.32    1    1
(relay)    4    22    8645.81    8    8638.09    3    1
(advertise)    0    8646.01    22    8
(relay)    21    21    8715.83    8    8715.26    6    1
(advertise)    0    8716.03    21    8
(relay)    4    23    8739.84    8    8726.08    2    1
(advertise)    0    8740.04    23    8
(heartbeat)    3    2    8746.21    0    8762.25    3    3
(advertise)    0    8763.05    3    2
(relay)    10    5    8783.47    8    8779.92    2    1
(advertise)    0    8785.27    5    8
(relay)    7    12    8838.08    8    8801.96    1    1
(relay)    10    10    8875.88    8    8875.87    3    1
(advertise)    0    8876.08    10    8
(relay)    32    32    8883.29    8    8883.18    5    1
(relay)    21    25    8897.69    8    8821.9    1    2
(relay)    6    6    8898.09    8    8897.39    5    3
(advertise)    0    8898.29    32    8
(relay)    7    7    8909.5    8    8908.91    3    2
(generate)    0    8911.1    [3]    8
(advertise)    0    8920.92    6    8
(advertise)    0    8943.13    7    8
(relay)    39    39    8997.54    8    8996.91    4    1
(advertise)    0    8997.74    39    8
(relay)    39    27    9011.36    8    8935.84    1    1
(relay)    4    4    9021.16    10    9020.07    5    1
(advertise)    0    9023.36    4    10
(relay)    4    8    9032.57    8    8958.18    1    1
(relay)    39    48    9054.97    9    9034.04    4    1
(advertise)    0    9055.17    48    9
(relay)    7    34    9064.58    9    9030.28    2    1
(advertise)    0    9077.98    34    9
(relay)    32    41    9090.0    9    9057.25    3    1
(advertise)    0    9100.8    41    9
(relay)    32    36    9114.81    9    9076.23    2    1
(advertise)    0    9122.61    36    9
(relay)    33    33    9163.42    9    9163.36    4    1
(advertise)    0    9163.62    33    9
(relay)    18    18    9174.63    9    9174.17    4    1
(advertise)    0    9184.63    18    9
(relay)    32    17    9188.05    9    9184.12    3    1
(advertise)    0    9205.65    17    9
(relay)    7    14    9208.06    9    9176.19    2    1
(advertise)    0    9229.46    14    9
(relay)    7    31    9250.87    9    9218.11    2    1
(advertise)    0    9254.07    31    9
(relay)    32    15    9309.29    9    9306.98    2    1
(advertise)    0    9309.49    15    9
(relay)    21    30    9314.9    9    9298.35    1    1
(relay)    4    42    9331.1    9    9321.57    1    1
(relay)    32    37    9407.1    9    9405.97    1    1
(relay)    11    11    9414.5    9    9414.34    4    1
(advertise)    0    9414.7    11    9
(relay)    46    9    9436.71    9    9421.92    3    1
(advertise)    0    9436.91    9    9
(relay)    46    46    9442.33    9    9441.83    4    1
(advertise)    0    9459.73    46    9
(relay)    45    45    9478.14    9    9477.22    5    1
(advertise)    0    9481.74    45    9
(relay)    4    44    9520.95    9    9493.82    1    1
(relay)    4    26    9544.55    9    9523.13    2    1
(advertise)    0    9544.75    26    9
(relay)    20    20    9601.36    9    9601.31    4    1
(advertise)    0    9601.56    20    9
(relay)    46    29    9618.78    9    9617.45    2    1
(advertise)    0    9623.58    29    9
(relay)    21    16    9624.79    9    9593.31    1    1
(relay)    46    22    9641.79    9    9638.14    3    1
(advertise)    0    9645.39    22    9
(relay)    21    21    9715.8    9    9715.29    6    1
(advertise)    0    9716.0    21    9
(relay)    46    23    9740.82    9    9726.19    2    1
(advertise)    0    9742.02    23    9
(relay)    46    5    9780.43    9    9779.99    3    1
(advertise)    0    9780.63    5    9
(relay)    46    12    9814.84    9    9802.04    1    1
(relay)    7    25    9855.04    9    9822.01    1    1
(relay)    10    10    9876.04    9    9875.87    3    1
(advertise)    0    9876.24    10    9
(relay)    32    32    9883.46    9    9883.36    5    1
(advertise)    0    9898.06    32    9
(relay)    7    7    9909.47    9    9908.92    3    1
(generate)    0    9911.27    [3]    9
(advertise)    0    9919.88    7    9
(relay)    21    6    9922.7    9    9897.44    4    1
(advertise)    0    9940.9    6    9
(relay)    32    8    9978.51    9    9958.19    3    1
(advertise)    0    9978.71    8    9
(relay)    39    39    9997.52    9    9996.96    4    1
(advertise)    0    9999.72    39    9
(relay)    39    27    10019.53    9    9935.92    1    1
(relay)    4    4    10021.13    11    10020.09    5    1
(advertise)    0    10022.53    4    11
(relay)    4    48    10036.55    10    10034.05    4    1
(advertise)    0    10045.75    48    10
(relay)    39    34    10063.16    10    10030.42    2    1
(advertise)    0    10067.36    34    10
(relay)    4    41    10085.77    10    10057.4    3    1
(advertise)    0    10088.97    41    10
(relay)    4    36    10107.19    10    10076.25    3    1
(relay)    7    24    10110.79    9    9984.18    1    2
(advertise)    0    10112.19    36    10
(relay)    39    19    10153.0    10    10104.93    1    1
(relay)    33    33    10164.0    10    10163.5    4    1
(advertise)    0    10164.2    33    10
(relay)    18    18    10174.81    10    10174.31    4    1
(advertise)    0    10186.21    18    10
(relay)    32    17    10188.63    10    10184.14    3    1
(relay)    46    14    10189.23    10    10176.25    2    2
(advertise)    0    10207.83    17    10
(advertise)    0    10229.64    14    10
(relay)    39    2    10288.05    10    10276.32    1    1
(relay)    4    15    10307.65    10    10307.1    2    1
(advertise)    0    10307.85    15    10
(relay)    21    30    10309.26    10    10298.53    1    1
(relay)    46    42    10326.06    10    10322.3    1    1
(relay)    4    37    10407.26    10    10405.98    1    1
(relay)    11    11    10414.66    10    10414.5    4    1
(advertise)    0    10414.86    11    10
(relay)    46    46    10442.48    10    10442.02    4    1
(advertise)    0    10442.68    46    10
(relay)    46    9    10450.89    10    10422.11    3    1
(advertise)    0    10466.29    9    10
(relay)    45    45    10478.3    10    10477.35    5    1
(advertise)    0    10487.5    45    10
(relay)    32    44    10519.52    10    10493.85    2    1
(advertise)    0    10519.72    44    10
(relay)    4    26    10543.53    10    10523.22    2    1
(advertise)    0    10543.73    26    10
(relay)    20    20    10601.54    10    10601.44    4    1
(advertise)    0    10601.74    20    10
(relay)    46    29    10618.76    10    10617.56    2    1
(advertise)    0    10622.76    29    10
(relay)    10    16    10630.57    10    10593.46    1    1
(relay)    46    22    10641.37    10    10638.19    3    1
(advertise)    0    10644.37    22    10
(relay)    21    21    10715.98    10    10715.48    6    1
(advertise)    0    10716.18    21    10
(relay)    32    23    10741.79    10    10726.26    2    1
(advertise)    0    10741.99    23    10
(relay)    46    5    10780.41    10    10780.06    3    1
(advertise)    0    10780.61    5    10
(relay)    46    12    10836.82    10    10802.14    1    1
(relay)    7    25    10860.02    10    10822.11    1    1
(relay)    10    10    10876.02    10    10875.9    3    1
(advertise)    0    10876.22    10    10
(relay)    32    32    10884.03    10    10883.54    5    1
(advertise)    0    10897.23    32    10
(relay)    20    6    10899.25    10    10897.55    4    1
(relay)    7    7    10910.05    10    10908.94    3    2
(generate)    0    10911.45    [3]    10
(advertise)    0    10919.26    6    10
(advertise)    0    10941.07    7    10
(relay)    4    8    10991.69    10    10958.2    2    1
(advertise)    0    10991.89    8    10
(relay)    39    39    10997.5    10    10996.99    4    1
(advertise)    0    11014.5    39    10
(relay)    4    4    11021.31    12    11020.28    5    1
(relay)    39    34    11030.91    11    11030.58    2    2
(advertise)    0    11036.31    4    12
(relay)    39    48    11053.12    11    11034.05    4    2
(advertise)    0    11058.92    34    11
(relay)    7    24    11080.94    10    10984.23    1    2
(advertise)    0    11081.74    48    11
(relay)    10    27    11083.15    10    10935.98    1    1
(relay)    4    36    11084.75    11    11076.46    2    1
(advertise)    0    11103.95    36    11
(relay)    4    41    11108.36    11    11057.51    2    1
(advertise)    0    11125.96    41    11
(relay)    33    33    11164.18    11    11163.59    4    1
(advertise)    0    11164.38    33    11
(relay)    46    19    11171.19    11    11105.07    1    1
(relay)    18    18    11174.99    11    11174.42    4    1
(advertise)    0    11187.39    18    11
(relay)    32    17    11189.6    11    11184.15    3    1
(advertise)    0    11209.4    17    11
(relay)    7    14    11210.62    11    11176.3    2    1
(advertise)    0    11230.42    14    11
(relay)    21    31    11278.43    11    11218.18    2    1
(advertise)    0    11278.63    31    11
(relay)    46    15    11307.64    11    11307.22    3    1
(advertise)    0    11307.84    15    11
(relay)    39    42    11330.45    11    11322.45    1    1
(relay)    21    2    11334.65    11    11276.49    1    1
(relay)    39    30    11378.65    11    11298.71    1    1
(relay)    46    37    11407.85    11    11406.16    2    1
(advertise)    0    11408.05    37    11
(relay)    11    11    11414.87    11    11414.69    4    1
(advertise)    0    11430.07    11    11
(relay)    39    9    11438.08    11    11422.15    3    1
(relay)    46    46    11442.68    11    11442.07    4    2
(advertise)    0    11453.28    9    11
(advertise)    0    11476.09    46    11
(relay)    45    45    11478.51    11    11477.5    5    1
(advertise)    0    11498.31    45    11
(relay)    39    44    11519.52    11    11494.07    2    1
(advertise)    0    11520.52    44    11
(relay)    4    26    11542.93    11    11523.32    2    1
(advertise)    0    11543.33    26    11
(relay)    46    38    11586.55    11    11585.2    1    1
(relay)    20    20    11602.15    11    11601.56    4    1
(advertise)    0    11602.35    20    11
(relay)    32    29    11625.96    11    11617.72    1    1
(relay)    39    16    11629.56    11    11593.6    1    1
(relay)    32    22    11649.56    11    11638.29    3    1
(advertise)    0    11649.76    22    11
(relay)    21    21    11715.97    11    11715.5    6    1
(advertise)    0    11716.17    21    11
(relay)    39    23    11740.78    11    11726.31    1    1
(relay)    46    5    11780.58    11    11780.11    3    1
(advertise)    0    11780.78    5    11
(relay)    10    10    11876.4    11    11875.94    3    1
(advertise)    0    11876.6    10    11
(relay)    32    32    11884.21    11    11883.73    5    1
(advertise)    0    11900.01    32    11
(relay)    45    6    11908.22    11    11897.71    4    1
(relay)    7    7    11910.02    11    11909.0    3    2
(generate)    0    11911.62    [3]    11
(advertise)    0    11921.84    6    11
(advertise)    0    11944.05    7    11
(relay)    32    8    11974.26    11    11958.39    3    1
(advertise)    0    11974.46    8    11
(relay)    39    39    11998.08    11    11997.09    4    1
(advertise)    0    11998.28    39    11
(relay)    4    4    12021.49    13    12020.47    5    1
(advertise)    0    12021.89    4    13
(relay)    4    48    12034.7    12    12034.09    4    1
(advertise)    0    12044.3    48    12
(relay)    46    34    12048.31    12    12030.74    2    1
(advertise)    0    12065.91    34    12
(relay)    20    41    12111.53    12    12057.65    2    1
(advertise)    0    12111.73    41    12
(relay)    4    36    12132.94    12    12076.47    2    1
(advertise)    0    12136.54    36    12
(relay)    46    19    12156.15    12    12105.24    2    1
(advertise)    0    12158.15    19    12
(relay)    33    33    12164.17    12    12163.69    4    1
(relay)    18    18    12175.57    12    12174.55    4    2
(advertise)    0    12181.77    33    12
(relay)    32    17    12201.18    12    12184.17    3    2
(advertise)    0    12203.18    18    12
(relay)    20    14    12208.39    12    12176.39    1    2
(advertise)    0    12226.59    17    12
(relay)    46    31    12269.41    12    12218.25    2    1
(advertise)    0    12269.61    31    12
(relay)    46    15    12307.82    12    12307.34    3    1
(advertise)    0    12308.02    15    12
(relay)    46    42    12330.03    12    12322.61    1    1
(relay)    4    37    12408.63    12    12406.2    1    1
(relay)    11    11    12415.43    12    12414.87    4    1
(advertise)    0    12415.63    11    12
(relay)    39    9    12437.44    12    12422.17    3    1
(advertise)    0    12440.84    9    12
(relay)    46    46    12442.66    12    12442.12    4    1
(advertise)    0    12462.26    46    12
(relay)    45    45    12477.67    12    12477.62    5    1
(advertise)    0    12483.67    45    12
(relay)    32    44    12521.48    12    12494.1    2    1
(advertise)    0    12521.68    44    12
(relay)    46    26    12544.9    12    12523.39    2    1
(advertise)    0    12545.7    26    12
(relay)    46    38    12586.91    12    12585.27    1    1
(relay)    20    20    12602.31    12    12601.69    4    1
(advertise)    0    12602.51    20    12
(relay)    4    29    12627.72    12    12617.82    1    1
(relay)    32    22    12648.52    12    12638.38    3    1
(advertise)    0    12648.72    22    12
(relay)    21    21    12716.74    12    12715.67    6    1
(advertise)    0    12716.94    21    12
(relay)    39    23    12742.55    12    12726.38    1    1
(heartbeat)    3    3    12746.23    0    12746.95    2    3
(advertise)    0    12747.15    3    3
(relay)    10    5    12782.36    12    12780.19    2    1
(advertise)    0    12782.56    5    12
(relay)    7    12    12835.57    12    12802.5    1    1
(relay)    10    10    12876.77    12    12876.13    3    1
(advertise)    0    12876.97    10    12
(relay)    10    25    12881.79    12    12822.28    1    1
(relay)    32    32    12884.39    12    12883.74    5    1
(relay)    6    6    12898.99    12    12898.01    5    2
(advertise)    0    12901.39    32    12
(relay)    7    7    12910.2    12    12909.19    3    2
(generate)    0    12911.8    [3]    12
(advertise)    0    12922.61    6    12
(advertise)    0    12944.83    7    12
(relay)    32    8    12978.44    12    12958.42    3    1
(advertise)    0    12978.64    8    12
(relay)    39    39    12998.05    12    12997.12    4    1
(advertise)    0    13000.45    39    12
(relay)    4    4    13020.67    14    13020.5    5    1
(advertise)    0    13021.67    4    14
(relay)    7    27    13034.28    12    12936.12    1    1
(relay)    32    48    13045.28    13    13034.13    4    1
(advertise)    0    13045.88    48    13
(relay)    39    34    13057.29    13    13030.86    2    1
(advertise)    0    13067.69    34    13
(relay)    32    41    13089.7    13    13057.81    3    1
(advertise)    0    13091.7    41    13
(relay)    32    36    13112.32    13    13076.52    3    1
(advertise)    0    13113.12    36    13
(relay)    33    33    13164.33    13    13163.84    4    1
(advertise)    0    13164.53    33    13
(relay)    18    18    13175.74    13    13174.7    4    1
(advertise)    0    13185.54    18    13
(relay)    46    14    13188.36    13    13176.49    2    1
(advertise)    0    13206.96    14    13
(relay)    32    17    13208.77    13    13184.19    2    1
(advertise)    0    13230.17    17    13
(relay)    7    19    13232.58    13    13105.42    1    1
(relay)    39    31    13269.58    13    13218.32    2    1
(advertise)    0    13269.78    31    13
(relay)    39    2    13290.8    13    13276.8    1    1
(relay)    46    15    13307.8    13    13307.44    3    1
(advertise)    0    13308.0    15    13
(relay)    46    30    13329.61    13    13298.91    1    1
(relay)    46    42    13352.41    13    13322.77    1    1
(relay)    4    37    13409.81    13    13406.23    1    1
(relay)    11    11    13415.61    13    13415.03    4    1
(advertise)    0    13415.81    11    13
(relay)    46    9    13440.82    13    13422.2    3    1
(advertise)    0    13441.82    9    13
(relay)    46    46    13443.23    13    13442.19    4    1
(advertise)    0    13464.43    46    13
(relay)    45    45    13477.85    13    13477.76    5    1
(advertise)    0    13486.85    45    13
(relay)    32    44    13523.66    13    13494.29    1    1
(relay)    46    26    13546.06    13    13523.49    2    1
(advertise)    0    13546.26    26    13
(relay)    20    20    13602.27    13    13601.81    4    1
(advertise)    0    13602.47    20    13
(relay)    4    29    13626.89    13    13617.97    1    1
(relay)    10    16    13631.89    13    13593.91    1    1
(relay)    4    22    13648.09    13    13638.47    3    1
(advertise)    0    13648.29    22    13
(relay)    21    21    13716.9    13    13715.86    6    1
(advertise)    0    13717.1    21    13
(relay)    46    5    13781.71    13    13780.27    3    1
(advertise)    0    13781.91    5    13
(relay)    46    12    13816.13    13    13802.59    1    1
(relay)    10    10    13876.73    13    13876.19    3    1
(advertise)    0    13876.93    10    13
(relay)    32    32    13884.54    13    13883.91    5    1
(advertise)    0    13898.94    32    13
(relay)    7    7    13910.35    13    13909.25    3    1
(generate)    0    13911.95    [3]    13
(advertise)    0    13920.96    7    13
(relay)    4    6    13922.98    13    13898.12    4    1
(advertise)    0    13944.98    6    13
(relay)    7    8    13974.39    13    13958.45    2    1
(advertise)    0    13974.79    8    13
(relay)    7    24    13997.2    13    13984.44    1    1
(relay)    39    39    13998.2    13    13997.17    4    1
(advertise)    0    13999.6    39    13
(relay)    39    27    14014.02    13    13936.18    1    1
(relay)    4    4    14020.82    15    14020.66    5    1
(advertise)    0    14021.22    4    15
(relay)    32    48    14043.03    14    14034.31    4    1
(advertise)    0    14043.43    48    14
(relay)    39    34    14059.04    14    14031.0    2    1
(advertise)    0    14066.04    34    14
(relay)    4    41    14083.06    14    14057.91    2    1
(advertise)    0    14088.86    41    14
(relay)    32    36    14109.27    14    14076.54    3    1
(advertise)    0    14110.27    36    14
(relay)    33    33    14164.88    14    14163.94    4    1
(advertise)    0    14165.08    33    14
(relay)    18    18    14175.89    14    14174.81    4    1
(advertise)    0    14186.09    18    14
(relay)    32    17    14187.31    14    14184.2    3    1
(relay)    46    14    14193.31    14    14176.57    2    2
(advertise)    0    14207.71    17    14
(advertise)    0    14231.32    14    14
(relay)    11    31    14306.33    14    14218.38    1    1
(relay)    6    15    14310.13    14    14307.56    1    1
(relay)    10    42    14349.73    14    14322.9    1    1
(relay)    21    2    14352.13    14    14276.93    1    1
(relay)    46    37    14409.33    14    14406.27    2    1
(advertise)    0    14409.53    37    14
(relay)    11    11    14415.75    14    14415.2    4    1
(advertise)    0    14433.15    11    14
(relay)    46    46    14443.16    14    14442.22    4    1
(advertise)    0    14455.76    46    14
(relay)    46    9    14457.37    14    14422.39    3    1
(advertise)    0    14476.97    9    14
(relay)    21    45    14478.79    14    14477.86    4    1
(advertise)    0    14498.39    45    14
(relay)    46    44    14518.8    14    14494.36    2    1
(advertise)    0    14521.4    44    14
(relay)    4    26    14543.01    14    14523.59    2    1
(advertise)    0    14543.41    26    14
(relay)    46    38    14588.82    14    14585.41    1    1
(relay)    20    20    14602.42    14    14601.94    4    1
(advertise)    0    14602.62    20    14
(relay)    32    29    14626.04    14    14618.05    1    1
(relay)    4    22    14639.04    14    14638.56    3    1
(advertise)    0    14639.24    22    14
(relay)    21    21    14716.85    14    14715.88    6    1
(advertise)    0    14717.05    21    14
(relay)    32    23    14739.26    14    14726.52    2    1
(advertise)    0    14740.26    23    14
(relay)    46    5    14781.68    14    14780.36    3    1
(advertise)    0    14781.88    5    14
(relay)    39    12    14806.29    14    14802.7    1    1
(relay)    10    10    14876.89    14    14876.24    3    1
(advertise)    0    14877.09    10    14
(relay)    32    32    14885.1    14    14884.1    5    1
(relay)    6    6    14899.3    14    14898.22    5    2
(advertise)    0    14900.3    32    14
(relay)    7    7    14909.32    14    14909.31    3    2
(generate)    0    14912.12    [3]    14
(advertise)    0    14922.13    6    14
(advertise)    0    14945.34    7    14
(relay)    32    8    14980.75    14    14958.64    3    1
(advertise)    0    14980.95    8    14
(relay)    39    39    14998.17    14    14997.2    4    1
(advertise)    0    15001.97    39    14
(relay)    7    27    15005.98    14    14936.24    1    1
(relay)    4    4    15020.98    16    15020.84    5    1
(advertise)    0    15025.38    4    16
(relay)    4    48    15035.99    15    15034.49    4    1
(advertise)    0    15047.99    48    15
(relay)    39    34    15051.21    15    15031.14    2    1
(relay)    46    24    15057.01    14    14984.52    1    2
(advertise)    0    15071.21    34    15
(relay)    32    41    15107.22    15    15058.01    3    1
(advertise)    0    15107.42    41    15
(relay)    4    36    15131.03    15    15076.56    3    1
(advertise)    0    15131.23    36    15
(relay)    32    19    15157.05    15    15105.72    1    1
(relay)    33    33    15165.05    15    15164.08    4    1
(advertise)    0    15165.25    33    15
(relay)    18    18    15175.86    15    15174.95    4    1
(advertise)    0    15187.86    18    15
(relay)    32    14    15201.67    15    15176.69    1    1
(relay)    32    17    15225.27    15    15184.22    3    1
(advertise)    0    15225.47    17    15
(relay)    33    31    15276.08    15    15218.43    1    1
(relay)    4    15    15309.88    15    15307.67    2    1
(advertise)    0    15310.08    15    15
(relay)    7    42    15334.7    15    15323.06    1    1
(relay)    7    30    15356.9    15    15299.3    1    1
(relay)    46    37    15409.9    15    15406.28    2    1
(advertise)    0    15410.1    37    15
(relay)    11    11    15415.91    15    15415.34    4    1
(advertise)    0    15432.11    11    15
(relay)    46    46    15443.32    15    15442.32    4    1
(advertise)    0    15453.12    46    15
(relay)    46    9    15454.94    15    15422.42    3    1
(advertise)    0    15474.54    9    15
(relay)    45    45    15478.15    15    15477.99    5    1
(advertise)    0    15496.75    45    15
(relay)    46    44    15519.96    15    15494.56    2    1
(advertise)    0    15520.76    44    15
(relay)    46    26    15540.18    15    15523.67    2    1
(advertise)    0    15542.98    26    15
(relay)    46    38    15588.79    15    15585.45    1    1
(relay)    20    20    15602.99    15    15602.05    4    1
(advertise)    0    15603.19    20    15
(relay)    4    29    15626.4    15    15618.22    1    1
(relay)    39    16    15631.4    15    15594.2    1    1
(relay)    4    22    15647.4    15    15638.6    3    1
(advertise)    0    15647.6    22    15
(relay)    21    21    15717.01    15    15716.07    6    1
(advertise)    0    15717.21    21    15
(relay)    39    23    15737.43    15    15726.58    2    1
(advertise)    0    15738.23    23    15
(relay)    46    5    15782.44    15    15780.37    3    1
(advertise)    0    15782.64    5    15
(relay)    46    25    15858.45    15    15822.53    1    1
(relay)    10    10    15877.45    15    15876.36    3    1
(advertise)    0    15877.65    10    15
(relay)    32    32    15885.07    15    15884.1    5    1
(advertise)    0    15898.67    32    15
(relay)    33    6    15900.28    15    15898.32    4    1
(relay)    7    7    15909.48    15    15909.42    3    2
(generate)    0    15912.28    [3]    15
(advertise)    0    15921.49    6    15
(advertise)    0    15944.71    7    15
(relay)    32    8    15981.12    15    15958.83    3    1
(advertise)    0    15981.32    8    15
(relay)    39    39    15997.33    15    15997.28    4    1
(advertise)    0    16003.13    39    15
(relay)    46    27    16014.54    15    15936.25    1    1
(relay)    4    4    16021.34    17    16020.84    5    1
(advertise)    0    16024.34    4    17
(relay)    4    48    16035.96    16    16034.52    4    1
(advertise)    0    16046.76    48    16
(relay)    7    34    16048.17    16    16031.27    2    1
(advertise)    0    16068.57    34    16
(relay)    4    41    16080.98    16    16058.19    1    1
(relay)    46    24    16082.18    15    15984.66    1    1
(relay)    32    36    16096.38    16    16076.58    2    1
(advertise)    0    16096.58    36    16
(relay)    33    33    16165.2    16    16164.17    4    1
(advertise)    0    16165.4    33    16
(relay)    18    18    16175.21    16    16175.03    4    1
(advertise)    0    16186.61    18    16
(relay)    46    19    16193.02    16    16105.91    2    1
(relay)    21    14    16207.62    16    16176.81    1    2
(relay)    45    17    16209.62    16    16184.23    2    3
(advertise)    0    16210.82    19    16
(advertise)    0    16233.24    17    16
(relay)    39    31    16275.05    16    16218.45    2    1
(advertise)    0    16275.25    31    16
(relay)    7    2    16290.46    16    16277.24    1    1
(relay)    4    15    16309.66    16    16307.74    2    1
(advertise)    0    16309.86    15    16
(relay)    21    30    16333.87    16    16299.5    1    1
(relay)    4    42    16335.27    16    16323.25    1    1
(relay)    39    37    16410.87    16    16406.31    2    1
(advertise)    0    16411.07    37    16
(relay)    11    11    16416.49    16    16415.5    4    1
(advertise)    0    16433.29    11    16
(relay)    46    46    16442.5    16    16442.44    4    1
(relay)    32    9    16452.3    16    16422.43    3    2
(advertise)    0    16454.7    46    16
(advertise)    0    16477.31    9    16
(relay)    32    45    16495.73    16    16478.08    4    1
(advertise)    0    16500.53    45    16
(relay)    32    44    16521.14    16    16494.59    2    1
(advertise)    0    16523.14    44    16
(relay)    46    26    16543.15    16    16523.79    3    1
(advertise)    0    16544.95    26    16
(relay)    39    38    16590.37    16    16585.51    1    1
(relay)    20    20    16603.17    16    16602.16    4    1
(advertise)    0    16603.37    20    16
(relay)    4    29    16626.18    16    16618.35    1    1
(relay)    46    16    16633.98    16    16594.38    1    1
(relay)    4    22    16648.58    16    16638.65    3    1
(advertise)    0    16648.78    22    16
(relay)    21    21    16716.19    16    16716.1    6    1
(advertise)    0    16716.39    21    16
(relay)    4    23    16740.2    16    16726.68    1    1
(heartbeat)    3    4    16746.24    0    16762.4    2    3
(advertise)    0    16762.6    3    4
(relay)    39    5    16784.42    16    16780.41    2    1
(advertise)    0    16784.62    5    16
(relay)    10    10    16877.43    16    16876.41    3    1
(advertise)    0    16877.63    10    16
(relay)    32    32    16885.24    16    16884.28    5    1
(advertise)    0    16900.64    32    16
(relay)    32    25    16906.46    16    16822.64    1    1
(relay)    7    7    16909.46    16    16909.44    3    1
(generate)    0    16912.46    [3]    16
(advertise)    0    16921.67    7    16
(relay)    21    6    16926.48    16    16899.25    4    1
(advertise)    0    16943.28    6    16
(relay)    32    8    16973.5    16    16958.87    3    1
(advertise)    0    16973.7    8    16
(relay)    39    39    16997.51    16    16997.36    4    1
(advertise)    0    16998.11    39    16
(relay)    4    4    17021.32    18    17020.86    5    1
(advertise)    0    17021.72    4    18
(relay)    39    48    17045.53    17    17034.53    4    1
(relay)    7    24    17045.93    16    16984.74    1    2
(advertise)    0    17046.13    48    17
(relay)    39    34    17066.95    17    17031.39    1    1
(relay)    4    41    17080.95    17    17058.37    3    1
(advertise)    0    17081.15    41    17
(relay)    32    36    17104.36    17    17076.61    3    1
(advertise)    0    17105.16    36    17
(relay)    33    33    17164.37    17    17164.33    4    1
(advertise)    0    17164.57    33    17
(relay)    18    18    17175.19    17    17175.17    4    1
(advertise)    0    17185.79    18    17
(relay)    46    14    17197.0    17    17176.91    2    1
(advertise)    0    17207.8    14    17
(relay)    4    17    17209.81    17    17184.25    3    1
(advertise)    0    17230.41    17    17
(relay)    46    2    17278.83    17    17277.36    1    1
(relay)    46    30    17304.23    17    17299.51    1    1
(relay)    4    15    17309.83    17    17307.85    2    1
(advertise)    0    17310.03    15    17
(relay)    10    42    17347.64    17    17323.44    1    1
(relay)    11    11    17416.64    17    17415.65    4    1
(advertise)    0    17416.84    11    17
(relay)    39    9    17437.25    17    17422.44    3    1
(advertise)    0    17439.25    9    17
(relay)    46    46    17442.66    17    17442.54    4    1
(advertise)    0    17461.26    46    17
(relay)    45    45    17478.88    17    17478.25    5    1
(advertise)    0    17483.68    45    17
(relay)    46    44    17517.49    17    17494.65    1    1
(relay)    46    26    17538.49    17    17523.91    3    1
(advertise)    0    17538.69    26    17
(relay)    39    38    17589.1    17    17585.56    1    1
(relay)    20    20    17603.3    17    17602.26    4    1
(advertise)    0    17603.5    20    17
(relay)    4    29    17625.92    17    17618.5    1    1
(relay)    21    16    17631.72    17    17594.46    1    1
(relay)    4    22    17649.52    17    17638.68    3    1
(advertise)    0    17649.72    22    17
(relay)    21    21    17716.33    17    17716.29    5    1
(advertise)    0    17716.53    21    17
(relay)    46    23    17740.74    17    17726.77    2    1
(advertise)    0    17741.34    23    17
(relay)    46    5    17782.76    17    17780.46    3    1
(advertise)    0    17782.96    5    17
(relay)    46    12    17815.17    17    17802.86    1    1
(relay)    21    25    17861.77    17    17822.71    1    1
(relay)    10    10    17877.37    17    17876.43    3    1
(advertise)    0    17877.57    10    17
(relay)    32    32    17884.58    17    17884.44    5    1
(advertise)    0    17898.98    32    17
(relay)    7    7    17909.59    17    17909.51    3    1
(generate)    0    17912.59    [3]    17
(advertise)    0    17921.01    7    17
(relay)    32    8    17961.42    17    17958.88    3    1
(advertise)    0    17961.62    8    17
(relay)    39    39    17997.43    17    17997.38    4    1
(advertise)    0    17997.63    39    17
(relay)    7    24    18019.85    17    17984.78    1    1
(relay)    4    4    18021.65    19    18021.0    5    1
(advertise)    0    18021.85    4    19
(relay)    4    48    18037.06    18    18034.71    4    1
(advertise)    0    18044.86    48    18
(relay)    4    34    18058.07    18    18031.51    1    1
(relay)    4    41    18080.67    18    18058.54    2    1
(advertise)    0    18080.87    41    18
(relay)    4    36    18103.89    18    18076.65    2    1
(advertise)    0    18104.89    36    18
(relay)    46    19    18149.3    18    18106.12    2    1
(advertise)    0    18149.5    19    18
(relay)    33    33    18164.51    18    18164.42    4    1
(advertise)    0    18172.31    33    18
(relay)    18    18    18175.32    18    18175.26    4    1
(relay)    46    14    18193.12    18    18176.99    1    2
(advertise)    0    18195.52    18    18
(relay)    45    17    18211.54    18    18184.25    2    1
(advertise)    0    18217.34    17    18
(relay)    21    31    18256.15    18    18218.53    1    1
(relay)    7    2    18280.95    18    18277.49    1    1
(relay)    10    30    18306.35    18    18299.69    1    1
(relay)    46    15    18310.15    18    18307.94    3    1
(advertise)    0    18310.35    15    18
(relay)    10    42    18332.16    18    18323.58    1    1
(relay)    32    37    18409.36    18    18406.41    1    1
(relay)    11    11    18416.76    18    18415.79    4    1
(advertise)    0    18416.96    11    18
(relay)    39    9    18437.58    18    18422.61    3    1
(advertise)    0    18440.18    9    18
(relay)    46    46    18442.79    18    18442.59    4    1
(advertise)    0    18461.79    46    18
(relay)    45    45    18479.0    18    18478.36    5    1
(advertise)    0    18483.0    45    18
(relay)    32    44    18521.02    18    18494.67    1    1
(relay)    46    26    18531.62    18    18523.97    2    1
(advertise)    0    18531.82    26    18
(relay)    46    38    18589.43    18    18585.62    1    1
(relay)    20    20    18603.43    18    18602.36    4    1
(advertise)    0    18603.63    20    18
(relay)    4    29    18625.64    18    18618.62    1    1
(relay)    4    22    18647.64    18    18638.76    3    1
(advertise)    0    18647.84    22    18
(relay)    21    21    18716.45    18    18716.45    5    1
(advertise)    0    18716.65    21    18
(relay)    46    23    18740.67    18    18726.8    2    1
(advertise)    0    18740.87    23    18
(relay)    46    5    18781.88    18    18780.52    3    1
(advertise)    0    18782.08    5    18
(relay)    46    12    18838.49    18    18802.92    1    1
(relay)    39    25    18873.29    18    18822.78    1    1
(relay)    10    10    18876.49    18    18876.46    3    1
(advertise)    0    18876.69    10    18
(relay)    32    32    18884.71    18    18884.61    5    1
(advertise)    0    18897.91    32    18
(relay)    7    7    18910.12    18    18909.55    3    1
(generate)    0    18912.72    [3]    18
(advertise)    0    18920.53    7    18
(relay)    32    8    18960.55    18    18959.07    3    1
(advertise)    0    18960.75    8    18
(relay)    39    39    18997.96    18    18997.41    4    1
(advertise)    0    18998.16    39    18
(relay)    4    4    19021.77    20    19021.15    5    1
(advertise)    0    19022.17    4    20
(relay)    4    48    19037.18    19    19034.9    4    1
(advertise)    0    19044.38    48    19
(relay)    46    34    19046.4    19    19031.6    2    1
(advertise)    0    19066.6    34    19
(relay)    46    41    19094.81    19    19058.67    3    1
(advertise)    0    19095.01    41    19
(relay)    46    36    19119.22    19    19076.66    3    1
(advertise)    0    19120.22    36    19
(relay)    39    19    19142.44    19    19106.3    1    1
(relay)    33    33    19164.64    19    19164.52    4    1
(advertise)    0    19164.84    33    19
(relay)    18    18    19175.85    19    19175.36    4    1
(advertise)    0    19186.65    18    19
(relay)    32    17    19188.66    19    19184.27    3    1
(advertise)    0    19207.66    17    19
(relay)    7    14    19209.68    19    19177.08    2    1
(advertise)    0    19230.08    14    19
(relay)    46    31    19274.69    19    19218.58    1    1
(relay)    39    15    19309.49    19    19308.02    2    1
(advertise)    0    19309.69    15    19
(relay)    10    42    19331.3    19    19323.7    1    1
(relay)    11    11    19416.1    19    19415.9    4    1
(advertise)    0    19416.3    11    19
(relay)    39    9    19437.51    19    19422.79    3    1
(advertise)    0    19438.51    9    19
(relay)    46    46    19442.73    19    19442.64    4    1
(advertise)    0    19461.33    46    19
(relay)    45    45    19479.54    19    19478.45    5    1
(advertise)    0    19482.74    45    19
(relay)    46    26    19540.35    19    19524.02    2    1
(advertise)    0    19540.55    26    19
(relay)    46    38    19589.37    19    19585.64    1    1
(relay)    20    20    19602.57    19    19602.47    4    1
(advertise)    0    19602.77    20    19
(relay)    4    29    19625.78    19    19618.68    1    1
(relay)    4    22    19647.18    19    19638.84    3    1
(advertise)    0    19647.38    22    19
(relay)    21    21    19717.19    19    19716.6    5    1
(advertise)    0    19717.39    21    19
(relay)    39    23    19742.21    19    19726.9    2    1
(advertise)    0    19742.61    23    19
(relay)    46    5    19781.02    19    19780.58    3    1
(advertise)    0    19781.22    5    19
(relay)    10    10    19876.83    19    19876.65    3    1
(advertise)    0    19877.03    10    19
(relay)    32    32    19884.84    19    19884.78    5    1
(advertise)    0    19900.24    32    19
(relay)    7    7    19910.26    19    19909.72    3    1
(generate)    0    19912.86    [3]    19
(advertise)    0    19923.07    7    19
(relay)    32    8    19959.48    19    19959.08    3    1
(advertise)    0    19959.68    8    19
(relay)    7    27    19982.3    19    19936.45    1    1
(relay)    39    39    19997.9    19    19997.42    4    1
(advertise)    0    19998.1    39    19
(relay)    4    4    20022.31    21    20021.33    5    1
(advertise)    0    20022.71    4    21
(relay)    46    24    20031.52    19    19984.93    1    1
(relay)    4    48    20037.32    20    20035.08    4    1
(advertise)    0    20044.52    48    20
(relay)    7    34    20047.74    20    20031.74    2    1
(advertise)    0    20066.34    34    20
(relay)    32    41    20087.55    20    20058.79    2    1
(advertise)    0    20088.75    41    20
(relay)    4    36    20110.16    20    20076.68    3    1
(advertise)    0    20113.96    36    20
(relay)    4    19    20131.37    20    20106.3    1    1
(relay)    33    33    20164.77    20    20164.64    4    1
(advertise)    0    20164.97    33    20
(relay)    18    18    20175.99    20    20175.48    4    1
(advertise)    0    20186.19    18    20
(relay)    32    17    20188.4    20    20184.28    3    1
(advertise)    0    20208.2    17    20
(relay)    11    14    20209.81    20    20177.15    1    1
(relay)    10    15    20311.41    20    20308.74    1    1
(relay)    21    30    20331.41    20    20300.05    1    1
(relay)    4    42    20352.41    20    20323.84    1    1
(relay)    39    37    20407.81    20    20406.49    2    1
(advertise)    0    20408.01    37    20
(relay)    11    11    20416.23    20    20416.05    4    1
(advertise)    0    20429.03    11    20
(relay)    4    9    20438.84    20    20422.98    3    1
(relay)    46    46    20443.24    20    20442.68    4    2
(advertise)    0    20452.64    9    20
(advertise)    0    20474.45    46    20
(relay)    45    45    20479.47    20    20478.55    5    1
(advertise)    0    20497.07    45    20
(relay)    4    44    20521.08    20    20494.74    2    1
(advertise)    0    20522.48    44    20
(relay)    10    26    20547.29    20    20524.12    1    1
(relay)    20    20    20602.69    20    20602.61    4    1
(advertise)    0    20602.89    20    20
(relay)    46    16    20624.7    20    20594.87    1    1
(relay)    32    29    20627.1    20    20618.83    1    1
(relay)    4    22    20640.7    20    20638.9    3    1
(advertise)    0    20640.9    22    20
(relay)    21    21    20717.12    20    20716.63    5    1
(advertise)    0    20717.32    21    20
(relay)    46    23    20740.33    20    20726.96    1    1
(heartbeat)    3    5    20746.25    0    20761.73    2    3
(advertise)    0    20761.93    3    5
(relay)    46    5    20782.94    20    20780.62    3    1
(advertise)    0    20784.14    5    20
(relay)    39    12    20838.36    20    20803.19    1    1
(relay)    46    25    20865.56    20    20822.97    1    1
(relay)    10    10    20876.76    20    20876.7    3    1
(advertise)    0    20876.96    10    20
(relay)    32    32    20884.97    20    20884.95    5    1
(advertise)    0    20898.97    32    20
(relay)    7    7    20910.38    20    20909.73    3    1
(generate)    0    20912.98    [3]    20
(advertise)    0    20920.4    7    20
(relay)    33    6    20922.21    20    20900.55    4    1
(advertise)    0    20942.61    6    20
(relay)    32    8    20980.62    20    20959.11    3    1
(advertise)    0    20980.82    8    20
(relay)    39    39    20998.03    20    20997.46    4    1
(advertise)    0    21004.23    39    20
(relay)    4    4    21022.45    22    21021.52    5    1
(advertise)    0    21025.25    4    22
(relay)    39    48    21045.06    21    21035.09    4    1
(advertise)    0    21046.86    48    21
(relay)    39    27    21068.27    20    20936.49    1    1
(relay)    4    41    21094.67    21    21058.96    3    1
(advertise)    0    21094.87    41    21
(relay)    32    36    21118.29    21    21076.72    2    1
(advertise)    0    21118.49    36    21
(relay)    32    19    21138.5    21    21106.32    1    1
(relay)    33    33    21165.3    21    21164.78    4    1
(advertise)    0    21165.5    33    21
(relay)    18    18    21176.31    21    21175.62    4    1
(advertise)    0    21187.11    18    21
(relay)    32    17    21191.53    21    21184.29    3    1
(relay)    10    14    21210.13    21    21177.26    2    2
(advertise)    0    21210.73    17    21
(advertise)    0    21231.94    14    21
(relay)    39    2    21288.55    21    21277.91    1    1
(relay)    46    15    21309.15    21    21308.85    3    1
(advertise)    0    21309.35    15    21
(relay)    10    30    21310.56    21    21300.23    1    1
(relay)    46    42    21330.56    21    21323.99    1    1
(relay)    32    37    21408.56    21    21406.54    1    1
(relay)    11    11    21416.36    21    21416.2    4    1
(advertise)    0    21416.56    11    21
(relay)    46    46    21443.38    21    21442.76    4    1
(advertise)    0    21443.58    46    21
(relay)    45    45    21479.59    21    21478.67    5    1
(advertise)    0    21479.79    45    21
(relay)    4    44    21503.2    21    21494.76    1    1
(relay)    45    26    21529.0    21    21524.16    1    1
(relay)    21    38    21587.2    21    21585.75    1    1
(relay)    20    20    21602.8    21    21602.7    4    1
(advertise)    0    21603.0    20    21
(relay)    32    29    21626.22    21    21618.97    1    1
(relay)    21    16    21631.42    21    21595.06    1    1
(relay)    32    22    21649.02    21    21638.99    3    1
(advertise)    0    21649.22    22    21
(relay)    21    21    21717.43    21    21716.82    4    1
(advertise)    0    21717.63    21    21
(relay)    4    23    21743.04    21    21727.04    1    1
(relay)    46    5    21781.24    21    21780.81    3    1
(advertise)    0    21781.44    5    21
(relay)    46    25    21866.06    21    21823.05    1    1
(relay)    10    10    21877.46    21    21876.89    3    1
(advertise)    0    21877.66    10    21
(relay)    32    32    21885.67    21    21885.11    5    1
(advertise)    0    21900.47    32    21
(relay)    45    6    21909.08    21    21900.61    4    1
(relay)    7    7    21910.88    21    21909.9    3    2
(generate)    0    21913.08    [3]    21
(advertise)    0    21922.69    6    21
(advertise)    0    21945.71    7    21
(relay)    7    8    21979.92    21    21959.27    2    1
(advertise)    0    21980.12    8    21
(relay)    39    39    21998.53    21    21997.47    4    1
(advertise)    0    22002.53    39    21
(relay)    4    4    22022.75    23    22021.68    5    1
(advertise)    0    22024.35    4    23
(relay)    7    24    22026.16    21    21985.0    1    1
(relay)    4    48    22035.76    22    22035.11    4    1
(relay)    39    34    22044.16    22    22031.94    2    2
(advertise)    0    22046.16    48    22
(advertise)    0    22068.97    34    22
(relay)    32    41    22071.39    22    22059.11    3    1
(advertise)    0    22089.99    41    22
(relay)    32    36    22095.8    22    22076.92    2    1
(advertise)    0    22111.4    36    22
(relay)    46    19    22156.81    22    22106.48    2    1
(advertise)    0    22157.01    19    22
(relay)    33    33    22165.42    22    22164.88    4    1
(relay)    18    18    22176.22    22    22175.72    4    2
(advertise)    0    22180.22    33    22
(relay)    46    17    22201.04    22    22184.46    3    2
(advertise)    0    22201.24    18    22
(relay)    21    14    22211.05    22    22177.27    1    2
(advertise)    0    22222.25    17    22
(relay)    46    31    22295.26    22    22219.08    1    1
(relay)    21    15    22314.66    22    22308.94    1    1
(relay)    32    42    22333.86    22    22324.12    1    1
(relay)    7    2    22362.06    22    22277.92    1    1
(relay)    21    30    22383.06    22    22300.43    1    1
(relay)    4    37    22408.06    22    22406.56    2    1
(advertise)    0    22408.26    37    22
(relay)    11    11    22416.48    22    22416.33    4    1
(advertise)    0    22430.08    11    22
(relay)    46    46    22443.29    22    22442.81    4    1
(advertise)    0    22452.09    46    22
(relay)    45    45    22478.9    22    22478.8    5    1
(advertise)    0    22479.1    45    22
(relay)    46    44    22520.32    22    22494.78    2    1
(advertise)    0    22520.52    44    22
(relay)    46    26    22544.13    22    22524.26    2    1
(advertise)    0    22545.53    26    22
(relay)    46    38    22587.14    22    22585.79    1    1
(relay)    20    20    22603.34    22    22602.81    4    1
(advertise)    0    22603.54    20    22
(relay)    4    29    22628.15    22    22619.09    1    1
(relay)    21    16    22633.15    22    22595.23    1    1
(relay)    4    22    22650.15    22    22639.03    3    1
(advertise)    0    22650.35    22    22
(relay)    21    21    22717.77    22    22716.83    4    1
(advertise)    0    22717.97    21    22
(relay)    39    23    22742.38    22    22727.05    1    1
(relay)    46    5    22782.18    22    22780.87    3    1
(advertise)    0    22782.38    5    22
(relay)    10    12    22808.59    22    22803.36    1    1
(relay)    10    10    22877.59    22    22876.94    3    1
(advertise)    0    22877.79    10    22
(relay)    32    32    22885.61    22    22885.11    5    1
(advertise)    0    22900.41    32    22
(relay)    7    7    22911.22    22    22910.18    3    1
(generate)    0    22913.22    [3]    22
(advertise)    0    22922.63    7    22
(relay)    32    8    22961.25    22    22959.41    3    1
(advertise)    0    22961.45    8    22
(relay)    46    27    22989.26    22    22936.58    1    1
(relay)    39    39    22998.46    22    22997.55    4    1
(advertise)    0    22998.66    39    22
(relay)    4    4    23021.87    24    23021.87    5    1
(advertise)    0    23022.27    4    24
(relay)    4    48    23035.68    23    23035.29    4    1
(advertise)    0    23044.48    48    23
(relay)    10    24    23055.3    22    22985.09    1    1
(relay)    46    34    23057.5    23    23032.06    2    1
(advertise)    0    23066.5    34    23
(relay)    4    36    23085.71    23    23076.94    2    1
(advertise)    0    23090.31    36    23
(relay)    4    41    23106.92    23    23059.26    2    1
(advertise)    0    23112.12    41    23
(relay)    33    33    23165.54    23    23164.98    4    1
(advertise)    0    23165.74    33    23
(relay)    18    18    23176.75    23    23175.82    4    1
(advertise)    0    23186.75    18    23
(relay)    32    17    23189.36    23    23184.63    3    1
(relay)    46    14    23190.56    23    23177.34    2    2
(advertise)    0    23209.36    17    23
(advertise)    0    23230.58    14    23
(relay)    7    31    23271.59    23    23219.1    1    1
(relay)    7    2    23296.39    23    23278.07    1    1
(relay)    6    15    23309.99    23    23309.02    1    1
(relay)    39    30    23321.79    23    23300.6    1    1
(relay)    46    42    23334.39    23    23324.31    1    1
(relay)    32    37    23408.79    23    23406.57    2    1
(advertise)    0    23408.99    37    23
(relay)    11    11    23417.0    23    23416.45    4    1
(advertise)    0    23432.4    11    23
(relay)    4    9    23439.21    23    23423.39    3    1
(relay)    46    46    23443.81    23    23442.86    4    2
(advertise)    0    23454.01    9    23
(advertise)    0    23477.43    46    23
(relay)    45    45    23479.04    23    23478.87    5    1
(advertise)    0    23499.44    45    23
(relay)    46    44    23521.25    23    23494.8    2    1
(advertise)    0    23521.85    44    23
(relay)    46    26    23543.87    23    23524.32    3    1
(advertise)    0    23544.27    26    23
(relay)    20    20    23603.48    23    23602.92    4    1
(advertise)    0    23603.68    20    23
(relay)    46    29    23631.09    23    23619.22    2    1
(advertise)    0    23631.29    29    23
(relay)    32    22    23648.91    23    23639.06    3    1
(advertise)    0    23652.31    22    23
(relay)    21    21    23718.12    23    23717.02    4    1
(advertise)    0    23718.32    21    23
(relay)    46    23    23743.13    23    23727.09    2    1
(advertise)    0    23744.13    23    23
(relay)    46    5    23782.14    23    23780.87    3    1
(advertise)    0    23782.34    5    23
(relay)    21    12    23838.36    23    23803.66    1    1
(relay)    10    10    23877.56    23    23876.98    3    1
(advertise)    0    23877.76    10    23
(relay)    32    32    23885.77    23    23885.29    5    1
(advertise)    0    23900.37    32    23
(relay)    6    6    23902.58    23    23901.56    5    1
(relay)    7    7    23911.18    23    23910.22    3    2
(generate)    0    23913.38    [3]    23
(advertise)    0    23921.4    6    23
(advertise)    0    23943.61    7    23
(relay)    32    8    23961.02    23    23959.42    3    1
(advertise)    0    23965.42    8    23
(relay)    39    39    23998.64    23    23997.56    4    1
(advertise)    0    23998.84    39    23
(relay)    39    27    24014.05    23    23936.64    1    1
(relay)    4    4    24022.05    25    24022.02    5    1
(advertise)    0    24022.25    4    25
(relay)    4    48    24036.66    24    24035.29    4    1
(advertise)    0    24043.26    48    24
(relay)    46    34    24056.87    24    24032.15    2    1
(advertise)    0    24065.27    34    24
(relay)    4    41    24091.89    24    24059.45    2    1
(advertise)    0    24092.29    41    24
(relay)    32    36    24113.1    24    24076.96    3    1
(advertise)    0    24115.1    36    24
(relay)    33    33    24166.11    24    24165.1    4    1
(advertise)    0    24166.31    33    24
(relay)    18    18    24176.93    24    24175.94    4    1
(relay)    32    17    24188.13    24    24184.63    3    2
(advertise)    0    24188.33    18    24
(advertise)    0    24210.54    17    24
(relay)    39    14    24214.55    24    24177.44    2    1
(advertise)    0    24232.75    14    24
(relay)    46    31    24296.97    24    24219.16    1    1
(relay)    32    15    24310.97    24    24309.14    2    1
(advertise)    0    24311.17    15    24
(relay)    32    42    24333.18    24    24324.41    1    1
(relay)    11    11    24417.18    24    24416.62    4    1
(advertise)    0    24417.38    11    24
(relay)    39    9    24440.39    24    24423.41    3    1
(advertise)    0    24440.99    9    24
(relay)    46    46    24444.0    24    24442.88    4    1
(advertise)    0    24463.6    46    24
(relay)    45    45    24479.02    24    24479.01    5    1
(advertise)    0    24485.82    45    24
(relay)    45    44    24524.63    24    24495.0    1    1
(relay)    4    26    24546.43    24    24524.41    1    1
(relay)    20    20    24603.63    24    24603.02    4    1
(advertise)    0    24603.83    20    24
(relay)    4    29    24628.04    24    24619.37    1    1
(relay)    39    22    24639.84    24    24639.16    3    1
(advertise)    0    24640.04    22    24
(relay)    21    21    24718.26    24    24717.21    4    1
(advertise)    0    24718.46    21    24
(relay)    46    23    24727.87    24    24727.2    2    1
(advertise)    0    24739.47    23    24
(heartbeat)    3    6    24746.27    0    24750.68    2    3
(advertise)    0    24761.08    3    6
(relay)    46    5    24782.1    24    24780.95    3    1
(advertise)    0    24783.3    5    24
(relay)    46    25    24872.11    24    24823.38    1    1
(relay)    10    10    24877.51    24    24877.04    3    1
(advertise)    0    24877.71    10    24
(relay)    32    32    24886.52    24    24885.48    5    1
(advertise)    0    24901.32    32    24
(relay)    6    6    24903.93    24    24902.9    5    1
(relay)    7    7    24910.33    24    24910.25    3    2
(generate)    0    24913.53    [3]    24
(advertise)    0    24922.95    6    24
(advertise)    0    24944.16    7    24
(relay)    32    8    24985.37    24    24959.45    3    1
(advertise)    0    24985.57    8    24
(relay)    39    39    24998.59    24    24997.61    4    1
(advertise)    0    25007.79    39    24
(relay)    4    4    25022.2    26    25022.02    5    1
(advertise)    0    25029.4    4    26
(relay)    32    48    25051.81    25    25035.29    4    1
(advertise)    0    25052.01    48    25
(relay)    32    41    25092.63    25    25059.57    3    1
(advertise)    0    25092.83    41    25
(relay)    32    36    25113.64    25    25077.16    3    1
(advertise)    0    25114.24    36    25
(relay)    33    33    25166.25    25    25165.23    4    1
(advertise)    0    25166.45    33    25
(relay)    18    18    25177.06    25    25176.07    4    1
(advertise)    0    25189.26    18    25
(relay)    46    14    25190.48    25    25177.73    2    1
(relay)    32    17    25193.68    25    25184.82    3    2
(advertise)    0    25210.88    14    25
(advertise)    0    25232.09    17    25
(relay)    46    15    25310.7    25    25309.28    3    1
(advertise)    0    25310.9    15    25
(relay)    21    31    25318.52    25    25219.2    1    1
(relay)    21    2    25341.32    25    25278.38    1    1
(relay)    46    42    25355.32    25    25324.55    1    1
(relay)    46    37    25409.52    25    25406.62    2    1
(advertise)    0    25409.72    37    25
(relay)    11    11    25417.33    25    25416.78    4    1
(advertise)    0    25432.53    11    25
(relay)    46    46    25443.94    25    25442.94    4    1
(relay)    4    9    25452.74    25    25423.42    3    2
(advertise)    0    25453.74    46    25
(advertise)    0    25474.76    9    25
(relay)    45    45    25479.77    25    25479.16    5    1
(advertise)    0    25495.77    45    25
(relay)    46    44    25519.38    25    25495.05    1    1
(relay)    32    26    25540.58    25    25524.46    2    1
(advertise)    0    25540.78    26    25
(relay)    46    38    25589.39    25    25585.95    1    1
(relay)    20    20    25604.19    25    25603.14    4    1
(advertise)    0    25604.39    20    25
(relay)    10    29    25632.01    25    25619.53    2    1
(advertise)    0    25632.41    29    25
(relay)    46    16    25635.82    25    25595.69    1    1
(relay)    4    22    25650.02    25    25639.28    3    1
(advertise)    0    25654.22    22    25
(relay)    21    21    25718.23    25    25717.21    4    1
(advertise)    0    25718.43    21    25
(relay)    39    23    25739.05    25    25727.25    2    1
(advertise)    0    25741.45    23    25
(relay)    46    5    25783.26    25    25781.04    3    1
(advertise)    0    25783.46    5    25
(relay)    46    25    25858.47    25    25823.5    1    1
(relay)    10    10    25878.07    25    25877.04    3    1
(advertise)    0    25878.27    10    25
(relay)    32    32    25886.69    25    25885.66    5    1
(advertise)    0    25901.09    32    25
(relay)    7    7    25910.3    25    25910.27    3    1
(generate)    0    25913.7    [3]    25
(advertise)    0    25924.11    7    25
(relay)    32    8    25962.92    25    25959.62    3    1
(advertise)    0    25963.12    8    25
(relay)    46    24    25989.14    25    25985.31    1    1
(relay)    39    39    25997.74    25    25997.62    4    1
(advertise)    0    25997.94    39    25
(relay)    4    4    26022.75    27    26022.19    5    1
(advertise)    0    26022.95    4    27
(relay)    4    48    26037.16    26    26035.88    4    1
(advertise)    0    26045.16    48    26
(relay)    39    34    26046.38    26    26032.42    2    1
(advertise)    0    26066.38    34    26
(relay)    32    41    26078.19    26    26059.7    3    1
(advertise)    0    26088.79    41    26
(relay)    32    36    26104.0    26    26077.18    2    1
(advertise)    0    26112.8    36    26
(relay)    10    19    26132.22    26    26106.76    1    1
(relay)    33    33    26166.42    26    26165.34    4    1
(advertise)    0    26166.62    33    26
(relay)    18    18    26176.23    26    26176.19    4    1
(advertise)    0    26190.03    18    26
(relay)    11    14    26208.84    26    26177.82    1    1
(relay)    4    17    26211.84    26    26184.82    3    1
(advertise)    0    26212.04    17    26
(relay)    21    31    26255.25    26    26219.26    1    1
(relay)    46    15    26310.65    26    26309.32    3    1
(advertise)    0    26310.85    15    26
(relay)    46    42    26333.47    26    26324.68    1    1
(relay)    6    37    26411.67    26    26406.67    1    1
(relay)    11    11    26417.87    26    26416.89    4    1
(advertise)    0    26418.07    11    26
(relay)    46    46    26443.08    26    26443.02    4    1
(advertise)    0    26443.48    46    26
(relay)    10    9    26453.49    26    26423.61    2    1
(advertise)    0    26465.49    9    26
(relay)    45    45    26480.91    26    26480.28    5    1
(advertise)    0    26487.31    45    26
(relay)    4    44    26523.72    26    26495.08    1    1
(relay)    46    26    26540.12    26    26524.53    3    1
(advertise)    0    26540.32    26    26
(relay)    46    38    26589.73    26    26586.02    1    1
(relay)    20    20    26604.33    26    26603.27    4    1
(advertise)    0    26604.53    20    26
(relay)    32    29    26627.15    26    26619.58    1    1
(relay)    21    16    26635.95    26    26595.8    1    1
(relay)    4    22    26639.75    26    26639.31    3    1
(advertise)    0    26639.95    22    26
(relay)    21    21    26717.56    26    26717.39    4    1
(advertise)    0    26717.76    21    26
(relay)    39    23    26743.17    26    26727.42    1    1
(relay)    46    5    26783.37    26    26781.05    3    1
(advertise)    0    26783.57    5    26
(relay)    46    25    26865.78    26    26823.55    1    1
(relay)    10    10    26877.98    26    26877.07    3    1
(advertise)    0    26878.18    10    26
(relay)    32    32    26886.8    26    26885.8    5    1
(advertise)    0    26900.2    32    26
(relay)    6    6    26903.41    26    26903.15    5    1
(relay)    7    7    26910.41    26    26910.28    3    2
(generate)    0    26913.81    [3]    26
(advertise)    0    26922.02    6    26
(advertise)    0    26944.44    7    26
(relay)    32    8    26980.05    26    26959.79    3    1
(advertise)    0    26980.45    8    26
(relay)    39    39    26997.86    26    26997.66    4    1
(advertise)    0    27002.26    39    26
(relay)    4    4    27022.88    28    27022.35    5    1
(advertise)    0    27023.68    4    28
(relay)    4    48    27037.69    27    27036.07    4    1
(advertise)    0    27045.09    48    27
(relay)    21    34    27053.7    27    27032.54    2    1
(advertise)    0    27066.5    34    27
(relay)    4    41    27080.71    27    27059.78    2    1
(advertise)    0    27088.51    41    27
(relay)    10    24    27098.33    26    26985.39    1    1
(relay)    4    36    27104.33    27    27077.2    3    1
(relay)    46    27    27107.53    26    26936.83    1    2
(advertise)    0    27111.93    36    27
(relay)    33    33    27165.54    27    27165.46    4    1
(advertise)    0    27165.74    33    27
(relay)    18    18    27176.35    27    27176.32    4    1
(advertise)    0    27188.75    18    27
(relay)    46    14    27193.97    27    27177.88    2    1
(advertise)    0    27210.77    14    27
(relay)    46    17    27218.98    27    27185.01    3    1
(relay)    32    19    27232.78    27    27106.91    1    2
(advertise)    0    27232.98    17    27
(relay)    46    2    27288.99    27    27278.67    1    1
(relay)    7    30    27306.59    27    27301.11    1    1
(relay)    6    15    27313.19    27    27309.39    1    1
(relay)    32    42    27334.19    27    27324.83    1    1
(relay)    46    37    27410.19    27    27406.68    2    1
(advertise)    0    27410.39    37    27
(relay)    11    11    27418.01    27    27417.04    4    1
(advertise)    0    27432.01    11    27
(relay)    46    46    27443.22    27    27443.09    4    1
(relay)    7    9    27452.82    27    27423.8    1    2
(advertise)    0    27454.42    46    27
(relay)    45    45    27481.03    27    27480.39    5    1
(advertise)    0    27481.43    45    27
(relay)    7    44    27523.24    27    27495.11    1    1
(relay)    45    26    27526.04    27    27524.61    1    1
(relay)    20    20    27604.44    27    27603.37    4    1
(advertise)    0    27604.64    20    27
(relay)    4    29    27627.46    27    27619.7    1    1
(relay)    21    16    27632.66    27    27595.97    1    1
(relay)    4    22    27650.26    27    27639.36    3    1
(advertise)    0    27650.46    22    27
(relay)    21    21    27717.47    27    27717.4    4    1
(advertise)    0    27717.67    21    27
(relay)    32    23    27728.68    27    27727.5    2    1
(advertise)    0    27738.88    23    27
(relay)    46    5    27783.3    27    27781.05    3    1
(advertise)    0    27783.5    5    27
(relay)    46    12    27814.51    27    27803.96    1    1
(relay)    10    10    27878.11    27    27877.14    3    1
(advertise)    0    27878.31    10    27
(relay)    32    32    27886.12    27    27885.99    5    1
(advertise)    0    27899.92    32    27
(relay)    6    6    27903.34    27    27903.26    5    1
(relay)    7    7    27910.94    27    27910.36    3    2
(generate)    0    27913.94    [3]    27
(advertise)    0    27921.95    6    27
(advertise)    0    27946.36    7    27
(relay)    7    8    27971.77    27    27959.96    1    1
(relay)    39    39    27997.77    27    27997.75    4    1
(advertise)    0    27997.97    39    27
(relay)    4    4    28023.19    29    28022.54    5    1
(advertise)    0    28023.39    4    29
(relay)    4    48    28038.6    28    28036.26    4    1
(relay)    39    34    28045.8    28    28032.67    2    2
(advertise)    0    28046.0    48    28
(relay)    10    24    28056.41    27    27985.5    1    2
(advertise)    0    28068.81    34    28
(relay)    32    41    28076.43    28    28059.87    3    1
(relay)    46    27    28079.83    27    27936.89    1    2
(advertise)    0    28090.43    41    28
(relay)    32    36    28100.64    28    28077.21    3    1
(advertise)    0    28111.84    36    28
(relay)    32    19    28128.45    28    28107.04    1    1
(relay)    33    33    28165.65    28    28165.55    4    1
(advertise)    0    28165.85    33    28
(relay)    18    18    28176.47    28    28176.4    4    1
(advertise)    0    28188.47    18    28
(relay)    32    17    28190.28    28    28185.2    3    1
(relay)    10    14    28209.28    28    28177.97    2    2
(advertise)    0    28209.48    17    28
(advertise)    0    28232.69    14    28
(relay)    46    15    28311.7    28    28309.47    3    1
(advertise)    0    28311.9    15    28
(relay)    39    31    28332.12    28    28219.39    1    1
(relay)    32    42    28333.12    28    28325.96    1    1
(relay)    21    2    28356.12    28    28278.81    1    1
(relay)    21    30    28409.72    28    28301.28    1    1
(relay)    10    37    28410.72    28    28406.68    1    1
(relay)    11    11    28418.12    28    28417.16    4    1
(advertise)    0    28418.32    11    28
(relay)    4    9    28440.13    28    28423.82    3    1
(advertise)    0    28440.33    9    28
(relay)    46    46    28443.34    28    28443.17    4    1
(advertise)    0    28462.34    46    28
(relay)    45    45    28481.16    28    28480.52    5    1
(advertise)    0    28483.76    45    28
(relay)    46    26    28539.97    28    28524.69    2    1
(advertise)    0    28540.17    26    28
(relay)    21    38    28588.98    28    28586.14    1    1
(relay)    20    20    28603.58    28    28603.47    4    1
(advertise)    0    28603.78    20    28
(relay)    4    29    28626.0    28    28619.81    1    1
(relay)    39    16    28631.4    28    28596.11    1    1
(relay)    32    22    28640.6    28    28639.42    3    1
(advertise)    0    28640.8    22    28
(relay)    21    21    28717.61    28    28717.42    4    1
(advertise)    0    28717.81    21    28
(relay)    7    23    28743.22    28    28727.54    1    1
(heartbeat)    3    7    28746.28    0    28766.82    2    3
(advertise)    0    28767.02    3    7
(relay)    7    5    28786.83    28    28781.1    2    1
(advertise)    0    28788.83    5    28
(relay)    46    12    28835.65    28    28804.01    1    1
(relay)    10    10    28877.25    28    28877.21    3    1
(advertise)    0    28877.45    10    28
(relay)    32    32    28886.26    28    28886.14    5    1
(advertise)    0    28900.86    32    28
(relay)    6    6    28903.87    28    28903.36    5    1
(relay)    7    7    28910.87    28    28910.41    3    2
(generate)    0    28914.07    [3]    28
(advertise)    0    28922.89    6    28
(advertise)    0    28944.7    7    28
(relay)    32    8    28975.71    28    28959.99    3    1
(advertise)    0    28975.91    8    28
(relay)    39    39    28998.33    28    28997.8    4    1
(advertise)    0    28998.53    39    28
(relay)    21    27    29010.34    28    28936.94    1    1
(relay)    4    4    29023.74    30    29022.72    5    1
(advertise)    0    29023.94    4    30
(relay)    4    48    29039.75    29    29037.08    4    1
(advertise)    0    29046.15    48    29
(relay)    46    24    29077.96    28    28985.61    1    1
(relay)    32    41    29092.76    29    29060.01    3    1
(advertise)    0    29092.96    41    29
(relay)    7    34    29107.38    29    29032.87    1    1
(relay)    33    33    29165.78    29    29165.66    4    1
(advertise)    0    29165.98    33    29
(relay)    18    18    29176.99    29    29176.5    4    1
(relay)    32    17    29186.59    29    29185.21    3    2
(advertise)    0    29187.79    18    29
(relay)    39    14    29209.6    29    29178.05    2    2
(advertise)    0    29209.8    17    29
(relay)    32    36    29231.22    29    29077.25    2    2
(advertise)    0    29232.82    14    29
(advertise)    0    29254.83    36    29
(relay)    10    19    29259.44    29    29107.2    1    1
(relay)    46    15    29311.84    29    29309.6    3    1
(advertise)    0    29312.04    15    29
(relay)    46    42    29335.66    29    29326.14    1    1
(relay)    46    30    29386.66    29    29301.29    1    1
(relay)    32    37    29409.66    29    29406.73    1    1
(relay)    11    11    29417.46    29    29417.29    4    1
(advertise)    0    29417.66    11    29
(relay)    39    9    29439.27    29    29423.82    3    1
(advertise)    0    29440.27    9    29
(relay)    46    46    29443.68    29    29443.22    4    1
(advertise)    0    29461.88    46    29
(relay)    45    45    29481.69    29    29480.62    5    1
(advertise)    0    29483.69    45    29
(relay)    46    44    29518.71    29    29495.17    2    1
(advertise)    0    29518.91    44    29
(relay)    46    26    29542.12    29    29524.77    3    1
(advertise)    0    29542.52    26    29
(relay)    46    38    29589.93    29    29586.21    1    1
(relay)    20    20    29603.73    29    29603.59    4    1
(advertise)    0    29603.93    20    29
(relay)    32    29    29627.55    29    29619.97    1    1
(relay)    39    16    29632.55    29    29596.28    1    1
(relay)    4    22    29650.15    29    29639.52    3    1
(advertise)    0    29650.35    22    29
(relay)    21    21    29717.96    29    29717.43    4    1
(advertise)    0    29718.16    21    29
(relay)    32    23    29742.97    29    29727.59    2    1
(advertise)    0    29743.57    23    29
(relay)    46    5    29781.39    29    29781.17    3    1
(advertise)    0    29781.59    5    29
(relay)    46    12    29837.6    29    29804.05    1    1
(relay)    10    10    29877.4    29    29877.25    3    1
(advertise)    0    29877.6    10    29
(relay)    32    32    29886.41    29    29886.3    5    1
(advertise)    0    29898.81    32    29
(relay)    6    6    29904.02    29    29903.49    5    1
(relay)    7    7    29911.02    29    29910.45    3    2
(generate)    0    29914.22    [3]    29
(advertise)    0    29922.24    6    29
(advertise)    0    29944.85    7    29
(relay)    32    8    29977.26    29    29959.99    3    1
(advertise)    0    29977.46    8    29
(relay)    39    39    29998.48    29    29997.86    4    1
(advertise)    0    29999.68    39    29
