(relay)    43    4    27.8    1    19    124    1
(advertise)    1    31.4    4    1
(relay)    43    4    1020.01    2    1019.01    124    1
(advertise)    1    1020.21    4    2
(relay)    43    48    1041.83    1    1033.03    124    1
(advertise)    1    1042.43    48    1
(relay)    16    34    1064.44    1    1029.03    125    1
(advertise)    1    1064.84    34    1
(relay)    25    41    1087.25    1    1055.04    122    1
(advertise)    1    1089.05    41    1
(relay)    43    36    1110.47    1    1075.05    123    1
(advertise)    1    1111.27    36    1
(relay)    43    19    1132.48    1    1103.07    125    1
(advertise)    1    1135.08    19    1
(generate)    1    1152.09    [3]    1
(relay)    43    14    1178.5    1    1175.1    125    1
(advertise)    1    1178.7    14    1
(relay)    43    33    1200.52    1    1162.1    123    1
(advertise)    1    1201.12    33    1
(relay)    43    17    1224.33    1    1183.12    124    1
(advertise)    1    1224.53    17    1
(relay)    43    18    1245.74    1    1173.1    123    1
(advertise)    1    1246.54    18    1
(relay)    2    31    1250.56    1    1217.13    125    1
(advertise)    1    1268.56    31    1
(relay)    2    2    1275.37    1    1275.17    127    1
(advertise)    1    1290.17    2    1
(relay)    2    30    1297.98    1    1297.18    126    1
(advertise)    1    1312.78    30    1
(relay)    43    15    1332.8    1    1305.17    125    1
(advertise)    1    1334.4    15    1
(relay)    43    42    1354.61    1    1320.2    126    1
(advertise)    1    1355.81    42    1
(relay)    13    13    1397.62    1    1397.02    127    1
(advertise)    1    1397.82    13    1
(relay)    43    37    1424.43    1    1405.03    124    1
(advertise)    1    1424.63    37    1
(relay)    43    9    1446.65    1    1420.03    124    1
(advertise)    1    1447.05    9    1
(relay)    43    11    1468.46    1    1413.03    122    1
(advertise)    1    1469.26    11    1
(relay)    43    46    1492.47    1    1441.05    124    1
(advertise)    1    1493.07    46    1
(relay)    43    44    1516.29    1    1493.09    124    1
(advertise)    1    1516.89    44    1
(relay)    2    45    1539.1    1    1476.07    123    1
(relay)    16    26    1539.3    1    1522.1    123    2
(advertise)    1    1539.7    45    1
(advertise)    1    1562.11    26    1
(relay)    43    38    1585.13    1    1584.13    125    1
(advertise)    1    1585.53    38    1
(relay)    16    16    1592.74    1    1592.14    127    1
(advertise)    1    1607.34    16    1
(relay)    40    29    1633.15    1    1616.15    124    1
(advertise)    1    1633.35    29    1
(relay)    40    22    1655.16    1    1637.16    123    1
(advertise)    1    1656.56    22    1
(relay)    13    28    1698.98    1    1697.16    126    1
(advertise)    1    1699.18    28    1
(relay)    40    40    1721.39    1    1721.19    127    1
(advertise)    1    1723.59    40    1
(relay)    40    21    1747.6    1    1714.19    123    1
(advertise)    1    1748.0    21    1
(relay)    43    43    1755.62    1    1755.03    127    1
(advertise)    1    1769.02    43    1
(relay)    43    23    1791.23    1    1725.0    123    1
(advertise)    1    1791.83    23    1
(relay)    35    35    1804.04    1    1803.04    127    1
(relay)    43    12    1812.24    1    1799.04    126    2
(advertise)    1    1815.44    35    1
(relay)    25    25    1821.26    1    1821.06    127    2
(advertise)    1    1838.46    12    1
(relay)    43    5    1857.47    1    1779.04    124    2
(advertise)    1    1860.47    25    1
(advertise)    1    1882.68    5    1
(relay)    16    10    1904.09    1    1875.08    124    1
(advertise)    1    1904.49    10    1
(relay)    47    47    1925.51    1    1925.31    127    1
(relay)    16    32    1926.11    1    1882.08    123    2
(advertise)    1    1926.71    47    1
(relay)    2    27    1948.52    1    1935.12    126    2
(advertise)    1    1948.72    32    1
(advertise)    1    1971.33    27    1
(relay)    43    7    1972.55    1    1908.11    123    1
(relay)    43    0    1992.75    1    1910.11    123    2
(advertise)    1    1995.75    7    1
(relay)    43    24    2013.96    1    1983.16    126    2
(advertise)    1    2017.76    0    1
(relay)    43    6    2036.57    1    1896.09    122    2
(advertise)    1    2039.57    24    1
(relay)    43    8    2058.99    1    1957.13    124    2
(relay)    2    34    2059.99    2    2029.17    125    3
(advertise)    1    2060.59    6    1
(advertise)    1    2082.8    8    1
(relay)    43    39    2102.01    1    1996.16    122    2
(advertise)    1    2106.21    34    2
(relay)    43    48    2123.82    2    2033.17    124    2
(advertise)    1    2128.02    39    1
(relay)    43    4    2146.24    3    2019.17    123    2
(advertise)    1    2149.04    48    2
(generate)    1    2152.25    [3]    2
(relay)    43    19    2168.46    2    2103.22    125    2
(advertise)    1    2172.46    4    3
(advertise)    1    2194.68    19    2
(relay)    43    41    2213.29    2    2055.2    124    1
(advertise)    1    2217.89    41    2
(relay)    43    36    2235.7    2    2075.21    122    1
(advertise)    1    2239.9    36    2
(relay)    2    14    2241.32    2    2175.26    124    1
(advertise)    1    2264.12    14    2
(relay)    2    2    2275.33    2    2275.32    127    1
(relay)    43    33    2278.53    2    2162.25    123    2
(relay)    16    31    2284.93    2    2217.28    125    3
(advertise)    1    2288.13    2    2
(advertise)    1    2309.54    33    2
(relay)    2    30    2328.95    2    2297.33    126    2
(advertise)    1    2330.55    31    2
(relay)    43    18    2344.97    2    2173.26    123    2
(advertise)    1    2352.17    30    2
(relay)    43    42    2367.38    2    2320.35    126    2
(advertise)    1    2374.58    18    2
(relay)    2    17    2378.79    2    2183.28    121    2
(advertise)    1    2396.79    42    2
(advertise)    1    2417.81    17    2
(relay)    47    13    2419.82    2    2397.18    125    1
(relay)    43    15    2431.82    2    2305.33    125    2
(advertise)    1    2439.42    13    2
(advertise)    1    2461.03    15    2
(relay)    43    37    2475.44    2    2405.21    124    1
(relay)    2    11    2475.84    2    2413.19    123    2
(advertise)    1    2482.44    37    2
(advertise)    1    2503.66    11    2
(relay)    2    46    2520.07    2    2441.22    124    1
(relay)    43    9    2520.27    2    2420.99    122    2
(advertise)    1    2526.47    46    2
(advertise)    1    2547.48    9    2
(relay)    43    44    2564.1    2    2493.26    124    1
(advertise)    1    2569.9    44    2
(relay)    43    45    2585.11    2    2476.23    122    1
(advertise)    1    2592.51    45    2
(relay)    40    38    2603.92    2    2584.3    126    1
(relay)    43    16    2606.52    2    2592.3    126    2
(advertise)    1    2615.72    38    2
(advertise)    1    2637.14    16    2
(relay)    43    26    2649.15    2    2522.27    124    1
(advertise)    1    2658.15    26    2
(relay)    43    29    2671.56    2    2616.32    125    1
(advertise)    1    2679.56    29    2
(relay)    43    22    2693.97    2    2637.32    125    1
(advertise)    1    2702.37    22    2
(relay)    47    28    2709.39    2    2697.32    126    1
(relay)    43    20    2714.99    2    2600.31    123    2
(relay)    40    40    2721.39    2    2721.37    127    3
(advertise)    1    2723.99    28    2
(advertise)    1    2745.8    20    2
(relay)    43    43    2755.81    2    2755.21    127    2
(advertise)    1    2768.21    40    2
(relay)    43    23    2781.23    2    2725.19    125    2
(advertise)    1    2789.23    43    2
(relay)    43    21    2802.84    2    2714.37    124    2
(relay)    35    35    2803.24    2    2803.23    127    3
(advertise)    1    2811.04    23    2
(relay)    25    25    2821.25    2    2821.24    127    3
(relay)    40    12    2822.45    2    2799.23    126    4
(advertise)    1    2833.05    21    2
(advertise)    1    2854.47    35    2
(advertise)    1    2876.28    25    2
(relay)    43    5    2891.09    2    2779.23    123    2
(advertise)    1    2897.29    12    2
(advertise)    1    2918.5    5    2
(relay)    47    47    2926.12    2    2925.49    127    1
(relay)    43    10    2930.72    2    2875.27    124    2
(advertise)    1    2940.12    47    2
(advertise)    1    2962.73    10    2
(relay)    43    32    2977.14    2    2882.28    124    1
(advertise)    1    2985.74    32    2
(relay)    2    27    2990.96    2    2935.3    125    1
(relay)    43    7    2997.36    2    2908.29    124    2
(advertise)    1    3008.36    27    2
(relay)    43    24    3019.97    2    2983.36    126    2
(advertise)    1    3029.77    7    2
(advertise)    1    3052.58    24    2
(relay)    43    6    3063.8    2    2896.29    122    1
(advertise)    1    3074.2    6    2
(relay)    43    8    3085.41    2    2957.33    124    1
(advertise)    1    3095.41    8    2
(relay)    43    34    3109.22    3    3029.37    125    1
(advertise)    1    3116.62    34    3
(relay)    43    0    3131.63    2    2910.29    122    1
(advertise)    1    3140.23    0    2
(generate)    1    3152.45    [3]    3
(relay)    25    39    3155.06    2    2996.34    122    1
(advertise)    1    3161.66    39    2
(relay)    43    19    3174.07    3    3103.42    125    1
(advertise)    1    3183.27    19    3
(relay)    43    4    3218.89    4    3019.36    122    1
(advertise)    1    3219.09    4    4
(relay)    43    48    3241.9    3    3033.37    124    1
(advertise)    1    3242.7    48    3
(relay)    43    36    3263.31    3    3075.61    123    1
(relay)    16    31    3264.71    3    3217.47    125    2
(advertise)    1    3265.71    36    3
(relay)    2    2    3275.53    3    3275.5    127    2
(relay)    43    14    3286.13    3    3175.45    125    3
(advertise)    1    3286.73    31    3
(advertise)    1    3308.14    2    3
(advertise)    1    3330.35    14    3
(relay)    2    30    3342.76    3    3297.51    126    1
(relay)    43    33    3352.56    3    3162.45    123    2
(advertise)    1    3353.56    30    3
(relay)    40    41    3355.98    3    3055.4    122    2
(relay)    43    17    3375.98    3    3183.47    124    3
(advertise)    1    3376.58    33    3
(relay)    13    13    3397.99    3    3397.38    127    3
(relay)    43    42    3398.39    3    3320.55    126    4
(advertise)    1    3398.79    41    3
(advertise)    1    3421.4    17    3
(advertise)    1    3443.42    13    3
(relay)    43    15    3463.43    3    3305.53    125    2
(advertise)    1    3464.63    42    3
(relay)    43    18    3486.04    3    3173.45    123    2
(advertise)    1    3486.24    15    3
(advertise)    1    3507.86    18    3
(relay)    2    46    3518.07    3    3441.4    124    1
(advertise)    1    3530.87    46    3
(relay)    43    9    3551.88    3    3421.19    123    1
(advertise)    1    3552.08    9    3
(relay)    43    11    3575.09    3    3413.39    122    1
(advertise)    1    3575.29    11    3
(relay)    16    16    3593.51    3    3592.49    127    1
(advertise)    1    3596.31    16    3
(relay)    16    37    3598.32    3    3405.4    122    1
(relay)    40    38    3600.72    3    3584.49    126    2
(advertise)    1    3619.12    37    3
(relay)    16    45    3620.33    3    3476.43    123    2
(relay)    43    26    3638.53    3    3522.47    123    3
(advertise)    1    3640.53    38    3
(advertise)    1    3662.55    45    3
(advertise)    1    3686.16    26    3
(relay)    43    29    3706.57    3    3616.52    125    1
(advertise)    1    3709.77    29    3
(relay)    47    28    3716.59    3    3697.49    126    1
(relay)    40    40    3721.59    3    3721.57    127    2
(relay)    43    22    3729.99    3    3637.52    125    3
(advertise)    1    3731.79    28    3
(advertise)    1    3753.2    40    3
(relay)    43    43    3756.01    3    3755.41    127    2
(advertise)    1    3775.41    22    3
(relay)    40    20    3777.62    3    3600.51    122    2
(advertise)    1    3797.42    43    3
(relay)    35    35    3803.44    3    3803.42    127    2
(relay)    43    23    3819.04    3    3725.39    125    3
(advertise)    1    3819.24    20    3
(advertise)    1    3840.25    35    3
(relay)    40    12    3842.06    3    3799.62    126    2
(relay)    13    25    3843.86    3    3821.44    126    3
(relay)    2    21    3847.06    3    3714.57    124    4
(advertise)    1    3861.66    23    3
(advertise)    1    3884.68    12    3
(relay)    40    5    3907.29    3    3779.42    122    3
(advertise)    1    3907.89    25    3
(relay)    47    47    3926.3    3    3925.69    127    3
(advertise)    1    3929.9    21    3
(advertise)    1    3950.92    5    3
(relay)    43    10    3954.13    3    3875.46    123    2
(advertise)    1    3972.73    47    3
(relay)    43    32    3975.14    3    3882.48    124    2
(relay)    40    27    3976.34    3    3935.49    126    3
(advertise)    1    3993.74    10    3
(relay)    43    7    3996.75    3    3908.49    124    3
(advertise)    1    4016.35    32    3
(advertise)    1    4038.97    27    3
(relay)    43    24    4041.98    3    3983.55    126    2
(advertise)    1    4060.38    7    3
(relay)    43    8    4063.39    3    3957.73    124    2
(relay)    40    6    4068.99    3    3896.49    123    3
(advertise)    1    4081.59    24    3
(advertise)    1    4103.41    8    3
(advertise)    1    4124.42    6    3
(relay)    43    34    4132.63    4    4029.57    125    1
(advertise)    1    4146.63    34    4
(generate)    1    4152.65    [3]    4
(relay)    43    39    4154.86    3    3996.54    123    1
(relay)    35    0    4155.46    3    3910.49    120    2
(advertise)    1    4167.66    39    3
(advertise)    1    4188.67    0    3
(relay)    43    48    4200.48    4    4033.57    124    1
(advertise)    1    4210.48    48    4
(relay)    40    4    4220.7    5    4019.37    123    1
(relay)    43    41    4222.1    4    4055.59    124    2
(advertise)    1    4233.1    4    5
(advertise)    1    4254.71    41    4
(relay)    2    2    4276.32    4    4275.7    127    1
(advertise)    1    4276.72    2    4
(relay)    40    14    4284.74    4    4175.65    124    1
(relay)    43    19    4287.34    4    4103.62    124    2
(advertise)    1    4299.74    14    4
(relay)    43    36    4310.35    4    4075.81    123    2
(advertise)    1    4322.15    19    4
(advertise)    1    4344.16    36    4
(relay)    2    30    4371.98    4    4297.71    124    1
(advertise)    1    4372.38    30    4
(relay)    16    33    4385.79    4    4162.65    123    1
(advertise)    1    4394.79    33    4
(relay)    13    13    4398.6    4    4397.56    127    1
(relay)    43    42    4400.4    4    4320.75    126    2
(relay)    35    17    4401.0    4    4183.67    123    3
(advertise)    1    4417.6    13    4
(advertise)    1    4438.81    42    4
(advertise)    1    4461.23    17    4
(relay)    43    18    4465.64    4    4173.65    122    1
(advertise)    1    4483.44    18    4
(relay)    43    15    4489.65    4    4305.72    124    1
(advertise)    1    4504.45    15    4
(relay)    2    9    4528.47    4    4421.38    122    1
(advertise)    1    4528.87    9    4
(relay)    2    46    4551.88    4    4441.41    124    1
(advertise)    1    4552.28    46    4
(relay)    2    37    4576.29    4    4405.59    121    1
(advertise)    1    4577.49    37    4
(relay)    16    16    4593.71    4    4592.69    127    1
(relay)    40    38    4597.91    4    4584.68    126    2
(relay)    43    11    4600.31    4    4413.59    123    3
(advertise)    1    4600.51    16    4
(advertise)    1    4624.32    38    4
(relay)    43    45    4644.93    4    4476.63    122    2
(advertise)    1    4646.33    11    4
(advertise)    1    4667.34    45    4
(relay)    16    26    4687.96    4    4522.67    121    1
(advertise)    1    4690.36    26    4
(relay)    16    44    4709.17    4    4493.65    122    1
(relay)    13    28    4713.17    4    4697.69    126    2
(advertise)    1    4713.77    44    4
(relay)    40    40    4721.78    4    4721.77    127    2
(relay)    43    29    4731.58    4    4616.72    125    3
(advertise)    1    4734.98    28    4
(relay)    43    22    4753.0    4    4637.71    125    3
(relay)    43    43    4756.6    4    4755.61    3    4
(advertise)    1    4758.0    40    4
(heartbeat)    3    1    4746.2    1    4759.41    127    0
(relay)    16    20    4776.41    4    4600.71    123    5
(advertise)    1    4779.01    29    4
(advertise)    1    4803.22    22    4
(relay)    13    25    4825.84    4    4821.62    126    4
(advertise)    1    4826.24    43    4
(advertise)    1    4848.65    3    1
(relay)    43    23    4866.46    4    4725.78    125    3
(relay)    2    35    4867.26    4    4803.62    3    4
(relay)    40    12    4869.06    4    4800.42    2    5
(advertise)    1    4870.86    20    4
(advertise)    1    4893.07    25    4
(relay)    2    21    4909.69    4    4714.77    122    4
(advertise)    1    4916.49    23    4
(relay)    47    47    4926.5    4    4925.87    5    4
(advertise)    1    4938.5    35    4
(relay)    43    32    4954.71    4    4882.67    1    4
(relay)    40    27    4958.51    4    4935.5    3    5
(advertise)    1    4960.11    12    4
(advertise)    1    4981.53    21    4
(advertise)    1    5004.74    47    4
(relay)    43    24    5024.35    4    4983.75    2    2
(advertise)    1    5025.95    27    4
(advertise)    1    5047.77    24    4
(relay)    40    34    5067.78    5    5029.77    1    1
(relay)    43    8    5068.98    4    4957.93    1    1
(relay)    40    0    5090.58    4    4910.5    1    1
(relay)    40    39    5112.58    4    4996.55    1    1
(relay)    43    41    5134.98    5    5055.78    1    1
(generate)    1    5152.78    [3]    5
(relay)    2    48    5176.79    5    5033.77    1    1
(relay)    43    4    5178.19    6    5019.57    2    1
(advertise)    1    5178.39    4    6
(relay)    2    31    5220.4    5    5217.82    3    1
(advertise)    1    5220.6    31    5
(relay)    43    19    5242.22    5    5104.39    2    1
(advertise)    1    5244.22    19    5
(relay)    43    36    5263.43    5    5075.95    2    1
(advertise)    1    5265.43    36    5
(relay)    2    2    5276.44    5    5275.87    4    1
(advertise)    1    5287.84    2    5
(relay)    2    30    5299.46    5    5297.77    4    1
(relay)    43    33    5308.66    5    5162.84    2    2
(advertise)    1    5310.26    30    5
(advertise)    1    5331.67    33    5
(relay)    43    42    5373.88    5    5320.95    2    1
(advertise)    1    5374.08    42    5
(relay)    43    15    5396.5    5    5305.91    2    1
(advertise)    1    5397.1    15    5
(relay)    47    13    5399.71    5    5397.58    4    1
(relay)    43    37    5417.91    5    5405.64    2    2
(advertise)    1    5418.51    13    5
(relay)    43    18    5440.32    5    5173.66    1    2
(advertise)    1    5440.92    37    5
(relay)    43    9    5462.73    5    5421.55    1    1
(relay)    43    46    5507.53    5    5441.6    1    1
(relay)    43    44    5530.53    5    5493.71    2    1
(advertise)    1    5530.73    44    5
(relay)    43    26    5552.55    5    5522.72    2    1
(relay)    2    11    5553.55    5    5413.73    1    2
(advertise)    1    5554.15    26    5
(relay)    40    38    5586.96    5    5584.72    3    1
(advertise)    1    5587.16    38    5
(relay)    16    16    5593.77    5    5592.81    4    1
(advertise)    1    5608.77    16    5
(relay)    43    20    5630.39    5    5600.77    1    1
(relay)    43    29    5651.39    5    5616.92    1    1
(relay)    43    22    5675.19    5    5637.88    1    1
(relay)    47    28    5698.19    5    5697.71    5    1
(advertise)    1    5698.39    28    5
(relay)    40    40    5722.4    5    5721.83    3    1
(advertise)    1    5722.8    40    5
(relay)    43    23    5746.21    5    5725.92    2    1
(advertise)    1    5747.61    23    5
(relay)    43    43    5756.83    5    5755.79    3    1
(advertise)    1    5770.03    43    5
(relay)    40    21    5788.84    5    5714.9    3    1
(advertise)    1    5792.04    21    5
(relay)    43    5    5793.25    5    5779.72    1    1
(relay)    35    35    5803.65    5    5803.64    4    1
(relay)    40    12    5811.65    5    5800.56    2    2
(advertise)    1    5814.05    35    5
(relay)    25    25    5822.26    5    5821.64    5    2
(advertise)    1    5836.86    12    5
(advertise)    1    5858.08    25    5
(relay)    47    47    5926.89    5    5926.27    5    1
(advertise)    1    5927.09    47    5
(relay)    2    27    5951.9    5    5935.63    3    1
(advertise)    1    5952.3    27    5
(relay)    16    0    5972.12    5    5910.69    1    1
(relay)    43    24    5984.12    5    5983.87    2    1
(advertise)    1    5984.32    24    5
(relay)    43    8    6006.53    5    5958.12    1    1
(relay)    16    39    6016.93    5    5996.67    1    1
(relay)    43    48    6054.73    6    6033.82    1    1
(relay)    16    34    6062.53    6    6029.95    1    1
(relay)    43    36    6100.33    6    6076.01    1    1
(relay)    43    41    6124.13    6    6056.77    1    1
(relay)    43    19    6146.13    6    6104.57    1    1
(generate)    1    6152.93    [3]    6
(relay)    40    33    6176.74    6    6162.98    2    1
(advertise)    1    6176.94    33    6
(relay)    16    31    6242.16    6    6217.89    2    1
(advertise)    1    6242.36    31    6
(relay)    2    2    6276.37    6    6275.89    4    1
(advertise)    1    6276.57    2    6
(relay)    2    30    6299.78    6    6297.96    4    1
(advertise)    1    6300.38    30    6
(relay)    43    42    6322.59    6    6321.11    2    1
(advertise)    1    6323.39    42    6
(relay)    43    15    6343.61    6    6306.67    2    1
(advertise)    1    6344.81    15    6
(relay)    13    13    6398.82    6    6397.76    5    1
(advertise)    1    6399.02    13    6
(relay)    40    11    6425.23    6    6413.9    1    1
(relay)    40    46    6448.23    6    6441.67    1    1
(relay)    2    45    6483.83    6    6476.9    1    1
(relay)    43    44    6525.03    6    6493.74    2    1
(advertise)    1    6525.23    44    6
(relay)    43    26    6548.45    6    6522.81    2    1
(advertise)    1    6548.65    26    6
(relay)    40    38    6587.06    6    6584.83    3    1
(advertise)    1    6587.26    38    6
(relay)    16    16    6592.87    6    6592.83    4    1
(advertise)    1    6608.47    16    6
(relay)    13    28    6698.09    6    6697.79    5    1
(advertise)    1    6698.29    28    6
(relay)    43    21    6716.9    6    6714.92    1    1
(relay)    40    40    6722.3    6    6721.83    3    1
(advertise)    1    6722.9    40    6
(relay)    43    43    6756.91    6    6755.82    3    1
(advertise)    1    6757.11    43    6
(relay)    43    23    6762.12    6    6725.96    2    1
(advertise)    1    6780.52    23    6
(relay)    43    5    6791.14    6    6779.8    2    1
(advertise)    1    6802.14    5    6
(relay)    35    35    6804.35    6    6803.72    4    1
(relay)    43    12    6813.75    6    6801.82    2    2
(relay)    13    25    6822.95    6    6821.69    4    3
(advertise)    1    6824.95    35    6
(advertise)    1    6848.76    12    6
(advertise)    1    6872.78    25    6
(relay)    43    32    6919.59    6    6882.85    1    1
(relay)    47    47    6927.39    6    6926.44    5    1
(advertise)    1    6927.59    47    6
(relay)    2    27    6950.6    6    6935.7    3    1
(advertise)    1    6950.8    27    6
(relay)    43    24    6986.42    6    6983.97    2    1
(advertise)    1    6986.62    24    6
(relay)    43    8    7008.23    6    6958.13    1    1
(relay)    2    39    7013.63    6    6996.85    1    1
(relay)    16    34    7038.23    7    7030.04    1    1
(relay)    43    41    7075.03    7    7056.91    1    1
(relay)    43    36    7096.83    7    7076.07    2    1
(advertise)    1    7097.03    36    7
(relay)    43    4    7118.64    8    7019.75    1    1
(relay)    43    19    7139.44    7    7104.72    2    1
(advertise)    1    7139.64    19    7
(generate)    1    7153.05    [3]    7
(relay)    40    33    7190.47    7    7163.08    2    1
(advertise)    1    7190.67    33    7
(relay)    2    31    7221.28    7    7217.96    3    1
(advertise)    1    7221.48    31    7
(relay)    2    2    7276.49    7    7275.89    4    1
(advertise)    1    7276.69    2    7
(relay)    2    30    7299.91    7    7298.13    4    1
(advertise)    1    7300.31    30    7
(relay)    43    42    7323.32    7    7321.21    2    1
(advertise)    1    7324.12    42    7
(relay)    13    13    7398.93    7    7397.93    5    1
(advertise)    1    7399.13    13    7
(relay)    43    37    7425.95    7    7405.87    2    1
(advertise)    1    7426.15    37    7
(relay)    43    9    7472.36    7    7421.74    1    1
(relay)    2    46    7474.36    7    7441.71    1    1
(relay)    40    45    7496.96    7    7477.0    1    1
(relay)    43    44    7538.76    7    7493.75    2    1
(advertise)    1    7538.96    44    7
(relay)    43    26    7560.77    7    7522.88    1    1
(relay)    40    38    7586.17    7    7584.91    3    1
(advertise)    1    7586.37    38    7
(relay)    16    16    7593.18    7    7592.99    4    1
(advertise)    1    7607.78    16    7
(relay)    25    28    7698.6    7    7697.9    4    1
(advertise)    1    7698.8    28    7
(relay)    40    40    7722.61    7    7722.01    3    1
(advertise)    1    7722.81    40    7
(relay)    2    21    7746.82    7    7715.08    1    1
(relay)    43    43    7756.82    7    7755.89    3    1
(advertise)    1    7757.02    43    7
(relay)    43    12    7802.64    7    7801.87    2    1
(advertise)    1    7802.84    12    7
(relay)    35    35    7804.45    7    7803.82    4    1
(relay)    25    25    7822.25    7    7821.78    5    2
(advertise)    1    7824.85    35    7
(advertise)    1    7847.26    25    7
(relay)    43    32    7900.48    7    7883.01    1    1
(relay)    43    0    7925.08    7    7910.97    1    1
(relay)    47    47    7927.68    7    7926.61    5    1
(advertise)    1    7927.88    47    7
(relay)    16    27    7950.49    7    7935.77    3    1
(advertise)    1    7951.09    27    7
(relay)    43    24    7991.1    7    7984.05    2    1
(advertise)    1    7991.3    24    7
(relay)    43    48    8058.11    8    8034.03    2    1
(advertise)    1    8058.31    48    8
(relay)    43    39    8081.13    7    7996.87    1    1
(relay)    43    41    8106.13    8    8057.08    1    1
(relay)    40    4    8122.13    9    8019.91    1    1
(relay)    43    36    8128.13    8    8076.16    2    1
(advertise)    1    8128.33    36    8
(generate)    1    8153.14    [3]    8
(relay)    43    19    8170.75    8    8104.91    1    1
(relay)    40    33    8190.95    8    8163.22    2    1
(advertise)    1    8191.15    33    8
(relay)    40    31    8219.77    8    8218.05    3    1
(advertise)    1    8220.17    31    8
(relay)    43    17    8235.78    8    8184.09    1    1
(relay)    2    2    8276.58    8    8276.03    4    1
(advertise)    1    8276.78    2    8
(relay)    43    14    8280.99    8    8176.13    1    1
(relay)    2    30    8300.39    8    8298.15    4    1
(advertise)    1    8300.79    30    8
(relay)    43    42    8346.81    8    8321.4    2    1
(advertise)    1    8347.01    42    8
(relay)    43    15    8369.22    8    8306.88    2    1
(advertise)    1    8370.22    15    8
(relay)    13    13    8398.23    8    8398.11    5    1
(advertise)    1    8398.43    13    8
(relay)    43    46    8489.84    8    8441.74    1    1
(relay)    43    44    8512.84    8    8493.8    2    1
(advertise)    1    8513.04    44    8
(relay)    43    26    8536.26    8    8523.03    2    1
(advertise)    1    8537.26    26    8
(relay)    40    38    8585.47    8    8584.99    3    1
(advertise)    1    8585.67    38    8
(relay)    16    16    8593.28    8    8593.13    4    1
(advertise)    1    8608.48    16    8
(relay)    43    29    8632.9    8    8617.32    1    1
(relay)    43    22    8656.3    8    8638.09    1    1
(relay)    13    28    8698.9    8    8698.01    5    1
(advertise)    1    8699.1    28    8
(relay)    43    21    8722.11    8    8715.26    2    1
(relay)    40    40    8722.71    8    8722.13    3    2
(advertise)    1    8723.71    21    8
(advertise)    1    8745.72    40    8
(relay)    43    43    8756.94    8    8755.97    3    1
(relay)    43    23    8768.74    8    8726.08    2    2
(advertise)    1    8769.14    43    8
(heartbeat)    3    2    8746.21    1    8790.55    2    2
(advertise)    1    8791.15    23    8
(relay)    40    12    8803.36    8    8801.96    2    2
(relay)    35    35    8804.56    8    8803.94    4    3
(advertise)    1    8813.16    3    2
(relay)    25    25    8822.97    8    8821.9    5    3
(advertise)    1    8837.77    12    8
(advertise)    1    8861.39    35    8
(advertise)    1    8883.6    25    8
(relay)    43    32    8895.61    8    8883.18    1    1
(relay)    47    47    8927.81    8    8926.8    5    1
(advertise)    1    8928.01    47    8
(relay)    2    27    8951.83    8    8935.84    3    1
(advertise)    1    8952.23    27    8
(relay)    43    24    8985.44    8    8984.13    2    1
(advertise)    1    8985.64    24    8
(relay)    16    6    9007.65    8    8897.39    1    1
(relay)    43    8    9029.25    8    8958.18    1    1
(relay)    43    34    9065.65    9    9030.28    1    1
(relay)    2    39    9087.85    8    8996.91    1    1
(relay)    16    4    9110.45    10    9020.07    1    1
(relay)    43    19    9134.25    9    9104.93    2    1
(advertise)    1    9134.45    19    9
(generate)    1    9153.27    [3]    9
(relay)    43    36    9158.08    9    9076.23    1    1
(relay)    43    14    9202.68    9    9176.19    1    1
(relay)    40    31    9218.88    9    9218.11    3    1
(advertise)    1    9219.08    31    9
(relay)    2    2    9277.09    9    9276.16    4    1
(advertise)    1    9277.29    2    9
(relay)    2    30    9299.7    9    9298.35    4    1
(advertise)    1    9300.1    30    9
(relay)    43    42    9323.72    9    9321.57    2    1
(advertise)    1    9323.92    42    9
(relay)    43    15    9345.33    9    9306.98    2    1
(advertise)    1    9345.93    15    9
(relay)    13    13    9398.34    9    9398.27    5    1
(advertise)    1    9398.54    13    9
(relay)    43    37    9426.36    9    9405.97    2    1
(advertise)    1    9426.76    37    9
(relay)    43    46    9468.57    9    9441.83    1    1
(relay)    43    45    9493.77    9    9477.22    1    1
(relay)    43    44    9515.37    9    9493.82    2    1
(advertise)    1    9515.57    44    9
(relay)    43    26    9540.78    9    9523.13    2    1
(advertise)    1    9541.38    26    9
(relay)    40    38    9585.6    9    9585.07    3    1
(advertise)    1    9585.8    38    9
(relay)    16    16    9593.41    9    9593.31    4    1
(advertise)    1    9609.01    16    9
(relay)    43    29    9633.42    9    9617.45    1    1
(relay)    43    22    9656.62    9    9638.14    2    1
(advertise)    1    9656.82    22    9
(relay)    13    28    9699.04    9    9698.14    5    1
(advertise)    1    9699.24    28    9
(relay)    43    21    9719.05    9    9715.29    2    1
(advertise)    1    9721.65    21    9
(relay)    40    40    9723.26    9    9722.32    3    1
(advertise)    1    9743.26    40    9
(relay)    43    43    9756.07    9    9756.04    3    1
(relay)    43    23    9762.07    9    9726.19    2    2
(advertise)    1    9764.87    43    9
(relay)    43    5    9785.49    9    9779.99    2    2
(advertise)    1    9785.89    23    9
(relay)    35    35    9804.7    9    9804.07    4    2
(advertise)    1    9807.1    5    9
(relay)    2    12    9810.11    9    9802.04    2    2
(relay)    25    25    9823.11    9    9822.01    5    3
(advertise)    1    9828.91    35    9
(advertise)    1    9852.33    12    9
(advertise)    1    9873.34    25    9
(relay)    43    32    9886.75    9    9883.36    1    1
(relay)    47    47    9928.15    9    9927.19    5    1
(advertise)    1    9928.35    47    9
(relay)    16    27    9951.37    9    9935.92    3    1
(advertise)    1    9951.97    27    9
(relay)    43    6    9974.38    9    9897.44    1    1
(relay)    43    24    9995.78    9    9984.18    2    1
(advertise)    1    9995.98    24    9
(relay)    43    8    10018.79    9    9958.19    1    1
(relay)    16    34    10034.79    10    10030.42    1    1
(relay)    2    39    10057.99    9    9996.96    1    1
(relay)    2    4    10081.39    11    10020.09    1    1
(relay)    43    41    10084.59    10    10057.4    1    1
(generate)    1    10153.39    [3]    10
(relay)    16    31    10218.8    10    10218.16    3    1
(advertise)    1    10219.0    31    10
(relay)    2    2    10277.42    10    10276.32    4    1
(advertise)    1    10277.62    2    10
(relay)    2    30    10299.83    10    10298.53    4    1
(advertise)    1    10301.43    30    10
(relay)    43    42    10324.84    10    10322.3    2    1
(advertise)    1    10325.84    42    10
(relay)    43    15    10347.46    10    10307.1    2    1
(advertise)    1    10348.26    15    10
(relay)    13    13    10398.47    10    10398.42    5    1
(advertise)    1    10398.67    13    10
(relay)    43    37    10423.28    10    10405.98    2    1
(advertise)    1    10423.48    37    10
(relay)    40    46    10448.1    10    10442.02    1    1
(relay)    43    44    10495.1    10    10493.85    2    1
(advertise)    1    10495.3    44    10
(relay)    43    26    10540.31    10    10523.22    2    1
(advertise)    1    10540.51    26    10
(relay)    40    38    10585.52    10    10585.13    3    1
(advertise)    1    10585.72    38    10
(relay)    16    16    10593.93    10    10593.46    4    1
(advertise)    1    10606.73    16    10
(relay)    43    29    10620.35    10    10617.56    1    1
(relay)    43    22    10656.75    10    10638.19    1    1
(relay)    13    28    10699.55    10    10698.26    5    1
(advertise)    1    10699.75    28    10
(relay)    40    40    10723.56    10    10722.47    3    1
(advertise)    1    10723.76    40    10
(relay)    43    23    10746.57    10    10726.26    2    1
(advertise)    1    10747.77    23    10
(relay)    43    43    10756.19    10    10756.07    3    1
(relay)    43    21    10767.79    10    10715.48    3    2
(advertise)    1    10770.79    43    10
(relay)    43    5    10790.6    10    10780.06    2    2
(advertise)    1    10792.0    21    10
(relay)    35    35    10805.21    10    10804.19    4    2
(relay)    43    12    10813.21    10    10802.14    2    3
(advertise)    1    10814.61    5    10
(relay)    25    25    10823.03    10    10822.11    5    3
(advertise)    1    10836.63    35    10
(advertise)    1    10858.04    12    10
(advertise)    1    10879.05    25    10
(relay)    47    47    10927.46    10    10927.37    5    1
(advertise)    1    10927.66    47    10
(relay)    2    27    10952.08    10    10935.98    3    1
(advertise)    1    10952.28    27    10
(relay)    43    24    10985.89    10    10984.23    2    1
(advertise)    1    10986.09    24    10
(relay)    43    48    11047.5    11    11034.05    1    1
(relay)    43    39    11070.5    10    10996.99    1    1
(relay)    2    34    11082.9    11    11030.58    1    1
(relay)    43    41    11114.5    11    11057.51    1    1
(relay)    43    4    11138.9    12    11020.28    1    1
(generate)    1    11153.5    [3]    11
(relay)    43    19    11161.72    11    11105.07    2    1
(advertise)    1    11161.92    19    11
(relay)    43    36    11205.53    11    11076.46    2    1
(advertise)    1    11205.73    36    11
(relay)    43    14    11227.14    11    11176.3    1    1
(relay)    16    31    11227.54    11    11218.18    3    1
(advertise)    1    11228.14    31    11
(relay)    2    2    11277.56    11    11276.49    4    1
(advertise)    1    11277.76    2    11
(relay)    2    30    11299.17    11    11298.71    4    1
(advertise)    1    11300.37    30    11
(relay)    43    42    11324.78    11    11322.45    2    1
(advertise)    1    11324.98    42    11
(relay)    13    13    11398.79    11    11398.62    5    1
(advertise)    1    11398.99    13    11
(relay)    43    37    11424.01    11    11406.16    1    1
(relay)    43    9    11468.41    11    11422.15    1    1
(relay)    43    46    11491.21    11    11442.07    1    1
(relay)    43    44    11513.61    11    11494.07    2    1
(advertise)    1    11513.81    44    11
(relay)    43    26    11543.62    11    11523.32    1    1
(relay)    40    38    11586.02    11    11585.2    3    1
(advertise)    1    11586.22    38    11
(relay)    16    16    11594.23    11    11593.6    4    1
(advertise)    1    11609.03    16    11
(relay)    43    22    11656.25    11    11638.29    2    1
(advertise)    1    11656.45    22    11
(relay)    13    28    11699.66    11    11698.36    5    1
(advertise)    1    11699.86    28    11
(relay)    40    40    11723.67    11    11722.6    3    1
(advertise)    1    11723.87    40    11
(relay)    43    23    11749.29    11    11726.31    1    1
(relay)    43    43    11756.29    11    11756.11    3    1
(advertise)    1    11756.49    43    11
(relay)    43    12    11803.9    11    11802.22    2    1
(advertise)    1    11804.1    12    11
(relay)    35    35    11805.91    11    11804.89    4    1
(relay)    25    25    11822.31    11    11822.19    5    2
(advertise)    1    11826.31    35    11
(advertise)    1    11851.12    25    11
(relay)    43    32    11902.14    11    11883.73    1    1
(relay)    47    47    11927.74    11    11927.55    5    1
(advertise)    1    11927.94    47    11
(relay)    35    27    11951.75    11    11936.04    2    1
(advertise)    1    11951.95    27    11
(relay)    43    24    11985.96    11    11984.33    2    1
(advertise)    1    11986.16    24    11
(relay)    43    8    12006.38    11    11958.39    1    1
(relay)    16    39    12012.78    11    11997.09    1    1
(relay)    16    34    12034.98    12    12030.74    1    1
(relay)    16    4    12057.38    13    12020.47    1    1
(relay)    43    41    12122.18    12    12057.65    1    1
(relay)    43    36    12144.78    12    12076.47    2    1
(advertise)    1    12144.98    36    12
(generate)    1    12153.59    [3]    12
(relay)    43    14    12208.4    12    12176.39    1    1
(relay)    16    31    12219.8    12    12218.25    3    1
(advertise)    1    12220.0    31    12
(relay)    2    2    12276.62    12    12276.61    4    1
(advertise)    1    12276.82    2    12
(relay)    2    30    12299.23    12    12298.91    4    1
(advertise)    1    12300.43    30    12
(relay)    43    15    12324.64    12    12307.34    2    1
(advertise)    1    12325.04    15    12
(relay)    43    42    12347.45    12    12322.61    2    1
(advertise)    1    12347.65    42    12
(relay)    13    13    12399.27    12    12398.8    5    1
(advertise)    1    12399.47    13    12
(relay)    43    44    12500.08    12    12494.1    2    1
(advertise)    1    12500.28    44    12
(relay)    43    26    12542.69    12    12523.39    2    1
(advertise)    1    12542.89    26    12
(relay)    43    38    12586.31    12    12585.27    2    1
(advertise)    1    12586.51    38    12
(relay)    16    16    12594.32    12    12593.74    4    1
(advertise)    1    12610.32    16    12
(relay)    13    28    12700.33    12    12698.47    5    1
(advertise)    1    12700.53    28    12
(relay)    40    40    12722.75    12    12722.74    3    1
(advertise)    1    12722.95    40    12
(heartbeat)    3    3    12746.23    1    12746.56    2    3
(advertise)    1    12746.96    3    3
(relay)    43    43    12756.77    12    12756.3    3    1
(relay)    40    21    12768.97    12    12715.67    3    2
(advertise)    1    12769.17    43    12
(advertise)    1    12790.38    21    12
(relay)    43    23    12795.0    12    12726.38    1    1
(relay)    35    35    12806.0    12    12804.97    4    1
(relay)    2    12    12812.4    12    12802.5    2    2
(advertise)    1    12813.6    35    12
(relay)    25    25    12822.41    12    12822.28    5    2
(advertise)    1    12835.21    12    12
(advertise)    1    12856.42    25    12
(relay)    43    5    12883.44    12    12780.19    1    1
(relay)    43    32    12905.24    12    12883.74    2    1
(advertise)    1    12905.44    32    12
(relay)    47    47    12927.85    12    12927.72    5    1
(advertise)    1    12928.05    47    12
(relay)    16    27    12950.06    12    12936.12    3    1
(advertise)    1    12950.66    27    12
(relay)    43    24    12986.68    12    12984.4    2    1
(advertise)    1    12986.88    24    12
(relay)    16    34    13037.29    13    13030.86    1    1
(relay)    16    39    13059.09    12    12997.12    1    1
(relay)    16    4    13081.29    14    13020.5    1    1
(relay)    43    8    13081.69    12    12958.42    1    1
(relay)    16    48    13101.49    13    13034.13    1    1
(relay)    43    36    13126.49    13    13076.52    2    1
(advertise)    1    13126.69    36    13
(generate)    1    13153.7    [3]    13
(relay)    43    19    13171.71    13    13105.42    2    1
(advertise)    1    13171.91    19    13
(relay)    43    14    13220.13    13    13176.49    1    1
(relay)    16    31    13220.33    13    13218.32    3    1
(advertise)    1    13220.53    31    13
(relay)    2    2    13276.94    13    13276.8    4    1
(advertise)    1    13277.14    2    13
(relay)    2    30    13299.75    13    13298.91    4    1
(advertise)    1    13300.95    30    13
(relay)    43    42    13325.77    13    13322.77    2    1
(advertise)    1    13326.97    42    13
(relay)    43    15    13348.78    13    13307.44    2    1
(advertise)    1    13349.38    15    13
(relay)    13    13    13399.59    13    13398.98    5    1
(advertise)    1    13399.79    13    13
(relay)    43    37    13426.81    13    13406.23    2    1
(advertise)    1    13427.01    37    13
(relay)    43    46    13489.62    13    13442.19    1    1
(relay)    40    45    13512.22    13    13477.76    1    1
(relay)    40    38    13586.62    13    13585.35    3    1
(advertise)    1    13586.82    38    13
(relay)    16    16    13594.83    13    13593.91    4    1
(advertise)    1    13609.63    16    13
(relay)    43    22    13641.44    13    13638.47    1    1
(relay)    47    28    13701.04    13    13698.59    5    1
(advertise)    1    13701.24    28    13
(relay)    40    40    13723.06    13    13722.93    3    1
(advertise)    1    13724.66    40    13
(relay)    40    21    13746.27    13    13715.86    3    1
(advertise)    1    13746.47    21    13
(relay)    43    43    13756.88    13    13756.34    3    1
(advertise)    1    13768.68    43    13
(relay)    43    5    13792.1    13    13780.27    2    1
(advertise)    1    13792.5    5    13
(relay)    35    35    13805.11    13    13805.08    4    1
(relay)    43    12    13813.71    13    13802.59    2    2
(advertise)    1    13815.31    35    13
(relay)    25    25    13822.52    13    13822.37    5    2
(advertise)    1    13836.72    12    13
(advertise)    1    13858.94    25    13
(relay)    43    32    13889.75    13    13883.91    1    1
(relay)    47    47    13928.55    13    13927.91    5    1
(advertise)    1    13928.75    47    13
(relay)    2    27    13952.36    13    13936.18    3    1
(advertise)    1    13952.76    27    13
(relay)    43    6    13975.17    13    13898.12    1    1
(relay)    43    24    13995.97    13    13984.44    2    1
(advertise)    1    13996.17    24    13
(relay)    43    8    14018.79    13    13958.45    1    1
(relay)    43    34    14039.79    14    14031.0    1    1
(relay)    43    48    14065.79    14    14034.31    1    1
(relay)    16    39    14083.99    13    13997.17    1    1
(relay)    40    4    14107.79    15    14020.66    1    1
(relay)    43    19    14131.39    14    14105.53    2    1
(advertise)    1    14131.59    19    14
(relay)    43    36    14153.0    14    14076.54    1    1
(generate)    1    14153.8    [3]    14
(relay)    43    31    14221.01    14    14218.38    2    1
(advertise)    1    14221.21    31    14
(relay)    2    2    14277.03    14    14276.93    4    1
(advertise)    1    14277.23    2    14
(relay)    2    30    14300.44    14    14299.11    4    1
(advertise)    1    14301.44    30    14
(relay)    43    42    14325.45    14    14322.9    2    1
(advertise)    1    14325.65    42    14
(relay)    13    13    14399.67    14    14399.15    5    1
(advertise)    1    14399.87    13    14
(relay)    43    37    14426.88    14    14406.27    2    1
(advertise)    1    14427.48    37    14
(relay)    43    9    14449.69    14    14422.39    1    1
(relay)    16    45    14508.89    14    14477.86    1    1
(relay)    43    44    14536.09    14    14494.36    2    1
(advertise)    1    14536.29    44    14
(relay)    43    26    14558.1    14    14523.59    2    1
(advertise)    1    14558.3    26    14
(relay)    40    38    14587.32    14    14585.41    3    1
(advertise)    1    14587.52    38    14
(relay)    16    16    14595.13    14    14594.08    4    1
(advertise)    1    14609.73    16    14
(relay)    43    29    14636.34    14    14618.05    1    1
(relay)    43    22    14658.74    14    14638.56    1    1
(relay)    13    28    14700.94    14    14698.69    5    1
(advertise)    1    14701.14    28    14
(relay)    40    40    14723.16    14    14723.08    3    1
(advertise)    1    14725.56    40    14
(relay)    43    23    14749.17    14    14726.52    2    1
(advertise)    1    14749.57    23    14
(relay)    43    43    14756.98    14    14756.4    3    1
(advertise)    1    14771.78    43    14
(relay)    43    5    14793.8    14    14780.36    1    1
(relay)    16    12    14803.0    14    14802.7    2    1
(advertise)    1    14803.2    12    14
(relay)    35    35    14805.41    14    14805.38    4    1
(relay)    25    25    14822.61    14    14822.45    5    2
(advertise)    1    14825.61    35    14
(advertise)    1    14847.22    25    14
(relay)    40    6    14925.43    14    14898.22    1    1
(relay)    47    47    14928.63    14    14928.08    5    1
(advertise)    1    14928.83    47    14
(relay)    43    27    14969.85    14    14936.24    2    1
(advertise)    1    14970.05    27    14
(relay)    43    24    14990.66    14    14984.52    2    1
(advertise)    1    14991.66    24    14
(relay)    43    48    15075.47    15    15034.49    1    1
(relay)    43    19    15141.47    15    15105.72    2    1
(advertise)    1    15141.67    19    15
(generate)    1    15153.89    [3]    15
(relay)    43    36    15183.5    15    15076.56    1    1
(relay)    43    31    15252.1    15    15218.43    3    1
(advertise)    1    15252.3    31    15
(relay)    2    2    15277.71    15    15277.08    4    1
(advertise)    1    15277.91    2    15
(relay)    2    30    15300.73    15    15299.3    4    1
(advertise)    1    15301.13    30    15
(relay)    43    15    15324.14    15    15307.67    2    1
(advertise)    1    15325.54    15    15
(relay)    43    42    15347.35    15    15323.06    1    1
(relay)    13    13    15400.35    15    15399.3    5    1
(advertise)    1    15400.55    13    15
(relay)    43    9    15449.56    15    15422.42    1    1
(relay)    43    46    15480.16    15    15442.32    1    1
(relay)    43    44    15519.16    15    15494.56    2    1
(advertise)    1    15519.36    44    15
(relay)    43    26    15541.58    15    15523.67    2    1
(advertise)    1    15541.78    26    15
(relay)    40    38    15587.19    15    15585.45    3    1
(advertise)    1    15587.39    38    15
(relay)    16    16    15595.2    15    15594.2    4    1
(advertise)    1    15609.8    16    15
(relay)    43    29    15634.22    15    15618.22    1    1
(relay)    43    22    15656.82    15    15638.6    1    1
(relay)    47    28    15699.22    15    15698.81    5    1
(advertise)    1    15699.42    28    15
(relay)    40    40    15723.23    15    15723.2    3    1
(advertise)    1    15723.63    40    15
(relay)    43    21    15746.24    15    15716.07    1    1
(relay)    43    43    15757.64    15    15756.59    3    1
(advertise)    1    15757.84    43    15
(relay)    43    23    15769.66    15    15726.58    2    1
(advertise)    1    15779.06    23    15
(relay)    43    12    15803.07    15    15802.78    2    1
(advertise)    1    15803.87    12    15
(relay)    35    35    15806.08    15    15806.06    4    1
(relay)    25    25    15823.08    15    15822.53    5    2
(advertise)    1    15827.08    35    15
(advertise)    1    15848.49    25    15
(relay)    25    5    15849.71    15    15780.37    1    1
(relay)    47    47    15928.71    15    15928.25    5    1
(advertise)    1    15928.91    47    15
(relay)    16    27    15951.92    15    15936.25    3    1
(advertise)    1    15952.52    27    15
(relay)    43    24    15984.93    15    15984.66    2    1
(advertise)    1    15985.13    24    15
(relay)    43    6    16007.15    15    15898.32    1    1
(relay)    43    8    16028.95    15    15958.83    1    1
(relay)    2    39    16038.35    15    15997.28    1    1
(relay)    40    4    16058.55    17    16020.84    1    1
(relay)    43    34    16079.95    16    16031.27    1    1
(relay)    16    48    16105.55    16    16034.52    1    1
(relay)    43    36    16126.75    16    16076.58    2    1
(advertise)    1    16126.95    36    16
(generate)    1    16153.96    [3]    16
(relay)    43    19    16216.97    16    16105.91    1    1
(relay)    40    31    16221.77    16    16218.45    3    1
(advertise)    1    16221.97    31    16
(relay)    2    2    16277.79    16    16277.24    4    1
(advertise)    1    16277.99    2    16
(relay)    2    30    16301.2    16    16299.5    4    1
(advertise)    1    16302.6    30    16
(relay)    43    17    16323.81    16    16184.23    1    1
(relay)    43    42    16344.81    16    16323.25    2    1
(advertise)    1    16345.01    42    16
(relay)    43    15    16366.22    16    16307.74    2    1
(advertise)    1    16367.42    15    16
(relay)    13    13    16400.44    16    16399.46    5    1
(advertise)    1    16400.64    13    16
(relay)    43    37    16426.85    16    16406.31    2    1
(advertise)    1    16427.05    37    16
(relay)    43    44    16520.66    16    16494.59    2    1
(advertise)    1    16520.86    44    16
(relay)    43    26    16544.48    16    16523.79    2    1
(advertise)    1    16545.48    26    16
(relay)    40    38    16587.69    16    16585.51    3    1
(advertise)    1    16587.89    38    16
(relay)    16    16    16595.3    16    16594.38    4    1
(advertise)    1    16609.5    16    16
(relay)    43    29    16634.32    16    16618.35    1    1
(relay)    43    22    16656.92    16    16638.65    1    1
(relay)    13    28    16699.52    16    16698.92    5    1
(advertise)    1    16699.72    28    16
(relay)    40    40    16723.93    16    16723.37    3    1
(advertise)    1    16724.53    40    16
(relay)    43    21    16746.54    16    16716.1    1    1
(heartbeat)    3    4    16746.24    1    16747.94    2    3
(advertise)    1    16748.54    3    4
(relay)    43    43    16757.55    16    16756.64    3    1
(advertise)    1    16770.95    43    16
(relay)    43    23    16789.37    16    16726.68    2    1
(advertise)    1    16794.77    23    16
(relay)    40    12    16803.38    16    16802.86    2    1
(relay)    35    35    16806.78    16    16806.17    4    2
(advertise)    1    16817.38    12    16
(relay)    25    25    16823.19    16    16822.64    5    2
(advertise)    1    16840.79    35    16
(advertise)    1    16862.01    25    16
(relay)    2    5    16879.42    16    16780.41    1    1
(relay)    43    32    16926.22    16    16884.28    1    1
(relay)    47    47    16929.42    16    16928.45    5    1
(advertise)    1    16929.62    47    16
(relay)    40    27    16952.43    16    16936.33    3    1
(advertise)    1    16952.83    27    16
(relay)    43    24    16990.65    16    16984.74    2    1
(advertise)    1    16990.85    24    16
(relay)    43    8    17011.66    16    16958.87    1    1
(relay)    43    39    17037.46    16    16997.36    1    1
(relay)    43    34    17058.46    17    17031.39    1    1
(relay)    43    4    17080.66    18    17020.86    1    1
(relay)    43    48    17102.66    17    17034.53    2    1
(advertise)    1    17102.86    48    17
(relay)    43    19    17147.27    17    17105.94    1    1
(generate)    1    17154.07    [3]    17
(relay)    43    14    17213.08    17    17176.91    1    1
(relay)    40    31    17221.68    17    17218.49    2    1
(advertise)    1    17221.88    31    17
(relay)    43    17    17259.1    17    17184.25    1    1
(relay)    2    2    17277.9    17    17277.36    4    1
(advertise)    1    17278.1    2    17
(relay)    2    30    17301.11    17    17299.51    4    1
(advertise)    1    17301.91    30    17
(relay)    43    42    17327.52    17    17323.44    2    1
(advertise)    1    17327.72    42    17
(relay)    13    13    17400.74    17    17399.63    5    1
(advertise)    1    17400.94    13    17
(relay)    43    37    17426.55    17    17406.37    2    1
(advertise)    1    17427.75    37    17
(relay)    43    46    17473.96    17    17442.54    1    1
(relay)    40    45    17497.56    17    17478.25    1    1
(relay)    43    26    17539.96    17    17523.91    2    1
(advertise)    1    17540.16    26    17
(relay)    40    38    17586.98    17    17585.56    3    1
(advertise)    1    17587.18    38    17
(relay)    16    16    17594.59    17    17594.46    4    1
(advertise)    1    17609.19    16    17
(relay)    43    29    17636.4    17    17618.5    1    1
(relay)    47    28    17699.6    17    17699.05    5    1
(advertise)    1    17699.8    28    17
(relay)    40    40    17724.01    17    17723.43    3    1
(advertise)    1    17724.21    40    17
(relay)    2    21    17725.43    17    17716.29    2    1
(advertise)    1    17746.23    21    17
(relay)    43    43    17757.64    17    17756.69    3    1
(relay)    43    23    17767.24    17    17726.77    2    2
(advertise)    1    17768.04    43    17
(advertise)    1    17790.05    23    17
(relay)    43    12    17803.67    17    17802.86    2    1
(relay)    35    35    17806.87    17    17806.25    4    2
(advertise)    1    17812.07    12    17
(relay)    25    25    17823.28    17    17822.71    5    2
(advertise)    1    17835.28    35    17
(advertise)    1    17856.69    25    17
(relay)    47    47    17929.71    17    17928.6    5    1
(advertise)    1    17929.91    47    17
(relay)    40    27    17953.52    17    17936.37    3    1
(advertise)    1    17953.72    27    17
(relay)    43    24    17985.73    17    17984.78    2    1
(advertise)    1    17985.93    24    17
(relay)    43    8    18007.34    17    17958.88    1    1
(relay)    43    4    18056.94    19    18021.0    1    1
(relay)    40    34    18063.74    18    18031.51    1    1
(relay)    43    36    18124.94    18    18076.65    2    1
(advertise)    1    18125.14    36    18
(relay)    43    19    18145.96    18    18106.12    2    1
(advertise)    1    18147.16    19    18
(generate)    1    18154.17    [3]    18
(relay)    43    14    18191.98    18    18176.99    1    1
(relay)    25    31    18220.58    18    18218.53    1    1
(relay)    2    2    18278.58    18    18277.49    4    1
(advertise)    1    18278.78    2    18
(relay)    2    30    18302.0    18    18299.69    4    1
(advertise)    1    18303.2    30    18
(relay)    43    42    18327.01    18    18323.58    2    1
(advertise)    1    18327.41    42    18
(relay)    43    15    18350.02    18    18307.94    2    1
(advertise)    1    18350.82    15    18
(relay)    13    13    18399.84    18    18399.8    5    1
(advertise)    1    18400.04    13    18
(relay)    43    9    18451.05    18    18422.61    1    1
(relay)    2    46    18474.25    18    18442.59    1    1
(relay)    43    44    18516.85    18    18494.67    1    1
(relay)    43    26    18541.05    18    18523.97    1    1
(relay)    40    38    18587.05    18    18585.62    3    1
(advertise)    1    18587.25    38    18
(relay)    16    16    18594.66    18    18594.6    4    1
(advertise)    1    18608.26    16    18
(relay)    43    22    18659.67    18    18638.76    1    1
(relay)    13    28    18700.07    18    18699.17    5    1
(advertise)    1    18700.27    28    18
(relay)    40    40    18724.09    18    18723.56    3    1
(advertise)    1    18724.29    40    18
(relay)    40    21    18747.5    18    18716.45    2    1
(advertise)    1    18748.3    21    18
(relay)    43    23    18750.51    18    18726.8    2    1
(relay)    43    43    18756.71    18    18756.69    3    2
(advertise)    1    18771.31    23    18
(advertise)    1    18793.93    43    18
(relay)    43    12    18803.94    18    18802.92    2    1
(relay)    35    35    18806.94    18    18806.33    4    2
(advertise)    1    18815.94    12    18
(relay)    25    25    18823.75    18    18822.78    5    2
(advertise)    1    18837.95    35    18
(relay)    43    5    18849.57    18    18780.52    1    2
(advertise)    1    18860.37    25    18
(relay)    43    32    18902.78    18    18884.61    1    1
(relay)    47    47    18929.78    18    18928.77    5    1
(advertise)    1    18929.98    47    18
(relay)    16    27    18952.39    18    18936.43    3    1
(advertise)    1    18952.59    27    18
(relay)    43    24    18985.8    18    18984.85    2    1
(advertise)    1    18986.0    24    18
(relay)    43    8    19007.62    18    18959.07    1    1
(relay)    16    34    19034.02    19    19031.6    1    1
(relay)    43    48    19055.22    19    19034.9    1    1
(relay)    2    39    19055.62    18    18997.41    1    1
(relay)    43    36    19101.82    19    19076.66    2    1
(advertise)    1    19102.02    36    19
(relay)    43    19    19125.43    19    19106.3    2    1
(advertise)    1    19125.83    19    19
(generate)    1    19154.24    [3]    19
(relay)    43    14    19179.66    19    19177.08    1    1
(relay)    25    31    19220.46    19    19218.58    1    1
(relay)    2    2    19278.66    19    19277.61    4    1
(advertise)    1    19278.86    2    19
(relay)    2    30    19301.07    19    19299.87    4    1
(advertise)    1    19301.67    30    19
(relay)    43    42    19324.08    19    19323.7    2    1
(advertise)    1    19325.08    42    19
(relay)    43    15    19347.9    19    19308.02    2    1
(advertise)    1    19349.5    15    19
(relay)    13    13    19400.11    19    19399.96    5    1
(advertise)    1    19400.31    13    19
(relay)    43    46    19470.32    19    19442.64    1    1
(relay)    43    45    19491.72    19    19478.45    1    1
(relay)    43    26    19541.92    19    19524.02    2    1
(advertise)    1    19542.12    26    19
(relay)    40    38    19585.93    19    19585.64    3    1
(advertise)    1    19586.13    38    19
(relay)    16    16    19594.75    19    19594.71    4    1
(advertise)    1    19608.35    16    19
(relay)    43    29    19634.16    19    19618.68    1    1
(relay)    43    22    19656.96    19    19638.84    1    1
(relay)    47    28    19700.76    19    19699.27    5    1
(advertise)    1    19700.96    28    19
(relay)    40    40    19724.77    19    19723.69    3    1
(advertise)    1    19725.17    40    19
(relay)    16    21    19747.79    19    19716.6    2    1
(advertise)    1    19747.99    21    19
(relay)    43    43    19756.8    19    19756.71    3    1
(advertise)    1    19770.0    43    19
(relay)    43    5    19792.41    19    19780.58    2    1
(advertise)    1    19793.01    5    19
(relay)    35    35    19807.03    19    19806.4    4    1
(advertise)    1    19814.03    35    19
(relay)    2    12    19815.64    19    19803.11    2    1
(relay)    25    25    19823.84    19    19822.87    5    2
(advertise)    1    19836.64    12    19
(advertise)    1    19859.65    25    19
(relay)    43    32    19908.26    19    19884.78    1    1
(relay)    47    47    19929.06    19    19928.94    5    1
(advertise)    1    19929.26    47    19
(relay)    2    27    19951.48    19    19936.45    3    1
(advertise)    1    19952.28    27    19
(relay)    43    24    19986.09    19    19984.93    2    1
(advertise)    1    19986.29    24    19
(relay)    43    8    20009.1    19    19959.08    1    1
(relay)    43    48    20038.1    20    20035.08    1    1
(relay)    40    39    20041.5    19    19997.42    1    1
(relay)    43    41    20081.3    20    20058.79    1    1
(relay)    43    34    20103.5    20    20031.74    1    1
(relay)    43    36    20124.5    20    20076.68    2    1
(advertise)    1    20124.7    36    20
(relay)    43    19    20149.32    20    20106.3    2    1
(advertise)    1    20150.32    19    20
(generate)    1    20154.33    [3]    20
(relay)    2    31    20220.14    20    20218.78    2    1
(advertise)    1    20220.34    31    20
(relay)    43    17    20241.56    20    20184.28    1    1
(relay)    2    2    20278.76    20    20277.74    4    1
(advertise)    1    20278.96    2    20
(relay)    2    30    20301.37    20    20300.05    4    1
(advertise)    1    20301.97    30    20
(relay)    43    42    20325.38    20    20323.84    2    1
(advertise)    1    20325.98    42    20
(relay)    43    15    20347.59    20    20308.74    2    1
(advertise)    1    20347.99    15    20
(relay)    13    13    20400.21    20    20400.13    5    1
(advertise)    1    20400.41    13    20
(relay)    43    37    20425.22    20    20406.49    2    1
(advertise)    1    20425.42    37    20
(relay)    43    46    20477.03    20    20442.68    1    1
(relay)    43    44    20535.23    20    20494.74    2    1
(advertise)    1    20535.43    44    20
(relay)    43    26    20558.25    20    20524.12    2    1
(advertise)    1    20558.85    26    20
(relay)    40    38    20586.06    20    20585.67    3    1
(advertise)    1    20586.26    38    20
(relay)    16    16    20595.47    20    20594.87    4    1
(advertise)    1    20608.07    16    20
(relay)    43    29    20631.89    20    20618.83    1    1
(relay)    43    22    20654.69    20    20638.9    1    1
(relay)    13    28    20700.89    20    20699.38    5    1
(advertise)    1    20701.09    28    20
(relay)    40    40    20724.9    20    20723.84    3    1
(advertise)    1    20725.3    40    20
(relay)    43    23    20746.71    20    20726.96    2    1
(heartbeat)    3    5    20746.25    1    20747.51    2    3
(advertise)    1    20748.11    23    20
(relay)    43    43    20756.92    20    20756.76    3    2
(advertise)    1    20769.92    3    5
(advertise)    1    20794.54    43    20
(relay)    40    5    20797.15    20    20780.62    1    1
(relay)    35    35    20807.55    20    20806.52    4    1
(advertise)    1    20816.95    35    20
(relay)    43    12    20818.76    20    20803.19    2    1
(relay)    25    25    20823.96    20    20822.97    5    2
(advertise)    1    20839.16    12    20
(advertise)    1    20862.38    25    20
(relay)    43    32    20913.79    20    20884.95    1    1
(relay)    47    47    20929.19    20    20929.12    5    1
(advertise)    1    20929.39    47    20
(relay)    16    27    20952.2    20    20936.49    3    1
(advertise)    1    20953.4    27    20
(relay)    43    24    20986.62    20    20984.95    2    1
(advertise)    1    20986.82    24    20
(relay)    43    8    21010.63    20    20959.11    1    1
(relay)    40    6    21046.43    20    20900.55    1    1
(relay)    43    39    21050.03    20    20997.46    1    1
(relay)    2    34    21068.43    21    21031.83    1    1
(relay)    40    4    21093.83    22    21021.52    1    1
(relay)    16    48    21114.83    21    21035.09    1    1
(relay)    43    41    21139.83    21    21058.96    2    1
(advertise)    1    21140.03    41    21
(generate)    1    21154.44    [3]    21
(relay)    43    19    21184.25    21    21106.32    1    1
(relay)    40    31    21219.45    21    21218.84    2    1
(advertise)    1    21219.65    31    21
(relay)    2    2    21278.87    21    21277.91    4    1
(advertise)    1    21279.07    2    21
(relay)    2    30    21300.68    21    21300.23    4    1
(advertise)    1    21301.48    30    21
(relay)    43    42    21325.29    21    21323.99    2    1
(advertise)    1    21325.69    42    21
(relay)    43    15    21348.11    21    21308.85    2    1
(advertise)    1    21348.31    15    21
(relay)    13    13    21400.32    21    21400.31    5    1
(advertise)    1    21400.52    13    21
(relay)    43    46    21449.13    21    21442.76    1    1
(relay)    43    45    21480.53    21    21478.67    1    1
(relay)    43    44    21504.33    21    21494.76    2    1
(advertise)    1    21504.53    44    21
(relay)    43    26    21528.55    21    21524.16    2    1
(advertise)    1    21528.75    26    21
(relay)    40    38    21586.56    21    21585.75    3    1
(advertise)    1    21586.76    38    21
(relay)    16    16    21595.57    21    21595.06    4    1
(advertise)    1    21609.17    16    21
(relay)    13    28    21700.98    21    21699.51    5    1
(advertise)    1    21701.18    28    21
(relay)    40    40    21725.0    21    21724.02    3    1
(advertise)    1    21726.8    40    21
(relay)    43    23    21749.21    21    21727.04    2    1
(advertise)    1    21750.01    23    21
(relay)    43    43    21756.82    21    21756.79    3    1
(advertise)    1    21772.42    43    21
(relay)    43    5    21795.24    21    21780.81    1    1
(relay)    2    12    21804.84    21    21803.24    2    1
(advertise)    1    21805.04    12    21
(relay)    35    35    21807.65    21    21806.61    4    1
(relay)    25    25    21823.25    21    21823.05    5    2
(advertise)    1    21827.65    35    21
(advertise)    1    21849.06    25    21
(relay)    43    32    21892.88    21    21885.11    1    1
(relay)    16    6    21924.48    21    21900.61    1    1
(relay)    47    47    21929.48    21    21929.29    5    1
(advertise)    1    21929.68    47    21
(relay)    16    27    21966.89    21    21936.56    3    1
(advertise)    1    21967.09    27    21
(relay)    43    24    21993.7    21    21985.0    2    1
(advertise)    1    21994.1    24    21
(relay)    43    8    22016.11    21    21959.27    1    1
(relay)    43    48    22080.31    22    22035.11    2    1
(advertise)    1    22080.51    48    22
(relay)    2    39    22081.93    21    21997.47    1    1
(relay)    40    4    22101.93    23    22021.68    1    1
(relay)    43    36    22125.33    22    22076.92    2    1
(advertise)    1    22125.53    36    22
(relay)    43    19    22149.74    22    22106.48    2    1
(advertise)    1    22149.94    19    22
(generate)    1    22154.55    [3]    22
(relay)    43    41    22193.37    22    22059.11    2    1
(advertise)    1    22193.57    41    22
(relay)    16    31    22220.18    22    22219.08    2    1
(advertise)    1    22220.58    31    22
(relay)    43    14    22250.79    22    22177.27    1    1
(relay)    2    2    22277.99    22    22277.92    4    1
(advertise)    1    22278.19    2    22
(relay)    2    30    22300.81    22    22300.43    4    1
(advertise)    1    22301.81    30    22
(relay)    43    42    22326.02    22    22324.12    2    1
(advertise)    1    22326.62    42    22
(relay)    43    15    22348.83    22    22308.94    2    1
(advertise)    1    22349.83    15    22
(relay)    13    13    22401.04    22    22400.45    5    1
(advertise)    1    22401.24    13    22
(relay)    43    37    22425.86    22    22406.56    2    1
(advertise)    1    22426.06    37    22
(relay)    43    9    22448.27    22    22423.2    1    1
(relay)    43    44    22537.87    22    22494.78    2    1
(advertise)    1    22538.07    44    22
(relay)    40    38    22586.68    22    22585.79    3    1
(advertise)    1    22586.88    38    22
(relay)    16    16    22595.7    22    22595.23    4    1
(advertise)    1    22609.3    16    22
(relay)    43    29    22634.91    22    22619.09    1    1
(relay)    43    22    22655.91    22    22639.03    1    1
(relay)    47    28    22701.71    22    22699.63    5    1
(advertise)    1    22701.91    28    22
(relay)    40    40    22724.32    22    22724.18    3    1
(advertise)    1    22725.12    40    22
(relay)    43    21    22748.94    22    22716.83    1    1
(relay)    43    43    22757.34    22    22756.83    3    1
(advertise)    1    22757.54    43    22
(relay)    43    23    22771.15    22    22727.05    2    1
(advertise)    1    22778.75    23    22
(relay)    43    5    22796.36    22    22780.87    2    1
(advertise)    1    22800.76    5    22
(relay)    35    35    22807.77    22    22806.74    4    1
(relay)    43    12    22817.97    22    22803.36    2    2
(advertise)    1    22823.17    35    22
(advertise)    1    22846.59    12    22
(relay)    47    47    22929.6    22    22929.45    5    1
(advertise)    1    22929.8    47    22
(relay)    43    27    22952.21    22    22936.58    2    1
(advertise)    1    22952.41    27    22
(relay)    43    24    22987.43    22    22985.09    2    1
(advertise)    1    22987.63    24    22
(relay)    43    8    23008.44    22    22959.41    1    1
(relay)    40    39    23014.04    22    22997.55    1    1
(relay)    2    4    23039.04    24    23021.87    1    1
(relay)    43    34    23061.44    23    23032.06    1    1
(relay)    43    36    23110.04    23    23076.94    2    1
(advertise)    1    23110.24    36    23
(relay)    43    19    23132.45    23    23106.48    2    1
(advertise)    1    23133.05    19    23
(generate)    1    23154.67    [3]    23
(relay)    2    31    23221.08    23    23219.1    2    1
(advertise)    1    23221.28    31    23
(relay)    2    2    23278.09    23    23278.07    4    1
(advertise)    1    23278.29    2    23
(relay)    2    30    23301.5    23    23300.6    4    1
(advertise)    1    23301.9    30    23
(relay)    43    42    23326.72    23    23324.31    2    1
(advertise)    1    23327.52    42    23
(relay)    43    15    23349.33    23    23309.02    2    1
(advertise)    1    23349.53    15    23
(relay)    13    13    23401.14    23    23400.58    5    1
(advertise)    1    23401.34    13    23
(relay)    43    37    23426.16    23    23406.57    2    1
(advertise)    1    23426.56    37    23
(relay)    40    46    23491.97    23    23442.86    1    1
(relay)    43    44    23520.77    23    23494.8    2    1
(advertise)    1    23520.97    44    23
(relay)    43    26    23543.98    23    23524.32    2    1
(advertise)    1    23544.38    26    23
(relay)    40    38    23587.0    23    23585.83    3    1
(advertise)    1    23587.2    38    23
(relay)    16    16    23596.41    23    23595.4    4    1
(advertise)    1    23609.61    16    23
(relay)    43    29    23633.82    23    23619.22    1    1
(relay)    43    22    23656.22    23    23639.06    1    1
(relay)    13    28    23702.22    23    23699.72    5    1
(advertise)    1    23702.42    28    23
(relay)    40    40    23724.43    23    23724.34    3    1
(advertise)    1    23725.03    40    23
(relay)    40    21    23749.45    23    23717.02    1    1
(relay)    43    23    23750.45    23    23727.09    2    1
(advertise)    1    23750.65    23    23
(relay)    43    43    23757.66    23    23757.02    3    1
(advertise)    1    23774.26    43    23
(relay)    43    5    23793.67    23    23780.87    1    1
(relay)    35    35    23806.87    23    23806.83    4    1
(advertise)    1    23807.07    35    23
(relay)    40    12    23813.69    23    23803.66    2    1
(relay)    25    25    23823.49    23    23823.3    5    2
(advertise)    1    23828.49    12    23
(advertise)    1    23850.1    25    23
(relay)    47    47    23930.11    23    23929.59    5    1
(advertise)    1    23930.31    47    23
(relay)    2    27    23972.33    23    23936.64    3    1
(advertise)    1    23972.53    27    23
(relay)    43    24    23993.74    23    23985.15    2    1
(advertise)    1    23993.94    24    23
(relay)    16    6    24015.55    23    23901.56    1    1
(relay)    43    8    24019.55    23    23959.42    1    1
(relay)    43    34    24062.15    24    24032.15    1    1
(relay)    43    39    24086.15    23    23997.56    1    1
(relay)    43    36    24121.35    24    24076.96    2    1
(advertise)    1    24121.55    36    24
(relay)    43    48    24144.16    24    24035.29    2    1
(advertise)    1    24144.56    48    24
(relay)    2    4    24145.78    25    24022.02    1    1
(generate)    1    24154.78    [3]    24
(relay)    43    14    24208.39    24    24177.44    1    1
(relay)    40    31    24221.39    24    24219.16    2    1
(advertise)    1    24221.59    31    24
(relay)    43    17    24254.0    24    24184.63    1    1
(relay)    2    2    24278.4    24    24278.24    4    1
(advertise)    1    24278.6    2    24
(relay)    2    30    24302.02    24    24300.77    4    1
(advertise)    1    24302.42    30    24
(relay)    43    42    24326.63    24    24324.41    2    1
(advertise)    1    24327.23    42    24
(relay)    43    15    24347.84    24    24309.14    2    1
(advertise)    1    24350.64    15    24
(relay)    13    13    24401.26    24    24400.74    5    1
(advertise)    1    24401.46    13    24
(relay)    43    46    24480.87    24    24442.88    1    1
(relay)    43    44    24503.27    24    24495.0    2    1
(advertise)    1    24503.47    44    24
(relay)    43    26    24543.88    24    24524.41    2    1
(advertise)    1    24544.08    26    24
(relay)    40    38    24587.69    24    24585.9    3    1
(advertise)    1    24587.89    38    24
(relay)    16    16    24596.51    24    24595.55    4    1
(advertise)    1    24610.51    16    24
(relay)    43    29    24635.52    24    24619.37    1    1
(relay)    47    28    24701.12    24    24699.82    5    1
(advertise)    1    24701.32    28    24
(relay)    40    40    24724.53    24    24724.52    3    1
(advertise)    1    24725.33    40    24
(heartbeat)    3    6    24746.27    1    24749.75    2    3
(advertise)    1    24750.35    3    6
(relay)    43    43    24757.56    24    24757.05    3    1
(advertise)    1    24772.16    43    24
(relay)    25    12    24805.37    24    24803.74    1    1
(relay)    35    35    24806.97    24    24806.92    4    1
(advertise)    1    24807.17    35    24
(relay)    25    25    24823.39    24    24823.38    5    1
(advertise)    1    24829.19    25    24
(relay)    43    5    24848.6    24    24780.95    1    1
(relay)    43    32    24917.4    24    24885.48    2    1
(advertise)    1    24917.6    32    24
(relay)    47    47    24930.41    24    24929.76    5    1
(relay)    16    27    24938.81    24    24936.7    3    2
(advertise)    1    24939.61    47    24
(advertise)    1    24961.42    27    24
(relay)    43    8    24984.64    24    24959.45    1    1
(relay)    16    6    24988.04    24    24902.9    1    1
(relay)    43    24    25007.44    24    24985.2    2    1
(advertise)    1    25007.64    24    24
(relay)    43    39    25053.25    24    24997.61    1    1
(relay)    43    34    25074.25    25    25032.28    1    1
(relay)    43    41    25097.25    25    25059.57    1    1
(relay)    43    48    25119.85    25    25035.29    1    1
(relay)    43    19    25148.25    25    25106.64    2    1
(advertise)    1    25148.45    19    25
(generate)    1    25154.86    [3]    25
(relay)    43    36    25193.28    25    25077.16    2    1
(advertise)    1    25193.48    36    25
(relay)    16    31    25222.09    25    25219.2    2    1
(advertise)    1    25222.29    31    25
(relay)    2    2    25278.9    25    25278.38    4    1
(advertise)    1    25279.1    2    25
(relay)    2    30    25302.12    25    25300.78    4    1
(advertise)    1    25302.72    30    25
(relay)    43    42    25326.93    25    25324.55    2    1
(advertise)    1    25327.93    42    25
(relay)    43    15    25348.94    25    25309.28    2    1
(advertise)    1    25349.14    15    25
(relay)    13    13    25401.95    25    25400.92    5    1
(advertise)    1    25402.15    13    25
(relay)    43    37    25426.77    25    25406.62    2    1
(advertise)    1    25427.77    37    25
(relay)    43    9    25448.18    25    25423.42    1    1
(relay)    43    46    25472.98    25    25442.94    1    1
(relay)    43    44    25498.58    25    25495.05    2    1
(advertise)    1    25498.78    44    25
(relay)    43    26    25540.79    25    25524.46    2    1
(advertise)    1    25540.99    26    25
(relay)    40    38    25587.61    25    25585.95    3    1
(advertise)    1    25587.81    38    25
(relay)    16    16    25596.62    25    25595.69    4    1
(advertise)    1    25609.62    16    25
(relay)    43    22    25660.63    25    25639.28    1    1
(relay)    13    28    25700.23    25    25699.95    5    1
(advertise)    1    25700.43    28    25
(relay)    40    40    25725.25    25    25724.65    3    1
(advertise)    1    25725.65    40    25
(relay)    43    23    25751.26    25    25727.25    2    1
(advertise)    1    25751.46    23    25
(relay)    43    43    25758.07    25    25757.12    3    1
(advertise)    1    25773.47    43    25
(relay)    35    12    25805.48    25    25803.86    1    1
(relay)    35    35    25807.08    25    25807.05    4    1
(advertise)    1    25807.28    35    25
(relay)    25    25    25824.1    25    25823.5    5    1
(advertise)    1    25828.3    25    25
(relay)    47    47    25930.51    25    25929.92    5    1
(advertise)    1    25930.71    47    25
(relay)    40    27    25953.52    25    25936.75    3    1
(advertise)    1    25953.72    27    25
(relay)    43    8    25977.74    25    25959.62    1    1
(relay)    40    4    26027.14    27    26022.19    1    1
(relay)    43    24    26027.54    25    25985.31    1    1
(relay)    40    34    26049.14    26    26032.42    1    1
(relay)    43    48    26094.54    26    26035.88    2    1
(advertise)    1    26094.74    48    26
(relay)    43    41    26117.75    26    26059.7    1    1
(relay)    43    19    26144.55    26    26106.76    2    1
(advertise)    1    26144.75    19    26
(generate)    1    26154.96    [3]    26
(relay)    43    31    26221.78    26    26219.26    2    1
(advertise)    1    26221.98    31    26
(relay)    43    17    26243.39    26    26184.82    1    1
(relay)    2    2    26278.99    26    26278.51    4    1
(advertise)    1    26279.19    2    26
(relay)    2    30    26302.8    26    26300.93    4    1
(advertise)    1    26303.4    30    26
(relay)    43    15    26327.21    26    26309.32    2    1
(advertise)    1    26327.81    15    26
(relay)    13    13    26402.03    26    26401.09    5    1
(advertise)    1    26402.23    13    26
(relay)    43    37    26429.44    26    26406.67    2    1
(advertise)    1    26429.64    37    26
(relay)    16    46    26497.45    26    26443.02    1    1
(relay)    16    45    26519.25    26    26480.28    1    1
(relay)    43    26    26541.65    26    26524.53    2    1
(advertise)    1    26541.85    26    26
(relay)    40    38    26588.27    26    26586.02    3    1
(advertise)    1    26588.47    38    26
(relay)    16    16    26595.88    26    26595.8    4    1
(advertise)    1    26609.68    16    26
(relay)    43    29    26635.09    26    26619.58    1    1
(relay)    43    22    26658.49    26    26639.31    1    1
(relay)    47    28    26700.69    26    26700.07    5    1
(advertise)    1    26700.89    28    26
(relay)    40    40    26725.31    26    26724.75    3    1
(advertise)    1    26725.51    40    26
(relay)    40    21    26748.72    26    26717.39    1    1
(relay)    43    43    26758.32    26    26757.31    3    1
(advertise)    1    26758.52    43    26
(relay)    16    23    26770.53    26    26727.42    1    1
(relay)    43    5    26795.53    26    26781.05    1    1
(relay)    35    12    26805.33    26    26803.93    1    1
(relay)    35    35    26807.73    26    26807.11    4    1
(advertise)    1    26807.93    35    26
(relay)    25    25    26824.14    26    26823.55    5    1
(advertise)    1    26830.14    25    26
(relay)    43    32    26908.96    26    26885.8    1    1
(relay)    47    47    26931.16    26    26930.08    5    1
(advertise)    1    26931.36    47    26
(relay)    40    27    26954.37    26    26936.83    3    1
(advertise)    1    26955.57    27    26
(relay)    43    24    26986.18    26    26985.39    2    1
(advertise)    1    26986.38    24    26
(relay)    2    6    27009.4    26    26903.15    1    1
(relay)    43    8    27060.6    26    26959.79    1    1
(relay)    43    34    27083.4    27    27032.54    1    1
(relay)    40    39    27087.8    26    26997.66    1    1
(relay)    40    4    27111.2    28    27022.35    1    1
(relay)    43    48    27128.0    27    27036.07    2    1
(advertise)    1    27128.2    48    27
(generate)    1    27155.01    [3]    27
(relay)    43    36    27179.02    27    27077.2    2    1
(advertise)    1    27179.22    36    27
(relay)    43    19    27201.44    27    27106.91    2    1
(advertise)    1    27202.24    19    27
(relay)    43    17    27223.45    27    27185.01    1    1
(relay)    40    31    27223.85    27    27219.36    2    1
(advertise)    1    27224.05    31    27
(relay)    2    2    27279.26    27    27278.67    4    1
(advertise)    1    27279.46    2    27
(relay)    2    30    27302.87    27    27301.11    4    1
(advertise)    1    27303.07    30    27
(relay)    43    42    27326.89    27    27324.83    2    1
(advertise)    1    27327.09    42    27
(relay)    43    15    27348.9    27    27309.39    2    1
(advertise)    1    27349.1    15    27
(relay)    13    13    27402.31    27    27401.25    5    1
(advertise)    1    27402.51    13    27
(relay)    43    37    27428.33    27    27406.68    1    1
(relay)    43    9    27449.73    27    27423.8    1    1
(relay)    43    46    27476.13    27    27443.09    1    1
(relay)    43    44    27516.13    27    27495.11    2    1
(advertise)    1    27516.33    44    27
(relay)    43    26    27559.54    27    27524.61    2    1
(advertise)    1    27559.74    26    27
(relay)    40    38    27587.35    27    27586.08    3    1
(advertise)    1    27587.55    38    27
(relay)    16    16    27596.17    27    27595.97    4    1
(advertise)    1    27609.17    16    27
(relay)    43    22    27659.58    27    27639.36    1    1
(relay)    13    28    27700.58    27    27700.18    5    1
(advertise)    1    27700.78    28    27
(relay)    40    40    27725.39    27    27724.91    3    1
(advertise)    1    27725.79    40    27
(relay)    43    43    27758.4    27    27757.35    3    1
(advertise)    1    27758.6    43    27
(relay)    43    12    27804.62    27    27803.96    2    1
(advertise)    1    27804.82    12    27
(relay)    35    35    27807.83    27    27807.2    4    1
(relay)    25    25    27824.23    27    27823.64    5    2
(advertise)    1    27827.23    35    27
(advertise)    1    27849.84    25    27
(relay)    47    47    27931.26    27    27930.24    5    1
(advertise)    1    27931.46    47    27
(relay)    40    27    27953.67    27    27936.89    3    1
(advertise)    1    27954.67    27    27
(relay)    43    24    27986.28    27    27985.5    2    1
(advertise)    1    27986.48    24    27
(relay)    43    48    28085.5    28    28036.26    1    1
(relay)    2    39    28086.5    27    27997.75    1    1
(relay)    43    41    28108.7    28    28059.87    1    1
(relay)    2    4    28109.7    29    28022.54    1    1
(relay)    43    36    28129.5    28    28077.21    2    1
(advertise)    1    28129.7    36    28
(relay)    43    19    28151.11    28    28107.04    2    1
(advertise)    1    28151.71    19    28
(generate)    1    28155.12    [3]    28
(relay)    40    31    28221.13    28    28219.39    2    1
(advertise)    1    28221.33    31    28
(relay)    2    2    28279.75    28    28278.81    4    1
(advertise)    1    28279.95    2    28
(relay)    2    30    28303.36    28    28301.28    4    1
(advertise)    1    28303.76    30    28
(relay)    43    15    28326.97    28    28309.47    2    1
(advertise)    1    28327.17    15    28
(relay)    43    42    28349.59    28    28325.96    1    1
(relay)    13    13    28401.59    28    28401.4    5    1
(advertise)    1    28401.79    13    28
(relay)    43    37    28428.8    28    28406.68    2    1
(advertise)    1    28429.0    37    28
(relay)    43    26    28543.81    28    28524.69    2    1
(advertise)    1    28544.01    26    28
(relay)    40    38    28587.43    28    28586.14    3    1
(advertise)    1    28587.63    38    28
(relay)    16    16    28596.24    28    28596.11    4    1
(advertise)    1    28608.64    16    28
(relay)    43    29    28622.05    28    28619.81    1    1
(relay)    43    22    28645.65    28    28639.42    1    1
(relay)    47    28    28701.85    28    28700.3    5    1
(advertise)    1    28702.05    28    28
(relay)    40    40    28725.66    28    28725.02    3    1
(advertise)    1    28726.06    40    28
(heartbeat)    3    7    28746.28    1    28748.08    2    3
(advertise)    1    28749.08    3    7
(relay)    43    43    28757.69    28    28757.5    3    1
(advertise)    1    28770.49    43    28
(relay)    43    12    28804.9    28    28804.01    2    1
(advertise)    1    28805.1    12    28
(relay)    35    35    28807.92    28    28807.29    4    1
(relay)    25    25    28824.72    28    28823.72    4    2
(advertise)    1    28828.32    35    28
(advertise)    1    28851.93    25    28
(relay)    43    32    28925.94    28    28886.14    1    1
(relay)    47    47    28931.34    28    28930.42    5    1
(advertise)    1    28931.54    47    28
(relay)    40    27    28953.76    28    28936.94    3    1
(advertise)    1    28955.96    27    28
(relay)    43    24    28992.17    28    28985.61    2    1
(advertise)    1    28992.37    24    28
(relay)    40    34    29039.78    29    29032.87    1    1
(relay)    43    39    29061.18    28    28997.8    1    1
(relay)    16    48    29084.38    29    29037.08    1    1
(relay)    43    41    29107.58    29    29060.01    1    1
(generate)    1    29155.18    [3]    29
(relay)    43    19    29196.99    29    29107.2    2    1
(advertise)    1    29197.19    19    29
(relay)    43    36    29217.81    29    29077.25    2    1
(advertise)    1    29219.81    36    29
(relay)    2    2    29280.02    29    29278.93    4    1
(advertise)    1    29280.22    2    29
(relay)    2    31    29295.63    29    29219.42    1    1
(relay)    40    30    29321.83    29    29301.29    3    1
(advertise)    1    29322.03    30    29
(relay)    43    15    29325.25    29    29309.6    2    1
(advertise)    1    29344.25    15    29
(relay)    43    42    29370.46    29    29326.14    2    1
(advertise)    1    29371.06    42    29
(relay)    13    13    29401.67    29    29401.58    5    1
(advertise)    1    29401.87    13    29
(relay)    43    37    29427.09    29    29406.73    2    1
(advertise)    1    29427.29    37    29
(relay)    40    46    29476.3    29    29443.22    1    1
(relay)    16    45    29496.9    29    29480.62    1    1
(relay)    43    44    29523.3    29    29495.17    2    1
(advertise)    1    29523.5    44    29
(relay)    43    26    29547.71    29    29524.77    1    1
(relay)    40    38    29586.71    29    29586.21    3    1
(advertise)    1    29586.91    38    29
(relay)    16    16    29596.32    29    29596.28    4    1
(advertise)    1    29608.92    16    29
(relay)    43    29    29633.34    29    29619.97    1    1
(relay)    43    22    29654.94    29    29639.52    1    1
(relay)    13    28    29701.94    29    29700.42    5    1
(advertise)    1    29702.14    28    29
(relay)    40    40    29726.15    29    29725.17    3    1
(advertise)    1    29726.35    40    29
(relay)    43    23    29750.96    29    29727.59    1    1
(relay)    43    43    29757.56    29    29757.54    3    1
(advertise)    1    29757.76    43    29
(relay)    43    5    29792.78    29    29781.17    1    1
(relay)    35    12    29806.38    29    29804.05    1    1
(relay)    35    35    29808.38    29    29807.36    4    1
(advertise)    1    29808.58    35    29
(relay)    25    25    29824.79    29    29823.79    4    1
(advertise)    1    29830.79    25    29
(relay)    47    47    29930.6    29    29930.58    5    1
(advertise)    1    29930.8    47    29
(relay)    40    27    29953.62    29    29936.98    3    1
(advertise)    1    29954.02    27    29
(relay)    43    0    29980.63    29    29914.22    1    1
