(relay)    4    4    19.2    1    19    127    1
(advertise)    18    39.2    4    1
(relay)    4    4    1019.21    2    1019.01    127    1
(advertise)    18    1019.41    4    2
(relay)    4    48    1033.83    1    1033.03    126    1
(advertise)    18    1042.23    48    1
(relay)    4    34    1056.24    1    1029.03    125    1
(advertise)    18    1063.64    34    1
(relay)    4    41    1078.85    1    1055.04    125    1
(advertise)    18    1085.85    41    1
(relay)    4    36    1101.47    1    1075.05    123    1
(advertise)    18    1108.47    36    1
(relay)    4    19    1124.88    1    1103.07    124    1
(advertise)    18    1129.88    19    1
(relay)    4    1    1158.69    1    1152.09    123    1
(advertise)    18    1159.09    1    1
(relay)    33    33    1163.1    1    1162.1    127    1
(generate)    18    1173.1    [3]    1
(advertise)    18    1181.32    33    1
(relay)    4    17    1221.73    1    1183.12    126    1
(advertise)    18    1221.93    17    1
(relay)    7    14    1223.94    1    1175.1    126    1
(advertise)    18    1244.14    14    1
(relay)    7    31    1268.96    1    1217.13    121    1
(advertise)    18    1269.76    31    1
(relay)    11    2    1291.57    1    1275.17    122    1
(advertise)    18    1293.57    2    1
(relay)    0    15    1313.58    1    1305.17    125    1
(advertise)    18    1316.38    15    1
(relay)    11    42    1336.8    1    1320.2    124    1
(advertise)    18    1337.6    42    1
(relay)    39    30    1358.21    1    1297.18    122    1
(advertise)    18    1358.81    30    1
(relay)    4    13    1400.82    1    1397.02    121    1
(advertise)    18    1401.02    13    1
(relay)    11    11    1413.63    1    1413.03    127    1
(advertise)    18    1423.43    11    1
(relay)    11    46    1443.25    1    1441.05    126    1
(advertise)    18    1444.45    46    1
(relay)    11    9    1464.46    1    1420.03    125    1
(advertise)    18    1467.46    9    1
(relay)    45    45    1476.27    1    1476.07    127    1
(relay)    39    37    1487.27    1    1405.03    121    2
(advertise)    18    1488.87    45    1
(advertise)    18    1510.09    37    1
(relay)    11    44    1532.5    1    1493.09    123    1
(advertise)    18    1532.7    44    1
(relay)    4    26    1558.31    1    1522.1    124    1
(advertise)    18    1558.71    26    1
(relay)    0    38    1586.33    1    1584.13    123    1
(advertise)    18    1586.53    38    1
(relay)    20    20    1601.14    1    1600.14    127    1
(advertise)    18    1608.94    20    1
(relay)    10    29    1630.15    1    1616.15    126    1
(advertise)    18    1630.35    29    1
(relay)    39    22    1652.96    1    1637.16    126    1
(advertise)    18    1653.16    22    1
(relay)    0    28    1704.98    1    1697.16    120    1
(advertise)    18    1705.18    28    1
(relay)    21    21    1715.19    1    1714.19    127    1
(advertise)    18    1727.19    21    1
(relay)    39    40    1749.4    1    1721.19    122    1
(advertise)    18    1751.6    40    1
(relay)    39    43    1771.22    1    1755.03    124    1
(advertise)    18    1774.02    43    1
(relay)    4    5    1794.23    1    1779.04    125    1
(relay)    21    23    1795.03    1    1725.0    122    2
(advertise)    18    1796.63    5    1
(advertise)    18    1817.84    23    1
(relay)    10    12    1836.26    1    1799.04    123    1
(advertise)    18    1838.86    12    1
(relay)    7    35    1861.47    1    1803.04    123    1
(advertise)    18    1862.27    35    1
(relay)    10    10    1876.08    1    1875.08    127    1
(advertise)    18    1883.28    10    1
(relay)    45    32    1886.69    1    1882.08    126    1
(relay)    6    6    1897.09    1    1896.09    127    2
(relay)    10    25    1903.09    1    1821.06    123    3
(advertise)    18    1906.49    32    1
(relay)    7    7    1908.11    1    1908.11    127    3
(relay)    0    0    1910.31    1    1910.11    127    4
(advertise)    18    1927.51    6    1
(advertise)    18    1949.52    25    1
(advertise)    18    1972.13    7    1
(relay)    7    27    1991.55    1    1935.12    124    2
(advertise)    18    1993.15    0    1
(relay)    7    39    2014.16    1    1996.16    126    2
(advertise)    18    2015.16    27    1
(relay)    4    4    2019.77    3    2019.17    127    2
(relay)    7    8    2035.97    1    1957.13    125    3
(advertise)    18    2038.77    39    1
(relay)    21    34    2058.19    2    2029.17    126    3
(advertise)    18    2060.19    4    3
(advertise)    18    2081.4    8    1
(relay)    4    48    2084.61    2    2033.17    126    2
(relay)    7    24    2101.61    1    1983.16    125    3
(advertise)    18    2103.61    34    2
(advertise)    18    2125.02    48    2
(advertise)    18    2148.24    24    1
(relay)    4    41    2153.45    2    2055.2    125    1
(relay)    33    33    2163.25    2    2162.25    127    2
(advertise)    18    2170.85    41    2
(generate)    18    2173.26    [3]    2
(advertise)    18    2191.88    33    2
(relay)    4    17    2196.29    2    2183.28    126    1
(advertise)    18    2215.09    17    2
(relay)    4    36    2218.1    2    2075.21    124    1
(relay)    7    14    2221.1    2    2175.26    126    2
(advertise)    18    2237.3    36    2
(relay)    7    19    2242.92    2    2103.22    124    2
(advertise)    18    2259.32    14    2
(advertise)    18    2280.73    19    2
(relay)    4    1    2307.54    2    2152.25    122    1
(advertise)    18    2307.74    1    2
(relay)    4    15    2329.35    2    2305.33    125    1
(advertise)    18    2329.55    15    2
(relay)    39    42    2333.97    2    2320.35    125    1
(advertise)    18    2351.77    42    2
(relay)    21    31    2363.58    2    2217.28    124    1
(advertise)    18    2372.78    31    2
(relay)    7    2    2397.99    2    2275.32    123    1
(advertise)    18    2398.19    2    2
(relay)    7    11    2420.61    2    2413.19    126    1
(advertise)    18    2422.81    11    2
(relay)    39    30    2424.82    2    2297.33    123    1
(advertise)    18    2445.42    30    2
(relay)    11    46    2460.83    2    2441.22    126    1
(advertise)    18    2467.03    46    2
(relay)    45    45    2476.84    2    2476.23    127    1
(relay)    45    9    2480.64    2    2420.99    125    2
(advertise)    18    2489.04    45    2
(advertise)    18    2511.46    9    2
(relay)    45    37    2527.87    2    2405.21    123    1
(advertise)    18    2535.47    37    2
(relay)    11    13    2551.28    2    2397.18    119    1
(advertise)    18    2557.48    13    2
(relay)    11    44    2573.9    2    2493.26    123    1
(advertise)    18    2580.5    44    2
(relay)    39    26    2596.71    2    2522.27    124    1
(relay)    20    20    2601.31    2    2600.31    127    2
(advertise)    18    2603.51    26    2
(relay)    39    29    2619.32    2    2616.32    125    2
(advertise)    18    2624.72    20    2
(advertise)    18    2646.34    29    2
(relay)    39    22    2664.15    2    2637.32    126    1
(relay)    11    16    2664.35    2    2592.3    122    2
(advertise)    18    2668.15    22    2
(advertise)    18    2689.76    16    2
(relay)    11    38    2707.77    2    2584.3    121    1
(advertise)    18    2710.77    38    2
(relay)    21    21    2714.39    2    2714.37    127    1
(advertise)    18    2731.79    21    2
(relay)    11    23    2749.4    2    2725.19    123    1
(advertise)    18    2753.8    23    2
(relay)    39    40    2774.01    2    2721.37    122    1
(advertise)    18    2776.21    40    2
(relay)    7    43    2799.43    2    2755.21    124    1
(advertise)    18    2800.23    43    2
(relay)    7    5    2821.44    2    2779.23    123    1
(relay)    21    28    2822.04    2    2697.32    121    2
(advertise)    18    2823.24    5    2
(advertise)    18    2846.45    28    2
(relay)    21    12    2867.67    2    2799.23    122    1
(advertise)    18    2868.47    12    2
(relay)    10    10    2876.28    2    2875.27    127    1
(relay)    45    32    2890.48    2    2882.28    126    2
(advertise)    18    2890.88    10    2
(relay)    6    6    2896.29    2    2896.29    127    2
(relay)    7    7    2908.29    2    2908.29    127    3
(relay)    0    0    2910.29    2    2910.29    127    4
(relay)    10    35    2910.69    2    2803.23    123    5
(advertise)    18    2914.69    32    2
(advertise)    18    2935.7    6    2
(relay)    7    25    2957.12    2    2821.24    123    4
(advertise)    18    2957.32    7    2
(advertise)    18    2978.93    0    2
(relay)    39    39    2996.34    2    2996.34    127    3
(advertise)    18    2999.94    35    2
(relay)    4    4    3019.96    4    3019.36    127    3
(advertise)    18    3022.96    25    2
(relay)    7    8    3024.77    2    2957.33    125    3
(advertise)    18    3043.97    39    2
(relay)    7    47    3046.18    2    2925.49    122    3
(advertise)    18    3066.18    4    4
(relay)    7    34    3067.8    3    3029.37    126    3
(relay)    4    48    3088.6    3    3033.37    126    4
(advertise)    18    3089.4    8    2
(advertise)    18    3111.81    47    2
(advertise)    18    3133.42    34    3
(relay)    7    24    3135.03    2    2983.36    125    2
(advertise)    18    3154.63    48    3
(relay)    39    27    3158.45    2    2935.3    122    2
(relay)    33    33    3162.65    3    3162.45    127    3
(generate)    18    3173.45    [3]    3
(advertise)    18    3175.86    24    2
(advertise)    18    3198.47    27    2
(advertise)    18    3219.69    33    3
(relay)    4    17    3244.3    3    3183.47    126    1
(advertise)    18    3244.7    17    3
(relay)    0    41    3246.31    3    3055.4    124    1
(relay)    39    14    3246.51    3    3175.45    126    2
(advertise)    18    3266.71    41    3
(relay)    4    36    3287.33    3    3075.61    123    2
(advertise)    18    3288.33    14    3
(advertise)    18    3310.94    36    3
(relay)    4    19    3332.35    3    3103.42    124    1
(advertise)    18    3333.35    19    3
(relay)    4    1    3354.56    3    3152.45    121    1
(advertise)    18    3355.56    1    3
(relay)    39    31    3378.18    3    3217.47    124    1
(advertise)    18    3378.38    31    3
(relay)    39    42    3399.19    3    3320.55    123    1
(advertise)    18    3399.79    42    3
(relay)    11    11    3414.4    3    3413.39    127    1
(relay)    39    2    3421.0    3    3275.5    124    2
(advertise)    18    3421.8    11    3
(advertise)    18    3444.62    2    3
(relay)    4    15    3446.83    3    3305.53    123    1
(advertise)    18    3465.63    15    3
(relay)    11    46    3467.84    3    3441.4    126    1
(relay)    45    45    3477.04    3    3476.43    127    2
(relay)    21    30    3485.84    3    3297.51    123    3
(advertise)    18    3486.64    46    3
(relay)    4    9    3489.66    3    3421.19    126    3
(advertise)    18    3509.86    45    3
(advertise)    18    3531.47    30    3
(advertise)    18    3555.08    9    3
(relay)    4    37    3576.69    3    3405.4    122    1
(relay)    39    13    3576.89    3    3397.38    122    2
(advertise)    18    3578.09    37    3
(advertise)    18    3599.91    13    3
(relay)    20    20    3601.52    3    3600.51    127    1
(relay)    4    26    3620.52    3    3522.47    124    2
(advertise)    18    3622.12    20    3
(advertise)    18    3644.53    26    3
(relay)    4    22    3663.95    3    3637.52    126    1
(advertise)    18    3666.55    22    3
(relay)    7    29    3668.56    3    3616.52    126    1
(advertise)    18    3688.36    29    3
(relay)    4    16    3708.17    3    3592.49    122    1
(relay)    21    38    3709.77    3    3584.49    124    2
(advertise)    18    3710.57    16    3
(relay)    21    21    3714.59    3    3714.57    127    2
(advertise)    18    3733.19    38    3
(advertise)    18    3756.2    21    3
(relay)    4    23    3774.21    3    3725.39    124    1
(advertise)    18    3779.01    23    3
(relay)    21    40    3795.42    3    3721.57    123    1
(relay)    4    5    3796.42    3    3779.42    125    2
(advertise)    18    3801.42    40    3
(relay)    10    43    3815.44    3    3755.41    124    2
(advertise)    18    3822.84    5    3
(advertise)    18    3845.05    43    3
(relay)    4    12    3864.06    3    3799.62    123    1
(advertise)    18    3867.06    12    3
(relay)    10    10    3876.48    3    3875.46    127    1
(advertise)    18    3890.08    10    3
(relay)    6    6    3896.49    3    3896.49    127    1
(relay)    4    32    3905.69    3    3882.48    126    2
(relay)    10    28    3906.69    3    3697.49    121    3
(relay)    7    7    3908.49    3    3908.49    127    4
(relay)    0    0    3910.69    3    3910.49    127    5
(advertise)    18    3912.49    6    3
(advertise)    18    3935.9    32    3
(advertise)    18    3957.52    28    3
(advertise)    18    3978.53    7    3
(relay)    10    35    3995.34    3    3803.42    123    2
(relay)    39    39    3996.54    3    3996.54    127    3
(advertise)    18    4001.94    0    3
(advertise)    18    4024.15    35    3
(relay)    39    25    4043.77    3    3821.44    121    2
(advertise)    18    4045.57    39    3
(relay)    0    8    4051.58    3    3957.73    125    2
(advertise)    18    4067.38    25    3
(relay)    4    48    4080.99    4    4033.57    126    2
(advertise)    18    4088.79    8    3
(relay)    39    34    4090.01    4    4029.57    126    2
(relay)    0    4    4094.81    5    4019.37    125    3
(advertise)    18    4110.21    48    4
(relay)    21    27    4129.42    3    3935.49    124    3
(advertise)    18    4133.22    34    4
(relay)    7    24    4134.63    3    3983.55    125    3
(advertise)    18    4155.83    4    5
(relay)    33    33    4162.85    4    4162.65    127    3
(generate)    18    4173.65    [3]    4
(advertise)    18    4178.46    27    3
(relay)    4    41    4193.27    4    4055.59    124    3
(advertise)    18    4200.87    24    3
(relay)    7    47    4202.08    3    3925.69    122    3
(advertise)    18    4221.88    33    4
(relay)    4    17    4237.3    4    4183.67    126    3
(advertise)    18    4243.1    41    4
(relay)    7    14    4244.91    4    4175.65    126    3
(advertise)    18    4264.31    47    3
(relay)    4    36    4281.32    4    4075.81    124    3
(advertise)    18    4285.52    17    4
(advertise)    18    4307.34    14    4
(relay)    7    19    4312.95    4    4103.62    124    2
(relay)    10    1    4327.75    4    4152.65    123    3
(advertise)    18    4329.75    36    4
(advertise)    18    4351.96    19    4
(advertise)    18    4373.78    1    4
(relay)    4    15    4390.39    4    4305.72    124    1
(advertise)    18    4397.79    15    4
(relay)    7    42    4402.0    4    4320.75    125    1
(relay)    39    2    4402.8    4    4275.7    124    2
(relay)    11    11    4414.6    4    4413.59    127    3
(advertise)    18    4419.8    42    4
(advertise)    18    4441.81    2    4
(advertise)    18    4463.63    11    4
(relay)    4    9    4478.04    4    4421.38    126    1
(advertise)    18    4485.44    9    4
(relay)    7    46    4490.05    4    4441.41    126    1
(relay)    21    30    4504.05    4    4297.71    123    2
(advertise)    18    4510.05    46    4
(advertise)    18    4533.27    30    4
(relay)    4    37    4544.28    4    4405.59    123    1
(advertise)    18    4554.88    37    4
(relay)    4    45    4567.69    4    4476.63    125    1
(advertise)    18    4576.29    45    4
(relay)    4    13    4589.91    4    4397.56    121    1
(advertise)    18    4597.51    13    4
(relay)    20    20    4601.72    4    4600.71    127    1
(relay)    4    26    4611.12    4    4522.67    124    2
(advertise)    18    4618.72    20    4
(advertise)    18    4640.73    26    4
(relay)    4    44    4656.14    4    4493.65    123    1
(advertise)    18    4662.74    44    4
(relay)    4    22    4678.36    4    4637.71    126    1
(advertise)    18    4684.36    22    4
(relay)    7    38    4693.17    4    4584.68    124    1
(advertise)    18    4706.17    38    4
(relay)    21    21    4714.78    4    4714.77    127    1
(advertise)    18    4727.58    21    4
(relay)    39    16    4730.0    4    4592.69    124    1
(relay)    0    29    4733.6    4    4616.72    123    2
(advertise)    18    4750.8    16    4
(advertise)    18    4773.21    29    4
(relay)    4    23    4792.82    4    4725.78    125    1
(advertise)    18    4795.42    23    4
(relay)    4    5    4815.84    4    4779.61    2    1
(heartbeat)    3    1    4746.2    18    4816.64    127    0
(advertise)    18    4816.84    5    4
(advertise)    18    4838.05    3    1
(relay)    7    40    4847.66    4    4721.77    124    1
(advertise)    18    4860.46    40    4
(relay)    10    10    4875.67    4    4875.66    3    1
(relay)    21    12    4880.47    4    4800.42    1    2
(advertise)    18    4882.87    10    4
(relay)    6    6    4896.89    4    4896.89    5    1
(relay)    4    32    4903.89    4    4882.67    4    2
(advertise)    18    4905.49    6    4
(relay)    7    7    4909.3    4    4908.69    3    2
(relay)    0    0    4911.1    4    4910.5    5    3
(advertise)    18    4927.9    32    4
(advertise)    18    4950.31    7    4
(advertise)    18    4973.93    0    4
(relay)    4    28    4993.14    4    4697.69    120    1
(advertise)    18    4997.14    28    4
(relay)    0    39    5000.15    4    4996.55    3    1
(advertise)    18    5019.35    39    4
(relay)    0    4    5022.17    6    5019.57    4    1
(relay)    4    8    5039.97    4    4957.93    2    2
(advertise)    18    5040.77    4    6
(relay)    4    48    5061.98    5    5033.77    4    2
(advertise)    18    5063.38    8    4
(relay)    21    34    5078.79    5    5029.77    2    2
(advertise)    18    5084.79    48    5
(relay)    7    24    5091.2    4    4983.75    1    2
(advertise)    18    5106.4    34    5
(relay)    4    41    5108.22    5    5055.78    3    1
(advertise)    18    5127.62    41    5
(relay)    4    25    5130.43    4    4821.62    120    1
(relay)    21    27    5146.03    4    4935.5    1    2
(advertise)    18    5150.03    25    4
(relay)    4    36    5151.24    5    5075.95    3    1
(relay)    33    33    5163.04    5    5162.84    6    2
(advertise)    18    5171.04    36    5
(generate)    18    5173.66    [3]    5
(advertise)    18    5194.87    33    5
(relay)    4    17    5196.08    5    5183.87    3    1
(advertise)    18    5216.88    17    5
(relay)    39    14    5282.1    5    5175.84    1    1
(relay)    39    19    5304.5    5    5104.39    1    1
(relay)    4    15    5308.5    5    5305.91    2    1
(advertise)    18    5308.7    15    5
(relay)    21    31    5325.31    5    5217.82    2    1
(advertise)    18    5330.71    31    5
(relay)    39    42    5349.72    5    5320.95    1    1
(relay)    21    37    5411.52    5    5405.64    1    1
(relay)    11    11    5414.72    5    5413.73    5    1
(advertise)    18    5414.92    11    5
(relay)    11    46    5442.13    5    5441.6    3    1
(advertise)    18    5442.33    46    5
(relay)    4    9    5455.15    5    5421.55    3    1
(relay)    21    2    5457.55    5    5275.87    1    2
(advertise)    18    5464.15    9    5
(relay)    45    45    5477.76    5    5476.76    5    1
(advertise)    18    5487.56    45    5
(relay)    39    30    5502.17    5    5297.77    1    1
(relay)    11    44    5519.37    5    5493.71    1    1
(relay)    7    26    5542.37    5    5522.72    1    1
(relay)    20    20    5600.97    5    5600.77    5    1
(advertise)    18    5601.17    20    5
(relay)    7    29    5624.19    5    5616.92    2    1
(advertise)    18    5624.39    29    5
(relay)    21    38    5640.4    5    5584.72    1    1
(relay)    4    22    5646.4    5    5637.88    3    1
(advertise)    18    5646.8    22    5
(relay)    21    16    5703.21    5    5592.81    1    1
(relay)    21    21    5715.01    5    5714.9    6    1
(advertise)    18    5715.21    21    5
(relay)    10    23    5739.63    5    5725.92    1    1
(relay)    10    5    5782.63    5    5779.72    1    1
(relay)    21    12    5814.23    5    5800.56    1    1
(relay)    21    25    5860.63    5    5821.64    1    1
(relay)    10    10    5875.83    5    5875.79    3    1
(advertise)    18    5876.03    10    5
(relay)    6    6    5897.04    5    5897.03    5    1
(advertise)    18    5897.84    6    5
(relay)    4    32    5899.05    5    5882.68    4    1
(relay)    7    7    5909.45    5    5908.82    3    2
(relay)    0    0    5911.25    5    5910.69    5    3
(advertise)    18    5918.85    32    5
(advertise)    18    5942.06    7    5
(advertise)    18    5964.08    0    5
(relay)    0    8    5976.69    5    5958.12    2    1
(advertise)    18    5985.69    8    5
(relay)    39    39    5997.3    5    5996.67    4    1
(advertise)    18    6008.5    39    5
(relay)    4    4    6020.52    7    6019.58    5    1
(relay)    7    24    6024.52    5    5983.87    1    2
(advertise)    18    6030.52    4    7
(relay)    4    48    6036.13    6    6033.82    4    1
(relay)    39    34    6043.13    6    6029.95    2    2
(advertise)    18    6052.33    48    6
(advertise)    18    6074.54    34    6
(relay)    11    41    6095.36    6    6056.77    2    1
(advertise)    18    6097.96    41    6
(relay)    39    36    6117.57    6    6076.01    2    1
(advertise)    18    6119.97    36    6
(relay)    33    33    6163.18    6    6162.98    6    1
(advertise)    18    6163.38    33    6
(generate)    18    6173.79    [3]    6
(relay)    4    17    6207.21    6    6183.9    3    1
(advertise)    18    6207.41    17    6
(relay)    21    14    6209.02    6    6176.0    1    1
(relay)    10    31    6252.82    6    6217.89    1    1
(relay)    0    15    6309.22    6    6306.67    2    1
(advertise)    18    6309.42    15    6
(relay)    21    42    6346.83    6    6321.11    1    1
(relay)    4    37    6410.83    6    6405.68    1    1
(relay)    11    11    6414.03    6    6413.9    5    1
(advertise)    18    6414.23    11    6
(relay)    11    9    6436.65    6    6421.58    2    1
(advertise)    18    6437.45    9    6
(relay)    11    46    6459.26    6    6441.67    3    1
(advertise)    18    6459.46    46    6
(relay)    45    45    6477.87    6    6476.9    5    1
(advertise)    18    6481.47    45    6
(relay)    4    44    6521.29    6    6493.74    1    1
(relay)    4    26    6547.09    6    6522.81    2    1
(advertise)    18    6547.29    26    6
(relay)    20    20    6601.1    6    6600.91    5    1
(advertise)    18    6601.3    20    6
(relay)    10    29    6630.91    6    6617.06    2    1
(advertise)    18    6631.11    29    6
(relay)    4    22    6638.72    6    6637.97    3    1
(advertise)    18    6652.12    22    6
(relay)    21    21    6715.54    6    6714.92    6    1
(advertise)    18    6715.74    21    6
(relay)    4    23    6737.95    6    6725.96    1    1
(relay)    39    5    6781.35    6    6779.8    2    1
(advertise)    18    6781.55    5    6
(relay)    39    12    6836.16    6    6801.82    1    1
(relay)    10    10    6875.96    6    6875.8    3    1
(advertise)    18    6876.16    10    6
(relay)    45    32    6883.38    6    6882.85    4    1
(advertise)    18    6898.18    32    6
(relay)    7    7    6909.39    6    6908.82    3    1
(relay)    0    0    6911.39    6    6910.83    5    2
(advertise)    18    6920.39    7    6
(advertise)    18    6944.2    0    6
(relay)    7    8    6961.42    6    6958.13    1    1
(relay)    7    27    6983.22    6    6935.7    1    1
(relay)    39    39    6997.42    6    6996.85    4    1
(advertise)    18    6997.62    39    6
(relay)    4    4    7020.83    8    7019.75    5    1
(advertise)    18    7021.23    4    8
(relay)    4    48    7036.44    7    7034.01    4    1
(advertise)    18    7042.24    48    7
(relay)    21    34    7043.45    7    7030.04    2    1
(advertise)    18    7063.45    34    7
(relay)    4    41    7085.47    7    7056.91    2    1
(advertise)    18    7088.47    41    7
(relay)    4    36    7141.88    7    7076.07    1    1
(relay)    33    33    7163.68    7    7163.08    6    1
(advertise)    18    7163.88    33    7
(generate)    18    7173.89    [3]    7
(relay)    39    19    7187.51    7    7104.72    1    1
(relay)    45    17    7207.11    7    7183.9    2    1
(advertise)    18    7207.31    17    7
(relay)    10    14    7228.92    7    7176.07    2    1
(advertise)    18    7229.32    14    7
(relay)    10    31    7276.53    7    7217.96    2    1
(advertise)    18    7276.73    31    7
(relay)    39    15    7309.55    7    7306.77    2    1
(advertise)    18    7309.75    15    7
(relay)    7    42    7329.36    7    7321.21    1    1
(relay)    21    30    7344.36    7    7298.13    1    1
(relay)    11    11    7414.16    7    7414.02    5    1
(advertise)    18    7414.36    11    7
(relay)    4    9    7438.37    7    7421.74    3    1
(advertise)    18    7438.77    9    7
(relay)    39    46    7459.98    7    7441.71    3    1
(advertise)    18    7461.58    46    7
(relay)    45    45    7478.0    7    7477.0    5    1
(advertise)    18    7484.4    45    7
(relay)    39    44    7517.01    7    7493.75    1    1
(relay)    4    26    7546.01    7    7522.88    2    1
(advertise)    18    7546.21    26    7
(relay)    21    38    7587.82    7    7584.91    1    1
(relay)    20    20    7601.22    7    7601.05    5    1
(advertise)    18    7601.42    20    7
(relay)    10    29    7630.84    7    7617.2    2    1
(advertise)    18    7631.04    29    7
(relay)    6    22    7640.05    7    7638.07    2    1
(advertise)    18    7655.45    22    7
(relay)    21    21    7715.66    7    7715.08    6    1
(advertise)    18    7715.86    21    7
(relay)    11    23    7743.88    7    7726.03    1    1
(relay)    4    5    7781.28    7    7779.87    2    1
(advertise)    18    7781.48    5    7
(relay)    39    12    7831.89    7    7801.87    1    1
(relay)    39    25    7874.09    7    7821.78    1    1
(relay)    10    10    7875.89    7    7875.83    3    1
(advertise)    18    7876.09    10    7
(relay)    45    32    7883.5    7    7883.01    4    1
(advertise)    18    7897.3    32    7
(relay)    7    7    7909.31    7    7908.85    3    1
(relay)    0    0    7911.51    7    7910.97    5    2
(advertise)    18    7918.91    7    7
(advertise)    18    7940.33    0    7
(relay)    0    8    7960.14    7    7958.16    2    1
(advertise)    18    7962.54    8    7
(relay)    39    39    7997.35    7    7996.87    4    1
(advertise)    18    7997.55    39    7
(relay)    4    4    8020.97    9    8019.91    5    1
(advertise)    18    8021.77    4    9
(relay)    4    48    8035.38    8    8034.03    4    1
(relay)    7    27    8035.98    7    7935.77    1    2
(relay)    39    34    8042.18    8    8030.14    2    3
(advertise)    18    8042.78    48    8
(advertise)    18    8064.19    34    8
(relay)    4    36    8078.61    8    8076.16    3    1
(advertise)    18    8085.81    36    8
(relay)    10    41    8143.62    8    8057.08    1    1
(relay)    33    33    8163.82    8    8163.22    6    1
(advertise)    18    8164.02    33    8
(relay)    7    19    8168.03    8    8104.91    1    1
(generate)    18    8174.03    [3]    8
(relay)    45    17    8207.44    8    8184.09    2    1
(advertise)    18    8207.64    17    8
(relay)    10    14    8210.66    8    8176.13    2    1
(advertise)    18    8230.66    14    8
(relay)    21    31    8301.87    8    8218.05    2    1
(advertise)    18    8302.07    31    8
(relay)    0    15    8309.48    8    8306.88    2    1
(advertise)    18    8324.28    15    8
(relay)    7    2    8331.3    8    8276.03    1    1
(relay)    21    30    8368.3    8    8298.15    1    1
(relay)    4    37    8408.5    8    8405.93    1    1
(relay)    11    11    8414.3    8    8414.19    5    1
(advertise)    18    8414.5    11    8
(relay)    11    9    8437.51    8    8421.92    2    1
(advertise)    18    8437.71    9    8
(relay)    11    46    8458.72    8    8441.74    3    1
(advertise)    18    8459.12    46    8
(relay)    45    45    8478.34    8    8477.14    5    1
(advertise)    18    8480.54    45    8
(relay)    4    26    8526.55    8    8523.03    1    1
(relay)    20    20    8601.35    8    8601.17    5    1
(advertise)    18    8601.55    20    8
(relay)    4    29    8624.36    8    8617.32    1    1
(relay)    4    22    8646.36    8    8638.09    3    1
(advertise)    18    8646.56    22    8
(relay)    21    21    8715.77    8    8715.26    6    1
(advertise)    18    8715.97    21    8
(relay)    4    23    8740.19    8    8726.08    2    1
(advertise)    18    8741.59    23    8
(heartbeat)    3    2    8746.21    18    8761.4    3    3
(advertise)    18    8766.8    3    2
(relay)    10    5    8783.61    8    8779.92    2    1
(advertise)    18    8789.01    5    8
(relay)    21    12    8837.63    8    8801.96    1    1
(relay)    10    10    8876.43    8    8875.87    3    1
(advertise)    18    8876.63    10    8
(relay)    45    32    8884.04    8    8883.18    4    1
(relay)    21    25    8897.64    8    8821.9    1    2
(relay)    6    6    8898.04    8    8897.39    5    3
(advertise)    18    8898.64    32    8
(relay)    7    7    8909.85    8    8908.91    3    2
(relay)    0    0    8912.05    8    8911.1    4    3
(advertise)    18    8922.05    6    8
(advertise)    18    8943.07    7    8
(advertise)    18    8966.48    0    8
(relay)    39    39    8997.89    8    8996.91    4    1
(advertise)    18    8998.09    39    8
(relay)    39    27    9011.7    8    8935.84    1    1
(relay)    4    4    9021.1    10    9020.07    5    1
(advertise)    18    9021.9    4    10
(relay)    4    8    9031.52    8    8958.18    1    1
(relay)    6    48    9055.52    9    9034.04    3    1
(advertise)    18    9055.72    48    9
(relay)    7    34    9064.93    9    9030.28    2    1
(advertise)    18    9078.13    34    9
(relay)    45    41    9091.34    9    9057.25    2    1
(advertise)    18    9101.14    41    9
(relay)    45    36    9116.36    9    9076.23    1    1
(relay)    33    33    9163.96    9    9163.36    4    1
(advertise)    18    9164.16    33    9
(generate)    18    9174.17    [3]    9
(relay)    0    17    9206.58    9    9184.12    2    1
(advertise)    18    9206.78    17    9
(relay)    39    14    9208.6    9    9176.19    2    1
(advertise)    18    9229.0    14    9
(relay)    7    31    9251.21    9    9218.11    2    1
(advertise)    18    9252.01    31    9
(relay)    45    15    9308.62    9    9306.98    1    1
(relay)    21    30    9314.02    9    9298.35    1    1
(relay)    4    42    9331.62    9    9321.57    1    1
(relay)    4    37    9408.22    9    9405.97    1    1
(relay)    11    11    9414.42    9    9414.34    4    1
(advertise)    18    9414.62    11    9
(relay)    10    9    9438.63    9    9421.92    2    1
(advertise)    18    9439.23    9    9
(relay)    0    46    9460.85    9    9441.83    3    1
(advertise)    18    9461.45    46    9
(relay)    0    45    9481.86    9    9477.22    4    1
(advertise)    18    9483.26    45    9
(relay)    4    44    9521.47    9    9493.82    1    1
(relay)    4    26    9544.87    9    9523.13    2    1
(advertise)    18    9545.07    26    9
(relay)    20    20    9601.89    9    9601.31    4    1
(advertise)    18    9602.09    20    9
(relay)    0    29    9624.1    9    9617.45    1    1
(relay)    21    16    9624.7    9    9593.31    1    1
(relay)    45    22    9644.3    9    9638.14    2    1
(advertise)    18    9644.5    22    9
(relay)    21    21    9715.91    9    9715.29    6    1
(advertise)    18    9716.11    21    9
(relay)    4    23    9742.13    9    9726.19    1    1
(relay)    0    5    9781.13    9    9779.99    2    1
(advertise)    18    9781.33    5    9
(relay)    7    25    9854.14    9    9822.01    1    1
(relay)    10    10    9876.34    9    9875.87    3    1
(advertise)    18    9876.54    10    9
(relay)    4    32    9897.75    9    9883.36    4    1
(relay)    6    6    9898.55    9    9897.44    5    2
(advertise)    18    9898.95    32    9
(relay)    7    7    9909.97    9    9908.92    3    2
(relay)    0    0    9912.37    9    9911.27    4    3
(advertise)    18    9921.37    6    9
(advertise)    18    9943.38    7    9
(advertise)    18    9965.79    0    9
(relay)    0    8    9979.2    9    9958.19    2    1
(advertise)    18    9988.2    8    9
(relay)    39    39    9998.02    9    9996.96    4    1
(advertise)    18    10010.02    39    9
(relay)    4    4    10020.23    11    10020.09    5    1
(relay)    7    27    10023.03    9    9935.92    1    2
(advertise)    18    10031.43    4    11
(relay)    4    48    10035.64    10    10034.05    4    1
(advertise)    18    10053.84    48    10
(relay)    39    34    10063.46    10    10030.42    2    1
(advertise)    18    10075.46    34    10
(relay)    4    41    10086.07    10    10057.4    3    1
(advertise)    18    10097.87    41    10
(relay)    4    36    10107.08    10    10076.25    3    1
(relay)    7    24    10109.88    9    9984.18    1    2
(advertise)    18    10119.28    36    10
(relay)    39    19    10153.5    10    10104.93    1    1
(relay)    33    33    10164.1    10    10163.5    4    1
(advertise)    18    10164.3    33    10
(generate)    18    10174.31    [3]    10
(relay)    0    17    10207.92    10    10184.14    2    1
(advertise)    18    10208.12    17    10
(relay)    21    14    10212.53    10    10176.25    1    1
(relay)    21    2    10288.33    10    10276.32    1    1
(relay)    6    15    10308.93    10    10307.1    1    1
(relay)    21    30    10309.33    10    10298.53    1    1
(relay)    21    42    10352.73    10    10322.3    1    1
(relay)    4    37    10407.33    10    10405.98    1    1
(relay)    11    11    10415.13    10    10414.5    4    1
(advertise)    18    10415.33    11    10
(relay)    0    46    10443.75    10    10442.02    3    1
(advertise)    18    10444.15    46    10
(relay)    4    9    10451.56    10    10422.11    3    1
(advertise)    18    10466.16    9    10
(relay)    45    45    10477.37    10    10477.35    5    1
(advertise)    18    10487.17    45    10
(relay)    0    44    10520.19    10    10493.85    1    1
(relay)    4    26    10543.99    10    10523.22    2    1
(advertise)    18    10544.19    26    10
(relay)    20    20    10602.0    10    10601.44    4    1
(advertise)    18    10602.2    20    10
(relay)    0    29    10623.81    10    10617.56    1    1
(relay)    10    16    10631.01    10    10593.46    1    1
(relay)    45    22    10644.21    10    10638.19    2    1
(advertise)    18    10644.41    22    10
(relay)    21    21    10716.43    10    10715.48    6    1
(advertise)    18    10716.63    21    10
(relay)    39    23    10741.44    10    10726.26    1    1
(relay)    0    5    10781.24    10    10780.06    2    1
(advertise)    18    10781.44    5    10
(relay)    7    25    10860.45    10    10822.11    1    1
(relay)    10    10    10876.45    10    10875.9    3    1
(advertise)    18    10876.65    10    10
(relay)    6    6    10898.46    10    10897.55    5    1
(relay)    11    32    10899.06    10    10883.54    4    2
(advertise)    18    10899.46    6    10
(relay)    7    7    10909.88    10    10908.94    3    2
(relay)    0    0    10912.48    10    10911.45    4    3
(advertise)    18    10922.88    32    10
(advertise)    18    10944.49    7    10
(advertise)    18    10968.3    0    10
(relay)    4    8    10992.12    10    10958.2    2    1
(advertise)    18    10992.32    8    10
(relay)    39    39    10997.93    10    10996.99    4    1
(advertise)    18    11013.73    39    10
(relay)    4    4    11020.34    12    11020.28    5    1
(relay)    39    34    11030.94    11    11030.58    2    2
(advertise)    18    11036.14    4    12
(relay)    39    48    11053.56    11    11034.05    4    2
(advertise)    18    11058.36    34    11
(advertise)    18    11080.17    48    11
(relay)    7    24    11081.38    10    10984.23    1    1
(relay)    10    27    11083.58    10    10935.98    1    1
(relay)    4    36    11085.18    11    11076.46    2    1
(advertise)    18    11101.98    36    11
(relay)    4    41    11107.39    11    11057.51    2    1
(advertise)    18    11123.39    41    11
(relay)    33    33    11164.61    11    11163.59    4    1
(advertise)    18    11164.81    33    11
(generate)    18    11174.42    [3]    11
(relay)    4    17    11208.03    11    11184.15    3    1
(advertise)    18    11208.23    17    11
(relay)    7    14    11210.65    11    11176.3    2    1
(advertise)    18    11229.45    14    11
(relay)    0    31    11279.66    11    11218.18    1    1
(relay)    6    15    11308.26    11    11307.22    1    1
(relay)    39    42    11330.86    11    11322.45    1    1
(relay)    21    2    11334.66    11    11276.49    1    1
(relay)    39    30    11377.66    11    11298.71    1    1
(relay)    0    37    11408.66    11    11406.16    1    1
(relay)    11    11    11415.26    11    11414.69    4    1
(advertise)    18    11415.46    11    11
(relay)    39    9    11438.67    11    11422.15    3    1
(advertise)    18    11441.07    9    11
(relay)    11    46    11460.49    11    11442.07    3    1
(advertise)    18    11462.69    46    11
(relay)    45    45    11477.7    11    11477.5    5    1
(advertise)    18    11484.1    45    11
(relay)    39    44    11519.31    11    11494.07    2    1
(advertise)    18    11519.51    44    11
(relay)    4    26    11542.92    11    11523.32    2    1
(advertise)    18    11543.72    26    11
(relay)    20    20    11602.14    11    11601.56    4    1
(advertise)    18    11602.34    20    11
(relay)    4    29    11626.75    11    11617.72    1    1
(relay)    39    16    11630.15    11    11593.6    1    1
(relay)    4    22    11649.35    11    11638.29    3    1
(advertise)    18    11649.55    22    11
(relay)    21    21    11716.56    11    11715.5    6    1
(advertise)    18    11716.76    21    11
(relay)    39    23    11739.78    11    11726.31    1    1
(relay)    0    5    11781.38    11    11780.11    2    1
(advertise)    18    11781.58    5    11
(relay)    39    12    11807.39    11    11802.22    1    1
(relay)    10    10    11876.59    11    11875.94    3    1
(advertise)    18    11876.79    10    11
(relay)    45    32    11885.4    11    11883.73    4    1
(advertise)    18    11898.8    32    11
(relay)    45    6    11908.22    11    11897.71    4    1
(relay)    7    7    11910.02    11    11909.0    3    2
(relay)    0    0    11911.82    11    11911.62    4    3
(advertise)    18    11919.82    6    11
(advertise)    18    11942.23    7    11
(advertise)    18    11964.44    0    11
(relay)    0    8    11975.45    11    11958.39    2    1
(advertise)    18    11987.05    8    11
(relay)    39    39    11998.07    11    11997.09    4    1
(advertise)    18    12008.27    39    11
(relay)    4    4    12020.48    13    12020.47    5    1
(advertise)    18    12031.48    4    13
(relay)    4    48    12035.29    12    12034.09    4    1
(advertise)    18    12053.69    48    12
(relay)    4    34    12057.31    12    12030.74    1    1
(relay)    7    41    12111.31    12    12057.65    2    1
(advertise)    18    12111.51    41    12
(relay)    4    36    12133.52    12    12076.47    2    1
(advertise)    18    12134.52    36    12
(relay)    39    19    12156.33    12    12105.24    1    1
(relay)    33    33    12164.73    12    12163.69    4    1
(advertise)    18    12164.93    33    12
(generate)    18    12174.55    [3]    12
(relay)    7    14    12203.56    12    12176.39    2    1
(advertise)    18    12203.76    14    12
(relay)    45    17    12209.17    12    12184.17    2    1
(advertise)    18    12224.77    17    12
(relay)    21    31    12269.58    12    12218.25    2    1
(advertise)    18    12269.78    31    12
(relay)    0    15    12308.6    12    12307.34    2    1
(advertise)    18    12308.8    15    12
(relay)    21    42    12355.21    12    12322.61    1    1
(relay)    4    37    12409.01    12    12406.2    1    1
(relay)    11    11    12415.41    12    12414.87    4    1
(advertise)    18    12415.61    11    12
(relay)    39    9    12437.82    12    12422.17    3    1
(advertise)    18    12439.22    9    12
(relay)    39    46    12458.04    12    12442.12    3    1
(advertise)    18    12461.24    46    12
(relay)    45    45    12477.65    12    12477.62    5    1
(advertise)    18    12485.65    45    12
(relay)    11    44    12523.46    12    12494.1    1    1
(relay)    10    26    12544.46    12    12523.39    1    1
(relay)    20    20    12602.66    12    12601.69    4    1
(advertise)    18    12602.86    20    12
(relay)    4    29    12627.48    12    12617.82    1    1
(relay)    45    22    12647.88    12    12638.38    2    1
(advertise)    18    12648.08    22    12
(relay)    21    21    12716.69    12    12715.67    6    1
(advertise)    18    12716.89    21    12
(relay)    39    23    12741.7    12    12726.38    1    1
(heartbeat)    3    3    12746.23    18    12746.5    2    3
(advertise)    18    12746.7    3    3
(relay)    7    5    12782.51    12    12780.19    2    1
(advertise)    18    12782.71    5    12
(relay)    10    10    12877.13    12    12876.13    3    1
(advertise)    18    12877.33    10    12
(relay)    10    25    12882.14    12    12822.28    1    1
(relay)    6    6    12898.94    12    12898.01    5    1
(advertise)    18    12899.34    6    12
(relay)    0    32    12901.55    12    12883.74    4    1
(relay)    7    7    12909.35    12    12909.19    3    2
(relay)    0    0    12911.95    12    12911.8    4    3
(advertise)    18    12923.35    32    12
(advertise)    18    12945.57    7    12
(advertise)    18    12969.78    0    12
(relay)    0    8    12979.59    12    12958.42    2    1
(advertise)    18    12992.79    8    12
(relay)    39    39    12997.21    12    12997.12    4    1
(advertise)    18    13014.41    39    12
(relay)    4    4    13020.62    14    13020.5    5    1
(relay)    7    27    13034.62    12    12936.12    1    2
(advertise)    18    13036.42    4    14
(relay)    4    48    13045.83    13    13034.13    3    1
(relay)    10    34    13059.03    13    13030.86    2    2
(advertise)    18    13059.23    48    13
(advertise)    18    13081.04    34    13
(relay)    4    41    13091.26    13    13057.81    3    1
(advertise)    18    13103.46    41    13
(relay)    4    36    13112.87    13    13076.52    3    1
(advertise)    18    13124.87    36    13
(relay)    33    33    13164.88    13    13163.84    4    1
(advertise)    18    13165.08    33    13
(generate)    18    13174.7    [3]    13
(relay)    0    14    13207.51    13    13176.49    1    1
(relay)    45    17    13210.11    13    13184.19    1    1
(relay)    7    19    13232.91    13    13105.42    1    1
(relay)    39    31    13268.71    13    13218.32    2    1
(advertise)    18    13268.91    31    13
(relay)    39    2    13290.72    13    13276.8    1    1
(relay)    0    15    13308.52    13    13307.44    2    1
(advertise)    18    13308.72    15    13
(relay)    39    30    13335.54    13    13298.91    1    1
(relay)    21    42    13360.34    13    13322.77    1    1
(relay)    4    37    13409.74    13    13406.23    1    1
(relay)    11    11    13416.14    13    13415.03    4    1
(advertise)    18    13416.34    11    13
(relay)    39    9    13440.55    13    13422.2    3    1
(advertise)    18    13440.95    9    13
(relay)    39    46    13461.56    13    13442.19    3    1
(advertise)    18    13463.16    46    13
(relay)    45    45    13478.37    13    13477.76    5    1
(advertise)    18    13486.17    45    13
(relay)    4    44    13524.79    13    13494.29    1    1
(relay)    39    26    13544.39    13    13523.49    1    1
(relay)    20    20    13602.79    13    13601.81    4    1
(advertise)    18    13602.99    20    13
(relay)    4    29    13626.0    13    13617.97    1    1
(relay)    10    16    13631.0    13    13593.91    1    1
(relay)    4    22    13648.0    13    13638.47    3    1
(advertise)    18    13648.2    22    13
(relay)    21    21    13716.01    13    13715.86    6    1
(advertise)    18    13716.21    21    13
(relay)    0    5    13782.83    13    13780.27    2    1
(advertise)    18    13783.03    5    13
(relay)    10    25    13859.24    13    13822.37    1    1
(relay)    10    10    13877.24    13    13876.19    3    1
(advertise)    18    13877.44    10    13
(relay)    45    32    13886.05    13    13883.91    4    1
(relay)    6    6    13898.25    13    13898.12    5    2
(advertise)    18    13899.65    32    13
(relay)    7    7    13909.27    13    13909.25    3    2
(relay)    0    0    13912.07    13    13911.95    4    3
(advertise)    18    13920.87    6    13
(advertise)    18    13943.88    7    13
(advertise)    18    13965.89    0    13
(relay)    7    8    13974.9    13    13958.45    2    1
(advertise)    18    13986.9    8    13
(relay)    7    24    13996.12    13    13984.44    1    1
(relay)    39    39    13997.32    13    13997.17    4    1
(advertise)    18    14008.52    39    13
(relay)    39    27    14014.53    13    13936.18    1    1
(relay)    4    4    14021.13    15    14020.66    5    1
(advertise)    18    14031.73    4    15
(relay)    4    48    14035.54    14    14034.31    4    1
(advertise)    18    14052.94    48    14
(relay)    39    34    14059.36    14    14031.0    2    1
(advertise)    18    14074.96    34    14
(relay)    4    41    14082.17    14    14057.91    2    1
(advertise)    18    14096.37    41    14
(relay)    0    36    14110.78    14    14076.54    2    1
(advertise)    18    14119.38    36    14
(relay)    33    33    14164.0    14    14163.94    4    1
(advertise)    18    14164.2    33    14
(generate)    18    14174.81    [3]    14
(relay)    11    17    14207.82    14    14184.2    2    1
(advertise)    18    14208.02    17    14
(relay)    11    14    14230.03    14    14176.57    1    1
(relay)    11    31    14306.63    14    14218.38    1    1
(relay)    4    15    14309.63    14    14307.56    2    1
(advertise)    18    14309.83    15    14
(relay)    10    42    14348.65    14    14322.9    1    1
(relay)    21    2    14351.25    14    14276.93    1    1
(relay)    4    37    14410.05    14    14406.27    2    1
(advertise)    18    14410.25    37    14
(relay)    11    11    14416.26    14    14415.2    4    1
(advertise)    18    14432.06    11    14
(relay)    11    46    14442.67    14    14442.22    3    1
(advertise)    18    14454.07    46    14
(relay)    11    9    14464.29    14    14422.39    2    1
(advertise)    18    14477.09    9    14
(relay)    45    45    14478.5    14    14477.86    5    1
(advertise)    18    14499.3    45    14
(relay)    11    44    14520.11    14    14494.36    1    1
(relay)    21    26    14541.71    14    14523.59    1    1
(relay)    21    38    14589.11    14    14585.41    1    1
(relay)    20    20    14602.91    14    14601.94    4    1
(advertise)    18    14603.11    20    14
(relay)    7    29    14632.73    14    14618.05    2    1
(advertise)    18    14632.93    29    14
(relay)    4    22    14638.94    14    14638.56    3    1
(advertise)    18    14655.34    22    14
(relay)    21    21    14715.95    14    14715.88    6    1
(advertise)    18    14716.15    21    14
(relay)    4    23    14740.16    14    14726.52    1    1
(relay)    0    5    14782.96    14    14780.36    2    1
(advertise)    18    14783.16    5    14
(relay)    39    12    14805.38    14    14802.7    1    1
(relay)    10    10    14877.18    14    14876.24    3    1
(advertise)    18    14877.38    10    14
(relay)    6    6    14898.39    14    14898.22    5    1
(relay)    39    32    14898.79    14    14884.1    4    2
(advertise)    18    14899.19    6    14
(relay)    7    7    14909.4    14    14909.31    3    2
(relay)    0    0    14912.2    14    14912.12    4    3
(advertise)    18    14920.2    32    14
(advertise)    18    14942.42    7    14
(advertise)    18    14963.43    0    14
(relay)    0    8    14981.04    14    14958.64    2    1
(advertise)    18    14985.84    8    14
(relay)    39    39    14997.26    14    14997.2    4    1
(relay)    7    27    15006.46    14    14936.24    1    2
(advertise)    18    15009.86    39    14
(relay)    4    4    15021.47    16    15020.84    5    1
(advertise)    18    15031.47    4    16
(relay)    4    48    15036.48    15    15034.49    4    1
(relay)    39    34    15051.68    15    15031.14    2    2
(advertise)    18    15053.28    48    15
(relay)    10    24    15054.49    14    14984.52    1    2
(advertise)    18    15076.09    34    15
(relay)    33    41    15108.71    15    15058.01    2    1
(advertise)    18    15108.91    41    15
(relay)    4    36    15131.32    15    15076.56    3    1
(advertise)    18    15131.52    36    15
(relay)    7    19    15159.73    15    15105.72    1    1
(relay)    33    33    15164.13    15    15164.08    4    1
(advertise)    18    15164.33    33    15
(generate)    18    15174.95    [3]    15
(relay)    4    14    15222.36    15    15176.69    1    1
(relay)    0    17    15226.56    15    15184.22    2    1
(advertise)    18    15226.76    17    15
(relay)    7    31    15276.17    15    15218.43    2    1
(advertise)    18    15276.37    31    15
(relay)    4    15    15310.19    15    15307.67    2    1
(advertise)    18    15310.39    15    15
(relay)    7    42    15333.8    15    15323.06    1    1
(relay)    7    30    15356.0    15    15299.3    1    1
(relay)    4    37    15411.0    15    15406.28    1    1
(relay)    11    11    15416.4    15    15415.34    4    1
(advertise)    18    15416.6    11    15
(relay)    11    46    15442.61    15    15442.32    3    1
(advertise)    18    15442.81    46    15
(relay)    10    9    15454.22    15    15422.42    1    1
(relay)    45    45    15478.62    15    15477.99    5    1
(advertise)    18    15478.82    45    15
(relay)    7    44    15519.64    15    15494.56    1    1
(relay)    10    26    15540.24    15    15523.67    1    1
(relay)    20    20    15603.04    15    15602.05    4    1
(advertise)    18    15603.24    20    15
(relay)    4    29    15625.65    15    15618.22    1    1
(relay)    39    16    15631.45    15    15594.2    1    1
(relay)    4    22    15647.85    15    15638.6    3    1
(advertise)    18    15648.05    22    15
(relay)    21    21    15716.26    15    15716.07    6    1
(advertise)    18    15716.46    21    15
(relay)    39    23    15737.88    15    15726.58    2    1
(advertise)    18    15739.68    23    15
(relay)    4    5    15784.49    15    15780.37    1    1
(relay)    10    12    15815.89    15    15802.78    1    1
(relay)    10    10    15876.49    15    15876.36    3    1
(advertise)    18    15876.69    10    15
(relay)    6    6    15898.5    15    15898.32    5    1
(relay)    0    32    15898.7    15    15884.1    4    2
(advertise)    18    15900.5    6    15
(relay)    7    7    15909.92    15    15909.42    3    2
(relay)    0    0    15912.92    15    15912.28    4    3
(advertise)    18    15922.32    32    15
(advertise)    18    15944.73    7    15
(advertise)    18    15965.74    0    15
(relay)    0    8    15981.35    15    15958.83    2    1
(advertise)    18    15988.55    8    15
(relay)    39    39    15997.77    15    15997.28    4    1
(advertise)    18    16009.57    39    15
(relay)    4    4    16021.38    17    16020.84    5    1
(advertise)    18    16031.58    4    17
(relay)    4    48    16036.39    16    16034.52    4    1
(relay)    7    34    16048.79    16    16031.27    2    2
(advertise)    18    16052.79    48    16
(advertise)    18    16074.61    34    16
(relay)    4    41    16081.02    16    16058.19    1    1
(relay)    0    36    16097.22    16    16076.58    1    1
(relay)    33    33    16164.22    16    16164.17    4    1
(advertise)    18    16164.42    33    16
(generate)    18    16175.03    [3]    16
(relay)    21    14    16208.05    16    16176.81    1    1
(relay)    45    17    16210.05    16    16184.23    2    1
(advertise)    18    16210.25    17    16
(relay)    11    19    16211.66    16    16105.91    1    1
(relay)    39    31    16275.66    16    16218.45    2    1
(advertise)    18    16275.86    31    16
(relay)    7    2    16290.47    16    16277.24    1    1
(relay)    4    15    16310.07    16    16307.74    2    1
(advertise)    18    16310.27    15    16
(relay)    21    30    16333.08    16    16299.5    1    1
(relay)    4    42    16334.28    16    16323.25    1    1
(relay)    39    37    16410.88    16    16406.31    2    1
(advertise)    18    16411.08    37    16
(relay)    11    11    16415.7    16    16415.5    4    1
(advertise)    18    16433.5    11    16
(relay)    7    46    16443.11    16    16442.44    3    1
(relay)    39    9    16453.51    16    16422.43    3    2
(advertise)    18    16455.91    46    16
(advertise)    18    16478.72    9    16
(relay)    11    45    16497.34    16    16478.08    3    1
(advertise)    18    16500.34    45    16
(relay)    11    44    16521.15    16    16494.59    1    1
(relay)    21    26    16544.75    16    16523.79    1    1
(relay)    39    38    16590.35    16    16585.51    1    1
(relay)    20    20    16602.35    16    16602.16    4    1
(advertise)    18    16602.55    20    16
(relay)    4    29    16626.56    16    16618.35    1    1
(relay)    39    16    16633.96    16    16594.38    1    1
(relay)    4    22    16648.76    16    16638.65    3    1
(advertise)    18    16648.96    22    16
(relay)    21    21    16716.58    16    16716.1    6    1
(advertise)    18    16716.78    21    16
(relay)    4    23    16740.19    16    16726.68    1    1
(heartbeat)    3    4    16746.24    18    16762.79    2    3
(advertise)    18    16762.99    3    4
(relay)    39    5    16783.6    16    16780.41    2    1
(advertise)    18    16784.0    5    16
(relay)    10    10    16876.41    16    16876.41    3    1
(advertise)    18    16876.61    10    16
(relay)    11    32    16898.23    16    16884.28    4    1
(advertise)    18    16899.03    32    16
(relay)    7    7    16910.04    16    16909.44    3    1
(relay)    0    0    16913.04    16    16912.46    4    2
(advertise)    18    16921.24    7    16
(relay)    39    25    16927.45    16    16822.64    1    2
(advertise)    18    16944.45    0    16
(relay)    7    6    16948.47    16    16899.25    2    1
(advertise)    18    16965.87    6    16
(relay)    0    8    16973.88    16    16958.87    2    1
(advertise)    18    16987.08    8    16
(relay)    39    39    16997.89    16    16997.36    4    1
(advertise)    18    17010.09    39    16
(relay)    4    4    17021.91    18    17020.86    5    1
(advertise)    18    17031.51    4    18
(relay)    7    24    17045.12    16    16984.74    1    1
(relay)    0    48    17046.32    17    17034.53    3    1
(advertise)    18    17052.92    48    17
(relay)    39    34    17066.13    17    17031.39    1    1
(relay)    4    41    17081.53    17    17058.37    3    1
(advertise)    18    17081.73    41    17
(relay)    4    36    17104.54    17    17076.61    3    1
(advertise)    18    17104.74    36    17
(relay)    33    33    17164.36    17    17164.33    4    1
(advertise)    18    17164.56    33    17
(generate)    18    17175.17    [3]    17
(relay)    0    14    17208.78    17    17176.91    1    1
(relay)    6    17    17210.98    17    17184.25    2    1
(advertise)    18    17211.18    17    17
(relay)    7    30    17304.8    17    17299.51    1    1
(relay)    4    15    17310.4    17    17307.85    2    1
(advertise)    18    17310.6    15    17
(relay)    10    42    17348.01    17    17323.44    1    1
(relay)    11    11    17415.81    17    17415.65    4    1
(advertise)    18    17416.01    11    17
(relay)    39    9    17437.62    17    17422.44    3    1
(advertise)    18    17437.82    9    17
(relay)    39    46    17459.04    17    17442.54    3    1
(advertise)    18    17460.44    46    17
(relay)    45    45    17479.25    17    17478.25    5    1
(advertise)    18    17481.45    45    17
(relay)    6    26    17539.46    17    17523.91    1    1
(relay)    20    20    17602.46    17    17602.26    4    1
(advertise)    18    17602.66    20    17
(relay)    4    29    17626.47    17    17618.5    1    1
(relay)    21    16    17632.27    17    17594.46    1    1
(relay)    4    22    17649.87    17    17638.68    3    1
(advertise)    18    17650.07    22    17
(relay)    21    21    17716.89    17    17716.29    5    1
(advertise)    18    17717.09    21    17
(relay)    0    23    17742.3    17    17726.77    1    1
(relay)    11    5    17782.1    17    17780.46    2    1
(advertise)    18    17782.3    5    17
(relay)    10    12    17816.31    17    17802.86    1    1
(relay)    7    25    17861.11    17    17822.71    1    1
(relay)    10    10    17876.51    17    17876.43    3    1
(advertise)    18    17876.71    10    17
(relay)    45    32    17884.93    17    17884.44    4    1
(advertise)    18    17897.93    32    17
(relay)    7    7    17910.14    17    17909.51    3    1
(relay)    0    0    17913.14    17    17912.59    4    2
(advertise)    18    17920.14    7    17
(advertise)    18    17941.55    0    17
(relay)    45    8    17961.37    17    17958.88    2    1
(advertise)    18    17964.97    8    17
(relay)    39    39    17997.98    17    17997.38    4    1
(advertise)    18    17998.18    39    17
(relay)    7    24    18020.39    17    17984.78    1    1
(relay)    4    4    18021.99    19    18021.0    5    1
(advertise)    18    18022.79    4    19
(relay)    4    48    18036.2    18    18034.71    4    1
(advertise)    18    18043.8    48    18
(relay)    4    34    18057.22    18    18031.51    1    1
(relay)    4    41    18081.22    18    18058.54    2    1
(advertise)    18    18081.42    41    18
(relay)    4    36    18104.23    18    18076.65    2    1
(advertise)    18    18105.23    36    18
(relay)    11    19    18148.64    18    18106.12    1    1
(relay)    33    33    18165.04    18    18164.42    4    1
(advertise)    18    18165.24    33    18
(generate)    18    18175.26    [3]    18
(relay)    45    17    18211.87    18    18184.25    2    1
(advertise)    18    18212.07    17    18
(relay)    21    31    18256.68    18    18218.53    1    1
(relay)    7    2    18281.28    18    18277.49    1    1
(relay)    21    30    18306.28    18    18299.69    1    1
(relay)    11    15    18309.48    18    18307.94    2    1
(advertise)    18    18309.68    15    18
(relay)    10    42    18331.1    18    18323.58    1    1
(relay)    11    11    18415.9    18    18415.79    4    1
(advertise)    18    18416.1    11    18
(relay)    39    9    18438.11    18    18422.61    3    1
(advertise)    18    18438.91    9    18
(relay)    11    46    18460.52    18    18442.59    3    1
(advertise)    18    18462.72    46    18
(relay)    45    45    18479.33    18    18478.36    5    1
(advertise)    18    18484.53    45    18
(relay)    4    44    18509.15    18    18494.67    1    1
(relay)    39    26    18533.15    18    18523.97    1    1
(relay)    20    20    18602.55    18    18602.36    4    1
(advertise)    18    18602.75    20    18
(relay)    4    29    18626.16    18    18618.62    1    1
(relay)    4    22    18647.96    18    18638.76    3    1
(advertise)    18    18648.16    22    18
(relay)    21    21    18716.97    18    18716.45    5    1
(advertise)    18    18717.17    21    18
(relay)    4    23    18741.39    18    18726.8    2    1
(advertise)    18    18741.59    23    18
(relay)    7    5    18781.6    18    18780.52    2    1
(advertise)    18    18781.8    5    18
(relay)    39    25    18872.41    18    18822.78    1    1
(relay)    10    10    18877.01    18    18876.46    3    1
(advertise)    18    18877.21    10    18
(relay)    45    32    18885.43    18    18884.61    4    1
(advertise)    18    18899.03    32    18
(relay)    7    7    18910.64    18    18909.55    3    1
(relay)    0    0    18913.64    18    18912.72    4    2
(advertise)    18    18920.64    7    18
(advertise)    18    18941.65    0    18
(relay)    45    8    18959.86    18    18959.07    2    1
(advertise)    18    18964.66    8    18
(relay)    39    39    18998.48    18    18997.41    4    1
(advertise)    18    18998.68    39    18
(relay)    4    4    19022.09    20    19021.15    5    1
(advertise)    18    19022.69    4    20
(relay)    4    48    19036.3    19    19034.9    4    1
(advertise)    18    19043.9    48    19
(relay)    4    34    19058.72    19    19031.6    1    1
(relay)    4    41    19095.92    19    19058.67    2    1
(advertise)    18    19096.12    41    19
(relay)    11    36    19119.33    19    19076.66    2    1
(advertise)    18    19120.13    36    19
(relay)    39    19    19141.54    19    19106.3    1    1
(relay)    33    33    19165.14    19    19164.52    4    1
(advertise)    18    19165.34    33    19
(generate)    18    19175.36    [3]    19
(relay)    0    17    19207.77    19    19184.27    2    1
(advertise)    18    19207.97    17    19
(relay)    39    14    19211.58    19    19177.08    2    1
(advertise)    18    19231.38    14    19
(relay)    21    31    19274.79    19    19218.58    1    1
(relay)    39    15    19308.59    19    19308.02    2    1
(advertise)    18    19308.79    15    19
(relay)    7    42    19331.41    19    19323.7    1    1
(relay)    11    11    19416.01    19    19415.9    4    1
(advertise)    18    19416.21    11    19
(relay)    39    9    19438.02    19    19422.79    3    1
(advertise)    18    19438.82    9    19
(relay)    39    46    19460.23    19    19442.64    3    1
(advertise)    18    19461.23    46    19
(relay)    45    45    19478.65    19    19478.45    5    1
(advertise)    18    19482.65    45    19
(relay)    4    44    19518.06    19    19494.71    1    1
(relay)    10    26    19541.46    19    19524.02    1    1
(relay)    20    20    19603.06    19    19602.47    4    1
(advertise)    18    19603.26    20    19
(relay)    4    29    19625.67    19    19618.68    1    1
(relay)    4    22    19647.67    19    19638.84    3    1
(advertise)    18    19647.87    22    19
(relay)    21    21    19717.09    19    19716.6    5    1
(advertise)    18    19717.29    21    19
(relay)    39    23    19742.7    19    19726.9    2    1
(advertise)    18    19742.9    23    19
(relay)    4    5    19793.91    19    19780.58    2    1
(advertise)    18    19794.11    5    19
(relay)    10    10    19877.12    19    19876.65    3    1
(advertise)    18    19877.32    10    19
(relay)    45    32    19886.14    19    19884.78    4    1
(advertise)    18    19899.14    32    19
(relay)    7    7    19910.75    19    19909.72    3    1
(relay)    0    0    19913.95    19    19912.86    4    2
(advertise)    18    19923.55    7    19
(advertise)    18    19945.56    0    19
(relay)    0    8    19960.18    19    19959.08    2    1
(advertise)    18    19968.18    8    19
(relay)    7    27    19982.79    19    19936.45    1    1
(relay)    39    39    19998.39    19    19997.42    4    1
(advertise)    18    19998.59    39    19
(relay)    4    4    20021.4    21    20021.33    5    1
(advertise)    18    20021.6    4    21
(relay)    4    48    20036.42    20    20035.08    4    1
(advertise)    18    20043.22    48    20
(relay)    7    34    20047.63    20    20031.74    2    1
(advertise)    18    20065.23    34    20
(relay)    4    41    20088.44    20    20058.79    2    1
(advertise)    18    20089.04    41    20
(relay)    4    36    20109.25    20    20076.68    3    1
(advertise)    18    20111.05    36    20
(relay)    4    19    20130.47    20    20106.3    1    1
(relay)    33    33    20165.27    20    20164.64    4    1
(advertise)    18    20165.47    33    20
(generate)    18    20175.48    [3]    20
(relay)    39    14    20207.69    20    20177.15    2    1
(advertise)    18    20207.89    14    20
(relay)    4    17    20211.31    20    20184.28    3    1
(advertise)    18    20229.11    17    20
(relay)    39    31    20286.52    20    20218.78    1    1
(relay)    21    2    20309.32    20    20277.74    1    1
(relay)    10    15    20310.52    20    20308.74    1    1
(relay)    21    30    20331.92    20    20300.05    1    1
(relay)    4    42    20352.92    20    20323.84    1    1
(relay)    39    37    20407.92    20    20406.49    2    1
(advertise)    18    20408.12    37    20
(relay)    11    11    20416.53    20    20416.05    4    1
(advertise)    18    20431.53    11    20
(relay)    4    9    20438.95    20    20422.98    3    1
(advertise)    18    20453.75    9    20
(relay)    4    46    20461.56    20    20442.68    3    1
(advertise)    18    20475.36    46    20
(relay)    45    45    20478.57    20    20478.55    5    1
(advertise)    18    20499.77    45    20
(relay)    4    44    20521.58    20    20494.74    2    1
(advertise)    18    20522.38    44    20
(relay)    39    26    20545.2    20    20524.12    2    1
(advertise)    18    20545.8    26    20
(relay)    20    20    20603.21    20    20602.61    4    1
(advertise)    18    20603.41    20    20
(relay)    21    16    20625.62    20    20594.87    1    1
(relay)    4    22    20641.22    20    20638.9    3    1
(advertise)    18    20641.42    22    20
(relay)    21    29    20646.64    20    20618.83    1    1
(relay)    21    21    20717.64    20    20716.63    5    1
(advertise)    18    20717.84    21    20
(relay)    10    23    20740.45    20    20726.96    1    1
(heartbeat)    3    5    20746.25    18    20761.85    2    3
(advertise)    18    20762.05    3    5
(relay)    11    5    20784.26    20    20780.62    2    1
(advertise)    18    20784.86    5    20
(relay)    39    12    20837.48    20    20803.19    1    1
(relay)    10    10    20877.28    20    20876.7    3    1
(advertise)    18    20877.48    10    20
(relay)    39    32    20899.69    20    20884.95    4    1
(advertise)    18    20901.09    32    20
(relay)    7    7    20910.7    20    20909.73    3    1
(relay)    0    0    20913.9    20    20912.98    4    2
(relay)    33    6    20921.3    20    20900.55    4    3
(advertise)    18    20924.3    7    20
(advertise)    18    20945.31    0    20
(advertise)    18    20968.53    6    20
(relay)    0    8    20981.74    20    20959.11    2    1
(advertise)    18    20991.54    8    20
(relay)    39    39    20998.55    20    20997.46    4    1
(advertise)    18    21012.95    39    20
(relay)    4    4    21021.57    22    21021.52    5    1
(advertise)    18    21036.17    4    22
(relay)    39    48    21045.38    21    21035.09    4    1
(advertise)    18    21058.78    48    21
(relay)    39    27    21068.19    20    20936.49    1    1
(relay)    4    41    21094.99    21    21058.96    3    1
(advertise)    18    21095.19    41    21
(relay)    7    36    21118.01    21    21076.72    1    1
(relay)    39    19    21139.21    21    21106.32    1    1
(relay)    33    33    21165.81    21    21164.78    4    1
(advertise)    18    21166.01    33    21
(generate)    18    21175.62    [3]    21
(relay)    45    17    21208.23    21    21184.29    2    1
(advertise)    18    21208.43    17    21
(relay)    39    14    21211.44    21    21177.26    2    1
(advertise)    18    21230.24    14    21
(relay)    39    2    21287.66    21    21277.91    1    1
(relay)    39    30    21309.26    21    21300.23    1    1
(relay)    0    15    21310.06    21    21308.85    2    1
(advertise)    18    21310.26    15    21
(relay)    7    42    21331.67    21    21323.99    1    1
(relay)    4    37    21409.27    21    21406.54    1    1
(relay)    11    11    21416.67    21    21416.2    4    1
(advertise)    18    21416.87    11    21
(relay)    0    46    21444.68    21    21442.76    3    1
(advertise)    18    21444.88    46    21
(relay)    45    45    21478.7    21    21478.67    5    1
(advertise)    18    21478.9    45    21
(relay)    4    44    21503.71    21    21494.76    1    1
(relay)    45    26    21529.51    21    21524.16    1    1
(relay)    21    38    21587.71    21    21585.75    1    1
(relay)    20    20    21603.31    21    21602.7    4    1
(advertise)    18    21603.51    20    21
(relay)    4    29    21627.32    21    21618.97    1    1
(relay)    21    16    21631.72    21    21595.06    1    1
(relay)    11    22    21648.52    21    21638.99    2    1
(advertise)    18    21648.72    22    21
(relay)    21    21    21717.74    21    21716.82    4    1
(advertise)    18    21717.94    21    21
(relay)    4    23    21742.15    21    21727.04    1    1
(relay)    0    5    21781.95    21    21780.81    2    1
(advertise)    18    21782.15    5    21
(relay)    10    10    21877.36    21    21876.89    3    1
(advertise)    18    21877.56    10    21
(relay)    45    32    21886.97    21    21885.11    4    1
(advertise)    18    21900.37    32    21
(relay)    6    6    21901.79    21    21900.61    5    1
(relay)    7    7    21909.99    21    21909.9    3    2
(relay)    0    0    21913.19    21    21913.08    4    3
(advertise)    18    21923.19    6    21
(advertise)    18    21944.8    7    21
(advertise)    18    21966.01    0    21
(relay)    7    8    21980.43    21    21959.27    2    1
(advertise)    18    21988.43    8    21
(relay)    39    39    21998.44    21    21997.47    4    1
(advertise)    18    22010.04    39    21
(relay)    4    4    22021.85    23    22021.68    5    1
(relay)    7    24    22025.25    21    21985.0    1    2
(advertise)    18    22031.05    4    23
(relay)    4    48    22036.27    22    22035.11    4    1
(relay)    39    34    22044.67    22    22031.94    2    2
(advertise)    18    22053.07    48    22
(advertise)    18    22074.48    34    22
(relay)    4    41    22079.89    22    22059.11    2    1
(advertise)    18    22095.69    41    22
(relay)    45    36    22110.5    22    22076.92    1    1
(relay)    0    19    22158.1    22    22106.48    1    1
(relay)    33    33    22165.9    22    22164.88    4    1
(advertise)    18    22166.1    33    22
(generate)    18    22175.72    [3]    22
(relay)    21    14    22211.53    22    22177.27    1    1
(relay)    11    17    22211.93    22    22184.46    2    1
(advertise)    18    22212.13    17    22
(relay)    21    31    22293.74    22    22219.08    1    1
(relay)    4    15    22310.14    22    22308.94    2    1
(advertise)    18    22310.34    15    22
(relay)    4    42    22334.76    22    22324.12    1    1
(relay)    7    2    22361.16    22    22277.92    1    1
(relay)    21    30    22382.16    22    22300.43    1    1
(relay)    4    37    22408.56    22    22406.56    2    1
(advertise)    18    22408.76    37    22
(relay)    11    11    22416.97    22    22416.33    4    1
(advertise)    18    22429.97    11    22
(relay)    11    46    22444.98    22    22442.81    3    1
(relay)    7    9    22451.38    22    22423.2    1    2
(advertise)    18    22453.18    46    22
(relay)    45    45    22479.0    22    22478.8    5    1
(advertise)    18    22479.2    45    22
(relay)    0    44    22521.61    22    22494.78    1    1
(relay)    39    26    22543.61    22    22524.26    1    1
(relay)    39    38    22588.01    22    22585.79    1    1
(relay)    20    20    22603.81    22    22602.81    4    1
(advertise)    18    22604.01    20    22
(relay)    4    29    22628.22    22    22619.09    1    1
(relay)    21    16    22632.22    22    22595.23    1    1
(relay)    4    22    22649.22    22    22639.03    3    1
(advertise)    18    22649.42    22    22
(relay)    21    21    22717.83    22    22716.83    4    1
(advertise)    18    22718.03    21    22
(relay)    39    23    22741.25    22    22727.05    1    1
(relay)    0    5    22783.45    22    22780.87    2    1
(advertise)    18    22783.65    5    22
(relay)    10    12    22808.46    22    22803.36    1    1
(relay)    10    10    22877.86    22    22876.94    3    1
(advertise)    18    22878.06    10    22
(relay)    45    32    22887.27    22    22885.11    4    1
(advertise)    18    22901.07    32    22
(relay)    7    7    22910.29    22    22910.18    3    1
(relay)    0    0    22913.29    22    22913.22    4    2
(advertise)    18    22922.29    7    22
(advertise)    18    22943.7    0    22
(relay)    0    8    22962.51    22    22959.41    2    1
(advertise)    18    22966.71    8    22
(relay)    39    27    22989.93    22    22936.58    1    1
(relay)    39    39    22997.73    22    22997.55    4    1
(advertise)    18    22997.93    39    22
(relay)    4    4    23022.34    24    23021.87    5    1
(advertise)    18    23022.94    4    24
(relay)    4    48    23036.15    23    23035.29    4    1
(relay)    39    34    23043.75    23    23032.06    2    2
(advertise)    18    23045.75    48    23
(relay)    10    24    23055.76    22    22985.09    1    2
(advertise)    18    23068.76    34    23
(relay)    4    36    23084.78    23    23076.94    2    1
(advertise)    18    23090.98    36    23
(relay)    4    41    23105.99    23    23059.26    2    1
(advertise)    18    23113.99    41    23
(relay)    33    33    23166.0    23    23164.98    4    1
(advertise)    18    23166.2    33    23
(generate)    18    23175.82    [3]    23
(relay)    11    17    23211.43    23    23184.63    2    1
(advertise)    18    23211.63    17    23
(relay)    7    14    23213.24    23    23177.34    2    1
(advertise)    18    23234.44    14    23
(relay)    7    31    23270.66    23    23219.1    1    1
(relay)    7    2    23296.86    23    23278.07    1    1
(relay)    4    15    23310.06    23    23309.02    2    1
(advertise)    18    23310.26    15    23
(relay)    39    30    23322.27    23    23300.6    1    1
(relay)    10    42    23361.27    23    23324.31    1    1
(relay)    10    37    23410.07    23    23406.57    1    1
(relay)    11    11    23417.47    23    23416.45    4    1
(advertise)    18    23417.67    11    23
(relay)    4    9    23439.28    23    23423.39    3    1
(advertise)    18    23439.68    9    23
(relay)    4    46    23460.09    23    23442.86    3    1
(advertise)    18    23462.69    46    23
(relay)    45    45    23479.51    23    23478.87    5    1
(advertise)    18    23484.91    45    23
(relay)    4    44    23522.32    23    23494.8    1    1
(relay)    4    26    23544.92    23    23524.32    2    1
(advertise)    18    23545.12    26    23
(relay)    20    20    23603.93    23    23602.92    4    1
(advertise)    18    23604.13    20    23
(relay)    4    29    23626.75    23    23619.22    1    1
(relay)    4    22    23650.15    23    23639.06    3    1
(advertise)    18    23650.35    22    23
(relay)    21    21    23717.16    23    23717.02    4    1
(advertise)    18    23717.36    21    23
(relay)    10    23    23744.57    23    23727.09    1    1
(relay)    21    5    23784.37    23    23780.87    1    1
(relay)    21    12    23838.77    23    23803.66    1    1
(relay)    10    10    23877.97    23    23876.98    3    1
(advertise)    18    23878.17    10    23
(relay)    4    32    23899.19    23    23885.29    4    1
(advertise)    18    23899.79    32    23
(relay)    6    6    23901.6    23    23901.56    5    1
(relay)    7    7    23910.4    23    23910.22    3    2
(relay)    0    0    23913.4    23    23913.38    4    3
(advertise)    18    23920.8    6    23
(advertise)    18    23942.01    7    23
(advertise)    18    23965.02    0    23
(relay)    0    8    23966.44    23    23959.42    2    1
(advertise)    18    23988.44    8    23
(relay)    39    39    23997.65    23    23997.56    4    1
(advertise)    18    24010.65    39    23
(relay)    39    27    24014.46    23    23936.64    1    1
(relay)    4    4    24022.66    25    24022.02    5    1
(advertise)    18    24032.46    4    25
(relay)    4    48    24037.28    24    24035.29    4    1
(advertise)    18    24053.68    48    24
(relay)    39    34    24060.09    24    24032.15    2    1
(advertise)    18    24077.69    34    24
(relay)    4    41    24090.9    24    24059.45    2    1
(advertise)    18    24100.9    41    24
(relay)    4    36    24114.12    24    24076.96    2    1
(advertise)    18    24121.92    36    24
(relay)    33    33    24165.13    24    24165.1    4    1
(advertise)    18    24165.33    33    24
(generate)    18    24175.94    [3]    24
(relay)    0    17    24211.15    24    24184.63    2    1
(advertise)    18    24211.35    17    24
(relay)    10    14    24212.57    24    24177.44    2    1
(advertise)    18    24233.37    14    24
(relay)    4    15    24310.78    24    24309.14    2    1
(advertise)    18    24310.98    15    24
(relay)    39    42    24342.59    24    24324.41    1    1
(relay)    4    37    24410.99    24    24406.57    1    1
(relay)    11    11    24417.59    24    24416.62    4    1
(advertise)    18    24417.79    11    24
(relay)    39    9    24439.41    24    24423.41    3    1
(advertise)    18    24439.81    9    24
(relay)    39    46    24461.82    24    24442.88    2    1
(advertise)    18    24462.02    46    24
(relay)    45    45    24479.63    24    24479.01    5    1
(advertise)    18    24484.83    45    24
(relay)    39    44    24523.25    24    24495.0    1    1
(relay)    20    20    24604.05    24    24603.02    4    1
(advertise)    18    24604.25    20    24
(relay)    4    29    24626.86    24    24619.37    1    1
(relay)    39    22    24639.66    24    24639.16    3    1
(advertise)    18    24639.86    22    24
(relay)    21    21    24717.27    24    24717.21    4    1
(advertise)    18    24717.47    21    24
(relay)    7    23    24739.68    24    24727.2    2    1
(advertise)    18    24740.88    23    24
(heartbeat)    3    6    24746.27    18    24752.3    2    3
(advertise)    18    24763.3    3    6
(relay)    7    5    24784.11    24    24780.95    2    1
(advertise)    18    24784.71    5    24
(relay)    4    25    24872.92    24    24823.38    1    1
(relay)    10    10    24878.12    24    24877.04    3    1
(advertise)    18    24878.32    10    24
(relay)    11    32    24899.74    24    24885.48    4    1
(advertise)    18    24902.14    32    24
(relay)    7    7    24910.35    24    24910.25    3    1
(relay)    0    0    24913.55    24    24913.53    4    2
(relay)    11    6    24922.15    24    24902.9    4    3
(advertise)    18    24924.15    7    24
(advertise)    18    24946.56    0    24
(advertise)    18    24968.18    6    24
(relay)    0    8    24985.59    24    24959.45    2    1
(advertise)    18    24990.39    8    24
(relay)    39    39    24997.8    24    24997.61    4    1
(advertise)    18    25011.6    39    24
(relay)    4    4    25022.61    26    25022.02    5    1
(advertise)    18    25033.81    4    26
(relay)    0    48    25053.03    25    25035.29    3    1
(advertise)    18    25055.23    48    25
(relay)    11    36    25115.04    25    25077.16    2    1
(advertise)    18    25115.24    36    25
(relay)    33    33    25165.25    25    25165.23    4    1
(advertise)    18    25165.45    33    25
(generate)    18    25176.07    [3]    25
(relay)    39    14    25209.48    25    25177.73    2    1
(advertise)    18    25209.68    14    25
(relay)    4    17    25211.69    25    25184.82    3    1
(advertise)    18    25230.69    17    25
(relay)    6    15    25312.71    25    25309.28    1    1
(relay)    21    31    25319.11    25    25219.2    1    1
(relay)    21    2    25340.31    25    25278.38    1    1
(relay)    21    42    25406.71    25    25324.55    1    1
(relay)    4    37    25410.31    25    25406.62    2    1
(advertise)    18    25410.51    37    25
(relay)    11    11    25417.72    25    25416.78    4    1
(advertise)    18    25432.32    11    25
(relay)    11    46    25443.33    25    25442.94    3    1
(relay)    4    9    25452.73    25    25423.42    3    2
(advertise)    18    25454.13    46    25
(advertise)    18    25476.34    9    25
(relay)    45    45    25479.76    25    25479.16    5    1
(advertise)    18    25497.56    45    25
(relay)    39    38    25590.37    25    25585.95    1    1
(relay)    20    20    25604.17    25    25603.14    4    1
(advertise)    18    25604.37    20    25
(relay)    4    29    25628.58    25    25619.53    1    1
(relay)    21    16    25633.38    25    25595.69    1    1
(relay)    4    22    25650.38    25    25639.28    3    1
(advertise)    18    25650.58    22    25
(relay)    21    21    25717.4    25    25717.21    4    1
(advertise)    18    25717.6    21    25
(relay)    39    23    25739.41    25    25727.25    2    1
(advertise)    18    25740.21    23    25
(relay)    4    5    25783.42    25    25781.04    2    1
(advertise)    18    25783.62    5    25
(relay)    21    25    25859.24    25    25823.5    1    1
(relay)    10    10    25877.24    25    25877.04    3    1
(advertise)    18    25877.44    10    25
(relay)    11    32    25899.05    25    25885.66    4    1
(advertise)    18    25899.65    32    25
(relay)    7    7    25910.86    25    25910.27    3    1
(relay)    0    0    25914.26    25    25913.7    4    2
(advertise)    18    25921.26    7    25
(advertise)    18    25943.27    0    25
(relay)    0    8    25964.09    25    25959.62    2    1
(advertise)    18    25965.29    8    25
(relay)    39    39    25998.1    25    25997.62    4    1
(advertise)    18    25998.3    39    25
(relay)    4    4    26022.71    27    26022.19    5    1
(advertise)    18    26022.91    4    27
(relay)    4    48    26037.53    26    26035.88    4    1
(relay)    21    34    26045.73    26    26032.42    2    2
(advertise)    18    26046.33    48    26
(advertise)    18    26069.14    34    26
(relay)    4    41    26080.15    26    26059.7    2    1
(advertise)    18    26091.15    41    26
(relay)    4    36    26104.17    26    26077.18    2    1
(advertise)    18    26114.57    36    26
(relay)    4    19    26127.58    26    26106.76    1    1
(relay)    33    33    26165.38    26    26165.34    4    1
(advertise)    18    26165.58    33    26
(generate)    18    26176.19    [3]    26
(relay)    11    14    26209.2    26    26177.82    1    1
(relay)    4    17    26212.2    26    26184.82    3    1
(advertise)    18    26212.4    17    26
(relay)    21    31    26254.42    26    26219.26    1    1
(relay)    0    15    26311.82    26    26309.32    2    1
(advertise)    18    26312.02    15    26
(relay)    21    42    26348.23    26    26324.68    1    1
(relay)    6    37    26411.63    26    26406.67    1    1
(relay)    10    11    26431.23    26    26416.89    3    1
(advertise)    18    26431.43    11    26
(relay)    11    46    26443.44    26    26443.02    3    1
(advertise)    18    26453.64    46    26
(relay)    4    9    26454.86    26    26423.61    3    1
(advertise)    18    26477.06    9    26
(relay)    45    45    26481.27    26    26480.28    5    1
(advertise)    18    26500.07    45    26
(relay)    11    26    26541.48    26    26524.53    2    1
(advertise)    18    26541.68    26    26
(relay)    20    20    26603.3    26    26603.27    4    1
(advertise)    18    26603.5    20    26
(relay)    39    29    26632.31    26    26619.58    1    1
(relay)    21    16    26636.31    26    26595.8    1    1
(relay)    4    22    26640.11    26    26639.31    3    1
(advertise)    18    26640.31    22    26
(relay)    21    21    26717.52    26    26717.39    4    1
(advertise)    18    26717.72    21    26
(relay)    39    23    26743.13    26    26727.42    1    1
(relay)    11    5    26782.73    26    26781.05    2    1
(advertise)    18    26782.93    5    26
(relay)    10    25    26866.75    26    26823.55    1    1
(relay)    10    10    26877.15    26    26877.07    3    1
(advertise)    18    26877.35    10    26
(relay)    11    32    26898.76    26    26885.8    4    1
(advertise)    18    26900.16    32    26
(relay)    7    7    26910.77    26    26910.28    3    1
(relay)    0    0    26914.37    26    26913.81    4    2
(relay)    11    6    26920.97    26    26903.15    4    3
(advertise)    18    26922.17    7    26
(advertise)    18    26944.59    0    26
(advertise)    18    26966.0    6    26
(relay)    0    8    26980.61    26    26959.79    2    1
(advertise)    18    26989.61    8    26
(relay)    39    39    26998.23    26    26997.66    4    1
(advertise)    18    27011.43    39    26
(relay)    4    4    27023.44    28    27022.35    5    1
(advertise)    18    27033.44    4    28
(relay)    4    48    27038.25    27    27036.07    4    1
(relay)    39    34    27046.85    27    27032.54    2    2
(advertise)    18    27054.85    48    27
(advertise)    18    27076.66    34    27
(relay)    4    41    27081.08    27    27059.78    2    1
(relay)    7    24    27089.68    26    26985.39    1    2
(advertise)    18    27097.88    41    27
(relay)    4    36    27104.29    27    27077.2    3    1
(advertise)    18    27120.69    36    27
(relay)    33    33    27165.5    27    27165.46    4    1
(advertise)    18    27165.7    33    27
(generate)    18    27176.32    [3]    27
(relay)    11    14    27210.53    27    27177.88    1    1
(relay)    6    17    27211.13    27    27185.01    2    1
(advertise)    18    27211.33    17    27
(relay)    39    30    27306.54    27    27301.11    1    1
(relay)    4    15    27312.34    27    27309.39    2    1
(advertise)    18    27312.54    15    27
(relay)    4    42    27333.56    27    27324.83    1    1
(relay)    11    11    27417.16    27    27417.04    4    1
(advertise)    18    27417.36    11    27
(relay)    21    37    27439.97    27    27406.68    1    1
(relay)    11    46    27444.37    27    27443.09    3    1
(advertise)    18    27444.57    46    27
(relay)    7    9    27453.38    27    27423.8    1    1
(relay)    45    45    27481.38    27    27480.39    5    1
(advertise)    18    27481.58    45    27
(relay)    10    44    27519.59    27    27495.11    1    1
(relay)    39    26    27525.79    27    27524.61    1    1
(relay)    20    20    27603.39    27    27603.37    4    1
(advertise)    18    27603.59    20    27
(relay)    4    29    27628.01    27    27619.7    1    1
(relay)    21    16    27633.21    27    27595.97    1    1
(relay)    4    22    27650.61    27    27639.36    3    1
(advertise)    18    27650.81    22    27
(relay)    21    21    27718.02    27    27717.4    4    1
(advertise)    18    27718.22    21    27
(relay)    0    23    27739.83    27    27727.5    1    1
(relay)    39    5    27782.43    27    27781.05    2    1
(advertise)    18    27782.63    5    27
(relay)    10    10    27877.25    27    27877.14    3    1
(advertise)    18    27877.45    10    27
(relay)    11    32    27899.86    27    27885.99    4    1
(advertise)    18    27901.06    32    27
(relay)    6    6    27903.87    27    27903.26    5    1
(relay)    7    7    27910.87    27    27910.36    3    2
(relay)    0    0    27914.47    27    27913.94    4    3
(advertise)    18    27922.47    6    27
(advertise)    18    27944.69    7    27
(advertise)    18    27966.1    0    27
(relay)    7    8    27971.71    27    27959.96    1    1
(relay)    39    39    27998.31    27    27997.75    4    1
(advertise)    18    27998.51    39    27
(relay)    4    4    28023.52    29    28022.54    5    1
(advertise)    18    28023.92    4    29
(relay)    4    48    28038.54    28    28036.26    4    1
(relay)    39    34    28044.94    28    28032.67    2    2
(advertise)    18    28047.14    48    28
(relay)    10    24    28055.55    27    27985.5    1    2
(advertise)    18    28070.15    34    28
(relay)    45    41    28077.56    28    28059.87    2    1
(relay)    21    27    28090.76    27    27936.89    1    2
(advertise)    18    28091.36    41    28
(relay)    45    36    28102.18    28    28077.21    2    1
(advertise)    18    28112.38    36    28
(relay)    7    19    28160.19    28    28107.04    1    1
(relay)    33    33    28166.19    28    28165.55    4    1
(advertise)    18    28166.39    33    28
(generate)    18    28176.4    [3]    28
(relay)    10    14    28209.82    28    28177.97    2    1
(advertise)    18    28210.02    14    28
(relay)    4    17    28211.43    28    28185.2    3    1
(advertise)    18    28232.83    17    28
(relay)    21    15    28312.64    28    28309.47    1    1
(relay)    39    31    28332.24    28    28219.39    1    1
(relay)    39    42    28355.04    28    28325.96    1    1
(relay)    21    2    28356.64    28    28278.81    1    1
(relay)    21    30    28408.84    28    28301.28    1    1
(relay)    10    37    28409.84    28    28406.68    1    1
(relay)    11    11    28417.24    28    28417.16    4    1
(advertise)    18    28417.44    11    28
(relay)    4    9    28440.65    28    28423.82    3    1
(advertise)    18    28442.25    9    28
(relay)    4    46    28463.07    28    28443.17    3    1
(advertise)    18    28464.27    46    28
(relay)    45    45    28481.48    28    28480.52    5    1
(advertise)    18    28485.28    45    28
(relay)    0    26    28540.89    28    28524.69    1    1
(relay)    21    38    28588.09    28    28586.14    1    1
(relay)    20    20    28603.49    28    28603.47    4    1
(advertise)    18    28603.69    20    28
(relay)    4    29    28626.51    28    28619.81    1    1
(relay)    39    16    28631.71    28    28596.11    1    1
(relay)    11    22    28642.31    28    28639.42    2    1
(advertise)    18    28642.51    22    28
(relay)    21    21    28717.92    28    28717.42    4    1
(advertise)    18    28718.12    21    28
(relay)    10    23    28744.33    28    28727.54    1    1
(heartbeat)    3    7    28746.28    18    28765.93    2    5
(advertise)    18    28766.13    3    7
(relay)    7    5    28786.95    28    28781.1    2    1
(advertise)    18    28788.95    5    28
(relay)    10    10    28877.36    28    28877.21    3    1
(advertise)    18    28877.56    10    28
(relay)    45    32    28887.37    28    28886.14    4    1
(advertise)    18    28898.97    32    28
(relay)    6    6    28903.98    28    28903.36    5    1
(relay)    7    7    28911.38    28    28910.41    3    2
(relay)    0    0    28914.98    28    28914.07    5    3
(advertise)    18    28920.38    6    28
(advertise)    18    28942.8    7    28
(advertise)    18    28964.41    0    28
(relay)    0    8    28976.42    28    28959.99    2    1
(advertise)    18    28986.22    8    28
(relay)    39    39    28998.44    28    28997.8    4    1
(relay)    7    27    28998.84    28    28936.94    1    2
(advertise)    18    29007.84    39    28
(relay)    4    4    29023.65    30    29022.72    5    1
(advertise)    18    29030.25    4    30
(relay)    4    48    29038.86    29    29037.08    4    1
(advertise)    18    29051.26    48    29
(relay)    7    24    29085.28    28    28985.61    1    1
(relay)    4    41    29093.28    29    29060.01    3    1
(advertise)    18    29093.48    41    29
(relay)    7    34    29107.89    29    29032.87    1    1
(relay)    33    33    29166.29    29    29165.66    4    1
(advertise)    18    29166.49    33    29
(generate)    18    29176.5    [3]    29
(relay)    39    14    29209.51    29    29178.05    2    1
(advertise)    18    29209.71    14    29
(relay)    4    17    29212.33    29    29185.21    3    1
(advertise)    18    29231.33    17    29
(relay)    4    36    29234.74    29    29077.25    2    1
(advertise)    18    29253.94    36    29
(relay)    7    19    29256.15    29    29107.2    1    1
(relay)    21    15    29311.55    29    29309.6    1    1
(relay)    21    42    29364.55    29    29326.14    1    1
(relay)    7    30    29386.95    29    29301.29    1    1
(relay)    4    37    29409.75    29    29406.73    1    1
(relay)    11    11    29417.35    29    29417.29    4    1
(advertise)    18    29417.55    11    29
(relay)    39    9    29439.77    29    29423.82    3    1
(advertise)    18    29439.97    9    29
(relay)    10    46    29462.38    29    29443.22    3    1
(advertise)    18    29463.18    46    29
(relay)    39    45    29483.59    29    29480.62    4    1
(advertise)    18    29484.59    45    29
(relay)    0    44    29519.61    29    29495.17    1    1
(relay)    10    26    29543.21    29    29524.77    2    1
(advertise)    18    29543.41    26    29
(relay)    7    38    29588.42    29    29586.21    1    1
(relay)    20    20    29604.22    29    29603.59    4    1
(advertise)    18    29604.42    20    29
(relay)    4    29    29627.83    29    29619.97    1    1
(relay)    39    16    29633.03    29    29596.28    1    1
(relay)    4    22    29650.63    29    29639.52    3    1
(advertise)    18    29650.83    22    29
(relay)    21    21    29718.04    29    29717.43    4    1
(advertise)    18    29718.24    21    29
(relay)    4    23    29743.46    29    29727.59    1    1
(relay)    6    5    29782.46    29    29781.17    1    1
(relay)    10    10    29877.86    29    29877.25    3    1
(advertise)    18    29878.06    10    29
(relay)    45    32    29887.67    29    29886.3    4    1
(advertise)    18    29899.87    32    29
(relay)    6    6    29904.48    29    29903.49    5    1
(relay)    7    7    29911.48    29    29910.45    3    2
(relay)    0    0    29915.28    29    29914.22    5    3
(advertise)    18    29922.68    6    29
(advertise)    18    29944.9    7    29
(advertise)    18    29966.71    0    29
(relay)    0    8    29977.92    29    29959.99    2    1
(advertise)    18    29989.12    8    29
(relay)    39    39    29998.94    29    29997.86    4    1
