(relay)    38    4    32.6    1    19    122    1
(advertise)    30    32.8    4    1
(relay)    27    4    1020.61    2    1019.01    122    1
(advertise)    30    1020.81    4    2
(relay)    2    48    1043.63    1    1033.03    123    1
(advertise)    30    1045.23    48    1
(relay)    2    34    1065.04    1    1029.03    125    1
(advertise)    30    1068.04    34    1
(relay)    2    41    1088.85    1    1055.04    122    1
(advertise)    30    1090.45    41    1
(relay)    27    36    1111.67    1    1075.05    121    1
(advertise)    30    1114.07    36    1
(relay)    38    19    1134.88    1    1103.07    122    1
(advertise)    30    1136.08    19    1
(relay)    27    1    1157.29    1    1152.09    124    1
(advertise)    30    1157.89    1    1
(relay)    31    14    1183.3    1    1175.1    122    1
(advertise)    30    1183.5    14    1
(relay)    2    33    1202.72    1    1162.1    122    1
(advertise)    30    1205.72    33    1
(relay)    31    31    1217.73    1    1217.13    127    1
(relay)    2    17    1227.53    1    1183.12    123    2
(advertise)    30    1228.73    31    1
(advertise)    30    1250.54    17    1
(relay)    38    18    1268.96    1    1173.1    121    1
(advertise)    30    1272.96    18    1
(relay)    2    2    1275.37    1    1275.17    127    1
(advertise)    30    1293.97    2    1
(generate)    30    1297.18    [3]    1
(relay)    2    15    1333.6    1    1305.17    124    1
(advertise)    30    1333.8    15    1
(relay)    2    42    1356.41    1    1320.2    125    1
(advertise)    30    1357.01    42    1
(relay)    2    13    1399.42    1    1397.02    124    1
(advertise)    30    1399.62    13    1
(relay)    2    37    1425.43    1    1405.03    123    1
(advertise)    30    1425.63    37    1
(relay)    2    9    1448.65    1    1420.03    123    1
(advertise)    30    1450.25    9    1
(relay)    38    11    1471.06    1    1413.03    120    1
(advertise)    30    1472.46    11    1
(relay)    2    46    1493.27    1    1441.05    123    1
(advertise)    30    1493.87    46    1
(relay)    2    44    1517.49    1    1493.09    123    1
(advertise)    30    1517.89    44    1
(relay)    2    45    1539.9    1    1476.07    123    1
(advertise)    30    1541.1    45    1
(relay)    2    26    1561.31    1    1522.1    123    1
(advertise)    30    1562.51    26    1
(relay)    38    38    1584.73    1    1584.13    127    1
(advertise)    30    1585.13    38    1
(relay)    27    16    1608.74    1    1592.14    126    1
(advertise)    30    1609.34    16    1
(relay)    27    29    1632.95    1    1616.15    124    1
(advertise)    30    1633.35    29    1
(relay)    27    22    1654.96    1    1637.16    123    1
(advertise)    30    1655.36    22    1
(relay)    2    28    1702.18    1    1697.16    123    1
(advertise)    30    1702.38    28    1
(relay)    2    40    1722.79    1    1721.19    126    1
(advertise)    30    1724.39    40    1
(relay)    27    21    1747.4    1    1714.19    123    1
(advertise)    30    1747.6    21    1
(relay)    2    43    1770.42    1    1755.03    126    1
(advertise)    30    1771.22    43    1
(relay)    2    23    1792.43    1    1725.0    122    1
(advertise)    30    1793.43    23    1
(relay)    2    12    1814.64    1    1799.04    126    1
(advertise)    30    1816.84    12    1
(relay)    2    35    1835.66    1    1803.04    126    1
(advertise)    30    1839.06    35    1
(relay)    2    25    1858.07    1    1821.06    126    1
(relay)    31    5    1859.87    1    1779.04    122    2
(advertise)    30    1860.27    25    1
(advertise)    30    1881.48    5    1
(relay)    2    10    1903.89    1    1875.08    124    1
(advertise)    30    1904.09    10    1
(relay)    31    32    1926.11    1    1882.08    123    1
(advertise)    30    1927.91    32    1
(relay)    27    27    1935.72    1    1935.12    127    1
(advertise)    30    1950.72    27    1
(relay)    27    7    1970.73    1    1908.11    124    1
(advertise)    30    1972.93    7    1
(relay)    2    0    1994.15    1    1910.11    122    1
(advertise)    30    1995.35    0    1
(relay)    2    24    2015.36    1    1983.16    125    1
(advertise)    30    2016.36    24    1
(relay)    2    6    2037.77    1    1896.09    121    1
(advertise)    30    2038.17    6    1
(relay)    27    34    2039.99    2    2029.17    125    1
(advertise)    30    2059.59    34    2
(relay)    38    39    2084.6    1    1996.16    123    1
(advertise)    30    2085.2    39    1
(relay)    31    8    2104.21    1    1957.13    123    1
(advertise)    30    2108.21    8    1
(relay)    2    48    2127.42    2    2033.17    123    1
(relay)    27    4    2128.02    3    2019.17    123    2
(advertise)    30    2130.42    48    2
(advertise)    30    2153.64    4    3
(relay)    27    41    2171.65    2    2055.2    121    1
(relay)    2    1    2172.05    2    2152.25    126    2
(advertise)    30    2177.05    41    2
(relay)    2    19    2194.26    2    2103.22    124    2
(advertise)    30    2198.26    1    2
(relay)    31    31    2217.88    2    2217.28    127    2
(advertise)    30    2222.08    19    2
(relay)    2    14    2241.29    2    2175.26    124    2
(advertise)    30    2243.89    31    2
(relay)    2    36    2262.5    2    2075.21    121    2
(advertise)    30    2266.3    14    2
(relay)    31    33    2267.52    2    2162.25    123    2
(relay)    2    2    2275.52    2    2275.32    127    3
(advertise)    30    2287.32    36    2
(generate)    30    2297.33    [3]    2
(advertise)    30    2310.74    33    2
(advertise)    30    2332.75    2    2
(relay)    31    18    2334.57    2    2173.26    123    1
(advertise)    30    2354.97    18    2
(relay)    31    17    2378.38    2    2183.28    123    1
(advertise)    30    2378.58    17    2
(relay)    2    42    2400.79    2    2320.35    124    1
(advertise)    30    2400.99    42    2
(relay)    2    15    2433.01    2    2305.33    124    1
(advertise)    30    2433.21    15    2
(relay)    2    13    2454.22    2    2397.18    123    1
(advertise)    30    2454.42    13    2
(relay)    2    11    2475.83    2    2413.19    123    1
(advertise)    30    2476.03    11    2
(relay)    2    37    2498.44    2    2405.21    123    1
(advertise)    30    2498.64    37    2
(relay)    2    46    2520.06    2    2441.22    124    1
(advertise)    30    2520.86    46    2
(relay)    2    9    2540.27    2    2420.99    121    1
(advertise)    30    2543.87    9    2
(relay)    2    44    2565.08    2    2493.26    123    1
(advertise)    30    2565.28    44    2
(relay)    38    38    2584.9    2    2584.3    127    1
(advertise)    30    2587.3    38    2
(relay)    27    45    2614.71    2    2476.23    120    1
(advertise)    30    2615.31    45    2
(relay)    2    16    2632.12    2    2592.3    126    1
(advertise)    30    2637.72    16    2
(relay)    2    26    2655.14    2    2522.27    123    1
(advertise)    30    2659.14    26    2
(relay)    2    29    2677.15    2    2616.32    124    1
(advertise)    30    2681.15    29    2
(relay)    2    22    2699.56    2    2637.32    124    1
(advertise)    30    2704.36    22    2
(relay)    2    20    2721.17    2    2600.31    122    1
(advertise)    30    2726.37    20    2
(relay)    38    40    2727.99    2    2721.37    126    1
(advertise)    30    2747.79    40    2
(relay)    2    28    2764.8    2    2697.32    124    1
(advertise)    30    2769.2    28    2
(relay)    2    43    2788.41    2    2755.21    126    1
(advertise)    30    2790.41    43    2
(relay)    38    23    2794.23    2    2725.19    123    1
(advertise)    30    2813.43    23    2
(relay)    2    12    2832.04    2    2799.23    126    1
(advertise)    30    2835.24    12    2
(relay)    2    21    2854.25    2    2714.37    123    1
(advertise)    30    2856.85    21    2
(relay)    27    5    2878.87    2    2779.23    121    1
(relay)    2    35    2879.27    2    2803.23    126    2
(advertise)    30    2879.87    5    2
(advertise)    30    2902.68    35    2
(relay)    27    25    2920.69    2    2821.24    125    1
(advertise)    30    2924.09    25    2
(relay)    27    27    2935.9    2    2935.3    127    1
(relay)    27    10    2943.9    2    2875.27    122    2
(advertise)    30    2946.9    27    2
(relay)    27    47    2965.32    2    2925.49    124    2
(advertise)    30    2970.52    10    2
(relay)    27    32    2987.13    2    2882.28    123    2
(advertise)    30    2991.93    47    2
(relay)    27    7    3009.34    2    2908.29    124    2
(advertise)    30    3013.54    32    2
(advertise)    30    3035.76    7    2
(relay)    27    6    3045.97    2    2896.29    123    1
(advertise)    30    3056.77    6    2
(relay)    2    24    3058.78    2    2983.36    125    1
(advertise)    30    3078.98    24    2
(relay)    27    8    3092.4    2    2957.33    122    1
(relay)    31    0    3099.4    2    2910.29    122    2
(advertise)    30    3100.6    8    2
(advertise)    30    3122.21    0    2
(relay)    27    34    3138.42    3    3029.37    123    1
(advertise)    30    3144.22    34    3
(relay)    27    39    3160.63    2    2996.34    121    1
(advertise)    30    3165.83    39    2
(relay)    27    1    3181.65    3    3152.45    125    1
(relay)    38    4    3184.25    4    3019.36    122    2
(advertise)    30    3187.85    1    3
(relay)    2    19    3209.26    3    3103.42    124    2
(advertise)    30    3211.06    4    4
(relay)    31    31    3218.07    3    3217.47    127    2
(advertise)    30    3232.47    19    3
(relay)    31    48    3236.89    3    3033.37    123    2
(advertise)    30    3255.69    31    3
(relay)    2    2    3275.7    3    3275.5    127    2
(advertise)    30    3278.1    48    3
(relay)    31    14    3281.71    3    3175.45    124    2
(generate)    30    3297.51    [3]    3
(relay)    2    36    3299.73    3    3075.61    122    3
(advertise)    30    3299.93    2    3
(relay)    31    33    3304.74    3    3162.45    123    3
(advertise)    30    3322.34    14    3
(advertise)    30    3344.75    36    3
(relay)    2    41    3364.56    3    3055.4    122    2
(advertise)    30    3367.16    33    3
(advertise)    30    3389.38    41    3
(relay)    2    17    3408.19    3    3183.47    123    1
(advertise)    30    3411.99    17    3
(relay)    2    42    3429.8    3    3320.55    125    1
(advertise)    30    3433.0    42    3
(relay)    2    13    3451.02    3    3397.38    125    1
(advertise)    30    3455.02    13    3
(relay)    2    15    3472.43    3    3305.53    124    1
(advertise)    30    3477.23    15    3
(relay)    2    18    3494.84    3    3173.45    122    1
(advertise)    30    3498.84    18    3
(relay)    2    46    3518.06    3    3441.4    124    1
(advertise)    30    3520.86    46    3
(relay)    2    9    3551.87    3    3421.19    122    1
(advertise)    30    3552.07    9    3
(relay)    2    11    3576.08    3    3413.39    121    1
(advertise)    30    3576.48    11    3
(relay)    38    38    3585.49    3    3584.49    127    1
(advertise)    30    3598.89    38    3
(relay)    38    45    3600.51    3    3476.43    123    1
(advertise)    30    3620.71    45    3
(relay)    2    37    3622.72    3    3405.4    122    1
(relay)    27    16    3628.12    3    3592.49    126    2
(advertise)    30    3643.52    37    3
(advertise)    30    3666.33    16    3
(relay)    2    26    3689.75    3    3522.47    122    1
(advertise)    30    3690.75    26    3
(relay)    2    29    3710.16    3    3616.52    124    1
(advertise)    30    3713.76    29    3
(relay)    2    40    3732.37    3    3721.57    126    1
(relay)    31    20    3735.17    3    3600.51    123    2
(advertise)    30    3736.97    40    3
(relay)    2    28    3755.39    3    3697.49    124    2
(relay)    38    22    3756.59    3    3637.52    123    3
(advertise)    30    3757.99    20    3
(advertise)    30    3780.2    28    3
(relay)    2    43    3800.81    3    3755.41    126    2
(advertise)    30    3801.41    22    3
(relay)    31    21    3822.62    3    3714.57    124    2
(advertise)    30    3824.42    43    3
(advertise)    30    3846.44    21    3
(relay)    31    23    3867.25    3    3725.39    123    1
(relay)    38    12    3868.05    3    3799.62    125    2
(advertise)    30    3868.85    23    3
(relay)    2    35    3870.86    3    3803.42    126    2
(advertise)    30    3889.86    12    3
(advertise)    30    3911.08    35    3
(relay)    38    5    3933.09    3    3779.42    121    1
(advertise)    30    3933.29    5    3
(relay)    27    27    3936.1    3    3935.49    127    1
(relay)    38    10    3955.9    3    3875.46    123    2
(advertise)    30    3957.1    27    3
(relay)    27    25    3958.92    3    3821.44    122    2
(advertise)    30    3980.92    10    3
(relay)    2    47    3999.93    3    3925.69    125    2
(advertise)    30    4003.73    25    3
(relay)    2    32    4022.14    3    3882.48    123    2
(relay)    27    6    4023.34    3    3896.49    123    3
(advertise)    30    4025.54    47    3
(advertise)    30    4046.55    32    3
(relay)    27    7    4065.77    3    3908.49    122    2
(advertise)    30    4067.57    6    3
(relay)    31    0    4087.18    3    3910.49    123    2
(advertise)    30    4089.98    7    3
(relay)    2    24    4107.99    3    3983.55    125    2
(advertise)    30    4111.39    0    3
(advertise)    30    4132.61    24    3
(relay)    31    34    4153.82    4    4029.57    124    1
(advertise)    30    4154.02    34    4
(relay)    27    8    4155.23    3    3957.73    122    1
(advertise)    30    4175.03    8    3
(relay)    27    39    4176.45    3    3996.54    124    1
(advertise)    30    4197.65    39    3
(relay)    27    1    4200.86    4    4152.65    125    1
(advertise)    30    4219.06    1    4
(relay)    27    4    4222.67    5    4019.37    123    1
(advertise)    30    4241.07    4    5
(relay)    27    48    4244.48    4    4033.57    122    1
(advertise)    30    4264.28    48    4
(relay)    27    14    4266.5    4    4175.65    124    1
(relay)    2    2    4276.3    4    4275.7    127    2
(relay)    2    41    4285.1    4    4055.59    123    3
(advertise)    30    4285.7    14    4
(generate)    30    4297.71    [3]    4
(advertise)    30    4307.72    2    4
(relay)    2    19    4328.94    4    4103.62    123    2
(advertise)    30    4329.14    41    4
(relay)    2    36    4349.55    4    4075.81    122    2
(relay)    27    33    4352.35    4    4162.65    123    3
(advertise)    30    4352.55    19    4
(advertise)    30    4376.36    36    4
(advertise)    30    4397.38    33    4
(relay)    2    17    4416.59    4    4183.67    123    1
(advertise)    30    4420.39    17    4
(relay)    27    18    4438.8    4    4173.65    122    1
(advertise)    30    4442.6    18    4
(relay)    2    13    4461.21    4    4397.56    125    1
(advertise)    30    4464.21    13    4
(relay)    38    42    4487.03    4    4320.75    124    1
(advertise)    30    4487.43    42    4
(relay)    31    15    4504.44    4    4305.72    122    1
(advertise)    30    4509.64    15    4
(relay)    2    9    4528.65    4    4421.38    122    1
(advertise)    30    4530.65    9    4
(relay)    2    46    4551.87    4    4441.41    124    1
(advertise)    30    4552.07    46    4
(relay)    2    37    4575.88    4    4405.59    121    1
(advertise)    30    4576.48    37    4
(relay)    38    38    4585.69    4    4584.68    127    1
(advertise)    30    4599.89    38    4
(relay)    38    16    4621.11    4    4592.69    125    1
(advertise)    30    4623.31    16    4
(relay)    27    11    4644.32    4    4413.59    121    1
(advertise)    30    4644.72    11    4
(relay)    31    45    4659.73    4    4476.63    121    1
(advertise)    30    4666.73    45    4
(relay)    38    26    4687.94    4    4522.67    121    1
(advertise)    30    4688.54    26    4
(relay)    27    44    4708.96    4    4493.65    122    1
(advertise)    30    4711.16    44    4
(relay)    27    40    4730.77    4    4721.77    126    1
(advertise)    30    4733.17    40    4
(relay)    38    28    4753.38    4    4697.69    123    1
(advertise)    30    4755.78    28    4
(heartbeat)    3    1    4746.2    30    4776.2    127    0
(relay)    2    22    4778.4    4    4637.71    124    2
(advertise)    30    4779.0    3    1
(relay)    31    20    4794.21    4    4600.71    123    2
(advertise)    30    4800.41    22    4
(advertise)    30    4821.42    20    4
(relay)    38    43    4841.64    4    4755.61    1    1
(relay)    27    29    4842.24    4    4616.72    122    1
(advertise)    30    4843.84    29    4
(relay)    2    35    4867.25    4    4803.62    3    1
(advertise)    30    4867.85    35    4
(relay)    31    21    4881.66    4    4714.77    122    1
(advertise)    30    4889.46    21    4
(relay)    31    23    4925.87    4    4725.78    123    1
(advertise)    30    4926.07    23    4
(relay)    38    12    4929.49    4    4800.42    1    1
(relay)    27    27    4936.09    4    4935.5    4    1
(advertise)    30    4948.49    27    4
(relay)    31    32    4969.7    4    4882.67    1    1
(relay)    2    25    4976.3    4    4821.62    124    1
(advertise)    30    4976.5    25    4
(relay)    27    47    5006.91    4    4925.87    2    1
(advertise)    30    5007.11    47    4
(relay)    2    24    5041.13    4    4983.75    1    1
(relay)    38    34    5067.93    5    5029.77    1    1
(relay)    27    0    5090.13    4    4910.5    1    1
(relay)    31    39    5112.73    4    4996.55    1    1
(relay)    38    4    5153.93    6    5019.57    1    1
(relay)    2    1    5154.13    5    5152.78    3    1
(advertise)    30    5154.33    1    5
(relay)    2    48    5176.34    5    5033.77    1    1
(relay)    31    31    5218.74    5    5217.82    5    1
(advertise)    30    5218.94    31    5
(relay)    2    19    5244.95    5    5104.39    1    1
(relay)    2    36    5266.15    5    5075.95    1    1
(relay)    2    2    5276.35    5    5275.87    4    1
(advertise)    30    5276.55    2    5
(generate)    30    5297.77    [3]    5
(relay)    2    33    5321.38    5    5162.84    1    1
(relay)    2    42    5374.58    5    5320.95    1    1
(relay)    2    15    5397.38    5    5305.91    1    1
(relay)    38    18    5421.78    5    5173.66    1    1
(relay)    27    13    5444.58    5    5397.58    1    1
(relay)    2    44    5530.78    5    5493.71    1    1
(relay)    2    11    5553.58    5    5413.73    1    1
(relay)    2    26    5576.98    5    5522.72    1    1
(relay)    38    38    5585.78    5    5584.72    4    1
(advertise)    30    5585.98    38    5
(relay)    27    16    5608.19    5    5592.81    3    1
(advertise)    30    5609.39    16    5
(relay)    38    28    5699.0    5    5697.71    2    1
(advertise)    30    5699.2    28    5
(relay)    38    40    5723.02    5    5721.83    2    1
(advertise)    30    5723.22    40    5
(relay)    2    23    5746.83    5    5725.92    1    1
(relay)    38    43    5769.43    5    5755.79    1    1
(relay)    2    21    5790.63    5    5714.9    2    1
(advertise)    30    5790.83    21    5
(relay)    31    12    5800.84    5    5800.56    2    1
(advertise)    30    5814.64    12    5
(relay)    2    35    5833.86    5    5803.64    3    1
(advertise)    30    5835.86    35    5
(relay)    2    25    5856.47    5    5821.64    4    1
(advertise)    30    5857.27    25    5
(relay)    2    47    5928.48    5    5926.27    3    1
(advertise)    30    5928.68    47    5
(relay)    27    27    5936.7    5    5935.63    4    1
(advertise)    30    5952.3    27    5
(relay)    27    0    5972.11    5    5910.69    1    1
(relay)    2    24    5996.51    5    5983.87    1    1
(relay)    2    39    6017.91    5    5996.67    1    1
(relay)    2    4    6040.51    7    6019.58    1    1
(relay)    38    34    6062.71    6    6029.95    1    1
(relay)    38    1    6153.71    6    6152.93    2    1
(advertise)    30    6153.91    1    6
(relay)    27    33    6176.92    6    6162.98    2    1
(advertise)    30    6177.12    33    6
(relay)    31    31    6218.93    6    6217.89    5    1
(advertise)    30    6219.13    31    6
(relay)    2    2    6276.35    6    6275.89    4    1
(advertise)    30    6276.55    2    6
(generate)    30    6297.96    [3]    6
(relay)    2    42    6323.77    6    6321.11    1    1
(relay)    2    15    6345.77    6    6306.67    1    1
(relay)    2    13    6402.37    6    6397.76    2    1
(advertise)    30    6402.57    13    6
(relay)    27    11    6425.39    6    6413.9    1    1
(relay)    2    46    6449.59    6    6441.67    1    1
(relay)    38    45    6484.19    6    6476.9    1    1
(relay)    2    44    6525.39    6    6493.74    1    1
(relay)    2    26    6549.99    6    6522.81    1    1
(relay)    38    38    6585.79    6    6584.83    4    1
(advertise)    30    6585.99    38    6
(relay)    31    16    6609.0    6    6592.83    2    1
(advertise)    30    6609.2    16    6
(relay)    2    28    6698.81    6    6697.79    3    1
(advertise)    30    6699.01    28    6
(relay)    27    40    6722.63    6    6721.83    2    1
(advertise)    30    6724.43    40    6
(relay)    2    43    6757.64    6    6755.82    2    1
(advertise)    30    6757.84    43    6
(relay)    2    23    6778.25    6    6725.96    1    1
(relay)    2    5    6800.45    6    6779.8    1    1
(relay)    38    12    6802.65    6    6801.82    2    1
(advertise)    30    6802.85    12    6
(relay)    38    35    6827.46    6    6803.72    1    1
(relay)    38    25    6873.86    6    6821.69    1    1
(relay)    2    47    6929.26    6    6926.44    3    1
(advertise)    30    6929.46    47    6
(relay)    27    27    6936.68    6    6935.7    4    1
(advertise)    30    6951.68    27    6
(relay)    2    24    6986.69    6    6983.97    1    1
(relay)    2    39    7013.09    6    6996.85    1    1
(relay)    38    34    7037.69    7    7030.04    1    1
(relay)    2    36    7097.49    7    7076.07    1    1
(relay)    2    19    7140.69    7    7104.72    1    1
(relay)    27    1    7162.89    7    7153.05    2    1
(advertise)    30    7163.09    1    7
(relay)    31    31    7218.9    7    7217.96    5    1
(advertise)    30    7219.1    31    7
(relay)    2    18    7254.92    7    7173.89    1    1
(relay)    2    2    7276.52    7    7275.89    4    1
(advertise)    30    7276.72    2    7
(generate)    30    7298.13    [3]    7
(relay)    2    42    7324.34    7    7321.21    1    1
(relay)    2    13    7401.54    7    7397.93    3    1
(advertise)    30    7401.74    13    7
(relay)    2    37    7426.16    7    7405.87    1    1
(relay)    2    46    7474.56    7    7441.71    1    1
(relay)    38    45    7496.36    7    7477.0    1    1
(relay)    2    44    7539.16    7    7493.75    1    1
(relay)    38    38    7585.96    7    7584.91    4    1
(advertise)    30    7586.16    38    7
(relay)    2    16    7608.57    7    7592.99    3    1
(advertise)    30    7609.57    16    7
(relay)    2    28    7698.98    7    7697.9    3    1
(advertise)    30    7699.18    28    7
(relay)    27    40    7723.19    7    7722.01    2    1
(relay)    31    21    7724.19    7    7715.08    3    2
(advertise)    30    7724.39    40    7
(advertise)    30    7746.81    21    7
(relay)    2    43    7768.42    7    7755.89    2    1
(advertise)    30    7768.62    43    7
(relay)    38    12    7803.23    7    7801.87    2    1
(advertise)    30    7803.43    12    7
(relay)    2    35    7824.25    7    7803.82    3    1
(advertise)    30    7825.85    35    7
(relay)    2    25    7846.06    7    7821.78    4    1
(advertise)    30    7847.26    25    7
(relay)    2    47    7929.67    7    7926.61    3    1
(advertise)    30    7929.87    47    7
(relay)    27    27    7936.69    7    7935.77    4    1
(advertise)    30    7952.49    27    7
(relay)    2    24    7991.5    7    7984.05    1    1
(relay)    2    48    8059.1    8    8034.03    1    1
(relay)    38    39    8098.5    7    7996.87    1    1
(relay)    2    4    8121.7    9    8019.91    1    1
(relay)    2    36    8143.5    8    8076.16    1    1
(relay)    2    1    8166.3    8    8153.14    3    1
(advertise)    30    8166.5    1    8
(relay)    38    33    8190.91    8    8163.22    2    1
(advertise)    30    8191.51    33    8
(relay)    31    31    8219.12    8    8218.05    5    1
(advertise)    30    8219.32    31    8
(relay)    2    2    8276.54    8    8276.03    4    1
(advertise)    30    8276.74    2    8
(generate)    30    8298.15    [3]    8
(relay)    2    42    8346.96    8    8321.4    1    1
(relay)    38    13    8400.96    8    8398.11    2    1
(advertise)    30    8401.16    13    8
(relay)    38    46    8492.18    8    8441.74    1    1
(relay)    2    44    8512.98    8    8493.8    1    1
(relay)    2    26    8537.18    8    8523.03    1    1
(relay)    38    38    8585.18    8    8584.99    4    1
(advertise)    30    8585.38    38    8
(relay)    2    16    8593.59    8    8593.13    3    1
(advertise)    30    8607.59    16    8
(relay)    27    28    8699.6    8    8698.01    2    1
(advertise)    30    8699.8    28    8
(relay)    2    21    8722.82    8    8715.26    1    1
(relay)    38    40    8723.62    8    8722.13    2    1
(advertise)    30    8724.02    40    8
(relay)    38    43    8758.43    8    8755.97    1    1
(relay)    2    23    8789.83    8    8726.08    1    1
(relay)    38    12    8803.23    8    8801.96    2    1
(advertise)    30    8803.43    12    8
(relay)    27    35    8826.64    8    8803.94    2    1
(advertise)    30    8828.24    35    8
(relay)    27    25    8848.65    8    8821.9    2    1
(advertise)    30    8850.05    25    8
(heartbeat)    3    2    8746.21    30    8878.07    3    3
(advertise)    30    8878.27    3    2
(relay)    2    47    8930.28    8    8926.8    3    1
(advertise)    30    8930.48    47    8
(relay)    27    27    8936.89    8    8935.84    4    1
(advertise)    30    8951.49    27    8
(relay)    2    24    8986.31    8    8984.13    1    1
(relay)    31    6    9001.31    8    8897.39    1    1
(relay)    38    34    9066.31    9    9030.28    1    1
(relay)    31    39    9088.11    8    8996.91    1    1
(relay)    38    4    9111.51    10    9020.07    1    1
(relay)    2    19    9134.91    9    9104.93    1    1
(relay)    2    1    9156.91    9    9153.27    3    1
(advertise)    30    9157.11    1    9
(relay)    31    31    9218.12    9    9218.11    5    1
(advertise)    30    9218.32    31    9
(relay)    2    2    9277.13    9    9276.16    4    1
(advertise)    30    9277.33    2    9
(generate)    30    9298.35    [3]    9
(relay)    2    42    9324.16    9    9321.57    1    1
(relay)    2    15    9346.16    9    9306.98    1    1
(relay)    38    13    9399.16    9    9398.27    2    1
(advertise)    30    9399.36    13    9
(relay)    2    37    9426.77    9    9405.97    1    1
(relay)    38    46    9473.97    9    9441.83    1    1
(relay)    2    45    9493.57    9    9477.22    1    1
(relay)    2    44    9517.77    9    9493.82    1    1
(relay)    2    26    9541.37    9    9523.13    1    1
(relay)    38    38    9585.17    9    9585.07    4    1
(advertise)    30    9585.37    38    9
(relay)    2    16    9608.19    9    9593.31    3    1
(advertise)    30    9608.39    16    9
(relay)    2    22    9658.0    9    9638.14    1    1
(relay)    2    28    9700.0    9    9698.14    3    1
(advertise)    30    9700.2    28    9
(relay)    2    21    9721.01    9    9715.29    1    1
(relay)    27    40    9724.01    9    9722.32    2    1
(advertise)    30    9724.41    40    9
(relay)    38    43    9757.82    9    9756.04    1    1
(relay)    2    5    9788.62    9    9779.99    1    1
(relay)    38    12    9803.22    9    9802.04    2    1
(advertise)    30    9803.42    12    9
(relay)    2    35    9832.24    9    9804.07    3    1
(advertise)    30    9832.44    35    9
(relay)    2    25    9853.25    9    9822.01    4    1
(advertise)    30    9855.05    25    9
(relay)    2    47    9930.66    9    9927.19    3    1
(advertise)    30    9930.86    47    9
(relay)    27    27    9936.08    9    9935.92    4    1
(advertise)    30    9953.48    27    9
(relay)    38    6    9993.69    9    9897.44    1    1
(relay)    2    24    9996.49    9    9984.18    1    1
(relay)    38    34    10034.49    10    10030.42    1    1
(relay)    2    39    10058.09    9    9996.96    1    1
(relay)    27    4    10080.89    11    10020.09    1    1
(relay)    2    1    10154.29    10    10153.39    3    1
(advertise)    30    10154.49    1    10
(relay)    31    31    10218.3    10    10218.16    5    1
(advertise)    30    10218.5    31    10
(relay)    2    2    10277.32    10    10276.32    4    1
(advertise)    30    10277.52    2    10
(generate)    30    10298.53    [3]    10
(relay)    2    42    10325.14    10    10322.3    1    1
(relay)    2    15    10351.54    10    10307.1    1    1
(relay)    38    13    10399.54    10    10398.42    2    1
(advertise)    30    10399.74    13    10
(relay)    2    37    10423.75    10    10405.98    1    1
(relay)    2    44    10495.35    10    10493.85    1    1
(relay)    2    26    10541.15    10    10523.22    1    1
(relay)    38    38    10585.15    10    10585.13    4    1
(advertise)    30    10585.35    38    10
(relay)    2    16    10607.37    10    10593.46    3    1
(advertise)    30    10607.57    16    10
(relay)    2    28    10700.98    10    10698.26    3    1
(advertise)    30    10701.18    28    10
(relay)    27    40    10724.79    10    10722.47    2    1
(advertise)    30    10725.39    40    10
(relay)    38    21    10747.81    10    10715.48    3    1
(advertise)    30    10748.61    21    10
(relay)    38    43    10771.02    10    10756.07    1    1
(relay)    31    12    10803.82    10    10802.14    2    1
(advertise)    30    10804.02    12    10
(relay)    2    5    10815.23    10    10780.06    1    1
(relay)    38    35    10835.03    10    10804.19    1    1
(relay)    31    25    10858.23    10    10822.11    2    1
(advertise)    30    10858.43    25    10
(relay)    27    47    10929.45    10    10927.37    2    1
(advertise)    30    10929.65    47    10
(relay)    27    27    10936.06    10    10935.98    4    1
(advertise)    30    10951.46    27    10
(relay)    2    24    10986.87    10    10984.23    1    1
(relay)    38    6    11015.67    10    10897.55    1    1
(relay)    2    1    11154.87    11    11153.5    3    1
(advertise)    30    11155.07    1    11
(relay)    2    19    11178.48    11    11105.07    1    1
(relay)    2    36    11206.08    11    11076.46    1    1
(relay)    31    31    11218.28    11    11218.18    5    1
(advertise)    30    11218.48    31    11
(relay)    2    2    11277.5    11    11276.49    4    1
(advertise)    30    11277.7    2    11
(generate)    30    11298.71    [3]    11
(relay)    2    42    11325.12    11    11322.45    1    1
(relay)    2    13    11399.32    11    11398.62    3    1
(advertise)    30    11399.52    13    11
(relay)    27    46    11491.14    11    11442.07    1    1
(relay)    2    44    11514.34    11    11494.07    1    1
(relay)    38    45    11514.54    11    11477.5    1    1
(relay)    38    38    11585.74    11    11585.2    4    1
(advertise)    30    11585.94    38    11
(relay)    31    16    11608.35    11    11593.6    2    1
(advertise)    30    11609.15    16    11
(relay)    2    22    11656.56    11    11638.29    1    1
(relay)    2    28    11700.96    11    11698.36    3    1
(advertise)    30    11701.16    28    11
(relay)    2    40    11724.78    11    11722.6    2    1
(advertise)    30    11725.38    40    11
(relay)    2    43    11756.59    11    11756.11    2    1
(advertise)    30    11756.79    43    11
(relay)    2    12    11804.2    11    11802.22    2    1
(advertise)    30    11804.4    12    11
(relay)    2    35    11826.01    11    11804.89    3    1
(advertise)    30    11827.01    35    11
(relay)    27    25    11848.23    11    11822.19    2    1
(advertise)    30    11850.43    25    11
(relay)    2    47    11928.44    11    11927.55    3    1
(advertise)    30    11928.64    47    11
(relay)    27    27    11936.05    11    11936.04    4    1
(advertise)    30    11950.65    27    11
(relay)    2    24    11986.67    11    11984.33    1    1
(relay)    31    39    12013.07    11    11997.09    1    1
(relay)    27    34    12035.87    12    12030.74    1    1
(relay)    38    4    12059.07    13    12020.47    1    1
(relay)    2    36    12145.47    12    12076.47    1    1
(relay)    2    1    12167.07    12    12153.59    3    1
(advertise)    30    12167.27    1    12
(relay)    31    31    12218.88    12    12218.25    5    1
(advertise)    30    12219.08    31    12
(relay)    2    2    12276.69    12    12276.61    4    1
(advertise)    30    12276.89    2    12
(generate)    30    12298.91    [3]    12
(relay)    2    15    12325.32    12    12307.34    1    1
(relay)    2    42    12350.12    12    12322.61    1    1
(relay)    2    13    12400.52    12    12398.8    2    1
(advertise)    30    12400.72    13    12
(relay)    38    46    12477.93    12    12442.12    1    1
(relay)    2    44    12501.13    12    12494.1    1    1
(relay)    38    45    12502.33    12    12477.62    1    1
(relay)    2    26    12543.93    12    12523.39    1    1
(relay)    38    38    12585.73    12    12585.27    4    1
(advertise)    30    12585.93    38    12
(relay)    27    16    12608.14    12    12593.74    3    1
(advertise)    30    12608.54    16    12
(relay)    2    28    12702.16    12    12698.47    3    1
(advertise)    30    12702.36    28    12
(relay)    2    40    12723.97    12    12722.74    2    1
(advertise)    30    12724.37    40    12
(heartbeat)    3    3    12746.23    30    12747.38    3    7
(advertise)    30    12747.78    3    3
(relay)    38    21    12769.4    12    12715.67    3    1
(advertise)    30    12770.0    21    12
(relay)    27    43    12771.61    12    12756.3    1    1
(relay)    2    12    12812.41    12    12802.5    2    1
(advertise)    30    12812.61    12    12
(relay)    38    35    12835.22    12    12804.97    2    1
(advertise)    30    12835.82    35    12
(relay)    2    25    12857.44    12    12822.28    4    1
(advertise)    30    12858.44    25    12
(relay)    2    32    12906.45    12    12883.74    1    1
(relay)    2    47    12928.85    12    12927.72    3    1
(advertise)    30    12929.05    47    12
(relay)    27    27    12936.66    12    12936.12    4    1
(advertise)    30    12951.86    27    12
(relay)    2    24    12987.87    12    12984.4    1    1
(relay)    2    34    13036.87    13    13030.86    1    1
(relay)    2    39    13059.27    12    12997.12    1    1
(relay)    31    4    13082.07    14    13020.5    1    1
(relay)    38    48    13103.27    13    13034.13    1    1
(relay)    2    36    13126.87    13    13076.52    1    1
(relay)    2    1    13155.27    13    13153.7    3    1
(advertise)    30    13155.47    1    13
(relay)    2    19    13175.89    13    13105.42    1    1
(relay)    31    31    13218.89    13    13218.32    5    1
(advertise)    30    13219.09    31    13
(relay)    2    2    13276.9    13    13276.8    4    1
(advertise)    30    13277.1    2    13
(generate)    30    13298.91    [3]    13
(relay)    2    42    13327.33    13    13322.77    1    1
(relay)    2    15    13350.33    13    13307.44    1    1
(relay)    2    13    13401.33    13    13398.98    2    1
(advertise)    30    13401.53    13    13
(relay)    2    37    13427.74    13    13406.23    1    1
(relay)    27    45    13512.34    13    13477.76    1    1
(relay)    38    38    13585.94    13    13585.35    4    1
(advertise)    30    13586.14    38    13
(relay)    2    16    13595.75    13    13593.91    3    1
(advertise)    30    13607.15    16    13
(relay)    2    28    13703.37    13    13698.59    3    1
(advertise)    30    13703.57    28    13
(relay)    2    40    13725.18    13    13722.93    2    1
(advertise)    30    13725.58    40    13
(relay)    2    21    13746.79    13    13715.86    3    1
(advertise)    30    13747.39    21    13
(relay)    2    43    13767.8    13    13756.34    2    1
(advertise)    30    13768.6    43    13
(relay)    2    5    13794.02    13    13780.27    1    1
(relay)    38    12    13803.82    13    13802.59    2    1
(advertise)    30    13804.02    12    13
(relay)    38    35    13836.23    13    13805.08    1    1
(relay)    31    25    13858.63    13    13822.37    2    1
(advertise)    30    13858.83    25    13
(relay)    2    47    13929.64    13    13927.91    3    1
(advertise)    30    13929.84    47    13
(relay)    27    27    13936.66    13    13936.18    4    1
(advertise)    30    13952.86    27    13
(relay)    2    24    13997.07    13    13984.44    1    1
(relay)    27    34    14039.07    14    14031.0    1    1
(relay)    31    39    14083.87    13    13997.17    1    1
(relay)    27    4    14107.87    15    14020.66    1    1
(relay)    2    19    14132.27    14    14105.53    1    1
(relay)    2    1    14157.67    14    14153.8    2    1
(advertise)    30    14157.87    1    14
(relay)    31    31    14218.88    14    14218.38    5    1
(advertise)    30    14219.08    31    14
(relay)    2    2    14277.1    14    14276.93    4    1
(advertise)    30    14277.3    2    14
(generate)    30    14299.11    [3]    14
(relay)    2    42    14326.32    14    14322.9    1    1
(relay)    2    13    14402.12    14    14399.15    2    1
(advertise)    30    14402.32    13    14
(relay)    2    37    14428.13    14    14406.27    1    1
(relay)    38    46    14486.73    14    14442.22    1    1
(relay)    38    45    14508.93    14    14477.86    1    1
(relay)    2    44    14537.53    14    14494.36    1    1
(relay)    2    26    14559.73    14    14523.59    1    1
(relay)    38    38    14586.33    14    14585.41    4    1
(advertise)    30    14586.53    38    14
(relay)    38    16    14609.55    14    14594.08    2    1
(advertise)    30    14610.55    16    14
(relay)    2    28    14703.36    14    14698.69    3    1
(advertise)    30    14703.56    28    14
(relay)    2    40    14723.57    14    14723.08    2    1
(advertise)    30    14726.17    40    14
(relay)    2    23    14749.39    14    14726.52    1    1
(relay)    2    43    14771.59    14    14756.4    2    1
(advertise)    30    14771.79    43    14
(relay)    31    12    14803.0    14    14802.7    2    1
(advertise)    30    14803.2    12    14
(relay)    38    35    14826.41    14    14805.38    2    1
(advertise)    30    14827.61    35    14
(relay)    2    25    14848.23    14    14822.45    4    1
(advertise)    30    14850.83    25    14
(relay)    31    6    14925.64    14    14898.22    1    1
(relay)    27    27    14936.84    14    14936.24    4    1
(advertise)    30    14937.04    27    14
(relay)    27    47    14949.45    14    14928.08    2    1
(advertise)    30    14960.45    47    14
(relay)    2    24    14994.86    14    14984.52    1    1
(relay)    38    34    15061.06    15    15031.14    1    1
(relay)    2    19    15142.66    15    15105.72    1    1
(relay)    2    1    15163.46    15    15153.89    3    1
(advertise)    30    15163.66    1    15
(relay)    31    31    15219.48    15    15218.43    5    1
(advertise)    30    15219.68    31    15
(relay)    2    2    15277.69    15    15277.08    4    1
(advertise)    30    15277.89    2    15
(generate)    30    15299.3    [3]    15
(relay)    2    15    15325.52    15    15307.67    1    1
(relay)    2    13    15402.52    15    15399.3    3    1
(advertise)    30    15402.72    13    15
(relay)    38    46    15480.33    15    15442.32    1    1
(relay)    2    44    15520.53    15    15494.56    1    1
(relay)    2    26    15544.13    15    15523.67    1    1
(relay)    38    38    15586.53    15    15585.45    4    1
(advertise)    30    15586.73    38    15
(relay)    38    16    15609.14    15    15594.2    2    1
(advertise)    30    15610.74    16    15
(relay)    2    28    15700.76    15    15698.81    3    1
(advertise)    30    15700.96    28    15
(relay)    2    40    15723.57    15    15723.2    2    1
(advertise)    30    15723.97    40    15
(relay)    2    43    15758.38    15    15756.59    2    1
(advertise)    30    15758.58    43    15
(relay)    2    23    15781.39    15    15726.58    1    1
(relay)    2    12    15804.39    15    15802.78    2    1
(advertise)    30    15804.59    12    15
(relay)    38    35    15825.81    15    15806.06    2    1
(advertise)    30    15827.41    35    15
(relay)    27    25    15849.42    15    15822.53    3    1
(advertise)    30    15849.82    25    15
(relay)    2    47    15930.23    15    15928.25    3    1
(advertise)    30    15930.43    47    15
(relay)    27    27    15937.25    15    15936.25    4    1
(advertise)    30    15951.65    27    15
(relay)    2    24    15985.26    15    15984.66    1    1
(relay)    2    4    16059.26    17    16020.84    1    1
(relay)    31    34    16081.06    16    16031.27    1    1
(relay)    2    48    16104.46    16    16034.52    1    1
(relay)    2    36    16128.46    16    16076.58    1    1
(relay)    2    1    16155.26    16    16153.96    3    1
(advertise)    30    16155.46    1    16
(relay)    31    31    16219.47    16    16218.45    5    1
(advertise)    30    16219.67    31    16
(relay)    2    2    16277.89    16    16277.24    4    1
(advertise)    30    16278.09    2    16
(generate)    30    16299.5    [3]    16
(relay)    2    42    16345.11    16    16323.25    1    1
(relay)    2    13    16403.11    16    16399.46    3    1
(advertise)    30    16403.31    13    16
(relay)    2    37    16428.12    16    16406.31    1    1
(relay)    27    46    16473.52    16    16442.44    1    1
(relay)    2    44    16521.12    16    16494.59    1    1
(relay)    2    26    16546.12    16    16523.79    1    1
(relay)    38    38    16586.52    16    16585.51    4    1
(advertise)    30    16586.72    38    16
(relay)    27    16    16608.54    16    16594.38    3    1
(advertise)    30    16608.74    16    16
(relay)    27    28    16700.15    16    16698.92    2    1
(advertise)    30    16700.35    28    16
(relay)    27    40    16724.36    16    16723.37    2    1
(advertise)    30    16724.56    40    16
(heartbeat)    3    4    16746.24    30    16748.78    3    7
(advertise)    30    16748.98    3    4
(relay)    2    43    16770.79    16    16756.64    2    1
(advertise)    30    16771.59    43    16
(relay)    2    23    16792.0    16    16726.68    1    1
(relay)    31    12    16803.4    16    16802.86    2    1
(advertise)    30    16803.6    12    16
(relay)    27    35    16826.82    16    16806.17    2    1
(advertise)    30    16827.62    35    16
(relay)    27    25    16849.03    16    16822.64    2    1
(advertise)    30    16851.23    25    16
(relay)    2    5    16879.44    16    16780.41    1    1
(relay)    2    47    16931.24    16    16928.45    3    1
(advertise)    30    16931.44    47    16
(relay)    27    27    16937.25    16    16936.33    4    1
(advertise)    30    16954.45    27    16
(relay)    2    24    16991.07    16    16984.74    1    1
(relay)    2    48    17103.27    17    17034.53    1    1
(relay)    2    1    17154.47    17    17154.07    3    1
(advertise)    30    17154.67    1    17
(relay)    31    31    17219.48    17    17218.49    4    1
(advertise)    30    17219.68    31    17
(relay)    2    2    17277.89    17    17277.36    4    1
(advertise)    30    17278.09    2    17
(generate)    30    17299.51    [3]    17
(relay)    2    13    17402.92    17    17399.63    3    1
(advertise)    30    17403.12    13    17
(relay)    2    37    17426.93    17    17406.37    1    1
(relay)    27    46    17474.73    17    17442.54    1    1
(relay)    27    45    17497.53    17    17478.25    1    1
(relay)    27    38    17587.13    17    17585.56    3    1
(advertise)    30    17587.33    38    17
(relay)    27    16    17608.95    17    17594.46    3    1
(advertise)    30    17609.55    16    17
(relay)    2    28    17699.96    17    17699.05    3    1
(advertise)    30    17700.16    28    17
(relay)    27    21    17724.77    17    17716.29    2    1
(advertise)    30    17725.17    21    17
(relay)    2    40    17748.78    17    17723.43    2    1
(advertise)    30    17750.18    40    17
(relay)    27    43    17770.6    17    17756.69    1    1
(relay)    2    23    17792.0    17    17726.77    1    1
(relay)    27    12    17803.6    17    17802.86    2    1
(advertise)    30    17803.8    12    17
(relay)    38    35    17827.41    17    17806.25    1    1
(relay)    31    25    17850.01    17    17822.71    2    1
(advertise)    30    17850.21    25    17
(relay)    2    47    17931.62    17    17928.6    3    1
(advertise)    30    17931.82    47    17
(relay)    27    27    17937.44    17    17936.37    4    1
(advertise)    30    17954.24    27    17
(relay)    2    24    17985.85    17    17984.78    1    1
(relay)    38    39    18040.65    17    17997.38    1    1
(relay)    27    34    18063.85    18    18031.51    1    1
(relay)    2    19    18147.25    18    18106.12    1    1
(relay)    38    1    18169.45    18    18154.17    2    1
(advertise)    30    18169.65    1    18
(relay)    31    31    18218.66    18    18218.53    4    1
(advertise)    30    18218.86    31    18
(relay)    2    2    18278.48    18    18277.49    4    1
(advertise)    30    18278.68    2    18
(generate)    30    18299.69    [3]    18
(relay)    2    42    18327.5    18    18323.58    1    1
(relay)    2    15    18351.9    18    18307.94    1    1
(relay)    38    13    18401.7    18    18399.8    2    1
(advertise)    30    18401.9    13    18
(relay)    2    46    18474.31    18    18442.59    1    1
(relay)    2    45    18496.91    18    18478.36    1    1
(relay)    38    38    18585.71    18    18585.62    4    1
(advertise)    30    18585.91    38    18
(relay)    2    16    18609.73    18    18594.6    3    1
(advertise)    30    18609.93    16    18
(relay)    2    28    18700.94    18    18699.17    3    1
(advertise)    30    18701.14    28    18
(relay)    31    40    18725.35    18    18723.56    1    1
(relay)    38    21    18747.75    18    18716.45    2    1
(advertise)    30    18747.95    21    18
(relay)    2    23    18770.37    18    18726.8    1    1
(relay)    27    43    18791.17    18    18756.69    1    1
(relay)    27    12    18813.17    18    18802.92    2    1
(advertise)    30    18813.37    12    18
(relay)    2    35    18834.98    18    18806.33    3    1
(advertise)    30    18835.18    35    18
(relay)    2    25    18855.39    18    18822.78    4    1
(advertise)    30    18856.19    25    18
(relay)    2    47    18932.01    18    18928.77    3    1
(advertise)    30    18932.21    47    18
(relay)    27    27    18936.62    18    18936.43    4    1
(advertise)    30    18953.82    27    18
(relay)    2    24    18986.43    18    18984.85    1    1
(relay)    38    34    19033.23    19    19031.6    1    1
(relay)    27    39    19056.03    18    18997.41    1    1
(relay)    2    36    19102.63    19    19076.66    1    1
(relay)    2    19    19126.43    19    19106.3    1    1
(relay)    2    1    19155.23    19    19154.24    3    1
(advertise)    30    19155.43    1    19
(relay)    31    31    19218.64    19    19218.58    4    1
(advertise)    30    19218.84    31    19
(relay)    2    2    19278.66    19    19277.61    4    1
(advertise)    30    19278.86    2    19
(generate)    30    19299.87    [3]    19
(relay)    2    42    19324.68    19    19323.7    1    1
(relay)    2    15    19349.88    19    19308.02    1    1
(relay)    38    13    19401.68    19    19399.96    2    1
(advertise)    30    19401.88    13    19
(relay)    2    26    19542.7    19    19524.02    1    1
(relay)    38    38    19585.7    19    19585.64    4    1
(advertise)    30    19585.9    38    19
(relay)    27    16    19607.91    19    19594.71    3    1
(advertise)    30    19608.91    16    19
(relay)    2    28    19701.72    19    19699.27    3    1
(advertise)    30    19701.92    28    19
(relay)    2    40    19725.54    19    19723.69    2    1
(advertise)    30    19725.74    40    19
(relay)    38    21    19746.35    19    19716.6    1    1
(relay)    31    43    19767.55    19    19756.71    1    1
(relay)    2    5    19793.15    19    19780.58    1    1
(relay)    38    12    19804.95    19    19803.11    2    1
(advertise)    30    19805.15    12    19
(relay)    27    35    19836.76    19    19806.4    2    1
(advertise)    30    19836.96    35    19
(relay)    38    25    19857.37    19    19822.87    2    1
(advertise)    30    19858.17    25    19
(relay)    2    47    19930.59    19    19928.94    3    1
(advertise)    30    19930.79    47    19
(relay)    27    27    19936.6    19    19936.45    4    1
(advertise)    30    19953.0    27    19
(relay)    2    24    19987.41    19    19984.93    1    1
(relay)    38    34    20087.21    20    20031.74    1    1
(relay)    2    36    20125.81    20    20076.68    1    1
(relay)    2    19    20149.61    20    20106.3    1    1
(relay)    27    1    20172.21    20    20154.33    2    1
(advertise)    30    20172.41    1    20
(relay)    31    31    20218.83    20    20218.78    4    1
(advertise)    30    20219.03    31    20
(relay)    2    2    20278.84    20    20277.74    4    1
(advertise)    30    20279.04    2    20
(generate)    30    20300.05    [3]    20
(relay)    2    42    20326.67    20    20323.84    1    1
(relay)    2    15    20350.67    20    20308.74    1    1
(relay)    31    13    20401.67    20    20400.13    1    1
(relay)    2    37    20425.67    20    20406.49    1    1
(relay)    38    46    20490.67    20    20442.68    1    1
(relay)    2    44    20536.07    20    20494.74    1    1
(relay)    2    26    20559.07    20    20524.12    1    1
(relay)    38    38    20585.87    20    20585.67    4    1
(advertise)    30    20586.07    38    20
(relay)    27    16    20607.88    20    20594.87    3    1
(advertise)    30    20608.48    16    20
(relay)    2    28    20702.29    20    20699.38    3    1
(advertise)    30    20702.49    28    20
(relay)    2    40    20726.3    20    20723.84    2    1
(advertise)    30    20726.5    40    20
(heartbeat)    3    5    20746.25    30    20747.92    3    7
(advertise)    30    20748.72    3    5
(relay)    38    43    20772.73    20    20756.76    1    1
(relay)    31    12    20804.93    20    20803.19    2    1
(advertise)    30    20805.13    12    20
(relay)    2    5    20815.94    20    20780.62    1    1
(relay)    2    35    20858.94    20    20806.52    3    1
(advertise)    30    20859.14    35    20
(relay)    38    25    20864.76    20    20822.97    2    1
(advertise)    30    20880.76    25    20
(relay)    2    47    20930.77    20    20929.12    3    1
(advertise)    30    20930.97    47    20
(relay)    27    27    20936.58    20    20936.49    4    1
(advertise)    30    20952.78    27    20
(relay)    2    24    20987.4    20    20984.95    1    1
(relay)    27    6    21046.8    20    20900.55    1    1
(relay)    2    34    21068.8    21    21031.83    1    1
(relay)    38    4    21093.8    22    21021.52    1    1
(relay)    31    48    21114.6    21    21035.09    1    1
(relay)    2    41    21140.4    21    21058.96    1    1
(relay)    2    1    21162.2    21    21154.44    3    1
(advertise)    30    21162.4    1    21
(relay)    31    31    21219.41    21    21218.84    4    1
(advertise)    30    21219.61    31    21
(relay)    2    2    21278.02    21    21277.91    4    1
(advertise)    30    21278.22    2    21
(generate)    30    21300.23    [3]    21
(relay)    2    42    21325.65    21    21323.99    1    1
(relay)    2    15    21350.05    21    21308.85    1    1
(relay)    2    13    21401.25    21    21400.31    3    1
(advertise)    30    21401.45    13    21
(relay)    2    44    21505.46    21    21494.76    1    1
(relay)    2    26    21529.26    21    21524.16    1    1
(relay)    38    38    21586.26    21    21585.75    4    1
(advertise)    30    21586.46    38    21
(relay)    31    16    21609.07    21    21595.06    2    1
(advertise)    30    21609.67    16    21
(relay)    2    28    21702.89    21    21699.51    3    1
(advertise)    30    21703.09    28    21
(relay)    38    40    21725.7    21    21724.02    2    1
(advertise)    30    21726.3    40    21
(relay)    2    23    21749.91    21    21727.04    1    1
(relay)    2    43    21771.71    21    21756.79    2    1
(advertise)    30    21771.91    43    21
(relay)    2    12    21804.93    21    21803.24    2    1
(advertise)    30    21805.13    12    21
(relay)    2    35    21826.14    21    21806.61    3    1
(advertise)    30    21827.54    35    21
(relay)    2    25    21849.15    21    21823.05    4    1
(advertise)    30    21849.95    25    21
(relay)    27    6    21924.36    21    21900.61    1    1
(relay)    27    27    21936.56    21    21936.56    4    1
(advertise)    30    21936.76    27    21
(relay)    27    47    21947.18    21    21929.29    2    1
(advertise)    30    21957.98    47    21
(relay)    2    24    21994.99    21    21985.0    1    1
(relay)    31    34    22058.39    22    22031.94    1    1
(relay)    27    39    22080.79    21    21997.47    1    1
(relay)    31    4    22102.19    23    22021.68    1    1
(relay)    2    48    22104.39    22    22035.11    1    1
(relay)    2    36    22147.59    22    22076.92    1    1
(relay)    2    19    22170.99    22    22106.48    1    1
(relay)    27    1    22174.19    22    22154.55    2    1
(advertise)    30    22174.39    1    22
(relay)    2    41    22214.4    22    22059.11    1    1
(relay)    31    31    22219.6    22    22219.08    4    1
(advertise)    30    22219.8    31    22
(relay)    2    2    22278.02    22    22277.92    4    1
(advertise)    30    22278.22    2    22
(generate)    30    22300.43    [3]    22
(relay)    2    42    22326.84    22    22324.12    1    1
(relay)    2    15    22352.44    22    22308.94    1    1
(relay)    2    13    22402.24    22    22400.45    2    1
(advertise)    30    22402.44    13    22
(relay)    2    37    22426.66    22    22406.56    1    1
(relay)    2    44    22538.26    22    22494.78    1    1
(relay)    38    38    22586.26    22    22585.79    4    1
(advertise)    30    22586.46    38    22
(relay)    2    16    22609.27    22    22595.23    3    1
(advertise)    30    22609.67    16    22
(relay)    2    28    22703.68    22    22699.63    3    1
(advertise)    30    22703.88    28    22
(relay)    38    40    22725.29    22    22724.18    2    1
(advertise)    30    22726.09    40    22
(relay)    2    43    22757.71    22    22756.83    2    1
(advertise)    30    22757.91    43    22
(relay)    2    23    22779.72    22    22727.05    1    1
(relay)    2    5    22802.32    22    22780.87    1    1
(relay)    2    12    22822.92    22    22803.36    2    1
(advertise)    30    22823.12    12    22
(relay)    31    35    22841.13    22    22806.74    1    1
(relay)    2    47    22930.73    22    22929.45    3    1
(advertise)    30    22930.93    47    22
(relay)    27    27    22937.15    22    22936.58    4    1
(advertise)    30    22952.75    27    22
(relay)    38    39    23013.96    22    22997.55    1    1
(relay)    2    4    23038.96    24    23021.87    1    1
(relay)    38    34    23062.16    23    23032.06    1    1
(relay)    2    36    23110.76    23    23076.94    1    1
(relay)    2    19    23134.16    23    23106.48    1    1
(relay)    2    1    23157.16    23    23154.67    3    1
(advertise)    30    23157.36    1    23
(relay)    31    31    23219.57    23    23219.1    4    1
(advertise)    30    23219.77    31    23
(relay)    2    2    23278.19    23    23278.07    4    1
(advertise)    30    23278.39    2    23
(generate)    30    23300.6    [3]    23
(relay)    2    42    23327.41    23    23324.31    1    1
(relay)    2    15    23349.81    23    23309.02    1    1
(relay)    2    13    23402.81    23    23400.58    3    1
(advertise)    30    23403.01    13    23
(relay)    2    37    23427.42    23    23406.57    1    1
(relay)    2    44    23522.02    23    23494.8    1    1
(relay)    2    26    23546.02    23    23524.32    1    1
(relay)    38    38    23586.42    23    23585.83    4    1
(advertise)    30    23586.62    38    23
(relay)    2    16    23609.04    23    23595.4    3    1
(advertise)    30    23609.64    16    23
(relay)    2    28    23704.45    23    23699.72    3    1
(advertise)    30    23704.65    28    23
(relay)    2    40    23726.06    23    23724.34    2    1
(advertise)    30    23726.26    40    23
(relay)    27    21    23750.08    23    23717.02    1    1
(relay)    2    23    23772.68    23    23727.09    1    1
(relay)    38    43    23793.28    23    23757.02    1    1
(relay)    31    12    23804.88    23    23803.66    2    1
(advertise)    30    23805.08    12    23
(relay)    27    35    23837.29    23    23806.83    2    1
(advertise)    30    23837.49    35    23
(relay)    31    25    23860.7    23    23823.3    1    1
(relay)    38    32    23928.3    23    23885.29    1    1
(relay)    27    27    23937.1    23    23936.64    4    1
(advertise)    30    23937.3    27    23
(relay)    2    47    23950.72    23    23929.59    3    1
(advertise)    30    23958.92    47    23
(relay)    2    24    23995.93    23    23985.15    1    1
(relay)    27    6    24015.33    23    23901.56    1    1
(relay)    2    36    24122.13    24    24076.96    1    1
(relay)    27    4    24144.33    25    24022.02    1    1
(relay)    2    1    24166.93    24    24154.78    3    1
(advertise)    30    24167.13    1    24
(relay)    31    31    24220.14    24    24219.16    4    1
(advertise)    30    24220.34    31    24
(relay)    2    2    24278.75    24    24278.24    4    1
(advertise)    30    24278.95    2    24
(generate)    30    24300.77    [3]    24
(relay)    2    42    24327.98    24    24324.41    1    1
(relay)    2    15    24349.58    24    24309.14    1    1
(relay)    2    13    24403.38    24    24400.74    3    1
(advertise)    30    24403.58    13    24
(relay)    2    44    24504.59    24    24495.0    1    1
(relay)    2    26    24544.19    24    24524.41    1    1
(relay)    38    38    24586.99    24    24585.9    4    1
(advertise)    30    24587.19    38    24
(relay)    27    16    24609.61    24    24595.55    3    1
(advertise)    30    24609.81    16    24
(relay)    2    28    24702.62    24    24699.82    3    1
(advertise)    30    24702.82    28    24
(relay)    38    40    24725.03    24    24724.52    2    1
(advertise)    30    24725.43    40    24
(relay)    27    21    24747.85    24    24717.21    1    1
(heartbeat)    3    6    24746.27    30    24750.25    3    7
(advertise)    30    24750.85    3    6
(relay)    2    43    24773.66    24    24757.05    2    1
(advertise)    30    24774.26    43    24
(relay)    38    12    24804.07    24    24803.74    2    1
(advertise)    30    24804.27    12    24
(relay)    38    35    24827.48    24    24806.92    2    1
(advertise)    30    24827.88    35    24
(relay)    2    25    24850.3    24    24823.38    4    1
(advertise)    30    24851.1    25    24
(relay)    2    32    24917.91    24    24885.48    1    1
(relay)    27    27    24937.31    24    24936.7    4    1
(advertise)    30    24937.51    27    24
(relay)    27    47    24962.92    24    24929.76    2    1
(advertise)    30    24963.32    47    24
(relay)    27    6    24987.94    24    24902.9    1    1
(relay)    2    24    25013.54    24    24985.2    1    1
(relay)    38    39    25076.14    24    24997.61    1    1
(relay)    2    19    25148.74    25    25106.64    1    1
(relay)    2    1    25170.14    25    25154.86    3    1
(advertise)    30    25170.34    1    25
(relay)    2    36    25193.95    25    25077.16    1    1
(relay)    31    31    25220.15    25    25219.2    4    1
(advertise)    30    25220.35    31    25
(relay)    2    2    25278.96    25    25278.38    4    1
(advertise)    30    25279.16    2    25
(generate)    30    25300.78    [3]    25
(relay)    2    42    25328.59    25    25324.55    1    1
(relay)    2    15    25350.39    25    25309.28    1    1
(relay)    2    13    25404.59    25    25400.92    2    1
(advertise)    30    25404.79    13    25
(relay)    2    37    25428.0    25    25406.62    1    1
(relay)    2    44    25499.4    25    25495.05    1    1
(relay)    2    26    25541.4    25    25524.46    1    1
(relay)    38    38    25587.0    25    25585.95    4    1
(advertise)    30    25587.2    38    25
(relay)    31    16    25611.21    25    25595.69    1    1
(relay)    38    28    25702.01    25    25699.95    2    1
(advertise)    30    25702.21    28    25
(relay)    2    40    25726.83    25    25724.65    2    1
(advertise)    30    25727.03    40    25
(relay)    2    23    25753.04    25    25727.25    1    1
(relay)    31    43    25759.44    25    25757.12    1    1
(relay)    2    35    25825.64    25    25807.05    3    1
(advertise)    30    25825.84    35    25
(relay)    2    25    25847.65    25    25823.5    4    1
(advertise)    30    25847.85    25    25
(relay)    2    47    25932.47    25    25929.92    3    1
(advertise)    30    25932.67    47    25
(relay)    27    27    25937.68    25    25936.75    4    1
(advertise)    30    25955.68    27    25
(relay)    2    39    26004.09    25    25997.62    1    1
(relay)    38    4    26027.29    27    26022.19    1    1
(relay)    2    34    26048.89    26    26032.42    1    1
(relay)    27    48    26071.89    26    26035.88    1    1
(relay)    2    19    26145.69    26    26106.76    1    1
(relay)    2    1    26168.09    26    26154.96    3    1
(advertise)    30    26168.29    1    26
(relay)    31    31    26220.31    26    26219.26    4    1
(advertise)    30    26220.51    31    26
(relay)    2    2    26279.12    26    26278.51    4    1
(advertise)    30    26279.32    2    26
(generate)    30    26300.93    [3]    26
(relay)    2    15    26328.34    26    26309.32    1    1
(relay)    2    13    26405.34    26    26401.09    2    1
(advertise)    30    26405.54    13    26
(relay)    27    45    26519.16    26    26480.28    1    1
(relay)    2    26    26543.56    26    26524.53    1    1
(relay)    38    38    26586.96    26    26586.02    4    1
(advertise)    30    26587.16    38    26
(relay)    2    16    26609.17    26    26595.8    3    1
(advertise)    30    26609.97    16    26
(relay)    27    28    26701.38    26    26700.07    2    1
(advertise)    30    26701.58    28    26
(relay)    27    40    26725.8    26    26724.75    2    1
(advertise)    30    26726.0    40    26
(relay)    31    21    26749.41    26    26717.39    1    1
(relay)    31    43    26770.61    26    26757.31    1    1
(relay)    2    12    26805.01    26    26803.93    2    1
(advertise)    30    26805.21    12    26
(relay)    38    35    26827.22    26    26807.11    2    1
(advertise)    30    26828.02    35    26
(relay)    2    25    26849.84    26    26823.55    4    1
(advertise)    30    26850.64    25    26
(relay)    2    47    26933.05    26    26930.08    3    1
(advertise)    30    26933.25    47    26
(relay)    27    27    26937.86    26    26936.83    4    1
(advertise)    30    26957.66    27    26
(relay)    2    24    26986.47    26    26985.39    1    1
(relay)    2    6    27009.27    26    26903.15    1    1
(relay)    27    34    27066.07    27    27032.54    1    1
(relay)    31    39    27088.87    26    26997.66    1    1
(relay)    31    4    27111.67    28    27022.35    1    1
(relay)    2    48    27132.47    27    27036.07    1    1
(relay)    27    1    27155.67    27    27155.01    2    1
(advertise)    30    27155.87    1    27
(relay)    2    36    27179.29    27    27077.2    1    1
(relay)    2    19    27202.89    27    27106.91    1    1
(relay)    27    31    27220.69    27    27219.36    3    1
(advertise)    30    27220.89    31    27
(relay)    2    2    27279.3    27    27278.67    4    1
(advertise)    30    27279.5    2    27
(generate)    30    27301.11    [3]    27
(relay)    2    42    27328.13    27    27324.83    1    1
(relay)    2    15    27350.93    27    27309.39    1    1
(relay)    38    13    27403.93    27    27401.25    2    1
(advertise)    30    27404.13    13    27
(relay)    2    44    27516.34    27    27495.11    1    1
(relay)    2    26    27560.14    27    27524.61    1    1
(relay)    38    38    27586.14    27    27586.08    4    1
(advertise)    30    27586.34    38    27
(relay)    38    16    27608.35    27    27595.97    2    1
(advertise)    30    27608.95    16    27
(relay)    31    28    27702.17    27    27700.18    1    1
(relay)    31    21    27726.37    27    27717.4    1    1
(relay)    27    40    27726.77    27    27724.91    2    1
(advertise)    30    27726.97    40    27
(relay)    31    43    27760.18    27    27757.35    1    1
(relay)    31    12    27805.18    27    27803.96    2    1
(advertise)    30    27805.38    12    27
(relay)    27    35    27827.19    27    27807.2    2    1
(advertise)    30    27828.39    35    27
(relay)    27    25    27849.8    27    27823.64    3    1
(advertise)    30    27850.4    25    27
(relay)    2    47    27933.22    27    27930.24    3    1
(advertise)    30    27933.42    47    27
(relay)    27    27    27937.83    27    27936.89    4    1
(advertise)    30    27956.43    27    27
(relay)    2    24    27986.64    27    27985.5    1    1
(relay)    38    34    28063.64    28    28032.67    1    1
(relay)    31    39    28087.04    27    27997.75    1    1
(relay)    27    4    28108.24    29    28022.54    1    1
(relay)    2    36    28130.84    28    28077.21    1    1
(relay)    2    19    28154.04    28    28107.04    1    1
(relay)    27    1    28175.84    28    28155.12    2    1
(advertise)    30    28176.04    1    28
(relay)    31    31    28219.46    28    28219.39    4    1
(advertise)    30    28219.66    31    28
(relay)    2    2    28279.87    28    28278.81    4    1
(advertise)    30    28280.07    2    28
(generate)    30    28301.28    [3]    28
(relay)    2    15    28327.5    28    28309.47    1    1
(relay)    38    13    28403.5    28    28401.4    2    1
(advertise)    30    28403.7    13    28
(relay)    2    37    28429.51    28    28406.68    1    1
(relay)    27    46    28522.91    28    28443.17    1    1
(relay)    2    26    28545.91    28    28524.69    1    1
(relay)    38    38    28586.31    28    28586.14    4    1
(advertise)    30    28586.51    38    28
(relay)    2    16    28609.52    28    28596.11    3    1
(advertise)    30    28610.12    16    28
(relay)    2    28    28702.73    28    28700.3    3    1
(advertise)    30    28702.93    28    28
(relay)    27    40    28727.15    28    28725.02    2    1
(advertise)    30    28727.55    40    28
(heartbeat)    3    7    28746.28    30    28749.76    3    7
(advertise)    30    28750.76    3    7
(relay)    2    43    28769.77    28    28757.5    2    1
(advertise)    30    28772.57    43    28
(relay)    27    12    28805.19    28    28804.01    2    1
(advertise)    30    28805.39    12    28
(relay)    2    35    28827.8    28    28807.29    3    1
(advertise)    30    28828.2    35    28
(relay)    2    25    28848.01    28    28823.72    3    1
(advertise)    30    28849.41    25    28
(relay)    2    47    28932.83    28    28930.42    3    1
(advertise)    30    28933.03    47    28
(relay)    27    27    28937.04    28    28936.94    4    1
(advertise)    30    28956.04    27    28
(relay)    2    24    28993.45    28    28985.61    1    1
(relay)    2    34    29039.65    29    29032.87    1    1
(relay)    27    39    29061.05    28    28997.8    1    1
(relay)    38    48    29084.85    29    29037.08    1    1
(relay)    2    1    29156.05    29    29155.18    3    1
(advertise)    30    29156.25    1    29
(relay)    2    19    29198.26    29    29107.2    1    1
(relay)    31    31    29219.66    29    29219.42    4    1
(advertise)    30    29219.86    31    29
(relay)    2    2    29279.88    29    29278.93    4    1
(advertise)    30    29280.08    2    29
(generate)    30    29301.29    [3]    29
(relay)    2    15    29346.3    29    29309.6    1    1
(relay)    2    42    29372.5    29    29326.14    1    1
(relay)    27    13    29402.7    29    29401.58    2    1
(advertise)    30    29402.9    13    29
(relay)    2    37    29427.52    29    29406.73    1    1
(relay)    38    46    29474.52    29    29443.22    1    1
(relay)    27    45    29496.72    29    29480.62    1    1
(relay)    2    44    29523.72    29    29495.17    1    1
(relay)    38    38    29586.32    29    29586.21    4    1
(advertise)    30    29586.52    38    29
(relay)    38    16    29608.73    29    29596.28    2    1
(advertise)    30    29610.13    16    29
(relay)    2    28    29702.94    29    29700.42    3    1
(advertise)    30    29703.14    28    29
(relay)    2    40    29728.16    29    29725.17    2    1
(advertise)    30    29728.36    40    29
(relay)    2    43    29758.77    29    29757.54    2    1
(advertise)    30    29758.97    43    29
(relay)    38    12    29806.18    29    29804.05    2    1
(advertise)    30    29806.38    12    29
(relay)    2    35    29828.59    29    29807.36    3    1
(advertise)    30    29829.19    35    29
(relay)    38    25    29849.61    29    29823.79    1    1
(relay)    2    47    29932.21    29    29930.58    3    1
(advertise)    30    29932.41    47    29
(relay)    27    27    29937.02    29    29936.98    4    1
(advertise)    30    29954.22    27    29
