(relay)    12    4    32.0    1    19    123    1
(advertise)    31    37.0    4    1
(relay)    27    4    1020.41    2    1019.01    122    1
(advertise)    31    1020.61    4    2
(relay)    27    48    1043.83    1    1033.03    122    1
(advertise)    31    1044.63    48    1
(relay)    38    34    1065.24    1    1029.03    125    1
(advertise)    31    1067.64    34    1
(relay)    12    41    1089.05    1    1055.04    122    1
(advertise)    31    1089.65    41    1
(relay)    12    36    1110.67    1    1075.05    122    1
(advertise)    31    1113.07    36    1
(relay)    12    19    1133.88    1    1103.07    123    1
(advertise)    31    1135.88    19    1
(relay)    12    1    1155.89    1    1152.09    125    1
(advertise)    31    1157.89    1    1
(relay)    27    14    1182.3    1    1175.1    123    1
(advertise)    31    1183.1    14    1
(relay)    12    33    1201.52    1    1162.1    122    1
(advertise)    31    1205.12    33    1
(generate)    31    1217.13    [3]    1
(relay)    38    17    1245.54    1    1183.12    122    1
(advertise)    31    1245.74    17    1
(relay)    38    18    1268.96    1    1173.1    121    1
(advertise)    31    1269.76    18    1
(relay)    38    2    1290.77    1    1275.17    125    1
(advertise)    31    1291.77    2    1
(relay)    30    30    1297.18    1    1297.18    127    1
(advertise)    31    1314.58    30    1
(relay)    30    15    1334.4    1    1305.17    123    1
(advertise)    31    1336.6    15    1
(relay)    30    42    1358.01    1    1320.2    124    1
(advertise)    31    1360.01    42    1
(relay)    27    13    1399.22    1    1397.02    124    1
(advertise)    31    1399.42    13    1
(relay)    12    37    1424.83    1    1405.03    123    1
(advertise)    31    1426.23    37    1
(relay)    12    9    1449.45    1    1420.03    123    1
(advertise)    31    1450.05    9    1
(relay)    27    11    1471.26    1    1413.03    120    1
(advertise)    31    1471.46    11    1
(relay)    12    46    1493.87    1    1441.05    125    1
(advertise)    31    1494.87    46    1
(relay)    12    45    1516.09    1    1476.07    124    1
(advertise)    31    1517.89    45    1
(relay)    12    44    1538.9    1    1493.09    122    1
(advertise)    31    1539.9    44    1
(relay)    12    26    1559.11    1    1522.1    122    1
(advertise)    31    1562.71    26    1
(relay)    38    38    1584.73    1    1584.13    127    1
(advertise)    31    1584.93    38    1
(relay)    27    16    1608.34    1    1592.14    126    1
(advertise)    31    1608.54    16    1
(relay)    12    29    1632.15    1    1616.15    125    1
(advertise)    31    1632.55    29    1
(relay)    12    22    1654.76    1    1637.16    124    1
(advertise)    31    1655.16    22    1
(relay)    12    28    1702.18    1    1697.16    123    1
(advertise)    31    1702.38    28    1
(relay)    12    40    1724.19    1    1721.19    126    1
(advertise)    31    1724.59    40    1
(relay)    12    21    1747.2    1    1714.19    124    1
(advertise)    31    1747.4    21    1
(relay)    12    43    1771.02    1    1755.03    126    1
(advertise)    31    1771.82    43    1
(relay)    12    23    1792.43    1    1725.0    122    1
(advertise)    31    1793.23    23    1
(relay)    12    12    1800.04    1    1799.04    127    1
(advertise)    31    1815.24    12    1
(relay)    12    35    1833.86    1    1803.04    125    1
(advertise)    31    1836.26    35    1
(relay)    12    5    1858.27    1    1779.04    123    1
(advertise)    31    1859.27    5    1
(relay)    30    25    1860.88    1    1821.06    125    1
(advertise)    31    1880.68    25    1
(relay)    12    10    1903.49    1    1875.08    125    1
(advertise)    31    1904.49    10    1
(relay)    12    32    1925.71    1    1882.08    124    1
(advertise)    31    1925.91    32    1
(relay)    27    27    1935.12    1    1935.12    127    1
(advertise)    31    1948.12    27    1
(relay)    12    7    1969.53    1    1908.11    125    1
(advertise)    31    1971.33    7    1
(relay)    12    0    1994.75    1    1910.11    122    1
(advertise)    31    1994.95    0    1
(relay)    12    24    2015.36    1    1983.16    125    1
(advertise)    31    2016.96    24    1
(relay)    12    34    2036.97    2    2029.17    126    1
(relay)    30    6    2038.77    1    1896.09    120    2
(advertise)    31    2039.17    34    2
(relay)    12    39    2058.99    1    1996.16    124    2
(advertise)    31    2060.59    6    1
(advertise)    31    2081.8    39    1
(relay)    12    8    2102.21    1    1957.13    124    1
(advertise)    31    2104.01    8    1
(relay)    12    4    2126.42    3    2019.17    124    1
(advertise)    31    2128.42    4    3
(relay)    30    48    2131.04    2    2033.17    122    1
(advertise)    31    2150.44    48    2
(relay)    12    41    2170.45    2    2055.2    122    1
(advertise)    31    2174.65    41    2
(relay)    12    19    2191.06    2    2103.22    124    1
(relay)    27    1    2192.26    2    2152.25    125    2
(advertise)    31    2197.46    19    2
(generate)    31    2217.28    [3]    2
(advertise)    31    2218.49    1    2
(relay)    12    14    2234.7    2    2175.26    125    1
(advertise)    31    2243.7    14    2
(relay)    12    33    2256.72    2    2162.25    124    1
(advertise)    31    2267.32    33    2
(relay)    30    36    2287.33    2    2075.21    120    1
(advertise)    31    2289.33    36    2
(relay)    30    30    2297.34    2    2297.33    127    1
(advertise)    31    2312.14    30    2
(relay)    12    18    2324.35    2    2173.26    124    1
(relay)    27    2    2324.75    2    2275.32    126    2
(advertise)    31    2333.55    18    2
(advertise)    31    2354.57    2    2
(relay)    12    17    2367.58    2    2183.28    124    1
(advertise)    31    2378.18    17    2
(relay)    30    42    2401.59    2    2320.35    123    1
(advertise)    31    2401.99    42    2
(relay)    30    15    2434.21    2    2305.33    123    1
(advertise)    31    2434.41    15    2
(relay)    30    13    2454.42    2    2397.18    122    1
(advertise)    31    2455.42    13    2
(relay)    12    11    2458.43    2    2413.19    124    1
(advertise)    31    2477.83    11    2
(relay)    30    37    2499.24    2    2405.21    122    1
(advertise)    31    2501.04    37    2
(relay)    12    46    2505.26    2    2441.22    125    1
(advertise)    31    2522.46    46    2
(relay)    30    9    2543.87    2    2420.99    120    1
(advertise)    31    2544.07    9    2
(relay)    30    44    2565.28    2    2493.26    122    1
(advertise)    31    2567.28    44    2
(relay)    38    38    2584.9    2    2584.3    127    1
(advertise)    31    2588.3    38    2
(relay)    27    45    2614.71    2    2476.23    120    1
(advertise)    31    2614.91    45    2
(relay)    27    16    2636.12    2    2592.3    126    1
(advertise)    31    2636.72    16    2
(relay)    27    26    2657.74    2    2522.27    122    1
(advertise)    31    2659.94    26    2
(relay)    27    29    2681.15    2    2616.32    123    1
(advertise)    31    2681.95    29    2
(relay)    27    22    2704.56    2    2637.32    123    1
(advertise)    31    2704.96    22    2
(relay)    27    20    2726.17    2    2600.31    121    1
(advertise)    31    2726.37    20    2
(relay)    38    40    2727.99    2    2721.37    126    1
(advertise)    31    2748.19    40    2
(relay)    27    28    2769.6    2    2697.32    123    1
(advertise)    31    2771.0    28    2
(relay)    12    23    2772.61    2    2725.19    124    1
(relay)    30    43    2791.61    2    2755.21    125    2
(advertise)    31    2793.41    23    2
(relay)    12    12    2800.23    2    2799.23    127    2
(advertise)    31    2814.63    43    2
(advertise)    31    2838.24    12    2
(relay)    12    21    2841.25    2    2714.37    123    1
(advertise)    31    2859.65    21    2
(relay)    12    5    2863.67    2    2779.23    122    1
(advertise)    31    2880.67    5    2
(relay)    12    35    2885.48    2    2803.23    125    1
(advertise)    31    2901.68    35    2
(relay)    12    25    2906.29    2    2821.24    125    1
(advertise)    31    2923.09    25    2
(relay)    12    10    2930.9    2    2875.27    123    1
(relay)    27    27    2935.9    2    2935.3    127    2
(advertise)    31    2944.3    10    2
(relay)    12    47    2955.12    2    2925.49    124    2
(advertise)    31    2967.32    27    2
(relay)    12    32    2977.33    2    2882.28    124    2
(advertise)    31    2988.33    47    2
(relay)    12    7    2998.94    2    2908.29    125    2
(advertise)    31    3010.14    32    2
(advertise)    31    3031.16    7    2
(relay)    12    6    3044.77    2    2896.29    124    1
(advertise)    31    3053.57    6    2
(relay)    38    24    3075.38    2    2983.36    124    1
(advertise)    31    3075.98    24    2
(relay)    12    0    3089.8    2    2910.29    123    1
(relay)    27    8    3092.4    2    2957.33    122    2
(advertise)    31    3099.2    0    2
(advertise)    31    3121.81    8    2
(relay)    27    34    3138.02    3    3029.37    123    1
(advertise)    31    3144.82    34    3
(relay)    12    39    3157.43    2    2996.34    124    1
(advertise)    31    3167.23    39    2
(relay)    12    4    3177.85    4    3019.36    123    1
(relay)    27    1    3181.65    3    3152.45    125    2
(advertise)    31    3189.25    4    4
(relay)    12    48    3199.46    3    3033.37    124    2
(advertise)    31    3213.06    1    3
(generate)    31    3217.47    [3]    3
(relay)    12    19    3221.89    3    3103.42    124    2
(advertise)    31    3235.89    48    3
(advertise)    31    3259.3    19    3
(relay)    12    14    3265.71    3    3175.45    125    1
(advertise)    31    3281.51    14    3
(relay)    12    33    3286.73    3    3162.45    124    1
(relay)    30    30    3298.13    3    3297.51    127    2
(relay)    30    2    3300.53    3    3275.5    126    3
(advertise)    31    3304.13    33    3
(advertise)    31    3325.14    30    3
(relay)    12    41    3332.15    3    3055.4    123    2
(relay)    38    36    3339.95    3    3075.61    121    3
(advertise)    31    3346.15    2    3
(advertise)    31    3368.16    41    3
(advertise)    31    3390.58    36    3
(relay)    30    17    3412.59    3    3183.47    122    1
(advertise)    31    3412.99    17    3
(relay)    30    42    3434.0    3    3320.55    124    1
(advertise)    31    3434.2    42    3
(relay)    30    13    3455.02    3    3397.38    124    1
(advertise)    31    3458.02    13    3
(relay)    30    15    3477.83    3    3305.53    123    1
(advertise)    31    3480.83    15    3
(relay)    30    18    3499.44    3    3173.45    121    1
(advertise)    31    3504.04    18    3
(relay)    12    46    3510.66    3    3441.4    125    1
(advertise)    31    3525.86    46    3
(relay)    30    9    3552.07    3    3421.19    121    1
(advertise)    31    3552.67    9    3
(relay)    12    11    3575.68    3    3413.39    124    1
(advertise)    31    3576.48    11    3
(relay)    38    38    3585.09    3    3584.49    127    1
(relay)    12    45    3599.09    3    3476.43    124    2
(advertise)    31    3599.29    38    3
(advertise)    31    3622.11    45    3
(relay)    27    16    3628.12    3    3592.49    126    1
(relay)    12    37    3643.32    3    3405.4    122    2
(advertise)    31    3643.92    16    3
(advertise)    31    3665.13    37    3
(relay)    12    26    3690.35    3    3522.47    122    1
(advertise)    31    3690.95    26    3
(relay)    12    29    3711.96    3    3616.52    125    1
(advertise)    31    3713.56    29    3
(relay)    12    20    3733.17    3    3600.51    124    1
(relay)    38    40    3734.37    3    3721.57    126    2
(advertise)    31    3734.57    20    3
(relay)    12    22    3754.59    3    3637.52    124    2
(advertise)    31    3756.39    40    3
(advertise)    31    3777.4    22    3
(relay)    30    28    3781.21    3    3697.49    123    1
(relay)    12    21    3799.41    3    3714.57    125    2
(advertise)    31    3799.81    28    3
(advertise)    31    3822.42    21    3
(relay)    38    43    3824.24    3    3755.41    125    1
(advertise)    31    3845.24    43    3
(relay)    12    23    3866.05    3    3725.39    124    1
(advertise)    31    3866.25    23    3
(relay)    38    12    3868.06    3    3799.62    125    1
(advertise)    31    3888.46    12    3
(relay)    38    35    3889.68    3    3803.42    125    1
(advertise)    31    3911.88    35    3
(relay)    38    5    3933.09    3    3779.42    121    1
(advertise)    31    3933.69    5    3
(relay)    27    27    3936.1    3    3935.49    127    1
(advertise)    31    3955.5    27    3
(relay)    12    25    3957.92    3    3821.44    123    1
(advertise)    31    3977.12    25    3
(relay)    27    10    3980.93    3    3875.46    123    1
(advertise)    31    3999.93    10    3
(relay)    27    47    4001.54    3    3925.69    124    1
(advertise)    31    4021.94    47    3
(relay)    27    6    4023.35    3    3896.49    123    1
(relay)    12    32    4023.95    3    3882.48    123    2
(advertise)    31    4043.95    6    3
(relay)    12    0    4045.57    3    3910.49    124    2
(advertise)    31    4064.97    32    3
(relay)    27    7    4066.58    3    3908.49    122    2
(advertise)    31    4086.98    0    3
(advertise)    31    4108.19    7    3
(relay)    27    24    4110.21    3    3983.55    124    1
(advertise)    31    4131.01    24    3
(relay)    27    34    4133.02    4    4029.57    125    1
(advertise)    31    4152.82    34    4
(relay)    27    8    4155.23    3    3957.73    122    1
(relay)    12    39    4173.83    3    3996.54    125    2
(advertise)    31    4175.43    8    3
(relay)    12    4    4195.25    5    4019.37    124    2
(advertise)    31    4196.85    39    3
(relay)    27    1    4200.86    4    4152.65    125    2
(generate)    31    4217.66    [3]    4
(advertise)    31    4218.87    4    5
(advertise)    31    4239.88    1    4
(relay)    12    48    4241.3    4    4033.57    124    1
(advertise)    31    4260.9    48    4
(relay)    27    14    4266.31    4    4175.65    124    1
(advertise)    31    4282.31    14    4
(relay)    27    41    4287.72    4    4055.59    122    1
(relay)    30    30    4298.32    4    4297.71    127    2
(advertise)    31    4303.72    41    4
(relay)    12    2    4306.54    4    4275.7    126    2
(advertise)    31    4325.94    30    4
(relay)    12    33    4328.35    4    4162.65    124    2
(advertise)    31    4348.95    2    4
(relay)    12    19    4350.16    4    4103.62    123    2
(relay)    12    36    4371.16    4    4075.81    122    3
(advertise)    31    4372.56    33    4
(relay)    12    17    4392.58    4    4183.67    124    3
(advertise)    31    4394.58    19    4
(advertise)    31    4416.79    36    4
(relay)    12    18    4438.4    4    4173.65    123    2
(advertise)    31    4439.4    17    4
(advertise)    31    4460.81    18    4
(relay)    30    13    4464.23    4    4397.56    124    1
(advertise)    31    4481.83    13    4
(relay)    12    15    4483.84    4    4305.72    123    1
(relay)    38    42    4486.64    4    4320.75    124    2
(advertise)    31    4503.44    15    4
(advertise)    31    4525.05    42    4
(relay)    27    9    4529.27    4    4421.38    122    1
(advertise)    31    4548.87    9    4
(relay)    12    46    4550.48    4    4441.41    125    1
(advertise)    31    4571.08    46    4
(relay)    12    37    4575.09    4    4405.59    122    1
(relay)    38    38    4585.29    4    4584.68    127    2
(advertise)    31    4593.49    37    4
(advertise)    31    4615.91    38    4
(relay)    12    16    4620.12    4    4592.69    126    1
(advertise)    31    4636.92    16    4
(relay)    12    45    4641.13    4    4476.63    122    1
(relay)    27    11    4643.73    4    4413.59    121    2
(advertise)    31    4659.13    45    4
(advertise)    31    4681.94    11    4
(relay)    12    26    4686.76    4    4522.67    122    1
(advertise)    31    4703.56    26    4
(relay)    27    44    4708.77    4    4493.65    122    1
(advertise)    31    4726.17    44    4
(relay)    27    40    4730.18    4    4721.77    126    1
(advertise)    31    4748.98    40    4
(relay)    38    28    4753.4    4    4697.69    123    1
(relay)    12    20    4753.8    4    4600.71    124    2
(advertise)    31    4772.4    28    4
(heartbeat)    3    1    4746.2    31    4776.21    127    0
(advertise)    31    4794.01    20    4
(relay)    38    22    4798.22    4    4637.71    123    2
(advertise)    31    4816.22    3    1
(advertise)    31    4838.44    22    4
(relay)    38    43    4841.65    4    4755.61    1    1
(relay)    27    29    4842.25    4    4616.72    122    1
(advertise)    31    4860.45    29    4
(relay)    12    21    4868.06    4    4714.77    123    1
(relay)    30    35    4868.86    4    4803.62    2    2
(advertise)    31    4881.46    21    4
(advertise)    31    4904.07    35    4
(relay)    12    23    4912.09    4    4725.78    124    1
(advertise)    31    4925.29    23    4
(relay)    38    12    4929.5    4    4800.42    1    1
(relay)    27    27    4936.1    4    4935.5    4    1
(advertise)    31    4946.5    27    4
(relay)    12    32    4958.51    4    4882.67    2    1
(advertise)    31    4969.51    32    4
(relay)    30    25    4977.53    4    4821.62    123    1
(advertise)    31    4991.53    25    4
(relay)    27    47    5006.54    4    4925.87    2    1
(advertise)    31    5013.74    47    4
(relay)    12    24    5047.15    4    4983.75    1    1
(relay)    12    34    5068.35    5    5029.77    2    1
(advertise)    31    5068.55    34    5
(relay)    12    0    5089.37    4    4910.5    2    1
(advertise)    31    5090.17    0    4
(relay)    12    39    5111.78    4    4996.55    2    1
(advertise)    31    5112.18    39    4
(relay)    12    4    5154.39    6    5019.57    2    1
(advertise)    31    5154.59    4    6
(relay)    12    48    5175.0    5    5033.77    2    1
(advertise)    31    5177.2    48    5
(generate)    31    5217.82    [3]    5
(relay)    12    1    5242.43    5    5152.78    2    1
(advertise)    31    5242.63    1    5
(relay)    12    14    5265.04    5    5175.84    1    1
(relay)    27    2    5276.24    5    5275.87    3    1
(advertise)    31    5276.44    2    5
(relay)    12    19    5287.06    5    5104.39    1    1
(relay)    30    30    5298.26    5    5297.77    5    1
(advertise)    31    5300.06    30    5
(relay)    12    36    5308.07    5    5075.95    1    1
(relay)    12    33    5353.07    5    5162.84    3    1
(advertise)    31    5353.27    33    5
(relay)    12    17    5399.48    5    5183.87    1    1
(relay)    12    18    5422.28    5    5173.66    2    1
(advertise)    31    5422.48    18    5
(relay)    27    13    5444.5    5    5397.58    1    1
(relay)    12    15    5467.1    5    5305.91    1    1
(relay)    12    37    5489.1    5    5405.64    1    1
(relay)    12    11    5532.1    5    5413.73    2    1
(advertise)    31    5532.3    11    5
(relay)    12    44    5553.91    5    5493.71    1    1
(relay)    12    45    5575.11    5    5476.76    1    1
(relay)    38    38    5585.71    5    5584.72    4    1
(advertise)    31    5585.91    38    5
(relay)    27    16    5609.12    5    5592.81    3    1
(advertise)    31    5609.52    16    5
(relay)    38    28    5699.93    5    5697.71    2    1
(advertise)    31    5700.13    28    5
(relay)    12    40    5722.55    5    5721.83    2    1
(advertise)    31    5723.15    40    5
(relay)    12    23    5747.76    5    5725.92    1    1
(relay)    30    21    5791.76    5    5714.9    1    1
(relay)    12    12    5800.56    5    5800.56    3    1
(advertise)    31    5800.76    12    5
(relay)    12    35    5834.37    5    5803.64    2    1
(advertise)    31    5834.57    35    5
(relay)    12    25    5857.99    5    5821.64    3    1
(advertise)    31    5858.79    25    5
(relay)    12    10    5882.0    5    5875.79    1    1
(relay)    12    6    5904.6    5    5897.03    1    1
(relay)    30    47    5929.2    5    5926.27    2    1
(advertise)    31    5929.4    47    5
(relay)    27    27    5936.21    5    5935.63    4    1
(advertise)    31    5951.41    27    5
(relay)    27    0    5972.23    5    5910.69    1    1
(relay)    12    24    5993.63    5    5983.87    1    1
(relay)    12    39    6015.83    5    5996.67    2    1
(advertise)    31    6016.03    39    5
(relay)    12    4    6038.84    7    6019.58    2    1
(advertise)    31    6039.04    4    7
(relay)    12    34    6061.85    6    6029.95    2    1
(advertise)    31    6063.45    34    6
(relay)    38    1    6153.66    6    6152.93    2    1
(advertise)    31    6153.86    1    6
(relay)    12    33    6175.88    6    6162.98    3    1
(advertise)    31    6176.88    33    6
(relay)    12    14    6197.29    6    6176.0    1    1
(generate)    31    6217.89    [3]    6
(relay)    12    18    6219.1    6    6173.79    2    1
(advertise)    31    6219.3    18    6
(relay)    12    17    6262.52    6    6183.9    1    1
(relay)    30    2    6277.12    6    6275.89    3    1
(advertise)    31    6277.32    2    6
(relay)    30    30    6298.53    6    6297.96    5    1
(advertise)    31    6299.53    30    6
(relay)    12    42    6331.54    6    6321.11    1    1
(relay)    12    15    6352.74    6    6306.67    1    1
(relay)    12    13    6401.94    6    6397.76    2    1
(advertise)    31    6402.14    13    6
(relay)    12    11    6424.96    6    6413.9    2    1
(advertise)    31    6426.16    11    6
(relay)    12    46    6446.97    6    6441.67    2    1
(advertise)    31    6449.17    46    6
(relay)    12    45    6482.58    6    6476.9    2    1
(advertise)    31    6482.78    45    6
(relay)    12    44    6525.39    6    6493.74    1    1
(relay)    38    38    6585.79    6    6584.83    4    1
(advertise)    31    6585.99    38    6
(relay)    12    16    6608.41    6    6592.83    3    1
(advertise)    31    6608.81    16    6
(relay)    12    29    6653.62    6    6617.06    1    1
(relay)    12    22    6677.42    6    6637.97    1    1
(relay)    30    28    6699.22    6    6697.79    2    1
(advertise)    31    6699.42    28    6
(relay)    27    40    6722.23    6    6721.83    2    1
(advertise)    31    6723.43    40    6
(relay)    12    43    6757.65    6    6755.82    2    1
(advertise)    31    6757.85    43    6
(relay)    12    23    6779.86    6    6725.96    1    1
(relay)    12    5    6800.66    6    6779.8    1    1
(relay)    12    12    6801.86    6    6801.82    3    1
(advertise)    31    6802.06    12    6
(relay)    12    35    6826.47    6    6803.72    2    1
(advertise)    31    6826.67    35    6
(relay)    38    25    6874.69    6    6821.69    1    1
(relay)    12    10    6896.29    6    6875.8    1    1
(relay)    12    7    6922.89    6    6908.82    1    1
(relay)    38    47    6930.29    6    6926.44    2    1
(advertise)    31    6930.49    47    6
(relay)    27    27    6936.7    6    6935.7    4    1
(advertise)    31    6953.5    27    6
(relay)    12    24    6987.11    6    6983.97    1    1
(relay)    12    39    7012.51    6    6996.85    2    1
(advertise)    31    7012.71    39    6
(relay)    12    34    7036.12    7    7030.04    2    1
(advertise)    31    7038.12    34    7
(relay)    12    48    7066.74    7    7034.01    1    1
(relay)    12    36    7097.54    7    7076.07    1    1
(relay)    12    19    7141.54    7    7104.72    1    1
(relay)    27    1    7162.94    7    7153.05    2    1
(advertise)    31    7163.14    1    7
(relay)    12    33    7189.35    7    7163.08    3    1
(advertise)    31    7189.55    33    7
(relay)    12    14    7212.96    7    7176.07    1    1
(generate)    31    7217.96    [3]    7
(relay)    12    18    7254.78    7    7173.89    2    1
(advertise)    31    7254.98    18    7
(relay)    12    17    7276.19    7    7183.9    1    1
(relay)    30    2    7277.19    7    7275.89    3    1
(advertise)    31    7277.39    2    7
(relay)    30    30    7299.2    7    7298.13    5    1
(advertise)    31    7299.6    30    7
(relay)    12    15    7341.22    7    7306.77    1    1
(relay)    12    42    7365.22    7    7321.21    1    1
(relay)    30    13    7402.82    7    7397.93    2    1
(advertise)    31    7403.02    13    7
(relay)    12    46    7473.03    7    7441.71    2    1
(advertise)    31    7473.23    46    7
(relay)    12    45    7495.44    7    7477.0    2    1
(advertise)    31    7495.84    45    7
(relay)    38    38    7585.85    7    7584.91    4    1
(advertise)    31    7586.05    38    7
(relay)    12    16    7607.47    7    7592.99    3    1
(advertise)    31    7607.67    16    7
(relay)    12    29    7630.48    7    7617.2    1    1
(relay)    12    22    7652.88    7    7638.07    1    1
(relay)    30    28    7699.28    7    7697.9    2    1
(advertise)    31    7699.48    28    7
(relay)    12    21    7723.09    7    7715.08    4    1
(advertise)    31    7723.69    21    7
(relay)    30    40    7724.91    7    7722.01    1    1
(relay)    12    43    7767.51    7    7755.89    2    1
(advertise)    31    7767.71    43    7
(relay)    12    12    7801.92    7    7801.87    3    1
(advertise)    31    7802.12    12    7
(relay)    12    5    7809.13    7    7779.87    1    1
(relay)    38    35    7825.13    7    7803.82    2    1
(advertise)    31    7825.93    35    7
(relay)    38    25    7847.35    7    7821.78    2    1
(advertise)    31    7848.15    25    7
(relay)    12    10    7896.96    7    7875.83    1    1
(relay)    27    47    7930.36    7    7926.61    2    1
(advertise)    31    7930.56    47    7
(relay)    27    27    7936.77    7    7935.77    4    1
(advertise)    31    7951.77    27    7
(relay)    12    7    7973.38    7    7908.85    1    1
(relay)    12    24    7995.98    7    7984.05    1    1
(relay)    12    34    8032.38    8    8030.14    2    1
(advertise)    31    8032.58    34    8
(relay)    12    8    8052.6    7    7958.16    1    1
(relay)    12    48    8074.4    8    8034.03    1    1
(relay)    12    39    8097.2    7    7996.87    2    1
(advertise)    31    8097.4    39    7
(relay)    12    4    8120.61    9    8019.91    2    1
(advertise)    31    8120.81    4    9
(relay)    12    36    8142.62    8    8076.16    1    1
(relay)    27    1    8166.22    8    8153.14    2    1
(advertise)    31    8166.42    1    8
(relay)    12    33    8189.44    8    8163.22    3    1
(advertise)    31    8191.04    33    8
(generate)    31    8218.05    [3]    8
(relay)    12    14    8241.06    8    8176.13    1    1
(relay)    12    18    8264.46    8    8174.03    1    1
(relay)    30    2    8277.26    8    8276.03    3    1
(advertise)    31    8277.46    2    8
(relay)    30    30    8299.08    8    8298.15    5    1
(advertise)    31    8299.28    30    8
(relay)    12    15    8343.29    8    8306.88    1    1
(relay)    12    42    8366.09    8    8321.4    1    1
(relay)    38    13    8400.89    8    8398.11    2    1
(advertise)    31    8401.09    13    8
(relay)    12    11    8445.1    8    8414.19    2    1
(advertise)    31    8445.3    11    8
(relay)    12    9    8468.91    8    8421.92    1    1
(relay)    12    46    8491.91    8    8441.74    2    1
(advertise)    31    8492.11    46    8
(relay)    12    45    8511.93    8    8477.14    1    1
(relay)    12    26    8537.73    8    8523.03    1    1
(relay)    38    38    8585.93    8    8584.99    4    1
(advertise)    31    8586.13    38    8
(relay)    38    16    8607.34    8    8593.13    2    1
(advertise)    31    8607.74    16    8
(relay)    12    22    8656.35    8    8638.09    1    1
(relay)    38    28    8700.15    8    8698.01    2    1
(advertise)    31    8700.35    28    8
(relay)    38    40    8723.57    8    8722.13    2    1
(advertise)    31    8723.77    40    8
(relay)    38    43    8758.38    8    8755.97    1    1
(relay)    12    23    8768.98    8    8726.08    1    1
(relay)    12    12    8802.58    8    8801.96    3    1
(advertise)    31    8802.78    12    8
(relay)    12    5    8814.99    8    8779.92    1    1
(relay)    27    35    8826.19    8    8803.94    2    1
(advertise)    31    8826.39    35    8
(relay)    27    25    8848.61    8    8821.9    2    1
(advertise)    31    8848.81    25    8
(heartbeat)    3    2    8746.21    31    8879.02    3    3
(advertise)    31    8879.22    3    2
(relay)    12    10    8904.23    8    8875.87    1    1
(relay)    12    47    8932.63    8    8926.8    1    1
(relay)    27    27    8936.83    8    8935.84    4    1
(advertise)    31    8937.03    27    8
(relay)    12    7    8977.44    8    8908.91    1    1
(relay)    12    6    9000.64    8    8897.39    2    1
(advertise)    31    9000.84    6    8
(relay)    12    24    9023.26    8    8984.13    1    1
(relay)    12    0    9044.06    8    8911.1    1    1
(relay)    12    34    9065.06    9    9030.28    2    1
(advertise)    31    9065.26    34    9
(relay)    12    39    9086.87    8    8996.91    2    1
(advertise)    31    9087.47    39    8
(relay)    12    4    9109.28    10    9020.07    2    1
(advertise)    31    9110.28    4    10
(relay)    12    19    9135.5    9    9104.93    1    1
(relay)    12    1    9156.5    9    9153.27    2    1
(advertise)    31    9156.7    1    9
(generate)    31    9218.11    [3]    9
(relay)    12    2    9277.72    9    9276.16    3    1
(advertise)    31    9277.92    2    9
(relay)    30    30    9299.34    9    9298.35    5    1
(advertise)    31    9300.74    30    9
(relay)    12    42    9324.75    9    9321.57    1    1
(relay)    30    13    9399.55    9    9398.27    1    1
(relay)    12    37    9426.75    9    9405.97    1    1
(relay)    12    9    9449.95    9    9421.92    1    1
(relay)    12    46    9472.95    9    9441.83    2    1
(advertise)    31    9473.15    46    9
(relay)    12    45    9493.16    9    9477.22    2    1
(advertise)    31    9495.76    45    9
(relay)    12    44    9516.37    9    9493.82    1    1
(relay)    12    26    9541.37    9    9523.13    1    1
(relay)    38    38    9585.17    9    9585.07    4    1
(advertise)    31    9585.37    38    9
(relay)    27    16    9607.59    9    9593.31    3    1
(advertise)    31    9608.39    16    9
(relay)    12    20    9630.4    9    9601.31    1    1
(relay)    12    22    9658.4    9    9638.14    1    1
(relay)    30    28    9700.8    9    9698.14    2    1
(advertise)    31    9701.0    28    9
(relay)    12    21    9723.21    9    9715.29    1    1
(relay)    27    40    9723.61    9    9722.32    2    1
(advertise)    31    9724.21    40    9
(relay)    38    43    9758.63    9    9756.04    1    1
(relay)    12    23    9767.43    9    9726.19    1    1
(relay)    12    12    9802.63    9    9802.04    3    1
(advertise)    31    9802.83    12    9
(relay)    12    5    9813.04    9    9779.99    1    1
(relay)    12    35    9834.44    9    9804.07    2    1
(advertise)    31    9834.64    35    9
(relay)    27    25    9854.45    9    9822.01    3    1
(advertise)    31    9857.05    25    9
(relay)    12    10    9880.47    9    9875.87    1    1
(relay)    12    7    9927.87    9    9908.92    1    1
(relay)    38    47    9931.07    9    9927.19    2    1
(advertise)    31    9931.27    47    9
(relay)    27    27    9936.88    9    9935.92    4    1
(advertise)    31    9954.28    27    9
(relay)    12    6    9991.89    9    9897.44    2    1
(advertise)    31    9992.09    6    9
(relay)    12    24    10013.91    9    9984.18    1    1
(relay)    12    34    10034.31    10    10030.42    2    1
(advertise)    31    10034.51    34    10
(relay)    12    39    10057.32    9    9996.96    2    1
(advertise)    31    10058.32    39    9
(relay)    12    4    10079.93    11    10020.09    2    1
(advertise)    31    10081.73    4    11
(relay)    12    48    10103.74    10    10034.05    1    1
(relay)    12    36    10131.14    10    10076.25    1    1
(relay)    30    1    10155.14    10    10153.39    2    1
(advertise)    31    10155.34    1    10
(relay)    12    14    10197.76    10    10176.25    1    1
(generate)    31    10218.16    [3]    10
(relay)    12    17    10242.97    10    10184.14    1    1
(relay)    12    2    10278.17    10    10276.32    3    1
(advertise)    31    10278.37    2    10
(relay)    30    30    10299.58    10    10298.53    5    1
(advertise)    31    10301.38    30    10
(relay)    12    42    10325.2    10    10322.3    1    1
(relay)    12    15    10347.8    10    10307.1    1    1
(relay)    30    13    10399.8    10    10398.42    1    1
(relay)    12    11    10423.2    10    10414.5    1    1
(relay)    12    46    10446.2    10    10442.02    2    1
(advertise)    31    10446.4    46    10
(relay)    12    9    10470.01    10    10422.11    1    1
(relay)    12    45    10492.21    10    10477.35    1    1
(relay)    12    44    10515.81    10    10493.85    1    1
(relay)    12    26    10541.41    10    10523.22    1    1
(relay)    38    38    10585.21    10    10585.13    4    1
(advertise)    31    10585.41    38    10
(relay)    12    16    10607.22    10    10593.46    3    1
(advertise)    31    10608.22    16    10
(relay)    12    20    10631.24    10    10601.44    1    1
(relay)    12    28    10702.44    10    10698.26    1    1
(relay)    27    40    10724.64    10    10722.47    2    1
(advertise)    31    10724.84    40    10
(relay)    12    21    10748.25    10    10715.48    4    1
(advertise)    31    10748.45    21    10
(relay)    12    43    10769.46    10    10756.07    2    1
(advertise)    31    10770.66    43    10
(relay)    12    5    10792.27    10    10780.06    1    1
(relay)    12    12    10802.67    10    10802.14    3    1
(advertise)    31    10802.87    12    10
(relay)    12    35    10835.69    10    10804.19    2    1
(advertise)    31    10835.89    35    10
(relay)    12    25    10857.3    10    10822.11    3    1
(advertise)    31    10858.1    25    10
(relay)    12    10    10904.11    10    10875.9    1    1
(relay)    12    32    10927.31    10    10883.54    1    1
(relay)    30    47    10929.91    10    10927.37    1    1
(relay)    27    27    10936.11    10    10935.98    4    1
(advertise)    31    10936.31    27    10
(relay)    12    7    10994.53    10    10908.94    1    1
(relay)    12    6    11016.53    10    10897.55    2    1
(advertise)    31    11016.73    6    10
(relay)    12    24    11037.14    10    10984.23    1    1
(relay)    12    0    11060.34    10    10911.45    1    1
(relay)    12    34    11082.14    11    11030.58    2    1
(advertise)    31    11082.34    34    11
(relay)    12    8    11103.75    10    10958.2    1    1
(relay)    12    4    11124.75    12    11020.28    2    1
(advertise)    31    11124.95    4    12
(relay)    38    1    11155.37    11    11153.5    2    1
(advertise)    31    11155.57    1    11
(relay)    12    19    11179.78    11    11105.07    1    1
(relay)    12    33    11200.58    11    11163.59    1    1
(generate)    31    11218.18    [3]    11
(relay)    12    36    11221.59    11    11076.46    1    1
(relay)    12    14    11246.19    11    11176.3    1    1
(relay)    27    2    11278.59    11    11276.49    3    1
(advertise)    31    11278.79    2    11
(relay)    30    30    11298.8    11    11298.71    5    1
(advertise)    31    11300.0    30    11
(relay)    12    15    11359.62    11    11307.22    1    1
(relay)    12    42    11380.62    11    11322.45    1    1
(relay)    30    13    11399.62    11    11398.62    2    1
(advertise)    31    11399.82    13    11
(relay)    12    11    11445.83    11    11414.69    1    1
(relay)    12    9    11470.03    11    11422.15    1    1
(relay)    12    46    11491.03    11    11442.07    2    1
(advertise)    31    11491.23    46    11
(relay)    12    45    11513.64    11    11477.5    2    1
(advertise)    31    11514.24    45    11
(relay)    12    44    11537.46    11    11494.07    1    1
(relay)    38    38    11585.26    11    11585.2    4    1
(advertise)    31    11585.46    38    11
(relay)    12    16    11607.27    11    11593.6    3    1
(advertise)    31    11607.87    16    11
(relay)    12    29    11633.88    11    11617.72    1    1
(relay)    12    22    11655.28    11    11638.29    1    1
(relay)    30    28    11701.68    11    11698.36    2    1
(advertise)    31    11701.88    28    11
(relay)    12    40    11724.7    11    11722.6    2    1
(advertise)    31    11725.3    40    11
(relay)    12    43    11756.51    11    11756.11    2    1
(advertise)    31    11756.71    43    11
(relay)    12    5    11782.92    11    11780.11    1    1
(relay)    12    12    11803.32    11    11802.22    3    1
(advertise)    31    11803.52    12    11
(relay)    12    35    11826.33    11    11804.89    2    1
(advertise)    31    11826.53    35    11
(relay)    12    25    11846.55    11    11822.19    3    1
(advertise)    31    11849.35    25    11
(relay)    12    10    11878.56    11    11875.94    1    1
(relay)    12    32    11900.76    11    11883.73    2    1
(advertise)    31    11900.96    32    11
(relay)    12    7    11923.17    11    11909.0    1    1
(relay)    38    47    11928.57    11    11927.55    2    1
(advertise)    31    11928.77    47    11
(relay)    27    27    11936.19    11    11936.04    4    1
(advertise)    31    11951.19    27    11
(relay)    12    6    11967.0    11    11897.71    1    1
(relay)    12    24    11989.6    11    11984.33    1    1
(relay)    12    39    12012.6    11    11997.09    2    1
(advertise)    31    12012.8    39    11
(relay)    12    34    12034.21    12    12030.74    2    1
(advertise)    31    12036.41    34    12
(relay)    12    4    12056.23    13    12020.47    2    1
(advertise)    31    12057.63    4    13
(relay)    12    48    12079.04    12    12034.09    1    1
(relay)    12    1    12167.04    12    12153.59    2    1
(advertise)    31    12167.24    1    12
(relay)    12    33    12189.05    12    12163.69    1    1
(generate)    31    12218.25    [3]    12
(relay)    12    18    12246.66    12    12174.55    1    1
(relay)    30    2    12277.86    12    12276.61    3    1
(advertise)    31    12278.06    2    12
(relay)    30    30    12299.08    12    12298.91    5    1
(relay)    12    17    12299.48    12    12184.17    1    2
(advertise)    31    12300.08    30    12
(relay)    12    15    12344.49    12    12307.34    1    1
(relay)    12    42    12367.49    12    12322.61    1    1
(relay)    27    13    12400.89    12    12398.8    2    1
(advertise)    31    12401.09    13    12
(relay)    12    11    12433.1    12    12414.87    1    1
(relay)    12    9    12456.1    12    12422.17    1    1
(relay)    12    46    12477.3    12    12442.12    2    1
(advertise)    31    12477.5    46    12
(relay)    12    45    12500.32    12    12477.62    2    1
(advertise)    31    12500.72    45    12
(relay)    12    26    12544.73    12    12523.39    1    1
(relay)    38    38    12585.73    12    12585.27    4    1
(advertise)    31    12585.93    38    12
(relay)    27    16    12607.74    12    12593.74    3    1
(advertise)    31    12608.14    16    12
(relay)    12    29    12631.76    12    12617.82    1    1
(relay)    12    22    12663.76    12    12638.38    1    1
(relay)    27    28    12702.76    12    12698.47    2    1
(advertise)    31    12702.96    28    12
(relay)    30    40    12725.37    12    12722.74    1    1
(heartbeat)    3    3    12746.23    31    12747.37    3    9
(advertise)    31    12747.57    3    3
(relay)    38    21    12769.38    12    12715.67    3    1
(advertise)    31    12769.98    21    12
(relay)    27    43    12771.79    12    12756.3    1    1
(relay)    12    12    12803.59    12    12802.5    3    1
(advertise)    31    12803.79    12    12
(relay)    12    5    12817.61    12    12780.19    1    1
(relay)    38    35    12835.21    12    12804.97    2    1
(advertise)    31    12835.41    35    12
(relay)    27    25    12858.62    12    12822.28    2    1
(advertise)    31    12858.82    25    12
(relay)    12    10    12903.83    12    12876.13    1    1
(relay)    12    32    12924.43    12    12883.74    1    1
(relay)    38    47    12929.43    12    12927.72    2    1
(advertise)    31    12929.63    47    12
(relay)    27    27    12936.25    12    12936.12    4    1
(advertise)    31    12951.25    27    12
(relay)    12    7    12994.06    12    12909.19    1    1
(relay)    12    24    13014.26    12    12984.4    1    1
(relay)    12    34    13036.66    13    13030.86    2    1
(advertise)    31    13036.86    34    13
(relay)    12    39    13058.07    12    12997.12    2    1
(advertise)    31    13058.67    39    12
(relay)    12    4    13079.89    14    13020.5    2    1
(advertise)    31    13081.09    4    14
(relay)    12    48    13100.7    13    13034.13    2    1
(advertise)    31    13104.9    48    13
(relay)    27    1    13156.31    13    13153.7    2    1
(advertise)    31    13156.51    1    13
(relay)    12    19    13177.52    13    13105.42    1    1
(relay)    12    33    13197.72    13    13163.84    1    1
(generate)    31    13218.32    [3]    13
(relay)    12    18    13220.34    13    13174.7    1    1
(relay)    38    2    13277.54    13    13276.8    2    1
(advertise)    31    13277.74    2    13
(relay)    30    30    13298.95    13    13298.91    5    1
(advertise)    31    13299.15    30    13
(relay)    12    42    13326.16    13    13322.77    1    1
(relay)    12    15    13349.76    13    13307.44    1    1
(relay)    12    13    13401.36    13    13398.98    2    1
(advertise)    31    13401.56    13    13
(relay)    12    11    13426.18    13    13415.03    1    1
(relay)    12    37    13447.18    13    13406.23    1    1
(relay)    12    9    13467.58    13    13422.2    1    1
(relay)    12    46    13489.38    13    13442.19    2    1
(advertise)    31    13489.58    46    13
(relay)    12    45    13511.19    13    13477.76    2    1
(advertise)    31    13511.59    45    13
(relay)    38    38    13585.8    13    13585.35    4    1
(advertise)    31    13586.0    38    13
(relay)    30    16    13608.22    13    13593.91    2    1
(advertise)    31    13608.62    16    13
(relay)    12    20    13632.23    13    13601.81    1    1
(relay)    12    29    13653.63    13    13617.97    1    1
(relay)    12    28    13704.43    13    13698.59    2    1
(advertise)    31    13704.63    28    13
(relay)    12    40    13724.44    13    13722.93    2    1
(advertise)    31    13725.64    40    13
(relay)    12    21    13745.45    13    13715.86    4    1
(advertise)    31    13750.05    21    13
(relay)    12    43    13767.07    13    13756.34    2    1
(advertise)    31    13773.47    43    13
(relay)    12    5    13793.08    13    13780.27    1    1
(relay)    12    12    13803.68    13    13802.59    3    1
(advertise)    31    13803.88    12    13
(relay)    12    35    13834.89    13    13805.08    2    1
(advertise)    31    13835.09    35    13
(relay)    12    25    13857.91    13    13822.37    3    1
(advertise)    31    13858.11    25    13
(relay)    12    10    13882.52    13    13876.19    1    1
(relay)    12    7    13924.32    13    13909.25    1    1
(relay)    27    27    13936.72    13    13936.18    4    1
(advertise)    31    13936.92    27    13
(relay)    12    47    13945.73    13    13927.91    1    1
(relay)    12    0    13991.33    13    13911.95    1    1
(relay)    12    24    14015.53    13    13984.44    1    1
(relay)    12    34    14038.53    14    14031.0    2    1
(advertise)    31    14038.73    34    14
(relay)    12    39    14083.55    13    13997.17    2    1
(advertise)    31    14083.75    39    13
(relay)    12    4    14106.96    15    14020.66    2    1
(advertise)    31    14108.16    4    15
(relay)    12    19    14132.37    14    14105.53    1    1
(relay)    12    41    14154.97    14    14057.91    1    1
(relay)    27    1    14157.37    14    14153.8    2    1
(advertise)    31    14157.57    1    14
(relay)    12    14    14214.98    14    14176.57    1    1
(generate)    31    14218.38    [3]    14
(relay)    12    18    14262.4    14    14174.81    1    1
(relay)    30    2    14277.6    14    14276.93    3    1
(advertise)    31    14277.8    2    14
(relay)    30    30    14299.61    14    14299.11    5    1
(advertise)    31    14301.01    30    14
(relay)    12    17    14306.82    14    14184.2    1    1
(relay)    12    42    14349.22    14    14322.9    1    1
(relay)    12    15    14393.62    14    14307.56    1    1
(relay)    27    13    14401.82    14    14399.15    2    1
(advertise)    31    14402.02    13    14
(relay)    12    37    14440.44    14    14406.27    1    1
(relay)    12    11    14462.84    14    14415.2    1    1
(relay)    12    46    14485.64    14    14442.22    2    1
(advertise)    31    14485.84    46    14
(relay)    12    45    14507.65    14    14477.86    2    1
(advertise)    31    14508.85    45    14
(relay)    12    44    14537.46    14    14494.36    1    1
(relay)    12    26    14558.86    14    14523.59    1    1
(relay)    38    38    14585.86    14    14585.41    4    1
(advertise)    31    14586.06    38    14
(relay)    12    16    14609.48    14    14594.08    3    1
(advertise)    31    14609.68    16    14
(relay)    12    29    14633.49    14    14618.05    1    1
(relay)    12    22    14658.69    14    14638.56    1    1
(relay)    38    28    14703.69    14    14698.69    2    1
(advertise)    31    14703.89    28    14
(relay)    38    40    14723.7    14    14723.08    2    1
(advertise)    31    14725.9    40    14
(relay)    12    23    14749.31    14    14726.52    1    1
(relay)    30    43    14772.91    14    14756.4    1    1
(relay)    12    5    14794.91    14    14780.36    1    1
(relay)    12    12    14802.71    14    14802.7    3    1
(advertise)    31    14802.91    12    14
(relay)    12    35    14825.33    14    14805.38    2    1
(advertise)    31    14826.13    35    14
(relay)    12    25    14848.74    14    14822.45    3    1
(advertise)    31    14849.14    25    14
(relay)    12    10    14879.75    14    14876.24    1    1
(relay)    12    32    14903.35    14    14884.1    2    1
(advertise)    31    14903.55    32    14
(relay)    12    6    14924.97    14    14898.22    2    1
(advertise)    31    14925.17    6    14
(relay)    27    27    14936.78    14    14936.24    4    1
(advertise)    31    14947.18    27    14
(relay)    27    47    14948.99    14    14928.08    2    1
(advertise)    31    14969.79    47    14
(relay)    12    7    14991.81    14    14909.31    1    1
(relay)    12    0    15015.01    14    14912.12    1    1
(relay)    12    24    15037.01    14    14984.52    1    1
(relay)    12    34    15060.61    15    15031.14    2    1
(advertise)    31    15060.81    34    15
(relay)    12    41    15117.82    15    15058.01    1    1
(relay)    12    19    15142.42    15    15105.72    1    1
(relay)    12    1    15163.62    15    15153.89    2    1
(advertise)    31    15163.82    1    15
(relay)    12    33    15185.63    15    15164.08    1    1
(relay)    12    14    15208.03    15    15176.69    1    1
(generate)    31    15218.43    [3]    15
(relay)    12    18    15230.04    15    15174.95    1    1
(relay)    12    17    15271.84    15    15184.22    1    1
(relay)    27    2    15277.44    15    15277.08    3    1
(advertise)    31    15277.64    2    15
(relay)    30    30    15299.86    15    15299.3    5    1
(advertise)    31    15300.66    30    15
(relay)    12    15    15340.07    15    15307.67    1    1
(relay)    27    13    15403.07    15    15399.3    2    1
(advertise)    31    15403.27    13    15
(relay)    12    11    15434.08    15    15415.34    1    1
(relay)    12    46    15479.08    15    15442.32    2    1
(advertise)    31    15479.28    46    15
(relay)    12    45    15503.7    15    15477.99    1    1
(relay)    12    44    15524.1    15    15494.56    1    1
(relay)    38    38    15586.5    15    15585.45    4    1
(advertise)    31    15586.7    38    15
(relay)    12    20    15634.11    15    15602.05    1    1
(relay)    12    29    15656.71    15    15618.22    1    1
(relay)    12    22    15679.51    15    15638.6    1    1
(relay)    12    28    15702.71    15    15698.81    1    1
(relay)    27    40    15723.71    15    15723.2    2    1
(advertise)    31    15723.91    40    15
(relay)    30    43    15759.12    15    15756.59    1    1
(relay)    12    12    15802.92    15    15802.78    3    1
(advertise)    31    15803.12    12    15
(relay)    12    35    15825.54    15    15806.06    2    1
(advertise)    31    15825.94    35    15
(relay)    12    25    15847.95    15    15822.53    3    1
(advertise)    31    15849.95    25    15
(relay)    12    10    15880.56    15    15876.36    1    1
(relay)    12    32    15903.76    15    15884.1    1    1
(relay)    12    7    15925.96    15    15909.42    1    1
(relay)    30    47    15930.96    15    15928.25    2    1
(advertise)    31    15931.16    47    15
(relay)    27    27    15936.77    15    15936.25    4    1
(advertise)    31    15953.37    27    15
(relay)    12    6    15991.19    15    15898.32    1    1
(relay)    12    24    16013.99    15    15984.66    1    1
(relay)    12    39    16037.39    15    15997.28    2    1
(advertise)    31    16037.59    39    15
(relay)    12    4    16058.4    17    16020.84    2    1
(advertise)    31    16059.8    4    17
(relay)    12    34    16079.81    16    16031.27    2    1
(advertise)    31    16081.01    34    16
(relay)    12    48    16103.43    16    16034.52    2    1
(advertise)    31    16103.63    48    16
(relay)    38    1    16155.44    16    16153.96    2    1
(advertise)    31    16155.64    1    16
(relay)    12    14    16180.05    16    16176.81    1    1
(relay)    12    18    16202.85    16    16175.03    1    1
(generate)    31    16218.45    [3]    16
(relay)    27    2    16278.07    16    16277.24    3    1
(advertise)    31    16278.27    2    16
(relay)    30    30    16300.08    16    16299.5    5    1
(advertise)    31    16300.28    30    16
(relay)    12    15    16333.09    16    16307.74    1    1
(relay)    12    42    16356.89    16    16323.25    1    1
(relay)    12    13    16403.69    16    16399.46    2    1
(advertise)    31    16403.89    13    16
(relay)    12    37    16428.3    16    16406.31    1    1
(relay)    12    11    16450.3    16    16415.5    1    1
(relay)    12    46    16472.9    16    16442.44    2    1
(advertise)    31    16473.1    46    16
(relay)    12    9    16496.72    16    16422.43    1    1
(relay)    12    44    16522.92    16    16494.59    1    1
(relay)    12    26    16545.72    16    16523.79    1    1
(relay)    38    38    16586.52    16    16585.51    4    1
(advertise)    31    16586.72    38    16
(relay)    27    16    16608.53    16    16594.38    3    1
(advertise)    31    16608.73    16    16
(relay)    12    20    16634.34    16    16602.16    1    1
(relay)    12    29    16658.54    16    16618.35    1    1
(relay)    27    28    16700.14    16    16698.92    2    1
(advertise)    31    16700.34    28    16
(relay)    27    40    16724.16    16    16723.37    2    1
(advertise)    31    16724.56    40    16
(heartbeat)    3    4    16746.24    31    16748.17    3    9
(advertise)    31    16748.37    3    4
(relay)    12    43    16769.58    16    16756.64    2    1
(advertise)    31    16771.18    43    16
(relay)    12    12    16803.0    16    16802.86    3    1
(advertise)    31    16803.2    12    16
(relay)    12    35    16826.21    16    16806.17    2    1
(advertise)    31    16826.61    35    16
(relay)    27    25    16849.02    16    16822.64    2    1
(advertise)    31    16849.42    25    16
(relay)    12    5    16870.63    16    16780.41    1    1
(relay)    12    10    16931.43    16    16876.41    1    1
(relay)    27    47    16931.83    16    16928.45    2    1
(advertise)    31    16932.03    47    16
(relay)    27    27    16937.25    16    16936.33    4    1
(advertise)    31    16953.25    27    16
(relay)    12    7    16997.06    16    16909.44    1    1
(relay)    12    24    17021.06    16    16984.74    1    1
(relay)    12    0    17044.06    16    16912.46    1    1
(relay)    12    34    17066.06    17    17031.39    2    1
(advertise)    31    17066.26    34    17
(relay)    12    48    17103.27    17    17034.53    1    1
(relay)    12    1    17155.47    17    17154.07    2    1
(advertise)    31    17155.67    1    17
(generate)    31    17218.49    [3]    17
(relay)    12    18    17245.1    17    17175.17    1    1
(relay)    12    2    17278.3    17    17277.36    3    1
(advertise)    31    17278.5    2    17
(relay)    30    30    17300.51    17    17299.51    5    1
(advertise)    31    17301.51    30    17
(relay)    12    42    17326.53    17    17323.44    1    1
(relay)    38    13    17403.53    17    17399.63    2    1
(advertise)    31    17403.73    13    17
(relay)    12    37    17427.74    17    17406.37    1    1
(relay)    12    9    17450.34    17    17422.44    1    1
(relay)    12    46    17474.14    17    17442.54    2    1
(advertise)    31    17474.34    46    17
(relay)    12    45    17497.15    17    17478.25    2    1
(advertise)    31    17498.15    45    17
(relay)    12    26    17539.96    17    17523.91    1    1
(relay)    38    38    17586.56    17    17585.56    4    1
(advertise)    31    17586.76    38    17
(relay)    12    16    17608.18    17    17594.46    3    1
(advertise)    31    17608.58    16    17
(relay)    12    29    17634.99    17    17618.5    1    1
(relay)    30    28    17700.39    17    17699.05    2    1
(advertise)    31    17700.59    28    17
(relay)    12    21    17723.8    17    17716.29    3    1
(advertise)    31    17724.0    21    17
(relay)    27    40    17750.02    17    17723.43    1    1
(relay)    12    43    17770.82    17    17756.69    2    1
(advertise)    31    17771.02    43    17
(relay)    12    5    17792.83    17    17780.46    1    1
(relay)    12    12    17803.03    17    17802.86    3    1
(advertise)    31    17803.23    12    17
(relay)    12    35    17825.64    17    17806.25    2    1
(advertise)    31    17826.04    35    17
(relay)    12    25    17848.26    17    17822.71    3    1
(advertise)    31    17849.06    25    17
(relay)    12    10    17883.07    17    17876.43    1    1
(relay)    12    7    17929.67    17    17909.51    1    1
(relay)    27    47    17932.67    17    17928.6    2    1
(advertise)    31    17932.87    47    17
(relay)    27    27    17937.28    17    17936.37    4    1
(advertise)    31    17954.48    27    17
(relay)    12    0    17995.49    17    17912.59    1    1
(relay)    12    24    18018.89    17    17984.78    1    1
(relay)    12    39    18041.09    17    17997.38    2    1
(advertise)    31    18041.29    39    17
(relay)    12    34    18063.11    18    18031.51    2    1
(advertise)    31    18063.91    34    18
(relay)    12    48    18105.32    18    18034.71    1    1
(relay)    12    36    18127.52    18    18076.65    1    1
(relay)    12    19    18148.72    18    18106.12    1    1
(relay)    27    1    18168.92    18    18154.17    2    1
(advertise)    31    18169.12    1    18
(relay)    12    33    18170.53    18    18164.42    1    1
(relay)    12    18    18191.73    18    18175.26    1    1
(generate)    31    18218.53    [3]    18
(relay)    30    2    18279.15    18    18277.49    3    1
(advertise)    31    18279.35    2    18
(relay)    30    30    18300.76    18    18299.69    5    1
(advertise)    31    18301.36    30    18
(relay)    12    42    18328.17    18    18323.58    1    1
(relay)    12    15    18350.57    18    18307.94    1    1
(relay)    38    13    18402.57    18    18399.8    2    1
(advertise)    31    18402.77    13    18
(relay)    12    11    18427.19    18    18415.79    1    1
(relay)    12    9    18451.99    18    18422.61    1    1
(relay)    12    46    18473.59    18    18442.59    2    1
(advertise)    31    18473.79    46    18
(relay)    12    45    18495.8    18    18478.36    2    1
(advertise)    31    18497.8    45    18
(relay)    38    38    18585.81    18    18585.62    4    1
(advertise)    31    18586.21    38    18
(relay)    27    16    18609.02    18    18594.6    3    1
(advertise)    31    18609.42    16    18
(relay)    12    29    18634.64    18    18618.62    1    1
(relay)    12    22    18659.04    18    18638.76    1    1
(relay)    27    28    18701.04    18    18699.17    2    1
(advertise)    31    18701.24    28    18
(relay)    12    40    18724.65    18    18723.56    2    1
(advertise)    31    18724.85    40    18
(relay)    12    21    18746.26    18    18716.45    3    1
(advertise)    31    18746.86    21    18
(relay)    12    23    18768.28    18    18726.8    1    1
(relay)    27    43    18790.68    18    18756.69    1    1
(relay)    12    12    18803.48    18    18802.92    3    1
(advertise)    31    18803.68    12    18
(relay)    12    5    18815.69    18    18780.52    1    1
(relay)    30    35    18836.09    18    18806.33    2    1
(advertise)    31    18836.29    35    18
(relay)    30    25    18856.3    18    18822.78    3    1
(advertise)    31    18858.5    25    18
(relay)    12    10    18902.52    18    18876.46    1    1
(relay)    12    32    18927.12    18    18884.61    1    1
(relay)    30    47    18933.12    18    18928.77    2    1
(advertise)    31    18933.32    47    18
(relay)    27    27    18937.53    18    18936.43    4    1
(advertise)    31    18955.33    27    18
(relay)    12    24    18993.54    18    18984.85    1    1
(relay)    12    34    19033.94    19    19031.6    2    1
(advertise)    31    19034.14    34    19
(relay)    12    39    19054.95    18    18997.41    2    1
(advertise)    31    19056.15    39    18
(relay)    12    41    19100.17    19    19058.67    1    1
(relay)    12    36    19122.17    19    19076.66    1    1
(relay)    12    19    19144.17    19    19106.3    1    1
(relay)    30    1    19156.17    19    19154.24    2    1
(advertise)    31    19156.37    1    19
(generate)    31    19218.58    [3]    19
(relay)    12    18    19240.99    19    19175.36    1    1
(relay)    12    17    19263.59    19    19184.27    1    1
(relay)    27    2    19279.19    19    19277.61    3    1
(advertise)    31    19279.39    2    19
(relay)    30    30    19300.81    19    19299.87    5    1
(advertise)    31    19301.01    30    19
(relay)    12    42    19331.22    19    19323.7    1    1
(relay)    12    15    19355.02    19    19308.02    1    1
(relay)    30    13    19402.02    19    19399.96    1    1
(relay)    12    9    19450.62    19    19422.79    1    1
(relay)    38    38    19585.82    19    19585.64    4    1
(advertise)    31    19586.02    38    19
(relay)    27    16    19607.83    19    19594.71    3    1
(advertise)    31    19608.03    16    19
(relay)    12    21    19724.85    19    19716.6    3    1
(advertise)    31    19725.05    21    19
(relay)    30    40    19726.86    19    19723.69    1    1
(relay)    12    43    19767.26    19    19756.71    2    1
(advertise)    31    19767.46    43    19
(relay)    12    12    19803.67    19    19803.11    3    1
(advertise)    31    19803.87    12    19
(relay)    38    35    19836.68    19    19806.4    2    1
(advertise)    31    19836.88    35    19
(relay)    38    25    19857.5    19    19822.87    2    1
(advertise)    31    19858.7    25    19
(relay)    12    10    19883.91    19    19876.65    1    1
(relay)    12    32    19907.11    19    19884.78    1    1
(relay)    12    7    19929.71    19    19909.72    1    1
(relay)    27    47    19932.91    19    19928.94    2    1
(advertise)    31    19933.11    47    19
(relay)    27    27    19936.52    19    19936.45    4    1
(advertise)    31    19955.12    27    19
(relay)    12    0    19997.14    19    19912.86    1    1
(relay)    12    24    20019.34    19    19984.93    1    1
(relay)    12    39    20040.94    19    19997.42    2    1
(advertise)    31    20041.14    39    19
(relay)    12    4    20064.15    21    20021.33    1    1
(relay)    12    34    20085.55    20    20031.74    2    1
(advertise)    31    20085.75    34    20
(relay)    12    19    20149.56    20    20106.3    1    1
(relay)    27    1    20171.76    20    20154.33    2    1
(advertise)    31    20171.96    1    20
(relay)    12    14    20196.18    20    20177.15    1    1
(generate)    31    20218.78    [3]    20
(relay)    12    18    20243.79    20    20175.48    1    1
(relay)    12    2    20279.59    20    20277.74    3    1
(advertise)    31    20279.79    2    20
(relay)    30    30    20300.2    20    20300.05    5    1
(advertise)    31    20302.4    30    20
(relay)    12    42    20325.61    20    20323.84    1    1
(relay)    12    15    20348.21    20    20308.74    1    1
(relay)    27    13    20401.41    20    20400.13    2    1
(advertise)    31    20401.61    13    20
(relay)    12    37    20426.23    20    20406.49    1    1
(relay)    12    11    20447.83    20    20416.05    1    1
(relay)    12    9    20470.43    20    20422.98    1    1
(relay)    12    46    20490.63    20    20442.68    2    1
(advertise)    31    20490.83    46    20
(relay)    12    45    20513.24    20    20478.55    1    1
(relay)    12    44    20536.24    20    20494.74    1    1
(relay)    38    38    20585.84    20    20585.67    4    1
(advertise)    31    20586.04    38    20
(relay)    27    16    20607.85    20    20594.87    3    1
(advertise)    31    20608.45    16    20
(relay)    12    29    20632.47    20    20618.83    1    1
(relay)    12    28    20702.87    20    20699.38    2    1
(advertise)    31    20703.07    28    20
(relay)    12    40    20725.48    20    20723.84    2    1
(advertise)    31    20725.68    40    20
(heartbeat)    3    5    20746.25    31    20747.89    2    9
(advertise)    31    20748.09    3    5
(relay)    12    23    20770.91    20    20726.96    1    1
(relay)    38    43    20772.31    20    20756.76    1    1
(relay)    12    12    20803.71    20    20803.19    3    1
(advertise)    31    20803.91    12    20
(relay)    12    5    20816.52    20    20780.62    1    1
(relay)    12    35    20841.72    20    20806.52    2    1
(advertise)    31    20841.92    35    20
(relay)    12    25    20863.93    20    20822.97    3    1
(advertise)    31    20864.53    25    20
(relay)    12    10    20905.54    20    20876.7    1    1
(relay)    38    47    20930.94    20    20929.12    2    1
(advertise)    31    20931.14    47    20
(relay)    27    27    20936.56    20    20936.49    4    1
(advertise)    31    20953.96    27    20
(relay)    12    7    20976.17    20    20909.73    1    1
(relay)    12    0    21000.57    20    20912.98    1    1
(relay)    12    24    21022.77    20    20984.95    1    1
(relay)    12    6    21045.77    20    20900.55    2    1
(advertise)    31    21045.97    6    20
(relay)    12    34    21067.58    21    21031.83    2    1
(advertise)    31    21069.18    34    21
(relay)    12    4    21092.6    22    21021.52    2    1
(advertise)    31    21093.4    4    22
(relay)    12    48    21114.21    21    21035.09    2    1
(advertise)    31    21114.41    48    21
(relay)    27    1    21162.62    21    21154.44    2    1
(advertise)    31    21162.82    1    21
(relay)    12    33    21202.24    21    21164.78    1    1
(generate)    31    21218.84    [3]    21
(relay)    12    18    21246.65    21    21175.62    1    1
(relay)    30    2    21279.25    21    21277.91    3    1
(advertise)    31    21279.45    2    21
(relay)    30    30    21300.26    21    21300.23    5    1
(advertise)    31    21300.86    30    21
(relay)    12    42    21326.27    21    21323.99    1    1
(relay)    12    15    21349.27    21    21308.85    1    1
(relay)    12    46    21448.27    21    21442.76    2    1
(advertise)    31    21448.47    46    21
(relay)    12    45    21480.49    21    21478.67    2    1
(advertise)    31    21480.69    45    21
(relay)    12    44    21504.5    21    21494.76    1    1
(relay)    12    26    21529.3    21    21524.16    1    1
(relay)    38    38    21585.9    21    21585.75    4    1
(advertise)    31    21586.1    38    21
(relay)    27    16    21607.71    21    21595.06    3    1
(advertise)    31    21608.11    16    21
(relay)    12    29    21633.33    21    21618.97    1    1
(relay)    12    22    21654.93    21    21638.99    1    1
(relay)    27    28    21703.33    21    21699.51    2    1
(advertise)    31    21703.53    28    21
(relay)    38    40    21725.74    21    21724.02    2    1
(advertise)    31    21726.54    40    21
(relay)    12    23    21750.75    21    21727.04    1    1
(relay)    27    43    21771.75    21    21756.79    1    1
(relay)    12    12    21804.15    21    21803.24    3    1
(advertise)    31    21804.35    12    21
(relay)    30    35    21827.57    21    21806.61    2    1
(advertise)    31    21828.57    35    21
(relay)    27    25    21849.58    21    21823.05    3    1
(advertise)    31    21851.58    25    21
(relay)    12    10    21878.59    21    21876.89    1    1
(relay)    12    6    21924.19    21    21900.61    2    1
(advertise)    31    21924.39    6    21
(relay)    27    27    21936.6    21    21936.56    4    1
(relay)    27    47    21946.6    21    21929.29    2    2
(advertise)    31    21947.4    27    21
(relay)    12    0    21968.42    21    21913.08    1    2
(advertise)    31    21969.42    47    21
(relay)    12    24    22011.63    21    21985.0    1    1
(relay)    12    8    22033.83    21    21959.27    1    1
(relay)    12    34    22057.23    22    22031.94    2    1
(advertise)    31    22057.43    34    22
(relay)    12    39    22079.64    21    21997.47    2    1
(advertise)    31    22081.04    39    21
(relay)    12    4    22099.86    23    22021.68    2    1
(advertise)    31    22102.06    4    23
(relay)    12    48    22121.07    22    22035.11    1    1
(relay)    12    36    22144.47    22    22076.92    1    1
(relay)    12    19    22166.27    22    22106.48    1    1
(relay)    27    1    22174.27    22    22154.55    2    1
(advertise)    31    22174.47    1    22
(relay)    12    33    22209.88    22    22164.88    1    1
(generate)    31    22219.08    [3]    22
(relay)    12    41    22233.3    22    22059.11    1    1
(relay)    12    14    22255.7    22    22177.27    1    1
(relay)    38    2    22278.7    22    22277.92    2    1
(advertise)    31    22279.1    2    22
(relay)    30    30    22300.51    22    22300.43    5    1
(advertise)    31    22302.31    30    22
(relay)    12    18    22303.52    22    22175.72    1    1
(relay)    12    15    22370.12    22    22308.94    1    1
(relay)    12    42    22391.72    22    22324.12    1    1
(relay)    27    13    22402.52    22    22400.45    2    1
(advertise)    31    22402.72    13    22
(relay)    12    37    22436.53    22    22406.56    1    1
(relay)    12    9    22458.13    22    22423.2    1    1
(relay)    12    11    22479.33    22    22416.33    1    1
(relay)    12    46    22502.73    22    22442.81    2    1
(advertise)    31    22502.93    46    22
(relay)    12    45    22524.75    22    22478.8    1    1
(relay)    12    26    22545.95    22    22524.26    1    1
(relay)    38    38    22586.35    22    22585.79    4    1
(advertise)    31    22586.55    38    22
(relay)    12    16    22607.96    22    22595.23    3    1
(advertise)    31    22608.76    16    22
(relay)    12    20    22634.17    22    22602.81    1    1
(relay)    38    28    22704.77    22    22699.63    2    1
(advertise)    31    22704.97    28    22
(relay)    38    40    22726.19    22    22724.18    2    1
(advertise)    31    22727.19    40    22
(relay)    12    43    22757.2    22    22756.83    2    1
(advertise)    31    22757.4    43    22
(relay)    12    23    22779.21    22    22727.05    1    1
(relay)    12    12    22804.41    22    22803.36    3    1
(advertise)    31    22804.61    12    22
(relay)    12    35    22840.43    22    22806.74    2    1
(advertise)    31    22840.63    35    22
(relay)    12    10    22879.64    22    22876.94    1    1
(relay)    12    32    22903.64    22    22885.11    1    1
(relay)    12    7    22927.04    22    22910.18    1    1
(relay)    27    27    22936.64    22    22936.58    4    1
(advertise)    31    22936.84    27    22
(relay)    12    0    22971.05    22    22913.22    1    1
(relay)    12    24    22993.45    22    22985.09    1    1
(relay)    12    39    23013.85    22    22997.55    2    1
(advertise)    31    23014.05    39    22
(relay)    12    4    23038.66    24    23021.87    2    1
(advertise)    31    23038.86    4    24
(relay)    12    34    23060.68    23    23032.06    2    1
(advertise)    31    23061.48    34    23
(relay)    12    48    23082.69    23    23035.29    1    1
(relay)    12    36    23111.29    23    23076.94    1    1
(relay)    12    19    23133.69    23    23106.48    1    1
(relay)    12    1    23157.49    23    23154.67    2    1
(advertise)    31    23157.69    1    23
(relay)    12    33    23181.9    23    23164.98    1    1
(relay)    12    14    23205.3    23    23177.34    1    1
(generate)    31    23219.1    [3]    23
(relay)    12    18    23249.92    23    23175.82    1    1
(relay)    12    17    23272.12    23    23184.63    1    1
(relay)    27    2    23278.72    23    23278.07    3    1
(advertise)    31    23278.92    2    23
(relay)    30    30    23301.13    23    23300.6    5    1
(advertise)    31    23301.53    30    23
(relay)    12    42    23340.54    23    23324.31    1    1
(relay)    12    15    23360.54    23    23309.02    1    1
(relay)    12    13    23402.74    23    23400.58    2    1
(advertise)    31    23402.94    13    23
(relay)    12    11    23449.36    23    23416.45    1    1
(relay)    12    46    23491.36    23    23442.86    2    1
(advertise)    31    23491.56    46    23
(relay)    12    45    23515.37    23    23478.87    1    1
(relay)    12    44    23538.37    23    23494.8    1    1
(relay)    12    26    23561.37    23    23524.32    1    1
(relay)    38    38    23586.37    23    23585.83    4    1
(advertise)    31    23586.57    38    23
(relay)    12    16    23609.38    23    23595.4    3    1
(advertise)    31    23609.78    16    23
(relay)    12    29    23632.39    23    23619.22    1    1
(relay)    12    28    23704.79    23    23699.72    2    1
(advertise)    31    23704.99    28    23
(relay)    38    40    23725.81    23    23724.34    2    1
(advertise)    31    23728.01    40    23
(relay)    12    21    23748.42    23    23717.02    2    1
(advertise)    31    23750.62    21    23
(relay)    12    23    23771.63    23    23727.09    1    1
(relay)    38    43    23793.23    23    23757.02    1    1
(relay)    12    12    23804.63    23    23803.66    3    1
(advertise)    31    23804.83    12    23
(relay)    12    35    23836.65    23    23806.83    2    1
(advertise)    31    23836.85    35    23
(relay)    12    25    23859.26    23    23823.3    2    1
(advertise)    31    23859.66    25    23
(relay)    12    10    23905.87    23    23876.98    1    1
(relay)    12    32    23927.07    23    23885.29    2    1
(advertise)    31    23927.27    32    23
(relay)    27    27    23937.29    23    23936.64    4    1
(advertise)    31    23948.29    27    23
(relay)    27    47    23951.3    23    23929.59    2    1
(advertise)    31    23969.7    47    23
(relay)    12    7    23971.51    23    23910.22    1    1
(relay)    12    0    23992.91    23    23913.38    1    1
(relay)    12    6    24014.71    23    23901.56    2    1
(advertise)    31    24014.91    6    23
(relay)    12    24    24037.92    23    23985.15    1    1
(relay)    12    34    24061.32    24    24032.15    2    1
(advertise)    31    24061.52    34    24
(relay)    12    36    24121.54    24    24076.96    1    1
(relay)    12    4    24143.54    25    24022.02    2    1
(advertise)    31    24143.74    4    25
(relay)    12    48    24165.15    24    24035.29    1    1
(relay)    30    1    24168.15    24    24154.78    2    1
(advertise)    31    24168.55    1    24
(relay)    12    41    24209.76    24    24059.45    1    1
(generate)    31    24219.16    [3]    24
(relay)    12    33    24232.38    24    24165.1    1    1
(relay)    12    18    24276.58    24    24175.94    1    1
(relay)    27    2    24278.58    24    24278.24    3    1
(advertise)    31    24278.78    2    24
(relay)    30    30    24301.39    24    24300.77    5    1
(advertise)    31    24302.59    30    24
(relay)    12    42    24342.2    24    24324.41    1    1
(relay)    12    15    24362.8    24    24309.14    1    1
(relay)    12    13    24403.0    24    24400.74    2    1
(advertise)    31    24403.2    13    24
(relay)    12    11    24435.22    24    24416.62    1    1
(relay)    12    9    24457.22    24    24423.41    1    1
(relay)    12    46    24480.62    24    24442.88    2    1
(advertise)    31    24480.82    46    24
(relay)    12    44    24504.23    24    24495.0    1    1
(relay)    12    26    24545.03    24    24524.41    1    1
(relay)    38    38    24586.43    24    24585.9    4    1
(advertise)    31    24586.63    38    24
(relay)    38    16    24608.84    24    24595.55    2    1
(advertise)    31    24609.84    16    24
(relay)    12    22    24676.85    24    24639.16    1    1
(relay)    38    28    24703.65    24    24699.82    2    1
(advertise)    31    24703.85    28    24
(relay)    38    40    24725.07    24    24724.52    2    1
(advertise)    31    24725.67    40    24
(relay)    27    21    24747.68    24    24717.21    1    1
(heartbeat)    3    6    24746.27    31    24751.48    2    9
(advertise)    31    24751.68    3    6
(relay)    12    23    24767.89    24    24727.2    1    1
(relay)    38    43    24775.49    24    24757.05    1    1
(relay)    12    12    24803.89    24    24803.74    3    1
(advertise)    31    24804.09    12    24
(relay)    38    35    24827.11    24    24806.92    2    1
(advertise)    31    24828.31    35    24
(relay)    12    5    24836.12    24    24780.95    1    1
(relay)    38    25    24850.12    24    24823.38    2    1
(advertise)    31    24850.32    25    24
(relay)    12    10    24900.53    24    24877.04    1    1
(relay)    12    32    24921.93    24    24885.48    1    1
(relay)    27    27    24937.33    24    24936.7    4    1
(advertise)    31    24937.53    27    24
(relay)    27    47    24962.95    24    24929.76    2    1
(advertise)    31    24963.15    47    24
(relay)    12    7    24967.16    24    24910.25    1    1
(relay)    12    6    24987.76    24    24902.9    2    1
(advertise)    31    24987.96    6    24
(relay)    12    0    25032.37    24    24913.53    1    1
(relay)    12    24    25054.37    24    24985.2    1    1
(relay)    12    39    25075.57    24    24997.61    2    1
(advertise)    31    25075.77    39    24
(relay)    12    4    25099.18    26    25022.02    1    1
(relay)    12    48    25123.78    25    25035.29    1    1
(relay)    12    19    25148.98    25    25106.64    1    1
(relay)    27    1    25170.18    25    25154.86    2    1
(advertise)    31    25170.38    1    25
(relay)    12    33    25201.8    25    25165.23    1    1
(generate)    31    25219.2    [3]    25
(relay)    12    14    25248.01    25    25177.73    1    1
(relay)    27    2    25279.01    25    25278.38    3    1
(advertise)    31    25279.21    2    25
(relay)    30    30    25301.42    25    25300.78    5    1
(advertise)    31    25301.62    30    25
(relay)    12    42    25345.24    25    25324.55    1    1
(relay)    12    15    25367.24    25    25309.28    1    1
(relay)    12    13    25404.64    25    25400.92    2    1
(advertise)    31    25404.84    13    25
(relay)    12    37    25429.05    25    25406.62    1    1
(relay)    12    11    25450.25    25    25416.78    1    1
(relay)    12    46    25474.05    25    25442.94    2    1
(advertise)    31    25474.25    46    25
(relay)    12    44    25499.46    25    25495.05    1    1
(relay)    12    45    25521.06    25    25479.16    1    1
(relay)    12    26    25543.46    25    25524.46    1    1
(relay)    38    38    25586.86    25    25585.95    4    1
(advertise)    31    25587.06    38    25
(relay)    38    16    25610.28    25    25595.69    2    1
(advertise)    31    25611.08    16    25
(relay)    12    29    25633.69    25    25619.53    1    1
(relay)    38    28    25702.09    25    25699.95    2    1
(advertise)    31    25702.29    28    25
(relay)    12    40    25725.9    25    25724.65    2    1
(advertise)    31    25726.5    40    25
(relay)    12    43    25758.31    25    25757.12    2    1
(advertise)    31    25758.51    43    25
(relay)    12    5    25791.53    25    25781.04    1    1
(relay)    12    12    25803.93    25    25803.86    3    1
(advertise)    31    25804.13    12    25
(relay)    12    35    25825.94    25    25807.05    2    1
(advertise)    31    25826.14    35    25
(relay)    12    25    25847.95    25    25823.5    3    1
(advertise)    31    25849.15    25    25
(relay)    12    7    25911.77    25    25910.27    1    1
(relay)    12    47    25934.77    25    25929.92    2    1
(advertise)    31    25934.97    47    25
(relay)    27    27    25937.38    25    25936.75    4    1
(relay)    12    0    25958.18    25    25913.7    1    2
(advertise)    31    25959.58    27    25
(relay)    12    39    26003.99    25    25997.62    2    1
(advertise)    31    26004.19    39    25
(relay)    12    4    26025.81    27    26022.19    2    1
(advertise)    31    26027.01    4    27
(relay)    12    34    26047.42    26    26032.42    2    1
(advertise)    31    26049.42    34    26
(relay)    12    48    26071.43    26    26035.88    2    1
(advertise)    31    26073.43    48    26
(relay)    12    36    26104.64    26    26077.18    1    1
(relay)    12    1    26167.24    26    26154.96    2    1
(advertise)    31    26167.44    1    26
(relay)    12    14    26191.26    26    26177.82    1    1
(generate)    31    26219.26    [3]    26
(relay)    12    17    26243.47    26    26184.82    1    1
(relay)    12    2    26279.47    26    26278.51    3    1
(advertise)    31    26279.67    2    26
(relay)    30    30    26301.88    26    26300.93    5    1
(advertise)    31    26303.68    30    26
(relay)    12    15    26328.3    26    26309.32    1    1
(relay)    12    42    26350.9    26    26324.68    1    1
(relay)    12    13    26405.1    26    26401.09    2    1
(advertise)    31    26405.3    13    26
(relay)    12    37    26428.51    26    26406.67    1    1
(relay)    12    11    26451.71    26    26416.89    1    1
(relay)    12    9    26474.31    26    26423.61    1    1
(relay)    12    46    26496.31    26    26443.02    2    1
(advertise)    31    26496.51    46    26
(relay)    12    45    26518.52    26    26480.28    2    1
(advertise)    31    26519.72    45    26
(relay)    12    26    26541.94    26    26524.53    1    1
(relay)    38    38    26586.94    26    26586.02    4    1
(advertise)    31    26587.14    38    26
(relay)    27    16    26609.95    26    26595.8    3    1
(advertise)    31    26610.35    16    26
(relay)    12    20    26634.76    26    26603.27    1    1
(relay)    12    29    26657.36    26    26619.58    1    1
(relay)    12    22    26680.96    26    26639.31    1    1
(relay)    27    28    26701.36    26    26700.07    2    1
(advertise)    31    26701.56    28    26
(relay)    12    40    26725.57    26    26724.75    2    1
(advertise)    31    26725.77    40    26
(relay)    12    21    26747.59    26    26717.39    2    1
(advertise)    31    26748.39    21    26
(relay)    12    43    26769.6    26    26757.31    2    1
(advertise)    31    26770.6    43    26
(relay)    12    12    26804.01    26    26803.93    3    1
(advertise)    31    26804.21    12    26
(relay)    12    35    26826.63    26    26807.11    2    1
(advertise)    31    26826.83    35    26
(relay)    12    25    26848.84    26    26823.55    2    1
(advertise)    31    26851.04    25    26
(relay)    12    10    26905.05    26    26877.07    1    1
(relay)    38    47    26934.05    26    26930.08    2    1
(advertise)    31    26934.25    47    26
(relay)    27    27    26937.87    26    26936.83    4    1
(advertise)    31    26956.87    27    26
(relay)    12    7    26976.48    26    26910.28    1    1
(relay)    12    6    27000.08    26    26903.15    2    1
(advertise)    31    27000.28    6    26
(relay)    12    24    27022.49    26    26985.39    1    1
(relay)    12    0    27044.69    26    26913.81    1    1
(relay)    12    34    27065.89    27    27032.54    2    1
(advertise)    31    27066.09    34    27
(relay)    12    39    27087.7    26    26997.66    2    1
(advertise)    31    27088.3    39    26
(relay)    12    4    27109.92    28    27022.35    2    1
(advertise)    31    27110.72    4    28
(relay)    12    48    27134.33    27    27036.07    2    1
(advertise)    31    27135.13    48    27
(relay)    27    1    27155.54    27    27155.01    2    1
(advertise)    31    27157.74    1    27
(relay)    12    36    27179.96    27    27077.2    1    1
(relay)    12    33    27203.56    27    27165.46    1    1
(generate)    31    27219.36    [3]    27
(relay)    12    19    27224.97    27    27106.91    1    1
(relay)    12    2    27279.57    27    27278.67    3    1
(advertise)    31    27279.77    2    27
(relay)    30    30    27302.18    27    27301.11    5    1
(advertise)    31    27303.38    30    27
(relay)    12    42    27328.2    27    27324.83    1    1
(relay)    38    13    27404.8    27    27401.25    2    1
(advertise)    31    27405.0    13    27
(relay)    12    11    27453.41    27    27417.04    1    1
(relay)    12    44    27517.41    27    27495.11    1    1
(relay)    12    45    27539.01    27    27480.39    1    1
(relay)    38    38    27587.01    27    27586.08    4    1
(advertise)    31    27587.21    38    27
(relay)    12    16    27608.22    27    27595.97    3    1
(advertise)    31    27611.62    16    27
(relay)    12    29    27632.23    27    27619.7    1    1
(relay)    27    28    27701.43    27    27700.18    2    1
(advertise)    31    27701.63    28    27
(relay)    12    21    27725.65    27    27717.4    2    1
(advertise)    31    27725.85    21    27
(relay)    30    40    27727.46    27    27724.91    1    1
(relay)    12    43    27759.06    27    27757.35    2    1
(advertise)    31    27759.26    43    27
(relay)    12    5    27792.27    27    27781.05    1    1
(relay)    12    12    27804.47    27    27803.96    3    1
(advertise)    31    27804.67    12    27
(relay)    12    35    27826.09    27    27807.2    2    1
(advertise)    31    27828.69    35    27
(relay)    12    25    27849.7    27    27823.64    3    1
(advertise)    31    27852.1    25    27
(relay)    12    10    27882.51    27    27877.14    1    1
(relay)    12    32    27906.31    27    27885.99    1    1
(relay)    12    7    27928.91    27    27910.36    1    1
(relay)    38    47    27934.71    27    27930.24    2    1
(advertise)    31    27934.91    47    27
(relay)    27    27    27937.93    27    27936.89    4    1
(advertise)    31    27956.13    27    27
(relay)    12    0    27996.94    27    27913.94    1    1
(relay)    12    6    28020.54    27    27903.26    1    1
(relay)    12    24    28041.94    27    27985.5    1    1
(relay)    12    34    28062.34    28    28032.67    2    1
(advertise)    31    28062.54    34    28
(relay)    12    39    28085.75    27    27997.75    2    1
(advertise)    31    28086.55    39    27
(relay)    12    4    28107.16    29    28022.54    2    1
(advertise)    31    28108.36    4    29
(relay)    12    36    28131.98    28    28077.21    1    1
(relay)    12    41    28152.58    28    28059.87    1    1
(relay)    12    19    28175.38    28    28107.04    1    1
(relay)    27    1    28175.98    28    28155.12    2    1
(advertise)    31    28176.18    1    28
(relay)    12    33    28218.79    28    28165.55    1    1
(generate)    31    28219.39    [3]    28
(relay)    12    18    28262.4    28    28176.4    1    1
(relay)    27    2    28280.2    28    28278.81    3    1
(advertise)    31    28280.4    2    28
(relay)    12    14    28284.82    28    28177.97    1    1
(relay)    30    30    28302.22    28    28301.28    5    1
(advertise)    31    28304.22    30    28
(relay)    12    15    28352.03    28    28309.47    1    1
(relay)    38    13    28403.43    28    28401.4    2    1
(advertise)    31    28403.63    13    28
(relay)    12    37    28430.24    28    28406.68    1    1
(relay)    12    11    28478.04    28    28417.16    1    1
(relay)    12    46    28522.64    28    28443.17    2    1
(advertise)    31    28522.84    46    28
(relay)    38    38    28586.26    28    28586.14    4    1
(advertise)    31    28586.46    38    28
(relay)    38    16    28609.47    28    28596.11    2    1
(advertise)    31    28610.07    16    28
(relay)    12    20    28633.28    28    28603.47    1    1
(relay)    30    28    28703.48    28    28700.3    2    1
(advertise)    31    28703.68    28    28
(relay)    12    40    28725.89    28    28725.02    2    1
(advertise)    31    28727.49    40    28
(heartbeat)    3    7    28746.28    31    28749.31    2    9
(advertise)    31    28749.71    3    7
(relay)    12    43    28769.72    28    28757.5    2    1
(advertise)    31    28772.72    43    28
(relay)    12    12    28804.53    28    28804.01    3    1
(advertise)    31    28804.73    12    28
(relay)    12    5    28814.15    28    28781.1    1    1
(relay)    38    35    28828.95    28    28807.29    2    1
(advertise)    31    28829.35    35    28
(relay)    30    25    28850.36    28    28823.72    2    1
(advertise)    31    28851.16    25    28
(relay)    12    10    28902.77    28    28877.21    1    1
(relay)    12    47    28934.97    28    28930.42    1    1
(relay)    27    27    28937.97    28    28936.94    4    1
(advertise)    31    28938.17    27    28
(relay)    12    24    28992.39    28    28985.61    1    1
(relay)    12    6    29015.99    28    28903.36    1    1
(relay)    12    34    29038.39    29    29032.87    2    1
(advertise)    31    29038.59    34    29
(relay)    12    39    29060.4    28    28997.8    2    1
(advertise)    31    29061.6    39    28
(relay)    12    48    29082.81    29    29037.08    2    1
(advertise)    31    29084.21    48    29
(relay)    12    1    29157.22    29    29155.18    1    1
(relay)    12    33    29180.42    29    29165.66    1    1
(relay)    12    14    29202.02    29    29178.05    1    1
(generate)    31    29219.42    [3]    29
(relay)    12    19    29222.64    29    29107.2    1    1
(relay)    12    18    29247.64    29    29176.5    1    1
(relay)    12    36    29270.84    29    29077.25    1    1
(relay)    30    2    29281.04    29    29278.93    3    1
(advertise)    31    29281.24    2    29
(relay)    30    30    29302.45    29    29301.29    5    1
(advertise)    31    29303.25    30    29
(relay)    12    15    29361.06    29    29309.6    1    1
(relay)    12    42    29383.46    29    29326.14    1    1
(relay)    30    13    29403.06    29    29401.58    1    1
(relay)    12    37    29427.86    29    29406.73    1    1
(relay)    12    9    29451.46    29    29423.82    1    1
(relay)    12    46    29475.06    29    29443.22    2    1
(advertise)    31    29475.26    46    29
(relay)    12    45    29496.28    29    29480.62    2    1
(advertise)    31    29498.08    45    29
(relay)    12    44    29523.89    29    29495.17    1    1
(relay)    12    26    29545.69    29    29524.77    1    1
(relay)    38    38    29586.29    29    29586.21    4    1
(advertise)    31    29586.49    38    29
(relay)    38    16    29608.7    29    29596.28    2    1
(advertise)    31    29609.5    16    29
(relay)    30    28    29703.72    29    29700.42    2    1
(advertise)    31    29703.92    28    29
(relay)    12    40    29726.93    29    29725.17    2    1
(advertise)    31    29727.33    40    29
(relay)    12    43    29758.94    29    29757.54    2    1
(advertise)    31    29759.14    43    29
(relay)    12    12    29804.55    29    29804.05    3    1
(advertise)    31    29804.75    12    29
(relay)    12    35    29828.37    29    29807.36    2    1
(advertise)    31    29828.77    35    29
(relay)    38    25    29849.58    29    29823.79    1    1
(relay)    12    10    29881.58    29    29877.25    1    1
(relay)    12    32    29904.98    29    29886.3    2    1
(advertise)    31    29905.18    32    29
(relay)    12    7    29927.19    29    29910.45    1    1
(relay)    27    27    29936.99    29    29936.98    4    1
(advertise)    31    29937.19    27    29
(relay)    12    47    29947.21    29    29930.58    2    1
(advertise)    31    29958.41    47    29
