(relay)    23    4    27.6    1    19    124    1
(advertise)    37    40.2    4    1
(relay)    44    4    1020.61    2    1019.01    122    1
(advertise)    37    1020.81    4    2
(relay)    23    48    1041.43    1    1033.03    125    1
(advertise)    37    1042.23    48    1
(relay)    23    34    1062.44    1    1029.03    125    1
(advertise)    37    1065.04    34    1
(relay)    26    41    1066.45    1    1055.04    126    1
(advertise)    37    1087.05    41    1
(relay)    19    19    1103.07    1    1103.07    127    1
(relay)    23    36    1108.07    1    1075.05    124    2
(advertise)    37    1108.67    19    1
(advertise)    37    1131.28    36    1
(relay)    26    1    1159.09    1    1152.09    122    1
(advertise)    37    1159.29    1    1
(relay)    23    14    1179.5    1    1175.1    125    1
(advertise)    37    1181.7    14    1
(relay)    23    33    1200.52    1    1162.1    124    1
(advertise)    37    1202.72    33    1
(relay)    23    17    1222.33    1    1183.12    125    1
(advertise)    37    1225.93    17    1
(relay)    23    18    1245.94    1    1173.1    123    1
(advertise)    37    1248.34    18    1
(relay)    23    31    1269.76    1    1217.13    122    1
(advertise)    37    1270.56    31    1
(relay)    23    2    1292.17    1    1275.17    124    1
(advertise)    37    1294.57    2    1
(relay)    19    15    1314.98    1    1305.17    126    1
(advertise)    37    1316.78    15    1
(relay)    19    42    1337.2    1    1320.2    125    1
(advertise)    37    1339.4    42    1
(relay)    19    30    1358.61    1    1297.18    123    1
(advertise)    37    1360.81    30    1
(relay)    19    13    1399.62    1    1397.02    122    1
(advertise)    37    1399.82    13    1
(generate)    37    1405.03    [3]    1
(relay)    19    9    1442.65    1    1420.03    125    1
(advertise)    37    1442.85    9    1
(relay)    26    11    1466.86    1    1413.03    123    1
(advertise)    37    1467.26    11    1
(relay)    23    46    1488.67    1    1441.05    125    1
(advertise)    37    1489.47    46    1
(relay)    44    44    1493.69    1    1493.09    127    1
(advertise)    37    1511.49    44    1
(relay)    26    26    1523.1    1    1522.1    127    1
(advertise)    37    1533.9    26    1
(relay)    26    45    1535.31    1    1476.07    123    1
(advertise)    37    1554.91    45    1
(relay)    23    38    1585.93    1    1584.13    123    1
(advertise)    37    1586.13    38    1
(relay)    23    16    1609.74    1    1592.14    124    1
(advertise)    37    1610.14    16    1
(relay)    23    20    1633.55    1    1600.14    124    1
(advertise)    37    1634.15    20    1
(relay)    26    29    1655.16    1    1616.15    125    1
(advertise)    37    1656.76    29    1
(relay)    19    22    1678.18    1    1637.16    124    1
(advertise)    37    1679.78    22    1
(relay)    23    28    1703.79    1    1697.16    121    1
(advertise)    37    1703.99    28    1
(relay)    23    23    1726.0    1    1725.0    127    1
(advertise)    37    1726.4    23    1
(relay)    19    40    1727.62    1    1721.19    124    1
(advertise)    37    1748.02    40    1
(relay)    23    21    1750.23    1    1714.19    123    1
(advertise)    37    1769.43    21    1
(relay)    23    43    1774.64    1    1755.03    125    1
(advertise)    37    1790.64    43    1
(relay)    23    5    1796.86    1    1779.04    126    1
(advertise)    37    1811.66    5    1
(relay)    23    12    1833.87    1    1799.04    124    1
(advertise)    37    1834.67    12    1
(relay)    23    35    1863.68    1    1803.04    121    1
(advertise)    37    1863.88    35    1
(relay)    23    25    1886.49    1    1821.06    124    1
(advertise)    37    1887.29    25    1
(relay)    23    10    1908.71    1    1875.08    125    1
(advertise)    37    1909.91    10    1
(relay)    23    32    1929.32    1    1882.08    125    1
(advertise)    37    1930.92    32    1
(relay)    23    7    1951.13    1    1908.11    125    1
(advertise)    37    1953.93    7    1
(relay)    26    0    1955.95    1    1910.11    123    1
(advertise)    37    1975.15    0    1
(relay)    23    8    1994.96    1    1957.13    126    1
(advertise)    37    1997.36    8    1
(relay)    19    6    1999.77    1    1896.09    122    1
(advertise)    37    2018.97    6    1
(relay)    19    24    2020.19    1    1983.16    126    1
(advertise)    37    2041.19    24    1
(relay)    23    39    2063.0    1    1996.16    124    1
(advertise)    37    2063.4    39    1
(relay)    23    27    2084.21    1    1935.12    122    1
(relay)    44    36    2087.21    2    2075.21    126    2
(advertise)    37    2087.61    27    1
(relay)    26    41    2093.02    2    2055.2    126    2
(relay)    19    19    2103.22    2    2103.22    127    3
(relay)    23    48    2105.22    2    2033.17    125    4
(advertise)    37    2110.62    36    2
(relay)    23    4    2127.24    3    2019.17    125    4
(relay)    19    34    2131.24    2    2029.17    122    5
(advertise)    37    2132.44    41    2
(advertise)    37    2153.45    19    2
(advertise)    37    2175.26    48    2
(advertise)    37    2196.28    4    3
(advertise)    37    2218.09    34    2
(relay)    19    1    2223.7    2    2152.25    124    1
(relay)    23    33    2238.1    2    2162.25    123    2
(advertise)    37    2239.1    1    2
(relay)    26    17    2246.52    2    2183.28    124    2
(relay)    23    14    2259.52    2    2175.26    125    3
(advertise)    37    2262.32    33    2
(advertise)    37    2284.53    17    2
(advertise)    37    2306.74    14    2
(relay)    19    15    2311.75    2    2305.33    126    1
(relay)    23    18    2324.75    2    2173.26    122    2
(advertise)    37    2327.75    15    2
(advertise)    37    2349.77    18    2
(relay)    19    42    2355.78    2    2320.35    125    1
(advertise)    37    2373.38    42    2
(relay)    19    2    2378.59    2    2275.32    123    1
(advertise)    37    2395.99    2    2
(relay)    19    31    2401.61    2    2217.28    117    1
(generate)    37    2405.21    [3]    2
(advertise)    37    2418.62    31    2
(relay)    19    9    2448.23    2    2420.99    124    1
(advertise)    37    2448.43    9    2
(relay)    19    30    2469.24    2    2297.33    122    1
(advertise)    37    2470.84    30    2
(relay)    19    11    2493.06    2    2413.19    122    1
(advertise)    37    2493.66    11    2
(relay)    19    44    2515.47    2    2493.26    126    1
(advertise)    37    2517.67    44    2
(relay)    26    26    2523.28    2    2522.27    127    1
(relay)    44    46    2530.68    2    2441.22    123    2
(relay)    19    13    2538.48    2    2397.18    121    3
(advertise)    37    2539.68    26    2
(advertise)    37    2563.3    46    2
(advertise)    37    2586.51    13    2
(relay)    26    45    2600.52    2    2476.23    123    1
(advertise)    37    2608.92    45    2
(relay)    26    29    2625.14    2    2616.32    124    1
(relay)    19    16    2627.54    2    2592.3    124    2
(advertise)    37    2630.54    29    2
(advertise)    37    2652.35    16    2
(relay)    26    22    2667.16    2    2637.32    124    1
(relay)    19    38    2672.76    2    2584.3    123    2
(advertise)    37    2674.36    22    2
(advertise)    37    2695.57    38    2
(relay)    23    20    2705.39    2    2600.31    124    1
(advertise)    37    2718.39    20    2
(relay)    23    23    2725.2    2    2725.19    127    1
(advertise)    37    2740.0    23    2
(relay)    23    21    2749.01    2    2714.37    124    1
(advertise)    37    2761.61    21    2
(relay)    23    40    2772.23    2    2721.37    124    1
(advertise)    37    2783.43    40    2
(relay)    26    5    2797.24    2    2779.23    126    1
(advertise)    37    2805.44    5    2
(relay)    26    43    2817.85    2    2755.21    123    1
(advertise)    37    2827.65    43    2
(relay)    26    28    2839.07    2    2697.32    121    1
(advertise)    37    2850.27    28    2
(relay)    26    12    2867.48    2    2799.23    122    1
(advertise)    37    2871.68    12    2
(relay)    23    35    2892.29    2    2803.23    124    1
(advertise)    37    2892.69    35    2
(relay)    23    10    2912.7    2    2875.27    124    1
(advertise)    37    2915.1    10    2
(relay)    23    32    2936.52    2    2882.28    123    1
(advertise)    37    2937.52    32    2
(relay)    23    25    2958.53    2    2821.24    124    1
(relay)    26    7    2959.33    2    2908.29    124    2
(advertise)    37    2959.53    25    2
(relay)    26    6    2981.14    2    2896.29    123    2
(advertise)    37    2981.54    7    2
(advertise)    37    3002.76    6    2
(relay)    23    47    3024.37    2    2925.49    123    1
(relay)    26    8    3024.97    2    2957.33    125    2
(advertise)    37    3025.77    47    2
(relay)    19    24    3034.38    2    2983.36    126    2
(advertise)    37    3046.78    8    2
(advertise)    37    3069.0    24    2
(relay)    23    39    3091.01    2    2996.34    124    1
(advertise)    37    3091.41    39    2
(relay)    26    41    3092.62    3    3055.4    126    1
(relay)    19    27    3099.82    2    2935.3    122    2
(relay)    19    19    3103.42    3    3103.42    127    3
(advertise)    37    3113.02    41    3
(relay)    23    48    3134.03    3    3033.37    125    3
(advertise)    37    3135.23    27    2
(relay)    26    36    3137.85    3    3075.61    126    3
(relay)    23    0    3155.65    2    2910.29    123    4
(advertise)    37    3156.25    19    3
(advertise)    37    3177.26    48    3
(advertise)    37    3198.87    36    3
(advertise)    37    3219.89    0    2
(relay)    23    34    3222.9    3    3029.37    125    1
(advertise)    37    3242.5    34    3
(relay)    44    4    3246.11    4    3019.36    122    1
(advertise)    37    3263.91    4    4
(relay)    23    14    3269.33    3    3175.45    125    1
(advertise)    37    3285.13    14    3
(relay)    23    17    3290.54    3    3183.47    125    1
(relay)    19    1    3300.74    3    3152.45    124    2
(advertise)    37    3308.14    17    3
(advertise)    37    3331.35    1    3
(relay)    23    33    3336.16    3    3162.45    123    1
(advertise)    37    3353.36    33    3
(relay)    23    42    3356.18    3    3320.55    126    1
(relay)    19    18    3366.78    3    3173.45    123    2
(advertise)    37    3375.58    42    3
(advertise)    37    3396.59    18    3
(relay)    23    15    3402.6    3    3305.53    125    1
(generate)    37    3405.4    [3]    3
(advertise)    37    3419.62    15    3
(relay)    23    31    3425.43    3    3217.47    122    1
(advertise)    37    3441.83    31    3
(relay)    23    2    3447.84    3    3275.5    124    1
(advertise)    37    3463.44    2    3
(relay)    23    9    3471.86    3    3421.19    125    1
(advertise)    37    3485.66    9    3
(relay)    23    11    3515.87    3    3413.39    124    1
(advertise)    37    3516.07    11    3
(relay)    19    46    3521.08    3    3441.4    125    1
(relay)    26    26    3523.48    3    3522.47    127    2
(relay)    23    30    3536.88    3    3297.51    122    3
(advertise)    37    3538.08    46    3
(advertise)    37    3559.29    26    3
(advertise)    37    3580.31    30    3
(relay)    23    13    3602.92    3    3397.38    123    1
(advertise)    37    3604.92    13    3
(relay)    19    45    3608.93    3    3476.43    123    1
(advertise)    37    3627.13    45    3
(relay)    23    29    3644.55    3    3616.52    126    1
(relay)    26    22    3647.15    3    3637.52    125    2
(advertise)    37    3649.35    29    3
(advertise)    37    3671.36    22    3
(relay)    23    16    3691.37    3    3592.49    124    1
(advertise)    37    3692.57    16    3
(relay)    23    20    3713.99    3    3600.51    124    1
(advertise)    37    3714.39    20    3
(relay)    23    23    3725.4    3    3725.39    127    1
(relay)    23    38    3735.0    3    3584.49    123    2
(advertise)    37    3736.6    23    3
(advertise)    37    3757.61    38    3
(relay)    23    5    3781.42    3    3779.42    126    1
(advertise)    37    3781.62    5    3
(relay)    19    21    3786.24    3    3714.57    123    1
(relay)    23    43    3802.44    3    3755.41    125    2
(advertise)    37    3803.24    21    3
(relay)    23    40    3822.85    3    3721.57    123    2
(advertise)    37    3826.25    43    3
(advertise)    37    3847.66    40    3
(relay)    23    12    3855.48    3    3799.62    124    1
(advertise)    37    3868.68    12    3
(relay)    23    28    3877.29    3    3697.49    122    1
(advertise)    37    3890.69    28    3
(relay)    23    10    3900.3    3    3875.46    124    1
(advertise)    37    3912.7    10    3
(relay)    23    35    3923.32    3    3803.42    124    1
(advertise)    37    3935.52    35    3
(relay)    23    32    3946.13    3    3882.48    125    1
(advertise)    37    3957.13    32    3
(relay)    23    8    3968.14    3    3957.73    126    1
(advertise)    37    3979.34    8    3
(relay)    19    7    3987.55    3    3908.49    124    1
(relay)    23    6    3988.15    3    3896.49    123    2
(advertise)    37    4001.55    7    3
(relay)    19    0    4008.97    3    3910.49    124    2
(advertise)    37    4025.37    6    3
(advertise)    37    4047.78    0    3
(relay)    19    24    4053.59    3    3983.55    126    1
(advertise)    37    4069.79    24    3
(relay)    23    48    4076.41    4    4033.57    125    1
(advertise)    37    4092.01    48    4
(relay)    23    47    4099.42    3    3925.69    123    1
(relay)    44    41    4102.22    4    4055.59    125    2
(relay)    19    19    4103.62    4    4103.62    127    3
(advertise)    37    4113.82    47    3
(relay)    23    39    4121.63    3    3996.54    124    3
(relay)    44    36    4124.63    4    4075.81    126    4
(advertise)    37    4135.03    41    4
(relay)    23    25    4143.45    3    3821.44    120    4
(advertise)    37    4157.05    19    4
(advertise)    37    4181.66    39    3
(relay)    23    4    4187.27    5    4019.37    125    3
(advertise)    37    4204.47    36    4
(advertise)    37    4226.88    25    3
(relay)    23    34    4231.5    4    4029.57    125    2
(advertise)    37    4248.9    4    5
(relay)    19    27    4251.91    3    3935.49    122    2
(advertise)    37    4271.71    34    4
(relay)    26    17    4292.52    4    4183.67    125    2
(relay)    19    14    4295.12    4    4175.65    124    3
(advertise)    37    4296.72    27    3
(advertise)    37    4318.94    17    4
(relay)    19    1    4340.55    4    4152.65    124    2
(advertise)    37    4342.15    14    4
(relay)    26    33    4358.16    4    4162.65    123    2
(relay)    44    15    4360.36    4    4305.72    124    3
(advertise)    37    4364.16    1    4
(advertise)    37    4385.78    33    4
(relay)    23    42    4387.99    4    4320.75    126    2
(generate)    37    4405.59    [3]    4
(advertise)    37    4408.8    15    4
(relay)    19    2    4426.61    4    4275.7    124    2
(advertise)    37    4432.01    42    4
(relay)    26    18    4445.83    4    4173.65    122    2
(advertise)    37    4453.83    2    4
(advertise)    37    4475.24    18    4
(relay)    19    9    4493.25    4    4421.38    125    1
(relay)    44    44    4494.25    4    4493.65    127    2
(advertise)    37    4496.85    9    4
(relay)    19    46    4515.07    4    4441.41    125    2
(advertise)    37    4519.27    44    4
(relay)    26    26    4523.68    4    4522.67    127    2
(relay)    19    30    4537.08    4    4297.71    120    3
(advertise)    37    4542.28    46    4
(advertise)    37    4564.29    26    4
(relay)    26    11    4579.71    4    4413.59    123    2
(advertise)    37    4586.91    30    4
(advertise)    37    4609.92    11    4
(relay)    26    45    4623.33    4    4476.63    123    1
(advertise)    37    4632.93    45    4
(relay)    26    13    4646.34    4    4397.56    121    1
(advertise)    37    4654.94    13    4
(relay)    26    22    4667.96    4    4637.71    125    1
(advertise)    37    4676.56    22    4
(relay)    23    29    4679.37    4    4616.72    126    1
(relay)    19    16    4692.37    4    4592.69    124    2
(advertise)    37    4700.77    29    4
(relay)    26    20    4712.18    4    4600.71    122    2
(advertise)    37    4722.38    16    4
(relay)    23    23    4725.8    4    4725.78    127    2
(advertise)    37    4744.2    20    4
(advertise)    37    4766.21    23    4
(relay)    23    38    4768.82    4    4584.68    123    1
(advertise)    37    4788.42    38    4
(relay)    23    21    4791.04    4    4714.77    123    1
(relay)    26    5    4800.84    4    4779.61    3    2
(advertise)    37    4810.84    21    4
(heartbeat)    3    1    4746.2    37    4812.65    127    0
(advertise)    37    4832.05    5    4
(advertise)    37    4853.06    3    1
(relay)    23    43    4857.47    4    4755.61    1    1
(relay)    26    40    4865.87    4    4721.77    122    1
(advertise)    37    4874.67    40    4
(relay)    26    32    4890.09    4    4882.67    2    1
(advertise)    37    4896.29    32    4
(relay)    23    28    4904.3    4    4697.69    122    1
(advertise)    37    4919.1    28    4
(relay)    23    35    4956.51    4    4803.62    1    1
(relay)    26    0    4961.91    4    4910.5    1    1
(relay)    26    8    4983.31    4    4957.93    2    1
(advertise)    37    4983.51    8    4
(relay)    23    39    5020.53    4    4996.55    1    1
(relay)    19    24    5027.93    4    4983.75    1    1
(relay)    26    41    5057.13    5    5055.78    4    1
(advertise)    37    5057.33    41    5
(relay)    23    25    5063.54    4    4821.62    121    1
(relay)    26    48    5077.74    5    5033.77    2    2
(advertise)    37    5079.74    25    4
(advertise)    37    5102.75    48    5
(relay)    19    19    5104.97    5    5104.39    4    1
(relay)    26    36    5121.97    5    5075.95    5    2
(advertise)    37    5124.77    19    5
(relay)    23    4    5129.78    6    5019.57    3    2
(advertise)    37    5146.58    36    5
(relay)    23    34    5151.39    5    5029.77    1    2
(advertise)    37    5168.79    4    6
(relay)    26    17    5186.2    5    5183.87    2    1
(advertise)    37    5191.0    17    5
(relay)    26    33    5209.82    5    5162.84    2    1
(advertise)    37    5213.22    33    5
(relay)    19    1    5243.83    5    5152.78    1    1
(relay)    19    31    5287.83    5    5217.82    1    1
(relay)    19    15    5310.23    5    5305.91    3    1
(advertise)    37    5310.43    15    5
(relay)    26    42    5331.44    5    5320.95    1    1
(relay)    19    30    5353.44    5    5297.77    1    1
(relay)    23    2    5376.84    5    5275.87    1    1
(generate)    37    5405.64    [3]    5
(relay)    26    9    5430.46    5    5421.55    2    1
(advertise)    37    5430.66    9    5
(relay)    19    46    5452.67    5    5441.6    2    1
(relay)    26    11    5453.47    5    5413.73    1    2
(advertise)    37    5453.87    46    5
(relay)    44    44    5494.68    5    5493.71    5    1
(advertise)    37    5494.88    44    5
(relay)    19    45    5517.9    5    5476.76    1    1
(relay)    26    26    5522.9    5    5522.72    5    1
(advertise)    37    5523.1    26    5
(relay)    23    20    5604.51    5    5600.77    1    1
(relay)    26    29    5625.11    5    5616.92    1    1
(relay)    23    16    5649.91    5    5592.81    1    1
(relay)    26    22    5650.31    5    5637.88    1    1
(relay)    23    28    5701.71    5    5697.71    1    1
(relay)    26    21    5716.31    5    5714.9    2    1
(advertise)    37    5716.51    21    5
(relay)    23    23    5725.92    5    5725.92    4    1
(advertise)    37    5737.52    23    5
(relay)    23    43    5757.93    5    5755.79    1    1
(relay)    26    5    5780.93    5    5779.72    3    1
(advertise)    37    5781.13    5    5
(relay)    19    35    5838.15    5    5803.64    1    1
(relay)    19    25    5862.15    5    5821.64    2    1
(advertise)    37    5862.35    25    5
(relay)    23    32    5902.96    5    5882.68    1    1
(relay)    23    6    5925.56    5    5897.03    1    1
(relay)    26    0    5927.36    5    5910.69    1    1
(relay)    23    8    5960.36    5    5958.12    3    1
(advertise)    37    5960.56    8    5
(relay)    19    24    5984.37    5    5983.87    2    1
(advertise)    37    5985.97    24    5
(relay)    23    39    6008.59    5    5996.67    1    1
(relay)    23    4    6030.19    7    6019.58    2    1
(advertise)    37    6030.39    4    7
(relay)    23    48    6053.0    6    6033.82    3    1
(advertise)    37    6054.4    48    6
(relay)    23    36    6076.61    6    6076.01    4    1
(advertise)    37    6077.61    36    6
(relay)    23    41    6098.23    6    6056.77    3    1
(advertise)    37    6098.63    41    6
(relay)    19    19    6105.04    6    6104.57    4    1
(advertise)    37    6122.04    19    6
(relay)    23    33    6165.45    6    6162.98    2    1
(advertise)    37    6165.65    33    6
(relay)    23    1    6188.66    6    6152.93    1    1
(relay)    44    17    6189.06    6    6183.9    1    1
(relay)    19    14    6193.86    6    6176.0    1    1
(relay)    23    18    6234.66    6    6173.79    1    1
(relay)    23    2    6277.46    6    6275.89    1    1
(relay)    23    30    6302.46    6    6297.96    1    1
(relay)    26    15    6309.86    6    6306.67    2    1
(advertise)    37    6310.06    15    6
(generate)    37    6405.68    [3]    6
(relay)    23    11    6447.69    6    6413.9    2    1
(advertise)    37    6447.89    11    6
(relay)    23    46    6479.9    6    6441.67    1    1
(relay)    44    44    6494.7    6    6493.74    5    1
(advertise)    37    6494.9    44    6
(relay)    23    45    6502.52    6    6476.9    1    1
(relay)    26    26    6522.92    6    6522.81    5    1
(advertise)    37    6523.12    26    6
(relay)    19    20    6604.33    6    6600.91    1    1
(relay)    23    29    6624.73    6    6617.06    2    1
(advertise)    37    6624.93    29    6
(relay)    19    16    6648.74    6    6592.83    1    1
(relay)    26    22    6648.94    6    6637.97    1    1
(relay)    44    21    6716.34    6    6714.92    1    1
(relay)    23    23    6726.54    6    6725.96    4    1
(advertise)    37    6726.74    23    6
(relay)    23    43    6771.36    6    6755.82    1    1
(relay)    26    5    6781.16    6    6779.8    3    1
(advertise)    37    6781.36    5    6
(relay)    23    35    6839.57    6    6803.72    1    1
(relay)    23    10    6877.57    6    6875.8    1    1
(relay)    19    32    6898.57    6    6882.85    2    1
(advertise)    37    6898.77    32    6
(relay)    19    0    6921.58    6    6910.83    1    1
(relay)    26    8    6959.78    6    6958.13    2    1
(advertise)    37    6959.98    8    6
(relay)    23    47    6983.79    6    6926.44    1    1
(relay)    19    24    6984.59    6    6983.97    2    1
(advertise)    37    6984.79    24    6
(relay)    23    39    7007.41    6    6996.85    1    1
(relay)    23    4    7042.61    8    7019.75    1    1
(relay)    26    41    7057.21    7    7056.91    4    1
(advertise)    37    7057.61    41    7
(relay)    26    48    7079.62    7    7034.01    1    1
(relay)    44    36    7080.82    7    7076.07    5    1
(advertise)    37    7081.42    36    7
(relay)    23    34    7085.23    7    7030.04    1    1
(relay)    19    19    7105.23    7    7104.72    4    1
(advertise)    37    7105.83    19    7
(relay)    23    1    7162.25    7    7153.05    1    1
(relay)    26    33    7173.05    7    7163.08    2    1
(advertise)    37    7173.25    33    7
(relay)    26    17    7197.66    7    7183.9    2    1
(advertise)    37    7198.26    17    7
(relay)    23    14    7208.47    7    7176.07    1    1
(relay)    26    18    7220.67    7    7173.89    1    1
(relay)    19    2    7278.67    7    7275.89    1    1
(relay)    23    30    7303.07    7    7298.13    1    1
(relay)    44    15    7311.27    7    7306.77    1    1
(relay)    26    42    7332.07    7    7321.21    1    1
(relay)    23    13    7403.87    7    7397.93    1    1
(generate)    37    7405.87    [3]    7
(relay)    26    9    7431.09    7    7421.74    1    1
(relay)    19    11    7468.49    7    7414.02    1    1
(relay)    26    46    7478.69    7    7441.71    1    1
(relay)    44    44    7494.69    7    7493.75    5    1
(advertise)    37    7494.89    44    7
(relay)    19    45    7516.5    7    7477.0    1    1
(relay)    26    26    7522.9    7    7522.88    5    1
(advertise)    37    7523.1    26    7
(relay)    23    20    7602.11    7    7601.05    2    1
(advertise)    37    7602.31    20    7
(relay)    19    29    7623.52    7    7617.2    1    1
(relay)    23    16    7645.12    7    7592.99    1    1
(relay)    26    22    7648.92    7    7638.07    2    1
(advertise)    37    7649.12    22    7
(relay)    26    21    7717.14    7    7715.08    2    1
(advertise)    37    7717.34    21    7
(relay)    23    23    7726.55    7    7726.03    4    1
(advertise)    37    7739.35    23    7
(relay)    26    5    7780.16    7    7779.87    3    1
(advertise)    37    7780.36    5    7
(relay)    19    43    7801.78    7    7755.89    1    1
(relay)    23    35    7832.18    7    7803.82    1    1
(relay)    19    25    7856.98    7    7821.78    2    1
(advertise)    37    7857.18    25    7
(relay)    26    32    7884.19    7    7883.01    2    1
(advertise)    37    7884.59    32    7
(relay)    26    0    7914.8    7    7910.97    1    1
(relay)    23    7    7923.6    7    7908.85    1    1
(relay)    26    8    7959.8    7    7958.16    2    1
(advertise)    37    7960.0    8    7
(relay)    23    24    7984.62    7    7984.05    2    1
(advertise)    37    7984.82    24    7
(relay)    23    39    8009.03    7    7996.87    1    1
(relay)    26    4    8025.23    9    8019.91    2    1
(advertise)    37    8025.43    4    9
(relay)    26    48    8046.64    8    8034.03    2    1
(advertise)    37    8047.44    48    8
(relay)    26    41    8066.85    8    8057.08    4    1
(advertise)    37    8070.85    41    8
(relay)    26    36    8089.47    8    8076.16    5    1
(advertise)    37    8091.87    36    8
(relay)    19    19    8105.48    8    8104.91    4    1
(advertise)    37    8113.68    19    8
(relay)    23    33    8164.69    8    8163.22    3    1
(advertise)    37    8164.89    33    8
(relay)    23    14    8188.31    8    8176.13    1    1
(relay)    19    1    8210.31    8    8153.14    1    1
(relay)    23    17    8212.31    8    8184.09    2    1
(advertise)    37    8212.51    17    8
(relay)    19    18    8251.92    8    8174.03    1    1
(relay)    19    31    8273.32    8    8218.05    1    1
(relay)    19    2    8305.32    8    8276.03    1    1
(relay)    26    15    8308.32    8    8306.88    2    1
(advertise)    37    8308.52    15    8
(relay)    26    42    8331.93    8    8321.4    1    1
(relay)    23    30    8372.73    8    8298.15    1    1
(relay)    23    13    8403.53    8    8398.11    1    1
(generate)    37    8405.93    [3]    8
(relay)    26    11    8429.35    8    8414.19    1    1
(relay)    19    9    8445.95    8    8421.92    2    1
(advertise)    37    8446.15    9    8
(relay)    26    46    8476.16    8    8441.74    1    1
(relay)    44    44    8494.96    8    8493.8    5    1
(advertise)    37    8495.16    44    8
(relay)    26    26    8523.17    8    8523.03    5    1
(advertise)    37    8523.37    26    8
(relay)    19    20    8602.58    8    8601.17    1    1
(relay)    26    29    8618.98    8    8617.32    1    1
(relay)    26    22    8641.18    8    8638.09    2    1
(advertise)    37    8641.38    22    8
(relay)    23    21    8718.2    8    8715.26    3    1
(advertise)    37    8718.4    21    8
(relay)    23    23    8726.61    8    8726.08    4    1
(advertise)    37    8739.41    23    8
(heartbeat)    3    2    8746.21    37    8761.82    3    3
(advertise)    37    8762.22    3    2
(relay)    19    5    8782.84    8    8779.92    3    1
(advertise)    37    8784.24    5    8
(relay)    23    43    8807.25    8    8755.97    1    1
(relay)    19    25    8870.45    8    8821.9    2    1
(advertise)    37    8870.65    25    8
(relay)    23    32    8894.06    8    8883.18    3    1
(advertise)    37    8894.46    32    8
(relay)    23    10    8916.48    8    8875.87    1    1
(relay)    19    47    8932.68    8    8926.8    1    1
(relay)    23    7    8959.68    8    8908.91    1    1
(relay)    23    0    8982.08    8    8911.1    1    1
(relay)    19    24    8985.48    8    8984.13    2    1
(advertise)    37    8985.68    24    8
(relay)    23    8    9005.09    8    8958.18    3    1
(advertise)    37    9010.29    8    8
(relay)    19    39    9029.1    8    8996.91    1    1
(relay)    26    4    9032.7    10    9020.07    1    1
(relay)    44    48    9050.5    9    9034.04    1    1
(relay)    44    41    9073.7    9    9057.25    3    1
(advertise)    37    9073.9    41    9
(relay)    19    19    9105.91    9    9104.93    4    1
(advertise)    37    9106.11    19    9
(relay)    23    36    9136.53    9    9076.23    3    1
(advertise)    37    9136.73    36    9
(relay)    19    1    9181.34    9    9153.27    1    1
(relay)    23    33    9183.54    9    9163.36    1    1
(relay)    26    17    9187.14    9    9184.12    2    1
(advertise)    37    9187.34    17    9
(relay)    19    14    9226.35    9    9176.19    1    1
(relay)    23    18    9270.55    9    9174.17    1    1
(relay)    19    2    9279.35    9    9276.16    1    1
(relay)    19    30    9304.95    9    9298.35    1    1
(relay)    26    15    9308.55    9    9306.98    2    1
(advertise)    37    9308.75    15    9
(relay)    26    42    9330.57    9    9321.57    1    1
(generate)    37    9405.97    [3]    9
(relay)    23    11    9444.18    9    9414.34    1    1
(relay)    26    9    9454.58    9    9421.92    1    1
(relay)    26    46    9478.58    9    9441.83    1    1
(relay)    44    44    9493.98    9    9493.82    5    1
(advertise)    37    9494.18    44    9
(relay)    19    45    9515.79    9    9477.22    1    1
(relay)    26    26    9523.59    9    9523.13    5    1
(advertise)    37    9523.79    26    9
(relay)    23    16    9610.01    9    9593.31    1    1
(relay)    26    29    9626.01    9    9617.45    1    1
(relay)    26    22    9650.01    9    9638.14    2    1
(advertise)    37    9650.21    22    9
(relay)    23    21    9718.02    9    9715.29    3    1
(advertise)    37    9718.22    21    9
(relay)    23    23    9726.83    9    9726.19    4    1
(advertise)    37    9741.23    23    9
(relay)    23    5    9780.25    9    9779.99    3    1
(advertise)    37    9780.45    5    9
(relay)    23    35    9832.86    9    9804.07    1    1
(relay)    19    25    9853.86    9    9822.01    2    1
(advertise)    37    9854.06    25    9
(relay)    26    32    9886.87    9    9883.36    1    1
(relay)    23    47    9932.87    9    9927.19    1    1
(relay)    23    8    9958.47    9    9958.19    3    1
(advertise)    37    9958.67    8    9
(relay)    19    24    9985.68    9    9984.18    2    1
(advertise)    37    9985.88    24    9
(relay)    23    39    10014.7    9    9996.96    1    1
(relay)    26    4    10033.1    11    10020.09    2    1
(advertise)    37    10033.3    4    11
(relay)    26    48    10055.11    10    10034.05    2    1
(advertise)    37    10057.91    48    10
(relay)    26    41    10077.52    10    10057.4    4    1
(relay)    23    34    10078.12    10    10030.42    1    2
(relay)    44    36    10078.72    10    10076.25    5    3
(advertise)    37    10079.92    41    10
(advertise)    37    10100.94    36    10
(relay)    19    19    10105.95    10    10104.93    4    1
(advertise)    37    10121.95    19    10
(relay)    19    1    10167.56    10    10153.39    1    1
(relay)    23    14    10189.56    10    10176.25    1    1
(relay)    26    17    10190.56    10    10184.14    2    1
(advertise)    37    10190.76    17    10
(relay)    23    2    10280.38    10    10276.32    1    1
(relay)    19    30    10303.58    10    10298.53    1    1
(relay)    26    15    10308.38    10    10307.1    1    1
(relay)    26    42    10329.38    10    10322.3    1    1
(relay)    23    13    10399.58    10    10398.42    1    1
(generate)    37    10405.98    [3]    10
(relay)    23    9    10443.59    10    10422.11    2    1
(advertise)    37    10443.79    9    10
(relay)    23    11    10466.0    10    10414.5    1    1
(relay)    26    46    10474.4    10    10442.02    1    1
(relay)    44    44    10494.0    10    10493.85    5    1
(advertise)    37    10494.2    44    10
(relay)    19    45    10516.41    10    10477.35    1    1
(relay)    26    26    10523.81    10    10523.22    5    1
(advertise)    37    10524.01    26    10
(relay)    23    16    10594.63    10    10593.46    1    1
(relay)    23    20    10618.03    10    10601.44    1    1
(relay)    19    29    10620.03    10    10617.56    1    1
(relay)    26    22    10650.43    10    10638.19    1    1
(relay)    19    28    10701.83    10    10698.26    1    1
(relay)    26    21    10720.03    10    10715.48    2    1
(advertise)    37    10720.23    21    10
(relay)    23    23    10727.24    10    10726.26    4    1
(advertise)    37    10741.84    23    10
(relay)    23    43    10768.25    10    10756.07    1    1
(relay)    19    5    10780.85    10    10780.06    3    1
(advertise)    37    10781.05    5    10
(relay)    23    35    10839.27    10    10804.19    1    1
(relay)    23    25    10859.67    10    10822.11    2    1
(advertise)    37    10859.87    25    10
(relay)    23    32    10905.68    10    10883.54    1    1
(relay)    19    47    10932.28    10    10927.37    1    1
(relay)    23    7    10953.68    10    10908.94    1    1
(relay)    26    8    10974.28    10    10958.2    2    1
(advertise)    37    10974.48    8    10
(relay)    23    24    10998.69    10    10984.23    2    1
(advertise)    37    10999.29    24    10
(relay)    44    48    11044.51    11    11034.05    1    1
(relay)    19    4    11066.51    12    11020.28    1    1
(relay)    26    41    11088.91    11    11057.51    4    1
(advertise)    37    11089.11    41    11
(relay)    19    19    11106.12    11    11105.07    4    1
(relay)    26    36    11110.52    11    11076.46    5    2
(advertise)    37    11112.12    19    11
(advertise)    37    11134.33    36    11
(relay)    26    17    11190.34    11    11184.15    1    1
(relay)    19    14    11206.74    11    11176.3    1    1
(relay)    19    30    11302.74    11    11298.71    1    1
(relay)    26    15    11308.14    11    11307.22    2    1
(advertise)    37    11308.34    15    11
(relay)    26    42    11332.36    11    11322.45    1    1
(relay)    23    13    11399.76    11    11398.62    1    1
(generate)    37    11406.16    [3]    11
(relay)    26    11    11431.37    11    11414.69    1    1
(relay)    23    9    11448.17    11    11422.15    2    1
(advertise)    37    11448.37    9    11
(relay)    26    46    11454.58    11    11442.07    2    1
(advertise)    37    11469.78    46    11
(relay)    44    44    11494.2    11    11494.07    5    1
(advertise)    37    11494.4    44    11
(relay)    23    45    11516.21    11    11477.5    1    1
(relay)    26    26    11523.81    11    11523.32    5    1
(advertise)    37    11524.01    26    11
(relay)    23    29    11633.42    11    11617.72    2    1
(advertise)    37    11633.62    29    11
(relay)    19    22    11655.44    11    11638.29    2    1
(advertise)    37    11656.04    22    11
(relay)    19    28    11702.65    11    11698.36    1    1
(relay)    26    21    11720.25    11    11715.5    2    1
(advertise)    37    11720.45    21    11
(relay)    23    23    11727.26    11    11726.31    4    1
(advertise)    37    11741.66    23    11
(relay)    23    43    11772.47    11    11756.11    1    1
(relay)    23    5    11796.07    11    11780.11    3    1
(advertise)    37    11796.27    5    11
(relay)    23    35    11837.49    11    11804.89    1    1
(relay)    23    10    11877.89    11    11875.94    1    1
(relay)    19    25    11878.29    11    11822.19    2    1
(advertise)    37    11878.49    25    11
(relay)    23    32    11900.3    11    11883.73    3    1
(advertise)    37    11901.1    32    11
(relay)    23    7    11922.31    11    11909.0    1    1
(relay)    23    0    11943.31    11    11911.62    1    1
(relay)    19    47    11943.91    11    11927.55    1    1
(relay)    26    8    11960.51    11    11958.39    2    1
(advertise)    37    11960.71    8    11
(relay)    19    24    11988.93    11    11984.33    2    1
(advertise)    37    11989.13    24    11
(relay)    26    4    12044.74    13    12020.47    1    1
(relay)    26    41    12066.74    12    12057.65    4    1
(advertise)    37    12066.94    41    12
(relay)    26    48    12088.35    12    12034.09    3    1
(advertise)    37    12089.55    48    12
(relay)    44    36    12090.97    12    12076.47    5    1
(relay)    19    19    12105.37    12    12105.24    4    2
(advertise)    37    12111.77    36    12
(advertise)    37    12133.38    19    12
(relay)    19    1    12174.19    12    12153.59    1    1
(relay)    26    14    12186.99    12    12176.39    1    1
(relay)    44    17    12205.19    12    12184.17    1    1
(relay)    19    31    12244.99    12    12218.25    1    1
(relay)    26    15    12309.19    12    12307.34    2    1
(advertise)    37    12309.39    15    12
(relay)    19    42    12345.4    12    12322.61    1    1
(relay)    23    13    12400.8    12    12398.8    1    1
(generate)    37    12406.2    [3]    12
(relay)    26    9    12432.62    12    12422.17    1    1
(relay)    26    46    12488.82    12    12442.12    1    1
(relay)    44    44    12494.22    12    12494.1    5    1
(advertise)    37    12494.42    44    12
(relay)    19    45    12517.03    12    12477.62    1    1
(relay)    26    26    12524.03    12    12523.39    5    1
(advertise)    37    12524.23    26    12
(relay)    23    20    12605.04    12    12601.69    1    1
(relay)    19    16    12611.24    12    12593.74    1    1
(relay)    26    29    12627.44    12    12617.82    1    1
(relay)    26    22    12649.64    12    12638.38    2    1
(advertise)    37    12649.84    22    12
(relay)    23    28    12703.06    12    12698.47    1    1
(relay)    26    21    12721.66    12    12715.67    2    1
(advertise)    37    12721.86    21    12
(relay)    26    23    12741.67    12    12726.38    3    1
(advertise)    37    12743.67    23    12
(heartbeat)    3    3    12746.23    37    12766.28    3    3
(advertise)    37    12766.48    3    3
(relay)    23    5    12788.3    12    12780.19    3    1
(advertise)    37    12788.7    5    12
(relay)    23    43    12810.71    12    12756.3    1    1
(relay)    23    10    12878.51    12    12876.13    1    1
(relay)    26    32    12902.31    12    12883.74    2    1
(advertise)    37    12902.51    32    12
(relay)    23    0    12925.52    12    12911.8    1    1
(relay)    19    47    12930.92    12    12927.72    1    1
(relay)    26    8    12960.52    12    12958.42    2    1
(advertise)    37    12960.72    8    12
(relay)    23    7    12970.73    12    12909.19    1    1
(relay)    19    24    12986.73    12    12984.4    2    1
(advertise)    37    12987.13    24    12
(relay)    26    4    13033.15    14    13020.5    2    1
(advertise)    37    13033.35    4    14
(relay)    23    39    13038.36    12    12997.12    1    1
(relay)    44    48    13058.16    13    13034.13    1    1
(relay)    44    36    13081.36    13    13076.52    5    1
(advertise)    37    13081.56    36    13
(relay)    44    41    13101.57    13    13057.81    3    1
(advertise)    37    13104.57    41    13
(relay)    23    34    13127.79    13    13030.86    1    1
(relay)    23    19    13150.19    13    13105.42    2    1
(advertise)    37    13150.39    19    13
(relay)    19    14    13186.6    13    13176.49    1    1
(relay)    26    17    13188.6    13    13184.19    2    1
(advertise)    37    13188.8    17    13
(relay)    19    2    13279.61    13    13276.8    1    1
(relay)    19    15    13308.81    13    13307.44    3    1
(advertise)    37    13309.01    15    13
(relay)    19    42    13331.23    13    13322.77    1    1
(relay)    19    13    13402.23    13    13398.98    1    1
(generate)    37    13406.23    [3]    13
(relay)    23    11    13445.84    13    13415.03    1    1
(relay)    23    9    13466.04    13    13422.2    2    1
(advertise)    37    13466.24    9    13
(relay)    26    46    13478.65    13    13442.19    1    1
(relay)    44    44    13494.85    13    13494.29    5    1
(advertise)    37    13495.05    44    13
(relay)    23    45    13512.46    13    13477.76    2    1
(advertise)    37    13516.86    45    13
(relay)    26    26    13524.48    13    13523.49    5    1
(advertise)    37    13539.48    26    13
(relay)    23    20    13619.09    13    13601.81    1    1
(relay)    23    22    13639.89    13    13638.47    3    1
(advertise)    37    13640.09    22    13
(relay)    26    21    13718.3    13    13715.86    1    1
(relay)    23    23    13726.5    13    13726.42    4    1
(advertise)    37    13726.7    23    13
(relay)    23    43    13769.92    13    13756.34    1    1
(relay)    19    5    13781.92    13    13780.27    3    1
(advertise)    37    13782.12    5    13
(relay)    23    35    13836.33    13    13805.08    1    1
(relay)    23    25    13886.73    13    13822.37    2    1
(advertise)    37    13886.93    25    13
(relay)    23    32    13907.74    13    13883.91    2    1
(advertise)    37    13909.34    32    13
(relay)    23    6    13946.96    13    13898.12    2    1
(advertise)    37    13947.16    6    13
(relay)    26    8    13969.77    13    13958.45    2    1
(advertise)    37    13970.77    8    13
(relay)    19    24    13994.38    13    13984.44    2    1
(advertise)    37    13994.98    24    13
(relay)    26    4    14023.99    15    14020.66    1    1
(relay)    23    39    14035.19    13    13997.17    1    1
(relay)    44    48    14049.39    14    14034.31    1    1
(relay)    26    41    14071.19    14    14057.91    4    1
(advertise)    37    14071.39    41    14
(relay)    26    36    14092.41    14    14076.54    5    1
(advertise)    37    14093.21    36    14
(relay)    23    34    14099.82    14    14031.0    1    1
(relay)    19    19    14105.62    14    14105.53    4    1
(advertise)    37    14116.22    19    14
(relay)    26    17    14185.03    14    14184.2    2    1
(advertise)    37    14185.23    17    14
(relay)    23    33    14190.05    14    14163.94    1    1
(relay)    19    1    14208.45    14    14153.8    1    1
(relay)    26    14    14227.65    14    14176.57    1    1
(relay)    23    18    14277.05    14    14174.81    1    1
(relay)    26    15    14309.65    14    14307.56    2    1
(advertise)    37    14309.85    15    14
(relay)    23    42    14347.86    14    14322.9    2    1
(advertise)    37    14348.06    42    14
(generate)    37    14406.27    [3]    14
(relay)    26    9    14432.49    14    14422.39    2    1
(advertise)    37    14432.69    9    14
(relay)    23    11    14453.3    14    14415.2    1    1
(relay)    19    46    14474.9    14    14442.22    2    1
(advertise)    37    14475.1    46    14
(relay)    44    44    14494.91    14    14494.36    5    1
(relay)    23    45    14497.91    14    14477.86    1    2
(advertise)    37    14499.11    44    14
(relay)    26    26    14524.52    14    14523.59    5    1
(advertise)    37    14524.72    26    14
(relay)    23    20    14606.54    14    14601.94    1    1
(relay)    19    16    14614.74    14    14594.08    1    1
(relay)    19    29    14634.74    14    14618.05    1    1
(relay)    26    22    14650.94    14    14638.56    1    1
(relay)    19    28    14705.94    14    14698.69    1    1
(relay)    26    21    14719.14    14    14715.88    2    1
(advertise)    37    14719.34    21    14
(relay)    23    23    14726.55    14    14726.52    4    1
(advertise)    37    14740.55    23    14
(relay)    23    43    14770.36    14    14756.4    1    1
(relay)    26    5    14782.56    14    14780.36    3    1
(advertise)    37    14782.76    5    14
(relay)    23    35    14840.18    14    14805.38    1    1
(relay)    23    10    14879.58    14    14876.24    1    1
(relay)    44    32    14900.38    14    14884.1    1    1
(relay)    26    6    14943.58    14    14898.22    1    1
(relay)    19    47    14965.78    14    14928.08    1    1
(relay)    26    8    14968.38    14    14958.64    2    1
(advertise)    37    14968.58    8    14
(relay)    26    39    14998.59    14    14997.2    1    1
(relay)    26    48    15043.99    15    15034.49    3    1
(advertise)    37    15044.19    48    15
(relay)    26    4    15065.8    16    15020.84    1    1
(relay)    44    41    15069.2    15    15058.01    3    1
(advertise)    37    15069.4    41    15
(relay)    44    36    15089.82    15    15076.56    5    1
(advertise)    37    15091.42    36    15
(relay)    23    34    15096.83    15    15031.14    1    1
(relay)    19    19    15105.83    15    15105.72    4    1
(advertise)    37    15112.63    19    15
(relay)    26    14    15177.24    15    15176.69    1    1
(relay)    23    1    15214.04    15    15153.89    1    1
(relay)    26    17    15222.44    15    15184.22    2    1
(advertise)    37    15222.64    17    15
(relay)    19    31    15279.45    15    15218.43    1    1
(relay)    23    2    15301.45    15    15277.08    1    1
(relay)    26    15    15310.65    15    15307.67    2    1
(advertise)    37    15310.85    15    15
(relay)    23    42    15347.67    15    15323.06    2    1
(advertise)    37    15348.07    42    15
(relay)    23    30    15370.08    15    15299.3    1    1
(relay)    23    13    15403.28    15    15399.3    1    1
(generate)    37    15406.28    [3]    15
(relay)    26    9    15431.09    15    15422.42    2    1
(advertise)    37    15431.29    9    15
(relay)    23    46    15471.91    15    15442.32    2    1
(advertise)    37    15472.11    46    15
(relay)    23    45    15494.52    15    15477.99    1    1
(relay)    44    44    15495.12    15    15494.56    5    1
(advertise)    37    15496.32    44    15
(relay)    26    26    15524.73    15    15523.67    5    1
(advertise)    37    15524.93    26    15
(relay)    23    20    15605.75    15    15602.05    1    1
(relay)    19    16    15612.95    15    15594.2    1    1
(relay)    26    29    15618.95    15    15618.22    1    1
(relay)    26    22    15643.55    15    15638.6    2    1
(advertise)    37    15643.75    22    15
(relay)    19    28    15702.96    15    15698.81    1    1
(relay)    26    21    15717.16    15    15716.07    2    1
(advertise)    37    15717.36    21    15
(relay)    23    23    15726.77    15    15726.58    4    1
(advertise)    37    15739.57    23    15
(relay)    44    5    15784.98    15    15780.37    1    1
(relay)    23    43    15804.98    15    15756.59    1    1
(relay)    19    35    15835.58    15    15806.06    1    1
(relay)    19    32    15885.78    15    15884.1    2    1
(advertise)    37    15885.98    32    15
(relay)    23    0    15913.6    15    15912.28    1    1
(relay)    23    7    15937.6    15    15909.42    1    1
(relay)    19    47    15950.4    15    15928.25    1    1
(relay)    23    6    15959.4    15    15898.32    2    1
(advertise)    37    15959.6    6    15
(relay)    26    8    15981.01    15    15958.83    1    1
(relay)    19    24    15992.01    15    15984.66    2    1
(advertise)    37    15992.21    24    15
(relay)    23    39    16046.42    15    15997.28    2    1
(advertise)    37    16046.62    39    15
(relay)    26    41    16060.84    16    16058.19    4    1
(advertise)    37    16069.24    41    16
(relay)    26    36    16081.25    16    16076.58    5    1
(advertise)    37    16090.85    36    16
(relay)    26    48    16105.86    16    16034.52    2    1
(relay)    19    19    16106.46    16    16105.91    4    2
(advertise)    37    16114.06    48    16
(advertise)    37    16136.88    19    16
(relay)    19    1    16157.69    16    16153.96    1    1
(relay)    23    34    16157.89    16    16031.27    1    1
(relay)    26    17    16189.89    16    16184.23    2    1
(advertise)    37    16190.09    17    16
(relay)    19    14    16211.7    16    16176.81    1    1
(relay)    23    2    16278.9    16    16277.24    1    1
(relay)    23    30    16303.5    16    16299.5    1    1
(relay)    26    15    16311.1    16    16307.74    2    1
(advertise)    37    16311.3    15    16
(relay)    26    42    16333.11    16    16323.25    1    1
(generate)    37    16406.31    [3]    16
(relay)    23    9    16431.73    16    16422.43    2    1
(advertise)    37    16431.93    9    16
(relay)    23    11    16453.94    16    16415.5    1    1
(relay)    19    46    16477.14    16    16442.44    2    1
(advertise)    37    16477.34    46    16
(relay)    44    44    16495.55    16    16494.59    5    1
(advertise)    37    16498.55    44    16
(relay)    19    45    16520.57    16    16478.08    1    1
(relay)    26    26    16523.97    16    16523.79    5    1
(advertise)    37    16524.57    26    16
(relay)    23    20    16605.78    16    16602.16    1    1
(relay)    19    16    16610.98    16    16594.38    1    1
(relay)    19    29    16633.18    16    16618.35    1    1
(relay)    26    22    16651.58    16    16638.65    1    1
(relay)    19    28    16702.38    16    16698.92    1    1
(relay)    19    21    16723.78    16    16716.1    2    1
(advertise)    37    16723.98    21    16
(relay)    23    23    16726.79    16    16726.68    4    1
(advertise)    37    16746.79    23    16
(heartbeat)    3    4    16746.24    37    16763.01    3    7
(advertise)    37    16768.61    3    4
(relay)    26    5    16785.02    16    16780.41    3    1
(advertise)    37    16790.62    5    16
(relay)    23    43    16805.83    16    16756.64    1    1
(relay)    19    35    16859.63    16    16806.17    1    1
(relay)    23    32    16885.03    16    16884.28    3    1
(advertise)    37    16885.23    32    16
(relay)    23    25    16907.24    16    16822.64    2    1
(advertise)    37    16908.04    25    16
(relay)    23    0    16931.26    16    16912.46    1    1
(relay)    23    7    16952.86    16    16909.44    1    1
(relay)    26    8    16960.46    16    16958.87    2    1
(advertise)    37    16960.66    8    16
(relay)    19    24    16985.47    16    16984.74    2    1
(advertise)    37    16986.47    24    16
(relay)    23    39    17020.28    16    16997.36    2    1
(advertise)    37    17020.48    39    16
(relay)    26    4    17039.9    18    17020.86    2    1
(advertise)    37    17043.5    4    18
(relay)    26    41    17062.31    17    17058.37    4    1
(relay)    23    34    17065.31    17    17031.39    1    2
(advertise)    37    17066.31    41    17
(relay)    44    36    17084.52    17    17076.61    5    1
(relay)    26    48    17084.92    17    17034.53    2    2
(advertise)    37    17088.92    36    17
(relay)    19    19    17106.54    17    17105.94    4    2
(advertise)    37    17111.94    48    17
(advertise)    37    17134.55    19    17
(relay)    44    17    17189.76    17    17184.25    1    1
(relay)    23    1    17231.96    17    17154.07    1    1
(relay)    19    30    17307.36    17    17299.51    1    1
(relay)    19    15    17328.56    17    17307.85    3    1
(advertise)    37    17328.76    15    17
(relay)    26    42    17334.37    17    17323.44    1    1
(relay)    19    13    17404.77    17    17399.63    1    1
(generate)    37    17406.37    [3]    17
(relay)    26    9    17432.39    17    17422.44    1    1
(relay)    23    11    17470.19    17    17415.65    1    1
(relay)    19    46    17471.19    17    17442.54    2    1
(advertise)    37    17471.39    46    17
(relay)    19    45    17494.4    17    17478.25    1    1
(relay)    44    44    17495.6    17    17494.65    5    1
(advertise)    37    17495.8    44    17
(relay)    26    26    17524.01    17    17523.91    5    1
(advertise)    37    17524.21    26    17
(relay)    23    20    17605.03    17    17602.26    1    1
(relay)    19    16    17612.23    17    17594.46    1    1
(relay)    26    29    17627.23    17    17618.5    1    1
(relay)    26    22    17652.03    17    17638.68    2    1
(advertise)    37    17652.23    22    17
(relay)    23    28    17701.24    17    17699.05    1    1
(relay)    19    21    17723.24    17    17716.29    1    1
(relay)    23    23    17727.24    17    17726.77    4    1
(advertise)    37    17727.44    23    17
(relay)    44    5    17781.45    17    17780.46    1    1
(relay)    23    43    17803.25    17    17756.69    1    1
(relay)    23    35    17835.25    17    17806.25    1    1
(relay)    23    25    17859.05    17    17822.71    2    1
(advertise)    37    17859.25    25    17
(relay)    26    32    17900.87    17    17884.44    2    1
(advertise)    37    17901.07    32    17
(relay)    23    0    17924.88    17    17912.59    1    1
(relay)    19    47    17933.88    17    17928.6    1    1
(relay)    23    8    17966.88    17    17958.88    3    1
(advertise)    37    17967.08    8    17
(relay)    19    24    17985.89    17    17984.78    2    1
(advertise)    37    17988.29    24    17
(relay)    23    39    18012.5    17    17997.38    2    1
(advertise)    37    18012.7    39    17
(relay)    26    4    18025.32    19    18021.0    2    1
(advertise)    37    18034.72    4    19
(relay)    26    48    18047.33    18    18034.71    2    1
(advertise)    37    18056.93    48    18
(relay)    26    41    18068.74    18    18058.54    4    1
(advertise)    37    18078.34    41    18
(relay)    26    36    18090.96    18    18076.65    5    1
(advertise)    37    18099.76    36    18
(relay)    19    19    18106.77    18    18106.12    4    1
(advertise)    37    18122.37    19    18
(relay)    23    1    18169.58    18    18154.17    1    1
(relay)    26    14    18178.98    18    18176.99    1    1
(relay)    26    17    18203.58    18    18184.25    2    1
(advertise)    37    18203.78    17    18
(relay)    23    30    18305.8    18    18299.69    1    1
(relay)    26    15    18310.6    18    18307.94    2    1
(advertise)    37    18310.8    15    18
(relay)    19    42    18351.01    18    18323.58    1    1
(relay)    23    13    18404.41    18    18399.8    1    1
(generate)    37    18406.41    [3]    18
(relay)    26    9    18431.82    18    18422.61    1    1
(relay)    19    46    18453.62    18    18442.59    2    1
(advertise)    37    18453.82    46    18
(relay)    19    45    18486.83    18    18478.36    1    1
(relay)    44    44    18495.63    18    18494.67    5    1
(advertise)    37    18495.83    44    18
(relay)    26    26    18524.05    18    18523.97    5    1
(advertise)    37    18524.25    26    18
(relay)    23    29    18619.06    18    18618.62    2    1
(advertise)    37    18619.26    29    18
(relay)    23    22    18640.47    18    18638.76    3    1
(advertise)    37    18640.67    22    18
(relay)    19    28    18701.09    18    18699.17    1    1
(relay)    23    21    18719.09    18    18716.45    1    1
(relay)    23    23    18727.29    18    18726.8    4    1
(advertise)    37    18727.49    23    18
(relay)    23    43    18771.7    18    18756.69    1    1
(relay)    26    5    18781.1    18    18780.52    3    1
(advertise)    37    18781.3    5    18
(relay)    23    35    18837.51    18    18806.33    1    1
(relay)    23    25    18872.11    18    18822.78    2    1
(advertise)    37    18872.31    25    18
(relay)    23    32    18900.73    18    18884.61    3    1
(advertise)    37    18900.93    32    18
(relay)    23    0    18923.94    18    18912.72    1    1
(relay)    19    47    18934.14    18    18928.77    1    1
(relay)    26    8    18959.74    18    18959.07    2    1
(advertise)    37    18959.94    8    18
(relay)    23    7    18967.15    18    18909.55    1    1
(relay)    19    24    18986.35    18    18984.85    2    1
(advertise)    37    18986.55    24    18
(relay)    19    39    19008.16    18    18997.41    1    1
(relay)    26    4    19028.36    20    19021.15    2    1
(advertise)    37    19028.56    4    20
(relay)    26    48    19049.78    19    19034.9    3    1
(advertise)    37    19051.58    48    19
(relay)    26    41    19075.19    19    19058.67    3    1
(advertise)    37    19076.39    41    19
(relay)    26    36    19097.8    19    19076.66    5    1
(advertise)    37    19100.0    36    19
(relay)    23    34    19104.82    19    19031.6    1    1
(relay)    19    19    19107.22    19    19106.3    4    1
(advertise)    37    19122.42    19    19
(relay)    19    1    19155.23    19    19154.24    1    1
(relay)    26    17    19187.23    19    19184.27    2    1
(advertise)    37    19187.43    17    19
(relay)    23    14    19194.24    19    19177.08    1    1
(relay)    23    2    19280.24    19    19277.61    1    1
(relay)    23    30    19306.24    19    19299.87    1    1
(relay)    26    15    19309.64    19    19308.02    2    1
(advertise)    37    19309.84    15    19
(relay)    23    42    19349.26    19    19323.7    2    1
(advertise)    37    19349.46    42    19
(relay)    19    13    19403.47    19    19399.96    1    1
(generate)    37    19406.47    [3]    19
(relay)    19    9    19450.08    19    19422.79    1    1
(relay)    23    11    19450.48    19    19415.9    1    1
(relay)    19    46    19472.68    19    19442.64    1    1
(relay)    44    44    19494.88    19    19494.71    5    1
(advertise)    37    19495.08    44    19
(relay)    23    45    19516.69    19    19478.45    1    1
(relay)    26    26    19524.49    19    19524.02    5    1
(advertise)    37    19524.69    26    19
(relay)    23    20    19604.11    19    19602.47    1    1
(relay)    19    16    19612.51    19    19594.71    1    1
(relay)    26    29    19620.71    19    19618.68    1    1
(relay)    26    22    19643.91    19    19638.84    2    1
(advertise)    37    19644.11    22    19
(relay)    23    28    19702.32    19    19699.27    1    1
(relay)    26    21    19720.52    19    19716.6    1    1
(relay)    23    23    19727.52    19    19726.9    4    1
(advertise)    37    19727.72    23    19
(relay)    19    43    19769.53    19    19756.71    1    1
(relay)    23    5    19780.93    19    19780.58    3    1
(advertise)    37    19781.13    5    19
(relay)    19    35    19838.75    19    19806.4    1    1
(relay)    23    25    19860.15    19    19822.87    2    1
(advertise)    37    19860.35    25    19
(relay)    23    32    19900.16    19    19884.78    3    1
(advertise)    37    19900.36    32    19
(relay)    23    0    19922.97    19    19912.86    1    1
(relay)    23    7    19943.17    19    19909.72    1    1
(relay)    19    47    19952.17    19    19928.94    1    1
(relay)    26    8    19960.17    19    19959.08    2    1
(advertise)    37    19960.37    8    19
(relay)    19    24    19999.19    19    19984.93    2    1
(advertise)    37    19999.39    24    19
(relay)    19    39    20022.6    19    19997.42    1    1
(relay)    26    48    20035.6    20    20035.08    3    1
(advertise)    37    20035.8    48    20
(relay)    23    4    20058.21    21    20021.33    1    1
(relay)    26    41    20060.21    20    20058.79    4    1
(advertise)    37    20060.61    41    20
(relay)    26    36    20082.62    20    20076.68    5    1
(advertise)    37    20083.02    36    20
(relay)    19    19    20107.24    20    20106.3    4    1
(advertise)    37    20107.84    19    20
(relay)    23    34    20124.65    20    20031.74    1    1
(relay)    19    1    20171.85    20    20154.33    1    1
(relay)    26    17    20189.85    20    20184.28    2    1
(advertise)    37    20190.05    17    20
(relay)    23    14    20194.06    20    20177.15    1    1
(relay)    23    18    20238.06    20    20175.48    1    1
(relay)    23    2    20281.26    20    20277.74    1    1
(relay)    19    30    20306.26    20    20300.05    1    1
(relay)    26    15    20309.46    20    20308.74    2    1
(advertise)    37    20309.66    15    20
(relay)    23    42    20350.08    20    20323.84    2    1
(advertise)    37    20350.28    42    20
(generate)    37    20406.49    [3]    20
(relay)    19    11    20429.5    20    20416.05    1    1
(relay)    19    9    20451.7    20    20422.98    2    1
(advertise)    37    20451.9    9    20
(relay)    26    46    20473.72    20    20442.68    2    1
(advertise)    37    20475.72    46    20
(relay)    44    44    20494.93    20    20494.74    5    1
(relay)    26    45    20495.73    20    20478.55    1    2
(advertise)    37    20497.33    44    20
(relay)    26    26    20524.74    20    20524.12    5    1
(advertise)    37    20525.34    26    20
(relay)    23    20    20604.35    20    20602.61    1    1
(relay)    19    16    20609.95    20    20594.87    1    1
(relay)    19    29    20632.15    20    20618.83    1    1
(relay)    26    22    20651.35    20    20638.9    1    1
(relay)    26    21    20720.95    20    20716.63    1    1
(relay)    23    23    20727.95    20    20726.96    4    1
(advertise)    37    20728.15    23    20
(heartbeat)    3    5    20746.25    37    20751.77    3    7
(advertise)    37    20751.97    3    5
(relay)    19    43    20773.58    20    20756.76    1    1
(relay)    26    5    20787.58    20    20780.62    3    1
(advertise)    37    20787.78    5    20
(relay)    23    35    20843.39    20    20806.52    1    1
(relay)    19    25    20864.79    20    20822.97    2    1
(advertise)    37    20864.99    25    20
(relay)    23    32    20889.41    20    20884.95    3    1
(advertise)    37    20889.61    32    20
(relay)    23    10    20912.02    20    20876.7    1    1
(relay)    23    0    20934.42    20    20912.98    1    1
(relay)    19    47    20938.42    20    20929.12    1    1
(relay)    26    6    20958.22    20    20900.55    1    1
(relay)    26    8    20981.82    20    20959.11    2    1
(advertise)    37    20982.02    8    20
(relay)    19    24    21004.63    20    20984.95    2    1
(advertise)    37    21005.43    24    20
(relay)    19    39    21026.25    20    20997.46    1    1
(relay)    19    48    21048.25    21    21035.09    3    1
(advertise)    37    21048.45    48    21
(relay)    19    4    21071.66    22    21021.52    1    1
(relay)    26    41    21072.86    21    21058.96    4    1
(advertise)    37    21074.06    41    21
(relay)    19    19    21107.27    21    21106.32    4    1
(advertise)    37    21107.47    19    21
(relay)    23    36    21154.08    21    21076.72    2    1
(advertise)    37    21154.28    36    21
(relay)    23    1    21177.9    21    21154.44    1    1
(relay)    26    17    21191.3    21    21184.29    2    1
(advertise)    37    21191.5    17    21
(relay)    23    14    21223.31    21    21177.26    1    1
(relay)    19    2    21282.31    21    21277.91    1    1
(relay)    23    30    21304.71    21    21300.23    1    1
(relay)    23    15    21326.51    21    21308.85    3    1
(advertise)    37    21326.71    15    21
(relay)    23    42    21348.92    21    21323.99    2    1
(advertise)    37    21349.32    42    21
(relay)    23    13    21401.54    21    21400.31    1    1
(generate)    37    21406.54    [3]    21
(relay)    23    46    21449.95    21    21442.76    1    1
(relay)    26    45    21480.55    21    21478.67    1    1
(relay)    44    44    21494.95    21    21494.76    5    1
(advertise)    37    21495.15    44    21
(relay)    26    26    21524.76    21    21524.16    5    1
(advertise)    37    21524.96    26    21
(relay)    23    20    21605.58    21    21602.7    1    1
(relay)    19    16    21611.78    21    21595.06    1    1
(relay)    26    29    21627.78    21    21618.97    1    1
(relay)    26    22    21649.98    21    21638.99    2    1
(advertise)    37    21650.18    22    21
(relay)    23    23    21727.99    21    21727.04    4    1
(advertise)    37    21728.19    23    21
(relay)    23    43    21772.2    21    21756.79    1    1
(relay)    26    5    21782.2    21    21780.81    3    1
(advertise)    37    21782.4    5    21
(relay)    19    35    21842.81    21    21806.61    1    1
(relay)    19    25    21866.81    21    21823.05    2    1
(advertise)    37    21867.01    25    21
(relay)    23    32    21890.43    21    21885.11    3    1
(advertise)    37    21891.43    32    21
(relay)    23    6    21934.24    21    21900.61    1    1
(relay)    23    0    21957.44    21    21913.08    1    1
(relay)    23    8    21978.64    21    21959.27    3    1
(advertise)    37    21978.84    8    21
(relay)    19    24    21999.25    21    21985.0    2    1
(advertise)    37    22001.25    24    21
(relay)    19    39    22021.47    21    21997.47    1    1
(relay)    19    48    22044.07    22    22035.11    3    1
(advertise)    37    22044.27    48    22
(relay)    26    41    22065.88    22    22059.11    4    1
(advertise)    37    22066.28    41    22
(relay)    26    4    22088.89    23    22021.68    2    1
(advertise)    37    22089.69    4    23
(relay)    23    36    22093.11    22    22076.92    4    1
(relay)    19    19    22106.51    22    22106.48    4    2
(advertise)    37    22111.31    36    22
(relay)    23    34    22114.52    22    22031.94    1    2
(advertise)    37    22133.32    19    22
(relay)    23    1    22173.73    22    22154.55    1    1
(relay)    26    14    22180.93    22    22177.27    1    1
(relay)    23    17    22200.93    22    22184.46    2    1
(advertise)    37    22201.13    17    22
(relay)    19    2    22280.94    22    22277.92    1    1
(relay)    19    30    22305.14    22    22300.43    1    1
(relay)    26    15    22310.74    22    22308.94    2    1
(advertise)    37    22310.94    15    22
(relay)    26    42    22334.36    22    22324.12    1    1
(generate)    37    22406.56    [3]    22
(relay)    23    9    22429.97    22    22423.2    2    1
(advertise)    37    22430.17    9    22
(relay)    26    11    22453.98    22    22416.33    1    1
(relay)    23    46    22473.98    22    22442.81    2    1
(advertise)    37    22474.18    46    22
(relay)    44    44    22495.4    22    22494.78    5    1
(advertise)    37    22496.2    44    22
(relay)    23    45    22518.21    22    22478.8    1    1
(relay)    26    26    22525.21    22    22524.26    5    1
(advertise)    37    22525.41    26    22
(relay)    23    16    22611.82    22    22595.23    1    1
(relay)    26    29    22628.82    22    22619.09    1    1
(relay)    26    22    22650.22    22    22639.03    1    1
(relay)    19    28    22705.62    22    22699.63    1    1
(relay)    23    23    22728.02    22    22727.05    4    1
(advertise)    37    22728.22    23    22
(relay)    23    43    22772.04    22    22756.83    1    1
(relay)    19    5    22782.04    22    22780.87    3    1
(advertise)    37    22782.24    5    22
(relay)    23    35    22840.05    22    22806.74    1    1
(relay)    23    10    22879.05    22    22876.94    1    1
(relay)    26    32    22889.05    22    22885.11    2    1
(advertise)    37    22889.25    32    22
(relay)    23    47    22947.26    22    22929.45    1    1
(relay)    26    8    22962.06    22    22959.41    2    1
(advertise)    37    22962.26    8    22
(relay)    19    24    22991.07    22    22985.09    2    1
(advertise)    37    22991.27    24    22
(relay)    19    39    23015.29    22    22997.55    1    1
(relay)    23    4    23037.69    24    23021.87    2    1
(advertise)    37    23037.89    4    24
(relay)    23    48    23059.1    23    23035.29    2    1
(advertise)    37    23059.7    48    23
(relay)    44    41    23082.91    23    23059.26    3    1
(advertise)    37    23083.11    41    23
(relay)    44    36    23103.53    23    23076.94    5    1
(relay)    19    19    23106.53    23    23106.48    4    2
(advertise)    37    23107.53    36    23
(advertise)    37    23128.74    19    23
(relay)    23    1    23158.75    23    23154.67    1    1
(relay)    23    33    23180.75    23    23164.98    1    1
(relay)    19    14    23190.95    23    23177.34    1    1
(relay)    26    17    23191.55    23    23184.63    1    1
(relay)    23    18    23234.35    23    23175.82    1    1
(relay)    19    2    23280.95    23    23278.07    1    1
(relay)    19    30    23305.35    23    23300.6    1    1
(relay)    26    15    23310.95    23    23309.02    2    1
(advertise)    37    23311.15    15    23
(relay)    19    42    23347.77    23    23324.31    1    1
(generate)    37    23406.57    [3]    23
(relay)    23    9    23431.18    23    23423.39    2    1
(advertise)    37    23431.38    9    23
(relay)    23    46    23472.19    23    23442.86    2    1
(advertise)    37    23472.39    46    23
(relay)    23    45    23495.0    23    23478.87    2    1
(advertise)    37    23495.2    45    23
(relay)    19    44    23519.22    23    23494.8    4    1
(advertise)    37    23519.42    44    23
(relay)    26    26    23525.23    23    23524.32    5    1
(advertise)    37    23541.43    26    23
(relay)    23    20    23606.64    23    23602.92    1    1
(relay)    19    16    23612.44    23    23595.4    1    1
(relay)    19    29    23634.44    23    23619.22    1    1
(relay)    26    22    23649.44    23    23639.06    2    1
(advertise)    37    23649.64    22    23
(relay)    23    28    23705.66    23    23699.72    1    1
(relay)    23    23    23727.26    23    23727.09    4    1
(advertise)    37    23727.46    23    23
(relay)    23    43    23758.07    23    23757.02    1    1
(relay)    23    5    23782.27    23    23780.87    3    1
(advertise)    37    23782.47    5    23
(relay)    23    35    23838.08    23    23806.83    1    1
(relay)    23    25    23861.28    23    23823.3    1    1
(relay)    26    32    23901.28    23    23885.29    2    1
(advertise)    37    23901.48    32    23
(relay)    23    0    23924.7    23    23913.38    1    1
(relay)    23    7    23947.1    23    23910.22    1    1
(relay)    19    47    23952.1    23    23929.59    1    1
(relay)    26    8    23962.3    23    23959.42    2    1
(advertise)    37    23962.5    8    23
(relay)    26    6    23984.11    23    23901.56    1    1
(relay)    19    24    24019.31    23    23985.15    2    1
(advertise)    37    24019.51    24    23
(relay)    26    4    24042.72    25    24022.02    1    1
(relay)    44    48    24050.92    24    24035.29    1    1
(relay)    19    39    24057.92    23    23997.56    1    1
(relay)    44    41    24072.52    24    24059.45    3    1
(advertise)    37    24072.72    41    24
(relay)    44    36    24093.93    24    24076.96    5    1
(advertise)    37    24095.53    36    24
(relay)    19    19    24106.55    24    24106.49    4    1
(advertise)    37    24119.15    19    24
(relay)    23    34    24126.16    24    24032.15    1    1
(relay)    19    1    24169.56    24    24154.78    1    1
(relay)    26    17    24192.36    24    24184.63    2    1
(advertise)    37    24192.56    17    24
(relay)    26    14    24214.17    24    24177.44    1    1
(relay)    19    2    24281.77    24    24278.24    1    1
(relay)    23    30    24305.57    24    24300.77    1    1
(relay)    26    15    24312.17    24    24309.14    1    1
(relay)    26    42    24335.17    24    24324.41    1    1
(relay)    23    13    24403.97    24    24400.74    1    1
(generate)    37    24406.57    [3]    24
(relay)    26    9    24433.79    24    24423.41    1    1
(relay)    23    11    24471.99    24    24416.62    1    1
(relay)    26    46    24478.79    24    24442.88    1    1
(relay)    44    44    24495.59    24    24495.0    5    1
(advertise)    37    24495.79    44    24
(relay)    19    45    24519.0    24    24479.01    1    1
(relay)    26    26    24525.4    24    24524.41    5    1
(advertise)    37    24525.6    26    24
(relay)    23    20    24607.01    24    24603.02    1    1
(relay)    19    16    24613.41    24    24595.55    1    1
(relay)    23    29    24649.21    24    24619.37    2    1
(advertise)    37    24649.41    29    24
(relay)    23    22    24672.03    24    24639.16    3    1
(advertise)    37    24673.43    22    24
(relay)    19    28    24705.84    24    24699.82    1    1
(relay)    23    23    24727.24    24    24727.2    4    1
(advertise)    37    24727.44    23    24
(heartbeat)    3    6    24746.27    37    24749.85    3    7
(advertise)    37    24750.05    3    6
(relay)    23    43    24773.06    24    24757.05    1    1
(relay)    44    5    24784.46    24    24780.95    2    1
(advertise)    37    24784.66    5    24
(relay)    23    35    24839.28    24    24806.92    1    1
(relay)    23    25    24871.88    24    24823.38    2    1
(advertise)    37    24872.08    25    24
(relay)    26    32    24895.09    24    24885.48    2    1
(advertise)    37    24895.69    32    24
(relay)    23    6    24953.9    24    24902.9    2    1
(advertise)    37    24954.1    6    24
(relay)    23    8    24975.52    24    24959.45    3    1
(advertise)    37    24977.52    8    24
(relay)    23    24    24997.53    24    24985.2    2    1
(advertise)    37    24998.73    24    24
(relay)    23    47    25019.54    24    24929.76    1    1
(relay)    23    39    25041.54    24    24997.61    1    1
(relay)    26    41    25060.94    25    25059.57    4    1
(advertise)    37    25061.14    41    25
(relay)    23    4    25064.16    26    25022.02    1    1
(relay)    26    48    25083.36    25    25035.29    2    1
(advertise)    37    25084.56    48    25
(relay)    19    19    25107.37    25    25106.64    4    1
(advertise)    37    25107.77    19    25
(relay)    23    34    25131.18    25    25032.28    1    1
(relay)    23    36    25153.98    25    25077.16    4    1
(advertise)    37    25154.18    36    25
(relay)    26    17    25189.59    25    25184.82    2    1
(advertise)    37    25189.79    17    25
(relay)    23    1    25198.01    25    25154.86    1    1
(relay)    23    14    25242.61    25    25177.73    1    1
(relay)    23    2    25279.41    25    25278.38    1    1
(relay)    23    30    25305.21    25    25300.78    1    1
(relay)    19    15    25310.61    25    25309.28    3    1
(advertise)    37    25310.81    15    25
(relay)    19    42    25342.82    25    25324.55    1    1
(generate)    37    25406.62    [3]    25
(relay)    26    9    25432.03    25    25423.42    2    1
(advertise)    37    25432.23    9    25
(relay)    23    46    25472.45    25    25442.94    1    1
(relay)    44    44    25496.05    25    25495.05    5    1
(advertise)    37    25496.25    44    25
(relay)    19    45    25497.46    25    25479.16    1    1
(relay)    23    26    25525.66    25    25524.46    4    1
(advertise)    37    25525.86    26    25
(relay)    23    20    25606.87    25    25603.14    1    1
(relay)    26    29    25627.47    25    25619.53    1    1
(relay)    23    16    25628.67    25    25595.69    1    1
(relay)    26    22    25651.07    25    25639.28    1    1
(relay)    23    23    25727.27    25    25727.25    4    1
(advertise)    37    25727.47    23    25
(relay)    23    43    25773.69    25    25757.12    1    1
(relay)    26    5    25782.29    25    25781.04    3    1
(advertise)    37    25782.49    5    25
(relay)    23    35    25838.5    25    25807.05    1    1
(relay)    19    25    25861.9    25    25823.5    2    1
(advertise)    37    25862.1    25    25
(relay)    26    32    25886.71    25    25885.66    2    1
(advertise)    37    25886.91    32    25
(relay)    19    47    25932.92    25    25929.92    1    1
(relay)    23    8    25961.72    25    25959.62    3    1
(advertise)    37    25961.92    8    25
(relay)    19    24    25985.94    25    25985.31    2    1
(advertise)    37    25986.14    24    25
(relay)    23    39    26008.95    25    25997.62    2    1
(advertise)    37    26009.35    39    25
(relay)    19    4    26032.16    27    26022.19    2    1
(advertise)    37    26033.16    4    27
(relay)    19    48    26056.78    26    26035.88    3    1
(advertise)    37    26057.98    48    26
(relay)    19    41    26078.19    26    26059.7    3    1
(relay)    23    34    26078.99    26    26032.42    1    2
(advertise)    37    26079.19    41    26
(relay)    26    36    26102.0    26    26077.18    5    1
(advertise)    37    26103.2    36    26
(relay)    19    19    26107.22    26    26106.76    4    1
(advertise)    37    26124.42    19    26
(relay)    23    14    26178.63    26    26177.82    1    1
(relay)    26    17    26186.83    26    26184.82    2    1
(advertise)    37    26187.03    17    26
(relay)    19    2    26280.24    26    26278.51    1    1
(relay)    23    30    26304.84    26    26300.93    1    1
(relay)    26    15    26312.84    26    26309.32    2    1
(advertise)    37    26313.04    15    26
(relay)    23    42    26348.65    26    26324.68    2    1
(advertise)    37    26348.85    42    26
(generate)    37    26406.67    [3]    26
(relay)    44    9    26431.08    26    26423.61    1    1
(relay)    23    46    26473.88    26    26443.02    2    1
(advertise)    37    26474.08    46    26
(relay)    44    44    26496.09    26    26495.08    5    1
(relay)    26    45    26496.29    26    26480.28    1    2
(advertise)    37    26497.29    44    26
(relay)    26    26    26524.71    26    26524.53    5    1
(advertise)    37    26524.91    26    26
(relay)    23    20    26605.92    26    26603.27    1    1
(relay)    19    16    26611.52    26    26595.8    1    1
(relay)    26    29    26620.32    26    26619.58    1    1
(relay)    23    22    26640.12    26    26639.31    3    1
(advertise)    37    26640.32    22    26
(relay)    19    28    26703.53    26    26700.07    1    1
(relay)    23    23    26727.93    26    26727.42    4    1
(advertise)    37    26728.13    23    26
(relay)    23    43    26772.95    26    26757.31    1    1
(relay)    26    5    26782.35    26    26781.05    3    1
(advertise)    37    26782.55    5    26
(relay)    23    35    26840.76    26    26807.11    1    1
(relay)    23    25    26863.56    26    26823.55    2    1
(advertise)    37    26863.76    25    26
(relay)    23    10    26886.97    26    26877.07    1    1
(relay)    19    32    26902.17    26    26885.8    2    1
(advertise)    37    26902.37    32    26
(relay)    23    0    26932.58    26    26913.81    1    1
(relay)    19    47    26953.78    26    26930.08    1    1
(relay)    23    7    26955.58    26    26910.28    1    1
(relay)    26    8    26962.18    26    26959.79    2    1
(advertise)    37    26962.38    8    26
(relay)    26    6    26983.8    26    26903.15    1    1
(relay)    19    24    27018.8    26    26985.39    2    1
(advertise)    37    27019.0    24    26
(relay)    26    4    27042.01    28    27022.35    1    1
(relay)    44    48    27054.01    27    27036.07    1    1
(relay)    44    41    27075.21    27    27059.78    3    1
(advertise)    37    27075.41    41    27
(relay)    44    36    27098.02    27    27077.2    5    1
(advertise)    37    27099.02    36    27
(relay)    19    19    27107.44    27    27106.91    4    1
(advertise)    37    27122.24    19    27
(relay)    23    34    27136.85    27    27032.54    1    1
(relay)    26    17    27187.05    27    27185.01    2    1
(advertise)    37    27187.25    17    27
(relay)    23    33    27226.66    27    27165.46    1    1
(relay)    23    18    27248.06    27    27176.32    1    1
(relay)    23    2    27280.66    27    27278.67    1    1
(relay)    23    15    27311.06    27    27309.39    3    1
(advertise)    37    27311.26    15    27
(relay)    23    30    27332.48    27    27301.11    1    1
(relay)    19    42    27335.08    27    27324.83    1    1
(generate)    37    27406.68    [3]    27
(relay)    26    9    27430.49    27    27423.8    2    1
(advertise)    37    27430.69    9    27
(relay)    23    46    27474.5    27    27443.09    2    1
(advertise)    37    27474.7    46    27
(relay)    44    44    27496.11    27    27495.11    5    1
(advertise)    37    27496.71    44    27
(relay)    23    45    27518.13    27    27480.39    1    1
(relay)    26    26    27524.73    27    27524.61    5    1
(advertise)    37    27525.13    26    27
(relay)    23    20    27606.34    27    27603.37    1    1
(relay)    19    16    27612.14    27    27595.97    1    1
(relay)    19    29    27634.94    27    27619.7    1    1
(relay)    26    22    27645.74    27    27639.36    1    1
(relay)    23    21    27718.74    27    27717.4    1    1
(relay)    23    23    27728.14    27    27727.5    4    1
(advertise)    37    27728.34    23    27
(relay)    26    5    27781.35    27    27781.05    3    1
(advertise)    37    27781.55    5    27
(relay)    23    35    27838.17    27    27807.2    1    1
(relay)    19    25    27860.97    27    27823.64    2    1
(advertise)    37    27861.17    25    27
(relay)    23    32    27886.58    27    27885.99    3    1
(advertise)    37    27886.78    32    27
(relay)    23    0    27916.79    27    27913.94    1    1
(relay)    23    7    27938.39    27    27910.36    1    1
(relay)    19    47    27951.19    27    27930.24    1    1
(relay)    26    8    27960.59    27    27959.96    2    1
(advertise)    37    27960.79    8    27
(relay)    23    24    27986.61    27    27985.5    2    1
(advertise)    37    27986.81    24    27
(relay)    23    39    28012.62    27    27997.75    1    1
(relay)    26    4    28035.42    29    28022.54    1    1
(relay)    44    48    28057.22    28    28036.26    1    1
(relay)    44    36    28080.02    28    28077.21    5    1
(advertise)    37    28080.22    36    28
(relay)    26    41    28081.43    28    28059.87    4    1
(advertise)    37    28103.43    41    28
(relay)    19    19    28108.04    28    28107.04    4    1
(advertise)    37    28127.24    19    28
(relay)    23    1    28175.26    28    28155.12    1    1
(relay)    26    14    28179.86    28    28177.97    1    1
(relay)    44    17    28203.66    28    28185.2    1    1
(relay)    23    2    28281.06    28    28278.81    1    1
(relay)    19    15    28311.66    28    28309.47    3    1
(advertise)    37    28311.86    15    28
(relay)    23    42    28332.27    28    28325.96    2    1
(advertise)    37    28334.87    42    28
(relay)    23    30    28369.48    28    28301.28    1    1
(generate)    37    28406.68    [3]    28
(relay)    23    11    28429.5    28    28417.16    1    1
(relay)    23    9    28452.3    28    28423.82    2    1
(advertise)    37    28452.5    9    28
(relay)    23    46    28475.51    28    28443.17    2    1
(advertise)    37    28477.11    46    28
(relay)    26    44    28496.72    28    28495.14    4    1
(relay)    23    45    28498.92    28    28480.52    1    2
(advertise)    37    28499.92    44    28
(relay)    26    26    28524.74    28    28524.69    5    1
(advertise)    37    28525.54    26    28
(relay)    19    16    28598.95    28    28596.11    1    1
(relay)    23    29    28621.35    28    28619.81    2    1
(advertise)    37    28621.55    29    28
(relay)    23    22    28643.16    28    28639.42    3    1
(advertise)    37    28643.96    22    28
(relay)    23    28    28703.17    28    28700.3    1    1
(relay)    23    23    28728.17    28    28727.54    4    1
(advertise)    37    28728.37    23    28
(heartbeat)    3    7    28746.28    37    28767.39    3    7
(advertise)    37    28767.59    3    7
(relay)    19    5    28789.4    28    28781.1    3    1
(advertise)    37    28790.0    5    28
(relay)    23    43    28812.81    28    28757.5    1    1
(relay)    19    35    28860.01    28    28807.29    1    1
(relay)    23    10    28882.21    28    28877.21    1    1
(relay)    19    25    28883.21    28    28823.72    1    1
(relay)    26    32    28888.61    28    28886.14    2    1
(advertise)    37    28888.81    32    28
(relay)    26    0    28936.83    28    28914.07    1    1
(relay)    23    6    28947.23    28    28903.36    1    1
(relay)    26    8    28960.63    28    28959.99    2    1
(advertise)    37    28960.83    8    28
(relay)    19    47    28983.64    28    28930.42    1    1
(relay)    23    7    28990.64    28    28910.41    1    1
(relay)    19    24    29006.24    28    28985.61    2    1
(advertise)    37    29006.44    24    28
(relay)    44    4    29030.25    30    29022.72    1    1
(relay)    19    39    29057.65    28    28997.8    1    1
(relay)    26    41    29060.85    29    29060.01    4    1
(advertise)    37    29061.05    41    29
(relay)    26    48    29083.47    29    29037.08    2    1
(relay)    44    36    29084.67    29    29077.25    5    2
(advertise)    37    29086.07    48    29
(relay)    19    19    29108.28    29    29107.2    4    2
(advertise)    37    29108.48    36    29
(advertise)    37    29129.69    19    29
(relay)    23    34    29191.1    29    29032.87    1    1
(relay)    26    17    29191.5    29    29185.21    2    1
(advertise)    37    29191.7    17    29
(relay)    19    1    29220.92    29    29155.18    1    1
(relay)    19    14    29242.92    29    29178.05    1    1
(relay)    23    18    29279.32    29    29176.5    1    1
(relay)    19    2    29300.12    29    29278.93    1    1
(relay)    26    15    29310.32    29    29309.6    2    1
(advertise)    37    29310.52    15    29
(relay)    23    42    29332.33    29    29326.14    1    1
(generate)    37    29406.73    [3]    29
(relay)    23    11    29431.14    29    29417.29    1    1
(relay)    26    9    29433.74    29    29423.82    1    1
(relay)    23    46    29474.74    29    29443.22    2    1
(advertise)    37    29474.94    46    29
(relay)    44    44    29495.36    29    29495.17    5    1
(relay)    26    45    29496.76    29    29480.62    1    2
(advertise)    37    29498.56    44    29
(relay)    26    26    29525.37    29    29524.77    5    1
(advertise)    37    29525.57    26    29
(relay)    23    29    29620.98    29    29619.97    2    1
(advertise)    37    29621.18    29    29
(relay)    23    22    29643.6    29    29639.52    3    1
(advertise)    37    29644.0    22    29
(relay)    23    28    29703.41    29    29700.42    1    1
(relay)    23    23    29728.61    29    29727.59    4    1
(advertise)    37    29728.81    23    29
(relay)    19    43    29770.82    29    29757.54    1    1
(relay)    26    5    29782.22    29    29781.17    3    1
(advertise)    37    29782.42    5    29
(relay)    19    25    29862.03    29    29823.79    1    1
(relay)    23    32    29888.03    29    29886.3    3    1
(advertise)    37    29888.23    32    29
(relay)    23    6    29914.05    29    29903.49    1    1
(relay)    19    47    29935.05    29    29930.58    1    1
(relay)    23    7    29936.05    29    29910.45    1    1
(relay)    19    0    29968.45    29    29914.22    1    1
(relay)    26    8    29982.85    29    29959.99    2    1
(advertise)    37    29983.05    8    29
