(relay)    12    4    32.0    1    19    123    1
(advertise)    38    32.4    4    1
(relay)    30    4    1021.01    2    1019.01    121    1
(advertise)    38    1021.21    4    2
(relay)    40    48    1042.83    1    1033.03    123    1
(advertise)    38    1043.63    48    1
(relay)    12    34    1044.84    1    1029.03    126    1
(advertise)    38    1064.64    34    1
(relay)    40    41    1088.05    1    1055.04    122    1
(advertise)    38    1088.25    41    1
(relay)    12    36    1110.67    1    1075.05    122    1
(advertise)    38    1110.87    36    1
(relay)    12    19    1133.88    1    1103.07    123    1
(advertise)    38    1134.28    19    1
(relay)    12    1    1156.29    1    1152.09    125    1
(advertise)    38    1158.09    1    1
(relay)    40    14    1179.7    1    1175.1    124    1
(advertise)    38    1179.9    14    1
(relay)    40    33    1201.12    1    1162.1    122    1
(advertise)    38    1202.92    33    1
(relay)    31    31    1217.73    1    1217.13    127    1
(advertise)    38    1223.93    31    1
(relay)    40    17    1225.54    1    1183.12    123    1
(advertise)    38    1244.94    17    1
(relay)    40    18    1267.76    1    1173.1    122    1
(advertise)    38    1267.96    18    1
(relay)    40    2    1289.77    1    1275.17    126    1
(advertise)    38    1290.57    2    1
(relay)    30    30    1297.78    1    1297.18    127    1
(advertise)    38    1313.58    30    1
(relay)    40    15    1334.0    1    1305.17    124    1
(advertise)    38    1336.2    15    1
(relay)    40    42    1355.81    1    1320.2    125    1
(advertise)    38    1361.01    42    1
(relay)    40    13    1399.22    1    1397.02    125    1
(advertise)    38    1399.42    13    1
(relay)    27    37    1426.23    1    1405.03    122    1
(advertise)    38    1426.83    37    1
(relay)    40    9    1448.05    1    1420.03    123    1
(advertise)    38    1448.65    9    1
(relay)    40    11    1469.86    1    1413.03    121    1
(advertise)    38    1470.86    11    1
(relay)    30    46    1494.47    1    1441.05    122    1
(advertise)    38    1494.67    46    1
(relay)    12    45    1516.49    1    1476.07    124    1
(advertise)    38    1517.49    45    1
(relay)    12    44    1538.1    1    1493.09    122    1
(advertise)    38    1540.5    44    1
(relay)    12    26    1559.11    1    1522.1    122    1
(advertise)    38    1562.51    26    1
(generate)    38    1584.13    [3]    1
(relay)    27    16    1608.74    1    1592.14    126    1
(advertise)    38    1608.94    16    1
(relay)    12    29    1631.35    1    1616.15    125    1
(advertise)    38    1631.95    29    1
(relay)    12    22    1654.76    1    1637.16    124    1
(advertise)    38    1655.96    22    1
(relay)    40    28    1701.38    1    1697.16    124    1
(advertise)    38    1701.58    28    1
(relay)    40    40    1721.39    1    1721.19    127    1
(advertise)    38    1723.79    40    1
(relay)    12    21    1747.6    1    1714.19    124    1
(advertise)    38    1748.8    21    1
(relay)    40    43    1770.62    1    1755.03    126    1
(advertise)    38    1772.02    43    1
(relay)    12    23    1792.43    1    1725.0    122    1
(advertise)    38    1795.23    23    1
(relay)    12    12    1800.04    1    1799.04    127    1
(advertise)    38    1817.64    12    1
(relay)    12    35    1833.86    1    1803.04    125    1
(advertise)    38    1840.86    35    1
(relay)    12    5    1858.27    1    1779.04    123    1
(relay)    40    25    1860.07    1    1821.06    125    2
(advertise)    38    1862.67    5    1
(advertise)    38    1883.68    25    1
(relay)    12    10    1902.69    1    1875.08    125    1
(advertise)    38    1904.69    10    1
(relay)    12    32    1925.71    1    1882.08    124    1
(advertise)    38    1928.11    32    1
(relay)    27    27    1935.72    1    1935.12    127    1
(advertise)    38    1949.12    27    1
(relay)    12    7    1969.93    1    1908.11    125    1
(advertise)    38    1971.13    7    1
(relay)    12    0    1993.95    1    1910.11    122    1
(advertise)    38    1994.75    0    1
(relay)    12    24    2015.36    1    1983.16    125    1
(advertise)    38    2017.36    24    1
(relay)    12    34    2036.97    2    2029.17    126    1
(relay)    30    6    2038.77    1    1896.09    120    2
(advertise)    38    2039.17    34    2
(relay)    12    39    2059.39    1    1996.16    124    2
(advertise)    38    2061.79    6    1
(advertise)    38    2084.4    39    1
(relay)    40    8    2088.41    1    1957.13    123    1
(advertise)    38    2107.21    8    1
(relay)    12    4    2126.42    3    2019.17    124    1
(advertise)    38    2130.62    4    3
(relay)    40    48    2135.24    2    2033.17    123    1
(advertise)    38    2151.64    48    2
(relay)    12    41    2169.65    2    2055.2    122    1
(advertise)    38    2172.85    41    2
(relay)    40    1    2177.66    2    2152.25    126    1
(relay)    12    19    2191.06    2    2103.22    124    2
(advertise)    38    2193.86    1    2
(advertise)    38    2216.08    19    2
(relay)    31    31    2217.89    2    2217.28    127    1
(relay)    12    14    2235.09    2    2175.26    125    2
(advertise)    38    2238.89    31    2
(relay)    12    33    2256.7    2    2162.25    124    2
(advertise)    38    2261.1    14    2
(relay)    40    36    2267.72    2    2075.21    121    2
(advertise)    38    2282.12    33    2
(relay)    30    30    2297.93    2    2297.33    127    2
(advertise)    38    2304.13    36    2
(relay)    12    18    2324.74    2    2173.26    124    2
(relay)    27    2    2325.14    2    2275.32    126    3
(advertise)    38    2325.94    30    2
(advertise)    38    2348.35    18    2
(relay)    12    17    2367.77    2    2183.28    124    2
(advertise)    38    2370.97    2    2
(advertise)    38    2392.38    17    2
(relay)    30    42    2401.59    2    2320.35    123    1
(advertise)    38    2413.39    42    2
(relay)    30    15    2434.21    2    2305.33    123    1
(advertise)    38    2434.81    15    2
(relay)    30    13    2454.42    2    2397.18    122    1
(advertise)    38    2457.42    13    2
(relay)    12    11    2458.63    2    2413.19    124    1
(advertise)    38    2479.03    11    2
(relay)    30    37    2499.24    2    2405.21    122    1
(advertise)    38    2502.24    37    2
(relay)    12    46    2505.66    2    2441.22    125    1
(advertise)    38    2524.66    46    2
(relay)    30    9    2543.87    2    2420.99    120    1
(advertise)    38    2546.67    9    2
(relay)    30    44    2565.88    2    2493.26    122    1
(advertise)    38    2568.68    44    2
(generate)    38    2584.3    [3]    2
(relay)    27    45    2614.71    2    2476.23    120    1
(advertise)    38    2614.91    45    2
(relay)    27    16    2636.12    2    2592.3    126    1
(advertise)    38    2637.32    16    2
(relay)    27    26    2658.34    2    2522.27    122    1
(advertise)    38    2661.94    26    2
(relay)    27    29    2681.55    2    2616.32    123    1
(advertise)    38    2683.75    29    2
(relay)    27    22    2704.56    2    2637.32    123    1
(advertise)    38    2705.96    22    2
(relay)    40    40    2721.57    2    2721.37    127    1
(relay)    27    20    2726.17    2    2600.31    121    2
(advertise)    38    2727.97    40    2
(advertise)    38    2749.59    20    2
(relay)    40    28    2757.4    2    2697.32    124    1
(advertise)    38    2771.4    28    2
(relay)    12    23    2773.01    2    2725.19    124    1
(relay)    40    43    2780.21    2    2755.21    126    2
(advertise)    38    2793.21    23    2
(advertise)    38    2815.23    43    2
(relay)    40    12    2822.64    2    2799.23    126    1
(advertise)    38    2836.84    12    2
(relay)    12    21    2841.65    2    2714.37    123    1
(advertise)    38    2858.45    21    2
(relay)    12    5    2864.07    2    2779.23    122    1
(relay)    40    35    2869.07    2    2803.23    126    2
(advertise)    38    2880.87    5    2
(advertise)    38    2902.88    35    2
(relay)    12    25    2906.29    2    2821.24    125    1
(advertise)    38    2924.69    25    2
(relay)    12    10    2931.3    2    2875.27    123    1
(relay)    27    27    2935.9    2    2935.3    127    2
(advertise)    38    2945.7    10    2
(relay)    40    47    2955.32    2    2925.49    125    2
(advertise)    38    2967.32    27    2
(relay)    12    32    2977.33    2    2882.28    124    2
(advertise)    38    2988.53    47    2
(relay)    12    7    2998.94    2    2908.29    125    2
(advertise)    38    3010.54    32    2
(advertise)    38    3031.56    7    2
(relay)    12    6    3045.17    2    2896.29    124    1
(relay)    40    24    3045.57    2    2983.36    125    2
(advertise)    38    3052.57    6    2
(advertise)    38    3074.38    24    2
(relay)    27    8    3092.4    2    2957.33    122    1
(advertise)    38    3097.2    8    2
(relay)    31    0    3099.21    2    2910.29    122    1
(relay)    40    34    3114.81    3    3029.37    124    2
(advertise)    38    3118.41    0    2
(advertise)    38    3141.62    34    3
(relay)    12    39    3157.43    2    2996.34    124    1
(advertise)    38    3162.83    39    2
(relay)    12    4    3177.85    4    3019.36    123    1
(relay)    40    1    3180.65    3    3152.45    126    2
(advertise)    38    3184.05    4    4
(relay)    12    48    3199.86    3    3033.37    124    2
(relay)    40    19    3202.46    3    3103.42    124    3
(advertise)    38    3207.86    1    3
(relay)    31    31    3218.07    3    3217.47    127    3
(advertise)    38    3229.07    48    3
(advertise)    38    3251.09    19    3
(relay)    12    14    3265.9    3    3175.45    125    2
(advertise)    38    3273.1    31    3
(relay)    12    33    3287.31    3    3162.45    124    2
(relay)    40    36    3291.71    3    3075.61    122    3
(advertise)    38    3296.31    14    3
(relay)    30    30    3298.13    3    3297.51    127    3
(relay)    30    2    3300.53    3    3275.5    126    4
(advertise)    38    3317.53    33    3
(relay)    12    41    3332.14    3    3055.4    123    4
(advertise)    38    3338.94    36    3
(advertise)    38    3359.95    30    3
(advertise)    38    3380.96    2    3
(advertise)    38    3402.18    41    3
(relay)    30    17    3412.99    3    3183.47    122    1
(advertise)    38    3423.99    17    3
(relay)    30    42    3433.0    3    3320.55    124    1
(advertise)    38    3446.8    42    3
(relay)    30    13    3455.02    3    3397.38    124    1
(advertise)    38    3468.22    13    3
(relay)    30    15    3477.83    3    3305.53    123    1
(advertise)    38    3489.23    15    3
(relay)    30    18    3499.84    3    3173.45    121    1
(relay)    12    46    3510.64    3    3441.4    125    2
(advertise)    38    3510.84    18    3
(advertise)    38    3533.06    46    3
(relay)    30    9    3552.67    3    3421.19    121    1
(advertise)    38    3554.27    9    3
(relay)    12    11    3575.68    3    3413.39    124    1
(advertise)    38    3577.08    11    3
(generate)    38    3584.49    [3]    3
(relay)    12    45    3599.11    3    3476.43    124    1
(advertise)    38    3599.51    45    3
(relay)    27    16    3628.12    3    3592.49    126    1
(advertise)    38    3628.32    16    3
(relay)    40    37    3643.33    3    3405.4    122    1
(advertise)    38    3649.33    37    3
(relay)    40    26    3689.35    3    3522.47    122    1
(advertise)    38    3689.55    26    3
(relay)    12    29    3711.16    3    3616.52    125    1
(advertise)    38    3712.56    29    3
(relay)    40    40    3721.77    3    3721.57    127    1
(relay)    40    22    3732.97    3    3637.52    124    2
(relay)    12    20    3733.57    3    3600.51    124    3
(advertise)    38    3734.17    40    3
(relay)    40    28    3755.19    3    3697.49    124    3
(advertise)    38    3755.99    22    3
(advertise)    38    3779.2    20    3
(relay)    40    43    3798.01    3    3755.41    126    2
(relay)    12    21    3798.61    3    3714.57    125    3
(advertise)    38    3802.21    28    3
(advertise)    38    3824.22    43    3
(relay)    40    12    3842.04    3    3799.62    126    2
(advertise)    38    3845.64    21    3
(relay)    40    35    3864.65    3    3803.42    126    2
(relay)    12    23    3866.05    3    3725.39    124    3
(advertise)    38    3867.05    12    3
(advertise)    38    3888.66    35    3
(relay)    40    5    3907.28    3    3779.42    122    2
(advertise)    38    3911.28    23    3
(advertise)    38    3932.49    5    3
(relay)    12    10    3934.7    3    3875.46    124    1
(relay)    27    27    3936.1    3    3935.49    127    2
(advertise)    38    3954.9    10    3
(relay)    12    25    3957.92    3    3821.44    123    2
(advertise)    38    3979.52    27    3
(relay)    40    47    3999.13    3    3925.69    125    2
(relay)    12    6    4000.33    3    3896.49    124    3
(advertise)    38    4001.73    25    3
(relay)    40    32    4023.14    3    3882.48    123    3
(advertise)    38    4023.54    47    3
(advertise)    38    4044.75    6    3
(relay)    27    7    4065.77    3    3908.49    122    2
(advertise)    38    4067.57    32    3
(relay)    31    0    4086.98    3    3910.49    123    2
(advertise)    38    4088.58    7    3
(relay)    40    24    4091.99    3    3983.55    125    2
(relay)    12    34    4108.59    4    4029.57    126    3
(advertise)    38    4109.79    0    3
(relay)    40    8    4113.01    3    3957.73    123    3
(advertise)    38    4132.01    24    3
(advertise)    38    4153.22    34    4
(relay)    12    39    4173.83    3    3996.54    125    2
(advertise)    38    4175.43    8    3
(relay)    40    1    4177.45    4    4152.65    126    2
(relay)    12    4    4195.65    5    4019.37    124    3
(advertise)    38    4196.45    39    3
(advertise)    38    4217.86    1    4
(advertise)    38    4240.47    4    5
(relay)    27    48    4243.68    4    4033.57    122    1
(relay)    12    14    4261.48    4    4175.65    125    2
(relay)    40    41    4262.08    4    4055.59    123    3
(advertise)    38    4263.68    48    4
(advertise)    38    4286.3    14    4
(relay)    30    30    4298.31    4    4297.71    127    2
(relay)    40    2    4306.31    4    4275.7    126    3
(advertise)    38    4309.71    41    4
(relay)    12    33    4328.32    4    4162.65    124    3
(relay)    40    19    4328.72    4    4103.62    123    4
(advertise)    38    4331.72    30    4
(relay)    40    36    4349.94    4    4075.81    122    4
(advertise)    38    4353.94    2    4
(advertise)    38    4374.95    33    4
(relay)    12    17    4392.56    4    4183.67    124    3
(advertise)    38    4396.76    19    4
(advertise)    38    4418.78    36    4
(relay)    12    18    4438.39    4    4173.65    123    2
(advertise)    38    4440.99    17    4
(relay)    12    42    4461.8    4    4320.75    125    2
(advertise)    38    4463.0    18    4
(relay)    30    13    4464.81    4    4397.56    124    2
(relay)    12    15    4484.21    4    4305.72    123    3
(advertise)    38    4486.01    42    4
(advertise)    38    4507.83    13    4
(relay)    12    9    4527.44    4    4421.38    123    2
(advertise)    38    4529.84    15    4
(relay)    12    46    4551.05    4    4441.41    125    2
(advertise)    38    4552.05    9    4
(advertise)    38    4573.07    46    4
(relay)    12    37    4575.48    4    4405.59    122    1
(generate)    38    4584.68    [3]    4
(advertise)    38    4596.09    37    4
(relay)    12    16    4620.31    4    4592.69    126    1
(advertise)    38    4620.91    16    4
(relay)    12    45    4641.72    4    4476.63    122    1
(advertise)    38    4641.92    45    4
(relay)    40    11    4643.53    4    4413.59    122    1
(advertise)    38    4663.33    11    4
(relay)    12    26    4686.74    4    4522.67    122    1
(advertise)    38    4686.94    26    4
(relay)    12    44    4708.16    4    4493.65    123    1
(advertise)    38    4708.96    44    4
(relay)    40    40    4721.97    4    4721.77    127    1
(advertise)    38    4731.57    40    4
(relay)    40    28    4736.58    4    4697.69    124    1
(advertise)    38    4752.78    28    4
(heartbeat)    3    1    4746.2    38    4759.4    127    0
(advertise)    38    4775.2    3    1
(relay)    40    22    4780.61    4    4637.71    124    1
(relay)    31    20    4794.01    4    4600.71    123    2
(advertise)    38    4797.21    22    4
(advertise)    38    4818.62    20    4
(relay)    40    43    4824.44    4    4755.61    2    1
(advertise)    38    4841.04    43    4
(relay)    27    29    4842.25    4    4616.72    122    1
(advertise)    38    4863.45    29    4
(relay)    12    21    4868.06    4    4714.77    123    1
(relay)    30    35    4868.86    4    4803.62    2    2
(relay)    40    12    4869.06    4    4800.42    2    3
(advertise)    38    4884.86    21    4
(advertise)    38    4907.07    35    4
(relay)    12    23    4912.49    4    4725.78    124    2
(advertise)    38    4928.89    12    4
(relay)    27    27    4936.5    4    4935.5    4    2
(advertise)    38    4951.3    23    4
(relay)    31    32    4969.51    4    4882.67    1    2
(advertise)    38    4972.31    27    4
(relay)    30    25    4976.53    4    4821.62    123    1
(advertise)    38    4993.33    25    4
(relay)    40    47    5006.14    4    4925.87    3    1
(advertise)    38    5017.54    47    4
(relay)    40    24    5027.75    4    4983.75    1    1
(relay)    12    34    5067.55    5    5029.77    2    1
(advertise)    38    5067.75    34    5
(relay)    12    0    5089.77    4    4910.5    2    1
(advertise)    38    5091.57    0    4
(relay)    12    39    5111.78    4    4996.55    2    1
(advertise)    38    5114.18    39    4
(relay)    12    4    5153.59    6    5019.57    2    1
(advertise)    38    5153.79    4    6
(relay)    12    48    5175.0    5    5033.77    2    1
(advertise)    38    5176.4    48    5
(relay)    31    31    5218.82    5    5217.82    5    1
(advertise)    38    5219.02    31    5
(relay)    12    1    5241.63    5    5152.78    2    1
(relay)    40    19    5243.63    5    5104.39    1    2
(advertise)    38    5244.43    1    5
(relay)    12    14    5265.04    5    5175.84    1    1
(relay)    40    36    5266.24    5    5075.95    1    1
(relay)    27    2    5276.84    5    5275.87    3    1
(advertise)    38    5277.04    2    5
(relay)    30    30    5298.86    5    5297.77    5    1
(advertise)    38    5300.86    30    5
(relay)    12    33    5353.07    5    5162.84    3    1
(advertise)    38    5353.27    33    5
(relay)    40    42    5374.68    5    5320.95    1    1
(relay)    40    15    5399.28    5    5305.91    1    1
(relay)    12    17    5399.88    5    5183.87    1    1
(relay)    40    37    5420.68    5    5405.64    1    1
(relay)    12    18    5421.48    5    5173.66    2    1
(advertise)    38    5421.68    18    5
(relay)    40    13    5443.5    5    5397.58    2    1
(advertise)    38    5444.7    13    5
(relay)    40    44    5530.91    5    5493.71    1    1
(relay)    12    11    5532.11    5    5413.73    2    1
(advertise)    38    5532.31    11    5
(relay)    12    45    5575.72    5    5476.76    1    1
(generate)    38    5584.72    [3]    5
(relay)    27    16    5608.13    5    5592.81    3    1
(advertise)    38    5608.33    16    5
(relay)    40    28    5698.75    5    5697.71    3    1
(advertise)    38    5698.95    28    5
(relay)    40    40    5722.36    5    5721.83    3    1
(advertise)    38    5722.56    40    5
(relay)    40    23    5746.77    5    5725.92    1    1
(relay)    40    43    5768.17    5    5755.79    2    1
(advertise)    38    5768.37    43    5
(relay)    40    21    5788.79    5    5714.9    3    1
(advertise)    38    5791.39    21    5
(relay)    12    12    5800.6    5    5800.56    3    1
(advertise)    38    5814.0    12    5
(relay)    40    35    5833.61    5    5803.64    3    1
(advertise)    38    5835.21    35    5
(relay)    31    25    5859.83    5    5821.64    2    1
(advertise)    38    5860.03    25    5
(relay)    12    10    5881.84    5    5875.79    1    1
(relay)    12    6    5905.04    5    5897.03    1    1
(relay)    40    47    5928.84    5    5926.27    3    1
(advertise)    38    5929.04    47    5
(relay)    27    27    5936.65    5    5935.63    4    1
(advertise)    38    5951.85    27    5
(relay)    12    0    5971.46    5    5910.69    2    1
(advertise)    38    5974.86    0    5
(relay)    40    24    5994.28    5    5983.87    1    1
(relay)    12    39    6015.88    5    5996.67    2    1
(advertise)    38    6016.08    39    5
(relay)    12    4    6038.89    7    6019.58    2    1
(advertise)    38    6039.09    4    7
(relay)    12    34    6060.9    6    6029.95    2    1
(advertise)    38    6062.7    34    6
(relay)    40    1    6153.32    6    6152.93    3    1
(advertise)    38    6153.52    1    6
(relay)    12    33    6176.33    6    6162.98    3    1
(advertise)    38    6176.93    33    6
(relay)    12    14    6197.34    6    6176.0    1    1
(relay)    31    31    6218.94    6    6217.89    5    1
(advertise)    38    6219.14    31    6
(relay)    40    18    6220.56    6    6173.79    1    1
(relay)    12    17    6262.96    6    6183.9    1    1
(relay)    31    2    6277.96    6    6275.89    2    1
(advertise)    38    6278.16    2    6
(relay)    30    30    6298.97    6    6297.96    5    1
(advertise)    38    6300.57    30    6
(relay)    40    42    6324.38    6    6321.11    1    1
(relay)    40    15    6346.18    6    6306.67    1    1
(relay)    40    13    6401.38    6    6397.76    3    1
(advertise)    38    6401.58    13    6
(relay)    12    11    6424.99    6    6413.9    2    1
(advertise)    38    6425.39    11    6
(relay)    12    46    6447.41    6    6441.67    2    1
(advertise)    38    6447.61    46    6
(relay)    12    45    6483.02    6    6476.9    2    1
(advertise)    38    6483.22    45    6
(relay)    40    44    6525.23    6    6493.74    1    1
(relay)    40    26    6549.23    6    6522.81    1    1
(generate)    38    6584.83    [3]    6
(relay)    40    16    6607.25    6    6592.83    3    1
(advertise)    38    6607.45    16    6
(relay)    12    29    6654.06    6    6617.06    1    1
(relay)    12    22    6677.26    6    6637.97    1    1
(relay)    40    28    6698.66    6    6697.79    3    1
(advertise)    38    6698.86    28    6
(relay)    40    40    6722.47    6    6721.83    3    1
(advertise)    38    6723.27    40    6
(relay)    12    43    6757.69    6    6755.82    2    1
(advertise)    38    6757.89    43    6
(relay)    40    5    6800.7    6    6779.8    1    1
(relay)    12    12    6802.3    6    6801.82    3    1
(advertise)    38    6802.5    12    6
(relay)    12    35    6826.31    6    6803.72    2    1
(advertise)    38    6826.91    35    6
(relay)    40    25    6873.52    6    6821.69    2    1
(advertise)    38    6873.72    25    6
(relay)    12    10    6896.74    6    6875.8    1    1
(relay)    12    7    6923.34    6    6908.82    1    1
(relay)    40    47    6929.34    6    6926.44    3    1
(advertise)    38    6929.54    47    6
(relay)    27    27    6936.75    6    6935.7    4    1
(advertise)    38    6952.55    27    6
(relay)    40    24    6986.76    6    6983.97    1    1
(relay)    12    39    7012.96    6    6996.85    2    1
(advertise)    38    7013.16    39    6
(relay)    12    34    7036.18    7    7030.04    2    1
(advertise)    38    7036.78    34    7
(relay)    12    48    7066.59    7    7034.01    1    1
(relay)    12    19    7140.59    7    7104.72    1    1
(relay)    40    1    7162.99    7    7153.05    3    1
(advertise)    38    7163.19    1    7
(relay)    12    33    7189.4    7    7163.08    3    1
(advertise)    38    7189.6    33    7
(relay)    12    14    7213.02    7    7176.07    1    1
(relay)    31    31    7219.02    7    7217.96    5    1
(advertise)    38    7219.22    31    7
(relay)    12    18    7255.23    7    7173.89    2    1
(advertise)    38    7255.43    18    7
(relay)    12    17    7276.24    7    7183.9    1    1
(relay)    30    2    7277.24    7    7275.89    3    1
(advertise)    38    7277.44    2    7
(relay)    30    30    7299.05    7    7298.13    5    1
(advertise)    38    7299.65    30    7
(relay)    40    42    7324.87    7    7321.21    1    1
(relay)    12    15    7341.27    7    7306.77    1    1
(relay)    40    13    7401.27    7    7397.93    3    1
(advertise)    38    7401.47    13    7
(relay)    40    37    7426.48    7    7405.87    1    1
(relay)    12    46    7473.48    7    7441.71    2    1
(advertise)    38    7473.68    46    7
(relay)    12    45    7494.49    7    7477.0    2    1
(advertise)    38    7495.29    45    7
(relay)    40    44    7539.51    7    7493.75    1    1
(generate)    38    7584.91    [3]    7
(relay)    12    16    7607.52    7    7592.99    3    1
(advertise)    38    7607.72    16    7
(relay)    12    29    7630.53    7    7617.2    1    1
(relay)    12    22    7653.33    7    7638.07    1    1
(relay)    40    28    7699.13    7    7697.9    2    1
(advertise)    38    7699.33    28    7
(relay)    40    40    7722.55    7    7722.01    3    1
(advertise)    38    7723.35    40    7
(relay)    27    21    7745.16    7    7715.08    2    1
(advertise)    38    7746.36    21    7
(relay)    40    43    7757.97    7    7755.89    2    1
(advertise)    38    7768.57    43    7
(relay)    12    12    7802.38    7    7801.87    3    1
(advertise)    38    7802.58    12    7
(relay)    12    5    7809.0    7    7779.87    1    1
(relay)    40    35    7823.8    7    7803.82    3    1
(advertise)    38    7824.6    35    7
(relay)    40    25    7846.21    7    7821.78    3    1
(advertise)    38    7846.41    25    7
(relay)    12    10    7897.42    7    7875.83    1    1
(relay)    40    47    7930.02    7    7926.61    3    1
(advertise)    38    7930.22    47    7
(relay)    27    27    7936.84    7    7935.77    4    1
(advertise)    38    7952.24    27    7
(relay)    12    7    7973.45    7    7908.85    1    1
(relay)    40    24    7991.85    7    7984.05    1    1
(relay)    12    34    8032.45    8    8030.14    2    1
(advertise)    38    8032.65    34    8
(relay)    12    8    8052.66    7    7958.16    1    1
(relay)    40    48    8059.06    8    8034.03    1    1
(relay)    12    39    8097.66    7    7996.87    2    1
(advertise)    38    8097.86    39    7
(relay)    12    4    8120.68    9    8019.91    2    1
(advertise)    38    8120.88    4    9
(relay)    12    36    8142.49    8    8076.16    1    1
(relay)    27    1    8166.49    8    8153.14    2    1
(advertise)    38    8166.69    1    8
(relay)    12    33    8189.9    8    8163.22    3    1
(advertise)    38    8190.3    33    8
(relay)    31    31    8218.11    8    8218.05    5    1
(advertise)    38    8218.31    31    8
(relay)    12    14    8240.93    8    8176.13    1    1
(relay)    12    18    8264.53    8    8174.03    1    1
(relay)    31    2    8278.53    8    8276.03    2    1
(advertise)    38    8278.73    2    8
(relay)    30    30    8299.14    8    8298.15    5    1
(advertise)    38    8301.14    30    8
(relay)    12    15    8343.75    8    8306.88    1    1
(relay)    40    42    8347.55    8    8321.4    1    1
(relay)    40    13    8399.75    8    8398.11    3    1
(advertise)    38    8399.95    13    8
(relay)    12    11    8445.17    8    8414.19    2    1
(advertise)    38    8445.37    11    8
(relay)    12    9    8469.38    8    8421.92    1    1
(relay)    12    46    8490.98    8    8441.74    2    1
(advertise)    38    8491.18    46    8
(relay)    12    45    8511.99    8    8477.14    1    1
(relay)    40    44    8512.99    8    8493.8    1    1
(relay)    40    26    8537.39    8    8523.03    1    1
(generate)    38    8584.99    [3]    8
(relay)    40    16    8607.01    8    8593.13    3    1
(advertise)    38    8607.21    16    8
(relay)    12    22    8656.22    8    8638.09    1    1
(relay)    40    28    8699.82    8    8698.01    3    1
(advertise)    38    8700.02    28    8
(relay)    40    40    8722.63    8    8722.13    3    1
(advertise)    38    8723.03    40    8
(relay)    40    43    8757.24    8    8755.97    2    1
(advertise)    38    8757.44    43    8
(relay)    12    23    8768.06    8    8726.08    1    1
(relay)    12    12    8802.46    8    8801.96    3    1
(advertise)    38    8802.66    12    8
(relay)    12    5    8814.87    8    8779.92    1    1
(relay)    40    35    8825.87    8    8803.94    3    1
(advertise)    38    8826.07    35    8
(relay)    40    25    8846.28    8    8821.9    3    1
(advertise)    38    8850.88    25    8
(heartbeat)    3    2    8746.21    38    8878.7    2    2
(advertise)    38    8878.9    3    2
(relay)    12    10    8904.11    8    8875.87    1    1
(relay)    40    47    8930.31    8    8926.8    3    1
(advertise)    38    8930.51    47    8
(relay)    27    27    8935.92    8    8935.84    4    1
(advertise)    38    8953.52    27    8
(relay)    12    7    8977.74    8    8908.91    1    1
(relay)    40    24    8986.14    8    8984.13    1    1
(relay)    12    6    9001.14    8    8897.39    2    1
(advertise)    38    9001.34    6    8
(relay)    12    0    9043.95    8    8911.1    1    1
(relay)    12    34    9065.55    9    9030.28    2    1
(advertise)    38    9065.75    34    9
(relay)    12    39    9087.36    8    8996.91    2    1
(advertise)    38    9088.36    39    8
(relay)    12    4    9109.37    10    9020.07    2    1
(advertise)    38    9110.37    4    10
(relay)    40    19    9134.59    9    9104.93    1    1
(relay)    31    1    9157.39    9    9153.27    1    1
(relay)    31    31    9218.19    9    9218.11    5    1
(advertise)    38    9218.39    31    9
(relay)    12    2    9278.2    9    9276.16    3    1
(advertise)    38    9278.4    2    9
(relay)    30    30    9298.41    9    9298.35    5    1
(advertise)    38    9302.21    30    9
(relay)    40    42    9324.03    9    9321.57    1    1
(relay)    40    15    9346.83    9    9306.98    1    1
(relay)    40    13    9398.83    9    9398.27    3    1
(advertise)    38    9399.03    13    9
(relay)    40    37    9426.84    9    9405.97    1    1
(relay)    12    9    9450.44    9    9421.92    1    1
(relay)    12    46    9472.84    9    9441.83    2    1
(advertise)    38    9473.04    46    9
(relay)    12    45    9493.25    9    9477.22    2    1
(advertise)    38    9495.45    45    9
(relay)    40    44    9516.27    9    9493.82    1    1
(relay)    12    26    9542.07    9    9523.13    1    1
(generate)    38    9585.07    [3]    9
(relay)    27    16    9607.88    9    9593.31    3    1
(advertise)    38    9608.08    16    9
(relay)    12    20    9630.69    9    9601.31    1    1
(relay)    40    22    9656.89    9    9638.14    1    1
(relay)    30    28    9700.69    9    9698.14    2    1
(advertise)    38    9700.89    28    9
(relay)    40    21    9722.11    9    9715.29    1    1
(relay)    40    40    9723.31    9    9722.32    3    1
(advertise)    38    9723.71    40    9
(relay)    40    43    9757.52    9    9756.04    2    1
(advertise)    38    9757.72    43    9
(relay)    12    23    9767.53    9    9726.19    1    1
(relay)    40    5    9801.53    9    9779.99    1    1
(relay)    12    12    9802.53    9    9802.04    3    1
(advertise)    38    9802.73    12    9
(relay)    12    35    9834.54    9    9804.07    2    1
(advertise)    38    9834.74    35    9
(relay)    27    25    9854.36    9    9822.01    3    1
(advertise)    38    9856.96    25    9
(relay)    12    10    9880.37    9    9875.87    1    1
(relay)    12    7    9926.97    9    9908.92    1    1
(relay)    40    47    9929.77    9    9927.19    3    1
(advertise)    38    9929.97    47    9
(relay)    27    27    9935.98    9    9935.92    4    1
(advertise)    38    9951.58    27    9
(relay)    12    6    9992.4    9    9897.44    2    1
(advertise)    38    9992.6    6    9
(relay)    40    24    9996.41    9    9984.18    1    1
(relay)    12    34    10034.21    10    10030.42    2    1
(advertise)    38    10034.41    34    10
(relay)    12    39    10057.82    9    9996.96    2    1
(advertise)    38    10058.02    39    9
(relay)    12    4    10080.44    11    10020.09    2    1
(advertise)    38    10081.04    4    11
(relay)    12    48    10103.85    10    10034.05    1    1
(relay)    12    36    10131.05    10    10076.25    1    1
(relay)    40    1    10154.65    10    10153.39    3    1
(advertise)    38    10154.85    1    10
(relay)    12    14    10196.86    10    10176.25    1    1
(relay)    31    31    10218.26    10    10218.16    5    1
(advertise)    38    10218.46    31    10
(relay)    12    17    10243.07    10    10184.14    1    1
(relay)    12    2    10278.07    10    10276.32    3    1
(advertise)    38    10278.27    2    10
(relay)    30    30    10298.69    10    10298.53    5    1
(advertise)    38    10299.69    30    10
(relay)    40    42    10325.1    10    10322.3    1    1
(relay)    12    15    10348.3    10    10307.1    1    1
(relay)    40    13    10399.1    10    10398.42    3    1
(advertise)    38    10399.3    13    10
(relay)    12    11    10423.11    10    10414.5    1    1
(relay)    40    37    10424.31    10    10405.98    1    1
(relay)    12    46    10446.51    10    10442.02    2    1
(advertise)    38    10446.71    46    10
(relay)    12    9    10469.13    10    10422.11    1    1
(relay)    12    45    10492.33    10    10477.35    1    1
(relay)    40    44    10495.33    10    10493.85    1    1
(relay)    12    26    10541.33    10    10523.22    1    1
(generate)    38    10585.13    [3]    10
(relay)    12    16    10607.14    10    10593.46    3    1
(advertise)    38    10607.34    16    10
(relay)    12    20    10631.35    10    10601.44    1    1
(relay)    40    28    10700.95    10    10698.26    3    1
(advertise)    38    10701.15    28    10
(relay)    40    40    10723.57    10    10722.47    3    1
(advertise)    38    10723.97    40    10
(relay)    12    21    10747.38    10    10715.48    4    1
(advertise)    38    10747.78    21    10
(relay)    40    43    10769.59    10    10756.07    2    1
(advertise)    38    10770.79    43    10
(relay)    12    5    10792.2    10    10780.06    1    1
(relay)    12    12    10803.2    10    10802.14    3    1
(advertise)    38    10803.4    12    10
(relay)    12    35    10834.82    10    10804.19    2    1
(advertise)    38    10835.02    35    10
(relay)    12    25    10857.63    10    10822.11    3    1
(advertise)    38    10859.03    25    10
(relay)    12    10    10904.24    10    10875.9    1    1
(relay)    12    32    10926.44    10    10883.54    1    1
(relay)    40    47    10928.84    10    10927.37    3    1
(advertise)    38    10929.04    47    10
(relay)    27    27    10936.06    10    10935.98    4    1
(advertise)    38    10950.86    27    10
(relay)    40    24    10986.87    10    10984.23    1    1
(relay)    12    7    10994.47    10    10908.94    1    1
(relay)    12    6    11015.47    10    10897.55    2    1
(advertise)    38    11015.67    6    10
(relay)    12    0    11060.48    10    10911.45    1    1
(relay)    12    34    11082.08    11    11030.58    2    1
(advertise)    38    11082.28    34    11
(relay)    12    8    11102.7    10    10958.2    1    1
(relay)    12    4    11124.9    12    11020.28    2    1
(advertise)    38    11125.1    4    12
(relay)    40    1    11154.71    11    11153.5    3    1
(advertise)    38    11154.91    1    11
(relay)    40    19    11177.92    11    11105.07    1    1
(relay)    12    33    11200.72    11    11163.59    1    1
(relay)    40    36    11205.72    11    11076.46    1    1
(relay)    31    31    11218.72    11    11218.18    5    1
(advertise)    38    11218.92    31    11
(relay)    12    14    11246.13    11    11176.3    1    1
(relay)    31    2    11278.93    11    11276.49    2    1
(advertise)    38    11279.13    2    11
(relay)    12    18    11289.55    11    11174.42    1    1
(relay)    30    30    11298.75    11    11298.71    5    1
(advertise)    38    11300.95    30    11
(relay)    40    42    11325.96    11    11322.45    1    1
(relay)    12    15    11359.56    11    11307.22    1    1
(relay)    30    13    11400.16    11    11398.62    2    1
(advertise)    38    11400.36    13    11
(relay)    12    11    11445.77    11    11414.69    1    1
(relay)    12    9    11469.97    11    11422.15    1    1
(relay)    12    46    11491.37    11    11442.07    2    1
(advertise)    38    11491.57    46    11
(relay)    12    45    11513.59    11    11477.5    2    1
(advertise)    38    11513.99    45    11
(relay)    12    44    11537.6    11    11494.07    1    1
(generate)    38    11585.2    [3]    11
(relay)    12    16    11607.81    11    11593.6    3    1
(advertise)    38    11608.01    16    11
(relay)    12    29    11634.03    11    11617.72    1    1
(relay)    12    22    11655.23    11    11638.29    1    1
(relay)    40    28    11701.63    11    11698.36    3    1
(advertise)    38    11701.83    28    11
(relay)    40    40    11723.64    11    11722.6    3    1
(advertise)    38    11724.84    40    11
(relay)    12    43    11756.85    11    11756.11    2    1
(advertise)    38    11757.05    43    11
(relay)    12    5    11782.86    11    11780.11    1    1
(relay)    12    12    11803.26    11    11802.22    3    1
(advertise)    38    11803.46    12    11
(relay)    12    35    11825.28    11    11804.89    2    1
(advertise)    38    11826.08    35    11
(relay)    12    25    11846.49    11    11822.19    3    1
(advertise)    38    11848.89    25    11
(relay)    12    10    11879.1    11    11875.94    1    1
(relay)    12    32    11900.7    11    11883.73    2    1
(advertise)    38    11900.9    32    11
(relay)    12    7    11923.12    11    11909.0    1    1
(relay)    40    47    11928.32    11    11927.55    3    1
(advertise)    38    11928.52    47    11
(relay)    27    27    11936.13    11    11936.04    4    1
(advertise)    38    11950.33    27    11
(relay)    12    6    11967.54    11    11897.71    1    1
(relay)    40    24    11987.34    11    11984.33    1    1
(relay)    12    39    12012.54    11    11997.09    2    1
(advertise)    38    12012.74    39    11
(relay)    12    34    12034.76    12    12030.74    2    1
(advertise)    38    12035.96    34    12
(relay)    12    4    12056.37    13    12020.47    2    1
(advertise)    38    12058.57    4    13
(relay)    12    48    12078.98    12    12034.09    1    1
(relay)    40    36    12145.58    12    12076.47    1    1
(relay)    12    1    12166.98    12    12153.59    2    1
(advertise)    38    12167.18    1    12
(relay)    12    33    12188.19    12    12163.69    1    1
(relay)    31    31    12218.79    12    12218.25    5    1
(advertise)    38    12218.99    31    12
(relay)    12    18    12247.01    12    12174.55    1    1
(relay)    30    2    12277.01    12    12276.61    3    1
(advertise)    38    12277.21    2    12
(relay)    30    30    12299.42    12    12298.91    5    1
(advertise)    38    12299.82    30    12
(relay)    40    15    12327.43    12    12307.34    1    1
(relay)    40    42    12349.83    12    12322.61    1    1
(relay)    40    13    12400.43    12    12398.8    3    1
(advertise)    38    12400.63    13    12
(relay)    12    11    12433.05    12    12414.87    1    1
(relay)    12    9    12455.25    12    12422.17    1    1
(relay)    12    46    12477.65    12    12442.12    2    1
(advertise)    38    12477.85    46    12
(relay)    12    45    12500.26    12    12477.62    2    1
(advertise)    38    12501.86    45    12
(relay)    12    26    12543.87    12    12523.39    1    1
(generate)    38    12585.27    [3]    12
(relay)    27    16    12608.29    12    12593.74    3    1
(advertise)    38    12608.49    16    12
(relay)    12    29    12630.9    12    12617.82    1    1
(relay)    12    22    12664.1    12    12638.38    1    1
(relay)    40    28    12702.3    12    12698.47    3    1
(advertise)    38    12702.5    28    12
(relay)    40    40    12722.91    12    12722.74    3    1
(advertise)    38    12724.91    40    12
(heartbeat)    3    3    12746.23    38    12746.72    2    8
(advertise)    38    12747.32    3    3
(relay)    12    21    12748.74    12    12715.67    4    1
(advertise)    38    12768.74    21    12
(relay)    27    43    12771.75    12    12756.3    1    1
(relay)    12    12    12803.55    12    12802.5    3    1
(advertise)    38    12803.75    12    12
(relay)    12    5    12816.56    12    12780.19    1    1
(relay)    40    35    12834.96    12    12804.97    3    1
(advertise)    38    12835.16    35    12
(relay)    40    25    12857.18    12    12822.28    3    1
(advertise)    38    12858.38    25    12
(relay)    12    10    12902.79    12    12876.13    1    1
(relay)    40    32    12906.59    12    12883.74    1    1
(relay)    40    47    12928.99    12    12927.72    3    1
(advertise)    38    12929.19    47    12
(relay)    27    27    12936.6    12    12936.12    4    1
(advertise)    38    12952.2    27    12
(relay)    40    24    12987.02    12    12984.4    1    1
(relay)    12    7    12993.02    12    12909.19    1    1
(relay)    12    34    13036.62    13    13030.86    2    1
(advertise)    38    13036.82    34    13
(relay)    12    39    13058.43    12    12997.12    2    1
(advertise)    38    13060.43    39    12
(relay)    12    4    13079.04    14    13020.5    2    1
(advertise)    38    13082.04    4    14
(relay)    12    48    13100.85    13    13034.13    2    1
(advertise)    38    13103.25    48    13
(relay)    40    36    13127.87    13    13076.52    1    1
(relay)    30    1    13156.47    13    13153.7    2    1
(advertise)    38    13156.67    1    13
(relay)    12    19    13176.68    13    13105.42    1    1
(relay)    12    33    13198.28    13    13163.84    1    1
(relay)    31    31    13218.88    13    13218.32    5    1
(advertise)    38    13219.08    31    13
(relay)    12    18    13220.29    13    13174.7    1    1
(relay)    27    2    13277.09    13    13276.8    3    1
(advertise)    38    13277.29    2    13
(relay)    30    30    13299.51    13    13298.91    5    1
(advertise)    38    13299.71    30    13
(relay)    12    42    13326.52    13    13322.77    1    1
(relay)    12    15    13348.92    13    13307.44    1    1
(relay)    31    13    13402.32    13    13398.98    1    1
(relay)    12    11    13426.12    13    13415.03    1    1
(relay)    40    37    13428.12    13    13406.23    1    1
(relay)    12    9    13467.92    13    13422.2    1    1
(relay)    12    46    13489.32    13    13442.19    2    1
(advertise)    38    13489.52    46    13
(relay)    12    45    13511.33    13    13477.76    2    1
(advertise)    38    13512.53    45    13
(generate)    38    13585.35    [3]    13
(relay)    30    16    13608.16    13    13593.91    2    1
(advertise)    38    13608.36    16    13
(relay)    12    20    13632.17    13    13601.81    1    1
(relay)    12    29    13653.97    13    13617.97    1    1
(relay)    40    28    13703.57    13    13698.59    3    1
(advertise)    38    13703.77    28    13
(relay)    40    40    13722.98    13    13722.93    3    1
(advertise)    38    13728.78    40    13
(relay)    12    21    13746.0    13    13715.86    4    1
(advertise)    38    13752.0    21    13
(relay)    12    43    13767.61    13    13756.34    2    1
(advertise)    38    13773.21    43    13
(relay)    12    5    13793.02    13    13780.27    1    1
(relay)    12    12    13802.62    13    13802.59    3    1
(advertise)    38    13802.82    12    13
(relay)    12    35    13835.44    13    13805.08    2    1
(advertise)    38    13835.64    35    13
(relay)    12    25    13858.45    13    13822.37    3    1
(advertise)    38    13859.65    25    13
(relay)    12    10    13882.46    13    13876.19    1    1
(relay)    12    7    13924.86    13    13909.25    1    1
(relay)    40    47    13929.66    13    13927.91    3    1
(advertise)    38    13929.86    47    13
(relay)    27    27    13936.68    13    13936.18    4    1
(advertise)    38    13952.08    27    13
(relay)    12    0    13991.29    13    13911.95    1    1
(relay)    40    24    13996.29    13    13984.44    1    1
(relay)    12    34    14038.89    14    14031.0    2    1
(advertise)    38    14039.09    34    14
(relay)    12    39    14083.7    13    13997.17    2    1
(advertise)    38    14083.9    39    13
(relay)    12    4    14107.51    15    14020.66    2    1
(advertise)    38    14107.91    4    15
(relay)    12    19    14132.73    14    14105.53    1    1
(relay)    12    41    14154.93    14    14057.91    1    1
(relay)    31    1    14157.73    14    14153.8    1    1
(relay)    12    14    14214.93    14    14176.57    1    1
(relay)    31    31    14219.33    14    14218.38    5    1
(advertise)    38    14219.53    31    14
(relay)    12    18    14262.34    14    14174.81    1    1
(relay)    27    2    14277.74    14    14276.93    3    1
(advertise)    38    14277.94    2    14
(relay)    30    30    14299.75    14    14299.11    5    1
(advertise)    38    14301.15    30    14
(relay)    12    17    14306.77    14    14184.2    1    1
(relay)    40    42    14327.57    14    14322.9    1    1
(relay)    12    15    14393.57    14    14307.56    1    1
(relay)    40    13    14401.57    14    14399.15    3    1
(advertise)    38    14401.77    13    14
(relay)    12    37    14439.58    14    14406.27    1    1
(relay)    12    11    14463.18    14    14415.2    1    1
(relay)    12    46    14485.78    14    14442.22    2    1
(advertise)    38    14485.98    46    14
(relay)    12    45    14507.59    14    14477.86    2    1
(advertise)    38    14507.99    45    14
(relay)    40    44    14536.61    14    14494.36    1    1
(relay)    40    26    14558.41    14    14523.59    1    1
(generate)    38    14585.41    [3]    14
(relay)    12    16    14608.42    14    14594.08    3    1
(advertise)    38    14608.62    16    14
(relay)    12    29    14633.43    14    14618.05    1    1
(relay)    12    22    14658.83    14    14638.56    1    1
(relay)    40    28    14702.43    14    14698.69    3    1
(advertise)    38    14702.63    28    14
(relay)    40    40    14723.24    14    14723.08    3    1
(advertise)    38    14723.64    40    14
(relay)    12    23    14749.46    14    14726.52    1    1
(relay)    40    43    14771.46    14    14756.4    2    1
(advertise)    38    14771.66    43    14
(relay)    12    5    14794.07    14    14780.36    1    1
(relay)    12    12    14802.87    14    14802.7    3    1
(advertise)    38    14803.07    12    14
(relay)    40    35    14825.68    14    14805.38    3    1
(advertise)    38    14825.88    35    14
(relay)    40    25    14848.7    14    14822.45    3    1
(advertise)    38    14849.7    25    14
(relay)    12    10    14878.91    14    14876.24    1    1
(relay)    12    32    14903.51    14    14884.1    2    1
(advertise)    38    14903.71    32    14
(relay)    12    6    14924.92    14    14898.22    2    1
(advertise)    38    14926.32    6    14
(relay)    27    27    14936.74    14    14936.24    4    1
(relay)    40    47    14948.54    14    14928.08    3    2
(advertise)    38    14949.54    27    14
(advertise)    38    14973.95    47    14
(relay)    12    7    14991.96    14    14909.31    1    1
(relay)    40    24    14992.56    14    14984.52    1    1
(relay)    12    0    15014.96    14    14912.12    1    1
(relay)    12    34    15059.76    15    15031.14    2    1
(advertise)    38    15059.96    34    15
(relay)    12    41    15118.17    15    15058.01    1    1
(relay)    12    19    15142.57    15    15105.72    1    1
(relay)    12    1    15163.57    15    15153.89    2    1
(advertise)    38    15163.77    1    15
(relay)    12    33    15185.99    15    15164.08    1    1
(relay)    12    14    15208.59    15    15176.69    1    1
(relay)    31    31    15219.39    15    15218.43    5    1
(advertise)    38    15219.59    31    15
(relay)    12    18    15230.2    15    15174.95    1    1
(relay)    12    17    15272.2    15    15184.22    1    1
(relay)    27    2    15277.8    15    15277.08    3    1
(advertise)    38    15278.0    2    15
(relay)    30    30    15300.21    15    15299.3    5    1
(advertise)    38    15301.41    30    15
(relay)    40    15    15325.63    15    15307.67    1    1
(relay)    40    13    15402.23    15    15399.3    3    1
(advertise)    38    15402.43    13    15
(relay)    12    11    15434.04    15    15415.34    1    1
(relay)    12    46    15479.64    15    15442.32    2    1
(advertise)    38    15479.84    46    15
(relay)    12    45    15503.65    15    15477.99    1    1
(relay)    40    44    15520.45    15    15494.56    1    1
(relay)    40    26    15543.65    15    15523.67    1    1
(generate)    38    15585.45    [3]    15
(relay)    40    16    15608.67    15    15594.2    3    1
(advertise)    38    15608.87    16    15
(relay)    12    20    15634.68    15    15602.05    1    1
(relay)    12    29    15656.68    15    15618.22    1    1
(relay)    12    22    15679.48    15    15638.6    1    1
(relay)    40    28    15700.68    15    15698.81    3    1
(advertise)    38    15700.88    28    15
(relay)    40    40    15723.69    15    15723.2    3    1
(advertise)    38    15723.89    40    15
(relay)    40    43    15758.5    15    15756.59    2    1
(advertise)    38    15758.7    43    15
(relay)    40    23    15780.32    15    15726.58    1    1
(relay)    12    12    15802.92    15    15802.78    3    1
(advertise)    38    15803.12    12    15
(relay)    40    35    15825.13    15    15806.06    3    1
(advertise)    38    15825.33    35    15
(relay)    40    25    15847.74    15    15822.53    3    1
(advertise)    38    15848.74    25    15
(relay)    40    5    15868.76    15    15780.37    1    1
(relay)    12    10    15879.76    15    15876.36    1    1
(relay)    12    32    15904.16    15    15884.1    1    1
(relay)    12    7    15925.96    15    15909.42    1    1
(relay)    40    47    15930.76    15    15928.25    3    1
(advertise)    38    15930.96    47    15
(relay)    27    27    15937.17    15    15936.25    4    1
(advertise)    38    15952.97    27    15
(relay)    40    24    15985.18    15    15984.66    1    1
(relay)    12    6    15991.58    15    15898.32    1    1
(relay)    12    39    16037.38    15    15997.28    2    1
(advertise)    38    16037.58    39    15
(relay)    12    4    16057.4    17    16020.84    2    1
(advertise)    38    16061.0    4    17
(relay)    12    34    16080.21    16    16031.27    2    1
(advertise)    38    16084.01    34    16
(relay)    12    48    16103.42    16    16034.52    2    1
(advertise)    38    16107.62    48    16
(relay)    40    36    16127.83    16    16076.58    1    1
(relay)    40    1    16155.23    16    16153.96    3    1
(advertise)    38    16155.43    1    16
(relay)    12    14    16180.45    16    16176.81    1    1
(relay)    12    18    16203.45    16    16175.03    1    1
(relay)    31    31    16219.45    16    16218.45    5    1
(advertise)    38    16219.65    31    16
(relay)    27    2    16278.06    16    16277.24    3    1
(advertise)    38    16278.26    2    16
(relay)    30    30    16300.47    16    16299.5    5    1
(advertise)    38    16300.67    30    16
(relay)    12    15    16333.09    16    16307.74    1    1
(relay)    40    42    16345.09    16    16323.25    1    1
(relay)    40    13    16402.89    16    16399.46    3    1
(advertise)    38    16403.09    13    16
(relay)    12    11    16450.9    16    16415.5    1    1
(relay)    12    46    16473.3    16    16442.44    2    1
(advertise)    38    16473.5    46    16
(relay)    12    9    16496.71    16    16422.43    1    1
(relay)    40    44    16520.91    16    16494.59    1    1
(relay)    40    26    16544.91    16    16523.79    1    1
(generate)    38    16585.51    [3]    16
(relay)    12    16    16609.53    16    16594.38    3    1
(advertise)    38    16609.73    16    16
(relay)    12    20    16634.34    16    16602.16    1    1
(relay)    12    29    16658.94    16    16618.35    1    1
(relay)    12    28    16701.14    16    16698.92    2    1
(advertise)    38    16701.34    28    16
(relay)    40    40    16723.95    16    16723.37    3    1
(advertise)    38    16724.15    40    16
(heartbeat)    3    4    16746.24    38    16747.96    2    8
(advertise)    38    16748.36    3    4
(relay)    40    43    16770.18    16    16756.64    2    1
(advertise)    38    16770.38    43    16
(relay)    12    12    16803.39    16    16802.86    3    1
(advertise)    38    16803.59    12    16
(relay)    40    35    16826.0    16    16806.17    3    1
(advertise)    38    16826.4    35    16
(relay)    40    25    16847.42    16    16822.64    3    1
(advertise)    38    16848.62    25    16
(relay)    12    5    16869.83    16    16780.41    1    1
(relay)    40    47    16931.43    16    16928.45    3    1
(advertise)    38    16931.63    47    16
(relay)    27    27    16937.24    16    16936.33    4    1
(advertise)    38    16954.04    27    16
(relay)    40    24    16991.06    16    16984.74    1    1
(relay)    12    7    16997.06    16    16909.44    1    1
(relay)    12    0    17043.06    16    16912.46    1    1
(relay)    12    34    17066.06    17    17031.39    2    1
(advertise)    38    17066.26    34    17
(relay)    40    48    17104.07    17    17034.53    1    1
(relay)    40    1    17154.47    17    17154.07    3    1
(advertise)    38    17154.67    1    17
(relay)    12    31    17219.28    17    17218.49    3    1
(advertise)    38    17219.48    31    17
(relay)    12    18    17245.09    17    17175.17    1    1
(relay)    12    2    17278.29    17    17277.36    3    1
(advertise)    38    17278.49    2    17
(relay)    30    30    17300.51    17    17299.51    5    1
(advertise)    38    17300.71    30    17
(relay)    12    42    17326.52    17    17323.44    1    1
(relay)    40    13    17402.32    17    17399.63    3    1
(advertise)    38    17402.52    13    17
(relay)    40    37    17427.13    17    17406.37    1    1
(relay)    12    9    17450.33    17    17422.44    1    1
(relay)    12    46    17474.13    17    17442.54    2    1
(advertise)    38    17474.33    46    17
(relay)    12    45    17496.15    17    17478.25    2    1
(advertise)    38    17497.55    45    17
(relay)    12    26    17539.96    17    17523.91    1    1
(generate)    38    17585.56    [3]    17
(relay)    30    16    17609.57    17    17594.46    2    1
(advertise)    38    17609.77    16    17
(relay)    12    29    17634.99    17    17618.5    1    1
(relay)    30    28    17700.39    17    17699.05    2    1
(advertise)    38    17700.59    28    17
(relay)    12    21    17723.8    17    17716.29    3    1
(relay)    40    40    17724.0    17    17723.43    3    2
(advertise)    38    17724.4    21    17
(advertise)    38    17748.41    40    17
(relay)    40    43    17758.82    17    17756.69    2    1
(advertise)    38    17771.62    43    17
(relay)    40    23    17779.24    17    17726.77    1    1
(relay)    12    5    17793.24    17    17780.46    1    1
(relay)    12    12    17803.44    17    17802.86    3    1
(advertise)    38    17803.64    12    17
(relay)    12    35    17826.05    17    17806.25    2    1
(advertise)    38    17826.25    35    17
(relay)    12    25    17848.26    17    17822.71    3    1
(advertise)    38    17850.26    25    17
(relay)    12    10    17883.48    17    17876.43    1    1
(relay)    12    7    17929.68    17    17909.51    1    1
(relay)    40    47    17932.08    17    17928.6    3    1
(advertise)    38    17932.28    47    17
(relay)    27    27    17937.29    17    17936.37    4    1
(advertise)    38    17954.49    27    17
(relay)    40    24    17986.1    17    17984.78    1    1
(relay)    12    0    17995.5    17    17912.59    1    1
(relay)    12    39    18040.3    17    17997.38    2    1
(advertise)    38    18040.5    39    17
(relay)    12    34    18063.52    18    18031.51    2    1
(advertise)    38    18063.92    34    18
(relay)    12    48    18105.73    18    18034.71    1    1
(relay)    40    36    18125.33    18    18076.65    1    1
(relay)    40    19    18147.33    18    18106.12    1    1
(relay)    40    1    18168.73    18    18154.17    3    1
(advertise)    38    18168.93    1    18
(relay)    12    33    18170.54    18    18164.42    1    1
(relay)    12    18    18192.34    18    18175.26    1    1
(relay)    31    31    18218.54    18    18218.53    4    1
(advertise)    38    18218.74    31    18
(relay)    30    2    18279.75    18    18277.49    3    1
(advertise)    38    18279.95    2    18
(relay)    30    30    18300.77    18    18299.69    5    1
(advertise)    38    18300.97    30    18
(relay)    40    42    18327.58    18    18323.58    1    1
(relay)    12    15    18350.38    18    18307.94    1    1
(relay)    40    13    18401.38    18    18399.8    3    1
(advertise)    38    18401.58    13    18
(relay)    12    11    18427.79    18    18415.79    1    1
(relay)    12    9    18451.99    18    18422.61    1    1
(relay)    12    46    18473.59    18    18442.59    2    1
(advertise)    38    18473.79    46    18
(relay)    12    45    18495.61    18    18478.36    2    1
(advertise)    38    18497.01    45    18
(generate)    38    18585.62    [3]    18
(relay)    27    16    18609.43    18    18594.6    3    1
(advertise)    38    18609.63    16    18
(relay)    12    29    18635.05    18    18618.62    1    1
(relay)    12    22    18659.05    18    18638.76    1    1
(relay)    40    28    18701.05    18    18699.17    3    1
(advertise)    38    18701.25    28    18
(relay)    40    40    18724.66    18    18723.56    3    1
(advertise)    38    18725.06    40    18
(relay)    12    21    18746.27    18    18716.45    3    1
(advertise)    38    18746.67    21    18
(relay)    12    23    18768.28    18    18726.8    1    1
(relay)    27    43    18791.08    18    18756.69    1    1
(relay)    12    12    18803.48    18    18802.92    3    1
(advertise)    38    18803.68    12    18
(relay)    12    5    18816.1    18    18780.52    1    1
(relay)    30    35    18836.1    18    18806.33    2    1
(advertise)    38    18836.3    35    18
(relay)    30    25    18856.31    18    18822.78    3    1
(advertise)    38    18857.51    25    18
(relay)    12    10    18902.92    18    18876.46    1    1
(relay)    12    32    18927.12    18    18884.61    1    1
(relay)    27    47    18932.52    18    18928.77    2    1
(advertise)    38    18932.72    47    18
(relay)    27    27    18936.54    18    18936.43    4    1
(advertise)    38    18955.94    27    18
(relay)    40    24    18986.35    18    18984.85    1    1
(relay)    12    34    19032.95    19    19031.6    2    1
(advertise)    38    19033.15    34    19
(relay)    12    39    19055.36    18    18997.41    2    1
(advertise)    38    19055.56    39    18
(relay)    12    41    19099.98    19    19058.67    1    1
(relay)    40    36    19103.18    19    19076.66    1    1
(relay)    40    19    19126.58    19    19106.3    1    1
(relay)    40    1    19155.18    19    19154.24    3    1
(advertise)    38    19155.38    1    19
(relay)    31    31    19218.59    19    19218.58    4    1
(advertise)    38    19218.79    31    19
(relay)    12    18    19241.4    19    19175.36    1    1
(relay)    12    17    19264.2    19    19184.27    1    1
(relay)    27    2    19279.2    19    19277.61    3    1
(advertise)    38    19279.4    2    19
(relay)    30    30    19300.01    19    19299.87    5    1
(advertise)    38    19301.81    30    19
(relay)    40    42    19326.23    19    19323.7    1    1
(relay)    40    15    19348.83    19    19308.02    1    1
(relay)    40    13    19401.43    19    19399.96    3    1
(advertise)    38    19401.63    13    19
(relay)    12    9    19451.04    19    19422.79    1    1
(relay)    40    26    19542.84    19    19524.02    1    1
(generate)    38    19585.64    [3]    19
(relay)    27    16    19607.85    19    19594.71    3    1
(advertise)    38    19608.05    16    19
(relay)    40    40    19724.67    19    19723.69    3    1
(advertise)    38    19724.87    40    19
(relay)    31    21    19726.08    19    19716.6    2    1
(advertise)    38    19746.28    21    19
(relay)    40    43    19758.09    19    19756.71    2    1
(advertise)    38    19769.29    43    19
(relay)    40    5    19792.71    19    19780.58    1    1
(relay)    12    12    19804.11    19    19803.11    3    1
(advertise)    38    19804.31    12    19
(relay)    40    35    19835.52    19    19806.4    3    1
(advertise)    38    19835.72    35    19
(relay)    40    25    19856.53    19    19822.87    3    1
(advertise)    38    19857.33    25    19
(relay)    12    10    19883.94    19    19876.65    1    1
(relay)    12    32    19907.14    19    19884.78    1    1
(relay)    12    7    19928.94    19    19909.72    1    1
(relay)    40    47    19930.54    19    19928.94    3    1
(advertise)    38    19930.74    47    19
(relay)    27    27    19936.56    19    19936.45    4    1
(advertise)    38    19953.56    27    19
(relay)    40    24    19987.37    19    19984.93    1    1
(relay)    12    0    19997.17    19    19912.86    1    1
(relay)    12    39    20040.97    19    19997.42    2    1
(advertise)    38    20041.17    39    19
(relay)    12    4    20064.18    21    20021.33    1    1
(relay)    12    34    20085.98    20    20031.74    2    1
(advertise)    38    20086.18    34    20
(relay)    40    36    20125.0    20    20076.68    1    1
(relay)    40    1    20171.4    20    20154.33    3    1
(advertise)    38    20171.6    1    20
(relay)    12    14    20195.21    20    20177.15    1    1
(relay)    31    31    20218.81    20    20218.78    4    1
(advertise)    38    20219.01    31    20
(relay)    12    18    20243.82    20    20175.48    1    1
(relay)    12    2    20279.62    20    20277.74    3    1
(advertise)    38    20279.82    2    20
(relay)    30    30    20300.24    20    20300.05    5    1
(advertise)    38    20303.04    30    20
(relay)    12    42    20326.05    20    20323.84    1    1
(relay)    12    15    20348.65    20    20308.74    1    1
(relay)    40    13    20400.85    20    20400.13    3    1
(advertise)    38    20401.05    13    20
(relay)    12    11    20447.86    20    20416.05    1    1
(relay)    12    9    20469.46    20    20422.98    1    1
(relay)    12    46    20490.46    20    20442.68    2    1
(advertise)    38    20490.66    46    20
(relay)    12    45    20513.27    20    20478.55    1    1
(relay)    40    44    20536.07    20    20494.74    1    1
(relay)    40    26    20559.47    20    20524.12    1    1
(generate)    38    20585.67    [3]    20
(relay)    27    16    20607.89    20    20594.87    3    1
(advertise)    38    20608.09    16    20
(relay)    12    29    20632.5    20    20618.83    1    1
(relay)    40    28    20702.3    20    20699.38    3    1
(advertise)    38    20702.5    28    20
(relay)    40    40    20724.91    20    20723.84    3    1
(advertise)    38    20726.71    40    20
(heartbeat)    3    5    20746.25    38    20747.53    2    8
(advertise)    38    20747.73    3    5
(relay)    12    23    20771.34    20    20726.96    1    1
(relay)    40    43    20771.74    20    20756.76    2    1
(advertise)    38    20772.14    43    20
(relay)    40    5    20797.75    20    20780.62    1    1
(relay)    12    12    20804.15    20    20803.19    3    1
(advertise)    38    20804.35    12    20
(relay)    31    35    20842.17    20    20806.52    1    1
(relay)    40    25    20863.97    20    20822.97    3    1
(advertise)    38    20864.17    25    20
(relay)    12    10    20905.38    20    20876.7    1    1
(relay)    40    47    20930.58    20    20929.12    3    1
(advertise)    38    20930.78    47    20
(relay)    27    27    20936.59    20    20936.49    4    1
(advertise)    38    20953.99    27    20
(relay)    12    7    20976.6    20    20909.73    1    1
(relay)    40    24    20987.4    20    20984.95    1    1
(relay)    12    0    21000.4    20    20912.98    1    1
(relay)    12    6    21046.2    20    20900.55    2    1
(advertise)    38    21046.4    6    20
(relay)    12    34    21068.02    21    21031.83    2    1
(advertise)    38    21068.42    34    21
(relay)    12    4    21092.63    22    21021.52    2    1
(advertise)    38    21092.83    4    22
(relay)    12    48    21114.24    21    21035.09    2    1
(advertise)    38    21115.84    48    21
(relay)    40    41    21140.46    21    21058.96    1    1
(relay)    12    1    21162.86    21    21154.44    2    1
(advertise)    38    21163.06    1    21
(relay)    12    33    21202.27    21    21164.78    1    1
(relay)    31    31    21219.47    21    21218.84    4    1
(advertise)    38    21219.67    31    21
(relay)    12    18    21247.08    21    21175.62    1    1
(relay)    30    2    21278.28    21    21277.91    3    1
(advertise)    38    21278.48    2    21
(relay)    30    30    21300.3    21    21300.23    5    1
(advertise)    38    21300.5    30    21
(relay)    40    42    21325.71    21    21323.99    1    1
(relay)    12    15    21349.31    21    21308.85    1    1
(relay)    40    13    21401.51    21    21400.31    3    1
(advertise)    38    21401.71    13    21
(relay)    12    46    21448.32    21    21442.76    2    1
(advertise)    38    21448.52    46    21
(relay)    12    45    21480.33    21    21478.67    2    1
(advertise)    38    21480.53    45    21
(relay)    12    44    21504.55    21    21494.76    1    1
(relay)    12    26    21529.35    21    21524.16    1    1
(generate)    38    21585.75    [3]    21
(relay)    27    16    21608.36    21    21595.06    3    1
(advertise)    38    21608.56    16    21
(relay)    12    29    21633.37    21    21618.97    1    1
(relay)    12    22    21654.97    21    21638.99    1    1
(relay)    40    28    21702.97    21    21699.51    3    1
(advertise)    38    21703.17    28    21
(relay)    40    40    21724.19    21    21724.02    3    1
(advertise)    38    21724.79    40    21
(relay)    40    23    21749.6    21    21727.04    1    1
(relay)    27    43    21771.8    21    21756.79    1    1
(relay)    12    12    21804.2    21    21803.24    3    1
(advertise)    38    21804.4    12    21
(relay)    40    35    21825.61    21    21806.61    3    1
(advertise)    38    21826.81    35    21
(relay)    40    25    21849.83    21    21823.05    3    1
(advertise)    38    21850.23    25    21
(relay)    12    10    21879.04    21    21876.89    1    1
(relay)    12    6    21924.24    21    21900.61    2    1
(advertise)    38    21924.44    6    21
(relay)    27    27    21937.05    21    21936.56    4    1
(advertise)    38    21945.45    27    21
(relay)    27    47    21947.06    21    21929.29    2    1
(advertise)    38    21968.26    47    21
(relay)    40    24    21994.28    21    21985.0    1    1
(relay)    12    8    22034.28    21    21959.27    1    1
(relay)    12    34    22057.88    22    22031.94    2    1
(advertise)    38    22058.08    34    22
(relay)    12    39    22079.69    21    21997.47    2    1
(advertise)    38    22079.89    39    21
(relay)    12    4    22099.9    23    22021.68    2    1
(advertise)    38    22103.5    4    23
(relay)    12    48    22121.52    22    22035.11    1    1
(relay)    40    36    22125.52    22    22076.92    1    1
(relay)    40    19    22150.92    22    22106.48    1    1
(relay)    40    1    22174.12    22    22154.55    3    1
(advertise)    38    22174.32    1    22
(relay)    40    41    22195.33    22    22059.11    1    1
(relay)    12    33    22210.33    22    22164.88    1    1
(relay)    31    31    22219.73    22    22219.08    4    1
(advertise)    38    22219.93    31    22
(relay)    12    14    22255.74    22    22177.27    1    1
(relay)    30    2    22278.34    22    22277.92    3    1
(advertise)    38    22278.54    2    22
(relay)    30    30    22300.96    22    22300.43    5    1
(advertise)    38    22301.16    30    22
(relay)    12    18    22304.17    22    22175.72    1    1
(relay)    40    15    22350.17    22    22308.94    1    1
(relay)    12    42    22392.17    22    22324.12    1    1
(relay)    40    13    22401.97    22    22400.45    3    1
(advertise)    38    22402.17    13    22
(relay)    40    37    22426.98    22    22406.56    1    1
(relay)    12    9    22457.38    22    22423.2    1    1
(relay)    12    11    22479.78    22    22416.33    1    1
(relay)    12    46    22502.78    22    22442.81    2    1
(advertise)    38    22502.98    46    22
(relay)    12    45    22524.59    22    22478.8    1    1
(relay)    40    44    22538.19    22    22494.78    1    1
(relay)    12    26    22544.99    22    22524.26    1    1
(generate)    38    22585.79    [3]    22
(relay)    12    16    22608.41    22    22595.23    3    1
(advertise)    38    22608.61    16    22
(relay)    12    20    22633.22    22    22602.81    1    1
(relay)    40    28    22703.62    22    22699.63    3    1
(advertise)    38    22703.82    28    22
(relay)    40    40    22724.23    22    22724.18    3    1
(advertise)    38    22725.23    40    22
(relay)    12    43    22757.65    22    22756.83    2    1
(advertise)    38    22757.85    43    22
(relay)    12    23    22779.66    22    22727.05    1    1
(relay)    40    5    22802.46    22    22780.87    1    1
(relay)    12    12    22804.46    22    22803.36    3    1
(advertise)    38    22804.66    12    22
(relay)    12    35    22840.87    22    22806.74    2    1
(advertise)    38    22841.07    35    22
(relay)    12    10    22880.09    22    22876.94    1    1
(relay)    12    32    22902.69    22    22885.11    1    1
(relay)    12    7    22927.49    22    22910.18    1    1
(relay)    40    47    22930.69    22    22929.45    3    1
(advertise)    38    22930.89    47    22
(relay)    27    27    22937.1    22    22936.58    4    1
(advertise)    38    22952.3    27    22
(relay)    12    0    22971.11    22    22913.22    1    1
(relay)    40    24    22987.51    22    22985.09    1    1
(relay)    12    39    23013.71    22    22997.55    2    1
(advertise)    38    23013.91    39    22
(relay)    12    4    23038.72    24    23021.87    2    1
(advertise)    38    23038.92    4    24
(relay)    12    34    23060.74    23    23032.06    2    1
(advertise)    38    23061.14    34    23
(relay)    12    48    23081.75    23    23035.29    1    1
(relay)    40    36    23110.95    23    23076.94    1    1
(relay)    40    19    23133.55    23    23106.48    1    1
(relay)    40    1    23157.35    23    23154.67    3    1
(advertise)    38    23157.55    1    23
(relay)    12    33    23181.76    23    23164.98    1    1
(relay)    12    14    23205.76    23    23177.34    1    1
(relay)    31    31    23219.56    23    23219.1    4    1
(advertise)    38    23219.76    31    23
(relay)    12    18    23249.98    23    23175.82    1    1
(relay)    12    17    23272.18    23    23184.63    1    1
(relay)    31    2    23278.98    23    23278.07    2    1
(advertise)    38    23279.18    2    23
(relay)    30    30    23301.19    23    23300.6    5    1
(advertise)    38    23302.59    30    23
(relay)    40    42    23328.4    23    23324.31    1    1
(relay)    40    15    23349.6    23    23309.02    1    1
(relay)    40    13    23402.6    23    23400.58    3    1
(advertise)    38    23402.8    13    23
(relay)    40    37    23427.22    23    23406.57    1    1
(relay)    12    11    23448.42    23    23416.45    1    1
(relay)    12    46    23491.22    23    23442.86    2    1
(advertise)    38    23491.42    46    23
(relay)    12    45    23515.23    23    23478.87    1    1
(relay)    40    44    23521.83    23    23494.8    1    1
(relay)    40    26    23546.03    23    23524.32    1    1
(generate)    38    23585.83    [3]    23
(relay)    40    16    23609.04    23    23595.4    3    1
(advertise)    38    23609.24    16    23
(relay)    12    29    23632.45    23    23619.22    1    1
(relay)    40    28    23704.45    23    23699.72    3    1
(advertise)    38    23704.65    28    23
(relay)    40    40    23724.47    23    23724.34    3    1
(advertise)    38    23725.67    40    23
(relay)    12    21    23748.88    23    23717.02    2    1
(advertise)    38    23749.28    21    23
(relay)    40    23    23771.09    23    23727.09    1    1
(relay)    40    43    23792.09    23    23757.02    2    1
(advertise)    38    23792.29    43    23
(relay)    12    12    23803.71    23    23803.66    3    1
(advertise)    38    23814.31    12    23
(relay)    40    35    23836.72    23    23806.83    3    1
(advertise)    38    23837.12    35    23
(relay)    12    25    23859.73    23    23823.3    2    1
(advertise)    38    23860.93    25    23
(relay)    12    10    23905.75    23    23876.98    1    1
(relay)    12    32    23927.55    23    23885.29    2    1
(advertise)    38    23927.75    32    23
(relay)    27    27    23937.16    23    23936.64    4    1
(advertise)    38    23949.16    27    23
(relay)    40    47    23951.17    23    23929.59    3    1
(advertise)    38    23970.77    47    23
(relay)    12    0    23992.78    23    23913.38    1    1
(relay)    40    24    23995.38    23    23985.15    1    1
(relay)    12    6    24015.18    23    23901.56    2    1
(advertise)    38    24015.38    6    23
(relay)    12    34    24061.4    24    24032.15    2    1
(advertise)    38    24061.6    34    24
(relay)    12    36    24121.61    24    24076.96    1    1
(relay)    12    4    24143.61    25    24022.02    2    1
(advertise)    38    24143.81    4    25
(relay)    12    48    24164.42    24    24035.29    1    1
(relay)    30    1    24167.22    24    24154.78    2    1
(advertise)    38    24167.82    1    24
(relay)    12    41    24209.84    24    24059.45    1    1
(relay)    31    31    24220.24    24    24219.16    4    1
(advertise)    38    24220.44    31    24
(relay)    12    33    24232.45    24    24165.1    1    1
(relay)    12    18    24276.65    24    24175.94    1    1
(relay)    30    2    24279.65    24    24278.24    3    1
(advertise)    38    24279.85    2    24
(relay)    30    30    24301.26    24    24300.77    5    1
(advertise)    38    24302.26    30    24
(relay)    40    42    24327.68    24    24324.41    1    1
(relay)    40    15    24349.48    24    24309.14    1    1
(relay)    12    13    24403.48    24    24400.74    2    1
(advertise)    38    24403.68    13    24
(relay)    12    11    24434.29    24    24416.62    1    1
(relay)    12    9    24457.69    24    24423.41    1    1
(relay)    12    46    24480.49    24    24442.88    2    1
(advertise)    38    24480.69    46    24
(relay)    12    44    24504.3    24    24495.0    1    1
(relay)    40    26    24544.1    24    24524.41    1    1
(generate)    38    24585.9    [3]    24
(relay)    40    16    24607.71    24    24595.55    3    1
(advertise)    38    24607.91    16    24
(relay)    12    22    24677.33    24    24639.16    1    1
(relay)    40    28    24702.53    24    24699.82    3    1
(advertise)    38    24702.73    28    24
(relay)    40    40    24724.54    24    24724.52    3    1
(advertise)    38    24724.94    40    24
(relay)    27    21    24747.75    24    24717.21    1    1
(heartbeat)    3    6    24746.27    38    24750.55    2    8
(advertise)    38    24751.15    3    6
(relay)    12    23    24768.37    24    24727.2    1    1
(relay)    40    43    24772.17    24    24757.05    2    1
(advertise)    38    24774.37    43    24
(relay)    12    12    24803.78    24    24803.74    3    1
(advertise)    38    24803.98    12    24
(relay)    40    35    24826.59    24    24806.92    3    1
(advertise)    38    24826.99    35    24
(relay)    12    5    24836.21    24    24780.95    1    1
(relay)    40    25    24848.21    24    24823.38    3    1
(advertise)    38    24849.61    25    24
(relay)    12    10    24900.42    24    24877.04    1    1
(relay)    40    32    24917.82    24    24885.48    1    1
(relay)    27    27    24937.22    24    24936.7    4    1
(advertise)    38    24937.42    27    24
(relay)    40    47    24962.23    24    24929.76    3    1
(advertise)    38    24962.63    47    24
(relay)    12    7    24967.24    24    24910.25    1    1
(relay)    12    6    24987.84    24    24902.9    2    1
(advertise)    38    24988.04    6    24
(relay)    40    24    25007.86    24    24985.2    1    1
(relay)    12    0    25032.86    24    24913.53    1    1
(relay)    12    39    25075.66    24    24997.61    2    1
(advertise)    38    25075.86    39    24
(relay)    12    4    25099.67    26    25022.02    1    1
(relay)    12    48    25124.07    25    25035.29    1    1
(relay)    40    19    25148.67    25    25106.64    1    1
(relay)    27    1    25170.27    25    25154.86    2    1
(advertise)    38    25170.47    1    25
(relay)    40    36    25194.48    25    25077.16    1    1
(relay)    12    33    25201.68    25    25165.23    1    1
(relay)    31    31    25220.28    25    25219.2    4    1
(advertise)    38    25220.48    31    25
(relay)    12    14    25247.1    25    25177.73    1    1
(relay)    12    2    25279.1    25    25278.38    3    1
(advertise)    38    25279.3    2    25
(relay)    30    30    25301.71    25    25300.78    5    1
(relay)    12    17    25302.11    25    25184.82    1    2
(advertise)    38    25302.51    30    25
(relay)    40    42    25328.32    25    25324.55    1    1
(relay)    40    15    25349.32    25    25309.28    1    1
(relay)    40    13    25403.92    25    25400.92    3    1
(advertise)    38    25404.12    13    25
(relay)    12    37    25428.14    25    25406.62    1    1
(relay)    12    11    25450.74    25    25416.78    1    1
(relay)    12    46    25474.14    25    25442.94    2    1
(advertise)    38    25474.34    46    25
(relay)    40    44    25499.35    25    25495.05    1    1
(relay)    12    45    25520.95    25    25479.16    1    1
(relay)    40    26    25541.55    25    25524.46    1    1
(generate)    38    25585.95    [3]    25
(relay)    40    16    25608.96    25    25595.69    3    1
(advertise)    38    25609.16    16    25
(relay)    12    29    25634.17    25    25619.53    1    1
(relay)    40    28    25701.77    25    25699.95    3    1
(advertise)    38    25701.97    28    25
(relay)    40    40    25725.19    25    25724.65    3    1
(advertise)    38    25725.99    40    25
(relay)    40    23    25752.4    25    25727.25    1    1
(relay)    12    43    25758.8    25    25757.12    2    1
(advertise)    38    25759.0    43    25
(relay)    12    5    25791.61    25    25781.04    1    1
(relay)    12    12    25804.01    25    25803.86    3    1
(advertise)    38    25804.21    12    25
(relay)    12    35    25826.03    25    25807.05    2    1
(advertise)    38    25826.23    35    25
(relay)    12    25    25848.44    25    25823.5    3    1
(advertise)    38    25849.44    25    25
(relay)    12    10    25880.25    25    25877.04    1    1
(relay)    12    7    25911.85    25    25910.27    1    1
(relay)    40    47    25932.45    25    25929.92    3    1
(advertise)    38    25932.65    47    25
(relay)    27    27    25937.67    25    25936.75    4    1
(advertise)    38    25953.67    27    25
(relay)    12    0    25958.08    25    25913.7    1    1
(relay)    12    39    26003.88    25    25997.62    2    1
(advertise)    38    26004.08    39    25
(relay)    12    4    26026.09    27    26022.19    2    1
(advertise)    38    26026.29    4    27
(relay)    12    34    26047.3    26    26032.42    2    1
(advertise)    38    26048.5    34    26
(relay)    12    48    26071.52    26    26035.88    2    1
(advertise)    38    26072.12    48    26
(relay)    12    36    26104.53    26    26077.18    1    1
(relay)    40    19    26145.93    26    26106.76    1    1
(relay)    12    1    26167.33    26    26154.96    2    1
(advertise)    38    26167.53    1    26
(relay)    12    14    26191.14    26    26177.82    1    1
(relay)    31    31    26220.34    26    26219.26    4    1
(advertise)    38    26220.54    31    26
(relay)    12    17    26243.56    26    26184.82    1    1
(relay)    27    2    26279.76    26    26278.51    3    1
(advertise)    38    26279.96    2    26
(relay)    30    30    26301.97    26    26300.93    5    1
(advertise)    38    26302.77    30    26
(relay)    12    15    26327.38    26    26309.32    1    1
(relay)    12    42    26351.18    26    26324.68    1    1
(relay)    40    13    26404.38    26    26401.09    3    1
(advertise)    38    26404.58    13    26
(relay)    12    37    26428.4    26    26406.67    1    1
(relay)    12    11    26451.8    26    26416.89    1    1
(relay)    12    9    26474.8    26    26423.61    1    1
(relay)    12    46    26496.4    26    26443.02    2    1
(advertise)    38    26496.6    46    26
(relay)    12    45    26518.41    26    26480.28    2    1
(advertise)    38    26518.81    45    26
(relay)    12    26    26542.02    26    26524.53    1    1
(generate)    38    26586.02    [3]    26
(relay)    31    16    26610.43    26    26595.8    2    1
(advertise)    38    26610.63    16    26
(relay)    12    20    26634.85    26    26603.27    1    1
(relay)    12    29    26657.85    26    26619.58    1    1
(relay)    12    22    26680.05    26    26639.31    1    1
(relay)    40    28    26701.25    26    26700.07    3    1
(advertise)    38    26701.45    28    26
(relay)    40    40    26725.26    26    26724.75    3    1
(advertise)    38    26725.66    40    26
(relay)    12    21    26748.07    26    26717.39    2    1
(advertise)    38    26748.67    21    26
(relay)    12    43    26769.49    26    26757.31    2    1
(advertise)    38    26770.89    43    26
(relay)    12    12    26804.5    26    26803.93    3    1
(advertise)    38    26804.7    12    26
(relay)    40    35    26826.31    26    26807.11    3    1
(advertise)    38    26826.71    35    26
(relay)    40    25    26847.73    26    26823.55    3    1
(advertise)    38    26849.13    25    26
(relay)    12    10    26905.14    26    26877.07    1    1
(relay)    40    47    26932.94    26    26930.08    3    1
(advertise)    38    26933.14    47    26
(relay)    27    27    26937.75    26    26936.83    4    1
(advertise)    38    26954.55    27    26
(relay)    12    7    26976.56    26    26910.28    1    1
(relay)    40    24    26986.36    26    26985.39    1    1
(relay)    12    6    27000.16    26    26903.15    2    1
(advertise)    38    27000.36    6    26
(relay)    12    0    27043.78    26    26913.81    1    1
(relay)    12    34    27065.98    27    27032.54    2    1
(advertise)    38    27066.18    34    27
(relay)    12    39    27087.59    26    26997.66    2    1
(advertise)    38    27089.19    39    26
(relay)    12    4    27110.2    28    27022.35    2    1
(advertise)    38    27111.8    4    28
(relay)    40    48    27132.02    27    27036.07    1    1
(relay)    27    1    27155.62    27    27155.01    2    1
(advertise)    38    27155.82    1    27
(relay)    40    36    27179.23    27    27077.2    1    1
(relay)    40    19    27202.63    27    27106.91    1    1
(relay)    12    33    27203.63    27    27165.46    1    1
(relay)    27    31    27220.63    27    27219.36    3    1
(advertise)    38    27220.83    31    27
(relay)    12    2    27279.44    27    27278.67    3    1
(advertise)    38    27279.64    2    27
(relay)    30    30    27302.06    27    27301.11    5    1
(advertise)    38    27303.46    30    27
(relay)    12    42    27328.07    27    27324.83    1    1
(relay)    40    15    27350.47    27    27309.39    1    1
(relay)    40    13    27403.67    27    27401.25    3    1
(advertise)    38    27403.87    13    27
(relay)    12    11    27453.28    27    27417.04    1    1
(relay)    40    44    27516.48    27    27495.11    1    1
(relay)    12    45    27539.08    27    27480.39    1    1
(relay)    40    26    27560.28    27    27524.61    1    1
(generate)    38    27586.08    [3]    27
(relay)    12    16    27608.09    27    27595.97    3    1
(advertise)    38    27608.29    16    27
(relay)    12    29    27632.31    27    27619.7    1    1
(relay)    40    28    27701.71    27    27700.18    3    1
(advertise)    38    27701.91    28    27
(relay)    40    40    27725.52    27    27724.91    3    1
(relay)    12    21    27725.72    27    27717.4    2    2
(advertise)    38    27725.92    40    27
(advertise)    38    27747.53    21    27
(relay)    12    43    27759.15    27    27757.35    2    1
(advertise)    38    27770.55    43    27
(relay)    12    5    27792.76    27    27781.05    1    1
(relay)    12    12    27804.56    27    27803.96    3    1
(advertise)    38    27804.76    12    27
(relay)    12    35    27826.57    27    27807.2    2    1
(advertise)    38    27827.57    35    27
(relay)    40    25    27849.19    27    27823.64    3    1
(advertise)    38    27849.59    25    27
(relay)    12    10    27883.0    27    27877.14    1    1
(relay)    12    32    27906.4    27    27885.99    1    1
(relay)    12    7    27928.8    27    27910.36    1    1
(relay)    40    47    27933.6    27    27930.24    3    1
(advertise)    38    27933.8    47    27
(relay)    27    27    27937.81    27    27936.89    4    1
(advertise)    38    27957.41    27    27
(relay)    40    24    27986.82    27    27985.5    1    1
(relay)    12    0    27997.02    27    27913.94    1    1
(relay)    12    6    28020.42    27    27903.26    1    1
(relay)    12    34    28062.82    28    28032.67    2    1
(advertise)    38    28063.02    34    28
(relay)    12    39    28085.64    27    27997.75    2    1
(advertise)    38    28086.04    39    27
(relay)    12    4    28107.05    29    28022.54    2    1
(advertise)    38    28107.65    4    29
(relay)    12    36    28131.06    28    28077.21    1    1
(relay)    12    41    28153.06    28    28059.87    1    1
(relay)    40    19    28154.26    28    28107.04    1    1
(relay)    27    1    28175.86    28    28155.12    2    1
(advertise)    38    28176.06    1    28
(relay)    12    33    28217.88    28    28165.55    1    1
(relay)    31    31    28219.48    28    28219.39    4    1
(advertise)    38    28219.68    31    28
(relay)    12    18    28262.29    28    28176.4    1    1
(relay)    30    2    28281.09    28    28278.81    3    1
(advertise)    38    28281.29    2    28
(relay)    12    14    28284.9    28    28177.97    1    1
(relay)    30    30    28301.3    28    28301.28    5    1
(advertise)    38    28303.3    30    28
(relay)    40    15    28328.12    28    28309.47    1    1
(relay)    40    13    28403.12    28    28401.4    3    1
(advertise)    38    28403.32    13    28
(relay)    40    37    28429.13    28    28406.68    1    1
(relay)    12    11    28478.13    28    28417.16    1    1
(relay)    12    46    28522.73    28    28443.17    2    1
(advertise)    38    28522.93    46    28
(relay)    40    26    28545.54    28    28524.69    1    1
(generate)    38    28586.14    [3]    28
(relay)    40    16    28609.15    28    28596.11    3    1
(advertise)    38    28609.35    16    28
(relay)    12    20    28633.77    28    28603.47    1    1
(relay)    30    28    28703.57    28    28700.3    2    1
(advertise)    38    28703.77    28    28
(relay)    40    40    28725.98    28    28725.02    3    1
(advertise)    38    28726.38    40    28
(heartbeat)    3    7    28746.28    38    28748.39    2    8
(advertise)    38    28749.59    3    7
(relay)    40    43    28769.01    28    28757.5    2    1
(advertise)    38    28770.81    43    28
(relay)    12    12    28804.62    28    28804.01    3    1
(advertise)    38    28804.82    12    28
(relay)    12    5    28814.63    28    28781.1    1    1
(relay)    40    35    28827.23    28    28807.29    3    1
(advertise)    38    28828.03    35    28
(relay)    30    25    28849.45    28    28823.72    2    1
(advertise)    38    28851.65    25    28
(relay)    12    10    28903.26    28    28877.21    1    1
(relay)    40    47    28932.86    28    28930.42    3    1
(advertise)    38    28933.06    47    28
(relay)    27    27    28937.07    28    28936.94    4    1
(advertise)    38    28954.67    27    28
(relay)    12    24    28992.88    28    28985.61    1    1
(relay)    12    6    29015.88    28    28903.36    1    1
(relay)    12    34    29038.48    29    29032.87    2    1
(advertise)    38    29038.68    34    29
(relay)    12    39    29060.9    28    28997.8    2    1
(advertise)    38    29061.7    39    28
(relay)    12    48    29083.31    29    29037.08    2    1
(advertise)    38    29083.71    48    29
(relay)    40    1    29156.12    29    29155.18    3    1
(advertise)    38    29156.32    1    29
(relay)    12    33    29180.74    29    29165.66    1    1
(relay)    40    19    29198.34    29    29107.2    1    1
(relay)    40    36    29219.14    29    29077.25    1    1
(relay)    31    31    29219.54    29    29219.42    4    1
(advertise)    38    29219.74    31    29
(relay)    12    18    29247.55    29    29176.5    1    1
(relay)    40    2    29280.55    29    29278.93    3    1
(advertise)    38    29280.75    2    29
(relay)    30    30    29301.56    29    29301.29    5    1
(advertise)    38    29302.56    30    29
(relay)    40    15    29344.38    29    29309.6    1    1
(relay)    40    42    29371.18    29    29326.14    1    1
(relay)    40    13    29402.18    29    29401.58    3    1
(advertise)    38    29402.38    13    29
(relay)    40    37    29427.39    29    29406.73    1    1
(relay)    12    9    29451.99    29    29423.82    1    1
(relay)    12    46    29474.19    29    29443.22    2    1
(advertise)    38    29474.39    46    29
(relay)    12    45    29496.2    29    29480.62    2    1
(advertise)    38    29496.4    45    29
(relay)    12    44    29524.01    29    29495.17    1    1
(relay)    12    26    29545.61    29    29524.77    1    1
(generate)    38    29586.21    [3]    29
(relay)    40    16    29608.03    29    29596.28    3    1
(advertise)    38    29608.23    16    29
(relay)    30    28    29703.64    29    29700.42    2    1
(advertise)    38    29703.84    28    29
(relay)    40    40    29726.25    29    29725.17    3    1
(advertise)    38    29726.45    40    29
(relay)    12    12    29805.07    29    29804.05    3    1
(advertise)    38    29805.27    12    29
(relay)    40    35    29827.68    29    29807.36    3    1
(advertise)    38    29828.28    35    29
(relay)    40    25    29848.89    29    29823.79    2    1
(advertise)    38    29849.49    25    29
(relay)    12    10    29881.71    29    29877.25    1    1
(relay)    12    32    29904.91    29    29886.3    2    1
(advertise)    38    29905.11    32    29
(relay)    12    7    29926.12    29    29910.45    1    1
(relay)    40    47    29932.12    29    29930.58    3    1
(advertise)    38    29932.52    47    29
(relay)    27    27    29937.13    29    29936.98    4    1
(advertise)    38    29954.73    27    29
