(relay)    0    4    30.4    1    19    125    1
(advertise)    6    41.8    4    1
(relay)    4    4    1019.01    2    1019.01    127    1
(advertise)    6    1019.21    4    2
(relay)    4    48    1033.23    1    1033.03    126    1
(relay)    21    34    1042.63    1    1029.03    126    2
(advertise)    6    1042.83    48    1
(advertise)    6    1063.84    34    1
(relay)    4    41    1078.45    1    1055.04    125    1
(advertise)    6    1087.45    41    1
(relay)    4    36    1102.27    1    1075.05    123    1
(advertise)    6    1111.07    36    1
(relay)    4    19    1124.28    1    1103.07    124    1
(advertise)    6    1133.28    19    1
(relay)    39    1    1157.89    1    1152.09    123    1
(advertise)    6    1158.49    1    1
(relay)    33    33    1162.7    1    1162.1    127    1
(relay)    18    18    1174.1    1    1173.1    127    2
(advertise)    6    1180.1    33    1
(advertise)    6    1202.72    18    1
(relay)    4    17    1221.13    1    1183.12    126    1
(relay)    11    14    1223.73    1    1175.1    125    2
(advertise)    6    1224.93    17    1
(advertise)    6    1246.94    14    1
(relay)    11    31    1270.56    1    1217.13    120    1
(advertise)    6    1270.96    31    1
(relay)    11    2    1291.57    1    1275.17    122    1
(advertise)    6    1293.77    2    1
(relay)    0    15    1312.98    1    1305.17    125    1
(advertise)    6    1316.38    15    1
(relay)    11    42    1336.4    1    1320.2    124    1
(advertise)    6    1337.8    42    1
(relay)    39    30    1359.01    1    1297.18    122    1
(advertise)    6    1360.61    30    1
(relay)    4    13    1400.22    1    1397.02    121    1
(advertise)    6    1400.42    13    1
(relay)    11    11    1413.63    1    1413.03    127    1
(advertise)    6    1424.23    11    1
(relay)    11    46    1443.25    1    1441.05    126    1
(relay)    39    9    1444.45    1    1420.03    126    2
(advertise)    6    1447.85    46    1
(advertise)    6    1469.66    9    1
(relay)    45    45    1476.07    1    1476.07    127    1
(relay)    39    37    1486.67    1    1405.03    121    2
(advertise)    6    1491.87    45    1
(advertise)    6    1515.69    37    1
(relay)    11    44    1532.5    1    1493.09    123    1
(advertise)    6    1537.5    44    1
(relay)    20    26    1559.11    1    1522.1    123    1
(advertise)    6    1559.51    26    1
(relay)    0    38    1585.73    1    1584.13    123    1
(advertise)    6    1586.13    38    1
(relay)    20    20    1600.74    1    1600.14    127    1
(advertise)    6    1608.14    20    1
(relay)    18    29    1631.35    1    1616.15    125    1
(advertise)    6    1631.95    29    1
(relay)    39    22    1652.76    1    1637.16    126    1
(advertise)    6    1653.96    22    1
(relay)    0    28    1704.58    1    1697.16    120    1
(advertise)    6    1704.78    28    1
(relay)    21    21    1715.19    1    1714.19    127    1
(advertise)    6    1726.99    21    1
(relay)    39    40    1748.8    1    1721.19    122    1
(advertise)    6    1749.2    40    1
(relay)    39    43    1771.22    1    1755.03    124    1
(advertise)    6    1771.42    43    1
(relay)    4    5    1793.83    1    1779.04    125    1
(advertise)    6    1794.23    5    1
(relay)    4    23    1816.24    1    1725.0    121    1
(advertise)    6    1817.04    23    1
(relay)    4    12    1837.26    1    1799.04    122    1
(advertise)    6    1838.66    12    1
(relay)    21    35    1861.67    1    1803.04    123    1
(advertise)    6    1862.27    35    1
(relay)    4    10    1883.08    1    1875.08    126    1
(advertise)    6    1886.28    10    1
(generate)    6    1896.09    [3]    1
(relay)    4    32    1904.91    1    1882.08    125    1
(advertise)    6    1908.51    32    1
(relay)    0    0    1911.12    1    1910.11    127    1
(relay)    4    25    1926.72    1    1821.06    123    2
(advertise)    6    1930.12    0    1
(relay)    33    7    1950.93    1    1908.11    126    2
(advertise)    6    1951.53    25    1
(advertise)    6    1972.75    7    1
(relay)    0    27    1996.36    1    1935.12    123    1
(advertise)    6    1996.76    27    1
(relay)    0    39    2017.97    1    1996.16    126    1
(relay)    4    4    2019.17    3    2019.17    127    2
(advertise)    6    2019.37    39    1
(relay)    0    8    2041.39    1    1957.13    125    2
(advertise)    6    2041.79    4    3
(relay)    21    34    2057.8    2    2029.17    126    2
(advertise)    6    2064.2    8    1
(relay)    4    48    2085.61    2    2033.17    126    2
(advertise)    6    2086.01    34    2
(relay)    0    24    2108.22    1    1983.16    124    2
(advertise)    6    2109.42    48    2
(advertise)    6    2131.04    24    1
(relay)    4    41    2153.05    2    2055.2    125    1
(advertise)    6    2154.05    41    2
(relay)    33    33    2163.26    2    2162.25    127    1
(relay)    18    18    2174.26    2    2173.26    127    2
(advertise)    6    2175.06    33    2
(relay)    4    17    2196.28    2    2183.28    126    2
(advertise)    6    2197.28    18    2
(relay)    4    36    2217.49    2    2075.21    124    2
(advertise)    6    2220.09    17    2
(relay)    39    14    2222.7    2    2175.26    126    2
(advertise)    6    2241.1    36    2
(advertise)    6    2262.32    14    2
(relay)    18    19    2280.93    2    2103.22    123    1
(advertise)    6    2284.93    19    2
(relay)    4    1    2306.94    2    2152.25    122    1
(advertise)    6    2307.74    1    2
(relay)    4    15    2328.95    2    2305.33    125    1
(advertise)    6    2329.75    15    2
(relay)    39    42    2333.57    2    2320.35    125    1
(advertise)    6    2350.97    42    2
(relay)    21    31    2364.58    2    2217.28    124    1
(advertise)    6    2372.18    31    2
(relay)    4    2    2398.19    2    2275.32    122    1
(advertise)    6    2399.19    2    2
(relay)    0    11    2421.21    2    2413.19    125    1
(advertise)    6    2423.01    11    2
(relay)    39    30    2424.42    2    2297.33    123    1
(advertise)    6    2447.02    30    2
(relay)    11    46    2461.03    2    2441.22    126    1
(advertise)    6    2468.83    46    2
(relay)    45    45    2476.24    2    2476.23    127    1
(relay)    45    9    2480.24    2    2420.99    125    2
(advertise)    6    2490.24    45    2
(advertise)    6    2512.26    9    2
(relay)    45    37    2527.87    2    2405.21    123    1
(advertise)    6    2534.07    37    2
(relay)    11    13    2551.48    2    2397.18    119    1
(advertise)    6    2555.88    13    2
(relay)    11    44    2573.5    2    2493.26    123    1
(advertise)    6    2579.1    44    2
(relay)    39    26    2596.31    2    2522.27    124    1
(relay)    20    20    2600.91    2    2600.31    127    2
(advertise)    6    2602.31    26    2
(relay)    39    29    2620.32    2    2616.32    125    2
(advertise)    6    2625.72    20    2
(advertise)    6    2649.74    29    2
(relay)    39    22    2663.75    2    2637.32    126    1
(relay)    11    16    2663.95    2    2592.3    122    2
(advertise)    6    2670.75    22    2
(advertise)    6    2692.36    16    2
(relay)    11    38    2707.77    2    2584.3    121    1
(relay)    21    21    2715.37    2    2714.37    127    2
(advertise)    6    2716.17    38    2
(advertise)    6    2739.39    21    2
(relay)    11    23    2749.0    2    2725.19    123    1
(advertise)    6    2761.0    23    2
(relay)    39    40    2773.61    2    2721.37    122    1
(advertise)    6    2783.61    40    2
(relay)    39    43    2801.03    2    2755.21    123    1
(advertise)    6    2805.63    43    2
(relay)    20    5    2822.24    2    2779.23    122    1
(advertise)    6    2826.64    5    2
(relay)    11    28    2844.05    2    2697.32    120    1
(advertise)    6    2849.05    28    2
(relay)    21    12    2867.27    2    2799.23    122    1
(advertise)    6    2871.07    12    2
(relay)    45    32    2891.28    2    2882.28    126    1
(relay)    33    10    2892.28    2    2875.27    126    2
(advertise)    6    2893.08    32    2
(generate)    6    2896.29    [3]    2
(relay)    0    0    2911.3    2    2910.29    127    2
(advertise)    6    2915.1    10    2
(relay)    33    7    2936.12    2    2908.29    126    2
(advertise)    6    2937.92    0    2
(advertise)    6    2959.13    7    2
(relay)    21    35    2976.14    2    2803.23    122    1
(advertise)    6    2982.54    35    2
(relay)    39    25    3002.16    2    2821.24    123    1
(advertise)    6    3006.76    25    2
(relay)    4    4    3019.37    4    3019.36    127    1
(relay)    0    8    3025.17    2    2957.33    125    2
(advertise)    6    3029.77    4    4
(relay)    18    39    3044.58    2    2996.34    126    2
(advertise)    6    3052.18    8    2
(relay)    21    34    3067.0    3    3029.37    126    2
(advertise)    6    3074.0    39    2
(relay)    4    48    3089.41    3    3033.37    126    2
(advertise)    6    3095.41    34    3
(relay)    4    47    3111.02    2    2925.49    122    2
(advertise)    6    3116.42    48    3
(advertise)    6    3137.63    47    2
(relay)    4    24    3156.05    2    2983.36    124    1
(relay)    39    27    3158.45    2    2935.3    122    2
(advertise)    6    3160.65    24    2
(relay)    33    33    3163.46    3    3162.45    127    2
(relay)    18    18    3174.46    3    3173.45    127    3
(relay)    4    41    3177.26    3    3055.4    125    4
(advertise)    6    3182.86    27    2
(advertise)    6    3204.87    33    3
(advertise)    6    3226.89    18    3
(relay)    4    17    3244.3    3    3183.47    126    2
(advertise)    6    3249.1    41    3
(advertise)    6    3270.11    17    3
(relay)    4    36    3286.73    3    3075.61    123    1
(relay)    0    14    3288.13    3    3175.45    125    2
(advertise)    6    3293.73    36    3
(advertise)    6    3315.94    14    3
(relay)    4    19    3331.95    3    3103.42    124    1
(advertise)    6    3336.95    19    3
(relay)    4    1    3355.56    3    3152.45    121    1
(advertise)    6    3358.76    1    3
(relay)    39    31    3377.78    3    3217.47    124    1
(relay)    4    42    3377.98    3    3320.55    124    2
(advertise)    6    3379.78    31    3
(advertise)    6    3400.99    42    3
(relay)    11    11    3414.0    3    3413.39    127    1
(relay)    39    2    3420.6    3    3275.5    124    2
(advertise)    6    3422.4    11    3
(advertise)    6    3444.02    2    3
(relay)    4    15    3447.83    3    3305.53    123    1
(advertise)    6    3467.03    15    3
(relay)    0    46    3470.44    3    3441.4    126    1
(relay)    45    45    3476.44    3    3476.43    127    2
(relay)    21    30    3485.84    3    3297.51    123    3
(relay)    4    9    3489.64    3    3421.19    126    4
(advertise)    6    3490.04    46    3
(advertise)    6    3512.66    45    3
(advertise)    6    3535.27    30    3
(advertise)    6    3558.28    9    3
(relay)    4    37    3576.69    3    3405.4    122    1
(relay)    39    13    3576.89    3    3397.38    122    2
(advertise)    6    3580.09    37    3
(relay)    20    20    3601.11    3    3600.51    127    2
(advertise)    6    3602.71    13    3
(relay)    39    26    3623.52    3    3522.47    123    2
(advertise)    6    3624.92    20    3
(advertise)    6    3647.33    26    3
(relay)    4    22    3663.35    3    3637.52    126    1
(relay)    39    29    3668.75    3    3616.52    125    2
(advertise)    6    3671.35    22    3
(advertise)    6    3693.36    29    3
(relay)    4    16    3709.17    3    3592.49    122    1
(relay)    21    38    3710.77    3    3584.49    124    2
(relay)    21    21    3715.57    3    3714.57    127    3
(advertise)    6    3716.57    16    3
(advertise)    6    3738.59    38    3
(advertise)    6    3761.4    21    3
(relay)    4    23    3773.81    3    3725.39    124    1
(advertise)    6    3783.01    23    3
(relay)    21    40    3796.22    3    3721.57    123    1
(relay)    4    5    3797.42    3    3779.42    125    2
(advertise)    6    3804.22    40    3
(advertise)    6    3825.44    5    3
(relay)    4    43    3840.25    3    3755.41    123    1
(advertise)    6    3847.65    43    3
(relay)    4    12    3863.66    3    3799.62    123    1
(advertise)    6    3868.86    12    3
(relay)    4    10    3885.08    3    3875.46    126    1
(advertise)    6    3890.08    10    3
(generate)    6    3896.49    [3]    3
(relay)    4    32    3905.7    3    3882.48    126    1
(relay)    0    0    3910.7    3    3910.49    127    2
(advertise)    6    3912.1    32    3
(relay)    4    28    3927.72    3    3697.49    120    2
(advertise)    6    3933.72    0    3
(advertise)    6    3955.13    28    3
(relay)    33    7    3960.54    3    3908.49    126    1
(advertise)    6    3976.14    7    3
(relay)    39    39    3996.55    3    3996.54    127    1
(advertise)    6    3997.55    39    3
(relay)    0    35    4005.17    3    3803.42    122    1
(advertise)    6    4019.37    35    3
(relay)    39    25    4043.38    3    3821.44    121    1
(advertise)    6    4044.38    25    3
(relay)    0    8    4051.19    3    3957.73    125    1
(advertise)    6    4067.19    8    3
(relay)    4    48    4081.81    4    4033.57    126    1
(relay)    21    34    4084.01    4    4029.57    126    2
(advertise)    6    4089.01    48    4
(relay)    0    4    4094.42    5    4019.37    125    2
(advertise)    6    4110.42    34    4
(relay)    21    27    4129.03    3    3935.49    124    2
(advertise)    6    4131.43    4    5
(relay)    4    24    4150.65    3    3983.55    124    2
(advertise)    6    4152.45    27    3
(relay)    33    33    4163.66    4    4162.65    127    2
(advertise)    6    4174.66    24    3
(relay)    4    41    4192.67    4    4055.59    124    2
(advertise)    6    4197.27    33    4
(relay)    39    47    4203.48    3    3925.69    122    2
(advertise)    6    4220.08    41    4
(relay)    4    17    4237.3    4    4183.67    126    2
(relay)    45    18    4239.7    4    4173.65    126    3
(advertise)    6    4242.1    47    3
(relay)    39    14    4248.71    4    4175.65    126    3
(advertise)    6    4263.71    17    4
(relay)    4    36    4280.72    4    4075.81    124    3
(advertise)    6    4286.12    18    4
(advertise)    6    4309.34    14    4
(advertise)    6    4332.55    36    4
(relay)    39    19    4338.36    4    4103.62    124    1
(relay)    21    1    4350.36    4    4152.65    123    2
(advertise)    6    4354.56    19    4
(advertise)    6    4376.78    1    4
(relay)    4    15    4390.39    4    4305.72    124    1
(advertise)    6    4399.79    15    4
(relay)    39    2    4402.4    4    4275.7    124    1
(relay)    11    11    4414.2    4    4413.59    127    2
(relay)    18    42    4420.8    4    4320.75    124    3
(advertise)    6    4421.8    2    4
(advertise)    6    4445.01    11    4
(advertise)    6    4466.23    42    4
(relay)    4    9    4478.04    4    4421.38    126    1
(advertise)    6    4488.24    9    4
(relay)    11    46    4492.85    4    4441.41    126    1
(relay)    21    30    4503.65    4    4297.71    123    2
(advertise)    6    4509.85    46    4
(advertise)    6    4534.47    30    4
(relay)    4    37    4544.28    4    4405.59    123    1
(advertise)    6    4555.48    37    4
(relay)    4    45    4567.69    4    4476.63    125    1
(advertise)    6    4577.09    45    4
(relay)    4    13    4589.51    4    4397.56    121    1
(advertise)    6    4599.51    13    4
(relay)    20    20    4601.72    4    4600.71    127    1
(relay)    4    26    4612.12    4    4522.67    124    2
(advertise)    6    4621.32    20    4
(advertise)    6    4644.13    26    4
(relay)    4    44    4655.54    4    4493.65    123    1
(advertise)    6    4666.34    44    4
(relay)    4    22    4677.96    4    4637.71    126    1
(advertise)    6    4690.16    22    4
(relay)    20    38    4705.17    4    4584.68    123    1
(advertise)    6    4714.17    38    4
(relay)    21    21    4715.78    4    4714.77    127    1
(relay)    39    16    4729.58    4    4592.69    124    2
(relay)    0    29    4732.98    4    4616.72    123    3
(advertise)    6    4735.18    21    4
(advertise)    6    4756.6    16    4
(advertise)    6    4778.01    29    4
(relay)    4    23    4793.82    4    4725.78    125    1
(advertise)    6    4800.02    23    4
(relay)    4    5    4815.24    4    4779.61    2    1
(heartbeat)    3    1    4746.2    6    4816.24    127    0
(relay)    21    40    4816.44    4    4721.77    124    3
(advertise)    6    4823.84    5    4
(advertise)    6    4845.65    3    1
(advertise)    6    4869.06    40    4
(relay)    21    12    4881.27    4    4800.42    1    1
(relay)    4    10    4883.07    4    4875.66    2    1
(advertise)    6    4891.07    10    4
(generate)    6    4896.89    [3]    4
(relay)    4    32    4903.9    4    4882.67    4    1
(relay)    0    0    4910.5    4    4910.5    5    2
(advertise)    6    4912.3    32    4
(advertise)    6    4933.91    0    4
(relay)    4    7    4950.13    4    4908.69    2    1
(advertise)    6    4954.93    7    4
(relay)    0    28    4975.74    4    4697.69    119    1
(advertise)    6    4978.94    28    4
(relay)    39    39    4996.75    4    4996.55    4    1
(advertise)    6    5001.75    39    4
(relay)    4    4    5020.17    6    5019.57    5    1
(advertise)    6    5025.37    4    6
(relay)    4    8    5039.58    4    4957.93    2    1
(advertise)    6    5047.58    8    4
(relay)    4    48    5062.99    5    5033.77    4    1
(advertise)    6    5069.99    48    5
(relay)    21    34    5078.6    5    5029.77    2    1
(advertise)    6    5093.0    34    5
(relay)    4    41    5108.22    5    5055.78    3    1
(advertise)    6    5114.82    41    5
(relay)    39    27    5127.63    4    4935.5    1    1
(relay)    4    25    5130.03    4    4821.62    120    1
(advertise)    6    5136.23    25    4
(relay)    4    36    5152.04    5    5075.95    3    1
(advertise)    6    5158.64    36    5
(relay)    33    33    5163.86    5    5162.84    6    1
(relay)    18    18    5173.86    5    5173.66    5    2
(advertise)    6    5179.66    33    5
(relay)    4    17    5195.47    5    5183.87    3    2
(advertise)    6    5202.47    18    5
(advertise)    6    5223.48    17    5
(relay)    39    14    5281.7    5    5175.84    1    1
(relay)    39    19    5304.1    5    5104.39    1    1
(relay)    4    15    5308.1    5    5305.91    2    1
(advertise)    6    5308.3    15    5
(relay)    21    31    5325.31    5    5217.82    2    1
(advertise)    6    5329.31    31    5
(relay)    39    42    5349.72    5    5320.95    1    1
(relay)    21    37    5411.52    5    5405.64    1    1
(relay)    11    11    5414.72    5    5413.73    5    1
(advertise)    6    5414.92    11    5
(relay)    11    46    5442.13    5    5441.6    3    1
(advertise)    6    5442.33    46    5
(relay)    4    9    5454.55    5    5421.55    3    1
(relay)    21    2    5457.15    5    5275.87    1    2
(advertise)    6    5463.55    9    5
(relay)    45    45    5477.36    5    5476.76    5    1
(advertise)    6    5484.56    45    5
(relay)    39    30    5502.17    5    5297.77    1    1
(relay)    11    44    5520.17    5    5493.71    1    1
(relay)    45    26    5542.57    5    5522.72    1    1
(relay)    20    20    5601.77    5    5600.77    5    1
(advertise)    6    5601.97    20    5
(relay)    4    29    5623.99    5    5616.92    1    1
(relay)    21    38    5639.99    5    5584.72    1    1
(relay)    4    22    5645.99    5    5637.88    3    1
(advertise)    6    5646.19    22    5
(relay)    21    16    5704.0    5    5592.81    1    1
(relay)    21    21    5715.0    5    5714.9    6    1
(advertise)    6    5715.2    21    5
(relay)    4    23    5739.01    5    5725.92    1    1
(relay)    4    5    5782.01    5    5779.72    2    1
(advertise)    6    5782.21    5    5
(relay)    21    12    5813.83    5    5800.56    1    1
(relay)    39    25    5860.43    5    5821.64    1    1
(relay)    45    10    5878.43    5    5875.79    1    1
(generate)    6    5897.03    [3]    5
(relay)    4    32    5898.44    5    5882.68    4    1
(advertise)    6    5898.64    32    5
(relay)    0    0    5910.85    5    5910.69    5    1
(advertise)    6    5920.65    0    5
(relay)    11    7    5942.06    5    5908.82    2    1
(advertise)    6    5942.46    7    5
(relay)    0    8    5977.48    5    5958.12    2    1
(advertise)    6    5977.68    8    5
(relay)    39    39    5996.69    5    5996.67    4    1
(advertise)    6    6000.29    39    5
(relay)    4    4    6020.1    7    6019.58    5    1
(advertise)    6    6022.7    4    7
(relay)    39    34    6043.12    6    6029.95    2    1
(advertise)    6    6043.72    34    6
(relay)    33    48    6051.73    6    6033.82    3    1
(advertise)    6    6065.93    48    6
(relay)    39    41    6094.74    6    6056.77    2    1
(advertise)    6    6094.94    41    6
(relay)    39    36    6117.16    6    6076.01    2    1
(advertise)    6    6118.96    36    6
(relay)    33    33    6163.17    6    6162.98    6    1
(advertise)    6    6163.37    33    6
(relay)    18    18    6173.98    6    6173.79    5    1
(advertise)    6    6184.58    18    6
(relay)    4    17    6206.79    6    6183.9    3    1
(advertise)    6    6207.39    17    6
(relay)    21    14    6208.61    6    6176.0    1    1
(relay)    21    31    6252.41    6    6217.89    1    1
(relay)    0    15    6308.81    6    6306.67    2    1
(advertise)    6    6309.01    15    6
(relay)    21    42    6346.82    6    6321.11    1    1
(relay)    4    37    6411.62    6    6405.68    1    1
(relay)    11    11    6414.82    6    6413.9    5    1
(advertise)    6    6415.02    11    6
(relay)    11    9    6436.63    6    6421.58    2    1
(advertise)    6    6437.83    9    6
(relay)    11    46    6458.85    6    6441.67    3    1
(advertise)    6    6459.85    46    6
(relay)    45    45    6477.46    6    6476.9    5    1
(advertise)    6    6481.46    45    6
(relay)    4    26    6546.67    6    6522.81    2    1
(advertise)    6    6546.87    26    6
(relay)    39    38    6588.89    6    6584.83    1    1
(relay)    20    20    6601.89    6    6600.91    5    1
(advertise)    6    6602.09    20    6
(relay)    21    29    6632.3    6    6617.06    1    1
(relay)    4    22    6638.3    6    6637.97    3    1
(advertise)    6    6638.5    22    6
(relay)    21    21    6715.11    6    6714.92    6    1
(advertise)    6    6715.31    21    6
(relay)    4    23    6737.92    6    6725.96    1    1
(relay)    45    5    6782.92    6    6779.8    1    1
(relay)    11    10    6876.92    6    6875.8    2    1
(advertise)    6    6877.12    10    6
(relay)    45    32    6883.34    6    6882.85    4    1
(generate)    6    6897.14    [3]    6
(advertise)    6    6900.55    32    6
(relay)    0    0    6910.96    6    6910.83    5    1
(relay)    21    7    6919.76    6    6908.82    2    2
(advertise)    6    6922.76    0    6
(advertise)    6    6944.98    7    6
(relay)    39    8    6966.99    6    6958.13    2    1
(advertise)    6    6967.79    8    6
(relay)    39    27    6988.0    6    6935.7    1    1
(relay)    39    39    6997.0    6    6996.85    4    1
(advertise)    6    6997.2    39    6
(relay)    4    4    7020.22    8    7019.75    5    1
(advertise)    6    7021.02    4    8
(relay)    4    48    7036.43    7    7034.01    4    1
(advertise)    6    7043.63    48    7
(relay)    39    34    7045.24    7    7030.04    2    1
(advertise)    6    7065.24    34    7
(relay)    4    41    7085.05    7    7056.91    2    1
(advertise)    6    7088.25    41    7
(relay)    0    36    7142.47    7    7076.07    1    1
(relay)    33    33    7163.27    7    7163.08    6    1
(advertise)    6    7163.47    33    7
(relay)    18    18    7174.08    7    7173.89    5    1
(advertise)    6    7185.48    18    7
(relay)    39    19    7187.49    7    7104.72    1    1
(relay)    45    17    7206.69    7    7183.9    2    1
(advertise)    6    7207.89    17    7
(relay)    18    14    7230.31    7    7176.07    1    1
(relay)    21    31    7276.71    7    7217.96    2    1
(advertise)    6    7276.91    31    7
(relay)    39    15    7309.52    7    7306.77    2    1
(advertise)    6    7309.72    15    7
(relay)    39    42    7331.93    7    7321.21    1    1
(relay)    21    30    7343.93    7    7298.13    1    1
(relay)    11    11    7414.93    7    7414.02    5    1
(advertise)    6    7415.13    11    7
(relay)    4    9    7437.95    7    7421.74    3    1
(advertise)    6    7438.55    9    7
(relay)    39    46    7459.96    7    7441.71    3    1
(advertise)    6    7461.76    46    7
(relay)    45    45    7477.57    7    7477.0    5    1
(advertise)    6    7483.77    45    7
(relay)    39    44    7516.98    7    7493.75    1    1
(relay)    4    26    7546.18    7    7522.88    2    1
(advertise)    6    7546.38    26    7
(relay)    21    38    7588.6    7    7584.91    1    1
(relay)    20    20    7602.0    7    7601.05    5    1
(advertise)    6    7602.2    20    7
(relay)    0    29    7630.81    7    7617.2    1    1
(relay)    39    22    7639.21    7    7638.07    3    1
(advertise)    6    7639.41    22    7
(relay)    21    21    7715.22    7    7715.08    6    1
(advertise)    6    7715.42    21    7
(relay)    39    23    7743.04    7    7726.03    1    1
(relay)    4    5    7782.24    7    7779.87    2    1
(advertise)    6    7782.44    5    7
(relay)    39    12    7831.45    7    7801.87    1    1
(relay)    21    25    7874.65    7    7821.78    1    1
(relay)    45    32    7883.45    7    7883.01    4    1
(advertise)    6    7883.65    32    7
(relay)    39    10    7894.86    7    7875.83    2    1
(generate)    6    7897.26    [3]    7
(advertise)    6    7906.08    10    7
(relay)    0    0    7911.49    7    7910.97    5    1
(relay)    11    7    7920.29    7    7908.85    2    2
(advertise)    6    7927.69    0    7
(advertise)    6    7951.1    7    7
(relay)    0    8    7960.91    7    7958.16    2    1
(advertise)    6    7972.91    8    7
(relay)    39    39    7996.93    7    7996.87    4    1
(advertise)    6    7997.33    39    7
(relay)    4    4    8020.54    9    8019.91    5    1
(advertise)    6    8020.94    4    9
(relay)    4    48    8036.35    8    8034.03    4    1
(relay)    39    34    8043.15    8    8030.14    2    2
(advertise)    6    8043.95    48    8
(advertise)    6    8065.77    34    8
(relay)    4    36    8078.18    8    8076.16    3    1
(advertise)    6    8086.78    36    8
(relay)    39    19    8125.59    8    8104.91    1    1
(relay)    33    33    8163.39    8    8163.22    6    1
(advertise)    6    8163.59    33    8
(relay)    18    18    8174.21    8    8174.03    5    1
(advertise)    6    8184.61    18    8
(relay)    45    17    8207.02    8    8184.09    2    1
(advertise)    6    8209.02    17    8
(relay)    33    14    8229.83    8    8176.13    1    1
(relay)    21    31    8301.83    8    8218.05    2    1
(advertise)    6    8302.03    31    8
(relay)    4    15    8309.64    8    8306.88    2    1
(advertise)    6    8323.24    15    8
(relay)    39    2    8344.06    8    8276.03    1    1
(relay)    21    30    8367.86    8    8298.15    1    1
(relay)    0    37    8409.86    8    8405.93    1    1
(relay)    11    11    8415.26    8    8414.19    5    1
(advertise)    6    8415.46    11    8
(relay)    11    9    8437.07    8    8421.92    2    1
(advertise)    6    8437.87    9    8
(relay)    11    46    8458.28    8    8441.74    3    1
(advertise)    6    8461.28    46    8
(relay)    18    45    8481.5    8    8477.14    4    1
(advertise)    6    8484.3    45    8
(relay)    4    26    8526.11    8    8523.03    1    1
(relay)    39    38    8587.91    8    8584.99    1    1
(relay)    20    20    8601.31    8    8601.17    5    1
(advertise)    6    8601.51    20    8
(relay)    4    29    8623.72    8    8617.32    1    1
(relay)    4    22    8645.92    8    8638.09    3    1
(advertise)    6    8646.12    22    8
(relay)    21    21    8715.34    8    8715.26    6    1
(advertise)    6    8715.54    21    8
(relay)    4    23    8739.75    8    8726.08    2    1
(advertise)    6    8740.55    23    8
(heartbeat)    3    2    8746.21    6    8762.56    3    3
(advertise)    6    8763.56    3    2
(relay)    21    5    8783.97    8    8779.92    1    1
(relay)    21    12    8837.17    8    8801.96    1    1
(relay)    11    10    8876.97    8    8875.87    2    1
(advertise)    6    8877.17    10    8
(relay)    45    32    8883.59    8    8883.18    4    1
(relay)    21    25    8897.19    8    8821.9    1    2
(generate)    6    8897.39    [3]    8
(advertise)    6    8900.2    32    8
(relay)    0    0    8911.61    8    8911.1    4    1
(advertise)    6    8922.21    0    8
(relay)    39    7    8941.63    8    8908.91    2    1
(advertise)    6    8944.63    7    8
(relay)    39    39    8997.44    8    8996.91    4    1
(advertise)    6    8997.64    39    8
(relay)    39    27    9011.25    8    8935.84    1    1
(relay)    4    4    9020.65    10    9020.07    5    1
(advertise)    6    9022.45    4    10
(relay)    4    8    9032.47    8    8958.18    1    1
(relay)    39    48    9055.07    9    9034.04    4    1
(advertise)    6    9055.27    48    9
(relay)    39    34    9076.28    9    9030.28    1    1
(relay)    45    41    9090.88    9    9057.25    2    1
(advertise)    6    9091.08    41    9
(relay)    45    36    9116.29    9    9076.23    1    1
(relay)    33    33    9163.49    9    9163.36    4    1
(advertise)    6    9163.69    33    9
(relay)    18    18    9174.7    9    9174.17    4    1
(advertise)    6    9185.9    18    9
(relay)    0    17    9206.72    9    9184.12    2    1
(advertise)    6    9209.12    17    9
(relay)    0    14    9230.53    9    9176.19    1    1
(relay)    33    31    9251.73    9    9218.11    1    1
(relay)    21    2    9293.73    9    9276.16    1    1
(relay)    45    15    9309.53    9    9306.98    1    1
(relay)    21    30    9314.93    9    9298.35    1    1
(relay)    4    42    9331.13    9    9321.57    1    1
(relay)    4    37    9409.13    9    9405.97    1    1
(relay)    11    11    9414.53    9    9414.34    4    1
(advertise)    6    9414.73    11    9
(relay)    18    9    9439.34    9    9421.92    1    1
(relay)    39    46    9460.14    9    9441.83    3    1
(advertise)    6    9460.34    46    9
(relay)    45    45    9478.16    9    9477.22    5    1
(advertise)    6    9482.76    45    9
(relay)    4    44    9520.97    9    9493.82    1    1
(relay)    4    26    9544.57    9    9523.13    2    1
(advertise)    6    9544.77    26    9
(relay)    20    20    9601.38    9    9601.31    4    1
(advertise)    6    9601.58    20    9
(relay)    0    29    9624.2    9    9617.45    1    1
(relay)    21    16    9624.6    9    9593.31    1    1
(relay)    45    22    9643.8    9    9638.14    2    1
(advertise)    6    9644.0    22    9
(relay)    21    21    9715.81    9    9715.29    6    1
(advertise)    6    9716.01    21    9
(relay)    0    23    9743.02    9    9726.19    1    1
(relay)    0    5    9780.82    9    9779.99    2    1
(advertise)    6    9781.02    5    9
(relay)    21    12    9815.64    9    9802.04    1    1
(relay)    39    25    9859.64    9    9822.01    1    1
(relay)    45    10    9877.64    9    9875.87    1    1
(generate)    6    9897.44    [3]    9
(relay)    20    32    9898.85    9    9883.36    3    1
(advertise)    6    9899.05    32    9
(relay)    0    0    9911.86    9    9911.27    4    1
(relay)    11    7    9919.46    9    9908.92    2    2
(advertise)    6    9920.86    0    9
(advertise)    6    9942.47    7    9
(relay)    0    8    9978.89    9    9958.19    2    1
(advertise)    6    9979.09    8    9
(relay)    39    39    9997.5    9    9996.96    4    1
(advertise)    6    10000.5    39    9
(relay)    39    27    10019.51    9    9935.92    1    1
(relay)    4    4    10021.11    11    10020.09    5    1
(advertise)    6    10022.51    4    11
(relay)    4    48    10036.53    10    10034.05    4    1
(advertise)    6    10043.53    48    10
(relay)    39    34    10063.14    10    10030.42    2    1
(advertise)    6    10068.54    34    10
(relay)    4    41    10085.75    10    10057.4    3    1
(advertise)    6    10090.15    41    10
(relay)    4    36    10107.17    10    10076.25    3    1
(advertise)    6    10112.97    36    10
(relay)    39    19    10152.98    10    10104.93    1    1
(relay)    33    33    10163.98    10    10163.5    4    1
(advertise)    6    10164.18    33    10
(relay)    18    18    10174.79    10    10174.31    4    1
(advertise)    6    10186.59    18    10
(relay)    0    17    10208.8    10    10184.14    2    1
(advertise)    6    10211.0    17    10
(relay)    21    14    10213.62    10    10176.25    1    1
(relay)    4    15    10308.62    10    10307.1    2    1
(advertise)    6    10308.82    15    10
(relay)    21    30    10310.23    10    10298.53    1    1
(relay)    21    42    10352.23    10    10322.3    1    1
(relay)    4    37    10407.23    10    10405.98    1    1
(relay)    11    11    10414.63    10    10414.5    4    1
(advertise)    6    10414.83    11    10
(relay)    0    46    10443.24    10    10442.02    3    1
(advertise)    6    10443.44    46    10
(relay)    4    9    10451.26    10    10422.11    3    1
(advertise)    6    10465.46    9    10
(relay)    45    45    10478.27    10    10477.35    5    1
(advertise)    6    10487.67    45    10
(relay)    4    44    10520.08    10    10493.85    1    1
(relay)    4    26    10543.48    10    10523.22    2    1
(advertise)    6    10543.68    26    10
(relay)    20    20    10601.5    10    10601.44    4    1
(advertise)    6    10601.7    20    10
(relay)    0    29    10623.31    10    10617.56    1    1
(relay)    45    22    10644.11    10    10638.19    2    1
(advertise)    6    10644.31    22    10
(relay)    21    21    10716.12    10    10715.48    6    1
(advertise)    6    10716.32    21    10
(relay)    39    23    10742.33    10    10726.26    1    1
(relay)    0    5    10780.73    10    10780.06    2    1
(advertise)    6    10780.93    5    10
(relay)    39    12    10835.75    10    10802.14    1    1
(relay)    39    25    10860.15    10    10822.11    1    1
(relay)    45    10    10877.15    10    10875.9    1    1
(generate)    6    10897.55    [3]    10
(relay)    11    32    10898.76    10    10883.54    4    1
(advertise)    6    10898.96    32    10
(relay)    0    0    10911.97    10    10911.45    4    1
(advertise)    6    10919.97    0    10
(relay)    0    7    10941.99    10    10908.94    2    1
(advertise)    6    10942.19    7    10
(relay)    4    8    10991.6    10    10958.2    2    1
(advertise)    6    10991.8    8    10
(relay)    39    39    10997.61    10    10996.99    4    1
(advertise)    6    11017.01    39    10
(relay)    4    4    11021.23    12    11020.28    5    1
(relay)    39    34    11031.83    11    11030.58    2    2
(advertise)    6    11038.03    4    12
(relay)    39    48    11053.04    11    11034.05    4    2
(advertise)    6    11060.64    34    11
(advertise)    6    11083.45    48    11
(relay)    4    36    11084.66    11    11076.46    2    1
(relay)    39    27    11099.26    10    10935.98    1    2
(advertise)    6    11105.46    36    11
(relay)    4    41    11108.28    11    11057.51    2    1
(advertise)    6    11129.08    41    11
(relay)    33    33    11164.09    11    11163.59    4    1
(advertise)    6    11164.29    33    11
(relay)    18    18    11174.9    11    11174.42    4    1
(advertise)    6    11187.9    18    11
(relay)    4    17    11208.92    11    11184.15    3    1
(advertise)    6    11209.32    17    11
(relay)    39    14    11213.53    11    11176.3    2    1
(advertise)    6    11230.33    14    11
(relay)    39    31    11278.74    11    11218.18    2    1
(advertise)    6    11278.94    31    11
(relay)    39    15    11307.76    11    11307.22    2    1
(advertise)    6    11307.96    15    11
(relay)    39    42    11330.37    11    11322.45    1    1
(relay)    21    2    11334.77    11    11276.49    1    1
(relay)    39    30    11378.57    11    11298.71    1    1
(relay)    0    37    11408.17    11    11406.16    1    1
(relay)    11    11    11414.77    11    11414.69    4    1
(advertise)    6    11414.97    11    11
(relay)    39    9    11438.18    11    11422.15    3    1
(advertise)    6    11439.38    9    11
(relay)    11    46    11461.39    11    11442.07    3    1
(advertise)    6    11461.99    46    11
(relay)    45    45    11478.41    11    11477.5    5    1
(advertise)    6    11484.81    45    11
(relay)    39    44    11519.42    11    11494.07    2    1
(advertise)    6    11519.62    44    11
(relay)    4    26    11542.43    11    11523.32    2    1
(advertise)    6    11542.83    26    11
(relay)    21    38    11587.05    11    11585.2    1    1
(relay)    20    20    11601.65    11    11601.56    4    1
(advertise)    6    11601.85    20    11
(relay)    4    29    11626.26    11    11617.72    1    1
(relay)    39    16    11629.66    11    11593.6    1    1
(relay)    45    22    11649.66    11    11638.29    2    1
(advertise)    6    11649.86    22    11
(relay)    21    21    11716.07    11    11715.5    6    1
(advertise)    6    11716.27    21    11
(relay)    39    23    11740.69    11    11726.31    1    1
(relay)    0    5    11780.89    11    11780.11    2    1
(advertise)    6    11781.09    5    11
(relay)    39    12    11806.7    11    11802.22    1    1
(relay)    39    25    11850.1    11    11822.19    1    1
(relay)    45    32    11884.9    11    11883.73    4    1
(advertise)    6    11885.1    32    11
(generate)    6    11897.71    [3]    11
(relay)    0    0    11912.72    11    11911.62    4    1
(advertise)    6    11912.92    0    11
(relay)    11    7    11941.94    11    11909.0    2    1
(advertise)    6    11942.14    7    11
(relay)    0    8    11974.95    11    11958.39    2    1
(advertise)    6    11975.15    8    11
(relay)    39    39    11998.16    11    11997.09    4    1
(advertise)    6    12000.56    39    11
(relay)    4    4    12021.58    13    12020.47    5    1
(advertise)    6    12023.98    4    13
(relay)    4    48    12034.79    12    12034.09    4    1
(advertise)    6    12045.59    48    12
(relay)    4    34    12057.2    12    12030.74    1    1
(relay)    11    41    12112.4    12    12057.65    2    1
(advertise)    6    12112.6    41    12
(relay)    4    36    12133.02    12    12076.47    2    1
(advertise)    6    12135.02    36    12
(relay)    39    19    12155.83    12    12105.24    1    1
(relay)    33    33    12164.23    12    12163.69    4    1
(advertise)    6    12164.43    33    12
(relay)    18    18    12175.04    12    12174.55    4    1
(advertise)    6    12187.04    18    12
(relay)    33    14    12205.05    12    12176.39    1    1
(relay)    45    17    12209.25    12    12184.17    2    1
(advertise)    6    12210.45    17    12
(relay)    21    31    12269.47    12    12218.25    2    1
(advertise)    6    12269.67    31    12
(relay)    0    15    12308.08    12    12307.34    2    1
(advertise)    6    12308.28    15    12
(relay)    21    42    12354.69    12    12322.61    1    1
(relay)    4    37    12408.49    12    12406.2    1    1
(relay)    11    11    12414.89    12    12414.87    4    1
(advertise)    6    12415.09    11    12
(relay)    39    9    12437.51    12    12422.17    3    1
(advertise)    6    12437.71    9    12
(relay)    39    46    12458.92    12    12442.12    3    1
(advertise)    6    12459.52    46    12
(relay)    45    45    12477.73    12    12477.62    5    1
(advertise)    6    12481.53    45    12
(relay)    45    44    12522.75    12    12494.1    1    1
(relay)    39    26    12545.15    12    12523.39    1    1
(relay)    39    38    12587.15    12    12585.27    1    1
(relay)    20    20    12602.15    12    12601.69    4    1
(advertise)    6    12602.35    20    12
(relay)    4    29    12627.56    12    12617.82    1    1
(relay)    45    22    12648.96    12    12638.38    2    1
(advertise)    6    12649.16    22    12
(relay)    21    21    12716.17    12    12715.67    6    1
(advertise)    6    12716.37    21    12
(relay)    39    23    12742.58    12    12726.38    1    1
(heartbeat)    3    3    12746.23    6    12747.58    3    4
(advertise)    6    12747.98    3    3
(relay)    4    5    12784.8    12    12780.19    1    1
(relay)    39    12    12836.6    12    12802.5    1    1
(relay)    18    10    12877.8    12    12876.13    2    1
(advertise)    6    12878.0    10    12
(generate)    6    12898.01    [3]    12
(relay)    45    32    12899.42    12    12883.74    4    1
(advertise)    6    12901.82    32    12
(relay)    0    0    12912.84    12    12911.8    4    1
(advertise)    6    12924.44    0    12
(relay)    11    7    12943.05    12    12909.19    2    1
(advertise)    6    12946.45    7    12
(relay)    0    8    12979.26    12    12958.42    2    1
(advertise)    6    12979.46    8    12
(relay)    39    39    12998.08    12    12997.12    4    1
(advertise)    6    13004.08    39    12
(relay)    4    4    13020.69    14    13020.5    5    1
(advertise)    6    13025.69    4    14
(relay)    4    48    13045.5    13    13034.13    3    1
(advertise)    6    13047.7    48    13
(relay)    39    34    13057.11    13    13030.86    2    1
(advertise)    6    13071.71    34    13
(relay)    4    41    13092.13    13    13057.81    3    1
(advertise)    6    13095.73    41    13
(relay)    4    36    13112.54    13    13076.52    3    1
(advertise)    6    13117.54    36    13
(relay)    33    33    13164.35    13    13163.84    4    1
(advertise)    6    13164.55    33    13
(relay)    18    18    13175.77    13    13174.7    4    1
(advertise)    6    13186.97    18    13
(relay)    0    14    13206.98    13    13176.49    1    1
(relay)    45    17    13209.58    13    13184.19    1    1
(relay)    39    31    13269.58    13    13218.32    2    1
(advertise)    6    13269.78    31    13
(relay)    39    2    13290.79    13    13276.8    1    1
(relay)    0    15    13308.19    13    13307.44    2    1
(advertise)    6    13308.39    15    13
(relay)    39    30    13335.01    13    13298.91    1    1
(relay)    21    42    13361.21    13    13322.77    1    1
(relay)    4    37    13409.81    13    13406.23    1    1
(relay)    11    11    13415.61    13    13415.03    4    1
(advertise)    6    13415.81    11    13
(relay)    39    9    13440.62    13    13422.2    3    1
(advertise)    6    13441.02    9    13
(relay)    39    46    13462.63    13    13442.19    3    1
(advertise)    6    13463.43    46    13
(relay)    45    45    13477.84    13    13477.76    5    1
(advertise)    6    13486.44    45    13
(relay)    4    44    13524.26    13    13494.29    1    1
(relay)    39    26    13545.46    13    13523.49    1    1
(relay)    21    38    13587.46    13    13585.35    1    1
(relay)    20    20    13602.46    13    13601.81    4    1
(advertise)    6    13602.66    20    13
(relay)    4    29    13626.87    13    13617.97    1    1
(relay)    39    16    13632.87    13    13593.91    1    1
(relay)    4    22    13648.87    13    13638.47    3    1
(advertise)    6    13649.07    22    13
(relay)    21    21    13716.88    13    13715.86    6    1
(advertise)    6    13717.08    21    13
(relay)    0    5    13782.5    13    13780.27    2    1
(advertise)    6    13782.7    5    13
(relay)    21    12    13815.11    13    13802.59    1    1
(relay)    4    10    13877.71    13    13876.19    2    1
(advertise)    6    13877.91    10    13
(relay)    45    32    13885.52    13    13883.91    4    1
(generate)    6    13898.12    [3]    13
(advertise)    6    13900.34    32    13
(relay)    0    0    13912.95    13    13911.95    4    1
(advertise)    6    13921.75    0    13
(relay)    45    7    13934.56    13    13909.25    1    1
(relay)    0    8    13975.36    13    13958.45    1    1
(relay)    39    39    13998.16    13    13997.17    4    1
(advertise)    6    13998.36    39    13
(relay)    39    27    14014.17    13    13936.18    1    1
(relay)    4    4    14020.77    15    14020.66    5    1
(advertise)    6    14020.97    4    15
(relay)    4    48    14035.19    14    14034.31    4    1
(advertise)    6    14042.99    48    14
(relay)    39    34    14059.0    14    14031.0    2    1
(advertise)    6    14064.4    34    14
(relay)    4    41    14083.01    14    14057.91    2    1
(advertise)    6    14086.41    41    14
(relay)    45    36    14110.63    14    14076.54    2    1
(advertise)    6    14111.23    36    14
(relay)    33    33    14165.04    14    14163.94    4    1
(advertise)    6    14165.24    33    14
(relay)    18    18    14175.85    14    14174.81    4    1
(advertise)    6    14186.25    18    14
(relay)    11    17    14207.47    14    14184.2    2    1
(advertise)    6    14209.47    17    14
(relay)    11    14    14229.48    14    14176.57    1    1
(relay)    11    31    14306.28    14    14218.38    1    1
(relay)    4    15    14309.28    14    14307.56    2    1
(advertise)    6    14309.48    15    14
(relay)    21    2    14352.09    14    14276.93    1    1
(relay)    4    37    14409.49    14    14406.27    2    1
(advertise)    6    14409.69    37    14
(relay)    11    11    14415.7    14    14415.2    4    1
(advertise)    6    14433.3    11    14
(relay)    11    46    14443.72    14    14442.22    3    1
(relay)    39    9    14453.72    14    14422.39    3    2
(advertise)    6    14455.72    46    14
(advertise)    6    14476.93    9    14
(relay)    45    45    14478.14    14    14477.86    5    1
(advertise)    6    14500.34    45    14
(relay)    11    44    14519.56    14    14494.36    1    1
(relay)    21    26    14542.56    14    14523.59    1    1
(relay)    21    38    14588.56    14    14585.41    1    1
(relay)    20    20    14602.56    14    14601.94    4    1
(advertise)    6    14602.76    20    14
(relay)    21    29    14634.57    14    14618.05    1    1
(relay)    0    22    14640.37    14    14638.56    2    1
(advertise)    6    14640.57    22    14
(relay)    21    21    14716.98    14    14715.88    6    1
(advertise)    6    14717.18    21    14
(relay)    4    23    14739.6    14    14726.52    1    1
(relay)    0    5    14782.4    14    14780.36    2    1
(advertise)    6    14782.6    5    14
(relay)    39    12    14806.01    14    14802.7    1    1
(relay)    0    10    14877.61    14    14876.24    2    1
(advertise)    6    14877.81    10    14
(generate)    6    14898.22    [3]    14
(relay)    39    32    14899.83    14    14884.1    4    1
(advertise)    6    14900.43    32    14
(relay)    0    0    14912.25    14    14912.12    4    1
(advertise)    6    14923.45    0    14
(relay)    39    7    14942.46    14    14909.31    2    1
(advertise)    6    14945.26    7    14
(relay)    0    8    14981.87    14    14958.64    2    1
(advertise)    6    14982.07    8    14
(relay)    39    39    14998.29    14    14997.2    4    1
(advertise)    6    15003.89    39    14
(relay)    39    27    15008.1    14    14936.24    1    1
(relay)    4    4    15020.9    16    15020.84    5    1
(advertise)    6    15025.9    4    16
(relay)    4    48    15035.91    15    15034.49    4    1
(advertise)    6    15048.31    48    15
(relay)    39    34    15051.13    15    15031.14    2    1
(advertise)    6    15069.73    34    15
(relay)    4    41    15107.34    15    15058.01    3    1
(advertise)    6    15107.54    41    15
(relay)    4    36    15130.75    15    15076.56    3    1
(advertise)    6    15131.55    36    15
(relay)    33    33    15165.16    15    15164.08    4    1
(advertise)    6    15165.36    33    15
(relay)    18    18    15175.98    15    15174.95    4    1
(advertise)    6    15187.18    18    15
(relay)    4    14    15221.99    15    15176.69    1    1
(relay)    0    17    15225.99    15    15184.22    2    1
(advertise)    6    15226.19    17    15
(relay)    33    31    15276.2    15    15218.43    1    1
(relay)    4    15    15309.8    15    15307.67    2    1
(advertise)    6    15310.0    15    15
(relay)    0    37    15410.82    15    15406.28    1    1
(relay)    11    11    15415.82    15    15415.34    4    1
(advertise)    6    15416.02    11    15
(relay)    11    46    15443.63    15    15442.32    3    1
(advertise)    6    15443.83    46    15
(relay)    4    9    15453.44    15    15422.42    3    1
(advertise)    6    15466.24    9    15
(relay)    45    45    15478.06    15    15477.99    5    1
(advertise)    6    15489.46    45    15
(relay)    11    44    15520.27    15    15494.56    1    1
(relay)    11    26    15541.47    15    15523.67    1    1
(relay)    20    20    15603.07    15    15602.05    4    1
(advertise)    6    15603.27    20    15
(relay)    4    29    15626.48    15    15618.22    1    1
(relay)    21    16    15632.48    15    15594.2    1    1
(relay)    4    22    15647.48    15    15638.6    3    1
(advertise)    6    15647.68    22    15
(relay)    21    21    15717.09    15    15716.07    6    1
(advertise)    6    15717.29    21    15
(relay)    39    23    15737.51    15    15726.58    2    1
(advertise)    6    15739.31    23    15
(relay)    39    5    15784.72    15    15780.37    1    1
(relay)    21    12    15815.32    15    15802.78    1    1
(relay)    39    25    15859.12    15    15822.53    1    1
(relay)    45    10    15879.72    15    15876.36    1    1
(generate)    6    15898.32    [3]    15
(relay)    0    32    15899.73    15    15884.1    4    1
(advertise)    6    15899.93    32    15
(relay)    0    0    15912.35    15    15912.28    4    1
(advertise)    6    15921.55    0    15
(relay)    20    7    15944.76    15    15909.42    2    1
(advertise)    6    15944.96    7    15
(relay)    0    8    15982.37    15    15958.83    2    1
(advertise)    6    15982.57    8    15
(relay)    21    27    15991.79    15    15936.25    1    1
(relay)    39    39    15997.39    15    15997.28    4    1
(advertise)    6    16005.79    39    15
(relay)    4    4    16021.0    17    16020.84    5    1
(advertise)    6    16027.8    4    17
(relay)    4    48    16036.01    16    16034.52    4    1
(advertise)    6    16049.81    48    16
(relay)    4    34    16059.62    16    16031.27    1    1
(relay)    4    41    16081.82    16    16058.19    1    1
(relay)    0    36    16096.62    16    16076.58    1    1
(relay)    33    33    16165.22    16    16164.17    4    1
(advertise)    6    16165.42    33    16
(relay)    18    18    16175.04    16    16175.03    4    1
(advertise)    6    16186.44    18    16
(relay)    21    14    16207.65    16    16176.81    1    1
(relay)    45    17    16209.65    16    16184.23    2    1
(advertise)    6    16210.25    17    16
(relay)    0    19    16211.46    16    16105.91    1    1
(relay)    21    31    16266.86    16    16218.45    2    1
(advertise)    6    16267.06    31    16
(relay)    21    2    16290.28    16    16277.24    1    1
(relay)    4    15    16309.68    16    16307.74    2    1
(advertise)    6    16309.88    15    16
(relay)    21    30    16333.89    16    16299.5    1    1
(relay)    4    42    16335.09    16    16323.25    1    1
(relay)    4    37    16410.69    16    16406.31    2    1
(advertise)    6    16410.89    37    16
(relay)    11    11    16416.5    16    16415.5    4    1
(advertise)    6    16432.7    11    16
(relay)    11    46    16442.72    16    16442.44    3    1
(relay)    39    9    16452.92    16    16422.43    3    2
(advertise)    6    16453.92    46    16
(advertise)    6    16476.73    9    16
(relay)    45    45    16478.54    16    16478.08    5    1
(advertise)    6    16499.14    45    16
(relay)    11    44    16521.95    16    16494.59    1    1
(relay)    39    26    16543.75    16    16523.79    2    1
(advertise)    6    16543.95    26    16
(relay)    21    38    16589.57    16    16585.51    1    1
(relay)    20    20    16603.17    16    16602.16    4    1
(advertise)    6    16603.37    20    16
(relay)    4    29    16626.18    16    16618.35    1    1
(relay)    39    16    16633.58    16    16594.38    1    1
(relay)    4    22    16648.38    16    16638.65    3    1
(advertise)    6    16648.58    22    16
(relay)    21    21    16716.19    16    16716.1    6    1
(advertise)    6    16716.39    21    16
(relay)    4    23    16739.81    16    16726.68    1    1
(heartbeat)    3    4    16746.24    6    16762.41    3    5
(advertise)    6    16762.61    3    4
(relay)    39    5    16784.42    16    16780.41    2    1
(advertise)    6    16784.62    5    16
(relay)    21    12    16861.23    16    16802.86    1    1
(relay)    45    10    16878.23    16    16876.41    1    1
(relay)    11    32    16897.83    16    16884.28    4    1
(advertise)    6    16898.03    32    16
(generate)    6    16899.25    [3]    16
(relay)    0    0    16912.46    16    16912.46    4    1
(relay)    11    7    16919.46    16    16909.44    2    2
(advertise)    6    16920.66    0    16
(relay)    39    25    16927.07    16    16822.64    1    2
(advertise)    6    16941.87    7    16
(relay)    0    8    16974.68    16    16958.87    2    1
(advertise)    6    16974.88    8    16
(relay)    39    39    16997.5    16    16997.36    4    1
(advertise)    6    16998.1    39    16
(relay)    4    4    17021.51    18    17020.86    5    1
(advertise)    6    17021.71    4    18
(relay)    39    48    17045.52    17    17034.53    4    1
(advertise)    6    17046.52    48    17
(relay)    39    34    17066.94    17    17031.39    1    1
(relay)    4    41    17080.94    17    17058.37    3    1
(advertise)    6    17081.14    41    17
(relay)    4    36    17104.55    17    17076.61    3    1
(advertise)    6    17105.15    36    17
(relay)    33    33    17164.36    17    17164.33    4    1
(advertise)    6    17164.56    33    17
(relay)    18    18    17175.18    17    17175.17    4    1
(advertise)    6    17186.58    18    17
(relay)    0    14    17208.39    17    17176.91    1    1
(relay)    4    17    17209.79    17    17184.25    3    1
(advertise)    6    17209.99    17    17
(relay)    21    2    17279.4    17    17277.36    1    1
(relay)    39    30    17304.4    17    17299.51    1    1
(relay)    4    15    17310.0    17    17307.85    2    1
(advertise)    6    17310.2    15    17
(relay)    11    11    17416.61    17    17415.65    4    1
(advertise)    6    17416.81    11    17
(relay)    39    9    17437.23    17    17422.44    3    1
(advertise)    6    17439.43    9    17
(relay)    39    46    17458.64    17    17442.54    3    1
(advertise)    6    17460.64    46    17
(relay)    45    45    17478.85    17    17478.25    5    1
(advertise)    6    17481.85    45    17
(relay)    4    26    17538.67    17    17523.91    2    1
(advertise)    6    17538.87    26    17
(relay)    20    20    17603.28    17    17602.26    4    1
(advertise)    6    17603.48    20    17
(relay)    4    29    17625.89    17    17618.5    1    1
(relay)    21    16    17631.69    17    17594.46    1    1
(relay)    4    22    17649.49    17    17638.68    3    1
(advertise)    6    17649.69    22    17
(relay)    21    21    17716.31    17    17716.29    5    1
(advertise)    6    17716.51    21    17
(relay)    0    23    17741.92    17    17726.77    1    1
(relay)    11    5    17782.92    17    17780.46    2    1
(advertise)    6    17783.12    5    17
(relay)    21    25    17861.73    17    17822.71    1    1
(relay)    11    10    17877.93    17    17876.43    2    1
(advertise)    6    17878.13    10    17
(relay)    45    32    17884.74    17    17884.44    4    1
(generate)    6    17899.34    [3]    17
(advertise)    6    17901.16    32    17
(relay)    0    0    17913.17    17    17912.59    4    1
(relay)    18    7    17920.77    17    17909.51    2    2
(advertise)    6    17923.77    0    17
(advertise)    6    17945.78    7    17
(relay)    45    8    17962.2    17    17958.88    2    1
(advertise)    6    17968.4    8    17
(relay)    39    39    17997.41    17    17997.38    4    1
(advertise)    6    17997.61    39    17
(relay)    4    4    18021.62    19    18021.0    5    1
(advertise)    6    18021.82    4    19
(relay)    4    48    18037.04    18    18034.71    4    1
(advertise)    6    18043.64    48    18
(relay)    21    34    18045.65    18    18031.51    2    1
(advertise)    6    18064.65    34    18
(relay)    4    41    18080.66    18    18058.54    2    1
(advertise)    6    18085.66    41    18
(relay)    4    36    18103.87    18    18076.65    2    1
(advertise)    6    18108.87    36    18
(relay)    11    19    18149.49    18    18106.12    1    1
(relay)    33    33    18164.49    18    18164.42    4    1
(advertise)    6    18164.69    33    18
(relay)    18    18    18175.3    18    18175.26    4    1
(advertise)    6    18186.9    18    18
(relay)    45    17    18211.51    18    18184.25    2    1
(advertise)    6    18211.91    17    18
(relay)    21    31    18256.13    18    18218.53    1    1
(relay)    21    2    18281.13    18    18277.49    1    1
(relay)    21    30    18307.13    18    18299.69    1    1
(relay)    11    15    18310.33    18    18307.94    2    1
(advertise)    6    18310.53    15    18
(relay)    11    11    18416.74    18    18415.79    4    1
(advertise)    6    18416.94    11    18
(relay)    39    9    18437.75    18    18422.61    3    1
(advertise)    6    18439.55    9    18
(relay)    11    46    18459.97    18    18442.59    3    1
(advertise)    6    18461.97    46    18
(relay)    45    45    18478.98    18    18478.36    5    1
(advertise)    6    18485.78    45    18
(relay)    4    44    18509.99    18    18494.67    1    1
(relay)    11    26    18532.39    18    18523.97    1    1
(relay)    39    38    18588.39    18    18585.62    1    1
(relay)    0    20    18603.79    18    18602.36    3    1
(advertise)    6    18603.99    20    18
(relay)    4    29    18625.8    18    18618.62    1    1
(relay)    4    22    18647.6    18    18638.76    3    1
(advertise)    6    18647.8    22    18
(relay)    21    21    18716.62    18    18716.45    5    1
(advertise)    6    18716.82    21    18
(relay)    4    23    18741.03    18    18726.8    2    1
(advertise)    6    18742.03    23    18
(relay)    45    5    18782.24    18    18780.52    1    1
(relay)    39    12    18839.24    18    18802.92    1    1
(relay)    18    10    18877.44    18    18876.46    2    1
(advertise)    6    18877.64    10    18
(relay)    45    32    18884.86    18    18884.61    4    1
(generate)    6    18899.46    [3]    18
(advertise)    6    18901.87    32    18
(relay)    0    0    18913.28    18    18912.72    4    1
(relay)    33    7    18920.28    18    18909.55    2    2
(advertise)    6    18924.48    0    18
(advertise)    6    18946.7    7    18
(relay)    45    8    18960.71    18    18959.07    2    1
(advertise)    6    18967.71    8    18
(relay)    39    39    18997.92    18    18997.41    4    1
(advertise)    6    18998.12    39    18
(relay)    4    4    19021.73    20    19021.15    5    1
(advertise)    6    19022.13    4    20
(relay)    4    48    19037.15    19    19034.9    4    1
(advertise)    6    19044.55    48    19
(relay)    4    34    19058.36    19    19031.6    1    1
(relay)    0    41    19095.76    19    19058.67    2    1
(advertise)    6    19095.96    41    19
(relay)    11    36    19120.17    19    19076.66    2    1
(advertise)    6    19120.57    36    19
(relay)    39    19    19142.59    19    19106.3    1    1
(relay)    33    33    19164.59    19    19164.52    4    1
(advertise)    6    19164.79    33    19
(relay)    18    18    19176.0    19    19175.36    4    1
(advertise)    6    19186.0    18    19
(relay)    0    17    19208.61    19    19184.27    2    1
(advertise)    6    19209.81    17    19
(relay)    0    14    19231.03    19    19177.08    1    1
(relay)    21    31    19274.43    19    19218.58    1    1
(relay)    39    15    19309.63    19    19308.02    2    1
(advertise)    6    19309.83    15    19
(relay)    11    11    19416.04    19    19415.9    4    1
(advertise)    6    19416.24    11    19
(relay)    39    9    19437.45    19    19422.79    3    1
(advertise)    6    19438.65    9    19
(relay)    39    46    19459.66    19    19442.64    3    1
(advertise)    6    19461.46    46    19
(relay)    45    45    19479.48    19    19478.45    5    1
(advertise)    6    19482.68    45    19
(relay)    4    44    19517.69    19    19494.71    1    1
(relay)    11    26    19541.69    19    19524.02    1    1
(relay)    21    38    19588.29    19    19585.64    1    1
(relay)    20    20    19602.49    19    19602.47    4    1
(advertise)    6    19602.69    20    19
(relay)    4    29    19625.7    19    19618.68    1    1
(relay)    4    22    19647.1    19    19638.84    3    1
(advertise)    6    19647.3    22    19
(relay)    21    21    19717.12    19    19716.6    5    1
(advertise)    6    19717.32    21    19
(relay)    4    23    19742.53    19    19726.9    2    1
(advertise)    6    19742.73    23    19
(relay)    39    5    19781.14    19    19780.58    2    1
(advertise)    6    19781.34    5    19
(relay)    21    12    19812.96    19    19803.11    1    1
(relay)    33    10    19877.76    19    19876.65    2    1
(advertise)    6    19877.96    10    19
(relay)    45    32    19885.57    19    19884.78    4    1
(advertise)    6    19899.17    32    19
(generate)    6    19900.38    [3]    19
(relay)    0    0    19913.39    19    19912.86    4    1
(relay)    33    7    19921.59    19    19909.72    2    2
(advertise)    6    19921.79    0    19
(advertise)    6    19943.41    7    19
(relay)    45    8    19960.02    19    19959.08    2    1
(advertise)    6    19966.22    8    19
(relay)    21    27    19990.23    19    19936.45    1    1
(relay)    39    39    19998.03    19    19997.42    4    1
(advertise)    6    19998.23    39    19
(relay)    4    4    20022.25    21    20021.33    5    1
(advertise)    6    20022.65    4    21
(relay)    4    48    20037.26    20    20035.08    4    1
(advertise)    6    20045.66    48    20
(relay)    21    34    20055.87    20    20031.74    2    1
(advertise)    6    20069.27    34    20
(relay)    4    41    20087.89    20    20058.79    2    1
(advertise)    6    20091.69    41    20
(relay)    4    36    20110.1    20    20076.68    3    1
(advertise)    6    20115.3    36    20
(relay)    4    19    20131.31    20    20106.3    1    1
(relay)    33    33    20165.11    20    20164.64    4    1
(advertise)    6    20165.31    33    20
(relay)    18    18    20176.12    20    20175.48    4    1
(advertise)    6    20188.52    18    20
(relay)    39    14    20208.54    20    20177.15    2    1
(relay)    0    17    20209.14    20    20184.28    2    2
(advertise)    6    20209.54    14    20
(advertise)    6    20231.95    17    20
(relay)    39    15    20310.76    20    20308.74    2    1
(advertise)    6    20310.96    15    20
(relay)    21    30    20331.38    20    20300.05    1    1
(relay)    4    42    20352.38    20    20323.84    1    1
(relay)    39    37    20407.98    20    20406.49    2    1
(advertise)    6    20408.18    37    20
(relay)    11    11    20416.19    20    20416.05    4    1
(advertise)    6    20429.59    11    20
(relay)    4    9    20438.8    20    20422.98    3    1
(advertise)    6    20452.4    9    20
(relay)    4    46    20461.02    20    20442.68    3    1
(advertise)    6    20474.22    46    20
(relay)    45    45    20479.63    20    20478.55    5    1
(advertise)    6    20496.43    45    20
(relay)    4    44    20521.04    20    20494.74    2    1
(advertise)    6    20522.04    44    20
(relay)    39    26    20544.85    20    20524.12    2    1
(advertise)    6    20545.05    26    20
(relay)    20    20    20602.67    20    20602.61    4    1
(advertise)    6    20602.87    20    20
(relay)    21    16    20625.08    20    20594.87    1    1
(relay)    4    22    20640.68    20    20638.9    3    1
(advertise)    6    20640.88    22    20
(relay)    21    29    20646.69    20    20618.83    1    1
(relay)    21    21    20717.09    20    20716.63    5    1
(advertise)    6    20717.29    21    20
(relay)    39    23    20741.51    20    20726.96    1    1
(heartbeat)    3    5    20746.25    6    20762.91    3    5
(advertise)    6    20763.11    3    5
(relay)    4    5    20783.52    20    20780.62    2    1
(advertise)    6    20784.12    5    20
(relay)    39    12    20838.33    20    20803.19    1    1
(relay)    45    10    20877.93    20    20876.7    1    1
(relay)    39    32    20899.13    20    20884.95    4    1
(advertise)    6    20899.33    32    20
(generate)    6    20900.55    [3]    20
(relay)    0    0    20913.56    20    20912.98    4    1
(advertise)    6    20920.96    0    20
(relay)    11    7    20922.57    20    20909.73    2    1
(advertise)    6    20942.37    7    20
(relay)    0    8    20981.38    20    20959.11    2    1
(advertise)    6    20981.58    8    20
(relay)    39    39    20998.0    20    20997.46    4    1
(advertise)    6    21004.0    39    20
(relay)    4    4    21022.61    22    21021.52    5    1
(advertise)    6    21025.01    4    22
(relay)    4    48    21037.02    21    21035.09    4    1
(advertise)    6    21048.02    48    21
(relay)    39    27    21068.24    20    20936.49    1    1
(relay)    4    41    21094.44    21    21058.96    3    1
(advertise)    6    21094.64    41    21
(relay)    39    36    21117.85    21    21076.72    2    1
(advertise)    6    21118.05    36    21
(relay)    39    19    21138.86    21    21106.32    1    1
(relay)    33    33    21165.26    21    21164.78    4    1
(advertise)    6    21165.46    33    21
(relay)    18    18    21176.08    21    21175.62    4    1
(advertise)    6    21189.28    18    21
(relay)    45    17    21209.29    21    21184.29    2    1
(advertise)    6    21212.09    17    21
(relay)    33    14    21229.7    21    21177.26    1    1
(relay)    39    2    21288.5    21    21277.91    1    1
(relay)    39    30    21309.3    21    21300.23    1    1
(relay)    33    15    21310.1    21    21308.85    1    1
(relay)    39    42    21332.3    21    21323.99    1    1
(relay)    4    37    21408.7    21    21406.54    1    1
(relay)    11    11    21416.3    21    21416.2    4    1
(advertise)    6    21416.5    11    21
(relay)    0    46    21444.11    21    21442.76    3    1
(advertise)    6    21444.51    46    21
(relay)    45    45    21479.73    21    21478.67    5    1
(advertise)    6    21479.93    45    21
(relay)    4    44    21503.14    21    21494.76    1    1
(relay)    45    26    21528.94    21    21524.16    1    1
(relay)    21    38    21587.34    21    21585.75    1    1
(relay)    20    20    21602.74    21    21602.7    4    1
(advertise)    6    21602.94    20    21
(relay)    4    29    21626.95    21    21618.97    1    1
(relay)    21    16    21631.35    21    21595.06    1    1
(relay)    11    22    21649.55    21    21638.99    2    1
(advertise)    6    21649.75    22    21
(relay)    21    21    21717.37    21    21716.82    4    1
(advertise)    6    21717.57    21    21
(relay)    4    23    21742.98    21    21727.04    1    1
(relay)    0    5    21781.58    21    21780.81    2    1
(advertise)    6    21781.78    5    21
(relay)    21    12    21820.99    21    21803.24    1    1
(relay)    45    32    21886.59    21    21885.11    4    1
(advertise)    6    21886.79    32    21
(generate)    6    21900.61    [3]    21
(relay)    0    0    21914.02    21    21913.08    4    1
(advertise)    6    21915.02    0    21
(relay)    11    7    21923.23    21    21909.9    2    1
(advertise)    6    21937.63    7    21
(relay)    0    8    21980.64    21    21959.27    1    1
(relay)    39    39    21998.44    21    21997.47    4    1
(advertise)    6    21998.64    39    21
(relay)    4    4    22022.66    23    22021.68    5    1
(advertise)    6    22023.06    4    23
(relay)    4    48    22035.87    22    22035.11    4    1
(relay)    39    34    22044.27    22    22031.94    2    2
(advertise)    6    22044.67    48    22
(advertise)    6    22067.08    34    22
(relay)    4    41    22079.5    22    22059.11    2    1
(advertise)    6    22091.7    41    22
(relay)    4    36    22102.11    22    22076.92    1    1
(relay)    0    19    22157.51    22    22106.48    1    1
(relay)    33    33    22165.51    22    22164.88    4    1
(advertise)    6    22165.71    33    22
(relay)    18    18    22176.72    22    22175.72    4    1
(advertise)    6    22187.72    18    22
(relay)    11    17    22211.54    22    22184.46    2    1
(advertise)    6    22212.34    17    22
(relay)    11    14    22233.95    22    22177.27    1    1
(relay)    39    31    22294.35    22    22219.08    1    1
(relay)    45    15    22309.95    22    22308.94    1    1
(relay)    4    42    22334.35    22    22324.12    1    1
(relay)    39    2    22361.35    22    22277.92    1    1
(relay)    21    30    22383.15    22    22300.43    1    1
(relay)    4    37    22408.15    22    22406.56    2    1
(advertise)    6    22408.35    37    22
(relay)    11    11    22416.96    22    22416.33    4    1
(advertise)    6    22430.76    11    22
(relay)    11    46    22444.57    22    22442.81    3    1
(relay)    21    9    22452.57    22    22423.2    1    2
(advertise)    6    22454.37    46    22
(relay)    45    45    22478.99    22    22478.8    5    1
(advertise)    6    22479.39    45    22
(relay)    0    44    22521.0    22    22494.78    1    1
(relay)    39    26    22544.4    22    22524.26    1    1
(relay)    20    20    22603.4    22    22602.81    4    1
(advertise)    6    22603.6    20    22
(relay)    4    29    22628.21    22    22619.09    1    1
(relay)    21    16    22633.21    22    22595.23    1    1
(relay)    4    22    22650.21    22    22639.03    3    1
(advertise)    6    22650.41    22    22
(relay)    21    21    22717.83    22    22716.83    4    1
(advertise)    6    22718.03    21    22
(relay)    39    23    22742.24    22    22727.05    1    1
(relay)    0    5    22782.84    22    22780.87    2    1
(advertise)    6    22783.04    5    22
(relay)    45    32    22886.85    22    22885.11    4    1
(advertise)    6    22887.05    32    22
(generate)    6    22900.67    [3]    22
(relay)    0    0    22914.28    22    22913.22    4    1
(advertise)    6    22914.68    0    22
(relay)    4    7    22921.89    22    22910.18    2    1
(advertise)    6    22936.09    7    22
(relay)    0    8    22961.9    22    22959.41    2    1
(advertise)    6    22962.3    8    22
(relay)    39    27    22989.92    22    22936.58    1    1
(relay)    39    39    22998.52    22    22997.55    4    1
(advertise)    6    22998.72    39    22
(relay)    4    4    23021.93    24    23021.87    5    1
(advertise)    6    23022.13    4    24
(relay)    4    48    23035.74    23    23035.29    4    1
(relay)    39    34    23043.34    23    23032.06    2    2
(advertise)    6    23044.14    48    23
(advertise)    6    23066.96    34    23
(relay)    4    36    23085.77    23    23076.94    2    1
(advertise)    6    23088.57    36    23
(relay)    33    41    23108.18    23    23059.26    1    1
(relay)    33    33    23165.58    23    23164.98    4    1
(advertise)    6    23165.78    33    23
(relay)    18    18    23176.8    23    23175.82    4    1
(advertise)    6    23187.8    18    23
(relay)    11    17    23211.01    23    23184.63    2    1
(relay)    21    14    23211.41    23    23177.34    1    2
(advertise)    6    23211.81    17    23
(relay)    21    31    23272.62    23    23219.1    1    1
(relay)    39    2    23296.62    23    23278.07    1    1
(relay)    4    15    23309.62    23    23309.02    2    1
(advertise)    6    23309.82    15    23
(relay)    39    30    23321.83    23    23300.6    1    1
(relay)    21    42    23365.63    23    23324.31    1    1
(relay)    39    37    23409.43    23    23406.57    2    1
(advertise)    6    23409.63    37    23
(relay)    11    11    23417.05    23    23416.45    4    1
(advertise)    6    23431.05    11    23
(relay)    4    9    23439.26    23    23423.39    3    1
(advertise)    6    23453.46    9    23
(relay)    4    46    23461.07    23    23442.86    3    1
(advertise)    6    23474.87    46    23
(relay)    45    45    23478.89    23    23478.87    5    1
(advertise)    6    23497.89    45    23
(relay)    4    44    23521.7    23    23494.8    1    1
(relay)    18    26    23546.1    23    23524.32    1    1
(relay)    20    20    23603.5    23    23602.92    4    1
(advertise)    6    23603.7    20    23
(relay)    4    29    23627.71    23    23619.22    1    1
(relay)    45    22    23649.11    23    23639.06    2    1
(advertise)    6    23649.31    22    23
(relay)    21    21    23717.93    23    23717.02    4    1
(advertise)    6    23718.13    21    23
(relay)    0    23    23744.14    23    23727.09    1    1
(relay)    39    5    23782.74    23    23780.87    2    1
(advertise)    6    23782.94    5    23
(relay)    21    12    23838.35    23    23803.66    1    1
(relay)    45    10    23879.75    23    23876.98    1    1
(relay)    4    32    23900.15    23    23885.29    4    1
(advertise)    6    23900.35    32    23
(generate)    6    23901.56    [3]    23
(relay)    0    0    23914.38    23    23913.38    4    1
(relay)    20    7    23922.38    23    23910.22    2    2
(advertise)    6    23924.18    0    23
(advertise)    6    23946.19    7    23
(relay)    0    8    23966.0    23    23959.42    2    1
(advertise)    6    23968.6    8    23
(relay)    39    39    23998.62    23    23997.56    4    1
(advertise)    6    23998.82    39    23
(relay)    39    27    24014.03    23    23936.64    1    1
(relay)    4    4    24022.03    25    24022.02    5    1
(advertise)    6    24022.43    4    25
(relay)    4    48    24036.64    24    24035.29    4    1
(advertise)    6    24045.44    48    24
(relay)    39    34    24059.66    24    24032.15    2    1
(advertise)    6    24067.46    34    24
(relay)    4    41    24091.87    24    24059.45    2    1
(advertise)    6    24092.47    41    24
(relay)    4    36    24113.48    24    24076.96    2    1
(advertise)    6    24114.08    36    24
(relay)    33    33    24166.09    24    24165.1    4    1
(advertise)    6    24166.29    33    24
(relay)    18    18    24176.91    24    24175.94    4    1
(advertise)    6    24187.51    18    24
(relay)    0    17    24210.72    24    24184.63    2    1
(advertise)    6    24210.92    17    24
(relay)    39    14    24214.53    24    24177.44    2    1
(advertise)    6    24235.13    14    24
(relay)    4    15    24310.75    24    24309.14    2    1
(advertise)    6    24310.95    15    24
(relay)    39    42    24343.56    24    24324.41    1    1
(relay)    4    37    24410.56    24    24406.57    1    1
(relay)    11    11    24417.16    24    24416.62    4    1
(advertise)    6    24417.36    11    24
(relay)    39    9    24440.37    24    24423.41    3    1
(advertise)    6    24441.17    9    24
(relay)    39    46    24461.79    24    24442.88    2    1
(advertise)    6    24462.19    46    24
(relay)    45    45    24479.2    24    24479.01    5    1
(advertise)    6    24483.4    45    24
(relay)    39    44    24524.21    24    24495.0    1    1
(relay)    20    20    24603.61    24    24603.02    4    1
(advertise)    6    24603.81    20    24
(relay)    4    29    24627.82    24    24619.37    1    1
(relay)    39    22    24639.82    24    24639.16    3    1
(advertise)    6    24640.02    22    24
(relay)    21    21    24718.24    24    24717.21    4    1
(advertise)    6    24718.44    21    24
(relay)    21    23    24739.85    24    24727.2    1    1
(heartbeat)    3    6    24746.27    6    24751.85    3    5
(advertise)    6    24752.05    3    6
(relay)    11    5    24784.06    24    24780.95    2    1
(advertise)    6    24784.26    5    24
(relay)    21    12    24828.48    24    24803.74    1    1
(relay)    4    25    24872.48    24    24823.38    1    1
(relay)    0    10    24878.28    24    24877.04    2    1
(advertise)    6    24878.48    10    24
(relay)    11    32    24900.49    24    24885.48    4    1
(advertise)    6    24901.69    32    24
(generate)    6    24902.9    [3]    24
(relay)    0    0    24913.72    24    24913.53    4    1
(advertise)    6    24923.72    0    24
(relay)    11    7    24943.33    24    24910.25    2    1
(advertise)    6    24945.53    7    24
(relay)    0    8    24986.54    24    24959.45    2    1
(advertise)    6    24986.74    8    24
(relay)    39    39    24998.55    24    24997.61    4    1
(advertise)    6    25007.75    39    24
(relay)    4    4    25022.17    26    25022.02    5    1
(advertise)    6    25029.77    4    26
(relay)    0    48    25052.58    25    25035.29    3    1
(advertise)    6    25052.98    48    25
(relay)    11    36    25114.59    25    25077.16    2    1
(advertise)    6    25114.79    36    25
(relay)    33    33    25166.21    25    25165.23    4    1
(advertise)    6    25166.41    33    25
(relay)    18    18    25177.02    25    25176.07    4    1
(advertise)    6    25188.82    18    25
(relay)    39    14    25209.03    25    25177.73    2    1
(relay)    4    17    25211.83    25    25184.82    3    2
(advertise)    6    25212.23    14    25
(advertise)    6    25234.25    17    25
(relay)    0    15    25311.46    25    25309.28    2    1
(advertise)    6    25311.66    15    25
(relay)    21    31    25318.67    25    25219.2    1    1
(relay)    21    2    25341.27    25    25278.38    1    1
(relay)    21    42    25406.27    25    25324.55    1    1
(relay)    4    37    25409.87    25    25406.62    2    1
(advertise)    6    25410.07    37    25
(relay)    11    11    25417.28    25    25416.78    4    1
(advertise)    6    25432.68    11    25
(relay)    11    46    25444.3    25    25442.94    3    1
(relay)    4    9    25452.7    25    25423.42    3    2
(advertise)    6    25454.1    46    25
(advertise)    6    25475.31    9    25
(relay)    45    45    25479.32    25    25479.16    5    1
(advertise)    6    25496.32    45    25
(relay)    39    38    25589.94    25    25585.95    1    1
(relay)    20    20    25604.14    25    25603.14    4    1
(advertise)    6    25604.34    20    25
(relay)    4    29    25629.55    25    25619.53    1    1
(relay)    21    16    25633.55    25    25595.69    1    1
(relay)    4    22    25649.95    25    25639.28    3    1
(advertise)    6    25650.15    22    25
(relay)    21    21    25718.16    25    25717.21    4    1
(advertise)    6    25718.36    21    25
(relay)    39    23    25738.98    25    25727.25    2    1
(advertise)    6    25741.98    23    25
(relay)    18    5    25784.79    25    25781.04    1    1
(relay)    39    12    25813.59    25    25803.86    1    1
(relay)    21    25    25858.79    25    25823.5    1    1
(relay)    18    10    25878.59    25    25877.04    2    1
(advertise)    6    25878.79    10    25
(relay)    11    32    25900.0    25    25885.66    4    1
(advertise)    6    25900.4    32    25
(generate)    6    25903.01    [3]    25
(relay)    0    0    25913.83    25    25913.7    4    1
(relay)    4    7    25920.83    25    25910.27    2    2
(advertise)    6    25922.83    0    25
(advertise)    6    25945.84    7    25
(relay)    0    8    25964.05    25    25959.62    2    1
(advertise)    6    25967.45    8    25
(relay)    39    39    25997.67    25    25997.62    4    1
(advertise)    6    25997.87    39    25
(relay)    4    4    26022.68    27    26022.19    5    1
(advertise)    6    26023.08    4    27
(relay)    4    48    26037.09    26    26035.88    4    1
(relay)    21    34    26045.29    26    26032.42    2    2
(advertise)    6    26047.29    48    26
(advertise)    6    26069.31    34    26
(relay)    4    41    26081.12    26    26059.7    2    1
(advertise)    6    26091.12    41    26
(relay)    4    36    26103.73    26    26077.18    2    1
(advertise)    6    26113.73    36    26
(relay)    4    19    26127.14    26    26106.76    1    1
(relay)    33    33    26166.34    26    26165.34    4    1
(advertise)    6    26166.54    33    26
(relay)    18    18    26176.36    26    26176.19    4    1
(advertise)    6    26189.36    18    26
(relay)    11    14    26208.77    26    26177.82    1    1
(relay)    4    17    26211.77    26    26184.82    3    1
(advertise)    6    26211.97    17    26
(relay)    21    31    26255.18    26    26219.26    1    1
(relay)    0    15    26311.38    26    26309.32    2    1
(advertise)    6    26311.58    15    26
(relay)    21    42    26349.0    26    26324.68    1    1
(relay)    4    37    26410.4    26    26406.67    2    1
(advertise)    6    26410.6    37    26
(relay)    11    11    26417.81    26    26416.89    4    1
(advertise)    6    26432.41    11    26
(relay)    11    46    26443.42    26    26443.02    3    1
(relay)    4    9    26454.42    26    26423.61    3    2
(advertise)    6    26455.62    46    26
(advertise)    6    26477.24    9    26
(relay)    45    45    26480.85    26    26480.28    5    1
(advertise)    6    26500.05    45    26
(relay)    39    44    26524.06    26    26495.08    1    1
(relay)    0    26    26540.46    26    26524.53    2    1
(advertise)    6    26540.66    26    26
(relay)    21    38    26590.47    26    26586.02    1    1
(relay)    20    20    26604.27    26    26603.27    4    1
(advertise)    6    26604.47    20    26
(relay)    39    29    26631.89    26    26619.58    1    1
(relay)    21    16    26635.89    26    26595.8    1    1
(relay)    4    22    26639.69    26    26639.31    3    1
(advertise)    6    26639.89    22    26
(relay)    21    21    26717.5    26    26717.39    4    1
(advertise)    6    26717.7    21    26
(relay)    39    23    26743.11    26    26727.42    1    1
(relay)    11    5    26783.51    26    26781.05    2    1
(advertise)    6    26783.71    5    26
(relay)    39    10    26878.73    26    26877.07    2    1
(advertise)    6    26878.93    10    26
(relay)    11    32    26898.74    26    26885.8    4    1
(advertise)    6    26901.74    32    26
(generate)    6    26903.15    [3]    26
(relay)    0    0    26913.97    26    26913.81    4    1
(relay)    33    7    26923.17    26    26910.28    2    2
(advertise)    6    26923.37    0    26
(advertise)    6    26945.78    7    26
(relay)    0    8    26981.39    26    26959.79    2    1
(advertise)    6    26981.59    8    26
(relay)    39    39    26997.8    26    26997.66    4    1
(advertise)    6    27005.0    39    26
(relay)    4    4    27022.82    28    27022.35    5    1
(advertise)    6    27027.22    4    28
(relay)    4    48    27037.63    27    27036.07    4    1
(relay)    39    34    27046.83    27    27032.54    2    2
(advertise)    6    27049.43    48    27
(advertise)    6    27070.44    34    27
(relay)    4    41    27080.66    27    27059.78    2    1
(advertise)    6    27091.46    41    27
(relay)    21    27    27097.87    26    26936.83    1    1
(relay)    4    36    27104.27    27    27077.2    3    1
(advertise)    6    27113.27    36    27
(relay)    33    33    27165.48    27    27165.46    4    1
(advertise)    6    27165.68    33    27
(relay)    18    18    27176.5    27    27176.32    4    1
(advertise)    6    27187.3    18    27
(relay)    4    17    27209.71    27    27185.01    3    1
(advertise)    6    27210.11    17    27
(relay)    0    14    27211.32    27    27177.88    1    1
(relay)    21    2    27280.72    27    27278.67    1    1
(relay)    4    15    27311.92    27    27309.39    2    1
(advertise)    6    27312.12    15    27
(relay)    4    42    27334.53    27    27324.83    1    1
(relay)    11    37    27410.73    27    27406.68    1    1
(relay)    11    11    27418.13    27    27417.04    4    1
(advertise)    6    27418.33    11    27
(relay)    11    46    27443.95    27    27443.09    3    1
(advertise)    6    27444.15    46    27
(relay)    4    9    27453.76    27    27423.8    3    1
(advertise)    6    27468.16    9    27
(relay)    45    45    27480.97    27    27480.39    5    1
(advertise)    6    27489.57    45    27
(relay)    39    26    27525.79    27    27524.61    1    1
(relay)    20    20    27604.39    27    27603.37    4    1
(advertise)    6    27604.59    20    27
(relay)    4    29    27627.4    27    27619.7    1    1
(relay)    21    16    27632.6    27    27595.97    1    1
(relay)    4    22    27650.2    27    27639.36    3    1
(advertise)    6    27650.4    22    27
(relay)    21    21    27717.41    27    27717.4    4    1
(advertise)    6    27717.61    21    27
(relay)    0    23    27739.43    27    27727.5    1    1
(relay)    39    5    27783.43    27    27781.05    2    1
(advertise)    6    27783.63    5    27
(relay)    21    12    27814.84    27    27803.96    1    1
(relay)    18    10    27878.64    27    27877.14    2    1
(advertise)    6    27878.84    10    27
(relay)    11    32    27899.45    27    27885.99    4    1
(advertise)    6    27900.85    32    27
(generate)    6    27903.26    [3]    27
(relay)    0    0    27914.48    27    27913.94    4    1
(advertise)    6    27923.88    0    27
(relay)    21    7    27925.09    27    27910.36    2    1
(advertise)    6    27946.69    7    27
(relay)    45    8    27987.9    27    27959.96    2    1
(advertise)    6    27988.1    8    27
(relay)    39    39    27997.92    27    27997.75    4    1
(advertise)    6    28010.32    39    27
(relay)    4    4    28023.13    29    28022.54    5    1
(advertise)    6    28033.53    4    29
(relay)    4    48    28038.54    28    28036.26    4    1
(relay)    39    34    28045.74    28    28032.67    2    2
(advertise)    6    28056.94    48    28
(relay)    45    41    28077.16    28    28059.87    2    2
(advertise)    6    28081.16    34    28
(relay)    21    27    28090.37    27    27936.89    1    2
(relay)    45    36    28101.77    28    28077.21    2    3
(advertise)    6    28102.57    41    28
(advertise)    6    28125.38    36    28
(relay)    33    33    28165.59    28    28165.55    4    1
(advertise)    6    28165.79    33    28
(relay)    18    18    28176.41    28    28176.4    4    1
(advertise)    6    28189.01    18    28
(relay)    0    17    28210.02    28    28185.2    2    1
(advertise)    6    28210.82    17    28
(relay)    21    14    28222.63    28    28177.97    1    1
(relay)    4    15    28311.83    28    28309.47    2    1
(advertise)    6    28312.03    15    28
(relay)    39    31    28333.05    28    28219.39    1    1
(relay)    39    42    28354.65    28    28325.96    1    1
(relay)    21    2    28356.25    28    28278.81    1    1
(relay)    21    30    28409.65    28    28301.28    1    1
(relay)    11    11    28418.25    28    28417.16    4    1
(advertise)    6    28418.45    11    28
(relay)    4    9    28440.26    28    28423.82    3    1
(advertise)    6    28442.06    9    28
(relay)    4    46    28462.67    28    28443.17    3    1
(advertise)    6    28465.67    46    28
(relay)    45    45    28481.09    28    28480.52    5    1
(advertise)    6    28487.49    45    28
(relay)    11    26    28540.9    28    28524.69    1    1
(relay)    21    38    28588.9    28    28586.14    1    1
(relay)    20    20    28604.5    28    28603.47    4    1
(advertise)    6    28604.7    20    28
(relay)    4    29    28626.11    28    28619.81    1    1
(relay)    39    16    28631.31    28    28596.11    1    1
(relay)    0    22    28641.51    28    28639.42    2    1
(advertise)    6    28641.71    22    28
(relay)    21    21    28717.52    28    28717.42    4    1
(advertise)    6    28717.72    21    28
(relay)    4    23    28743.54    28    28727.54    1    1
(heartbeat)    3    7    28746.28    6    28766.94    3    5
(advertise)    6    28767.14    3    7
(relay)    33    5    28787.15    28    28781.1    1    1
(relay)    21    12    28836.35    28    28804.01    1    1
(relay)    45    32    28886.95    28    28886.14    4    1
(advertise)    6    28887.15    32    28
(generate)    6    28903.36    [3]    28
(relay)    0    0    28914.58    28    28914.07    5    1
(advertise)    6    28914.98    0    28
(relay)    18    7    28943.79    28    28910.41    2    1
(advertise)    6    28943.99    7    28
(relay)    0    8    28976.0    28    28959.99    2    1
(advertise)    6    28976.2    8    28
(relay)    39    39    28998.42    28    28997.8    4    1
(advertise)    6    28998.62    39    28
(relay)    21    27    29010.23    28    28936.94    1    1
(relay)    4    4    29023.23    30    29022.72    5    1
(advertise)    6    29023.43    4    30
(relay)    4    48    29039.64    29    29037.08    4    1
(advertise)    6    29045.24    48    29
(relay)    39    34    29079.05    29    29032.87    1    1
(relay)    4    41    29092.85    29    29060.01    3    1
(advertise)    6    29093.05    41    29
(relay)    33    33    29165.67    29    29165.66    4    1
(advertise)    6    29165.87    33    29
(relay)    18    18    29177.08    29    29176.5    4    1
(advertise)    6    29188.48    18    29
(relay)    39    14    29209.49    29    29178.05    2    1
(advertise)    6    29209.69    14    29
(relay)    45    17    29212.31    29    29185.21    2    1
(advertise)    6    29233.71    17    29
(relay)    4    36    29235.52    29    29077.25    2    1
(advertise)    6    29256.92    36    29
(relay)    39    19    29274.53    29    29107.2    1    1
(relay)    0    15    29313.13    29    29309.6    2    1
(advertise)    6    29313.33    15    29
(relay)    21    42    29363.95    29    29326.14    1    1
(relay)    39    30    29387.35    29    29301.29    1    1
(relay)    4    37    29410.55    29    29406.73    1    1
(relay)    11    11    29417.35    29    29417.29    4    1
(advertise)    6    29417.55    11    29
(relay)    39    9    29439.36    29    29423.82    3    1
(advertise)    6    29440.96    9    29
(relay)    0    46    29462.37    29    29443.22    3    1
(advertise)    6    29463.97    46    29
(relay)    45    45    29481.58    29    29480.62    5    1
(advertise)    6    29485.18    45    29
(relay)    0    44    29519.2    29    29495.17    1    1
(relay)    0    26    29543.0    29    29524.77    2    1
(advertise)    6    29543.2    26    29
(relay)    39    38    29589.21    29    29586.21    1    1
(relay)    20    20    29603.61    29    29603.59    4    1
(advertise)    6    29603.81    20    29
(relay)    4    29    29627.82    29    29619.97    1    1
(relay)    39    16    29632.62    29    29596.28    1    1
(relay)    4    22    29650.02    29    29639.52    3    1
(advertise)    6    29650.22    22    29
(relay)    21    21    29718.04    29    29717.43    4    1
(advertise)    6    29718.24    21    29
(relay)    4    23    29742.85    29    29727.59    1    1
(relay)    0    5    29781.65    29    29781.17    2    1
(advertise)    6    29781.85    5    29
(relay)    21    12    29838.06    29    29804.05    1    1
(relay)    21    10    29877.46    29    29877.25    2    1
(advertise)    6    29877.66    10    29
(relay)    45    32    29887.28    29    29886.3    4    1
(advertise)    6    29899.88    32    29
(generate)    6    29903.49    [3]    29
(relay)    0    0    29914.7    29    29914.22    5    1
(advertise)    6    29922.1    0    29
(relay)    33    7    29943.51    29    29910.45    2    1
(advertise)    6    29944.51    7    29
(relay)    0    8    29977.53    29    29959.99    2    1
(advertise)    6    29977.73    8    29
(relay)    39    39    29998.34    29    29997.86    4    1
(advertise)    6    29999.74    39    29
